300.000000 0.000000 0.000000 0.000000 0.000000 0.000000 0.000000 -34189.671416 954.204517
300.000000 0.002000 0.002000 0.002000 0.000000 0.000000 0.000000 -34018.699403 997.305524
300.000000 0.004000 0.004000 0.004000 0.000000 0.000000 0.000000 -34043.058112 901.940006
300.000000 0.006000 0.006000 0.006000 0.000000 0.000000 0.000000 -34075.441246 938.829311
300.000000 0.008000 0.008000 0.008000 0.000000 0.000000 0.000000 -34233.282420 923.021764
300.000000 0.010000 0.010000 0.010000 0.000000 0.000000 0.000000 -34070.819151 920.807830
300.000000 0.012000 0.012000 0.012000 0.000000 0.000000 0.000000 -34096.675582 996.859928
300.000000 0.014000 0.014000 0.014000 0.000000 0.000000 0.000000 -34129.093876 874.476046
300.000000 0.016000 0.016000 0.016000 0.000000 0.000000 0.000000 -34175.683977 832.038081
300.000000 0.018000 0.018000 0.018000 0.000000 0.000000 0.000000 -34172.623223 802.632306
300.000000 0.020000 0.020000 0.020000 0.000000 0.000000 0.000000 -34255.465461 772.385955
300.000000 0.022000 0.022000 0.022000 0.000000 0.000000 0.000000 -34273.185390 951.650541
300.000000 0.024000 0.024000 0.024000 0.000000 0.000000 0.000000 -34257.782642 898.254358
300.000000 0.026000 0.026000 0.026000 0.000000 0.000000 0.000000 -34130.865122 910.752892
300.000000 0.028000 0.028000 0.028000 0.000000 0.000000 0.000000 -34127.691813 930.668106
300.000000 0.030000 0.030000 0.030000 0.000000 0.000000 0.000000 -34125.702746 923.491498
300.000000 0.032000 0.032000 0.032000 0.000000 0.000000 0.000000 -34200.199511 877.254073
300.000000 0.034000 0.034000 0.034000 0.000000 0.000000 0.000000 -34075.414644 906.342459
300.000000 0.036000 0.036000 0.036000 0.000000 0.000000 0.000000 -34126.188908 920.126454
300.000000 0.038000 0.038000 0.038000 0.000000 0.000000 0.000000 -34121.606539 888.529373
300.000000 0.040000 0.040000 0.040000 0.000000 0.000000 0.000000 -33963.398407 908.847055
300.000000 0.042000 0.042000 0.042000 0.000000 0.000000 0.000000 -34059.210504 928.529378
300.000000 0.044000 0.044000 0.044000 0.000000 0.000000 0.000000 -34055.426670 911.943911
300.000000 0.046000 0.046000 0.046000 0.000000 0.000000 0.000000 -34006.298356 939.572045
300.000000 0.048000 0.048000 0.048000 0.000000 0.000000 0.000000 -34104.595296 891.922112
300.000000 0.050000 0.050000 0.050000 0.000000 0.000000 0.000000 -34184.328627 910.568687
300.000000 0.052000 0.052000 0.052000 0.000000 0.000000 0.000000 -34177.128273 953.664053
300.000000 0.054000 0.054000 0.054000 0.000000 0.000000 0.000000 -34132.613652 946.568102
300.000000 0.056000 0.056000 0.056000 0.000000 0.000000 0.000000 -34194.861546 896.572491
300.000000 0.058000 0.058000 0.058000 0.000000 0.000000 0.000000 -34087.530246 942.184880
300.000000 0.060000 0.060000 0.060000 0.000000 0.000000 0.000000 -34072.987913 959.467622
300.000000 0.062000 0.062000 0.062000 0.000000 0.000000 0.000000 -34020.301557 965.082728
300.000000 0.064000 0.064000 0.064000 0.000000 0.000000 0.000000 -34057.093032 914.301930
300.000000 0.066000 0.066000 0.066000 0.000000 0.000000 0.000000 -34156.809444 902.014188
300.000000 0.068000 0.068000 0.068000 0.000000 0.000000 0.000000 -34074.922327 899.840205
300.000000 0.070000 0.070000 0.070000 0.000000 0.000000 0.000000 -34009.097184 896.544998
300.000000 0.072000 0.072000 0.072000 0.000000 0.000000 0.000000 -34039.534573 896.740731
300.000000 0.074000 0.074000 0.074000 0.000000 0.000000 0.000000 -34117.553545 897.331305
300.000000 0.076000 0.076000 0.076000 0.000000 0.000000 0.000000 -34118.946734 968.799252
300.000000 0.078000 0.078000 0.078000 0.000000 0.000000 0.000000 -34013.236998 915.889348
300.000000 0.080000 0.080000 0.080000 0.000000 0.000000 0.000000 -34015.172791 940.402952
300.000000 0.082000 0.082000 0.082000 0.000000 0.000000 0.000000 -33945.428832 939.332183
300.000000 0.084000 0.084000 0.084000 0.000000 0.000000 0.000000 -33941.836376 911.858841
300.000000 0.086000 0.086000 0.086000 0.000000 0.000000 0.000000 -33986.635690 929.851419
300.000000 0.088000 0.088000 0.088000 0.000000 0.000000 0.000000 -33947.042203 869.721449
300.000000 0.090000 0.090000 0.090000 0.000000 0.000000 0.000000 -34011.486874 904.426847
300.000000 0.092000 0.092000 0.092000 0.000000 0.000000 0.000000 -34091.981525 896.809034
300.000000 0.094000 0.094000 0.094000 0.000000 0.000000 0.000000 -34154.158993 725.409957
300.000000 0.096000 0.096000 0.096000 0.000000 0.000000 0.000000 -34048.987047 737.579226
300.000000 0.098000 0.098000 0.098000 0.000000 0.000000 0.000000 -34051.156994 715.579249
300.000000 0.100000 0.100000 0.100000 0.000000 0.000000 0.000000 -34138.234800 86.495949
300.000000 0.102000 0.102000 0.102000 0.000000 0.000000 0.000000 -34156.192120 79.508329
300.000000 0.104000 0.104000 0.104000 0.000000 0.000000 0.000000 -34176.258545 89.814164
300.000000 0.106000 0.106000 0.106000 0.000000 0.000000 0.000000 -34241.920792 64.714726
300.000000 0.108000 0.108000 0.108000 0.000000 0.000000 0.000000 -34235.558468 102.559372
300.000000 0.110000 0.110000 0.110000 0.000000 0.000000 0.000000 -34118.763928 76.268710
300.000000 0.112000 0.112000 0.112000 0.000000 0.000000 0.000000 -34167.491887 72.769776
300.000000 0.114000 0.114000 0.114000 0.000000 0.000000 0.000000 -34104.420060 53.055471
300.000000 0.116000 0.116000 0.116000 0.000000 0.000000 0.000000 -34203.613387 64.957300
300.000000 0.118000 0.118000 0.118000 0.000000 0.000000 0.000000 -34053.352208 75.156808
300.000000 0.120000 0.120000 0.120000 0.000000 0.000000 0.000000 -34019.723855 60.203211
300.000000 0.122000 0.122000 0.122000 0.000000 0.000000 0.000000 -33949.423184 77.400829
300.000000 0.124000 0.124000 0.124000 0.000000 0.000000 0.000000 -34042.624645 63.557436
300.000000 0.126000 0.126000 0.126000 0.000000 0.000000 0.000000 -34179.137149 58.364066
300.000000 0.128000 0.128000 0.128000 0.000000 0.000000 0.000000 -34027.905835 64.478144
300.000000 0.130000 0.130000 0.130000 0.000000 0.000000 0.000000 -34126.307498 55.722626
300.000000 0.132000 0.132000 0.132000 0.000000 0.000000 0.000000 -34247.813978 34.980339
300.000000 0.134000 0.134000 0.134000 0.000000 0.000000 0.000000 -34168.156049 46.620926
300.000000 0.136000 0.136000 0.136000 0.000000 0.000000 0.000000 -34103.806019 46.137225
300.000000 0.138000 0.138000 0.138000 0.000000 0.000000 0.000000 -34186.005115 29.786372
300.000000 0.140000 0.140000 0.140000 0.000000 0.000000 0.000000 -34241.663636 48.185596
300.000000 0.142000 0.142000 0.142000 0.000000 0.000000 0.000000 -34282.432343 76.398337
300.000000 0.144000 0.144000 0.144000 0.000000 0.000000 0.000000 -34235.640479 60.925712
300.000000 0.146000 0.146000 0.146000 0.000000 0.000000 0.000000 -34174.583055 59.073505
300.000000 0.148000 0.148000 0.148000 0.000000 0.000000 0.000000 -34246.452139 58.294703
300.000000 0.150000 0.150000 0.150000 0.000000 0.000000 0.000000 -34260.933992 59.889483
300.000000 0.152000 0.152000 0.152000 0.000000 0.000000 0.000000 -34159.175319 35.124704
300.000000 0.154000 0.154000 0.154000 0.000000 0.000000 0.000000 -34087.173651 39.585728
300.000000 0.156000 0.156000 0.156000 0.000000 0.000000 0.000000 -34221.908531 45.417172
300.000000 0.158000 0.158000 0.158000 0.000000 0.000000 0.000000 -34171.208298 46.213853
300.000000 0.160000 0.160000 0.160000 0.000000 0.000000 0.000000 -34219.699469 49.663200
300.000000 0.162000 0.162000 0.162000 0.000000 0.000000 0.000000 -34070.443545 34.666795
300.000000 0.164000 0.164000 0.164000 0.000000 0.000000 0.000000 -34147.099243 35.149948
300.000000 0.166000 0.166000 0.166000 0.000000 0.000000 0.000000 -34108.631435 36.684571
300.000000 0.168000 0.168000 0.168000 0.000000 0.000000 0.000000 -34076.279508 40.574542
300.000000 0.170000 0.170000 0.170000 0.000000 0.000000 0.000000 -34086.853847 42.524924
300.000000 0.172000 0.172000 0.172000 0.000000 0.000000 0.000000 -34031.808746 32.740444
300.000000 0.174000 0.174000 0.174000 0.000000 0.000000 0.000000 -34102.795616 38.756678
300.000000 0.176000 0.176000 0.176000 0.000000 0.000000 0.000000 -34101.600432 37.623224
300.000000 0.178000 0.178000 0.178000 0.000000 0.000000 0.000000 -34098.759195 34.349673
300.000000 0.180000 0.180000 0.180000 0.000000 0.000000 0.000000 -34058.683904 16.617272
300.000000 0.182000 0.182000 0.182000 0.000000 0.000000 0.000000 -34189.093879 31.647522
300.000000 0.184000 0.184000 0.184000 0.000000 0.000000 0.000000 -34188.032369 31.070574
300.000000 0.186000 0.186000 0.186000 0.000000 0.000000 0.000000 -34291.857799 30.647702
300.000000 0.188000 0.188000 0.188000 0.000000 0.000000 0.000000 -34155.072159 13.064421
300.000000 0.190000 0.190000 0.190000 0.000000 0.000000 0.000000 -34190.163732 33.228773
300.000000 0.192000 0.192000 0.192000 0.000000 0.000000 0.000000 -34144.752910 30.309340
300.000000 0.194000 0.194000 0.194000 0.000000 0.000000 0.000000 -34119.541201 33.994538
300.000000 0.196000 0.196000 0.196000 0.000000 0.000000 0.000000 -34191.698769 64.193769
300.000000 0.198000 0.198000 0.198000 0.000000 0.000000 0.000000 -34116.119471 50.675621
300.000000 0.200000 0.200000 0.200000 0.000000 0.000000 0.000000 -34038.619778 44.781510
300.000000 0.202000 0.202000 0.202000 0.000000 0.000000 0.000000 -34034.810646 43.693910
300.000000 0.204000 0.204000 0.204000 0.000000 0.000000 0.000000 -34183.418302 15.198026
300.000000 0.206000 0.206000 0.206000 0.000000 0.000000 0.000000 -34120.779015 29.442758
300.000000 0.208000 0.208000 0.208000 0.000000 0.000000 0.000000 -34088.284978 42.196757
300.000000 0.210000 0.210000 0.210000 0.000000 0.000000 0.000000 -34065.884879 34.661865
300.000000 0.212000 0.212000 0.212000 0.000000 0.000000 0.000000 -34205.775670 37.705013
300.000000 0.214000 0.214000 0.214000 0.000000 0.000000 0.000000 -34120.897329 14.718878
300.000000 0.216000 0.216000 0.216000 0.000000 0.000000 0.000000 -34180.450122 17.202002
300.000000 0.218000 0.218000 0.218000 0.000000 0.000000 0.000000 -34137.071769 33.983429
300.000000 0.220000 0.220000 0.220000 0.000000 0.000000 0.000000 -34152.199704 18.845063
300.000000 0.222000 0.222000 0.222000 0.000000 0.000000 0.000000 -34114.830036 30.041551
300.000000 0.224000 0.224000 0.224000 0.000000 0.000000 0.000000 -34201.751341 26.257337
300.000000 0.226000 0.226000 0.226000 0.000000 0.000000 0.000000 -34266.948862 35.126221
300.000000 0.228000 0.228000 0.228000 0.000000 0.000000 0.000000 -34225.098890 35.773064
300.000000 0.230000 0.230000 0.230000 0.000000 0.000000 0.000000 -34056.583770 23.737520
300.000000 0.232000 0.232000 0.232000 0.000000 0.000000 0.000000 -34144.818069 26.526601
300.000000 0.234000 0.234000 0.234000 0.000000 0.000000 0.000000 -34129.086513 37.471994
300.000000 0.236000 0.236000 0.236000 0.000000 0.000000 0.000000 -34215.912062 33.558677
300.000000 0.238000 0.238000 0.238000 0.000000 0.000000 0.000000 -34238.961303 28.938324
300.000000 0.240000 0.240000 0.240000 0.000000 0.000000 0.000000 -34195.320234 1.826510
300.000000 0.242000 0.242000 0.242000 0.000000 0.000000 0.000000 -34176.655849 23.735634
300.000000 0.244000 0.244000 0.244000 0.000000 0.000000 0.000000 -34172.420308 29.720397
300.000000 0.246000 0.246000 0.246000 0.000000 0.000000 0.000000 -34014.135984 38.212223
300.000000 0.248000 0.248000 0.248000 0.000000 0.000000 0.000000 -33972.917819 46.837489
300.000000 0.250000 0.250000 0.250000 0.000000 0.000000 0.000000 -33982.576052 27.610155
300.000000 0.252000 0.252000 0.252000 0.000000 0.000000 0.000000 -34086.577736 8.299359
300.000000 0.254000 0.254000 0.254000 0.000000 0.000000 0.000000 -34125.257698 31.418036
300.000000 0.256000 0.256000 0.256000 0.000000 0.000000 0.000000 -34080.194076 25.479407
300.000000 0.258000 0.258000 0.258000 0.000000 0.000000 0.000000 -34190.322921 43.533550
300.000000 0.260000 0.260000 0.260000 0.000000 0.000000 0.000000 -34067.728591 23.219381
300.000000 0.262000 0.262000 0.262000 0.000000 0.000000 0.000000 -34154.394289 38.724866
300.000000 0.264000 0.264000 0.264000 0.000000 0.000000 0.000000 -34163.923335 36.198412
300.000000 0.266000 0.266000 0.266000 0.000000 0.000000 0.000000 -34147.370414 15.931915
300.000000 0.268000 0.268000 0.268000 0.000000 0.000000 0.000000 -34119.875996 23.283691
300.000000 0.270000 0.270000 0.270000 0.000000 0.000000 0.000000 -34094.318969 24.388094
300.000000 0.272000 0.272000 0.272000 0.000000 0.000000 0.000000 -34166.480486 13.546873
300.000000 0.274000 0.274000 0.274000 0.000000 0.000000 0.000000 -34123.496290 30.347997
300.000000 0.276000 0.276000 0.276000 0.000000 0.000000 0.000000 -34138.312821 25.173415
300.000000 0.278000 0.278000 0.278000 0.000000 0.000000 0.000000 -34122.835720 38.500961
300.000000 0.280000 0.280000 0.280000 0.000000 0.000000 0.000000 -34278.215789 18.280297
300.000000 0.282000 0.282000 0.282000 0.000000 0.000000 0.000000 -34320.440678 33.425116
300.000000 0.284000 0.284000 0.284000 0.000000 0.000000 0.000000 -34224.957041 27.127307
300.000000 0.286000 0.286000 0.286000 0.000000 0.000000 0.000000 -34176.787507 10.858448
300.000000 0.288000 0.288000 0.288000 0.000000 0.000000 0.000000 -34211.450999 15.620800
300.000000 0.290000 0.290000 0.290000 0.000000 0.000000 0.000000 -34360.343585 13.690670
300.000000 0.292000 0.292000 0.292000 0.000000 0.000000 0.000000 -34186.082331 13.771328
300.000000 0.294000 0.294000 0.294000 0.000000 0.000000 0.000000 -34102.170020 12.105236
300.000000 0.296000 0.296000 0.296000 0.000000 0.000000 0.000000 -34152.636093 22.493291
300.000000 0.298000 0.298000 0.298000 0.000000 0.000000 0.000000 -34179.559430 16.525073
300.000000 0.300000 0.300000 0.300000 0.000000 0.000000 0.000000 -34124.738094 27.584409
300.000000 0.302000 0.302000 0.302000 0.000000 0.000000 0.000000 -34064.850700 9.893410
300.000000 0.304000 0.304000 0.304000 0.000000 0.000000 0.000000 -34144.285472 17.217224
300.000000 0.306000 0.306000 0.306000 0.000000 0.000000 0.000000 -34058.257087 5.742368
300.000000 0.308000 0.308000 0.308000 0.000000 0.000000 0.000000 -34125.041927 12.336106
300.000000 0.310000 0.310000 0.310000 0.000000 0.000000 0.000000 -34056.733804 14.742086
300.000000 0.312000 0.312000 0.312000 0.000000 0.000000 0.000000 -34130.852300 14.334932
300.000000 0.314000 0.314000 0.314000 0.000000 0.000000 0.000000 -34093.600245 31.057487
300.000000 0.316000 0.316000 0.316000 0.000000 0.000000 0.000000 -34090.443439 20.352436
300.000000 0.318000 0.318000 0.318000 0.000000 0.000000 0.000000 -34221.153598 17.853322
300.000000 0.320000 0.320000 0.320000 0.000000 0.000000 0.000000 -34088.386197 27.555931
300.000000 0.322000 0.322000 0.322000 0.000000 0.000000 0.000000 -34142.258884 18.827500
300.000000 0.324000 0.324000 0.324000 0.000000 0.000000 0.000000 -34037.775732 7.367378
300.000000 0.326000 0.326000 0.326000 0.000000 0.000000 0.000000 -34031.882829 9.728302
300.000000 0.328000 0.328000 0.328000 0.000000 0.000000 0.000000 -34176.821215 7.930140
300.000000 0.330000 0.330000 0.330000 0.000000 0.000000 0.000000 -34173.029446 12.951016
300.000000 0.332000 0.332000 0.332000 0.000000 0.000000 0.000000 -34149.500759 -0.312395
300.000000 0.334000 0.334000 0.334000 0.000000 0.000000 0.000000 -34052.184605 6.882968
300.000000 0.336000 0.336000 0.336000 0.000000 0.000000 0.000000 -34020.042951 16.878556
300.000000 0.338000 0.338000 0.338000 0.000000 0.000000 0.000000 -34158.673748 6.783591
300.000000 0.340000 0.340000 0.340000 0.000000 0.000000 0.000000 -34102.715096 10.860216
300.000000 0.342000 0.342000 0.342000 0.000000 0.000000 0.000000 -34324.508780 7.671774
300.000000 0.344000 0.344000 0.344000 0.000000 0.000000 0.000000 -34190.787938 -6.030676
300.000000 0.346000 0.346000 0.346000 0.000000 0.000000 0.000000 -34271.430059 14.768824
300.000000 0.348000 0.348000 0.348000 0.000000 0.000000 0.000000 -34208.023096 4.715975
300.000000 0.350000 0.350000 0.350000 0.000000 0.000000 0.000000 -34133.478882 10.430764
300.000000 0.352000 0.352000 0.352000 0.000000 0.000000 0.000000 -34253.787033 17.310937
300.000000 0.354000 0.354000 0.354000 0.000000 0.000000 0.000000 -34215.007807 20.858043
300.000000 0.356000 0.356000 0.356000 0.000000 0.000000 0.000000 -34136.724108 1.192949
300.000000 0.358000 0.358000 0.358000 0.000000 0.000000 0.000000 -34150.264032 16.908136
300.000000 0.360000 0.360000 0.360000 0.000000 0.000000 0.000000 -34109.355705 19.173235
300.000000 0.362000 0.362000 0.362000 0.000000 0.000000 0.000000 -34104.686239 8.763064
300.000000 0.364000 0.364000 0.364000 0.000000 0.000000 0.000000 -34036.279250 7.473014
300.000000 0.366000 0.366000 0.366000 0.000000 0.000000 0.000000 -34040.252611 21.888600
300.000000 0.368000 0.368000 0.368000 0.000000 0.000000 0.000000 -34080.892217 3.318633
300.000000 0.370000 0.370000 0.370000 0.000000 0.000000 0.000000 -34024.663451 0.711317
300.000000 0.372000 0.372000 0.372000 0.000000 0.000000 0.000000 -34014.975736 13.277817
300.000000 0.374000 0.374000 0.374000 0.000000 0.000000 0.000000 -34100.535843 25.161394
300.000000 0.376000 0.376000 0.376000 0.000000 0.000000 0.000000 -34109.590196 11.446747
300.000000 0.378000 0.378000 0.378000 0.000000 0.000000 0.000000 -33938.080597 11.170485
300.000000 0.380000 0.380000 0.380000 0.000000 0.000000 0.000000 -34020.203755 11.837424
300.000000 0.382000 0.382000 0.382000 0.000000 0.000000 0.000000 -34135.747697 10.626332
300.000000 0.384000 0.384000 0.384000 0.000000 0.000000 0.000000 -34022.974178 11.633445
300.000000 0.386000 0.386000 0.386000 0.000000 0.000000 0.000000 -34026.790028 -10.432167
300.000000 0.388000 0.388000 0.388000 0.000000 0.000000 0.000000 -34007.800893 13.132496
300.000000 0.390000 0.390000 0.390000 0.000000 0.000000 0.000000 -34092.744393 -0.058535
300.000000 0.392000 0.392000 0.392000 0.000000 0.000000 0.000000 -34156.379426 -2.598788
300.000000 0.394000 0.394000 0.394000 0.000000 0.000000 0.000000 -34076.147274 17.713436
300.000000 0.396000 0.396000 0.396000 0.000000 0.000000 0.000000 -34024.342805 5.952391
300.000000 0.398000 0.398000 0.398000 0.000000 0.000000 0.000000 -34132.073508 -3.343197
300.000000 0.400000 0.400000 0.400000 0.000000 0.000000 0.000000 -34078.923447 12.818132
300.000000 0.402000 0.402000 0.402000 0.000000 0.000000 0.000000 -34238.665862 10.474921
300.000000 0.404000 0.404000 0.404000 0.000000 0.000000 0.000000 -34242.139325 -1.641260
300.000000 0.406000 0.406000 0.406000 0.000000 0.000000 0.000000 -34348.240853 14.259430
300.000000 0.408000 0.408000 0.408000 0.000000 0.000000 0.000000 -34243.482485 2.569696
300.000000 0.410000 0.410000 0.410000 0.000000 0.000000 0.000000 -34322.364151 10.086093
300.000000 0.412000 0.412000 0.412000 0.000000 0.000000 0.000000 -34139.391479 5.287097
300.000000 0.414000 0.414000 0.414000 0.000000 0.000000 0.000000 -34243.057525 -15.044149
300.000000 0.416000 0.416000 0.416000 0.000000 0.000000 0.000000 -34080.864518 -15.488879
300.000000 0.418000 0.418000 0.418000 0.000000 0.000000 0.000000 -34092.602309 -1.538404
300.000000 0.420000 0.420000 0.420000 0.000000 0.000000 0.000000 -34122.351296 2.225013
300.000000 0.422000 0.422000 0.422000 0.000000 0.000000 0.000000 -34128.124931 11.946206
300.000000 0.424000 0.424000 0.424000 0.000000 0.000000 0.000000 -34276.945599 -0.991779
300.000000 0.426000 0.426000 0.426000 0.000000 0.000000 0.000000 -34226.077335 12.538525
300.000000 0.428000 0.428000 0.428000 0.000000 0.000000 0.000000 -34139.465450 -5.337230
300.000000 0.430000 0.430000 0.430000 0.000000 0.000000 0.000000 -34118.808561 3.481101
300.000000 0.432000 0.432000 0.432000 0.000000 0.000000 0.000000 -34186.057869 6.237087
300.000000 0.434000 0.434000 0.434000 0.000000 0.000000 0.000000 -34204.993742 -0.133725
300.000000 0.436000 0.436000 0.436000 0.000000 0.000000 0.000000 -34200.422092 8.685116
300.000000 0.438000 0.438000 0.438000 0.000000 0.000000 0.000000 -34174.782464 11.478690
300.000000 0.440000 0.440000 0.440000 0.000000 0.000000 0.000000 -34120.352231 10.516109
300.000000 0.442000 0.442000 0.442000 0.000000 0.000000 0.000000 -34184.493296 5.255132
300.000000 0.444000 0.444000 0.444000 0.000000 0.000000 0.000000 -34154.390576 0.906544
300.000000 0.446000 0.446000 0.446000 0.000000 0.000000 0.000000 -34155.125314 -3.471525
300.000000 0.448000 0.448000 0.448000 0.000000 0.000000 0.000000 -34134.116872 -9.853797
300.000000 0.450000 0.450000 0.450000 0.000000 0.000000 0.000000 -34184.427848 -5.594115
300.000000 0.452000 0.452000 0.452000 0.000000 0.000000 0.000000 -34230.435910 -7.262635
300.000000 0.454000 0.454000 0.454000 0.000000 0.000000 0.000000 -34161.726899 -2.143891
300.000000 0.456000 0.456000 0.456000 0.000000 0.000000 0.000000 -34136.343213 0.163278
300.000000 0.458000 0.458000 0.458000 0.000000 0.000000 0.000000 -34023.663374 -3.653319
300.000000 0.460000 0.460000 0.460000 0.000000 0.000000 0.000000 -34085.614609 -14.660689
300.000000 0.462000 0.462000 0.462000 0.000000 0.000000 0.000000 -34213.916115 -1.920988
300.000000 0.464000 0.464000 0.464000 0.000000 0.000000 0.000000 -34184.751664 8.438226
300.000000 0.466000 0.466000 0.466000 0.000000 0.000000 0.000000 -34204.243054 -3.835874
300.000000 0.468000 0.468000 0.468000 0.000000 0.000000 0.000000 -34196.535395 -1.742905
300.000000 0.470000 0.470000 0.470000 0.000000 0.000000 0.000000 -34232.411725 9.911874
300.000000 0.472000 0.472000 0.472000 0.000000 0.000000 0.000000 -34054.183423 -0.815112
300.000000 0.474000 0.474000 0.474000 0.000000 0.000000 0.000000 -34231.144143 17.103485
300.000000 0.476000 0.476000 0.476000 0.000000 0.000000 0.000000 -34167.277002 -15.877915
300.000000 0.478000 0.478000 0.478000 0.000000 0.000000 0.000000 -34144.026621 2.423085
300.000000 0.480000 0.480000 0.480000 0.000000 0.000000 0.000000 -34104.198662 14.594243
300.000000 0.482000 0.482000 0.482000 0.000000 0.000000 0.000000 -34137.906614 5.181233
300.000000 0.484000 0.484000 0.484000 0.000000 0.000000 0.000000 -34297.579064 -3.040209
300.000000 0.486000 0.486000 0.486000 0.000000 0.000000 0.000000 -34226.817049 16.882175
300.000000 0.488000 0.488000 0.488000 0.000000 0.000000 0.000000 -34210.088881 0.079576
300.000000 0.490000 0.490000 0.490000 0.000000 0.000000 0.000000 -34215.495222 -7.065218
300.000000 0.492000 0.492000 0.492000 0.000000 0.000000 0.000000 -34231.993667 14.225038
300.000000 0.494000 0.494000 0.494000 0.000000 0.000000 0.000000 -34280.610632 13.587089
300.000000 0.496000 0.496000 0.496000 0.000000 0.000000 0.000000 -34286.849388 -10.947318
300.000000 0.498000 0.498000 0.498000 0.000000 0.000000 0.000000 -34313.083015 -11.884987
