300.000000 0.000000 0.000000 0.000000 0.000000 0.000000 0.000000 -36987.432207 969.748079
300.000000 0.002000 0.002000 0.002000 0.000000 0.000000 0.000000 -36884.237265 906.912071
300.000000 0.004000 0.004000 0.004000 0.000000 0.000000 0.000000 -36918.304233 865.349181
300.000000 0.006000 0.006000 0.006000 0.000000 0.000000 0.000000 -36807.776334 895.434633
300.000000 0.008000 0.008000 0.008000 0.000000 0.000000 0.000000 -36894.944256 941.305030
300.000000 0.010000 0.010000 0.010000 0.000000 0.000000 0.000000 -36885.902709 875.615772
300.000000 0.012000 0.012000 0.012000 0.000000 0.000000 0.000000 -36898.316046 972.606385
300.000000 0.014000 0.014000 0.014000 0.000000 0.000000 0.000000 -36765.287962 821.126128
300.000000 0.016000 0.016000 0.016000 0.000000 0.000000 0.000000 -36739.903830 926.343062
300.000000 0.018000 0.018000 0.018000 0.000000 0.000000 0.000000 -36927.761084 893.568114
300.000000 0.020000 0.020000 0.020000 0.000000 0.000000 0.000000 -36934.532266 789.683618
300.000000 0.022000 0.022000 0.022000 0.000000 0.000000 0.000000 -36802.608205 681.778010
300.000000 0.024000 0.024000 0.024000 0.000000 0.000000 0.000000 -36906.993453 634.534696
300.000000 0.026000 0.026000 0.026000 0.000000 0.000000 0.000000 -36759.075388 694.371847
300.000000 0.028000 0.028000 0.028000 0.000000 0.000000 0.000000 -36966.657103 741.859804
300.000000 0.030000 0.030000 0.030000 0.000000 0.000000 0.000000 -36845.587935 777.533998
300.000000 0.032000 0.032000 0.032000 0.000000 0.000000 0.000000 -36923.867474 729.869970
300.000000 0.034000 0.034000 0.034000 0.000000 0.000000 0.000000 -37006.826789 730.442700
300.000000 0.036000 0.036000 0.036000 0.000000 0.000000 0.000000 -36873.747280 723.155715
300.000000 0.038000 0.038000 0.038000 0.000000 0.000000 0.000000 -36866.067999 764.160254
300.000000 0.040000 0.040000 0.040000 0.000000 0.000000 0.000000 -36886.796165 596.621022
300.000000 0.042000 0.042000 0.042000 0.000000 0.000000 0.000000 -36845.949494 668.642408
300.000000 0.044000 0.044000 0.044000 0.000000 0.000000 0.000000 -36826.113532 101.470802
300.000000 0.046000 0.046000 0.046000 0.000000 0.000000 0.000000 -36949.913788 125.669588
300.000000 0.048000 0.048000 0.048000 0.000000 0.000000 0.000000 -36968.467369 156.424759
300.000000 0.050000 0.050000 0.050000 0.000000 0.000000 0.000000 -36912.652103 108.011791
300.000000 0.052000 0.052000 0.052000 0.000000 0.000000 0.000000 -37000.044009 60.924668
300.000000 0.054000 0.054000 0.054000 0.000000 0.000000 0.000000 -37038.405972 52.426540
300.000000 0.056000 0.056000 0.056000 0.000000 0.000000 0.000000 -36979.842350 51.889530
300.000000 0.058000 0.058000 0.058000 0.000000 0.000000 0.000000 -36909.418393 66.322143
300.000000 0.060000 0.060000 0.060000 0.000000 0.000000 0.000000 -36970.865707 41.363434
300.000000 0.062000 0.062000 0.062000 0.000000 0.000000 0.000000 -37068.608168 48.793636
300.000000 0.064000 0.064000 0.064000 0.000000 0.000000 0.000000 -37102.586104 59.808863
300.000000 0.066000 0.066000 0.066000 0.000000 0.000000 0.000000 -37026.639647 20.991486
300.000000 0.068000 0.068000 0.068000 0.000000 0.000000 0.000000 -37003.258845 22.239773
300.000000 0.070000 0.070000 0.070000 0.000000 0.000000 0.000000 -37068.997228 22.734698
300.000000 0.072000 0.072000 0.072000 0.000000 0.000000 0.000000 -37024.829240 24.465662
300.000000 0.074000 0.074000 0.074000 0.000000 0.000000 0.000000 -37101.733039 30.011958
300.000000 0.076000 0.076000 0.076000 0.000000 0.000000 0.000000 -36965.996126 36.586635
300.000000 0.078000 0.078000 0.078000 0.000000 0.000000 0.000000 -36869.618634 26.815664
300.000000 0.080000 0.080000 0.080000 0.000000 0.000000 0.000000 -36884.621199 35.022876
300.000000 0.082000 0.082000 0.082000 0.000000 0.000000 0.000000 -36808.814858 35.987521
300.000000 0.084000 0.084000 0.084000 0.000000 0.000000 0.000000 -36837.656760 4.662045
300.000000 0.086000 0.086000 0.086000 0.000000 0.000000 0.000000 -36803.088307 36.803173
300.000000 0.088000 0.088000 0.088000 0.000000 0.000000 0.000000 -37003.780458 20.847790
300.000000 0.090000 0.090000 0.090000 0.000000 0.000000 0.000000 -36989.890082 38.978577
300.000000 0.092000 0.092000 0.092000 0.000000 0.000000 0.000000 -37020.478527 26.449568
300.000000 0.094000 0.094000 0.094000 0.000000 0.000000 0.000000 -36967.047542 16.921888
300.000000 0.096000 0.096000 0.096000 0.000000 0.000000 0.000000 -37032.470570 24.426617
300.000000 0.098000 0.098000 0.098000 0.000000 0.000000 0.000000 -36950.293619 49.066598
300.000000 0.100000 0.100000 0.100000 0.000000 0.000000 0.000000 -37045.812406 12.758605
300.000000 0.102000 0.102000 0.102000 0.000000 0.000000 0.000000 -36839.412101 42.289514
300.000000 0.104000 0.104000 0.104000 0.000000 0.000000 0.000000 -36825.600304 14.327793
300.000000 0.106000 0.106000 0.106000 0.000000 0.000000 0.000000 -36817.498972 31.721949
300.000000 0.108000 0.108000 0.108000 0.000000 0.000000 0.000000 -37072.117847 30.371270
300.000000 0.110000 0.110000 0.110000 0.000000 0.000000 0.000000 -36997.617042 14.581411
300.000000 0.112000 0.112000 0.112000 0.000000 0.000000 0.000000 -37053.462534 23.340157
300.000000 0.114000 0.114000 0.114000 0.000000 0.000000 0.000000 -37036.403049 28.270903
300.000000 0.116000 0.116000 0.116000 0.000000 0.000000 0.000000 -37071.635877 22.497982
300.000000 0.118000 0.118000 0.118000 0.000000 0.000000 0.000000 -37012.947255 15.629586
300.000000 0.120000 0.120000 0.120000 0.000000 0.000000 0.000000 -36918.097958 7.794537
300.000000 0.122000 0.122000 0.122000 0.000000 0.000000 0.000000 -37014.917484 17.691186
300.000000 0.124000 0.124000 0.124000 0.000000 0.000000 0.000000 -36869.661851 35.206958
300.000000 0.126000 0.126000 0.126000 0.000000 0.000000 0.000000 -36897.873261 22.638052
300.000000 0.128000 0.128000 0.128000 0.000000 0.000000 0.000000 -36923.013700 11.553024
300.000000 0.130000 0.130000 0.130000 0.000000 0.000000 0.000000 -36977.845733 21.602221
300.000000 0.132000 0.132000 0.132000 0.000000 0.000000 0.000000 -37011.821595 9.413133
300.000000 0.134000 0.134000 0.134000 0.000000 0.000000 0.000000 -36850.786819 20.084821
300.000000 0.136000 0.136000 0.136000 0.000000 0.000000 0.000000 -37085.599143 27.119596
300.000000 0.138000 0.138000 0.138000 0.000000 0.000000 0.000000 -36921.198148 22.223331
300.000000 0.140000 0.140000 0.140000 0.000000 0.000000 0.000000 -36864.345886 14.670295
300.000000 0.142000 0.142000 0.142000 0.000000 0.000000 0.000000 -36892.435885 15.195606
300.000000 0.144000 0.144000 0.144000 0.000000 0.000000 0.000000 -36888.119657 33.278159
300.000000 0.146000 0.146000 0.146000 0.000000 0.000000 0.000000 -36886.001527 10.161379
300.000000 0.148000 0.148000 0.148000 0.000000 0.000000 0.000000 -36710.670306 8.108402
300.000000 0.150000 0.150000 0.150000 0.000000 0.000000 0.000000 -36807.767829 15.409033
300.000000 0.152000 0.152000 0.152000 0.000000 0.000000 0.000000 -36896.711600 21.473203
300.000000 0.154000 0.154000 0.154000 0.000000 0.000000 0.000000 -36903.137684 17.249360
300.000000 0.156000 0.156000 0.156000 0.000000 0.000000 0.000000 -36953.124921 15.319479
300.000000 0.158000 0.158000 0.158000 0.000000 0.000000 0.000000 -36959.723030 13.188384
300.000000 0.160000 0.160000 0.160000 0.000000 0.000000 0.000000 -36922.846370 9.816794
300.000000 0.162000 0.162000 0.162000 0.000000 0.000000 0.000000 -37036.042172 3.525960
300.000000 0.164000 0.164000 0.164000 0.000000 0.000000 0.000000 -37002.959581 19.135188
300.000000 0.166000 0.166000 0.166000 0.000000 0.000000 0.000000 -37028.260063 13.149553
300.000000 0.168000 0.168000 0.168000 0.000000 0.000000 0.000000 -37074.426055 22.829605
300.000000 0.170000 0.170000 0.170000 0.000000 0.000000 0.000000 -36888.987026 13.413621
300.000000 0.172000 0.172000 0.172000 0.000000 0.000000 0.000000 -36853.550605 21.898697
300.000000 0.174000 0.174000 0.174000 0.000000 0.000000 0.000000 -36895.817553 15.344188
300.000000 0.176000 0.176000 0.176000 0.000000 0.000000 0.000000 -36938.641469 14.648146
300.000000 0.178000 0.178000 0.178000 0.000000 0.000000 0.000000 -37029.171717 16.640593
300.000000 0.180000 0.180000 0.180000 0.000000 0.000000 0.000000 -37049.039623 3.372864
300.000000 0.182000 0.182000 0.182000 0.000000 0.000000 0.000000 -37005.898513 8.423782
300.000000 0.184000 0.184000 0.184000 0.000000 0.000000 0.000000 -37057.445693 5.281213
300.000000 0.186000 0.186000 0.186000 0.000000 0.000000 0.000000 -36926.007900 15.041556
300.000000 0.188000 0.188000 0.188000 0.000000 0.000000 0.000000 -36877.914713 2.351640
300.000000 0.190000 0.190000 0.190000 0.000000 0.000000 0.000000 -36987.682314 11.793847
300.000000 0.192000 0.192000 0.192000 0.000000 0.000000 0.000000 -36923.703522 17.249590
300.000000 0.194000 0.194000 0.194000 0.000000 0.000000 0.000000 -36915.271294 0.200221
300.000000 0.196000 0.196000 0.196000 0.000000 0.000000 0.000000 -36824.839134 20.747540
300.000000 0.198000 0.198000 0.198000 0.000000 0.000000 0.000000 -36922.416102 6.391984
300.000000 0.200000 0.200000 0.200000 0.000000 0.000000 0.000000 -36978.537033 10.203812
300.000000 0.202000 0.202000 0.202000 0.000000 0.000000 0.000000 -36930.953909 1.860426
300.000000 0.204000 0.204000 0.204000 0.000000 0.000000 0.000000 -36976.836080 24.025517
300.000000 0.206000 0.206000 0.206000 0.000000 0.000000 0.000000 -36863.090571 8.894759
300.000000 0.208000 0.208000 0.208000 0.000000 0.000000 0.000000 -36995.615726 20.044168
300.000000 0.210000 0.210000 0.210000 0.000000 0.000000 0.000000 -36873.994380 13.039743
300.000000 0.212000 0.212000 0.212000 0.000000 0.000000 0.000000 -36990.216880 14.148366
300.000000 0.214000 0.214000 0.214000 0.000000 0.000000 0.000000 -36901.818965 10.930447
300.000000 0.216000 0.216000 0.216000 0.000000 0.000000 0.000000 -36682.252557 1.346480
300.000000 0.218000 0.218000 0.218000 0.000000 0.000000 0.000000 -36820.323660 12.069564
300.000000 0.220000 0.220000 0.220000 0.000000 0.000000 0.000000 -36842.151054 10.475042
300.000000 0.222000 0.222000 0.222000 0.000000 0.000000 0.000000 -37006.251008 9.051490
300.000000 0.224000 0.224000 0.224000 0.000000 0.000000 0.000000 -36845.760645 4.302720
300.000000 0.226000 0.226000 0.226000 0.000000 0.000000 0.000000 -36896.699751 13.253581
300.000000 0.228000 0.228000 0.228000 0.000000 0.000000 0.000000 -36816.354347 3.590479
300.000000 0.230000 0.230000 0.230000 0.000000 0.000000 0.000000 -36947.716130 12.208955
300.000000 0.232000 0.232000 0.232000 0.000000 0.000000 0.000000 -36937.471887 16.316386
300.000000 0.234000 0.234000 0.234000 0.000000 0.000000 0.000000 -37117.124489 0.235913
300.000000 0.236000 0.236000 0.236000 0.000000 0.000000 0.000000 -37149.258097 8.060821
300.000000 0.238000 0.238000 0.238000 0.000000 0.000000 0.000000 -36864.239224 10.611402
300.000000 0.240000 0.240000 0.240000 0.000000 0.000000 0.000000 -37118.159560 6.560800
300.000000 0.242000 0.242000 0.242000 0.000000 0.000000 0.000000 -36891.492012 4.287172
300.000000 0.244000 0.244000 0.244000 0.000000 0.000000 0.000000 -36948.170876 11.721098
300.000000 0.246000 0.246000 0.246000 0.000000 0.000000 0.000000 -36999.345700 9.282486
300.000000 0.248000 0.248000 0.248000 0.000000 0.000000 0.000000 -37006.723420 13.462667
300.000000 0.250000 0.250000 0.250000 0.000000 0.000000 0.000000 -37016.898725 13.212296
300.000000 0.252000 0.252000 0.252000 0.000000 0.000000 0.000000 -36900.766917 11.247021
300.000000 0.254000 0.254000 0.254000 0.000000 0.000000 0.000000 -36853.222742 20.013262
300.000000 0.256000 0.256000 0.256000 0.000000 0.000000 0.000000 -36890.705699 10.252025
300.000000 0.258000 0.258000 0.258000 0.000000 0.000000 0.000000 -36838.070445 15.965626
300.000000 0.260000 0.260000 0.260000 0.000000 0.000000 0.000000 -36975.573796 4.576699
300.000000 0.262000 0.262000 0.262000 0.000000 0.000000 0.000000 -36947.477217 12.418328
300.000000 0.264000 0.264000 0.264000 0.000000 0.000000 0.000000 -36968.549334 9.406066
300.000000 0.266000 0.266000 0.266000 0.000000 0.000000 0.000000 -36970.543841 10.583444
300.000000 0.268000 0.268000 0.268000 0.000000 0.000000 0.000000 -36917.639868 10.381248
300.000000 0.270000 0.270000 0.270000 0.000000 0.000000 0.000000 -36907.657788 9.251570
300.000000 0.272000 0.272000 0.272000 0.000000 0.000000 0.000000 -36955.027927 2.657707
300.000000 0.274000 0.274000 0.274000 0.000000 0.000000 0.000000 -36972.934987 6.230666
300.000000 0.276000 0.276000 0.276000 0.000000 0.000000 0.000000 -36914.861236 3.347976
300.000000 0.278000 0.278000 0.278000 0.000000 0.000000 0.000000 -36910.405733 10.167487
300.000000 0.280000 0.280000 0.280000 0.000000 0.000000 0.000000 -36914.683991 2.594468
300.000000 0.282000 0.282000 0.282000 0.000000 0.000000 0.000000 -36891.288624 5.907782
300.000000 0.284000 0.284000 0.284000 0.000000 0.000000 0.000000 -36927.153447 9.196690
300.000000 0.286000 0.286000 0.286000 0.000000 0.000000 0.000000 -36934.544599 0.819008
300.000000 0.288000 0.288000 0.288000 0.000000 0.000000 0.000000 -37092.762251 14.261039
300.000000 0.290000 0.290000 0.290000 0.000000 0.000000 0.000000 -36998.632055 14.418817
300.000000 0.292000 0.292000 0.292000 0.000000 0.000000 0.000000 -36921.453266 9.341606
300.000000 0.294000 0.294000 0.294000 0.000000 0.000000 0.000000 -36977.953311 11.503742
300.000000 0.296000 0.296000 0.296000 0.000000 0.000000 0.000000 -36935.147189 5.417785
300.000000 0.298000 0.298000 0.298000 0.000000 0.000000 0.000000 -36851.252263 4.283302
300.000000 0.300000 0.300000 0.300000 0.000000 0.000000 0.000000 -36888.315112 1.387879
300.000000 0.302000 0.302000 0.302000 0.000000 0.000000 0.000000 -36991.739969 6.505159
300.000000 0.304000 0.304000 0.304000 0.000000 0.000000 0.000000 -36818.364107 9.718664
300.000000 0.306000 0.306000 0.306000 0.000000 0.000000 0.000000 -36841.061159 -1.870169
300.000000 0.308000 0.308000 0.308000 0.000000 0.000000 0.000000 -36935.784362 -1.549467
300.000000 0.310000 0.310000 0.310000 0.000000 0.000000 0.000000 -36894.754971 -1.871709
300.000000 0.312000 0.312000 0.312000 0.000000 0.000000 0.000000 -36942.703987 1.659418
300.000000 0.314000 0.314000 0.314000 0.000000 0.000000 0.000000 -36865.903504 -0.512812
300.000000 0.316000 0.316000 0.316000 0.000000 0.000000 0.000000 -36953.824870 9.052886
300.000000 0.318000 0.318000 0.318000 0.000000 0.000000 0.000000 -36995.107456 -0.347570
300.000000 0.320000 0.320000 0.320000 0.000000 0.000000 0.000000 -36988.164603 -3.968909
300.000000 0.322000 0.322000 0.322000 0.000000 0.000000 0.000000 -36983.652146 9.868472
300.000000 0.324000 0.324000 0.324000 0.000000 0.000000 0.000000 -36998.977740 10.333780
300.000000 0.326000 0.326000 0.326000 0.000000 0.000000 0.000000 -36843.117046 12.166048
300.000000 0.328000 0.328000 0.328000 0.000000 0.000000 0.000000 -36845.887457 4.625333
300.000000 0.330000 0.330000 0.330000 0.000000 0.000000 0.000000 -36917.918003 0.419334
300.000000 0.332000 0.332000 0.332000 0.000000 0.000000 0.000000 -36815.235463 5.259541
300.000000 0.334000 0.334000 0.334000 0.000000 0.000000 0.000000 -36942.675879 3.518270
300.000000 0.336000 0.336000 0.336000 0.000000 0.000000 0.000000 -37038.459034 2.253374
300.000000 0.338000 0.338000 0.338000 0.000000 0.000000 0.000000 -36869.531850 4.302602
300.000000 0.340000 0.340000 0.340000 0.000000 0.000000 0.000000 -36771.154622 1.129416
300.000000 0.342000 0.342000 0.342000 0.000000 0.000000 0.000000 -36884.515024 13.542963
300.000000 0.344000 0.344000 0.344000 0.000000 0.000000 0.000000 -36898.585079 3.350419
300.000000 0.346000 0.346000 0.346000 0.000000 0.000000 0.000000 -36941.300311 5.057776
300.000000 0.348000 0.348000 0.348000 0.000000 0.000000 0.000000 -36987.418190 -4.883785
300.000000 0.350000 0.350000 0.350000 0.000000 0.000000 0.000000 -37041.078365 8.534694
300.000000 0.352000 0.352000 0.352000 0.000000 0.000000 0.000000 -36881.675161 0.096843
300.000000 0.354000 0.354000 0.354000 0.000000 0.000000 0.000000 -36900.667319 1.631968
300.000000 0.356000 0.356000 0.356000 0.000000 0.000000 0.000000 -36728.048254 -1.057880
300.000000 0.358000 0.358000 0.358000 0.000000 0.000000 0.000000 -36820.044264 5.697967
300.000000 0.360000 0.360000 0.360000 0.000000 0.000000 0.000000 -36774.812889 5.765146
300.000000 0.362000 0.362000 0.362000 0.000000 0.000000 0.000000 -36801.639132 6.678063
300.000000 0.364000 0.364000 0.364000 0.000000 0.000000 0.000000 -36885.414808 13.315212
300.000000 0.366000 0.366000 0.366000 0.000000 0.000000 0.000000 -36818.411087 11.131587
300.000000 0.368000 0.368000 0.368000 0.000000 0.000000 0.000000 -37015.558696 12.798272
300.000000 0.370000 0.370000 0.370000 0.000000 0.000000 0.000000 -36940.741566 -0.852072
300.000000 0.372000 0.372000 0.372000 0.000000 0.000000 0.000000 -37001.365892 -0.259316
300.000000 0.374000 0.374000 0.374000 0.000000 0.000000 0.000000 -37040.169434 6.847526
300.000000 0.376000 0.376000 0.376000 0.000000 0.000000 0.000000 -36992.799551 3.522240
300.000000 0.378000 0.378000 0.378000 0.000000 0.000000 0.000000 -37037.379282 2.740072
300.000000 0.380000 0.380000 0.380000 0.000000 0.000000 0.000000 -37110.866116 4.595916
300.000000 0.382000 0.382000 0.382000 0.000000 0.000000 0.000000 -37082.755194 4.954977
300.000000 0.384000 0.384000 0.384000 0.000000 0.000000 0.000000 -37118.155633 3.300461
300.000000 0.386000 0.386000 0.386000 0.000000 0.000000 0.000000 -36893.783021 -1.139835
300.000000 0.388000 0.388000 0.388000 0.000000 0.000000 0.000000 -37048.522271 -4.985693
300.000000 0.390000 0.390000 0.390000 0.000000 0.000000 0.000000 -37003.034165 5.862678
300.000000 0.392000 0.392000 0.392000 0.000000 0.000000 0.000000 -36851.134563 2.005553
300.000000 0.394000 0.394000 0.394000 0.000000 0.000000 0.000000 -36880.199855 -2.278834
300.000000 0.396000 0.396000 0.396000 0.000000 0.000000 0.000000 -36863.102062 -4.061681
300.000000 0.398000 0.398000 0.398000 0.000000 0.000000 0.000000 -36961.669599 -1.542624
300.000000 0.400000 0.400000 0.400000 0.000000 0.000000 0.000000 -36952.583049 -1.337672
300.000000 0.402000 0.402000 0.402000 0.000000 0.000000 0.000000 -36930.006333 2.117165
300.000000 0.404000 0.404000 0.404000 0.000000 0.000000 0.000000 -36808.678831 1.513247
300.000000 0.406000 0.406000 0.406000 0.000000 0.000000 0.000000 -36944.623442 3.799203
300.000000 0.408000 0.408000 0.408000 0.000000 0.000000 0.000000 -36911.405992 9.561462
300.000000 0.410000 0.410000 0.410000 0.000000 0.000000 0.000000 -36788.788554 3.500656
300.000000 0.412000 0.412000 0.412000 0.000000 0.000000 0.000000 -36892.603154 -0.782998
300.000000 0.414000 0.414000 0.414000 0.000000 0.000000 0.000000 -36902.932106 2.422937
300.000000 0.416000 0.416000 0.416000 0.000000 0.000000 0.000000 -36821.667310 -0.915104
300.000000 0.418000 0.418000 0.418000 0.000000 0.000000 0.000000 -36857.536835 1.692654
300.000000 0.420000 0.420000 0.420000 0.000000 0.000000 0.000000 -37014.629208 -1.472795
300.000000 0.422000 0.422000 0.422000 0.000000 0.000000 0.000000 -36965.087135 0.589026
300.000000 0.424000 0.424000 0.424000 0.000000 0.000000 0.000000 -36948.387049 2.480038
300.000000 0.426000 0.426000 0.426000 0.000000 0.000000 0.000000 -37015.935208 7.231807
300.000000 0.428000 0.428000 0.428000 0.000000 0.000000 0.000000 -37112.845682 -4.208175
300.000000 0.430000 0.430000 0.430000 0.000000 0.000000 0.000000 -36937.134266 0.153960
300.000000 0.432000 0.432000 0.432000 0.000000 0.000000 0.000000 -37037.935189 3.795923
300.000000 0.434000 0.434000 0.434000 0.000000 0.000000 0.000000 -37145.585124 -1.503166
300.000000 0.436000 0.436000 0.436000 0.000000 0.000000 0.000000 -37105.244923 -0.290518
300.000000 0.438000 0.438000 0.438000 0.000000 0.000000 0.000000 -37097.523848 5.935832
300.000000 0.440000 0.440000 0.440000 0.000000 0.000000 0.000000 -37055.100470 -1.349740
300.000000 0.442000 0.442000 0.442000 0.000000 0.000000 0.000000 -37055.083336 9.018447
300.000000 0.444000 0.444000 0.444000 0.000000 0.000000 0.000000 -37076.381645 -1.372724
300.000000 0.446000 0.446000 0.446000 0.000000 0.000000 0.000000 -36962.984289 -6.465109
300.000000 0.448000 0.448000 0.448000 0.000000 0.000000 0.000000 -36788.759549 5.411924
300.000000 0.450000 0.450000 0.450000 0.000000 0.000000 0.000000 -37020.472033 -0.133134
300.000000 0.452000 0.452000 0.452000 0.000000 0.000000 0.000000 -36978.521651 -0.593283
300.000000 0.454000 0.454000 0.454000 0.000000 0.000000 0.000000 -36813.567161 -1.344311
300.000000 0.456000 0.456000 0.456000 0.000000 0.000000 0.000000 -36854.755628 2.464598
300.000000 0.458000 0.458000 0.458000 0.000000 0.000000 0.000000 -36902.416421 4.791060
300.000000 0.460000 0.460000 0.460000 0.000000 0.000000 0.000000 -37021.849218 1.212465
300.000000 0.462000 0.462000 0.462000 0.000000 0.000000 0.000000 -36925.882563 6.514600
300.000000 0.464000 0.464000 0.464000 0.000000 0.000000 0.000000 -36920.911059 -6.333058
300.000000 0.466000 0.466000 0.466000 0.000000 0.000000 0.000000 -36915.993846 -0.648237
300.000000 0.468000 0.468000 0.468000 0.000000 0.000000 0.000000 -36968.158158 -0.401752
300.000000 0.470000 0.470000 0.470000 0.000000 0.000000 0.000000 -36927.345775 1.179111
300.000000 0.472000 0.472000 0.472000 0.000000 0.000000 0.000000 -36908.641793 0.794348
300.000000 0.474000 0.474000 0.474000 0.000000 0.000000 0.000000 -36954.606483 -0.940967
300.000000 0.476000 0.476000 0.476000 0.000000 0.000000 0.000000 -36900.892478 5.635261
300.000000 0.478000 0.478000 0.478000 0.000000 0.000000 0.000000 -36722.920620 3.041231
300.000000 0.480000 0.480000 0.480000 0.000000 0.000000 0.000000 -36858.844206 -7.372438
300.000000 0.482000 0.482000 0.482000 0.000000 0.000000 0.000000 -36868.061352 7.490400
300.000000 0.484000 0.484000 0.484000 0.000000 0.000000 0.000000 -36834.885052 -5.941501
300.000000 0.486000 0.486000 0.486000 0.000000 0.000000 0.000000 -36864.729069 -0.502727
300.000000 0.488000 0.488000 0.488000 0.000000 0.000000 0.000000 -36806.734729 -1.509011
300.000000 0.490000 0.490000 0.490000 0.000000 0.000000 0.000000 -36885.815238 5.651361
300.000000 0.492000 0.492000 0.492000 0.000000 0.000000 0.000000 -36903.783214 -12.110603
300.000000 0.494000 0.494000 0.494000 0.000000 0.000000 0.000000 -36937.831972 0.506541
300.000000 0.496000 0.496000 0.496000 0.000000 0.000000 0.000000 -36792.286259 6.177317
300.000000 0.498000 0.498000 0.498000 0.000000 0.000000 0.000000 -36791.296510 -4.995586
