300.000000 0.000000 0.000000 0.000000 0.000000 0.000000 0.000000 -37757.244676 951.414290
300.000000 0.002000 0.002000 0.002000 0.000000 0.000000 0.000000 -37779.457630 908.654878
300.000000 0.004000 0.004000 0.004000 0.000000 0.000000 0.000000 -37796.633278 886.003348
300.000000 0.006000 0.006000 0.006000 0.000000 0.000000 0.000000 -37816.365859 901.401712
300.000000 0.008000 0.008000 0.008000 0.000000 0.000000 0.000000 -37746.182034 895.008629
300.000000 0.010000 0.010000 0.010000 0.000000 0.000000 0.000000 -37795.927683 850.576191
300.000000 0.012000 0.012000 0.012000 0.000000 0.000000 0.000000 -37717.999034 785.685018
300.000000 0.014000 0.014000 0.014000 0.000000 0.000000 0.000000 -37777.658780 876.859151
300.000000 0.016000 0.016000 0.016000 0.000000 0.000000 0.000000 -37742.629017 723.626706
300.000000 0.018000 0.018000 0.018000 0.000000 0.000000 0.000000 -37726.904434 692.102210
300.000000 0.020000 0.020000 0.020000 0.000000 0.000000 0.000000 -37739.528425 667.023850
300.000000 0.022000 0.022000 0.022000 0.000000 0.000000 0.000000 -37648.714148 137.995615
300.000000 0.024000 0.024000 0.024000 0.000000 0.000000 0.000000 -37717.462442 82.051879
300.000000 0.026000 0.026000 0.026000 0.000000 0.000000 0.000000 -37810.415979 224.750625
300.000000 0.028000 0.028000 0.028000 0.000000 0.000000 0.000000 -37929.850353 102.804996
300.000000 0.030000 0.030000 0.030000 0.000000 0.000000 0.000000 -37989.444161 39.121187
300.000000 0.032000 0.032000 0.032000 0.000000 0.000000 0.000000 -37853.437144 42.594701
300.000000 0.034000 0.034000 0.034000 0.000000 0.000000 0.000000 -37859.057481 53.678506
300.000000 0.036000 0.036000 0.036000 0.000000 0.000000 0.000000 -37918.494717 27.029233
300.000000 0.038000 0.038000 0.038000 0.000000 0.000000 0.000000 -38006.921541 29.485225
300.000000 0.040000 0.040000 0.040000 0.000000 0.000000 0.000000 -37939.907770 41.359374
300.000000 0.042000 0.042000 0.042000 0.000000 0.000000 0.000000 -37837.865039 52.963265
300.000000 0.044000 0.044000 0.044000 0.000000 0.000000 0.000000 -37771.015019 60.450312
300.000000 0.046000 0.046000 0.046000 0.000000 0.000000 0.000000 -37820.316109 48.010558
300.000000 0.048000 0.048000 0.048000 0.000000 0.000000 0.000000 -38040.692914 29.203137
300.000000 0.050000 0.050000 0.050000 0.000000 0.000000 0.000000 -37928.811265 40.922536
300.000000 0.052000 0.052000 0.052000 0.000000 0.000000 0.000000 -37998.703799 40.843279
300.000000 0.054000 0.054000 0.054000 0.000000 0.000000 0.000000 -37961.886370 73.420213
300.000000 0.056000 0.056000 0.056000 0.000000 0.000000 0.000000 -37968.649549 39.024421
300.000000 0.058000 0.058000 0.058000 0.000000 0.000000 0.000000 -37908.838629 55.917346
300.000000 0.060000 0.060000 0.060000 0.000000 0.000000 0.000000 -37890.202154 44.752298
300.000000 0.062000 0.062000 0.062000 0.000000 0.000000 0.000000 -37727.282683 26.619843
300.000000 0.064000 0.064000 0.064000 0.000000 0.000000 0.000000 -37871.933947 42.578105
300.000000 0.066000 0.066000 0.066000 0.000000 0.000000 0.000000 -37736.224653 44.443226
300.000000 0.068000 0.068000 0.068000 0.000000 0.000000 0.000000 -37743.394749 66.704902
300.000000 0.070000 0.070000 0.070000 0.000000 0.000000 0.000000 -37824.505745 27.123766
300.000000 0.072000 0.072000 0.072000 0.000000 0.000000 0.000000 -37824.574979 46.543387
300.000000 0.074000 0.074000 0.074000 0.000000 0.000000 0.000000 -37860.083132 65.045180
300.000000 0.076000 0.076000 0.076000 0.000000 0.000000 0.000000 -37958.359094 21.755371
300.000000 0.078000 0.078000 0.078000 0.000000 0.000000 0.000000 -37863.439156 28.687717
300.000000 0.080000 0.080000 0.080000 0.000000 0.000000 0.000000 -37873.818588 16.010970
300.000000 0.082000 0.082000 0.082000 0.000000 0.000000 0.000000 -37883.763842 34.530932
300.000000 0.084000 0.084000 0.084000 0.000000 0.000000 0.000000 -37832.473801 41.363994
300.000000 0.086000 0.086000 0.086000 0.000000 0.000000 0.000000 -37807.716589 12.262545
300.000000 0.088000 0.088000 0.088000 0.000000 0.000000 0.000000 -37865.262423 31.848580
300.000000 0.090000 0.090000 0.090000 0.000000 0.000000 0.000000 -37781.536098 22.679181
300.000000 0.092000 0.092000 0.092000 0.000000 0.000000 0.000000 -37801.359809 35.241669
300.000000 0.094000 0.094000 0.094000 0.000000 0.000000 0.000000 -37918.116735 31.763079
300.000000 0.096000 0.096000 0.096000 0.000000 0.000000 0.000000 -37867.714588 35.250832
300.000000 0.098000 0.098000 0.098000 0.000000 0.000000 0.000000 -37850.113566 20.159762
300.000000 0.100000 0.100000 0.100000 0.000000 0.000000 0.000000 -37785.529711 29.002162
300.000000 0.102000 0.102000 0.102000 0.000000 0.000000 0.000000 -37810.617586 35.150623
300.000000 0.104000 0.104000 0.104000 0.000000 0.000000 0.000000 -37890.306228 41.036640
300.000000 0.106000 0.106000 0.106000 0.000000 0.000000 0.000000 -37831.511128 33.901979
300.000000 0.108000 0.108000 0.108000 0.000000 0.000000 0.000000 -37869.916807 18.735180
300.000000 0.110000 0.110000 0.110000 0.000000 0.000000 0.000000 -37955.519202 45.915410
300.000000 0.112000 0.112000 0.112000 0.000000 0.000000 0.000000 -37983.571955 30.424507
300.000000 0.114000 0.114000 0.114000 0.000000 0.000000 0.000000 -37817.100578 44.363153
300.000000 0.116000 0.116000 0.116000 0.000000 0.000000 0.000000 -37994.412881 25.176442
300.000000 0.118000 0.118000 0.118000 0.000000 0.000000 0.000000 -37972.543104 48.918396
300.000000 0.120000 0.120000 0.120000 0.000000 0.000000 0.000000 -37838.343283 14.227380
300.000000 0.122000 0.122000 0.122000 0.000000 0.000000 0.000000 -37971.599251 29.726831
300.000000 0.124000 0.124000 0.124000 0.000000 0.000000 0.000000 -37812.815234 26.847966
300.000000 0.126000 0.126000 0.126000 0.000000 0.000000 0.000000 -37860.180412 25.411132
300.000000 0.128000 0.128000 0.128000 0.000000 0.000000 0.000000 -37809.213410 32.400956
300.000000 0.130000 0.130000 0.130000 0.000000 0.000000 0.000000 -37799.093915 18.542046
300.000000 0.132000 0.132000 0.132000 0.000000 0.000000 0.000000 -37872.821771 22.941230
300.000000 0.134000 0.134000 0.134000 0.000000 0.000000 0.000000 -37845.782944 8.518722
300.000000 0.136000 0.136000 0.136000 0.000000 0.000000 0.000000 -37797.427959 16.233144
300.000000 0.138000 0.138000 0.138000 0.000000 0.000000 0.000000 -37825.781004 27.123101
300.000000 0.140000 0.140000 0.140000 0.000000 0.000000 0.000000 -37887.490221 32.598641
300.000000 0.142000 0.142000 0.142000 0.000000 0.000000 0.000000 -37746.553489 8.433704
300.000000 0.144000 0.144000 0.144000 0.000000 0.000000 0.000000 -37889.339009 28.063416
300.000000 0.146000 0.146000 0.146000 0.000000 0.000000 0.000000 -37797.361089 27.192423
300.000000 0.148000 0.148000 0.148000 0.000000 0.000000 0.000000 -37729.469666 18.476395
300.000000 0.150000 0.150000 0.150000 0.000000 0.000000 0.000000 -37620.897088 25.658010
300.000000 0.152000 0.152000 0.152000 0.000000 0.000000 0.000000 -37726.347334 11.175711
300.000000 0.154000 0.154000 0.154000 0.000000 0.000000 0.000000 -37746.109923 11.129260
300.000000 0.156000 0.156000 0.156000 0.000000 0.000000 0.000000 -37871.514496 13.061357
300.000000 0.158000 0.158000 0.158000 0.000000 0.000000 0.000000 -37966.081648 22.639866
300.000000 0.160000 0.160000 0.160000 0.000000 0.000000 0.000000 -37822.597303 25.035465
300.000000 0.162000 0.162000 0.162000 0.000000 0.000000 0.000000 -37962.901313 27.968210
300.000000 0.164000 0.164000 0.164000 0.000000 0.000000 0.000000 -38042.937225 33.204435
300.000000 0.166000 0.166000 0.166000 0.000000 0.000000 0.000000 -37911.741962 11.480714
300.000000 0.168000 0.168000 0.168000 0.000000 0.000000 0.000000 -37918.520034 22.923128
300.000000 0.170000 0.170000 0.170000 0.000000 0.000000 0.000000 -37812.790256 30.802578
300.000000 0.172000 0.172000 0.172000 0.000000 0.000000 0.000000 -37697.017876 16.633568
300.000000 0.174000 0.174000 0.174000 0.000000 0.000000 0.000000 -37803.784572 2.833067
300.000000 0.176000 0.176000 0.176000 0.000000 0.000000 0.000000 -37772.254977 18.865581
300.000000 0.178000 0.178000 0.178000 0.000000 0.000000 0.000000 -37669.703927 7.929202
300.000000 0.180000 0.180000 0.180000 0.000000 0.000000 0.000000 -37682.978982 10.910502
300.000000 0.182000 0.182000 0.182000 0.000000 0.000000 0.000000 -37739.400040 15.128015
300.000000 0.184000 0.184000 0.184000 0.000000 0.000000 0.000000 -37706.891150 24.842167
300.000000 0.186000 0.186000 0.186000 0.000000 0.000000 0.000000 -37897.927377 6.399928
300.000000 0.188000 0.188000 0.188000 0.000000 0.000000 0.000000 -37911.200274 14.007930
300.000000 0.190000 0.190000 0.190000 0.000000 0.000000 0.000000 -37887.940611 12.372529
300.000000 0.192000 0.192000 0.192000 0.000000 0.000000 0.000000 -37824.644865 13.524035
300.000000 0.194000 0.194000 0.194000 0.000000 0.000000 0.000000 -37838.730213 10.444462
300.000000 0.196000 0.196000 0.196000 0.000000 0.000000 0.000000 -37808.994275 13.050540
300.000000 0.198000 0.198000 0.198000 0.000000 0.000000 0.000000 -37825.554474 8.765733
300.000000 0.200000 0.200000 0.200000 0.000000 0.000000 0.000000 -37808.810953 26.957715
300.000000 0.202000 0.202000 0.202000 0.000000 0.000000 0.000000 -37779.363993 6.242434
300.000000 0.204000 0.204000 0.204000 0.000000 0.000000 0.000000 -37849.561183 4.692055
300.000000 0.206000 0.206000 0.206000 0.000000 0.000000 0.000000 -37924.015278 10.198268
300.000000 0.208000 0.208000 0.208000 0.000000 0.000000 0.000000 -37858.555301 25.781442
300.000000 0.210000 0.210000 0.210000 0.000000 0.000000 0.000000 -37943.208160 8.588873
300.000000 0.212000 0.212000 0.212000 0.000000 0.000000 0.000000 -38074.710477 15.610154
300.000000 0.214000 0.214000 0.214000 0.000000 0.000000 0.000000 -38006.386511 4.627756
300.000000 0.216000 0.216000 0.216000 0.000000 0.000000 0.000000 -37904.403643 9.291608
300.000000 0.218000 0.218000 0.218000 0.000000 0.000000 0.000000 -37929.335646 27.711311
300.000000 0.220000 0.220000 0.220000 0.000000 0.000000 0.000000 -37753.686294 29.359370
300.000000 0.222000 0.222000 0.222000 0.000000 0.000000 0.000000 -37774.588334 6.375054
300.000000 0.224000 0.224000 0.224000 0.000000 0.000000 0.000000 -37846.894603 9.700713
300.000000 0.226000 0.226000 0.226000 0.000000 0.000000 0.000000 -37908.017355 14.426535
300.000000 0.228000 0.228000 0.228000 0.000000 0.000000 0.000000 -37950.873931 17.583599
300.000000 0.230000 0.230000 0.230000 0.000000 0.000000 0.000000 -38040.193985 9.210416
300.000000 0.232000 0.232000 0.232000 0.000000 0.000000 0.000000 -37955.763909 26.166507
300.000000 0.234000 0.234000 0.234000 0.000000 0.000000 0.000000 -37740.489281 18.562197
300.000000 0.236000 0.236000 0.236000 0.000000 0.000000 0.000000 -37804.670306 18.655303
300.000000 0.238000 0.238000 0.238000 0.000000 0.000000 0.000000 -37709.801827 8.286683
300.000000 0.240000 0.240000 0.240000 0.000000 0.000000 0.000000 -37855.955105 2.654126
300.000000 0.242000 0.242000 0.242000 0.000000 0.000000 0.000000 -37872.251124 10.534134
300.000000 0.244000 0.244000 0.244000 0.000000 0.000000 0.000000 -37848.870007 20.309936
300.000000 0.246000 0.246000 0.246000 0.000000 0.000000 0.000000 -37821.625087 1.343163
300.000000 0.248000 0.248000 0.248000 0.000000 0.000000 0.000000 -37898.635898 0.347025
300.000000 0.250000 0.250000 0.250000 0.000000 0.000000 0.000000 -37859.181390 9.110263
300.000000 0.252000 0.252000 0.252000 0.000000 0.000000 0.000000 -37873.523557 8.395520
300.000000 0.254000 0.254000 0.254000 0.000000 0.000000 0.000000 -37938.517238 10.495806
300.000000 0.256000 0.256000 0.256000 0.000000 0.000000 0.000000 -37834.983806 10.890494
300.000000 0.258000 0.258000 0.258000 0.000000 0.000000 0.000000 -37732.738675 9.654864
300.000000 0.260000 0.260000 0.260000 0.000000 0.000000 0.000000 -37617.278255 10.388665
300.000000 0.262000 0.262000 0.262000 0.000000 0.000000 0.000000 -37834.417786 5.728550
300.000000 0.264000 0.264000 0.264000 0.000000 0.000000 0.000000 -37841.214820 11.920114
300.000000 0.266000 0.266000 0.266000 0.000000 0.000000 0.000000 -37797.956027 5.278324
300.000000 0.268000 0.268000 0.268000 0.000000 0.000000 0.000000 -37736.480063 5.435960
300.000000 0.270000 0.270000 0.270000 0.000000 0.000000 0.000000 -37871.900895 0.161948
300.000000 0.272000 0.272000 0.272000 0.000000 0.000000 0.000000 -37830.527697 20.745328
300.000000 0.274000 0.274000 0.274000 0.000000 0.000000 0.000000 -37769.281637 6.981679
300.000000 0.276000 0.276000 0.276000 0.000000 0.000000 0.000000 -37730.566362 0.091971
300.000000 0.278000 0.278000 0.278000 0.000000 0.000000 0.000000 -37683.338297 11.319920
300.000000 0.280000 0.280000 0.280000 0.000000 0.000000 0.000000 -37911.558443 9.693908
300.000000 0.282000 0.282000 0.282000 0.000000 0.000000 0.000000 -37972.625320 12.784209
300.000000 0.284000 0.284000 0.284000 0.000000 0.000000 0.000000 -38002.307781 8.860098
300.000000 0.286000 0.286000 0.286000 0.000000 0.000000 0.000000 -38045.668604 15.910371
300.000000 0.288000 0.288000 0.288000 0.000000 0.000000 0.000000 -37883.559487 10.240101
300.000000 0.290000 0.290000 0.290000 0.000000 0.000000 0.000000 -37836.347706 13.051334
300.000000 0.292000 0.292000 0.292000 0.000000 0.000000 0.000000 -37998.838568 6.527768
300.000000 0.294000 0.294000 0.294000 0.000000 0.000000 0.000000 -37985.190497 5.722144
300.000000 0.296000 0.296000 0.296000 0.000000 0.000000 0.000000 -37866.199957 2.666550
300.000000 0.298000 0.298000 0.298000 0.000000 0.000000 0.000000 -37885.289350 11.602688
300.000000 0.300000 0.300000 0.300000 0.000000 0.000000 0.000000 -38135.507743 19.087173
300.000000 0.302000 0.302000 0.302000 0.000000 0.000000 0.000000 -38116.273143 10.579601
300.000000 0.304000 0.304000 0.304000 0.000000 0.000000 0.000000 -37966.180424 1.756725
300.000000 0.306000 0.306000 0.306000 0.000000 0.000000 0.000000 -37970.588473 4.469096
300.000000 0.308000 0.308000 0.308000 0.000000 0.000000 0.000000 -37844.966642 15.270601
300.000000 0.310000 0.310000 0.310000 0.000000 0.000000 0.000000 -37883.537399 22.747186
300.000000 0.312000 0.312000 0.312000 0.000000 0.000000 0.000000 -37941.213257 6.030636
300.000000 0.314000 0.314000 0.314000 0.000000 0.000000 0.000000 -37981.554747 13.948731
300.000000 0.316000 0.316000 0.316000 0.000000 0.000000 0.000000 -37962.370571 12.061387
300.000000 0.318000 0.318000 0.318000 0.000000 0.000000 0.000000 -37872.109360 4.471578
300.000000 0.320000 0.320000 0.320000 0.000000 0.000000 0.000000 -37870.929591 3.158424
300.000000 0.322000 0.322000 0.322000 0.000000 0.000000 0.000000 -37809.792506 13.094004
300.000000 0.324000 0.324000 0.324000 0.000000 0.000000 0.000000 -37775.847059 3.675162
300.000000 0.326000 0.326000 0.326000 0.000000 0.000000 0.000000 -37952.915514 16.326114
300.000000 0.328000 0.328000 0.328000 0.000000 0.000000 0.000000 -37955.084615 0.793553
300.000000 0.330000 0.330000 0.330000 0.000000 0.000000 0.000000 -37870.877379 6.003470
300.000000 0.332000 0.332000 0.332000 0.000000 0.000000 0.000000 -37861.276557 -1.148672
300.000000 0.334000 0.334000 0.334000 0.000000 0.000000 0.000000 -37914.804656 3.823123
300.000000 0.336000 0.336000 0.336000 0.000000 0.000000 0.000000 -37868.818855 2.832793
300.000000 0.338000 0.338000 0.338000 0.000000 0.000000 0.000000 -37864.123220 14.969956
300.000000 0.340000 0.340000 0.340000 0.000000 0.000000 0.000000 -37890.977026 13.519579
300.000000 0.342000 0.342000 0.342000 0.000000 0.000000 0.000000 -38000.841893 1.591005
300.000000 0.344000 0.344000 0.344000 0.000000 0.000000 0.000000 -37971.909389 1.048239
300.000000 0.346000 0.346000 0.346000 0.000000 0.000000 0.000000 -37834.240023 10.078363
300.000000 0.348000 0.348000 0.348000 0.000000 0.000000 0.000000 -37941.559636 10.786584
300.000000 0.350000 0.350000 0.350000 0.000000 0.000000 0.000000 -37883.971730 -0.428714
300.000000 0.352000 0.352000 0.352000 0.000000 0.000000 0.000000 -37960.609763 4.033758
300.000000 0.354000 0.354000 0.354000 0.000000 0.000000 0.000000 -37862.279034 -3.208146
300.000000 0.356000 0.356000 0.356000 0.000000 0.000000 0.000000 -37838.714462 5.157286
300.000000 0.358000 0.358000 0.358000 0.000000 0.000000 0.000000 -37849.202609 9.339047
300.000000 0.360000 0.360000 0.360000 0.000000 0.000000 0.000000 -37866.690948 2.581266
300.000000 0.362000 0.362000 0.362000 0.000000 0.000000 0.000000 -37960.716200 6.242258
300.000000 0.364000 0.364000 0.364000 0.000000 0.000000 0.000000 -37870.734425 6.735863
300.000000 0.366000 0.366000 0.366000 0.000000 0.000000 0.000000 -37905.411608 -2.089345
300.000000 0.368000 0.368000 0.368000 0.000000 0.000000 0.000000 -37860.934615 8.739202
300.000000 0.370000 0.370000 0.370000 0.000000 0.000000 0.000000 -37861.592188 4.328460
300.000000 0.372000 0.372000 0.372000 0.000000 0.000000 0.000000 -37925.836510 2.452342
300.000000 0.374000 0.374000 0.374000 0.000000 0.000000 0.000000 -37972.865312 2.364644
300.000000 0.376000 0.376000 0.376000 0.000000 0.000000 0.000000 -37939.592413 20.837625
300.000000 0.378000 0.378000 0.378000 0.000000 0.000000 0.000000 -37877.748941 12.222993
300.000000 0.380000 0.380000 0.380000 0.000000 0.000000 0.000000 -37893.406599 -0.418934
300.000000 0.382000 0.382000 0.382000 0.000000 0.000000 0.000000 -37832.793227 4.998202
300.000000 0.384000 0.384000 0.384000 0.000000 0.000000 0.000000 -37854.551737 4.167356
300.000000 0.386000 0.386000 0.386000 0.000000 0.000000 0.000000 -37875.201036 0.088177
300.000000 0.388000 0.388000 0.388000 0.000000 0.000000 0.000000 -38105.600525 -2.998206
300.000000 0.390000 0.390000 0.390000 0.000000 0.000000 0.000000 -37970.694082 9.052866
300.000000 0.392000 0.392000 0.392000 0.000000 0.000000 0.000000 -37883.623014 2.278035
300.000000 0.394000 0.394000 0.394000 0.000000 0.000000 0.000000 -37822.749995 9.533252
300.000000 0.396000 0.396000 0.396000 0.000000 0.000000 0.000000 -37867.642337 -2.954399
300.000000 0.398000 0.398000 0.398000 0.000000 0.000000 0.000000 -37696.242077 8.827818
300.000000 0.400000 0.400000 0.400000 0.000000 0.000000 0.000000 -37645.913271 -1.063957
300.000000 0.402000 0.402000 0.402000 0.000000 0.000000 0.000000 -37736.606035 2.697937
300.000000 0.404000 0.404000 0.404000 0.000000 0.000000 0.000000 -37840.498064 8.059210
300.000000 0.406000 0.406000 0.406000 0.000000 0.000000 0.000000 -37790.167585 1.050820
300.000000 0.408000 0.408000 0.408000 0.000000 0.000000 0.000000 -37759.060831 1.310567
300.000000 0.410000 0.410000 0.410000 0.000000 0.000000 0.000000 -37871.372379 -3.237031
300.000000 0.412000 0.412000 0.412000 0.000000 0.000000 0.000000 -37848.132907 2.452520
300.000000 0.414000 0.414000 0.414000 0.000000 0.000000 0.000000 -37791.974368 8.794776
300.000000 0.416000 0.416000 0.416000 0.000000 0.000000 0.000000 -37825.158651 -1.726446
300.000000 0.418000 0.418000 0.418000 0.000000 0.000000 0.000000 -37991.018549 -4.748382
300.000000 0.420000 0.420000 0.420000 0.000000 0.000000 0.000000 -37963.518485 2.254462
300.000000 0.422000 0.422000 0.422000 0.000000 0.000000 0.000000 -37989.337675 2.030079
300.000000 0.424000 0.424000 0.424000 0.000000 0.000000 0.000000 -37833.147050 3.810726
300.000000 0.426000 0.426000 0.426000 0.000000 0.000000 0.000000 -37877.127206 6.815904
300.000000 0.428000 0.428000 0.428000 0.000000 0.000000 0.000000 -37776.732589 4.722568
300.000000 0.430000 0.430000 0.430000 0.000000 0.000000 0.000000 -37800.823016 5.202568
300.000000 0.432000 0.432000 0.432000 0.000000 0.000000 0.000000 -37776.255992 0.966093
300.000000 0.434000 0.434000 0.434000 0.000000 0.000000 0.000000 -37800.738501 1.045197
300.000000 0.436000 0.436000 0.436000 0.000000 0.000000 0.000000 -37875.576423 -1.263204
300.000000 0.438000 0.438000 0.438000 0.000000 0.000000 0.000000 -37800.525596 11.877961
300.000000 0.440000 0.440000 0.440000 0.000000 0.000000 0.000000 -37679.499888 5.447103
300.000000 0.442000 0.442000 0.442000 0.000000 0.000000 0.000000 -37893.792398 -2.725049
300.000000 0.444000 0.444000 0.444000 0.000000 0.000000 0.000000 -38031.194161 -5.482406
300.000000 0.446000 0.446000 0.446000 0.000000 0.000000 0.000000 -37955.656838 1.461962
300.000000 0.448000 0.448000 0.448000 0.000000 0.000000 0.000000 -38013.054011 2.309433
300.000000 0.450000 0.450000 0.450000 0.000000 0.000000 0.000000 -37981.625329 4.514158
300.000000 0.452000 0.452000 0.452000 0.000000 0.000000 0.000000 -37891.973463 5.116959
300.000000 0.454000 0.454000 0.454000 0.000000 0.000000 0.000000 -37864.205692 3.044496
300.000000 0.456000 0.456000 0.456000 0.000000 0.000000 0.000000 -37740.938294 -2.449010
300.000000 0.458000 0.458000 0.458000 0.000000 0.000000 0.000000 -37725.545169 3.448483
300.000000 0.460000 0.460000 0.460000 0.000000 0.000000 0.000000 -37796.164359 1.326870
300.000000 0.462000 0.462000 0.462000 0.000000 0.000000 0.000000 -37678.349982 -4.805691
300.000000 0.464000 0.464000 0.464000 0.000000 0.000000 0.000000 -37714.687474 3.353797
300.000000 0.466000 0.466000 0.466000 0.000000 0.000000 0.000000 -37780.538314 2.725720
300.000000 0.468000 0.468000 0.468000 0.000000 0.000000 0.000000 -37755.534745 -1.942164
300.000000 0.470000 0.470000 0.470000 0.000000 0.000000 0.000000 -37729.294914 1.336650
300.000000 0.472000 0.472000 0.472000 0.000000 0.000000 0.000000 -37934.110911 5.238263
300.000000 0.474000 0.474000 0.474000 0.000000 0.000000 0.000000 -37791.660780 1.170418
300.000000 0.476000 0.476000 0.476000 0.000000 0.000000 0.000000 -37872.781187 -1.067483
300.000000 0.478000 0.478000 0.478000 0.000000 0.000000 0.000000 -37795.852682 3.929230
300.000000 0.480000 0.480000 0.480000 0.000000 0.000000 0.000000 -37768.464249 5.940319
300.000000 0.482000 0.482000 0.482000 0.000000 0.000000 0.000000 -37718.111625 -4.257192
300.000000 0.484000 0.484000 0.484000 0.000000 0.000000 0.000000 -37784.568481 1.636115
300.000000 0.486000 0.486000 0.486000 0.000000 0.000000 0.000000 -37729.075689 8.123840
300.000000 0.488000 0.488000 0.488000 0.000000 0.000000 0.000000 -37873.063398 -2.339452
300.000000 0.490000 0.490000 0.490000 0.000000 0.000000 0.000000 -37841.424746 4.171737
300.000000 0.492000 0.492000 0.492000 0.000000 0.000000 0.000000 -37880.000494 10.945350
300.000000 0.494000 0.494000 0.494000 0.000000 0.000000 0.000000 -37964.738959 -4.137504
300.000000 0.496000 0.496000 0.496000 0.000000 0.000000 0.000000 -37885.805736 6.615414
300.000000 0.498000 0.498000 0.498000 0.000000 0.000000 0.000000 -37832.859723 7.073499
