300.000000 0.000000 0.000000 0.000000 0.000000 0.000000 0.000000 -33044.696478 801.445164
300.000000 0.002000 0.002000 0.002000 0.000000 0.000000 0.000000 -33049.387579 810.028612
300.000000 0.004000 0.004000 0.004000 0.000000 0.000000 0.000000 -33085.803423 931.970074
300.000000 0.006000 0.006000 0.006000 0.000000 0.000000 0.000000 -33143.154190 922.344694
300.000000 0.008000 0.008000 0.008000 0.000000 0.000000 0.000000 -33080.787375 934.162805
300.000000 0.010000 0.010000 0.010000 0.000000 0.000000 0.000000 -33002.178605 941.640069
300.000000 0.012000 0.012000 0.012000 0.000000 0.000000 0.000000 -33101.078223 844.377946
300.000000 0.014000 0.014000 0.014000 0.000000 0.000000 0.000000 -32957.094304 705.303987
300.000000 0.016000 0.016000 0.016000 0.000000 0.000000 0.000000 -33003.142345 784.479991
300.000000 0.018000 0.018000 0.018000 0.000000 0.000000 0.000000 -33021.203807 764.730798
300.000000 0.020000 0.020000 0.020000 0.000000 0.000000 0.000000 -33118.480471 869.541693
300.000000 0.022000 0.022000 0.022000 0.000000 0.000000 0.000000 -33065.891832 725.165773
300.000000 0.024000 0.024000 0.024000 0.000000 0.000000 0.000000 -32972.938246 881.394802
300.000000 0.026000 0.026000 0.026000 0.000000 0.000000 0.000000 -33043.967915 724.157045
300.000000 0.028000 0.028000 0.028000 0.000000 0.000000 0.000000 -33055.913507 661.650452
300.000000 0.030000 0.030000 0.030000 0.000000 0.000000 0.000000 -33197.773053 634.012229
300.000000 0.032000 0.032000 0.032000 0.000000 0.000000 0.000000 -33108.194852 127.694794
300.000000 0.034000 0.034000 0.034000 0.000000 0.000000 0.000000 -33092.935169 67.536400
300.000000 0.036000 0.036000 0.036000 0.000000 0.000000 0.000000 -33120.371093 68.502404
300.000000 0.038000 0.038000 0.038000 0.000000 0.000000 0.000000 -33125.458745 84.877058
300.000000 0.040000 0.040000 0.040000 0.000000 0.000000 0.000000 -33242.954455 173.529594
300.000000 0.042000 0.042000 0.042000 0.000000 0.000000 0.000000 -33202.406943 106.312325
300.000000 0.044000 0.044000 0.044000 0.000000 0.000000 0.000000 -33105.477515 106.607445
300.000000 0.046000 0.046000 0.046000 0.000000 0.000000 0.000000 -33149.861017 118.269920
300.000000 0.048000 0.048000 0.048000 0.000000 0.000000 0.000000 -33041.352727 77.994282
300.000000 0.050000 0.050000 0.050000 0.000000 0.000000 0.000000 -33007.901842 89.857621
300.000000 0.052000 0.052000 0.052000 0.000000 0.000000 0.000000 -33123.302382 78.817917
300.000000 0.054000 0.054000 0.054000 0.000000 0.000000 0.000000 -33011.517266 93.871333
300.000000 0.056000 0.056000 0.056000 0.000000 0.000000 0.000000 -32999.880305 77.014367
300.000000 0.058000 0.058000 0.058000 0.000000 0.000000 0.000000 -33003.668640 61.778146
300.000000 0.060000 0.060000 0.060000 0.000000 0.000000 0.000000 -33067.997084 81.117792
300.000000 0.062000 0.062000 0.062000 0.000000 0.000000 0.000000 -33054.811164 74.185041
300.000000 0.064000 0.064000 0.064000 0.000000 0.000000 0.000000 -32981.761596 31.336661
300.000000 0.066000 0.066000 0.066000 0.000000 0.000000 0.000000 -33144.230922 76.029888
300.000000 0.068000 0.068000 0.068000 0.000000 0.000000 0.000000 -33002.641067 48.936791
300.000000 0.070000 0.070000 0.070000 0.000000 0.000000 0.000000 -32941.826793 28.854344
300.000000 0.072000 0.072000 0.072000 0.000000 0.000000 0.000000 -33080.064158 40.725432
300.000000 0.074000 0.074000 0.074000 0.000000 0.000000 0.000000 -32969.152819 67.234046
300.000000 0.076000 0.076000 0.076000 0.000000 0.000000 0.000000 -32977.452906 43.617049
300.000000 0.078000 0.078000 0.078000 0.000000 0.000000 0.000000 -33037.923048 87.917990
300.000000 0.080000 0.080000 0.080000 0.000000 0.000000 0.000000 -32894.019925 86.113023
300.000000 0.082000 0.082000 0.082000 0.000000 0.000000 0.000000 -33038.552805 34.159722
300.000000 0.084000 0.084000 0.084000 0.000000 0.000000 0.000000 -32951.991108 32.162567
300.000000 0.086000 0.086000 0.086000 0.000000 0.000000 0.000000 -32936.672550 61.135329
300.000000 0.088000 0.088000 0.088000 0.000000 0.000000 0.000000 -33038.677060 34.748433
300.000000 0.090000 0.090000 0.090000 0.000000 0.000000 0.000000 -33118.047577 34.655942
300.000000 0.092000 0.092000 0.092000 0.000000 0.000000 0.000000 -33104.048096 53.194110
300.000000 0.094000 0.094000 0.094000 0.000000 0.000000 0.000000 -33058.485682 44.219505
300.000000 0.096000 0.096000 0.096000 0.000000 0.000000 0.000000 -33059.116202 51.104749
300.000000 0.098000 0.098000 0.098000 0.000000 0.000000 0.000000 -33040.373498 23.394517
300.000000 0.100000 0.100000 0.100000 0.000000 0.000000 0.000000 -33039.403469 23.000108
300.000000 0.102000 0.102000 0.102000 0.000000 0.000000 0.000000 -32976.713812 43.575138
300.000000 0.104000 0.104000 0.104000 0.000000 0.000000 0.000000 -33077.933822 43.129127
300.000000 0.106000 0.106000 0.106000 0.000000 0.000000 0.000000 -33038.644028 33.242778
300.000000 0.108000 0.108000 0.108000 0.000000 0.000000 0.000000 -33091.972728 28.213029
300.000000 0.110000 0.110000 0.110000 0.000000 0.000000 0.000000 -33127.900945 46.475696
300.000000 0.112000 0.112000 0.112000 0.000000 0.000000 0.000000 -33113.667538 12.237593
300.000000 0.114000 0.114000 0.114000 0.000000 0.000000 0.000000 -33150.814637 15.917189
300.000000 0.116000 0.116000 0.116000 0.000000 0.000000 0.000000 -33277.241493 59.132568
300.000000 0.118000 0.118000 0.118000 0.000000 0.000000 0.000000 -33063.394948 80.533048
300.000000 0.120000 0.120000 0.120000 0.000000 0.000000 0.000000 -33160.994750 46.336094
300.000000 0.122000 0.122000 0.122000 0.000000 0.000000 0.000000 -33197.229776 36.178511
300.000000 0.124000 0.124000 0.124000 0.000000 0.000000 0.000000 -33215.924123 23.760854
300.000000 0.126000 0.126000 0.126000 0.000000 0.000000 0.000000 -33078.400779 35.897041
300.000000 0.128000 0.128000 0.128000 0.000000 0.000000 0.000000 -33009.334949 37.473313
300.000000 0.130000 0.130000 0.130000 0.000000 0.000000 0.000000 -33070.157574 47.141211
300.000000 0.132000 0.132000 0.132000 0.000000 0.000000 0.000000 -33140.359827 8.829675
300.000000 0.134000 0.134000 0.134000 0.000000 0.000000 0.000000 -33027.447040 11.487009
300.000000 0.136000 0.136000 0.136000 0.000000 0.000000 0.000000 -33036.555406 48.943842
300.000000 0.138000 0.138000 0.138000 0.000000 0.000000 0.000000 -32991.432888 64.642529
300.000000 0.140000 0.140000 0.140000 0.000000 0.000000 0.000000 -32969.208369 44.236818
300.000000 0.142000 0.142000 0.142000 0.000000 0.000000 0.000000 -33061.641974 35.855532
300.000000 0.144000 0.144000 0.144000 0.000000 0.000000 0.000000 -33000.715765 37.218930
300.000000 0.146000 0.146000 0.146000 0.000000 0.000000 0.000000 -33077.462533 26.323410
300.000000 0.148000 0.148000 0.148000 0.000000 0.000000 0.000000 -33115.034080 44.855823
300.000000 0.150000 0.150000 0.150000 0.000000 0.000000 0.000000 -33014.025989 40.704077
300.000000 0.152000 0.152000 0.152000 0.000000 0.000000 0.000000 -33051.201192 39.590714
300.000000 0.154000 0.154000 0.154000 0.000000 0.000000 0.000000 -33002.040782 26.152927
300.000000 0.156000 0.156000 0.156000 0.000000 0.000000 0.000000 -33005.706499 24.051273
300.000000 0.158000 0.158000 0.158000 0.000000 0.000000 0.000000 -32992.548460 47.223898
300.000000 0.160000 0.160000 0.160000 0.000000 0.000000 0.000000 -32895.746088 36.434002
300.000000 0.162000 0.162000 0.162000 0.000000 0.000000 0.000000 -32948.147444 30.418138
300.000000 0.164000 0.164000 0.164000 0.000000 0.000000 0.000000 -32952.857662 74.609798
300.000000 0.166000 0.166000 0.166000 0.000000 0.000000 0.000000 -33005.150550 43.796431
300.000000 0.168000 0.168000 0.168000 0.000000 0.000000 0.000000 -32948.827854 19.430224
300.000000 0.170000 0.170000 0.170000 0.000000 0.000000 0.000000 -32902.932326 36.378925
300.000000 0.172000 0.172000 0.172000 0.000000 0.000000 0.000000 -32878.949537 32.333043
300.000000 0.174000 0.174000 0.174000 0.000000 0.000000 0.000000 -32968.350432 5.132419
300.000000 0.176000 0.176000 0.176000 0.000000 0.000000 0.000000 -32998.333327 28.496774
300.000000 0.178000 0.178000 0.178000 0.000000 0.000000 0.000000 -33011.380965 33.650886
300.000000 0.180000 0.180000 0.180000 0.000000 0.000000 0.000000 -32967.084060 34.783520
300.000000 0.182000 0.182000 0.182000 0.000000 0.000000 0.000000 -32998.458193 46.332894
300.000000 0.184000 0.184000 0.184000 0.000000 0.000000 0.000000 -33017.959135 69.319950
300.000000 0.186000 0.186000 0.186000 0.000000 0.000000 0.000000 -33009.586053 39.393341
300.000000 0.188000 0.188000 0.188000 0.000000 0.000000 0.000000 -33074.287206 22.962673
300.000000 0.190000 0.190000 0.190000 0.000000 0.000000 0.000000 -33033.745146 40.250588
300.000000 0.192000 0.192000 0.192000 0.000000 0.000000 0.000000 -33119.263745 11.638450
300.000000 0.194000 0.194000 0.194000 0.000000 0.000000 0.000000 -33050.186877 36.088080
300.000000 0.196000 0.196000 0.196000 0.000000 0.000000 0.000000 -33095.343938 26.473773
300.000000 0.198000 0.198000 0.198000 0.000000 0.000000 0.000000 -33056.148801 33.850610
300.000000 0.200000 0.200000 0.200000 0.000000 0.000000 0.000000 -33036.340612 12.341529
300.000000 0.202000 0.202000 0.202000 0.000000 0.000000 0.000000 -32991.130941 22.330804
300.000000 0.204000 0.204000 0.204000 0.000000 0.000000 0.000000 -33181.615926 45.478593
300.000000 0.206000 0.206000 0.206000 0.000000 0.000000 0.000000 -33041.121267 15.585549
300.000000 0.208000 0.208000 0.208000 0.000000 0.000000 0.000000 -33127.869415 5.692126
300.000000 0.210000 0.210000 0.210000 0.000000 0.000000 0.000000 -32989.302519 26.132158
300.000000 0.212000 0.212000 0.212000 0.000000 0.000000 0.000000 -33150.347421 15.179525
300.000000 0.214000 0.214000 0.214000 0.000000 0.000000 0.000000 -33230.538198 18.471823
300.000000 0.216000 0.216000 0.216000 0.000000 0.000000 0.000000 -33322.455809 11.983221
300.000000 0.218000 0.218000 0.218000 0.000000 0.000000 0.000000 -33181.218425 22.354431
300.000000 0.220000 0.220000 0.220000 0.000000 0.000000 0.000000 -33119.143222 10.127216
300.000000 0.222000 0.222000 0.222000 0.000000 0.000000 0.000000 -33168.938546 18.773918
300.000000 0.224000 0.224000 0.224000 0.000000 0.000000 0.000000 -33191.884394 23.764326
300.000000 0.226000 0.226000 0.226000 0.000000 0.000000 0.000000 -33082.759883 30.326300
300.000000 0.228000 0.228000 0.228000 0.000000 0.000000 0.000000 -33075.371671 6.684771
300.000000 0.230000 0.230000 0.230000 0.000000 0.000000 0.000000 -33035.268243 15.418905
300.000000 0.232000 0.232000 0.232000 0.000000 0.000000 0.000000 -32950.634033 15.644516
300.000000 0.234000 0.234000 0.234000 0.000000 0.000000 0.000000 -33090.885523 17.141369
300.000000 0.236000 0.236000 0.236000 0.000000 0.000000 0.000000 -33019.121171 22.705733
300.000000 0.238000 0.238000 0.238000 0.000000 0.000000 0.000000 -33007.190949 13.079131
300.000000 0.240000 0.240000 0.240000 0.000000 0.000000 0.000000 -33023.157032 13.369161
300.000000 0.242000 0.242000 0.242000 0.000000 0.000000 0.000000 -33042.967887 26.384157
300.000000 0.244000 0.244000 0.244000 0.000000 0.000000 0.000000 -32994.974613 27.226255
300.000000 0.246000 0.246000 0.246000 0.000000 0.000000 0.000000 -32891.997988 20.337292
300.000000 0.248000 0.248000 0.248000 0.000000 0.000000 0.000000 -32940.255220 17.301547
300.000000 0.250000 0.250000 0.250000 0.000000 0.000000 0.000000 -32947.313778 39.523528
300.000000 0.252000 0.252000 0.252000 0.000000 0.000000 0.000000 -33006.423318 4.755859
300.000000 0.254000 0.254000 0.254000 0.000000 0.000000 0.000000 -32952.683288 8.706399
300.000000 0.256000 0.256000 0.256000 0.000000 0.000000 0.000000 -33000.854844 16.006050
300.000000 0.258000 0.258000 0.258000 0.000000 0.000000 0.000000 -32939.685870 6.419481
300.000000 0.260000 0.260000 0.260000 0.000000 0.000000 0.000000 -33104.835012 19.981833
300.000000 0.262000 0.262000 0.262000 0.000000 0.000000 0.000000 -33005.804764 28.070599
300.000000 0.264000 0.264000 0.264000 0.000000 0.000000 0.000000 -32976.108390 7.064239
300.000000 0.266000 0.266000 0.266000 0.000000 0.000000 0.000000 -32986.210669 0.539580
300.000000 0.268000 0.268000 0.268000 0.000000 0.000000 0.000000 -32904.546446 15.232205
300.000000 0.270000 0.270000 0.270000 0.000000 0.000000 0.000000 -32974.082817 14.301637
300.000000 0.272000 0.272000 0.272000 0.000000 0.000000 0.000000 -33107.841001 32.425258
300.000000 0.274000 0.274000 0.274000 0.000000 0.000000 0.000000 -32877.547469 26.041041
300.000000 0.276000 0.276000 0.276000 0.000000 0.000000 0.000000 -32915.992962 27.522207
300.000000 0.278000 0.278000 0.278000 0.000000 0.000000 0.000000 -32959.451747 15.700477
300.000000 0.280000 0.280000 0.280000 0.000000 0.000000 0.000000 -32954.639251 5.888845
300.000000 0.282000 0.282000 0.282000 0.000000 0.000000 0.000000 -32980.104474 10.251132
300.000000 0.284000 0.284000 0.284000 0.000000 0.000000 0.000000 -32982.264249 28.194918
300.000000 0.286000 0.286000 0.286000 0.000000 0.000000 0.000000 -32990.314856 9.466776
300.000000 0.288000 0.288000 0.288000 0.000000 0.000000 0.000000 -32962.480510 14.953666
300.000000 0.290000 0.290000 0.290000 0.000000 0.000000 0.000000 -33035.827163 19.582273
300.000000 0.292000 0.292000 0.292000 0.000000 0.000000 0.000000 -32946.797545 18.846022
300.000000 0.294000 0.294000 0.294000 0.000000 0.000000 0.000000 -33103.771639 0.534865
300.000000 0.296000 0.296000 0.296000 0.000000 0.000000 0.000000 -32985.800219 17.356257
300.000000 0.298000 0.298000 0.298000 0.000000 0.000000 0.000000 -32981.248371 11.555694
300.000000 0.300000 0.300000 0.300000 0.000000 0.000000 0.000000 -33026.966684 3.628549
300.000000 0.302000 0.302000 0.302000 0.000000 0.000000 0.000000 -33010.075088 14.127722
300.000000 0.304000 0.304000 0.304000 0.000000 0.000000 0.000000 -33171.412744 9.793379
300.000000 0.306000 0.306000 0.306000 0.000000 0.000000 0.000000 -32975.476114 21.724608
300.000000 0.308000 0.308000 0.308000 0.000000 0.000000 0.000000 -33015.506963 2.939770
300.000000 0.310000 0.310000 0.310000 0.000000 0.000000 0.000000 -32978.219195 22.114197
300.000000 0.312000 0.312000 0.312000 0.000000 0.000000 0.000000 -32962.189442 13.635561
300.000000 0.314000 0.314000 0.314000 0.000000 0.000000 0.000000 -32957.070921 0.099421
300.000000 0.316000 0.316000 0.316000 0.000000 0.000000 0.000000 -33096.319392 21.032944
300.000000 0.318000 0.318000 0.318000 0.000000 0.000000 0.000000 -33011.752346 11.736744
300.000000 0.320000 0.320000 0.320000 0.000000 0.000000 0.000000 -33028.408604 12.584617
300.000000 0.322000 0.322000 0.322000 0.000000 0.000000 0.000000 -32892.788820 7.786616
300.000000 0.324000 0.324000 0.324000 0.000000 0.000000 0.000000 -32909.702907 8.118135
300.000000 0.326000 0.326000 0.326000 0.000000 0.000000 0.000000 -32910.938883 23.996403
300.000000 0.328000 0.328000 0.328000 0.000000 0.000000 0.000000 -32966.930028 1.760035
300.000000 0.330000 0.330000 0.330000 0.000000 0.000000 0.000000 -32895.075648 -0.216261
300.000000 0.332000 0.332000 0.332000 0.000000 0.000000 0.000000 -33028.647753 12.952810
300.000000 0.334000 0.334000 0.334000 0.000000 0.000000 0.000000 -33059.315036 0.174706
300.000000 0.336000 0.336000 0.336000 0.000000 0.000000 0.000000 -32974.680784 6.538609
300.000000 0.338000 0.338000 0.338000 0.000000 0.000000 0.000000 -32903.755090 7.851167
300.000000 0.340000 0.340000 0.340000 0.000000 0.000000 0.000000 -32949.881308 -7.345403
300.000000 0.342000 0.342000 0.342000 0.000000 0.000000 0.000000 -32971.718467 11.654480
300.000000 0.344000 0.344000 0.344000 0.000000 0.000000 0.000000 -33148.381871 8.283499
300.000000 0.346000 0.346000 0.346000 0.000000 0.000000 0.000000 -33039.454962 7.764659
300.000000 0.348000 0.348000 0.348000 0.000000 0.000000 0.000000 -33044.472821 12.330678
300.000000 0.350000 0.350000 0.350000 0.000000 0.000000 0.000000 -32936.019269 7.234510
300.000000 0.352000 0.352000 0.352000 0.000000 0.000000 0.000000 -32952.305385 -0.604263
300.000000 0.354000 0.354000 0.354000 0.000000 0.000000 0.000000 -32933.309196 5.948480
300.000000 0.356000 0.356000 0.356000 0.000000 0.000000 0.000000 -33087.915834 9.965349
300.000000 0.358000 0.358000 0.358000 0.000000 0.000000 0.000000 -32987.692992 9.199000
300.000000 0.360000 0.360000 0.360000 0.000000 0.000000 0.000000 -32976.295074 -2.574644
300.000000 0.362000 0.362000 0.362000 0.000000 0.000000 0.000000 -33003.421636 13.396644
300.000000 0.364000 0.364000 0.364000 0.000000 0.000000 0.000000 -33092.255590 7.142233
300.000000 0.366000 0.366000 0.366000 0.000000 0.000000 0.000000 -33132.866329 -6.428708
300.000000 0.368000 0.368000 0.368000 0.000000 0.000000 0.000000 -33113.755934 10.739926
300.000000 0.370000 0.370000 0.370000 0.000000 0.000000 0.000000 -33149.098803 1.430790
300.000000 0.372000 0.372000 0.372000 0.000000 0.000000 0.000000 -33096.307549 -1.667439
300.000000 0.374000 0.374000 0.374000 0.000000 0.000000 0.000000 -33026.674430 3.731741
300.000000 0.376000 0.376000 0.376000 0.000000 0.000000 0.000000 -32933.382468 7.255469
300.000000 0.378000 0.378000 0.378000 0.000000 0.000000 0.000000 -33078.661654 7.073929
300.000000 0.380000 0.380000 0.380000 0.000000 0.000000 0.000000 -32989.559379 0.180583
300.000000 0.382000 0.382000 0.382000 0.000000 0.000000 0.000000 -32924.548354 0.731018
300.000000 0.384000 0.384000 0.384000 0.000000 0.000000 0.000000 -32990.783786 -1.059689
300.000000 0.386000 0.386000 0.386000 0.000000 0.000000 0.000000 -33031.904231 10.744398
300.000000 0.388000 0.388000 0.388000 0.000000 0.000000 0.000000 -32993.856028 5.778727
300.000000 0.390000 0.390000 0.390000 0.000000 0.000000 0.000000 -33178.636388 3.789696
300.000000 0.392000 0.392000 0.392000 0.000000 0.000000 0.000000 -33146.663335 5.998386
300.000000 0.394000 0.394000 0.394000 0.000000 0.000000 0.000000 -33107.144273 -0.834266
300.000000 0.396000 0.396000 0.396000 0.000000 0.000000 0.000000 -33088.464291 14.687270
300.000000 0.398000 0.398000 0.398000 0.000000 0.000000 0.000000 -33028.885958 11.900182
300.000000 0.400000 0.400000 0.400000 0.000000 0.000000 0.000000 -33086.640339 -1.878607
300.000000 0.402000 0.402000 0.402000 0.000000 0.000000 0.000000 -33202.716681 2.815318
300.000000 0.404000 0.404000 0.404000 0.000000 0.000000 0.000000 -33167.550497 2.995634
300.000000 0.406000 0.406000 0.406000 0.000000 0.000000 0.000000 -33164.869151 7.248895
300.000000 0.408000 0.408000 0.408000 0.000000 0.000000 0.000000 -33112.660858 13.158904
300.000000 0.410000 0.410000 0.410000 0.000000 0.000000 0.000000 -33158.423311 4.687299
300.000000 0.412000 0.412000 0.412000 0.000000 0.000000 0.000000 -33222.204025 10.616169
300.000000 0.414000 0.414000 0.414000 0.000000 0.000000 0.000000 -33199.837683 5.128801
300.000000 0.416000 0.416000 0.416000 0.000000 0.000000 0.000000 -33178.826258 4.015216
300.000000 0.418000 0.418000 0.418000 0.000000 0.000000 0.000000 -33205.464551 -7.262781
300.000000 0.420000 0.420000 0.420000 0.000000 0.000000 0.000000 -33047.885368 5.426403
300.000000 0.422000 0.422000 0.422000 0.000000 0.000000 0.000000 -33195.754652 3.121555
300.000000 0.424000 0.424000 0.424000 0.000000 0.000000 0.000000 -33088.900368 -3.125858
300.000000 0.426000 0.426000 0.426000 0.000000 0.000000 0.000000 -33114.430093 2.975161
300.000000 0.428000 0.428000 0.428000 0.000000 0.000000 0.000000 -32992.433426 7.812671
300.000000 0.430000 0.430000 0.430000 0.000000 0.000000 0.000000 -32897.234710 5.502732
300.000000 0.432000 0.432000 0.432000 0.000000 0.000000 0.000000 -33147.037981 0.715447
300.000000 0.434000 0.434000 0.434000 0.000000 0.000000 0.000000 -33077.062033 -1.899183
300.000000 0.436000 0.436000 0.436000 0.000000 0.000000 0.000000 -33167.894075 -8.107130
300.000000 0.438000 0.438000 0.438000 0.000000 0.000000 0.000000 -33096.306616 -5.065123
300.000000 0.440000 0.440000 0.440000 0.000000 0.000000 0.000000 -32939.475345 4.683980
300.000000 0.442000 0.442000 0.442000 0.000000 0.000000 0.000000 -32865.558044 14.687743
300.000000 0.444000 0.444000 0.444000 0.000000 0.000000 0.000000 -32969.709820 0.313981
300.000000 0.446000 0.446000 0.446000 0.000000 0.000000 0.000000 -32957.514113 -0.064066
300.000000 0.448000 0.448000 0.448000 0.000000 0.000000 0.000000 -33042.870932 12.959936
300.000000 0.450000 0.450000 0.450000 0.000000 0.000000 0.000000 -33021.300588 2.876188
300.000000 0.452000 0.452000 0.452000 0.000000 0.000000 0.000000 -33005.757176 1.001220
300.000000 0.454000 0.454000 0.454000 0.000000 0.000000 0.000000 -33008.000987 3.194719
300.000000 0.456000 0.456000 0.456000 0.000000 0.000000 0.000000 -33038.357415 1.494817
300.000000 0.458000 0.458000 0.458000 0.000000 0.000000 0.000000 -32973.383217 9.910999
300.000000 0.460000 0.460000 0.460000 0.000000 0.000000 0.000000 -33056.125898 -6.625842
300.000000 0.462000 0.462000 0.462000 0.000000 0.000000 0.000000 -33066.276615 -7.237700
300.000000 0.464000 0.464000 0.464000 0.000000 0.000000 0.000000 -33048.936519 -2.028769
300.000000 0.466000 0.466000 0.466000 0.000000 0.000000 0.000000 -32973.214377 -12.600020
300.000000 0.468000 0.468000 0.468000 0.000000 0.000000 0.000000 -33042.688054 2.298803
300.000000 0.470000 0.470000 0.470000 0.000000 0.000000 0.000000 -33014.424112 -1.477740
300.000000 0.472000 0.472000 0.472000 0.000000 0.000000 0.000000 -32931.609185 2.503335
300.000000 0.474000 0.474000 0.474000 0.000000 0.000000 0.000000 -33029.519816 -2.917308
300.000000 0.476000 0.476000 0.476000 0.000000 0.000000 0.000000 -32960.697952 -3.502482
300.000000 0.478000 0.478000 0.478000 0.000000 0.000000 0.000000 -33056.877535 -10.413613
300.000000 0.480000 0.480000 0.480000 0.000000 0.000000 0.000000 -32986.417326 -12.849686
300.000000 0.482000 0.482000 0.482000 0.000000 0.000000 0.000000 -33005.094972 -8.267489
300.000000 0.484000 0.484000 0.484000 0.000000 0.000000 0.000000 -32955.175011 -9.263809
300.000000 0.486000 0.486000 0.486000 0.000000 0.000000 0.000000 -33125.905189 -4.560610
300.000000 0.488000 0.488000 0.488000 0.000000 0.000000 0.000000 -33094.666197 5.621778
300.000000 0.490000 0.490000 0.490000 0.000000 0.000000 0.000000 -33003.672830 -8.059473
300.000000 0.492000 0.492000 0.492000 0.000000 0.000000 0.000000 -33131.829430 -15.472546
300.000000 0.494000 0.494000 0.494000 0.000000 0.000000 0.000000 -32943.672131 2.308867
300.000000 0.496000 0.496000 0.496000 0.000000 0.000000 0.000000 -33146.533216 -8.022912
300.000000 0.498000 0.498000 0.498000 0.000000 0.000000 0.000000 -33063.584051 6.412163
