300.000000 0.000000 0.000000 0.000000 0.000000 0.000000 0.000000 -14785.260546 852.791646
300.000000 0.002000 0.002000 0.002000 0.000000 0.000000 0.000000 -14888.844752 847.480982
300.000000 0.004000 0.004000 0.004000 0.000000 0.000000 0.000000 -14866.183768 914.349738
300.000000 0.006000 0.006000 0.006000 0.000000 0.000000 0.000000 -14845.473667 836.068059
300.000000 0.008000 0.008000 0.008000 0.000000 0.000000 0.000000 -14836.088188 797.720008
300.000000 0.010000 0.010000 0.010000 0.000000 0.000000 0.000000 -14864.587355 873.450779
300.000000 0.012000 0.012000 0.012000 0.000000 0.000000 0.000000 -14906.652193 725.123134
300.000000 0.014000 0.014000 0.014000 0.000000 0.000000 0.000000 -14896.592387 768.441388
300.000000 0.016000 0.016000 0.016000 0.000000 0.000000 0.000000 -14935.055671 870.091915
300.000000 0.018000 0.018000 0.018000 0.000000 0.000000 0.000000 -14883.942118 959.273222
300.000000 0.020000 0.020000 0.020000 0.000000 0.000000 0.000000 -14885.067333 865.977348
300.000000 0.022000 0.022000 0.022000 0.000000 0.000000 0.000000 -14913.865129 643.045694
300.000000 0.024000 0.024000 0.024000 0.000000 0.000000 0.000000 -14819.398089 691.181112
300.000000 0.026000 0.026000 0.026000 0.000000 0.000000 0.000000 -14804.161178 744.816009
300.000000 0.028000 0.028000 0.028000 0.000000 0.000000 0.000000 -14871.881880 793.194314
300.000000 0.030000 0.030000 0.030000 0.000000 0.000000 0.000000 -14876.875288 747.913741
300.000000 0.032000 0.032000 0.032000 0.000000 0.000000 0.000000 -14866.394184 772.328909
300.000000 0.034000 0.034000 0.034000 0.000000 0.000000 0.000000 -14804.251171 721.697834
300.000000 0.036000 0.036000 0.036000 0.000000 0.000000 0.000000 -14864.862031 667.475584
300.000000 0.038000 0.038000 0.038000 0.000000 0.000000 0.000000 -14835.343793 54.650155
300.000000 0.040000 0.040000 0.040000 0.000000 0.000000 0.000000 -14825.671338 63.217017
300.000000 0.042000 0.042000 0.042000 0.000000 0.000000 0.000000 -14914.605758 50.191205
300.000000 0.044000 0.044000 0.044000 0.000000 0.000000 0.000000 -14925.694997 32.086520
300.000000 0.046000 0.046000 0.046000 0.000000 0.000000 0.000000 -14892.900668 65.218690
300.000000 0.048000 0.048000 0.048000 0.000000 0.000000 0.000000 -14812.257056 36.366217
300.000000 0.050000 0.050000 0.050000 0.000000 0.000000 0.000000 -14870.722556 94.198136
300.000000 0.052000 0.052000 0.052000 0.000000 0.000000 0.000000 -14927.203235 42.617710
300.000000 0.054000 0.054000 0.054000 0.000000 0.000000 0.000000 -14812.524217 37.949630
300.000000 0.056000 0.056000 0.056000 0.000000 0.000000 0.000000 -14872.870767 36.254183
300.000000 0.058000 0.058000 0.058000 0.000000 0.000000 0.000000 -14777.343315 62.320746
300.000000 0.060000 0.060000 0.060000 0.000000 0.000000 0.000000 -14811.709324 68.049414
300.000000 0.062000 0.062000 0.062000 0.000000 0.000000 0.000000 -14845.369357 51.505736
300.000000 0.064000 0.064000 0.064000 0.000000 0.000000 0.000000 -14929.212056 59.893344
300.000000 0.066000 0.066000 0.066000 0.000000 0.000000 0.000000 -14912.115172 53.425251
300.000000 0.068000 0.068000 0.068000 0.000000 0.000000 0.000000 -14877.210728 30.129661
300.000000 0.070000 0.070000 0.070000 0.000000 0.000000 0.000000 -14852.362301 50.056764
300.000000 0.072000 0.072000 0.072000 0.000000 0.000000 0.000000 -14845.062551 21.562799
300.000000 0.074000 0.074000 0.074000 0.000000 0.000000 0.000000 -14857.039437 37.815189
300.000000 0.076000 0.076000 0.076000 0.000000 0.000000 0.000000 -14907.639809 48.353848
300.000000 0.078000 0.078000 0.078000 0.000000 0.000000 0.000000 -14901.321375 58.698315
300.000000 0.080000 0.080000 0.080000 0.000000 0.000000 0.000000 -14876.536852 29.435050
300.000000 0.082000 0.082000 0.082000 0.000000 0.000000 0.000000 -14900.542959 70.484285
300.000000 0.084000 0.084000 0.084000 0.000000 0.000000 0.000000 -14945.309493 50.138922
300.000000 0.086000 0.086000 0.086000 0.000000 0.000000 0.000000 -14870.021181 43.394479
300.000000 0.088000 0.088000 0.088000 0.000000 0.000000 0.000000 -14900.167527 46.023542
300.000000 0.090000 0.090000 0.090000 0.000000 0.000000 0.000000 -14895.091044 36.911448
300.000000 0.092000 0.092000 0.092000 0.000000 0.000000 0.000000 -14849.770108 61.633604
300.000000 0.094000 0.094000 0.094000 0.000000 0.000000 0.000000 -14862.737046 24.513026
300.000000 0.096000 0.096000 0.096000 0.000000 0.000000 0.000000 -14968.357265 42.102354
300.000000 0.098000 0.098000 0.098000 0.000000 0.000000 0.000000 -14992.744276 27.000179
300.000000 0.100000 0.100000 0.100000 0.000000 0.000000 0.000000 -14915.279594 41.601936
300.000000 0.102000 0.102000 0.102000 0.000000 0.000000 0.000000 -14871.620301 43.551326
300.000000 0.104000 0.104000 0.104000 0.000000 0.000000 0.000000 -14944.630482 45.396152
300.000000 0.106000 0.106000 0.106000 0.000000 0.000000 0.000000 -14974.361604 31.974486
300.000000 0.108000 0.108000 0.108000 0.000000 0.000000 0.000000 -14965.040876 46.591181
300.000000 0.110000 0.110000 0.110000 0.000000 0.000000 0.000000 -15007.020448 24.886472
300.000000 0.112000 0.112000 0.112000 0.000000 0.000000 0.000000 -14893.546010 45.343870
300.000000 0.114000 0.114000 0.114000 0.000000 0.000000 0.000000 -14874.971248 47.808616
300.000000 0.116000 0.116000 0.116000 0.000000 0.000000 0.000000 -14870.107133 26.671546
300.000000 0.118000 0.118000 0.118000 0.000000 0.000000 0.000000 -14802.880083 27.724665
300.000000 0.120000 0.120000 0.120000 0.000000 0.000000 0.000000 -14879.410598 37.568714
300.000000 0.122000 0.122000 0.122000 0.000000 0.000000 0.000000 -14785.368471 27.246654
300.000000 0.124000 0.124000 0.124000 0.000000 0.000000 0.000000 -14810.392076 30.734644
300.000000 0.126000 0.126000 0.126000 0.000000 0.000000 0.000000 -14840.412823 45.269180
300.000000 0.128000 0.128000 0.128000 0.000000 0.000000 0.000000 -14825.699788 24.572777
300.000000 0.130000 0.130000 0.130000 0.000000 0.000000 0.000000 -14748.472242 42.804434
300.000000 0.132000 0.132000 0.132000 0.000000 0.000000 0.000000 -14805.948362 36.022646
300.000000 0.134000 0.134000 0.134000 0.000000 0.000000 0.000000 -14768.484600 32.616814
300.000000 0.136000 0.136000 0.136000 0.000000 0.000000 0.000000 -14787.873618 33.057481
300.000000 0.138000 0.138000 0.138000 0.000000 0.000000 0.000000 -14884.183728 39.211879
300.000000 0.140000 0.140000 0.140000 0.000000 0.000000 0.000000 -14809.934436 45.732254
300.000000 0.142000 0.142000 0.142000 0.000000 0.000000 0.000000 -14867.974288 29.957875
300.000000 0.144000 0.144000 0.144000 0.000000 0.000000 0.000000 -14851.458969 22.854924
300.000000 0.146000 0.146000 0.146000 0.000000 0.000000 0.000000 -14775.727577 56.278382
300.000000 0.148000 0.148000 0.148000 0.000000 0.000000 0.000000 -14867.107343 54.269240
300.000000 0.150000 0.150000 0.150000 0.000000 0.000000 0.000000 -14979.390263 51.737273
300.000000 0.152000 0.152000 0.152000 0.000000 0.000000 0.000000 -14857.103571 43.304852
300.000000 0.154000 0.154000 0.154000 0.000000 0.000000 0.000000 -14871.071343 34.073255
300.000000 0.156000 0.156000 0.156000 0.000000 0.000000 0.000000 -14898.962287 27.186902
300.000000 0.158000 0.158000 0.158000 0.000000 0.000000 0.000000 -14913.309225 37.269957
300.000000 0.160000 0.160000 0.160000 0.000000 0.000000 0.000000 -14859.732721 35.611855
300.000000 0.162000 0.162000 0.162000 0.000000 0.000000 0.000000 -14876.283057 36.650036
300.000000 0.164000 0.164000 0.164000 0.000000 0.000000 0.000000 -14833.234555 32.616814
300.000000 0.166000 0.166000 0.166000 0.000000 0.000000 0.000000 -14852.975570 24.557839
300.000000 0.168000 0.168000 0.168000 0.000000 0.000000 0.000000 -14951.000315 42.079947
300.000000 0.170000 0.170000 0.170000 0.000000 0.000000 0.000000 -14844.789674 42.617710
300.000000 0.172000 0.172000 0.172000 0.000000 0.000000 0.000000 -14807.623323 40.025992
300.000000 0.174000 0.174000 0.174000 0.000000 0.000000 0.000000 -14827.462798 39.973709
300.000000 0.176000 0.176000 0.176000 0.000000 0.000000 0.000000 -14765.018548 29.293141
300.000000 0.178000 0.178000 0.178000 0.000000 0.000000 0.000000 -14864.646703 21.630019
300.000000 0.180000 0.180000 0.180000 0.000000 0.000000 0.000000 -14841.650492 33.759560
300.000000 0.182000 0.182000 0.182000 0.000000 0.000000 0.000000 -14795.260243 31.713074
300.000000 0.184000 0.184000 0.184000 0.000000 0.000000 0.000000 -14768.639741 8.693834
300.000000 0.186000 0.186000 0.186000 0.000000 0.000000 0.000000 -14750.585414 32.967854
300.000000 0.188000 0.188000 0.188000 0.000000 0.000000 0.000000 -14693.381342 30.129661
300.000000 0.190000 0.190000 0.190000 0.000000 0.000000 0.000000 -14749.106754 24.572777
300.000000 0.192000 0.192000 0.192000 0.000000 0.000000 0.000000 -14737.697474 24.415930
300.000000 0.194000 0.194000 0.194000 0.000000 0.000000 0.000000 -14795.563676 22.399319
300.000000 0.196000 0.196000 0.196000 0.000000 0.000000 0.000000 -14817.841485 19.717973
300.000000 0.198000 0.198000 0.198000 0.000000 0.000000 0.000000 -14801.141901 23.810946
300.000000 0.200000 0.200000 0.200000 0.000000 0.000000 0.000000 -14794.865230 24.527964
300.000000 0.202000 0.202000 0.202000 0.000000 0.000000 0.000000 -14828.446681 23.377749
300.000000 0.204000 0.204000 0.204000 0.000000 0.000000 0.000000 -14850.288303 32.870758
300.000000 0.206000 0.206000 0.206000 0.000000 0.000000 0.000000 -14827.228194 28.217615
300.000000 0.208000 0.208000 0.208000 0.000000 0.000000 0.000000 -14832.256921 20.218391
300.000000 0.210000 0.210000 0.210000 0.000000 0.000000 0.000000 -14861.109641 29.801028
300.000000 0.212000 0.212000 0.212000 0.000000 0.000000 0.000000 -14834.234552 18.037464
300.000000 0.214000 0.214000 0.214000 0.000000 0.000000 0.000000 -14825.340783 21.084787
300.000000 0.216000 0.216000 0.216000 0.000000 0.000000 0.000000 -14806.225526 27.022586
300.000000 0.218000 0.218000 0.218000 0.000000 0.000000 0.000000 -14801.650739 18.642447
300.000000 0.220000 0.220000 0.220000 0.000000 0.000000 0.000000 -14930.005755 25.581083
300.000000 0.222000 0.222000 0.222000 0.000000 0.000000 0.000000 -14901.152367 30.771989
300.000000 0.224000 0.224000 0.224000 0.000000 0.000000 0.000000 -14848.419489 23.362811
300.000000 0.226000 0.226000 0.226000 0.000000 0.000000 0.000000 -14836.333487 16.483927
300.000000 0.228000 0.228000 0.228000 0.000000 0.000000 0.000000 -14841.520979 26.327976
300.000000 0.230000 0.230000 0.230000 0.000000 0.000000 0.000000 -14831.256244 24.841659
300.000000 0.232000 0.232000 0.232000 0.000000 0.000000 0.000000 -14827.471734 23.982732
300.000000 0.234000 0.234000 0.234000 0.000000 0.000000 0.000000 -14856.756227 30.764520
300.000000 0.236000 0.236000 0.236000 0.000000 0.000000 0.000000 -14802.329668 38.076601
300.000000 0.238000 0.238000 0.238000 0.000000 0.000000 0.000000 -14833.436585 20.905533
300.000000 0.240000 0.240000 0.240000 0.000000 0.000000 0.000000 -14796.814102 24.199331
300.000000 0.242000 0.242000 0.242000 0.000000 0.000000 0.000000 -14817.777552 24.826721
300.000000 0.244000 0.244000 0.244000 0.000000 0.000000 0.000000 -14853.401032 29.875717
300.000000 0.246000 0.246000 0.246000 0.000000 0.000000 0.000000 -14725.198432 21.420889
300.000000 0.248000 0.248000 0.248000 0.000000 0.000000 0.000000 -14778.408484 31.944610
300.000000 0.250000 0.250000 0.250000 0.000000 0.000000 0.000000 -14831.265912 22.854924
300.000000 0.252000 0.252000 0.252000 0.000000 0.000000 0.000000 -14844.904328 26.962835
300.000000 0.254000 0.254000 0.254000 0.000000 0.000000 0.000000 -14850.777247 21.039974
300.000000 0.256000 0.256000 0.256000 0.000000 0.000000 0.000000 -14845.196067 27.567818
300.000000 0.258000 0.258000 0.258000 0.000000 0.000000 0.000000 -14916.108796 35.059154
300.000000 0.260000 0.260000 0.260000 0.000000 0.000000 0.000000 -14930.876232 19.493905
300.000000 0.262000 0.262000 0.262000 0.000000 0.000000 0.000000 -14945.108941 10.770196
300.000000 0.264000 0.264000 0.264000 0.000000 0.000000 0.000000 -14865.361970 25.424235
300.000000 0.266000 0.266000 0.266000 0.000000 0.000000 0.000000 -14981.308832 26.156190
300.000000 0.268000 0.268000 0.268000 0.000000 0.000000 0.000000 -14923.728966 14.280593
300.000000 0.270000 0.270000 0.270000 0.000000 0.000000 0.000000 -14836.407470 35.626793
300.000000 0.272000 0.272000 0.272000 0.000000 0.000000 0.000000 -14811.311371 32.474904
300.000000 0.274000 0.274000 0.274000 0.000000 0.000000 0.000000 -14884.135538 12.719587
300.000000 0.276000 0.276000 0.276000 0.000000 0.000000 0.000000 -14849.640789 20.136233
300.000000 0.278000 0.278000 0.278000 0.000000 0.000000 0.000000 -14883.019560 27.396033
300.000000 0.280000 0.280000 0.280000 0.000000 0.000000 0.000000 -14876.754878 36.754601
300.000000 0.282000 0.282000 0.282000 0.000000 0.000000 0.000000 -14921.054362 19.874821
300.000000 0.284000 0.284000 0.284000 0.000000 0.000000 0.000000 -14885.046706 21.570268
300.000000 0.286000 0.286000 0.286000 0.000000 0.000000 0.000000 -14793.687654 22.048279
300.000000 0.288000 0.288000 0.288000 0.000000 0.000000 0.000000 -14895.819988 21.682302
300.000000 0.290000 0.290000 0.290000 0.000000 0.000000 0.000000 -14878.960356 19.770256
300.000000 0.292000 0.292000 0.292000 0.000000 0.000000 0.000000 -14934.298946 14.773542
300.000000 0.294000 0.294000 0.294000 0.000000 0.000000 0.000000 -14913.939953 39.017686
300.000000 0.296000 0.296000 0.296000 0.000000 0.000000 0.000000 -14927.322940 13.025813
300.000000 0.298000 0.298000 0.298000 0.000000 0.000000 0.000000 -14984.080737 16.215045
300.000000 0.300000 0.300000 0.300000 0.000000 0.000000 0.000000 -14922.355865 24.759500
300.000000 0.302000 0.302000 0.302000 0.000000 0.000000 0.000000 -14970.146626 16.924594
300.000000 0.304000 0.304000 0.304000 0.000000 0.000000 0.000000 -14942.519445 18.664854
300.000000 0.306000 0.306000 0.306000 0.000000 0.000000 0.000000 -14935.780975 13.346977
300.000000 0.308000 0.308000 0.308000 0.000000 0.000000 0.000000 -14889.298124 17.522108
300.000000 0.310000 0.310000 0.310000 0.000000 0.000000 0.000000 -14859.040456 27.000179
300.000000 0.312000 0.312000 0.312000 0.000000 0.000000 0.000000 -14837.318372 18.179374
300.000000 0.314000 0.314000 0.314000 0.000000 0.000000 0.000000 -14848.626648 23.205963
300.000000 0.316000 0.316000 0.316000 0.000000 0.000000 0.000000 -14812.391749 14.893045
300.000000 0.318000 0.318000 0.318000 0.000000 0.000000 0.000000 -14809.892816 10.441563
300.000000 0.320000 0.320000 0.320000 0.000000 0.000000 0.000000 -14890.590868 19.822538
300.000000 0.322000 0.322000 0.322000 0.000000 0.000000 0.000000 -14864.466049 21.099725
300.000000 0.324000 0.324000 0.324000 0.000000 0.000000 0.000000 -14865.164035 23.713850
300.000000 0.326000 0.326000 0.326000 0.000000 0.000000 0.000000 -14902.903502 29.009321
300.000000 0.328000 0.328000 0.328000 0.000000 0.000000 0.000000 -14852.682537 13.264818
300.000000 0.330000 0.330000 0.330000 0.000000 0.000000 0.000000 -14835.298148 16.132887
300.000000 0.332000 0.332000 0.332000 0.000000 0.000000 0.000000 -14849.399133 10.351936
300.000000 0.334000 0.334000 0.334000 0.000000 0.000000 0.000000 -14768.402095 12.951123
300.000000 0.336000 0.336000 0.336000 0.000000 0.000000 0.000000 -14815.534733 18.590165
300.000000 0.338000 0.338000 0.338000 0.000000 0.000000 0.000000 -14763.882113 19.688098
300.000000 0.340000 0.340000 0.340000 0.000000 0.000000 0.000000 -14809.440954 17.850741
300.000000 0.342000 0.342000 0.342000 0.000000 0.000000 0.000000 -14812.037168 23.415093
300.000000 0.344000 0.344000 0.344000 0.000000 0.000000 0.000000 -14910.026176 22.421726
300.000000 0.346000 0.346000 0.346000 0.000000 0.000000 0.000000 -14940.293745 15.161926
300.000000 0.348000 0.348000 0.348000 0.000000 0.000000 0.000000 -14899.082165 12.024976
300.000000 0.350000 0.350000 0.350000 0.000000 0.000000 0.000000 -14926.365022 18.732075
300.000000 0.352000 0.352000 0.352000 0.000000 0.000000 0.000000 -14866.268055 21.644957
300.000000 0.354000 0.354000 0.354000 0.000000 0.000000 0.000000 -14862.578356 13.414197
300.000000 0.356000 0.356000 0.356000 0.000000 0.000000 0.000000 -14889.986129 8.611675
300.000000 0.358000 0.358000 0.358000 0.000000 0.000000 0.000000 -14829.520340 4.040691
300.000000 0.360000 0.360000 0.360000 0.000000 0.000000 0.000000 -14814.583004 9.343630
300.000000 0.362000 0.362000 0.362000 0.000000 0.000000 0.000000 -14863.226778 15.886413
300.000000 0.364000 0.364000 0.364000 0.000000 0.000000 0.000000 -14803.366149 20.113826
300.000000 0.366000 0.366000 0.366000 0.000000 0.000000 0.000000 -14746.288939 20.696403
300.000000 0.368000 0.368000 0.368000 0.000000 0.000000 0.000000 -14798.882579 15.184333
300.000000 0.370000 0.370000 0.370000 0.000000 0.000000 0.000000 -14811.281585 11.980163
300.000000 0.372000 0.372000 0.372000 0.000000 0.000000 0.000000 -14844.859005 21.869025
300.000000 0.374000 0.374000 0.374000 0.000000 0.000000 0.000000 -14848.824982 12.308795
300.000000 0.376000 0.376000 0.376000 0.000000 0.000000 0.000000 -14957.291208 14.504661
300.000000 0.378000 0.378000 0.378000 0.000000 0.000000 0.000000 -14905.903936 11.517089
300.000000 0.380000 0.380000 0.380000 0.000000 0.000000 0.000000 -14901.553350 8.029099
300.000000 0.382000 0.382000 0.382000 0.000000 0.000000 0.000000 -14973.761549 10.546128
300.000000 0.384000 0.384000 0.384000 0.000000 0.000000 0.000000 -14947.532670 20.606776
300.000000 0.386000 0.386000 0.386000 0.000000 0.000000 0.000000 -14979.865805 12.525394
300.000000 0.388000 0.388000 0.388000 0.000000 0.000000 0.000000 -14964.047067 6.258963
300.000000 0.390000 0.390000 0.390000 0.000000 0.000000 0.000000 -14976.164552 3.450645
300.000000 0.392000 0.392000 0.392000 0.000000 0.000000 0.000000 -14929.313213 19.172741
300.000000 0.394000 0.394000 0.394000 0.000000 0.000000 0.000000 -14998.540588 16.991814
300.000000 0.396000 0.396000 0.396000 0.000000 0.000000 0.000000 -14961.402785 8.432421
300.000000 0.398000 0.398000 0.398000 0.000000 0.000000 0.000000 -14918.489267 9.844049
300.000000 0.400000 0.400000 0.400000 0.000000 0.000000 0.000000 -14967.385978 21.241635
300.000000 0.402000 0.402000 0.402000 0.000000 0.000000 0.000000 -14968.310501 22.130437
300.000000 0.404000 0.404000 0.404000 0.000000 0.000000 0.000000 -14968.492377 22.220065
300.000000 0.406000 0.406000 0.406000 0.000000 0.000000 0.000000 -14943.661766 17.537046
300.000000 0.408000 0.408000 0.408000 0.000000 0.000000 0.000000 -14925.078858 5.385098
300.000000 0.410000 0.410000 0.410000 0.000000 0.000000 0.000000 -14829.782882 18.702199
300.000000 0.412000 0.412000 0.412000 0.000000 0.000000 0.000000 -14868.297086 1.770136
300.000000 0.414000 0.414000 0.414000 0.000000 0.000000 0.000000 -14821.145924 18.478131
300.000000 0.416000 0.416000 0.416000 0.000000 0.000000 0.000000 -14786.459972 15.356119
300.000000 0.418000 0.418000 0.418000 0.000000 0.000000 0.000000 -14878.003665 7.185110
300.000000 0.420000 0.420000 0.420000 0.000000 0.000000 0.000000 -14865.502311 4.922024
300.000000 0.422000 0.422000 0.422000 0.000000 0.000000 0.000000 -14841.159185 7.312082
300.000000 0.424000 0.424000 0.424000 0.000000 0.000000 0.000000 -14812.031185 8.073913
300.000000 0.426000 0.426000 0.426000 0.000000 0.000000 0.000000 -14894.626887 16.446582
300.000000 0.428000 0.428000 0.428000 0.000000 0.000000 0.000000 -14856.070991 17.439950
300.000000 0.430000 0.430000 0.430000 0.000000 0.000000 0.000000 -14817.384750 10.725382
300.000000 0.432000 0.432000 0.432000 0.000000 0.000000 0.000000 -14839.483787 14.907983
300.000000 0.434000 0.434000 0.434000 0.000000 0.000000 0.000000 -14846.510116 11.950287
300.000000 0.436000 0.436000 0.436000 0.000000 0.000000 0.000000 -14841.222875 3.883843
300.000000 0.438000 0.438000 0.438000 0.000000 0.000000 0.000000 -14881.766568 17.970244
300.000000 0.440000 0.440000 0.440000 0.000000 0.000000 0.000000 -14884.055077 11.285552
300.000000 0.442000 0.442000 0.442000 0.000000 0.000000 0.000000 -14805.801495 -1.561006
300.000000 0.444000 0.444000 0.444000 0.000000 0.000000 0.000000 -14889.390055 12.316264
300.000000 0.446000 0.446000 0.446000 0.000000 0.000000 0.000000 -14926.623813 9.724546
300.000000 0.448000 0.448000 0.448000 0.000000 0.000000 0.000000 -14918.866393 8.850681
300.000000 0.450000 0.450000 0.450000 0.000000 0.000000 0.000000 -14977.282414 13.444073
300.000000 0.452000 0.452000 0.452000 0.000000 0.000000 0.000000 -15034.073078 9.067280
300.000000 0.454000 0.454000 0.454000 0.000000 0.000000 0.000000 -14938.670596 8.626613
300.000000 0.456000 0.456000 0.456000 0.000000 0.000000 0.000000 -14973.959691 11.644061
300.000000 0.458000 0.458000 0.458000 0.000000 0.000000 0.000000 -14886.641787 11.255676
300.000000 0.460000 0.460000 0.460000 0.000000 0.000000 0.000000 -14886.446333 16.028322
300.000000 0.462000 0.462000 0.462000 0.000000 0.000000 0.000000 -14814.255555 -5.915392
300.000000 0.464000 0.464000 0.464000 0.000000 0.000000 0.000000 -14760.580669 4.585923
300.000000 0.466000 0.466000 0.466000 0.000000 0.000000 0.000000 -14815.288069 9.306286
300.000000 0.468000 0.468000 0.468000 0.000000 0.000000 0.000000 -14752.607669 14.273124
300.000000 0.470000 0.470000 0.470000 0.000000 0.000000 0.000000 -14847.607852 3.831561
300.000000 0.472000 0.472000 0.472000 0.000000 0.000000 0.000000 -14754.444418 9.007529
300.000000 0.474000 0.474000 0.474000 0.000000 0.000000 0.000000 -14812.257839 1.941922
300.000000 0.476000 0.476000 0.476000 0.000000 0.000000 0.000000 -14861.944875 8.947777
300.000000 0.478000 0.478000 0.478000 0.000000 0.000000 0.000000 -14911.451863 1.232373
300.000000 0.480000 0.480000 0.480000 0.000000 0.000000 0.000000 -14892.233749 5.452318
300.000000 0.482000 0.482000 0.482000 0.000000 0.000000 0.000000 -14865.332264 6.632409
300.000000 0.484000 0.484000 0.484000 0.000000 0.000000 0.000000 -14889.247612 -1.650633
300.000000 0.486000 0.486000 0.486000 0.000000 0.000000 0.000000 -14960.245747 5.258126
300.000000 0.488000 0.488000 0.488000 0.000000 0.000000 0.000000 -14881.053308 7.035731
300.000000 0.490000 0.490000 0.490000 0.000000 0.000000 0.000000 -14916.180735 11.255676
300.000000 0.492000 0.492000 0.492000 0.000000 0.000000 0.000000 -14929.873132 13.817519
300.000000 0.494000 0.494000 0.494000 0.000000 0.000000 0.000000 -14934.901569 6.042364
300.000000 0.496000 0.496000 0.496000 0.000000 0.000000 0.000000 -14867.581016 1.897108
300.000000 0.498000 0.498000 0.498000 0.000000 0.000000 0.000000 -14820.037076 8.701303
