300.000000 0.000000 0.000000 0.000000 0.000000 0.000000 0.000000 -32270.256259 947.032324
300.000000 0.002000 0.002000 0.002000 0.000000 0.000000 0.000000 -32194.650669 852.572569
300.000000 0.004000 0.004000 0.004000 0.000000 0.000000 0.000000 -32241.204138 695.046990
300.000000 0.006000 0.006000 0.006000 0.000000 0.000000 0.000000 -32216.355688 797.449540
300.000000 0.008000 0.008000 0.008000 0.000000 0.000000 0.000000 -32242.398951 918.622226
300.000000 0.010000 0.010000 0.010000 0.000000 0.000000 0.000000 -32179.191853 719.667310
300.000000 0.012000 0.012000 0.012000 0.000000 0.000000 0.000000 -32159.697713 845.650672
300.000000 0.014000 0.014000 0.014000 0.000000 0.000000 0.000000 -32240.033121 914.846662
300.000000 0.016000 0.016000 0.016000 0.000000 0.000000 0.000000 -32151.218468 846.256443
300.000000 0.018000 0.018000 0.018000 0.000000 0.000000 0.000000 -32260.995734 787.876892
300.000000 0.020000 0.020000 0.020000 0.000000 0.000000 0.000000 -32154.805171 886.358259
300.000000 0.022000 0.022000 0.022000 0.000000 0.000000 0.000000 -32202.506986 711.249979
300.000000 0.024000 0.024000 0.024000 0.000000 0.000000 0.000000 -32310.709821 669.971013
300.000000 0.026000 0.026000 0.026000 0.000000 0.000000 0.000000 -32274.876740 69.062657
300.000000 0.028000 0.028000 0.028000 0.000000 0.000000 0.000000 -32353.187782 92.156703
300.000000 0.030000 0.030000 0.030000 0.000000 0.000000 0.000000 -32210.273753 54.028535
300.000000 0.032000 0.032000 0.032000 0.000000 0.000000 0.000000 -32151.599377 88.276332
300.000000 0.034000 0.034000 0.034000 0.000000 0.000000 0.000000 -32146.524322 71.350058
300.000000 0.036000 0.036000 0.036000 0.000000 0.000000 0.000000 -32126.097202 64.573646
300.000000 0.038000 0.038000 0.038000 0.000000 0.000000 0.000000 -32056.887917 63.448623
300.000000 0.040000 0.040000 0.040000 0.000000 0.000000 0.000000 -32291.156307 71.827090
300.000000 0.042000 0.042000 0.042000 0.000000 0.000000 0.000000 -32360.212357 20.852863
300.000000 0.044000 0.044000 0.044000 0.000000 0.000000 0.000000 -32457.328971 39.595517
300.000000 0.046000 0.046000 0.046000 0.000000 0.000000 0.000000 -32398.889927 36.360191
300.000000 0.048000 0.048000 0.048000 0.000000 0.000000 0.000000 -32353.491725 35.590254
300.000000 0.050000 0.050000 0.050000 0.000000 0.000000 0.000000 -32464.369485 43.340901
300.000000 0.052000 0.052000 0.052000 0.000000 0.000000 0.000000 -32301.183290 28.534060
300.000000 0.054000 0.054000 0.054000 0.000000 0.000000 0.000000 -32269.999059 16.904230
300.000000 0.056000 0.056000 0.056000 0.000000 0.000000 0.000000 -32184.219299 31.888999
300.000000 0.058000 0.058000 0.058000 0.000000 0.000000 0.000000 -32197.430062 37.072007
300.000000 0.060000 0.060000 0.060000 0.000000 0.000000 0.000000 -32329.893085 61.731780
300.000000 0.062000 0.062000 0.062000 0.000000 0.000000 0.000000 -32244.531721 35.906089
300.000000 0.064000 0.064000 0.064000 0.000000 0.000000 0.000000 -32182.162483 36.612976
300.000000 0.066000 0.066000 0.066000 0.000000 0.000000 0.000000 -32248.085268 57.357955
300.000000 0.068000 0.068000 0.068000 0.000000 0.000000 0.000000 -32299.576953 41.093011
300.000000 0.070000 0.070000 0.070000 0.000000 0.000000 0.000000 -32317.505847 17.148922
300.000000 0.072000 0.072000 0.072000 0.000000 0.000000 0.000000 -32229.094315 15.870388
300.000000 0.074000 0.074000 0.074000 0.000000 0.000000 0.000000 -32188.680270 32.833835
300.000000 0.076000 0.076000 0.076000 0.000000 0.000000 0.000000 -32260.951951 44.481792
300.000000 0.078000 0.078000 0.078000 0.000000 0.000000 0.000000 -32172.284564 44.913620
300.000000 0.080000 0.080000 0.080000 0.000000 0.000000 0.000000 -32285.656211 30.394718
300.000000 0.082000 0.082000 0.082000 0.000000 0.000000 0.000000 -32342.676505 19.141258
300.000000 0.084000 0.084000 0.084000 0.000000 0.000000 0.000000 -32353.406870 20.282115
300.000000 0.086000 0.086000 0.086000 0.000000 0.000000 0.000000 -32461.769655 6.074406
300.000000 0.088000 0.088000 0.088000 0.000000 0.000000 0.000000 -32378.475566 12.563437
300.000000 0.090000 0.090000 0.090000 0.000000 0.000000 0.000000 -32403.813654 12.497910
300.000000 0.092000 0.092000 0.092000 0.000000 0.000000 0.000000 -32313.073856 15.862355
300.000000 0.094000 0.094000 0.094000 0.000000 0.000000 0.000000 -32274.832174 18.144610
300.000000 0.096000 0.096000 0.096000 0.000000 0.000000 0.000000 -32265.522374 23.919399
300.000000 0.098000 0.098000 0.098000 0.000000 0.000000 0.000000 -32323.033185 36.969710
300.000000 0.100000 0.100000 0.100000 0.000000 0.000000 0.000000 -32279.451246 28.736096
300.000000 0.102000 0.102000 0.102000 0.000000 0.000000 0.000000 -32309.151679 15.538507
300.000000 0.104000 0.104000 0.104000 0.000000 0.000000 0.000000 -32346.301388 9.578544
300.000000 0.106000 0.106000 0.106000 0.000000 0.000000 0.000000 -32228.518824 22.552836
300.000000 0.108000 0.108000 0.108000 0.000000 0.000000 0.000000 -32284.347857 16.355480
300.000000 0.110000 0.110000 0.110000 0.000000 0.000000 0.000000 -32341.794200 16.402927
300.000000 0.112000 0.112000 0.112000 0.000000 0.000000 0.000000 -32241.256111 33.615882
300.000000 0.114000 0.114000 0.114000 0.000000 0.000000 0.000000 -32110.474306 12.806294
300.000000 0.116000 0.116000 0.116000 0.000000 0.000000 0.000000 -32093.088123 12.812674
300.000000 0.118000 0.118000 0.118000 0.000000 0.000000 0.000000 -32217.740471 31.921732
300.000000 0.120000 0.120000 0.120000 0.000000 0.000000 0.000000 -32247.958893 18.988330
300.000000 0.122000 0.122000 0.122000 0.000000 0.000000 0.000000 -32156.174933 29.064567
300.000000 0.124000 0.124000 0.124000 0.000000 0.000000 0.000000 -32260.990895 16.686723
300.000000 0.126000 0.126000 0.126000 0.000000 0.000000 0.000000 -32225.373955 14.176951
300.000000 0.128000 0.128000 0.128000 0.000000 0.000000 0.000000 -32110.845021 15.420970
300.000000 0.130000 0.130000 0.130000 0.000000 0.000000 0.000000 -32293.612049 16.728471
300.000000 0.132000 0.132000 0.132000 0.000000 0.000000 0.000000 -32162.021128 13.568041
300.000000 0.134000 0.134000 0.134000 0.000000 0.000000 0.000000 -32239.021465 13.347367
300.000000 0.136000 0.136000 0.136000 0.000000 0.000000 0.000000 -32188.506231 12.629398
300.000000 0.138000 0.138000 0.138000 0.000000 0.000000 0.000000 -32233.148898 11.475149
300.000000 0.140000 0.140000 0.140000 0.000000 0.000000 0.000000 -32320.988579 12.824631
300.000000 0.142000 0.142000 0.142000 0.000000 0.000000 0.000000 -32332.241166 18.090809
300.000000 0.144000 0.144000 0.144000 0.000000 0.000000 0.000000 -32358.787640 11.536017
300.000000 0.146000 0.146000 0.146000 0.000000 0.000000 0.000000 -32280.975203 11.678080
300.000000 0.148000 0.148000 0.148000 0.000000 0.000000 0.000000 -32308.151499 10.769160
300.000000 0.150000 0.150000 0.150000 0.000000 0.000000 0.000000 -32213.907744 27.776404
300.000000 0.152000 0.152000 0.152000 0.000000 0.000000 0.000000 -32349.157416 29.439363
300.000000 0.154000 0.154000 0.154000 0.000000 0.000000 0.000000 -32232.654602 10.274092
300.000000 0.156000 0.156000 0.156000 0.000000 0.000000 0.000000 -32170.768370 26.297656
300.000000 0.158000 0.158000 0.158000 0.000000 0.000000 0.000000 -32234.203116 9.102140
300.000000 0.160000 0.160000 0.160000 0.000000 0.000000 0.000000 -32256.882791 11.049436
300.000000 0.162000 0.162000 0.162000 0.000000 0.000000 0.000000 -32179.863053 15.702305
300.000000 0.164000 0.164000 0.164000 0.000000 0.000000 0.000000 -32167.443200 12.909638
300.000000 0.166000 0.166000 0.166000 0.000000 0.000000 0.000000 -32171.070808 34.821104
300.000000 0.168000 0.168000 0.168000 0.000000 0.000000 0.000000 -32155.325098 11.732863
300.000000 0.170000 0.170000 0.170000 0.000000 0.000000 0.000000 -32276.738342 11.779017
300.000000 0.172000 0.172000 0.172000 0.000000 0.000000 0.000000 -32259.410851 15.599105
300.000000 0.174000 0.174000 0.174000 0.000000 0.000000 0.000000 -32314.979661 17.693960
300.000000 0.176000 0.176000 0.176000 0.000000 0.000000 0.000000 -32288.967923 2.750118
300.000000 0.178000 0.178000 0.178000 0.000000 0.000000 0.000000 -32200.113143 10.856368
300.000000 0.180000 0.180000 0.180000 0.000000 0.000000 0.000000 -32322.820040 17.086720
300.000000 0.182000 0.182000 0.182000 0.000000 0.000000 0.000000 -32188.303382 22.099412
300.000000 0.184000 0.184000 0.184000 0.000000 0.000000 0.000000 -32195.378184 26.078023
300.000000 0.186000 0.186000 0.186000 0.000000 0.000000 0.000000 -32159.367399 15.183580
300.000000 0.188000 0.188000 0.188000 0.000000 0.000000 0.000000 -32082.462721 5.405174
300.000000 0.190000 0.190000 0.190000 0.000000 0.000000 0.000000 -32204.839902 5.508308
300.000000 0.192000 0.192000 0.192000 0.000000 0.000000 0.000000 -32194.969475 4.960686
300.000000 0.194000 0.194000 0.194000 0.000000 0.000000 0.000000 -32183.064438 13.069231
300.000000 0.196000 0.196000 0.196000 0.000000 0.000000 0.000000 -32167.400867 18.462124
300.000000 0.198000 0.198000 0.198000 0.000000 0.000000 0.000000 -32205.089970 17.547854
300.000000 0.200000 0.200000 0.200000 0.000000 0.000000 0.000000 -32152.756233 -0.429650
300.000000 0.202000 0.202000 0.202000 0.000000 0.000000 0.000000 -32168.792886 5.987069
300.000000 0.204000 0.204000 0.204000 0.000000 0.000000 0.000000 -32113.157038 13.411726
300.000000 0.206000 0.206000 0.206000 0.000000 0.000000 0.000000 -32285.382509 14.874681
300.000000 0.208000 0.208000 0.208000 0.000000 0.000000 0.000000 -32302.000349 12.786400
300.000000 0.210000 0.210000 0.210000 0.000000 0.000000 0.000000 -32255.005147 8.212661
300.000000 0.212000 0.212000 0.212000 0.000000 0.000000 0.000000 -32236.780202 14.210654
300.000000 0.214000 0.214000 0.214000 0.000000 0.000000 0.000000 -32313.038876 4.036108
300.000000 0.216000 0.216000 0.216000 0.000000 0.000000 0.000000 -32236.456973 4.287940
300.000000 0.218000 0.218000 0.218000 0.000000 0.000000 0.000000 -32246.824513 15.100930
300.000000 0.220000 0.220000 0.220000 0.000000 0.000000 0.000000 -32123.863036 14.021904
300.000000 0.222000 0.222000 0.222000 0.000000 0.000000 0.000000 -32136.807208 6.078696
300.000000 0.224000 0.224000 0.224000 0.000000 0.000000 0.000000 -32060.085081 13.499053
300.000000 0.226000 0.226000 0.226000 0.000000 0.000000 0.000000 -32111.888063 6.013411
300.000000 0.228000 0.228000 0.228000 0.000000 0.000000 0.000000 -32112.419230 -1.868695
300.000000 0.230000 0.230000 0.230000 0.000000 0.000000 0.000000 -32101.445448 9.657415
300.000000 0.232000 0.232000 0.232000 0.000000 0.000000 0.000000 -32142.873326 8.058120
300.000000 0.234000 0.234000 0.234000 0.000000 0.000000 0.000000 -32143.465431 5.275095
300.000000 0.236000 0.236000 0.236000 0.000000 0.000000 0.000000 -32148.805055 6.761868
300.000000 0.238000 0.238000 0.238000 0.000000 0.000000 0.000000 -32193.448508 10.104807
300.000000 0.240000 0.240000 0.240000 0.000000 0.000000 0.000000 -32176.494792 5.626628
300.000000 0.242000 0.242000 0.242000 0.000000 0.000000 0.000000 -32208.301345 13.518141
300.000000 0.244000 0.244000 0.244000 0.000000 0.000000 0.000000 -32224.868115 12.521897
300.000000 0.246000 0.246000 0.246000 0.000000 0.000000 0.000000 -32279.968974 10.577155
300.000000 0.248000 0.248000 0.248000 0.000000 0.000000 0.000000 -32308.899748 7.878012
300.000000 0.250000 0.250000 0.250000 0.000000 0.000000 0.000000 -32243.478722 5.544039
300.000000 0.252000 0.252000 0.252000 0.000000 0.000000 0.000000 -32385.538521 11.337397
300.000000 0.254000 0.254000 0.254000 0.000000 0.000000 0.000000 -32328.160601 6.131295
300.000000 0.256000 0.256000 0.256000 0.000000 0.000000 0.000000 -32167.497101 13.285941
300.000000 0.258000 0.258000 0.258000 0.000000 0.000000 0.000000 -32211.222745 7.372567
300.000000 0.260000 0.260000 0.260000 0.000000 0.000000 0.000000 -32202.552450 -3.148412
300.000000 0.262000 0.262000 0.262000 0.000000 0.000000 0.000000 -32255.736544 6.944534
300.000000 0.264000 0.264000 0.264000 0.000000 0.000000 0.000000 -32163.652785 3.168158
300.000000 0.266000 0.266000 0.266000 0.000000 0.000000 0.000000 -32161.990124 15.593652
300.000000 0.268000 0.268000 0.268000 0.000000 0.000000 0.000000 -32037.220956 5.423033
300.000000 0.270000 0.270000 0.270000 0.000000 0.000000 0.000000 -32177.048786 2.767829
300.000000 0.272000 0.272000 0.272000 0.000000 0.000000 0.000000 -32197.702238 14.764163
300.000000 0.274000 0.274000 0.274000 0.000000 0.000000 0.000000 -32110.756435 15.456663
300.000000 0.276000 0.276000 0.276000 0.000000 0.000000 0.000000 -32195.177721 9.263067
300.000000 0.278000 0.278000 0.278000 0.000000 0.000000 0.000000 -32289.238426 18.974000
300.000000 0.280000 0.280000 0.280000 0.000000 0.000000 0.000000 -32285.449786 17.477367
300.000000 0.282000 0.282000 0.282000 0.000000 0.000000 0.000000 -32279.389039 10.169455
300.000000 0.284000 0.284000 0.284000 0.000000 0.000000 0.000000 -32289.953790 8.120190
300.000000 0.286000 0.286000 0.286000 0.000000 0.000000 0.000000 -32287.871535 10.123925
300.000000 0.288000 0.288000 0.288000 0.000000 0.000000 0.000000 -32293.304176 13.411671
300.000000 0.290000 0.290000 0.290000 0.000000 0.000000 0.000000 -32149.555974 3.242677
300.000000 0.292000 0.292000 0.292000 0.000000 0.000000 0.000000 -32235.691715 1.065329
300.000000 0.294000 0.294000 0.294000 0.000000 0.000000 0.000000 -32302.895316 5.283021
300.000000 0.296000 0.296000 0.296000 0.000000 0.000000 0.000000 -32360.123302 8.641927
300.000000 0.298000 0.298000 0.298000 0.000000 0.000000 0.000000 -32201.709018 12.304591
300.000000 0.300000 0.300000 0.300000 0.000000 0.000000 0.000000 -32259.965738 14.184240
300.000000 0.302000 0.302000 0.302000 0.000000 0.000000 0.000000 -32151.026064 5.666955
300.000000 0.304000 0.304000 0.304000 0.000000 0.000000 0.000000 -32182.136738 -0.186639
300.000000 0.306000 0.306000 0.306000 0.000000 0.000000 0.000000 -32145.793522 8.734042
300.000000 0.308000 0.308000 0.308000 0.000000 0.000000 0.000000 -32211.200676 8.800339
300.000000 0.310000 0.310000 0.310000 0.000000 0.000000 0.000000 -32150.255333 0.380906
300.000000 0.312000 0.312000 0.312000 0.000000 0.000000 0.000000 -32152.321812 7.755056
300.000000 0.314000 0.314000 0.314000 0.000000 0.000000 0.000000 -32224.947272 0.947408
300.000000 0.316000 0.316000 0.316000 0.000000 0.000000 0.000000 -32310.200213 3.223160
300.000000 0.318000 0.318000 0.318000 0.000000 0.000000 0.000000 -32105.369447 4.885960
300.000000 0.320000 0.320000 0.320000 0.000000 0.000000 0.000000 -32219.127664 4.512534
300.000000 0.322000 0.322000 0.322000 0.000000 0.000000 0.000000 -32105.440097 2.246508
300.000000 0.324000 0.324000 0.324000 0.000000 0.000000 0.000000 -32342.937988 3.790983
300.000000 0.326000 0.326000 0.326000 0.000000 0.000000 0.000000 -32273.421328 1.867617
300.000000 0.328000 0.328000 0.328000 0.000000 0.000000 0.000000 -32268.630693 -7.597925
300.000000 0.330000 0.330000 0.330000 0.000000 0.000000 0.000000 -32139.614518 5.296438
300.000000 0.332000 0.332000 0.332000 0.000000 0.000000 0.000000 -32111.430692 0.170857
300.000000 0.334000 0.334000 0.334000 0.000000 0.000000 0.000000 -32023.345898 2.698964
300.000000 0.336000 0.336000 0.336000 0.000000 0.000000 0.000000 -32194.009974 4.582709
300.000000 0.338000 0.338000 0.338000 0.000000 0.000000 0.000000 -32094.249203 -0.598543
300.000000 0.340000 0.340000 0.340000 0.000000 0.000000 0.000000 -32143.120558 6.166420
300.000000 0.342000 0.342000 0.342000 0.000000 0.000000 0.000000 -32162.090699 0.454895
300.000000 0.344000 0.344000 0.344000 0.000000 0.000000 0.000000 -32190.849530 5.004377
300.000000 0.346000 0.346000 0.346000 0.000000 0.000000 0.000000 -32071.400091 9.122819
300.000000 0.348000 0.348000 0.348000 0.000000 0.000000 0.000000 -32043.605709 20.103203
300.000000 0.350000 0.350000 0.350000 0.000000 0.000000 0.000000 -32169.592467 10.703008
300.000000 0.352000 0.352000 0.352000 0.000000 0.000000 0.000000 -32202.612551 11.499865
300.000000 0.354000 0.354000 0.354000 0.000000 0.000000 0.000000 -32245.191627 2.238229
300.000000 0.356000 0.356000 0.356000 0.000000 0.000000 0.000000 -32286.479454 3.024924
300.000000 0.358000 0.358000 0.358000 0.000000 0.000000 0.000000 -32272.029063 -0.782239
300.000000 0.360000 0.360000 0.360000 0.000000 0.000000 0.000000 -32232.672202 1.872335
300.000000 0.362000 0.362000 0.362000 0.000000 0.000000 0.000000 -32260.325925 1.066959
300.000000 0.364000 0.364000 0.364000 0.000000 0.000000 0.000000 -32310.241068 7.639889
300.000000 0.366000 0.366000 0.366000 0.000000 0.000000 0.000000 -32293.683495 11.818751
300.000000 0.368000 0.368000 0.368000 0.000000 0.000000 0.000000 -32225.285090 7.036809
300.000000 0.370000 0.370000 0.370000 0.000000 0.000000 0.000000 -32238.289048 0.145202
300.000000 0.372000 0.372000 0.372000 0.000000 0.000000 0.000000 -32186.535436 11.165100
300.000000 0.374000 0.374000 0.374000 0.000000 0.000000 0.000000 -32122.941057 -0.554959
300.000000 0.376000 0.376000 0.376000 0.000000 0.000000 0.000000 -32234.814422 -1.570580
300.000000 0.378000 0.378000 0.378000 0.000000 0.000000 0.000000 -32195.477691 -0.023202
300.000000 0.380000 0.380000 0.380000 0.000000 0.000000 0.000000 -32304.341312 -4.147982
300.000000 0.382000 0.382000 0.382000 0.000000 0.000000 0.000000 -32319.437857 2.332192
300.000000 0.384000 0.384000 0.384000 0.000000 0.000000 0.000000 -32246.566666 6.444793
300.000000 0.386000 0.386000 0.386000 0.000000 0.000000 0.000000 -32217.594508 2.192008
300.000000 0.388000 0.388000 0.388000 0.000000 0.000000 0.000000 -32162.845111 3.345704
300.000000 0.390000 0.390000 0.390000 0.000000 0.000000 0.000000 -32131.617001 6.950357
300.000000 0.392000 0.392000 0.392000 0.000000 0.000000 0.000000 -32159.814985 -0.451323
300.000000 0.394000 0.394000 0.394000 0.000000 0.000000 0.000000 -32258.009695 3.333809
300.000000 0.396000 0.396000 0.396000 0.000000 0.000000 0.000000 -32211.679351 3.482139
300.000000 0.398000 0.398000 0.398000 0.000000 0.000000 0.000000 -32103.832090 -6.496303
300.000000 0.400000 0.400000 0.400000 0.000000 0.000000 0.000000 -32183.237454 -4.143671
300.000000 0.402000 0.402000 0.402000 0.000000 0.000000 0.000000 -32120.823817 2.934989
300.000000 0.404000 0.404000 0.404000 0.000000 0.000000 0.000000 -32163.892757 -3.350460
300.000000 0.406000 0.406000 0.406000 0.000000 0.000000 0.000000 -32291.378252 -5.257876
300.000000 0.408000 0.408000 0.408000 0.000000 0.000000 0.000000 -32149.961123 7.149062
300.000000 0.410000 0.410000 0.410000 0.000000 0.000000 0.000000 -32233.899406 -4.121961
300.000000 0.412000 0.412000 0.412000 0.000000 0.000000 0.000000 -32129.022244 -7.678322
300.000000 0.414000 0.414000 0.414000 0.000000 0.000000 0.000000 -32157.057547 -1.600535
300.000000 0.416000 0.416000 0.416000 0.000000 0.000000 0.000000 -32149.077879 -1.279022
300.000000 0.418000 0.418000 0.418000 0.000000 0.000000 0.000000 -32292.089790 7.829126
300.000000 0.420000 0.420000 0.420000 0.000000 0.000000 0.000000 -32388.122016 7.775855
300.000000 0.422000 0.422000 0.422000 0.000000 0.000000 0.000000 -32281.450516 -2.073676
300.000000 0.424000 0.424000 0.424000 0.000000 0.000000 0.000000 -32251.944230 -4.653893
300.000000 0.426000 0.426000 0.426000 0.000000 0.000000 0.000000 -32273.276801 -3.378763
300.000000 0.428000 0.428000 0.428000 0.000000 0.000000 0.000000 -32299.618943 10.009439
300.000000 0.430000 0.430000 0.430000 0.000000 0.000000 0.000000 -32313.853850 8.975218
300.000000 0.432000 0.432000 0.432000 0.000000 0.000000 0.000000 -32244.063629 2.520976
300.000000 0.434000 0.434000 0.434000 0.000000 0.000000 0.000000 -32082.692548 1.747947
300.000000 0.436000 0.436000 0.436000 0.000000 0.000000 0.000000 -32190.390313 3.117537
300.000000 0.438000 0.438000 0.438000 0.000000 0.000000 0.000000 -32286.658944 2.127832
300.000000 0.440000 0.440000 0.440000 0.000000 0.000000 0.000000 -32181.146245 6.351418
300.000000 0.442000 0.442000 0.442000 0.000000 0.000000 0.000000 -32272.907579 1.360703
300.000000 0.444000 0.444000 0.444000 0.000000 0.000000 0.000000 -32276.398801 0.749316
300.000000 0.446000 0.446000 0.446000 0.000000 0.000000 0.000000 -32202.565511 6.077425
300.000000 0.448000 0.448000 0.448000 0.000000 0.000000 0.000000 -32125.366058 2.793243
300.000000 0.450000 0.450000 0.450000 0.000000 0.000000 0.000000 -32237.791168 2.301356
300.000000 0.452000 0.452000 0.452000 0.000000 0.000000 0.000000 -32271.759038 5.685755
300.000000 0.454000 0.454000 0.454000 0.000000 0.000000 0.000000 -32276.215848 -0.899283
300.000000 0.456000 0.456000 0.456000 0.000000 0.000000 0.000000 -32264.915056 -7.230253
300.000000 0.458000 0.458000 0.458000 0.000000 0.000000 0.000000 -32199.457197 -8.419726
300.000000 0.460000 0.460000 0.460000 0.000000 0.000000 0.000000 -32161.397098 1.573614
300.000000 0.462000 0.462000 0.462000 0.000000 0.000000 0.000000 -32278.983467 -1.608471
300.000000 0.464000 0.464000 0.464000 0.000000 0.000000 0.000000 -32224.126199 -4.226469
300.000000 0.466000 0.466000 0.466000 0.000000 0.000000 0.000000 -32157.751281 10.044455
300.000000 0.468000 0.468000 0.468000 0.000000 0.000000 0.000000 -32170.639594 0.404112
300.000000 0.470000 0.470000 0.470000 0.000000 0.000000 0.000000 -32257.409024 3.139765
300.000000 0.472000 0.472000 0.472000 0.000000 0.000000 0.000000 -32241.350848 0.597023
300.000000 0.474000 0.474000 0.474000 0.000000 0.000000 0.000000 -32184.046881 -13.177769
300.000000 0.476000 0.476000 0.476000 0.000000 0.000000 0.000000 -32113.947003 -0.257107
300.000000 0.478000 0.478000 0.478000 0.000000 0.000000 0.000000 -32233.921004 -1.913243
300.000000 0.480000 0.480000 0.480000 0.000000 0.000000 0.000000 -32129.373287 -1.239854
300.000000 0.482000 0.482000 0.482000 0.000000 0.000000 0.000000 -32242.562809 5.937006
300.000000 0.484000 0.484000 0.484000 0.000000 0.000000 0.000000 -32303.352848 -3.633424
300.000000 0.486000 0.486000 0.486000 0.000000 0.000000 0.000000 -32337.761992 6.340293
300.000000 0.488000 0.488000 0.488000 0.000000 0.000000 0.000000 -32200.140387 5.888102
300.000000 0.490000 0.490000 0.490000 0.000000 0.000000 0.000000 -32284.779061 4.549664
300.000000 0.492000 0.492000 0.492000 0.000000 0.000000 0.000000 -32284.409969 -2.216817
300.000000 0.494000 0.494000 0.494000 0.000000 0.000000 0.000000 -32143.031114 -1.153246
300.000000 0.496000 0.496000 0.496000 0.000000 0.000000 0.000000 -32111.988244 6.763745
300.000000 0.498000 0.498000 0.498000 0.000000 0.000000 0.000000 -32237.256047 -1.733244
