300.000000 0.000000 0.000000 0.000000 0.000000 0.000000 0.000000 -31888.776104 806.340693
300.000000 0.002000 0.002000 0.002000 0.000000 0.000000 0.000000 -31831.349356 885.969487
300.000000 0.004000 0.004000 0.004000 0.000000 0.000000 0.000000 -31806.565935 949.535084
300.000000 0.006000 0.006000 0.006000 0.000000 0.000000 0.000000 -31921.939683 876.768529
300.000000 0.008000 0.008000 0.008000 0.000000 0.000000 0.000000 -31791.272690 696.220129
300.000000 0.010000 0.010000 0.010000 0.000000 0.000000 0.000000 -31866.536468 656.274962
300.000000 0.012000 0.012000 0.012000 0.000000 0.000000 0.000000 -32014.578821 205.388468
300.000000 0.014000 0.014000 0.014000 0.000000 0.000000 0.000000 -31902.167541 94.151425
300.000000 0.016000 0.016000 0.016000 0.000000 0.000000 0.000000 -31828.034731 51.999452
300.000000 0.018000 0.018000 0.018000 0.000000 0.000000 0.000000 -31820.363329 147.103868
300.000000 0.020000 0.020000 0.020000 0.000000 0.000000 0.000000 -31971.228895 111.940842
300.000000 0.022000 0.022000 0.022000 0.000000 0.000000 0.000000 -31970.899696 79.426298
300.000000 0.024000 0.024000 0.024000 0.000000 0.000000 0.000000 -31958.359737 103.380217
300.000000 0.026000 0.026000 0.026000 0.000000 0.000000 0.000000 -31809.521974 56.832165
300.000000 0.028000 0.028000 0.028000 0.000000 0.000000 0.000000 -31948.318938 96.163094
300.000000 0.030000 0.030000 0.030000 0.000000 0.000000 0.000000 -31913.943917 68.105747
300.000000 0.032000 0.032000 0.032000 0.000000 0.000000 0.000000 -32028.643214 34.291565
300.000000 0.034000 0.034000 0.034000 0.000000 0.000000 0.000000 -32057.648395 68.950223
300.000000 0.036000 0.036000 0.036000 0.000000 0.000000 0.000000 -31889.543858 60.238303
300.000000 0.038000 0.038000 0.038000 0.000000 0.000000 0.000000 -31881.353289 60.496725
300.000000 0.040000 0.040000 0.040000 0.000000 0.000000 0.000000 -32010.191894 58.377373
300.000000 0.042000 0.042000 0.042000 0.000000 0.000000 0.000000 -31943.932286 43.198858
300.000000 0.044000 0.044000 0.044000 0.000000 0.000000 0.000000 -32035.161157 26.667246
300.000000 0.046000 0.046000 0.046000 0.000000 0.000000 0.000000 -32002.827178 30.554873
300.000000 0.048000 0.048000 0.048000 0.000000 0.000000 0.000000 -31992.576158 38.587936
300.000000 0.050000 0.050000 0.050000 0.000000 0.000000 0.000000 -31923.886188 33.061007
300.000000 0.052000 0.052000 0.052000 0.000000 0.000000 0.000000 -31897.572413 46.070449
300.000000 0.054000 0.054000 0.054000 0.000000 0.000000 0.000000 -32027.389252 14.161244
300.000000 0.056000 0.056000 0.056000 0.000000 0.000000 0.000000 -32119.048808 37.049502
300.000000 0.058000 0.058000 0.058000 0.000000 0.000000 0.000000 -32020.069535 15.727233
300.000000 0.060000 0.060000 0.060000 0.000000 0.000000 0.000000 -31934.989210 59.164712
300.000000 0.062000 0.062000 0.062000 0.000000 0.000000 0.000000 -31833.301150 39.943343
300.000000 0.064000 0.064000 0.064000 0.000000 0.000000 0.000000 -32007.240334 32.804692
300.000000 0.066000 0.066000 0.066000 0.000000 0.000000 0.000000 -31960.924085 27.529885
300.000000 0.068000 0.068000 0.068000 0.000000 0.000000 0.000000 -31949.097523 46.636722
300.000000 0.070000 0.070000 0.070000 0.000000 0.000000 0.000000 -32002.101217 25.016357
300.000000 0.072000 0.072000 0.072000 0.000000 0.000000 0.000000 -31889.227173 27.752792
300.000000 0.074000 0.074000 0.074000 0.000000 0.000000 0.000000 -32008.419902 13.295722
300.000000 0.076000 0.076000 0.076000 0.000000 0.000000 0.000000 -31849.500437 44.240243
300.000000 0.078000 0.078000 0.078000 0.000000 0.000000 0.000000 -31931.788883 18.201102
300.000000 0.080000 0.080000 0.080000 0.000000 0.000000 0.000000 -31910.959097 16.507099
300.000000 0.082000 0.082000 0.082000 0.000000 0.000000 0.000000 -32036.573218 54.320334
300.000000 0.084000 0.084000 0.084000 0.000000 0.000000 0.000000 -31941.083987 45.928242
300.000000 0.086000 0.086000 0.086000 0.000000 0.000000 0.000000 -31797.884592 23.104372
300.000000 0.088000 0.088000 0.088000 0.000000 0.000000 0.000000 -31856.506519 26.573256
300.000000 0.090000 0.090000 0.090000 0.000000 0.000000 0.000000 -31860.377251 27.169686
300.000000 0.092000 0.092000 0.092000 0.000000 0.000000 0.000000 -31985.738457 45.935520
300.000000 0.094000 0.094000 0.094000 0.000000 0.000000 0.000000 -31917.567091 25.879260
300.000000 0.096000 0.096000 0.096000 0.000000 0.000000 0.000000 -31895.980394 67.347398
300.000000 0.098000 0.098000 0.098000 0.000000 0.000000 0.000000 -31984.455512 15.397544
300.000000 0.100000 0.100000 0.100000 0.000000 0.000000 0.000000 -31991.620253 42.097742
300.000000 0.102000 0.102000 0.102000 0.000000 0.000000 0.000000 -32061.344860 18.268264
300.000000 0.104000 0.104000 0.104000 0.000000 0.000000 0.000000 -31969.524861 2.447898
300.000000 0.106000 0.106000 0.106000 0.000000 0.000000 0.000000 -32018.440945 18.743794
300.000000 0.108000 0.108000 0.108000 0.000000 0.000000 0.000000 -32114.235220 34.469317
300.000000 0.110000 0.110000 0.110000 0.000000 0.000000 0.000000 -32069.927044 56.033619
300.000000 0.112000 0.112000 0.112000 0.000000 0.000000 0.000000 -31919.468006 21.995054
300.000000 0.114000 0.114000 0.114000 0.000000 0.000000 0.000000 -31941.369600 26.655521
300.000000 0.116000 0.116000 0.116000 0.000000 0.000000 0.000000 -31940.044254 16.105975
300.000000 0.118000 0.118000 0.118000 0.000000 0.000000 0.000000 -31857.995884 39.472223
300.000000 0.120000 0.120000 0.120000 0.000000 0.000000 0.000000 -31965.604742 31.716917
300.000000 0.122000 0.122000 0.122000 0.000000 0.000000 0.000000 -31881.615104 24.201977
300.000000 0.124000 0.124000 0.124000 0.000000 0.000000 0.000000 -32002.204734 22.020338
300.000000 0.126000 0.126000 0.126000 0.000000 0.000000 0.000000 -31932.317734 10.694331
300.000000 0.128000 0.128000 0.128000 0.000000 0.000000 0.000000 -31891.407113 21.729490
300.000000 0.130000 0.130000 0.130000 0.000000 0.000000 0.000000 -31932.871147 11.057891
300.000000 0.132000 0.132000 0.132000 0.000000 0.000000 0.000000 -31933.909607 24.929752
300.000000 0.134000 0.134000 0.134000 0.000000 0.000000 0.000000 -31991.672198 11.213334
300.000000 0.136000 0.136000 0.136000 0.000000 0.000000 0.000000 -31911.970103 11.678250
300.000000 0.138000 0.138000 0.138000 0.000000 0.000000 0.000000 -31913.892916 14.186494
300.000000 0.140000 0.140000 0.140000 0.000000 0.000000 0.000000 -31855.943929 18.859153
300.000000 0.142000 0.142000 0.142000 0.000000 0.000000 0.000000 -31903.067809 26.195721
300.000000 0.144000 0.144000 0.144000 0.000000 0.000000 0.000000 -31971.775825 25.522426
300.000000 0.146000 0.146000 0.146000 0.000000 0.000000 0.000000 -31942.055949 22.211216
300.000000 0.148000 0.148000 0.148000 0.000000 0.000000 0.000000 -31994.047284 30.469132
300.000000 0.150000 0.150000 0.150000 0.000000 0.000000 0.000000 -31947.375171 23.968320
300.000000 0.152000 0.152000 0.152000 0.000000 0.000000 0.000000 -31830.507644 17.516364
300.000000 0.154000 0.154000 0.154000 0.000000 0.000000 0.000000 -31922.825317 10.529947
300.000000 0.156000 0.156000 0.156000 0.000000 0.000000 0.000000 -31910.592569 16.751916
300.000000 0.158000 0.158000 0.158000 0.000000 0.000000 0.000000 -31888.820428 12.171965
300.000000 0.160000 0.160000 0.160000 0.000000 0.000000 0.000000 -31897.065413 11.340571
300.000000 0.162000 0.162000 0.162000 0.000000 0.000000 0.000000 -31921.065032 8.834447
300.000000 0.164000 0.164000 0.164000 0.000000 0.000000 0.000000 -31950.584555 15.634575
300.000000 0.166000 0.166000 0.166000 0.000000 0.000000 0.000000 -31708.760214 11.018420
300.000000 0.168000 0.168000 0.168000 0.000000 0.000000 0.000000 -31833.444006 11.458744
300.000000 0.170000 0.170000 0.170000 0.000000 0.000000 0.000000 -31931.730525 9.726706
300.000000 0.172000 0.172000 0.172000 0.000000 0.000000 0.000000 -31868.607068 19.651510
300.000000 0.174000 0.174000 0.174000 0.000000 0.000000 0.000000 -31945.427298 10.202991
300.000000 0.176000 0.176000 0.176000 0.000000 0.000000 0.000000 -31967.624754 20.518696
300.000000 0.178000 0.178000 0.178000 0.000000 0.000000 0.000000 -31955.267668 19.733604
300.000000 0.180000 0.180000 0.180000 0.000000 0.000000 0.000000 -31898.648988 21.687406
300.000000 0.182000 0.182000 0.182000 0.000000 0.000000 0.000000 -31963.403129 14.228842
300.000000 0.184000 0.184000 0.184000 0.000000 0.000000 0.000000 -31905.762694 21.466761
300.000000 0.186000 0.186000 0.186000 0.000000 0.000000 0.000000 -31872.892434 12.856293
300.000000 0.188000 0.188000 0.188000 0.000000 0.000000 0.000000 -31957.016203 24.583982
300.000000 0.190000 0.190000 0.190000 0.000000 0.000000 0.000000 -32003.794101 13.023251
300.000000 0.192000 0.192000 0.192000 0.000000 0.000000 0.000000 -31844.638162 6.592631
300.000000 0.194000 0.194000 0.194000 0.000000 0.000000 0.000000 -31822.226561 14.892690
300.000000 0.196000 0.196000 0.196000 0.000000 0.000000 0.000000 -31902.716664 16.757411
300.000000 0.198000 0.198000 0.198000 0.000000 0.000000 0.000000 -31801.404813 20.600500
300.000000 0.200000 0.200000 0.200000 0.000000 0.000000 0.000000 -31885.377904 1.738453
300.000000 0.202000 0.202000 0.202000 0.000000 0.000000 0.000000 -31954.160173 9.096776
300.000000 0.204000 0.204000 0.204000 0.000000 0.000000 0.000000 -31856.779296 7.508794
300.000000 0.206000 0.206000 0.206000 0.000000 0.000000 0.000000 -31879.743778 20.771664
300.000000 0.208000 0.208000 0.208000 0.000000 0.000000 0.000000 -31952.228363 2.773432
300.000000 0.210000 0.210000 0.210000 0.000000 0.000000 0.000000 -31878.419797 4.605194
300.000000 0.212000 0.212000 0.212000 0.000000 0.000000 0.000000 -31914.295638 7.901173
300.000000 0.214000 0.214000 0.214000 0.000000 0.000000 0.000000 -31819.471540 10.555556
300.000000 0.216000 0.216000 0.216000 0.000000 0.000000 0.000000 -31806.662625 6.509785
300.000000 0.218000 0.218000 0.218000 0.000000 0.000000 0.000000 -31756.675087 5.943287
300.000000 0.220000 0.220000 0.220000 0.000000 0.000000 0.000000 -31845.132982 23.891998
300.000000 0.222000 0.222000 0.222000 0.000000 0.000000 0.000000 -31964.448564 7.280072
300.000000 0.224000 0.224000 0.224000 0.000000 0.000000 0.000000 -31755.935900 5.957597
300.000000 0.226000 0.226000 0.226000 0.000000 0.000000 0.000000 -31810.651837 2.280912
300.000000 0.228000 0.228000 0.228000 0.000000 0.000000 0.000000 -31763.982288 6.252087
300.000000 0.230000 0.230000 0.230000 0.000000 0.000000 0.000000 -31973.380991 -0.313201
300.000000 0.232000 0.232000 0.232000 0.000000 0.000000 0.000000 -31842.570954 1.998853
300.000000 0.234000 0.234000 0.234000 0.000000 0.000000 0.000000 -31832.949417 25.760541
300.000000 0.236000 0.236000 0.236000 0.000000 0.000000 0.000000 -31958.888886 16.272592
300.000000 0.238000 0.238000 0.238000 0.000000 0.000000 0.000000 -32014.285608 12.677697
300.000000 0.240000 0.240000 0.240000 0.000000 0.000000 0.000000 -31932.504578 14.038310
300.000000 0.242000 0.242000 0.242000 0.000000 0.000000 0.000000 -32050.559765 13.990059
300.000000 0.244000 0.244000 0.244000 0.000000 0.000000 0.000000 -32081.323426 12.400400
300.000000 0.246000 0.246000 0.246000 0.000000 0.000000 0.000000 -31892.779807 17.653215
300.000000 0.248000 0.248000 0.248000 0.000000 0.000000 0.000000 -31963.426552 7.750872
300.000000 0.250000 0.250000 0.250000 0.000000 0.000000 0.000000 -31845.750174 16.140292
300.000000 0.252000 0.252000 0.252000 0.000000 0.000000 0.000000 -31837.733355 -2.306506
300.000000 0.254000 0.254000 0.254000 0.000000 0.000000 0.000000 -31844.502895 2.267316
300.000000 0.256000 0.256000 0.256000 0.000000 0.000000 0.000000 -31821.031593 4.736070
300.000000 0.258000 0.258000 0.258000 0.000000 0.000000 0.000000 -31968.072292 8.550695
300.000000 0.260000 0.260000 0.260000 0.000000 0.000000 0.000000 -31930.387186 4.288297
300.000000 0.262000 0.262000 0.262000 0.000000 0.000000 0.000000 -31998.929010 13.971667
300.000000 0.264000 0.264000 0.264000 0.000000 0.000000 0.000000 -32035.074786 18.831089
300.000000 0.266000 0.266000 0.266000 0.000000 0.000000 0.000000 -31941.517194 13.413490
300.000000 0.268000 0.268000 0.268000 0.000000 0.000000 0.000000 -31889.663965 16.007507
300.000000 0.270000 0.270000 0.270000 0.000000 0.000000 0.000000 -31951.950096 4.734347
300.000000 0.272000 0.272000 0.272000 0.000000 0.000000 0.000000 -31983.847577 4.476181
300.000000 0.274000 0.274000 0.274000 0.000000 0.000000 0.000000 -31925.208054 7.493598
300.000000 0.276000 0.276000 0.276000 0.000000 0.000000 0.000000 -31992.965225 16.270455
300.000000 0.278000 0.278000 0.278000 0.000000 0.000000 0.000000 -31956.208733 10.157031
300.000000 0.280000 0.280000 0.280000 0.000000 0.000000 0.000000 -31889.148463 9.876477
300.000000 0.282000 0.282000 0.282000 0.000000 0.000000 0.000000 -31922.102541 8.812497
300.000000 0.284000 0.284000 0.284000 0.000000 0.000000 0.000000 -31888.703688 17.742764
300.000000 0.286000 0.286000 0.286000 0.000000 0.000000 0.000000 -31910.537114 5.577644
300.000000 0.288000 0.288000 0.288000 0.000000 0.000000 0.000000 -31940.832523 13.131924
300.000000 0.290000 0.290000 0.290000 0.000000 0.000000 0.000000 -31957.945468 9.835317
300.000000 0.292000 0.292000 0.292000 0.000000 0.000000 0.000000 -31857.678000 9.809118
300.000000 0.294000 0.294000 0.294000 0.000000 0.000000 0.000000 -31863.174030 12.634195
300.000000 0.296000 0.296000 0.296000 0.000000 0.000000 0.000000 -31851.787868 1.442524
300.000000 0.298000 0.298000 0.298000 0.000000 0.000000 0.000000 -31964.793624 11.856971
300.000000 0.300000 0.300000 0.300000 0.000000 0.000000 0.000000 -31999.284134 1.247416
300.000000 0.302000 0.302000 0.302000 0.000000 0.000000 0.000000 -31832.523061 8.668325
300.000000 0.304000 0.304000 0.304000 0.000000 0.000000 0.000000 -31965.831317 -1.310765
300.000000 0.306000 0.306000 0.306000 0.000000 0.000000 0.000000 -31739.693095 18.238940
300.000000 0.308000 0.308000 0.308000 0.000000 0.000000 0.000000 -31780.335620 9.285099
300.000000 0.310000 0.310000 0.310000 0.000000 0.000000 0.000000 -31836.454543 8.969539
300.000000 0.312000 0.312000 0.312000 0.000000 0.000000 0.000000 -31882.198025 12.007317
300.000000 0.314000 0.314000 0.314000 0.000000 0.000000 0.000000 -31907.454452 17.709819
300.000000 0.316000 0.316000 0.316000 0.000000 0.000000 0.000000 -31979.970826 8.165036
300.000000 0.318000 0.318000 0.318000 0.000000 0.000000 0.000000 -31913.166319 -2.222495
300.000000 0.320000 0.320000 0.320000 0.000000 0.000000 0.000000 -31930.799732 5.977102
300.000000 0.322000 0.322000 0.322000 0.000000 0.000000 0.000000 -31912.616693 13.132663
300.000000 0.324000 0.324000 0.324000 0.000000 0.000000 0.000000 -31968.116122 4.343755
300.000000 0.326000 0.326000 0.326000 0.000000 0.000000 0.000000 -31957.177755 3.766809
300.000000 0.328000 0.328000 0.328000 0.000000 0.000000 0.000000 -32042.537580 10.170851
300.000000 0.330000 0.330000 0.330000 0.000000 0.000000 0.000000 -31908.304178 9.024301
300.000000 0.332000 0.332000 0.332000 0.000000 0.000000 0.000000 -31963.028416 12.449374
300.000000 0.334000 0.334000 0.334000 0.000000 0.000000 0.000000 -31973.521197 5.258564
300.000000 0.336000 0.336000 0.336000 0.000000 0.000000 0.000000 -31994.444707 6.026266
300.000000 0.338000 0.338000 0.338000 0.000000 0.000000 0.000000 -31982.064990 8.773468
300.000000 0.340000 0.340000 0.340000 0.000000 0.000000 0.000000 -31891.423536 12.088915
300.000000 0.342000 0.342000 0.342000 0.000000 0.000000 0.000000 -32005.556955 5.011816
300.000000 0.344000 0.344000 0.344000 0.000000 0.000000 0.000000 -31932.976004 8.074729
300.000000 0.346000 0.346000 0.346000 0.000000 0.000000 0.000000 -31856.309400 2.486026
300.000000 0.348000 0.348000 0.348000 0.000000 0.000000 0.000000 -31871.814226 0.998758
300.000000 0.350000 0.350000 0.350000 0.000000 0.000000 0.000000 -31842.975651 5.192835
300.000000 0.352000 0.352000 0.352000 0.000000 0.000000 0.000000 -31885.689101 1.477596
300.000000 0.354000 0.354000 0.354000 0.000000 0.000000 0.000000 -31909.097489 8.280802
300.000000 0.356000 0.356000 0.356000 0.000000 0.000000 0.000000 -31823.352377 3.410971
300.000000 0.358000 0.358000 0.358000 0.000000 0.000000 0.000000 -31787.054126 -2.678893
300.000000 0.360000 0.360000 0.360000 0.000000 0.000000 0.000000 -31802.441322 10.611661
300.000000 0.362000 0.362000 0.362000 0.000000 0.000000 0.000000 -31877.038908 -5.726244
300.000000 0.364000 0.364000 0.364000 0.000000 0.000000 0.000000 -31907.191075 9.046684
300.000000 0.366000 0.366000 0.366000 0.000000 0.000000 0.000000 -31977.471081 3.710645
300.000000 0.368000 0.368000 0.368000 0.000000 0.000000 0.000000 -32097.826157 5.645029
300.000000 0.370000 0.370000 0.370000 0.000000 0.000000 0.000000 -31924.093660 8.109652
300.000000 0.372000 0.372000 0.372000 0.000000 0.000000 0.000000 -32002.492613 0.190492
300.000000 0.374000 0.374000 0.374000 0.000000 0.000000 0.000000 -31952.787281 5.953495
300.000000 0.376000 0.376000 0.376000 0.000000 0.000000 0.000000 -31959.617457 3.197061
300.000000 0.378000 0.378000 0.378000 0.000000 0.000000 0.000000 -32022.814589 7.852192
300.000000 0.380000 0.380000 0.380000 0.000000 0.000000 0.000000 -31844.683869 8.829874
300.000000 0.382000 0.382000 0.382000 0.000000 0.000000 0.000000 -32045.193273 5.226062
300.000000 0.384000 0.384000 0.384000 0.000000 0.000000 0.000000 -32011.392235 4.448739
300.000000 0.386000 0.386000 0.386000 0.000000 0.000000 0.000000 -31960.036329 5.713488
300.000000 0.388000 0.388000 0.388000 0.000000 0.000000 0.000000 -31972.921298 5.640151
300.000000 0.390000 0.390000 0.390000 0.000000 0.000000 0.000000 -31904.093643 6.896026
300.000000 0.392000 0.392000 0.392000 0.000000 0.000000 0.000000 -31843.204092 3.371627
300.000000 0.394000 0.394000 0.394000 0.000000 0.000000 0.000000 -31840.648139 6.045407
300.000000 0.396000 0.396000 0.396000 0.000000 0.000000 0.000000 -31912.096885 2.953738
300.000000 0.398000 0.398000 0.398000 0.000000 0.000000 0.000000 -31866.601096 8.489007
300.000000 0.400000 0.400000 0.400000 0.000000 0.000000 0.000000 -31800.959890 7.889205
300.000000 0.402000 0.402000 0.402000 0.000000 0.000000 0.000000 -31763.787817 11.251452
300.000000 0.404000 0.404000 0.404000 0.000000 0.000000 0.000000 -31763.713599 10.452963
300.000000 0.406000 0.406000 0.406000 0.000000 0.000000 0.000000 -31763.845604 -1.121681
300.000000 0.408000 0.408000 0.408000 0.000000 0.000000 0.000000 -31779.513794 8.393475
300.000000 0.410000 0.410000 0.410000 0.000000 0.000000 0.000000 -31843.977553 0.904457
300.000000 0.412000 0.412000 0.412000 0.000000 0.000000 0.000000 -31710.185019 -2.872132
300.000000 0.414000 0.414000 0.414000 0.000000 0.000000 0.000000 -31754.163586 -1.802916
300.000000 0.416000 0.416000 0.416000 0.000000 0.000000 0.000000 -31807.482028 -2.148556
300.000000 0.418000 0.418000 0.418000 0.000000 0.000000 0.000000 -31725.827853 4.892589
300.000000 0.420000 0.420000 0.420000 0.000000 0.000000 0.000000 -31850.581975 4.427390
300.000000 0.422000 0.422000 0.422000 0.000000 0.000000 0.000000 -31902.597008 -0.790576
300.000000 0.424000 0.424000 0.424000 0.000000 0.000000 0.000000 -31808.119036 -1.677659
300.000000 0.426000 0.426000 0.426000 0.000000 0.000000 0.000000 -31884.426876 2.945964
300.000000 0.428000 0.428000 0.428000 0.000000 0.000000 0.000000 -31820.495787 4.733776
300.000000 0.430000 0.430000 0.430000 0.000000 0.000000 0.000000 -31984.413854 4.901775
300.000000 0.432000 0.432000 0.432000 0.000000 0.000000 0.000000 -31915.579219 7.816491
300.000000 0.434000 0.434000 0.434000 0.000000 0.000000 0.000000 -31946.988249 -0.935147
300.000000 0.436000 0.436000 0.436000 0.000000 0.000000 0.000000 -31859.794505 -6.757681
300.000000 0.438000 0.438000 0.438000 0.000000 0.000000 0.000000 -31986.344322 3.685882
300.000000 0.440000 0.440000 0.440000 0.000000 0.000000 0.000000 -31893.194421 3.413469
300.000000 0.442000 0.442000 0.442000 0.000000 0.000000 0.000000 -31867.292177 9.901204
300.000000 0.444000 0.444000 0.444000 0.000000 0.000000 0.000000 -31963.348496 -0.290589
300.000000 0.446000 0.446000 0.446000 0.000000 0.000000 0.000000 -32038.125428 -1.225292
300.000000 0.448000 0.448000 0.448000 0.000000 0.000000 0.000000 -31982.454136 7.506642
300.000000 0.450000 0.450000 0.450000 0.000000 0.000000 0.000000 -31933.799602 4.895770
300.000000 0.452000 0.452000 0.452000 0.000000 0.000000 0.000000 -31981.585706 0.140113
300.000000 0.454000 0.454000 0.454000 0.000000 0.000000 0.000000 -31969.552734 -1.454878
300.000000 0.456000 0.456000 0.456000 0.000000 0.000000 0.000000 -32078.221633 6.396822
300.000000 0.458000 0.458000 0.458000 0.000000 0.000000 0.000000 -31948.522211 -2.097054
300.000000 0.460000 0.460000 0.460000 0.000000 0.000000 0.000000 -32003.998644 -3.265859
300.000000 0.462000 0.462000 0.462000 0.000000 0.000000 0.000000 -31892.453272 4.504917
300.000000 0.464000 0.464000 0.464000 0.000000 0.000000 0.000000 -31993.834281 0.604434
300.000000 0.466000 0.466000 0.466000 0.000000 0.000000 0.000000 -31850.226359 1.571156
300.000000 0.468000 0.468000 0.468000 0.000000 0.000000 0.000000 -31929.140384 6.644332
300.000000 0.470000 0.470000 0.470000 0.000000 0.000000 0.000000 -31854.277037 -4.562269
300.000000 0.472000 0.472000 0.472000 0.000000 0.000000 0.000000 -31873.182162 -1.752685
300.000000 0.474000 0.474000 0.474000 0.000000 0.000000 0.000000 -31756.584110 -6.095580
300.000000 0.476000 0.476000 0.476000 0.000000 0.000000 0.000000 -31840.878412 -2.147547
300.000000 0.478000 0.478000 0.478000 0.000000 0.000000 0.000000 -31888.499028 11.654309
300.000000 0.480000 0.480000 0.480000 0.000000 0.000000 0.000000 -31943.123549 -11.947978
300.000000 0.482000 0.482000 0.482000 0.000000 0.000000 0.000000 -32001.465412 -2.572048
300.000000 0.484000 0.484000 0.484000 0.000000 0.000000 0.000000 -32042.907735 0.880296
300.000000 0.486000 0.486000 0.486000 0.000000 0.000000 0.000000 -31952.212457 -1.772962
300.000000 0.488000 0.488000 0.488000 0.000000 0.000000 0.000000 -31952.077828 4.785699
300.000000 0.490000 0.490000 0.490000 0.000000 0.000000 0.000000 -32075.629157 -0.627352
300.000000 0.492000 0.492000 0.492000 0.000000 0.000000 0.000000 -31947.469358 1.851430
300.000000 0.494000 0.494000 0.494000 0.000000 0.000000 0.000000 -32018.497463 5.724312
300.000000 0.496000 0.496000 0.496000 0.000000 0.000000 0.000000 -32035.243506 2.391467
300.000000 0.498000 0.498000 0.498000 0.000000 0.000000 0.000000 -31967.551249 1.590080
