18 300.000000 -1.000000 0.000000 0.300000 0.100000 100.000000 0.000000 -32912.184828 54.914014 6.658416
19 300.000000 -1.000000 0.000000 0.200000 0.100000 110.000000 0.000000 -32949.717144 83.091576 7.975329
19 300.000000 -1.000000 0.000000 0.200000 0.100000 110.000000 0.000000 -32721.907486 84.332405 6.983173
18 300.000000 -1.000000 0.000000 0.300000 0.100000 100.000000 0.000000 -32963.372997 54.666330 6.844352
16 300.000000 -1.000000 0.000000 0.500000 0.100000 80.000000 0.000000 -32713.422955 46.052241 6.850810
18 300.000000 -1.000000 0.000000 0.300000 0.100000 100.000000 0.000000 -32636.677564 82.990133 6.990804
17 300.000000 -1.000000 0.000000 0.400000 0.100000 90.000000 0.000000 -32838.475945 25.558765 7.168459
16 300.000000 -1.000000 0.000000 0.500000 0.100000 80.000000 0.000000 -32828.856042 56.995016 7.338270
18 300.000000 -1.000000 0.000000 0.300000 0.100000 100.000000 0.000000 -32819.692760 67.031655 6.770804
17 300.000000 -1.000000 0.000000 0.400000 0.100000 90.000000 0.000000 -32801.153262 53.189764 6.394751
16 300.000000 -1.000000 0.000000 0.500000 0.100000 80.000000 0.000000 -32893.980480 27.868581 8.059841
16 300.000000 -1.000000 0.000000 0.500000 0.100000 80.000000 0.000000 -32841.137383 71.492322 6.483646
16 300.000000 -1.000000 0.000000 0.500000 0.100000 80.000000 0.000000 -32856.418771 34.624925 6.826560
16 300.000000 -1.000000 0.000000 0.500000 0.100000 80.000000 0.000000 -32887.073552 54.299790 7.172987
17 300.000000 -1.000000 0.000000 0.400000 0.100000 90.000000 0.000000 -32894.707807 43.515926 6.398750
17 300.000000 -1.000000 0.000000 0.400000 0.100000 90.000000 0.000000 -32834.088770 65.645459 6.882715
17 300.000000 -1.000000 0.000000 0.400000 0.100000 90.000000 0.000000 -32770.838905 65.684129 6.693342
17 300.000000 -1.000000 0.000000 0.400000 0.100000 90.000000 0.000000 -32922.227724 58.216342 7.007961
19 300.000000 -1.000000 0.000000 0.200000 0.100000 110.000000 0.000000 -32864.245406 82.045530 7.100299
18 300.000000 -1.000000 0.000000 0.300000 0.100000 100.000000 0.000000 -32867.932600 40.505126 7.040494
16 300.000000 -1.000000 0.000000 0.500000 0.100000 80.000000 0.000000 -32822.010889 39.600850 7.470518
16 300.000000 -1.000000 0.000000 0.500000 0.100000 80.000000 0.000000 -32924.754792 66.474185 6.583804
19 300.000000 -1.000000 0.000000 0.200000 0.100000 110.000000 0.000000 -32859.871505 112.892533 7.120845
19 300.000000 -1.000000 0.000000 0.200000 0.100000 110.000000 0.000000 -32874.712504 71.574834 6.407450
16 300.000000 -1.000000 0.000000 0.500000 0.100000 80.000000 0.000000 -32801.738002 15.562494 6.784943
15 300.000000 -1.000000 0.100000 0.500000 0.100000 70.000000 0.000000 -32877.553802 11.323672 6.400892
13 300.000000 -1.000000 0.300000 0.500000 0.100000 50.000000 0.000000 -32758.002963 11.054204 6.937487
12 300.000000 -1.000000 0.400000 0.500000 0.100000 40.000000 0.000000 -32908.361619 7.306975 7.190587
13 300.000000 -1.000000 0.300000 0.500000 0.100000 50.000000 0.000000 -32903.242848 9.478078 7.367177
14 300.000000 -1.000000 0.200000 0.500000 0.100000 60.000000 0.000000 -32894.316212 15.628721 7.343840
13 300.000000 -1.000000 0.300000 0.500000 0.100000 50.000000 0.000000 -32888.058469 6.200514 7.268155
8 300.000000 1.000000 0.300000 0.500000 0.100000 50.000000 0.000000 -32979.665444 7.295382 7.345391
8 300.000000 1.000000 0.300000 0.500000 0.100000 50.000000 0.000000 -32977.123549 7.032700 7.135868
8 300.000000 1.000000 0.300000 0.500000 0.100000 50.000000 0.000000 -32687.358576 7.351230 6.435180
9 300.000000 1.000000 0.400000 0.500000 0.100000 40.000000 0.000000 -32911.705236 -1.381461 7.518425
11 300.000000 -1.000000 0.500000 0.500000 0.100000 30.000000 0.000000 -32847.292020 -0.493956 7.013319
12 300.000000 -1.000000 0.400000 0.500000 0.100000 40.000000 0.000000 -32862.349284 3.556746 6.564289
12 300.000000 -1.000000 0.400000 0.500000 0.100000 40.000000 0.000000 -32835.435149 2.679842 7.035704
13 300.000000 -1.000000 0.300000 0.500000 0.100000 50.000000 0.000000 -32607.647810 13.360543 6.592799
14 300.000000 -1.000000 0.200000 0.500000 0.100000 60.000000 0.000000 -32904.302313 11.820231 6.437710
13 300.000000 -1.000000 0.300000 0.500000 0.100000 50.000000 0.000000 -32714.245162 11.730636 6.986942
13 300.000000 -1.000000 0.300000 0.500000 0.100000 50.000000 0.000000 -32856.830545 11.042976 6.673846
13 300.000000 -1.000000 0.300000 0.500000 0.100000 50.000000 0.000000 -32971.875405 5.801168 7.108770
14 300.000000 -1.000000 0.200000 0.500000 0.100000 60.000000 0.000000 -32918.363399 15.512512 6.608222
15 300.000000 -1.000000 0.100000 0.500000 0.100000 70.000000 0.000000 -32851.066250 39.078659 7.570350
15 300.000000 -1.000000 0.100000 0.500000 0.100000 70.000000 0.000000 -32826.417276 40.387704 7.454158
17 300.000000 -1.000000 0.000000 0.400000 0.100000 90.000000 0.000000 -32697.917012 52.268378 6.843737
17 300.000000 -1.000000 0.000000 0.400000 0.100000 90.000000 0.000000 -32825.343466 66.622276 7.303635
16 300.000000 -1.000000 0.000000 0.500000 0.100000 80.000000 0.000000 -32951.327645 60.794465 6.576587
17 300.000000 -1.000000 0.000000 0.400000 0.100000 90.000000 0.000000 -32883.280822 70.283554 7.826537
19 300.000000 -1.000000 0.000000 0.200000 0.100000 110.000000 0.000000 -32946.590785 118.888132 6.768173
19 300.000000 -1.000000 0.000000 0.200000 0.100000 110.000000 0.000000 -32880.656796 102.980814 6.924075
19 300.000000 -1.000000 0.000000 0.200000 0.100000 110.000000 0.000000 -32895.188084 63.227914 6.649874
17 300.000000 -1.000000 0.000000 0.400000 0.100000 90.000000 0.000000 -32798.149973 49.594584 6.678921
16 300.000000 -1.000000 0.000000 0.500000 0.100000 80.000000 0.000000 -32736.628984 37.781081 6.392940
16 300.000000 -1.000000 0.000000 0.500000 0.100000 80.000000 0.000000 -32833.375310 39.259535 7.023362
16 300.000000 -1.000000 0.000000 0.500000 0.100000 80.000000 0.000000 -32852.858723 56.034433 6.599790
17 300.000000 -1.000000 0.000000 0.400000 0.100000 90.000000 0.000000 -32994.621223 72.159156 7.311470
17 300.000000 -1.000000 0.000000 0.400000 0.100000 90.000000 0.000000 -32975.244414 67.765564 7.431667
17 300.000000 -1.000000 0.000000 0.400000 0.100000 90.000000 0.000000 -32913.399990 62.758341 6.572516
17 300.000000 -1.000000 0.000000 0.400000 0.100000 90.000000 0.000000 -32874.601075 41.257697 6.613541
15 300.000000 -1.000000 0.100000 0.500000 0.100000 70.000000 0.000000 -32851.827213 13.076662 6.391037
14 300.000000 -1.000000 0.200000 0.500000 0.100000 60.000000 0.000000 -32895.409314 11.294655 6.701378
14 300.000000 -1.000000 0.200000 0.500000 0.100000 60.000000 0.000000 -32740.449727 12.543418 7.051573
13 300.000000 -1.000000 0.300000 0.500000 0.100000 50.000000 0.000000 -32825.046334 5.347928 6.663090
11 300.000000 -1.000000 0.500000 0.500000 0.100000 30.000000 0.000000 -32870.138021 -2.419489 7.335737
11 300.000000 -1.000000 0.500000 0.500000 0.100000 30.000000 0.000000 -32825.529875 -13.220375 6.694108
11 300.000000 -1.000000 0.500000 0.500000 0.100000 30.000000 0.000000 -32814.182551 2.181595 6.971611
12 300.000000 -1.000000 0.400000 0.500000 0.100000 40.000000 0.000000 -32885.538759 6.156449 6.519603
7 300.000000 1.000000 0.200000 0.500000 0.100000 60.000000 0.000000 -32816.833474 25.138090 6.634073
7 300.000000 1.000000 0.200000 0.500000 0.100000 60.000000 0.000000 -32824.558825 18.619160 7.061012
6 300.000000 1.000000 0.100000 0.500000 0.100000 70.000000 0.000000 -32904.911488 41.351425 6.486630
4 300.000000 1.000000 0.000000 0.400000 0.100000 90.000000 0.000000 -32773.088985 35.068879 6.389774
4 300.000000 1.000000 0.000000 0.400000 0.100000 90.000000 0.000000 -32755.326974 63.100890 6.926455
3 300.000000 1.000000 0.000000 0.300000 0.100000 100.000000 0.000000 -32731.028800 85.391553 1.908473
2 300.000000 1.000000 0.000000 0.200000 0.100000 110.000000 0.000000 -32883.976942 112.578226 5.225326
2 300.000000 1.000000 0.000000 0.200000 0.100000 110.000000 0.000000 -32959.084058 132.216477 7.800018
1 300.000000 1.000000 0.000000 0.100000 0.100000 120.000000 0.000000 -32807.162015 143.682834 4.742388
1 300.000000 1.000000 0.000000 0.100000 0.100000 120.000000 0.000000 -32894.010179 144.994517 8.072945
1 300.000000 1.000000 0.000000 0.100000 0.100000 120.000000 0.000000 -32874.540884 140.902839 8.283349
1 300.000000 1.000000 0.000000 0.100000 0.100000 120.000000 0.000000 -32813.720585 123.627910 2.253925
2 300.000000 1.000000 0.000000 0.200000 0.100000 110.000000 0.000000 -32941.604109 129.067613 6.983866
1 300.000000 1.000000 0.000000 0.100000 0.100000 120.000000 0.000000 -33048.001964 90.728292 8.283471
2 300.000000 1.000000 0.000000 0.200000 0.100000 110.000000 0.000000 -32863.533262 115.858765 7.843052
2 300.000000 1.000000 0.000000 0.200000 0.100000 110.000000 0.000000 -33045.326791 53.082544 0.298986
4 300.000000 1.000000 0.000000 0.400000 0.100000 90.000000 0.000000 -32864.242730 64.120609 8.263522
4 300.000000 1.000000 0.000000 0.400000 0.100000 90.000000 0.000000 -32820.287546 66.798262 6.467745
4 300.000000 1.000000 0.000000 0.400000 0.100000 90.000000 0.000000 -32770.042168 64.805655 8.038081
5 300.000000 1.000000 0.000000 0.500000 0.100000 80.000000 0.000000 -32786.431317 28.665976 6.457993
5 300.000000 1.000000 0.000000 0.500000 0.100000 80.000000 0.000000 -32748.059651 22.579293 8.283092
6 300.000000 1.000000 0.100000 0.500000 0.100000 70.000000 0.000000 -32936.049223 44.545080 7.179267
5 300.000000 1.000000 0.000000 0.500000 0.100000 80.000000 0.000000 -32825.668772 61.682279 8.209157
4 300.000000 1.000000 0.000000 0.400000 0.100000 90.000000 0.000000 -32829.074893 84.952273 6.837279
4 300.000000 1.000000 0.000000 0.400000 0.100000 90.000000 0.000000 -32711.029537 41.223966 6.442444
5 300.000000 1.000000 0.000000 0.500000 0.100000 80.000000 0.000000 -32828.572973 65.687046 6.497235
3 300.000000 1.000000 0.000000 0.300000 0.100000 100.000000 0.000000 -32868.331971 91.585889 8.275567
2 300.000000 1.000000 0.000000 0.200000 0.100000 110.000000 0.000000 -32714.872117 103.394623 6.819239
1 300.000000 1.000000 0.000000 0.100000 0.100000 120.000000 0.000000 -32870.029413 130.311727 6.459964
2 300.000000 1.000000 0.000000 0.200000 0.100000 110.000000 0.000000 -32910.558475 136.995332 7.387308
1 300.000000 1.000000 0.000000 0.100000 0.100000 120.000000 0.000000 -32893.690481 151.486277 5.601563
1 300.000000 1.000000 0.000000 0.100000 0.100000 120.000000 0.000000 -32881.106269 138.272048 6.435516
1 300.000000 1.000000 0.000000 0.100000 0.100000 120.000000 0.000000 -32924.685881 132.401007 7.446487
1 300.000000 1.000000 0.000000 0.100000 0.100000 120.000000 0.000000 -32783.522391 112.740548 6.399175
2 300.000000 1.000000 0.000000 0.200000 0.100000 110.000000 0.000000 -32936.521690 108.484091 6.409573
2 300.000000 1.000000 0.000000 0.200000 0.100000 110.000000 0.000000 -32856.850768 126.822501 6.441589
2 300.000000 1.000000 0.000000 0.200000 0.100000 110.000000 0.000000 -33040.116359 73.470545 6.390951
2 300.000000 1.000000 0.000000 0.200000 0.100000 110.000000 0.000000 -32845.797004 123.240974 7.285291
1 300.000000 1.000000 0.000000 0.100000 0.100000 120.000000 0.000000 -33054.907438 149.256554 7.683267
1 300.000000 1.000000 0.000000 0.100000 0.100000 120.000000 0.000000 -32828.546828 152.082866 6.494710
1 300.000000 1.000000 0.000000 0.100000 0.100000 120.000000 0.000000 -32768.548980 144.050878 7.570602
1 300.000000 1.000000 0.000000 0.100000 0.100000 120.000000 0.000000 -32937.284797 137.340049 6.821003
1 300.000000 1.000000 0.000000 0.100000 0.100000 120.000000 0.000000 -32908.792039 134.374317 6.419347
1 300.000000 1.000000 0.000000 0.100000 0.100000 120.000000 0.000000 -32937.639058 160.186928 6.765267
1 300.000000 1.000000 0.000000 0.100000 0.100000 120.000000 0.000000 -32832.253367 155.627745 6.726552
1 300.000000 1.000000 0.000000 0.100000 0.100000 120.000000 0.000000 -32750.493815 141.381335 6.466302
1 300.000000 1.000000 0.000000 0.100000 0.100000 120.000000 0.000000 -32798.820012 137.333248 6.509062
1 300.000000 1.000000 0.000000 0.100000 0.100000 120.000000 0.000000 -33078.686631 143.787693 6.498320
1 300.000000 1.000000 0.000000 0.100000 0.100000 120.000000 0.000000 -32894.104005 150.432581 7.122677
1 300.000000 1.000000 0.000000 0.100000 0.100000 120.000000 0.000000 -32813.375697 127.181570 6.574025
2 300.000000 1.000000 0.000000 0.200000 0.100000 110.000000 0.000000 -32735.181395 119.536470 6.446079
1 300.000000 1.000000 0.000000 0.100000 0.100000 120.000000 0.000000 -32827.092802 139.112160 6.532226
1 300.000000 1.000000 0.000000 0.100000 0.100000 120.000000 0.000000 -32859.019764 141.906974 6.722700
2 300.000000 1.000000 0.000000 0.200000 0.100000 110.000000 0.000000 -32747.171628 123.215776 6.790910
2 300.000000 1.000000 0.000000 0.200000 0.100000 110.000000 0.000000 -32854.198132 111.751793 7.907591
1 300.000000 1.000000 0.000000 0.100000 0.100000 120.000000 0.000000 -32799.304638 141.059743 6.929183
1 300.000000 1.000000 0.000000 0.100000 0.100000 120.000000 0.000000 -32887.573083 136.915440 6.334605
1 300.000000 1.000000 0.000000 0.100000 0.100000 120.000000 0.000000 -32911.413264 151.810959 7.725250
1 300.000000 1.000000 0.000000 0.100000 0.100000 120.000000 0.000000 -32820.051548 152.980135 7.829995
1 300.000000 1.000000 0.000000 0.100000 0.100000 120.000000 0.000000 -32758.982491 142.614812 6.175621
1 300.000000 1.000000 0.000000 0.100000 0.100000 120.000000 0.000000 -32828.441514 159.975901 8.196861
1 300.000000 1.000000 0.000000 0.100000 0.100000 120.000000 0.000000 -32967.621533 182.429022 2.550604
0 300.000000 1.000000 0.000000 0.000000 0.100000 130.000000 0.000000 -32903.279911 184.732334 6.877018
1 300.000000 1.000000 0.000000 0.100000 0.100000 120.000000 0.000000 -32841.137342 127.353016 6.691490
1 300.000000 1.000000 0.000000 0.100000 0.100000 120.000000 0.000000 -32832.029413 135.422044 6.421488
1 300.000000 1.000000 0.000000 0.100000 0.100000 120.000000 0.000000 -32910.457175 155.421945 6.877213
0 300.000000 1.000000 0.000000 0.000000 0.100000 130.000000 0.000000 -32808.708333 173.959331 8.278278
1 300.000000 1.000000 0.000000 0.100000 0.100000 120.000000 0.000000 -32848.775788 154.633103 6.323344
1 300.000000 1.000000 0.000000 0.100000 0.100000 120.000000 0.000000 -32791.283963 129.130564 7.471193
2 300.000000 1.000000 0.000000 0.200000 0.100000 110.000000 0.000000 -32783.309571 112.514215 7.168813
2 300.000000 1.000000 0.000000 0.200000 0.100000 110.000000 0.000000 -32688.021569 116.209155 6.561473
2 300.000000 1.000000 0.000000 0.200000 0.100000 110.000000 0.000000 -32768.373180 116.277109 7.938855
2 300.000000 1.000000 0.000000 0.200000 0.100000 110.000000 0.000000 -32710.012446 123.945697 7.141198
2 300.000000 1.000000 0.000000 0.200000 0.100000 110.000000 0.000000 -32887.338655 80.824971 6.422953
4 300.000000 1.000000 0.000000 0.400000 0.100000 90.000000 0.000000 -32856.229346 73.170184 8.199374
3 300.000000 1.000000 0.000000 0.300000 0.100000 100.000000 0.000000 -32786.347515 64.080163 6.435343
2 300.000000 1.000000 0.000000 0.200000 0.100000 110.000000 0.000000 -32875.827146 125.547547 6.489577
2 300.000000 1.000000 0.000000 0.200000 0.100000 110.000000 0.000000 -32820.111228 136.192760 6.713855
2 300.000000 1.000000 0.000000 0.200000 0.100000 110.000000 0.000000 -32839.631095 103.272430 6.408593
2 300.000000 1.000000 0.000000 0.200000 0.100000 110.000000 0.000000 -32870.744273 118.722411 6.593591
2 300.000000 1.000000 0.000000 0.200000 0.100000 110.000000 0.000000 -32772.263576 122.259473 6.475976
2 300.000000 1.000000 0.000000 0.200000 0.100000 110.000000 0.000000 -32887.716671 136.233863 6.658007
1 300.000000 1.000000 0.000000 0.100000 0.100000 120.000000 0.000000 -32975.422875 138.471862 6.646799
1 300.000000 1.000000 0.000000 0.100000 0.100000 120.000000 0.000000 -32945.685404 60.719793 7.473916
4 300.000000 1.000000 0.000000 0.400000 0.100000 90.000000 0.000000 -32768.275941 37.216280 6.667748
6 300.000000 1.000000 0.100000 0.500000 0.100000 70.000000 0.000000 -32840.575635 24.414582 6.408715
6 300.000000 1.000000 0.100000 0.500000 0.100000 70.000000 0.000000 -33005.946833 40.629769 6.644735
5 300.000000 1.000000 0.000000 0.500000 0.100000 80.000000 0.000000 -32777.763650 61.596942 6.403755
4 300.000000 1.000000 0.000000 0.400000 0.100000 90.000000 0.000000 -32866.565258 63.237431 6.680127
5 300.000000 1.000000 0.000000 0.500000 0.100000 80.000000 0.000000 -32700.397809 62.248451 6.873810
5 300.000000 1.000000 0.000000 0.500000 0.100000 80.000000 0.000000 -32902.152562 48.333130 8.162605
3 300.000000 1.000000 0.000000 0.300000 0.100000 100.000000 0.000000 -32864.082408 68.574104 6.389882
3 300.000000 1.000000 0.000000 0.300000 0.100000 100.000000 0.000000 -32852.843203 77.113686 8.243931
3 300.000000 1.000000 0.000000 0.300000 0.100000 100.000000 0.000000 -32804.517853 92.892887 7.486287
3 300.000000 1.000000 0.000000 0.300000 0.100000 100.000000 0.000000 -32932.486302 47.707620 7.562545
3 300.000000 1.000000 0.000000 0.300000 0.100000 100.000000 0.000000 -32642.609070 90.698446 6.416287
2 300.000000 1.000000 0.000000 0.200000 0.100000 110.000000 0.000000 -32857.723228 118.767624 7.088401
2 300.000000 1.000000 0.000000 0.200000 0.100000 110.000000 0.000000 -32955.014929 123.638681 7.779764
2 300.000000 1.000000 0.000000 0.200000 0.100000 110.000000 0.000000 -32912.082172 119.150717 6.753153
2 300.000000 1.000000 0.000000 0.200000 0.100000 110.000000 0.000000 -32799.006094 82.206878 6.423939
3 300.000000 1.000000 0.000000 0.300000 0.100000 100.000000 0.000000 -32769.285842 38.381789 6.466132
5 300.000000 1.000000 0.000000 0.500000 0.100000 80.000000 0.000000 -32881.321186 51.982042 6.567530
2 300.000000 1.000000 0.000000 0.200000 0.100000 110.000000 0.000000 -32826.912565 127.687590 6.408713
1 300.000000 1.000000 0.000000 0.100000 0.100000 120.000000 0.000000 -32918.592822 141.360571 6.147718
1 300.000000 1.000000 0.000000 0.100000 0.100000 120.000000 0.000000 -32652.637155 151.225389 6.408171
1 300.000000 1.000000 0.000000 0.100000 0.100000 120.000000 0.000000 -32809.737541 155.374470 8.079550
1 300.000000 1.000000 0.000000 0.100000 0.100000 120.000000 0.000000 -32827.179439 131.833804 6.588378
2 300.000000 1.000000 0.000000 0.200000 0.100000 110.000000 0.000000 -32851.538087 77.090037 7.255757
4 300.000000 1.000000 0.000000 0.400000 0.100000 90.000000 0.000000 -32820.917299 58.410766 7.472532
3 300.000000 1.000000 0.000000 0.300000 0.100000 100.000000 0.000000 -32786.161092 68.622416 7.196767
3 300.000000 1.000000 0.000000 0.300000 0.100000 100.000000 0.000000 -32858.725195 79.471661 8.282883
3 300.000000 1.000000 0.000000 0.300000 0.100000 100.000000 0.000000 -32747.504819 80.420077 4.376352
3 300.000000 1.000000 0.000000 0.300000 0.100000 100.000000 0.000000 -33042.801541 85.717636 0.642883
3 300.000000 1.000000 0.000000 0.300000 0.100000 100.000000 0.000000 -32914.812246 75.320196 2.680440
4 300.000000 1.000000 0.000000 0.400000 0.100000 90.000000 0.000000 -32791.142422 70.328369 4.115588
3 300.000000 1.000000 0.000000 0.300000 0.100000 100.000000 0.000000 -32849.473120 95.569214 8.148682
3 300.000000 1.000000 0.000000 0.300000 0.100000 100.000000 0.000000 -32882.567661 89.463856 0.620172
3 300.000000 1.000000 0.000000 0.300000 0.100000 100.000000 0.000000 -32888.299291 76.332953 2.789804
3 300.000000 1.000000 0.000000 0.300000 0.100000 100.000000 0.000000 -32870.633821 84.460864 1.273767
3 300.000000 1.000000 0.000000 0.300000 0.100000 100.000000 0.000000 -32968.074475 70.591441 8.235941
4 300.000000 1.000000 0.000000 0.400000 0.100000 90.000000 0.000000 -32811.255665 62.722286 8.232521
5 300.000000 1.000000 0.000000 0.500000 0.100000 80.000000 0.000000 -32920.899905 55.563747 7.807577
5 300.000000 1.000000 0.000000 0.500000 0.100000 80.000000 0.000000 -32790.835433 60.377869 6.923951
3 300.000000 1.000000 0.000000 0.300000 0.100000 100.000000 0.000000 -32909.899699 51.964889 8.079872
3 300.000000 1.000000 0.000000 0.300000 0.100000 100.000000 0.000000 -32848.144369 45.486813 6.916322
5 300.000000 1.000000 0.000000 0.500000 0.100000 80.000000 0.000000 -32826.652034 48.497232 7.632095
4 300.000000 1.000000 0.000000 0.400000 0.100000 90.000000 0.000000 -32782.152317 44.801155 8.150468
5 300.000000 1.000000 0.000000 0.500000 0.100000 80.000000 0.000000 -32698.041514 54.877522 6.733895
4 300.000000 1.000000 0.000000 0.400000 0.100000 90.000000 0.000000 -32858.960713 32.794641 7.665351
4 300.000000 1.000000 0.000000 0.400000 0.100000 90.000000 0.000000 -32887.742454 56.303895 5.620462
5 300.000000 1.000000 0.000000 0.500000 0.100000 80.000000 0.000000 -32706.049958 61.956737 8.154554
4 300.000000 1.000000 0.000000 0.400000 0.100000 90.000000 0.000000 -32893.023650 31.889247 7.070703
4 300.000000 1.000000 0.000000 0.400000 0.100000 90.000000 0.000000 -32588.485621 50.165230 5.187760
5 300.000000 1.000000 0.000000 0.500000 0.100000 80.000000 0.000000 -32777.920351 64.395077 2.076070
3 300.000000 1.000000 0.000000 0.300000 0.100000 100.000000 0.000000 -32810.292317 71.666634 6.883387
2 300.000000 1.000000 0.000000 0.200000 0.100000 110.000000 0.000000 -32852.591692 102.928345 6.174799
3 300.000000 1.000000 0.000000 0.300000 0.100000 100.000000 0.000000 -32725.788247 46.474713 6.566422
5 300.000000 1.000000 0.000000 0.500000 0.100000 80.000000 0.000000 -32844.766092 50.370830 2.662175
2 300.000000 1.000000 0.000000 0.200000 0.100000 110.000000 0.000000 -32967.755181 117.055438 5.411161
2 300.000000 1.000000 0.000000 0.200000 0.100000 110.000000 0.000000 -32780.506069 133.820618 6.898878
2 300.000000 1.000000 0.000000 0.200000 0.100000 110.000000 0.000000 -32894.954306 126.773803 7.975354
1 300.000000 1.000000 0.000000 0.100000 0.100000 120.000000 0.000000 -32934.652739 160.693996 5.859757
1 300.000000 1.000000 0.000000 0.100000 0.100000 120.000000 0.000000 -32829.568169 148.150799 8.217871
1 300.000000 1.000000 0.000000 0.100000 0.100000 120.000000 0.000000 -32748.777049 142.772528 7.808182
1 300.000000 1.000000 0.000000 0.100000 0.100000 120.000000 0.000000 -32833.286360 143.057888 4.524034
1 300.000000 1.000000 0.000000 0.100000 0.100000 120.000000 0.000000 -32753.971187 142.084895 3.472458
1 300.000000 1.000000 0.000000 0.100000 0.100000 120.000000 0.000000 -32784.693833 145.677696 8.026276
1 300.000000 1.000000 0.000000 0.100000 0.100000 120.000000 0.000000 -32753.220275 133.643141 6.389747
1 300.000000 1.000000 0.000000 0.100000 0.100000 120.000000 0.000000 -32875.901704 161.941505 6.328165
0 300.000000 1.000000 0.000000 0.000000 0.100000 130.000000 0.000000 -32998.442612 180.421584 7.518384
0 300.000000 1.000000 0.000000 0.000000 0.100000 130.000000 0.000000 -32972.212080 174.617148 6.465657
1 300.000000 1.000000 0.000000 0.100000 0.100000 120.000000 0.000000 -32861.790448 130.391038 7.077306
1 300.000000 1.000000 0.000000 0.100000 0.100000 120.000000 0.000000 -32865.551838 141.489874 6.409276
1 300.000000 1.000000 0.000000 0.100000 0.100000 120.000000 0.000000 -32713.705952 176.802876 6.455411
0 300.000000 1.000000 0.000000 0.000000 0.100000 130.000000 0.000000 -32976.353266 177.894971 6.501687
0 300.000000 1.000000 0.000000 0.000000 0.100000 130.000000 0.000000 -32869.433607 177.822158 6.730905
0 300.000000 1.000000 0.000000 0.000000 0.100000 130.000000 0.000000 -32811.859684 172.260384 5.480766
1 300.000000 1.000000 0.000000 0.100000 0.100000 120.000000 0.000000 -32751.083436 131.722402 6.488005
1 300.000000 1.000000 0.000000 0.100000 0.100000 120.000000 0.000000 -32916.069598 158.781431 6.450545
1 300.000000 1.000000 0.000000 0.100000 0.100000 120.000000 0.000000 -32781.442905 154.760142 6.447762
1 300.000000 1.000000 0.000000 0.100000 0.100000 120.000000 0.000000 -32798.890609 130.971658 6.397383
1 300.000000 1.000000 0.000000 0.100000 0.100000 120.000000 0.000000 -32874.501113 137.012374 6.656621
1 300.000000 1.000000 0.000000 0.100000 0.100000 120.000000 0.000000 -32888.364531 133.582989 6.778194
1 300.000000 1.000000 0.000000 0.100000 0.100000 120.000000 0.000000 -32967.302941 128.881515 6.833634
1 300.000000 1.000000 0.000000 0.100000 0.100000 120.000000 0.000000 -32826.445668 141.291136 6.395380
1 300.000000 1.000000 0.000000 0.100000 0.100000 120.000000 0.000000 -32859.031145 151.396471 7.450591
0 300.000000 1.000000 0.000000 0.000000 0.100000 130.000000 0.000000 -32856.229683 170.573095 7.479961
0 300.000000 1.000000 0.000000 0.000000 0.100000 130.000000 0.000000 -32824.781868 193.045205 6.181611
0 300.000000 1.000000 0.000000 0.000000 0.100000 130.000000 0.000000 -32886.452667 181.304163 7.225015
0 300.000000 1.000000 0.000000 0.000000 0.100000 130.000000 0.000000 -32955.205098 177.818650 7.665247
0 300.000000 1.000000 0.000000 0.000000 0.100000 130.000000 0.000000 -33029.482213 144.794967 6.412451
1 300.000000 1.000000 0.000000 0.100000 0.100000 120.000000 0.000000 -32907.586884 142.374582 6.450197
1 300.000000 1.000000 0.000000 0.100000 0.100000 120.000000 0.000000 -32696.788056 121.339866 6.412692
2 300.000000 1.000000 0.000000 0.200000 0.100000 110.000000 0.000000 -32853.901694 90.010167 6.777517
2 300.000000 1.000000 0.000000 0.200000 0.100000 110.000000 0.000000 -32858.529921 124.904128 6.692416
1 300.000000 1.000000 0.000000 0.100000 0.100000 120.000000 0.000000 -32759.553282 129.706385 6.686146
1 300.000000 1.000000 0.000000 0.100000 0.100000 120.000000 0.000000 -32845.344082 147.732288 6.608349
1 300.000000 1.000000 0.000000 0.100000 0.100000 120.000000 0.000000 -32870.269026 126.829440 6.642453
1 300.000000 1.000000 0.000000 0.100000 0.100000 120.000000 0.000000 -32921.865027 125.866656 6.397945
2 300.000000 1.000000 0.000000 0.200000 0.100000 110.000000 0.000000 -32764.959855 116.939071 8.238627
1 300.000000 1.000000 0.000000 0.100000 0.100000 120.000000 0.000000 -32860.609264 112.541766 6.608043
2 300.000000 1.000000 0.000000 0.200000 0.100000 110.000000 0.000000 -32755.824434 136.362042 6.685349
1 300.000000 1.000000 0.000000 0.100000 0.100000 120.000000 0.000000 -32904.327028 128.313205 7.853015
1 300.000000 1.000000 0.000000 0.100000 0.100000 120.000000 0.000000 -32738.710229 136.614275 8.100829
1 300.000000 1.000000 0.000000 0.100000 0.100000 120.000000 0.000000 -32903.217162 133.330420 6.727289
1 300.000000 1.000000 0.000000 0.100000 0.100000 120.000000 0.000000 -32860.066037 127.243441 6.390098
1 300.000000 1.000000 0.000000 0.100000 0.100000 120.000000 0.000000 -32765.955704 154.895855 6.604969
1 300.000000 1.000000 0.000000 0.100000 0.100000 120.000000 0.000000 -32807.674305 135.802831 6.572254
1 300.000000 1.000000 0.000000 0.100000 0.100000 120.000000 0.000000 -32835.813873 160.220716 7.257809
1 300.000000 1.000000 0.000000 0.100000 0.100000 120.000000 0.000000 -32791.982537 127.371400 7.509142
1 300.000000 1.000000 0.000000 0.100000 0.100000 120.000000 0.000000 -32795.797559 139.888710 6.461356
1 300.000000 1.000000 0.000000 0.100000 0.100000 120.000000 0.000000 -32767.773759 145.407860 8.281182
1 300.000000 1.000000 0.000000 0.100000 0.100000 120.000000 0.000000 -32961.492767 165.515716 7.246029
1 300.000000 1.000000 0.000000 0.100000 0.100000 120.000000 0.000000 -32761.085079 129.885032 5.722624
1 300.000000 1.000000 0.000000 0.100000 0.100000 120.000000 0.000000 -32924.621742 132.838926 6.389846
2 300.000000 1.000000 0.000000 0.200000 0.100000 110.000000 0.000000 -32891.143315 124.981163 6.666692
1 300.000000 1.000000 0.000000 0.100000 0.100000 120.000000 0.000000 -32888.375841 135.551063 6.902067
2 300.000000 1.000000 0.000000 0.200000 0.100000 110.000000 0.000000 -32994.986556 118.928524 6.519493
2 300.000000 1.000000 0.000000 0.200000 0.100000 110.000000 0.000000 -32686.472812 86.206120 6.467793
3 300.000000 1.000000 0.000000 0.300000 0.100000 100.000000 0.000000 -32987.861136 54.279038 6.552182
5 300.000000 1.000000 0.000000 0.500000 0.100000 80.000000 0.000000 -32686.708687 58.611403 6.597572
5 300.000000 1.000000 0.000000 0.500000 0.100000 80.000000 0.000000 -32885.260197 57.662836 6.937164
4 300.000000 1.000000 0.000000 0.400000 0.100000 90.000000 0.000000 -32652.126667 55.469263 7.079538
2 300.000000 1.000000 0.000000 0.200000 0.100000 110.000000 0.000000 -32918.106997 140.007956 7.676207
2 300.000000 1.000000 0.000000 0.200000 0.100000 110.000000 0.000000 -32716.558423 129.219986 6.423026
2 300.000000 1.000000 0.000000 0.200000 0.100000 110.000000 0.000000 -32934.501481 129.282600 6.504916
2 300.000000 1.000000 0.000000 0.200000 0.100000 110.000000 0.000000 -32919.321337 93.628112 6.577691
3 300.000000 1.000000 0.000000 0.300000 0.100000 100.000000 0.000000 -32805.902542 39.441492 6.565000
5 300.000000 1.000000 0.000000 0.500000 0.100000 80.000000 0.000000 -32676.603294 57.499910 6.405188
5 300.000000 1.000000 0.000000 0.500000 0.100000 80.000000 0.000000 -32734.649775 62.335667 6.484153
3 300.000000 1.000000 0.000000 0.300000 0.100000 100.000000 0.000000 -32903.144238 76.437527 6.508035
2 300.000000 1.000000 0.000000 0.200000 0.100000 110.000000 0.000000 -32875.980691 124.908468 6.441629
2 300.000000 1.000000 0.000000 0.200000 0.100000 110.000000 0.000000 -32971.985896 54.392424 6.642221
3 300.000000 1.000000 0.000000 0.300000 0.100000 100.000000 0.000000 -32743.727690 75.948311 7.543264
3 300.000000 1.000000 0.000000 0.300000 0.100000 100.000000 0.000000 -32741.835746 61.301892 7.333693
5 300.000000 1.000000 0.000000 0.500000 0.100000 80.000000 0.000000 -32739.957250 68.600462 5.531986
4 300.000000 1.000000 0.000000 0.400000 0.100000 90.000000 0.000000 -32829.175333 87.681381 7.036921
3 300.000000 1.000000 0.000000 0.300000 0.100000 100.000000 0.000000 -32854.700991 74.684934 7.509281
4 300.000000 1.000000 0.000000 0.400000 0.100000 90.000000 0.000000 -32754.838193 53.924270 7.452596
2 300.000000 1.000000 0.000000 0.200000 0.100000 110.000000 0.000000 -32857.329716 98.874053 6.392588
2 300.000000 1.000000 0.000000 0.200000 0.100000 110.000000 0.000000 -32932.282000 94.901210 0.548693
3 300.000000 1.000000 0.000000 0.300000 0.100000 100.000000 0.000000 -32752.364458 54.219958 0.456870
3 300.000000 1.000000 0.000000 0.300000 0.100000 100.000000 0.000000 -32784.778754 69.605507 7.799324
4 300.000000 1.000000 0.000000 0.400000 0.100000 90.000000 0.000000 -32757.741675 74.587986 6.449540
4 300.000000 1.000000 0.000000 0.400000 0.100000 90.000000 0.000000 -32844.968362 51.363847 6.734224
5 300.000000 1.000000 0.000000 0.500000 0.100000 80.000000 0.000000 -32701.450946 25.279198 6.428809
6 300.000000 1.000000 0.100000 0.500000 0.100000 70.000000 0.000000 -32860.016770 31.656780 6.469809
6 300.000000 1.000000 0.100000 0.500000 0.100000 70.000000 0.000000 -32899.738110 12.283803 6.416814
10 300.000000 1.000000 0.500000 0.500000 0.100000 30.000000 0.000000 -32955.680783 -0.541273 7.706486
8 300.000000 1.000000 0.300000 0.500000 0.100000 50.000000 0.000000 -32822.850452 8.650583 8.133312
8 300.000000 1.000000 0.300000 0.500000 0.100000 50.000000 0.000000 -32798.461640 9.677571 7.432390
7 300.000000 1.000000 0.200000 0.500000 0.100000 60.000000 0.000000 -32769.664028 12.006260 6.632279
10 300.000000 1.000000 0.500000 0.500000 0.100000 30.000000 0.000000 -32804.047867 -1.631166 7.678694
9 300.000000 1.000000 0.400000 0.500000 0.100000 40.000000 0.000000 -32953.887213 6.948224 6.459143
9 300.000000 1.000000 0.400000 0.500000 0.100000 40.000000 0.000000 -32803.801925 1.414801 6.918737
10 300.000000 1.000000 0.500000 0.500000 0.100000 30.000000 0.000000 -32725.847581 -5.447544 6.664193
10 300.000000 1.000000 0.500000 0.500000 0.100000 30.000000 0.000000 -32799.078082 6.080902 6.389726
8 300.000000 1.000000 0.300000 0.500000 0.100000 50.000000 0.000000 -32774.949413 -5.377456 6.399943
10 300.000000 1.000000 0.500000 0.500000 0.100000 30.000000 0.000000 -32886.784745 2.032002 8.064719
9 300.000000 1.000000 0.400000 0.500000 0.100000 40.000000 0.000000 -32826.500777 -0.597063 8.069832
10 300.000000 1.000000 0.500000 0.500000 0.100000 30.000000 0.000000 -32820.273287 -5.280789 8.000888
12 300.000000 -1.000000 0.400000 0.500000 0.100000 40.000000 0.000000 -32857.842013 7.076149 6.949450
12 300.000000 -1.000000 0.400000 0.500000 0.100000 40.000000 0.000000 -32941.283165 1.354809 6.428559
10 300.000000 1.000000 0.500000 0.500000 0.100000 30.000000 0.000000 -32900.184381 3.959207 7.354624
9 300.000000 1.000000 0.400000 0.500000 0.100000 40.000000 0.000000 -33064.357200 2.348375 7.262033
12 300.000000 -1.000000 0.400000 0.500000 0.100000 40.000000 0.000000 -32915.825907 -1.660318 7.363119
10 300.000000 1.000000 0.500000 0.500000 0.100000 30.000000 0.000000 -32875.133463 -2.875159 6.390203
10 300.000000 1.000000 0.500000 0.500000 0.100000 30.000000 0.000000 -32979.535144 -1.948090 6.805945
10 300.000000 1.000000 0.500000 0.500000 0.100000 30.000000 0.000000 -32900.140284 -0.916892 6.972787
9 300.000000 1.000000 0.400000 0.500000 0.100000 40.000000 0.000000 -32867.416028 -0.602140 7.555426
8 300.000000 1.000000 0.300000 0.500000 0.100000 50.000000 0.000000 -32736.986283 13.731899 6.505358
7 300.000000 1.000000 0.200000 0.500000 0.100000 60.000000 0.000000 -32765.548216 3.999032 6.496637
7 300.000000 1.000000 0.200000 0.500000 0.100000 60.000000 0.000000 -32962.002098 18.489119 6.451207
6 300.000000 1.000000 0.100000 0.500000 0.100000 70.000000 0.000000 -32877.004621 31.423091 6.410052
6 300.000000 1.000000 0.100000 0.500000 0.100000 70.000000 0.000000 -32891.870393 32.064908 6.411168
6 300.000000 1.000000 0.100000 0.500000 0.100000 70.000000 0.000000 -32759.139331 19.133298 7.595831
6 300.000000 1.000000 0.100000 0.500000 0.100000 70.000000 0.000000 -32849.088055 36.535797 6.522017
4 300.000000 1.000000 0.000000 0.400000 0.100000 90.000000 0.000000 -32911.539619 40.212722 6.411859
6 300.000000 1.000000 0.100000 0.500000 0.100000 70.000000 0.000000 -32814.177976 38.226770 6.423070
6 300.000000 1.000000 0.100000 0.500000 0.100000 70.000000 0.000000 -32888.716410 15.031054 7.704619
6 300.000000 1.000000 0.100000 0.500000 0.100000 70.000000 0.000000 -32941.656820 15.925447 6.887204
6 300.000000 1.000000 0.100000 0.500000 0.100000 70.000000 0.000000 -32849.319116 32.113344 6.484885
6 300.000000 1.000000 0.100000 0.500000 0.100000 70.000000 0.000000 -32883.615918 18.293306 7.242412
7 300.000000 1.000000 0.200000 0.500000 0.100000 60.000000 0.000000 -32937.276847 13.442645 8.265550
7 300.000000 1.000000 0.200000 0.500000 0.100000 60.000000 0.000000 -32887.208368 24.167261 8.256478
6 300.000000 1.000000 0.100000 0.500000 0.100000 70.000000 0.000000 -32716.132285 15.743731 7.258009
6 300.000000 1.000000 0.100000 0.500000 0.100000 70.000000 0.000000 -32915.145271 18.589955 7.455259
6 300.000000 1.000000 0.100000 0.500000 0.100000 70.000000 0.000000 -32758.346532 31.401481 6.257220
6 300.000000 1.000000 0.100000 0.500000 0.100000 70.000000 0.000000 -32883.695510 38.517658 6.808882
5 300.000000 1.000000 0.000000 0.500000 0.100000 80.000000 0.000000 -32680.505042 42.319201 8.104618
5 300.000000 1.000000 0.000000 0.500000 0.100000 80.000000 0.000000 -32736.672640 58.624426 6.507439
3 300.000000 1.000000 0.000000 0.300000 0.100000 100.000000 0.000000 -32799.721124 63.345428 6.817173
5 300.000000 1.000000 0.000000 0.500000 0.100000 80.000000 0.000000 -32683.984100 62.538769 0.121779
3 300.000000 1.000000 0.000000 0.300000 0.100000 100.000000 0.000000 -32817.684549 91.286307 6.389821
2 300.000000 1.000000 0.000000 0.200000 0.100000 110.000000 0.000000 -32884.684714 76.345054 7.735703
4 300.000000 1.000000 0.000000 0.400000 0.100000 90.000000 0.000000 -32893.695694 59.094149 6.565221
5 300.000000 1.000000 0.000000 0.500000 0.100000 80.000000 0.000000 -32924.620608 32.417684 7.576192
5 300.000000 1.000000 0.000000 0.500000 0.100000 80.000000 0.000000 -32853.237846 65.367651 7.833446
4 300.000000 1.000000 0.000000 0.400000 0.100000 90.000000 0.000000 -32824.583181 54.657786 0.389159
3 300.000000 1.000000 0.000000 0.300000 0.100000 100.000000 0.000000 -32877.673082 91.388527 7.964328
1 300.000000 1.000000 0.000000 0.100000 0.100000 120.000000 0.000000 -32886.514983 152.064382 6.478853
1 300.000000 1.000000 0.000000 0.100000 0.100000 120.000000 0.000000 -32816.309871 150.518161 6.606567
1 300.000000 1.000000 0.000000 0.100000 0.100000 120.000000 0.000000 -32904.514137 153.246694 6.166529
1 300.000000 1.000000 0.000000 0.100000 0.100000 120.000000 0.000000 -32758.065915 173.188700 6.419049
0 300.000000 1.000000 0.000000 0.000000 0.100000 130.000000 0.000000 -32917.318156 164.933675 7.806875
0 300.000000 1.000000 0.000000 0.000000 0.100000 130.000000 0.000000 -32887.680380 189.417979 6.490551
0 300.000000 1.000000 0.000000 0.000000 0.100000 130.000000 0.000000 -32836.646935 153.180094 6.644080
0 300.000000 1.000000 0.000000 0.000000 0.100000 130.000000 0.000000 -32890.671357 183.291735 2.285978
0 300.000000 1.000000 0.000000 0.000000 0.100000 130.000000 0.000000 -32879.308766 172.413452 5.273022
0 300.000000 1.000000 0.000000 0.000000 0.100000 130.000000 0.000000 -32968.544992 166.642781 2.769370
0 300.000000 1.000000 0.000000 0.000000 0.100000 130.000000 0.000000 -33034.129647 187.733468 6.274121
0 300.000000 1.000000 0.000000 0.000000 0.100000 130.000000 0.000000 -32794.065930 184.981041 6.111686
0 300.000000 1.000000 0.000000 0.000000 0.100000 130.000000 0.000000 -32759.753461 190.217880 7.164622
0 300.000000 1.000000 0.000000 0.000000 0.100000 130.000000 0.000000 -32851.650126 172.397345 7.312988
0 300.000000 1.000000 0.000000 0.000000 0.100000 130.000000 0.000000 -32836.119836 192.460661 5.012538
0 300.000000 1.000000 0.000000 0.000000 0.100000 130.000000 0.000000 -32858.021773 166.852743 6.423791
0 300.000000 1.000000 0.000000 0.000000 0.100000 130.000000 0.000000 -32945.729642 185.983580 7.136300
0 300.000000 1.000000 0.000000 0.000000 0.100000 130.000000 0.000000 -32950.776155 168.603679 7.481989
0 300.000000 1.000000 0.000000 0.000000 0.100000 130.000000 0.000000 -32672.478810 181.579838 7.464875
0 300.000000 1.000000 0.000000 0.000000 0.100000 130.000000 0.000000 -32967.155466 171.523389 3.479061
0 300.000000 1.000000 0.000000 0.000000 0.100000 130.000000 0.000000 -33004.721217 165.799268 7.334861
0 300.000000 1.000000 0.000000 0.000000 0.100000 130.000000 0.000000 -32851.977113 183.344542 3.545146
0 300.000000 1.000000 0.000000 0.000000 0.100000 130.000000 0.000000 -32849.653208 194.360009 5.289339
0 300.000000 1.000000 0.000000 0.000000 0.100000 130.000000 0.000000 -32816.956649 191.605429 5.261644
0 300.000000 1.000000 0.000000 0.000000 0.100000 130.000000 0.000000 -32908.092103 195.783083 7.171641
0 300.000000 1.000000 0.000000 0.000000 0.100000 130.000000 0.000000 -32774.210015 172.714978 6.263323
0 300.000000 1.000000 0.000000 0.000000 0.100000 130.000000 0.000000 -32983.851004 181.626460 6.136230
0 300.000000 1.000000 0.000000 0.000000 0.100000 130.000000 0.000000 -32743.002678 181.096086 7.386991
0 300.000000 1.000000 0.000000 0.000000 0.100000 130.000000 0.000000 -32846.717713 189.574523 4.407975
0 300.000000 1.000000 0.000000 0.000000 0.100000 130.000000 0.000000 -32793.766449 182.777123 7.133213
0 300.000000 1.000000 0.000000 0.000000 0.100000 130.000000 0.000000 -32940.377961 180.143647 6.916810
0 300.000000 1.000000 0.000000 0.000000 0.100000 130.000000 0.000000 -32970.269317 172.678195 7.419069
0 300.000000 1.000000 0.000000 0.000000 0.100000 130.000000 0.000000 -32921.405449 165.964976 7.482198
1 300.000000 1.000000 0.000000 0.100000 0.100000 120.000000 0.000000 -32885.227691 165.794131 7.447328
0 300.000000 1.000000 0.000000 0.000000 0.100000 130.000000 0.000000 -32921.803439 183.522640 2.382679
0 300.000000 1.000000 0.000000 0.000000 0.100000 130.000000 0.000000 -33030.540619 196.243358 6.477061
0 300.000000 1.000000 0.000000 0.000000 0.100000 130.000000 0.000000 -32837.234269 177.018975 7.387033
0 300.000000 1.000000 0.000000 0.000000 0.100000 130.000000 0.000000 -32816.990390 168.834436 7.191641
0 300.000000 1.000000 0.000000 0.000000 0.100000 130.000000 0.000000 -32940.953505 188.288663 7.215506
0 300.000000 1.000000 0.000000 0.000000 0.100000 130.000000 0.000000 -32876.264077 181.232038 4.744588
0 300.000000 1.000000 0.000000 0.000000 0.100000 130.000000 0.000000 -32873.371427 148.259890 6.891755
1 300.000000 1.000000 0.000000 0.100000 0.100000 120.000000 0.000000 -32840.802917 175.303882 7.560142
1 300.000000 1.000000 0.000000 0.100000 0.100000 120.000000 0.000000 -32842.270581 136.383310 2.317607
1 300.000000 1.000000 0.000000 0.100000 0.100000 120.000000 0.000000 -32733.331458 136.400066 8.211147
1 300.000000 1.000000 0.000000 0.100000 0.100000 120.000000 0.000000 -32774.727931 134.661252 6.422893
1 300.000000 1.000000 0.000000 0.100000 0.100000 120.000000 0.000000 -32893.361350 155.645774 8.062417
1 300.000000 1.000000 0.000000 0.100000 0.100000 120.000000 0.000000 -32782.129497 127.438924 8.016524
1 300.000000 1.000000 0.000000 0.100000 0.100000 120.000000 0.000000 -32723.650241 140.568241 7.686344
1 300.000000 1.000000 0.000000 0.100000 0.100000 120.000000 0.000000 -32907.799444 145.349515 6.446700
1 300.000000 1.000000 0.000000 0.100000 0.100000 120.000000 0.000000 -32854.123503 125.251799 6.427000
1 300.000000 1.000000 0.000000 0.100000 0.100000 120.000000 0.000000 -32991.756858 121.813097 6.502685
1 300.000000 1.000000 0.000000 0.100000 0.100000 120.000000 0.000000 -32880.936398 138.638248 7.054373
1 300.000000 1.000000 0.000000 0.100000 0.100000 120.000000 0.000000 -32864.963821 147.659444 6.771912
1 300.000000 1.000000 0.000000 0.100000 0.100000 120.000000 0.000000 -32666.899303 132.979291 7.648939
1 300.000000 1.000000 0.000000 0.100000 0.100000 120.000000 0.000000 -32730.520730 135.938435 4.138067
2 300.000000 1.000000 0.000000 0.200000 0.100000 110.000000 0.000000 -32844.702327 132.640019 7.900538
1 300.000000 1.000000 0.000000 0.100000 0.100000 120.000000 0.000000 -33006.271229 159.660126 7.548472
1 300.000000 1.000000 0.000000 0.100000 0.100000 120.000000 0.000000 -32746.314827 142.849039 0.584887
1 300.000000 1.000000 0.000000 0.100000 0.100000 120.000000 0.000000 -32947.901175 190.952930 5.030580
0 300.000000 1.000000 0.000000 0.000000 0.100000 130.000000 0.000000 -32837.339977 197.878617 7.271343
0 300.000000 1.000000 0.000000 0.000000 0.100000 130.000000 0.000000 -32839.486828 168.815683 7.366886
0 300.000000 1.000000 0.000000 0.000000 0.100000 130.000000 0.000000 -32575.939323 188.211790 7.107595
0 300.000000 1.000000 0.000000 0.000000 0.100000 130.000000 0.000000 -32921.856736 179.018138 3.107938
0 300.000000 1.000000 0.000000 0.000000 0.100000 130.000000 0.000000 -32776.589308 186.928962 5.872848
0 300.000000 1.000000 0.000000 0.000000 0.100000 130.000000 0.000000 -32868.473558 177.451818 5.825053
0 300.000000 1.000000 0.000000 0.000000 0.100000 130.000000 0.000000 -32786.555489 158.521807 7.369148
0 300.000000 1.000000 0.000000 0.000000 0.100000 130.000000 0.000000 -32841.125948 195.320509 7.212859
0 300.000000 1.000000 0.000000 0.000000 0.100000 130.000000 0.000000 -32964.504700 185.424189 5.478264
0 300.000000 1.000000 0.000000 0.000000 0.100000 130.000000 0.000000 -32882.873011 191.699224 5.688746
0 300.000000 1.000000 0.000000 0.000000 0.100000 130.000000 0.000000 -32810.133687 190.082163 6.428719
0 300.000000 1.000000 0.000000 0.000000 0.100000 130.000000 0.000000 -32908.323879 174.923589 7.265537
0 300.000000 1.000000 0.000000 0.000000 0.100000 130.000000 0.000000 -32878.071181 179.269062 7.064676
0 300.000000 1.000000 0.000000 0.000000 0.100000 130.000000 0.000000 -32797.679842 195.010578 6.940653
0 300.000000 1.000000 0.000000 0.000000 0.100000 130.000000 0.000000 -32917.473376 195.191544 7.062778
0 300.000000 1.000000 0.000000 0.000000 0.100000 130.000000 0.000000 -32865.018520 162.355896 7.422538
0 300.000000 1.000000 0.000000 0.000000 0.100000 130.000000 0.000000 -32970.754476 166.951150 2.254807
0 300.000000 1.000000 0.000000 0.000000 0.100000 130.000000 0.000000 -32903.796600 160.481575 6.867222
0 300.000000 1.000000 0.000000 0.000000 0.100000 130.000000 0.000000 -32801.804845 197.643834 7.467837
0 300.000000 1.000000 0.000000 0.000000 0.100000 130.000000 0.000000 -32754.540279 187.148423 7.473122
0 300.000000 1.000000 0.000000 0.000000 0.100000 130.000000 0.000000 -32892.247455 197.150412 6.750276
0 300.000000 1.000000 0.000000 0.000000 0.100000 130.000000 0.000000 -33094.518058 181.735969 7.457801
0 300.000000 1.000000 0.000000 0.000000 0.100000 130.000000 0.000000 -32907.712685 186.433127 5.972486
