300.000000 0.000000 0.000000 0.000000 0.000000 0.000000 0.000000 -32402.958968 885.618815
300.000000 0.002000 0.002000 0.002000 0.000000 0.000000 0.000000 -32405.158179 697.164392
300.000000 0.004000 0.004000 0.004000 0.000000 0.000000 0.000000 -32491.631917 940.108346
300.000000 0.006000 0.006000 0.006000 0.000000 0.000000 0.000000 -32506.732879 791.919368
300.000000 0.008000 0.008000 0.008000 0.000000 0.000000 0.000000 -32413.328376 818.457791
300.000000 0.010000 0.010000 0.010000 0.000000 0.000000 0.000000 -32472.496762 629.193188
300.000000 0.012000 0.012000 0.012000 0.000000 0.000000 0.000000 -32511.226498 695.339915
300.000000 0.014000 0.014000 0.014000 0.000000 0.000000 0.000000 -32433.012287 691.716201
300.000000 0.016000 0.016000 0.016000 0.000000 0.000000 0.000000 -32498.881368 677.197534
300.000000 0.018000 0.018000 0.018000 0.000000 0.000000 0.000000 -32415.741461 644.109042
300.000000 0.020000 0.020000 0.020000 0.000000 0.000000 0.000000 -32304.817267 380.406859
300.000000 0.022000 0.022000 0.022000 0.000000 0.000000 0.000000 -32353.926864 116.861299
300.000000 0.024000 0.024000 0.024000 0.000000 0.000000 0.000000 -32393.151990 193.943723
300.000000 0.026000 0.026000 0.026000 0.000000 0.000000 0.000000 -32497.686569 112.199674
300.000000 0.028000 0.028000 0.028000 0.000000 0.000000 0.000000 -32456.754762 135.689967
300.000000 0.030000 0.030000 0.030000 0.000000 0.000000 0.000000 -32513.157367 152.503226
300.000000 0.032000 0.032000 0.032000 0.000000 0.000000 0.000000 -32416.128958 128.889341
300.000000 0.034000 0.034000 0.034000 0.000000 0.000000 0.000000 -32385.427962 74.314552
300.000000 0.036000 0.036000 0.036000 0.000000 0.000000 0.000000 -32404.723849 56.874359
300.000000 0.038000 0.038000 0.038000 0.000000 0.000000 0.000000 -32484.428526 73.654236
300.000000 0.040000 0.040000 0.040000 0.000000 0.000000 0.000000 -32376.529989 95.986667
300.000000 0.042000 0.042000 0.042000 0.000000 0.000000 0.000000 -32390.795680 95.898178
300.000000 0.044000 0.044000 0.044000 0.000000 0.000000 0.000000 -32460.857868 65.406383
300.000000 0.046000 0.046000 0.046000 0.000000 0.000000 0.000000 -32408.593664 61.146153
300.000000 0.048000 0.048000 0.048000 0.000000 0.000000 0.000000 -32397.000623 70.280595
300.000000 0.050000 0.050000 0.050000 0.000000 0.000000 0.000000 -32401.211538 76.068402
300.000000 0.052000 0.052000 0.052000 0.000000 0.000000 0.000000 -32298.229959 45.247060
300.000000 0.054000 0.054000 0.054000 0.000000 0.000000 0.000000 -32363.888159 75.506816
300.000000 0.056000 0.056000 0.056000 0.000000 0.000000 0.000000 -32312.202457 62.866954
300.000000 0.058000 0.058000 0.058000 0.000000 0.000000 0.000000 -32381.425174 76.401724
300.000000 0.060000 0.060000 0.060000 0.000000 0.000000 0.000000 -32344.114791 40.432996
300.000000 0.062000 0.062000 0.062000 0.000000 0.000000 0.000000 -32370.942961 43.059222
300.000000 0.064000 0.064000 0.064000 0.000000 0.000000 0.000000 -32311.568594 49.191222
300.000000 0.066000 0.066000 0.066000 0.000000 0.000000 0.000000 -32397.761650 57.479326
300.000000 0.068000 0.068000 0.068000 0.000000 0.000000 0.000000 -32490.549758 44.624494
300.000000 0.070000 0.070000 0.070000 0.000000 0.000000 0.000000 -32551.095244 51.315973
300.000000 0.072000 0.072000 0.072000 0.000000 0.000000 0.000000 -32424.803642 39.123015
300.000000 0.074000 0.074000 0.074000 0.000000 0.000000 0.000000 -32405.397300 42.613433
300.000000 0.076000 0.076000 0.076000 0.000000 0.000000 0.000000 -32337.673027 58.021703
300.000000 0.078000 0.078000 0.078000 0.000000 0.000000 0.000000 -32403.998998 62.011268
300.000000 0.080000 0.080000 0.080000 0.000000 0.000000 0.000000 -32354.718121 40.775137
300.000000 0.082000 0.082000 0.082000 0.000000 0.000000 0.000000 -32473.752636 31.048207
300.000000 0.084000 0.084000 0.084000 0.000000 0.000000 0.000000 -32291.899399 37.790626
300.000000 0.086000 0.086000 0.086000 0.000000 0.000000 0.000000 -32466.900101 37.086760
300.000000 0.088000 0.088000 0.088000 0.000000 0.000000 0.000000 -32402.723690 24.885255
300.000000 0.090000 0.090000 0.090000 0.000000 0.000000 0.000000 -32347.335234 18.525016
300.000000 0.092000 0.092000 0.092000 0.000000 0.000000 0.000000 -32342.031810 94.480958
300.000000 0.094000 0.094000 0.094000 0.000000 0.000000 0.000000 -32531.153001 42.977424
300.000000 0.096000 0.096000 0.096000 0.000000 0.000000 0.000000 -32381.385153 72.117503
300.000000 0.098000 0.098000 0.098000 0.000000 0.000000 0.000000 -32515.842667 41.992596
300.000000 0.100000 0.100000 0.100000 0.000000 0.000000 0.000000 -32558.078957 38.204931
300.000000 0.102000 0.102000 0.102000 0.000000 0.000000 0.000000 -32407.630131 42.495375
300.000000 0.104000 0.104000 0.104000 0.000000 0.000000 0.000000 -32416.916771 34.512530
300.000000 0.106000 0.106000 0.106000 0.000000 0.000000 0.000000 -32381.688336 23.761304
300.000000 0.108000 0.108000 0.108000 0.000000 0.000000 0.000000 -32349.673728 21.906202
300.000000 0.110000 0.110000 0.110000 0.000000 0.000000 0.000000 -32399.832936 21.995799
300.000000 0.112000 0.112000 0.112000 0.000000 0.000000 0.000000 -32352.632002 80.463691
300.000000 0.114000 0.114000 0.114000 0.000000 0.000000 0.000000 -32326.748504 22.949347
300.000000 0.116000 0.116000 0.116000 0.000000 0.000000 0.000000 -32465.009183 46.969026
300.000000 0.118000 0.118000 0.118000 0.000000 0.000000 0.000000 -32472.402724 39.539772
300.000000 0.120000 0.120000 0.120000 0.000000 0.000000 0.000000 -32593.292607 29.265702
300.000000 0.122000 0.122000 0.122000 0.000000 0.000000 0.000000 -32502.362075 63.954989
300.000000 0.124000 0.124000 0.124000 0.000000 0.000000 0.000000 -32392.922617 21.646772
300.000000 0.126000 0.126000 0.126000 0.000000 0.000000 0.000000 -32379.751412 8.074427
300.000000 0.128000 0.128000 0.128000 0.000000 0.000000 0.000000 -32446.729885 28.183484
300.000000 0.130000 0.130000 0.130000 0.000000 0.000000 0.000000 -32440.965574 28.409481
300.000000 0.132000 0.132000 0.132000 0.000000 0.000000 0.000000 -32450.819811 34.376882
300.000000 0.134000 0.134000 0.134000 0.000000 0.000000 0.000000 -32455.503581 22.224450
300.000000 0.136000 0.136000 0.136000 0.000000 0.000000 0.000000 -32463.427291 16.120431
300.000000 0.138000 0.138000 0.138000 0.000000 0.000000 0.000000 -32470.155075 14.797348
300.000000 0.140000 0.140000 0.140000 0.000000 0.000000 0.000000 -32552.213513 6.130920
300.000000 0.142000 0.142000 0.142000 0.000000 0.000000 0.000000 -32509.360349 22.605714
300.000000 0.144000 0.144000 0.144000 0.000000 0.000000 0.000000 -32501.651211 44.178599
300.000000 0.146000 0.146000 0.146000 0.000000 0.000000 0.000000 -32551.882273 36.480848
300.000000 0.148000 0.148000 0.148000 0.000000 0.000000 0.000000 -32534.430809 22.893341
300.000000 0.150000 0.150000 0.150000 0.000000 0.000000 0.000000 -32452.081795 31.784596
300.000000 0.152000 0.152000 0.152000 0.000000 0.000000 0.000000 -32501.165226 30.154691
300.000000 0.154000 0.154000 0.154000 0.000000 0.000000 0.000000 -32443.427119 18.423303
300.000000 0.156000 0.156000 0.156000 0.000000 0.000000 0.000000 -32431.676079 40.469187
300.000000 0.158000 0.158000 0.158000 0.000000 0.000000 0.000000 -32431.256617 21.302732
300.000000 0.160000 0.160000 0.160000 0.000000 0.000000 0.000000 -32423.647767 23.996720
300.000000 0.162000 0.162000 0.162000 0.000000 0.000000 0.000000 -32305.459939 19.519558
300.000000 0.164000 0.164000 0.164000 0.000000 0.000000 0.000000 -32338.500658 17.699618
300.000000 0.166000 0.166000 0.166000 0.000000 0.000000 0.000000 -32348.476293 15.105029
300.000000 0.168000 0.168000 0.168000 0.000000 0.000000 0.000000 -32326.107668 12.451577
300.000000 0.170000 0.170000 0.170000 0.000000 0.000000 0.000000 -32383.074719 47.894366
300.000000 0.172000 0.172000 0.172000 0.000000 0.000000 0.000000 -32472.066642 37.450414
300.000000 0.174000 0.174000 0.174000 0.000000 0.000000 0.000000 -32377.329473 21.289205
300.000000 0.176000 0.176000 0.176000 0.000000 0.000000 0.000000 -32347.717788 41.297565
300.000000 0.178000 0.178000 0.178000 0.000000 0.000000 0.000000 -32411.873255 26.862787
300.000000 0.180000 0.180000 0.180000 0.000000 0.000000 0.000000 -32313.455296 21.395299
300.000000 0.182000 0.182000 0.182000 0.000000 0.000000 0.000000 -32281.681555 30.080809
300.000000 0.184000 0.184000 0.184000 0.000000 0.000000 0.000000 -32425.865617 47.950937
300.000000 0.186000 0.186000 0.186000 0.000000 0.000000 0.000000 -32434.048607 27.087682
300.000000 0.188000 0.188000 0.188000 0.000000 0.000000 0.000000 -32356.466823 18.891908
300.000000 0.190000 0.190000 0.190000 0.000000 0.000000 0.000000 -32396.378769 13.986095
300.000000 0.192000 0.192000 0.192000 0.000000 0.000000 0.000000 -32514.310745 17.014656
300.000000 0.194000 0.194000 0.194000 0.000000 0.000000 0.000000 -32526.691471 20.924774
300.000000 0.196000 0.196000 0.196000 0.000000 0.000000 0.000000 -32444.472246 13.542101
300.000000 0.198000 0.198000 0.198000 0.000000 0.000000 0.000000 -32490.786718 17.263694
300.000000 0.200000 0.200000 0.200000 0.000000 0.000000 0.000000 -32450.950100 28.202881
300.000000 0.202000 0.202000 0.202000 0.000000 0.000000 0.000000 -32466.973118 25.684441
300.000000 0.204000 0.204000 0.204000 0.000000 0.000000 0.000000 -32559.869671 22.515662
300.000000 0.206000 0.206000 0.206000 0.000000 0.000000 0.000000 -32533.337532 16.073939
300.000000 0.208000 0.208000 0.208000 0.000000 0.000000 0.000000 -32337.459694 10.744364
300.000000 0.210000 0.210000 0.210000 0.000000 0.000000 0.000000 -32511.101934 22.230770
300.000000 0.212000 0.212000 0.212000 0.000000 0.000000 0.000000 -32495.795520 12.684512
300.000000 0.214000 0.214000 0.214000 0.000000 0.000000 0.000000 -32484.360156 19.566434
300.000000 0.216000 0.216000 0.216000 0.000000 0.000000 0.000000 -32402.975154 7.061484
300.000000 0.218000 0.218000 0.218000 0.000000 0.000000 0.000000 -32544.920047 12.804836
300.000000 0.220000 0.220000 0.220000 0.000000 0.000000 0.000000 -32420.496922 17.739435
300.000000 0.222000 0.222000 0.222000 0.000000 0.000000 0.000000 -32421.553374 27.106971
300.000000 0.224000 0.224000 0.224000 0.000000 0.000000 0.000000 -32436.881043 8.704209
300.000000 0.226000 0.226000 0.226000 0.000000 0.000000 0.000000 -32408.667478 15.516182
300.000000 0.228000 0.228000 0.228000 0.000000 0.000000 0.000000 -32437.737228 7.249513
300.000000 0.230000 0.230000 0.230000 0.000000 0.000000 0.000000 -32444.498874 12.502285
300.000000 0.232000 0.232000 0.232000 0.000000 0.000000 0.000000 -32495.411886 10.568305
300.000000 0.234000 0.234000 0.234000 0.000000 0.000000 0.000000 -32411.540847 15.786653
300.000000 0.236000 0.236000 0.236000 0.000000 0.000000 0.000000 -32306.497644 18.104864
300.000000 0.238000 0.238000 0.238000 0.000000 0.000000 0.000000 -32327.571685 10.872198
300.000000 0.240000 0.240000 0.240000 0.000000 0.000000 0.000000 -32492.572412 15.150231
300.000000 0.242000 0.242000 0.242000 0.000000 0.000000 0.000000 -32346.448825 25.781713
300.000000 0.244000 0.244000 0.244000 0.000000 0.000000 0.000000 -32386.968835 9.425553
300.000000 0.246000 0.246000 0.246000 0.000000 0.000000 0.000000 -32379.882581 17.177550
300.000000 0.248000 0.248000 0.248000 0.000000 0.000000 0.000000 -32520.859974 10.981104
300.000000 0.250000 0.250000 0.250000 0.000000 0.000000 0.000000 -32316.415965 24.137212
300.000000 0.252000 0.252000 0.252000 0.000000 0.000000 0.000000 -32347.103515 2.204716
300.000000 0.254000 0.254000 0.254000 0.000000 0.000000 0.000000 -32338.723183 7.331474
300.000000 0.256000 0.256000 0.256000 0.000000 0.000000 0.000000 -32387.478333 15.805366
300.000000 0.258000 0.258000 0.258000 0.000000 0.000000 0.000000 -32397.788483 19.931262
300.000000 0.260000 0.260000 0.260000 0.000000 0.000000 0.000000 -32419.139729 21.033571
300.000000 0.262000 0.262000 0.262000 0.000000 0.000000 0.000000 -32348.511501 10.343643
300.000000 0.264000 0.264000 0.264000 0.000000 0.000000 0.000000 -32234.953550 13.604086
300.000000 0.266000 0.266000 0.266000 0.000000 0.000000 0.000000 -32439.553072 17.276732
300.000000 0.268000 0.268000 0.268000 0.000000 0.000000 0.000000 -32329.254823 18.231091
300.000000 0.270000 0.270000 0.270000 0.000000 0.000000 0.000000 -32291.062765 24.787395
300.000000 0.272000 0.272000 0.272000 0.000000 0.000000 0.000000 -32402.974561 27.846456
300.000000 0.274000 0.274000 0.274000 0.000000 0.000000 0.000000 -32315.594595 19.969272
300.000000 0.276000 0.276000 0.276000 0.000000 0.000000 0.000000 -32402.811790 9.968829
300.000000 0.278000 0.278000 0.278000 0.000000 0.000000 0.000000 -32503.337883 12.042550
300.000000 0.280000 0.280000 0.280000 0.000000 0.000000 0.000000 -32590.266256 12.906428
300.000000 0.282000 0.282000 0.282000 0.000000 0.000000 0.000000 -32555.464707 9.026079
300.000000 0.284000 0.284000 0.284000 0.000000 0.000000 0.000000 -32563.380382 18.957298
300.000000 0.286000 0.286000 0.286000 0.000000 0.000000 0.000000 -32579.107891 14.982201
300.000000 0.288000 0.288000 0.288000 0.000000 0.000000 0.000000 -32471.368058 17.253357
300.000000 0.290000 0.290000 0.290000 0.000000 0.000000 0.000000 -32511.136381 3.396705
300.000000 0.292000 0.292000 0.292000 0.000000 0.000000 0.000000 -32530.191642 8.550535
300.000000 0.294000 0.294000 0.294000 0.000000 0.000000 0.000000 -32587.157726 3.566088
300.000000 0.296000 0.296000 0.296000 0.000000 0.000000 0.000000 -32523.091196 6.267476
300.000000 0.298000 0.298000 0.298000 0.000000 0.000000 0.000000 -32415.542389 11.702657
300.000000 0.300000 0.300000 0.300000 0.000000 0.000000 0.000000 -32480.053485 9.765571
300.000000 0.302000 0.302000 0.302000 0.000000 0.000000 0.000000 -32503.695699 12.069937
300.000000 0.304000 0.304000 0.304000 0.000000 0.000000 0.000000 -32574.841208 9.558557
300.000000 0.306000 0.306000 0.306000 0.000000 0.000000 0.000000 -32491.548268 7.023523
300.000000 0.308000 0.308000 0.308000 0.000000 0.000000 0.000000 -32513.374416 11.713722
300.000000 0.310000 0.310000 0.310000 0.000000 0.000000 0.000000 -32598.740240 23.374259
300.000000 0.312000 0.312000 0.312000 0.000000 0.000000 0.000000 -32496.497732 4.147330
300.000000 0.314000 0.314000 0.314000 0.000000 0.000000 0.000000 -32587.535575 14.746038
300.000000 0.316000 0.316000 0.316000 0.000000 0.000000 0.000000 -32566.244811 -4.225977
300.000000 0.318000 0.318000 0.318000 0.000000 0.000000 0.000000 -32615.632377 13.948156
300.000000 0.320000 0.320000 0.320000 0.000000 0.000000 0.000000 -32594.235058 12.398894
300.000000 0.322000 0.322000 0.322000 0.000000 0.000000 0.000000 -32474.947732 9.702927
300.000000 0.324000 0.324000 0.324000 0.000000 0.000000 0.000000 -32493.754624 17.070548
300.000000 0.326000 0.326000 0.326000 0.000000 0.000000 0.000000 -32644.584444 6.287646
300.000000 0.328000 0.328000 0.328000 0.000000 0.000000 0.000000 -32626.137640 12.195886
300.000000 0.330000 0.330000 0.330000 0.000000 0.000000 0.000000 -32509.220886 8.589765
300.000000 0.332000 0.332000 0.332000 0.000000 0.000000 0.000000 -32600.865592 4.160401
300.000000 0.334000 0.334000 0.334000 0.000000 0.000000 0.000000 -32445.616941 7.939525
300.000000 0.336000 0.336000 0.336000 0.000000 0.000000 0.000000 -32551.260872 3.279507
300.000000 0.338000 0.338000 0.338000 0.000000 0.000000 0.000000 -32514.092224 8.847198
300.000000 0.340000 0.340000 0.340000 0.000000 0.000000 0.000000 -32597.068763 8.354789
300.000000 0.342000 0.342000 0.342000 0.000000 0.000000 0.000000 -32392.560388 15.988898
300.000000 0.344000 0.344000 0.344000 0.000000 0.000000 0.000000 -32575.259168 5.766569
300.000000 0.346000 0.346000 0.346000 0.000000 0.000000 0.000000 -32410.473657 0.670726
300.000000 0.348000 0.348000 0.348000 0.000000 0.000000 0.000000 -32437.428452 12.650392
300.000000 0.350000 0.350000 0.350000 0.000000 0.000000 0.000000 -32312.434491 -1.107849
300.000000 0.352000 0.352000 0.352000 0.000000 0.000000 0.000000 -32351.817419 12.593128
300.000000 0.354000 0.354000 0.354000 0.000000 0.000000 0.000000 -32462.711331 27.404462
300.000000 0.356000 0.356000 0.356000 0.000000 0.000000 0.000000 -32451.582840 12.471361
300.000000 0.358000 0.358000 0.358000 0.000000 0.000000 0.000000 -32293.223146 11.115882
300.000000 0.360000 0.360000 0.360000 0.000000 0.000000 0.000000 -32403.021735 9.111384
300.000000 0.362000 0.362000 0.362000 0.000000 0.000000 0.000000 -32409.396942 -0.928284
300.000000 0.364000 0.364000 0.364000 0.000000 0.000000 0.000000 -32384.679890 -8.069388
300.000000 0.366000 0.366000 0.366000 0.000000 0.000000 0.000000 -32404.483847 17.559465
300.000000 0.368000 0.368000 0.368000 0.000000 0.000000 0.000000 -32459.564282 2.252274
300.000000 0.370000 0.370000 0.370000 0.000000 0.000000 0.000000 -32474.686300 7.813989
300.000000 0.372000 0.372000 0.372000 0.000000 0.000000 0.000000 -32531.455436 2.689217
300.000000 0.374000 0.374000 0.374000 0.000000 0.000000 0.000000 -32427.952577 6.361819
300.000000 0.376000 0.376000 0.376000 0.000000 0.000000 0.000000 -32443.805415 -2.946363
300.000000 0.378000 0.378000 0.378000 0.000000 0.000000 0.000000 -32369.070288 5.173267
300.000000 0.380000 0.380000 0.380000 0.000000 0.000000 0.000000 -32353.997679 8.046775
300.000000 0.382000 0.382000 0.382000 0.000000 0.000000 0.000000 -32440.380802 9.299315
300.000000 0.384000 0.384000 0.384000 0.000000 0.000000 0.000000 -32404.476239 9.551151
300.000000 0.386000 0.386000 0.386000 0.000000 0.000000 0.000000 -32445.997317 6.891224
300.000000 0.388000 0.388000 0.388000 0.000000 0.000000 0.000000 -32486.033645 5.282628
300.000000 0.390000 0.390000 0.390000 0.000000 0.000000 0.000000 -32442.814848 2.951356
300.000000 0.392000 0.392000 0.392000 0.000000 0.000000 0.000000 -32395.443461 -2.542194
300.000000 0.394000 0.394000 0.394000 0.000000 0.000000 0.000000 -32405.773888 4.692246
300.000000 0.396000 0.396000 0.396000 0.000000 0.000000 0.000000 -32394.419770 -1.064393
300.000000 0.398000 0.398000 0.398000 0.000000 0.000000 0.000000 -32442.163936 2.143648
300.000000 0.400000 0.400000 0.400000 0.000000 0.000000 0.000000 -32369.319572 8.629781
300.000000 0.402000 0.402000 0.402000 0.000000 0.000000 0.000000 -32443.443148 12.399598
300.000000 0.404000 0.404000 0.404000 0.000000 0.000000 0.000000 -32560.458599 5.645234
300.000000 0.406000 0.406000 0.406000 0.000000 0.000000 0.000000 -32555.203426 10.110483
300.000000 0.408000 0.408000 0.408000 0.000000 0.000000 0.000000 -32532.250359 0.246362
300.000000 0.410000 0.410000 0.410000 0.000000 0.000000 0.000000 -32538.636639 1.910086
300.000000 0.412000 0.412000 0.412000 0.000000 0.000000 0.000000 -32476.068729 3.262217
300.000000 0.414000 0.414000 0.414000 0.000000 0.000000 0.000000 -32550.444567 0.275040
300.000000 0.416000 0.416000 0.416000 0.000000 0.000000 0.000000 -32438.244632 -2.091400
300.000000 0.418000 0.418000 0.418000 0.000000 0.000000 0.000000 -32486.360732 11.922868
300.000000 0.420000 0.420000 0.420000 0.000000 0.000000 0.000000 -32406.381547 7.637958
300.000000 0.422000 0.422000 0.422000 0.000000 0.000000 0.000000 -32365.408196 -2.275300
300.000000 0.424000 0.424000 0.424000 0.000000 0.000000 0.000000 -32368.538642 9.085957
300.000000 0.426000 0.426000 0.426000 0.000000 0.000000 0.000000 -32382.848808 8.136062
300.000000 0.428000 0.428000 0.428000 0.000000 0.000000 0.000000 -32365.863876 -1.089651
300.000000 0.430000 0.430000 0.430000 0.000000 0.000000 0.000000 -32427.763990 -1.417918
300.000000 0.432000 0.432000 0.432000 0.000000 0.000000 0.000000 -32355.701858 1.329247
300.000000 0.434000 0.434000 0.434000 0.000000 0.000000 0.000000 -32370.838167 7.768392
300.000000 0.436000 0.436000 0.436000 0.000000 0.000000 0.000000 -32427.067079 4.267162
300.000000 0.438000 0.438000 0.438000 0.000000 0.000000 0.000000 -32389.690444 4.596417
300.000000 0.440000 0.440000 0.440000 0.000000 0.000000 0.000000 -32429.027238 -3.404184
300.000000 0.442000 0.442000 0.442000 0.000000 0.000000 0.000000 -32421.387756 -0.900273
300.000000 0.444000 0.444000 0.444000 0.000000 0.000000 0.000000 -32325.809809 9.314073
300.000000 0.446000 0.446000 0.446000 0.000000 0.000000 0.000000 -32512.004726 -3.095729
300.000000 0.448000 0.448000 0.448000 0.000000 0.000000 0.000000 -32521.885870 -1.906911
300.000000 0.450000 0.450000 0.450000 0.000000 0.000000 0.000000 -32611.091864 -5.094710
300.000000 0.452000 0.452000 0.452000 0.000000 0.000000 0.000000 -32476.619464 -2.503567
300.000000 0.454000 0.454000 0.454000 0.000000 0.000000 0.000000 -32548.203400 0.407092
300.000000 0.456000 0.456000 0.456000 0.000000 0.000000 0.000000 -32487.698220 -0.302214
300.000000 0.458000 0.458000 0.458000 0.000000 0.000000 0.000000 -32388.294210 -4.413867
300.000000 0.460000 0.460000 0.460000 0.000000 0.000000 0.000000 -32364.050207 -3.232730
300.000000 0.462000 0.462000 0.462000 0.000000 0.000000 0.000000 -32391.425295 -4.179234
300.000000 0.464000 0.464000 0.464000 0.000000 0.000000 0.000000 -32382.173825 12.685505
300.000000 0.466000 0.466000 0.466000 0.000000 0.000000 0.000000 -32402.711612 -2.729020
300.000000 0.468000 0.468000 0.468000 0.000000 0.000000 0.000000 -32398.609553 8.516104
300.000000 0.470000 0.470000 0.470000 0.000000 0.000000 0.000000 -32457.737339 -3.180452
300.000000 0.472000 0.472000 0.472000 0.000000 0.000000 0.000000 -32316.990102 6.538683
300.000000 0.474000 0.474000 0.474000 0.000000 0.000000 0.000000 -32283.197458 -13.401578
300.000000 0.476000 0.476000 0.476000 0.000000 0.000000 0.000000 -32404.871429 13.619177
300.000000 0.478000 0.478000 0.478000 0.000000 0.000000 0.000000 -32268.554423 -3.477460
300.000000 0.480000 0.480000 0.480000 0.000000 0.000000 0.000000 -32385.581385 0.611321
300.000000 0.482000 0.482000 0.482000 0.000000 0.000000 0.000000 -32371.237051 -0.770656
300.000000 0.484000 0.484000 0.484000 0.000000 0.000000 0.000000 -32338.928454 4.222054
300.000000 0.486000 0.486000 0.486000 0.000000 0.000000 0.000000 -32455.854319 3.014458
300.000000 0.488000 0.488000 0.488000 0.000000 0.000000 0.000000 -32558.341843 0.623156
300.000000 0.490000 0.490000 0.490000 0.000000 0.000000 0.000000 -32449.847981 5.349329
300.000000 0.492000 0.492000 0.492000 0.000000 0.000000 0.000000 -32346.943320 -4.789103
300.000000 0.494000 0.494000 0.494000 0.000000 0.000000 0.000000 -32481.796869 6.224079
300.000000 0.496000 0.496000 0.496000 0.000000 0.000000 0.000000 -32417.629442 0.805203
300.000000 0.498000 0.498000 0.498000 0.000000 0.000000 0.000000 -32333.729567 -3.856985
