300.000000 0.000000 0.000000 0.000000 0.000000 0.000000 0.000000 -31538.120771 889.657942
300.000000 0.002000 0.002000 0.002000 0.000000 0.000000 0.000000 -31410.183347 932.100531
300.000000 0.004000 0.004000 0.004000 0.000000 0.000000 0.000000 -31349.106772 951.651209
300.000000 0.006000 0.006000 0.006000 0.000000 0.000000 0.000000 -31514.373266 899.153940
300.000000 0.008000 0.008000 0.008000 0.000000 0.000000 0.000000 -31639.222189 797.539575
300.000000 0.010000 0.010000 0.010000 0.000000 0.000000 0.000000 -31410.509765 815.396966
300.000000 0.012000 0.012000 0.012000 0.000000 0.000000 0.000000 -31276.502389 776.006068
300.000000 0.014000 0.014000 0.014000 0.000000 0.000000 0.000000 -31239.814015 920.092517
300.000000 0.016000 0.016000 0.016000 0.000000 0.000000 0.000000 -31241.361786 762.992894
300.000000 0.018000 0.018000 0.018000 0.000000 0.000000 0.000000 -31172.298295 981.889620
300.000000 0.020000 0.020000 0.020000 0.000000 0.000000 0.000000 -31317.420639 855.059863
300.000000 0.022000 0.022000 0.022000 0.000000 0.000000 0.000000 -31260.225063 862.931825
300.000000 0.024000 0.024000 0.024000 0.000000 0.000000 0.000000 -31246.068642 897.901140
300.000000 0.026000 0.026000 0.026000 0.000000 0.000000 0.000000 -31302.679148 913.658581
300.000000 0.028000 0.028000 0.028000 0.000000 0.000000 0.000000 -31264.820001 769.461435
300.000000 0.030000 0.030000 0.030000 0.000000 0.000000 0.000000 -31357.937723 787.798888
300.000000 0.032000 0.032000 0.032000 0.000000 0.000000 0.000000 -31344.330172 695.780481
300.000000 0.034000 0.034000 0.034000 0.000000 0.000000 0.000000 -31357.031314 720.206299
300.000000 0.036000 0.036000 0.036000 0.000000 0.000000 0.000000 -31332.148693 705.319785
300.000000 0.038000 0.038000 0.038000 0.000000 0.000000 0.000000 -31267.346160 64.094346
300.000000 0.040000 0.040000 0.040000 0.000000 0.000000 0.000000 -31385.906884 186.650312
300.000000 0.042000 0.042000 0.042000 0.000000 0.000000 0.000000 -31335.470192 113.829101
300.000000 0.044000 0.044000 0.044000 0.000000 0.000000 0.000000 -31286.163997 67.232278
300.000000 0.046000 0.046000 0.046000 0.000000 0.000000 0.000000 -31234.964263 107.459573
300.000000 0.048000 0.048000 0.048000 0.000000 0.000000 0.000000 -31202.743861 56.475982
300.000000 0.050000 0.050000 0.050000 0.000000 0.000000 0.000000 -31274.392411 88.909215
300.000000 0.052000 0.052000 0.052000 0.000000 0.000000 0.000000 -31425.615942 80.791519
300.000000 0.054000 0.054000 0.054000 0.000000 0.000000 0.000000 -31457.876279 116.324936
300.000000 0.056000 0.056000 0.056000 0.000000 0.000000 0.000000 -31275.014887 78.166683
300.000000 0.058000 0.058000 0.058000 0.000000 0.000000 0.000000 -31387.045269 68.523347
300.000000 0.060000 0.060000 0.060000 0.000000 0.000000 0.000000 -31413.278088 98.863445
300.000000 0.062000 0.062000 0.062000 0.000000 0.000000 0.000000 -31302.876755 75.712688
300.000000 0.064000 0.064000 0.064000 0.000000 0.000000 0.000000 -31316.572165 54.409139
300.000000 0.066000 0.066000 0.066000 0.000000 0.000000 0.000000 -31275.686790 54.894702
300.000000 0.068000 0.068000 0.068000 0.000000 0.000000 0.000000 -31380.185724 61.541030
300.000000 0.070000 0.070000 0.070000 0.000000 0.000000 0.000000 -31390.994601 70.079050
300.000000 0.072000 0.072000 0.072000 0.000000 0.000000 0.000000 -31370.538931 69.343681
300.000000 0.074000 0.074000 0.074000 0.000000 0.000000 0.000000 -31488.448854 85.140274
300.000000 0.076000 0.076000 0.076000 0.000000 0.000000 0.000000 -31433.552003 41.479447
300.000000 0.078000 0.078000 0.078000 0.000000 0.000000 0.000000 -31432.408941 87.423466
300.000000 0.080000 0.080000 0.080000 0.000000 0.000000 0.000000 -31420.101949 66.038365
300.000000 0.082000 0.082000 0.082000 0.000000 0.000000 0.000000 -31520.948752 43.830037
300.000000 0.084000 0.084000 0.084000 0.000000 0.000000 0.000000 -31333.893739 21.605363
300.000000 0.086000 0.086000 0.086000 0.000000 0.000000 0.000000 -31505.020756 32.176971
300.000000 0.088000 0.088000 0.088000 0.000000 0.000000 0.000000 -31409.928799 36.087236
300.000000 0.090000 0.090000 0.090000 0.000000 0.000000 0.000000 -31332.308461 60.306261
300.000000 0.092000 0.092000 0.092000 0.000000 0.000000 0.000000 -31191.420370 39.256426
300.000000 0.094000 0.094000 0.094000 0.000000 0.000000 0.000000 -31368.870037 46.511851
300.000000 0.096000 0.096000 0.096000 0.000000 0.000000 0.000000 -31280.536949 48.753750
300.000000 0.098000 0.098000 0.098000 0.000000 0.000000 0.000000 -31361.197023 45.806518
300.000000 0.100000 0.100000 0.100000 0.000000 0.000000 0.000000 -31297.933164 50.006478
300.000000 0.102000 0.102000 0.102000 0.000000 0.000000 0.000000 -31303.664200 32.185385
300.000000 0.104000 0.104000 0.104000 0.000000 0.000000 0.000000 -31438.460572 37.478051
300.000000 0.106000 0.106000 0.106000 0.000000 0.000000 0.000000 -31289.666715 35.001583
300.000000 0.108000 0.108000 0.108000 0.000000 0.000000 0.000000 -31348.895554 32.419632
300.000000 0.110000 0.110000 0.110000 0.000000 0.000000 0.000000 -31455.807228 30.855638
300.000000 0.112000 0.112000 0.112000 0.000000 0.000000 0.000000 -31241.388982 65.088319
300.000000 0.114000 0.114000 0.114000 0.000000 0.000000 0.000000 -31404.052749 34.526324
300.000000 0.116000 0.116000 0.116000 0.000000 0.000000 0.000000 -31388.317369 25.419645
300.000000 0.118000 0.118000 0.118000 0.000000 0.000000 0.000000 -31363.866743 24.612956
300.000000 0.120000 0.120000 0.120000 0.000000 0.000000 0.000000 -31334.602115 50.785451
300.000000 0.122000 0.122000 0.122000 0.000000 0.000000 0.000000 -31492.935503 42.376134
300.000000 0.124000 0.124000 0.124000 0.000000 0.000000 0.000000 -31419.276235 47.073292
300.000000 0.126000 0.126000 0.126000 0.000000 0.000000 0.000000 -31358.508169 23.575866
300.000000 0.128000 0.128000 0.128000 0.000000 0.000000 0.000000 -31443.999392 39.178338
300.000000 0.130000 0.130000 0.130000 0.000000 0.000000 0.000000 -31331.089984 20.881328
300.000000 0.132000 0.132000 0.132000 0.000000 0.000000 0.000000 -31430.716529 28.541548
300.000000 0.134000 0.134000 0.134000 0.000000 0.000000 0.000000 -31349.934146 13.596205
300.000000 0.136000 0.136000 0.136000 0.000000 0.000000 0.000000 -31435.193628 28.454729
300.000000 0.138000 0.138000 0.138000 0.000000 0.000000 0.000000 -31498.466990 37.736470
300.000000 0.140000 0.140000 0.140000 0.000000 0.000000 0.000000 -31426.155582 38.315603
300.000000 0.142000 0.142000 0.142000 0.000000 0.000000 0.000000 -31452.060984 20.918167
300.000000 0.144000 0.144000 0.144000 0.000000 0.000000 0.000000 -31328.370670 34.045037
300.000000 0.146000 0.146000 0.146000 0.000000 0.000000 0.000000 -31296.797165 5.699893
300.000000 0.148000 0.148000 0.148000 0.000000 0.000000 0.000000 -31360.726130 13.614218
300.000000 0.150000 0.150000 0.150000 0.000000 0.000000 0.000000 -31326.738649 20.350338
300.000000 0.152000 0.152000 0.152000 0.000000 0.000000 0.000000 -31302.353415 10.413372
300.000000 0.154000 0.154000 0.154000 0.000000 0.000000 0.000000 -31368.043593 36.451904
300.000000 0.156000 0.156000 0.156000 0.000000 0.000000 0.000000 -31475.546829 29.141946
300.000000 0.158000 0.158000 0.158000 0.000000 0.000000 0.000000 -31291.371542 35.590426
300.000000 0.160000 0.160000 0.160000 0.000000 0.000000 0.000000 -31324.012710 32.627111
300.000000 0.162000 0.162000 0.162000 0.000000 0.000000 0.000000 -31291.579707 46.859142
300.000000 0.164000 0.164000 0.164000 0.000000 0.000000 0.000000 -31336.247021 20.189018
300.000000 0.166000 0.166000 0.166000 0.000000 0.000000 0.000000 -31394.962303 28.782947
300.000000 0.168000 0.168000 0.168000 0.000000 0.000000 0.000000 -31380.799634 31.156896
300.000000 0.170000 0.170000 0.170000 0.000000 0.000000 0.000000 -31407.292278 25.823638
300.000000 0.172000 0.172000 0.172000 0.000000 0.000000 0.000000 -31430.479479 20.243202
300.000000 0.174000 0.174000 0.174000 0.000000 0.000000 0.000000 -31352.726173 27.688611
300.000000 0.176000 0.176000 0.176000 0.000000 0.000000 0.000000 -31429.136019 40.636524
300.000000 0.178000 0.178000 0.178000 0.000000 0.000000 0.000000 -31403.605622 17.617352
300.000000 0.180000 0.180000 0.180000 0.000000 0.000000 0.000000 -31247.924206 36.567073
300.000000 0.182000 0.182000 0.182000 0.000000 0.000000 0.000000 -31417.086227 29.856967
300.000000 0.184000 0.184000 0.184000 0.000000 0.000000 0.000000 -31309.636356 38.124107
300.000000 0.186000 0.186000 0.186000 0.000000 0.000000 0.000000 -31436.126586 25.554019
300.000000 0.188000 0.188000 0.188000 0.000000 0.000000 0.000000 -31348.722423 26.081939
300.000000 0.190000 0.190000 0.190000 0.000000 0.000000 0.000000 -31485.082216 44.193377
300.000000 0.192000 0.192000 0.192000 0.000000 0.000000 0.000000 -31467.289075 9.429749
300.000000 0.194000 0.194000 0.194000 0.000000 0.000000 0.000000 -31450.168381 30.256609
300.000000 0.196000 0.196000 0.196000 0.000000 0.000000 0.000000 -31520.971035 28.580954
300.000000 0.198000 0.198000 0.198000 0.000000 0.000000 0.000000 -31474.513628 9.403921
300.000000 0.200000 0.200000 0.200000 0.000000 0.000000 0.000000 -31537.384939 24.892259
300.000000 0.202000 0.202000 0.202000 0.000000 0.000000 0.000000 -31452.373631 7.792439
300.000000 0.204000 0.204000 0.204000 0.000000 0.000000 0.000000 -31292.655093 17.335895
300.000000 0.206000 0.206000 0.206000 0.000000 0.000000 0.000000 -31207.724814 27.049227
300.000000 0.208000 0.208000 0.208000 0.000000 0.000000 0.000000 -31308.993150 21.330641
300.000000 0.210000 0.210000 0.210000 0.000000 0.000000 0.000000 -31407.888009 27.835718
300.000000 0.212000 0.212000 0.212000 0.000000 0.000000 0.000000 -31477.484043 16.205751
300.000000 0.214000 0.214000 0.214000 0.000000 0.000000 0.000000 -31459.718115 20.336085
300.000000 0.216000 0.216000 0.216000 0.000000 0.000000 0.000000 -31543.090076 20.602156
300.000000 0.218000 0.218000 0.218000 0.000000 0.000000 0.000000 -31550.527739 12.055047
300.000000 0.220000 0.220000 0.220000 0.000000 0.000000 0.000000 -31477.724208 21.073147
300.000000 0.222000 0.222000 0.222000 0.000000 0.000000 0.000000 -31479.437470 28.115415
300.000000 0.224000 0.224000 0.224000 0.000000 0.000000 0.000000 -31419.266842 36.956039
300.000000 0.226000 0.226000 0.226000 0.000000 0.000000 0.000000 -31400.819409 13.138376
300.000000 0.228000 0.228000 0.228000 0.000000 0.000000 0.000000 -31457.744727 41.719080
300.000000 0.230000 0.230000 0.230000 0.000000 0.000000 0.000000 -31387.842058 18.509944
300.000000 0.232000 0.232000 0.232000 0.000000 0.000000 0.000000 -31263.380433 11.570288
300.000000 0.234000 0.234000 0.234000 0.000000 0.000000 0.000000 -31320.180363 16.710422
300.000000 0.236000 0.236000 0.236000 0.000000 0.000000 0.000000 -31404.660549 16.326872
300.000000 0.238000 0.238000 0.238000 0.000000 0.000000 0.000000 -31398.012978 19.911919
300.000000 0.240000 0.240000 0.240000 0.000000 0.000000 0.000000 -31417.772022 23.692723
300.000000 0.242000 0.242000 0.242000 0.000000 0.000000 0.000000 -31329.958471 25.094513
300.000000 0.244000 0.244000 0.244000 0.000000 0.000000 0.000000 -31353.678378 17.289055
300.000000 0.246000 0.246000 0.246000 0.000000 0.000000 0.000000 -31378.434932 18.742813
300.000000 0.248000 0.248000 0.248000 0.000000 0.000000 0.000000 -31442.734760 11.548720
300.000000 0.250000 0.250000 0.250000 0.000000 0.000000 0.000000 -31324.290863 17.883388
300.000000 0.252000 0.252000 0.252000 0.000000 0.000000 0.000000 -31477.675257 14.692404
300.000000 0.254000 0.254000 0.254000 0.000000 0.000000 0.000000 -31390.650278 11.061183
300.000000 0.256000 0.256000 0.256000 0.000000 0.000000 0.000000 -31284.049778 11.763385
300.000000 0.258000 0.258000 0.258000 0.000000 0.000000 0.000000 -31391.982247 9.409960
300.000000 0.260000 0.260000 0.260000 0.000000 0.000000 0.000000 -31339.864137 15.478366
300.000000 0.262000 0.262000 0.262000 0.000000 0.000000 0.000000 -31282.569409 7.021767
300.000000 0.264000 0.264000 0.264000 0.000000 0.000000 0.000000 -31400.457893 14.281915
300.000000 0.266000 0.266000 0.266000 0.000000 0.000000 0.000000 -31329.934516 11.416955
300.000000 0.268000 0.268000 0.268000 0.000000 0.000000 0.000000 -31287.159590 12.086513
300.000000 0.270000 0.270000 0.270000 0.000000 0.000000 0.000000 -31361.275705 12.868754
300.000000 0.272000 0.272000 0.272000 0.000000 0.000000 0.000000 -31314.738849 12.498111
300.000000 0.274000 0.274000 0.274000 0.000000 0.000000 0.000000 -31319.157748 12.940948
300.000000 0.276000 0.276000 0.276000 0.000000 0.000000 0.000000 -31328.215048 7.484249
300.000000 0.278000 0.278000 0.278000 0.000000 0.000000 0.000000 -31363.764211 20.389108
300.000000 0.280000 0.280000 0.280000 0.000000 0.000000 0.000000 -31374.531648 20.906275
300.000000 0.282000 0.282000 0.282000 0.000000 0.000000 0.000000 -31367.499555 11.298453
300.000000 0.284000 0.284000 0.284000 0.000000 0.000000 0.000000 -31432.299935 9.254747
300.000000 0.286000 0.286000 0.286000 0.000000 0.000000 0.000000 -31427.779766 5.860026
300.000000 0.288000 0.288000 0.288000 0.000000 0.000000 0.000000 -31426.696352 11.163076
300.000000 0.290000 0.290000 0.290000 0.000000 0.000000 0.000000 -31493.006666 20.260419
300.000000 0.292000 0.292000 0.292000 0.000000 0.000000 0.000000 -31356.438560 19.261993
300.000000 0.294000 0.294000 0.294000 0.000000 0.000000 0.000000 -31336.175658 6.066335
300.000000 0.296000 0.296000 0.296000 0.000000 0.000000 0.000000 -31299.063033 17.616695
300.000000 0.298000 0.298000 0.298000 0.000000 0.000000 0.000000 -31321.424694 9.795918
300.000000 0.300000 0.300000 0.300000 0.000000 0.000000 0.000000 -31427.955461 15.415970
300.000000 0.302000 0.302000 0.302000 0.000000 0.000000 0.000000 -31356.342667 11.363378
300.000000 0.304000 0.304000 0.304000 0.000000 0.000000 0.000000 -31430.619607 14.198030
300.000000 0.306000 0.306000 0.306000 0.000000 0.000000 0.000000 -31454.262259 22.203645
300.000000 0.308000 0.308000 0.308000 0.000000 0.000000 0.000000 -31432.244938 12.567675
300.000000 0.310000 0.310000 0.310000 0.000000 0.000000 0.000000 -31441.154973 -1.448525
300.000000 0.312000 0.312000 0.312000 0.000000 0.000000 0.000000 -31360.306300 11.255109
300.000000 0.314000 0.314000 0.314000 0.000000 0.000000 0.000000 -31264.217856 25.625399
300.000000 0.316000 0.316000 0.316000 0.000000 0.000000 0.000000 -31307.982051 -0.050609
300.000000 0.318000 0.318000 0.318000 0.000000 0.000000 0.000000 -31382.891393 10.158433
300.000000 0.320000 0.320000 0.320000 0.000000 0.000000 0.000000 -31254.469435 30.248032
300.000000 0.322000 0.322000 0.322000 0.000000 0.000000 0.000000 -31358.555290 2.723794
300.000000 0.324000 0.324000 0.324000 0.000000 0.000000 0.000000 -31370.793258 2.447588
300.000000 0.326000 0.326000 0.326000 0.000000 0.000000 0.000000 -31423.370374 15.558074
300.000000 0.328000 0.328000 0.328000 0.000000 0.000000 0.000000 -31443.444324 26.844067
300.000000 0.330000 0.330000 0.330000 0.000000 0.000000 0.000000 -31460.001877 12.203536
300.000000 0.332000 0.332000 0.332000 0.000000 0.000000 0.000000 -31500.473667 6.472501
300.000000 0.334000 0.334000 0.334000 0.000000 0.000000 0.000000 -31388.059247 5.886051
300.000000 0.336000 0.336000 0.336000 0.000000 0.000000 0.000000 -31299.319344 13.578638
300.000000 0.338000 0.338000 0.338000 0.000000 0.000000 0.000000 -31279.930423 7.913085
300.000000 0.340000 0.340000 0.340000 0.000000 0.000000 0.000000 -31388.549460 25.675672
300.000000 0.342000 0.342000 0.342000 0.000000 0.000000 0.000000 -31350.119544 -1.964282
300.000000 0.344000 0.344000 0.344000 0.000000 0.000000 0.000000 -31423.318619 30.833075
300.000000 0.346000 0.346000 0.346000 0.000000 0.000000 0.000000 -31371.395139 8.573562
300.000000 0.348000 0.348000 0.348000 0.000000 0.000000 0.000000 -31332.761857 0.681152
300.000000 0.350000 0.350000 0.350000 0.000000 0.000000 0.000000 -31366.683724 13.975685
300.000000 0.352000 0.352000 0.352000 0.000000 0.000000 0.000000 -31252.323403 8.464803
300.000000 0.354000 0.354000 0.354000 0.000000 0.000000 0.000000 -31384.695918 5.370767
300.000000 0.356000 0.356000 0.356000 0.000000 0.000000 0.000000 -31238.798400 5.863865
300.000000 0.358000 0.358000 0.358000 0.000000 0.000000 0.000000 -31307.057829 -4.091747
300.000000 0.360000 0.360000 0.360000 0.000000 0.000000 0.000000 -31298.132394 6.581787
300.000000 0.362000 0.362000 0.362000 0.000000 0.000000 0.000000 -31305.056576 3.571159
300.000000 0.364000 0.364000 0.364000 0.000000 0.000000 0.000000 -31360.437687 1.481169
300.000000 0.366000 0.366000 0.366000 0.000000 0.000000 0.000000 -31366.896388 3.386532
300.000000 0.368000 0.368000 0.368000 0.000000 0.000000 0.000000 -31455.097291 2.440984
300.000000 0.370000 0.370000 0.370000 0.000000 0.000000 0.000000 -31445.404145 -7.190167
300.000000 0.372000 0.372000 0.372000 0.000000 0.000000 0.000000 -31412.301859 0.895893
300.000000 0.374000 0.374000 0.374000 0.000000 0.000000 0.000000 -31317.639691 18.254347
300.000000 0.376000 0.376000 0.376000 0.000000 0.000000 0.000000 -31450.529886 -3.073567
300.000000 0.378000 0.378000 0.378000 0.000000 0.000000 0.000000 -31407.254096 6.772495
300.000000 0.380000 0.380000 0.380000 0.000000 0.000000 0.000000 -31310.677665 -12.840332
300.000000 0.382000 0.382000 0.382000 0.000000 0.000000 0.000000 -31275.494430 11.635625
300.000000 0.384000 0.384000 0.384000 0.000000 0.000000 0.000000 -31362.769623 -0.361569
300.000000 0.386000 0.386000 0.386000 0.000000 0.000000 0.000000 -31355.252526 2.132078
300.000000 0.388000 0.388000 0.388000 0.000000 0.000000 0.000000 -31288.893811 18.999291
300.000000 0.390000 0.390000 0.390000 0.000000 0.000000 0.000000 -31439.294240 -6.669003
300.000000 0.392000 0.392000 0.392000 0.000000 0.000000 0.000000 -31351.724513 0.271581
300.000000 0.394000 0.394000 0.394000 0.000000 0.000000 0.000000 -31382.123245 4.068827
300.000000 0.396000 0.396000 0.396000 0.000000 0.000000 0.000000 -31385.762989 5.583469
300.000000 0.398000 0.398000 0.398000 0.000000 0.000000 0.000000 -31323.991336 0.694998
300.000000 0.400000 0.400000 0.400000 0.000000 0.000000 0.000000 -31324.316793 2.008960
300.000000 0.402000 0.402000 0.402000 0.000000 0.000000 0.000000 -31316.865610 5.849418
300.000000 0.404000 0.404000 0.404000 0.000000 0.000000 0.000000 -31337.220478 -1.350894
300.000000 0.406000 0.406000 0.406000 0.000000 0.000000 0.000000 -31274.697099 5.602267
300.000000 0.408000 0.408000 0.408000 0.000000 0.000000 0.000000 -31355.582239 7.833671
300.000000 0.410000 0.410000 0.410000 0.000000 0.000000 0.000000 -31370.115691 9.987270
300.000000 0.412000 0.412000 0.412000 0.000000 0.000000 0.000000 -31493.972905 5.285044
300.000000 0.414000 0.414000 0.414000 0.000000 0.000000 0.000000 -31431.927349 14.280281
300.000000 0.416000 0.416000 0.416000 0.000000 0.000000 0.000000 -31392.592325 -8.956520
300.000000 0.418000 0.418000 0.418000 0.000000 0.000000 0.000000 -31270.638124 10.431626
300.000000 0.420000 0.420000 0.420000 0.000000 0.000000 0.000000 -31388.494493 1.409319
300.000000 0.422000 0.422000 0.422000 0.000000 0.000000 0.000000 -31412.834671 -7.330470
300.000000 0.424000 0.424000 0.424000 0.000000 0.000000 0.000000 -31300.143601 5.576864
300.000000 0.426000 0.426000 0.426000 0.000000 0.000000 0.000000 -31457.139459 -7.434662
300.000000 0.428000 0.428000 0.428000 0.000000 0.000000 0.000000 -31434.621641 9.178862
300.000000 0.430000 0.430000 0.430000 0.000000 0.000000 0.000000 -31404.617654 5.274511
300.000000 0.432000 0.432000 0.432000 0.000000 0.000000 0.000000 -31405.119020 3.217436
300.000000 0.434000 0.434000 0.434000 0.000000 0.000000 0.000000 -31327.226940 -4.896585
300.000000 0.436000 0.436000 0.436000 0.000000 0.000000 0.000000 -31448.564442 8.935946
300.000000 0.438000 0.438000 0.438000 0.000000 0.000000 0.000000 -31330.153885 -3.321714
300.000000 0.440000 0.440000 0.440000 0.000000 0.000000 0.000000 -31394.995551 8.267863
300.000000 0.442000 0.442000 0.442000 0.000000 0.000000 0.000000 -31355.722990 8.536364
300.000000 0.444000 0.444000 0.444000 0.000000 0.000000 0.000000 -31352.094603 4.911891
300.000000 0.446000 0.446000 0.446000 0.000000 0.000000 0.000000 -31493.097146 2.330321
300.000000 0.448000 0.448000 0.448000 0.000000 0.000000 0.000000 -31394.823718 4.056588
300.000000 0.450000 0.450000 0.450000 0.000000 0.000000 0.000000 -31358.315565 11.908867
300.000000 0.452000 0.452000 0.452000 0.000000 0.000000 0.000000 -31337.048440 -2.150475
300.000000 0.454000 0.454000 0.454000 0.000000 0.000000 0.000000 -31379.273382 5.580616
300.000000 0.456000 0.456000 0.456000 0.000000 0.000000 0.000000 -31355.607683 -4.010569
300.000000 0.458000 0.458000 0.458000 0.000000 0.000000 0.000000 -31329.540207 -0.704873
300.000000 0.460000 0.460000 0.460000 0.000000 0.000000 0.000000 -31531.374050 6.905491
300.000000 0.462000 0.462000 0.462000 0.000000 0.000000 0.000000 -31461.455783 -2.176262
300.000000 0.464000 0.464000 0.464000 0.000000 0.000000 0.000000 -31535.860562 -4.926496
300.000000 0.466000 0.466000 0.466000 0.000000 0.000000 0.000000 -31308.961603 -0.674613
300.000000 0.468000 0.468000 0.468000 0.000000 0.000000 0.000000 -31359.777096 6.310974
300.000000 0.470000 0.470000 0.470000 0.000000 0.000000 0.000000 -31351.352699 4.429424
300.000000 0.472000 0.472000 0.472000 0.000000 0.000000 0.000000 -31387.128055 1.402984
300.000000 0.474000 0.474000 0.474000 0.000000 0.000000 0.000000 -31420.757670 1.885340
300.000000 0.476000 0.476000 0.476000 0.000000 0.000000 0.000000 -31429.822774 -3.398140
300.000000 0.478000 0.478000 0.478000 0.000000 0.000000 0.000000 -31386.734509 -3.110084
300.000000 0.480000 0.480000 0.480000 0.000000 0.000000 0.000000 -31301.392346 6.081104
300.000000 0.482000 0.482000 0.482000 0.000000 0.000000 0.000000 -31449.043976 5.338437
300.000000 0.484000 0.484000 0.484000 0.000000 0.000000 0.000000 -31477.982803 1.444164
300.000000 0.486000 0.486000 0.486000 0.000000 0.000000 0.000000 -31356.631766 1.693798
300.000000 0.488000 0.488000 0.488000 0.000000 0.000000 0.000000 -31349.274087 4.026415
300.000000 0.490000 0.490000 0.490000 0.000000 0.000000 0.000000 -31456.083073 -12.524734
300.000000 0.492000 0.492000 0.492000 0.000000 0.000000 0.000000 -31377.049581 6.666912
300.000000 0.494000 0.494000 0.494000 0.000000 0.000000 0.000000 -31415.223674 -8.971826
300.000000 0.496000 0.496000 0.496000 0.000000 0.000000 0.000000 -31449.807742 12.969293
300.000000 0.498000 0.498000 0.498000 0.000000 0.000000 0.000000 -31334.124568 0.198331
