300.000000 0.000000 0.000000 0.000000 0.000000 0.000000 0.000000 -36906.898283 762.979700
300.000000 0.002000 0.002000 0.002000 0.000000 0.000000 0.000000 -36963.450517 858.624028
300.000000 0.004000 0.004000 0.004000 0.000000 0.000000 0.000000 -36997.070867 782.985798
300.000000 0.006000 0.006000 0.006000 0.000000 0.000000 0.000000 -36916.284041 747.183176
300.000000 0.008000 0.008000 0.008000 0.000000 0.000000 0.000000 -36904.996405 728.628046
300.000000 0.010000 0.010000 0.010000 0.000000 0.000000 0.000000 -36956.577397 666.584777
300.000000 0.012000 0.012000 0.012000 0.000000 0.000000 0.000000 -36873.643391 777.177743
300.000000 0.014000 0.014000 0.014000 0.000000 0.000000 0.000000 -36973.829500 732.856439
300.000000 0.016000 0.016000 0.016000 0.000000 0.000000 0.000000 -37086.941340 671.877897
300.000000 0.018000 0.018000 0.018000 0.000000 0.000000 0.000000 -36999.740424 694.601098
300.000000 0.020000 0.020000 0.020000 0.000000 0.000000 0.000000 -36931.589256 646.434146
300.000000 0.022000 0.022000 0.022000 0.000000 0.000000 0.000000 -37046.689156 590.631264
300.000000 0.024000 0.024000 0.024000 0.000000 0.000000 0.000000 -36840.574296 726.056977
300.000000 0.026000 0.026000 0.026000 0.000000 0.000000 0.000000 -36865.018626 771.702937
300.000000 0.028000 0.028000 0.028000 0.000000 0.000000 0.000000 -36947.717678 690.503152
300.000000 0.030000 0.030000 0.030000 0.000000 0.000000 0.000000 -36972.419695 710.736367
300.000000 0.032000 0.032000 0.032000 0.000000 0.000000 0.000000 -37065.509204 687.277312
300.000000 0.034000 0.034000 0.034000 0.000000 0.000000 0.000000 -37004.902728 649.494058
300.000000 0.036000 0.036000 0.036000 0.000000 0.000000 0.000000 -36944.422673 169.461324
300.000000 0.038000 0.038000 0.038000 0.000000 0.000000 0.000000 -36812.053944 113.352611
300.000000 0.040000 0.040000 0.040000 0.000000 0.000000 0.000000 -36782.996381 141.876162
300.000000 0.042000 0.042000 0.042000 0.000000 0.000000 0.000000 -36813.450410 103.643339
300.000000 0.044000 0.044000 0.044000 0.000000 0.000000 0.000000 -36843.521889 103.239067
300.000000 0.046000 0.046000 0.046000 0.000000 0.000000 0.000000 -36768.819925 103.639045
300.000000 0.048000 0.048000 0.048000 0.000000 0.000000 0.000000 -36990.648981 137.643903
300.000000 0.050000 0.050000 0.050000 0.000000 0.000000 0.000000 -36961.910071 49.338189
300.000000 0.052000 0.052000 0.052000 0.000000 0.000000 0.000000 -36855.481283 73.257067
300.000000 0.054000 0.054000 0.054000 0.000000 0.000000 0.000000 -36855.077499 66.929475
300.000000 0.056000 0.056000 0.056000 0.000000 0.000000 0.000000 -36894.176141 38.716977
300.000000 0.058000 0.058000 0.058000 0.000000 0.000000 0.000000 -36984.954840 106.830718
300.000000 0.060000 0.060000 0.060000 0.000000 0.000000 0.000000 -36974.451232 107.709815
300.000000 0.062000 0.062000 0.062000 0.000000 0.000000 0.000000 -36970.199738 78.695630
300.000000 0.064000 0.064000 0.064000 0.000000 0.000000 0.000000 -36942.505903 64.520362
300.000000 0.066000 0.066000 0.066000 0.000000 0.000000 0.000000 -36990.713253 81.455762
300.000000 0.068000 0.068000 0.068000 0.000000 0.000000 0.000000 -36982.833712 52.657482
300.000000 0.070000 0.070000 0.070000 0.000000 0.000000 0.000000 -36960.249368 50.691389
300.000000 0.072000 0.072000 0.072000 0.000000 0.000000 0.000000 -37052.729054 48.426421
300.000000 0.074000 0.074000 0.074000 0.000000 0.000000 0.000000 -36957.633495 53.954926
300.000000 0.076000 0.076000 0.076000 0.000000 0.000000 0.000000 -36794.977319 65.071066
300.000000 0.078000 0.078000 0.078000 0.000000 0.000000 0.000000 -36881.098356 66.717428
300.000000 0.080000 0.080000 0.080000 0.000000 0.000000 0.000000 -36804.829619 53.218536
300.000000 0.082000 0.082000 0.082000 0.000000 0.000000 0.000000 -36816.903671 52.566709
300.000000 0.084000 0.084000 0.084000 0.000000 0.000000 0.000000 -36781.462735 88.776771
300.000000 0.086000 0.086000 0.086000 0.000000 0.000000 0.000000 -36818.315445 86.230864
300.000000 0.088000 0.088000 0.088000 0.000000 0.000000 0.000000 -36846.678229 49.463312
300.000000 0.090000 0.090000 0.090000 0.000000 0.000000 0.000000 -36972.980189 52.333481
300.000000 0.092000 0.092000 0.092000 0.000000 0.000000 0.000000 -36964.802167 70.007250
300.000000 0.094000 0.094000 0.094000 0.000000 0.000000 0.000000 -36909.494537 46.737130
300.000000 0.096000 0.096000 0.096000 0.000000 0.000000 0.000000 -37093.344079 44.281987
300.000000 0.098000 0.098000 0.098000 0.000000 0.000000 0.000000 -36989.129501 48.301966
300.000000 0.100000 0.100000 0.100000 0.000000 0.000000 0.000000 -36839.589544 62.804949
300.000000 0.102000 0.102000 0.102000 0.000000 0.000000 0.000000 -36927.159505 48.914835
300.000000 0.104000 0.104000 0.104000 0.000000 0.000000 0.000000 -36861.240143 43.154277
300.000000 0.106000 0.106000 0.106000 0.000000 0.000000 0.000000 -36897.456166 49.207492
300.000000 0.108000 0.108000 0.108000 0.000000 0.000000 0.000000 -36915.628730 28.511248
300.000000 0.110000 0.110000 0.110000 0.000000 0.000000 0.000000 -36960.109498 27.537077
300.000000 0.112000 0.112000 0.112000 0.000000 0.000000 0.000000 -36929.299408 51.498904
300.000000 0.114000 0.114000 0.114000 0.000000 0.000000 0.000000 -36887.082873 24.015060
300.000000 0.116000 0.116000 0.116000 0.000000 0.000000 0.000000 -36897.088315 36.786864
300.000000 0.118000 0.118000 0.118000 0.000000 0.000000 0.000000 -36869.096777 44.751619
300.000000 0.120000 0.120000 0.120000 0.000000 0.000000 0.000000 -36900.550402 32.671116
300.000000 0.122000 0.122000 0.122000 0.000000 0.000000 0.000000 -36992.113512 56.838945
300.000000 0.124000 0.124000 0.124000 0.000000 0.000000 0.000000 -36904.043819 27.681674
300.000000 0.126000 0.126000 0.126000 0.000000 0.000000 0.000000 -36874.656249 39.384012
300.000000 0.128000 0.128000 0.128000 0.000000 0.000000 0.000000 -36903.193565 10.899048
300.000000 0.130000 0.130000 0.130000 0.000000 0.000000 0.000000 -36775.849479 49.299189
300.000000 0.132000 0.132000 0.132000 0.000000 0.000000 0.000000 -36819.414469 52.570497
300.000000 0.134000 0.134000 0.134000 0.000000 0.000000 0.000000 -36888.908745 52.517135
300.000000 0.136000 0.136000 0.136000 0.000000 0.000000 0.000000 -36690.487014 46.852771
300.000000 0.138000 0.138000 0.138000 0.000000 0.000000 0.000000 -36916.912220 50.304554
300.000000 0.140000 0.140000 0.140000 0.000000 0.000000 0.000000 -36840.498851 28.804103
300.000000 0.142000 0.142000 0.142000 0.000000 0.000000 0.000000 -36927.101933 32.402994
300.000000 0.144000 0.144000 0.144000 0.000000 0.000000 0.000000 -37003.255291 50.223173
300.000000 0.146000 0.146000 0.146000 0.000000 0.000000 0.000000 -37127.550719 22.854949
300.000000 0.148000 0.148000 0.148000 0.000000 0.000000 0.000000 -37007.324510 31.679451
300.000000 0.150000 0.150000 0.150000 0.000000 0.000000 0.000000 -36902.701355 32.522641
300.000000 0.152000 0.152000 0.152000 0.000000 0.000000 0.000000 -36847.247959 18.810862
300.000000 0.154000 0.154000 0.154000 0.000000 0.000000 0.000000 -36885.155235 39.608941
300.000000 0.156000 0.156000 0.156000 0.000000 0.000000 0.000000 -36848.722488 43.579815
300.000000 0.158000 0.158000 0.158000 0.000000 0.000000 0.000000 -36970.558724 31.910678
300.000000 0.160000 0.160000 0.160000 0.000000 0.000000 0.000000 -36895.441281 41.618035
300.000000 0.162000 0.162000 0.162000 0.000000 0.000000 0.000000 -36879.203563 28.659789
300.000000 0.164000 0.164000 0.164000 0.000000 0.000000 0.000000 -36889.786857 31.986247
300.000000 0.166000 0.166000 0.166000 0.000000 0.000000 0.000000 -36879.658630 31.935892
300.000000 0.168000 0.168000 0.168000 0.000000 0.000000 0.000000 -36874.163195 23.693950
300.000000 0.170000 0.170000 0.170000 0.000000 0.000000 0.000000 -36849.158622 20.424232
300.000000 0.172000 0.172000 0.172000 0.000000 0.000000 0.000000 -36846.787285 17.956816
300.000000 0.174000 0.174000 0.174000 0.000000 0.000000 0.000000 -36885.991164 28.771491
300.000000 0.176000 0.176000 0.176000 0.000000 0.000000 0.000000 -36815.434875 28.204561
300.000000 0.178000 0.178000 0.178000 0.000000 0.000000 0.000000 -36965.318881 25.819887
300.000000 0.180000 0.180000 0.180000 0.000000 0.000000 0.000000 -36911.788487 31.936286
300.000000 0.182000 0.182000 0.182000 0.000000 0.000000 0.000000 -36983.405296 24.379687
300.000000 0.184000 0.184000 0.184000 0.000000 0.000000 0.000000 -37021.396275 14.703464
300.000000 0.186000 0.186000 0.186000 0.000000 0.000000 0.000000 -36991.540026 33.547862
300.000000 0.188000 0.188000 0.188000 0.000000 0.000000 0.000000 -37063.086177 33.564475
300.000000 0.190000 0.190000 0.190000 0.000000 0.000000 0.000000 -36875.721331 14.698978
300.000000 0.192000 0.192000 0.192000 0.000000 0.000000 0.000000 -37050.294293 27.941220
300.000000 0.194000 0.194000 0.194000 0.000000 0.000000 0.000000 -36822.753206 23.476188
300.000000 0.196000 0.196000 0.196000 0.000000 0.000000 0.000000 -36935.951774 15.059576
300.000000 0.198000 0.198000 0.198000 0.000000 0.000000 0.000000 -36997.216202 26.971412
300.000000 0.200000 0.200000 0.200000 0.000000 0.000000 0.000000 -36919.051897 3.215840
300.000000 0.202000 0.202000 0.202000 0.000000 0.000000 0.000000 -36792.954361 30.603036
300.000000 0.204000 0.204000 0.204000 0.000000 0.000000 0.000000 -36847.558682 26.772472
300.000000 0.206000 0.206000 0.206000 0.000000 0.000000 0.000000 -36948.504565 38.823475
300.000000 0.208000 0.208000 0.208000 0.000000 0.000000 0.000000 -36767.080653 21.905423
300.000000 0.210000 0.210000 0.210000 0.000000 0.000000 0.000000 -36946.950191 32.005347
300.000000 0.212000 0.212000 0.212000 0.000000 0.000000 0.000000 -36962.718605 34.594387
300.000000 0.214000 0.214000 0.214000 0.000000 0.000000 0.000000 -36979.094850 31.300561
300.000000 0.216000 0.216000 0.216000 0.000000 0.000000 0.000000 -36880.232494 27.493958
300.000000 0.218000 0.218000 0.218000 0.000000 0.000000 0.000000 -36886.580702 17.630884
300.000000 0.220000 0.220000 0.220000 0.000000 0.000000 0.000000 -36925.715419 29.574859
300.000000 0.222000 0.222000 0.222000 0.000000 0.000000 0.000000 -37028.641015 19.021221
300.000000 0.224000 0.224000 0.224000 0.000000 0.000000 0.000000 -36925.081274 15.759479
300.000000 0.226000 0.226000 0.226000 0.000000 0.000000 0.000000 -36934.787640 25.291912
300.000000 0.228000 0.228000 0.228000 0.000000 0.000000 0.000000 -37076.011312 32.343859
300.000000 0.230000 0.230000 0.230000 0.000000 0.000000 0.000000 -36993.531403 19.427223
300.000000 0.232000 0.232000 0.232000 0.000000 0.000000 0.000000 -37010.777756 6.310492
300.000000 0.234000 0.234000 0.234000 0.000000 0.000000 0.000000 -36971.199166 24.199905
300.000000 0.236000 0.236000 0.236000 0.000000 0.000000 0.000000 -36982.260658 27.431810
300.000000 0.238000 0.238000 0.238000 0.000000 0.000000 0.000000 -36906.318554 19.602325
300.000000 0.240000 0.240000 0.240000 0.000000 0.000000 0.000000 -36861.392648 28.579936
300.000000 0.242000 0.242000 0.242000 0.000000 0.000000 0.000000 -37047.813514 33.765577
300.000000 0.244000 0.244000 0.244000 0.000000 0.000000 0.000000 -36953.135189 19.488503
300.000000 0.246000 0.246000 0.246000 0.000000 0.000000 0.000000 -36734.594173 17.724172
300.000000 0.248000 0.248000 0.248000 0.000000 0.000000 0.000000 -36840.838017 22.683696
300.000000 0.250000 0.250000 0.250000 0.000000 0.000000 0.000000 -36894.682822 6.526059
300.000000 0.252000 0.252000 0.252000 0.000000 0.000000 0.000000 -36904.888726 27.912325
300.000000 0.254000 0.254000 0.254000 0.000000 0.000000 0.000000 -36899.811287 28.600235
300.000000 0.256000 0.256000 0.256000 0.000000 0.000000 0.000000 -36878.874019 21.758775
300.000000 0.258000 0.258000 0.258000 0.000000 0.000000 0.000000 -36928.556591 27.483539
300.000000 0.260000 0.260000 0.260000 0.000000 0.000000 0.000000 -36947.802499 5.723072
300.000000 0.262000 0.262000 0.262000 0.000000 0.000000 0.000000 -36922.387968 16.462094
300.000000 0.264000 0.264000 0.264000 0.000000 0.000000 0.000000 -36929.697000 29.880633
300.000000 0.266000 0.266000 0.266000 0.000000 0.000000 0.000000 -36868.453723 6.245625
300.000000 0.268000 0.268000 0.268000 0.000000 0.000000 0.000000 -36833.838973 25.661910
300.000000 0.270000 0.270000 0.270000 0.000000 0.000000 0.000000 -36812.947011 15.924336
300.000000 0.272000 0.272000 0.272000 0.000000 0.000000 0.000000 -36934.486248 18.674928
300.000000 0.274000 0.274000 0.274000 0.000000 0.000000 0.000000 -36812.581523 32.137007
300.000000 0.276000 0.276000 0.276000 0.000000 0.000000 0.000000 -36887.528571 23.596921
300.000000 0.278000 0.278000 0.278000 0.000000 0.000000 0.000000 -36898.352160 17.264021
300.000000 0.280000 0.280000 0.280000 0.000000 0.000000 0.000000 -36839.511698 15.680845
300.000000 0.282000 0.282000 0.282000 0.000000 0.000000 0.000000 -36919.584659 22.534943
300.000000 0.284000 0.284000 0.284000 0.000000 0.000000 0.000000 -36913.145080 3.951918
300.000000 0.286000 0.286000 0.286000 0.000000 0.000000 0.000000 -36898.385265 25.977660
300.000000 0.288000 0.288000 0.288000 0.000000 0.000000 0.000000 -36877.542722 10.693549
300.000000 0.290000 0.290000 0.290000 0.000000 0.000000 0.000000 -36857.579509 12.954588
300.000000 0.292000 0.292000 0.292000 0.000000 0.000000 0.000000 -36961.188754 13.049042
300.000000 0.294000 0.294000 0.294000 0.000000 0.000000 0.000000 -36884.401382 7.871564
300.000000 0.296000 0.296000 0.296000 0.000000 0.000000 0.000000 -36752.769290 10.480851
300.000000 0.298000 0.298000 0.298000 0.000000 0.000000 0.000000 -36902.169338 9.086920
300.000000 0.300000 0.300000 0.300000 0.000000 0.000000 0.000000 -37031.259736 4.078488
300.000000 0.302000 0.302000 0.302000 0.000000 0.000000 0.000000 -36816.256191 6.706710
300.000000 0.304000 0.304000 0.304000 0.000000 0.000000 0.000000 -36902.766725 16.626124
300.000000 0.306000 0.306000 0.306000 0.000000 0.000000 0.000000 -36870.628429 12.022796
300.000000 0.308000 0.308000 0.308000 0.000000 0.000000 0.000000 -36925.948321 13.764756
300.000000 0.310000 0.310000 0.310000 0.000000 0.000000 0.000000 -36931.210220 24.053185
300.000000 0.312000 0.312000 0.312000 0.000000 0.000000 0.000000 -36888.997510 17.524891
300.000000 0.314000 0.314000 0.314000 0.000000 0.000000 0.000000 -36757.299981 25.652424
300.000000 0.316000 0.316000 0.316000 0.000000 0.000000 0.000000 -36803.338068 24.385020
300.000000 0.318000 0.318000 0.318000 0.000000 0.000000 0.000000 -36857.162758 8.399461
300.000000 0.320000 0.320000 0.320000 0.000000 0.000000 0.000000 -36915.647346 1.761597
300.000000 0.322000 0.322000 0.322000 0.000000 0.000000 0.000000 -36759.885008 15.133167
300.000000 0.324000 0.324000 0.324000 0.000000 0.000000 0.000000 -36950.898072 10.439279
300.000000 0.326000 0.326000 0.326000 0.000000 0.000000 0.000000 -36900.725565 10.296883
300.000000 0.328000 0.328000 0.328000 0.000000 0.000000 0.000000 -36826.354732 7.164211
300.000000 0.330000 0.330000 0.330000 0.000000 0.000000 0.000000 -36759.233959 18.552460
300.000000 0.332000 0.332000 0.332000 0.000000 0.000000 0.000000 -36852.713016 6.958041
300.000000 0.334000 0.334000 0.334000 0.000000 0.000000 0.000000 -36874.965433 17.624610
300.000000 0.336000 0.336000 0.336000 0.000000 0.000000 0.000000 -36913.688307 21.555529
300.000000 0.338000 0.338000 0.338000 0.000000 0.000000 0.000000 -36930.032038 10.514669
300.000000 0.340000 0.340000 0.340000 0.000000 0.000000 0.000000 -36940.519741 0.293247
300.000000 0.342000 0.342000 0.342000 0.000000 0.000000 0.000000 -37014.741751 15.004588
300.000000 0.344000 0.344000 0.344000 0.000000 0.000000 0.000000 -36970.313177 14.243173
300.000000 0.346000 0.346000 0.346000 0.000000 0.000000 0.000000 -36938.250886 -0.871272
300.000000 0.348000 0.348000 0.348000 0.000000 0.000000 0.000000 -37069.557638 13.995983
300.000000 0.350000 0.350000 0.350000 0.000000 0.000000 0.000000 -36863.228355 5.541712
300.000000 0.352000 0.352000 0.352000 0.000000 0.000000 0.000000 -36933.395779 12.489662
300.000000 0.354000 0.354000 0.354000 0.000000 0.000000 0.000000 -36928.571992 7.183143
300.000000 0.356000 0.356000 0.356000 0.000000 0.000000 0.000000 -36855.037736 10.099973
300.000000 0.358000 0.358000 0.358000 0.000000 0.000000 0.000000 -36881.467395 3.269325
300.000000 0.360000 0.360000 0.360000 0.000000 0.000000 0.000000 -36836.039932 31.178214
300.000000 0.362000 0.362000 0.362000 0.000000 0.000000 0.000000 -36825.020566 17.800456
300.000000 0.364000 0.364000 0.364000 0.000000 0.000000 0.000000 -36704.905811 15.433620
300.000000 0.366000 0.366000 0.366000 0.000000 0.000000 0.000000 -36761.834703 8.691867
300.000000 0.368000 0.368000 0.368000 0.000000 0.000000 0.000000 -36785.122207 4.165881
300.000000 0.370000 0.370000 0.370000 0.000000 0.000000 0.000000 -36863.865376 4.634117
300.000000 0.372000 0.372000 0.372000 0.000000 0.000000 0.000000 -36661.242317 16.998891
300.000000 0.374000 0.374000 0.374000 0.000000 0.000000 0.000000 -36928.364907 3.501821
300.000000 0.376000 0.376000 0.376000 0.000000 0.000000 0.000000 -36930.555700 12.990543
300.000000 0.378000 0.378000 0.378000 0.000000 0.000000 0.000000 -36885.410558 8.204707
300.000000 0.380000 0.380000 0.380000 0.000000 0.000000 0.000000 -36934.884055 11.088527
300.000000 0.382000 0.382000 0.382000 0.000000 0.000000 0.000000 -36913.790147 -0.929057
300.000000 0.384000 0.384000 0.384000 0.000000 0.000000 0.000000 -36955.011011 1.903689
300.000000 0.386000 0.386000 0.386000 0.000000 0.000000 0.000000 -37037.671521 7.126746
300.000000 0.388000 0.388000 0.388000 0.000000 0.000000 0.000000 -36890.094173 14.072916
300.000000 0.390000 0.390000 0.390000 0.000000 0.000000 0.000000 -36881.618474 2.154074
300.000000 0.392000 0.392000 0.392000 0.000000 0.000000 0.000000 -36996.677652 8.522392
300.000000 0.394000 0.394000 0.394000 0.000000 0.000000 0.000000 -37098.899729 18.107615
300.000000 0.396000 0.396000 0.396000 0.000000 0.000000 0.000000 -37003.489885 7.400193
300.000000 0.398000 0.398000 0.398000 0.000000 0.000000 0.000000 -36907.714944 3.953764
300.000000 0.400000 0.400000 0.400000 0.000000 0.000000 0.000000 -36854.803035 10.288109
300.000000 0.402000 0.402000 0.402000 0.000000 0.000000 0.000000 -36932.549025 11.079224
300.000000 0.404000 0.404000 0.404000 0.000000 0.000000 0.000000 -36910.247031 6.543922
300.000000 0.406000 0.406000 0.406000 0.000000 0.000000 0.000000 -36913.983038 16.182565
300.000000 0.408000 0.408000 0.408000 0.000000 0.000000 0.000000 -36971.021916 27.219760
300.000000 0.410000 0.410000 0.410000 0.000000 0.000000 0.000000 -36824.310584 2.133820
300.000000 0.412000 0.412000 0.412000 0.000000 0.000000 0.000000 -36896.741198 1.554732
300.000000 0.414000 0.414000 0.414000 0.000000 0.000000 0.000000 -36857.093821 -0.394256
300.000000 0.416000 0.416000 0.416000 0.000000 0.000000 0.000000 -36866.634590 7.545395
300.000000 0.418000 0.418000 0.418000 0.000000 0.000000 0.000000 -36888.271141 5.501843
300.000000 0.420000 0.420000 0.420000 0.000000 0.000000 0.000000 -36826.151453 7.197278
300.000000 0.422000 0.422000 0.422000 0.000000 0.000000 0.000000 -36929.184063 18.238746
300.000000 0.424000 0.424000 0.424000 0.000000 0.000000 0.000000 -36888.750385 6.233599
300.000000 0.426000 0.426000 0.426000 0.000000 0.000000 0.000000 -36896.962837 13.226733
300.000000 0.428000 0.428000 0.428000 0.000000 0.000000 0.000000 -36844.210329 9.240995
300.000000 0.430000 0.430000 0.430000 0.000000 0.000000 0.000000 -36997.807503 8.332159
300.000000 0.432000 0.432000 0.432000 0.000000 0.000000 0.000000 -36986.736426 9.817765
300.000000 0.434000 0.434000 0.434000 0.000000 0.000000 0.000000 -36897.133459 18.280501
300.000000 0.436000 0.436000 0.436000 0.000000 0.000000 0.000000 -37012.926473 11.177622
300.000000 0.438000 0.438000 0.438000 0.000000 0.000000 0.000000 -36906.310239 17.164080
300.000000 0.440000 0.440000 0.440000 0.000000 0.000000 0.000000 -36939.873116 1.430871
300.000000 0.442000 0.442000 0.442000 0.000000 0.000000 0.000000 -36853.311255 11.841028
300.000000 0.444000 0.444000 0.444000 0.000000 0.000000 0.000000 -36848.179042 8.394283
300.000000 0.446000 0.446000 0.446000 0.000000 0.000000 0.000000 -36827.722701 -4.957846
300.000000 0.448000 0.448000 0.448000 0.000000 0.000000 0.000000 -36855.476576 2.802367
300.000000 0.450000 0.450000 0.450000 0.000000 0.000000 0.000000 -36876.480695 2.478625
300.000000 0.452000 0.452000 0.452000 0.000000 0.000000 0.000000 -36986.648812 7.637984
300.000000 0.454000 0.454000 0.454000 0.000000 0.000000 0.000000 -36866.327128 2.233157
300.000000 0.456000 0.456000 0.456000 0.000000 0.000000 0.000000 -36954.655075 2.451689
300.000000 0.458000 0.458000 0.458000 0.000000 0.000000 0.000000 -36935.683912 -2.343843
300.000000 0.460000 0.460000 0.460000 0.000000 0.000000 0.000000 -36946.918805 -6.969271
300.000000 0.462000 0.462000 0.462000 0.000000 0.000000 0.000000 -36865.884225 1.205531
300.000000 0.464000 0.464000 0.464000 0.000000 0.000000 0.000000 -36905.546261 7.540541
300.000000 0.466000 0.466000 0.466000 0.000000 0.000000 0.000000 -36959.931728 -4.868955
300.000000 0.468000 0.468000 0.468000 0.000000 0.000000 0.000000 -36869.124704 5.290100
300.000000 0.470000 0.470000 0.470000 0.000000 0.000000 0.000000 -36869.161733 -12.838640
300.000000 0.472000 0.472000 0.472000 0.000000 0.000000 0.000000 -36946.216999 -0.416879
300.000000 0.474000 0.474000 0.474000 0.000000 0.000000 0.000000 -36637.240347 -8.050166
300.000000 0.476000 0.476000 0.476000 0.000000 0.000000 0.000000 -36692.447594 0.660016
300.000000 0.478000 0.478000 0.478000 0.000000 0.000000 0.000000 -36747.691952 1.816290
300.000000 0.480000 0.480000 0.480000 0.000000 0.000000 0.000000 -36915.850191 -8.228772
300.000000 0.482000 0.482000 0.482000 0.000000 0.000000 0.000000 -36885.879157 3.630485
300.000000 0.484000 0.484000 0.484000 0.000000 0.000000 0.000000 -36867.389371 4.661001
300.000000 0.486000 0.486000 0.486000 0.000000 0.000000 0.000000 -36815.186970 -11.703647
300.000000 0.488000 0.488000 0.488000 0.000000 0.000000 0.000000 -36872.341893 9.205610
300.000000 0.490000 0.490000 0.490000 0.000000 0.000000 0.000000 -36839.066272 5.088816
300.000000 0.492000 0.492000 0.492000 0.000000 0.000000 0.000000 -36842.627469 5.591754
300.000000 0.494000 0.494000 0.494000 0.000000 0.000000 0.000000 -36844.512192 -2.100804
300.000000 0.496000 0.496000 0.496000 0.000000 0.000000 0.000000 -36858.124004 5.477491
300.000000 0.498000 0.498000 0.498000 0.000000 0.000000 0.000000 -36959.774583 -5.516073
