300.000000 0.000000 0.000000 0.000000 0.000000 0.000000 0.000000 -28844.107428 811.583558
300.000000 0.002000 0.002000 0.002000 0.000000 0.000000 0.000000 -28920.659303 919.172336
300.000000 0.004000 0.004000 0.004000 0.000000 0.000000 0.000000 -28878.143785 925.939590
300.000000 0.006000 0.006000 0.006000 0.000000 0.000000 0.000000 -28986.954242 768.372424
300.000000 0.008000 0.008000 0.008000 0.000000 0.000000 0.000000 -28935.386338 969.792142
300.000000 0.010000 0.010000 0.010000 0.000000 0.000000 0.000000 -28872.101376 955.613145
300.000000 0.012000 0.012000 0.012000 0.000000 0.000000 0.000000 -28827.802001 797.415854
300.000000 0.014000 0.014000 0.014000 0.000000 0.000000 0.000000 -28864.984774 911.248201
300.000000 0.016000 0.016000 0.016000 0.000000 0.000000 0.000000 -28870.024596 908.173982
300.000000 0.018000 0.018000 0.018000 0.000000 0.000000 0.000000 -28743.717965 826.188336
300.000000 0.020000 0.020000 0.020000 0.000000 0.000000 0.000000 -28629.327840 764.830139
300.000000 0.022000 0.022000 0.022000 0.000000 0.000000 0.000000 -28633.090204 791.722659
300.000000 0.024000 0.024000 0.024000 0.000000 0.000000 0.000000 -28741.279802 720.160085
300.000000 0.026000 0.026000 0.026000 0.000000 0.000000 0.000000 -28572.667124 723.901523
300.000000 0.028000 0.028000 0.028000 0.000000 0.000000 0.000000 -28613.806390 575.405476
300.000000 0.030000 0.030000 0.030000 0.000000 0.000000 0.000000 -28823.548866 89.950157
300.000000 0.032000 0.032000 0.032000 0.000000 0.000000 0.000000 -28797.204955 39.149357
300.000000 0.034000 0.034000 0.034000 0.000000 0.000000 0.000000 -28778.333930 67.367425
300.000000 0.036000 0.036000 0.036000 0.000000 0.000000 0.000000 -28961.812027 42.754629
300.000000 0.038000 0.038000 0.038000 0.000000 0.000000 0.000000 -28960.512943 45.404904
300.000000 0.040000 0.040000 0.040000 0.000000 0.000000 0.000000 -28874.813430 30.627090
300.000000 0.042000 0.042000 0.042000 0.000000 0.000000 0.000000 -28850.354471 60.404910
300.000000 0.044000 0.044000 0.044000 0.000000 0.000000 0.000000 -28773.070212 32.525555
300.000000 0.046000 0.046000 0.046000 0.000000 0.000000 0.000000 -28857.471492 22.827861
300.000000 0.048000 0.048000 0.048000 0.000000 0.000000 0.000000 -28912.231179 19.992618
300.000000 0.050000 0.050000 0.050000 0.000000 0.000000 0.000000 -28701.460076 53.731891
300.000000 0.052000 0.052000 0.052000 0.000000 0.000000 0.000000 -28810.543617 38.621797
300.000000 0.054000 0.054000 0.054000 0.000000 0.000000 0.000000 -28832.465866 45.936952
300.000000 0.056000 0.056000 0.056000 0.000000 0.000000 0.000000 -28712.785597 52.239664
300.000000 0.058000 0.058000 0.058000 0.000000 0.000000 0.000000 -28790.374896 58.954252
300.000000 0.060000 0.060000 0.060000 0.000000 0.000000 0.000000 -28694.014193 19.811859
300.000000 0.062000 0.062000 0.062000 0.000000 0.000000 0.000000 -28735.936044 29.515802
300.000000 0.064000 0.064000 0.064000 0.000000 0.000000 0.000000 -28937.408739 27.390323
300.000000 0.066000 0.066000 0.066000 0.000000 0.000000 0.000000 -28901.026907 13.651273
300.000000 0.068000 0.068000 0.068000 0.000000 0.000000 0.000000 -28847.251902 52.814531
300.000000 0.070000 0.070000 0.070000 0.000000 0.000000 0.000000 -28865.304141 26.367971
300.000000 0.072000 0.072000 0.072000 0.000000 0.000000 0.000000 -28922.142438 2.749349
300.000000 0.074000 0.074000 0.074000 0.000000 0.000000 0.000000 -28903.534713 27.869404
300.000000 0.076000 0.076000 0.076000 0.000000 0.000000 0.000000 -28723.227390 17.569551
300.000000 0.078000 0.078000 0.078000 0.000000 0.000000 0.000000 -28850.457634 21.459657
300.000000 0.080000 0.080000 0.080000 0.000000 0.000000 0.000000 -28932.918730 63.199422
300.000000 0.082000 0.082000 0.082000 0.000000 0.000000 0.000000 -28897.171337 25.754757
300.000000 0.084000 0.084000 0.084000 0.000000 0.000000 0.000000 -28844.859148 44.236439
300.000000 0.086000 0.086000 0.086000 0.000000 0.000000 0.000000 -28715.213246 55.172648
300.000000 0.088000 0.088000 0.088000 0.000000 0.000000 0.000000 -28826.955542 25.941604
300.000000 0.090000 0.090000 0.090000 0.000000 0.000000 0.000000 -28781.464650 33.755197
300.000000 0.092000 0.092000 0.092000 0.000000 0.000000 0.000000 -28939.163498 44.293326
300.000000 0.094000 0.094000 0.094000 0.000000 0.000000 0.000000 -28811.120068 19.239021
300.000000 0.096000 0.096000 0.096000 0.000000 0.000000 0.000000 -28852.021984 32.561944
300.000000 0.098000 0.098000 0.098000 0.000000 0.000000 0.000000 -28868.770562 29.201588
300.000000 0.100000 0.100000 0.100000 0.000000 0.000000 0.000000 -28834.189003 22.328125
300.000000 0.102000 0.102000 0.102000 0.000000 0.000000 0.000000 -28823.970458 16.741841
300.000000 0.104000 0.104000 0.104000 0.000000 0.000000 0.000000 -28890.039863 32.087194
300.000000 0.106000 0.106000 0.106000 0.000000 0.000000 0.000000 -28824.936956 18.332843
300.000000 0.108000 0.108000 0.108000 0.000000 0.000000 0.000000 -28809.199887 15.118455
300.000000 0.110000 0.110000 0.110000 0.000000 0.000000 0.000000 -28771.824295 15.925382
300.000000 0.112000 0.112000 0.112000 0.000000 0.000000 0.000000 -28684.844418 19.245663
300.000000 0.114000 0.114000 0.114000 0.000000 0.000000 0.000000 -28766.744246 32.157036
300.000000 0.116000 0.116000 0.116000 0.000000 0.000000 0.000000 -28710.287916 27.772747
300.000000 0.118000 0.118000 0.118000 0.000000 0.000000 0.000000 -28845.312602 14.850706
300.000000 0.120000 0.120000 0.120000 0.000000 0.000000 0.000000 -28834.077658 31.531530
300.000000 0.122000 0.122000 0.122000 0.000000 0.000000 0.000000 -28805.094404 40.066222
300.000000 0.124000 0.124000 0.124000 0.000000 0.000000 0.000000 -28851.309407 27.547724
300.000000 0.126000 0.126000 0.126000 0.000000 0.000000 0.000000 -28907.096146 14.760415
300.000000 0.128000 0.128000 0.128000 0.000000 0.000000 0.000000 -28788.709993 4.858559
300.000000 0.130000 0.130000 0.130000 0.000000 0.000000 0.000000 -28754.031985 10.800702
300.000000 0.132000 0.132000 0.132000 0.000000 0.000000 0.000000 -28752.244044 17.819630
300.000000 0.134000 0.134000 0.134000 0.000000 0.000000 0.000000 -28836.049211 17.509766
300.000000 0.136000 0.136000 0.136000 0.000000 0.000000 0.000000 -28664.190860 10.957225
300.000000 0.138000 0.138000 0.138000 0.000000 0.000000 0.000000 -28841.628920 11.933971
300.000000 0.140000 0.140000 0.140000 0.000000 0.000000 0.000000 -28841.681531 22.188651
300.000000 0.142000 0.142000 0.142000 0.000000 0.000000 0.000000 -28768.433409 19.849322
300.000000 0.144000 0.144000 0.144000 0.000000 0.000000 0.000000 -28806.003832 19.239403
300.000000 0.146000 0.146000 0.146000 0.000000 0.000000 0.000000 -28769.691576 18.542801
300.000000 0.148000 0.148000 0.148000 0.000000 0.000000 0.000000 -28788.401246 15.140248
300.000000 0.150000 0.150000 0.150000 0.000000 0.000000 0.000000 -28698.128816 20.758757
300.000000 0.152000 0.152000 0.152000 0.000000 0.000000 0.000000 -28769.146970 9.437579
300.000000 0.154000 0.154000 0.154000 0.000000 0.000000 0.000000 -28827.992565 22.008296
300.000000 0.156000 0.156000 0.156000 0.000000 0.000000 0.000000 -28710.653129 13.795907
300.000000 0.158000 0.158000 0.158000 0.000000 0.000000 0.000000 -28809.800666 19.474914
300.000000 0.160000 0.160000 0.160000 0.000000 0.000000 0.000000 -28811.800485 25.740110
300.000000 0.162000 0.162000 0.162000 0.000000 0.000000 0.000000 -28799.259364 11.675754
300.000000 0.164000 0.164000 0.164000 0.000000 0.000000 0.000000 -28745.134043 12.424216
300.000000 0.166000 0.166000 0.166000 0.000000 0.000000 0.000000 -28755.997048 15.262496
300.000000 0.168000 0.168000 0.168000 0.000000 0.000000 0.000000 -28835.482092 5.262957
300.000000 0.170000 0.170000 0.170000 0.000000 0.000000 0.000000 -28777.321116 16.795784
300.000000 0.172000 0.172000 0.172000 0.000000 0.000000 0.000000 -28836.543153 10.399787
300.000000 0.174000 0.174000 0.174000 0.000000 0.000000 0.000000 -28841.493557 11.134010
300.000000 0.176000 0.176000 0.176000 0.000000 0.000000 0.000000 -28710.474495 19.385727
300.000000 0.178000 0.178000 0.178000 0.000000 0.000000 0.000000 -28790.532655 15.971616
300.000000 0.180000 0.180000 0.180000 0.000000 0.000000 0.000000 -28708.666072 25.000934
300.000000 0.182000 0.182000 0.182000 0.000000 0.000000 0.000000 -28839.193505 5.942334
300.000000 0.184000 0.184000 0.184000 0.000000 0.000000 0.000000 -28781.938473 15.794632
300.000000 0.186000 0.186000 0.186000 0.000000 0.000000 0.000000 -28769.739894 26.556556
300.000000 0.188000 0.188000 0.188000 0.000000 0.000000 0.000000 -28832.008067 18.538470
300.000000 0.190000 0.190000 0.190000 0.000000 0.000000 0.000000 -28918.204649 14.481580
300.000000 0.192000 0.192000 0.192000 0.000000 0.000000 0.000000 -28833.530969 18.326620
300.000000 0.194000 0.194000 0.194000 0.000000 0.000000 0.000000 -28856.353383 19.617546
300.000000 0.196000 0.196000 0.196000 0.000000 0.000000 0.000000 -28793.500049 17.959701
300.000000 0.198000 0.198000 0.198000 0.000000 0.000000 0.000000 -28753.869011 11.084952
300.000000 0.200000 0.200000 0.200000 0.000000 0.000000 0.000000 -28725.200569 21.548608
300.000000 0.202000 0.202000 0.202000 0.000000 0.000000 0.000000 -28765.916379 21.655098
300.000000 0.204000 0.204000 0.204000 0.000000 0.000000 0.000000 -28767.567250 17.672207
300.000000 0.206000 0.206000 0.206000 0.000000 0.000000 0.000000 -28751.263577 2.689630
300.000000 0.208000 0.208000 0.208000 0.000000 0.000000 0.000000 -28807.594076 21.203654
300.000000 0.210000 0.210000 0.210000 0.000000 0.000000 0.000000 -28760.466463 1.513664
300.000000 0.212000 0.212000 0.212000 0.000000 0.000000 0.000000 -28666.542623 12.867641
300.000000 0.214000 0.214000 0.214000 0.000000 0.000000 0.000000 -28766.660721 6.299601
300.000000 0.216000 0.216000 0.216000 0.000000 0.000000 0.000000 -28584.597246 11.476927
300.000000 0.218000 0.218000 0.218000 0.000000 0.000000 0.000000 -28793.588912 7.202153
300.000000 0.220000 0.220000 0.220000 0.000000 0.000000 0.000000 -28806.560596 8.904548
300.000000 0.222000 0.222000 0.222000 0.000000 0.000000 0.000000 -28785.521545 10.861710
300.000000 0.224000 0.224000 0.224000 0.000000 0.000000 0.000000 -28861.105511 10.131443
300.000000 0.226000 0.226000 0.226000 0.000000 0.000000 0.000000 -28661.739832 6.851216
300.000000 0.228000 0.228000 0.228000 0.000000 0.000000 0.000000 -28795.608612 18.366660
300.000000 0.230000 0.230000 0.230000 0.000000 0.000000 0.000000 -28705.110024 30.991206
300.000000 0.232000 0.232000 0.232000 0.000000 0.000000 0.000000 -28681.426123 3.001900
300.000000 0.234000 0.234000 0.234000 0.000000 0.000000 0.000000 -28726.286571 28.339634
300.000000 0.236000 0.236000 0.236000 0.000000 0.000000 0.000000 -28873.280810 16.541116
300.000000 0.238000 0.238000 0.238000 0.000000 0.000000 0.000000 -28679.835346 6.148043
300.000000 0.240000 0.240000 0.240000 0.000000 0.000000 0.000000 -28680.355555 4.458018
300.000000 0.242000 0.242000 0.242000 0.000000 0.000000 0.000000 -28654.345582 8.724749
300.000000 0.244000 0.244000 0.244000 0.000000 0.000000 0.000000 -28738.485816 13.218365
300.000000 0.246000 0.246000 0.246000 0.000000 0.000000 0.000000 -28670.014306 8.832774
300.000000 0.248000 0.248000 0.248000 0.000000 0.000000 0.000000 -28693.588299 9.920251
300.000000 0.250000 0.250000 0.250000 0.000000 0.000000 0.000000 -28743.053179 3.644459
300.000000 0.252000 0.252000 0.252000 0.000000 0.000000 0.000000 -28664.837481 0.788136
300.000000 0.254000 0.254000 0.254000 0.000000 0.000000 0.000000 -28730.171457 4.169612
300.000000 0.256000 0.256000 0.256000 0.000000 0.000000 0.000000 -28635.311376 9.396808
300.000000 0.258000 0.258000 0.258000 0.000000 0.000000 0.000000 -28689.306108 -0.141287
300.000000 0.260000 0.260000 0.260000 0.000000 0.000000 0.000000 -28819.504216 -0.526014
300.000000 0.262000 0.262000 0.262000 0.000000 0.000000 0.000000 -28666.897712 6.374599
300.000000 0.264000 0.264000 0.264000 0.000000 0.000000 0.000000 -28799.320178 -5.735125
300.000000 0.266000 0.266000 0.266000 0.000000 0.000000 0.000000 -28818.109226 8.330606
300.000000 0.268000 0.268000 0.268000 0.000000 0.000000 0.000000 -28859.068072 16.931190
300.000000 0.270000 0.270000 0.270000 0.000000 0.000000 0.000000 -28927.399328 -3.746367
300.000000 0.272000 0.272000 0.272000 0.000000 0.000000 0.000000 -28858.844119 8.810917
300.000000 0.274000 0.274000 0.274000 0.000000 0.000000 0.000000 -28802.167316 -0.699723
300.000000 0.276000 0.276000 0.276000 0.000000 0.000000 0.000000 -28800.937243 4.571833
300.000000 0.278000 0.278000 0.278000 0.000000 0.000000 0.000000 -28767.951474 9.298248
300.000000 0.280000 0.280000 0.280000 0.000000 0.000000 0.000000 -28810.433307 10.030646
300.000000 0.282000 0.282000 0.282000 0.000000 0.000000 0.000000 -28802.380791 2.674385
300.000000 0.284000 0.284000 0.284000 0.000000 0.000000 0.000000 -28683.767753 0.583731
300.000000 0.286000 0.286000 0.286000 0.000000 0.000000 0.000000 -28739.614844 1.164727
300.000000 0.288000 0.288000 0.288000 0.000000 0.000000 0.000000 -28718.925568 8.645672
300.000000 0.290000 0.290000 0.290000 0.000000 0.000000 0.000000 -28715.377653 -4.174904
300.000000 0.292000 0.292000 0.292000 0.000000 0.000000 0.000000 -28758.997623 8.172984
300.000000 0.294000 0.294000 0.294000 0.000000 0.000000 0.000000 -28826.984381 -1.118118
300.000000 0.296000 0.296000 0.296000 0.000000 0.000000 0.000000 -28776.867863 10.863921
300.000000 0.298000 0.298000 0.298000 0.000000 0.000000 0.000000 -28705.595157 3.687808
300.000000 0.300000 0.300000 0.300000 0.000000 0.000000 0.000000 -28774.786655 4.607330
300.000000 0.302000 0.302000 0.302000 0.000000 0.000000 0.000000 -28857.157913 4.295324
300.000000 0.304000 0.304000 0.304000 0.000000 0.000000 0.000000 -28851.714003 -1.132425
300.000000 0.306000 0.306000 0.306000 0.000000 0.000000 0.000000 -28798.957497 9.692217
300.000000 0.308000 0.308000 0.308000 0.000000 0.000000 0.000000 -28955.761173 11.655712
300.000000 0.310000 0.310000 0.310000 0.000000 0.000000 0.000000 -28902.567909 12.195926
300.000000 0.312000 0.312000 0.312000 0.000000 0.000000 0.000000 -28915.422552 10.534575
300.000000 0.314000 0.314000 0.314000 0.000000 0.000000 0.000000 -28753.033304 4.364337
300.000000 0.316000 0.316000 0.316000 0.000000 0.000000 0.000000 -28877.032085 12.167500
300.000000 0.318000 0.318000 0.318000 0.000000 0.000000 0.000000 -28776.492039 9.279001
300.000000 0.320000 0.320000 0.320000 0.000000 0.000000 0.000000 -28895.426100 3.883024
300.000000 0.322000 0.322000 0.322000 0.000000 0.000000 0.000000 -28840.117175 7.450589
300.000000 0.324000 0.324000 0.324000 0.000000 0.000000 0.000000 -28769.852699 2.093163
300.000000 0.326000 0.326000 0.326000 0.000000 0.000000 0.000000 -28737.986803 0.599667
300.000000 0.328000 0.328000 0.328000 0.000000 0.000000 0.000000 -28741.803594 6.824152
300.000000 0.330000 0.330000 0.330000 0.000000 0.000000 0.000000 -28854.449411 10.095644
300.000000 0.332000 0.332000 0.332000 0.000000 0.000000 0.000000 -28794.392956 5.390939
300.000000 0.334000 0.334000 0.334000 0.000000 0.000000 0.000000 -28781.283233 1.085790
300.000000 0.336000 0.336000 0.336000 0.000000 0.000000 0.000000 -28715.789519 -0.307223
300.000000 0.338000 0.338000 0.338000 0.000000 0.000000 0.000000 -28968.225019 2.222048
300.000000 0.340000 0.340000 0.340000 0.000000 0.000000 0.000000 -28942.222555 10.127277
300.000000 0.342000 0.342000 0.342000 0.000000 0.000000 0.000000 -28948.427546 1.094522
300.000000 0.344000 0.344000 0.344000 0.000000 0.000000 0.000000 -28793.102493 4.826957
300.000000 0.346000 0.346000 0.346000 0.000000 0.000000 0.000000 -28769.685350 3.243274
300.000000 0.348000 0.348000 0.348000 0.000000 0.000000 0.000000 -28820.976653 -0.998684
300.000000 0.350000 0.350000 0.350000 0.000000 0.000000 0.000000 -28842.137565 -6.616691
300.000000 0.352000 0.352000 0.352000 0.000000 0.000000 0.000000 -28895.278520 2.568116
300.000000 0.354000 0.354000 0.354000 0.000000 0.000000 0.000000 -28880.216117 -1.191652
300.000000 0.356000 0.356000 0.356000 0.000000 0.000000 0.000000 -28856.924843 4.609976
300.000000 0.358000 0.358000 0.358000 0.000000 0.000000 0.000000 -28866.981549 12.520696
300.000000 0.360000 0.360000 0.360000 0.000000 0.000000 0.000000 -28866.047952 5.470464
300.000000 0.362000 0.362000 0.362000 0.000000 0.000000 0.000000 -28840.052046 16.062806
300.000000 0.364000 0.364000 0.364000 0.000000 0.000000 0.000000 -28793.748845 9.732855
300.000000 0.366000 0.366000 0.366000 0.000000 0.000000 0.000000 -28734.569000 5.807342
300.000000 0.368000 0.368000 0.368000 0.000000 0.000000 0.000000 -28753.731626 6.679956
300.000000 0.370000 0.370000 0.370000 0.000000 0.000000 0.000000 -28912.494847 2.616549
300.000000 0.372000 0.372000 0.372000 0.000000 0.000000 0.000000 -28866.850408 7.950431
300.000000 0.374000 0.374000 0.374000 0.000000 0.000000 0.000000 -28895.309345 -0.787352
300.000000 0.376000 0.376000 0.376000 0.000000 0.000000 0.000000 -28833.854546 0.251229
300.000000 0.378000 0.378000 0.378000 0.000000 0.000000 0.000000 -28930.804619 0.506263
300.000000 0.380000 0.380000 0.380000 0.000000 0.000000 0.000000 -28938.419072 7.870478
300.000000 0.382000 0.382000 0.382000 0.000000 0.000000 0.000000 -28874.387097 0.542997
300.000000 0.384000 0.384000 0.384000 0.000000 0.000000 0.000000 -28877.312138 7.990013
300.000000 0.386000 0.386000 0.386000 0.000000 0.000000 0.000000 -28932.668463 13.390893
300.000000 0.388000 0.388000 0.388000 0.000000 0.000000 0.000000 -28951.510971 2.342322
300.000000 0.390000 0.390000 0.390000 0.000000 0.000000 0.000000 -28735.441082 -6.095764
300.000000 0.392000 0.392000 0.392000 0.000000 0.000000 0.000000 -28770.470586 0.299250
300.000000 0.394000 0.394000 0.394000 0.000000 0.000000 0.000000 -28796.972089 5.108882
300.000000 0.396000 0.396000 0.396000 0.000000 0.000000 0.000000 -28779.260930 -4.921397
300.000000 0.398000 0.398000 0.398000 0.000000 0.000000 0.000000 -28813.276498 0.766276
300.000000 0.400000 0.400000 0.400000 0.000000 0.000000 0.000000 -28753.718288 1.227029
300.000000 0.402000 0.402000 0.402000 0.000000 0.000000 0.000000 -28722.924580 1.849970
300.000000 0.404000 0.404000 0.404000 0.000000 0.000000 0.000000 -28786.777358 0.445879
300.000000 0.406000 0.406000 0.406000 0.000000 0.000000 0.000000 -28827.836496 -4.113012
300.000000 0.408000 0.408000 0.408000 0.000000 0.000000 0.000000 -28844.297909 -3.593095
300.000000 0.410000 0.410000 0.410000 0.000000 0.000000 0.000000 -28911.328131 -6.305846
300.000000 0.412000 0.412000 0.412000 0.000000 0.000000 0.000000 -28889.403242 -2.652531
300.000000 0.414000 0.414000 0.414000 0.000000 0.000000 0.000000 -28846.631147 5.025566
300.000000 0.416000 0.416000 0.416000 0.000000 0.000000 0.000000 -28887.601632 -3.623931
300.000000 0.418000 0.418000 0.418000 0.000000 0.000000 0.000000 -28965.678243 2.309385
300.000000 0.420000 0.420000 0.420000 0.000000 0.000000 0.000000 -28864.462304 -0.151016
300.000000 0.422000 0.422000 0.422000 0.000000 0.000000 0.000000 -28928.658086 -6.532084
300.000000 0.424000 0.424000 0.424000 0.000000 0.000000 0.000000 -29011.811505 6.719862
300.000000 0.426000 0.426000 0.426000 0.000000 0.000000 0.000000 -28985.366176 -0.233531
300.000000 0.428000 0.428000 0.428000 0.000000 0.000000 0.000000 -28958.124125 0.740726
300.000000 0.430000 0.430000 0.430000 0.000000 0.000000 0.000000 -28910.611404 0.160825
300.000000 0.432000 0.432000 0.432000 0.000000 0.000000 0.000000 -28911.297178 -1.791591
300.000000 0.434000 0.434000 0.434000 0.000000 0.000000 0.000000 -28877.306409 6.274729
300.000000 0.436000 0.436000 0.436000 0.000000 0.000000 0.000000 -28971.732963 -4.964696
300.000000 0.438000 0.438000 0.438000 0.000000 0.000000 0.000000 -28996.133065 -5.976243
300.000000 0.440000 0.440000 0.440000 0.000000 0.000000 0.000000 -28833.105980 10.596576
300.000000 0.442000 0.442000 0.442000 0.000000 0.000000 0.000000 -28813.131322 -3.877835
300.000000 0.444000 0.444000 0.444000 0.000000 0.000000 0.000000 -28837.142288 3.639523
300.000000 0.446000 0.446000 0.446000 0.000000 0.000000 0.000000 -28791.281465 -6.055865
300.000000 0.448000 0.448000 0.448000 0.000000 0.000000 0.000000 -28844.847054 -3.362505
300.000000 0.450000 0.450000 0.450000 0.000000 0.000000 0.000000 -28795.760147 4.692395
300.000000 0.452000 0.452000 0.452000 0.000000 0.000000 0.000000 -28799.087099 4.882902
300.000000 0.454000 0.454000 0.454000 0.000000 0.000000 0.000000 -28855.718771 -4.329537
300.000000 0.456000 0.456000 0.456000 0.000000 0.000000 0.000000 -28821.786963 -0.171405
300.000000 0.458000 0.458000 0.458000 0.000000 0.000000 0.000000 -28713.801327 3.114960
300.000000 0.460000 0.460000 0.460000 0.000000 0.000000 0.000000 -28656.043717 -0.303336
300.000000 0.462000 0.462000 0.462000 0.000000 0.000000 0.000000 -28719.029719 -7.204887
300.000000 0.464000 0.464000 0.464000 0.000000 0.000000 0.000000 -28659.614231 5.742192
300.000000 0.466000 0.466000 0.466000 0.000000 0.000000 0.000000 -28604.320103 -5.033889
300.000000 0.468000 0.468000 0.468000 0.000000 0.000000 0.000000 -28717.364010 8.218687
300.000000 0.470000 0.470000 0.470000 0.000000 0.000000 0.000000 -28683.400877 -2.420185
300.000000 0.472000 0.472000 0.472000 0.000000 0.000000 0.000000 -28664.256912 -4.796363
300.000000 0.474000 0.474000 0.474000 0.000000 0.000000 0.000000 -28729.313719 -3.631514
300.000000 0.476000 0.476000 0.476000 0.000000 0.000000 0.000000 -28710.685404 -4.859720
300.000000 0.478000 0.478000 0.478000 0.000000 0.000000 0.000000 -28672.518231 0.423990
300.000000 0.480000 0.480000 0.480000 0.000000 0.000000 0.000000 -28783.892002 -9.217928
300.000000 0.482000 0.482000 0.482000 0.000000 0.000000 0.000000 -28884.635866 3.198832
300.000000 0.484000 0.484000 0.484000 0.000000 0.000000 0.000000 -28839.615185 -10.530698
300.000000 0.486000 0.486000 0.486000 0.000000 0.000000 0.000000 -28742.176516 -0.882481
300.000000 0.488000 0.488000 0.488000 0.000000 0.000000 0.000000 -28814.800965 3.337237
300.000000 0.490000 0.490000 0.490000 0.000000 0.000000 0.000000 -28837.400176 0.483694
300.000000 0.492000 0.492000 0.492000 0.000000 0.000000 0.000000 -28840.214854 2.159654
300.000000 0.494000 0.494000 0.494000 0.000000 0.000000 0.000000 -28791.653892 -6.971601
300.000000 0.496000 0.496000 0.496000 0.000000 0.000000 0.000000 -28782.549152 -4.932118
300.000000 0.498000 0.498000 0.498000 0.000000 0.000000 0.000000 -28830.709193 8.421498
