300.000000 0.000000 0.000000 0.000000 0.000000 0.000000 0.000000 -12746.107563 942.632686
300.000000 0.002000 0.002000 0.002000 0.000000 0.000000 0.000000 -12797.750299 701.645963
300.000000 0.004000 0.004000 0.004000 0.000000 0.000000 0.000000 -12719.215996 796.238155
300.000000 0.006000 0.006000 0.006000 0.000000 0.000000 0.000000 -12871.502324 766.736855
300.000000 0.008000 0.008000 0.008000 0.000000 0.000000 0.000000 -12852.667285 823.331312
300.000000 0.010000 0.010000 0.010000 0.000000 0.000000 0.000000 -12761.000142 911.099936
300.000000 0.012000 0.012000 0.012000 0.000000 0.000000 0.000000 -12758.943552 830.809626
300.000000 0.014000 0.014000 0.014000 0.000000 0.000000 0.000000 -12818.685772 973.474237
300.000000 0.016000 0.016000 0.016000 0.000000 0.000000 0.000000 -12755.275356 948.303134
300.000000 0.018000 0.018000 0.018000 0.000000 0.000000 0.000000 -12723.303642 807.526737
300.000000 0.020000 0.020000 0.020000 0.000000 0.000000 0.000000 -12739.921362 725.185736
300.000000 0.022000 0.022000 0.022000 0.000000 0.000000 0.000000 -12768.401231 971.503512
300.000000 0.024000 0.024000 0.024000 0.000000 0.000000 0.000000 -12757.567081 787.727433
300.000000 0.026000 0.026000 0.026000 0.000000 0.000000 0.000000 -12646.165579 785.856032
300.000000 0.028000 0.028000 0.028000 0.000000 0.000000 0.000000 -12706.096427 789.225879
300.000000 0.030000 0.030000 0.030000 0.000000 0.000000 0.000000 -12732.630737 721.306644
300.000000 0.032000 0.032000 0.032000 0.000000 0.000000 0.000000 -12755.566557 780.745529
300.000000 0.034000 0.034000 0.034000 0.000000 0.000000 0.000000 -12681.154970 749.907397
300.000000 0.036000 0.036000 0.036000 0.000000 0.000000 0.000000 -12719.655653 739.004942
300.000000 0.038000 0.038000 0.038000 0.000000 0.000000 0.000000 -12679.319333 711.408988
300.000000 0.040000 0.040000 0.040000 0.000000 0.000000 0.000000 -12725.100229 721.166178
300.000000 0.042000 0.042000 0.042000 0.000000 0.000000 0.000000 -12700.241766 809.504424
300.000000 0.044000 0.044000 0.044000 0.000000 0.000000 0.000000 -12606.429007 774.395694
300.000000 0.046000 0.046000 0.046000 0.000000 0.000000 0.000000 -12632.597929 704.273826
300.000000 0.048000 0.048000 0.048000 0.000000 0.000000 0.000000 -12678.930120 771.456221
300.000000 0.050000 0.050000 0.050000 0.000000 0.000000 0.000000 -12628.736270 703.462612
300.000000 0.052000 0.052000 0.052000 0.000000 0.000000 0.000000 -12717.181070 684.096615
300.000000 0.054000 0.054000 0.054000 0.000000 0.000000 0.000000 -12698.069024 44.189920
300.000000 0.056000 0.056000 0.056000 0.000000 0.000000 0.000000 -12743.537662 64.535283
300.000000 0.058000 0.058000 0.058000 0.000000 0.000000 0.000000 -12678.293855 57.633993
300.000000 0.060000 0.060000 0.060000 0.000000 0.000000 0.000000 -12764.553712 33.625120
300.000000 0.062000 0.062000 0.062000 0.000000 0.000000 0.000000 -12705.022706 38.980342
300.000000 0.064000 0.064000 0.064000 0.000000 0.000000 0.000000 -12682.909847 38.666647
300.000000 0.066000 0.066000 0.066000 0.000000 0.000000 0.000000 -12739.235426 55.531489
300.000000 0.068000 0.068000 0.068000 0.000000 0.000000 0.000000 -12776.650227 39.865410
300.000000 0.070000 0.070000 0.070000 0.000000 0.000000 0.000000 -12732.293972 26.339179
300.000000 0.072000 0.072000 0.072000 0.000000 0.000000 0.000000 -12805.680566 34.730521
300.000000 0.074000 0.074000 0.074000 0.000000 0.000000 0.000000 -12774.449721 34.110600
300.000000 0.076000 0.076000 0.076000 0.000000 0.000000 0.000000 -12752.320921 25.439173
300.000000 0.078000 0.078000 0.078000 0.000000 0.000000 0.000000 -12807.727854 31.085684
300.000000 0.080000 0.080000 0.080000 0.000000 0.000000 0.000000 -12779.489700 63.926565
300.000000 0.082000 0.082000 0.082000 0.000000 0.000000 0.000000 -12782.615466 54.474636
300.000000 0.084000 0.084000 0.084000 0.000000 0.000000 0.000000 -12676.872662 37.736765
300.000000 0.086000 0.086000 0.086000 0.000000 0.000000 0.000000 -12715.262480 37.516432
300.000000 0.088000 0.088000 0.088000 0.000000 0.000000 0.000000 -12686.101188 54.138534
300.000000 0.090000 0.090000 0.090000 0.000000 0.000000 0.000000 -12701.242846 41.340523
300.000000 0.092000 0.092000 0.092000 0.000000 0.000000 0.000000 -12737.675901 75.480999
300.000000 0.094000 0.094000 0.094000 0.000000 0.000000 0.000000 -12735.041456 40.664585
300.000000 0.096000 0.096000 0.096000 0.000000 0.000000 0.000000 -12675.792517 32.336729
300.000000 0.098000 0.098000 0.098000 0.000000 0.000000 0.000000 -12769.027096 46.172921
300.000000 0.100000 0.100000 0.100000 0.000000 0.000000 0.000000 -12773.531292 32.878227
300.000000 0.102000 0.102000 0.102000 0.000000 0.000000 0.000000 -12726.930215 53.843511
300.000000 0.104000 0.104000 0.104000 0.000000 0.000000 0.000000 -12743.659276 40.317280
300.000000 0.106000 0.106000 0.106000 0.000000 0.000000 0.000000 -12738.507413 33.371176
300.000000 0.108000 0.108000 0.108000 0.000000 0.000000 0.000000 -12659.041177 39.764579
300.000000 0.110000 0.110000 0.110000 0.000000 0.000000 0.000000 -12706.592160 32.486108
300.000000 0.112000 0.112000 0.112000 0.000000 0.000000 0.000000 -12704.942082 30.880288
300.000000 0.114000 0.114000 0.114000 0.000000 0.000000 0.000000 -12688.173041 45.818147
300.000000 0.116000 0.116000 0.116000 0.000000 0.000000 0.000000 -12788.322262 42.188247
300.000000 0.118000 0.118000 0.118000 0.000000 0.000000 0.000000 -12712.754300 47.293260
300.000000 0.120000 0.120000 0.120000 0.000000 0.000000 0.000000 -12754.260236 31.716808
300.000000 0.122000 0.122000 0.122000 0.000000 0.000000 0.000000 -12726.883300 31.354565
300.000000 0.124000 0.124000 0.124000 0.000000 0.000000 0.000000 -12787.659528 29.502271
300.000000 0.126000 0.126000 0.126000 0.000000 0.000000 0.000000 -12742.335281 28.292304
300.000000 0.128000 0.128000 0.128000 0.000000 0.000000 0.000000 -12681.561918 34.924713
300.000000 0.130000 0.130000 0.130000 0.000000 0.000000 0.000000 -12643.424576 56.659297
300.000000 0.132000 0.132000 0.132000 0.000000 0.000000 0.000000 -12773.569454 52.114454
300.000000 0.134000 0.134000 0.134000 0.000000 0.000000 0.000000 -12750.668343 30.054971
300.000000 0.136000 0.136000 0.136000 0.000000 0.000000 0.000000 -12744.289532 35.066623
300.000000 0.138000 0.138000 0.138000 0.000000 0.000000 0.000000 -12700.949428 26.970304
300.000000 0.140000 0.140000 0.140000 0.000000 0.000000 0.000000 -12783.166076 57.869264
300.000000 0.142000 0.142000 0.142000 0.000000 0.000000 0.000000 -12765.927526 20.121295
300.000000 0.144000 0.144000 0.144000 0.000000 0.000000 0.000000 -12679.588034 29.864514
300.000000 0.146000 0.146000 0.146000 0.000000 0.000000 0.000000 -12730.549571 29.166169
300.000000 0.148000 0.148000 0.148000 0.000000 0.000000 0.000000 -12808.862569 18.164436
300.000000 0.150000 0.150000 0.150000 0.000000 0.000000 0.000000 -12872.265189 30.099785
300.000000 0.152000 0.152000 0.152000 0.000000 0.000000 0.000000 -12763.239236 34.390685
300.000000 0.154000 0.154000 0.154000 0.000000 0.000000 0.000000 -12735.432765 39.338850
300.000000 0.156000 0.156000 0.156000 0.000000 0.000000 0.000000 -12632.795829 24.173190
300.000000 0.158000 0.158000 0.158000 0.000000 0.000000 0.000000 -12678.298994 34.009769
300.000000 0.160000 0.160000 0.160000 0.000000 0.000000 0.000000 -12668.529085 20.487273
300.000000 0.162000 0.162000 0.162000 0.000000 0.000000 0.000000 -12698.933853 64.710803
300.000000 0.164000 0.164000 0.164000 0.000000 0.000000 0.000000 -12636.780555 30.768254
300.000000 0.166000 0.166000 0.166000 0.000000 0.000000 0.000000 -12666.571085 26.809722
300.000000 0.168000 0.168000 0.168000 0.000000 0.000000 0.000000 -12742.936983 28.172801
300.000000 0.170000 0.170000 0.170000 0.000000 0.000000 0.000000 -12772.559779 43.372072
300.000000 0.172000 0.172000 0.172000 0.000000 0.000000 0.000000 -12734.280308 26.040422
300.000000 0.174000 0.174000 0.174000 0.000000 0.000000 0.000000 -12817.443385 34.555001
300.000000 0.176000 0.176000 0.176000 0.000000 0.000000 0.000000 -12767.842436 31.757887
300.000000 0.178000 0.178000 0.178000 0.000000 0.000000 0.000000 -12758.909086 27.306405
300.000000 0.180000 0.180000 0.180000 0.000000 0.000000 0.000000 -12810.634454 33.811843
300.000000 0.182000 0.182000 0.182000 0.000000 0.000000 0.000000 -12786.752061 29.674056
300.000000 0.184000 0.184000 0.184000 0.000000 0.000000 0.000000 -12761.813259 32.937978
300.000000 0.186000 0.186000 0.186000 0.000000 0.000000 0.000000 -12712.069357 24.367382
300.000000 0.188000 0.188000 0.188000 0.000000 0.000000 0.000000 -12671.459228 26.559512
300.000000 0.190000 0.190000 0.190000 0.000000 0.000000 0.000000 -12644.881323 33.535492
300.000000 0.192000 0.192000 0.192000 0.000000 0.000000 0.000000 -12752.825830 34.259978
300.000000 0.194000 0.194000 0.194000 0.000000 0.000000 0.000000 -12787.347989 43.771660
300.000000 0.196000 0.196000 0.196000 0.000000 0.000000 0.000000 -12756.743750 25.513862
300.000000 0.198000 0.198000 0.198000 0.000000 0.000000 0.000000 -12669.029328 39.264161
300.000000 0.200000 0.200000 0.200000 0.000000 0.000000 0.000000 -12748.378900 27.717196
300.000000 0.202000 0.202000 0.202000 0.000000 0.000000 0.000000 -12716.612427 27.179434
300.000000 0.204000 0.204000 0.204000 0.000000 0.000000 0.000000 -12729.888501 27.164496
300.000000 0.206000 0.206000 0.206000 0.000000 0.000000 0.000000 -12779.074848 38.334279
300.000000 0.208000 0.208000 0.208000 0.000000 0.000000 0.000000 -12792.005793 25.196433
300.000000 0.210000 0.210000 0.210000 0.000000 0.000000 0.000000 -12742.553635 29.375299
300.000000 0.212000 0.212000 0.212000 0.000000 0.000000 0.000000 -12717.351918 26.667812
300.000000 0.214000 0.214000 0.214000 0.000000 0.000000 0.000000 -12655.769605 30.129661
300.000000 0.216000 0.216000 0.216000 0.000000 0.000000 0.000000 -12675.893809 38.151291
300.000000 0.218000 0.218000 0.218000 0.000000 0.000000 0.000000 -12668.415376 19.617143
300.000000 0.220000 0.220000 0.220000 0.000000 0.000000 0.000000 -12812.133072 24.905145
300.000000 0.222000 0.222000 0.222000 0.000000 0.000000 0.000000 -12786.050716 26.548309
300.000000 0.224000 0.224000 0.224000 0.000000 0.000000 0.000000 -12770.592357 25.200167
300.000000 0.226000 0.226000 0.226000 0.000000 0.000000 0.000000 -12747.505759 29.102683
300.000000 0.228000 0.228000 0.228000 0.000000 0.000000 0.000000 -12851.054415 18.332487
300.000000 0.230000 0.230000 0.230000 0.000000 0.000000 0.000000 -12779.948565 24.176924
300.000000 0.232000 0.232000 0.232000 0.000000 0.000000 0.000000 -12754.278189 20.789765
300.000000 0.234000 0.234000 0.234000 0.000000 0.000000 0.000000 -12714.302640 32.896899
300.000000 0.236000 0.236000 0.236000 0.000000 0.000000 0.000000 -12752.297029 14.022915
300.000000 0.238000 0.238000 0.238000 0.000000 0.000000 0.000000 -12798.557913 17.525842
300.000000 0.240000 0.240000 0.240000 0.000000 0.000000 0.000000 -12756.213710 27.821761
300.000000 0.242000 0.242000 0.242000 0.000000 0.000000 0.000000 -12806.606969 19.210086
300.000000 0.244000 0.244000 0.244000 0.000000 0.000000 0.000000 -12816.870195 23.011771
300.000000 0.246000 0.246000 0.246000 0.000000 0.000000 0.000000 -12722.181567 18.242860
300.000000 0.248000 0.248000 0.248000 0.000000 0.000000 0.000000 -12773.050812 26.092704
300.000000 0.250000 0.250000 0.250000 0.000000 0.000000 0.000000 -12731.712194 14.766073
300.000000 0.252000 0.252000 0.252000 0.000000 0.000000 0.000000 -12611.152656 24.882738
300.000000 0.254000 0.254000 0.254000 0.000000 0.000000 0.000000 -12726.543533 33.315159
300.000000 0.256000 0.256000 0.256000 0.000000 0.000000 0.000000 -12676.125204 21.226697
300.000000 0.258000 0.258000 0.258000 0.000000 0.000000 0.000000 -12735.758324 26.697688
300.000000 0.260000 0.260000 0.260000 0.000000 0.000000 0.000000 -12823.898030 20.569431
300.000000 0.262000 0.262000 0.262000 0.000000 0.000000 0.000000 -12764.779882 19.830007
300.000000 0.264000 0.264000 0.264000 0.000000 0.000000 0.000000 -12783.709206 16.170232
300.000000 0.266000 0.266000 0.266000 0.000000 0.000000 0.000000 -12694.718573 24.079828
300.000000 0.268000 0.268000 0.268000 0.000000 0.000000 0.000000 -12813.455912 21.267776
300.000000 0.270000 0.270000 0.270000 0.000000 0.000000 0.000000 -12791.703027 32.710176
300.000000 0.272000 0.272000 0.272000 0.000000 0.000000 0.000000 -12788.919535 30.491904
300.000000 0.274000 0.274000 0.274000 0.000000 0.000000 0.000000 -12769.249903 22.081889
300.000000 0.276000 0.276000 0.276000 0.000000 0.000000 0.000000 -12769.135783 21.088522
300.000000 0.278000 0.278000 0.278000 0.000000 0.000000 0.000000 -12724.172454 27.388564
300.000000 0.280000 0.280000 0.280000 0.000000 0.000000 0.000000 -12716.321108 21.391013
300.000000 0.282000 0.282000 0.282000 0.000000 0.000000 0.000000 -12777.335151 16.812560
300.000000 0.284000 0.284000 0.284000 0.000000 0.000000 0.000000 -12805.334727 17.182272
300.000000 0.286000 0.286000 0.286000 0.000000 0.000000 0.000000 -12770.597937 22.317161
300.000000 0.288000 0.288000 0.288000 0.000000 0.000000 0.000000 -12713.091049 32.295650
300.000000 0.290000 0.290000 0.290000 0.000000 0.000000 0.000000 -12732.404438 23.064054
300.000000 0.292000 0.292000 0.292000 0.000000 0.000000 0.000000 -12734.155720 25.648303
300.000000 0.294000 0.294000 0.294000 0.000000 0.000000 0.000000 -12736.661616 15.714627
300.000000 0.296000 0.296000 0.296000 0.000000 0.000000 0.000000 -12722.829099 10.669365
300.000000 0.298000 0.298000 0.298000 0.000000 0.000000 0.000000 -12807.424655 10.310857
300.000000 0.300000 0.300000 0.300000 0.000000 0.000000 0.000000 -12778.889388 19.299713
300.000000 0.302000 0.302000 0.302000 0.000000 0.000000 0.000000 -12733.620936 26.111377
300.000000 0.304000 0.304000 0.304000 0.000000 0.000000 0.000000 -12817.516752 9.627450
300.000000 0.306000 0.306000 0.306000 0.000000 0.000000 0.000000 -12847.466269 14.795949
300.000000 0.308000 0.308000 0.308000 0.000000 0.000000 0.000000 -12817.379405 19.643284
300.000000 0.310000 0.310000 0.310000 0.000000 0.000000 0.000000 -12790.868848 21.458234
300.000000 0.312000 0.312000 0.312000 0.000000 0.000000 0.000000 -12740.531501 9.694670
300.000000 0.314000 0.314000 0.314000 0.000000 0.000000 0.000000 -12842.673989 19.471499
300.000000 0.316000 0.316000 0.316000 0.000000 0.000000 0.000000 -12858.647865 18.007588
300.000000 0.318000 0.318000 0.318000 0.000000 0.000000 0.000000 -12681.399037 18.634978
300.000000 0.320000 0.320000 0.320000 0.000000 0.000000 0.000000 -12769.519133 11.225801
300.000000 0.322000 0.322000 0.322000 0.000000 0.000000 0.000000 -12737.176903 17.649080
300.000000 0.324000 0.324000 0.324000 0.000000 0.000000 0.000000 -12623.829245 21.010098
300.000000 0.326000 0.326000 0.326000 0.000000 0.000000 0.000000 -12693.314628 22.205127
300.000000 0.328000 0.328000 0.328000 0.000000 0.000000 0.000000 -12716.310933 26.891880
300.000000 0.330000 0.330000 0.330000 0.000000 0.000000 0.000000 -12720.879130 20.233329
300.000000 0.332000 0.332000 0.332000 0.000000 0.000000 0.000000 -12734.381727 15.042424
300.000000 0.334000 0.334000 0.334000 0.000000 0.000000 0.000000 -12731.602476 22.208861
300.000000 0.336000 0.336000 0.336000 0.000000 0.000000 0.000000 -12715.747327 26.634202
300.000000 0.338000 0.338000 0.338000 0.000000 0.000000 0.000000 -12678.890197 26.215942
300.000000 0.340000 0.340000 0.340000 0.000000 0.000000 0.000000 -12634.640679 21.854087
300.000000 0.342000 0.342000 0.342000 0.000000 0.000000 0.000000 -12686.399819 22.122968
300.000000 0.344000 0.344000 0.344000 0.000000 0.000000 0.000000 -12685.099575 15.968571
300.000000 0.346000 0.346000 0.346000 0.000000 0.000000 0.000000 -12647.796306 23.840822
300.000000 0.348000 0.348000 0.348000 0.000000 0.000000 0.000000 -12751.352621 22.612183
300.000000 0.350000 0.350000 0.350000 0.000000 0.000000 0.000000 -12675.826701 15.393463
300.000000 0.352000 0.352000 0.352000 0.000000 0.000000 0.000000 -12721.514964 15.031220
300.000000 0.354000 0.354000 0.354000 0.000000 0.000000 0.000000 -12778.577210 11.080157
300.000000 0.356000 0.356000 0.356000 0.000000 0.000000 0.000000 -12732.206577 24.871534
300.000000 0.358000 0.358000 0.358000 0.000000 0.000000 0.000000 -12644.691481 15.076034
300.000000 0.360000 0.360000 0.360000 0.000000 0.000000 0.000000 -12727.622400 14.239514
300.000000 0.362000 0.362000 0.362000 0.000000 0.000000 0.000000 -12665.200482 16.013384
300.000000 0.364000 0.364000 0.364000 0.000000 0.000000 0.000000 -12735.795679 20.711341
300.000000 0.366000 0.366000 0.366000 0.000000 0.000000 0.000000 -12742.554915 15.878944
300.000000 0.368000 0.368000 0.368000 0.000000 0.000000 0.000000 -12796.607120 14.978938
300.000000 0.370000 0.370000 0.370000 0.000000 0.000000 0.000000 -12767.762986 21.559064
300.000000 0.372000 0.372000 0.372000 0.000000 0.000000 0.000000 -12757.487767 13.111705
300.000000 0.374000 0.374000 0.374000 0.000000 0.000000 0.000000 -12796.909899 21.596409
300.000000 0.376000 0.376000 0.376000 0.000000 0.000000 0.000000 -12849.277240 13.231208
300.000000 0.378000 0.378000 0.378000 0.000000 0.000000 0.000000 -12788.299606 15.005079
300.000000 0.380000 0.380000 0.380000 0.000000 0.000000 0.000000 -12749.959965 8.193415
300.000000 0.382000 0.382000 0.382000 0.000000 0.000000 0.000000 -12825.519475 18.862781
300.000000 0.384000 0.384000 0.384000 0.000000 0.000000 0.000000 -12795.876535 18.283939
300.000000 0.386000 0.386000 0.386000 0.000000 0.000000 0.000000 -12835.744768 13.358180
300.000000 0.388000 0.388000 0.388000 0.000000 0.000000 0.000000 -12798.097610 12.219168
300.000000 0.390000 0.390000 0.390000 0.000000 0.000000 0.000000 -12805.095661 5.549414
300.000000 0.392000 0.392000 0.392000 0.000000 0.000000 0.000000 -12838.649685 20.505945
300.000000 0.394000 0.394000 0.394000 0.000000 0.000000 0.000000 -12778.683331 -0.597514
300.000000 0.396000 0.396000 0.396000 0.000000 0.000000 0.000000 -12778.925207 28.445417
300.000000 0.398000 0.398000 0.398000 0.000000 0.000000 0.000000 -12722.802001 20.386442
300.000000 0.400000 0.400000 0.400000 0.000000 0.000000 0.000000 -12738.664449 10.572269
300.000000 0.402000 0.402000 0.402000 0.000000 0.000000 0.000000 -12726.814947 21.790601
300.000000 0.404000 0.404000 0.404000 0.000000 0.000000 0.000000 -12795.572620 23.885636
300.000000 0.406000 0.406000 0.406000 0.000000 0.000000 0.000000 -12678.913406 17.122520
300.000000 0.408000 0.408000 0.408000 0.000000 0.000000 0.000000 -12716.196013 9.847783
300.000000 0.410000 0.410000 0.410000 0.000000 0.000000 0.000000 -12723.777758 19.247431
300.000000 0.412000 0.412000 0.412000 0.000000 0.000000 0.000000 -12750.537756 18.888922
300.000000 0.414000 0.414000 0.414000 0.000000 0.000000 0.000000 -12757.509418 9.478071
300.000000 0.416000 0.416000 0.416000 0.000000 0.000000 0.000000 -12767.133567 5.418708
300.000000 0.418000 0.418000 0.418000 0.000000 0.000000 0.000000 -12855.224947 7.368099
300.000000 0.420000 0.420000 0.420000 0.000000 0.000000 0.000000 -12724.483216 -3.043589
300.000000 0.422000 0.422000 0.422000 0.000000 0.000000 0.000000 -12725.031100 7.745280
300.000000 0.424000 0.424000 0.424000 0.000000 0.000000 0.000000 -12738.141877 -4.963103
300.000000 0.426000 0.426000 0.426000 0.000000 0.000000 0.000000 -12675.488870 12.588880
300.000000 0.428000 0.428000 0.428000 0.000000 0.000000 0.000000 -12742.590172 7.551087
300.000000 0.430000 0.430000 0.430000 0.000000 0.000000 0.000000 -12711.484299 5.063934
300.000000 0.432000 0.432000 0.432000 0.000000 0.000000 0.000000 -12752.339869 13.552372
300.000000 0.434000 0.434000 0.434000 0.000000 0.000000 0.000000 -12750.906192 6.961042
300.000000 0.436000 0.436000 0.436000 0.000000 0.000000 0.000000 -12682.190238 13.249880
300.000000 0.438000 0.438000 0.438000 0.000000 0.000000 0.000000 -12801.963338 -1.340673
300.000000 0.440000 0.440000 0.440000 0.000000 0.000000 0.000000 -12804.513359 10.773930
300.000000 0.442000 0.442000 0.442000 0.000000 0.000000 0.000000 -12759.462092 10.523721
300.000000 0.444000 0.444000 0.444000 0.000000 0.000000 0.000000 -12789.956279 7.782624
300.000000 0.446000 0.446000 0.446000 0.000000 0.000000 0.000000 -12755.220811 1.101667
300.000000 0.448000 0.448000 0.448000 0.000000 0.000000 0.000000 -12685.387073 10.348201
300.000000 0.450000 0.450000 0.450000 0.000000 0.000000 0.000000 -12724.215963 12.166886
300.000000 0.452000 0.452000 0.452000 0.000000 0.000000 0.000000 -12700.585367 6.244025
300.000000 0.454000 0.454000 0.454000 0.000000 0.000000 0.000000 -12755.745225 1.800012
300.000000 0.456000 0.456000 0.456000 0.000000 0.000000 0.000000 -12793.907711 16.259859
300.000000 0.458000 0.458000 0.458000 0.000000 0.000000 0.000000 -12706.742020 15.266491
300.000000 0.460000 0.460000 0.460000 0.000000 0.000000 0.000000 -12741.418014 6.897556
300.000000 0.462000 0.462000 0.462000 0.000000 0.000000 0.000000 -12795.747813 18.732075
300.000000 0.464000 0.464000 0.464000 0.000000 0.000000 0.000000 -12801.789629 14.646570
300.000000 0.466000 0.466000 0.466000 0.000000 0.000000 0.000000 -12732.560251 8.783461
300.000000 0.468000 0.468000 0.468000 0.000000 0.000000 0.000000 -12832.362667 5.075137
300.000000 0.470000 0.470000 0.470000 0.000000 0.000000 0.000000 -12793.394693 10.658162
300.000000 0.472000 0.472000 0.472000 0.000000 0.000000 0.000000 -12800.739395 10.378077
300.000000 0.474000 0.474000 0.474000 0.000000 0.000000 0.000000 -12732.223435 19.183945
300.000000 0.476000 0.476000 0.476000 0.000000 0.000000 0.000000 -12703.248124 4.832397
300.000000 0.478000 0.478000 0.478000 0.000000 0.000000 0.000000 -12711.535987 4.619533
300.000000 0.480000 0.480000 0.480000 0.000000 0.000000 0.000000 -12820.453742 6.326183
300.000000 0.482000 0.482000 0.482000 0.000000 0.000000 0.000000 -12706.698438 3.166826
300.000000 0.484000 0.484000 0.484000 0.000000 0.000000 0.000000 -12753.672469 4.287165
300.000000 0.486000 0.486000 0.486000 0.000000 0.000000 0.000000 -12715.795460 6.019957
300.000000 0.488000 0.488000 0.488000 0.000000 0.000000 0.000000 -12704.465197 11.692609
300.000000 0.490000 0.490000 0.490000 0.000000 0.000000 0.000000 -12765.171206 8.570596
300.000000 0.492000 0.492000 0.492000 0.000000 0.000000 0.000000 -12783.427509 -2.587984
300.000000 0.494000 0.494000 0.494000 0.000000 0.000000 0.000000 -12787.820310 4.836132
300.000000 0.496000 0.496000 0.496000 0.000000 0.000000 0.000000 -12791.314689 0.634859
300.000000 0.498000 0.498000 0.498000 0.000000 0.000000 0.000000 -12763.430860 10.366874
