300.000000 0.000000 0.000000 0.000000 0.000000 0.000000 0.000000 -33157.253626 737.102275
300.000000 0.002000 0.002000 0.002000 0.000000 0.000000 0.000000 -33118.724424 707.244468
300.000000 0.004000 0.004000 0.004000 0.000000 0.000000 0.000000 -33097.671583 766.916414
300.000000 0.006000 0.006000 0.006000 0.000000 0.000000 0.000000 -33109.140122 749.139294
300.000000 0.008000 0.008000 0.008000 0.000000 0.000000 0.000000 -33246.466731 657.981599
300.000000 0.010000 0.010000 0.010000 0.000000 0.000000 0.000000 -33033.497006 487.174286
300.000000 0.012000 0.012000 0.012000 0.000000 0.000000 0.000000 -33273.729458 208.112595
300.000000 0.014000 0.014000 0.014000 0.000000 0.000000 0.000000 -33199.947617 78.033577
300.000000 0.016000 0.016000 0.016000 0.000000 0.000000 0.000000 -33304.085655 149.151901
300.000000 0.018000 0.018000 0.018000 0.000000 0.000000 0.000000 -33225.401285 102.946444
300.000000 0.020000 0.020000 0.020000 0.000000 0.000000 0.000000 -33251.906711 81.716115
300.000000 0.022000 0.022000 0.022000 0.000000 0.000000 0.000000 -33309.921584 81.197027
300.000000 0.024000 0.024000 0.024000 0.000000 0.000000 0.000000 -33173.056605 122.097045
300.000000 0.026000 0.026000 0.026000 0.000000 0.000000 0.000000 -33204.005788 64.574774
300.000000 0.028000 0.028000 0.028000 0.000000 0.000000 0.000000 -33169.488154 93.962579
300.000000 0.030000 0.030000 0.030000 0.000000 0.000000 0.000000 -33336.008961 68.208055
300.000000 0.032000 0.032000 0.032000 0.000000 0.000000 0.000000 -33188.971059 83.099741
300.000000 0.034000 0.034000 0.034000 0.000000 0.000000 0.000000 -33296.618886 99.559895
300.000000 0.036000 0.036000 0.036000 0.000000 0.000000 0.000000 -33392.114773 41.407270
300.000000 0.038000 0.038000 0.038000 0.000000 0.000000 0.000000 -33312.960543 91.136429
300.000000 0.040000 0.040000 0.040000 0.000000 0.000000 0.000000 -33338.364187 85.328812
300.000000 0.042000 0.042000 0.042000 0.000000 0.000000 0.000000 -33215.454143 51.058602
300.000000 0.044000 0.044000 0.044000 0.000000 0.000000 0.000000 -33188.342664 54.295563
300.000000 0.046000 0.046000 0.046000 0.000000 0.000000 0.000000 -33144.846251 78.435879
300.000000 0.048000 0.048000 0.048000 0.000000 0.000000 0.000000 -33181.644647 58.365291
300.000000 0.050000 0.050000 0.050000 0.000000 0.000000 0.000000 -33266.913429 42.188224
300.000000 0.052000 0.052000 0.052000 0.000000 0.000000 0.000000 -33293.748393 82.947767
300.000000 0.054000 0.054000 0.054000 0.000000 0.000000 0.000000 -33263.876310 27.136213
300.000000 0.056000 0.056000 0.056000 0.000000 0.000000 0.000000 -33294.585444 54.034521
300.000000 0.058000 0.058000 0.058000 0.000000 0.000000 0.000000 -33216.971736 49.054980
300.000000 0.060000 0.060000 0.060000 0.000000 0.000000 0.000000 -33139.853853 74.467672
300.000000 0.062000 0.062000 0.062000 0.000000 0.000000 0.000000 -33115.923988 42.025758
300.000000 0.064000 0.064000 0.064000 0.000000 0.000000 0.000000 -33199.019355 66.012812
300.000000 0.066000 0.066000 0.066000 0.000000 0.000000 0.000000 -33253.838284 32.007792
300.000000 0.068000 0.068000 0.068000 0.000000 0.000000 0.000000 -33239.433047 32.962699
300.000000 0.070000 0.070000 0.070000 0.000000 0.000000 0.000000 -33192.275403 66.574482
300.000000 0.072000 0.072000 0.072000 0.000000 0.000000 0.000000 -33280.395132 41.151523
300.000000 0.074000 0.074000 0.074000 0.000000 0.000000 0.000000 -33247.325765 35.312853
300.000000 0.076000 0.076000 0.076000 0.000000 0.000000 0.000000 -33194.999475 53.722857
300.000000 0.078000 0.078000 0.078000 0.000000 0.000000 0.000000 -33221.374338 30.793581
300.000000 0.080000 0.080000 0.080000 0.000000 0.000000 0.000000 -33254.486924 72.399474
300.000000 0.082000 0.082000 0.082000 0.000000 0.000000 0.000000 -33315.332572 41.037268
300.000000 0.084000 0.084000 0.084000 0.000000 0.000000 0.000000 -33366.367960 12.081199
300.000000 0.086000 0.086000 0.086000 0.000000 0.000000 0.000000 -33239.671760 28.411914
300.000000 0.088000 0.088000 0.088000 0.000000 0.000000 0.000000 -33216.976071 25.990767
300.000000 0.090000 0.090000 0.090000 0.000000 0.000000 0.000000 -33313.639571 47.807489
300.000000 0.092000 0.092000 0.092000 0.000000 0.000000 0.000000 -33211.009593 41.915382
300.000000 0.094000 0.094000 0.094000 0.000000 0.000000 0.000000 -33224.625739 25.660932
300.000000 0.096000 0.096000 0.096000 0.000000 0.000000 0.000000 -33218.641718 57.143268
300.000000 0.098000 0.098000 0.098000 0.000000 0.000000 0.000000 -33110.947346 38.084119
300.000000 0.100000 0.100000 0.100000 0.000000 0.000000 0.000000 -33222.263870 42.253491
300.000000 0.102000 0.102000 0.102000 0.000000 0.000000 0.000000 -33259.145436 21.410915
300.000000 0.104000 0.104000 0.104000 0.000000 0.000000 0.000000 -33192.753995 27.070429
300.000000 0.106000 0.106000 0.106000 0.000000 0.000000 0.000000 -33289.312472 21.218342
300.000000 0.108000 0.108000 0.108000 0.000000 0.000000 0.000000 -33223.106286 12.911253
300.000000 0.110000 0.110000 0.110000 0.000000 0.000000 0.000000 -33202.619072 28.073503
300.000000 0.112000 0.112000 0.112000 0.000000 0.000000 0.000000 -33138.099158 18.911748
300.000000 0.114000 0.114000 0.114000 0.000000 0.000000 0.000000 -33172.342120 12.542528
300.000000 0.116000 0.116000 0.116000 0.000000 0.000000 0.000000 -33172.409153 41.824787
300.000000 0.118000 0.118000 0.118000 0.000000 0.000000 0.000000 -33172.068421 27.539638
300.000000 0.120000 0.120000 0.120000 0.000000 0.000000 0.000000 -33107.388201 8.401695
300.000000 0.122000 0.122000 0.122000 0.000000 0.000000 0.000000 -33200.234954 40.426603
300.000000 0.124000 0.124000 0.124000 0.000000 0.000000 0.000000 -33318.718015 31.861071
300.000000 0.126000 0.126000 0.126000 0.000000 0.000000 0.000000 -33285.414582 34.269248
300.000000 0.128000 0.128000 0.128000 0.000000 0.000000 0.000000 -33228.338139 17.465855
300.000000 0.130000 0.130000 0.130000 0.000000 0.000000 0.000000 -33229.910917 23.644821
300.000000 0.132000 0.132000 0.132000 0.000000 0.000000 0.000000 -33206.204909 25.519824
300.000000 0.134000 0.134000 0.134000 0.000000 0.000000 0.000000 -33182.505787 32.336596
300.000000 0.136000 0.136000 0.136000 0.000000 0.000000 0.000000 -33186.322937 18.631631
300.000000 0.138000 0.138000 0.138000 0.000000 0.000000 0.000000 -33150.538055 13.970091
300.000000 0.140000 0.140000 0.140000 0.000000 0.000000 0.000000 -33204.556302 28.782409
300.000000 0.142000 0.142000 0.142000 0.000000 0.000000 0.000000 -33329.098178 29.578808
300.000000 0.144000 0.144000 0.144000 0.000000 0.000000 0.000000 -33190.868008 25.168689
300.000000 0.146000 0.146000 0.146000 0.000000 0.000000 0.000000 -33242.624152 13.798768
300.000000 0.148000 0.148000 0.148000 0.000000 0.000000 0.000000 -33168.720016 29.070953
300.000000 0.150000 0.150000 0.150000 0.000000 0.000000 0.000000 -33073.335946 21.813234
300.000000 0.152000 0.152000 0.152000 0.000000 0.000000 0.000000 -33223.660899 32.087296
300.000000 0.154000 0.154000 0.154000 0.000000 0.000000 0.000000 -33217.340432 30.731567
300.000000 0.156000 0.156000 0.156000 0.000000 0.000000 0.000000 -33275.494271 14.442551
300.000000 0.158000 0.158000 0.158000 0.000000 0.000000 0.000000 -33264.515504 16.755224
300.000000 0.160000 0.160000 0.160000 0.000000 0.000000 0.000000 -33310.602564 9.983125
300.000000 0.162000 0.162000 0.162000 0.000000 0.000000 0.000000 -33287.336707 24.351081
300.000000 0.164000 0.164000 0.164000 0.000000 0.000000 0.000000 -33252.971859 36.011541
300.000000 0.166000 0.166000 0.166000 0.000000 0.000000 0.000000 -33209.678449 28.951138
300.000000 0.168000 0.168000 0.168000 0.000000 0.000000 0.000000 -33287.301141 23.970916
300.000000 0.170000 0.170000 0.170000 0.000000 0.000000 0.000000 -33306.070089 10.586097
300.000000 0.172000 0.172000 0.172000 0.000000 0.000000 0.000000 -33243.063434 12.031642
300.000000 0.174000 0.174000 0.174000 0.000000 0.000000 0.000000 -33294.903217 27.437862
300.000000 0.176000 0.176000 0.176000 0.000000 0.000000 0.000000 -33280.687267 20.140028
300.000000 0.178000 0.178000 0.178000 0.000000 0.000000 0.000000 -33186.463196 12.393763
300.000000 0.180000 0.180000 0.180000 0.000000 0.000000 0.000000 -33290.366785 9.487407
300.000000 0.182000 0.182000 0.182000 0.000000 0.000000 0.000000 -33333.762543 4.915968
300.000000 0.184000 0.184000 0.184000 0.000000 0.000000 0.000000 -33179.353330 26.720321
300.000000 0.186000 0.186000 0.186000 0.000000 0.000000 0.000000 -33273.944191 13.881186
300.000000 0.188000 0.188000 0.188000 0.000000 0.000000 0.000000 -33110.976168 13.658765
300.000000 0.190000 0.190000 0.190000 0.000000 0.000000 0.000000 -33251.738291 8.123733
300.000000 0.192000 0.192000 0.192000 0.000000 0.000000 0.000000 -33143.315603 23.838005
300.000000 0.194000 0.194000 0.194000 0.000000 0.000000 0.000000 -33135.675180 13.669221
300.000000 0.196000 0.196000 0.196000 0.000000 0.000000 0.000000 -33092.870539 23.476820
300.000000 0.198000 0.198000 0.198000 0.000000 0.000000 0.000000 -33193.481033 9.920090
300.000000 0.200000 0.200000 0.200000 0.000000 0.000000 0.000000 -33232.850038 9.453476
300.000000 0.202000 0.202000 0.202000 0.000000 0.000000 0.000000 -33150.831753 16.023317
300.000000 0.204000 0.204000 0.204000 0.000000 0.000000 0.000000 -33269.624616 18.295939
300.000000 0.206000 0.206000 0.206000 0.000000 0.000000 0.000000 -33302.088937 19.490231
300.000000 0.208000 0.208000 0.208000 0.000000 0.000000 0.000000 -33230.902405 17.829818
300.000000 0.210000 0.210000 0.210000 0.000000 0.000000 0.000000 -33261.156892 28.039548
300.000000 0.212000 0.212000 0.212000 0.000000 0.000000 0.000000 -33256.029638 9.785667
300.000000 0.214000 0.214000 0.214000 0.000000 0.000000 0.000000 -33089.549020 33.839644
300.000000 0.216000 0.216000 0.216000 0.000000 0.000000 0.000000 -33235.228087 30.607802
300.000000 0.218000 0.218000 0.218000 0.000000 0.000000 0.000000 -33238.622034 31.859355
300.000000 0.220000 0.220000 0.220000 0.000000 0.000000 0.000000 -33352.898805 12.115299
300.000000 0.222000 0.222000 0.222000 0.000000 0.000000 0.000000 -33284.790774 19.320534
300.000000 0.224000 0.224000 0.224000 0.000000 0.000000 0.000000 -33219.254037 14.255204
300.000000 0.226000 0.226000 0.226000 0.000000 0.000000 0.000000 -33203.097765 1.767853
300.000000 0.228000 0.228000 0.228000 0.000000 0.000000 0.000000 -33144.900404 25.535108
300.000000 0.230000 0.230000 0.230000 0.000000 0.000000 0.000000 -33134.270909 14.931485
300.000000 0.232000 0.232000 0.232000 0.000000 0.000000 0.000000 -33337.832292 22.164140
300.000000 0.234000 0.234000 0.234000 0.000000 0.000000 0.000000 -33328.136605 9.578163
300.000000 0.236000 0.236000 0.236000 0.000000 0.000000 0.000000 -33290.660792 13.073079
300.000000 0.238000 0.238000 0.238000 0.000000 0.000000 0.000000 -33250.972095 16.506700
300.000000 0.240000 0.240000 0.240000 0.000000 0.000000 0.000000 -33324.213765 11.552504
300.000000 0.242000 0.242000 0.242000 0.000000 0.000000 0.000000 -33285.854062 15.229308
300.000000 0.244000 0.244000 0.244000 0.000000 0.000000 0.000000 -33357.517184 4.067588
300.000000 0.246000 0.246000 0.246000 0.000000 0.000000 0.000000 -33319.431453 5.722120
300.000000 0.248000 0.248000 0.248000 0.000000 0.000000 0.000000 -33332.713880 3.215097
300.000000 0.250000 0.250000 0.250000 0.000000 0.000000 0.000000 -33384.224089 7.545332
300.000000 0.252000 0.252000 0.252000 0.000000 0.000000 0.000000 -33323.028836 -3.531957
300.000000 0.254000 0.254000 0.254000 0.000000 0.000000 0.000000 -33384.840778 14.962461
300.000000 0.256000 0.256000 0.256000 0.000000 0.000000 0.000000 -33296.121956 5.974806
300.000000 0.258000 0.258000 0.258000 0.000000 0.000000 0.000000 -33235.608201 12.988482
300.000000 0.260000 0.260000 0.260000 0.000000 0.000000 0.000000 -33196.414166 8.470687
300.000000 0.262000 0.262000 0.262000 0.000000 0.000000 0.000000 -33175.704546 11.264569
300.000000 0.264000 0.264000 0.264000 0.000000 0.000000 0.000000 -33106.609180 8.361614
300.000000 0.266000 0.266000 0.266000 0.000000 0.000000 0.000000 -33244.021396 5.623724
300.000000 0.268000 0.268000 0.268000 0.000000 0.000000 0.000000 -33301.866887 1.009616
300.000000 0.270000 0.270000 0.270000 0.000000 0.000000 0.000000 -33151.760195 11.353304
300.000000 0.272000 0.272000 0.272000 0.000000 0.000000 0.000000 -33305.493651 4.451956
300.000000 0.274000 0.274000 0.274000 0.000000 0.000000 0.000000 -33292.809103 9.836320
300.000000 0.276000 0.276000 0.276000 0.000000 0.000000 0.000000 -33342.443608 4.608216
300.000000 0.278000 0.278000 0.278000 0.000000 0.000000 0.000000 -33149.762783 3.129115
300.000000 0.280000 0.280000 0.280000 0.000000 0.000000 0.000000 -33136.965185 11.788724
300.000000 0.282000 0.282000 0.282000 0.000000 0.000000 0.000000 -33120.706454 -0.023956
300.000000 0.284000 0.284000 0.284000 0.000000 0.000000 0.000000 -33298.923633 9.624431
300.000000 0.286000 0.286000 0.286000 0.000000 0.000000 0.000000 -33245.040471 9.589710
300.000000 0.288000 0.288000 0.288000 0.000000 0.000000 0.000000 -33277.671900 10.503994
300.000000 0.290000 0.290000 0.290000 0.000000 0.000000 0.000000 -33224.773578 7.585787
300.000000 0.292000 0.292000 0.292000 0.000000 0.000000 0.000000 -33328.308699 4.390210
300.000000 0.294000 0.294000 0.294000 0.000000 0.000000 0.000000 -33280.130719 6.585415
300.000000 0.296000 0.296000 0.296000 0.000000 0.000000 0.000000 -33328.021692 12.627330
300.000000 0.298000 0.298000 0.298000 0.000000 0.000000 0.000000 -33200.842045 19.847461
300.000000 0.300000 0.300000 0.300000 0.000000 0.000000 0.000000 -33305.022124 16.239649
300.000000 0.302000 0.302000 0.302000 0.000000 0.000000 0.000000 -33248.239050 14.471850
300.000000 0.304000 0.304000 0.304000 0.000000 0.000000 0.000000 -33248.342636 9.306853
300.000000 0.306000 0.306000 0.306000 0.000000 0.000000 0.000000 -33307.425970 5.099357
300.000000 0.308000 0.308000 0.308000 0.000000 0.000000 0.000000 -33235.435692 5.472308
300.000000 0.310000 0.310000 0.310000 0.000000 0.000000 0.000000 -33212.085237 3.633494
300.000000 0.312000 0.312000 0.312000 0.000000 0.000000 0.000000 -33204.029405 4.827629
300.000000 0.314000 0.314000 0.314000 0.000000 0.000000 0.000000 -33161.393116 15.333673
300.000000 0.316000 0.316000 0.316000 0.000000 0.000000 0.000000 -33207.464344 4.098938
300.000000 0.318000 0.318000 0.318000 0.000000 0.000000 0.000000 -33097.033948 8.952895
300.000000 0.320000 0.320000 0.320000 0.000000 0.000000 0.000000 -33165.657267 10.020018
300.000000 0.322000 0.322000 0.322000 0.000000 0.000000 0.000000 -33179.182476 15.944340
300.000000 0.324000 0.324000 0.324000 0.000000 0.000000 0.000000 -33166.580550 2.671098
300.000000 0.326000 0.326000 0.326000 0.000000 0.000000 0.000000 -33137.151892 -0.117351
300.000000 0.328000 0.328000 0.328000 0.000000 0.000000 0.000000 -33138.563428 5.509080
300.000000 0.330000 0.330000 0.330000 0.000000 0.000000 0.000000 -33053.303213 24.019404
300.000000 0.332000 0.332000 0.332000 0.000000 0.000000 0.000000 -33135.191225 14.285699
300.000000 0.334000 0.334000 0.334000 0.000000 0.000000 0.000000 -33214.642832 -0.041371
300.000000 0.336000 0.336000 0.336000 0.000000 0.000000 0.000000 -33353.519218 13.923365
300.000000 0.338000 0.338000 0.338000 0.000000 0.000000 0.000000 -33184.513655 12.962441
300.000000 0.340000 0.340000 0.340000 0.000000 0.000000 0.000000 -33138.100033 1.339555
300.000000 0.342000 0.342000 0.342000 0.000000 0.000000 0.000000 -33152.433520 0.589303
300.000000 0.344000 0.344000 0.344000 0.000000 0.000000 0.000000 -33166.761754 -1.906045
300.000000 0.346000 0.346000 0.346000 0.000000 0.000000 0.000000 -33121.964543 11.328373
300.000000 0.348000 0.348000 0.348000 0.000000 0.000000 0.000000 -33062.136653 4.816047
300.000000 0.350000 0.350000 0.350000 0.000000 0.000000 0.000000 -33252.415712 12.071947
300.000000 0.352000 0.352000 0.352000 0.000000 0.000000 0.000000 -33202.287928 5.020233
300.000000 0.354000 0.354000 0.354000 0.000000 0.000000 0.000000 -33188.583494 -0.052184
300.000000 0.356000 0.356000 0.356000 0.000000 0.000000 0.000000 -33201.691731 6.800202
300.000000 0.358000 0.358000 0.358000 0.000000 0.000000 0.000000 -33278.458560 6.049833
300.000000 0.360000 0.360000 0.360000 0.000000 0.000000 0.000000 -33334.696789 2.049466
300.000000 0.362000 0.362000 0.362000 0.000000 0.000000 0.000000 -33304.286073 2.893776
300.000000 0.364000 0.364000 0.364000 0.000000 0.000000 0.000000 -33388.899650 10.717798
300.000000 0.366000 0.366000 0.366000 0.000000 0.000000 0.000000 -33289.787324 7.395933
300.000000 0.368000 0.368000 0.368000 0.000000 0.000000 0.000000 -33313.551460 15.048630
300.000000 0.370000 0.370000 0.370000 0.000000 0.000000 0.000000 -33276.336248 0.546622
300.000000 0.372000 0.372000 0.372000 0.000000 0.000000 0.000000 -33203.690550 8.766290
300.000000 0.374000 0.374000 0.374000 0.000000 0.000000 0.000000 -33175.119437 4.516884
300.000000 0.376000 0.376000 0.376000 0.000000 0.000000 0.000000 -33152.312222 1.733203
300.000000 0.378000 0.378000 0.378000 0.000000 0.000000 0.000000 -33201.908754 1.242190
300.000000 0.380000 0.380000 0.380000 0.000000 0.000000 0.000000 -33276.566362 -9.738169
300.000000 0.382000 0.382000 0.382000 0.000000 0.000000 0.000000 -33178.425201 9.041978
300.000000 0.384000 0.384000 0.384000 0.000000 0.000000 0.000000 -33147.135771 14.714277
300.000000 0.386000 0.386000 0.386000 0.000000 0.000000 0.000000 -33207.020929 5.677343
300.000000 0.388000 0.388000 0.388000 0.000000 0.000000 0.000000 -33178.056287 1.909547
300.000000 0.390000 0.390000 0.390000 0.000000 0.000000 0.000000 -33271.328547 3.567426
300.000000 0.392000 0.392000 0.392000 0.000000 0.000000 0.000000 -33264.224136 4.958060
300.000000 0.394000 0.394000 0.394000 0.000000 0.000000 0.000000 -33121.877559 5.305301
300.000000 0.396000 0.396000 0.396000 0.000000 0.000000 0.000000 -33192.777423 8.950276
300.000000 0.398000 0.398000 0.398000 0.000000 0.000000 0.000000 -33151.639209 0.571366
300.000000 0.400000 0.400000 0.400000 0.000000 0.000000 0.000000 -33113.911735 -6.546863
300.000000 0.402000 0.402000 0.402000 0.000000 0.000000 0.000000 -33230.320717 -2.167147
300.000000 0.404000 0.404000 0.404000 0.000000 0.000000 0.000000 -33188.846224 3.446253
300.000000 0.406000 0.406000 0.406000 0.000000 0.000000 0.000000 -33166.905815 2.773956
300.000000 0.408000 0.408000 0.408000 0.000000 0.000000 0.000000 -33191.106504 0.081194
300.000000 0.410000 0.410000 0.410000 0.000000 0.000000 0.000000 -33221.074877 3.055284
300.000000 0.412000 0.412000 0.412000 0.000000 0.000000 0.000000 -33286.447930 2.642554
300.000000 0.414000 0.414000 0.414000 0.000000 0.000000 0.000000 -33081.548690 16.086235
300.000000 0.416000 0.416000 0.416000 0.000000 0.000000 0.000000 -33163.735780 4.712708
300.000000 0.418000 0.418000 0.418000 0.000000 0.000000 0.000000 -33138.338415 3.251681
300.000000 0.420000 0.420000 0.420000 0.000000 0.000000 0.000000 -33180.457505 2.632289
300.000000 0.422000 0.422000 0.422000 0.000000 0.000000 0.000000 -33223.588478 -1.271238
300.000000 0.424000 0.424000 0.424000 0.000000 0.000000 0.000000 -33180.877385 0.686532
300.000000 0.426000 0.426000 0.426000 0.000000 0.000000 0.000000 -33264.264856 -3.862794
300.000000 0.428000 0.428000 0.428000 0.000000 0.000000 0.000000 -33191.743028 -0.570277
300.000000 0.430000 0.430000 0.430000 0.000000 0.000000 0.000000 -33244.013773 8.913444
300.000000 0.432000 0.432000 0.432000 0.000000 0.000000 0.000000 -33261.052642 0.192616
300.000000 0.434000 0.434000 0.434000 0.000000 0.000000 0.000000 -33355.185183 6.805481
300.000000 0.436000 0.436000 0.436000 0.000000 0.000000 0.000000 -33339.659202 8.041194
300.000000 0.438000 0.438000 0.438000 0.000000 0.000000 0.000000 -33248.492677 -0.476314
300.000000 0.440000 0.440000 0.440000 0.000000 0.000000 0.000000 -33297.195450 2.277075
300.000000 0.442000 0.442000 0.442000 0.000000 0.000000 0.000000 -33110.915265 5.100739
300.000000 0.444000 0.444000 0.444000 0.000000 0.000000 0.000000 -33127.152831 -4.822308
300.000000 0.446000 0.446000 0.446000 0.000000 0.000000 0.000000 -33128.475237 10.817233
300.000000 0.448000 0.448000 0.448000 0.000000 0.000000 0.000000 -33205.642019 -3.109998
300.000000 0.450000 0.450000 0.450000 0.000000 0.000000 0.000000 -33298.099450 3.287418
300.000000 0.452000 0.452000 0.452000 0.000000 0.000000 0.000000 -33345.248854 14.198828
300.000000 0.454000 0.454000 0.454000 0.000000 0.000000 0.000000 -33328.297866 -1.125500
300.000000 0.456000 0.456000 0.456000 0.000000 0.000000 0.000000 -33316.284151 9.688408
300.000000 0.458000 0.458000 0.458000 0.000000 0.000000 0.000000 -33273.178249 0.606268
300.000000 0.460000 0.460000 0.460000 0.000000 0.000000 0.000000 -33099.386796 1.468816
300.000000 0.462000 0.462000 0.462000 0.000000 0.000000 0.000000 -33198.408777 -0.900209
300.000000 0.464000 0.464000 0.464000 0.000000 0.000000 0.000000 -33117.592163 0.165916
300.000000 0.466000 0.466000 0.466000 0.000000 0.000000 0.000000 -33209.266180 1.263245
300.000000 0.468000 0.468000 0.468000 0.000000 0.000000 0.000000 -33301.966247 4.952050
300.000000 0.470000 0.470000 0.470000 0.000000 0.000000 0.000000 -33270.087113 19.174603
300.000000 0.472000 0.472000 0.472000 0.000000 0.000000 0.000000 -33312.687547 -6.013708
300.000000 0.474000 0.474000 0.474000 0.000000 0.000000 0.000000 -33461.892364 4.731773
300.000000 0.476000 0.476000 0.476000 0.000000 0.000000 0.000000 -33326.672994 1.433027
300.000000 0.478000 0.478000 0.478000 0.000000 0.000000 0.000000 -33361.712457 2.318802
300.000000 0.480000 0.480000 0.480000 0.000000 0.000000 0.000000 -33318.758813 2.575862
300.000000 0.482000 0.482000 0.482000 0.000000 0.000000 0.000000 -33370.647675 -9.108020
300.000000 0.484000 0.484000 0.484000 0.000000 0.000000 0.000000 -33376.733599 1.577542
300.000000 0.486000 0.486000 0.486000 0.000000 0.000000 0.000000 -33341.068919 9.274316
300.000000 0.488000 0.488000 0.488000 0.000000 0.000000 0.000000 -33256.878131 4.302140
300.000000 0.490000 0.490000 0.490000 0.000000 0.000000 0.000000 -33243.049649 7.012877
300.000000 0.492000 0.492000 0.492000 0.000000 0.000000 0.000000 -33256.875356 -3.130151
300.000000 0.494000 0.494000 0.494000 0.000000 0.000000 0.000000 -33221.875815 1.876150
300.000000 0.496000 0.496000 0.496000 0.000000 0.000000 0.000000 -33256.989468 -4.257555
300.000000 0.498000 0.498000 0.498000 0.000000 0.000000 0.000000 -33329.995368 4.410243
