300.000000 0.000000 0.000000 0.000000 0.000000 0.000000 0.000000 -31658.191289 865.883466
300.000000 0.002000 0.002000 0.002000 0.000000 0.000000 0.000000 -31588.478754 739.199639
300.000000 0.004000 0.004000 0.004000 0.000000 0.000000 0.000000 -31728.848061 857.067615
300.000000 0.006000 0.006000 0.006000 0.000000 0.000000 0.000000 -31621.294497 946.909335
300.000000 0.008000 0.008000 0.008000 0.000000 0.000000 0.000000 -31594.621409 860.410108
300.000000 0.010000 0.010000 0.010000 0.000000 0.000000 0.000000 -31787.866116 954.008704
300.000000 0.012000 0.012000 0.012000 0.000000 0.000000 0.000000 -31633.717332 884.314132
300.000000 0.014000 0.014000 0.014000 0.000000 0.000000 0.000000 -31672.836802 831.391593
300.000000 0.016000 0.016000 0.016000 0.000000 0.000000 0.000000 -31688.250424 913.215392
300.000000 0.018000 0.018000 0.018000 0.000000 0.000000 0.000000 -31669.076082 795.912410
300.000000 0.020000 0.020000 0.020000 0.000000 0.000000 0.000000 -31726.634286 791.820213
300.000000 0.022000 0.022000 0.022000 0.000000 0.000000 0.000000 -31744.295304 679.334460
300.000000 0.024000 0.024000 0.024000 0.000000 0.000000 0.000000 -31761.491611 55.716064
300.000000 0.026000 0.026000 0.026000 0.000000 0.000000 0.000000 -31763.268130 71.881549
300.000000 0.028000 0.028000 0.028000 0.000000 0.000000 0.000000 -31708.115645 91.590862
300.000000 0.030000 0.030000 0.030000 0.000000 0.000000 0.000000 -31728.818640 82.911486
300.000000 0.032000 0.032000 0.032000 0.000000 0.000000 0.000000 -31753.101620 86.938653
300.000000 0.034000 0.034000 0.034000 0.000000 0.000000 0.000000 -31709.671408 157.910777
300.000000 0.036000 0.036000 0.036000 0.000000 0.000000 0.000000 -31658.268434 50.926947
300.000000 0.038000 0.038000 0.038000 0.000000 0.000000 0.000000 -31666.006734 41.735355
300.000000 0.040000 0.040000 0.040000 0.000000 0.000000 0.000000 -31639.634271 54.667335
300.000000 0.042000 0.042000 0.042000 0.000000 0.000000 0.000000 -31696.742410 60.095019
300.000000 0.044000 0.044000 0.044000 0.000000 0.000000 0.000000 -31630.971097 77.324571
300.000000 0.046000 0.046000 0.046000 0.000000 0.000000 0.000000 -31718.090188 95.704472
300.000000 0.048000 0.048000 0.048000 0.000000 0.000000 0.000000 -31779.525961 35.491750
300.000000 0.050000 0.050000 0.050000 0.000000 0.000000 0.000000 -31900.901363 74.245244
300.000000 0.052000 0.052000 0.052000 0.000000 0.000000 0.000000 -31815.900108 67.923091
300.000000 0.054000 0.054000 0.054000 0.000000 0.000000 0.000000 -31706.925240 79.228628
300.000000 0.056000 0.056000 0.056000 0.000000 0.000000 0.000000 -31751.991321 96.181451
300.000000 0.058000 0.058000 0.058000 0.000000 0.000000 0.000000 -31732.241078 24.298991
300.000000 0.060000 0.060000 0.060000 0.000000 0.000000 0.000000 -31812.472663 94.835928
300.000000 0.062000 0.062000 0.062000 0.000000 0.000000 0.000000 -31758.003462 60.314804
300.000000 0.064000 0.064000 0.064000 0.000000 0.000000 0.000000 -31628.791236 39.496390
300.000000 0.066000 0.066000 0.066000 0.000000 0.000000 0.000000 -31685.571368 50.214015
300.000000 0.068000 0.068000 0.068000 0.000000 0.000000 0.000000 -31573.725588 85.326100
300.000000 0.070000 0.070000 0.070000 0.000000 0.000000 0.000000 -31514.750253 57.612525
300.000000 0.072000 0.072000 0.072000 0.000000 0.000000 0.000000 -31493.945772 61.707309
300.000000 0.074000 0.074000 0.074000 0.000000 0.000000 0.000000 -31495.892696 60.175603
300.000000 0.076000 0.076000 0.076000 0.000000 0.000000 0.000000 -31516.896478 49.705409
300.000000 0.078000 0.078000 0.078000 0.000000 0.000000 0.000000 -31583.427584 40.927382
300.000000 0.080000 0.080000 0.080000 0.000000 0.000000 0.000000 -31639.730246 26.298237
300.000000 0.082000 0.082000 0.082000 0.000000 0.000000 0.000000 -31554.072390 65.842125
300.000000 0.084000 0.084000 0.084000 0.000000 0.000000 0.000000 -31580.505217 65.262249
300.000000 0.086000 0.086000 0.086000 0.000000 0.000000 0.000000 -31467.684834 29.720495
300.000000 0.088000 0.088000 0.088000 0.000000 0.000000 0.000000 -31520.683296 46.694813
300.000000 0.090000 0.090000 0.090000 0.000000 0.000000 0.000000 -31450.855023 40.058239
300.000000 0.092000 0.092000 0.092000 0.000000 0.000000 0.000000 -31544.551411 29.243376
300.000000 0.094000 0.094000 0.094000 0.000000 0.000000 0.000000 -31563.432290 43.350522
300.000000 0.096000 0.096000 0.096000 0.000000 0.000000 0.000000 -31582.281026 44.843854
300.000000 0.098000 0.098000 0.098000 0.000000 0.000000 0.000000 -31656.756405 44.878636
300.000000 0.100000 0.100000 0.100000 0.000000 0.000000 0.000000 -31697.379015 25.648288
300.000000 0.102000 0.102000 0.102000 0.000000 0.000000 0.000000 -31660.531595 34.002058
300.000000 0.104000 0.104000 0.104000 0.000000 0.000000 0.000000 -31548.492827 33.082526
300.000000 0.106000 0.106000 0.106000 0.000000 0.000000 0.000000 -31522.427669 46.604421
300.000000 0.108000 0.108000 0.108000 0.000000 0.000000 0.000000 -31671.150492 21.942049
300.000000 0.110000 0.110000 0.110000 0.000000 0.000000 0.000000 -31667.346367 31.755060
300.000000 0.112000 0.112000 0.112000 0.000000 0.000000 0.000000 -31685.283884 28.835436
300.000000 0.114000 0.114000 0.114000 0.000000 0.000000 0.000000 -31643.286480 22.383836
300.000000 0.116000 0.116000 0.116000 0.000000 0.000000 0.000000 -31726.262756 52.994782
300.000000 0.118000 0.118000 0.118000 0.000000 0.000000 0.000000 -31562.432694 21.597943
300.000000 0.120000 0.120000 0.120000 0.000000 0.000000 0.000000 -31521.493370 36.321847
300.000000 0.122000 0.122000 0.122000 0.000000 0.000000 0.000000 -31597.128851 16.069429
300.000000 0.124000 0.124000 0.124000 0.000000 0.000000 0.000000 -31588.749091 54.659344
300.000000 0.126000 0.126000 0.126000 0.000000 0.000000 0.000000 -31619.151216 14.142048
300.000000 0.128000 0.128000 0.128000 0.000000 0.000000 0.000000 -31601.842275 22.822659
300.000000 0.130000 0.130000 0.130000 0.000000 0.000000 0.000000 -31743.061238 33.313263
300.000000 0.132000 0.132000 0.132000 0.000000 0.000000 0.000000 -31674.383169 39.307009
300.000000 0.134000 0.134000 0.134000 0.000000 0.000000 0.000000 -31647.570465 23.085330
300.000000 0.136000 0.136000 0.136000 0.000000 0.000000 0.000000 -31698.857562 39.484676
300.000000 0.138000 0.138000 0.138000 0.000000 0.000000 0.000000 -31641.343788 30.866198
300.000000 0.140000 0.140000 0.140000 0.000000 0.000000 0.000000 -31644.948856 18.613043
300.000000 0.142000 0.142000 0.142000 0.000000 0.000000 0.000000 -31685.139831 14.670199
300.000000 0.144000 0.144000 0.144000 0.000000 0.000000 0.000000 -31617.213657 10.847306
300.000000 0.146000 0.146000 0.146000 0.000000 0.000000 0.000000 -31671.186308 19.906999
300.000000 0.148000 0.148000 0.148000 0.000000 0.000000 0.000000 -31653.893177 17.261687
300.000000 0.150000 0.150000 0.150000 0.000000 0.000000 0.000000 -31627.403526 14.177328
300.000000 0.152000 0.152000 0.152000 0.000000 0.000000 0.000000 -31601.565839 15.018354
300.000000 0.154000 0.154000 0.154000 0.000000 0.000000 0.000000 -31691.419345 16.128387
300.000000 0.156000 0.156000 0.156000 0.000000 0.000000 0.000000 -31668.482233 19.167901
300.000000 0.158000 0.158000 0.158000 0.000000 0.000000 0.000000 -31671.963995 31.644301
300.000000 0.160000 0.160000 0.160000 0.000000 0.000000 0.000000 -31622.030713 33.503225
300.000000 0.162000 0.162000 0.162000 0.000000 0.000000 0.000000 -31582.368784 30.003315
300.000000 0.164000 0.164000 0.164000 0.000000 0.000000 0.000000 -31665.294679 29.399016
300.000000 0.166000 0.166000 0.166000 0.000000 0.000000 0.000000 -31687.805955 10.925872
300.000000 0.168000 0.168000 0.168000 0.000000 0.000000 0.000000 -31736.661722 22.179346
300.000000 0.170000 0.170000 0.170000 0.000000 0.000000 0.000000 -31525.495398 10.901857
300.000000 0.172000 0.172000 0.172000 0.000000 0.000000 0.000000 -31723.711850 25.652978
300.000000 0.174000 0.174000 0.174000 0.000000 0.000000 0.000000 -31648.148542 21.167949
300.000000 0.176000 0.176000 0.176000 0.000000 0.000000 0.000000 -31669.151914 12.442792
300.000000 0.178000 0.178000 0.178000 0.000000 0.000000 0.000000 -31720.707366 11.336808
300.000000 0.180000 0.180000 0.180000 0.000000 0.000000 0.000000 -31717.003750 27.094678
300.000000 0.182000 0.182000 0.182000 0.000000 0.000000 0.000000 -31664.121415 27.356293
300.000000 0.184000 0.184000 0.184000 0.000000 0.000000 0.000000 -31747.697661 7.704822
300.000000 0.186000 0.186000 0.186000 0.000000 0.000000 0.000000 -31566.153081 16.059639
300.000000 0.188000 0.188000 0.188000 0.000000 0.000000 0.000000 -31692.802697 28.891268
300.000000 0.190000 0.190000 0.190000 0.000000 0.000000 0.000000 -31622.137092 16.752189
300.000000 0.192000 0.192000 0.192000 0.000000 0.000000 0.000000 -31691.096938 14.891901
300.000000 0.194000 0.194000 0.194000 0.000000 0.000000 0.000000 -31746.092463 6.367462
300.000000 0.196000 0.196000 0.196000 0.000000 0.000000 0.000000 -31621.319871 18.527121
300.000000 0.198000 0.198000 0.198000 0.000000 0.000000 0.000000 -31692.319415 7.043679
300.000000 0.200000 0.200000 0.200000 0.000000 0.000000 0.000000 -31595.677068 2.697358
300.000000 0.202000 0.202000 0.202000 0.000000 0.000000 0.000000 -31738.999771 12.258680
300.000000 0.204000 0.204000 0.204000 0.000000 0.000000 0.000000 -31706.673379 21.235692
300.000000 0.206000 0.206000 0.206000 0.000000 0.000000 0.000000 -31800.909823 11.772320
300.000000 0.208000 0.208000 0.208000 0.000000 0.000000 0.000000 -31729.361623 8.364012
300.000000 0.210000 0.210000 0.210000 0.000000 0.000000 0.000000 -31750.942091 16.338942
300.000000 0.212000 0.212000 0.212000 0.000000 0.000000 0.000000 -31646.881251 5.130021
300.000000 0.214000 0.214000 0.214000 0.000000 0.000000 0.000000 -31692.883920 19.553658
300.000000 0.216000 0.216000 0.216000 0.000000 0.000000 0.000000 -31632.457866 12.609485
300.000000 0.218000 0.218000 0.218000 0.000000 0.000000 0.000000 -31682.505444 5.677424
300.000000 0.220000 0.220000 0.220000 0.000000 0.000000 0.000000 -31693.282884 16.679359
300.000000 0.222000 0.222000 0.222000 0.000000 0.000000 0.000000 -31734.152301 13.832231
300.000000 0.224000 0.224000 0.224000 0.000000 0.000000 0.000000 -31752.159052 21.084934
300.000000 0.226000 0.226000 0.226000 0.000000 0.000000 0.000000 -31631.508207 14.996845
300.000000 0.228000 0.228000 0.228000 0.000000 0.000000 0.000000 -31727.362897 26.558979
300.000000 0.230000 0.230000 0.230000 0.000000 0.000000 0.000000 -31733.252967 17.356990
300.000000 0.232000 0.232000 0.232000 0.000000 0.000000 0.000000 -31755.718241 3.361166
300.000000 0.234000 0.234000 0.234000 0.000000 0.000000 0.000000 -31652.397311 5.901753
300.000000 0.236000 0.236000 0.236000 0.000000 0.000000 0.000000 -31629.582441 10.183262
300.000000 0.238000 0.238000 0.238000 0.000000 0.000000 0.000000 -31590.684587 21.312058
300.000000 0.240000 0.240000 0.240000 0.000000 0.000000 0.000000 -31660.203456 8.235809
300.000000 0.242000 0.242000 0.242000 0.000000 0.000000 0.000000 -31622.372836 7.408281
300.000000 0.244000 0.244000 0.244000 0.000000 0.000000 0.000000 -31702.599232 21.981453
300.000000 0.246000 0.246000 0.246000 0.000000 0.000000 0.000000 -31725.307825 10.878783
300.000000 0.248000 0.248000 0.248000 0.000000 0.000000 0.000000 -31700.278787 5.964209
300.000000 0.250000 0.250000 0.250000 0.000000 0.000000 0.000000 -31574.147183 3.501770
300.000000 0.252000 0.252000 0.252000 0.000000 0.000000 0.000000 -31661.018348 13.060290
300.000000 0.254000 0.254000 0.254000 0.000000 0.000000 0.000000 -31707.020389 12.024922
300.000000 0.256000 0.256000 0.256000 0.000000 0.000000 0.000000 -31698.932288 13.723463
300.000000 0.258000 0.258000 0.258000 0.000000 0.000000 0.000000 -31744.804740 6.126612
300.000000 0.260000 0.260000 0.260000 0.000000 0.000000 0.000000 -31755.799761 10.025959
300.000000 0.262000 0.262000 0.262000 0.000000 0.000000 0.000000 -31784.836761 5.828626
300.000000 0.264000 0.264000 0.264000 0.000000 0.000000 0.000000 -31770.233532 14.896315
300.000000 0.266000 0.266000 0.266000 0.000000 0.000000 0.000000 -31731.774642 6.443732
300.000000 0.268000 0.268000 0.268000 0.000000 0.000000 0.000000 -31712.907945 11.208843
300.000000 0.270000 0.270000 0.270000 0.000000 0.000000 0.000000 -31742.263451 19.638699
300.000000 0.272000 0.272000 0.272000 0.000000 0.000000 0.000000 -31698.425310 4.802129
300.000000 0.274000 0.274000 0.274000 0.000000 0.000000 0.000000 -31584.329805 7.328342
300.000000 0.276000 0.276000 0.276000 0.000000 0.000000 0.000000 -31623.053702 19.032430
300.000000 0.278000 0.278000 0.278000 0.000000 0.000000 0.000000 -31699.623072 11.533783
300.000000 0.280000 0.280000 0.280000 0.000000 0.000000 0.000000 -31641.791411 0.930537
300.000000 0.282000 0.282000 0.282000 0.000000 0.000000 0.000000 -31722.484793 15.904975
300.000000 0.284000 0.284000 0.284000 0.000000 0.000000 0.000000 -31723.615673 9.229059
300.000000 0.286000 0.286000 0.286000 0.000000 0.000000 0.000000 -31774.022326 7.480011
300.000000 0.288000 0.288000 0.288000 0.000000 0.000000 0.000000 -31639.246927 14.893884
300.000000 0.290000 0.290000 0.290000 0.000000 0.000000 0.000000 -31741.864685 2.575259
300.000000 0.292000 0.292000 0.292000 0.000000 0.000000 0.000000 -31731.959933 4.765742
300.000000 0.294000 0.294000 0.294000 0.000000 0.000000 0.000000 -31826.323160 4.287754
300.000000 0.296000 0.296000 0.296000 0.000000 0.000000 0.000000 -31671.116236 6.397306
300.000000 0.298000 0.298000 0.298000 0.000000 0.000000 0.000000 -31591.421105 5.345359
300.000000 0.300000 0.300000 0.300000 0.000000 0.000000 0.000000 -31585.119695 9.133625
300.000000 0.302000 0.302000 0.302000 0.000000 0.000000 0.000000 -31693.188267 6.253927
300.000000 0.304000 0.304000 0.304000 0.000000 0.000000 0.000000 -31665.288588 13.689547
300.000000 0.306000 0.306000 0.306000 0.000000 0.000000 0.000000 -31745.008702 5.513789
300.000000 0.308000 0.308000 0.308000 0.000000 0.000000 0.000000 -31613.221936 4.229173
300.000000 0.310000 0.310000 0.310000 0.000000 0.000000 0.000000 -31590.645744 9.539089
300.000000 0.312000 0.312000 0.312000 0.000000 0.000000 0.000000 -31762.214770 15.394189
300.000000 0.314000 0.314000 0.314000 0.000000 0.000000 0.000000 -31670.358054 3.289960
300.000000 0.316000 0.316000 0.316000 0.000000 0.000000 0.000000 -31770.343052 13.618887
300.000000 0.318000 0.318000 0.318000 0.000000 0.000000 0.000000 -31608.363667 0.501054
300.000000 0.320000 0.320000 0.320000 0.000000 0.000000 0.000000 -31560.684204 12.631243
300.000000 0.322000 0.322000 0.322000 0.000000 0.000000 0.000000 -31778.621753 8.884062
300.000000 0.324000 0.324000 0.324000 0.000000 0.000000 0.000000 -31668.630592 2.752830
300.000000 0.326000 0.326000 0.326000 0.000000 0.000000 0.000000 -31666.906227 7.161887
300.000000 0.328000 0.328000 0.328000 0.000000 0.000000 0.000000 -31716.957992 8.046182
300.000000 0.330000 0.330000 0.330000 0.000000 0.000000 0.000000 -31675.739163 2.139520
300.000000 0.332000 0.332000 0.332000 0.000000 0.000000 0.000000 -31716.796079 4.503235
300.000000 0.334000 0.334000 0.334000 0.000000 0.000000 0.000000 -31523.261246 0.826789
300.000000 0.336000 0.336000 0.336000 0.000000 0.000000 0.000000 -31618.958016 13.832852
300.000000 0.338000 0.338000 0.338000 0.000000 0.000000 0.000000 -31725.080543 0.886606
300.000000 0.340000 0.340000 0.340000 0.000000 0.000000 0.000000 -31650.487944 -0.917969
300.000000 0.342000 0.342000 0.342000 0.000000 0.000000 0.000000 -31564.926460 3.762342
300.000000 0.344000 0.344000 0.344000 0.000000 0.000000 0.000000 -31604.252521 5.011949
300.000000 0.346000 0.346000 0.346000 0.000000 0.000000 0.000000 -31646.801319 1.168511
300.000000 0.348000 0.348000 0.348000 0.000000 0.000000 0.000000 -31628.091698 4.066801
300.000000 0.350000 0.350000 0.350000 0.000000 0.000000 0.000000 -31698.856072 1.829422
300.000000 0.352000 0.352000 0.352000 0.000000 0.000000 0.000000 -31725.107284 12.943576
300.000000 0.354000 0.354000 0.354000 0.000000 0.000000 0.000000 -31610.600949 4.057964
300.000000 0.356000 0.356000 0.356000 0.000000 0.000000 0.000000 -31607.924298 2.125989
300.000000 0.358000 0.358000 0.358000 0.000000 0.000000 0.000000 -31643.048189 1.836879
300.000000 0.360000 0.360000 0.360000 0.000000 0.000000 0.000000 -31602.321130 2.640354
300.000000 0.362000 0.362000 0.362000 0.000000 0.000000 0.000000 -31730.544739 1.447435
300.000000 0.364000 0.364000 0.364000 0.000000 0.000000 0.000000 -31625.018147 8.239154
300.000000 0.366000 0.366000 0.366000 0.000000 0.000000 0.000000 -31738.380645 -4.178384
300.000000 0.368000 0.368000 0.368000 0.000000 0.000000 0.000000 -31656.745129 8.733050
300.000000 0.370000 0.370000 0.370000 0.000000 0.000000 0.000000 -31805.236352 -3.516086
300.000000 0.372000 0.372000 0.372000 0.000000 0.000000 0.000000 -31720.152358 2.605101
300.000000 0.374000 0.374000 0.374000 0.000000 0.000000 0.000000 -31646.534283 9.796693
300.000000 0.376000 0.376000 0.376000 0.000000 0.000000 0.000000 -31752.672321 0.355655
300.000000 0.378000 0.378000 0.378000 0.000000 0.000000 0.000000 -31759.930604 5.593486
300.000000 0.380000 0.380000 0.380000 0.000000 0.000000 0.000000 -31587.686444 7.349718
300.000000 0.382000 0.382000 0.382000 0.000000 0.000000 0.000000 -31433.246272 10.781562
300.000000 0.384000 0.384000 0.384000 0.000000 0.000000 0.000000 -31562.318259 -1.051164
300.000000 0.386000 0.386000 0.386000 0.000000 0.000000 0.000000 -31579.818234 11.131821
300.000000 0.388000 0.388000 0.388000 0.000000 0.000000 0.000000 -31642.742700 16.008952
300.000000 0.390000 0.390000 0.390000 0.000000 0.000000 0.000000 -31499.687509 7.591325
300.000000 0.392000 0.392000 0.392000 0.000000 0.000000 0.000000 -31610.600664 -5.915510
300.000000 0.394000 0.394000 0.394000 0.000000 0.000000 0.000000 -31563.279731 6.670719
300.000000 0.396000 0.396000 0.396000 0.000000 0.000000 0.000000 -31544.683662 13.474899
300.000000 0.398000 0.398000 0.398000 0.000000 0.000000 0.000000 -31660.455461 12.352683
300.000000 0.400000 0.400000 0.400000 0.000000 0.000000 0.000000 -31482.283332 -3.219282
300.000000 0.402000 0.402000 0.402000 0.000000 0.000000 0.000000 -31575.004156 4.917897
300.000000 0.404000 0.404000 0.404000 0.000000 0.000000 0.000000 -31589.620692 2.556280
300.000000 0.406000 0.406000 0.406000 0.000000 0.000000 0.000000 -31584.282158 0.979393
300.000000 0.408000 0.408000 0.408000 0.000000 0.000000 0.000000 -31573.474204 6.910868
300.000000 0.410000 0.410000 0.410000 0.000000 0.000000 0.000000 -31706.649544 11.058426
300.000000 0.412000 0.412000 0.412000 0.000000 0.000000 0.000000 -31610.832684 17.365928
300.000000 0.414000 0.414000 0.414000 0.000000 0.000000 0.000000 -31735.391374 14.254994
300.000000 0.416000 0.416000 0.416000 0.000000 0.000000 0.000000 -31705.340968 -5.425783
300.000000 0.418000 0.418000 0.418000 0.000000 0.000000 0.000000 -31643.905887 -6.895740
300.000000 0.420000 0.420000 0.420000 0.000000 0.000000 0.000000 -31582.143928 0.990724
300.000000 0.422000 0.422000 0.422000 0.000000 0.000000 0.000000 -31544.870885 16.213499
300.000000 0.424000 0.424000 0.424000 0.000000 0.000000 0.000000 -31668.948863 -1.189300
300.000000 0.426000 0.426000 0.426000 0.000000 0.000000 0.000000 -31666.851294 -1.466104
300.000000 0.428000 0.428000 0.428000 0.000000 0.000000 0.000000 -31738.746316 13.207719
300.000000 0.430000 0.430000 0.430000 0.000000 0.000000 0.000000 -31738.552216 6.217794
300.000000 0.432000 0.432000 0.432000 0.000000 0.000000 0.000000 -31741.429226 4.051375
300.000000 0.434000 0.434000 0.434000 0.000000 0.000000 0.000000 -31799.270341 5.899756
300.000000 0.436000 0.436000 0.436000 0.000000 0.000000 0.000000 -31635.354880 0.298144
300.000000 0.438000 0.438000 0.438000 0.000000 0.000000 0.000000 -31728.364126 0.372590
300.000000 0.440000 0.440000 0.440000 0.000000 0.000000 0.000000 -31752.441027 6.299925
300.000000 0.442000 0.442000 0.442000 0.000000 0.000000 0.000000 -31639.681105 6.939167
300.000000 0.444000 0.444000 0.444000 0.000000 0.000000 0.000000 -31631.107375 -2.326637
300.000000 0.446000 0.446000 0.446000 0.000000 0.000000 0.000000 -31636.161457 -0.310004
300.000000 0.448000 0.448000 0.448000 0.000000 0.000000 0.000000 -31580.887614 0.846469
300.000000 0.450000 0.450000 0.450000 0.000000 0.000000 0.000000 -31775.198392 3.213805
300.000000 0.452000 0.452000 0.452000 0.000000 0.000000 0.000000 -31718.845220 -0.904569
300.000000 0.454000 0.454000 0.454000 0.000000 0.000000 0.000000 -31808.710292 -1.341738
300.000000 0.456000 0.456000 0.456000 0.000000 0.000000 0.000000 -31747.941306 0.510291
300.000000 0.458000 0.458000 0.458000 0.000000 0.000000 0.000000 -31743.572795 -4.406096
300.000000 0.460000 0.460000 0.460000 0.000000 0.000000 0.000000 -31737.961956 -3.357276
300.000000 0.462000 0.462000 0.462000 0.000000 0.000000 0.000000 -31856.414833 0.087351
300.000000 0.464000 0.464000 0.464000 0.000000 0.000000 0.000000 -31665.980779 3.628250
300.000000 0.466000 0.466000 0.466000 0.000000 0.000000 0.000000 -31660.786486 -2.721982
300.000000 0.468000 0.468000 0.468000 0.000000 0.000000 0.000000 -31629.558156 2.159532
300.000000 0.470000 0.470000 0.470000 0.000000 0.000000 0.000000 -31757.685971 2.117160
300.000000 0.472000 0.472000 0.472000 0.000000 0.000000 0.000000 -31781.826036 9.810965
300.000000 0.474000 0.474000 0.474000 0.000000 0.000000 0.000000 -31694.272390 3.096921
300.000000 0.476000 0.476000 0.476000 0.000000 0.000000 0.000000 -31745.394496 -1.859177
300.000000 0.478000 0.478000 0.478000 0.000000 0.000000 0.000000 -31773.201453 -1.054400
300.000000 0.480000 0.480000 0.480000 0.000000 0.000000 0.000000 -31763.310345 -3.055319
300.000000 0.482000 0.482000 0.482000 0.000000 0.000000 0.000000 -31688.631755 -2.330125
300.000000 0.484000 0.484000 0.484000 0.000000 0.000000 0.000000 -31605.361549 -6.072107
300.000000 0.486000 0.486000 0.486000 0.000000 0.000000 0.000000 -31711.381591 4.163791
300.000000 0.488000 0.488000 0.488000 0.000000 0.000000 0.000000 -31705.165726 8.633408
300.000000 0.490000 0.490000 0.490000 0.000000 0.000000 0.000000 -31715.003600 -0.893041
300.000000 0.492000 0.492000 0.492000 0.000000 0.000000 0.000000 -31716.565585 -7.656693
300.000000 0.494000 0.494000 0.494000 0.000000 0.000000 0.000000 -31701.768346 2.818691
300.000000 0.496000 0.496000 0.496000 0.000000 0.000000 0.000000 -31617.960111 1.719677
300.000000 0.498000 0.498000 0.498000 0.000000 0.000000 0.000000 -31652.999857 5.141520
