50.000000 0.500000 0.500000 0.500000 0.000000 0.000000 0.000000 -42898.543694 -15.460684
58.333333 0.500000 0.500000 0.500000 0.000000 0.000000 0.000000 -42821.489118 -5.258126
66.666667 0.500000 0.500000 0.500000 0.000000 0.000000 0.000000 -42756.171092 -6.707098
75.000000 0.500000 0.500000 0.500000 0.000000 0.000000 0.000000 -42688.606480 -6.856477
83.333333 0.500000 0.500000 0.500000 0.000000 0.000000 0.000000 -42578.343035 -5.766013
91.666667 0.500000 0.500000 0.500000 0.000000 0.000000 0.000000 -42441.837178 -14.639101
100.000000 0.500000 0.500000 0.500000 0.000000 0.000000 0.000000 -42352.214360 -7.259799
108.333333 0.500000 0.500000 0.500000 0.000000 0.000000 0.000000 -42214.793290 -9.858987
116.666667 0.500000 0.500000 0.500000 0.000000 0.000000 0.000000 -42042.521700 5.855641
125.000000 0.500000 0.500000 0.500000 0.000000 0.000000 0.000000 -41856.651392 3.570148
133.333333 0.500000 0.500000 0.500000 0.000000 0.000000 0.000000 -41700.938433 7.722873
141.666667 0.500000 0.500000 0.500000 0.000000 0.000000 0.000000 -41576.238255 -0.627390
150.000000 0.500000 0.500000 0.500000 0.000000 0.000000 0.000000 -41357.359460 -3.226577
158.333333 0.500000 0.500000 0.500000 0.000000 0.000000 0.000000 -41226.865187 -1.015774
166.666667 0.500000 0.500000 0.500000 0.000000 0.000000 0.000000 -40960.106981 13.309632
175.000000 0.500000 0.500000 0.500000 0.000000 0.000000 0.000000 -40802.831462 -4.078035
183.333333 0.500000 0.500000 0.500000 0.000000 0.000000 0.000000 -40541.493591 -3.585086
191.666667 0.500000 0.500000 0.500000 0.000000 0.000000 0.000000 -40195.225658 -5.766013
200.000000 0.500000 0.500000 0.500000 0.000000 0.000000 0.000000 -39915.599464 -2.808317
208.333333 0.500000 0.500000 0.500000 0.000000 0.000000 0.000000 -39647.107139 -9.619981
216.666667 0.500000 0.500000 0.500000 0.000000 0.000000 0.000000 -39352.512949 -18.104685
225.000000 0.500000 0.500000 0.500000 0.000000 0.000000 0.000000 -39149.525395 -2.688815
233.333333 0.500000 0.500000 0.500000 0.000000 0.000000 0.000000 -38723.419553 -4.630736
241.666667 0.500000 0.500000 0.500000 0.000000 0.000000 0.000000 -38342.443330 -9.380975
250.000000 0.500000 0.500000 0.500000 0.000000 0.000000 0.000000 -37913.053274 5.198375
258.333333 0.500000 0.500000 0.500000 0.000000 0.000000 0.000000 -37492.525759 -2.016611
266.666667 0.500000 0.500000 0.500000 0.000000 0.000000 0.000000 -37198.204827 12.249044
275.000000 0.500000 0.500000 0.500000 0.000000 0.000000 0.000000 -36732.276375 -7.065607
283.333333 0.500000 0.500000 0.500000 0.000000 0.000000 0.000000 -36284.142327 13.847395
291.666667 0.500000 0.500000 0.500000 0.000000 0.000000 0.000000 -35768.838681 15.027486
300.000000 0.500000 0.500000 0.500000 0.000000 0.000000 0.000000 -35695.580036 15.804254
300.000000 0.500000 0.500000 0.500000 0.000000 0.000000 0.000000 -35948.949010 -2.733628
300.000000 0.500000 0.500000 0.500000 0.000000 0.000000 0.000000 -36075.927480 1.553537
300.000000 0.500000 0.500000 0.500000 0.000000 0.000000 0.000000 -36035.132045 3.181764
300.000000 0.500000 0.500000 0.500000 0.000000 0.000000 0.000000 -36189.408396 8.036568
300.000000 0.500000 0.500000 0.500000 0.000000 0.000000 0.000000 -36089.957603 1.404159
300.000000 0.500000 0.500000 0.500000 0.000000 0.000000 0.000000 -36235.282137 -8.843212
300.000000 0.500000 0.500000 0.500000 0.000000 0.000000 0.000000 -36075.033706 -6.184273
300.000000 0.500000 0.500000 0.500000 0.000000 0.000000 0.000000 -36062.840637 12.084728
300.000000 0.500000 0.500000 0.500000 0.000000 0.000000 0.000000 -36096.491233 -12.428298
300.000000 0.500000 0.500000 0.500000 0.000000 0.000000 0.000000 -36049.779573 -15.938695
300.000000 0.500000 0.500000 0.500000 0.000000 0.000000 0.000000 -36124.991319 -11.546965
300.000000 0.500000 0.500000 0.500000 0.000000 0.000000 0.000000 -36179.455385 -16.536209
300.000000 0.500000 0.500000 0.500000 0.000000 0.000000 0.000000 -36133.860130 2.629063
300.000000 0.500000 0.500000 0.500000 0.000000 0.000000 0.000000 -36100.137431 -6.497968
300.000000 0.500000 0.500000 0.500000 0.000000 0.000000 0.000000 -36164.189141 -4.346917
300.000000 0.500000 0.500000 0.500000 0.000000 0.000000 0.000000 -35985.498647 0.687141
300.000000 0.500000 0.500000 0.500000 0.000000 0.000000 0.000000 -36105.571140 5.482194
300.000000 0.500000 0.500000 0.500000 0.000000 0.000000 0.000000 -36176.173429 -3.166826
300.000000 0.500000 0.500000 0.500000 0.000000 0.000000 0.000000 -36192.224633 23.840822
300.000000 0.500000 0.500000 0.500000 0.000000 0.000000 0.000000 -36323.364861 -10.247371
300.000000 0.500000 0.500000 0.500000 0.000000 0.000000 0.000000 -36268.611998 -1.105402
300.000000 0.500000 0.500000 0.500000 0.000000 0.000000 0.000000 -36201.056272 -3.062261
300.000000 0.500000 0.500000 0.500000 0.000000 0.000000 0.000000 -36349.263189 5.213313
300.000000 0.500000 0.500000 0.500000 0.000000 0.000000 0.000000 -36255.143967 -20.315488
300.000000 0.500000 0.500000 0.500000 0.000000 0.000000 0.000000 -36130.016165 8.649020
300.000000 0.500000 0.500000 0.500000 0.000000 0.000000 0.000000 -36116.281380 10.949450
300.000000 0.500000 0.500000 0.500000 0.000000 0.000000 0.000000 -36235.417924 -6.333652
300.000000 0.500000 0.500000 0.500000 0.000000 0.000000 0.000000 -36387.984988 -7.140296
300.000000 0.500000 0.500000 0.500000 0.000000 0.000000 0.000000 -36347.637810 35.925550
