300.000000 0.500000 0.500000 0.500000 0.000000 0.000000 0.000000 -36354.341641 17.716300
300.000000 0.500000 0.500000 0.500000 0.000000 0.000000 0.000000 -36229.769923 -5.646511
300.000000 0.500000 0.500000 0.500000 0.000000 0.000000 0.000000 -36266.566317 -0.941085
300.000000 0.500000 0.500000 0.500000 0.000000 0.000000 0.000000 -36353.363984 1.150215
300.000000 0.500000 0.500000 0.500000 0.000000 0.000000 0.000000 -36285.790583 -0.642328
300.000000 0.500000 0.500000 0.500000 0.000000 0.000000 0.000000 -36324.330126 -2.703752
300.000000 0.500000 0.500000 0.500000 0.000000 0.000000 0.000000 -36238.132950 1.822419
300.000000 0.500000 0.500000 0.500000 0.000000 0.000000 0.000000 -36344.408636 -9.888862
300.000000 0.500000 0.500000 0.500000 0.000000 0.000000 0.000000 -36263.078152 8.977653
300.000000 0.500000 0.500000 0.500000 0.000000 0.000000 0.000000 -36225.147327 4.122849
300.000000 0.500000 0.500000 0.500000 0.000000 0.000000 0.000000 -36284.072525 0.253944
300.000000 0.500000 0.500000 0.500000 0.000000 0.000000 0.000000 -36298.632531 11.890535
300.000000 0.500000 0.500000 0.500000 0.000000 0.000000 0.000000 -36299.718312 15.759441
300.000000 0.500000 0.500000 0.500000 0.000000 0.000000 0.000000 -36274.646576 -15.251554
300.000000 0.500000 0.500000 0.500000 0.000000 0.000000 0.000000 -36274.901949 3.181764
300.000000 0.500000 0.500000 0.500000 0.000000 0.000000 0.000000 -36133.612316 -8.350263
300.000000 0.500000 0.500000 0.500000 0.000000 0.000000 0.000000 -36303.518728 -13.205067
300.000000 0.500000 0.500000 0.500000 0.000000 0.000000 0.000000 -36149.723074 -18.821702
300.000000 0.500000 0.500000 0.500000 0.000000 0.000000 0.000000 -36327.284788 -4.824928
300.000000 0.500000 0.500000 0.500000 0.000000 0.000000 0.000000 -36173.742800 0.970961
300.000000 0.500000 0.500000 0.500000 0.000000 0.000000 0.000000 -36109.307443 -18.343690
300.000000 0.500000 0.500000 0.500000 0.000000 0.000000 0.000000 -36204.843422 -11.621654
300.000000 0.500000 0.500000 0.500000 0.000000 0.000000 0.000000 -36347.081302 2.285492
300.000000 0.500000 0.500000 0.500000 0.000000 0.000000 0.000000 -36364.898083 7.917065
300.000000 0.500000 0.500000 0.500000 0.000000 0.000000 0.000000 -36212.231958 -1.673040
300.000000 0.500000 0.500000 0.500000 0.000000 0.000000 0.000000 -36184.644461 -4.899618
300.000000 0.500000 0.500000 0.500000 0.000000 0.000000 0.000000 -36071.594150 -10.874761
300.000000 0.500000 0.500000 0.500000 0.000000 0.000000 0.000000 -36122.685083 -17.163599
300.000000 0.500000 0.500000 0.500000 0.000000 0.000000 0.000000 -35982.553762 -4.795053
300.000000 0.500000 0.500000 0.500000 0.000000 0.000000 0.000000 -36149.736859 -3.540272
