300.000000 0.000000 0.000000 0.000000 0.000000 0.000000 0.000000 -34401.558127 852.355165
300.000000 0.002000 0.002000 0.002000 0.000000 0.000000 0.000000 -34396.252046 783.207919
300.000000 0.004000 0.004000 0.004000 0.000000 0.000000 0.000000 -34354.135562 827.591396
300.000000 0.006000 0.006000 0.006000 0.000000 0.000000 0.000000 -34263.691747 874.585939
300.000000 0.008000 0.008000 0.008000 0.000000 0.000000 0.000000 -34376.753939 843.298887
300.000000 0.010000 0.010000 0.010000 0.000000 0.000000 0.000000 -34460.332472 787.666479
300.000000 0.012000 0.012000 0.012000 0.000000 0.000000 0.000000 -34439.448653 956.361050
300.000000 0.014000 0.014000 0.014000 0.000000 0.000000 0.000000 -34316.744568 894.353000
300.000000 0.016000 0.016000 0.016000 0.000000 0.000000 0.000000 -34351.381865 834.143470
300.000000 0.018000 0.018000 0.018000 0.000000 0.000000 0.000000 -34323.408964 798.710077
300.000000 0.020000 0.020000 0.020000 0.000000 0.000000 0.000000 -34263.966445 764.744218
300.000000 0.022000 0.022000 0.022000 0.000000 0.000000 0.000000 -34445.039100 853.944562
300.000000 0.024000 0.024000 0.024000 0.000000 0.000000 0.000000 -34250.620798 791.530072
300.000000 0.026000 0.026000 0.026000 0.000000 0.000000 0.000000 -34212.990243 735.447173
300.000000 0.028000 0.028000 0.028000 0.000000 0.000000 0.000000 -34351.384189 766.326986
300.000000 0.030000 0.030000 0.030000 0.000000 0.000000 0.000000 -34286.010619 700.375138
300.000000 0.032000 0.032000 0.032000 0.000000 0.000000 0.000000 -34258.849987 815.105038
300.000000 0.034000 0.034000 0.034000 0.000000 0.000000 0.000000 -34270.103907 911.890114
300.000000 0.036000 0.036000 0.036000 0.000000 0.000000 0.000000 -34383.570744 873.966820
300.000000 0.038000 0.038000 0.038000 0.000000 0.000000 0.000000 -34346.388516 852.965649
300.000000 0.040000 0.040000 0.040000 0.000000 0.000000 0.000000 -34277.901836 920.411508
300.000000 0.042000 0.042000 0.042000 0.000000 0.000000 0.000000 -34077.665152 907.536537
300.000000 0.044000 0.044000 0.044000 0.000000 0.000000 0.000000 -34286.692355 867.798313
300.000000 0.046000 0.046000 0.046000 0.000000 0.000000 0.000000 -34240.064068 968.176116
300.000000 0.048000 0.048000 0.048000 0.000000 0.000000 0.000000 -34389.759368 736.680663
300.000000 0.050000 0.050000 0.050000 0.000000 0.000000 0.000000 -34358.265093 734.457105
300.000000 0.052000 0.052000 0.052000 0.000000 0.000000 0.000000 -34421.915016 697.268371
300.000000 0.054000 0.054000 0.054000 0.000000 0.000000 0.000000 -34455.630336 603.554359
300.000000 0.056000 0.056000 0.056000 0.000000 0.000000 0.000000 -34468.443119 132.110700
300.000000 0.058000 0.058000 0.058000 0.000000 0.000000 0.000000 -34375.100678 121.757918
300.000000 0.060000 0.060000 0.060000 0.000000 0.000000 0.000000 -34392.503523 83.142920
300.000000 0.062000 0.062000 0.062000 0.000000 0.000000 0.000000 -34445.727163 90.255462
300.000000 0.064000 0.064000 0.064000 0.000000 0.000000 0.000000 -34361.394502 86.664523
300.000000 0.066000 0.066000 0.066000 0.000000 0.000000 0.000000 -34254.228882 139.209601
300.000000 0.068000 0.068000 0.068000 0.000000 0.000000 0.000000 -34397.646836 119.669139
300.000000 0.070000 0.070000 0.070000 0.000000 0.000000 0.000000 -34462.897479 118.378627
300.000000 0.072000 0.072000 0.072000 0.000000 0.000000 0.000000 -34293.821688 132.557987
300.000000 0.074000 0.074000 0.074000 0.000000 0.000000 0.000000 -34322.061608 74.370008
300.000000 0.076000 0.076000 0.076000 0.000000 0.000000 0.000000 -34199.063474 64.413989
300.000000 0.078000 0.078000 0.078000 0.000000 0.000000 0.000000 -34381.992534 119.316094
300.000000 0.080000 0.080000 0.080000 0.000000 0.000000 0.000000 -34399.742569 94.460134
300.000000 0.082000 0.082000 0.082000 0.000000 0.000000 0.000000 -34373.059274 61.660280
300.000000 0.084000 0.084000 0.084000 0.000000 0.000000 0.000000 -34353.967939 71.516292
300.000000 0.086000 0.086000 0.086000 0.000000 0.000000 0.000000 -34299.887038 71.348106
300.000000 0.088000 0.088000 0.088000 0.000000 0.000000 0.000000 -34381.952757 77.238154
300.000000 0.090000 0.090000 0.090000 0.000000 0.000000 0.000000 -34414.489059 69.831874
300.000000 0.092000 0.092000 0.092000 0.000000 0.000000 0.000000 -34328.985549 93.004395
300.000000 0.094000 0.094000 0.094000 0.000000 0.000000 0.000000 -34439.209136 83.758453
300.000000 0.096000 0.096000 0.096000 0.000000 0.000000 0.000000 -34469.343296 85.732385
300.000000 0.098000 0.098000 0.098000 0.000000 0.000000 0.000000 -34451.906065 89.380545
300.000000 0.100000 0.100000 0.100000 0.000000 0.000000 0.000000 -34368.307413 86.470616
300.000000 0.102000 0.102000 0.102000 0.000000 0.000000 0.000000 -34228.503606 61.085168
300.000000 0.104000 0.104000 0.104000 0.000000 0.000000 0.000000 -34254.929694 75.468817
300.000000 0.106000 0.106000 0.106000 0.000000 0.000000 0.000000 -34271.376048 59.208089
300.000000 0.108000 0.108000 0.108000 0.000000 0.000000 0.000000 -34137.789792 55.970966
300.000000 0.110000 0.110000 0.110000 0.000000 0.000000 0.000000 -34298.678029 76.802189
300.000000 0.112000 0.112000 0.112000 0.000000 0.000000 0.000000 -34405.972609 60.037419
300.000000 0.114000 0.114000 0.114000 0.000000 0.000000 0.000000 -34333.180520 69.914445
300.000000 0.116000 0.116000 0.116000 0.000000 0.000000 0.000000 -34304.715117 52.561571
300.000000 0.118000 0.118000 0.118000 0.000000 0.000000 0.000000 -34274.285720 60.573571
300.000000 0.120000 0.120000 0.120000 0.000000 0.000000 0.000000 -34274.458617 61.949660
300.000000 0.122000 0.122000 0.122000 0.000000 0.000000 0.000000 -34372.625856 55.004330
300.000000 0.124000 0.124000 0.124000 0.000000 0.000000 0.000000 -34339.013512 46.029101
300.000000 0.126000 0.126000 0.126000 0.000000 0.000000 0.000000 -34356.637293 27.836133
300.000000 0.128000 0.128000 0.128000 0.000000 0.000000 0.000000 -34379.694454 47.278438
300.000000 0.130000 0.130000 0.130000 0.000000 0.000000 0.000000 -34350.948042 34.040010
300.000000 0.132000 0.132000 0.132000 0.000000 0.000000 0.000000 -34284.584617 35.136958
300.000000 0.134000 0.134000 0.134000 0.000000 0.000000 0.000000 -34339.209468 30.694024
300.000000 0.136000 0.136000 0.136000 0.000000 0.000000 0.000000 -34137.745366 41.497149
300.000000 0.138000 0.138000 0.138000 0.000000 0.000000 0.000000 -34346.076627 59.097109
300.000000 0.140000 0.140000 0.140000 0.000000 0.000000 0.000000 -34175.103425 36.408649
300.000000 0.142000 0.142000 0.142000 0.000000 0.000000 0.000000 -34377.476815 54.753132
300.000000 0.144000 0.144000 0.144000 0.000000 0.000000 0.000000 -34447.393890 45.514069
300.000000 0.146000 0.146000 0.146000 0.000000 0.000000 0.000000 -34433.498493 39.263416
300.000000 0.148000 0.148000 0.148000 0.000000 0.000000 0.000000 -34238.755315 25.312246
300.000000 0.150000 0.150000 0.150000 0.000000 0.000000 0.000000 -34378.696909 60.469956
300.000000 0.152000 0.152000 0.152000 0.000000 0.000000 0.000000 -34318.284814 41.267532
300.000000 0.154000 0.154000 0.154000 0.000000 0.000000 0.000000 -34289.619373 42.476966
300.000000 0.156000 0.156000 0.156000 0.000000 0.000000 0.000000 -34292.565291 49.663314
300.000000 0.158000 0.158000 0.158000 0.000000 0.000000 0.000000 -34427.324322 70.670034
300.000000 0.160000 0.160000 0.160000 0.000000 0.000000 0.000000 -34340.366195 34.985075
300.000000 0.162000 0.162000 0.162000 0.000000 0.000000 0.000000 -34280.403985 39.170199
300.000000 0.164000 0.164000 0.164000 0.000000 0.000000 0.000000 -34245.193070 40.455249
300.000000 0.166000 0.166000 0.166000 0.000000 0.000000 0.000000 -34205.699526 46.791086
300.000000 0.168000 0.168000 0.168000 0.000000 0.000000 0.000000 -34316.213572 29.988279
300.000000 0.170000 0.170000 0.170000 0.000000 0.000000 0.000000 -34402.840066 28.832290
300.000000 0.172000 0.172000 0.172000 0.000000 0.000000 0.000000 -34423.955622 30.698565
300.000000 0.174000 0.174000 0.174000 0.000000 0.000000 0.000000 -34479.768973 34.026749
300.000000 0.176000 0.176000 0.176000 0.000000 0.000000 0.000000 -34300.197161 44.006478
300.000000 0.178000 0.178000 0.178000 0.000000 0.000000 0.000000 -34337.559474 42.965936
300.000000 0.180000 0.180000 0.180000 0.000000 0.000000 0.000000 -34234.251417 40.203807
300.000000 0.182000 0.182000 0.182000 0.000000 0.000000 0.000000 -34225.419898 34.504266
300.000000 0.184000 0.184000 0.184000 0.000000 0.000000 0.000000 -34460.727733 55.826302
300.000000 0.186000 0.186000 0.186000 0.000000 0.000000 0.000000 -34288.207984 21.430079
300.000000 0.188000 0.188000 0.188000 0.000000 0.000000 0.000000 -34397.453146 31.251456
300.000000 0.190000 0.190000 0.190000 0.000000 0.000000 0.000000 -34336.574437 23.981386
300.000000 0.192000 0.192000 0.192000 0.000000 0.000000 0.000000 -34361.573449 39.722649
300.000000 0.194000 0.194000 0.194000 0.000000 0.000000 0.000000 -34381.455783 28.955887
300.000000 0.196000 0.196000 0.196000 0.000000 0.000000 0.000000 -34267.481385 35.488714
300.000000 0.198000 0.198000 0.198000 0.000000 0.000000 0.000000 -34434.209932 24.643765
300.000000 0.200000 0.200000 0.200000 0.000000 0.000000 0.000000 -34513.425850 39.058352
300.000000 0.202000 0.202000 0.202000 0.000000 0.000000 0.000000 -34401.245857 18.750200
300.000000 0.204000 0.204000 0.204000 0.000000 0.000000 0.000000 -34486.459281 26.793219
300.000000 0.206000 0.206000 0.206000 0.000000 0.000000 0.000000 -34351.546503 33.293610
300.000000 0.208000 0.208000 0.208000 0.000000 0.000000 0.000000 -34348.904311 34.763943
300.000000 0.210000 0.210000 0.210000 0.000000 0.000000 0.000000 -34418.151758 31.458264
300.000000 0.212000 0.212000 0.212000 0.000000 0.000000 0.000000 -34380.981988 28.549229
300.000000 0.214000 0.214000 0.214000 0.000000 0.000000 0.000000 -34413.485736 37.155100
300.000000 0.216000 0.216000 0.216000 0.000000 0.000000 0.000000 -34406.078676 25.869656
300.000000 0.218000 0.218000 0.218000 0.000000 0.000000 0.000000 -34329.097658 22.779626
300.000000 0.220000 0.220000 0.220000 0.000000 0.000000 0.000000 -34522.863408 27.872868
300.000000 0.222000 0.222000 0.222000 0.000000 0.000000 0.000000 -34552.449783 10.935050
300.000000 0.224000 0.224000 0.224000 0.000000 0.000000 0.000000 -34545.116149 29.856280
300.000000 0.226000 0.226000 0.226000 0.000000 0.000000 0.000000 -34484.293179 29.803770
300.000000 0.228000 0.228000 0.228000 0.000000 0.000000 0.000000 -34432.984713 33.964024
300.000000 0.230000 0.230000 0.230000 0.000000 0.000000 0.000000 -34385.906678 17.356235
300.000000 0.232000 0.232000 0.232000 0.000000 0.000000 0.000000 -34323.758553 19.310232
300.000000 0.234000 0.234000 0.234000 0.000000 0.000000 0.000000 -34475.263347 20.175815
300.000000 0.236000 0.236000 0.236000 0.000000 0.000000 0.000000 -34280.678845 21.141036
300.000000 0.238000 0.238000 0.238000 0.000000 0.000000 0.000000 -34230.909257 29.110321
300.000000 0.240000 0.240000 0.240000 0.000000 0.000000 0.000000 -34276.710072 43.123400
300.000000 0.242000 0.242000 0.242000 0.000000 0.000000 0.000000 -34183.492118 23.532395
300.000000 0.244000 0.244000 0.244000 0.000000 0.000000 0.000000 -34200.950319 21.178669
300.000000 0.246000 0.246000 0.246000 0.000000 0.000000 0.000000 -34116.847521 15.671662
300.000000 0.248000 0.248000 0.248000 0.000000 0.000000 0.000000 -34214.148133 25.591374
300.000000 0.250000 0.250000 0.250000 0.000000 0.000000 0.000000 -34257.652993 25.243263
300.000000 0.252000 0.252000 0.252000 0.000000 0.000000 0.000000 -34324.256167 25.552836
300.000000 0.254000 0.254000 0.254000 0.000000 0.000000 0.000000 -34356.646314 21.546849
300.000000 0.256000 0.256000 0.256000 0.000000 0.000000 0.000000 -34381.380652 19.299424
300.000000 0.258000 0.258000 0.258000 0.000000 0.000000 0.000000 -34243.082496 28.587580
300.000000 0.260000 0.260000 0.260000 0.000000 0.000000 0.000000 -34204.195860 19.874012
300.000000 0.262000 0.262000 0.262000 0.000000 0.000000 0.000000 -34174.612912 18.878064
300.000000 0.264000 0.264000 0.264000 0.000000 0.000000 0.000000 -34281.330019 21.665132
300.000000 0.266000 0.266000 0.266000 0.000000 0.000000 0.000000 -34277.350385 27.867831
300.000000 0.268000 0.268000 0.268000 0.000000 0.000000 0.000000 -34285.571691 27.700457
300.000000 0.270000 0.270000 0.270000 0.000000 0.000000 0.000000 -34282.556533 14.038553
300.000000 0.272000 0.272000 0.272000 0.000000 0.000000 0.000000 -34251.511582 19.527148
300.000000 0.274000 0.274000 0.274000 0.000000 0.000000 0.000000 -34331.373889 30.653425
300.000000 0.276000 0.276000 0.276000 0.000000 0.000000 0.000000 -34366.780953 10.689708
300.000000 0.278000 0.278000 0.278000 0.000000 0.000000 0.000000 -34378.748915 31.658422
300.000000 0.280000 0.280000 0.280000 0.000000 0.000000 0.000000 -34243.606312 21.988050
300.000000 0.282000 0.282000 0.282000 0.000000 0.000000 0.000000 -34259.913183 30.782805
300.000000 0.284000 0.284000 0.284000 0.000000 0.000000 0.000000 -34130.093193 14.686724
300.000000 0.286000 0.286000 0.286000 0.000000 0.000000 0.000000 -34264.552030 22.971353
300.000000 0.288000 0.288000 0.288000 0.000000 0.000000 0.000000 -34345.730694 17.877494
300.000000 0.290000 0.290000 0.290000 0.000000 0.000000 0.000000 -34306.962207 18.176011
300.000000 0.292000 0.292000 0.292000 0.000000 0.000000 0.000000 -34283.725945 15.799934
300.000000 0.294000 0.294000 0.294000 0.000000 0.000000 0.000000 -34341.134989 17.226235
300.000000 0.296000 0.296000 0.296000 0.000000 0.000000 0.000000 -34391.316290 18.187262
300.000000 0.298000 0.298000 0.298000 0.000000 0.000000 0.000000 -34287.563618 18.010534
300.000000 0.300000 0.300000 0.300000 0.000000 0.000000 0.000000 -34242.209449 26.652456
300.000000 0.302000 0.302000 0.302000 0.000000 0.000000 0.000000 -34303.337238 6.737843
300.000000 0.304000 0.304000 0.304000 0.000000 0.000000 0.000000 -34304.987233 10.269393
300.000000 0.306000 0.306000 0.306000 0.000000 0.000000 0.000000 -34471.942330 14.395505
300.000000 0.308000 0.308000 0.308000 0.000000 0.000000 0.000000 -34370.488566 20.637266
300.000000 0.310000 0.310000 0.310000 0.000000 0.000000 0.000000 -34390.196754 4.484079
300.000000 0.312000 0.312000 0.312000 0.000000 0.000000 0.000000 -34433.570302 -4.886678
300.000000 0.314000 0.314000 0.314000 0.000000 0.000000 0.000000 -34378.900583 11.537150
300.000000 0.316000 0.316000 0.316000 0.000000 0.000000 0.000000 -34403.800978 18.718339
300.000000 0.318000 0.318000 0.318000 0.000000 0.000000 0.000000 -34433.524623 13.794577
300.000000 0.320000 0.320000 0.320000 0.000000 0.000000 0.000000 -34389.815154 32.678697
300.000000 0.322000 0.322000 0.322000 0.000000 0.000000 0.000000 -34285.464809 31.318133
300.000000 0.324000 0.324000 0.324000 0.000000 0.000000 0.000000 -34345.740211 17.541687
300.000000 0.326000 0.326000 0.326000 0.000000 0.000000 0.000000 -34267.547006 8.211817
300.000000 0.328000 0.328000 0.328000 0.000000 0.000000 0.000000 -34336.319164 16.559693
300.000000 0.330000 0.330000 0.330000 0.000000 0.000000 0.000000 -34175.544637 18.532962
300.000000 0.332000 0.332000 0.332000 0.000000 0.000000 0.000000 -34308.759936 14.015570
300.000000 0.334000 0.334000 0.334000 0.000000 0.000000 0.000000 -34211.848417 16.386773
300.000000 0.336000 0.336000 0.336000 0.000000 0.000000 0.000000 -34288.073697 6.154557
300.000000 0.338000 0.338000 0.338000 0.000000 0.000000 0.000000 -34386.187989 16.244527
300.000000 0.340000 0.340000 0.340000 0.000000 0.000000 0.000000 -34382.109685 4.708959
300.000000 0.342000 0.342000 0.342000 0.000000 0.000000 0.000000 -34289.786798 5.625094
300.000000 0.344000 0.344000 0.344000 0.000000 0.000000 0.000000 -34231.509545 18.498147
300.000000 0.346000 0.346000 0.346000 0.000000 0.000000 0.000000 -34281.369406 9.754361
300.000000 0.348000 0.348000 0.348000 0.000000 0.000000 0.000000 -34352.222483 9.445598
300.000000 0.350000 0.350000 0.350000 0.000000 0.000000 0.000000 -34384.444872 15.170758
300.000000 0.352000 0.352000 0.352000 0.000000 0.000000 0.000000 -34459.050922 18.626349
300.000000 0.354000 0.354000 0.354000 0.000000 0.000000 0.000000 -34269.590263 18.227127
300.000000 0.356000 0.356000 0.356000 0.000000 0.000000 0.000000 -34390.318341 8.032216
300.000000 0.358000 0.358000 0.358000 0.000000 0.000000 0.000000 -34273.066930 10.582298
300.000000 0.360000 0.360000 0.360000 0.000000 0.000000 0.000000 -34456.823733 4.503245
300.000000 0.362000 0.362000 0.362000 0.000000 0.000000 0.000000 -34478.532348 7.668138
300.000000 0.364000 0.364000 0.364000 0.000000 0.000000 0.000000 -34449.237019 18.659268
300.000000 0.366000 0.366000 0.366000 0.000000 0.000000 0.000000 -34330.919855 19.008732
300.000000 0.368000 0.368000 0.368000 0.000000 0.000000 0.000000 -34395.623893 14.088339
300.000000 0.370000 0.370000 0.370000 0.000000 0.000000 0.000000 -34496.852626 10.796539
300.000000 0.372000 0.372000 0.372000 0.000000 0.000000 0.000000 -34331.437715 18.190469
300.000000 0.374000 0.374000 0.374000 0.000000 0.000000 0.000000 -34289.750616 9.862244
300.000000 0.376000 0.376000 0.376000 0.000000 0.000000 0.000000 -34357.307589 10.531087
300.000000 0.378000 0.378000 0.378000 0.000000 0.000000 0.000000 -34318.018298 7.092153
300.000000 0.380000 0.380000 0.380000 0.000000 0.000000 0.000000 -34335.799023 13.641623
300.000000 0.382000 0.382000 0.382000 0.000000 0.000000 0.000000 -34385.935344 13.641315
300.000000 0.384000 0.384000 0.384000 0.000000 0.000000 0.000000 -34355.251811 20.127134
300.000000 0.386000 0.386000 0.386000 0.000000 0.000000 0.000000 -34452.233973 14.767281
300.000000 0.388000 0.388000 0.388000 0.000000 0.000000 0.000000 -34353.988319 -4.946768
300.000000 0.390000 0.390000 0.390000 0.000000 0.000000 0.000000 -34293.914044 11.881388
300.000000 0.392000 0.392000 0.392000 0.000000 0.000000 0.000000 -34205.080920 -4.667748
300.000000 0.394000 0.394000 0.394000 0.000000 0.000000 0.000000 -34241.682326 13.941736
300.000000 0.396000 0.396000 0.396000 0.000000 0.000000 0.000000 -34201.776305 25.721518
300.000000 0.398000 0.398000 0.398000 0.000000 0.000000 0.000000 -34246.838980 7.561623
300.000000 0.400000 0.400000 0.400000 0.000000 0.000000 0.000000 -34300.003055 3.265851
300.000000 0.402000 0.402000 0.402000 0.000000 0.000000 0.000000 -34263.853111 16.781616
300.000000 0.404000 0.404000 0.404000 0.000000 0.000000 0.000000 -34237.019788 6.961280
300.000000 0.406000 0.406000 0.406000 0.000000 0.000000 0.000000 -34211.026822 19.158238
300.000000 0.408000 0.408000 0.408000 0.000000 0.000000 0.000000 -34238.617198 5.174851
300.000000 0.410000 0.410000 0.410000 0.000000 0.000000 0.000000 -34359.435420 9.726521
300.000000 0.412000 0.412000 0.412000 0.000000 0.000000 0.000000 -34354.762692 5.272035
300.000000 0.414000 0.414000 0.414000 0.000000 0.000000 0.000000 -34452.471341 -3.159667
300.000000 0.416000 0.416000 0.416000 0.000000 0.000000 0.000000 -34434.254612 1.207256
300.000000 0.418000 0.418000 0.418000 0.000000 0.000000 0.000000 -34573.394312 -1.245713
300.000000 0.420000 0.420000 0.420000 0.000000 0.000000 0.000000 -34417.120777 14.641639
300.000000 0.422000 0.422000 0.422000 0.000000 0.000000 0.000000 -34377.611462 7.314994
300.000000 0.424000 0.424000 0.424000 0.000000 0.000000 0.000000 -34389.818297 12.380665
300.000000 0.426000 0.426000 0.426000 0.000000 0.000000 0.000000 -34322.267486 10.596038
300.000000 0.428000 0.428000 0.428000 0.000000 0.000000 0.000000 -34390.699095 6.905364
300.000000 0.430000 0.430000 0.430000 0.000000 0.000000 0.000000 -34288.668568 6.527633
300.000000 0.432000 0.432000 0.432000 0.000000 0.000000 0.000000 -34334.819295 -4.205737
300.000000 0.434000 0.434000 0.434000 0.000000 0.000000 0.000000 -34334.807143 9.182285
300.000000 0.436000 0.436000 0.436000 0.000000 0.000000 0.000000 -34325.833706 4.715298
300.000000 0.438000 0.438000 0.438000 0.000000 0.000000 0.000000 -34251.257294 -3.675457
300.000000 0.440000 0.440000 0.440000 0.000000 0.000000 0.000000 -34165.669958 -1.502755
300.000000 0.442000 0.442000 0.442000 0.000000 0.000000 0.000000 -34298.651403 -1.244123
300.000000 0.444000 0.444000 0.444000 0.000000 0.000000 0.000000 -34277.316005 8.500846
300.000000 0.446000 0.446000 0.446000 0.000000 0.000000 0.000000 -34131.222704 2.073485
300.000000 0.448000 0.448000 0.448000 0.000000 0.000000 0.000000 -34178.576650 10.977306
300.000000 0.450000 0.450000 0.450000 0.000000 0.000000 0.000000 -34278.814554 -11.032230
300.000000 0.452000 0.452000 0.452000 0.000000 0.000000 0.000000 -34158.814551 3.103235
300.000000 0.454000 0.454000 0.454000 0.000000 0.000000 0.000000 -34229.962586 9.649732
300.000000 0.456000 0.456000 0.456000 0.000000 0.000000 0.000000 -34242.748869 -5.273668
300.000000 0.458000 0.458000 0.458000 0.000000 0.000000 0.000000 -34336.461420 2.005643
300.000000 0.460000 0.460000 0.460000 0.000000 0.000000 0.000000 -34309.165690 1.066246
300.000000 0.462000 0.462000 0.462000 0.000000 0.000000 0.000000 -34352.128701 -8.252130
300.000000 0.464000 0.464000 0.464000 0.000000 0.000000 0.000000 -34267.764413 -0.013716
300.000000 0.466000 0.466000 0.466000 0.000000 0.000000 0.000000 -34187.378401 4.674710
300.000000 0.468000 0.468000 0.468000 0.000000 0.000000 0.000000 -34228.563430 -0.035783
300.000000 0.470000 0.470000 0.470000 0.000000 0.000000 0.000000 -34263.072162 -0.676213
300.000000 0.472000 0.472000 0.472000 0.000000 0.000000 0.000000 -34349.908043 1.814150
300.000000 0.474000 0.474000 0.474000 0.000000 0.000000 0.000000 -34209.635484 -8.885457
300.000000 0.476000 0.476000 0.476000 0.000000 0.000000 0.000000 -34296.484410 0.251271
300.000000 0.478000 0.478000 0.478000 0.000000 0.000000 0.000000 -34374.314517 4.154045
300.000000 0.480000 0.480000 0.480000 0.000000 0.000000 0.000000 -34345.425523 -3.329754
300.000000 0.482000 0.482000 0.482000 0.000000 0.000000 0.000000 -34505.811408 3.108243
300.000000 0.484000 0.484000 0.484000 0.000000 0.000000 0.000000 -34549.867963 -0.720200
300.000000 0.486000 0.486000 0.486000 0.000000 0.000000 0.000000 -34436.795252 -7.257520
300.000000 0.488000 0.488000 0.488000 0.000000 0.000000 0.000000 -34460.886770 3.066829
300.000000 0.490000 0.490000 0.490000 0.000000 0.000000 0.000000 -34382.507345 -0.308543
300.000000 0.492000 0.492000 0.492000 0.000000 0.000000 0.000000 -34279.434830 -8.289918
300.000000 0.494000 0.494000 0.494000 0.000000 0.000000 0.000000 -34316.196745 2.993474
300.000000 0.496000 0.496000 0.496000 0.000000 0.000000 0.000000 -34230.322507 4.802417
300.000000 0.498000 0.498000 0.498000 0.000000 0.000000 0.000000 -34135.218718 -4.778575
