300.000000 0.000000 0.000000 0.000000 0.000000 0.000000 0.000000 -32896.173954 798.752505
300.000000 0.002000 0.002000 0.002000 0.000000 0.000000 0.000000 -32841.978061 835.131428
300.000000 0.004000 0.004000 0.004000 0.000000 0.000000 0.000000 -32847.507303 902.567709
300.000000 0.006000 0.006000 0.006000 0.000000 0.000000 0.000000 -32901.576193 792.219629
300.000000 0.008000 0.008000 0.008000 0.000000 0.000000 0.000000 -32820.078207 679.345980
300.000000 0.010000 0.010000 0.010000 0.000000 0.000000 0.000000 -32994.660972 658.650617
300.000000 0.012000 0.012000 0.012000 0.000000 0.000000 0.000000 -32939.322811 229.259331
300.000000 0.014000 0.014000 0.014000 0.000000 0.000000 0.000000 -32865.409105 200.868427
300.000000 0.016000 0.016000 0.016000 0.000000 0.000000 0.000000 -32864.118375 155.267541
300.000000 0.018000 0.018000 0.018000 0.000000 0.000000 0.000000 -32823.545535 115.509521
300.000000 0.020000 0.020000 0.020000 0.000000 0.000000 0.000000 -32822.414096 190.537459
300.000000 0.022000 0.022000 0.022000 0.000000 0.000000 0.000000 -32835.709625 156.424242
300.000000 0.024000 0.024000 0.024000 0.000000 0.000000 0.000000 -32929.940344 155.904292
300.000000 0.026000 0.026000 0.026000 0.000000 0.000000 0.000000 -32950.160015 161.359620
300.000000 0.028000 0.028000 0.028000 0.000000 0.000000 0.000000 -33066.941462 63.116575
300.000000 0.030000 0.030000 0.030000 0.000000 0.000000 0.000000 -32965.669763 155.498366
300.000000 0.032000 0.032000 0.032000 0.000000 0.000000 0.000000 -32994.718825 118.246510
300.000000 0.034000 0.034000 0.034000 0.000000 0.000000 0.000000 -33019.687561 122.173439
300.000000 0.036000 0.036000 0.036000 0.000000 0.000000 0.000000 -32969.197645 130.435641
300.000000 0.038000 0.038000 0.038000 0.000000 0.000000 0.000000 -33089.600102 126.946178
300.000000 0.040000 0.040000 0.040000 0.000000 0.000000 0.000000 -33044.582620 174.054327
300.000000 0.042000 0.042000 0.042000 0.000000 0.000000 0.000000 -33016.354630 99.117494
300.000000 0.044000 0.044000 0.044000 0.000000 0.000000 0.000000 -32981.454522 110.405481
300.000000 0.046000 0.046000 0.046000 0.000000 0.000000 0.000000 -32955.390829 142.034398
300.000000 0.048000 0.048000 0.048000 0.000000 0.000000 0.000000 -32954.901856 139.446169
300.000000 0.050000 0.050000 0.050000 0.000000 0.000000 0.000000 -33020.961306 91.502194
300.000000 0.052000 0.052000 0.052000 0.000000 0.000000 0.000000 -33026.728951 86.529553
300.000000 0.054000 0.054000 0.054000 0.000000 0.000000 0.000000 -32914.246957 109.114260
300.000000 0.056000 0.056000 0.056000 0.000000 0.000000 0.000000 -33077.026962 72.031856
300.000000 0.058000 0.058000 0.058000 0.000000 0.000000 0.000000 -32953.210742 90.909115
300.000000 0.060000 0.060000 0.060000 0.000000 0.000000 0.000000 -33066.821865 72.397716
300.000000 0.062000 0.062000 0.062000 0.000000 0.000000 0.000000 -32969.562475 110.946800
300.000000 0.064000 0.064000 0.064000 0.000000 0.000000 0.000000 -33048.771144 47.122779
300.000000 0.066000 0.066000 0.066000 0.000000 0.000000 0.000000 -32939.663825 82.717467
300.000000 0.068000 0.068000 0.068000 0.000000 0.000000 0.000000 -32982.316306 85.327134
300.000000 0.070000 0.070000 0.070000 0.000000 0.000000 0.000000 -32978.108547 55.097957
300.000000 0.072000 0.072000 0.072000 0.000000 0.000000 0.000000 -33005.092317 71.806866
300.000000 0.074000 0.074000 0.074000 0.000000 0.000000 0.000000 -32862.780720 74.448912
300.000000 0.076000 0.076000 0.076000 0.000000 0.000000 0.000000 -32915.058573 75.675325
300.000000 0.078000 0.078000 0.078000 0.000000 0.000000 0.000000 -32900.960047 110.421576
300.000000 0.080000 0.080000 0.080000 0.000000 0.000000 0.000000 -32848.728109 98.927192
300.000000 0.082000 0.082000 0.082000 0.000000 0.000000 0.000000 -33010.937564 51.982353
300.000000 0.084000 0.084000 0.084000 0.000000 0.000000 0.000000 -32899.095439 88.999294
300.000000 0.086000 0.086000 0.086000 0.000000 0.000000 0.000000 -32887.179834 97.397421
300.000000 0.088000 0.088000 0.088000 0.000000 0.000000 0.000000 -32842.841152 92.311814
300.000000 0.090000 0.090000 0.090000 0.000000 0.000000 0.000000 -32923.365803 84.307590
300.000000 0.092000 0.092000 0.092000 0.000000 0.000000 0.000000 -32783.979444 68.838910
300.000000 0.094000 0.094000 0.094000 0.000000 0.000000 0.000000 -32833.313660 92.110571
300.000000 0.096000 0.096000 0.096000 0.000000 0.000000 0.000000 -32908.186729 36.438137
300.000000 0.098000 0.098000 0.098000 0.000000 0.000000 0.000000 -32886.730576 88.418470
300.000000 0.100000 0.100000 0.100000 0.000000 0.000000 0.000000 -32848.788503 70.979375
300.000000 0.102000 0.102000 0.102000 0.000000 0.000000 0.000000 -32721.642598 60.922091
300.000000 0.104000 0.104000 0.104000 0.000000 0.000000 0.000000 -32714.935478 71.562010
300.000000 0.106000 0.106000 0.106000 0.000000 0.000000 0.000000 -32739.467073 97.292087
300.000000 0.108000 0.108000 0.108000 0.000000 0.000000 0.000000 -32687.585564 70.748403
300.000000 0.110000 0.110000 0.110000 0.000000 0.000000 0.000000 -32830.821375 51.013925
300.000000 0.112000 0.112000 0.112000 0.000000 0.000000 0.000000 -32891.135458 72.531459
300.000000 0.114000 0.114000 0.114000 0.000000 0.000000 0.000000 -33034.836144 62.663335
300.000000 0.116000 0.116000 0.116000 0.000000 0.000000 0.000000 -32994.816059 36.649237
300.000000 0.118000 0.118000 0.118000 0.000000 0.000000 0.000000 -32902.845004 69.796144
300.000000 0.120000 0.120000 0.120000 0.000000 0.000000 0.000000 -32982.314160 63.609680
300.000000 0.122000 0.122000 0.122000 0.000000 0.000000 0.000000 -33031.213013 67.166145
300.000000 0.124000 0.124000 0.124000 0.000000 0.000000 0.000000 -32910.502480 79.823123
300.000000 0.126000 0.126000 0.126000 0.000000 0.000000 0.000000 -32927.892678 61.293282
300.000000 0.128000 0.128000 0.128000 0.000000 0.000000 0.000000 -32965.105918 62.770138
300.000000 0.130000 0.130000 0.130000 0.000000 0.000000 0.000000 -33025.711845 75.633836
300.000000 0.132000 0.132000 0.132000 0.000000 0.000000 0.000000 -32987.328657 59.759799
300.000000 0.134000 0.134000 0.134000 0.000000 0.000000 0.000000 -33048.239734 49.896582
300.000000 0.136000 0.136000 0.136000 0.000000 0.000000 0.000000 -32985.626203 42.870589
300.000000 0.138000 0.138000 0.138000 0.000000 0.000000 0.000000 -32829.417428 22.829856
300.000000 0.140000 0.140000 0.140000 0.000000 0.000000 0.000000 -32858.578207 66.715443
300.000000 0.142000 0.142000 0.142000 0.000000 0.000000 0.000000 -32971.914649 36.445986
300.000000 0.144000 0.144000 0.144000 0.000000 0.000000 0.000000 -32972.797802 47.862234
300.000000 0.146000 0.146000 0.146000 0.000000 0.000000 0.000000 -32806.866897 47.035246
300.000000 0.148000 0.148000 0.148000 0.000000 0.000000 0.000000 -32799.634002 35.328431
300.000000 0.150000 0.150000 0.150000 0.000000 0.000000 0.000000 -32923.469294 36.855937
300.000000 0.152000 0.152000 0.152000 0.000000 0.000000 0.000000 -32994.394852 36.657875
300.000000 0.154000 0.154000 0.154000 0.000000 0.000000 0.000000 -32959.033628 34.606988
300.000000 0.156000 0.156000 0.156000 0.000000 0.000000 0.000000 -32932.960690 57.724484
300.000000 0.158000 0.158000 0.158000 0.000000 0.000000 0.000000 -32954.248109 51.738310
300.000000 0.160000 0.160000 0.160000 0.000000 0.000000 0.000000 -32890.703873 47.667284
300.000000 0.162000 0.162000 0.162000 0.000000 0.000000 0.000000 -32811.341421 66.713966
300.000000 0.164000 0.164000 0.164000 0.000000 0.000000 0.000000 -32898.864743 50.074972
300.000000 0.166000 0.166000 0.166000 0.000000 0.000000 0.000000 -32971.182192 48.942674
300.000000 0.168000 0.168000 0.168000 0.000000 0.000000 0.000000 -32913.124517 33.928867
300.000000 0.170000 0.170000 0.170000 0.000000 0.000000 0.000000 -32900.700736 47.868388
300.000000 0.172000 0.172000 0.172000 0.000000 0.000000 0.000000 -32896.831540 54.953372
300.000000 0.174000 0.174000 0.174000 0.000000 0.000000 0.000000 -32898.685402 36.216737
300.000000 0.176000 0.176000 0.176000 0.000000 0.000000 0.000000 -32903.721294 65.062962
300.000000 0.178000 0.178000 0.178000 0.000000 0.000000 0.000000 -32880.594153 33.776801
300.000000 0.180000 0.180000 0.180000 0.000000 0.000000 0.000000 -32961.768880 60.794977
300.000000 0.182000 0.182000 0.182000 0.000000 0.000000 0.000000 -32990.846403 56.024294
300.000000 0.184000 0.184000 0.184000 0.000000 0.000000 0.000000 -33018.864453 45.741862
300.000000 0.186000 0.186000 0.186000 0.000000 0.000000 0.000000 -32960.402448 40.088249
300.000000 0.188000 0.188000 0.188000 0.000000 0.000000 0.000000 -32972.391496 43.294600
300.000000 0.190000 0.190000 0.190000 0.000000 0.000000 0.000000 -32934.949919 41.915562
300.000000 0.192000 0.192000 0.192000 0.000000 0.000000 0.000000 -32856.397552 55.832908
300.000000 0.194000 0.194000 0.194000 0.000000 0.000000 0.000000 -32965.373848 31.646460
300.000000 0.196000 0.196000 0.196000 0.000000 0.000000 0.000000 -32991.950890 53.945493
300.000000 0.198000 0.198000 0.198000 0.000000 0.000000 0.000000 -32946.904659 40.664983
300.000000 0.200000 0.200000 0.200000 0.000000 0.000000 0.000000 -32770.502841 56.772954
300.000000 0.202000 0.202000 0.202000 0.000000 0.000000 0.000000 -32764.400060 42.513567
300.000000 0.204000 0.204000 0.204000 0.000000 0.000000 0.000000 -32754.946385 56.901493
300.000000 0.206000 0.206000 0.206000 0.000000 0.000000 0.000000 -32920.579685 36.792100
300.000000 0.208000 0.208000 0.208000 0.000000 0.000000 0.000000 -32824.248377 35.065936
300.000000 0.210000 0.210000 0.210000 0.000000 0.000000 0.000000 -33023.720995 46.661864
300.000000 0.212000 0.212000 0.212000 0.000000 0.000000 0.000000 -32982.876174 51.991112
300.000000 0.214000 0.214000 0.214000 0.000000 0.000000 0.000000 -33071.803444 39.011497
300.000000 0.216000 0.216000 0.216000 0.000000 0.000000 0.000000 -32993.335538 39.473447
300.000000 0.218000 0.218000 0.218000 0.000000 0.000000 0.000000 -32909.000074 41.711365
300.000000 0.220000 0.220000 0.220000 0.000000 0.000000 0.000000 -32899.564265 18.721311
300.000000 0.222000 0.222000 0.222000 0.000000 0.000000 0.000000 -32920.360328 31.515428
300.000000 0.224000 0.224000 0.224000 0.000000 0.000000 0.000000 -32883.713752 16.993814
300.000000 0.226000 0.226000 0.226000 0.000000 0.000000 0.000000 -32938.301195 29.748702
300.000000 0.228000 0.228000 0.228000 0.000000 0.000000 0.000000 -32995.206318 24.685489
300.000000 0.230000 0.230000 0.230000 0.000000 0.000000 0.000000 -32807.589726 48.350056
300.000000 0.232000 0.232000 0.232000 0.000000 0.000000 0.000000 -32859.994039 25.982594
300.000000 0.234000 0.234000 0.234000 0.000000 0.000000 0.000000 -32810.490187 46.411288
300.000000 0.236000 0.236000 0.236000 0.000000 0.000000 0.000000 -32961.844721 38.003360
300.000000 0.238000 0.238000 0.238000 0.000000 0.000000 0.000000 -32882.613350 35.999447
300.000000 0.240000 0.240000 0.240000 0.000000 0.000000 0.000000 -32936.233091 41.003312
300.000000 0.242000 0.242000 0.242000 0.000000 0.000000 0.000000 -32925.337691 37.459744
300.000000 0.244000 0.244000 0.244000 0.000000 0.000000 0.000000 -33019.502135 27.622760
300.000000 0.246000 0.246000 0.246000 0.000000 0.000000 0.000000 -32836.148285 33.809460
300.000000 0.248000 0.248000 0.248000 0.000000 0.000000 0.000000 -32876.868914 43.634488
300.000000 0.250000 0.250000 0.250000 0.000000 0.000000 0.000000 -32966.971025 43.045494
300.000000 0.252000 0.252000 0.252000 0.000000 0.000000 0.000000 -32966.833151 12.997105
300.000000 0.254000 0.254000 0.254000 0.000000 0.000000 0.000000 -32915.169061 45.559318
300.000000 0.256000 0.256000 0.256000 0.000000 0.000000 0.000000 -32921.300417 32.321970
300.000000 0.258000 0.258000 0.258000 0.000000 0.000000 0.000000 -32938.871672 17.406191
300.000000 0.260000 0.260000 0.260000 0.000000 0.000000 0.000000 -32989.650517 61.921748
300.000000 0.262000 0.262000 0.262000 0.000000 0.000000 0.000000 -32949.135320 36.235941
300.000000 0.264000 0.264000 0.264000 0.000000 0.000000 0.000000 -33010.899258 22.490647
300.000000 0.266000 0.266000 0.266000 0.000000 0.000000 0.000000 -32978.811418 29.503244
300.000000 0.268000 0.268000 0.268000 0.000000 0.000000 0.000000 -33110.877516 30.327117
300.000000 0.270000 0.270000 0.270000 0.000000 0.000000 0.000000 -33000.075367 17.934033
300.000000 0.272000 0.272000 0.272000 0.000000 0.000000 0.000000 -32913.501755 20.610624
300.000000 0.274000 0.274000 0.274000 0.000000 0.000000 0.000000 -32921.116962 14.977646
300.000000 0.276000 0.276000 0.276000 0.000000 0.000000 0.000000 -32873.933363 37.208146
300.000000 0.278000 0.278000 0.278000 0.000000 0.000000 0.000000 -32887.638869 33.814941
300.000000 0.280000 0.280000 0.280000 0.000000 0.000000 0.000000 -32865.323632 33.512028
300.000000 0.282000 0.282000 0.282000 0.000000 0.000000 0.000000 -32783.998663 25.156085
300.000000 0.284000 0.284000 0.284000 0.000000 0.000000 0.000000 -32855.045893 34.444117
300.000000 0.286000 0.286000 0.286000 0.000000 0.000000 0.000000 -32868.842410 20.002628
300.000000 0.288000 0.288000 0.288000 0.000000 0.000000 0.000000 -32857.590624 11.455456
300.000000 0.290000 0.290000 0.290000 0.000000 0.000000 0.000000 -32907.530083 26.244304
300.000000 0.292000 0.292000 0.292000 0.000000 0.000000 0.000000 -32849.327441 21.752849
300.000000 0.294000 0.294000 0.294000 0.000000 0.000000 0.000000 -32792.643134 35.911629
300.000000 0.296000 0.296000 0.296000 0.000000 0.000000 0.000000 -32703.916946 41.707221
300.000000 0.298000 0.298000 0.298000 0.000000 0.000000 0.000000 -32912.572387 16.055984
300.000000 0.300000 0.300000 0.300000 0.000000 0.000000 0.000000 -32777.432149 17.701021
300.000000 0.302000 0.302000 0.302000 0.000000 0.000000 0.000000 -32938.111987 37.851175
300.000000 0.304000 0.304000 0.304000 0.000000 0.000000 0.000000 -32928.682050 24.260104
300.000000 0.306000 0.306000 0.306000 0.000000 0.000000 0.000000 -32888.266702 12.948840
300.000000 0.308000 0.308000 0.308000 0.000000 0.000000 0.000000 -32912.850515 32.646536
300.000000 0.310000 0.310000 0.310000 0.000000 0.000000 0.000000 -32828.071461 -3.224755
300.000000 0.312000 0.312000 0.312000 0.000000 0.000000 0.000000 -32778.636305 11.817169
300.000000 0.314000 0.314000 0.314000 0.000000 0.000000 0.000000 -32914.669584 7.286860
300.000000 0.316000 0.316000 0.316000 0.000000 0.000000 0.000000 -32887.936812 17.724493
300.000000 0.318000 0.318000 0.318000 0.000000 0.000000 0.000000 -32901.982880 18.137612
300.000000 0.320000 0.320000 0.320000 0.000000 0.000000 0.000000 -32824.402364 26.182183
300.000000 0.322000 0.322000 0.322000 0.000000 0.000000 0.000000 -32817.860812 10.952463
300.000000 0.324000 0.324000 0.324000 0.000000 0.000000 0.000000 -32929.767823 12.057442
300.000000 0.326000 0.326000 0.326000 0.000000 0.000000 0.000000 -32885.251195 10.077589
300.000000 0.328000 0.328000 0.328000 0.000000 0.000000 0.000000 -32983.916698 6.796953
300.000000 0.330000 0.330000 0.330000 0.000000 0.000000 0.000000 -32918.227279 32.405317
300.000000 0.332000 0.332000 0.332000 0.000000 0.000000 0.000000 -32920.624870 0.414724
300.000000 0.334000 0.334000 0.334000 0.000000 0.000000 0.000000 -32999.413726 8.722067
300.000000 0.336000 0.336000 0.336000 0.000000 0.000000 0.000000 -32895.058837 4.508095
300.000000 0.338000 0.338000 0.338000 0.000000 0.000000 0.000000 -33017.982123 6.837818
300.000000 0.340000 0.340000 0.340000 0.000000 0.000000 0.000000 -33011.839404 17.303475
300.000000 0.342000 0.342000 0.342000 0.000000 0.000000 0.000000 -33012.868472 8.213984
300.000000 0.344000 0.344000 0.344000 0.000000 0.000000 0.000000 -33007.336723 20.543139
300.000000 0.346000 0.346000 0.346000 0.000000 0.000000 0.000000 -33020.755313 8.843150
300.000000 0.348000 0.348000 0.348000 0.000000 0.000000 0.000000 -32992.407447 14.598801
300.000000 0.350000 0.350000 0.350000 0.000000 0.000000 0.000000 -33038.650211 8.524795
300.000000 0.352000 0.352000 0.352000 0.000000 0.000000 0.000000 -32993.003252 12.354739
300.000000 0.354000 0.354000 0.354000 0.000000 0.000000 0.000000 -32983.317462 9.639433
300.000000 0.356000 0.356000 0.356000 0.000000 0.000000 0.000000 -32855.628169 13.079071
300.000000 0.358000 0.358000 0.358000 0.000000 0.000000 0.000000 -32848.610318 18.050141
300.000000 0.360000 0.360000 0.360000 0.000000 0.000000 0.000000 -32834.405071 18.633527
300.000000 0.362000 0.362000 0.362000 0.000000 0.000000 0.000000 -32830.254457 24.929029
300.000000 0.364000 0.364000 0.364000 0.000000 0.000000 0.000000 -32875.165846 8.593517
300.000000 0.366000 0.366000 0.366000 0.000000 0.000000 0.000000 -32773.712133 9.266929
300.000000 0.368000 0.368000 0.368000 0.000000 0.000000 0.000000 -32856.238719 14.694947
300.000000 0.370000 0.370000 0.370000 0.000000 0.000000 0.000000 -32966.833087 19.845218
300.000000 0.372000 0.372000 0.372000 0.000000 0.000000 0.000000 -33056.493709 3.719856
300.000000 0.374000 0.374000 0.374000 0.000000 0.000000 0.000000 -33042.139920 4.171670
300.000000 0.376000 0.376000 0.376000 0.000000 0.000000 0.000000 -33072.554076 22.156447
300.000000 0.378000 0.378000 0.378000 0.000000 0.000000 0.000000 -32955.690027 26.252445
300.000000 0.380000 0.380000 0.380000 0.000000 0.000000 0.000000 -32848.925948 17.526282
300.000000 0.382000 0.382000 0.382000 0.000000 0.000000 0.000000 -32832.614129 32.836139
300.000000 0.384000 0.384000 0.384000 0.000000 0.000000 0.000000 -32917.700607 28.400875
300.000000 0.386000 0.386000 0.386000 0.000000 0.000000 0.000000 -32991.599784 -2.309585
300.000000 0.388000 0.388000 0.388000 0.000000 0.000000 0.000000 -32977.253785 0.106770
300.000000 0.390000 0.390000 0.390000 0.000000 0.000000 0.000000 -33059.407019 -4.629710
300.000000 0.392000 0.392000 0.392000 0.000000 0.000000 0.000000 -32970.037488 21.714965
300.000000 0.394000 0.394000 0.394000 0.000000 0.000000 0.000000 -32991.860721 8.380665
300.000000 0.396000 0.396000 0.396000 0.000000 0.000000 0.000000 -32953.894216 -1.105812
300.000000 0.398000 0.398000 0.398000 0.000000 0.000000 0.000000 -32911.061161 2.326027
300.000000 0.400000 0.400000 0.400000 0.000000 0.000000 0.000000 -32767.475626 6.305796
300.000000 0.402000 0.402000 0.402000 0.000000 0.000000 0.000000 -32946.488735 13.029807
300.000000 0.404000 0.404000 0.404000 0.000000 0.000000 0.000000 -32937.817083 4.474393
300.000000 0.406000 0.406000 0.406000 0.000000 0.000000 0.000000 -32974.999134 10.429156
300.000000 0.408000 0.408000 0.408000 0.000000 0.000000 0.000000 -33007.349567 16.086289
300.000000 0.410000 0.410000 0.410000 0.000000 0.000000 0.000000 -32993.335936 3.874531
300.000000 0.412000 0.412000 0.412000 0.000000 0.000000 0.000000 -32960.198630 2.838629
300.000000 0.414000 0.414000 0.414000 0.000000 0.000000 0.000000 -32920.336349 10.314879
300.000000 0.416000 0.416000 0.416000 0.000000 0.000000 0.000000 -32981.706421 2.458446
300.000000 0.418000 0.418000 0.418000 0.000000 0.000000 0.000000 -32974.039781 -4.420058
300.000000 0.420000 0.420000 0.420000 0.000000 0.000000 0.000000 -33091.623204 7.249384
300.000000 0.422000 0.422000 0.422000 0.000000 0.000000 0.000000 -32900.901702 7.959967
300.000000 0.424000 0.424000 0.424000 0.000000 0.000000 0.000000 -32981.109944 -30.462594
300.000000 0.426000 0.426000 0.426000 0.000000 0.000000 0.000000 -32902.316655 18.683689
300.000000 0.428000 0.428000 0.428000 0.000000 0.000000 0.000000 -32969.720675 14.571959
300.000000 0.430000 0.430000 0.430000 0.000000 0.000000 0.000000 -32992.439625 3.257319
300.000000 0.432000 0.432000 0.432000 0.000000 0.000000 0.000000 -32998.073354 7.196277
300.000000 0.434000 0.434000 0.434000 0.000000 0.000000 0.000000 -32883.388365 -10.093800
300.000000 0.436000 0.436000 0.436000 0.000000 0.000000 0.000000 -32945.983615 7.439854
300.000000 0.438000 0.438000 0.438000 0.000000 0.000000 0.000000 -32965.536858 16.074789
300.000000 0.440000 0.440000 0.440000 0.000000 0.000000 0.000000 -32896.891882 10.332529
300.000000 0.442000 0.442000 0.442000 0.000000 0.000000 0.000000 -32929.419065 14.726047
300.000000 0.444000 0.444000 0.444000 0.000000 0.000000 0.000000 -33010.442731 -4.015297
300.000000 0.446000 0.446000 0.446000 0.000000 0.000000 0.000000 -32979.760932 10.482695
300.000000 0.448000 0.448000 0.448000 0.000000 0.000000 0.000000 -33134.547692 -0.000697
300.000000 0.450000 0.450000 0.450000 0.000000 0.000000 0.000000 -33134.372726 -13.731325
300.000000 0.452000 0.452000 0.452000 0.000000 0.000000 0.000000 -33024.415454 -9.163202
300.000000 0.454000 0.454000 0.454000 0.000000 0.000000 0.000000 -32976.142947 -3.133105
300.000000 0.456000 0.456000 0.456000 0.000000 0.000000 0.000000 -32946.183014 2.494266
300.000000 0.458000 0.458000 0.458000 0.000000 0.000000 0.000000 -32894.015115 10.381499
300.000000 0.460000 0.460000 0.460000 0.000000 0.000000 0.000000 -33030.409859 5.649293
300.000000 0.462000 0.462000 0.462000 0.000000 0.000000 0.000000 -32882.685797 20.401268
300.000000 0.464000 0.464000 0.464000 0.000000 0.000000 0.000000 -32952.536149 -4.056782
300.000000 0.466000 0.466000 0.466000 0.000000 0.000000 0.000000 -32843.667027 -6.060438
300.000000 0.468000 0.468000 0.468000 0.000000 0.000000 0.000000 -32944.741629 -6.096664
300.000000 0.470000 0.470000 0.470000 0.000000 0.000000 0.000000 -32911.201787 -3.447678
300.000000 0.472000 0.472000 0.472000 0.000000 0.000000 0.000000 -33003.508464 7.468344
300.000000 0.474000 0.474000 0.474000 0.000000 0.000000 0.000000 -32975.209872 -0.387852
300.000000 0.476000 0.476000 0.476000 0.000000 0.000000 0.000000 -32929.937889 6.476839
300.000000 0.478000 0.478000 0.478000 0.000000 0.000000 0.000000 -32930.005549 0.256109
300.000000 0.480000 0.480000 0.480000 0.000000 0.000000 0.000000 -33034.935813 -1.524755
300.000000 0.482000 0.482000 0.482000 0.000000 0.000000 0.000000 -33064.763544 16.040407
300.000000 0.484000 0.484000 0.484000 0.000000 0.000000 0.000000 -33089.036361 -5.011964
300.000000 0.486000 0.486000 0.486000 0.000000 0.000000 0.000000 -33028.472097 -9.285483
300.000000 0.488000 0.488000 0.488000 0.000000 0.000000 0.000000 -33084.858260 2.608824
300.000000 0.490000 0.490000 0.490000 0.000000 0.000000 0.000000 -32975.600322 -21.243302
300.000000 0.492000 0.492000 0.492000 0.000000 0.000000 0.000000 -32938.766151 0.675239
300.000000 0.494000 0.494000 0.494000 0.000000 0.000000 0.000000 -32961.799016 1.377910
300.000000 0.496000 0.496000 0.496000 0.000000 0.000000 0.000000 -33146.490347 6.695707
300.000000 0.498000 0.498000 0.498000 0.000000 0.000000 0.000000 -32986.475729 -2.805831
