300.000000 0.000000 0.000000 0.000000 0.000000 0.000000 0.000000 -32751.769207 895.419751
300.000000 0.002000 0.002000 0.002000 0.000000 0.000000 0.000000 -32536.564198 787.698654
300.000000 0.004000 0.004000 0.004000 0.000000 0.000000 0.000000 -32614.107436 881.334815
300.000000 0.006000 0.006000 0.006000 0.000000 0.000000 0.000000 -32669.953653 932.144442
300.000000 0.008000 0.008000 0.008000 0.000000 0.000000 0.000000 -32770.114773 906.100412
300.000000 0.010000 0.010000 0.010000 0.000000 0.000000 0.000000 -32741.410331 875.943906
300.000000 0.012000 0.012000 0.012000 0.000000 0.000000 0.000000 -32775.552694 899.035734
300.000000 0.014000 0.014000 0.014000 0.000000 0.000000 0.000000 -32753.379184 918.250680
300.000000 0.016000 0.016000 0.016000 0.000000 0.000000 0.000000 -32694.143896 854.368773
300.000000 0.018000 0.018000 0.018000 0.000000 0.000000 0.000000 -32711.240647 785.438348
300.000000 0.020000 0.020000 0.020000 0.000000 0.000000 0.000000 -32592.251645 928.982713
300.000000 0.022000 0.022000 0.022000 0.000000 0.000000 0.000000 -32618.816112 906.639269
300.000000 0.024000 0.024000 0.024000 0.000000 0.000000 0.000000 -32669.024098 859.784196
300.000000 0.026000 0.026000 0.026000 0.000000 0.000000 0.000000 -32787.610429 750.999395
300.000000 0.028000 0.028000 0.028000 0.000000 0.000000 0.000000 -32735.939429 722.376526
300.000000 0.030000 0.030000 0.030000 0.000000 0.000000 0.000000 -32834.193406 685.656396
300.000000 0.032000 0.032000 0.032000 0.000000 0.000000 0.000000 -32719.534072 734.411742
300.000000 0.034000 0.034000 0.034000 0.000000 0.000000 0.000000 -32610.511821 879.854253
300.000000 0.036000 0.036000 0.036000 0.000000 0.000000 0.000000 -32540.805334 735.290517
300.000000 0.038000 0.038000 0.038000 0.000000 0.000000 0.000000 -32535.015589 683.236236
300.000000 0.040000 0.040000 0.040000 0.000000 0.000000 0.000000 -32545.825764 704.635523
300.000000 0.042000 0.042000 0.042000 0.000000 0.000000 0.000000 -32598.727315 139.646626
300.000000 0.044000 0.044000 0.044000 0.000000 0.000000 0.000000 -32568.241651 121.759480
300.000000 0.046000 0.046000 0.046000 0.000000 0.000000 0.000000 -32548.481196 117.915124
300.000000 0.048000 0.048000 0.048000 0.000000 0.000000 0.000000 -32631.726411 116.026704
300.000000 0.050000 0.050000 0.050000 0.000000 0.000000 0.000000 -32632.500276 140.617134
300.000000 0.052000 0.052000 0.052000 0.000000 0.000000 0.000000 -32744.464641 93.795300
300.000000 0.054000 0.054000 0.054000 0.000000 0.000000 0.000000 -32699.277352 148.814176
300.000000 0.056000 0.056000 0.056000 0.000000 0.000000 0.000000 -32746.982916 122.679987
300.000000 0.058000 0.058000 0.058000 0.000000 0.000000 0.000000 -32730.029734 126.480227
300.000000 0.060000 0.060000 0.060000 0.000000 0.000000 0.000000 -32753.224150 157.249034
300.000000 0.062000 0.062000 0.062000 0.000000 0.000000 0.000000 -32766.723484 127.815284
300.000000 0.064000 0.064000 0.064000 0.000000 0.000000 0.000000 -32723.942884 82.658519
300.000000 0.066000 0.066000 0.066000 0.000000 0.000000 0.000000 -32771.089965 144.259944
300.000000 0.068000 0.068000 0.068000 0.000000 0.000000 0.000000 -32910.315162 123.947162
300.000000 0.070000 0.070000 0.070000 0.000000 0.000000 0.000000 -32863.871829 71.792159
300.000000 0.072000 0.072000 0.072000 0.000000 0.000000 0.000000 -32803.584773 102.651423
300.000000 0.074000 0.074000 0.074000 0.000000 0.000000 0.000000 -32695.333059 68.343493
300.000000 0.076000 0.076000 0.076000 0.000000 0.000000 0.000000 -32648.969225 126.641748
300.000000 0.078000 0.078000 0.078000 0.000000 0.000000 0.000000 -32715.625685 145.708816
300.000000 0.080000 0.080000 0.080000 0.000000 0.000000 0.000000 -32699.988339 123.929728
300.000000 0.082000 0.082000 0.082000 0.000000 0.000000 0.000000 -32808.155273 96.760246
300.000000 0.084000 0.084000 0.084000 0.000000 0.000000 0.000000 -32618.672511 110.735755
300.000000 0.086000 0.086000 0.086000 0.000000 0.000000 0.000000 -32662.154407 89.561782
300.000000 0.088000 0.088000 0.088000 0.000000 0.000000 0.000000 -32551.677679 87.924237
300.000000 0.090000 0.090000 0.090000 0.000000 0.000000 0.000000 -32558.689733 68.890683
300.000000 0.092000 0.092000 0.092000 0.000000 0.000000 0.000000 -32567.057965 95.804559
300.000000 0.094000 0.094000 0.094000 0.000000 0.000000 0.000000 -32584.337358 106.318615
300.000000 0.096000 0.096000 0.096000 0.000000 0.000000 0.000000 -32726.702692 53.224546
300.000000 0.098000 0.098000 0.098000 0.000000 0.000000 0.000000 -32579.469580 133.179825
300.000000 0.100000 0.100000 0.100000 0.000000 0.000000 0.000000 -32693.948291 58.794727
300.000000 0.102000 0.102000 0.102000 0.000000 0.000000 0.000000 -32566.337056 98.498352
300.000000 0.104000 0.104000 0.104000 0.000000 0.000000 0.000000 -32572.444008 66.396626
300.000000 0.106000 0.106000 0.106000 0.000000 0.000000 0.000000 -32660.067838 89.157047
300.000000 0.108000 0.108000 0.108000 0.000000 0.000000 0.000000 -32670.667004 75.957954
300.000000 0.110000 0.110000 0.110000 0.000000 0.000000 0.000000 -32825.921153 91.110200
300.000000 0.112000 0.112000 0.112000 0.000000 0.000000 0.000000 -32898.500759 83.089409
300.000000 0.114000 0.114000 0.114000 0.000000 0.000000 0.000000 -32977.811402 70.506032
300.000000 0.116000 0.116000 0.116000 0.000000 0.000000 0.000000 -32800.630803 55.296743
300.000000 0.118000 0.118000 0.118000 0.000000 0.000000 0.000000 -32793.065723 85.622388
300.000000 0.120000 0.120000 0.120000 0.000000 0.000000 0.000000 -32614.296744 92.530613
300.000000 0.122000 0.122000 0.122000 0.000000 0.000000 0.000000 -32593.548407 47.453760
300.000000 0.124000 0.124000 0.124000 0.000000 0.000000 0.000000 -32678.981138 57.458183
300.000000 0.126000 0.126000 0.126000 0.000000 0.000000 0.000000 -32686.411145 57.828183
300.000000 0.128000 0.128000 0.128000 0.000000 0.000000 0.000000 -32644.737529 89.417052
300.000000 0.130000 0.130000 0.130000 0.000000 0.000000 0.000000 -32812.616581 83.471499
300.000000 0.132000 0.132000 0.132000 0.000000 0.000000 0.000000 -32688.994920 69.275456
300.000000 0.134000 0.134000 0.134000 0.000000 0.000000 0.000000 -32677.137563 42.131719
300.000000 0.136000 0.136000 0.136000 0.000000 0.000000 0.000000 -32614.642606 56.612199
300.000000 0.138000 0.138000 0.138000 0.000000 0.000000 0.000000 -32706.335715 67.708141
300.000000 0.140000 0.140000 0.140000 0.000000 0.000000 0.000000 -32680.823331 77.363125
300.000000 0.142000 0.142000 0.142000 0.000000 0.000000 0.000000 -32706.908052 78.293550
300.000000 0.144000 0.144000 0.144000 0.000000 0.000000 0.000000 -32606.155217 77.540164
300.000000 0.146000 0.146000 0.146000 0.000000 0.000000 0.000000 -32625.567970 80.225138
300.000000 0.148000 0.148000 0.148000 0.000000 0.000000 0.000000 -32594.419251 71.846227
300.000000 0.150000 0.150000 0.150000 0.000000 0.000000 0.000000 -32688.083356 74.920729
300.000000 0.152000 0.152000 0.152000 0.000000 0.000000 0.000000 -32695.551008 89.791501
300.000000 0.154000 0.154000 0.154000 0.000000 0.000000 0.000000 -32644.937946 100.351699
300.000000 0.156000 0.156000 0.156000 0.000000 0.000000 0.000000 -32712.228343 52.554335
300.000000 0.158000 0.158000 0.158000 0.000000 0.000000 0.000000 -32627.434351 48.397955
300.000000 0.160000 0.160000 0.160000 0.000000 0.000000 0.000000 -32615.820178 64.717416
300.000000 0.162000 0.162000 0.162000 0.000000 0.000000 0.000000 -32683.166387 39.767061
300.000000 0.164000 0.164000 0.164000 0.000000 0.000000 0.000000 -32640.607723 39.356725
300.000000 0.166000 0.166000 0.166000 0.000000 0.000000 0.000000 -32647.726705 39.419798
300.000000 0.168000 0.168000 0.168000 0.000000 0.000000 0.000000 -32579.858787 52.166362
300.000000 0.170000 0.170000 0.170000 0.000000 0.000000 0.000000 -32590.702079 69.278096
300.000000 0.172000 0.172000 0.172000 0.000000 0.000000 0.000000 -32449.343424 86.595898
300.000000 0.174000 0.174000 0.174000 0.000000 0.000000 0.000000 -32525.386052 43.092151
300.000000 0.176000 0.176000 0.176000 0.000000 0.000000 0.000000 -32666.565992 33.084067
300.000000 0.178000 0.178000 0.178000 0.000000 0.000000 0.000000 -32688.814934 61.977453
300.000000 0.180000 0.180000 0.180000 0.000000 0.000000 0.000000 -32605.324777 59.973005
300.000000 0.182000 0.182000 0.182000 0.000000 0.000000 0.000000 -32701.399749 88.746859
300.000000 0.184000 0.184000 0.184000 0.000000 0.000000 0.000000 -32616.444048 64.215701
300.000000 0.186000 0.186000 0.186000 0.000000 0.000000 0.000000 -32582.836754 41.618787
300.000000 0.188000 0.188000 0.188000 0.000000 0.000000 0.000000 -32582.396535 48.222810
300.000000 0.190000 0.190000 0.190000 0.000000 0.000000 0.000000 -32602.265912 48.648824
300.000000 0.192000 0.192000 0.192000 0.000000 0.000000 0.000000 -32603.867267 39.363386
300.000000 0.194000 0.194000 0.194000 0.000000 0.000000 0.000000 -32573.077783 50.943927
300.000000 0.196000 0.196000 0.196000 0.000000 0.000000 0.000000 -32634.467404 35.576995
300.000000 0.198000 0.198000 0.198000 0.000000 0.000000 0.000000 -32613.755154 39.663107
300.000000 0.200000 0.200000 0.200000 0.000000 0.000000 0.000000 -32555.752034 52.036204
300.000000 0.202000 0.202000 0.202000 0.000000 0.000000 0.000000 -32712.142388 40.108934
300.000000 0.204000 0.204000 0.204000 0.000000 0.000000 0.000000 -32735.341335 44.994715
300.000000 0.206000 0.206000 0.206000 0.000000 0.000000 0.000000 -32683.451903 35.705764
300.000000 0.208000 0.208000 0.208000 0.000000 0.000000 0.000000 -32677.715972 45.264711
300.000000 0.210000 0.210000 0.210000 0.000000 0.000000 0.000000 -32565.399319 53.799321
300.000000 0.212000 0.212000 0.212000 0.000000 0.000000 0.000000 -32701.710937 35.006874
300.000000 0.214000 0.214000 0.214000 0.000000 0.000000 0.000000 -32719.703745 34.371365
300.000000 0.216000 0.216000 0.216000 0.000000 0.000000 0.000000 -32696.426968 62.625499
300.000000 0.218000 0.218000 0.218000 0.000000 0.000000 0.000000 -32698.779576 33.148967
300.000000 0.220000 0.220000 0.220000 0.000000 0.000000 0.000000 -32501.911843 48.404074
300.000000 0.222000 0.222000 0.222000 0.000000 0.000000 0.000000 -32646.392807 29.986811
300.000000 0.224000 0.224000 0.224000 0.000000 0.000000 0.000000 -32498.424240 28.165354
300.000000 0.226000 0.226000 0.226000 0.000000 0.000000 0.000000 -32647.645078 30.447029
300.000000 0.228000 0.228000 0.228000 0.000000 0.000000 0.000000 -32578.089496 39.490626
300.000000 0.230000 0.230000 0.230000 0.000000 0.000000 0.000000 -32617.639334 42.643376
300.000000 0.232000 0.232000 0.232000 0.000000 0.000000 0.000000 -32581.834676 46.359837
300.000000 0.234000 0.234000 0.234000 0.000000 0.000000 0.000000 -32693.800896 32.963141
300.000000 0.236000 0.236000 0.236000 0.000000 0.000000 0.000000 -32727.276145 35.588827
300.000000 0.238000 0.238000 0.238000 0.000000 0.000000 0.000000 -32621.491762 26.716798
300.000000 0.240000 0.240000 0.240000 0.000000 0.000000 0.000000 -32727.826878 37.459447
300.000000 0.242000 0.242000 0.242000 0.000000 0.000000 0.000000 -32695.653943 36.335097
300.000000 0.244000 0.244000 0.244000 0.000000 0.000000 0.000000 -32710.696081 52.902873
300.000000 0.246000 0.246000 0.246000 0.000000 0.000000 0.000000 -32609.855277 47.639281
300.000000 0.248000 0.248000 0.248000 0.000000 0.000000 0.000000 -32550.179442 26.270787
300.000000 0.250000 0.250000 0.250000 0.000000 0.000000 0.000000 -32500.896972 16.651712
300.000000 0.252000 0.252000 0.252000 0.000000 0.000000 0.000000 -32559.116159 30.347280
300.000000 0.254000 0.254000 0.254000 0.000000 0.000000 0.000000 -32680.902063 31.212611
300.000000 0.256000 0.256000 0.256000 0.000000 0.000000 0.000000 -32912.122676 21.992714
300.000000 0.258000 0.258000 0.258000 0.000000 0.000000 0.000000 -32666.795456 33.239738
300.000000 0.260000 0.260000 0.260000 0.000000 0.000000 0.000000 -32748.701199 18.434479
300.000000 0.262000 0.262000 0.262000 0.000000 0.000000 0.000000 -32715.849775 25.485841
300.000000 0.264000 0.264000 0.264000 0.000000 0.000000 0.000000 -32700.200488 33.079264
300.000000 0.266000 0.266000 0.266000 0.000000 0.000000 0.000000 -32700.293299 39.073613
300.000000 0.268000 0.268000 0.268000 0.000000 0.000000 0.000000 -32695.371677 44.351218
300.000000 0.270000 0.270000 0.270000 0.000000 0.000000 0.000000 -32727.789906 41.670763
300.000000 0.272000 0.272000 0.272000 0.000000 0.000000 0.000000 -32671.310216 37.519140
300.000000 0.274000 0.274000 0.274000 0.000000 0.000000 0.000000 -32750.807017 38.798402
300.000000 0.276000 0.276000 0.276000 0.000000 0.000000 0.000000 -32744.228487 41.929574
300.000000 0.278000 0.278000 0.278000 0.000000 0.000000 0.000000 -32651.036187 26.648127
300.000000 0.280000 0.280000 0.280000 0.000000 0.000000 0.000000 -32712.438003 11.399328
300.000000 0.282000 0.282000 0.282000 0.000000 0.000000 0.000000 -32800.080103 13.781327
300.000000 0.284000 0.284000 0.284000 0.000000 0.000000 0.000000 -32726.519094 17.763140
300.000000 0.286000 0.286000 0.286000 0.000000 0.000000 0.000000 -32645.532899 22.137209
300.000000 0.288000 0.288000 0.288000 0.000000 0.000000 0.000000 -32622.484565 12.673262
300.000000 0.290000 0.290000 0.290000 0.000000 0.000000 0.000000 -32671.888010 22.713491
300.000000 0.292000 0.292000 0.292000 0.000000 0.000000 0.000000 -32619.373793 18.161498
300.000000 0.294000 0.294000 0.294000 0.000000 0.000000 0.000000 -32653.221879 43.558109
300.000000 0.296000 0.296000 0.296000 0.000000 0.000000 0.000000 -32671.264186 15.560528
300.000000 0.298000 0.298000 0.298000 0.000000 0.000000 0.000000 -32572.093457 22.939589
300.000000 0.300000 0.300000 0.300000 0.000000 0.000000 0.000000 -32670.497100 23.732712
300.000000 0.302000 0.302000 0.302000 0.000000 0.000000 0.000000 -32617.117440 17.699321
300.000000 0.304000 0.304000 0.304000 0.000000 0.000000 0.000000 -32666.869191 19.350088
300.000000 0.306000 0.306000 0.306000 0.000000 0.000000 0.000000 -32674.300032 19.925591
300.000000 0.308000 0.308000 0.308000 0.000000 0.000000 0.000000 -32565.771660 19.903268
300.000000 0.310000 0.310000 0.310000 0.000000 0.000000 0.000000 -32473.312723 30.655810
300.000000 0.312000 0.312000 0.312000 0.000000 0.000000 0.000000 -32646.988811 17.763132
300.000000 0.314000 0.314000 0.314000 0.000000 0.000000 0.000000 -32624.847034 17.571984
300.000000 0.316000 0.316000 0.316000 0.000000 0.000000 0.000000 -32726.127388 31.751882
300.000000 0.318000 0.318000 0.318000 0.000000 0.000000 0.000000 -32762.119430 29.429794
300.000000 0.320000 0.320000 0.320000 0.000000 0.000000 0.000000 -32654.285940 12.088187
300.000000 0.322000 0.322000 0.322000 0.000000 0.000000 0.000000 -32775.403648 3.781583
300.000000 0.324000 0.324000 0.324000 0.000000 0.000000 0.000000 -32821.418769 12.754971
300.000000 0.326000 0.326000 0.326000 0.000000 0.000000 0.000000 -32748.322478 15.338895
300.000000 0.328000 0.328000 0.328000 0.000000 0.000000 0.000000 -32830.858852 22.198329
300.000000 0.330000 0.330000 0.330000 0.000000 0.000000 0.000000 -32653.262454 14.358166
300.000000 0.332000 0.332000 0.332000 0.000000 0.000000 0.000000 -32752.526957 27.665016
300.000000 0.334000 0.334000 0.334000 0.000000 0.000000 0.000000 -32683.148678 9.169241
300.000000 0.336000 0.336000 0.336000 0.000000 0.000000 0.000000 -32781.567730 -2.171161
300.000000 0.338000 0.338000 0.338000 0.000000 0.000000 0.000000 -32499.980533 9.189677
300.000000 0.340000 0.340000 0.340000 0.000000 0.000000 0.000000 -32517.572722 5.641998
300.000000 0.342000 0.342000 0.342000 0.000000 0.000000 0.000000 -32627.387707 22.004760
300.000000 0.344000 0.344000 0.344000 0.000000 0.000000 0.000000 -32606.646575 14.356965
300.000000 0.346000 0.346000 0.346000 0.000000 0.000000 0.000000 -32590.382099 1.099033
300.000000 0.348000 0.348000 0.348000 0.000000 0.000000 0.000000 -32631.612448 4.041610
300.000000 0.350000 0.350000 0.350000 0.000000 0.000000 0.000000 -32579.537751 7.769426
300.000000 0.352000 0.352000 0.352000 0.000000 0.000000 0.000000 -32548.713224 31.426817
300.000000 0.354000 0.354000 0.354000 0.000000 0.000000 0.000000 -32698.844737 20.562072
300.000000 0.356000 0.356000 0.356000 0.000000 0.000000 0.000000 -32686.399404 29.009467
300.000000 0.358000 0.358000 0.358000 0.000000 0.000000 0.000000 -32654.728054 33.397919
300.000000 0.360000 0.360000 0.360000 0.000000 0.000000 0.000000 -32819.216606 17.706746
300.000000 0.362000 0.362000 0.362000 0.000000 0.000000 0.000000 -32637.408113 17.169645
300.000000 0.364000 0.364000 0.364000 0.000000 0.000000 0.000000 -32710.582320 10.319800
300.000000 0.366000 0.366000 0.366000 0.000000 0.000000 0.000000 -32631.613629 12.912958
300.000000 0.368000 0.368000 0.368000 0.000000 0.000000 0.000000 -32627.806228 13.532548
300.000000 0.370000 0.370000 0.370000 0.000000 0.000000 0.000000 -32529.085357 9.777229
300.000000 0.372000 0.372000 0.372000 0.000000 0.000000 0.000000 -32761.112819 11.685679
300.000000 0.374000 0.374000 0.374000 0.000000 0.000000 0.000000 -32637.974179 10.634827
300.000000 0.376000 0.376000 0.376000 0.000000 0.000000 0.000000 -32593.057083 14.762582
300.000000 0.378000 0.378000 0.378000 0.000000 0.000000 0.000000 -32576.136609 13.546345
300.000000 0.380000 0.380000 0.380000 0.000000 0.000000 0.000000 -32581.957049 4.161629
300.000000 0.382000 0.382000 0.382000 0.000000 0.000000 0.000000 -32788.844212 1.710935
300.000000 0.384000 0.384000 0.384000 0.000000 0.000000 0.000000 -32727.923452 3.606021
300.000000 0.386000 0.386000 0.386000 0.000000 0.000000 0.000000 -32559.302947 0.037512
300.000000 0.388000 0.388000 0.388000 0.000000 0.000000 0.000000 -32765.291160 -7.099601
300.000000 0.390000 0.390000 0.390000 0.000000 0.000000 0.000000 -32786.541264 18.149372
300.000000 0.392000 0.392000 0.392000 0.000000 0.000000 0.000000 -32864.094938 2.263121
300.000000 0.394000 0.394000 0.394000 0.000000 0.000000 0.000000 -32826.584981 22.523329
300.000000 0.396000 0.396000 0.396000 0.000000 0.000000 0.000000 -32764.256496 8.039151
300.000000 0.398000 0.398000 0.398000 0.000000 0.000000 0.000000 -32666.174421 21.514795
300.000000 0.400000 0.400000 0.400000 0.000000 0.000000 0.000000 -32727.117229 4.301601
300.000000 0.402000 0.402000 0.402000 0.000000 0.000000 0.000000 -32855.534488 8.377293
300.000000 0.404000 0.404000 0.404000 0.000000 0.000000 0.000000 -32786.841426 8.174849
300.000000 0.406000 0.406000 0.406000 0.000000 0.000000 0.000000 -32680.578854 -0.114735
300.000000 0.408000 0.408000 0.408000 0.000000 0.000000 0.000000 -32636.408193 22.679165
300.000000 0.410000 0.410000 0.410000 0.000000 0.000000 0.000000 -32649.728620 7.339731
300.000000 0.412000 0.412000 0.412000 0.000000 0.000000 0.000000 -32682.848462 5.835163
300.000000 0.414000 0.414000 0.414000 0.000000 0.000000 0.000000 -32740.100385 -0.171200
300.000000 0.416000 0.416000 0.416000 0.000000 0.000000 0.000000 -32561.481909 8.711123
300.000000 0.418000 0.418000 0.418000 0.000000 0.000000 0.000000 -32492.282632 5.382026
300.000000 0.420000 0.420000 0.420000 0.000000 0.000000 0.000000 -32462.330969 11.714194
300.000000 0.422000 0.422000 0.422000 0.000000 0.000000 0.000000 -32493.279670 -2.625250
300.000000 0.424000 0.424000 0.424000 0.000000 0.000000 0.000000 -32541.942366 2.363985
300.000000 0.426000 0.426000 0.426000 0.000000 0.000000 0.000000 -32634.492159 7.119527
300.000000 0.428000 0.428000 0.428000 0.000000 0.000000 0.000000 -32717.673675 12.465802
300.000000 0.430000 0.430000 0.430000 0.000000 0.000000 0.000000 -32662.021589 0.856932
300.000000 0.432000 0.432000 0.432000 0.000000 0.000000 0.000000 -32517.695180 1.083832
300.000000 0.434000 0.434000 0.434000 0.000000 0.000000 0.000000 -32562.187554 5.625959
300.000000 0.436000 0.436000 0.436000 0.000000 0.000000 0.000000 -32588.386799 -10.085016
300.000000 0.438000 0.438000 0.438000 0.000000 0.000000 0.000000 -32629.167136 -0.941020
300.000000 0.440000 0.440000 0.440000 0.000000 0.000000 0.000000 -32723.999472 3.334997
300.000000 0.442000 0.442000 0.442000 0.000000 0.000000 0.000000 -32652.174815 3.469665
300.000000 0.444000 0.444000 0.444000 0.000000 0.000000 0.000000 -32593.913134 -2.239238
300.000000 0.446000 0.446000 0.446000 0.000000 0.000000 0.000000 -32622.105373 2.170683
300.000000 0.448000 0.448000 0.448000 0.000000 0.000000 0.000000 -32625.120272 -6.644477
300.000000 0.450000 0.450000 0.450000 0.000000 0.000000 0.000000 -32738.438968 2.119307
300.000000 0.452000 0.452000 0.452000 0.000000 0.000000 0.000000 -32751.914980 -3.677263
300.000000 0.454000 0.454000 0.454000 0.000000 0.000000 0.000000 -32552.563454 7.813000
300.000000 0.456000 0.456000 0.456000 0.000000 0.000000 0.000000 -32688.129249 -2.208642
300.000000 0.458000 0.458000 0.458000 0.000000 0.000000 0.000000 -32609.445158 3.570430
300.000000 0.460000 0.460000 0.460000 0.000000 0.000000 0.000000 -32568.346749 -8.181475
300.000000 0.462000 0.462000 0.462000 0.000000 0.000000 0.000000 -32732.293971 -11.960870
300.000000 0.464000 0.464000 0.464000 0.000000 0.000000 0.000000 -32696.817467 3.075156
300.000000 0.466000 0.466000 0.466000 0.000000 0.000000 0.000000 -32674.404130 -7.112442
300.000000 0.468000 0.468000 0.468000 0.000000 0.000000 0.000000 -32722.472311 -8.784183
300.000000 0.470000 0.470000 0.470000 0.000000 0.000000 0.000000 -32795.352035 10.302936
300.000000 0.472000 0.472000 0.472000 0.000000 0.000000 0.000000 -32697.873540 -1.045938
300.000000 0.474000 0.474000 0.474000 0.000000 0.000000 0.000000 -32708.651517 1.860036
300.000000 0.476000 0.476000 0.476000 0.000000 0.000000 0.000000 -32707.091696 -5.928140
300.000000 0.478000 0.478000 0.478000 0.000000 0.000000 0.000000 -32649.876302 -0.816467
300.000000 0.480000 0.480000 0.480000 0.000000 0.000000 0.000000 -32707.556340 -0.984068
300.000000 0.482000 0.482000 0.482000 0.000000 0.000000 0.000000 -32660.100917 5.507011
300.000000 0.484000 0.484000 0.484000 0.000000 0.000000 0.000000 -32654.156463 7.922603
300.000000 0.486000 0.486000 0.486000 0.000000 0.000000 0.000000 -32722.289399 5.298612
300.000000 0.488000 0.488000 0.488000 0.000000 0.000000 0.000000 -32812.894777 6.931358
300.000000 0.490000 0.490000 0.490000 0.000000 0.000000 0.000000 -32815.820711 8.361462
300.000000 0.492000 0.492000 0.492000 0.000000 0.000000 0.000000 -32708.486735 2.560436
300.000000 0.494000 0.494000 0.494000 0.000000 0.000000 0.000000 -32714.528930 -2.279700
300.000000 0.496000 0.496000 0.496000 0.000000 0.000000 0.000000 -32713.161422 -2.276664
300.000000 0.498000 0.498000 0.498000 0.000000 0.000000 0.000000 -32616.323693 -1.324246
