300.000000 0.000000 0.000000 0.000000 0.000000 0.000000 0.000000 -39313.477306 893.597187
300.000000 0.002000 0.002000 0.002000 0.000000 0.000000 0.000000 -39395.459578 868.437063
300.000000 0.004000 0.004000 0.004000 0.000000 0.000000 0.000000 -39352.311828 880.287400
300.000000 0.006000 0.006000 0.006000 0.000000 0.000000 0.000000 -39396.978608 886.005906
300.000000 0.008000 0.008000 0.008000 0.000000 0.000000 0.000000 -39533.707978 944.913484
300.000000 0.010000 0.010000 0.010000 0.000000 0.000000 0.000000 -39405.594990 749.015009
300.000000 0.012000 0.012000 0.012000 0.000000 0.000000 0.000000 -39492.194947 897.547455
300.000000 0.014000 0.014000 0.014000 0.000000 0.000000 0.000000 -39509.190553 762.708227
300.000000 0.016000 0.016000 0.016000 0.000000 0.000000 0.000000 -39488.351329 883.580616
300.000000 0.018000 0.018000 0.018000 0.000000 0.000000 0.000000 -39339.446231 873.859573
300.000000 0.020000 0.020000 0.020000 0.000000 0.000000 0.000000 -39431.951082 949.855491
300.000000 0.022000 0.022000 0.022000 0.000000 0.000000 0.000000 -39484.074094 884.325148
300.000000 0.024000 0.024000 0.024000 0.000000 0.000000 0.000000 -39495.782522 894.839681
300.000000 0.026000 0.026000 0.026000 0.000000 0.000000 0.000000 -39605.239055 865.806418
300.000000 0.028000 0.028000 0.028000 0.000000 0.000000 0.000000 -39543.319917 963.100359
300.000000 0.030000 0.030000 0.030000 0.000000 0.000000 0.000000 -39409.358485 913.217356
300.000000 0.032000 0.032000 0.032000 0.000000 0.000000 0.000000 -39391.442427 731.655442
300.000000 0.034000 0.034000 0.034000 0.000000 0.000000 0.000000 -39483.364523 692.934488
300.000000 0.036000 0.036000 0.036000 0.000000 0.000000 0.000000 -39501.600920 82.086956
300.000000 0.038000 0.038000 0.038000 0.000000 0.000000 0.000000 -39444.427554 51.062353
300.000000 0.040000 0.040000 0.040000 0.000000 0.000000 0.000000 -39368.259435 51.904265
300.000000 0.042000 0.042000 0.042000 0.000000 0.000000 0.000000 -39455.422347 67.723098
300.000000 0.044000 0.044000 0.044000 0.000000 0.000000 0.000000 -39443.410185 95.141387
300.000000 0.046000 0.046000 0.046000 0.000000 0.000000 0.000000 -39400.381368 68.674647
300.000000 0.048000 0.048000 0.048000 0.000000 0.000000 0.000000 -39492.319028 92.849350
300.000000 0.050000 0.050000 0.050000 0.000000 0.000000 0.000000 -39539.498179 71.643993
300.000000 0.052000 0.052000 0.052000 0.000000 0.000000 0.000000 -39443.772796 81.698755
300.000000 0.054000 0.054000 0.054000 0.000000 0.000000 0.000000 -39464.787979 78.386373
300.000000 0.056000 0.056000 0.056000 0.000000 0.000000 0.000000 -39371.425203 52.007468
300.000000 0.058000 0.058000 0.058000 0.000000 0.000000 0.000000 -39535.452045 42.145682
300.000000 0.060000 0.060000 0.060000 0.000000 0.000000 0.000000 -39577.510137 72.297250
300.000000 0.062000 0.062000 0.062000 0.000000 0.000000 0.000000 -39547.123377 25.415173
300.000000 0.064000 0.064000 0.064000 0.000000 0.000000 0.000000 -39482.094227 44.940728
300.000000 0.066000 0.066000 0.066000 0.000000 0.000000 0.000000 -39409.891844 45.123579
300.000000 0.068000 0.068000 0.068000 0.000000 0.000000 0.000000 -39426.899661 90.961496
300.000000 0.070000 0.070000 0.070000 0.000000 0.000000 0.000000 -39334.384484 45.091394
300.000000 0.072000 0.072000 0.072000 0.000000 0.000000 0.000000 -39279.164812 45.337607
300.000000 0.074000 0.074000 0.074000 0.000000 0.000000 0.000000 -39288.976405 82.771285
300.000000 0.076000 0.076000 0.076000 0.000000 0.000000 0.000000 -39330.862910 49.854210
300.000000 0.078000 0.078000 0.078000 0.000000 0.000000 0.000000 -39468.586056 46.223401
300.000000 0.080000 0.080000 0.080000 0.000000 0.000000 0.000000 -39543.749931 62.408611
300.000000 0.082000 0.082000 0.082000 0.000000 0.000000 0.000000 -39358.923913 56.032601
300.000000 0.084000 0.084000 0.084000 0.000000 0.000000 0.000000 -39303.477641 46.367443
300.000000 0.086000 0.086000 0.086000 0.000000 0.000000 0.000000 -39403.999558 61.249643
300.000000 0.088000 0.088000 0.088000 0.000000 0.000000 0.000000 -39440.661294 86.445348
300.000000 0.090000 0.090000 0.090000 0.000000 0.000000 0.000000 -39408.457407 41.877537
300.000000 0.092000 0.092000 0.092000 0.000000 0.000000 0.000000 -39473.319746 59.675313
300.000000 0.094000 0.094000 0.094000 0.000000 0.000000 0.000000 -39449.915679 18.395448
300.000000 0.096000 0.096000 0.096000 0.000000 0.000000 0.000000 -39457.889805 64.966398
300.000000 0.098000 0.098000 0.098000 0.000000 0.000000 0.000000 -39474.784629 31.320951
300.000000 0.100000 0.100000 0.100000 0.000000 0.000000 0.000000 -39502.179884 30.292446
300.000000 0.102000 0.102000 0.102000 0.000000 0.000000 0.000000 -39521.124355 41.035883
300.000000 0.104000 0.104000 0.104000 0.000000 0.000000 0.000000 -39525.083840 35.629165
300.000000 0.106000 0.106000 0.106000 0.000000 0.000000 0.000000 -39520.033432 48.477387
300.000000 0.108000 0.108000 0.108000 0.000000 0.000000 0.000000 -39499.747234 49.837099
300.000000 0.110000 0.110000 0.110000 0.000000 0.000000 0.000000 -39454.697492 42.989424
300.000000 0.112000 0.112000 0.112000 0.000000 0.000000 0.000000 -39579.663369 14.779093
300.000000 0.114000 0.114000 0.114000 0.000000 0.000000 0.000000 -39460.831947 32.175231
300.000000 0.116000 0.116000 0.116000 0.000000 0.000000 0.000000 -39394.564091 10.934107
300.000000 0.118000 0.118000 0.118000 0.000000 0.000000 0.000000 -39287.577739 36.112660
300.000000 0.120000 0.120000 0.120000 0.000000 0.000000 0.000000 -39336.854497 51.706582
300.000000 0.122000 0.122000 0.122000 0.000000 0.000000 0.000000 -39356.823681 35.287429
300.000000 0.124000 0.124000 0.124000 0.000000 0.000000 0.000000 -39324.380570 21.545922
300.000000 0.126000 0.126000 0.126000 0.000000 0.000000 0.000000 -39412.680281 19.631384
300.000000 0.128000 0.128000 0.128000 0.000000 0.000000 0.000000 -39452.426543 26.842581
300.000000 0.130000 0.130000 0.130000 0.000000 0.000000 0.000000 -39380.299747 34.175334
300.000000 0.132000 0.132000 0.132000 0.000000 0.000000 0.000000 -39423.190762 38.977015
300.000000 0.134000 0.134000 0.134000 0.000000 0.000000 0.000000 -39401.261255 20.874203
300.000000 0.136000 0.136000 0.136000 0.000000 0.000000 0.000000 -39542.172720 13.256523
300.000000 0.138000 0.138000 0.138000 0.000000 0.000000 0.000000 -39376.771629 34.611293
300.000000 0.140000 0.140000 0.140000 0.000000 0.000000 0.000000 -39367.875947 13.184972
300.000000 0.142000 0.142000 0.142000 0.000000 0.000000 0.000000 -39467.749154 37.649865
300.000000 0.144000 0.144000 0.144000 0.000000 0.000000 0.000000 -39512.144045 35.711434
300.000000 0.146000 0.146000 0.146000 0.000000 0.000000 0.000000 -39547.322050 27.545356
300.000000 0.148000 0.148000 0.148000 0.000000 0.000000 0.000000 -39543.721479 26.537023
300.000000 0.150000 0.150000 0.150000 0.000000 0.000000 0.000000 -39484.499065 21.736456
300.000000 0.152000 0.152000 0.152000 0.000000 0.000000 0.000000 -39435.871797 22.374856
300.000000 0.154000 0.154000 0.154000 0.000000 0.000000 0.000000 -39297.767757 31.215662
300.000000 0.156000 0.156000 0.156000 0.000000 0.000000 0.000000 -39257.509996 37.677547
300.000000 0.158000 0.158000 0.158000 0.000000 0.000000 0.000000 -39369.400390 25.478154
300.000000 0.160000 0.160000 0.160000 0.000000 0.000000 0.000000 -39461.618451 12.248237
300.000000 0.162000 0.162000 0.162000 0.000000 0.000000 0.000000 -39499.518467 16.014410
300.000000 0.164000 0.164000 0.164000 0.000000 0.000000 0.000000 -39206.815415 45.626219
300.000000 0.166000 0.166000 0.166000 0.000000 0.000000 0.000000 -39243.559774 29.088296
300.000000 0.168000 0.168000 0.168000 0.000000 0.000000 0.000000 -39420.595600 21.689664
300.000000 0.170000 0.170000 0.170000 0.000000 0.000000 0.000000 -39347.266659 24.487809
300.000000 0.172000 0.172000 0.172000 0.000000 0.000000 0.000000 -39266.055228 22.800944
300.000000 0.174000 0.174000 0.174000 0.000000 0.000000 0.000000 -39336.183639 26.352392
300.000000 0.176000 0.176000 0.176000 0.000000 0.000000 0.000000 -39384.099966 14.146590
300.000000 0.178000 0.178000 0.178000 0.000000 0.000000 0.000000 -39264.674463 29.360501
300.000000 0.180000 0.180000 0.180000 0.000000 0.000000 0.000000 -39448.667691 27.148194
300.000000 0.182000 0.182000 0.182000 0.000000 0.000000 0.000000 -39456.159609 16.520745
300.000000 0.184000 0.184000 0.184000 0.000000 0.000000 0.000000 -39358.543449 30.257521
300.000000 0.186000 0.186000 0.186000 0.000000 0.000000 0.000000 -39311.540461 23.486650
300.000000 0.188000 0.188000 0.188000 0.000000 0.000000 0.000000 -39385.383767 18.702720
300.000000 0.190000 0.190000 0.190000 0.000000 0.000000 0.000000 -39426.215938 22.646323
300.000000 0.192000 0.192000 0.192000 0.000000 0.000000 0.000000 -39301.119212 20.130875
300.000000 0.194000 0.194000 0.194000 0.000000 0.000000 0.000000 -39388.105924 14.966349
300.000000 0.196000 0.196000 0.196000 0.000000 0.000000 0.000000 -39484.398804 28.432358
300.000000 0.198000 0.198000 0.198000 0.000000 0.000000 0.000000 -39585.595799 25.220130
300.000000 0.200000 0.200000 0.200000 0.000000 0.000000 0.000000 -39486.123618 23.030855
300.000000 0.202000 0.202000 0.202000 0.000000 0.000000 0.000000 -39411.848210 12.506644
300.000000 0.204000 0.204000 0.204000 0.000000 0.000000 0.000000 -39592.838139 19.145637
300.000000 0.206000 0.206000 0.206000 0.000000 0.000000 0.000000 -39295.078114 15.511788
300.000000 0.208000 0.208000 0.208000 0.000000 0.000000 0.000000 -39293.811659 10.694414
300.000000 0.210000 0.210000 0.210000 0.000000 0.000000 0.000000 -39500.306235 28.079552
300.000000 0.212000 0.212000 0.212000 0.000000 0.000000 0.000000 -39496.877663 31.049421
300.000000 0.214000 0.214000 0.214000 0.000000 0.000000 0.000000 -39401.031373 17.590976
300.000000 0.216000 0.216000 0.216000 0.000000 0.000000 0.000000 -39479.266275 18.161106
300.000000 0.218000 0.218000 0.218000 0.000000 0.000000 0.000000 -39335.160531 10.084983
300.000000 0.220000 0.220000 0.220000 0.000000 0.000000 0.000000 -39416.101158 21.034683
300.000000 0.222000 0.222000 0.222000 0.000000 0.000000 0.000000 -39496.460644 24.477810
300.000000 0.224000 0.224000 0.224000 0.000000 0.000000 0.000000 -39586.853890 12.332653
300.000000 0.226000 0.226000 0.226000 0.000000 0.000000 0.000000 -39537.135600 6.933856
300.000000 0.228000 0.228000 0.228000 0.000000 0.000000 0.000000 -39527.536953 22.970898
300.000000 0.230000 0.230000 0.230000 0.000000 0.000000 0.000000 -39418.395430 21.192702
300.000000 0.232000 0.232000 0.232000 0.000000 0.000000 0.000000 -39446.146757 21.507084
300.000000 0.234000 0.234000 0.234000 0.000000 0.000000 0.000000 -39337.841090 19.854372
300.000000 0.236000 0.236000 0.236000 0.000000 0.000000 0.000000 -39401.573938 15.517664
300.000000 0.238000 0.238000 0.238000 0.000000 0.000000 0.000000 -39301.330222 14.253597
300.000000 0.240000 0.240000 0.240000 0.000000 0.000000 0.000000 -39480.771533 11.048218
300.000000 0.242000 0.242000 0.242000 0.000000 0.000000 0.000000 -39518.464513 8.186423
300.000000 0.244000 0.244000 0.244000 0.000000 0.000000 0.000000 -39521.539861 8.260112
300.000000 0.246000 0.246000 0.246000 0.000000 0.000000 0.000000 -39555.863093 1.820460
300.000000 0.248000 0.248000 0.248000 0.000000 0.000000 0.000000 -39650.245813 15.028943
300.000000 0.250000 0.250000 0.250000 0.000000 0.000000 0.000000 -39616.182267 18.365011
300.000000 0.252000 0.252000 0.252000 0.000000 0.000000 0.000000 -39607.513897 17.372477
300.000000 0.254000 0.254000 0.254000 0.000000 0.000000 0.000000 -39501.260987 15.398598
300.000000 0.256000 0.256000 0.256000 0.000000 0.000000 0.000000 -39646.151441 16.421086
300.000000 0.258000 0.258000 0.258000 0.000000 0.000000 0.000000 -39608.331581 15.503668
300.000000 0.260000 0.260000 0.260000 0.000000 0.000000 0.000000 -39497.424829 7.086376
300.000000 0.262000 0.262000 0.262000 0.000000 0.000000 0.000000 -39468.128077 16.727450
300.000000 0.264000 0.264000 0.264000 0.000000 0.000000 0.000000 -39528.626461 11.886041
300.000000 0.266000 0.266000 0.266000 0.000000 0.000000 0.000000 -39348.710244 14.698675
300.000000 0.268000 0.268000 0.268000 0.000000 0.000000 0.000000 -39544.338271 13.305186
300.000000 0.270000 0.270000 0.270000 0.000000 0.000000 0.000000 -39435.668100 14.333146
300.000000 0.272000 0.272000 0.272000 0.000000 0.000000 0.000000 -39439.773050 10.574074
300.000000 0.274000 0.274000 0.274000 0.000000 0.000000 0.000000 -39437.075114 14.649337
300.000000 0.276000 0.276000 0.276000 0.000000 0.000000 0.000000 -39268.405245 13.714395
300.000000 0.278000 0.278000 0.278000 0.000000 0.000000 0.000000 -39338.123876 20.650041
300.000000 0.280000 0.280000 0.280000 0.000000 0.000000 0.000000 -39274.437692 11.952696
300.000000 0.282000 0.282000 0.282000 0.000000 0.000000 0.000000 -39385.801769 12.993119
300.000000 0.284000 0.284000 0.284000 0.000000 0.000000 0.000000 -39398.076740 15.567990
300.000000 0.286000 0.286000 0.286000 0.000000 0.000000 0.000000 -39467.304955 13.294634
300.000000 0.288000 0.288000 0.288000 0.000000 0.000000 0.000000 -39411.726372 18.649619
300.000000 0.290000 0.290000 0.290000 0.000000 0.000000 0.000000 -39590.171851 10.110072
300.000000 0.292000 0.292000 0.292000 0.000000 0.000000 0.000000 -39468.244875 15.551021
300.000000 0.294000 0.294000 0.294000 0.000000 0.000000 0.000000 -39475.231769 8.009128
300.000000 0.296000 0.296000 0.296000 0.000000 0.000000 0.000000 -39391.266122 11.488698
300.000000 0.298000 0.298000 0.298000 0.000000 0.000000 0.000000 -39306.693128 7.842297
300.000000 0.300000 0.300000 0.300000 0.000000 0.000000 0.000000 -39467.697935 9.301294
300.000000 0.302000 0.302000 0.302000 0.000000 0.000000 0.000000 -39415.504521 11.080828
300.000000 0.304000 0.304000 0.304000 0.000000 0.000000 0.000000 -39497.443013 21.976750
300.000000 0.306000 0.306000 0.306000 0.000000 0.000000 0.000000 -39409.704085 18.435101
300.000000 0.308000 0.308000 0.308000 0.000000 0.000000 0.000000 -39466.980750 -3.723495
300.000000 0.310000 0.310000 0.310000 0.000000 0.000000 0.000000 -39485.243044 7.592494
300.000000 0.312000 0.312000 0.312000 0.000000 0.000000 0.000000 -39453.034187 5.340623
300.000000 0.314000 0.314000 0.314000 0.000000 0.000000 0.000000 -39423.218174 3.903482
300.000000 0.316000 0.316000 0.316000 0.000000 0.000000 0.000000 -39515.937626 6.110323
300.000000 0.318000 0.318000 0.318000 0.000000 0.000000 0.000000 -39444.042719 12.060329
300.000000 0.320000 0.320000 0.320000 0.000000 0.000000 0.000000 -39398.246557 7.915382
300.000000 0.322000 0.322000 0.322000 0.000000 0.000000 0.000000 -39359.931198 15.772842
300.000000 0.324000 0.324000 0.324000 0.000000 0.000000 0.000000 -39356.835821 3.706849
300.000000 0.326000 0.326000 0.326000 0.000000 0.000000 0.000000 -39250.211253 7.450885
300.000000 0.328000 0.328000 0.328000 0.000000 0.000000 0.000000 -39413.049695 10.133442
300.000000 0.330000 0.330000 0.330000 0.000000 0.000000 0.000000 -39400.856195 13.689667
300.000000 0.332000 0.332000 0.332000 0.000000 0.000000 0.000000 -39456.056807 5.997299
300.000000 0.334000 0.334000 0.334000 0.000000 0.000000 0.000000 -39393.651546 11.373653
300.000000 0.336000 0.336000 0.336000 0.000000 0.000000 0.000000 -39447.168182 8.501789
300.000000 0.338000 0.338000 0.338000 0.000000 0.000000 0.000000 -39458.076385 11.509956
300.000000 0.340000 0.340000 0.340000 0.000000 0.000000 0.000000 -39519.294997 2.061809
300.000000 0.342000 0.342000 0.342000 0.000000 0.000000 0.000000 -39470.592884 22.669280
300.000000 0.344000 0.344000 0.344000 0.000000 0.000000 0.000000 -39663.444465 7.944757
300.000000 0.346000 0.346000 0.346000 0.000000 0.000000 0.000000 -39646.903950 10.897992
300.000000 0.348000 0.348000 0.348000 0.000000 0.000000 0.000000 -39575.876510 2.724599
300.000000 0.350000 0.350000 0.350000 0.000000 0.000000 0.000000 -39474.631009 -1.205880
300.000000 0.352000 0.352000 0.352000 0.000000 0.000000 0.000000 -39481.783945 3.195975
300.000000 0.354000 0.354000 0.354000 0.000000 0.000000 0.000000 -39530.581788 -5.236663
300.000000 0.356000 0.356000 0.356000 0.000000 0.000000 0.000000 -39420.487595 17.392034
300.000000 0.358000 0.358000 0.358000 0.000000 0.000000 0.000000 -39357.882413 14.043724
300.000000 0.360000 0.360000 0.360000 0.000000 0.000000 0.000000 -39332.902715 7.988998
300.000000 0.362000 0.362000 0.362000 0.000000 0.000000 0.000000 -39597.895972 10.466257
300.000000 0.364000 0.364000 0.364000 0.000000 0.000000 0.000000 -39454.377997 -0.147106
300.000000 0.366000 0.366000 0.366000 0.000000 0.000000 0.000000 -39442.519908 -1.807588
300.000000 0.368000 0.368000 0.368000 0.000000 0.000000 0.000000 -39468.247751 3.768602
300.000000 0.370000 0.370000 0.370000 0.000000 0.000000 0.000000 -39452.142271 3.352020
300.000000 0.372000 0.372000 0.372000 0.000000 0.000000 0.000000 -39476.468759 9.464235
300.000000 0.374000 0.374000 0.374000 0.000000 0.000000 0.000000 -39398.487058 3.614272
300.000000 0.376000 0.376000 0.376000 0.000000 0.000000 0.000000 -39365.342794 -2.407311
300.000000 0.378000 0.378000 0.378000 0.000000 0.000000 0.000000 -39487.982453 8.563334
300.000000 0.380000 0.380000 0.380000 0.000000 0.000000 0.000000 -39462.954733 7.395283
300.000000 0.382000 0.382000 0.382000 0.000000 0.000000 0.000000 -39307.655153 7.793827
300.000000 0.384000 0.384000 0.384000 0.000000 0.000000 0.000000 -39500.741869 14.899141
300.000000 0.386000 0.386000 0.386000 0.000000 0.000000 0.000000 -39438.962377 5.310893
300.000000 0.388000 0.388000 0.388000 0.000000 0.000000 0.000000 -39545.903159 2.803706
300.000000 0.390000 0.390000 0.390000 0.000000 0.000000 0.000000 -39337.675841 4.611905
300.000000 0.392000 0.392000 0.392000 0.000000 0.000000 0.000000 -39451.335285 7.159016
300.000000 0.394000 0.394000 0.394000 0.000000 0.000000 0.000000 -39456.113881 10.260566
300.000000 0.396000 0.396000 0.396000 0.000000 0.000000 0.000000 -39417.530525 5.532076
300.000000 0.398000 0.398000 0.398000 0.000000 0.000000 0.000000 -39318.302737 -1.237624
300.000000 0.400000 0.400000 0.400000 0.000000 0.000000 0.000000 -39241.127111 4.010415
300.000000 0.402000 0.402000 0.402000 0.000000 0.000000 0.000000 -39191.474203 7.334319
300.000000 0.404000 0.404000 0.404000 0.000000 0.000000 0.000000 -39274.240661 -2.269907
300.000000 0.406000 0.406000 0.406000 0.000000 0.000000 0.000000 -39293.359706 11.310412
300.000000 0.408000 0.408000 0.408000 0.000000 0.000000 0.000000 -39377.333492 6.164675
300.000000 0.410000 0.410000 0.410000 0.000000 0.000000 0.000000 -39450.869197 4.108649
300.000000 0.412000 0.412000 0.412000 0.000000 0.000000 0.000000 -39401.669872 -5.199058
300.000000 0.414000 0.414000 0.414000 0.000000 0.000000 0.000000 -39508.939541 13.157185
300.000000 0.416000 0.416000 0.416000 0.000000 0.000000 0.000000 -39483.573998 0.763339
300.000000 0.418000 0.418000 0.418000 0.000000 0.000000 0.000000 -39490.375421 -4.177717
300.000000 0.420000 0.420000 0.420000 0.000000 0.000000 0.000000 -39483.610981 6.215359
300.000000 0.422000 0.422000 0.422000 0.000000 0.000000 0.000000 -39667.165307 6.267336
300.000000 0.424000 0.424000 0.424000 0.000000 0.000000 0.000000 -39493.341930 13.394704
300.000000 0.426000 0.426000 0.426000 0.000000 0.000000 0.000000 -39419.841359 -1.782369
300.000000 0.428000 0.428000 0.428000 0.000000 0.000000 0.000000 -39533.344781 -8.222974
300.000000 0.430000 0.430000 0.430000 0.000000 0.000000 0.000000 -39494.806856 -4.394995
300.000000 0.432000 0.432000 0.432000 0.000000 0.000000 0.000000 -39436.979749 -9.111560
300.000000 0.434000 0.434000 0.434000 0.000000 0.000000 0.000000 -39453.351669 10.212604
300.000000 0.436000 0.436000 0.436000 0.000000 0.000000 0.000000 -39526.050526 9.180052
300.000000 0.438000 0.438000 0.438000 0.000000 0.000000 0.000000 -39505.721192 13.263604
300.000000 0.440000 0.440000 0.440000 0.000000 0.000000 0.000000 -39451.612105 1.422170
300.000000 0.442000 0.442000 0.442000 0.000000 0.000000 0.000000 -39467.705963 4.232905
300.000000 0.444000 0.444000 0.444000 0.000000 0.000000 0.000000 -39511.967173 7.690199
300.000000 0.446000 0.446000 0.446000 0.000000 0.000000 0.000000 -39521.695115 5.011666
300.000000 0.448000 0.448000 0.448000 0.000000 0.000000 0.000000 -39363.235140 -4.153961
300.000000 0.450000 0.450000 0.450000 0.000000 0.000000 0.000000 -39551.878314 3.769864
300.000000 0.452000 0.452000 0.452000 0.000000 0.000000 0.000000 -39429.042631 -7.204802
300.000000 0.454000 0.454000 0.454000 0.000000 0.000000 0.000000 -39551.244013 5.030069
300.000000 0.456000 0.456000 0.456000 0.000000 0.000000 0.000000 -39520.265401 2.101241
300.000000 0.458000 0.458000 0.458000 0.000000 0.000000 0.000000 -39665.315295 -2.880535
300.000000 0.460000 0.460000 0.460000 0.000000 0.000000 0.000000 -39591.355010 3.826861
300.000000 0.462000 0.462000 0.462000 0.000000 0.000000 0.000000 -39574.746336 -5.282578
300.000000 0.464000 0.464000 0.464000 0.000000 0.000000 0.000000 -39568.855314 3.516173
300.000000 0.466000 0.466000 0.466000 0.000000 0.000000 0.000000 -39443.359182 4.494971
300.000000 0.468000 0.468000 0.468000 0.000000 0.000000 0.000000 -39489.100421 -5.397513
300.000000 0.470000 0.470000 0.470000 0.000000 0.000000 0.000000 -39527.989404 -2.609033
300.000000 0.472000 0.472000 0.472000 0.000000 0.000000 0.000000 -39574.821409 3.268590
300.000000 0.474000 0.474000 0.474000 0.000000 0.000000 0.000000 -39506.373572 1.431373
300.000000 0.476000 0.476000 0.476000 0.000000 0.000000 0.000000 -39507.422902 -1.460428
300.000000 0.478000 0.478000 0.478000 0.000000 0.000000 0.000000 -39583.196566 1.242060
300.000000 0.480000 0.480000 0.480000 0.000000 0.000000 0.000000 -39376.489063 -2.803803
300.000000 0.482000 0.482000 0.482000 0.000000 0.000000 0.000000 -39387.538621 7.548918
300.000000 0.484000 0.484000 0.484000 0.000000 0.000000 0.000000 -39322.919533 6.745928
300.000000 0.486000 0.486000 0.486000 0.000000 0.000000 0.000000 -39393.849960 -11.225139
300.000000 0.488000 0.488000 0.488000 0.000000 0.000000 0.000000 -39379.712823 0.571862
300.000000 0.490000 0.490000 0.490000 0.000000 0.000000 0.000000 -39358.556682 9.984672
300.000000 0.492000 0.492000 0.492000 0.000000 0.000000 0.000000 -39368.194621 -6.061926
300.000000 0.494000 0.494000 0.494000 0.000000 0.000000 0.000000 -39209.901048 9.212353
300.000000 0.496000 0.496000 0.496000 0.000000 0.000000 0.000000 -39271.926464 -3.644183
300.000000 0.498000 0.498000 0.498000 0.000000 0.000000 0.000000 -39379.360540 7.632878
