50.000000 0.500000 0.500000 0.500000 0.000000 0.000000 0.000000 -41273.191057 -8.096319
58.333333 0.500000 0.500000 0.500000 0.000000 0.000000 0.000000 -41206.906844 -18.866515
66.666667 0.500000 0.500000 0.500000 0.000000 0.000000 0.000000 -41163.510837 -27.246654
75.000000 0.500000 0.500000 0.500000 0.000000 0.000000 0.000000 -41085.466475 -18.239125
83.333333 0.500000 0.500000 0.500000 0.000000 0.000000 0.000000 -40960.964333 -8.813337
91.666667 0.500000 0.500000 0.500000 0.000000 0.000000 0.000000 -40854.136383 -23.064054
100.000000 0.500000 0.500000 0.500000 0.000000 0.000000 0.000000 -40668.411706 -17.417543
108.333333 0.500000 0.500000 0.500000 0.000000 0.000000 0.000000 -40563.755194 -19.329589
116.666667 0.500000 0.500000 0.500000 0.000000 0.000000 0.000000 -40390.178125 -19.374402
125.000000 0.500000 0.500000 0.500000 0.000000 0.000000 0.000000 -40265.439727 -20.136233
133.333333 0.500000 0.500000 0.500000 0.000000 0.000000 0.000000 -40178.256170 -5.556883
141.666667 0.500000 0.500000 0.500000 0.000000 0.000000 0.000000 -40013.718919 -7.588432
150.000000 0.500000 0.500000 0.500000 0.000000 0.000000 0.000000 -39837.529963 5.302940
158.333333 0.500000 0.500000 0.500000 0.000000 0.000000 0.000000 -39724.884929 -10.605880
166.666667 0.500000 0.500000 0.500000 0.000000 0.000000 0.000000 -39414.168683 7.110421
175.000000 0.500000 0.500000 0.500000 0.000000 0.000000 0.000000 -39287.703700 -6.199211
183.333333 0.500000 0.500000 0.500000 0.000000 0.000000 0.000000 -38974.620482 -0.448136
191.666667 0.500000 0.500000 0.500000 0.000000 0.000000 0.000000 -38903.951209 -1.971797
200.000000 0.500000 0.500000 0.500000 0.000000 0.000000 0.000000 -38673.053083 0.866396
208.333333 0.500000 0.500000 0.500000 0.000000 0.000000 0.000000 -38258.735590 -6.811663
216.666667 0.500000 0.500000 0.500000 0.000000 0.000000 0.000000 -38045.595076 -5.975143
225.000000 0.500000 0.500000 0.500000 0.000000 0.000000 0.000000 -37701.971727 16.551147
233.333333 0.500000 0.500000 0.500000 0.000000 0.000000 0.000000 -37349.981937 8.245698
241.666667 0.500000 0.500000 0.500000 0.000000 0.000000 0.000000 -36938.848381 -1.583413
250.000000 0.500000 0.500000 0.500000 0.000000 0.000000 0.000000 -36611.552709 9.694670
258.333333 0.500000 0.500000 0.500000 0.000000 0.000000 0.000000 -36259.737403 9.082218
266.666667 0.500000 0.500000 0.500000 0.000000 0.000000 0.000000 -35689.025068 -1.359345
275.000000 0.500000 0.500000 0.500000 0.000000 0.000000 0.000000 -35262.691438 2.091300
283.333333 0.500000 0.500000 0.500000 0.000000 0.000000 0.000000 -34851.377737 2.509560
291.666667 0.500000 0.500000 0.500000 0.000000 0.000000 0.000000 -34473.358058 11.173518
300.000000 0.500000 0.500000 0.500000 0.000000 0.000000 0.000000 -34549.448771 -5.482194
300.000000 0.500000 0.500000 0.500000 0.000000 0.000000 0.000000 -34650.977866 -13.429135
300.000000 0.500000 0.500000 0.500000 0.000000 0.000000 0.000000 -34772.907752 4.765177
300.000000 0.500000 0.500000 0.500000 0.000000 0.000000 0.000000 -34761.281354 -11.427462
300.000000 0.500000 0.500000 0.500000 0.000000 0.000000 0.000000 -35009.971643 6.258963
300.000000 0.500000 0.500000 0.500000 0.000000 0.000000 0.000000 -35014.456098 3.973470
300.000000 0.500000 0.500000 0.500000 0.000000 0.000000 0.000000 -35006.257757 -7.663121
300.000000 0.500000 0.500000 0.500000 0.000000 0.000000 0.000000 -34992.129070 6.273901
300.000000 0.500000 0.500000 0.500000 0.000000 0.000000 0.000000 -34897.372763 -5.108748
300.000000 0.500000 0.500000 0.500000 0.000000 0.000000 0.000000 -35048.266869 -16.685588
300.000000 0.500000 0.500000 0.500000 0.000000 0.000000 0.000000 -34951.484437 -13.414197
300.000000 0.500000 0.500000 0.500000 0.000000 0.000000 0.000000 -34959.275121 23.990201
300.000000 0.500000 0.500000 0.500000 0.000000 0.000000 0.000000 -34793.580390 -14.594288
300.000000 0.500000 0.500000 0.500000 0.000000 0.000000 0.000000 -34950.900947 1.135277
300.000000 0.500000 0.500000 0.500000 0.000000 0.000000 0.000000 -34966.216961 -25.140416
300.000000 0.500000 0.500000 0.500000 0.000000 0.000000 0.000000 -34852.568281 -5.706262
300.000000 0.500000 0.500000 0.500000 0.000000 0.000000 0.000000 -34897.549966 -2.240679
300.000000 0.500000 0.500000 0.500000 0.000000 0.000000 0.000000 -35025.203978 3.824092
300.000000 0.500000 0.500000 0.500000 0.000000 0.000000 0.000000 -34898.361714 -22.302223
300.000000 0.500000 0.500000 0.500000 0.000000 0.000000 0.000000 -34861.112649 -11.800908
300.000000 0.500000 0.500000 0.500000 0.000000 0.000000 0.000000 -34864.646933 7.394240
300.000000 0.500000 0.500000 0.500000 0.000000 0.000000 0.000000 -34964.709694 5.885516
300.000000 0.500000 0.500000 0.500000 0.000000 0.000000 0.000000 -34851.125773 -12.786807
300.000000 0.500000 0.500000 0.500000 0.000000 0.000000 0.000000 -34941.748048 9.037404
300.000000 0.500000 0.500000 0.500000 0.000000 0.000000 0.000000 -34855.967902 14.937859
300.000000 0.500000 0.500000 0.500000 0.000000 0.000000 0.000000 -34949.246968 22.944551
300.000000 0.500000 0.500000 0.500000 0.000000 0.000000 0.000000 -34872.486635 2.330306
300.000000 0.500000 0.500000 0.500000 0.000000 0.000000 0.000000 -34880.801196 17.835803
300.000000 0.500000 0.500000 0.500000 0.000000 0.000000 0.000000 -34861.693234 7.782624
300.000000 0.500000 0.500000 0.500000 0.000000 0.000000 0.000000 -35067.783158 -6.557720
