300.000000 0.500000 0.500000 0.500000 0.000000 0.000000 0.000000 -35090.658490 -4.212476
300.000000 0.500000 0.500000 0.500000 0.000000 0.000000 0.000000 -34924.644017 -17.163599
300.000000 0.500000 0.500000 0.500000 0.000000 0.000000 0.000000 -34839.490273 -2.195865
300.000000 0.500000 0.500000 0.500000 0.000000 0.000000 0.000000 -34945.465481 -9.560229
300.000000 0.500000 0.500000 0.500000 0.000000 0.000000 0.000000 -35071.992775 -4.780115
300.000000 0.500000 0.500000 0.500000 0.000000 0.000000 0.000000 -35055.933629 16.162763
300.000000 0.500000 0.500000 0.500000 0.000000 0.000000 0.000000 -34953.821681 2.240679
300.000000 0.500000 0.500000 0.500000 0.000000 0.000000 0.000000 -35078.778428 -3.839030
300.000000 0.500000 0.500000 0.500000 0.000000 0.000000 0.000000 -34887.640651 -5.601697
300.000000 0.500000 0.500000 0.500000 0.000000 0.000000 0.000000 -35040.728844 11.024140
300.000000 0.500000 0.500000 0.500000 0.000000 0.000000 0.000000 -34997.097605 -1.135277
300.000000 0.500000 0.500000 0.500000 0.000000 0.000000 0.000000 -35012.920167 -4.556047
300.000000 0.500000 0.500000 0.500000 0.000000 0.000000 0.000000 -35053.668384 1.658102
300.000000 0.500000 0.500000 0.500000 0.000000 0.000000 0.000000 -34993.053545 -1.254780
300.000000 0.500000 0.500000 0.500000 0.000000 0.000000 0.000000 -34916.765493 -0.149379
300.000000 0.500000 0.500000 0.500000 0.000000 0.000000 0.000000 -35019.483022 -6.572658
300.000000 0.500000 0.500000 0.500000 0.000000 0.000000 0.000000 -34952.047519 -5.556883
300.000000 0.500000 0.500000 0.500000 0.000000 0.000000 0.000000 -34897.411616 -23.990201
300.000000 0.500000 0.500000 0.500000 0.000000 0.000000 0.000000 -34905.234196 -22.750359
300.000000 0.500000 0.500000 0.500000 0.000000 0.000000 0.000000 -34946.874993 -3.136950
300.000000 0.500000 0.500000 0.500000 0.000000 0.000000 0.000000 -34990.817388 7.394240
300.000000 0.500000 0.500000 0.500000 0.000000 0.000000 0.000000 -35137.153464 3.017447
300.000000 0.500000 0.500000 0.500000 0.000000 0.000000 0.000000 -35021.036632 9.769359
300.000000 0.500000 0.500000 0.500000 0.000000 0.000000 0.000000 -34959.249725 -16.775215
300.000000 0.500000 0.500000 0.500000 0.000000 0.000000 0.000000 -34808.833163 4.735301
300.000000 0.500000 0.500000 0.500000 0.000000 0.000000 0.000000 -34985.440693 2.255617
300.000000 0.500000 0.500000 0.500000 0.000000 0.000000 0.000000 -34960.307425 -9.291348
300.000000 0.500000 0.500000 0.500000 0.000000 0.000000 0.000000 -34973.504396 -12.577677
300.000000 0.500000 0.500000 0.500000 0.000000 0.000000 0.000000 -35188.939198 -2.584250
300.000000 0.500000 0.500000 0.500000 0.000000 0.000000 0.000000 -35057.128351 -4.481358
