50.000000 0.500000 0.500000 0.500000 0.000000 0.000000 0.000000 -32840.408967 1.897108
75.000000 0.500000 0.500000 0.500000 0.000000 0.000000 0.000000 -32660.182187 1.112870
100.000000 0.500000 0.500000 0.500000 0.000000 0.000000 0.000000 -32366.488900 -3.540272
125.000000 0.500000 0.500000 0.500000 0.000000 0.000000 0.000000 -31981.606959 -3.712058
150.000000 0.500000 0.500000 0.500000 0.000000 0.000000 0.000000 -31538.865974 2.897945
175.000000 0.500000 0.500000 0.500000 0.000000 0.000000 0.000000 -31065.686140 -8.686365
200.000000 0.500000 0.500000 0.500000 0.000000 0.000000 0.000000 -30360.218128 -3.697120
225.000000 0.500000 0.500000 0.500000 0.000000 0.000000 0.000000 -29688.526482 16.775215
250.000000 0.500000 0.500000 0.500000 0.000000 0.000000 0.000000 -28826.445600 4.585923
275.000000 0.500000 0.500000 0.500000 0.000000 0.000000 0.000000 -27883.344559 1.934453
300.000000 0.500000 0.500000 0.500000 0.000000 0.000000 0.000000 -27606.967494 8.320387
300.000000 0.500000 0.500000 0.500000 0.000000 0.000000 0.000000 -27793.651752 19.620877
300.000000 0.500000 0.500000 0.500000 0.000000 0.000000 0.000000 -27886.497697 4.055629
300.000000 0.500000 0.500000 0.500000 0.000000 0.000000 0.000000 -27846.445026 -2.554374
300.000000 0.500000 0.500000 0.500000 0.000000 0.000000 0.000000 -27858.146593 3.234046
300.000000 0.500000 0.500000 0.500000 0.000000 0.000000 0.000000 -27869.906772 -0.201661
300.000000 0.500000 0.500000 0.500000 0.000000 0.000000 0.000000 -27735.736493 4.593391
300.000000 0.500000 0.500000 0.500000 0.000000 0.000000 0.000000 -27741.817464 -6.886353
300.000000 0.500000 0.500000 0.500000 0.000000 0.000000 0.000000 -27731.070803 -1.650633
300.000000 0.500000 0.500000 0.500000 0.000000 0.000000 0.000000 -27873.372160 -10.307122
