300.000000 0.000000 0.000000 0.000000 0.000000 0.000000 0.000000 -33051.438564 932.121522
300.000000 0.002000 0.002000 0.002000 0.000000 0.000000 0.000000 -33071.564982 869.136401
300.000000 0.004000 0.004000 0.004000 0.000000 0.000000 0.000000 -32862.772452 752.337570
300.000000 0.006000 0.006000 0.006000 0.000000 0.000000 0.000000 -32893.901479 740.907889
300.000000 0.008000 0.008000 0.008000 0.000000 0.000000 0.000000 -32730.761974 235.741233
300.000000 0.010000 0.010000 0.010000 0.000000 0.000000 0.000000 -32845.233472 363.411676
300.000000 0.012000 0.012000 0.012000 0.000000 0.000000 0.000000 -32800.233109 219.426875
300.000000 0.014000 0.014000 0.014000 0.000000 0.000000 0.000000 -32806.783759 130.871085
300.000000 0.016000 0.016000 0.016000 0.000000 0.000000 0.000000 -32903.112378 130.377791
300.000000 0.018000 0.018000 0.018000 0.000000 0.000000 0.000000 -32814.053594 153.246040
300.000000 0.020000 0.020000 0.020000 0.000000 0.000000 0.000000 -32869.479966 196.098485
300.000000 0.022000 0.022000 0.022000 0.000000 0.000000 0.000000 -33028.033987 141.329023
300.000000 0.024000 0.024000 0.024000 0.000000 0.000000 0.000000 -32951.483916 169.356233
300.000000 0.026000 0.026000 0.026000 0.000000 0.000000 0.000000 -32912.381792 159.401147
300.000000 0.028000 0.028000 0.028000 0.000000 0.000000 0.000000 -32830.166564 94.119070
300.000000 0.030000 0.030000 0.030000 0.000000 0.000000 0.000000 -32822.919333 77.940814
300.000000 0.032000 0.032000 0.032000 0.000000 0.000000 0.000000 -32903.561604 99.467866
300.000000 0.034000 0.034000 0.034000 0.000000 0.000000 0.000000 -32716.820143 51.117438
300.000000 0.036000 0.036000 0.036000 0.000000 0.000000 0.000000 -32688.110272 95.403087
300.000000 0.038000 0.038000 0.038000 0.000000 0.000000 0.000000 -32745.950382 168.198041
300.000000 0.040000 0.040000 0.040000 0.000000 0.000000 0.000000 -32750.454242 42.426423
300.000000 0.042000 0.042000 0.042000 0.000000 0.000000 0.000000 -32627.802752 39.831493
300.000000 0.044000 0.044000 0.044000 0.000000 0.000000 0.000000 -32686.289110 87.671255
300.000000 0.046000 0.046000 0.046000 0.000000 0.000000 0.000000 -32701.408981 93.869720
300.000000 0.048000 0.048000 0.048000 0.000000 0.000000 0.000000 -32831.947716 43.832196
300.000000 0.050000 0.050000 0.050000 0.000000 0.000000 0.000000 -32730.167392 59.453358
300.000000 0.052000 0.052000 0.052000 0.000000 0.000000 0.000000 -32581.079516 72.212540
300.000000 0.054000 0.054000 0.054000 0.000000 0.000000 0.000000 -32738.422982 73.114447
300.000000 0.056000 0.056000 0.056000 0.000000 0.000000 0.000000 -32758.642554 70.953463
300.000000 0.058000 0.058000 0.058000 0.000000 0.000000 0.000000 -32781.462189 47.213608
300.000000 0.060000 0.060000 0.060000 0.000000 0.000000 0.000000 -32629.442836 25.193231
300.000000 0.062000 0.062000 0.062000 0.000000 0.000000 0.000000 -32707.155238 79.879271
300.000000 0.064000 0.064000 0.064000 0.000000 0.000000 0.000000 -32775.673498 72.997351
300.000000 0.066000 0.066000 0.066000 0.000000 0.000000 0.000000 -32648.943403 104.356031
300.000000 0.068000 0.068000 0.068000 0.000000 0.000000 0.000000 -32691.317802 62.970151
300.000000 0.070000 0.070000 0.070000 0.000000 0.000000 0.000000 -32768.248399 81.409783
300.000000 0.072000 0.072000 0.072000 0.000000 0.000000 0.000000 -32896.219121 67.661980
300.000000 0.074000 0.074000 0.074000 0.000000 0.000000 0.000000 -32781.483989 66.285814
300.000000 0.076000 0.076000 0.076000 0.000000 0.000000 0.000000 -32910.147426 57.413580
300.000000 0.078000 0.078000 0.078000 0.000000 0.000000 0.000000 -32881.786579 74.566599
300.000000 0.080000 0.080000 0.080000 0.000000 0.000000 0.000000 -32794.975591 52.092652
300.000000 0.082000 0.082000 0.082000 0.000000 0.000000 0.000000 -32794.393224 37.814177
300.000000 0.084000 0.084000 0.084000 0.000000 0.000000 0.000000 -32805.389613 46.568708
300.000000 0.086000 0.086000 0.086000 0.000000 0.000000 0.000000 -32808.526499 59.977123
300.000000 0.088000 0.088000 0.088000 0.000000 0.000000 0.000000 -32820.076597 42.772473
300.000000 0.090000 0.090000 0.090000 0.000000 0.000000 0.000000 -32631.019032 83.705806
300.000000 0.092000 0.092000 0.092000 0.000000 0.000000 0.000000 -32695.616520 63.793477
300.000000 0.094000 0.094000 0.094000 0.000000 0.000000 0.000000 -32719.568217 63.299827
300.000000 0.096000 0.096000 0.096000 0.000000 0.000000 0.000000 -32663.480856 32.083283
300.000000 0.098000 0.098000 0.098000 0.000000 0.000000 0.000000 -32643.501066 46.808218
300.000000 0.100000 0.100000 0.100000 0.000000 0.000000 0.000000 -32696.269447 34.894906
300.000000 0.102000 0.102000 0.102000 0.000000 0.000000 0.000000 -32640.261292 48.622534
300.000000 0.104000 0.104000 0.104000 0.000000 0.000000 0.000000 -32785.057779 31.424233
300.000000 0.106000 0.106000 0.106000 0.000000 0.000000 0.000000 -32777.633339 49.845774
300.000000 0.108000 0.108000 0.108000 0.000000 0.000000 0.000000 -32862.639490 28.724234
300.000000 0.110000 0.110000 0.110000 0.000000 0.000000 0.000000 -32750.011151 25.448367
300.000000 0.112000 0.112000 0.112000 0.000000 0.000000 0.000000 -32796.602428 39.292945
300.000000 0.114000 0.114000 0.114000 0.000000 0.000000 0.000000 -32811.768184 45.465213
300.000000 0.116000 0.116000 0.116000 0.000000 0.000000 0.000000 -32894.789757 46.388839
300.000000 0.118000 0.118000 0.118000 0.000000 0.000000 0.000000 -32848.092751 47.148339
300.000000 0.120000 0.120000 0.120000 0.000000 0.000000 0.000000 -32906.363345 41.216309
300.000000 0.122000 0.122000 0.122000 0.000000 0.000000 0.000000 -32880.556557 30.265989
300.000000 0.124000 0.124000 0.124000 0.000000 0.000000 0.000000 -32823.712155 42.191704
300.000000 0.126000 0.126000 0.126000 0.000000 0.000000 0.000000 -32804.019593 34.078434
300.000000 0.128000 0.128000 0.128000 0.000000 0.000000 0.000000 -32814.658636 48.607728
300.000000 0.130000 0.130000 0.130000 0.000000 0.000000 0.000000 -32903.061054 24.553262
300.000000 0.132000 0.132000 0.132000 0.000000 0.000000 0.000000 -32846.340589 33.577022
300.000000 0.134000 0.134000 0.134000 0.000000 0.000000 0.000000 -32854.699043 41.606047
300.000000 0.136000 0.136000 0.136000 0.000000 0.000000 0.000000 -32735.306450 28.111710
300.000000 0.138000 0.138000 0.138000 0.000000 0.000000 0.000000 -32934.018249 37.769100
300.000000 0.140000 0.140000 0.140000 0.000000 0.000000 0.000000 -32818.763576 40.841100
300.000000 0.142000 0.142000 0.142000 0.000000 0.000000 0.000000 -32813.937987 37.962306
300.000000 0.144000 0.144000 0.144000 0.000000 0.000000 0.000000 -32744.644298 31.278172
300.000000 0.146000 0.146000 0.146000 0.000000 0.000000 0.000000 -32765.355935 30.343571
300.000000 0.148000 0.148000 0.148000 0.000000 0.000000 0.000000 -32747.469467 33.165138
300.000000 0.150000 0.150000 0.150000 0.000000 0.000000 0.000000 -32861.248906 50.554678
300.000000 0.152000 0.152000 0.152000 0.000000 0.000000 0.000000 -32845.868656 49.149879
300.000000 0.154000 0.154000 0.154000 0.000000 0.000000 0.000000 -32771.934928 69.475007
300.000000 0.156000 0.156000 0.156000 0.000000 0.000000 0.000000 -32657.148909 48.791525
300.000000 0.158000 0.158000 0.158000 0.000000 0.000000 0.000000 -32780.081043 30.347996
300.000000 0.160000 0.160000 0.160000 0.000000 0.000000 0.000000 -32703.909142 28.695907
300.000000 0.162000 0.162000 0.162000 0.000000 0.000000 0.000000 -32707.995449 29.742039
300.000000 0.164000 0.164000 0.164000 0.000000 0.000000 0.000000 -32681.983703 28.457416
300.000000 0.166000 0.166000 0.166000 0.000000 0.000000 0.000000 -32822.083483 27.133840
300.000000 0.168000 0.168000 0.168000 0.000000 0.000000 0.000000 -32800.500838 23.506357
300.000000 0.170000 0.170000 0.170000 0.000000 0.000000 0.000000 -32790.543409 33.982609
300.000000 0.172000 0.172000 0.172000 0.000000 0.000000 0.000000 -32850.193906 25.551620
300.000000 0.174000 0.174000 0.174000 0.000000 0.000000 0.000000 -32851.742246 22.527320
300.000000 0.176000 0.176000 0.176000 0.000000 0.000000 0.000000 -32779.069966 32.463240
300.000000 0.178000 0.178000 0.178000 0.000000 0.000000 0.000000 -32861.849558 39.094968
300.000000 0.180000 0.180000 0.180000 0.000000 0.000000 0.000000 -32906.958921 28.090889
300.000000 0.182000 0.182000 0.182000 0.000000 0.000000 0.000000 -32820.174217 29.199535
300.000000 0.184000 0.184000 0.184000 0.000000 0.000000 0.000000 -32840.945935 31.339649
300.000000 0.186000 0.186000 0.186000 0.000000 0.000000 0.000000 -32811.663289 12.027619
300.000000 0.188000 0.188000 0.188000 0.000000 0.000000 0.000000 -32745.703097 13.305043
300.000000 0.190000 0.190000 0.190000 0.000000 0.000000 0.000000 -32783.609364 31.006256
300.000000 0.192000 0.192000 0.192000 0.000000 0.000000 0.000000 -32779.987762 26.404299
300.000000 0.194000 0.194000 0.194000 0.000000 0.000000 0.000000 -32804.066984 25.529196
300.000000 0.196000 0.196000 0.196000 0.000000 0.000000 0.000000 -32826.875606 32.450612
300.000000 0.198000 0.198000 0.198000 0.000000 0.000000 0.000000 -32815.644024 18.413479
300.000000 0.200000 0.200000 0.200000 0.000000 0.000000 0.000000 -32859.673990 23.991862
300.000000 0.202000 0.202000 0.202000 0.000000 0.000000 0.000000 -32865.442935 23.249715
300.000000 0.204000 0.204000 0.204000 0.000000 0.000000 0.000000 -32829.053961 19.246468
300.000000 0.206000 0.206000 0.206000 0.000000 0.000000 0.000000 -32832.227717 21.730789
300.000000 0.208000 0.208000 0.208000 0.000000 0.000000 0.000000 -32766.850114 20.570819
300.000000 0.210000 0.210000 0.210000 0.000000 0.000000 0.000000 -32769.014528 26.842137
300.000000 0.212000 0.212000 0.212000 0.000000 0.000000 0.000000 -32797.183248 23.390572
300.000000 0.214000 0.214000 0.214000 0.000000 0.000000 0.000000 -32883.325133 28.156664
300.000000 0.216000 0.216000 0.216000 0.000000 0.000000 0.000000 -32805.048366 16.722973
300.000000 0.218000 0.218000 0.218000 0.000000 0.000000 0.000000 -32771.917492 19.589194
300.000000 0.220000 0.220000 0.220000 0.000000 0.000000 0.000000 -32716.164997 16.695727
300.000000 0.222000 0.222000 0.222000 0.000000 0.000000 0.000000 -32735.758107 19.131400
300.000000 0.224000 0.224000 0.224000 0.000000 0.000000 0.000000 -32741.526589 28.300105
300.000000 0.226000 0.226000 0.226000 0.000000 0.000000 0.000000 -32744.895251 19.336925
300.000000 0.228000 0.228000 0.228000 0.000000 0.000000 0.000000 -32773.544773 3.211614
300.000000 0.230000 0.230000 0.230000 0.000000 0.000000 0.000000 -32853.439327 34.560714
300.000000 0.232000 0.232000 0.232000 0.000000 0.000000 0.000000 -32915.210027 13.381703
300.000000 0.234000 0.234000 0.234000 0.000000 0.000000 0.000000 -32737.831375 18.111282
300.000000 0.236000 0.236000 0.236000 0.000000 0.000000 0.000000 -32742.398013 22.064185
300.000000 0.238000 0.238000 0.238000 0.000000 0.000000 0.000000 -32671.066122 23.539621
300.000000 0.240000 0.240000 0.240000 0.000000 0.000000 0.000000 -32761.407786 29.345201
300.000000 0.242000 0.242000 0.242000 0.000000 0.000000 0.000000 -32810.667057 32.113020
300.000000 0.244000 0.244000 0.244000 0.000000 0.000000 0.000000 -32674.368862 28.392985
300.000000 0.246000 0.246000 0.246000 0.000000 0.000000 0.000000 -32890.758236 29.896823
300.000000 0.248000 0.248000 0.248000 0.000000 0.000000 0.000000 -32756.003926 33.316376
300.000000 0.250000 0.250000 0.250000 0.000000 0.000000 0.000000 -32850.354769 19.868485
300.000000 0.252000 0.252000 0.252000 0.000000 0.000000 0.000000 -32812.019194 14.269244
300.000000 0.254000 0.254000 0.254000 0.000000 0.000000 0.000000 -32945.261094 17.758702
300.000000 0.256000 0.256000 0.256000 0.000000 0.000000 0.000000 -32763.903722 32.068285
300.000000 0.258000 0.258000 0.258000 0.000000 0.000000 0.000000 -32968.911020 17.352303
300.000000 0.260000 0.260000 0.260000 0.000000 0.000000 0.000000 -32847.429630 13.910336
300.000000 0.262000 0.262000 0.262000 0.000000 0.000000 0.000000 -32790.864078 31.279027
300.000000 0.264000 0.264000 0.264000 0.000000 0.000000 0.000000 -32839.983179 30.142300
300.000000 0.266000 0.266000 0.266000 0.000000 0.000000 0.000000 -32765.123617 23.255059
300.000000 0.268000 0.268000 0.268000 0.000000 0.000000 0.000000 -32717.242091 23.276759
300.000000 0.270000 0.270000 0.270000 0.000000 0.000000 0.000000 -32709.685100 29.170748
300.000000 0.272000 0.272000 0.272000 0.000000 0.000000 0.000000 -32762.044738 21.372663
300.000000 0.274000 0.274000 0.274000 0.000000 0.000000 0.000000 -32824.780729 25.366952
300.000000 0.276000 0.276000 0.276000 0.000000 0.000000 0.000000 -32798.645818 18.677288
300.000000 0.278000 0.278000 0.278000 0.000000 0.000000 0.000000 -32792.373357 26.736968
300.000000 0.280000 0.280000 0.280000 0.000000 0.000000 0.000000 -32749.989301 3.458026
300.000000 0.282000 0.282000 0.282000 0.000000 0.000000 0.000000 -32796.351347 23.189755
300.000000 0.284000 0.284000 0.284000 0.000000 0.000000 0.000000 -32804.462247 4.206863
300.000000 0.286000 0.286000 0.286000 0.000000 0.000000 0.000000 -32746.772440 15.732319
300.000000 0.288000 0.288000 0.288000 0.000000 0.000000 0.000000 -32861.918139 22.837670
300.000000 0.290000 0.290000 0.290000 0.000000 0.000000 0.000000 -32933.759505 11.769052
300.000000 0.292000 0.292000 0.292000 0.000000 0.000000 0.000000 -32883.959485 32.999616
300.000000 0.294000 0.294000 0.294000 0.000000 0.000000 0.000000 -32833.453100 23.234208
300.000000 0.296000 0.296000 0.296000 0.000000 0.000000 0.000000 -32779.646024 17.429889
300.000000 0.298000 0.298000 0.298000 0.000000 0.000000 0.000000 -32779.586786 6.132741
300.000000 0.300000 0.300000 0.300000 0.000000 0.000000 0.000000 -32843.450664 4.332455
300.000000 0.302000 0.302000 0.302000 0.000000 0.000000 0.000000 -32779.356308 11.272099
300.000000 0.304000 0.304000 0.304000 0.000000 0.000000 0.000000 -32798.789567 12.425371
300.000000 0.306000 0.306000 0.306000 0.000000 0.000000 0.000000 -32682.020492 19.373591
300.000000 0.308000 0.308000 0.308000 0.000000 0.000000 0.000000 -32784.485667 4.950421
300.000000 0.310000 0.310000 0.310000 0.000000 0.000000 0.000000 -32789.397979 13.594105
300.000000 0.312000 0.312000 0.312000 0.000000 0.000000 0.000000 -32948.389653 22.782149
300.000000 0.314000 0.314000 0.314000 0.000000 0.000000 0.000000 -32918.598594 24.198538
300.000000 0.316000 0.316000 0.316000 0.000000 0.000000 0.000000 -32968.893084 9.936808
300.000000 0.318000 0.318000 0.318000 0.000000 0.000000 0.000000 -32825.609615 25.706307
300.000000 0.320000 0.320000 0.320000 0.000000 0.000000 0.000000 -32777.193524 12.528829
300.000000 0.322000 0.322000 0.322000 0.000000 0.000000 0.000000 -32778.264162 6.998803
300.000000 0.324000 0.324000 0.324000 0.000000 0.000000 0.000000 -32757.315271 10.004817
300.000000 0.326000 0.326000 0.326000 0.000000 0.000000 0.000000 -32788.549313 8.842471
300.000000 0.328000 0.328000 0.328000 0.000000 0.000000 0.000000 -32803.787175 3.518921
300.000000 0.330000 0.330000 0.330000 0.000000 0.000000 0.000000 -32839.764330 16.532411
300.000000 0.332000 0.332000 0.332000 0.000000 0.000000 0.000000 -32735.370840 7.117734
300.000000 0.334000 0.334000 0.334000 0.000000 0.000000 0.000000 -32790.288254 11.563716
300.000000 0.336000 0.336000 0.336000 0.000000 0.000000 0.000000 -32733.917706 10.496596
300.000000 0.338000 0.338000 0.338000 0.000000 0.000000 0.000000 -32667.550312 18.201852
300.000000 0.340000 0.340000 0.340000 0.000000 0.000000 0.000000 -32655.506122 12.439299
300.000000 0.342000 0.342000 0.342000 0.000000 0.000000 0.000000 -32703.095632 34.986377
300.000000 0.344000 0.344000 0.344000 0.000000 0.000000 0.000000 -32703.392196 16.313732
300.000000 0.346000 0.346000 0.346000 0.000000 0.000000 0.000000 -32913.634729 11.713409
300.000000 0.348000 0.348000 0.348000 0.000000 0.000000 0.000000 -32825.732120 15.288713
300.000000 0.350000 0.350000 0.350000 0.000000 0.000000 0.000000 -32791.880812 15.016490
300.000000 0.352000 0.352000 0.352000 0.000000 0.000000 0.000000 -32826.236825 15.227800
300.000000 0.354000 0.354000 0.354000 0.000000 0.000000 0.000000 -32821.147756 20.099687
300.000000 0.356000 0.356000 0.356000 0.000000 0.000000 0.000000 -32826.786095 0.603641
300.000000 0.358000 0.358000 0.358000 0.000000 0.000000 0.000000 -32851.311237 1.460947
300.000000 0.360000 0.360000 0.360000 0.000000 0.000000 0.000000 -32862.100267 23.884702
300.000000 0.362000 0.362000 0.362000 0.000000 0.000000 0.000000 -32841.658207 3.402539
300.000000 0.364000 0.364000 0.364000 0.000000 0.000000 0.000000 -32867.349770 16.391139
300.000000 0.366000 0.366000 0.366000 0.000000 0.000000 0.000000 -32923.505239 1.131765
300.000000 0.368000 0.368000 0.368000 0.000000 0.000000 0.000000 -32712.956415 10.878534
300.000000 0.370000 0.370000 0.370000 0.000000 0.000000 0.000000 -32674.278340 10.005202
300.000000 0.372000 0.372000 0.372000 0.000000 0.000000 0.000000 -32744.029295 4.738157
300.000000 0.374000 0.374000 0.374000 0.000000 0.000000 0.000000 -32654.061649 -1.742004
300.000000 0.376000 0.376000 0.376000 0.000000 0.000000 0.000000 -32643.655354 11.187042
300.000000 0.378000 0.378000 0.378000 0.000000 0.000000 0.000000 -32796.142516 9.197259
300.000000 0.380000 0.380000 0.380000 0.000000 0.000000 0.000000 -32806.054142 -2.460254
300.000000 0.382000 0.382000 0.382000 0.000000 0.000000 0.000000 -32895.216952 19.492916
300.000000 0.384000 0.384000 0.384000 0.000000 0.000000 0.000000 -32854.557069 -11.989482
300.000000 0.386000 0.386000 0.386000 0.000000 0.000000 0.000000 -32878.055087 17.108343
300.000000 0.388000 0.388000 0.388000 0.000000 0.000000 0.000000 -32792.332381 -1.086232
300.000000 0.390000 0.390000 0.390000 0.000000 0.000000 0.000000 -32649.301689 -0.449490
300.000000 0.392000 0.392000 0.392000 0.000000 0.000000 0.000000 -32760.649203 3.521021
300.000000 0.394000 0.394000 0.394000 0.000000 0.000000 0.000000 -32788.087553 11.094233
300.000000 0.396000 0.396000 0.396000 0.000000 0.000000 0.000000 -32758.952188 15.362608
300.000000 0.398000 0.398000 0.398000 0.000000 0.000000 0.000000 -32762.042719 5.361462
300.000000 0.400000 0.400000 0.400000 0.000000 0.000000 0.000000 -32638.914748 1.624179
300.000000 0.402000 0.402000 0.402000 0.000000 0.000000 0.000000 -32757.179933 16.791159
300.000000 0.404000 0.404000 0.404000 0.000000 0.000000 0.000000 -32744.696345 9.917924
300.000000 0.406000 0.406000 0.406000 0.000000 0.000000 0.000000 -32610.254024 11.138498
300.000000 0.408000 0.408000 0.408000 0.000000 0.000000 0.000000 -32621.647564 -0.921355
300.000000 0.410000 0.410000 0.410000 0.000000 0.000000 0.000000 -32748.567280 3.687902
300.000000 0.412000 0.412000 0.412000 0.000000 0.000000 0.000000 -32863.747689 -1.099452
300.000000 0.414000 0.414000 0.414000 0.000000 0.000000 0.000000 -32889.130356 7.271388
300.000000 0.416000 0.416000 0.416000 0.000000 0.000000 0.000000 -32884.698922 12.013175
300.000000 0.418000 0.418000 0.418000 0.000000 0.000000 0.000000 -32843.640034 -0.411682
300.000000 0.420000 0.420000 0.420000 0.000000 0.000000 0.000000 -32858.838027 -2.241879
300.000000 0.422000 0.422000 0.422000 0.000000 0.000000 0.000000 -32887.440177 6.338732
300.000000 0.424000 0.424000 0.424000 0.000000 0.000000 0.000000 -32870.180798 10.814576
300.000000 0.426000 0.426000 0.426000 0.000000 0.000000 0.000000 -32786.814899 -1.242617
300.000000 0.428000 0.428000 0.428000 0.000000 0.000000 0.000000 -32797.699968 14.977970
300.000000 0.430000 0.430000 0.430000 0.000000 0.000000 0.000000 -32906.616938 2.061576
300.000000 0.432000 0.432000 0.432000 0.000000 0.000000 0.000000 -32750.083592 0.383391
300.000000 0.434000 0.434000 0.434000 0.000000 0.000000 0.000000 -32789.397725 4.153248
300.000000 0.436000 0.436000 0.436000 0.000000 0.000000 0.000000 -32908.245472 9.746997
300.000000 0.438000 0.438000 0.438000 0.000000 0.000000 0.000000 -32899.289611 13.666301
300.000000 0.440000 0.440000 0.440000 0.000000 0.000000 0.000000 -32804.625807 4.579774
300.000000 0.442000 0.442000 0.442000 0.000000 0.000000 0.000000 -32761.464943 8.838313
300.000000 0.444000 0.444000 0.444000 0.000000 0.000000 0.000000 -32897.279047 4.243202
300.000000 0.446000 0.446000 0.446000 0.000000 0.000000 0.000000 -32769.848879 9.764083
300.000000 0.448000 0.448000 0.448000 0.000000 0.000000 0.000000 -32730.003339 2.289386
300.000000 0.450000 0.450000 0.450000 0.000000 0.000000 0.000000 -32781.081709 1.671518
300.000000 0.452000 0.452000 0.452000 0.000000 0.000000 0.000000 -32729.133682 6.300165
300.000000 0.454000 0.454000 0.454000 0.000000 0.000000 0.000000 -32669.693212 12.025941
300.000000 0.456000 0.456000 0.456000 0.000000 0.000000 0.000000 -32743.372985 13.020579
300.000000 0.458000 0.458000 0.458000 0.000000 0.000000 0.000000 -32765.508410 -11.181379
300.000000 0.460000 0.460000 0.460000 0.000000 0.000000 0.000000 -32870.944065 -9.977397
300.000000 0.462000 0.462000 0.462000 0.000000 0.000000 0.000000 -32792.749546 4.463705
300.000000 0.464000 0.464000 0.464000 0.000000 0.000000 0.000000 -32823.041012 6.385724
300.000000 0.466000 0.466000 0.466000 0.000000 0.000000 0.000000 -32842.085433 8.761357
300.000000 0.468000 0.468000 0.468000 0.000000 0.000000 0.000000 -32775.412292 -5.126223
300.000000 0.470000 0.470000 0.470000 0.000000 0.000000 0.000000 -32855.895412 -0.588542
300.000000 0.472000 0.472000 0.472000 0.000000 0.000000 0.000000 -32802.142026 11.274799
300.000000 0.474000 0.474000 0.474000 0.000000 0.000000 0.000000 -32626.610023 -2.721520
300.000000 0.476000 0.476000 0.476000 0.000000 0.000000 0.000000 -32714.694783 1.555574
300.000000 0.478000 0.478000 0.478000 0.000000 0.000000 0.000000 -32789.794274 -1.658420
300.000000 0.480000 0.480000 0.480000 0.000000 0.000000 0.000000 -32794.524891 9.380631
300.000000 0.482000 0.482000 0.482000 0.000000 0.000000 0.000000 -32931.153527 -2.178022
300.000000 0.484000 0.484000 0.484000 0.000000 0.000000 0.000000 -32746.007325 -6.047755
300.000000 0.486000 0.486000 0.486000 0.000000 0.000000 0.000000 -32870.963504 9.435443
300.000000 0.488000 0.488000 0.488000 0.000000 0.000000 0.000000 -32771.075392 5.959906
300.000000 0.490000 0.490000 0.490000 0.000000 0.000000 0.000000 -32860.953338 5.458240
300.000000 0.492000 0.492000 0.492000 0.000000 0.000000 0.000000 -32750.219630 7.217880
300.000000 0.494000 0.494000 0.494000 0.000000 0.000000 0.000000 -32708.613742 1.820521
300.000000 0.496000 0.496000 0.496000 0.000000 0.000000 0.000000 -32830.327591 6.968875
300.000000 0.498000 0.498000 0.498000 0.000000 0.000000 0.000000 -32780.609349 9.118539
