5 300.000000 1.000000 0.000000 0.500000 0.100000 80.000000 0.000000 -32730.761886 40.943097 6.944880
4 300.000000 1.000000 0.000000 0.400000 0.100000 90.000000 0.000000 -32891.341234 63.927710 6.393059
3 300.000000 1.000000 0.000000 0.300000 0.100000 100.000000 0.000000 -32811.774252 59.203453 6.977837
3 300.000000 1.000000 0.000000 0.300000 0.100000 100.000000 0.000000 -32974.798882 82.333538 7.034289
2 300.000000 1.000000 0.000000 0.200000 0.100000 110.000000 0.000000 -32894.802203 117.790382 7.340521
1 300.000000 1.000000 0.000000 0.100000 0.100000 120.000000 0.000000 -32883.221172 187.866122 7.676948
0 300.000000 1.000000 0.000000 0.000000 0.100000 130.000000 0.000000 -32834.184034 168.359838 8.207724
0 300.000000 1.000000 0.000000 0.000000 0.100000 130.000000 0.000000 -32817.343958 163.495973 7.133091
0 300.000000 1.000000 0.000000 0.000000 0.100000 130.000000 0.000000 -32915.329297 162.484543 6.934343
0 300.000000 1.000000 0.000000 0.000000 0.100000 130.000000 0.000000 -32916.369487 149.586826 7.354364
0 300.000000 1.000000 0.000000 0.000000 0.100000 130.000000 0.000000 -32912.387928 179.317193 8.194687
0 300.000000 1.000000 0.000000 0.000000 0.100000 130.000000 0.000000 -32943.668911 153.270145 8.100327
0 300.000000 1.000000 0.000000 0.000000 0.100000 130.000000 0.000000 -32970.995816 186.693466 6.080666
0 300.000000 1.000000 0.000000 0.000000 0.100000 130.000000 0.000000 -32630.266180 168.236579 6.883574
0 300.000000 1.000000 0.000000 0.000000 0.100000 130.000000 0.000000 -32811.899791 183.544352 4.948666
0 300.000000 1.000000 0.000000 0.000000 0.100000 130.000000 0.000000 -32843.673730 184.289089 4.550744
0 300.000000 1.000000 0.000000 0.000000 0.100000 130.000000 0.000000 -32966.042986 168.593221 6.864256
0 300.000000 1.000000 0.000000 0.000000 0.100000 130.000000 0.000000 -32828.757852 177.466653 6.745133
0 300.000000 1.000000 0.000000 0.000000 0.100000 130.000000 0.000000 -32784.693478 186.161686 6.880935
0 300.000000 1.000000 0.000000 0.000000 0.100000 130.000000 0.000000 -32875.338196 175.203548 4.758042
0 300.000000 1.000000 0.000000 0.000000 0.100000 130.000000 0.000000 -32914.810963 172.348302 5.603859
0 300.000000 1.000000 0.000000 0.000000 0.100000 130.000000 0.000000 -32826.861632 171.464814 5.912389
0 300.000000 1.000000 0.000000 0.000000 0.100000 130.000000 0.000000 -32734.960517 184.245772 5.276276
0 300.000000 1.000000 0.000000 0.000000 0.100000 130.000000 0.000000 -32803.590273 170.608276 6.678128
0 300.000000 1.000000 0.000000 0.000000 0.100000 130.000000 0.000000 -32935.063190 195.525988 8.123977
0 300.000000 1.000000 0.000000 0.000000 0.100000 130.000000 0.000000 -32812.618697 191.753169 7.127126
0 300.000000 1.000000 0.000000 0.000000 0.100000 130.000000 0.000000 -32896.468316 172.218594 7.198212
0 300.000000 1.000000 0.000000 0.000000 0.100000 130.000000 0.000000 -32926.322253 179.414628 7.617281
0 300.000000 1.000000 0.000000 0.000000 0.100000 130.000000 0.000000 -32977.930046 156.801996 6.592122
1 300.000000 1.000000 0.000000 0.100000 0.100000 120.000000 0.000000 -32812.395642 140.912369 6.694308
1 300.000000 1.000000 0.000000 0.100000 0.100000 120.000000 0.000000 -32918.125191 129.525079 7.208573
2 300.000000 1.000000 0.000000 0.200000 0.100000 110.000000 0.000000 -32747.145488 65.737929 6.734207
4 300.000000 1.000000 0.000000 0.400000 0.100000 90.000000 0.000000 -32901.478737 51.817690 8.057816
5 300.000000 1.000000 0.000000 0.500000 0.100000 80.000000 0.000000 -32902.273551 53.463192 6.760872
2 300.000000 1.000000 0.000000 0.200000 0.100000 110.000000 0.000000 -32888.388678 81.722777 8.246513
2 300.000000 1.000000 0.000000 0.200000 0.100000 110.000000 0.000000 -32920.311256 142.527964 6.862811
2 300.000000 1.000000 0.000000 0.200000 0.100000 110.000000 0.000000 -32820.938233 58.407760 6.835542
3 300.000000 1.000000 0.000000 0.300000 0.100000 100.000000 0.000000 -32819.107498 80.127035 8.283465
3 300.000000 1.000000 0.000000 0.300000 0.100000 100.000000 0.000000 -32734.403114 48.373683 6.955348
5 300.000000 1.000000 0.000000 0.500000 0.100000 80.000000 0.000000 -32876.408389 57.593509 6.880939
4 300.000000 1.000000 0.000000 0.400000 0.100000 90.000000 0.000000 -32887.099851 80.391354 7.081102
3 300.000000 1.000000 0.000000 0.300000 0.100000 100.000000 0.000000 -32716.070549 56.440309 7.861966
5 300.000000 1.000000 0.000000 0.500000 0.100000 80.000000 0.000000 -32811.232280 61.752385 7.043890
4 300.000000 1.000000 0.000000 0.400000 0.100000 90.000000 0.000000 -32736.037643 33.638460 6.556638
4 300.000000 1.000000 0.000000 0.400000 0.100000 90.000000 0.000000 -32761.360364 52.495976 7.511431
5 300.000000 1.000000 0.000000 0.500000 0.100000 80.000000 0.000000 -32740.896448 61.402420 7.606431
4 300.000000 1.000000 0.000000 0.400000 0.100000 90.000000 0.000000 -32797.607003 55.925525 6.701055
5 300.000000 1.000000 0.000000 0.500000 0.100000 80.000000 0.000000 -32869.544543 37.072548 8.012267
5 300.000000 1.000000 0.000000 0.500000 0.100000 80.000000 0.000000 -32739.825198 48.793711 7.652685
3 300.000000 1.000000 0.000000 0.300000 0.100000 100.000000 0.000000 -32783.890464 84.046429 0.575111
4 300.000000 1.000000 0.000000 0.400000 0.100000 90.000000 0.000000 -32588.059069 55.188579 7.292896
5 300.000000 1.000000 0.000000 0.500000 0.100000 80.000000 0.000000 -32754.437203 54.463284 7.838160
5 300.000000 1.000000 0.000000 0.500000 0.100000 80.000000 0.000000 -32911.750426 44.813397 2.529163
5 300.000000 1.000000 0.000000 0.500000 0.100000 80.000000 0.000000 -32797.415475 24.767492 6.871917
5 300.000000 1.000000 0.000000 0.500000 0.100000 80.000000 0.000000 -32792.650049 48.261523 8.282975
5 300.000000 1.000000 0.000000 0.500000 0.100000 80.000000 0.000000 -32905.314276 66.031833 6.486956
5 300.000000 1.000000 0.000000 0.500000 0.100000 80.000000 0.000000 -32841.962751 56.020508 7.906405
5 300.000000 1.000000 0.000000 0.500000 0.100000 80.000000 0.000000 -32799.966810 59.501859 6.831185
4 300.000000 1.000000 0.000000 0.400000 0.100000 90.000000 0.000000 -32773.351275 61.236673 6.213601
4 300.000000 1.000000 0.000000 0.400000 0.100000 90.000000 0.000000 -32943.079086 44.525629 3.985228
5 300.000000 1.000000 0.000000 0.500000 0.100000 80.000000 0.000000 -32747.434159 58.674756 4.873971
5 300.000000 1.000000 0.000000 0.500000 0.100000 80.000000 0.000000 -32974.849758 47.752957 7.806413
5 300.000000 1.000000 0.000000 0.500000 0.100000 80.000000 0.000000 -32749.232478 74.514142 7.233525
3 300.000000 1.000000 0.000000 0.300000 0.100000 100.000000 0.000000 -32805.277741 85.603338 7.286246
3 300.000000 1.000000 0.000000 0.300000 0.100000 100.000000 0.000000 -32927.059972 83.541449 3.594887
4 300.000000 1.000000 0.000000 0.400000 0.100000 90.000000 0.000000 -32730.262803 49.774322 6.532530
5 300.000000 1.000000 0.000000 0.500000 0.100000 80.000000 0.000000 -32703.737113 67.642849 0.123088
2 300.000000 1.000000 0.000000 0.200000 0.100000 110.000000 0.000000 -32884.561411 110.080339 0.625729
1 300.000000 1.000000 0.000000 0.100000 0.100000 120.000000 0.000000 -32712.928589 135.978684 5.532330
1 300.000000 1.000000 0.000000 0.100000 0.100000 120.000000 0.000000 -32860.144279 138.190566 7.439033
1 300.000000 1.000000 0.000000 0.100000 0.100000 120.000000 0.000000 -33029.123456 160.642266 6.901689
1 300.000000 1.000000 0.000000 0.100000 0.100000 120.000000 0.000000 -32812.266038 149.312426 5.699714
1 300.000000 1.000000 0.000000 0.100000 0.100000 120.000000 0.000000 -32973.393710 153.844558 2.154173
1 300.000000 1.000000 0.000000 0.100000 0.100000 120.000000 0.000000 -32663.662890 136.308784 7.272933
1 300.000000 1.000000 0.000000 0.100000 0.100000 120.000000 0.000000 -32856.313263 128.775274 2.320198
1 300.000000 1.000000 0.000000 0.100000 0.100000 120.000000 0.000000 -32927.332396 131.244305 7.417760
1 300.000000 1.000000 0.000000 0.100000 0.100000 120.000000 0.000000 -32868.087304 140.657352 5.022587
2 300.000000 1.000000 0.000000 0.200000 0.100000 110.000000 0.000000 -32712.918617 128.119417 6.463543
2 300.000000 1.000000 0.000000 0.200000 0.100000 110.000000 0.000000 -32758.267489 62.356032 8.282985
3 300.000000 1.000000 0.000000 0.300000 0.100000 100.000000 0.000000 -32817.800438 85.639309 6.834764
2 300.000000 1.000000 0.000000 0.200000 0.100000 110.000000 0.000000 -32818.165982 106.795944 1.103765
2 300.000000 1.000000 0.000000 0.200000 0.100000 110.000000 0.000000 -32901.026690 116.614338 8.233351
2 300.000000 1.000000 0.000000 0.200000 0.100000 110.000000 0.000000 -32794.777864 80.073064 7.334669
3 300.000000 1.000000 0.000000 0.300000 0.100000 100.000000 0.000000 -32819.996303 83.411268 6.844447
3 300.000000 1.000000 0.000000 0.300000 0.100000 100.000000 0.000000 -32829.479769 104.250394 5.944697
3 300.000000 1.000000 0.000000 0.300000 0.100000 100.000000 0.000000 -32923.433561 84.818675 8.258361
2 300.000000 1.000000 0.000000 0.200000 0.100000 110.000000 0.000000 -32774.243613 83.928271 6.867953
2 300.000000 1.000000 0.000000 0.200000 0.100000 110.000000 0.000000 -32881.757366 124.156847 6.031446
2 300.000000 1.000000 0.000000 0.200000 0.100000 110.000000 0.000000 -32884.370940 127.519017 6.418280
2 300.000000 1.000000 0.000000 0.200000 0.100000 110.000000 0.000000 -32823.110637 130.324702 6.672420
1 300.000000 1.000000 0.000000 0.100000 0.100000 120.000000 0.000000 -32800.424494 142.982316 6.532672
1 300.000000 1.000000 0.000000 0.100000 0.100000 120.000000 0.000000 -32943.067328 131.692037 6.389725
1 300.000000 1.000000 0.000000 0.100000 0.100000 120.000000 0.000000 -32792.931747 135.364848 6.453482
1 300.000000 1.000000 0.000000 0.100000 0.100000 120.000000 0.000000 -32749.872987 145.430618 7.014609
1 300.000000 1.000000 0.000000 0.100000 0.100000 120.000000 0.000000 -32907.977834 138.044112 7.299758
1 300.000000 1.000000 0.000000 0.100000 0.100000 120.000000 0.000000 -32794.998788 156.114386 6.536400
1 300.000000 1.000000 0.000000 0.100000 0.100000 120.000000 0.000000 -33011.574763 150.942069 6.390536
1 300.000000 1.000000 0.000000 0.100000 0.100000 120.000000 0.000000 -32915.586583 102.460725 6.391480
2 300.000000 1.000000 0.000000 0.200000 0.100000 110.000000 0.000000 -32807.086048 117.475271 7.228900
2 300.000000 1.000000 0.000000 0.200000 0.100000 110.000000 0.000000 -32734.033175 118.363306 6.613909
2 300.000000 1.000000 0.000000 0.200000 0.100000 110.000000 0.000000 -32810.956552 88.533896 0.345861
2 300.000000 1.000000 0.000000 0.200000 0.100000 110.000000 0.000000 -32822.851701 127.912562 0.026805
2 300.000000 1.000000 0.000000 0.200000 0.100000 110.000000 0.000000 -32915.922152 96.386789 0.373119
1 300.000000 1.000000 0.000000 0.100000 0.100000 120.000000 0.000000 -32889.704587 163.209171 6.605470
1 300.000000 1.000000 0.000000 0.100000 0.100000 120.000000 0.000000 -32886.366493 127.037860 7.061076
1 300.000000 1.000000 0.000000 0.100000 0.100000 120.000000 0.000000 -32799.450772 124.896915 6.580315
1 300.000000 1.000000 0.000000 0.100000 0.100000 120.000000 0.000000 -32876.600395 126.035448 8.275196
2 300.000000 1.000000 0.000000 0.200000 0.100000 110.000000 0.000000 -32854.987699 107.999605 7.986048
2 300.000000 1.000000 0.000000 0.200000 0.100000 110.000000 0.000000 -32691.893478 127.291073 6.638252
2 300.000000 1.000000 0.000000 0.200000 0.100000 110.000000 0.000000 -32811.339377 67.464001 6.530307
3 300.000000 1.000000 0.000000 0.300000 0.100000 100.000000 0.000000 -32794.286228 71.506323 6.401083
4 300.000000 1.000000 0.000000 0.400000 0.100000 90.000000 0.000000 -32982.389685 64.290121 6.532176
3 300.000000 1.000000 0.000000 0.300000 0.100000 100.000000 0.000000 -32950.789331 58.969929 7.377991
4 300.000000 1.000000 0.000000 0.400000 0.100000 90.000000 0.000000 -32746.750237 49.019466 7.435096
5 300.000000 1.000000 0.000000 0.500000 0.100000 80.000000 0.000000 -32834.237731 58.813606 6.933276
5 300.000000 1.000000 0.000000 0.500000 0.100000 80.000000 0.000000 -32687.313341 64.148250 6.755402
3 300.000000 1.000000 0.000000 0.300000 0.100000 100.000000 0.000000 -32979.570307 79.367930 6.982939
2 300.000000 1.000000 0.000000 0.200000 0.100000 110.000000 0.000000 -32852.844027 83.091825 8.283199
3 300.000000 1.000000 0.000000 0.300000 0.100000 100.000000 0.000000 -33096.783140 51.517150 6.753326
4 300.000000 1.000000 0.000000 0.400000 0.100000 90.000000 0.000000 -33013.797144 34.021663 8.176306
6 300.000000 1.000000 0.100000 0.500000 0.100000 70.000000 0.000000 -32779.478252 31.166389 7.281679
6 300.000000 1.000000 0.100000 0.500000 0.100000 70.000000 0.000000 -32816.268778 22.088284 7.807968
6 300.000000 1.000000 0.100000 0.500000 0.100000 70.000000 0.000000 -32733.460356 15.735424 6.393775
6 300.000000 1.000000 0.100000 0.500000 0.100000 70.000000 0.000000 -32750.865978 7.378366 6.724778
8 300.000000 1.000000 0.300000 0.500000 0.100000 50.000000 0.000000 -32831.959965 17.580949 7.324299
6 300.000000 1.000000 0.100000 0.500000 0.100000 70.000000 0.000000 -32950.884836 16.125937 7.453306
7 300.000000 1.000000 0.200000 0.500000 0.100000 60.000000 0.000000 -32836.063081 2.453091 8.245568
10 300.000000 1.000000 0.500000 0.500000 0.100000 30.000000 0.000000 -32924.521827 -2.207338 6.420442
10 300.000000 1.000000 0.500000 0.500000 0.100000 30.000000 0.000000 -32945.768495 8.104716 7.449644
8 300.000000 1.000000 0.300000 0.500000 0.100000 50.000000 0.000000 -32907.601634 0.690256 6.497596
9 300.000000 1.000000 0.400000 0.500000 0.100000 40.000000 0.000000 -32800.291251 7.444866 7.338364
7 300.000000 1.000000 0.200000 0.500000 0.100000 60.000000 0.000000 -32951.668106 7.675968 6.420957
8 300.000000 1.000000 0.300000 0.500000 0.100000 50.000000 0.000000 -32847.260204 1.963180 6.394763
12 300.000000 -1.000000 0.400000 0.500000 0.100000 40.000000 0.000000 -32966.820405 7.028369 6.552372
12 300.000000 -1.000000 0.400000 0.500000 0.100000 40.000000 0.000000 -32808.675061 7.114555 6.771358
13 300.000000 -1.000000 0.300000 0.500000 0.100000 50.000000 0.000000 -32860.423617 4.830330 7.829766
11 300.000000 -1.000000 0.500000 0.500000 0.100000 30.000000 0.000000 -32887.452248 -5.122346 6.953728
9 300.000000 1.000000 0.400000 0.500000 0.100000 40.000000 0.000000 -32892.468259 8.243267 6.738689
9 300.000000 1.000000 0.400000 0.500000 0.100000 40.000000 0.000000 -32797.420656 8.421397 6.470770
8 300.000000 1.000000 0.300000 0.500000 0.100000 50.000000 0.000000 -32801.482261 11.797026 6.989198
14 300.000000 -1.000000 0.200000 0.500000 0.100000 60.000000 0.000000 -32829.821461 12.741074 6.422628
13 300.000000 -1.000000 0.300000 0.500000 0.100000 50.000000 0.000000 -32934.472898 3.391972 6.564532
12 300.000000 -1.000000 0.400000 0.500000 0.100000 40.000000 0.000000 -32785.750059 4.416591 6.584162
13 300.000000 -1.000000 0.300000 0.500000 0.100000 50.000000 0.000000 -32931.361910 8.437235 7.646491
13 300.000000 -1.000000 0.300000 0.500000 0.100000 50.000000 0.000000 -32855.725270 13.933235 6.391762
15 300.000000 -1.000000 0.100000 0.500000 0.100000 70.000000 0.000000 -32722.372609 12.543235 6.785781
13 300.000000 -1.000000 0.300000 0.500000 0.100000 50.000000 0.000000 -32816.560995 6.106724 6.451223
12 300.000000 -1.000000 0.400000 0.500000 0.100000 40.000000 0.000000 -32795.524900 -1.150239 7.963022
9 300.000000 1.000000 0.400000 0.500000 0.100000 40.000000 0.000000 -32751.534291 3.445538 8.068679
8 300.000000 1.000000 0.300000 0.500000 0.100000 50.000000 0.000000 -32683.172189 0.078544 8.032306
12 300.000000 -1.000000 0.400000 0.500000 0.100000 40.000000 0.000000 -32904.261138 -0.017941 7.067742
13 300.000000 -1.000000 0.300000 0.500000 0.100000 50.000000 0.000000 -32744.315251 10.760454 7.220391
14 300.000000 -1.000000 0.200000 0.500000 0.100000 60.000000 0.000000 -32596.405558 16.264271 6.392081
14 300.000000 -1.000000 0.200000 0.500000 0.100000 60.000000 0.000000 -32871.541468 17.636557 6.404665
14 300.000000 -1.000000 0.200000 0.500000 0.100000 60.000000 0.000000 -32771.000270 12.423229 6.891101
14 300.000000 -1.000000 0.200000 0.500000 0.100000 60.000000 0.000000 -32914.983984 20.519073 6.875403
15 300.000000 -1.000000 0.100000 0.500000 0.100000 70.000000 0.000000 -32852.865694 11.162028 7.589274
14 300.000000 -1.000000 0.200000 0.500000 0.100000 60.000000 0.000000 -32893.642786 23.347825 7.849810
16 300.000000 -1.000000 0.000000 0.500000 0.100000 80.000000 0.000000 -32756.946108 49.894710 6.424181
17 300.000000 -1.000000 0.000000 0.400000 0.100000 90.000000 0.000000 -32772.405946 37.582653 6.458804
15 300.000000 -1.000000 0.100000 0.500000 0.100000 70.000000 0.000000 -32934.102714 24.522956 6.389997
15 300.000000 -1.000000 0.100000 0.500000 0.100000 70.000000 0.000000 -32841.629015 36.844738 6.514495
15 300.000000 -1.000000 0.100000 0.500000 0.100000 70.000000 0.000000 -32891.830474 18.000746 7.475021
15 300.000000 -1.000000 0.100000 0.500000 0.100000 70.000000 0.000000 -32813.096405 27.992238 7.782010
19 300.000000 -1.000000 0.000000 0.200000 0.100000 110.000000 0.000000 -32782.007166 81.944013 7.703544
18 300.000000 -1.000000 0.000000 0.300000 0.100000 100.000000 0.000000 -32910.349477 77.164184 6.560743
19 300.000000 -1.000000 0.000000 0.200000 0.100000 110.000000 0.000000 -32929.600654 111.764307 7.485105
19 300.000000 -1.000000 0.000000 0.200000 0.100000 110.000000 0.000000 -32821.207134 111.699840 7.093015
18 300.000000 -1.000000 0.000000 0.300000 0.100000 100.000000 0.000000 -32965.854995 63.015412 6.635983
18 300.000000 -1.000000 0.000000 0.300000 0.100000 100.000000 0.000000 -32823.245886 82.229072 6.427581
18 300.000000 -1.000000 0.000000 0.300000 0.100000 100.000000 0.000000 -32748.831450 75.865737 6.784726
17 300.000000 -1.000000 0.000000 0.400000 0.100000 90.000000 0.000000 -32784.671266 71.312528 6.448548
19 300.000000 -1.000000 0.000000 0.200000 0.100000 110.000000 0.000000 -32738.693454 50.155259 6.717913
16 300.000000 -1.000000 0.000000 0.500000 0.100000 80.000000 0.000000 -32935.188667 54.028909 6.392331
18 300.000000 -1.000000 0.000000 0.300000 0.100000 100.000000 0.000000 -32784.847849 66.226420 6.459543
17 300.000000 -1.000000 0.000000 0.400000 0.100000 90.000000 0.000000 -32865.391374 81.473009 7.786584
18 300.000000 -1.000000 0.000000 0.300000 0.100000 100.000000 0.000000 -32934.143581 71.552746 6.392856
17 300.000000 -1.000000 0.000000 0.400000 0.100000 90.000000 0.000000 -32868.569628 68.028686 6.395678
17 300.000000 -1.000000 0.000000 0.400000 0.100000 90.000000 0.000000 -32913.224833 64.785528 7.282802
17 300.000000 -1.000000 0.000000 0.400000 0.100000 90.000000 0.000000 -32823.303032 56.721449 7.396440
17 300.000000 -1.000000 0.000000 0.400000 0.100000 90.000000 0.000000 -32797.089250 58.115177 7.219898
16 300.000000 -1.000000 0.000000 0.500000 0.100000 80.000000 0.000000 -32784.941821 50.292510 7.334686
16 300.000000 -1.000000 0.000000 0.500000 0.100000 80.000000 0.000000 -32937.424171 51.298669 6.699176
19 300.000000 -1.000000 0.000000 0.200000 0.100000 110.000000 0.000000 -32963.195193 75.770706 5.508123
19 300.000000 -1.000000 0.000000 0.200000 0.100000 110.000000 0.000000 -32714.195852 100.806941 1.292054
19 300.000000 -1.000000 0.000000 0.200000 0.100000 110.000000 0.000000 -32725.310115 62.004822 7.315591
16 300.000000 -1.000000 0.000000 0.500000 0.100000 80.000000 0.000000 -32802.489362 44.707586 8.242967
16 300.000000 -1.000000 0.000000 0.500000 0.100000 80.000000 0.000000 -32860.556529 50.242208 4.657317
16 300.000000 -1.000000 0.000000 0.500000 0.100000 80.000000 0.000000 -32633.046617 51.011751 6.819761
16 300.000000 -1.000000 0.000000 0.500000 0.100000 80.000000 0.000000 -32928.853054 46.871063 8.005032
16 300.000000 -1.000000 0.000000 0.500000 0.100000 80.000000 0.000000 -32880.188239 55.740580 7.268853
18 300.000000 -1.000000 0.000000 0.300000 0.100000 100.000000 0.000000 -32869.953055 58.188919 6.408088
18 300.000000 -1.000000 0.000000 0.300000 0.100000 100.000000 0.000000 -32918.084261 49.366697 6.510294
17 300.000000 -1.000000 0.000000 0.400000 0.100000 90.000000 0.000000 -32902.976198 44.771996 6.404955
17 300.000000 -1.000000 0.000000 0.400000 0.100000 90.000000 0.000000 -32732.820837 52.598544 6.400959
17 300.000000 -1.000000 0.000000 0.400000 0.100000 90.000000 0.000000 -32860.295158 54.079288 6.409137
18 300.000000 -1.000000 0.000000 0.300000 0.100000 100.000000 0.000000 -32863.989220 35.554437 6.389869
17 300.000000 -1.000000 0.000000 0.400000 0.100000 90.000000 0.000000 -32901.043050 33.702241 6.906339
15 300.000000 -1.000000 0.100000 0.500000 0.100000 70.000000 0.000000 -32783.122754 19.853808 5.380717
14 300.000000 -1.000000 0.200000 0.500000 0.100000 60.000000 0.000000 -32864.936764 21.176038 7.262817
14 300.000000 -1.000000 0.200000 0.500000 0.100000 60.000000 0.000000 -32987.934935 10.797832 8.129073
14 300.000000 -1.000000 0.200000 0.500000 0.100000 60.000000 0.000000 -32906.967170 11.170409 6.390128
14 300.000000 -1.000000 0.200000 0.500000 0.100000 60.000000 0.000000 -32761.980359 17.537787 7.867972
14 300.000000 -1.000000 0.200000 0.500000 0.100000 60.000000 0.000000 -32932.250317 8.832025 7.386549
14 300.000000 -1.000000 0.200000 0.500000 0.100000 60.000000 0.000000 -32707.719301 8.003189 7.469392
14 300.000000 -1.000000 0.200000 0.500000 0.100000 60.000000 0.000000 -32824.197670 10.559719 8.134681
15 300.000000 -1.000000 0.100000 0.500000 0.100000 70.000000 0.000000 -32665.296605 21.725747 7.934962
14 300.000000 -1.000000 0.200000 0.500000 0.100000 60.000000 0.000000 -32923.210363 20.490568 6.980687
15 300.000000 -1.000000 0.100000 0.500000 0.100000 70.000000 0.000000 -32913.805749 19.893657 7.023304
15 300.000000 -1.000000 0.100000 0.500000 0.100000 70.000000 0.000000 -32925.263878 17.453384 6.389758
18 300.000000 -1.000000 0.000000 0.300000 0.100000 100.000000 0.000000 -32873.426502 51.406838 6.389943
16 300.000000 -1.000000 0.000000 0.500000 0.100000 80.000000 0.000000 -32885.620616 25.178433 6.463840
15 300.000000 -1.000000 0.100000 0.500000 0.100000 70.000000 0.000000 -32909.237915 29.787906 7.030481
15 300.000000 -1.000000 0.100000 0.500000 0.100000 70.000000 0.000000 -32869.609208 38.355376 6.825652
15 300.000000 -1.000000 0.100000 0.500000 0.100000 70.000000 0.000000 -33003.396183 30.725365 6.467232
16 300.000000 -1.000000 0.000000 0.500000 0.100000 80.000000 0.000000 -32943.777994 32.528532 6.486500
17 300.000000 -1.000000 0.000000 0.400000 0.100000 90.000000 0.000000 -32935.704389 42.777445 6.409863
16 300.000000 -1.000000 0.000000 0.500000 0.100000 80.000000 0.000000 -32884.504682 36.300685 6.539536
19 300.000000 -1.000000 0.000000 0.200000 0.100000 110.000000 0.000000 -32894.419300 112.799424 6.638612
19 300.000000 -1.000000 0.000000 0.200000 0.100000 110.000000 0.000000 -32748.965061 82.870209 8.281302
19 300.000000 -1.000000 0.000000 0.200000 0.100000 110.000000 0.000000 -32726.099558 79.110516 6.673639
19 300.000000 -1.000000 0.000000 0.200000 0.100000 110.000000 0.000000 -32871.547181 91.460974 8.067924
17 300.000000 -1.000000 0.000000 0.400000 0.100000 90.000000 0.000000 -32804.618403 41.698508 6.582125
15 300.000000 -1.000000 0.100000 0.500000 0.100000 70.000000 0.000000 -32899.259451 33.882120 6.392276
15 300.000000 -1.000000 0.100000 0.500000 0.100000 70.000000 0.000000 -32920.669654 37.827389 6.547780
15 300.000000 -1.000000 0.100000 0.500000 0.100000 70.000000 0.000000 -32767.475149 18.574953 6.774761
13 300.000000 -1.000000 0.300000 0.500000 0.100000 50.000000 0.000000 -32829.482863 8.896115 6.502130
13 300.000000 -1.000000 0.300000 0.500000 0.100000 50.000000 0.000000 -32932.858298 17.735443 6.390052
14 300.000000 -1.000000 0.200000 0.500000 0.100000 60.000000 0.000000 -32838.982070 20.109418 6.405429
14 300.000000 -1.000000 0.200000 0.500000 0.100000 60.000000 0.000000 -32669.861300 12.424396 6.816964
13 300.000000 -1.000000 0.300000 0.500000 0.100000 50.000000 0.000000 -32815.666541 10.626730 7.276717
14 300.000000 -1.000000 0.200000 0.500000 0.100000 60.000000 0.000000 -32907.858460 14.057899 7.650821
14 300.000000 -1.000000 0.200000 0.500000 0.100000 60.000000 0.000000 -32793.612866 5.260934 6.974475
13 300.000000 -1.000000 0.300000 0.500000 0.100000 50.000000 0.000000 -32810.201762 19.631312 6.569100
15 300.000000 -1.000000 0.100000 0.500000 0.100000 70.000000 0.000000 -32673.271176 21.353271 7.097134
14 300.000000 -1.000000 0.200000 0.500000 0.100000 60.000000 0.000000 -32901.949414 24.265620 6.810386
15 300.000000 -1.000000 0.100000 0.500000 0.100000 70.000000 0.000000 -32886.686122 28.348743 6.396156
15 300.000000 -1.000000 0.100000 0.500000 0.100000 70.000000 0.000000 -32941.736328 33.443429 8.263463
15 300.000000 -1.000000 0.100000 0.500000 0.100000 70.000000 0.000000 -32865.674733 26.341705 6.915261
17 300.000000 -1.000000 0.000000 0.400000 0.100000 90.000000 0.000000 -32960.188760 61.333722 6.414741
17 300.000000 -1.000000 0.000000 0.400000 0.100000 90.000000 0.000000 -32732.300089 53.754520 6.396275
18 300.000000 -1.000000 0.000000 0.300000 0.100000 100.000000 0.000000 -32783.255850 62.396562 6.398959
18 300.000000 -1.000000 0.000000 0.300000 0.100000 100.000000 0.000000 -32855.393986 51.198475 6.390167
17 300.000000 -1.000000 0.000000 0.400000 0.100000 90.000000 0.000000 -32818.000309 58.509679 6.462198
18 300.000000 -1.000000 0.000000 0.300000 0.100000 100.000000 0.000000 -32894.678508 82.801235 6.720867
19 300.000000 -1.000000 0.000000 0.200000 0.100000 110.000000 0.000000 -32914.513150 116.080801 7.431375
19 300.000000 -1.000000 0.000000 0.200000 0.100000 110.000000 0.000000 -32847.032665 124.363136 6.470400
19 300.000000 -1.000000 0.000000 0.200000 0.100000 110.000000 0.000000 -32913.194460 84.354480 7.273029
17 300.000000 -1.000000 0.000000 0.400000 0.100000 90.000000 0.000000 -32763.561238 83.781708 6.529345
17 300.000000 -1.000000 0.000000 0.400000 0.100000 90.000000 0.000000 -32825.181857 58.553623 7.502323
17 300.000000 -1.000000 0.000000 0.400000 0.100000 90.000000 0.000000 -32924.392662 64.198270 7.325043
19 300.000000 -1.000000 0.000000 0.200000 0.100000 110.000000 0.000000 -32946.541252 35.105083 6.873397
16 300.000000 -1.000000 0.000000 0.500000 0.100000 80.000000 0.000000 -32740.337254 61.420117 6.422696
19 300.000000 -1.000000 0.000000 0.200000 0.100000 110.000000 0.000000 -32899.155172 98.429137 6.469397
18 300.000000 -1.000000 0.000000 0.300000 0.100000 100.000000 0.000000 -32735.583450 41.976018 6.391540
16 300.000000 -1.000000 0.000000 0.500000 0.100000 80.000000 0.000000 -32904.400229 41.524859 7.422779
16 300.000000 -1.000000 0.000000 0.500000 0.100000 80.000000 0.000000 -32804.551290 57.032297 6.396419
18 300.000000 -1.000000 0.000000 0.300000 0.100000 100.000000 0.000000 -32757.814154 53.147625 6.976864
18 300.000000 -1.000000 0.000000 0.300000 0.100000 100.000000 0.000000 -32844.281846 53.055743 7.320425
17 300.000000 -1.000000 0.000000 0.400000 0.100000 90.000000 0.000000 -33033.127264 62.216416 7.027678
17 300.000000 -1.000000 0.000000 0.400000 0.100000 90.000000 0.000000 -32755.327194 60.120865 6.403659
18 300.000000 -1.000000 0.000000 0.300000 0.100000 100.000000 0.000000 -32832.532042 78.427079 7.119131
18 300.000000 -1.000000 0.000000 0.300000 0.100000 100.000000 0.000000 -32800.569073 40.765723 6.718542
16 300.000000 -1.000000 0.000000 0.500000 0.100000 80.000000 0.000000 -32731.818184 64.352745 7.287774
18 300.000000 -1.000000 0.000000 0.300000 0.100000 100.000000 0.000000 -32822.403395 65.523947 6.469196
17 300.000000 -1.000000 0.000000 0.400000 0.100000 90.000000 0.000000 -32773.696213 81.206101 6.389984
18 300.000000 -1.000000 0.000000 0.300000 0.100000 100.000000 0.000000 -32770.533091 40.887126 7.545886
15 300.000000 -1.000000 0.100000 0.500000 0.100000 70.000000 0.000000 -32800.795871 30.138063 6.690405
15 300.000000 -1.000000 0.100000 0.500000 0.100000 70.000000 0.000000 -32810.808569 24.292480 6.426050
15 300.000000 -1.000000 0.100000 0.500000 0.100000 70.000000 0.000000 -32831.450000 14.461283 6.472570
14 300.000000 -1.000000 0.200000 0.500000 0.100000 60.000000 0.000000 -32784.556317 9.825532 7.597642
14 300.000000 -1.000000 0.200000 0.500000 0.100000 60.000000 0.000000 -32992.333095 2.219890 6.832774
11 300.000000 -1.000000 0.500000 0.500000 0.100000 30.000000 0.000000 -32671.396050 -6.648029 6.390745
9 300.000000 1.000000 0.400000 0.500000 0.100000 40.000000 0.000000 -32860.494485 -2.067967 6.770859
11 300.000000 -1.000000 0.500000 0.500000 0.100000 30.000000 0.000000 -32874.231627 2.490321 6.953822
12 300.000000 -1.000000 0.400000 0.500000 0.100000 40.000000 0.000000 -32702.683664 1.829277 6.495694
12 300.000000 -1.000000 0.400000 0.500000 0.100000 40.000000 0.000000 -32927.729452 2.362905 6.424243
12 300.000000 -1.000000 0.400000 0.500000 0.100000 40.000000 0.000000 -32774.834066 13.792583 6.780942
13 300.000000 -1.000000 0.300000 0.500000 0.100000 50.000000 0.000000 -32889.503028 2.173504 6.402670
11 300.000000 -1.000000 0.500000 0.500000 0.100000 30.000000 0.000000 -32870.506381 2.958241 6.434834
11 300.000000 -1.000000 0.500000 0.500000 0.100000 30.000000 0.000000 -32885.376881 2.116840 7.818134
11 300.000000 -1.000000 0.500000 0.500000 0.100000 30.000000 0.000000 -32960.107612 -3.378251 6.401276
9 300.000000 1.000000 0.400000 0.500000 0.100000 40.000000 0.000000 -32872.906925 11.323717 6.673334
7 300.000000 1.000000 0.200000 0.500000 0.100000 60.000000 0.000000 -32806.435970 9.836211 6.480488
7 300.000000 1.000000 0.200000 0.500000 0.100000 60.000000 0.000000 -32720.689993 12.621942 7.338641
7 300.000000 1.000000 0.200000 0.500000 0.100000 60.000000 0.000000 -32955.400155 10.419280 6.579145
6 300.000000 1.000000 0.100000 0.500000 0.100000 70.000000 0.000000 -33023.721945 21.974049 6.414616
6 300.000000 1.000000 0.100000 0.500000 0.100000 70.000000 0.000000 -32835.177310 10.874111 7.421996
6 300.000000 1.000000 0.100000 0.500000 0.100000 70.000000 0.000000 -32841.148445 38.744220 6.843094
6 300.000000 1.000000 0.100000 0.500000 0.100000 70.000000 0.000000 -32939.910146 34.269752 6.718971
6 300.000000 1.000000 0.100000 0.500000 0.100000 70.000000 0.000000 -32892.187688 22.730517 7.072502
6 300.000000 1.000000 0.100000 0.500000 0.100000 70.000000 0.000000 -32859.827667 25.772427 7.137803
6 300.000000 1.000000 0.100000 0.500000 0.100000 70.000000 0.000000 -32940.921076 42.839708 6.562552
6 300.000000 1.000000 0.100000 0.500000 0.100000 70.000000 0.000000 -32729.313227 40.697395 6.538653
4 300.000000 1.000000 0.000000 0.400000 0.100000 90.000000 0.000000 -32918.122108 51.308963 6.499230
5 300.000000 1.000000 0.000000 0.500000 0.100000 80.000000 0.000000 -32832.460083 49.844314 6.500220
4 300.000000 1.000000 0.000000 0.400000 0.100000 90.000000 0.000000 -32832.630396 56.217422 6.405666
4 300.000000 1.000000 0.000000 0.400000 0.100000 90.000000 0.000000 -32803.291724 70.918978 6.771486
3 300.000000 1.000000 0.000000 0.300000 0.100000 100.000000 0.000000 -32780.893758 67.688054 6.934242
4 300.000000 1.000000 0.000000 0.400000 0.100000 90.000000 0.000000 -33019.339002 50.087565 6.451476
4 300.000000 1.000000 0.000000 0.400000 0.100000 90.000000 0.000000 -32990.058743 80.862779 6.780978
3 300.000000 1.000000 0.000000 0.300000 0.100000 100.000000 0.000000 -32705.669511 76.031647 6.419616
3 300.000000 1.000000 0.000000 0.300000 0.100000 100.000000 0.000000 -32709.334326 71.353117 3.484374
4 300.000000 1.000000 0.000000 0.400000 0.100000 90.000000 0.000000 -32768.799154 67.673772 8.282445
4 300.000000 1.000000 0.000000 0.400000 0.100000 90.000000 0.000000 -32829.332819 64.806990 6.817227
5 300.000000 1.000000 0.000000 0.500000 0.100000 80.000000 0.000000 -32879.432520 46.896458 8.103821
5 300.000000 1.000000 0.000000 0.500000 0.100000 80.000000 0.000000 -32907.218659 33.169402 6.389710
5 300.000000 1.000000 0.000000 0.500000 0.100000 80.000000 0.000000 -32686.732623 70.251572 8.259281
5 300.000000 1.000000 0.000000 0.500000 0.100000 80.000000 0.000000 -32808.330110 39.187156 6.640314
5 300.000000 1.000000 0.000000 0.500000 0.100000 80.000000 0.000000 -32869.954343 59.306735 6.616935
5 300.000000 1.000000 0.000000 0.500000 0.100000 80.000000 0.000000 -32859.100107 43.883522 7.246766
5 300.000000 1.000000 0.000000 0.500000 0.100000 80.000000 0.000000 -32941.584405 54.170356 6.773462
5 300.000000 1.000000 0.000000 0.500000 0.100000 80.000000 0.000000 -32794.849853 49.145574 6.873771
5 300.000000 1.000000 0.000000 0.500000 0.100000 80.000000 0.000000 -32886.045272 62.617313 6.391143
2 300.000000 1.000000 0.000000 0.200000 0.100000 110.000000 0.000000 -32847.649729 74.347335 6.735159
5 300.000000 1.000000 0.000000 0.500000 0.100000 80.000000 0.000000 -32873.935156 52.547667 7.592285
5 300.000000 1.000000 0.000000 0.500000 0.100000 80.000000 0.000000 -32702.319103 59.985326 6.409849
4 300.000000 1.000000 0.000000 0.400000 0.100000 90.000000 0.000000 -32899.287727 30.887661 7.282371
5 300.000000 1.000000 0.000000 0.500000 0.100000 80.000000 0.000000 -32948.433774 45.333466 2.386008
5 300.000000 1.000000 0.000000 0.500000 0.100000 80.000000 0.000000 -32875.388596 58.841423 8.157790
3 300.000000 1.000000 0.000000 0.300000 0.100000 100.000000 0.000000 -32914.645408 70.041615 7.266516
5 300.000000 1.000000 0.000000 0.500000 0.100000 80.000000 0.000000 -32844.088286 44.843116 6.405022
4 300.000000 1.000000 0.000000 0.400000 0.100000 90.000000 0.000000 -32913.049551 37.241138 6.475237
5 300.000000 1.000000 0.000000 0.500000 0.100000 80.000000 0.000000 -32953.292282 52.202582 6.421617
4 300.000000 1.000000 0.000000 0.400000 0.100000 90.000000 0.000000 -32865.404214 51.291850 7.058368
3 300.000000 1.000000 0.000000 0.300000 0.100000 100.000000 0.000000 -32926.838222 74.240818 8.144274
4 300.000000 1.000000 0.000000 0.400000 0.100000 90.000000 0.000000 -32797.652115 43.930518 7.935525
4 300.000000 1.000000 0.000000 0.400000 0.100000 90.000000 0.000000 -32699.705351 66.864224 6.718791
4 300.000000 1.000000 0.000000 0.400000 0.100000 90.000000 0.000000 -32797.341711 73.548867 3.614796
3 300.000000 1.000000 0.000000 0.300000 0.100000 100.000000 0.000000 -32910.404210 73.230923 1.352445
2 300.000000 1.000000 0.000000 0.200000 0.100000 110.000000 0.000000 -32828.950815 107.991349 7.958456
2 300.000000 1.000000 0.000000 0.200000 0.100000 110.000000 0.000000 -32875.982447 115.220039 6.779879
2 300.000000 1.000000 0.000000 0.200000 0.100000 110.000000 0.000000 -32933.465702 100.699311 0.099372
2 300.000000 1.000000 0.000000 0.200000 0.100000 110.000000 0.000000 -32869.642842 115.417192 8.252709
2 300.000000 1.000000 0.000000 0.200000 0.100000 110.000000 0.000000 -32856.605619 107.030601 1.853932
2 300.000000 1.000000 0.000000 0.200000 0.100000 110.000000 0.000000 -32943.255138 99.915160 5.893629
2 300.000000 1.000000 0.000000 0.200000 0.100000 110.000000 0.000000 -32875.452562 45.789082 6.438132
4 300.000000 1.000000 0.000000 0.400000 0.100000 90.000000 0.000000 -32728.222718 57.137638 6.410417
5 300.000000 1.000000 0.000000 0.500000 0.100000 80.000000 0.000000 -32796.109379 41.411690 7.008555
5 300.000000 1.000000 0.000000 0.500000 0.100000 80.000000 0.000000 -32717.614356 53.435949 6.390772
4 300.000000 1.000000 0.000000 0.400000 0.100000 90.000000 0.000000 -32734.124239 51.377959 7.695095
4 300.000000 1.000000 0.000000 0.400000 0.100000 90.000000 0.000000 -32722.846745 67.193013 6.536738
3 300.000000 1.000000 0.000000 0.300000 0.100000 100.000000 0.000000 -32722.835882 67.934097 6.582345
5 300.000000 1.000000 0.000000 0.500000 0.100000 80.000000 0.000000 -32866.903925 39.601156 6.412966
5 300.000000 1.000000 0.000000 0.500000 0.100000 80.000000 0.000000 -32793.488332 61.435725 6.511536
2 300.000000 1.000000 0.000000 0.200000 0.100000 110.000000 0.000000 -32876.323694 124.597573 1.416331
2 300.000000 1.000000 0.000000 0.200000 0.100000 110.000000 0.000000 -32795.598990 129.434405 1.370702
2 300.000000 1.000000 0.000000 0.200000 0.100000 110.000000 0.000000 -32869.397545 131.093257 7.089660
2 300.000000 1.000000 0.000000 0.200000 0.100000 110.000000 0.000000 -32876.092407 38.931078 6.871731
6 300.000000 1.000000 0.100000 0.500000 0.100000 70.000000 0.000000 -32853.488403 38.376259 7.487371
5 300.000000 1.000000 0.000000 0.500000 0.100000 80.000000 0.000000 -32818.123219 45.110589 6.546969
5 300.000000 1.000000 0.000000 0.500000 0.100000 80.000000 0.000000 -32822.284968 40.792206 6.487440
6 300.000000 1.000000 0.100000 0.500000 0.100000 70.000000 0.000000 -32832.210454 19.759548 6.854766
6 300.000000 1.000000 0.100000 0.500000 0.100000 70.000000 0.000000 -32740.901684 34.844882 6.458095
6 300.000000 1.000000 0.100000 0.500000 0.100000 70.000000 0.000000 -32768.601588 22.607569 7.694542
6 300.000000 1.000000 0.100000 0.500000 0.100000 70.000000 0.000000 -33026.554034 36.320918 5.882223
6 300.000000 1.000000 0.100000 0.500000 0.100000 70.000000 0.000000 -32716.602562 30.659197 7.174939
6 300.000000 1.000000 0.100000 0.500000 0.100000 70.000000 0.000000 -32938.369950 33.908834 6.545678
6 300.000000 1.000000 0.100000 0.500000 0.100000 70.000000 0.000000 -32715.714656 25.152856 6.671871
6 300.000000 1.000000 0.100000 0.500000 0.100000 70.000000 0.000000 -32876.042601 40.644583 8.142486
6 300.000000 1.000000 0.100000 0.500000 0.100000 70.000000 0.000000 -32881.535827 15.500333 6.753183
8 300.000000 1.000000 0.300000 0.500000 0.100000 50.000000 0.000000 -32975.346188 4.384340 6.708036
8 300.000000 1.000000 0.300000 0.500000 0.100000 50.000000 0.000000 -32815.656267 1.554684 6.977415
13 300.000000 -1.000000 0.300000 0.500000 0.100000 50.000000 0.000000 -32846.871246 12.287251 6.869956
13 300.000000 -1.000000 0.300000 0.500000 0.100000 50.000000 0.000000 -32883.565653 -1.129093 7.678676
12 300.000000 -1.000000 0.400000 0.500000 0.100000 40.000000 0.000000 -32862.387352 3.724856 7.387632
12 300.000000 -1.000000 0.400000 0.500000 0.100000 40.000000 0.000000 -32967.488525 -5.430046 7.239525
11 300.000000 -1.000000 0.500000 0.500000 0.100000 30.000000 0.000000 -32920.726603 -4.593608 6.479214
10 300.000000 1.000000 0.500000 0.500000 0.100000 30.000000 0.000000 -32855.996985 -5.225775 6.559616
10 300.000000 1.000000 0.500000 0.500000 0.100000 30.000000 0.000000 -32969.373527 0.549960 7.844757
13 300.000000 -1.000000 0.300000 0.500000 0.100000 50.000000 0.000000 -32902.045735 1.380216 8.024995
12 300.000000 -1.000000 0.400000 0.500000 0.100000 40.000000 0.000000 -32815.242234 2.921264 8.279623
11 300.000000 -1.000000 0.500000 0.500000 0.100000 30.000000 0.000000 -32824.916124 4.354987 8.282645
7 300.000000 1.000000 0.200000 0.500000 0.100000 60.000000 0.000000 -32842.709109 13.290750 8.197699
7 300.000000 1.000000 0.200000 0.500000 0.100000 60.000000 0.000000 -32855.005642 16.563781 7.769489
6 300.000000 1.000000 0.100000 0.500000 0.100000 70.000000 0.000000 -32913.668356 28.465755 6.721155
7 300.000000 1.000000 0.200000 0.500000 0.100000 60.000000 0.000000 -32893.238516 11.043459 7.788565
6 300.000000 1.000000 0.100000 0.500000 0.100000 70.000000 0.000000 -32789.664934 29.125106 6.796230
6 300.000000 1.000000 0.100000 0.500000 0.100000 70.000000 0.000000 -32911.359978 25.487697 6.412945
7 300.000000 1.000000 0.200000 0.500000 0.100000 60.000000 0.000000 -32919.494051 12.773964 7.462977
7 300.000000 1.000000 0.200000 0.500000 0.100000 60.000000 0.000000 -32820.185077 10.080628 6.558801
7 300.000000 1.000000 0.200000 0.500000 0.100000 60.000000 0.000000 -32863.282797 6.425462 6.678867
9 300.000000 1.000000 0.400000 0.500000 0.100000 40.000000 0.000000 -32928.120823 2.162665 6.396673
10 300.000000 1.000000 0.500000 0.500000 0.100000 30.000000 0.000000 -32967.302336 -0.214136 6.403391
11 300.000000 -1.000000 0.500000 0.500000 0.100000 30.000000 0.000000 -32867.802919 -0.410809 6.633400
11 300.000000 -1.000000 0.500000 0.500000 0.100000 30.000000 0.000000 -32916.604179 3.359623 6.396883
14 300.000000 -1.000000 0.200000 0.500000 0.100000 60.000000 0.000000 -32954.529057 5.131073 7.422810
14 300.000000 -1.000000 0.200000 0.500000 0.100000 60.000000 0.000000 -32832.436644 5.825192 6.568561
13 300.000000 -1.000000 0.300000 0.500000 0.100000 50.000000 0.000000 -32911.785238 15.572001 6.391808
14 300.000000 -1.000000 0.200000 0.500000 0.100000 60.000000 0.000000 -32773.375141 12.573038 7.771767
13 300.000000 -1.000000 0.300000 0.500000 0.100000 50.000000 0.000000 -32919.790378 12.469225 6.935878
14 300.000000 -1.000000 0.200000 0.500000 0.100000 60.000000 0.000000 -32878.265305 9.080561 6.637681
15 300.000000 -1.000000 0.100000 0.500000 0.100000 70.000000 0.000000 -32869.833768 19.632441 6.646133
14 300.000000 -1.000000 0.200000 0.500000 0.100000 60.000000 0.000000 -32918.254068 11.745110 6.802963
14 300.000000 -1.000000 0.200000 0.500000 0.100000 60.000000 0.000000 -32861.123012 3.872299 6.541086
13 300.000000 -1.000000 0.300000 0.500000 0.100000 50.000000 0.000000 -32873.216306 6.144932 6.508554
14 300.000000 -1.000000 0.200000 0.500000 0.100000 60.000000 0.000000 -32896.264733 12.127792 6.473852
15 300.000000 -1.000000 0.100000 0.500000 0.100000 70.000000 0.000000 -32919.981102 41.330156 6.543181
17 300.000000 -1.000000 0.000000 0.400000 0.100000 90.000000 0.000000 -32809.383520 44.867423 7.913239
17 300.000000 -1.000000 0.000000 0.400000 0.100000 90.000000 0.000000 -32800.144237 65.023171 8.173148
16 300.000000 -1.000000 0.000000 0.500000 0.100000 80.000000 0.000000 -32692.847379 51.267847 7.174057
17 300.000000 -1.000000 0.000000 0.400000 0.100000 90.000000 0.000000 -32764.102064 63.631179 6.394612
16 300.000000 -1.000000 0.000000 0.500000 0.100000 80.000000 0.000000 -32857.992460 36.298388 6.415993
18 300.000000 -1.000000 0.000000 0.300000 0.100000 100.000000 0.000000 -32760.481804 64.079821 8.169450
16 300.000000 -1.000000 0.000000 0.500000 0.100000 80.000000 0.000000 -32787.981499 49.836694 7.392509
16 300.000000 -1.000000 0.000000 0.500000 0.100000 80.000000 0.000000 -32797.214769 49.158573 7.357302
16 300.000000 -1.000000 0.000000 0.500000 0.100000 80.000000 0.000000 -32874.655603 49.049253 7.253402
17 300.000000 -1.000000 0.000000 0.400000 0.100000 90.000000 0.000000 -32776.731221 54.162604 7.397353
18 300.000000 -1.000000 0.000000 0.300000 0.100000 100.000000 0.000000 -32767.517834 42.524805 6.930466
16 300.000000 -1.000000 0.000000 0.500000 0.100000 80.000000 0.000000 -32898.713746 41.925155 7.483224
18 300.000000 -1.000000 0.000000 0.300000 0.100000 100.000000 0.000000 -32866.157275 83.457643 5.852991
17 300.000000 -1.000000 0.000000 0.400000 0.100000 90.000000 0.000000 -32823.135811 39.886489 7.011256
15 300.000000 -1.000000 0.100000 0.500000 0.100000 70.000000 0.000000 -32793.758858 23.856491 7.124675
15 300.000000 -1.000000 0.100000 0.500000 0.100000 70.000000 0.000000 -32880.466203 26.679271 7.601102
14 300.000000 -1.000000 0.200000 0.500000 0.100000 60.000000 0.000000 -32766.132816 5.122612 6.699823
9 300.000000 1.000000 0.400000 0.500000 0.100000 40.000000 0.000000 -32806.451755 -1.644148 8.259317
12 300.000000 -1.000000 0.400000 0.500000 0.100000 40.000000 0.000000 -32814.913733 4.093834 7.018559
9 300.000000 1.000000 0.400000 0.500000 0.100000 40.000000 0.000000 -32892.077818 -0.477040 6.390196
10 300.000000 1.000000 0.500000 0.500000 0.100000 30.000000 0.000000 -32802.957405 -1.998765 7.664217
11 300.000000 -1.000000 0.500000 0.500000 0.100000 30.000000 0.000000 -32826.598444 9.427929 7.030995
12 300.000000 -1.000000 0.400000 0.500000 0.100000 40.000000 0.000000 -32844.628314 6.143177 6.455006
14 300.000000 -1.000000 0.200000 0.500000 0.100000 60.000000 0.000000 -32780.889032 10.024248 7.552106
11 300.000000 -1.000000 0.500000 0.500000 0.100000 30.000000 0.000000 -32715.048833 0.939694 6.841567
11 300.000000 -1.000000 0.500000 0.500000 0.100000 30.000000 0.000000 -32940.470629 2.446208 6.604268
14 300.000000 -1.000000 0.200000 0.500000 0.100000 60.000000 0.000000 -32949.056592 16.919232 7.472020
14 300.000000 -1.000000 0.200000 0.500000 0.100000 60.000000 0.000000 -32945.517701 13.364090 7.304839
15 300.000000 -1.000000 0.100000 0.500000 0.100000 70.000000 0.000000 -32843.399703 30.939209 6.706579
15 300.000000 -1.000000 0.100000 0.500000 0.100000 70.000000 0.000000 -32829.786710 25.398101 7.012016
14 300.000000 -1.000000 0.200000 0.500000 0.100000 60.000000 0.000000 -32907.985456 5.485347 6.591532
11 300.000000 -1.000000 0.500000 0.500000 0.100000 30.000000 0.000000 -32770.684981 2.585672 7.989743
12 300.000000 -1.000000 0.400000 0.500000 0.100000 40.000000 0.000000 -32808.454678 6.224978 8.258867
