300.000000 0.000000 0.000000 0.000000 0.000000 0.000000 0.000000 -36889.155545 887.608339
300.000000 0.002000 0.002000 0.002000 0.000000 0.000000 0.000000 -36850.450590 879.598202
300.000000 0.004000 0.004000 0.004000 0.000000 0.000000 0.000000 -36806.771373 894.166214
300.000000 0.006000 0.006000 0.006000 0.000000 0.000000 0.000000 -36767.215304 972.615567
300.000000 0.008000 0.008000 0.008000 0.000000 0.000000 0.000000 -36920.272025 897.570283
300.000000 0.010000 0.010000 0.010000 0.000000 0.000000 0.000000 -36898.219880 904.851545
300.000000 0.012000 0.012000 0.012000 0.000000 0.000000 0.000000 -36844.872907 825.930173
300.000000 0.014000 0.014000 0.014000 0.000000 0.000000 0.000000 -36738.405934 708.057210
300.000000 0.016000 0.016000 0.016000 0.000000 0.000000 0.000000 -36850.394083 174.275348
300.000000 0.018000 0.018000 0.018000 0.000000 0.000000 0.000000 -36810.940726 303.221350
300.000000 0.020000 0.020000 0.020000 0.000000 0.000000 0.000000 -36767.393694 89.399262
300.000000 0.022000 0.022000 0.022000 0.000000 0.000000 0.000000 -36753.182680 70.386834
300.000000 0.024000 0.024000 0.024000 0.000000 0.000000 0.000000 -36795.869214 88.400931
300.000000 0.026000 0.026000 0.026000 0.000000 0.000000 0.000000 -36776.716923 81.833542
300.000000 0.028000 0.028000 0.028000 0.000000 0.000000 0.000000 -36802.165448 50.835890
300.000000 0.030000 0.030000 0.030000 0.000000 0.000000 0.000000 -36923.491995 95.231163
300.000000 0.032000 0.032000 0.032000 0.000000 0.000000 0.000000 -36754.234454 82.211113
300.000000 0.034000 0.034000 0.034000 0.000000 0.000000 0.000000 -36900.203767 133.005675
300.000000 0.036000 0.036000 0.036000 0.000000 0.000000 0.000000 -36770.721894 236.216098
300.000000 0.038000 0.038000 0.038000 0.000000 0.000000 0.000000 -36721.940812 80.762114
300.000000 0.040000 0.040000 0.040000 0.000000 0.000000 0.000000 -36880.825889 69.568828
300.000000 0.042000 0.042000 0.042000 0.000000 0.000000 0.000000 -36880.754823 53.982513
300.000000 0.044000 0.044000 0.044000 0.000000 0.000000 0.000000 -36828.875238 38.870745
300.000000 0.046000 0.046000 0.046000 0.000000 0.000000 0.000000 -36845.216030 112.532246
300.000000 0.048000 0.048000 0.048000 0.000000 0.000000 0.000000 -36800.366937 94.355359
300.000000 0.050000 0.050000 0.050000 0.000000 0.000000 0.000000 -36777.992195 93.378133
300.000000 0.052000 0.052000 0.052000 0.000000 0.000000 0.000000 -36952.293338 104.874377
300.000000 0.054000 0.054000 0.054000 0.000000 0.000000 0.000000 -36881.941120 81.661939
300.000000 0.056000 0.056000 0.056000 0.000000 0.000000 0.000000 -36901.600517 103.125787
300.000000 0.058000 0.058000 0.058000 0.000000 0.000000 0.000000 -36904.368825 31.145979
300.000000 0.060000 0.060000 0.060000 0.000000 0.000000 0.000000 -36906.863070 91.980198
300.000000 0.062000 0.062000 0.062000 0.000000 0.000000 0.000000 -36939.924549 52.061727
300.000000 0.064000 0.064000 0.064000 0.000000 0.000000 0.000000 -37065.903412 67.277031
300.000000 0.066000 0.066000 0.066000 0.000000 0.000000 0.000000 -36913.086994 84.451774
300.000000 0.068000 0.068000 0.068000 0.000000 0.000000 0.000000 -36851.483664 49.967063
300.000000 0.070000 0.070000 0.070000 0.000000 0.000000 0.000000 -37012.605084 54.851280
300.000000 0.072000 0.072000 0.072000 0.000000 0.000000 0.000000 -36917.621122 61.028445
300.000000 0.074000 0.074000 0.074000 0.000000 0.000000 0.000000 -36951.130820 45.517455
300.000000 0.076000 0.076000 0.076000 0.000000 0.000000 0.000000 -36966.049780 54.080098
300.000000 0.078000 0.078000 0.078000 0.000000 0.000000 0.000000 -36927.745169 33.479674
300.000000 0.080000 0.080000 0.080000 0.000000 0.000000 0.000000 -36813.889082 55.830781
300.000000 0.082000 0.082000 0.082000 0.000000 0.000000 0.000000 -36761.842796 44.038992
300.000000 0.084000 0.084000 0.084000 0.000000 0.000000 0.000000 -36797.904572 43.350129
300.000000 0.086000 0.086000 0.086000 0.000000 0.000000 0.000000 -36760.994667 34.106578
300.000000 0.088000 0.088000 0.088000 0.000000 0.000000 0.000000 -36881.848170 22.367051
300.000000 0.090000 0.090000 0.090000 0.000000 0.000000 0.000000 -36854.870275 33.885036
300.000000 0.092000 0.092000 0.092000 0.000000 0.000000 0.000000 -36848.214492 45.831746
300.000000 0.094000 0.094000 0.094000 0.000000 0.000000 0.000000 -36814.316871 45.677836
300.000000 0.096000 0.096000 0.096000 0.000000 0.000000 0.000000 -36953.687107 32.316728
300.000000 0.098000 0.098000 0.098000 0.000000 0.000000 0.000000 -36887.809415 33.635411
300.000000 0.100000 0.100000 0.100000 0.000000 0.000000 0.000000 -36980.835294 59.768673
300.000000 0.102000 0.102000 0.102000 0.000000 0.000000 0.000000 -36892.339434 45.189179
300.000000 0.104000 0.104000 0.104000 0.000000 0.000000 0.000000 -36886.605065 33.290346
300.000000 0.106000 0.106000 0.106000 0.000000 0.000000 0.000000 -36934.849313 69.435840
300.000000 0.108000 0.108000 0.108000 0.000000 0.000000 0.000000 -36789.683644 31.331597
300.000000 0.110000 0.110000 0.110000 0.000000 0.000000 0.000000 -36880.108284 46.687599
300.000000 0.112000 0.112000 0.112000 0.000000 0.000000 0.000000 -36739.342315 27.524677
300.000000 0.114000 0.114000 0.114000 0.000000 0.000000 0.000000 -36868.309872 53.642046
300.000000 0.116000 0.116000 0.116000 0.000000 0.000000 0.000000 -36837.180257 59.477387
300.000000 0.118000 0.118000 0.118000 0.000000 0.000000 0.000000 -36919.911913 35.544990
300.000000 0.120000 0.120000 0.120000 0.000000 0.000000 0.000000 -36845.964020 49.942133
300.000000 0.122000 0.122000 0.122000 0.000000 0.000000 0.000000 -36920.329320 40.513031
300.000000 0.124000 0.124000 0.124000 0.000000 0.000000 0.000000 -36870.023490 34.614370
300.000000 0.126000 0.126000 0.126000 0.000000 0.000000 0.000000 -36864.969376 42.156740
300.000000 0.128000 0.128000 0.128000 0.000000 0.000000 0.000000 -36814.721619 51.451061
300.000000 0.130000 0.130000 0.130000 0.000000 0.000000 0.000000 -36818.562951 30.787805
300.000000 0.132000 0.132000 0.132000 0.000000 0.000000 0.000000 -36817.705129 56.489623
300.000000 0.134000 0.134000 0.134000 0.000000 0.000000 0.000000 -36890.994031 32.711930
300.000000 0.136000 0.136000 0.136000 0.000000 0.000000 0.000000 -36848.942567 25.781295
300.000000 0.138000 0.138000 0.138000 0.000000 0.000000 0.000000 -36977.121694 39.624509
300.000000 0.140000 0.140000 0.140000 0.000000 0.000000 0.000000 -36976.584438 24.278428
300.000000 0.142000 0.142000 0.142000 0.000000 0.000000 0.000000 -36850.602595 19.827410
300.000000 0.144000 0.144000 0.144000 0.000000 0.000000 0.000000 -36722.078014 19.767085
300.000000 0.146000 0.146000 0.146000 0.000000 0.000000 0.000000 -36734.511394 26.436081
300.000000 0.148000 0.148000 0.148000 0.000000 0.000000 0.000000 -36823.041376 53.251255
300.000000 0.150000 0.150000 0.150000 0.000000 0.000000 0.000000 -36791.589760 16.037055
300.000000 0.152000 0.152000 0.152000 0.000000 0.000000 0.000000 -36721.732653 33.848626
300.000000 0.154000 0.154000 0.154000 0.000000 0.000000 0.000000 -36737.353807 23.431453
300.000000 0.156000 0.156000 0.156000 0.000000 0.000000 0.000000 -36637.770330 13.842893
300.000000 0.158000 0.158000 0.158000 0.000000 0.000000 0.000000 -36695.711967 21.913389
300.000000 0.160000 0.160000 0.160000 0.000000 0.000000 0.000000 -36712.922389 23.400252
300.000000 0.162000 0.162000 0.162000 0.000000 0.000000 0.000000 -36818.662501 26.521163
300.000000 0.164000 0.164000 0.164000 0.000000 0.000000 0.000000 -36733.341066 39.166502
300.000000 0.166000 0.166000 0.166000 0.000000 0.000000 0.000000 -36908.895679 31.429930
300.000000 0.168000 0.168000 0.168000 0.000000 0.000000 0.000000 -36772.908543 13.247065
300.000000 0.170000 0.170000 0.170000 0.000000 0.000000 0.000000 -36782.156029 27.484071
300.000000 0.172000 0.172000 0.172000 0.000000 0.000000 0.000000 -36709.490748 21.300381
300.000000 0.174000 0.174000 0.174000 0.000000 0.000000 0.000000 -36720.643589 18.151660
300.000000 0.176000 0.176000 0.176000 0.000000 0.000000 0.000000 -36815.107637 19.500165
300.000000 0.178000 0.178000 0.178000 0.000000 0.000000 0.000000 -36726.428802 11.127066
300.000000 0.180000 0.180000 0.180000 0.000000 0.000000 0.000000 -36835.191771 13.484435
300.000000 0.182000 0.182000 0.182000 0.000000 0.000000 0.000000 -36726.187671 27.219783
300.000000 0.184000 0.184000 0.184000 0.000000 0.000000 0.000000 -36748.509810 12.835274
300.000000 0.186000 0.186000 0.186000 0.000000 0.000000 0.000000 -36740.427770 24.991337
300.000000 0.188000 0.188000 0.188000 0.000000 0.000000 0.000000 -36775.756652 11.743930
300.000000 0.190000 0.190000 0.190000 0.000000 0.000000 0.000000 -36759.948382 27.350380
300.000000 0.192000 0.192000 0.192000 0.000000 0.000000 0.000000 -36621.775240 27.332576
300.000000 0.194000 0.194000 0.194000 0.000000 0.000000 0.000000 -36820.595676 38.643106
300.000000 0.196000 0.196000 0.196000 0.000000 0.000000 0.000000 -37067.076378 23.662932
300.000000 0.198000 0.198000 0.198000 0.000000 0.000000 0.000000 -36972.025061 19.029564
300.000000 0.200000 0.200000 0.200000 0.000000 0.000000 0.000000 -36936.591960 9.678051
300.000000 0.202000 0.202000 0.202000 0.000000 0.000000 0.000000 -36912.851907 21.756617
300.000000 0.204000 0.204000 0.204000 0.000000 0.000000 0.000000 -36874.895153 10.252928
300.000000 0.206000 0.206000 0.206000 0.000000 0.000000 0.000000 -36807.309684 30.547359
300.000000 0.208000 0.208000 0.208000 0.000000 0.000000 0.000000 -36800.578977 18.207636
300.000000 0.210000 0.210000 0.210000 0.000000 0.000000 0.000000 -36830.706657 31.685999
300.000000 0.212000 0.212000 0.212000 0.000000 0.000000 0.000000 -36764.320057 18.541918
300.000000 0.214000 0.214000 0.214000 0.000000 0.000000 0.000000 -36801.888699 28.184670
300.000000 0.216000 0.216000 0.216000 0.000000 0.000000 0.000000 -36736.473721 12.100767
300.000000 0.218000 0.218000 0.218000 0.000000 0.000000 0.000000 -36729.841464 12.736390
300.000000 0.220000 0.220000 0.220000 0.000000 0.000000 0.000000 -36848.081834 14.419121
300.000000 0.222000 0.222000 0.222000 0.000000 0.000000 0.000000 -36965.062473 6.700828
300.000000 0.224000 0.224000 0.224000 0.000000 0.000000 0.000000 -36893.840286 12.981004
300.000000 0.226000 0.226000 0.226000 0.000000 0.000000 0.000000 -36905.748064 15.133251
300.000000 0.228000 0.228000 0.228000 0.000000 0.000000 0.000000 -36939.337598 7.266215
300.000000 0.230000 0.230000 0.230000 0.000000 0.000000 0.000000 -36743.197996 8.386181
300.000000 0.232000 0.232000 0.232000 0.000000 0.000000 0.000000 -36813.918115 9.141412
300.000000 0.234000 0.234000 0.234000 0.000000 0.000000 0.000000 -36895.902859 13.438086
300.000000 0.236000 0.236000 0.236000 0.000000 0.000000 0.000000 -36851.330081 41.003905
300.000000 0.238000 0.238000 0.238000 0.000000 0.000000 0.000000 -36752.827177 24.227766
300.000000 0.240000 0.240000 0.240000 0.000000 0.000000 0.000000 -36881.308782 10.365374
300.000000 0.242000 0.242000 0.242000 0.000000 0.000000 0.000000 -36931.093017 19.375140
300.000000 0.244000 0.244000 0.244000 0.000000 0.000000 0.000000 -36882.966749 22.421485
300.000000 0.246000 0.246000 0.246000 0.000000 0.000000 0.000000 -36891.968325 23.766109
300.000000 0.248000 0.248000 0.248000 0.000000 0.000000 0.000000 -37006.225978 9.065166
300.000000 0.250000 0.250000 0.250000 0.000000 0.000000 0.000000 -36943.930836 11.567789
300.000000 0.252000 0.252000 0.252000 0.000000 0.000000 0.000000 -36984.097048 22.203574
300.000000 0.254000 0.254000 0.254000 0.000000 0.000000 0.000000 -36883.484851 20.063317
300.000000 0.256000 0.256000 0.256000 0.000000 0.000000 0.000000 -37020.495804 10.383320
300.000000 0.258000 0.258000 0.258000 0.000000 0.000000 0.000000 -36976.979488 18.563144
300.000000 0.260000 0.260000 0.260000 0.000000 0.000000 0.000000 -36950.663616 8.626588
300.000000 0.262000 0.262000 0.262000 0.000000 0.000000 0.000000 -37007.739141 25.179521
300.000000 0.264000 0.264000 0.264000 0.000000 0.000000 0.000000 -37041.131209 10.091248
300.000000 0.266000 0.266000 0.266000 0.000000 0.000000 0.000000 -37019.937303 9.638163
300.000000 0.268000 0.268000 0.268000 0.000000 0.000000 0.000000 -37052.953928 0.557088
300.000000 0.270000 0.270000 0.270000 0.000000 0.000000 0.000000 -37047.956228 -0.591338
300.000000 0.272000 0.272000 0.272000 0.000000 0.000000 0.000000 -36974.901085 21.636179
300.000000 0.274000 0.274000 0.274000 0.000000 0.000000 0.000000 -36865.672908 13.389719
300.000000 0.276000 0.276000 0.276000 0.000000 0.000000 0.000000 -36809.142153 12.425875
300.000000 0.278000 0.278000 0.278000 0.000000 0.000000 0.000000 -36803.955583 11.232533
300.000000 0.280000 0.280000 0.280000 0.000000 0.000000 0.000000 -37001.842350 11.158033
300.000000 0.282000 0.282000 0.282000 0.000000 0.000000 0.000000 -36741.098408 15.843018
300.000000 0.284000 0.284000 0.284000 0.000000 0.000000 0.000000 -36832.929746 9.057306
300.000000 0.286000 0.286000 0.286000 0.000000 0.000000 0.000000 -36847.636687 5.362072
300.000000 0.288000 0.288000 0.288000 0.000000 0.000000 0.000000 -36889.102882 15.898979
300.000000 0.290000 0.290000 0.290000 0.000000 0.000000 0.000000 -36948.380847 11.833252
300.000000 0.292000 0.292000 0.292000 0.000000 0.000000 0.000000 -37028.030031 5.204682
300.000000 0.294000 0.294000 0.294000 0.000000 0.000000 0.000000 -36954.825489 1.367063
300.000000 0.296000 0.296000 0.296000 0.000000 0.000000 0.000000 -37030.151856 6.333404
300.000000 0.298000 0.298000 0.298000 0.000000 0.000000 0.000000 -37028.409187 3.817907
300.000000 0.300000 0.300000 0.300000 0.000000 0.000000 0.000000 -36976.932368 9.716697
300.000000 0.302000 0.302000 0.302000 0.000000 0.000000 0.000000 -36981.123079 9.668464
300.000000 0.304000 0.304000 0.304000 0.000000 0.000000 0.000000 -36973.925160 9.600499
300.000000 0.306000 0.306000 0.306000 0.000000 0.000000 0.000000 -37027.028434 12.913346
300.000000 0.308000 0.308000 0.308000 0.000000 0.000000 0.000000 -37011.797176 16.214483
300.000000 0.310000 0.310000 0.310000 0.000000 0.000000 0.000000 -37035.138562 7.070839
300.000000 0.312000 0.312000 0.312000 0.000000 0.000000 0.000000 -37005.080284 9.211160
300.000000 0.314000 0.314000 0.314000 0.000000 0.000000 0.000000 -37068.685992 10.904558
300.000000 0.316000 0.316000 0.316000 0.000000 0.000000 0.000000 -37043.701514 12.226081
300.000000 0.318000 0.318000 0.318000 0.000000 0.000000 0.000000 -36968.605362 12.292377
300.000000 0.320000 0.320000 0.320000 0.000000 0.000000 0.000000 -37037.255205 3.618686
300.000000 0.322000 0.322000 0.322000 0.000000 0.000000 0.000000 -37063.355423 8.657182
300.000000 0.324000 0.324000 0.324000 0.000000 0.000000 0.000000 -37028.011252 5.074040
300.000000 0.326000 0.326000 0.326000 0.000000 0.000000 0.000000 -37088.019855 7.504810
300.000000 0.328000 0.328000 0.328000 0.000000 0.000000 0.000000 -36854.330450 0.405853
300.000000 0.330000 0.330000 0.330000 0.000000 0.000000 0.000000 -36952.224706 9.323159
300.000000 0.332000 0.332000 0.332000 0.000000 0.000000 0.000000 -36839.518985 11.241257
300.000000 0.334000 0.334000 0.334000 0.000000 0.000000 0.000000 -36849.612647 12.924841
300.000000 0.336000 0.336000 0.336000 0.000000 0.000000 0.000000 -36789.142366 19.628056
300.000000 0.338000 0.338000 0.338000 0.000000 0.000000 0.000000 -36829.068323 8.312311
300.000000 0.340000 0.340000 0.340000 0.000000 0.000000 0.000000 -36795.840901 9.147477
300.000000 0.342000 0.342000 0.342000 0.000000 0.000000 0.000000 -36910.864888 16.047539
300.000000 0.344000 0.344000 0.344000 0.000000 0.000000 0.000000 -36929.769284 16.855079
300.000000 0.346000 0.346000 0.346000 0.000000 0.000000 0.000000 -37002.590210 6.493468
300.000000 0.348000 0.348000 0.348000 0.000000 0.000000 0.000000 -36846.411507 4.157096
300.000000 0.350000 0.350000 0.350000 0.000000 0.000000 0.000000 -36936.740144 3.401981
300.000000 0.352000 0.352000 0.352000 0.000000 0.000000 0.000000 -36959.290361 4.833390
300.000000 0.354000 0.354000 0.354000 0.000000 0.000000 0.000000 -36898.188862 8.236365
300.000000 0.356000 0.356000 0.356000 0.000000 0.000000 0.000000 -36990.924392 18.561862
300.000000 0.358000 0.358000 0.358000 0.000000 0.000000 0.000000 -36860.947625 2.808690
300.000000 0.360000 0.360000 0.360000 0.000000 0.000000 0.000000 -36884.913638 2.454825
300.000000 0.362000 0.362000 0.362000 0.000000 0.000000 0.000000 -36751.208105 5.810684
300.000000 0.364000 0.364000 0.364000 0.000000 0.000000 0.000000 -36756.542894 10.261114
300.000000 0.366000 0.366000 0.366000 0.000000 0.000000 0.000000 -36877.575420 11.316171
300.000000 0.368000 0.368000 0.368000 0.000000 0.000000 0.000000 -36852.630035 1.060665
300.000000 0.370000 0.370000 0.370000 0.000000 0.000000 0.000000 -36896.563168 -0.753707
300.000000 0.372000 0.372000 0.372000 0.000000 0.000000 0.000000 -36868.946065 2.742292
300.000000 0.374000 0.374000 0.374000 0.000000 0.000000 0.000000 -36838.418986 14.315699
300.000000 0.376000 0.376000 0.376000 0.000000 0.000000 0.000000 -36788.022968 6.325935
300.000000 0.378000 0.378000 0.378000 0.000000 0.000000 0.000000 -36889.124614 -1.536712
300.000000 0.380000 0.380000 0.380000 0.000000 0.000000 0.000000 -36922.546297 4.405115
300.000000 0.382000 0.382000 0.382000 0.000000 0.000000 0.000000 -36905.912483 8.019304
300.000000 0.384000 0.384000 0.384000 0.000000 0.000000 0.000000 -36881.889876 6.515686
300.000000 0.386000 0.386000 0.386000 0.000000 0.000000 0.000000 -36909.143521 3.193757
300.000000 0.388000 0.388000 0.388000 0.000000 0.000000 0.000000 -36771.012356 10.589110
300.000000 0.390000 0.390000 0.390000 0.000000 0.000000 0.000000 -36684.522493 15.194641
300.000000 0.392000 0.392000 0.392000 0.000000 0.000000 0.000000 -36648.899288 3.954944
300.000000 0.394000 0.394000 0.394000 0.000000 0.000000 0.000000 -36723.186408 6.771061
300.000000 0.396000 0.396000 0.396000 0.000000 0.000000 0.000000 -36889.191954 2.380930
300.000000 0.398000 0.398000 0.398000 0.000000 0.000000 0.000000 -36954.477672 3.192369
300.000000 0.400000 0.400000 0.400000 0.000000 0.000000 0.000000 -36879.821475 0.927355
300.000000 0.402000 0.402000 0.402000 0.000000 0.000000 0.000000 -36834.813258 6.328287
300.000000 0.404000 0.404000 0.404000 0.000000 0.000000 0.000000 -36971.758492 5.735295
300.000000 0.406000 0.406000 0.406000 0.000000 0.000000 0.000000 -36921.859343 13.610087
300.000000 0.408000 0.408000 0.408000 0.000000 0.000000 0.000000 -36943.194624 4.314059
300.000000 0.410000 0.410000 0.410000 0.000000 0.000000 0.000000 -36780.490310 6.623478
300.000000 0.412000 0.412000 0.412000 0.000000 0.000000 0.000000 -36910.561650 1.324858
300.000000 0.414000 0.414000 0.414000 0.000000 0.000000 0.000000 -36963.615167 7.031588
300.000000 0.416000 0.416000 0.416000 0.000000 0.000000 0.000000 -36900.782511 -1.811502
300.000000 0.418000 0.418000 0.418000 0.000000 0.000000 0.000000 -36967.583606 2.432984
300.000000 0.420000 0.420000 0.420000 0.000000 0.000000 0.000000 -37031.200704 1.841185
300.000000 0.422000 0.422000 0.422000 0.000000 0.000000 0.000000 -36892.795893 6.535275
300.000000 0.424000 0.424000 0.424000 0.000000 0.000000 0.000000 -36972.544431 -1.110994
300.000000 0.426000 0.426000 0.426000 0.000000 0.000000 0.000000 -37012.908445 -3.286280
300.000000 0.428000 0.428000 0.428000 0.000000 0.000000 0.000000 -37130.705945 3.232719
300.000000 0.430000 0.430000 0.430000 0.000000 0.000000 0.000000 -36934.058291 -7.305044
300.000000 0.432000 0.432000 0.432000 0.000000 0.000000 0.000000 -36998.320094 8.504564
300.000000 0.434000 0.434000 0.434000 0.000000 0.000000 0.000000 -36951.316226 15.731883
300.000000 0.436000 0.436000 0.436000 0.000000 0.000000 0.000000 -36802.703374 3.982159
300.000000 0.438000 0.438000 0.438000 0.000000 0.000000 0.000000 -36846.644062 1.611734
300.000000 0.440000 0.440000 0.440000 0.000000 0.000000 0.000000 -36925.078251 1.366667
300.000000 0.442000 0.442000 0.442000 0.000000 0.000000 0.000000 -36864.944767 1.721448
300.000000 0.444000 0.444000 0.444000 0.000000 0.000000 0.000000 -36995.309374 -1.802747
300.000000 0.446000 0.446000 0.446000 0.000000 0.000000 0.000000 -36830.518792 3.273723
300.000000 0.448000 0.448000 0.448000 0.000000 0.000000 0.000000 -36764.042939 9.723259
300.000000 0.450000 0.450000 0.450000 0.000000 0.000000 0.000000 -36700.047290 -0.642105
300.000000 0.452000 0.452000 0.452000 0.000000 0.000000 0.000000 -36918.393997 5.572996
300.000000 0.454000 0.454000 0.454000 0.000000 0.000000 0.000000 -36667.506705 -4.931143
300.000000 0.456000 0.456000 0.456000 0.000000 0.000000 0.000000 -36704.090854 3.197489
300.000000 0.458000 0.458000 0.458000 0.000000 0.000000 0.000000 -36861.076479 -1.660089
300.000000 0.460000 0.460000 0.460000 0.000000 0.000000 0.000000 -36870.569258 -0.755988
300.000000 0.462000 0.462000 0.462000 0.000000 0.000000 0.000000 -36926.999199 2.926312
300.000000 0.464000 0.464000 0.464000 0.000000 0.000000 0.000000 -36929.788669 1.642628
300.000000 0.466000 0.466000 0.466000 0.000000 0.000000 0.000000 -36884.252250 4.257428
300.000000 0.468000 0.468000 0.468000 0.000000 0.000000 0.000000 -36850.810216 1.070288
300.000000 0.470000 0.470000 0.470000 0.000000 0.000000 0.000000 -36901.910291 2.847333
300.000000 0.472000 0.472000 0.472000 0.000000 0.000000 0.000000 -36952.135302 -0.877722
300.000000 0.474000 0.474000 0.474000 0.000000 0.000000 0.000000 -37076.796855 8.077202
300.000000 0.476000 0.476000 0.476000 0.000000 0.000000 0.000000 -36924.725162 6.083683
300.000000 0.478000 0.478000 0.478000 0.000000 0.000000 0.000000 -36881.874451 4.917083
300.000000 0.480000 0.480000 0.480000 0.000000 0.000000 0.000000 -36964.812988 8.886820
300.000000 0.482000 0.482000 0.482000 0.000000 0.000000 0.000000 -36893.207179 -0.600622
300.000000 0.484000 0.484000 0.484000 0.000000 0.000000 0.000000 -37022.914226 4.389700
300.000000 0.486000 0.486000 0.486000 0.000000 0.000000 0.000000 -36876.152586 -3.701450
300.000000 0.488000 0.488000 0.488000 0.000000 0.000000 0.000000 -36977.303541 -8.202404
300.000000 0.490000 0.490000 0.490000 0.000000 0.000000 0.000000 -36945.415751 3.442993
300.000000 0.492000 0.492000 0.492000 0.000000 0.000000 0.000000 -37072.624537 -4.401189
300.000000 0.494000 0.494000 0.494000 0.000000 0.000000 0.000000 -36873.478195 4.364926
300.000000 0.496000 0.496000 0.496000 0.000000 0.000000 0.000000 -36885.567450 2.506519
300.000000 0.498000 0.498000 0.498000 0.000000 0.000000 0.000000 -36823.402613 1.654683
