300.000000 0.500000 0.500000 0.500000 0.000000 0.000000 0.000000 -30371.267243 8.514579
300.000000 0.500000 0.500000 0.500000 0.000000 0.000000 0.000000 -30282.415475 0.776769
300.000000 0.500000 0.500000 0.500000 0.000000 0.000000 0.000000 -30169.815546 16.984345
300.000000 0.500000 0.500000 0.500000 0.000000 0.000000 0.000000 -30215.968438 -5.736138
300.000000 0.500000 0.500000 0.500000 0.000000 0.000000 0.000000 -30286.773639 -5.930330
300.000000 0.500000 0.500000 0.500000 0.000000 0.000000 0.000000 -30299.300011 -6.662285
300.000000 0.500000 0.500000 0.500000 0.000000 0.000000 0.000000 -30380.862352 2.479685
300.000000 0.500000 0.500000 0.500000 0.000000 0.000000 0.000000 -30187.368901 -6.453155
300.000000 0.500000 0.500000 0.500000 0.000000 0.000000 0.000000 -30286.648578 -6.333652
300.000000 0.500000 0.500000 0.500000 0.000000 0.000000 0.000000 -30319.700370 -1.583413
300.000000 0.500000 0.500000 0.500000 0.000000 0.000000 0.000000 -30281.977857 -15.490559
300.000000 0.500000 0.500000 0.500000 0.000000 0.000000 0.000000 -30274.742128 -5.975143
300.000000 0.500000 0.500000 0.500000 0.000000 0.000000 0.000000 -30335.124657 25.722992
300.000000 0.500000 0.500000 0.500000 0.000000 0.000000 0.000000 -30237.872531 -5.332815
300.000000 0.500000 0.500000 0.500000 0.000000 0.000000 0.000000 -30233.355142 -7.722873
300.000000 0.500000 0.500000 0.500000 0.000000 0.000000 0.000000 -30271.827524 -4.406668
300.000000 0.500000 0.500000 0.500000 0.000000 0.000000 0.000000 -30303.995487 -8.932839
300.000000 0.500000 0.500000 0.500000 0.000000 0.000000 0.000000 -30197.092936 10.441563
300.000000 0.500000 0.500000 0.500000 0.000000 0.000000 0.000000 -30282.091175 1.284656
300.000000 0.500000 0.500000 0.500000 0.000000 0.000000 0.000000 -30336.244019 15.326243
300.000000 0.500000 0.500000 0.500000 0.000000 0.000000 0.000000 -30336.035516 21.032505
300.000000 0.500000 0.500000 0.500000 0.000000 0.000000 0.000000 -30334.491198 -10.038241
300.000000 0.500000 0.500000 0.500000 0.000000 0.000000 0.000000 -30205.685502 -4.899618
300.000000 0.500000 0.500000 0.500000 0.000000 0.000000 0.000000 -30270.809634 9.858987
300.000000 0.500000 0.500000 0.500000 0.000000 0.000000 0.000000 -30252.908347 -9.455664
300.000000 0.500000 0.500000 0.500000 0.000000 0.000000 0.000000 -30199.689498 -15.445746
300.000000 0.500000 0.500000 0.500000 0.000000 0.000000 0.000000 -30377.637759 -9.440727
300.000000 0.500000 0.500000 0.500000 0.000000 0.000000 0.000000 -30328.945810 -0.642328
300.000000 0.500000 0.500000 0.500000 0.000000 0.000000 0.000000 -30378.245441 11.009202
300.000000 0.500000 0.500000 0.500000 0.000000 0.000000 0.000000 -30342.194772 7.050669
