50.000000 0.500000 0.500000 0.500000 0.000000 0.000000 0.000000 -35574.003245 3.487990
58.333333 0.500000 0.500000 0.500000 0.000000 0.000000 0.000000 -35480.042613 1.322000
66.666667 0.500000 0.500000 0.500000 0.000000 0.000000 0.000000 -35472.557958 14.415033
75.000000 0.500000 0.500000 0.500000 0.000000 0.000000 0.000000 -35464.526766 -1.747729
83.333333 0.500000 0.500000 0.500000 0.000000 0.000000 0.000000 -35364.436746 9.545292
91.666667 0.500000 0.500000 0.500000 0.000000 0.000000 0.000000 -35301.651942 8.402545
100.000000 0.500000 0.500000 0.500000 0.000000 0.000000 0.000000 -35184.417477 -3.913719
108.333333 0.500000 0.500000 0.500000 0.000000 0.000000 0.000000 -35089.322005 3.107075
116.666667 0.500000 0.500000 0.500000 0.000000 0.000000 0.000000 -34989.727604 -3.159357
125.000000 0.500000 0.500000 0.500000 0.000000 0.000000 0.000000 -34847.539118 11.293021
133.333333 0.500000 0.500000 0.500000 0.000000 0.000000 0.000000 -34683.220362 6.348590
141.666667 0.500000 0.500000 0.500000 0.000000 0.000000 0.000000 -34572.643981 17.036628
150.000000 0.500000 0.500000 0.500000 0.000000 0.000000 0.000000 -34405.444771 -5.026589
158.333333 0.500000 0.500000 0.500000 0.000000 0.000000 0.000000 -34267.485880 7.909596
166.666667 0.500000 0.500000 0.500000 0.000000 0.000000 0.000000 -34079.800674 0.351040
175.000000 0.500000 0.500000 0.500000 0.000000 0.000000 0.000000 -33901.544465 6.034895
183.333333 0.500000 0.500000 0.500000 0.000000 0.000000 0.000000 -33700.735213 -4.406668
191.666667 0.500000 0.500000 0.500000 0.000000 0.000000 0.000000 -33534.263808 -17.029159
200.000000 0.500000 0.500000 0.500000 0.000000 0.000000 0.000000 -33166.968607 -16.685588
208.333333 0.500000 0.500000 0.500000 0.000000 0.000000 0.000000 -32984.383483 -2.644001
216.666667 0.500000 0.500000 0.500000 0.000000 0.000000 0.000000 -32641.241647 2.629063
225.000000 0.500000 0.500000 0.500000 0.000000 0.000000 0.000000 -32438.628545 4.018284
233.333333 0.500000 0.500000 0.500000 0.000000 0.000000 0.000000 -32066.492121 9.007529
241.666667 0.500000 0.500000 0.500000 0.000000 0.000000 0.000000 -31720.710631 8.813337
250.000000 0.500000 0.500000 0.500000 0.000000 0.000000 0.000000 -31411.624865 -4.451482
258.333333 0.500000 0.500000 0.500000 0.000000 0.000000 0.000000 -31105.558253 24.214269
266.666667 0.500000 0.500000 0.500000 0.000000 0.000000 0.000000 -30690.002755 -1.404159
275.000000 0.500000 0.500000 0.500000 0.000000 0.000000 0.000000 -30215.304833 14.310468
283.333333 0.500000 0.500000 0.500000 0.000000 0.000000 0.000000 -29974.579930 1.882170
291.666667 0.500000 0.500000 0.500000 0.000000 0.000000 0.000000 -29635.548937 -7.991754
300.000000 0.500000 0.500000 0.500000 0.000000 0.000000 0.000000 -29843.060684 -5.527008
300.000000 0.500000 0.500000 0.500000 0.000000 0.000000 0.000000 -29996.739119 -12.562739
300.000000 0.500000 0.500000 0.500000 0.000000 0.000000 0.000000 -30133.187737 0.970961
300.000000 0.500000 0.500000 0.500000 0.000000 0.000000 0.000000 -30258.658068 -16.760277
300.000000 0.500000 0.500000 0.500000 0.000000 0.000000 0.000000 -30372.547270 7.125359
300.000000 0.500000 0.500000 0.500000 0.000000 0.000000 0.000000 -30287.414636 -1.448972
300.000000 0.500000 0.500000 0.500000 0.000000 0.000000 0.000000 -30465.208881 -1.284656
300.000000 0.500000 0.500000 0.500000 0.000000 0.000000 0.000000 -30161.326972 19.374402
300.000000 0.500000 0.500000 0.500000 0.000000 0.000000 0.000000 -30202.413797 9.545292
300.000000 0.500000 0.500000 0.500000 0.000000 0.000000 0.000000 -30226.764357 -2.031549
300.000000 0.500000 0.500000 0.500000 0.000000 0.000000 0.000000 -30253.352349 9.470602
300.000000 0.500000 0.500000 0.500000 0.000000 0.000000 0.000000 -30254.504816 19.030832
300.000000 0.500000 0.500000 0.500000 0.000000 0.000000 0.000000 -30283.483406 3.390894
300.000000 0.500000 0.500000 0.500000 0.000000 0.000000 0.000000 -30258.281938 -10.008365
300.000000 0.500000 0.500000 0.500000 0.000000 0.000000 0.000000 -30163.387456 9.560229
300.000000 0.500000 0.500000 0.500000 0.000000 0.000000 0.000000 -30345.868136 11.860660
300.000000 0.500000 0.500000 0.500000 0.000000 0.000000 0.000000 -30287.516665 20.360301
300.000000 0.500000 0.500000 0.500000 0.000000 0.000000 0.000000 -30252.630126 -9.769359
300.000000 0.500000 0.500000 0.500000 0.000000 0.000000 0.000000 -30328.172318 -9.306286
300.000000 0.500000 0.500000 0.500000 0.000000 0.000000 0.000000 -30280.629037 -1.553537
300.000000 0.500000 0.500000 0.500000 0.000000 0.000000 0.000000 -30404.093605 6.049833
300.000000 0.500000 0.500000 0.500000 0.000000 0.000000 0.000000 -30330.604576 -10.277247
300.000000 0.500000 0.500000 0.500000 0.000000 0.000000 0.000000 -30235.346071 -10.351936
300.000000 0.500000 0.500000 0.500000 0.000000 0.000000 0.000000 -30252.182224 -6.811663
300.000000 0.500000 0.500000 0.500000 0.000000 0.000000 0.000000 -30215.808026 -5.407505
300.000000 0.500000 0.500000 0.500000 0.000000 0.000000 0.000000 -30388.479297 2.300430
300.000000 0.500000 0.500000 0.500000 0.000000 0.000000 0.000000 -30280.209990 20.987691
300.000000 0.500000 0.500000 0.500000 0.000000 0.000000 0.000000 -30280.143285 -0.672204
300.000000 0.500000 0.500000 0.500000 0.000000 0.000000 0.000000 -30237.547508 -4.824928
300.000000 0.500000 0.500000 0.500000 0.000000 0.000000 0.000000 -30249.239308 -27.829230
