50.000000 0.500000 0.500000 0.500000 0.000000 0.000000 0.000000 -36327.866990 0.657266
75.000000 0.500000 0.500000 0.500000 0.000000 0.000000 0.000000 -36101.777643 -3.480521
100.000000 0.500000 0.500000 0.500000 0.000000 0.000000 0.000000 -35728.929636 -2.001673
125.000000 0.500000 0.500000 0.500000 0.000000 0.000000 0.000000 -35373.005529 -3.151888
150.000000 0.500000 0.500000 0.500000 0.000000 0.000000 0.000000 -34868.290862 -8.081381
175.000000 0.500000 0.500000 0.500000 0.000000 0.000000 0.000000 -34347.016288 -9.485540
200.000000 0.500000 0.500000 0.500000 0.000000 0.000000 0.000000 -33645.708733 -2.599187
225.000000 0.500000 0.500000 0.500000 0.000000 0.000000 0.000000 -32858.001275 -4.197538
250.000000 0.500000 0.500000 0.500000 0.000000 0.000000 0.000000 -31759.982388 0.463074
275.000000 0.500000 0.500000 0.500000 0.000000 0.000000 0.000000 -30723.037256 -0.492949
300.000000 0.500000 0.500000 0.500000 0.000000 0.000000 0.000000 -30420.446025 9.560229
300.000000 0.500000 0.500000 0.500000 0.000000 0.000000 0.000000 -30698.584243 -2.853131
300.000000 0.500000 0.500000 0.500000 0.000000 0.000000 0.000000 -30725.435123 -2.390057
300.000000 0.500000 0.500000 0.500000 0.000000 0.000000 0.000000 -30828.883850 -4.436544
300.000000 0.500000 0.500000 0.500000 0.000000 0.000000 0.000000 -30651.263302 0.433198
300.000000 0.500000 0.500000 0.500000 0.000000 0.000000 0.000000 -30487.517833 -2.778442
300.000000 0.500000 0.500000 0.500000 0.000000 0.000000 0.000000 -30587.454734 -4.556047
300.000000 0.500000 0.500000 0.500000 0.000000 0.000000 0.000000 -30656.086291 -2.001673
300.000000 0.500000 0.500000 0.500000 0.000000 0.000000 0.000000 -30573.750827 0.911209
300.000000 0.500000 0.500000 0.500000 0.000000 0.000000 0.000000 -30792.535265 -20.315488
