300.000000 0.000000 0.000000 0.000000 0.000000 0.000000 0.000000 -35245.904107 638.460441
300.000000 0.002000 0.002000 0.002000 0.000000 0.000000 0.000000 -35307.749914 783.869760
300.000000 0.004000 0.004000 0.004000 0.000000 0.000000 0.000000 -35250.887373 672.350592
300.000000 0.006000 0.006000 0.006000 0.000000 0.000000 0.000000 -35142.441071 760.121000
300.000000 0.008000 0.008000 0.008000 0.000000 0.000000 0.000000 -35291.144273 739.328071
300.000000 0.010000 0.010000 0.010000 0.000000 0.000000 0.000000 -35120.325344 724.788248
300.000000 0.012000 0.012000 0.012000 0.000000 0.000000 0.000000 -35168.842534 662.236270
300.000000 0.014000 0.014000 0.014000 0.000000 0.000000 0.000000 -35197.488781 62.096436
300.000000 0.016000 0.016000 0.016000 0.000000 0.000000 0.000000 -35239.616371 104.979853
300.000000 0.018000 0.018000 0.018000 0.000000 0.000000 0.000000 -35264.722982 38.035294
300.000000 0.020000 0.020000 0.020000 0.000000 0.000000 0.000000 -35328.931089 71.485553
300.000000 0.022000 0.022000 0.022000 0.000000 0.000000 0.000000 -35287.045966 127.433495
300.000000 0.024000 0.024000 0.024000 0.000000 0.000000 0.000000 -35218.134134 69.505770
300.000000 0.026000 0.026000 0.026000 0.000000 0.000000 0.000000 -35289.150491 180.633903
300.000000 0.028000 0.028000 0.028000 0.000000 0.000000 0.000000 -35252.769242 180.006898
300.000000 0.030000 0.030000 0.030000 0.000000 0.000000 0.000000 -35267.096498 35.273626
300.000000 0.032000 0.032000 0.032000 0.000000 0.000000 0.000000 -35243.237178 31.728649
300.000000 0.034000 0.034000 0.034000 0.000000 0.000000 0.000000 -35351.508763 52.932366
300.000000 0.036000 0.036000 0.036000 0.000000 0.000000 0.000000 -35271.477265 43.279804
300.000000 0.038000 0.038000 0.038000 0.000000 0.000000 0.000000 -35306.614992 68.401359
300.000000 0.040000 0.040000 0.040000 0.000000 0.000000 0.000000 -35020.915560 86.728220
300.000000 0.042000 0.042000 0.042000 0.000000 0.000000 0.000000 -35307.959127 26.303919
300.000000 0.044000 0.044000 0.044000 0.000000 0.000000 0.000000 -35136.263600 49.838563
300.000000 0.046000 0.046000 0.046000 0.000000 0.000000 0.000000 -35203.268984 35.999863
300.000000 0.048000 0.048000 0.048000 0.000000 0.000000 0.000000 -35275.399623 37.194328
300.000000 0.050000 0.050000 0.050000 0.000000 0.000000 0.000000 -35362.977263 62.063848
300.000000 0.052000 0.052000 0.052000 0.000000 0.000000 0.000000 -35372.033798 56.550255
300.000000 0.054000 0.054000 0.054000 0.000000 0.000000 0.000000 -35258.756291 49.320394
300.000000 0.056000 0.056000 0.056000 0.000000 0.000000 0.000000 -35288.336267 50.596655
300.000000 0.058000 0.058000 0.058000 0.000000 0.000000 0.000000 -35248.737964 39.740705
300.000000 0.060000 0.060000 0.060000 0.000000 0.000000 0.000000 -35296.840562 27.860908
300.000000 0.062000 0.062000 0.062000 0.000000 0.000000 0.000000 -35352.535419 21.090889
300.000000 0.064000 0.064000 0.064000 0.000000 0.000000 0.000000 -35360.251342 26.841254
300.000000 0.066000 0.066000 0.066000 0.000000 0.000000 0.000000 -35315.922435 32.193936
300.000000 0.068000 0.068000 0.068000 0.000000 0.000000 0.000000 -35280.277327 37.839027
300.000000 0.070000 0.070000 0.070000 0.000000 0.000000 0.000000 -35332.115984 41.524484
300.000000 0.072000 0.072000 0.072000 0.000000 0.000000 0.000000 -35234.678515 44.083316
300.000000 0.074000 0.074000 0.074000 0.000000 0.000000 0.000000 -35287.934215 23.587446
300.000000 0.076000 0.076000 0.076000 0.000000 0.000000 0.000000 -35391.636907 49.683458
300.000000 0.078000 0.078000 0.078000 0.000000 0.000000 0.000000 -35228.355161 52.803868
300.000000 0.080000 0.080000 0.080000 0.000000 0.000000 0.000000 -35145.997226 22.102646
300.000000 0.082000 0.082000 0.082000 0.000000 0.000000 0.000000 -35175.475760 24.114454
300.000000 0.084000 0.084000 0.084000 0.000000 0.000000 0.000000 -35216.990312 26.466958
300.000000 0.086000 0.086000 0.086000 0.000000 0.000000 0.000000 -35252.924319 52.438062
300.000000 0.088000 0.088000 0.088000 0.000000 0.000000 0.000000 -35228.206774 18.420267
300.000000 0.090000 0.090000 0.090000 0.000000 0.000000 0.000000 -35379.817234 33.091703
300.000000 0.092000 0.092000 0.092000 0.000000 0.000000 0.000000 -35358.119633 35.413424
300.000000 0.094000 0.094000 0.094000 0.000000 0.000000 0.000000 -35318.297556 31.844857
300.000000 0.096000 0.096000 0.096000 0.000000 0.000000 0.000000 -35414.203333 29.297594
300.000000 0.098000 0.098000 0.098000 0.000000 0.000000 0.000000 -35284.530291 36.617604
300.000000 0.100000 0.100000 0.100000 0.000000 0.000000 0.000000 -35283.331672 34.140057
300.000000 0.102000 0.102000 0.102000 0.000000 0.000000 0.000000 -35418.842127 41.573518
300.000000 0.104000 0.104000 0.104000 0.000000 0.000000 0.000000 -35380.208888 44.268656
300.000000 0.106000 0.106000 0.106000 0.000000 0.000000 0.000000 -35420.139013 14.096592
300.000000 0.108000 0.108000 0.108000 0.000000 0.000000 0.000000 -35423.240934 24.284215
300.000000 0.110000 0.110000 0.110000 0.000000 0.000000 0.000000 -35269.337144 16.347802
300.000000 0.112000 0.112000 0.112000 0.000000 0.000000 0.000000 -35271.151137 29.640796
300.000000 0.114000 0.114000 0.114000 0.000000 0.000000 0.000000 -35275.394479 34.475094
300.000000 0.116000 0.116000 0.116000 0.000000 0.000000 0.000000 -35208.810328 24.741772
300.000000 0.118000 0.118000 0.118000 0.000000 0.000000 0.000000 -35284.450169 11.991968
300.000000 0.120000 0.120000 0.120000 0.000000 0.000000 0.000000 -35308.980668 15.593325
300.000000 0.122000 0.122000 0.122000 0.000000 0.000000 0.000000 -35238.973525 1.764675
300.000000 0.124000 0.124000 0.124000 0.000000 0.000000 0.000000 -35279.265947 11.213365
300.000000 0.126000 0.126000 0.126000 0.000000 0.000000 0.000000 -35248.084619 21.268024
300.000000 0.128000 0.128000 0.128000 0.000000 0.000000 0.000000 -35200.464714 16.524306
300.000000 0.130000 0.130000 0.130000 0.000000 0.000000 0.000000 -35391.406247 14.355674
300.000000 0.132000 0.132000 0.132000 0.000000 0.000000 0.000000 -35378.440095 18.560201
300.000000 0.134000 0.134000 0.134000 0.000000 0.000000 0.000000 -35409.967873 43.270019
300.000000 0.136000 0.136000 0.136000 0.000000 0.000000 0.000000 -35393.075254 7.208122
300.000000 0.138000 0.138000 0.138000 0.000000 0.000000 0.000000 -35272.018331 18.644295
300.000000 0.140000 0.140000 0.140000 0.000000 0.000000 0.000000 -35260.283295 16.440663
300.000000 0.142000 0.142000 0.142000 0.000000 0.000000 0.000000 -35309.821678 27.759227
300.000000 0.144000 0.144000 0.144000 0.000000 0.000000 0.000000 -35317.470357 16.411402
300.000000 0.146000 0.146000 0.146000 0.000000 0.000000 0.000000 -35286.329526 21.375202
300.000000 0.148000 0.148000 0.148000 0.000000 0.000000 0.000000 -35424.950971 25.038509
300.000000 0.150000 0.150000 0.150000 0.000000 0.000000 0.000000 -35412.642940 12.246749
300.000000 0.152000 0.152000 0.152000 0.000000 0.000000 0.000000 -35518.728282 13.263917
300.000000 0.154000 0.154000 0.154000 0.000000 0.000000 0.000000 -35385.256687 16.766250
300.000000 0.156000 0.156000 0.156000 0.000000 0.000000 0.000000 -35434.499632 10.871060
300.000000 0.158000 0.158000 0.158000 0.000000 0.000000 0.000000 -35277.367659 12.975502
300.000000 0.160000 0.160000 0.160000 0.000000 0.000000 0.000000 -35265.553988 4.811447
300.000000 0.162000 0.162000 0.162000 0.000000 0.000000 0.000000 -35208.417928 14.194519
300.000000 0.164000 0.164000 0.164000 0.000000 0.000000 0.000000 -35257.097394 17.954734
300.000000 0.166000 0.166000 0.166000 0.000000 0.000000 0.000000 -35220.963563 32.954498
300.000000 0.168000 0.168000 0.168000 0.000000 0.000000 0.000000 -35284.506661 9.902861
300.000000 0.170000 0.170000 0.170000 0.000000 0.000000 0.000000 -35409.694969 9.649824
300.000000 0.172000 0.172000 0.172000 0.000000 0.000000 0.000000 -35348.173749 17.891062
300.000000 0.174000 0.174000 0.174000 0.000000 0.000000 0.000000 -35502.938120 16.400130
300.000000 0.176000 0.176000 0.176000 0.000000 0.000000 0.000000 -35557.410806 31.024660
300.000000 0.178000 0.178000 0.178000 0.000000 0.000000 0.000000 -35523.679995 23.950786
300.000000 0.180000 0.180000 0.180000 0.000000 0.000000 0.000000 -35457.169589 30.808964
300.000000 0.182000 0.182000 0.182000 0.000000 0.000000 0.000000 -35450.440578 22.322993
300.000000 0.184000 0.184000 0.184000 0.000000 0.000000 0.000000 -35423.871649 15.956529
300.000000 0.186000 0.186000 0.186000 0.000000 0.000000 0.000000 -35472.342517 30.152062
300.000000 0.188000 0.188000 0.188000 0.000000 0.000000 0.000000 -35310.907808 27.535528
300.000000 0.190000 0.190000 0.190000 0.000000 0.000000 0.000000 -35327.849660 21.023599
300.000000 0.192000 0.192000 0.192000 0.000000 0.000000 0.000000 -35298.918726 18.020637
300.000000 0.194000 0.194000 0.194000 0.000000 0.000000 0.000000 -35179.374756 23.189784
300.000000 0.196000 0.196000 0.196000 0.000000 0.000000 0.000000 -35283.601092 22.880267
300.000000 0.198000 0.198000 0.198000 0.000000 0.000000 0.000000 -35316.265509 25.079135
300.000000 0.200000 0.200000 0.200000 0.000000 0.000000 0.000000 -35240.549054 12.809805
300.000000 0.202000 0.202000 0.202000 0.000000 0.000000 0.000000 -35309.863280 3.362326
300.000000 0.204000 0.204000 0.204000 0.000000 0.000000 0.000000 -35280.556997 14.347848
300.000000 0.206000 0.206000 0.206000 0.000000 0.000000 0.000000 -35298.825960 24.707903
300.000000 0.208000 0.208000 0.208000 0.000000 0.000000 0.000000 -35317.451615 11.414463
300.000000 0.210000 0.210000 0.210000 0.000000 0.000000 0.000000 -35267.621141 6.068374
300.000000 0.212000 0.212000 0.212000 0.000000 0.000000 0.000000 -35402.106444 11.083380
300.000000 0.214000 0.214000 0.214000 0.000000 0.000000 0.000000 -35392.150462 24.834019
300.000000 0.216000 0.216000 0.216000 0.000000 0.000000 0.000000 -35357.849820 16.492638
300.000000 0.218000 0.218000 0.218000 0.000000 0.000000 0.000000 -35408.338172 3.644463
300.000000 0.220000 0.220000 0.220000 0.000000 0.000000 0.000000 -35325.854047 12.155743
300.000000 0.222000 0.222000 0.222000 0.000000 0.000000 0.000000 -35303.093879 15.673761
300.000000 0.224000 0.224000 0.224000 0.000000 0.000000 0.000000 -35179.296338 16.802944
300.000000 0.226000 0.226000 0.226000 0.000000 0.000000 0.000000 -35242.670473 21.730685
300.000000 0.228000 0.228000 0.228000 0.000000 0.000000 0.000000 -35278.159577 19.961204
300.000000 0.230000 0.230000 0.230000 0.000000 0.000000 0.000000 -35221.559156 10.473065
300.000000 0.232000 0.232000 0.232000 0.000000 0.000000 0.000000 -35217.716489 1.612874
300.000000 0.234000 0.234000 0.234000 0.000000 0.000000 0.000000 -35229.562427 11.480426
300.000000 0.236000 0.236000 0.236000 0.000000 0.000000 0.000000 -35297.077102 12.117904
300.000000 0.238000 0.238000 0.238000 0.000000 0.000000 0.000000 -35378.356090 8.720350
300.000000 0.240000 0.240000 0.240000 0.000000 0.000000 0.000000 -35335.981348 16.308575
300.000000 0.242000 0.242000 0.242000 0.000000 0.000000 0.000000 -35387.599787 19.341576
300.000000 0.244000 0.244000 0.244000 0.000000 0.000000 0.000000 -35357.150511 18.092707
300.000000 0.246000 0.246000 0.246000 0.000000 0.000000 0.000000 -35353.409373 2.906605
300.000000 0.248000 0.248000 0.248000 0.000000 0.000000 0.000000 -35344.831091 19.044602
300.000000 0.250000 0.250000 0.250000 0.000000 0.000000 0.000000 -35437.708711 13.218457
300.000000 0.252000 0.252000 0.252000 0.000000 0.000000 0.000000 -35241.293807 9.127399
300.000000 0.254000 0.254000 0.254000 0.000000 0.000000 0.000000 -35203.876134 10.531797
300.000000 0.256000 0.256000 0.256000 0.000000 0.000000 0.000000 -35208.703117 11.281814
300.000000 0.258000 0.258000 0.258000 0.000000 0.000000 0.000000 -35078.814723 8.261334
300.000000 0.260000 0.260000 0.260000 0.000000 0.000000 0.000000 -35144.856390 14.387909
300.000000 0.262000 0.262000 0.262000 0.000000 0.000000 0.000000 -35153.833868 4.732810
300.000000 0.264000 0.264000 0.264000 0.000000 0.000000 0.000000 -35127.758674 0.110248
300.000000 0.266000 0.266000 0.266000 0.000000 0.000000 0.000000 -35123.695205 21.883314
300.000000 0.268000 0.268000 0.268000 0.000000 0.000000 0.000000 -35122.735547 10.399238
300.000000 0.270000 0.270000 0.270000 0.000000 0.000000 0.000000 -35021.569432 8.181493
300.000000 0.272000 0.272000 0.272000 0.000000 0.000000 0.000000 -35195.679617 4.595157
300.000000 0.274000 0.274000 0.274000 0.000000 0.000000 0.000000 -35192.731516 4.145686
300.000000 0.276000 0.276000 0.276000 0.000000 0.000000 0.000000 -35136.765363 14.509905
300.000000 0.278000 0.278000 0.278000 0.000000 0.000000 0.000000 -35115.055191 20.515100
300.000000 0.280000 0.280000 0.280000 0.000000 0.000000 0.000000 -35289.643868 11.136070
300.000000 0.282000 0.282000 0.282000 0.000000 0.000000 0.000000 -35233.480127 12.630081
300.000000 0.284000 0.284000 0.284000 0.000000 0.000000 0.000000 -35206.357067 9.099685
300.000000 0.286000 0.286000 0.286000 0.000000 0.000000 0.000000 -35195.807192 9.919718
300.000000 0.288000 0.288000 0.288000 0.000000 0.000000 0.000000 -35137.517334 11.655826
300.000000 0.290000 0.290000 0.290000 0.000000 0.000000 0.000000 -35149.912994 5.057913
300.000000 0.292000 0.292000 0.292000 0.000000 0.000000 0.000000 -35176.209383 10.771866
300.000000 0.294000 0.294000 0.294000 0.000000 0.000000 0.000000 -35095.061236 12.526823
300.000000 0.296000 0.296000 0.296000 0.000000 0.000000 0.000000 -35194.874055 0.997402
300.000000 0.298000 0.298000 0.298000 0.000000 0.000000 0.000000 -35286.280585 6.888167
300.000000 0.300000 0.300000 0.300000 0.000000 0.000000 0.000000 -35306.832562 2.071342
300.000000 0.302000 0.302000 0.302000 0.000000 0.000000 0.000000 -35375.207689 17.824632
300.000000 0.304000 0.304000 0.304000 0.000000 0.000000 0.000000 -35433.096844 8.109613
300.000000 0.306000 0.306000 0.306000 0.000000 0.000000 0.000000 -35336.050175 1.994031
300.000000 0.308000 0.308000 0.308000 0.000000 0.000000 0.000000 -35289.169238 1.624820
300.000000 0.310000 0.310000 0.310000 0.000000 0.000000 0.000000 -35225.214658 -1.063395
300.000000 0.312000 0.312000 0.312000 0.000000 0.000000 0.000000 -35219.076822 2.130350
300.000000 0.314000 0.314000 0.314000 0.000000 0.000000 0.000000 -35281.866941 11.435720
300.000000 0.316000 0.316000 0.316000 0.000000 0.000000 0.000000 -35373.208341 4.552743
300.000000 0.318000 0.318000 0.318000 0.000000 0.000000 0.000000 -35352.716617 11.180741
300.000000 0.320000 0.320000 0.320000 0.000000 0.000000 0.000000 -35196.638994 12.479822
300.000000 0.322000 0.322000 0.322000 0.000000 0.000000 0.000000 -35409.260775 -1.472403
300.000000 0.324000 0.324000 0.324000 0.000000 0.000000 0.000000 -35315.188669 11.913190
300.000000 0.326000 0.326000 0.326000 0.000000 0.000000 0.000000 -35330.330611 15.011082
300.000000 0.328000 0.328000 0.328000 0.000000 0.000000 0.000000 -35420.761068 18.182615
300.000000 0.330000 0.330000 0.330000 0.000000 0.000000 0.000000 -35364.881606 6.791396
300.000000 0.332000 0.332000 0.332000 0.000000 0.000000 0.000000 -35193.818792 12.897726
300.000000 0.334000 0.334000 0.334000 0.000000 0.000000 0.000000 -35294.291981 8.797902
300.000000 0.336000 0.336000 0.336000 0.000000 0.000000 0.000000 -35317.974672 3.481355
300.000000 0.338000 0.338000 0.338000 0.000000 0.000000 0.000000 -35261.859123 8.417069
300.000000 0.340000 0.340000 0.340000 0.000000 0.000000 0.000000 -35206.884222 14.570178
300.000000 0.342000 0.342000 0.342000 0.000000 0.000000 0.000000 -35367.219349 14.082637
300.000000 0.344000 0.344000 0.344000 0.000000 0.000000 0.000000 -35334.426985 6.890220
300.000000 0.346000 0.346000 0.346000 0.000000 0.000000 0.000000 -35335.951199 -3.431436
300.000000 0.348000 0.348000 0.348000 0.000000 0.000000 0.000000 -35390.598422 3.769579
300.000000 0.350000 0.350000 0.350000 0.000000 0.000000 0.000000 -35225.566302 2.914463
300.000000 0.352000 0.352000 0.352000 0.000000 0.000000 0.000000 -35326.213823 5.486350
300.000000 0.354000 0.354000 0.354000 0.000000 0.000000 0.000000 -35143.722993 18.905727
300.000000 0.356000 0.356000 0.356000 0.000000 0.000000 0.000000 -35335.159890 11.693909
300.000000 0.358000 0.358000 0.358000 0.000000 0.000000 0.000000 -35242.669479 0.355773
300.000000 0.360000 0.360000 0.360000 0.000000 0.000000 0.000000 -35401.845237 1.713034
300.000000 0.362000 0.362000 0.362000 0.000000 0.000000 0.000000 -35313.364186 4.750687
300.000000 0.364000 0.364000 0.364000 0.000000 0.000000 0.000000 -35314.465660 1.784665
300.000000 0.366000 0.366000 0.366000 0.000000 0.000000 0.000000 -35295.808710 5.803460
300.000000 0.368000 0.368000 0.368000 0.000000 0.000000 0.000000 -35323.013836 5.196414
300.000000 0.370000 0.370000 0.370000 0.000000 0.000000 0.000000 -35313.611561 -0.944484
300.000000 0.372000 0.372000 0.372000 0.000000 0.000000 0.000000 -35320.718117 -0.728938
300.000000 0.374000 0.374000 0.374000 0.000000 0.000000 0.000000 -35272.431239 2.074623
300.000000 0.376000 0.376000 0.376000 0.000000 0.000000 0.000000 -35346.419804 0.918029
300.000000 0.378000 0.378000 0.378000 0.000000 0.000000 0.000000 -35344.284958 4.423421
300.000000 0.380000 0.380000 0.380000 0.000000 0.000000 0.000000 -35433.375547 -1.378133
300.000000 0.382000 0.382000 0.382000 0.000000 0.000000 0.000000 -35297.215290 0.353280
300.000000 0.384000 0.384000 0.384000 0.000000 0.000000 0.000000 -35287.644192 5.235590
300.000000 0.386000 0.386000 0.386000 0.000000 0.000000 0.000000 -35418.641650 2.530972
300.000000 0.388000 0.388000 0.388000 0.000000 0.000000 0.000000 -35321.762843 2.036795
300.000000 0.390000 0.390000 0.390000 0.000000 0.000000 0.000000 -35359.511755 7.800381
300.000000 0.392000 0.392000 0.392000 0.000000 0.000000 0.000000 -35245.425712 7.985161
300.000000 0.394000 0.394000 0.394000 0.000000 0.000000 0.000000 -35227.016371 3.009142
300.000000 0.396000 0.396000 0.396000 0.000000 0.000000 0.000000 -35410.261253 4.739475
300.000000 0.398000 0.398000 0.398000 0.000000 0.000000 0.000000 -35206.883527 -0.408104
300.000000 0.400000 0.400000 0.400000 0.000000 0.000000 0.000000 -35244.271437 2.658885
300.000000 0.402000 0.402000 0.402000 0.000000 0.000000 0.000000 -35267.691775 -4.630885
300.000000 0.404000 0.404000 0.404000 0.000000 0.000000 0.000000 -35279.640851 9.954687
300.000000 0.406000 0.406000 0.406000 0.000000 0.000000 0.000000 -35330.085685 3.006117
300.000000 0.408000 0.408000 0.408000 0.000000 0.000000 0.000000 -35297.348913 5.952361
300.000000 0.410000 0.410000 0.410000 0.000000 0.000000 0.000000 -35313.243416 5.472067
300.000000 0.412000 0.412000 0.412000 0.000000 0.000000 0.000000 -35283.818059 11.305934
300.000000 0.414000 0.414000 0.414000 0.000000 0.000000 0.000000 -35243.821425 3.882584
300.000000 0.416000 0.416000 0.416000 0.000000 0.000000 0.000000 -35309.317377 3.766589
300.000000 0.418000 0.418000 0.418000 0.000000 0.000000 0.000000 -35479.675410 8.844832
300.000000 0.420000 0.420000 0.420000 0.000000 0.000000 0.000000 -35447.840123 6.851207
300.000000 0.422000 0.422000 0.422000 0.000000 0.000000 0.000000 -35342.302124 2.919398
300.000000 0.424000 0.424000 0.424000 0.000000 0.000000 0.000000 -35323.563415 12.976718
300.000000 0.426000 0.426000 0.426000 0.000000 0.000000 0.000000 -35388.402447 -3.240591
300.000000 0.428000 0.428000 0.428000 0.000000 0.000000 0.000000 -35396.541555 1.900420
300.000000 0.430000 0.430000 0.430000 0.000000 0.000000 0.000000 -35409.502380 0.551736
300.000000 0.432000 0.432000 0.432000 0.000000 0.000000 0.000000 -35372.682893 3.280681
300.000000 0.434000 0.434000 0.434000 0.000000 0.000000 0.000000 -35406.945818 -0.580123
300.000000 0.436000 0.436000 0.436000 0.000000 0.000000 0.000000 -35235.215714 -0.811998
300.000000 0.438000 0.438000 0.438000 0.000000 0.000000 0.000000 -35299.040227 6.444760
300.000000 0.440000 0.440000 0.440000 0.000000 0.000000 0.000000 -35422.475603 3.383737
300.000000 0.442000 0.442000 0.442000 0.000000 0.000000 0.000000 -35350.090152 21.411746
300.000000 0.444000 0.444000 0.444000 0.000000 0.000000 0.000000 -35367.752449 1.370023
300.000000 0.446000 0.446000 0.446000 0.000000 0.000000 0.000000 -35196.766205 -6.418140
300.000000 0.448000 0.448000 0.448000 0.000000 0.000000 0.000000 -35189.682617 0.649687
300.000000 0.450000 0.450000 0.450000 0.000000 0.000000 0.000000 -35288.840582 7.222814
300.000000 0.452000 0.452000 0.452000 0.000000 0.000000 0.000000 -35388.992487 3.105491
300.000000 0.454000 0.454000 0.454000 0.000000 0.000000 0.000000 -35248.520297 6.653936
300.000000 0.456000 0.456000 0.456000 0.000000 0.000000 0.000000 -35257.587263 -3.630419
300.000000 0.458000 0.458000 0.458000 0.000000 0.000000 0.000000 -35356.948261 0.981883
300.000000 0.460000 0.460000 0.460000 0.000000 0.000000 0.000000 -35186.104849 -1.894965
300.000000 0.462000 0.462000 0.462000 0.000000 0.000000 0.000000 -35132.842698 0.580419
300.000000 0.464000 0.464000 0.464000 0.000000 0.000000 0.000000 -35196.161683 3.056369
300.000000 0.466000 0.466000 0.466000 0.000000 0.000000 0.000000 -35183.432898 13.446873
300.000000 0.468000 0.468000 0.468000 0.000000 0.000000 0.000000 -35275.549811 -8.090909
300.000000 0.470000 0.470000 0.470000 0.000000 0.000000 0.000000 -35312.336406 -0.123505
300.000000 0.472000 0.472000 0.472000 0.000000 0.000000 0.000000 -35279.916247 1.505161
300.000000 0.474000 0.474000 0.474000 0.000000 0.000000 0.000000 -35123.692497 3.037191
300.000000 0.476000 0.476000 0.476000 0.000000 0.000000 0.000000 -35147.580149 2.354459
300.000000 0.478000 0.478000 0.478000 0.000000 0.000000 0.000000 -35219.035654 -0.973035
300.000000 0.480000 0.480000 0.480000 0.000000 0.000000 0.000000 -35198.108289 -1.637321
300.000000 0.482000 0.482000 0.482000 0.000000 0.000000 0.000000 -35285.364111 -4.798121
300.000000 0.484000 0.484000 0.484000 0.000000 0.000000 0.000000 -35343.416255 -0.460436
300.000000 0.486000 0.486000 0.486000 0.000000 0.000000 0.000000 -35176.591776 5.871572
300.000000 0.488000 0.488000 0.488000 0.000000 0.000000 0.000000 -35354.120547 9.063511
300.000000 0.490000 0.490000 0.490000 0.000000 0.000000 0.000000 -35326.240185 1.862653
300.000000 0.492000 0.492000 0.492000 0.000000 0.000000 0.000000 -35414.612655 0.474333
300.000000 0.494000 0.494000 0.494000 0.000000 0.000000 0.000000 -35407.466612 0.135598
300.000000 0.496000 0.496000 0.496000 0.000000 0.000000 0.000000 -35382.258371 -1.172105
300.000000 0.498000 0.498000 0.498000 0.000000 0.000000 0.000000 -35361.727808 -1.311755
