300.000000 0.000000 0.000000 0.000000 0.000000 0.000000 0.000000 -37639.991628 875.659775
300.000000 0.002000 0.002000 0.002000 0.000000 0.000000 0.000000 -37644.639729 750.994046
300.000000 0.004000 0.004000 0.004000 0.000000 0.000000 0.000000 -37563.825455 715.333129
300.000000 0.006000 0.006000 0.006000 0.000000 0.000000 0.000000 -37639.470615 857.615980
300.000000 0.008000 0.008000 0.008000 0.000000 0.000000 0.000000 -37553.771937 758.118852
300.000000 0.010000 0.010000 0.010000 0.000000 0.000000 0.000000 -37660.770153 723.742403
300.000000 0.012000 0.012000 0.012000 0.000000 0.000000 0.000000 -37516.060898 912.506485
300.000000 0.014000 0.014000 0.014000 0.000000 0.000000 0.000000 -37485.867979 749.375173
300.000000 0.016000 0.016000 0.016000 0.000000 0.000000 0.000000 -37544.257285 681.943924
300.000000 0.018000 0.018000 0.018000 0.000000 0.000000 0.000000 -37451.964970 837.603954
300.000000 0.020000 0.020000 0.020000 0.000000 0.000000 0.000000 -37400.767879 677.726248
300.000000 0.022000 0.022000 0.022000 0.000000 0.000000 0.000000 -37474.710715 724.721668
300.000000 0.024000 0.024000 0.024000 0.000000 0.000000 0.000000 -37451.866991 662.240049
300.000000 0.026000 0.026000 0.026000 0.000000 0.000000 0.000000 -37475.776253 128.302934
300.000000 0.028000 0.028000 0.028000 0.000000 0.000000 0.000000 -37478.254083 163.324151
300.000000 0.030000 0.030000 0.030000 0.000000 0.000000 0.000000 -37513.513153 150.957899
300.000000 0.032000 0.032000 0.032000 0.000000 0.000000 0.000000 -37445.506261 148.012161
300.000000 0.034000 0.034000 0.034000 0.000000 0.000000 0.000000 -37454.381048 113.825653
300.000000 0.036000 0.036000 0.036000 0.000000 0.000000 0.000000 -37490.979206 185.691000
300.000000 0.038000 0.038000 0.038000 0.000000 0.000000 0.000000 -37474.674785 147.033549
300.000000 0.040000 0.040000 0.040000 0.000000 0.000000 0.000000 -37578.602803 147.549795
300.000000 0.042000 0.042000 0.042000 0.000000 0.000000 0.000000 -37667.963495 183.090889
300.000000 0.044000 0.044000 0.044000 0.000000 0.000000 0.000000 -37598.115936 146.078720
300.000000 0.046000 0.046000 0.046000 0.000000 0.000000 0.000000 -37587.376882 100.357094
300.000000 0.048000 0.048000 0.048000 0.000000 0.000000 0.000000 -37649.818657 207.252585
300.000000 0.050000 0.050000 0.050000 0.000000 0.000000 0.000000 -37648.645301 142.519066
300.000000 0.052000 0.052000 0.052000 0.000000 0.000000 0.000000 -37575.434754 106.786662
300.000000 0.054000 0.054000 0.054000 0.000000 0.000000 0.000000 -37636.072268 135.590186
300.000000 0.056000 0.056000 0.056000 0.000000 0.000000 0.000000 -37522.948218 113.315440
300.000000 0.058000 0.058000 0.058000 0.000000 0.000000 0.000000 -37557.060059 139.606078
300.000000 0.060000 0.060000 0.060000 0.000000 0.000000 0.000000 -37549.816257 100.810222
300.000000 0.062000 0.062000 0.062000 0.000000 0.000000 0.000000 -37602.255763 100.647264
300.000000 0.064000 0.064000 0.064000 0.000000 0.000000 0.000000 -37567.874929 95.758751
300.000000 0.066000 0.066000 0.066000 0.000000 0.000000 0.000000 -37558.513728 76.579571
300.000000 0.068000 0.068000 0.068000 0.000000 0.000000 0.000000 -37497.355446 110.645139
300.000000 0.070000 0.070000 0.070000 0.000000 0.000000 0.000000 -37489.491324 90.766949
300.000000 0.072000 0.072000 0.072000 0.000000 0.000000 0.000000 -37541.893756 117.041863
300.000000 0.074000 0.074000 0.074000 0.000000 0.000000 0.000000 -37520.939478 103.623927
300.000000 0.076000 0.076000 0.076000 0.000000 0.000000 0.000000 -37529.740891 82.849773
300.000000 0.078000 0.078000 0.078000 0.000000 0.000000 0.000000 -37569.191539 100.403939
300.000000 0.080000 0.080000 0.080000 0.000000 0.000000 0.000000 -37516.815636 86.710948
300.000000 0.082000 0.082000 0.082000 0.000000 0.000000 0.000000 -37394.198173 63.284734
300.000000 0.084000 0.084000 0.084000 0.000000 0.000000 0.000000 -37514.592985 70.917785
300.000000 0.086000 0.086000 0.086000 0.000000 0.000000 0.000000 -37581.982576 91.371319
300.000000 0.088000 0.088000 0.088000 0.000000 0.000000 0.000000 -37446.742836 69.353769
300.000000 0.090000 0.090000 0.090000 0.000000 0.000000 0.000000 -37518.616194 77.974117
300.000000 0.092000 0.092000 0.092000 0.000000 0.000000 0.000000 -37607.605792 81.847851
300.000000 0.094000 0.094000 0.094000 0.000000 0.000000 0.000000 -37803.578278 80.047074
300.000000 0.096000 0.096000 0.096000 0.000000 0.000000 0.000000 -37744.258321 127.713819
300.000000 0.098000 0.098000 0.098000 0.000000 0.000000 0.000000 -37716.855834 78.006165
300.000000 0.100000 0.100000 0.100000 0.000000 0.000000 0.000000 -37575.097434 76.737322
300.000000 0.102000 0.102000 0.102000 0.000000 0.000000 0.000000 -37556.782730 88.648814
300.000000 0.104000 0.104000 0.104000 0.000000 0.000000 0.000000 -37529.880965 45.590362
300.000000 0.106000 0.106000 0.106000 0.000000 0.000000 0.000000 -37569.832884 98.004739
300.000000 0.108000 0.108000 0.108000 0.000000 0.000000 0.000000 -37505.166199 91.559194
300.000000 0.110000 0.110000 0.110000 0.000000 0.000000 0.000000 -37567.328189 52.574799
300.000000 0.112000 0.112000 0.112000 0.000000 0.000000 0.000000 -37603.092758 54.179154
300.000000 0.114000 0.114000 0.114000 0.000000 0.000000 0.000000 -37705.771388 74.530458
300.000000 0.116000 0.116000 0.116000 0.000000 0.000000 0.000000 -37681.925213 57.275323
300.000000 0.118000 0.118000 0.118000 0.000000 0.000000 0.000000 -37636.770366 45.671935
300.000000 0.120000 0.120000 0.120000 0.000000 0.000000 0.000000 -37535.869227 45.396336
300.000000 0.122000 0.122000 0.122000 0.000000 0.000000 0.000000 -37573.800230 33.310714
300.000000 0.124000 0.124000 0.124000 0.000000 0.000000 0.000000 -37615.329028 48.673537
300.000000 0.126000 0.126000 0.126000 0.000000 0.000000 0.000000 -37504.369725 52.658808
300.000000 0.128000 0.128000 0.128000 0.000000 0.000000 0.000000 -37457.634058 74.940796
300.000000 0.130000 0.130000 0.130000 0.000000 0.000000 0.000000 -37510.134252 40.882437
300.000000 0.132000 0.132000 0.132000 0.000000 0.000000 0.000000 -37480.767553 54.161093
300.000000 0.134000 0.134000 0.134000 0.000000 0.000000 0.000000 -37452.297824 65.869847
300.000000 0.136000 0.136000 0.136000 0.000000 0.000000 0.000000 -37437.567623 38.265494
300.000000 0.138000 0.138000 0.138000 0.000000 0.000000 0.000000 -37427.107668 65.124485
300.000000 0.140000 0.140000 0.140000 0.000000 0.000000 0.000000 -37438.550063 65.093371
300.000000 0.142000 0.142000 0.142000 0.000000 0.000000 0.000000 -37456.432047 78.668332
300.000000 0.144000 0.144000 0.144000 0.000000 0.000000 0.000000 -37442.671491 48.577592
300.000000 0.146000 0.146000 0.146000 0.000000 0.000000 0.000000 -37535.436896 40.789273
300.000000 0.148000 0.148000 0.148000 0.000000 0.000000 0.000000 -37559.146105 49.342121
300.000000 0.150000 0.150000 0.150000 0.000000 0.000000 0.000000 -37592.309289 44.467153
300.000000 0.152000 0.152000 0.152000 0.000000 0.000000 0.000000 -37555.315008 43.390781
300.000000 0.154000 0.154000 0.154000 0.000000 0.000000 0.000000 -37639.600922 55.534786
300.000000 0.156000 0.156000 0.156000 0.000000 0.000000 0.000000 -37645.350150 39.842930
300.000000 0.158000 0.158000 0.158000 0.000000 0.000000 0.000000 -37646.289532 40.586667
300.000000 0.160000 0.160000 0.160000 0.000000 0.000000 0.000000 -37612.343036 23.444158
300.000000 0.162000 0.162000 0.162000 0.000000 0.000000 0.000000 -37632.227993 75.862120
300.000000 0.164000 0.164000 0.164000 0.000000 0.000000 0.000000 -37579.837620 41.752565
300.000000 0.166000 0.166000 0.166000 0.000000 0.000000 0.000000 -37691.284400 38.593070
300.000000 0.168000 0.168000 0.168000 0.000000 0.000000 0.000000 -37742.704956 73.387199
300.000000 0.170000 0.170000 0.170000 0.000000 0.000000 0.000000 -37780.837980 43.906359
300.000000 0.172000 0.172000 0.172000 0.000000 0.000000 0.000000 -37869.519068 42.816714
300.000000 0.174000 0.174000 0.174000 0.000000 0.000000 0.000000 -37718.010198 33.526053
300.000000 0.176000 0.176000 0.176000 0.000000 0.000000 0.000000 -37748.731047 43.569700
300.000000 0.178000 0.178000 0.178000 0.000000 0.000000 0.000000 -37667.530571 26.063520
300.000000 0.180000 0.180000 0.180000 0.000000 0.000000 0.000000 -37578.222790 31.682139
300.000000 0.182000 0.182000 0.182000 0.000000 0.000000 0.000000 -37648.273481 62.724468
300.000000 0.184000 0.184000 0.184000 0.000000 0.000000 0.000000 -37621.444760 34.648618
300.000000 0.186000 0.186000 0.186000 0.000000 0.000000 0.000000 -37658.576589 24.002785
300.000000 0.188000 0.188000 0.188000 0.000000 0.000000 0.000000 -37601.065934 67.386443
300.000000 0.190000 0.190000 0.190000 0.000000 0.000000 0.000000 -37548.779296 37.499324
300.000000 0.192000 0.192000 0.192000 0.000000 0.000000 0.000000 -37521.176782 38.098578
300.000000 0.194000 0.194000 0.194000 0.000000 0.000000 0.000000 -37626.389221 70.551206
300.000000 0.196000 0.196000 0.196000 0.000000 0.000000 0.000000 -37582.698968 45.685681
300.000000 0.198000 0.198000 0.198000 0.000000 0.000000 0.000000 -37542.621529 69.051645
300.000000 0.200000 0.200000 0.200000 0.000000 0.000000 0.000000 -37450.300142 26.565108
300.000000 0.202000 0.202000 0.202000 0.000000 0.000000 0.000000 -37456.392683 37.043525
300.000000 0.204000 0.204000 0.204000 0.000000 0.000000 0.000000 -37366.386524 43.171955
300.000000 0.206000 0.206000 0.206000 0.000000 0.000000 0.000000 -37496.509761 42.945955
300.000000 0.208000 0.208000 0.208000 0.000000 0.000000 0.000000 -37394.947926 47.854544
300.000000 0.210000 0.210000 0.210000 0.000000 0.000000 0.000000 -37582.612553 34.172964
300.000000 0.212000 0.212000 0.212000 0.000000 0.000000 0.000000 -37418.535956 34.609237
300.000000 0.214000 0.214000 0.214000 0.000000 0.000000 0.000000 -37540.971528 42.587173
300.000000 0.216000 0.216000 0.216000 0.000000 0.000000 0.000000 -37417.739632 27.621650
300.000000 0.218000 0.218000 0.218000 0.000000 0.000000 0.000000 -37599.937591 38.840191
300.000000 0.220000 0.220000 0.220000 0.000000 0.000000 0.000000 -37453.388383 34.824284
300.000000 0.222000 0.222000 0.222000 0.000000 0.000000 0.000000 -37430.432323 44.706532
300.000000 0.224000 0.224000 0.224000 0.000000 0.000000 0.000000 -37461.490060 30.031355
300.000000 0.226000 0.226000 0.226000 0.000000 0.000000 0.000000 -37493.801038 43.492769
300.000000 0.228000 0.228000 0.228000 0.000000 0.000000 0.000000 -37460.596874 44.910095
300.000000 0.230000 0.230000 0.230000 0.000000 0.000000 0.000000 -37482.143079 34.092203
300.000000 0.232000 0.232000 0.232000 0.000000 0.000000 0.000000 -37544.590512 24.831841
300.000000 0.234000 0.234000 0.234000 0.000000 0.000000 0.000000 -37620.230174 33.414873
300.000000 0.236000 0.236000 0.236000 0.000000 0.000000 0.000000 -37468.970505 23.293606
300.000000 0.238000 0.238000 0.238000 0.000000 0.000000 0.000000 -37532.118448 40.699413
300.000000 0.240000 0.240000 0.240000 0.000000 0.000000 0.000000 -37583.354812 34.181446
300.000000 0.242000 0.242000 0.242000 0.000000 0.000000 0.000000 -37371.895574 46.340007
300.000000 0.244000 0.244000 0.244000 0.000000 0.000000 0.000000 -37414.243311 13.698442
300.000000 0.246000 0.246000 0.246000 0.000000 0.000000 0.000000 -37540.486383 38.285084
300.000000 0.248000 0.248000 0.248000 0.000000 0.000000 0.000000 -37481.028886 38.910905
300.000000 0.250000 0.250000 0.250000 0.000000 0.000000 0.000000 -37510.994710 20.176025
300.000000 0.252000 0.252000 0.252000 0.000000 0.000000 0.000000 -37682.778440 18.787014
300.000000 0.254000 0.254000 0.254000 0.000000 0.000000 0.000000 -37703.103621 53.990204
300.000000 0.256000 0.256000 0.256000 0.000000 0.000000 0.000000 -37415.911744 23.681331
300.000000 0.258000 0.258000 0.258000 0.000000 0.000000 0.000000 -37580.834869 42.108333
300.000000 0.260000 0.260000 0.260000 0.000000 0.000000 0.000000 -37634.243030 19.244582
300.000000 0.262000 0.262000 0.262000 0.000000 0.000000 0.000000 -37386.344592 25.499749
300.000000 0.264000 0.264000 0.264000 0.000000 0.000000 0.000000 -37481.911118 35.680774
300.000000 0.266000 0.266000 0.266000 0.000000 0.000000 0.000000 -37301.090280 11.991918
300.000000 0.268000 0.268000 0.268000 0.000000 0.000000 0.000000 -37436.256803 34.644387
300.000000 0.270000 0.270000 0.270000 0.000000 0.000000 0.000000 -37551.664343 41.060314
300.000000 0.272000 0.272000 0.272000 0.000000 0.000000 0.000000 -37492.840807 42.778864
300.000000 0.274000 0.274000 0.274000 0.000000 0.000000 0.000000 -37428.442390 8.934676
300.000000 0.276000 0.276000 0.276000 0.000000 0.000000 0.000000 -37581.440702 13.394569
300.000000 0.278000 0.278000 0.278000 0.000000 0.000000 0.000000 -37442.961714 29.807602
300.000000 0.280000 0.280000 0.280000 0.000000 0.000000 0.000000 -37507.651411 30.994559
300.000000 0.282000 0.282000 0.282000 0.000000 0.000000 0.000000 -37507.600337 9.398282
300.000000 0.284000 0.284000 0.284000 0.000000 0.000000 0.000000 -37522.427976 9.937231
300.000000 0.286000 0.286000 0.286000 0.000000 0.000000 0.000000 -37588.007727 14.602077
300.000000 0.288000 0.288000 0.288000 0.000000 0.000000 0.000000 -37518.201968 19.447162
300.000000 0.290000 0.290000 0.290000 0.000000 0.000000 0.000000 -37520.623660 20.469767
300.000000 0.292000 0.292000 0.292000 0.000000 0.000000 0.000000 -37534.416315 30.172384
300.000000 0.294000 0.294000 0.294000 0.000000 0.000000 0.000000 -37548.785926 11.145779
300.000000 0.296000 0.296000 0.296000 0.000000 0.000000 0.000000 -37385.533236 34.608285
300.000000 0.298000 0.298000 0.298000 0.000000 0.000000 0.000000 -37541.995936 14.854581
300.000000 0.300000 0.300000 0.300000 0.000000 0.000000 0.000000 -37472.609570 21.607266
300.000000 0.302000 0.302000 0.302000 0.000000 0.000000 0.000000 -37456.687041 24.448073
300.000000 0.304000 0.304000 0.304000 0.000000 0.000000 0.000000 -37513.488412 16.292732
300.000000 0.306000 0.306000 0.306000 0.000000 0.000000 0.000000 -37592.595101 18.738192
300.000000 0.308000 0.308000 0.308000 0.000000 0.000000 0.000000 -37693.037638 21.884018
300.000000 0.310000 0.310000 0.310000 0.000000 0.000000 0.000000 -37722.463941 28.062385
300.000000 0.312000 0.312000 0.312000 0.000000 0.000000 0.000000 -37588.525926 16.172310
300.000000 0.314000 0.314000 0.314000 0.000000 0.000000 0.000000 -37571.199671 5.306573
300.000000 0.316000 0.316000 0.316000 0.000000 0.000000 0.000000 -37475.273695 23.176321
300.000000 0.318000 0.318000 0.318000 0.000000 0.000000 0.000000 -37612.346902 21.432797
300.000000 0.320000 0.320000 0.320000 0.000000 0.000000 0.000000 -37599.791594 27.758965
300.000000 0.322000 0.322000 0.322000 0.000000 0.000000 0.000000 -37550.460735 -0.618224
300.000000 0.324000 0.324000 0.324000 0.000000 0.000000 0.000000 -37551.636929 25.751220
300.000000 0.326000 0.326000 0.326000 0.000000 0.000000 0.000000 -37550.434180 31.214807
300.000000 0.328000 0.328000 0.328000 0.000000 0.000000 0.000000 -37489.048240 8.543167
300.000000 0.330000 0.330000 0.330000 0.000000 0.000000 0.000000 -37551.878064 21.508060
300.000000 0.332000 0.332000 0.332000 0.000000 0.000000 0.000000 -37500.582619 4.407237
300.000000 0.334000 0.334000 0.334000 0.000000 0.000000 0.000000 -37588.156485 23.702156
300.000000 0.336000 0.336000 0.336000 0.000000 0.000000 0.000000 -37430.750209 11.370604
300.000000 0.338000 0.338000 0.338000 0.000000 0.000000 0.000000 -37533.740140 3.649243
300.000000 0.340000 0.340000 0.340000 0.000000 0.000000 0.000000 -37640.983431 4.235503
300.000000 0.342000 0.342000 0.342000 0.000000 0.000000 0.000000 -37659.150421 3.281384
300.000000 0.344000 0.344000 0.344000 0.000000 0.000000 0.000000 -37633.669715 21.806685
300.000000 0.346000 0.346000 0.346000 0.000000 0.000000 0.000000 -37546.581229 21.623210
300.000000 0.348000 0.348000 0.348000 0.000000 0.000000 0.000000 -37544.614370 12.788120
300.000000 0.350000 0.350000 0.350000 0.000000 0.000000 0.000000 -37627.845052 4.314885
300.000000 0.352000 0.352000 0.352000 0.000000 0.000000 0.000000 -37549.509014 9.922301
300.000000 0.354000 0.354000 0.354000 0.000000 0.000000 0.000000 -37608.992668 10.725170
300.000000 0.356000 0.356000 0.356000 0.000000 0.000000 0.000000 -37761.976538 13.835422
300.000000 0.358000 0.358000 0.358000 0.000000 0.000000 0.000000 -37604.129903 10.006109
300.000000 0.360000 0.360000 0.360000 0.000000 0.000000 0.000000 -37661.330082 9.718366
300.000000 0.362000 0.362000 0.362000 0.000000 0.000000 0.000000 -37724.259400 24.409533
300.000000 0.364000 0.364000 0.364000 0.000000 0.000000 0.000000 -37650.505849 9.742750
300.000000 0.366000 0.366000 0.366000 0.000000 0.000000 0.000000 -37563.474733 8.842118
300.000000 0.368000 0.368000 0.368000 0.000000 0.000000 0.000000 -37560.344029 13.173526
300.000000 0.370000 0.370000 0.370000 0.000000 0.000000 0.000000 -37544.113891 14.693167
300.000000 0.372000 0.372000 0.372000 0.000000 0.000000 0.000000 -37656.918036 7.513855
300.000000 0.374000 0.374000 0.374000 0.000000 0.000000 0.000000 -37615.486096 19.605806
300.000000 0.376000 0.376000 0.376000 0.000000 0.000000 0.000000 -37692.903105 8.543810
300.000000 0.378000 0.378000 0.378000 0.000000 0.000000 0.000000 -37603.192577 5.081724
300.000000 0.380000 0.380000 0.380000 0.000000 0.000000 0.000000 -37751.611232 4.729029
300.000000 0.382000 0.382000 0.382000 0.000000 0.000000 0.000000 -37599.427613 3.913100
300.000000 0.384000 0.384000 0.384000 0.000000 0.000000 0.000000 -37614.420157 15.582369
300.000000 0.386000 0.386000 0.386000 0.000000 0.000000 0.000000 -37589.995417 19.119209
300.000000 0.388000 0.388000 0.388000 0.000000 0.000000 0.000000 -37563.268118 16.349266
300.000000 0.390000 0.390000 0.390000 0.000000 0.000000 0.000000 -37419.647486 10.482258
300.000000 0.392000 0.392000 0.392000 0.000000 0.000000 0.000000 -37487.267559 12.902880
300.000000 0.394000 0.394000 0.394000 0.000000 0.000000 0.000000 -37380.082510 21.171473
300.000000 0.396000 0.396000 0.396000 0.000000 0.000000 0.000000 -37425.018658 -2.924428
300.000000 0.398000 0.398000 0.398000 0.000000 0.000000 0.000000 -37469.864440 8.538805
300.000000 0.400000 0.400000 0.400000 0.000000 0.000000 0.000000 -37632.733599 14.839356
300.000000 0.402000 0.402000 0.402000 0.000000 0.000000 0.000000 -37510.653798 21.199747
300.000000 0.404000 0.404000 0.404000 0.000000 0.000000 0.000000 -37562.565365 1.519941
300.000000 0.406000 0.406000 0.406000 0.000000 0.000000 0.000000 -37401.585284 10.228215
300.000000 0.408000 0.408000 0.408000 0.000000 0.000000 0.000000 -37604.035949 14.952726
300.000000 0.410000 0.410000 0.410000 0.000000 0.000000 0.000000 -37572.019147 10.616325
300.000000 0.412000 0.412000 0.412000 0.000000 0.000000 0.000000 -37589.597007 7.950436
300.000000 0.414000 0.414000 0.414000 0.000000 0.000000 0.000000 -37510.986434 -7.346065
300.000000 0.416000 0.416000 0.416000 0.000000 0.000000 0.000000 -37366.731736 17.813712
300.000000 0.418000 0.418000 0.418000 0.000000 0.000000 0.000000 -37386.474673 -4.703636
300.000000 0.420000 0.420000 0.420000 0.000000 0.000000 0.000000 -37401.736090 -2.420020
300.000000 0.422000 0.422000 0.422000 0.000000 0.000000 0.000000 -37468.768219 4.323034
300.000000 0.424000 0.424000 0.424000 0.000000 0.000000 0.000000 -37394.906080 10.350312
300.000000 0.426000 0.426000 0.426000 0.000000 0.000000 0.000000 -37448.331008 8.750539
300.000000 0.428000 0.428000 0.428000 0.000000 0.000000 0.000000 -37536.875509 0.331987
300.000000 0.430000 0.430000 0.430000 0.000000 0.000000 0.000000 -37543.763187 2.838854
300.000000 0.432000 0.432000 0.432000 0.000000 0.000000 0.000000 -37513.663556 6.365558
300.000000 0.434000 0.434000 0.434000 0.000000 0.000000 0.000000 -37502.397273 5.579127
300.000000 0.436000 0.436000 0.436000 0.000000 0.000000 0.000000 -37594.663493 3.908648
300.000000 0.438000 0.438000 0.438000 0.000000 0.000000 0.000000 -37439.341331 22.059663
300.000000 0.440000 0.440000 0.440000 0.000000 0.000000 0.000000 -37747.516124 9.256240
300.000000 0.442000 0.442000 0.442000 0.000000 0.000000 0.000000 -37456.095907 15.462643
300.000000 0.444000 0.444000 0.444000 0.000000 0.000000 0.000000 -37556.426300 6.497004
300.000000 0.446000 0.446000 0.446000 0.000000 0.000000 0.000000 -37542.746624 23.431766
300.000000 0.448000 0.448000 0.448000 0.000000 0.000000 0.000000 -37637.530960 10.807872
300.000000 0.450000 0.450000 0.450000 0.000000 0.000000 0.000000 -37576.208335 13.045897
300.000000 0.452000 0.452000 0.452000 0.000000 0.000000 0.000000 -37523.553343 6.229912
300.000000 0.454000 0.454000 0.454000 0.000000 0.000000 0.000000 -37593.233051 15.670546
300.000000 0.456000 0.456000 0.456000 0.000000 0.000000 0.000000 -37609.627558 12.478688
300.000000 0.458000 0.458000 0.458000 0.000000 0.000000 0.000000 -37513.671145 18.676466
300.000000 0.460000 0.460000 0.460000 0.000000 0.000000 0.000000 -37579.445049 -11.947263
300.000000 0.462000 0.462000 0.462000 0.000000 0.000000 0.000000 -37631.787128 -4.806052
300.000000 0.464000 0.464000 0.464000 0.000000 0.000000 0.000000 -37738.907937 0.773695
300.000000 0.466000 0.466000 0.466000 0.000000 0.000000 0.000000 -37580.441970 7.656446
300.000000 0.468000 0.468000 0.468000 0.000000 0.000000 0.000000 -37472.384757 7.027041
300.000000 0.470000 0.470000 0.470000 0.000000 0.000000 0.000000 -37475.734069 5.400457
300.000000 0.472000 0.472000 0.472000 0.000000 0.000000 0.000000 -37553.466133 0.461241
300.000000 0.474000 0.474000 0.474000 0.000000 0.000000 0.000000 -37636.429716 4.444289
300.000000 0.476000 0.476000 0.476000 0.000000 0.000000 0.000000 -37549.870278 -0.019357
300.000000 0.478000 0.478000 0.478000 0.000000 0.000000 0.000000 -37516.730998 2.617053
300.000000 0.480000 0.480000 0.480000 0.000000 0.000000 0.000000 -37592.973204 1.808303
300.000000 0.482000 0.482000 0.482000 0.000000 0.000000 0.000000 -37529.735122 -9.003313
300.000000 0.484000 0.484000 0.484000 0.000000 0.000000 0.000000 -37557.362248 0.047181
300.000000 0.486000 0.486000 0.486000 0.000000 0.000000 0.000000 -37470.974188 0.360861
300.000000 0.488000 0.488000 0.488000 0.000000 0.000000 0.000000 -37585.617675 -6.244513
300.000000 0.490000 0.490000 0.490000 0.000000 0.000000 0.000000 -37511.718302 3.534108
300.000000 0.492000 0.492000 0.492000 0.000000 0.000000 0.000000 -37469.321143 -0.649384
300.000000 0.494000 0.494000 0.494000 0.000000 0.000000 0.000000 -37591.200660 -1.773345
300.000000 0.496000 0.496000 0.496000 0.000000 0.000000 0.000000 -37515.147719 -4.580988
300.000000 0.498000 0.498000 0.498000 0.000000 0.000000 0.000000 -37514.852738 -0.171870
