300.000000 0.000000 0.000000 0.000000 0.000000 0.000000 0.000000 -43455.633034 754.637507
300.000000 0.002000 0.002000 0.002000 0.000000 0.000000 0.000000 -43359.256962 720.471225
300.000000 0.004000 0.004000 0.004000 0.000000 0.000000 0.000000 -43465.153139 704.580053
300.000000 0.006000 0.006000 0.006000 0.000000 0.000000 0.000000 -43366.567864 901.326802
300.000000 0.008000 0.008000 0.008000 0.000000 0.000000 0.000000 -43391.373674 770.103184
300.000000 0.010000 0.010000 0.010000 0.000000 0.000000 0.000000 -43507.282383 687.548854
300.000000 0.012000 0.012000 0.012000 0.000000 0.000000 0.000000 -43599.800524 837.838331
300.000000 0.014000 0.014000 0.014000 0.000000 0.000000 0.000000 -43560.646698 673.751385
300.000000 0.016000 0.016000 0.016000 0.000000 0.000000 0.000000 -43492.486892 316.881006
300.000000 0.018000 0.018000 0.018000 0.000000 0.000000 0.000000 -43688.262191 156.436981
300.000000 0.020000 0.020000 0.020000 0.000000 0.000000 0.000000 -43592.950142 133.016170
300.000000 0.022000 0.022000 0.022000 0.000000 0.000000 0.000000 -43588.045217 87.825534
300.000000 0.024000 0.024000 0.024000 0.000000 0.000000 0.000000 -43575.588508 99.800314
300.000000 0.026000 0.026000 0.026000 0.000000 0.000000 0.000000 -43364.497674 168.413161
300.000000 0.028000 0.028000 0.028000 0.000000 0.000000 0.000000 -43377.502346 98.222021
300.000000 0.030000 0.030000 0.030000 0.000000 0.000000 0.000000 -43389.064462 128.344080
300.000000 0.032000 0.032000 0.032000 0.000000 0.000000 0.000000 -43336.133692 73.123983
300.000000 0.034000 0.034000 0.034000 0.000000 0.000000 0.000000 -43492.634903 259.522339
300.000000 0.036000 0.036000 0.036000 0.000000 0.000000 0.000000 -43469.451179 131.994306
300.000000 0.038000 0.038000 0.038000 0.000000 0.000000 0.000000 -43517.140639 68.362034
300.000000 0.040000 0.040000 0.040000 0.000000 0.000000 0.000000 -43370.583793 89.040393
300.000000 0.042000 0.042000 0.042000 0.000000 0.000000 0.000000 -43355.149502 78.043983
300.000000 0.044000 0.044000 0.044000 0.000000 0.000000 0.000000 -43601.805470 49.526837
300.000000 0.046000 0.046000 0.046000 0.000000 0.000000 0.000000 -43475.549018 89.439704
300.000000 0.048000 0.048000 0.048000 0.000000 0.000000 0.000000 -43463.262552 118.976108
300.000000 0.050000 0.050000 0.050000 0.000000 0.000000 0.000000 -43466.232403 66.590451
300.000000 0.052000 0.052000 0.052000 0.000000 0.000000 0.000000 -43500.860737 114.307704
300.000000 0.054000 0.054000 0.054000 0.000000 0.000000 0.000000 -43438.476741 120.572108
300.000000 0.056000 0.056000 0.056000 0.000000 0.000000 0.000000 -43416.308472 64.662558
300.000000 0.058000 0.058000 0.058000 0.000000 0.000000 0.000000 -43350.995269 55.694994
300.000000 0.060000 0.060000 0.060000 0.000000 0.000000 0.000000 -43289.117432 63.264545
300.000000 0.062000 0.062000 0.062000 0.000000 0.000000 0.000000 -43480.339084 69.530892
300.000000 0.064000 0.064000 0.064000 0.000000 0.000000 0.000000 -43421.484100 82.700537
300.000000 0.066000 0.066000 0.066000 0.000000 0.000000 0.000000 -43443.031241 48.214749
300.000000 0.068000 0.068000 0.068000 0.000000 0.000000 0.000000 -43530.905477 70.424614
300.000000 0.070000 0.070000 0.070000 0.000000 0.000000 0.000000 -43451.614328 48.491464
300.000000 0.072000 0.072000 0.072000 0.000000 0.000000 0.000000 -43555.975696 75.574924
300.000000 0.074000 0.074000 0.074000 0.000000 0.000000 0.000000 -43600.753088 55.393217
300.000000 0.076000 0.076000 0.076000 0.000000 0.000000 0.000000 -43546.266928 58.418422
300.000000 0.078000 0.078000 0.078000 0.000000 0.000000 0.000000 -43449.497246 47.818879
300.000000 0.080000 0.080000 0.080000 0.000000 0.000000 0.000000 -43422.121990 69.671678
300.000000 0.082000 0.082000 0.082000 0.000000 0.000000 0.000000 -43408.315411 41.096542
300.000000 0.084000 0.084000 0.084000 0.000000 0.000000 0.000000 -43406.890967 67.032600
300.000000 0.086000 0.086000 0.086000 0.000000 0.000000 0.000000 -43427.463922 36.316595
300.000000 0.088000 0.088000 0.088000 0.000000 0.000000 0.000000 -43366.936619 28.720862
300.000000 0.090000 0.090000 0.090000 0.000000 0.000000 0.000000 -43438.730775 27.902406
300.000000 0.092000 0.092000 0.092000 0.000000 0.000000 0.000000 -43383.062114 46.197888
300.000000 0.094000 0.094000 0.094000 0.000000 0.000000 0.000000 -43560.158812 27.937755
300.000000 0.096000 0.096000 0.096000 0.000000 0.000000 0.000000 -43538.807366 28.941319
300.000000 0.098000 0.098000 0.098000 0.000000 0.000000 0.000000 -43630.388194 40.027601
300.000000 0.100000 0.100000 0.100000 0.000000 0.000000 0.000000 -43538.617078 9.694714
300.000000 0.102000 0.102000 0.102000 0.000000 0.000000 0.000000 -43505.437686 40.888123
300.000000 0.104000 0.104000 0.104000 0.000000 0.000000 0.000000 -43553.628823 37.764703
300.000000 0.106000 0.106000 0.106000 0.000000 0.000000 0.000000 -43461.131599 37.794325
300.000000 0.108000 0.108000 0.108000 0.000000 0.000000 0.000000 -43498.551517 56.740265
300.000000 0.110000 0.110000 0.110000 0.000000 0.000000 0.000000 -43422.021610 32.597351
300.000000 0.112000 0.112000 0.112000 0.000000 0.000000 0.000000 -43456.797523 17.603738
300.000000 0.114000 0.114000 0.114000 0.000000 0.000000 0.000000 -43483.945386 23.249777
300.000000 0.116000 0.116000 0.116000 0.000000 0.000000 0.000000 -43467.295761 44.912580
300.000000 0.118000 0.118000 0.118000 0.000000 0.000000 0.000000 -43396.533145 47.981225
300.000000 0.120000 0.120000 0.120000 0.000000 0.000000 0.000000 -43386.924114 34.374902
300.000000 0.122000 0.122000 0.122000 0.000000 0.000000 0.000000 -43536.783185 52.462622
300.000000 0.124000 0.124000 0.124000 0.000000 0.000000 0.000000 -43278.834460 20.984921
300.000000 0.126000 0.126000 0.126000 0.000000 0.000000 0.000000 -43281.767522 39.559499
300.000000 0.128000 0.128000 0.128000 0.000000 0.000000 0.000000 -43261.509806 9.658290
300.000000 0.130000 0.130000 0.130000 0.000000 0.000000 0.000000 -43299.585923 38.263591
300.000000 0.132000 0.132000 0.132000 0.000000 0.000000 0.000000 -43338.060283 11.640500
300.000000 0.134000 0.134000 0.134000 0.000000 0.000000 0.000000 -43284.447869 13.664088
300.000000 0.136000 0.136000 0.136000 0.000000 0.000000 0.000000 -43412.798669 34.151909
300.000000 0.138000 0.138000 0.138000 0.000000 0.000000 0.000000 -43477.519151 17.303085
300.000000 0.140000 0.140000 0.140000 0.000000 0.000000 0.000000 -43429.138592 14.771056
300.000000 0.142000 0.142000 0.142000 0.000000 0.000000 0.000000 -43402.667996 24.767846
300.000000 0.144000 0.144000 0.144000 0.000000 0.000000 0.000000 -43566.661794 30.072983
300.000000 0.146000 0.146000 0.146000 0.000000 0.000000 0.000000 -43486.416428 20.261094
300.000000 0.148000 0.148000 0.148000 0.000000 0.000000 0.000000 -43496.574902 27.844730
300.000000 0.150000 0.150000 0.150000 0.000000 0.000000 0.000000 -43548.213894 38.318658
300.000000 0.152000 0.152000 0.152000 0.000000 0.000000 0.000000 -43568.886653 16.291032
300.000000 0.154000 0.154000 0.154000 0.000000 0.000000 0.000000 -43666.686687 37.413971
300.000000 0.156000 0.156000 0.156000 0.000000 0.000000 0.000000 -43538.408062 25.474460
300.000000 0.158000 0.158000 0.158000 0.000000 0.000000 0.000000 -43412.063253 33.568805
300.000000 0.160000 0.160000 0.160000 0.000000 0.000000 0.000000 -43386.689904 37.464357
300.000000 0.162000 0.162000 0.162000 0.000000 0.000000 0.000000 -43371.410927 23.402288
300.000000 0.164000 0.164000 0.164000 0.000000 0.000000 0.000000 -43474.437257 40.330668
300.000000 0.166000 0.166000 0.166000 0.000000 0.000000 0.000000 -43350.370831 15.271130
300.000000 0.168000 0.168000 0.168000 0.000000 0.000000 0.000000 -43325.515709 8.300986
300.000000 0.170000 0.170000 0.170000 0.000000 0.000000 0.000000 -43279.784895 13.220501
300.000000 0.172000 0.172000 0.172000 0.000000 0.000000 0.000000 -43284.704338 29.633056
300.000000 0.174000 0.174000 0.174000 0.000000 0.000000 0.000000 -43347.438515 35.413135
300.000000 0.176000 0.176000 0.176000 0.000000 0.000000 0.000000 -43348.411560 8.033153
300.000000 0.178000 0.178000 0.178000 0.000000 0.000000 0.000000 -43347.479332 7.096925
300.000000 0.180000 0.180000 0.180000 0.000000 0.000000 0.000000 -43279.637406 23.228917
300.000000 0.182000 0.182000 0.182000 0.000000 0.000000 0.000000 -43306.314279 24.932117
300.000000 0.184000 0.184000 0.184000 0.000000 0.000000 0.000000 -43293.196902 23.319320
300.000000 0.186000 0.186000 0.186000 0.000000 0.000000 0.000000 -43328.175034 53.052633
300.000000 0.188000 0.188000 0.188000 0.000000 0.000000 0.000000 -43495.205644 7.150817
300.000000 0.190000 0.190000 0.190000 0.000000 0.000000 0.000000 -43385.183973 18.186724
300.000000 0.192000 0.192000 0.192000 0.000000 0.000000 0.000000 -43686.732173 36.797294
300.000000 0.194000 0.194000 0.194000 0.000000 0.000000 0.000000 -43554.860856 19.975215
300.000000 0.196000 0.196000 0.196000 0.000000 0.000000 0.000000 -43413.819167 21.412328
300.000000 0.198000 0.198000 0.198000 0.000000 0.000000 0.000000 -43392.873186 1.187017
300.000000 0.200000 0.200000 0.200000 0.000000 0.000000 0.000000 -43429.583967 24.326314
300.000000 0.202000 0.202000 0.202000 0.000000 0.000000 0.000000 -43323.977378 20.364377
300.000000 0.204000 0.204000 0.204000 0.000000 0.000000 0.000000 -43573.359680 16.241718
300.000000 0.206000 0.206000 0.206000 0.000000 0.000000 0.000000 -43372.859006 16.960471
300.000000 0.208000 0.208000 0.208000 0.000000 0.000000 0.000000 -43281.397190 11.360789
300.000000 0.210000 0.210000 0.210000 0.000000 0.000000 0.000000 -43543.480439 30.439276
300.000000 0.212000 0.212000 0.212000 0.000000 0.000000 0.000000 -43582.658099 7.470041
300.000000 0.214000 0.214000 0.214000 0.000000 0.000000 0.000000 -43426.402911 32.567514
300.000000 0.216000 0.216000 0.216000 0.000000 0.000000 0.000000 -43465.534950 16.205279
300.000000 0.218000 0.218000 0.218000 0.000000 0.000000 0.000000 -43533.422402 4.799043
300.000000 0.220000 0.220000 0.220000 0.000000 0.000000 0.000000 -43604.316015 2.687140
300.000000 0.222000 0.222000 0.222000 0.000000 0.000000 0.000000 -43510.375663 8.146016
300.000000 0.224000 0.224000 0.224000 0.000000 0.000000 0.000000 -43448.442385 2.373748
300.000000 0.226000 0.226000 0.226000 0.000000 0.000000 0.000000 -43473.371401 25.938359
300.000000 0.228000 0.228000 0.228000 0.000000 0.000000 0.000000 -43449.008789 10.314572
300.000000 0.230000 0.230000 0.230000 0.000000 0.000000 0.000000 -43515.981277 18.974239
300.000000 0.232000 0.232000 0.232000 0.000000 0.000000 0.000000 -43441.112028 8.907087
300.000000 0.234000 0.234000 0.234000 0.000000 0.000000 0.000000 -43488.387920 11.142594
300.000000 0.236000 0.236000 0.236000 0.000000 0.000000 0.000000 -43398.896322 11.248345
300.000000 0.238000 0.238000 0.238000 0.000000 0.000000 0.000000 -43510.940418 16.013252
300.000000 0.240000 0.240000 0.240000 0.000000 0.000000 0.000000 -43477.835342 15.667989
300.000000 0.242000 0.242000 0.242000 0.000000 0.000000 0.000000 -43540.641791 3.689816
300.000000 0.244000 0.244000 0.244000 0.000000 0.000000 0.000000 -43546.432526 8.445854
300.000000 0.246000 0.246000 0.246000 0.000000 0.000000 0.000000 -43512.340567 13.918739
300.000000 0.248000 0.248000 0.248000 0.000000 0.000000 0.000000 -43400.687845 11.007056
300.000000 0.250000 0.250000 0.250000 0.000000 0.000000 0.000000 -43388.766345 17.212056
300.000000 0.252000 0.252000 0.252000 0.000000 0.000000 0.000000 -43475.525290 17.817239
300.000000 0.254000 0.254000 0.254000 0.000000 0.000000 0.000000 -43530.512758 6.798101
300.000000 0.256000 0.256000 0.256000 0.000000 0.000000 0.000000 -43581.547875 3.702416
300.000000 0.258000 0.258000 0.258000 0.000000 0.000000 0.000000 -43600.999777 8.202840
300.000000 0.260000 0.260000 0.260000 0.000000 0.000000 0.000000 -43492.454361 9.594960
300.000000 0.262000 0.262000 0.262000 0.000000 0.000000 0.000000 -43282.769947 17.385342
300.000000 0.264000 0.264000 0.264000 0.000000 0.000000 0.000000 -43293.720312 23.228256
300.000000 0.266000 0.266000 0.266000 0.000000 0.000000 0.000000 -43301.953043 8.973541
300.000000 0.268000 0.268000 0.268000 0.000000 0.000000 0.000000 -43439.797608 6.650084
300.000000 0.270000 0.270000 0.270000 0.000000 0.000000 0.000000 -43446.353051 8.168990
300.000000 0.272000 0.272000 0.272000 0.000000 0.000000 0.000000 -43441.008721 -1.466922
300.000000 0.274000 0.274000 0.274000 0.000000 0.000000 0.000000 -43520.015359 9.023047
300.000000 0.276000 0.276000 0.276000 0.000000 0.000000 0.000000 -43485.898311 -0.889213
300.000000 0.278000 0.278000 0.278000 0.000000 0.000000 0.000000 -43554.487023 7.561512
300.000000 0.280000 0.280000 0.280000 0.000000 0.000000 0.000000 -43434.094744 11.146987
300.000000 0.282000 0.282000 0.282000 0.000000 0.000000 0.000000 -43456.240135 18.197271
300.000000 0.284000 0.284000 0.284000 0.000000 0.000000 0.000000 -43325.384251 22.007747
300.000000 0.286000 0.286000 0.286000 0.000000 0.000000 0.000000 -43399.445263 15.674767
300.000000 0.288000 0.288000 0.288000 0.000000 0.000000 0.000000 -43319.241273 -1.348115
300.000000 0.290000 0.290000 0.290000 0.000000 0.000000 0.000000 -43206.817024 8.949630
300.000000 0.292000 0.292000 0.292000 0.000000 0.000000 0.000000 -43342.032619 15.458827
300.000000 0.294000 0.294000 0.294000 0.000000 0.000000 0.000000 -43439.254438 18.955880
300.000000 0.296000 0.296000 0.296000 0.000000 0.000000 0.000000 -43444.380045 8.268799
300.000000 0.298000 0.298000 0.298000 0.000000 0.000000 0.000000 -43455.659527 7.396536
300.000000 0.300000 0.300000 0.300000 0.000000 0.000000 0.000000 -43456.632634 13.244165
300.000000 0.302000 0.302000 0.302000 0.000000 0.000000 0.000000 -43341.568516 4.755559
300.000000 0.304000 0.304000 0.304000 0.000000 0.000000 0.000000 -43501.365294 4.963846
300.000000 0.306000 0.306000 0.306000 0.000000 0.000000 0.000000 -43468.636038 2.025874
300.000000 0.308000 0.308000 0.308000 0.000000 0.000000 0.000000 -43434.868391 9.400572
300.000000 0.310000 0.310000 0.310000 0.000000 0.000000 0.000000 -43464.030010 10.966477
300.000000 0.312000 0.312000 0.312000 0.000000 0.000000 0.000000 -43512.791797 12.302325
300.000000 0.314000 0.314000 0.314000 0.000000 0.000000 0.000000 -43357.154041 5.674231
300.000000 0.316000 0.316000 0.316000 0.000000 0.000000 0.000000 -43535.811909 6.498954
300.000000 0.318000 0.318000 0.318000 0.000000 0.000000 0.000000 -43457.102265 0.720955
300.000000 0.320000 0.320000 0.320000 0.000000 0.000000 0.000000 -43479.037640 15.054413
300.000000 0.322000 0.322000 0.322000 0.000000 0.000000 0.000000 -43369.954600 9.196639
300.000000 0.324000 0.324000 0.324000 0.000000 0.000000 0.000000 -43365.538501 -3.473305
300.000000 0.326000 0.326000 0.326000 0.000000 0.000000 0.000000 -43552.762834 10.770821
300.000000 0.328000 0.328000 0.328000 0.000000 0.000000 0.000000 -43414.091020 8.169430
300.000000 0.330000 0.330000 0.330000 0.000000 0.000000 0.000000 -43557.313340 -0.477902
300.000000 0.332000 0.332000 0.332000 0.000000 0.000000 0.000000 -43496.340870 1.573845
300.000000 0.334000 0.334000 0.334000 0.000000 0.000000 0.000000 -43600.785526 10.009871
300.000000 0.336000 0.336000 0.336000 0.000000 0.000000 0.000000 -43536.952741 7.762645
300.000000 0.338000 0.338000 0.338000 0.000000 0.000000 0.000000 -43428.295821 -1.022440
300.000000 0.340000 0.340000 0.340000 0.000000 0.000000 0.000000 -43361.688290 4.925288
300.000000 0.342000 0.342000 0.342000 0.000000 0.000000 0.000000 -43437.441318 1.663967
300.000000 0.344000 0.344000 0.344000 0.000000 0.000000 0.000000 -43413.642229 10.206971
300.000000 0.346000 0.346000 0.346000 0.000000 0.000000 0.000000 -43535.109550 4.469442
300.000000 0.348000 0.348000 0.348000 0.000000 0.000000 0.000000 -43482.855154 -0.181680
300.000000 0.350000 0.350000 0.350000 0.000000 0.000000 0.000000 -43371.781138 7.168142
300.000000 0.352000 0.352000 0.352000 0.000000 0.000000 0.000000 -43376.768112 24.548065
300.000000 0.354000 0.354000 0.354000 0.000000 0.000000 0.000000 -43482.191930 1.951226
300.000000 0.356000 0.356000 0.356000 0.000000 0.000000 0.000000 -43370.428011 2.117876
300.000000 0.358000 0.358000 0.358000 0.000000 0.000000 0.000000 -43436.885680 0.530438
300.000000 0.360000 0.360000 0.360000 0.000000 0.000000 0.000000 -43363.910121 2.144021
300.000000 0.362000 0.362000 0.362000 0.000000 0.000000 0.000000 -43511.827387 7.462344
300.000000 0.364000 0.364000 0.364000 0.000000 0.000000 0.000000 -43543.165106 5.187004
300.000000 0.366000 0.366000 0.366000 0.000000 0.000000 0.000000 -43332.817448 5.835636
300.000000 0.368000 0.368000 0.368000 0.000000 0.000000 0.000000 -43548.821071 7.156489
300.000000 0.370000 0.370000 0.370000 0.000000 0.000000 0.000000 -43486.436807 4.618971
300.000000 0.372000 0.372000 0.372000 0.000000 0.000000 0.000000 -43489.651726 0.902383
300.000000 0.374000 0.374000 0.374000 0.000000 0.000000 0.000000 -43486.491758 5.111630
300.000000 0.376000 0.376000 0.376000 0.000000 0.000000 0.000000 -43403.837441 0.338380
300.000000 0.378000 0.378000 0.378000 0.000000 0.000000 0.000000 -43288.857032 -1.404461
300.000000 0.380000 0.380000 0.380000 0.000000 0.000000 0.000000 -43299.076927 3.840094
300.000000 0.382000 0.382000 0.382000 0.000000 0.000000 0.000000 -43320.107636 12.696074
300.000000 0.384000 0.384000 0.384000 0.000000 0.000000 0.000000 -43396.027682 2.853733
300.000000 0.386000 0.386000 0.386000 0.000000 0.000000 0.000000 -43570.697081 9.370984
300.000000 0.388000 0.388000 0.388000 0.000000 0.000000 0.000000 -43459.836145 16.385935
300.000000 0.390000 0.390000 0.390000 0.000000 0.000000 0.000000 -43286.479474 1.762875
300.000000 0.392000 0.392000 0.392000 0.000000 0.000000 0.000000 -43356.228688 1.254977
300.000000 0.394000 0.394000 0.394000 0.000000 0.000000 0.000000 -43364.543169 0.882820
300.000000 0.396000 0.396000 0.396000 0.000000 0.000000 0.000000 -43391.526833 1.286822
300.000000 0.398000 0.398000 0.398000 0.000000 0.000000 0.000000 -43403.749693 1.870030
300.000000 0.400000 0.400000 0.400000 0.000000 0.000000 0.000000 -43460.023604 1.391825
300.000000 0.402000 0.402000 0.402000 0.000000 0.000000 0.000000 -43415.043947 -0.433015
300.000000 0.404000 0.404000 0.404000 0.000000 0.000000 0.000000 -43489.134849 10.089002
300.000000 0.406000 0.406000 0.406000 0.000000 0.000000 0.000000 -43488.855361 3.388486
300.000000 0.408000 0.408000 0.408000 0.000000 0.000000 0.000000 -43553.493752 0.339611
300.000000 0.410000 0.410000 0.410000 0.000000 0.000000 0.000000 -43583.518459 -4.372850
300.000000 0.412000 0.412000 0.412000 0.000000 0.000000 0.000000 -43609.248160 -0.243451
300.000000 0.414000 0.414000 0.414000 0.000000 0.000000 0.000000 -43551.140290 6.900958
300.000000 0.416000 0.416000 0.416000 0.000000 0.000000 0.000000 -43568.811378 -1.828670
300.000000 0.418000 0.418000 0.418000 0.000000 0.000000 0.000000 -43394.847306 3.940677
300.000000 0.420000 0.420000 0.420000 0.000000 0.000000 0.000000 -43476.581738 -9.086473
300.000000 0.422000 0.422000 0.422000 0.000000 0.000000 0.000000 -43397.719021 -0.272686
300.000000 0.424000 0.424000 0.424000 0.000000 0.000000 0.000000 -43493.766469 -0.307369
300.000000 0.426000 0.426000 0.426000 0.000000 0.000000 0.000000 -43602.223162 -3.145903
300.000000 0.428000 0.428000 0.428000 0.000000 0.000000 0.000000 -43489.247056 4.884108
300.000000 0.430000 0.430000 0.430000 0.000000 0.000000 0.000000 -43627.529515 12.611555
300.000000 0.432000 0.432000 0.432000 0.000000 0.000000 0.000000 -43440.239003 -4.682103
300.000000 0.434000 0.434000 0.434000 0.000000 0.000000 0.000000 -43444.177120 -1.344138
300.000000 0.436000 0.436000 0.436000 0.000000 0.000000 0.000000 -43386.950801 3.549403
300.000000 0.438000 0.438000 0.438000 0.000000 0.000000 0.000000 -43472.936740 3.723028
300.000000 0.440000 0.440000 0.440000 0.000000 0.000000 0.000000 -43550.228345 7.079994
300.000000 0.442000 0.442000 0.442000 0.000000 0.000000 0.000000 -43502.079870 -5.084992
300.000000 0.444000 0.444000 0.444000 0.000000 0.000000 0.000000 -43404.702365 5.756439
300.000000 0.446000 0.446000 0.446000 0.000000 0.000000 0.000000 -43337.981427 10.260616
300.000000 0.448000 0.448000 0.448000 0.000000 0.000000 0.000000 -43528.629123 4.425888
300.000000 0.450000 0.450000 0.450000 0.000000 0.000000 0.000000 -43439.767631 2.345487
300.000000 0.452000 0.452000 0.452000 0.000000 0.000000 0.000000 -43333.715409 0.301711
300.000000 0.454000 0.454000 0.454000 0.000000 0.000000 0.000000 -43327.618348 -4.025376
300.000000 0.456000 0.456000 0.456000 0.000000 0.000000 0.000000 -43285.146849 -1.893527
300.000000 0.458000 0.458000 0.458000 0.000000 0.000000 0.000000 -43351.310503 2.341547
300.000000 0.460000 0.460000 0.460000 0.000000 0.000000 0.000000 -43332.805410 2.544782
300.000000 0.462000 0.462000 0.462000 0.000000 0.000000 0.000000 -43445.738388 -2.522637
300.000000 0.464000 0.464000 0.464000 0.000000 0.000000 0.000000 -43505.989036 2.913093
300.000000 0.466000 0.466000 0.466000 0.000000 0.000000 0.000000 -43537.840371 0.177410
300.000000 0.468000 0.468000 0.468000 0.000000 0.000000 0.000000 -43449.996151 -3.677995
300.000000 0.470000 0.470000 0.470000 0.000000 0.000000 0.000000 -43622.941451 2.929895
300.000000 0.472000 0.472000 0.472000 0.000000 0.000000 0.000000 -43601.471916 1.615138
300.000000 0.474000 0.474000 0.474000 0.000000 0.000000 0.000000 -43468.626955 -2.637900
300.000000 0.476000 0.476000 0.476000 0.000000 0.000000 0.000000 -43529.781420 1.510842
300.000000 0.478000 0.478000 0.478000 0.000000 0.000000 0.000000 -43468.779622 -1.803011
300.000000 0.480000 0.480000 0.480000 0.000000 0.000000 0.000000 -43478.215128 2.248476
300.000000 0.482000 0.482000 0.482000 0.000000 0.000000 0.000000 -43411.325269 0.297365
300.000000 0.484000 0.484000 0.484000 0.000000 0.000000 0.000000 -43360.300296 7.135795
300.000000 0.486000 0.486000 0.486000 0.000000 0.000000 0.000000 -43453.166655 -2.530231
300.000000 0.488000 0.488000 0.488000 0.000000 0.000000 0.000000 -43483.999035 4.422833
300.000000 0.490000 0.490000 0.490000 0.000000 0.000000 0.000000 -43297.911717 -1.952017
300.000000 0.492000 0.492000 0.492000 0.000000 0.000000 0.000000 -43238.424627 6.308104
300.000000 0.494000 0.494000 0.494000 0.000000 0.000000 0.000000 -43295.407533 -7.090396
300.000000 0.496000 0.496000 0.496000 0.000000 0.000000 0.000000 -43337.037289 -10.713643
300.000000 0.498000 0.498000 0.498000 0.000000 0.000000 0.000000 -43459.580887 3.495899
