50.000000 0.500000 0.500000 0.500000 0.000000 0.000000 0.000000 -38348.520195 6.662285
75.000000 0.500000 0.500000 0.500000 0.000000 0.000000 0.000000 -37987.318918 3.510397
100.000000 0.500000 0.500000 0.500000 0.000000 0.000000 0.000000 -37627.955654 10.157744
125.000000 0.500000 0.500000 0.500000 0.000000 0.000000 0.000000 -37236.734423 16.371893
150.000000 0.500000 0.500000 0.500000 0.000000 0.000000 0.000000 -36785.852567 13.234943
175.000000 0.500000 0.500000 0.500000 0.000000 0.000000 0.000000 -36336.593249 3.629900
200.000000 0.500000 0.500000 0.500000 0.000000 0.000000 0.000000 -35653.611645 5.840703
225.000000 0.500000 0.500000 0.500000 0.000000 0.000000 0.000000 -34702.733523 8.096319
250.000000 0.500000 0.500000 0.500000 0.000000 0.000000 0.000000 -33543.478475 9.470602
275.000000 0.500000 0.500000 0.500000 0.000000 0.000000 0.000000 -32547.862635 -3.704589
300.000000 0.500000 0.500000 0.500000 0.000000 0.000000 0.000000 -31975.827547 -5.586759
300.000000 0.500000 0.500000 0.500000 0.000000 0.000000 0.000000 -32265.353737 -17.148662
300.000000 0.500000 0.500000 0.500000 0.000000 0.000000 0.000000 -32247.875807 -6.871415
300.000000 0.500000 0.500000 0.500000 0.000000 0.000000 0.000000 -32452.938760 -4.033222
300.000000 0.500000 0.500000 0.500000 0.000000 0.000000 0.000000 -32385.402135 -11.382648
300.000000 0.500000 0.500000 0.500000 0.000000 0.000000 0.000000 -32348.904269 4.182600
300.000000 0.500000 0.500000 0.500000 0.000000 0.000000 0.000000 -32146.097355 -4.302103
300.000000 0.500000 0.500000 0.500000 0.000000 0.000000 0.000000 -32244.045572 4.839866
300.000000 0.500000 0.500000 0.500000 0.000000 0.000000 0.000000 -32258.317295 -4.839866
300.000000 0.500000 0.500000 0.500000 0.000000 0.000000 0.000000 -32414.332602 -10.516252
