300.000000 0.500000 0.500000 0.500000 0.000000 0.000000 0.000000 -32371.771361 -2.479685
300.000000 0.500000 0.500000 0.500000 0.000000 0.000000 0.000000 -32324.396322 -14.071463
300.000000 0.500000 0.500000 0.500000 0.000000 0.000000 0.000000 -32391.370852 4.750239
300.000000 0.500000 0.500000 0.500000 0.000000 0.000000 0.000000 -32179.516818 1.762667
300.000000 0.500000 0.500000 0.500000 0.000000 0.000000 0.000000 -32318.273580 -4.869742
300.000000 0.500000 0.500000 0.500000 0.000000 0.000000 0.000000 -32360.817067 -4.212476
300.000000 0.500000 0.500000 0.500000 0.000000 0.000000 0.000000 -32254.898139 -6.348590
300.000000 0.500000 0.500000 0.500000 0.000000 0.000000 0.000000 -32396.308982 -7.005856
300.000000 0.500000 0.500000 0.500000 0.000000 0.000000 0.000000 -32261.828839 -4.063098
300.000000 0.500000 0.500000 0.500000 0.000000 0.000000 0.000000 -32417.700199 -10.396750
300.000000 0.500000 0.500000 0.500000 0.000000 0.000000 0.000000 -32316.539636 -5.766013
300.000000 0.500000 0.500000 0.500000 0.000000 0.000000 0.000000 -32434.718971 -20.464866
300.000000 0.500000 0.500000 0.500000 0.000000 0.000000 0.000000 -32293.824127 6.542782
300.000000 0.500000 0.500000 0.500000 0.000000 0.000000 0.000000 -32347.969561 -15.087237
300.000000 0.500000 0.500000 0.500000 0.000000 0.000000 0.000000 -32406.624040 5.780951
300.000000 0.500000 0.500000 0.500000 0.000000 0.000000 0.000000 -32346.947558 5.123685
300.000000 0.500000 0.500000 0.500000 0.000000 0.000000 0.000000 -32548.563892 -6.363528
300.000000 0.500000 0.500000 0.500000 0.000000 0.000000 0.000000 -32283.536086 -3.166826
300.000000 0.500000 0.500000 0.500000 0.000000 0.000000 0.000000 -32481.339969 -12.756931
300.000000 0.500000 0.500000 0.500000 0.000000 0.000000 0.000000 -32384.983897 -2.494622
300.000000 0.500000 0.500000 0.500000 0.000000 0.000000 0.000000 -32421.106702 -0.851458
300.000000 0.500000 0.500000 0.500000 0.000000 0.000000 0.000000 -32466.016207 2.539436
300.000000 0.500000 0.500000 0.500000 0.000000 0.000000 0.000000 -32400.649815 -6.647347
300.000000 0.500000 0.500000 0.500000 0.000000 0.000000 0.000000 -32350.998226 -15.326243
300.000000 0.500000 0.500000 0.500000 0.000000 0.000000 0.000000 -32416.557716 -13.533700
300.000000 0.500000 0.500000 0.500000 0.000000 0.000000 0.000000 -32448.166895 -12.637428
300.000000 0.500000 0.500000 0.500000 0.000000 0.000000 0.000000 -32516.860870 -22.869861
300.000000 0.500000 0.500000 0.500000 0.000000 0.000000 0.000000 -32267.332842 -8.693834
300.000000 0.500000 0.500000 0.500000 0.000000 0.000000 0.000000 -32390.220608 -14.011711
300.000000 0.500000 0.500000 0.500000 0.000000 0.000000 0.000000 -32312.151742 -8.335325
