300.000000 0.000000 0.000000 0.000000 0.000000 0.000000 0.000000 -29796.280195 898.627486
300.000000 0.002000 0.002000 0.002000 0.000000 0.000000 0.000000 -29828.380193 837.370569
300.000000 0.004000 0.004000 0.004000 0.000000 0.000000 0.000000 -29910.393489 790.829545
300.000000 0.006000 0.006000 0.006000 0.000000 0.000000 0.000000 -29862.185713 730.416166
300.000000 0.008000 0.008000 0.008000 0.000000 0.000000 0.000000 -29826.057263 883.864223
300.000000 0.010000 0.010000 0.010000 0.000000 0.000000 0.000000 -29714.327767 876.120443
300.000000 0.012000 0.012000 0.012000 0.000000 0.000000 0.000000 -29775.471021 840.273492
300.000000 0.014000 0.014000 0.014000 0.000000 0.000000 0.000000 -29811.410578 792.333378
300.000000 0.016000 0.016000 0.016000 0.000000 0.000000 0.000000 -29791.321274 861.440136
300.000000 0.018000 0.018000 0.018000 0.000000 0.000000 0.000000 -29785.830935 764.046080
300.000000 0.020000 0.020000 0.020000 0.000000 0.000000 0.000000 -29728.919614 684.857305
300.000000 0.022000 0.022000 0.022000 0.000000 0.000000 0.000000 -29765.290148 726.151464
300.000000 0.024000 0.024000 0.024000 0.000000 0.000000 0.000000 -29777.302150 650.017561
300.000000 0.026000 0.026000 0.026000 0.000000 0.000000 0.000000 -29798.013008 711.074919
300.000000 0.028000 0.028000 0.028000 0.000000 0.000000 0.000000 -29942.998694 610.629240
300.000000 0.030000 0.030000 0.030000 0.000000 0.000000 0.000000 -29875.080618 713.678877
300.000000 0.032000 0.032000 0.032000 0.000000 0.000000 0.000000 -29875.101976 611.384611
300.000000 0.034000 0.034000 0.034000 0.000000 0.000000 0.000000 -29844.583314 148.169777
300.000000 0.036000 0.036000 0.036000 0.000000 0.000000 0.000000 -29835.502722 144.738083
300.000000 0.038000 0.038000 0.038000 0.000000 0.000000 0.000000 -29796.773459 94.201177
300.000000 0.040000 0.040000 0.040000 0.000000 0.000000 0.000000 -29841.772803 156.217565
300.000000 0.042000 0.042000 0.042000 0.000000 0.000000 0.000000 -29893.108372 83.735550
300.000000 0.044000 0.044000 0.044000 0.000000 0.000000 0.000000 -29888.214671 128.326784
300.000000 0.046000 0.046000 0.046000 0.000000 0.000000 0.000000 -29700.681016 130.117911
300.000000 0.048000 0.048000 0.048000 0.000000 0.000000 0.000000 -29822.028391 97.402901
300.000000 0.050000 0.050000 0.050000 0.000000 0.000000 0.000000 -29693.835845 66.189292
300.000000 0.052000 0.052000 0.052000 0.000000 0.000000 0.000000 -29684.131275 55.661769
300.000000 0.054000 0.054000 0.054000 0.000000 0.000000 0.000000 -29792.638183 121.561534
300.000000 0.056000 0.056000 0.056000 0.000000 0.000000 0.000000 -29662.040923 167.550002
300.000000 0.058000 0.058000 0.058000 0.000000 0.000000 0.000000 -29764.935436 58.546235
300.000000 0.060000 0.060000 0.060000 0.000000 0.000000 0.000000 -29785.578632 67.144896
300.000000 0.062000 0.062000 0.062000 0.000000 0.000000 0.000000 -29785.252958 90.309559
300.000000 0.064000 0.064000 0.064000 0.000000 0.000000 0.000000 -29789.177857 113.992864
300.000000 0.066000 0.066000 0.066000 0.000000 0.000000 0.000000 -29702.865767 58.441579
300.000000 0.068000 0.068000 0.068000 0.000000 0.000000 0.000000 -29701.849392 76.358357
300.000000 0.070000 0.070000 0.070000 0.000000 0.000000 0.000000 -29689.977376 76.196939
300.000000 0.072000 0.072000 0.072000 0.000000 0.000000 0.000000 -29726.407144 59.375621
300.000000 0.074000 0.074000 0.074000 0.000000 0.000000 0.000000 -29725.132156 48.757556
300.000000 0.076000 0.076000 0.076000 0.000000 0.000000 0.000000 -29833.120965 57.267770
300.000000 0.078000 0.078000 0.078000 0.000000 0.000000 0.000000 -29768.604221 60.423489
300.000000 0.080000 0.080000 0.080000 0.000000 0.000000 0.000000 -29816.339772 100.235343
300.000000 0.082000 0.082000 0.082000 0.000000 0.000000 0.000000 -29662.732265 46.859869
300.000000 0.084000 0.084000 0.084000 0.000000 0.000000 0.000000 -29687.349164 79.636404
300.000000 0.086000 0.086000 0.086000 0.000000 0.000000 0.000000 -29734.153258 72.602633
300.000000 0.088000 0.088000 0.088000 0.000000 0.000000 0.000000 -29727.570447 40.275182
300.000000 0.090000 0.090000 0.090000 0.000000 0.000000 0.000000 -29718.227281 55.091029
300.000000 0.092000 0.092000 0.092000 0.000000 0.000000 0.000000 -29708.034165 31.355740
300.000000 0.094000 0.094000 0.094000 0.000000 0.000000 0.000000 -29765.803133 58.105984
300.000000 0.096000 0.096000 0.096000 0.000000 0.000000 0.000000 -29775.208599 69.409667
300.000000 0.098000 0.098000 0.098000 0.000000 0.000000 0.000000 -29793.667434 50.663713
300.000000 0.100000 0.100000 0.100000 0.000000 0.000000 0.000000 -29823.240681 37.707352
300.000000 0.102000 0.102000 0.102000 0.000000 0.000000 0.000000 -29834.499974 36.520007
300.000000 0.104000 0.104000 0.104000 0.000000 0.000000 0.000000 -29862.476027 50.902712
300.000000 0.106000 0.106000 0.106000 0.000000 0.000000 0.000000 -29856.735879 52.233898
300.000000 0.108000 0.108000 0.108000 0.000000 0.000000 0.000000 -29698.023780 56.629802
300.000000 0.110000 0.110000 0.110000 0.000000 0.000000 0.000000 -29724.924516 60.197257
300.000000 0.112000 0.112000 0.112000 0.000000 0.000000 0.000000 -29845.870014 43.524992
300.000000 0.114000 0.114000 0.114000 0.000000 0.000000 0.000000 -29836.957968 52.332343
300.000000 0.116000 0.116000 0.116000 0.000000 0.000000 0.000000 -29745.658419 26.104643
300.000000 0.118000 0.118000 0.118000 0.000000 0.000000 0.000000 -29756.869833 57.470851
300.000000 0.120000 0.120000 0.120000 0.000000 0.000000 0.000000 -29794.941910 50.464054
300.000000 0.122000 0.122000 0.122000 0.000000 0.000000 0.000000 -29779.618894 11.605423
300.000000 0.124000 0.124000 0.124000 0.000000 0.000000 0.000000 -29721.359609 41.358822
300.000000 0.126000 0.126000 0.126000 0.000000 0.000000 0.000000 -29759.700161 27.085895
300.000000 0.128000 0.128000 0.128000 0.000000 0.000000 0.000000 -29776.832605 26.716776
300.000000 0.130000 0.130000 0.130000 0.000000 0.000000 0.000000 -29791.298868 22.816552
300.000000 0.132000 0.132000 0.132000 0.000000 0.000000 0.000000 -29863.996129 35.990173
300.000000 0.134000 0.134000 0.134000 0.000000 0.000000 0.000000 -29856.806504 48.628912
300.000000 0.136000 0.136000 0.136000 0.000000 0.000000 0.000000 -29949.657583 31.573144
300.000000 0.138000 0.138000 0.138000 0.000000 0.000000 0.000000 -29853.498845 29.259267
300.000000 0.140000 0.140000 0.140000 0.000000 0.000000 0.000000 -29862.220422 45.038962
300.000000 0.142000 0.142000 0.142000 0.000000 0.000000 0.000000 -29846.302199 54.865715
300.000000 0.144000 0.144000 0.144000 0.000000 0.000000 0.000000 -29739.212474 30.059147
300.000000 0.146000 0.146000 0.146000 0.000000 0.000000 0.000000 -29773.327529 28.226793
300.000000 0.148000 0.148000 0.148000 0.000000 0.000000 0.000000 -29739.047740 31.223670
300.000000 0.150000 0.150000 0.150000 0.000000 0.000000 0.000000 -29787.991985 38.678258
300.000000 0.152000 0.152000 0.152000 0.000000 0.000000 0.000000 -29834.402919 44.174403
300.000000 0.154000 0.154000 0.154000 0.000000 0.000000 0.000000 -29875.385223 46.998794
300.000000 0.156000 0.156000 0.156000 0.000000 0.000000 0.000000 -29751.702416 26.653344
300.000000 0.158000 0.158000 0.158000 0.000000 0.000000 0.000000 -29781.595706 27.936417
300.000000 0.160000 0.160000 0.160000 0.000000 0.000000 0.000000 -29834.152853 33.804542
300.000000 0.162000 0.162000 0.162000 0.000000 0.000000 0.000000 -29679.889614 34.910894
300.000000 0.164000 0.164000 0.164000 0.000000 0.000000 0.000000 -29732.833741 19.349280
300.000000 0.166000 0.166000 0.166000 0.000000 0.000000 0.000000 -29829.709826 8.788693
300.000000 0.168000 0.168000 0.168000 0.000000 0.000000 0.000000 -29764.774101 18.142926
300.000000 0.170000 0.170000 0.170000 0.000000 0.000000 0.000000 -29826.359689 26.031428
300.000000 0.172000 0.172000 0.172000 0.000000 0.000000 0.000000 -29952.273217 51.812368
300.000000 0.174000 0.174000 0.174000 0.000000 0.000000 0.000000 -29974.636416 29.819555
300.000000 0.176000 0.176000 0.176000 0.000000 0.000000 0.000000 -29811.377811 24.688902
300.000000 0.178000 0.178000 0.178000 0.000000 0.000000 0.000000 -29756.820551 35.149375
300.000000 0.180000 0.180000 0.180000 0.000000 0.000000 0.000000 -29761.456155 27.724278
300.000000 0.182000 0.182000 0.182000 0.000000 0.000000 0.000000 -29781.350834 30.054345
300.000000 0.184000 0.184000 0.184000 0.000000 0.000000 0.000000 -29743.928603 35.544847
300.000000 0.186000 0.186000 0.186000 0.000000 0.000000 0.000000 -29772.185164 27.114395
300.000000 0.188000 0.188000 0.188000 0.000000 0.000000 0.000000 -29762.707005 27.617693
300.000000 0.190000 0.190000 0.190000 0.000000 0.000000 0.000000 -29804.739544 33.018690
300.000000 0.192000 0.192000 0.192000 0.000000 0.000000 0.000000 -29754.389153 34.994915
300.000000 0.194000 0.194000 0.194000 0.000000 0.000000 0.000000 -29708.264159 26.361367
300.000000 0.196000 0.196000 0.196000 0.000000 0.000000 0.000000 -29689.196087 34.066342
300.000000 0.198000 0.198000 0.198000 0.000000 0.000000 0.000000 -29772.607354 39.103065
300.000000 0.200000 0.200000 0.200000 0.000000 0.000000 0.000000 -29824.244120 26.699675
300.000000 0.202000 0.202000 0.202000 0.000000 0.000000 0.000000 -29706.223074 34.313225
300.000000 0.204000 0.204000 0.204000 0.000000 0.000000 0.000000 -29755.561250 11.051122
300.000000 0.206000 0.206000 0.206000 0.000000 0.000000 0.000000 -29580.300746 20.446914
300.000000 0.208000 0.208000 0.208000 0.000000 0.000000 0.000000 -29641.134456 35.186636
300.000000 0.210000 0.210000 0.210000 0.000000 0.000000 0.000000 -29717.071124 17.521067
300.000000 0.212000 0.212000 0.212000 0.000000 0.000000 0.000000 -29583.855819 36.633014
300.000000 0.214000 0.214000 0.214000 0.000000 0.000000 0.000000 -29606.989453 28.004930
300.000000 0.216000 0.216000 0.216000 0.000000 0.000000 0.000000 -29658.977139 24.456101
300.000000 0.218000 0.218000 0.218000 0.000000 0.000000 0.000000 -29601.171805 36.116614
300.000000 0.220000 0.220000 0.220000 0.000000 0.000000 0.000000 -29700.263972 11.204468
300.000000 0.222000 0.222000 0.222000 0.000000 0.000000 0.000000 -29701.573260 16.037203
300.000000 0.224000 0.224000 0.224000 0.000000 0.000000 0.000000 -29668.687621 10.257562
300.000000 0.226000 0.226000 0.226000 0.000000 0.000000 0.000000 -29687.349339 19.600270
300.000000 0.228000 0.228000 0.228000 0.000000 0.000000 0.000000 -29672.397281 25.746090
300.000000 0.230000 0.230000 0.230000 0.000000 0.000000 0.000000 -29630.824983 30.066884
300.000000 0.232000 0.232000 0.232000 0.000000 0.000000 0.000000 -29641.461652 21.706923
300.000000 0.234000 0.234000 0.234000 0.000000 0.000000 0.000000 -29701.983705 12.856255
300.000000 0.236000 0.236000 0.236000 0.000000 0.000000 0.000000 -29723.988877 17.900129
300.000000 0.238000 0.238000 0.238000 0.000000 0.000000 0.000000 -29842.415413 17.451145
300.000000 0.240000 0.240000 0.240000 0.000000 0.000000 0.000000 -29754.094926 21.008151
300.000000 0.242000 0.242000 0.242000 0.000000 0.000000 0.000000 -29824.560412 5.968543
300.000000 0.244000 0.244000 0.244000 0.000000 0.000000 0.000000 -29818.013786 17.934272
300.000000 0.246000 0.246000 0.246000 0.000000 0.000000 0.000000 -29737.461268 15.593589
300.000000 0.248000 0.248000 0.248000 0.000000 0.000000 0.000000 -29710.123369 29.839750
300.000000 0.250000 0.250000 0.250000 0.000000 0.000000 0.000000 -29827.718508 20.115568
300.000000 0.252000 0.252000 0.252000 0.000000 0.000000 0.000000 -29856.107064 24.576846
300.000000 0.254000 0.254000 0.254000 0.000000 0.000000 0.000000 -29935.241894 28.291960
300.000000 0.256000 0.256000 0.256000 0.000000 0.000000 0.000000 -29816.848341 33.739065
300.000000 0.258000 0.258000 0.258000 0.000000 0.000000 0.000000 -29956.335434 8.893831
300.000000 0.260000 0.260000 0.260000 0.000000 0.000000 0.000000 -29846.006278 16.935503
300.000000 0.262000 0.262000 0.262000 0.000000 0.000000 0.000000 -29767.766553 27.216365
300.000000 0.264000 0.264000 0.264000 0.000000 0.000000 0.000000 -29689.052201 40.298479
300.000000 0.266000 0.266000 0.266000 0.000000 0.000000 0.000000 -29609.181493 23.638658
300.000000 0.268000 0.268000 0.268000 0.000000 0.000000 0.000000 -29572.026120 9.893307
300.000000 0.270000 0.270000 0.270000 0.000000 0.000000 0.000000 -29590.510511 9.515363
300.000000 0.272000 0.272000 0.272000 0.000000 0.000000 0.000000 -29674.396441 15.490283
300.000000 0.274000 0.274000 0.274000 0.000000 0.000000 0.000000 -29686.928011 18.116914
300.000000 0.276000 0.276000 0.276000 0.000000 0.000000 0.000000 -29704.583191 14.155378
300.000000 0.278000 0.278000 0.278000 0.000000 0.000000 0.000000 -29800.529258 14.247084
300.000000 0.280000 0.280000 0.280000 0.000000 0.000000 0.000000 -29774.310757 -2.066415
300.000000 0.282000 0.282000 0.282000 0.000000 0.000000 0.000000 -29806.349614 17.071783
300.000000 0.284000 0.284000 0.284000 0.000000 0.000000 0.000000 -29764.416404 10.099545
300.000000 0.286000 0.286000 0.286000 0.000000 0.000000 0.000000 -29719.598362 8.712854
300.000000 0.288000 0.288000 0.288000 0.000000 0.000000 0.000000 -29672.169208 10.265243
300.000000 0.290000 0.290000 0.290000 0.000000 0.000000 0.000000 -29743.368268 24.441917
300.000000 0.292000 0.292000 0.292000 0.000000 0.000000 0.000000 -29772.045980 13.392392
300.000000 0.294000 0.294000 0.294000 0.000000 0.000000 0.000000 -29741.713731 7.829430
300.000000 0.296000 0.296000 0.296000 0.000000 0.000000 0.000000 -29746.316437 11.812075
300.000000 0.298000 0.298000 0.298000 0.000000 0.000000 0.000000 -29574.401262 13.822564
300.000000 0.300000 0.300000 0.300000 0.000000 0.000000 0.000000 -29739.955931 17.463630
300.000000 0.302000 0.302000 0.302000 0.000000 0.000000 0.000000 -29616.190642 24.451831
300.000000 0.304000 0.304000 0.304000 0.000000 0.000000 0.000000 -29559.280350 39.556514
300.000000 0.306000 0.306000 0.306000 0.000000 0.000000 0.000000 -29705.970554 9.078017
300.000000 0.308000 0.308000 0.308000 0.000000 0.000000 0.000000 -29818.252058 11.727397
300.000000 0.310000 0.310000 0.310000 0.000000 0.000000 0.000000 -29735.620058 24.559520
300.000000 0.312000 0.312000 0.312000 0.000000 0.000000 0.000000 -29647.557188 10.455796
300.000000 0.314000 0.314000 0.314000 0.000000 0.000000 0.000000 -29686.214290 12.933646
300.000000 0.316000 0.316000 0.316000 0.000000 0.000000 0.000000 -29730.815916 15.617576
300.000000 0.318000 0.318000 0.318000 0.000000 0.000000 0.000000 -29775.157177 12.797329
300.000000 0.320000 0.320000 0.320000 0.000000 0.000000 0.000000 -29721.201072 10.023632
300.000000 0.322000 0.322000 0.322000 0.000000 0.000000 0.000000 -29628.358821 9.310666
300.000000 0.324000 0.324000 0.324000 0.000000 0.000000 0.000000 -29748.572520 29.449861
300.000000 0.326000 0.326000 0.326000 0.000000 0.000000 0.000000 -29756.150943 11.196220
300.000000 0.328000 0.328000 0.328000 0.000000 0.000000 0.000000 -29712.038584 15.622885
300.000000 0.330000 0.330000 0.330000 0.000000 0.000000 0.000000 -29737.292692 10.591062
300.000000 0.332000 0.332000 0.332000 0.000000 0.000000 0.000000 -29791.674432 21.321615
300.000000 0.334000 0.334000 0.334000 0.000000 0.000000 0.000000 -29714.406238 6.289013
300.000000 0.336000 0.336000 0.336000 0.000000 0.000000 0.000000 -29802.576575 14.489743
300.000000 0.338000 0.338000 0.338000 0.000000 0.000000 0.000000 -29810.315525 19.156690
300.000000 0.340000 0.340000 0.340000 0.000000 0.000000 0.000000 -29753.602349 12.115832
300.000000 0.342000 0.342000 0.342000 0.000000 0.000000 0.000000 -29760.368179 16.553726
300.000000 0.344000 0.344000 0.344000 0.000000 0.000000 0.000000 -29742.895550 2.489967
300.000000 0.346000 0.346000 0.346000 0.000000 0.000000 0.000000 -29693.216440 4.737487
300.000000 0.348000 0.348000 0.348000 0.000000 0.000000 0.000000 -29688.311626 4.305029
300.000000 0.350000 0.350000 0.350000 0.000000 0.000000 0.000000 -29792.840756 10.988864
300.000000 0.352000 0.352000 0.352000 0.000000 0.000000 0.000000 -29839.139189 13.286732
300.000000 0.354000 0.354000 0.354000 0.000000 0.000000 0.000000 -29716.919474 9.313565
300.000000 0.356000 0.356000 0.356000 0.000000 0.000000 0.000000 -29783.437637 17.647400
300.000000 0.358000 0.358000 0.358000 0.000000 0.000000 0.000000 -29795.471181 14.505853
300.000000 0.360000 0.360000 0.360000 0.000000 0.000000 0.000000 -29778.572574 14.786228
300.000000 0.362000 0.362000 0.362000 0.000000 0.000000 0.000000 -29756.334247 7.802322
300.000000 0.364000 0.364000 0.364000 0.000000 0.000000 0.000000 -29793.441322 18.367470
300.000000 0.366000 0.366000 0.366000 0.000000 0.000000 0.000000 -29713.175510 4.083340
300.000000 0.368000 0.368000 0.368000 0.000000 0.000000 0.000000 -29695.136578 -2.105047
300.000000 0.370000 0.370000 0.370000 0.000000 0.000000 0.000000 -29829.830195 -2.601823
300.000000 0.372000 0.372000 0.372000 0.000000 0.000000 0.000000 -29815.856802 15.138469
300.000000 0.374000 0.374000 0.374000 0.000000 0.000000 0.000000 -29789.089568 0.385000
300.000000 0.376000 0.376000 0.376000 0.000000 0.000000 0.000000 -29797.806193 8.428556
300.000000 0.378000 0.378000 0.378000 0.000000 0.000000 0.000000 -29858.311549 5.589279
300.000000 0.380000 0.380000 0.380000 0.000000 0.000000 0.000000 -29803.424093 1.035080
300.000000 0.382000 0.382000 0.382000 0.000000 0.000000 0.000000 -29822.387725 12.694489
300.000000 0.384000 0.384000 0.384000 0.000000 0.000000 0.000000 -29854.086417 3.592238
300.000000 0.386000 0.386000 0.386000 0.000000 0.000000 0.000000 -29822.693976 4.440961
300.000000 0.388000 0.388000 0.388000 0.000000 0.000000 0.000000 -29836.356558 13.700850
300.000000 0.390000 0.390000 0.390000 0.000000 0.000000 0.000000 -29877.933134 -7.483618
300.000000 0.392000 0.392000 0.392000 0.000000 0.000000 0.000000 -29746.891085 7.363298
300.000000 0.394000 0.394000 0.394000 0.000000 0.000000 0.000000 -29694.104452 9.876807
300.000000 0.396000 0.396000 0.396000 0.000000 0.000000 0.000000 -29790.157190 13.238907
300.000000 0.398000 0.398000 0.398000 0.000000 0.000000 0.000000 -29697.089337 12.563172
300.000000 0.400000 0.400000 0.400000 0.000000 0.000000 0.000000 -29729.493280 6.545515
300.000000 0.402000 0.402000 0.402000 0.000000 0.000000 0.000000 -29777.585642 3.636215
300.000000 0.404000 0.404000 0.404000 0.000000 0.000000 0.000000 -29833.914254 -2.184581
300.000000 0.406000 0.406000 0.406000 0.000000 0.000000 0.000000 -29951.045868 -1.470176
300.000000 0.408000 0.408000 0.408000 0.000000 0.000000 0.000000 -29807.461407 9.687423
300.000000 0.410000 0.410000 0.410000 0.000000 0.000000 0.000000 -29778.203297 2.137699
300.000000 0.412000 0.412000 0.412000 0.000000 0.000000 0.000000 -29898.080772 11.880234
300.000000 0.414000 0.414000 0.414000 0.000000 0.000000 0.000000 -29868.266673 7.126105
300.000000 0.416000 0.416000 0.416000 0.000000 0.000000 0.000000 -29783.461453 -8.455377
300.000000 0.418000 0.418000 0.418000 0.000000 0.000000 0.000000 -29705.092173 -3.020719
300.000000 0.420000 0.420000 0.420000 0.000000 0.000000 0.000000 -29715.436170 13.155034
300.000000 0.422000 0.422000 0.422000 0.000000 0.000000 0.000000 -29698.895732 8.069875
300.000000 0.424000 0.424000 0.424000 0.000000 0.000000 0.000000 -29779.732393 3.263423
300.000000 0.426000 0.426000 0.426000 0.000000 0.000000 0.000000 -29721.187782 -6.334110
300.000000 0.428000 0.428000 0.428000 0.000000 0.000000 0.000000 -29832.940699 -5.512989
300.000000 0.430000 0.430000 0.430000 0.000000 0.000000 0.000000 -29943.807817 -3.406922
300.000000 0.432000 0.432000 0.432000 0.000000 0.000000 0.000000 -29831.102871 -2.030301
300.000000 0.434000 0.434000 0.434000 0.000000 0.000000 0.000000 -29786.113472 5.825658
300.000000 0.436000 0.436000 0.436000 0.000000 0.000000 0.000000 -29720.643423 11.017997
300.000000 0.438000 0.438000 0.438000 0.000000 0.000000 0.000000 -29747.427588 -2.171089
300.000000 0.440000 0.440000 0.440000 0.000000 0.000000 0.000000 -29822.620823 8.968739
300.000000 0.442000 0.442000 0.442000 0.000000 0.000000 0.000000 -29781.979138 -6.438840
300.000000 0.444000 0.444000 0.444000 0.000000 0.000000 0.000000 -29662.124103 8.158744
300.000000 0.446000 0.446000 0.446000 0.000000 0.000000 0.000000 -29769.369130 15.813862
300.000000 0.448000 0.448000 0.448000 0.000000 0.000000 0.000000 -29678.709611 0.453443
300.000000 0.450000 0.450000 0.450000 0.000000 0.000000 0.000000 -29803.317049 -0.861158
300.000000 0.452000 0.452000 0.452000 0.000000 0.000000 0.000000 -29704.653002 1.814774
300.000000 0.454000 0.454000 0.454000 0.000000 0.000000 0.000000 -29850.522475 5.718012
300.000000 0.456000 0.456000 0.456000 0.000000 0.000000 0.000000 -29787.830051 2.640281
300.000000 0.458000 0.458000 0.458000 0.000000 0.000000 0.000000 -29768.295628 10.721616
300.000000 0.460000 0.460000 0.460000 0.000000 0.000000 0.000000 -29764.739418 11.051015
300.000000 0.462000 0.462000 0.462000 0.000000 0.000000 0.000000 -29763.100852 0.288168
300.000000 0.464000 0.464000 0.464000 0.000000 0.000000 0.000000 -29853.300522 -5.140782
300.000000 0.466000 0.466000 0.466000 0.000000 0.000000 0.000000 -29760.870749 2.734801
300.000000 0.468000 0.468000 0.468000 0.000000 0.000000 0.000000 -29762.458308 1.553382
300.000000 0.470000 0.470000 0.470000 0.000000 0.000000 0.000000 -29827.995252 -3.443537
300.000000 0.472000 0.472000 0.472000 0.000000 0.000000 0.000000 -29839.730511 -2.048735
300.000000 0.474000 0.474000 0.474000 0.000000 0.000000 0.000000 -29898.083354 -7.930210
300.000000 0.476000 0.476000 0.476000 0.000000 0.000000 0.000000 -29728.894560 -2.924476
300.000000 0.478000 0.478000 0.478000 0.000000 0.000000 0.000000 -29795.239902 5.303920
300.000000 0.480000 0.480000 0.480000 0.000000 0.000000 0.000000 -29786.755819 -7.600003
300.000000 0.482000 0.482000 0.482000 0.000000 0.000000 0.000000 -29704.379117 -10.968395
300.000000 0.484000 0.484000 0.484000 0.000000 0.000000 0.000000 -29743.646359 -1.749248
300.000000 0.486000 0.486000 0.486000 0.000000 0.000000 0.000000 -29765.392429 -9.147285
300.000000 0.488000 0.488000 0.488000 0.000000 0.000000 0.000000 -29785.755625 -4.688990
300.000000 0.490000 0.490000 0.490000 0.000000 0.000000 0.000000 -29794.624041 -2.494923
300.000000 0.492000 0.492000 0.492000 0.000000 0.000000 0.000000 -29823.803776 -5.232583
300.000000 0.494000 0.494000 0.494000 0.000000 0.000000 0.000000 -29654.765757 2.424809
300.000000 0.496000 0.496000 0.496000 0.000000 0.000000 0.000000 -29699.497542 -6.229447
300.000000 0.498000 0.498000 0.498000 0.000000 0.000000 0.000000 -29579.004294 2.150614
