300.000000 0.000000 0.000000 0.000000 0.000000 0.000000 0.000000 -33456.513256 916.697385
300.000000 0.002000 0.002000 0.002000 0.000000 0.000000 0.000000 -33428.773388 793.674777
300.000000 0.004000 0.004000 0.004000 0.000000 0.000000 0.000000 -33476.533417 936.406153
300.000000 0.006000 0.006000 0.006000 0.000000 0.000000 0.000000 -33439.793742 959.194908
300.000000 0.008000 0.008000 0.008000 0.000000 0.000000 0.000000 -33482.791047 961.308468
300.000000 0.010000 0.010000 0.010000 0.000000 0.000000 0.000000 -33558.050581 835.443880
300.000000 0.012000 0.012000 0.012000 0.000000 0.000000 0.000000 -33484.790563 854.921864
300.000000 0.014000 0.014000 0.014000 0.000000 0.000000 0.000000 -33503.361829 880.908047
300.000000 0.016000 0.016000 0.016000 0.000000 0.000000 0.000000 -33449.338148 834.099189
300.000000 0.018000 0.018000 0.018000 0.000000 0.000000 0.000000 -33435.179847 793.152895
300.000000 0.020000 0.020000 0.020000 0.000000 0.000000 0.000000 -33471.725632 742.690155
300.000000 0.022000 0.022000 0.022000 0.000000 0.000000 0.000000 -33424.093107 742.820278
300.000000 0.024000 0.024000 0.024000 0.000000 0.000000 0.000000 -33394.089826 722.604252
300.000000 0.026000 0.026000 0.026000 0.000000 0.000000 0.000000 -33471.179643 672.346594
300.000000 0.028000 0.028000 0.028000 0.000000 0.000000 0.000000 -33355.080134 646.198365
300.000000 0.030000 0.030000 0.030000 0.000000 0.000000 0.000000 -33402.439494 745.999419
300.000000 0.032000 0.032000 0.032000 0.000000 0.000000 0.000000 -33230.273656 674.259928
300.000000 0.034000 0.034000 0.034000 0.000000 0.000000 0.000000 -33408.479459 778.354953
300.000000 0.036000 0.036000 0.036000 0.000000 0.000000 0.000000 -33360.552416 654.373639
300.000000 0.038000 0.038000 0.038000 0.000000 0.000000 0.000000 -33402.044889 146.221258
300.000000 0.040000 0.040000 0.040000 0.000000 0.000000 0.000000 -33464.637462 121.353611
300.000000 0.042000 0.042000 0.042000 0.000000 0.000000 0.000000 -33480.605829 101.958128
300.000000 0.044000 0.044000 0.044000 0.000000 0.000000 0.000000 -33485.153465 89.580847
300.000000 0.046000 0.046000 0.046000 0.000000 0.000000 0.000000 -33486.848367 149.719867
300.000000 0.048000 0.048000 0.048000 0.000000 0.000000 0.000000 -33380.199854 113.939283
300.000000 0.050000 0.050000 0.050000 0.000000 0.000000 0.000000 -33338.971468 71.743308
300.000000 0.052000 0.052000 0.052000 0.000000 0.000000 0.000000 -33377.050262 51.532817
300.000000 0.054000 0.054000 0.054000 0.000000 0.000000 0.000000 -33336.803720 92.072295
300.000000 0.056000 0.056000 0.056000 0.000000 0.000000 0.000000 -33468.596862 98.422312
300.000000 0.058000 0.058000 0.058000 0.000000 0.000000 0.000000 -33475.650402 85.759149
300.000000 0.060000 0.060000 0.060000 0.000000 0.000000 0.000000 -33443.322260 79.984720
300.000000 0.062000 0.062000 0.062000 0.000000 0.000000 0.000000 -33470.213889 54.656954
300.000000 0.064000 0.064000 0.064000 0.000000 0.000000 0.000000 -33383.384120 95.683325
300.000000 0.066000 0.066000 0.066000 0.000000 0.000000 0.000000 -33294.872321 58.552266
300.000000 0.068000 0.068000 0.068000 0.000000 0.000000 0.000000 -33469.894697 92.495052
300.000000 0.070000 0.070000 0.070000 0.000000 0.000000 0.000000 -33378.575872 79.584534
300.000000 0.072000 0.072000 0.072000 0.000000 0.000000 0.000000 -33430.845281 58.337638
300.000000 0.074000 0.074000 0.074000 0.000000 0.000000 0.000000 -33439.005425 37.690488
300.000000 0.076000 0.076000 0.076000 0.000000 0.000000 0.000000 -33446.185345 47.586208
300.000000 0.078000 0.078000 0.078000 0.000000 0.000000 0.000000 -33444.180008 17.858035
300.000000 0.080000 0.080000 0.080000 0.000000 0.000000 0.000000 -33369.869455 23.761611
300.000000 0.082000 0.082000 0.082000 0.000000 0.000000 0.000000 -33484.948244 15.839938
300.000000 0.084000 0.084000 0.084000 0.000000 0.000000 0.000000 -33479.090162 71.580260
300.000000 0.086000 0.086000 0.086000 0.000000 0.000000 0.000000 -33435.094743 33.381467
300.000000 0.088000 0.088000 0.088000 0.000000 0.000000 0.000000 -33488.429957 113.490798
300.000000 0.090000 0.090000 0.090000 0.000000 0.000000 0.000000 -33497.490383 63.148452
300.000000 0.092000 0.092000 0.092000 0.000000 0.000000 0.000000 -33521.671382 48.977087
300.000000 0.094000 0.094000 0.094000 0.000000 0.000000 0.000000 -33405.812103 70.162697
300.000000 0.096000 0.096000 0.096000 0.000000 0.000000 0.000000 -33602.417253 43.793230
300.000000 0.098000 0.098000 0.098000 0.000000 0.000000 0.000000 -33549.531335 58.441671
300.000000 0.100000 0.100000 0.100000 0.000000 0.000000 0.000000 -33687.212684 37.879200
300.000000 0.102000 0.102000 0.102000 0.000000 0.000000 0.000000 -33550.813735 23.365918
300.000000 0.104000 0.104000 0.104000 0.000000 0.000000 0.000000 -33520.898264 52.172305
300.000000 0.106000 0.106000 0.106000 0.000000 0.000000 0.000000 -33413.459191 32.388550
300.000000 0.108000 0.108000 0.108000 0.000000 0.000000 0.000000 -33533.378614 37.903064
300.000000 0.110000 0.110000 0.110000 0.000000 0.000000 0.000000 -33396.572505 35.856992
300.000000 0.112000 0.112000 0.112000 0.000000 0.000000 0.000000 -33265.964309 27.913238
300.000000 0.114000 0.114000 0.114000 0.000000 0.000000 0.000000 -33374.994648 55.858405
300.000000 0.116000 0.116000 0.116000 0.000000 0.000000 0.000000 -33431.093435 37.029928
300.000000 0.118000 0.118000 0.118000 0.000000 0.000000 0.000000 -33440.971295 45.561841
300.000000 0.120000 0.120000 0.120000 0.000000 0.000000 0.000000 -33389.815249 43.453177
300.000000 0.122000 0.122000 0.122000 0.000000 0.000000 0.000000 -33504.899118 27.600636
300.000000 0.124000 0.124000 0.124000 0.000000 0.000000 0.000000 -33367.409294 23.336178
300.000000 0.126000 0.126000 0.126000 0.000000 0.000000 0.000000 -33514.330037 30.363745
300.000000 0.128000 0.128000 0.128000 0.000000 0.000000 0.000000 -33494.046739 23.770684
300.000000 0.130000 0.130000 0.130000 0.000000 0.000000 0.000000 -33468.289170 29.129939
300.000000 0.132000 0.132000 0.132000 0.000000 0.000000 0.000000 -33430.502287 28.430097
300.000000 0.134000 0.134000 0.134000 0.000000 0.000000 0.000000 -33372.059029 39.226191
300.000000 0.136000 0.136000 0.136000 0.000000 0.000000 0.000000 -33466.416674 32.091179
300.000000 0.138000 0.138000 0.138000 0.000000 0.000000 0.000000 -33384.705595 24.040974
300.000000 0.140000 0.140000 0.140000 0.000000 0.000000 0.000000 -33377.190488 37.123773
300.000000 0.142000 0.142000 0.142000 0.000000 0.000000 0.000000 -33353.666328 23.270147
300.000000 0.144000 0.144000 0.144000 0.000000 0.000000 0.000000 -33385.602343 35.443535
300.000000 0.146000 0.146000 0.146000 0.000000 0.000000 0.000000 -33343.058282 19.018998
300.000000 0.148000 0.148000 0.148000 0.000000 0.000000 0.000000 -33373.061019 25.305692
300.000000 0.150000 0.150000 0.150000 0.000000 0.000000 0.000000 -33272.638879 67.092084
300.000000 0.152000 0.152000 0.152000 0.000000 0.000000 0.000000 -33463.865384 22.054334
300.000000 0.154000 0.154000 0.154000 0.000000 0.000000 0.000000 -33275.280224 46.657085
300.000000 0.156000 0.156000 0.156000 0.000000 0.000000 0.000000 -33261.066219 37.110776
300.000000 0.158000 0.158000 0.158000 0.000000 0.000000 0.000000 -33304.127124 33.906605
300.000000 0.160000 0.160000 0.160000 0.000000 0.000000 0.000000 -33191.211297 31.905635
300.000000 0.162000 0.162000 0.162000 0.000000 0.000000 0.000000 -33201.270053 17.579702
300.000000 0.164000 0.164000 0.164000 0.000000 0.000000 0.000000 -33236.566506 27.047995
300.000000 0.166000 0.166000 0.166000 0.000000 0.000000 0.000000 -33413.194893 25.049425
300.000000 0.168000 0.168000 0.168000 0.000000 0.000000 0.000000 -33405.518489 15.084949
300.000000 0.170000 0.170000 0.170000 0.000000 0.000000 0.000000 -33309.474077 22.062596
300.000000 0.172000 0.172000 0.172000 0.000000 0.000000 0.000000 -33446.459027 31.720830
300.000000 0.174000 0.174000 0.174000 0.000000 0.000000 0.000000 -33481.586648 8.839128
300.000000 0.176000 0.176000 0.176000 0.000000 0.000000 0.000000 -33485.923587 38.962145
300.000000 0.178000 0.178000 0.178000 0.000000 0.000000 0.000000 -33348.227686 43.034043
300.000000 0.180000 0.180000 0.180000 0.000000 0.000000 0.000000 -33553.042574 18.791323
300.000000 0.182000 0.182000 0.182000 0.000000 0.000000 0.000000 -33433.407041 29.097598
300.000000 0.184000 0.184000 0.184000 0.000000 0.000000 0.000000 -33441.812156 21.119524
300.000000 0.186000 0.186000 0.186000 0.000000 0.000000 0.000000 -33365.952215 32.127036
300.000000 0.188000 0.188000 0.188000 0.000000 0.000000 0.000000 -33510.467561 34.856454
300.000000 0.190000 0.190000 0.190000 0.000000 0.000000 0.000000 -33454.190880 8.616024
300.000000 0.192000 0.192000 0.192000 0.000000 0.000000 0.000000 -33441.542396 20.848332
300.000000 0.194000 0.194000 0.194000 0.000000 0.000000 0.000000 -33502.446279 10.081972
300.000000 0.196000 0.196000 0.196000 0.000000 0.000000 0.000000 -33463.574126 23.958261
300.000000 0.198000 0.198000 0.198000 0.000000 0.000000 0.000000 -33548.406987 13.652318
300.000000 0.200000 0.200000 0.200000 0.000000 0.000000 0.000000 -33416.487944 42.147998
300.000000 0.202000 0.202000 0.202000 0.000000 0.000000 0.000000 -33411.104881 19.337334
300.000000 0.204000 0.204000 0.204000 0.000000 0.000000 0.000000 -33374.401819 17.503603
300.000000 0.206000 0.206000 0.206000 0.000000 0.000000 0.000000 -33454.125163 18.132461
300.000000 0.208000 0.208000 0.208000 0.000000 0.000000 0.000000 -33444.703774 20.523797
300.000000 0.210000 0.210000 0.210000 0.000000 0.000000 0.000000 -33469.298407 27.187941
300.000000 0.212000 0.212000 0.212000 0.000000 0.000000 0.000000 -33423.883548 14.903842
300.000000 0.214000 0.214000 0.214000 0.000000 0.000000 0.000000 -33393.118775 5.443479
300.000000 0.216000 0.216000 0.216000 0.000000 0.000000 0.000000 -33504.953726 26.326982
300.000000 0.218000 0.218000 0.218000 0.000000 0.000000 0.000000 -33459.258074 12.025942
300.000000 0.220000 0.220000 0.220000 0.000000 0.000000 0.000000 -33470.522136 10.245010
300.000000 0.222000 0.222000 0.222000 0.000000 0.000000 0.000000 -33507.653212 15.230987
300.000000 0.224000 0.224000 0.224000 0.000000 0.000000 0.000000 -33519.788913 12.191905
300.000000 0.226000 0.226000 0.226000 0.000000 0.000000 0.000000 -33691.972997 6.156787
300.000000 0.228000 0.228000 0.228000 0.000000 0.000000 0.000000 -33697.752826 3.439892
300.000000 0.230000 0.230000 0.230000 0.000000 0.000000 0.000000 -33624.579366 21.391121
300.000000 0.232000 0.232000 0.232000 0.000000 0.000000 0.000000 -33481.727737 14.800051
300.000000 0.234000 0.234000 0.234000 0.000000 0.000000 0.000000 -33436.152952 6.528773
300.000000 0.236000 0.236000 0.236000 0.000000 0.000000 0.000000 -33398.266366 17.401749
300.000000 0.238000 0.238000 0.238000 0.000000 0.000000 0.000000 -33448.880218 25.136957
300.000000 0.240000 0.240000 0.240000 0.000000 0.000000 0.000000 -33386.397336 15.744959
300.000000 0.242000 0.242000 0.242000 0.000000 0.000000 0.000000 -33356.035162 28.155794
300.000000 0.244000 0.244000 0.244000 0.000000 0.000000 0.000000 -33231.065931 3.417539
300.000000 0.246000 0.246000 0.246000 0.000000 0.000000 0.000000 -33334.705802 21.905105
300.000000 0.248000 0.248000 0.248000 0.000000 0.000000 0.000000 -33390.233737 26.227059
300.000000 0.250000 0.250000 0.250000 0.000000 0.000000 0.000000 -33359.501376 26.850402
300.000000 0.252000 0.252000 0.252000 0.000000 0.000000 0.000000 -33409.967320 28.711113
300.000000 0.254000 0.254000 0.254000 0.000000 0.000000 0.000000 -33339.570518 19.477791
300.000000 0.256000 0.256000 0.256000 0.000000 0.000000 0.000000 -33284.194413 16.518359
300.000000 0.258000 0.258000 0.258000 0.000000 0.000000 0.000000 -33298.282253 16.764176
300.000000 0.260000 0.260000 0.260000 0.000000 0.000000 0.000000 -33298.809225 8.586299
300.000000 0.262000 0.262000 0.262000 0.000000 0.000000 0.000000 -33362.729107 8.288605
300.000000 0.264000 0.264000 0.264000 0.000000 0.000000 0.000000 -33384.136905 6.409374
300.000000 0.266000 0.266000 0.266000 0.000000 0.000000 0.000000 -33451.357343 28.290255
300.000000 0.268000 0.268000 0.268000 0.000000 0.000000 0.000000 -33538.984683 11.834569
300.000000 0.270000 0.270000 0.270000 0.000000 0.000000 0.000000 -33387.503882 16.294355
300.000000 0.272000 0.272000 0.272000 0.000000 0.000000 0.000000 -33338.077778 12.323276
300.000000 0.274000 0.274000 0.274000 0.000000 0.000000 0.000000 -33519.252349 16.632773
300.000000 0.276000 0.276000 0.276000 0.000000 0.000000 0.000000 -33310.380420 19.155502
300.000000 0.278000 0.278000 0.278000 0.000000 0.000000 0.000000 -33283.345418 15.088677
300.000000 0.280000 0.280000 0.280000 0.000000 0.000000 0.000000 -33508.129814 13.750310
300.000000 0.282000 0.282000 0.282000 0.000000 0.000000 0.000000 -33439.361481 9.472047
300.000000 0.284000 0.284000 0.284000 0.000000 0.000000 0.000000 -33416.062549 10.309986
300.000000 0.286000 0.286000 0.286000 0.000000 0.000000 0.000000 -33442.536821 9.887769
300.000000 0.288000 0.288000 0.288000 0.000000 0.000000 0.000000 -33484.741774 -4.045481
300.000000 0.290000 0.290000 0.290000 0.000000 0.000000 0.000000 -33468.486532 10.624687
300.000000 0.292000 0.292000 0.292000 0.000000 0.000000 0.000000 -33450.760755 15.453579
300.000000 0.294000 0.294000 0.294000 0.000000 0.000000 0.000000 -33398.577121 17.253293
300.000000 0.296000 0.296000 0.296000 0.000000 0.000000 0.000000 -33438.818752 22.348473
300.000000 0.298000 0.298000 0.298000 0.000000 0.000000 0.000000 -33466.733613 25.447722
300.000000 0.300000 0.300000 0.300000 0.000000 0.000000 0.000000 -33580.530772 19.064861
300.000000 0.302000 0.302000 0.302000 0.000000 0.000000 0.000000 -33298.189223 13.214579
300.000000 0.304000 0.304000 0.304000 0.000000 0.000000 0.000000 -33432.591403 -7.044946
300.000000 0.306000 0.306000 0.306000 0.000000 0.000000 0.000000 -33440.400334 2.814420
300.000000 0.308000 0.308000 0.308000 0.000000 0.000000 0.000000 -33439.842242 10.384394
300.000000 0.310000 0.310000 0.310000 0.000000 0.000000 0.000000 -33408.127941 3.735266
300.000000 0.312000 0.312000 0.312000 0.000000 0.000000 0.000000 -33432.874747 4.142230
300.000000 0.314000 0.314000 0.314000 0.000000 0.000000 0.000000 -33451.874075 5.859483
300.000000 0.316000 0.316000 0.316000 0.000000 0.000000 0.000000 -33389.742427 6.329856
300.000000 0.318000 0.318000 0.318000 0.000000 0.000000 0.000000 -33470.765939 9.261252
300.000000 0.320000 0.320000 0.320000 0.000000 0.000000 0.000000 -33530.893516 1.039024
300.000000 0.322000 0.322000 0.322000 0.000000 0.000000 0.000000 -33483.005420 7.107386
300.000000 0.324000 0.324000 0.324000 0.000000 0.000000 0.000000 -33466.686665 2.355577
300.000000 0.326000 0.326000 0.326000 0.000000 0.000000 0.000000 -33399.002991 8.582076
300.000000 0.328000 0.328000 0.328000 0.000000 0.000000 0.000000 -33495.549028 3.054559
300.000000 0.330000 0.330000 0.330000 0.000000 0.000000 0.000000 -33421.233446 8.370467
300.000000 0.332000 0.332000 0.332000 0.000000 0.000000 0.000000 -33513.970990 -0.436437
300.000000 0.334000 0.334000 0.334000 0.000000 0.000000 0.000000 -33459.147998 3.613862
300.000000 0.336000 0.336000 0.336000 0.000000 0.000000 0.000000 -33428.296009 20.033083
300.000000 0.338000 0.338000 0.338000 0.000000 0.000000 0.000000 -33418.001137 1.353061
300.000000 0.340000 0.340000 0.340000 0.000000 0.000000 0.000000 -33471.904531 5.981057
300.000000 0.342000 0.342000 0.342000 0.000000 0.000000 0.000000 -33468.184669 6.407046
300.000000 0.344000 0.344000 0.344000 0.000000 0.000000 0.000000 -33440.697594 0.337376
300.000000 0.346000 0.346000 0.346000 0.000000 0.000000 0.000000 -33473.233206 -1.669779
300.000000 0.348000 0.348000 0.348000 0.000000 0.000000 0.000000 -33511.652170 0.771611
300.000000 0.350000 0.350000 0.350000 0.000000 0.000000 0.000000 -33355.634724 -0.353906
300.000000 0.352000 0.352000 0.352000 0.000000 0.000000 0.000000 -33324.090265 16.271551
300.000000 0.354000 0.354000 0.354000 0.000000 0.000000 0.000000 -33382.497427 -0.067507
300.000000 0.356000 0.356000 0.356000 0.000000 0.000000 0.000000 -33312.863826 6.816364
300.000000 0.358000 0.358000 0.358000 0.000000 0.000000 0.000000 -33277.810349 12.414898
300.000000 0.360000 0.360000 0.360000 0.000000 0.000000 0.000000 -33277.271226 8.288596
300.000000 0.362000 0.362000 0.362000 0.000000 0.000000 0.000000 -33338.718330 7.777884
300.000000 0.364000 0.364000 0.364000 0.000000 0.000000 0.000000 -33320.362043 5.255700
300.000000 0.366000 0.366000 0.366000 0.000000 0.000000 0.000000 -33400.097162 7.518239
300.000000 0.368000 0.368000 0.368000 0.000000 0.000000 0.000000 -33502.625736 6.919055
300.000000 0.370000 0.370000 0.370000 0.000000 0.000000 0.000000 -33441.640360 -12.877615
300.000000 0.372000 0.372000 0.372000 0.000000 0.000000 0.000000 -33407.675519 -1.461094
300.000000 0.374000 0.374000 0.374000 0.000000 0.000000 0.000000 -33412.457357 1.522084
300.000000 0.376000 0.376000 0.376000 0.000000 0.000000 0.000000 -33296.308579 0.284666
300.000000 0.378000 0.378000 0.378000 0.000000 0.000000 0.000000 -33392.342326 10.467589
300.000000 0.380000 0.380000 0.380000 0.000000 0.000000 0.000000 -33273.223714 -3.784792
300.000000 0.382000 0.382000 0.382000 0.000000 0.000000 0.000000 -33298.438850 4.606416
300.000000 0.384000 0.384000 0.384000 0.000000 0.000000 0.000000 -33483.410040 20.866739
300.000000 0.386000 0.386000 0.386000 0.000000 0.000000 0.000000 -33336.931862 7.986501
300.000000 0.388000 0.388000 0.388000 0.000000 0.000000 0.000000 -33338.962721 3.851540
300.000000 0.390000 0.390000 0.390000 0.000000 0.000000 0.000000 -33370.487817 8.303152
300.000000 0.392000 0.392000 0.392000 0.000000 0.000000 0.000000 -33340.763562 -13.032695
300.000000 0.394000 0.394000 0.394000 0.000000 0.000000 0.000000 -33299.420725 6.380451
300.000000 0.396000 0.396000 0.396000 0.000000 0.000000 0.000000 -33301.986174 6.991972
300.000000 0.398000 0.398000 0.398000 0.000000 0.000000 0.000000 -33384.926142 10.789343
300.000000 0.400000 0.400000 0.400000 0.000000 0.000000 0.000000 -33324.994819 0.281701
300.000000 0.402000 0.402000 0.402000 0.000000 0.000000 0.000000 -33374.549167 4.434554
300.000000 0.404000 0.404000 0.404000 0.000000 0.000000 0.000000 -33388.901632 2.587835
300.000000 0.406000 0.406000 0.406000 0.000000 0.000000 0.000000 -33579.583915 3.006319
300.000000 0.408000 0.408000 0.408000 0.000000 0.000000 0.000000 -33511.013760 8.122980
300.000000 0.410000 0.410000 0.410000 0.000000 0.000000 0.000000 -33416.377559 9.293098
300.000000 0.412000 0.412000 0.412000 0.000000 0.000000 0.000000 -33379.381737 3.836899
300.000000 0.414000 0.414000 0.414000 0.000000 0.000000 0.000000 -33509.700143 7.720900
300.000000 0.416000 0.416000 0.416000 0.000000 0.000000 0.000000 -33364.745728 -9.993581
300.000000 0.418000 0.418000 0.418000 0.000000 0.000000 0.000000 -33519.502481 7.252824
300.000000 0.420000 0.420000 0.420000 0.000000 0.000000 0.000000 -33644.903170 6.104893
300.000000 0.422000 0.422000 0.422000 0.000000 0.000000 0.000000 -33554.547956 -0.612061
300.000000 0.424000 0.424000 0.424000 0.000000 0.000000 0.000000 -33432.808474 -5.403963
300.000000 0.426000 0.426000 0.426000 0.000000 0.000000 0.000000 -33481.932327 7.986092
300.000000 0.428000 0.428000 0.428000 0.000000 0.000000 0.000000 -33524.560350 7.484037
300.000000 0.430000 0.430000 0.430000 0.000000 0.000000 0.000000 -33577.966089 2.510295
300.000000 0.432000 0.432000 0.432000 0.000000 0.000000 0.000000 -33515.533475 3.442140
300.000000 0.434000 0.434000 0.434000 0.000000 0.000000 0.000000 -33405.806800 2.138299
300.000000 0.436000 0.436000 0.436000 0.000000 0.000000 0.000000 -33366.970073 -0.644756
300.000000 0.438000 0.438000 0.438000 0.000000 0.000000 0.000000 -33405.829308 3.017366
300.000000 0.440000 0.440000 0.440000 0.000000 0.000000 0.000000 -33364.226063 -6.897043
300.000000 0.442000 0.442000 0.442000 0.000000 0.000000 0.000000 -33462.634283 6.204456
300.000000 0.444000 0.444000 0.444000 0.000000 0.000000 0.000000 -33377.168860 12.491028
300.000000 0.446000 0.446000 0.446000 0.000000 0.000000 0.000000 -33459.633406 -8.627171
300.000000 0.448000 0.448000 0.448000 0.000000 0.000000 0.000000 -33452.356266 12.862477
300.000000 0.450000 0.450000 0.450000 0.000000 0.000000 0.000000 -33517.570086 -3.626947
300.000000 0.452000 0.452000 0.452000 0.000000 0.000000 0.000000 -33494.327555 -1.917848
300.000000 0.454000 0.454000 0.454000 0.000000 0.000000 0.000000 -33434.043964 -3.807407
300.000000 0.456000 0.456000 0.456000 0.000000 0.000000 0.000000 -33523.490064 -5.659822
300.000000 0.458000 0.458000 0.458000 0.000000 0.000000 0.000000 -33572.534724 -4.736205
300.000000 0.460000 0.460000 0.460000 0.000000 0.000000 0.000000 -33602.757343 -13.189650
300.000000 0.462000 0.462000 0.462000 0.000000 0.000000 0.000000 -33738.875115 -2.470082
300.000000 0.464000 0.464000 0.464000 0.000000 0.000000 0.000000 -33691.428888 4.204390
300.000000 0.466000 0.466000 0.466000 0.000000 0.000000 0.000000 -33591.959655 1.603166
300.000000 0.468000 0.468000 0.468000 0.000000 0.000000 0.000000 -33570.982527 -7.940301
300.000000 0.470000 0.470000 0.470000 0.000000 0.000000 0.000000 -33455.775957 5.142995
300.000000 0.472000 0.472000 0.472000 0.000000 0.000000 0.000000 -33497.304296 1.803362
300.000000 0.474000 0.474000 0.474000 0.000000 0.000000 0.000000 -33477.997020 -3.490736
300.000000 0.476000 0.476000 0.476000 0.000000 0.000000 0.000000 -33583.400371 7.151994
300.000000 0.478000 0.478000 0.478000 0.000000 0.000000 0.000000 -33563.448125 -18.810844
300.000000 0.480000 0.480000 0.480000 0.000000 0.000000 0.000000 -33565.573884 5.452523
300.000000 0.482000 0.482000 0.482000 0.000000 0.000000 0.000000 -33557.595366 -12.861594
300.000000 0.484000 0.484000 0.484000 0.000000 0.000000 0.000000 -33437.198591 -4.933563
300.000000 0.486000 0.486000 0.486000 0.000000 0.000000 0.000000 -33443.210789 -6.760464
300.000000 0.488000 0.488000 0.488000 0.000000 0.000000 0.000000 -33336.164481 -1.358061
300.000000 0.490000 0.490000 0.490000 0.000000 0.000000 0.000000 -33413.965113 -8.727229
300.000000 0.492000 0.492000 0.492000 0.000000 0.000000 0.000000 -33355.964064 -1.708874
300.000000 0.494000 0.494000 0.494000 0.000000 0.000000 0.000000 -33501.891857 -7.845286
300.000000 0.496000 0.496000 0.496000 0.000000 0.000000 0.000000 -33461.480364 -11.002093
300.000000 0.498000 0.498000 0.498000 0.000000 0.000000 0.000000 -33491.026708 -3.463337
