15 300.000000 -1.000000 0.100000 0.500000 0.100000 70.000000 0.000000 -32850.255387 22.914756 7.146764
15 300.000000 -1.000000 0.100000 0.500000 0.100000 70.000000 0.000000 -32835.109068 20.514413 6.473198
15 300.000000 -1.000000 0.100000 0.500000 0.100000 70.000000 0.000000 -32787.594545 22.562124 8.111829
15 300.000000 -1.000000 0.100000 0.500000 0.100000 70.000000 0.000000 -32939.760978 13.354984 6.573993
13 300.000000 -1.000000 0.300000 0.500000 0.100000 50.000000 0.000000 -32764.266772 2.899045 6.573743
12 300.000000 -1.000000 0.400000 0.500000 0.100000 40.000000 0.000000 -33011.767916 -1.291365 6.834960
9 300.000000 1.000000 0.400000 0.500000 0.100000 40.000000 0.000000 -32865.429269 -6.490294 6.548758
11 300.000000 -1.000000 0.500000 0.500000 0.100000 30.000000 0.000000 -32889.861745 -2.402256 6.492399
11 300.000000 -1.000000 0.500000 0.500000 0.100000 30.000000 0.000000 -32885.883976 9.165417 7.022563
14 300.000000 -1.000000 0.200000 0.500000 0.100000 60.000000 0.000000 -33005.193688 12.726922 6.623262
13 300.000000 -1.000000 0.300000 0.500000 0.100000 50.000000 0.000000 -32764.531655 0.874541 6.441327
12 300.000000 -1.000000 0.400000 0.500000 0.100000 40.000000 0.000000 -32915.614558 0.742201 6.513604
12 300.000000 -1.000000 0.400000 0.500000 0.100000 40.000000 0.000000 -32783.766873 11.581280 6.948577
13 300.000000 -1.000000 0.300000 0.500000 0.100000 50.000000 0.000000 -32929.493213 13.439139 6.413627
15 300.000000 -1.000000 0.100000 0.500000 0.100000 70.000000 0.000000 -32924.723049 21.526930 7.224293
15 300.000000 -1.000000 0.100000 0.500000 0.100000 70.000000 0.000000 -32812.555948 15.301829 6.804087
14 300.000000 -1.000000 0.200000 0.500000 0.100000 60.000000 0.000000 -32886.951211 26.757581 6.991390
15 300.000000 -1.000000 0.100000 0.500000 0.100000 70.000000 0.000000 -32848.452311 40.971071 6.692458
16 300.000000 -1.000000 0.000000 0.500000 0.100000 80.000000 0.000000 -32750.882561 52.744323 6.540670
17 300.000000 -1.000000 0.000000 0.400000 0.100000 90.000000 0.000000 -32802.228065 70.375876 7.278205
18 300.000000 -1.000000 0.000000 0.300000 0.100000 100.000000 0.000000 -32841.761072 82.639354 7.564818
18 300.000000 -1.000000 0.000000 0.300000 0.100000 100.000000 0.000000 -32852.320784 72.169046 7.295655
17 300.000000 -1.000000 0.000000 0.400000 0.100000 90.000000 0.000000 -32814.298647 72.034551 6.399161
18 300.000000 -1.000000 0.000000 0.300000 0.100000 100.000000 0.000000 -32805.273725 75.516692 6.652943
19 300.000000 -1.000000 0.000000 0.200000 0.100000 110.000000 0.000000 -32859.171445 92.820252 6.976087
19 300.000000 -1.000000 0.000000 0.200000 0.100000 110.000000 0.000000 -32851.715113 108.945165 6.484331
19 300.000000 -1.000000 0.000000 0.200000 0.100000 110.000000 0.000000 -32751.202774 36.267645 6.972098
17 300.000000 -1.000000 0.000000 0.400000 0.100000 90.000000 0.000000 -32891.971561 63.155172 6.390623
18 300.000000 -1.000000 0.000000 0.300000 0.100000 100.000000 0.000000 -32815.040894 55.179101 7.582351
16 300.000000 -1.000000 0.000000 0.500000 0.100000 80.000000 0.000000 -32723.123754 29.598992 7.189621
19 300.000000 -1.000000 0.000000 0.200000 0.100000 110.000000 0.000000 -32815.885315 86.511017 8.020577
19 300.000000 -1.000000 0.000000 0.200000 0.100000 110.000000 0.000000 -32871.869674 77.624797 6.705736
19 300.000000 -1.000000 0.000000 0.200000 0.100000 110.000000 0.000000 -32775.920926 133.536305 6.453351
20 300.000000 -1.000000 0.000000 0.100000 0.100000 120.000000 0.000000 -32858.654062 137.687516 7.338630
20 300.000000 -1.000000 0.000000 0.100000 0.100000 120.000000 0.000000 -32777.824697 135.014392 8.050658
19 300.000000 -1.000000 0.000000 0.200000 0.100000 110.000000 0.000000 -32909.051362 87.498365 6.900337
18 300.000000 -1.000000 0.000000 0.300000 0.100000 100.000000 0.000000 -32775.334151 77.983546 7.465177
18 300.000000 -1.000000 0.000000 0.300000 0.100000 100.000000 0.000000 -32785.030836 48.590695 6.572899
16 300.000000 -1.000000 0.000000 0.500000 0.100000 80.000000 0.000000 -32820.630466 59.451208 6.761054
16 300.000000 -1.000000 0.000000 0.500000 0.100000 80.000000 0.000000 -32959.177053 49.063721 7.974647
16 300.000000 -1.000000 0.000000 0.500000 0.100000 80.000000 0.000000 -32857.772652 47.096219 7.193598
18 300.000000 -1.000000 0.000000 0.300000 0.100000 100.000000 0.000000 -32748.018468 77.249323 7.002832
18 300.000000 -1.000000 0.000000 0.300000 0.100000 100.000000 0.000000 -32845.700871 76.356953 7.572512
17 300.000000 -1.000000 0.000000 0.400000 0.100000 90.000000 0.000000 -32701.238982 55.670944 7.781070
18 300.000000 -1.000000 0.000000 0.300000 0.100000 100.000000 0.000000 -32737.786390 64.612339 7.118276
18 300.000000 -1.000000 0.000000 0.300000 0.100000 100.000000 0.000000 -32889.641864 34.282661 6.602153
15 300.000000 -1.000000 0.100000 0.500000 0.100000 70.000000 0.000000 -32744.351523 22.260080 6.390813
15 300.000000 -1.000000 0.100000 0.500000 0.100000 70.000000 0.000000 -32872.586331 19.557712 6.389818
15 300.000000 -1.000000 0.100000 0.500000 0.100000 70.000000 0.000000 -32716.302360 21.362425 6.644844
14 300.000000 -1.000000 0.200000 0.500000 0.100000 60.000000 0.000000 -32801.971430 29.138726 6.392426
15 300.000000 -1.000000 0.100000 0.500000 0.100000 70.000000 0.000000 -32688.332242 25.970732 6.681275
18 300.000000 -1.000000 0.000000 0.300000 0.100000 100.000000 0.000000 -32834.633737 56.298649 7.457847
16 300.000000 -1.000000 0.000000 0.500000 0.100000 80.000000 0.000000 -32851.892193 44.613447 7.512961
17 300.000000 -1.000000 0.000000 0.400000 0.100000 90.000000 0.000000 -32668.394778 63.582265 6.532199
18 300.000000 -1.000000 0.000000 0.300000 0.100000 100.000000 0.000000 -32763.692061 65.177282 5.596702
18 300.000000 -1.000000 0.000000 0.300000 0.100000 100.000000 0.000000 -32845.216846 51.854625 4.000196
19 300.000000 -1.000000 0.000000 0.200000 0.100000 110.000000 0.000000 -32784.630538 51.317211 1.806389
16 300.000000 -1.000000 0.000000 0.500000 0.100000 80.000000 0.000000 -32775.798598 56.628616 2.345334
18 300.000000 -1.000000 0.000000 0.300000 0.100000 100.000000 0.000000 -32811.114377 89.607518 0.972392
19 300.000000 -1.000000 0.000000 0.200000 0.100000 110.000000 0.000000 -32831.822131 129.231914 7.161641
19 300.000000 -1.000000 0.000000 0.200000 0.100000 110.000000 0.000000 -32931.067822 49.209461 6.475865
16 300.000000 -1.000000 0.000000 0.500000 0.100000 80.000000 0.000000 -32827.837393 46.418390 6.485652
17 300.000000 -1.000000 0.000000 0.400000 0.100000 90.000000 0.000000 -32796.020644 48.367192 6.931263
17 300.000000 -1.000000 0.000000 0.400000 0.100000 90.000000 0.000000 -32744.533557 33.499943 7.859016
16 300.000000 -1.000000 0.000000 0.500000 0.100000 80.000000 0.000000 -32695.725881 33.643607 7.508981
15 300.000000 -1.000000 0.100000 0.500000 0.100000 70.000000 0.000000 -32811.958198 9.197047 8.100062
14 300.000000 -1.000000 0.200000 0.500000 0.100000 60.000000 0.000000 -32755.042963 7.128536 7.127459
13 300.000000 -1.000000 0.300000 0.500000 0.100000 50.000000 0.000000 -32826.628523 6.807426 6.618305
11 300.000000 -1.000000 0.500000 0.500000 0.100000 30.000000 0.000000 -32979.854195 3.848209 6.390856
12 300.000000 -1.000000 0.400000 0.500000 0.100000 40.000000 0.000000 -32878.719155 9.761767 6.444797
10 300.000000 1.000000 0.500000 0.500000 0.100000 30.000000 0.000000 -32885.601360 -3.539506 6.389878
10 300.000000 1.000000 0.500000 0.500000 0.100000 30.000000 0.000000 -33050.774003 -0.641144 8.105285
10 300.000000 1.000000 0.500000 0.500000 0.100000 30.000000 0.000000 -32827.544510 -3.089618 6.603096
9 300.000000 1.000000 0.400000 0.500000 0.100000 40.000000 0.000000 -32876.527406 8.515339 6.965143
10 300.000000 1.000000 0.500000 0.500000 0.100000 30.000000 0.000000 -32834.236752 -0.586772 6.734252
8 300.000000 1.000000 0.300000 0.500000 0.100000 50.000000 0.000000 -32793.209780 7.767889 7.131882
7 300.000000 1.000000 0.200000 0.500000 0.100000 60.000000 0.000000 -32868.004684 15.837024 6.603973
8 300.000000 1.000000 0.300000 0.500000 0.100000 50.000000 0.000000 -32707.441715 5.149867 7.852034
8 300.000000 1.000000 0.300000 0.500000 0.100000 50.000000 0.000000 -32832.492274 17.972531 7.096191
7 300.000000 1.000000 0.200000 0.500000 0.100000 60.000000 0.000000 -32831.534159 5.311107 7.242972
9 300.000000 1.000000 0.400000 0.500000 0.100000 40.000000 0.000000 -32771.351287 5.581820 6.483033
8 300.000000 1.000000 0.300000 0.500000 0.100000 50.000000 0.000000 -32884.026235 10.665468 6.568296
8 300.000000 1.000000 0.300000 0.500000 0.100000 50.000000 0.000000 -32698.679271 -3.576904 7.962903
9 300.000000 1.000000 0.400000 0.500000 0.100000 40.000000 0.000000 -32862.076234 0.205893 6.489301
10 300.000000 1.000000 0.500000 0.500000 0.100000 30.000000 0.000000 -32790.159646 -1.982404 6.547931
11 300.000000 -1.000000 0.500000 0.500000 0.100000 30.000000 0.000000 -32864.577534 1.619172 6.446739
14 300.000000 -1.000000 0.200000 0.500000 0.100000 60.000000 0.000000 -32732.098970 19.274755 6.402864
14 300.000000 -1.000000 0.200000 0.500000 0.100000 60.000000 0.000000 -33014.641541 7.127943 6.599766
13 300.000000 -1.000000 0.300000 0.500000 0.100000 50.000000 0.000000 -32913.820158 2.380551 6.444088
10 300.000000 1.000000 0.500000 0.500000 0.100000 30.000000 0.000000 -32729.355350 -11.548187 6.394826
10 300.000000 1.000000 0.500000 0.500000 0.100000 30.000000 0.000000 -32863.509003 -4.096795 8.037625
11 300.000000 -1.000000 0.500000 0.500000 0.100000 30.000000 0.000000 -32941.657993 5.566660 6.442916
13 300.000000 -1.000000 0.300000 0.500000 0.100000 50.000000 0.000000 -32945.308528 8.238944 7.004468
12 300.000000 -1.000000 0.400000 0.500000 0.100000 40.000000 0.000000 -32859.672065 5.489626 6.561361
14 300.000000 -1.000000 0.200000 0.500000 0.100000 60.000000 0.000000 -32863.616896 11.993237 6.435557
14 300.000000 -1.000000 0.200000 0.500000 0.100000 60.000000 0.000000 -32842.199180 4.881623 6.607383
12 300.000000 -1.000000 0.400000 0.500000 0.100000 40.000000 0.000000 -32924.552914 12.053383 6.409136
6 300.000000 1.000000 0.100000 0.500000 0.100000 70.000000 0.000000 -32780.867482 14.514269 6.511720
7 300.000000 1.000000 0.200000 0.500000 0.100000 60.000000 0.000000 -32890.881147 8.257163 6.591544
8 300.000000 1.000000 0.300000 0.500000 0.100000 50.000000 0.000000 -32892.486240 2.659178 6.477129
7 300.000000 1.000000 0.200000 0.500000 0.100000 60.000000 0.000000 -32816.736479 13.205444 6.632135
7 300.000000 1.000000 0.200000 0.500000 0.100000 60.000000 0.000000 -32847.070121 11.135598 6.617878
7 300.000000 1.000000 0.200000 0.500000 0.100000 60.000000 0.000000 -32827.861358 14.730333 7.414974
6 300.000000 1.000000 0.100000 0.500000 0.100000 70.000000 0.000000 -32872.183940 24.386413 6.631462
7 300.000000 1.000000 0.200000 0.500000 0.100000 60.000000 0.000000 -33056.365420 14.006142 6.477629
7 300.000000 1.000000 0.200000 0.500000 0.100000 60.000000 0.000000 -32913.359100 2.012094 7.272341
7 300.000000 1.000000 0.200000 0.500000 0.100000 60.000000 0.000000 -32867.587403 12.503188 7.601797
7 300.000000 1.000000 0.200000 0.500000 0.100000 60.000000 0.000000 -32707.007728 16.987615 6.392184
8 300.000000 1.000000 0.300000 0.500000 0.100000 50.000000 0.000000 -32943.144082 11.487670 6.409376
8 300.000000 1.000000 0.300000 0.500000 0.100000 50.000000 0.000000 -32830.313345 2.810556 6.408623
13 300.000000 -1.000000 0.300000 0.500000 0.100000 50.000000 0.000000 -32859.467003 3.124575 8.281522
11 300.000000 -1.000000 0.500000 0.500000 0.100000 30.000000 0.000000 -32893.096780 1.623746 8.109520
12 300.000000 -1.000000 0.400000 0.500000 0.100000 40.000000 0.000000 -32910.257480 -0.533713 6.398930
13 300.000000 -1.000000 0.300000 0.500000 0.100000 50.000000 0.000000 -32889.438643 4.559957 6.572909
12 300.000000 -1.000000 0.400000 0.500000 0.100000 40.000000 0.000000 -32714.121289 -4.721127 6.523189
12 300.000000 -1.000000 0.400000 0.500000 0.100000 40.000000 0.000000 -32787.078779 4.783184 8.164670
11 300.000000 -1.000000 0.500000 0.500000 0.100000 30.000000 0.000000 -32876.465721 -3.564422 8.257016
12 300.000000 -1.000000 0.400000 0.500000 0.100000 40.000000 0.000000 -32836.123648 -1.298641 6.943047
12 300.000000 -1.000000 0.400000 0.500000 0.100000 40.000000 0.000000 -32892.731804 9.523137 6.471167
12 300.000000 -1.000000 0.400000 0.500000 0.100000 40.000000 0.000000 -32894.023564 7.629217 6.439789
14 300.000000 -1.000000 0.200000 0.500000 0.100000 60.000000 0.000000 -32952.006204 15.694694 6.729188
14 300.000000 -1.000000 0.200000 0.500000 0.100000 60.000000 0.000000 -32862.890615 14.586279 6.731039
14 300.000000 -1.000000 0.200000 0.500000 0.100000 60.000000 0.000000 -33002.631225 5.921373 6.875474
13 300.000000 -1.000000 0.300000 0.500000 0.100000 50.000000 0.000000 -32901.650495 0.808314 6.402803
9 300.000000 1.000000 0.400000 0.500000 0.100000 40.000000 0.000000 -32657.088386 9.381309 6.756925
8 300.000000 1.000000 0.300000 0.500000 0.100000 50.000000 0.000000 -32870.554579 -2.982814 6.459495
8 300.000000 1.000000 0.300000 0.500000 0.100000 50.000000 0.000000 -33018.797867 14.029765 6.505530
7 300.000000 1.000000 0.200000 0.500000 0.100000 60.000000 0.000000 -32908.191193 4.967617 7.993581
13 300.000000 -1.000000 0.300000 0.500000 0.100000 50.000000 0.000000 -33025.628964 5.513366 6.745746
8 300.000000 1.000000 0.300000 0.500000 0.100000 50.000000 0.000000 -32754.573192 1.835491 6.516075
9 300.000000 1.000000 0.400000 0.500000 0.100000 40.000000 0.000000 -32969.486578 3.337611 6.742196
6 300.000000 1.000000 0.100000 0.500000 0.100000 70.000000 0.000000 -32820.644986 43.376509 6.454414
6 300.000000 1.000000 0.100000 0.500000 0.100000 70.000000 0.000000 -32746.997251 13.904729 7.769707
7 300.000000 1.000000 0.200000 0.500000 0.100000 60.000000 0.000000 -33013.287936 21.975230 7.374729
6 300.000000 1.000000 0.100000 0.500000 0.100000 70.000000 0.000000 -32912.461813 16.052484 6.609052
6 300.000000 1.000000 0.100000 0.500000 0.100000 70.000000 0.000000 -32648.441034 50.479105 7.228961
4 300.000000 1.000000 0.000000 0.400000 0.100000 90.000000 0.000000 -32737.307704 73.495104 6.701754
4 300.000000 1.000000 0.000000 0.400000 0.100000 90.000000 0.000000 -32806.282818 54.723527 8.247397
4 300.000000 1.000000 0.000000 0.400000 0.100000 90.000000 0.000000 -32972.134577 54.406124 6.423484
5 300.000000 1.000000 0.000000 0.500000 0.100000 80.000000 0.000000 -32848.438606 64.815740 6.727894
4 300.000000 1.000000 0.000000 0.400000 0.100000 90.000000 0.000000 -32751.064313 76.076906 6.395179
3 300.000000 1.000000 0.000000 0.300000 0.100000 100.000000 0.000000 -32732.877379 77.401353 6.391325
3 300.000000 1.000000 0.000000 0.300000 0.100000 100.000000 0.000000 -32781.865431 69.947634 0.005413
2 300.000000 1.000000 0.000000 0.200000 0.100000 110.000000 0.000000 -32953.096385 125.595603 4.740342
1 300.000000 1.000000 0.000000 0.100000 0.100000 120.000000 0.000000 -32993.750299 138.635052 5.830254
1 300.000000 1.000000 0.000000 0.100000 0.100000 120.000000 0.000000 -32945.068862 139.019584 7.151952
1 300.000000 1.000000 0.000000 0.100000 0.100000 120.000000 0.000000 -32846.916395 145.962555 7.999304
1 300.000000 1.000000 0.000000 0.100000 0.100000 120.000000 0.000000 -32882.924615 143.247464 5.322968
1 300.000000 1.000000 0.000000 0.100000 0.100000 120.000000 0.000000 -32820.856337 149.732492 6.723351
1 300.000000 1.000000 0.000000 0.100000 0.100000 120.000000 0.000000 -32867.391307 152.473739 6.614736
0 300.000000 1.000000 0.000000 0.000000 0.100000 130.000000 0.000000 -32881.503277 163.682632 7.854709
0 300.000000 1.000000 0.000000 0.000000 0.100000 130.000000 0.000000 -32722.645364 197.660047 6.427454
0 300.000000 1.000000 0.000000 0.000000 0.100000 130.000000 0.000000 -32856.700453 180.467229 5.730087
0 300.000000 1.000000 0.000000 0.000000 0.100000 130.000000 0.000000 -32744.449568 198.781565 7.348951
0 300.000000 1.000000 0.000000 0.000000 0.100000 130.000000 0.000000 -32790.088476 184.016786 6.097884
0 300.000000 1.000000 0.000000 0.000000 0.100000 130.000000 0.000000 -32962.157219 193.761841 7.365181
0 300.000000 1.000000 0.000000 0.000000 0.100000 130.000000 0.000000 -32792.702122 190.944489 6.997378
0 300.000000 1.000000 0.000000 0.000000 0.100000 130.000000 0.000000 -32863.826296 177.155342 7.257437
0 300.000000 1.000000 0.000000 0.000000 0.100000 130.000000 0.000000 -32923.614235 179.409467 7.428677
0 300.000000 1.000000 0.000000 0.000000 0.100000 130.000000 0.000000 -32846.925243 186.605143 6.738460
0 300.000000 1.000000 0.000000 0.000000 0.100000 130.000000 0.000000 -32904.573073 175.987270 6.803660
0 300.000000 1.000000 0.000000 0.000000 0.100000 130.000000 0.000000 -32843.038538 169.785299 5.546089
0 300.000000 1.000000 0.000000 0.000000 0.100000 130.000000 0.000000 -32804.663859 185.299959 6.559450
0 300.000000 1.000000 0.000000 0.000000 0.100000 130.000000 0.000000 -32909.071306 192.366077 7.759031
0 300.000000 1.000000 0.000000 0.000000 0.100000 130.000000 0.000000 -32748.560043 174.621015 7.826048
0 300.000000 1.000000 0.000000 0.000000 0.100000 130.000000 0.000000 -32903.290975 176.836541 7.357682
0 300.000000 1.000000 0.000000 0.000000 0.100000 130.000000 0.000000 -32795.095676 180.654985 6.390383
0 300.000000 1.000000 0.000000 0.000000 0.100000 130.000000 0.000000 -32962.403621 174.613183 0.565204
0 300.000000 1.000000 0.000000 0.000000 0.100000 130.000000 0.000000 -33040.058714 173.754918 5.134197
0 300.000000 1.000000 0.000000 0.000000 0.100000 130.000000 0.000000 -32932.562121 180.512981 5.325174
0 300.000000 1.000000 0.000000 0.000000 0.100000 130.000000 0.000000 -32946.694385 187.614914 6.556883
0 300.000000 1.000000 0.000000 0.000000 0.100000 130.000000 0.000000 -32855.011331 185.156241 6.869855
0 300.000000 1.000000 0.000000 0.000000 0.100000 130.000000 0.000000 -33021.433147 187.535648 6.445537
0 300.000000 1.000000 0.000000 0.000000 0.100000 130.000000 0.000000 -32965.401169 173.898425 6.410531
0 300.000000 1.000000 0.000000 0.000000 0.100000 130.000000 0.000000 -32918.480620 169.415626 7.936997
0 300.000000 1.000000 0.000000 0.000000 0.100000 130.000000 0.000000 -32885.446255 191.990936 8.126895
0 300.000000 1.000000 0.000000 0.000000 0.100000 130.000000 0.000000 -32814.735841 176.683596 6.228774
0 300.000000 1.000000 0.000000 0.000000 0.100000 130.000000 0.000000 -32732.841751 190.151436 4.400390
0 300.000000 1.000000 0.000000 0.000000 0.100000 130.000000 0.000000 -32939.666683 181.149297 2.448642
0 300.000000 1.000000 0.000000 0.000000 0.100000 130.000000 0.000000 -32697.899678 177.612562 6.704399
0 300.000000 1.000000 0.000000 0.000000 0.100000 130.000000 0.000000 -32821.505446 187.669514 6.787117
0 300.000000 1.000000 0.000000 0.000000 0.100000 130.000000 0.000000 -32953.378670 190.818501 4.943797
0 300.000000 1.000000 0.000000 0.000000 0.100000 130.000000 0.000000 -32921.390016 174.862394 6.801669
0 300.000000 1.000000 0.000000 0.000000 0.100000 130.000000 0.000000 -32900.557484 173.613348 6.745912
0 300.000000 1.000000 0.000000 0.000000 0.100000 130.000000 0.000000 -33053.642769 171.699238 2.571525
0 300.000000 1.000000 0.000000 0.000000 0.100000 130.000000 0.000000 -32964.873757 190.093336 0.899780
0 300.000000 1.000000 0.000000 0.000000 0.100000 130.000000 0.000000 -32841.350728 192.121395 3.094278
0 300.000000 1.000000 0.000000 0.000000 0.100000 130.000000 0.000000 -32844.265035 142.571319 7.275063
1 300.000000 1.000000 0.000000 0.100000 0.100000 120.000000 0.000000 -32826.426143 145.003143 8.260721
1 300.000000 1.000000 0.000000 0.100000 0.100000 120.000000 0.000000 -32822.412032 133.918150 7.395278
1 300.000000 1.000000 0.000000 0.100000 0.100000 120.000000 0.000000 -32840.836187 143.132928 7.917630
1 300.000000 1.000000 0.000000 0.100000 0.100000 120.000000 0.000000 -32933.292786 130.108371 8.283381
1 300.000000 1.000000 0.000000 0.100000 0.100000 120.000000 0.000000 -32675.608042 136.307408 8.211554
1 300.000000 1.000000 0.000000 0.100000 0.100000 120.000000 0.000000 -32713.227304 121.322239 6.570471
2 300.000000 1.000000 0.000000 0.200000 0.100000 110.000000 0.000000 -32840.862911 128.489759 6.433210
2 300.000000 1.000000 0.000000 0.200000 0.100000 110.000000 0.000000 -32763.823687 123.151556 6.490247
2 300.000000 1.000000 0.000000 0.200000 0.100000 110.000000 0.000000 -32878.367502 67.486154 6.428548
3 300.000000 1.000000 0.000000 0.300000 0.100000 100.000000 0.000000 -32781.628412 74.329699 6.831647
3 300.000000 1.000000 0.000000 0.300000 0.100000 100.000000 0.000000 -32886.047291 81.053788 6.497133
3 300.000000 1.000000 0.000000 0.300000 0.100000 100.000000 0.000000 -32886.446356 75.242363 6.487242
3 300.000000 1.000000 0.000000 0.300000 0.100000 100.000000 0.000000 -32824.073479 66.228856 6.703391
3 300.000000 1.000000 0.000000 0.300000 0.100000 100.000000 0.000000 -32818.474914 96.789762 6.710088
2 300.000000 1.000000 0.000000 0.200000 0.100000 110.000000 0.000000 -32869.940464 124.663950 7.544049
2 300.000000 1.000000 0.000000 0.200000 0.100000 110.000000 0.000000 -32733.634433 125.549136 6.440918
2 300.000000 1.000000 0.000000 0.200000 0.100000 110.000000 0.000000 -32882.031097 66.802445 6.928830
4 300.000000 1.000000 0.000000 0.400000 0.100000 90.000000 0.000000 -32845.954882 70.327938 6.395751
4 300.000000 1.000000 0.000000 0.400000 0.100000 90.000000 0.000000 -33027.992773 60.910555 7.998481
5 300.000000 1.000000 0.000000 0.500000 0.100000 80.000000 0.000000 -32778.814717 55.236293 6.741554
5 300.000000 1.000000 0.000000 0.500000 0.100000 80.000000 0.000000 -32729.005235 52.908347 7.558716
5 300.000000 1.000000 0.000000 0.500000 0.100000 80.000000 0.000000 -32739.072495 26.625023 6.523248
6 300.000000 1.000000 0.100000 0.500000 0.100000 70.000000 0.000000 -32700.289295 23.512492 6.454607
6 300.000000 1.000000 0.100000 0.500000 0.100000 70.000000 0.000000 -32853.425942 39.850917 6.775569
6 300.000000 1.000000 0.100000 0.500000 0.100000 70.000000 0.000000 -32859.114786 28.726820 6.538020
7 300.000000 1.000000 0.200000 0.500000 0.100000 60.000000 0.000000 -32801.722473 23.396045 6.430418
7 300.000000 1.000000 0.200000 0.500000 0.100000 60.000000 0.000000 -32706.499233 20.591055 6.588489
8 300.000000 1.000000 0.300000 0.500000 0.100000 50.000000 0.000000 -32838.553681 13.279959 6.421557
8 300.000000 1.000000 0.300000 0.500000 0.100000 50.000000 0.000000 -32965.323585 6.463284 6.747962
12 300.000000 -1.000000 0.400000 0.500000 0.100000 40.000000 0.000000 -32854.039671 7.058240 6.621216
14 300.000000 -1.000000 0.200000 0.500000 0.100000 60.000000 0.000000 -32874.135014 8.462059 8.081228
15 300.000000 -1.000000 0.100000 0.500000 0.100000 70.000000 0.000000 -32813.994641 23.147191 7.467684
15 300.000000 -1.000000 0.100000 0.500000 0.100000 70.000000 0.000000 -32783.114813 51.647411 8.054882
15 300.000000 -1.000000 0.100000 0.500000 0.100000 70.000000 0.000000 -32775.867053 36.050590 5.276631
18 300.000000 -1.000000 0.000000 0.300000 0.100000 100.000000 0.000000 -32842.656841 49.943710 7.411402
16 300.000000 -1.000000 0.000000 0.500000 0.100000 80.000000 0.000000 -32708.303283 73.411919 6.866789
19 300.000000 -1.000000 0.000000 0.200000 0.100000 110.000000 0.000000 -32971.078695 93.333895 6.397321
19 300.000000 -1.000000 0.000000 0.200000 0.100000 110.000000 0.000000 -32979.682287 100.224490 6.577743
19 300.000000 -1.000000 0.000000 0.200000 0.100000 110.000000 0.000000 -32862.669095 116.731910 6.764478
19 300.000000 -1.000000 0.000000 0.200000 0.100000 110.000000 0.000000 -32759.143274 84.091962 6.709103
18 300.000000 -1.000000 0.000000 0.300000 0.100000 100.000000 0.000000 -32859.320901 64.834583 7.266770
18 300.000000 -1.000000 0.000000 0.300000 0.100000 100.000000 0.000000 -32681.162234 50.919083 7.120632
17 300.000000 -1.000000 0.000000 0.400000 0.100000 90.000000 0.000000 -32658.479208 25.362911 6.825382
16 300.000000 -1.000000 0.000000 0.500000 0.100000 80.000000 0.000000 -33020.759441 46.177763 6.394368
16 300.000000 -1.000000 0.000000 0.500000 0.100000 80.000000 0.000000 -32727.549060 26.279063 6.446058
14 300.000000 -1.000000 0.200000 0.500000 0.100000 60.000000 0.000000 -32874.986810 4.507153 6.959225
12 300.000000 -1.000000 0.400000 0.500000 0.100000 40.000000 0.000000 -32905.646749 2.154462 6.491713
9 300.000000 1.000000 0.400000 0.500000 0.100000 40.000000 0.000000 -32932.963735 -1.150548 6.691755
11 300.000000 -1.000000 0.500000 0.500000 0.100000 30.000000 0.000000 -33034.114139 1.332314 6.786975
9 300.000000 1.000000 0.400000 0.500000 0.100000 40.000000 0.000000 -32868.119934 0.673795 6.585663
9 300.000000 1.000000 0.400000 0.500000 0.100000 40.000000 0.000000 -32805.717634 1.576660 7.528685
9 300.000000 1.000000 0.400000 0.500000 0.100000 40.000000 0.000000 -32743.958594 -4.913179 6.738468
8 300.000000 1.000000 0.300000 0.500000 0.100000 50.000000 0.000000 -32857.138973 -0.665950 7.011304
9 300.000000 1.000000 0.400000 0.500000 0.100000 40.000000 0.000000 -32684.759569 2.891400 6.785231
11 300.000000 -1.000000 0.500000 0.500000 0.100000 30.000000 0.000000 -32953.944464 -1.991163 6.753396
11 300.000000 -1.000000 0.500000 0.500000 0.100000 30.000000 0.000000 -32830.411090 -11.221655 5.533939
11 300.000000 -1.000000 0.500000 0.500000 0.100000 30.000000 0.000000 -32897.439841 -1.923706 6.706643
11 300.000000 -1.000000 0.500000 0.500000 0.100000 30.000000 0.000000 -32934.119060 -0.561512 7.285390
10 300.000000 1.000000 0.500000 0.500000 0.100000 30.000000 0.000000 -32904.464850 3.503204 7.213085
13 300.000000 -1.000000 0.300000 0.500000 0.100000 50.000000 0.000000 -32877.667526 10.849458 6.997699
13 300.000000 -1.000000 0.300000 0.500000 0.100000 50.000000 0.000000 -32951.817019 6.110687 6.902315
13 300.000000 -1.000000 0.300000 0.500000 0.100000 50.000000 0.000000 -32948.092200 8.257338 6.619398
13 300.000000 -1.000000 0.300000 0.500000 0.100000 50.000000 0.000000 -32931.419885 6.503532 6.451418
11 300.000000 -1.000000 0.500000 0.500000 0.100000 30.000000 0.000000 -33022.418006 -11.627216 7.817231
10 300.000000 1.000000 0.500000 0.500000 0.100000 30.000000 0.000000 -32822.225299 3.403426 6.523950
11 300.000000 -1.000000 0.500000 0.500000 0.100000 30.000000 0.000000 -32785.207523 -1.522241 6.394747
10 300.000000 1.000000 0.500000 0.500000 0.100000 30.000000 0.000000 -32842.732023 -0.969548 6.878866
11 300.000000 -1.000000 0.500000 0.500000 0.100000 30.000000 0.000000 -32830.500154 -7.413394 6.734103
10 300.000000 1.000000 0.500000 0.500000 0.100000 30.000000 0.000000 -32860.609603 1.971719 6.643297
10 300.000000 1.000000 0.500000 0.500000 0.100000 30.000000 0.000000 -32948.551740 -4.249034 6.419433
11 300.000000 -1.000000 0.500000 0.500000 0.100000 30.000000 0.000000 -32781.066237 1.822702 6.540987
12 300.000000 -1.000000 0.400000 0.500000 0.100000 40.000000 0.000000 -32682.996923 -5.813059 7.105557
11 300.000000 -1.000000 0.500000 0.500000 0.100000 30.000000 0.000000 -32866.748038 -2.260675 7.283793
8 300.000000 1.000000 0.300000 0.500000 0.100000 50.000000 0.000000 -32924.132105 6.564737 7.334593
13 300.000000 -1.000000 0.300000 0.500000 0.100000 50.000000 0.000000 -32810.647473 5.187528 7.876511
11 300.000000 -1.000000 0.500000 0.500000 0.100000 30.000000 0.000000 -32844.949151 -0.274843 6.651840
9 300.000000 1.000000 0.400000 0.500000 0.100000 40.000000 0.000000 -32891.488275 11.069287 6.921014
15 300.000000 -1.000000 0.100000 0.500000 0.100000 70.000000 0.000000 -32862.171983 40.363284 6.395369
17 300.000000 -1.000000 0.000000 0.400000 0.100000 90.000000 0.000000 -32838.486339 51.071058 7.101407
17 300.000000 -1.000000 0.000000 0.400000 0.100000 90.000000 0.000000 -32908.305454 69.093841 7.421835
17 300.000000 -1.000000 0.000000 0.400000 0.100000 90.000000 0.000000 -32842.462695 63.489708 7.612974
17 300.000000 -1.000000 0.000000 0.400000 0.100000 90.000000 0.000000 -32826.537306 63.030480 6.486695
16 300.000000 -1.000000 0.000000 0.500000 0.100000 80.000000 0.000000 -32863.733013 64.132968 7.716684
17 300.000000 -1.000000 0.000000 0.400000 0.100000 90.000000 0.000000 -32727.046949 65.749633 6.563054
17 300.000000 -1.000000 0.000000 0.400000 0.100000 90.000000 0.000000 -32807.660113 83.640651 7.163999
18 300.000000 -1.000000 0.000000 0.300000 0.100000 100.000000 0.000000 -32771.518667 73.942830 6.472432
18 300.000000 -1.000000 0.000000 0.300000 0.100000 100.000000 0.000000 -32792.613901 63.760568 6.431284
18 300.000000 -1.000000 0.000000 0.300000 0.100000 100.000000 0.000000 -32798.368729 76.113838 6.722621
18 300.000000 -1.000000 0.000000 0.300000 0.100000 100.000000 0.000000 -32690.131448 53.155717 6.399707
16 300.000000 -1.000000 0.000000 0.500000 0.100000 80.000000 0.000000 -32766.779567 47.788498 6.466834
16 300.000000 -1.000000 0.000000 0.500000 0.100000 80.000000 0.000000 -32801.116474 55.837867 6.682871
16 300.000000 -1.000000 0.000000 0.500000 0.100000 80.000000 0.000000 -32763.707189 46.197544 6.980382
16 300.000000 -1.000000 0.000000 0.500000 0.100000 80.000000 0.000000 -32855.094489 38.009063 6.508984
17 300.000000 -1.000000 0.000000 0.400000 0.100000 90.000000 0.000000 -32885.314484 89.051610 6.426480
19 300.000000 -1.000000 0.000000 0.200000 0.100000 110.000000 0.000000 -32668.250671 85.425052 6.408856
18 300.000000 -1.000000 0.000000 0.300000 0.100000 100.000000 0.000000 -32805.186054 55.937804 7.044755
16 300.000000 -1.000000 0.000000 0.500000 0.100000 80.000000 0.000000 -32815.844665 69.340363 8.101727
16 300.000000 -1.000000 0.000000 0.500000 0.100000 80.000000 0.000000 -32837.374348 60.564452 6.577982
17 300.000000 -1.000000 0.000000 0.400000 0.100000 90.000000 0.000000 -32779.549954 42.878032 6.672521
19 300.000000 -1.000000 0.000000 0.200000 0.100000 110.000000 0.000000 -32802.735250 78.829628 7.562395
19 300.000000 -1.000000 0.000000 0.200000 0.100000 110.000000 0.000000 -32847.771611 85.240060 7.417192
18 300.000000 -1.000000 0.000000 0.300000 0.100000 100.000000 0.000000 -32858.893292 60.360920 6.402807
16 300.000000 -1.000000 0.000000 0.500000 0.100000 80.000000 0.000000 -32912.486107 27.604721 6.943054
14 300.000000 -1.000000 0.200000 0.500000 0.100000 60.000000 0.000000 -32720.438650 10.568815 6.699638
13 300.000000 -1.000000 0.300000 0.500000 0.100000 50.000000 0.000000 -32815.860693 12.498772 6.469122
14 300.000000 -1.000000 0.200000 0.500000 0.100000 60.000000 0.000000 -32867.103183 19.030767 7.110075
15 300.000000 -1.000000 0.100000 0.500000 0.100000 70.000000 0.000000 -32909.532122 21.132702 7.118415
15 300.000000 -1.000000 0.100000 0.500000 0.100000 70.000000 0.000000 -32849.506560 29.199942 7.250445
15 300.000000 -1.000000 0.100000 0.500000 0.100000 70.000000 0.000000 -32905.164545 36.528940 7.475827
16 300.000000 -1.000000 0.000000 0.500000 0.100000 80.000000 0.000000 -32829.361493 30.332297 6.586076
15 300.000000 -1.000000 0.100000 0.500000 0.100000 70.000000 0.000000 -32991.848273 19.961232 7.451965
15 300.000000 -1.000000 0.100000 0.500000 0.100000 70.000000 0.000000 -32909.594408 13.209424 6.552106
12 300.000000 -1.000000 0.400000 0.500000 0.100000 40.000000 0.000000 -32823.547792 -0.510188 6.407941
7 300.000000 1.000000 0.200000 0.500000 0.100000 60.000000 0.000000 -32847.855599 20.126686 8.081381
6 300.000000 1.000000 0.100000 0.500000 0.100000 70.000000 0.000000 -32817.337384 20.404850 8.002519
7 300.000000 1.000000 0.200000 0.500000 0.100000 60.000000 0.000000 -32805.259723 14.857450 6.392882
6 300.000000 1.000000 0.100000 0.500000 0.100000 70.000000 0.000000 -32816.509626 28.934851 6.434008
6 300.000000 1.000000 0.100000 0.500000 0.100000 70.000000 0.000000 -33087.799156 23.606350 6.411022
6 300.000000 1.000000 0.100000 0.500000 0.100000 70.000000 0.000000 -32806.710431 27.354796 7.530796
6 300.000000 1.000000 0.100000 0.500000 0.100000 70.000000 0.000000 -32923.825508 13.345003 7.129500
7 300.000000 1.000000 0.200000 0.500000 0.100000 60.000000 0.000000 -32843.895519 6.474272 6.397794
7 300.000000 1.000000 0.200000 0.500000 0.100000 60.000000 0.000000 -32722.277956 19.574731 7.114517
7 300.000000 1.000000 0.200000 0.500000 0.100000 60.000000 0.000000 -32799.857059 7.636305 6.658694
8 300.000000 1.000000 0.300000 0.500000 0.100000 50.000000 0.000000 -32904.654842 9.160930 6.682508
8 300.000000 1.000000 0.300000 0.500000 0.100000 50.000000 0.000000 -32964.507894 9.160663 7.315745
8 300.000000 1.000000 0.300000 0.500000 0.100000 50.000000 0.000000 -32872.154059 7.280842 7.063295
7 300.000000 1.000000 0.200000 0.500000 0.100000 60.000000 0.000000 -32938.513727 6.591867 7.607204
12 300.000000 -1.000000 0.400000 0.500000 0.100000 40.000000 0.000000 -32985.633040 3.884172 6.411508
15 300.000000 -1.000000 0.100000 0.500000 0.100000 70.000000 0.000000 -32890.551978 15.440770 7.214311
13 300.000000 -1.000000 0.300000 0.500000 0.100000 50.000000 0.000000 -32734.070611 -3.940220 6.978721
10 300.000000 1.000000 0.500000 0.500000 0.100000 30.000000 0.000000 -32779.225945 -1.164190 7.766562
11 300.000000 -1.000000 0.500000 0.500000 0.100000 30.000000 0.000000 -32873.763234 -1.949924 8.090528
10 300.000000 1.000000 0.500000 0.500000 0.100000 30.000000 0.000000 -32758.851981 -9.660663 7.901287
10 300.000000 1.000000 0.500000 0.500000 0.100000 30.000000 0.000000 -32941.360817 -0.464712 8.283266
11 300.000000 -1.000000 0.500000 0.500000 0.100000 30.000000 0.000000 -32819.659400 0.818163 6.391264
12 300.000000 -1.000000 0.400000 0.500000 0.100000 40.000000 0.000000 -32911.151388 9.303254 6.448160
14 300.000000 -1.000000 0.200000 0.500000 0.100000 60.000000 0.000000 -32740.461946 12.614149 6.644571
13 300.000000 -1.000000 0.300000 0.500000 0.100000 50.000000 0.000000 -32927.821712 7.166012 6.671482
15 300.000000 -1.000000 0.100000 0.500000 0.100000 70.000000 0.000000 -32862.048022 28.145598 7.012792
15 300.000000 -1.000000 0.100000 0.500000 0.100000 70.000000 0.000000 -32881.749224 13.077751 6.913625
14 300.000000 -1.000000 0.200000 0.500000 0.100000 60.000000 0.000000 -32742.806249 2.406932 6.819185
13 300.000000 -1.000000 0.300000 0.500000 0.100000 50.000000 0.000000 -32812.529526 4.899368 6.389715
11 300.000000 -1.000000 0.500000 0.500000 0.100000 30.000000 0.000000 -32836.594317 0.599707 6.833705
13 300.000000 -1.000000 0.300000 0.500000 0.100000 50.000000 0.000000 -32770.282281 8.088229 7.461346
14 300.000000 -1.000000 0.200000 0.500000 0.100000 60.000000 0.000000 -32823.547155 15.525933 8.106340
14 300.000000 -1.000000 0.200000 0.500000 0.100000 60.000000 0.000000 -32703.074364 10.684259 6.854053
12 300.000000 -1.000000 0.400000 0.500000 0.100000 40.000000 0.000000 -32878.887832 7.718812 6.392324
12 300.000000 -1.000000 0.400000 0.500000 0.100000 40.000000 0.000000 -32841.751096 7.833364 6.391321
11 300.000000 -1.000000 0.500000 0.500000 0.100000 30.000000 0.000000 -32967.722496 -4.486416 7.776821
10 300.000000 1.000000 0.500000 0.500000 0.100000 30.000000 0.000000 -33014.602565 -7.292844 7.057110
9 300.000000 1.000000 0.400000 0.500000 0.100000 40.000000 0.000000 -32813.934519 9.691612 7.668595
8 300.000000 1.000000 0.300000 0.500000 0.100000 50.000000 0.000000 -32894.212218 4.926913 7.612600
12 300.000000 -1.000000 0.400000 0.500000 0.100000 40.000000 0.000000 -32843.291709 -1.282673 8.077658
8 300.000000 1.000000 0.300000 0.500000 0.100000 50.000000 0.000000 -32860.384518 6.962388 7.131256
13 300.000000 -1.000000 0.300000 0.500000 0.100000 50.000000 0.000000 -32815.399064 -4.644104 6.777581
9 300.000000 1.000000 0.400000 0.500000 0.100000 40.000000 0.000000 -33039.840113 0.917929 8.247142
9 300.000000 1.000000 0.400000 0.500000 0.100000 40.000000 0.000000 -32925.942392 -0.041647 7.210599
11 300.000000 -1.000000 0.500000 0.500000 0.100000 30.000000 0.000000 -33027.645903 0.091240 6.474628
12 300.000000 -1.000000 0.400000 0.500000 0.100000 40.000000 0.000000 -32877.436447 5.036168 6.400562
13 300.000000 -1.000000 0.300000 0.500000 0.100000 50.000000 0.000000 -32953.949687 9.707566 6.530159
13 300.000000 -1.000000 0.300000 0.500000 0.100000 50.000000 0.000000 -32991.207941 0.635165 6.489852
14 300.000000 -1.000000 0.200000 0.500000 0.100000 60.000000 0.000000 -32932.055599 16.862809 7.401853
14 300.000000 -1.000000 0.200000 0.500000 0.100000 60.000000 0.000000 -32817.216513 4.589111 6.849360
12 300.000000 -1.000000 0.400000 0.500000 0.100000 40.000000 0.000000 -32796.981067 4.156119 6.434175
13 300.000000 -1.000000 0.300000 0.500000 0.100000 50.000000 0.000000 -32917.722183 9.287469 7.263835
14 300.000000 -1.000000 0.200000 0.500000 0.100000 60.000000 0.000000 -32939.154084 3.849914 6.402729
12 300.000000 -1.000000 0.400000 0.500000 0.100000 40.000000 0.000000 -32946.606629 10.301985 6.986298
12 300.000000 -1.000000 0.400000 0.500000 0.100000 40.000000 0.000000 -32904.350663 0.673682 6.587553
11 300.000000 -1.000000 0.500000 0.500000 0.100000 30.000000 0.000000 -32960.552235 -1.546765 6.610235
11 300.000000 -1.000000 0.500000 0.500000 0.100000 30.000000 0.000000 -32913.806278 -2.768594 6.394971
10 300.000000 1.000000 0.500000 0.500000 0.100000 30.000000 0.000000 -32942.366635 -1.772084 6.607082
11 300.000000 -1.000000 0.500000 0.500000 0.100000 30.000000 0.000000 -32926.123633 -2.199982 6.407942
12 300.000000 -1.000000 0.400000 0.500000 0.100000 40.000000 0.000000 -32837.408297 3.915648 7.689363
12 300.000000 -1.000000 0.400000 0.500000 0.100000 40.000000 0.000000 -32813.674128 8.686480 6.422872
13 300.000000 -1.000000 0.300000 0.500000 0.100000 50.000000 0.000000 -32933.144905 0.265124 7.309330
11 300.000000 -1.000000 0.500000 0.500000 0.100000 30.000000 0.000000 -32862.208469 4.775176 6.500528
13 300.000000 -1.000000 0.300000 0.500000 0.100000 50.000000 0.000000 -32848.583848 12.317980 8.195720
15 300.000000 -1.000000 0.100000 0.500000 0.100000 70.000000 0.000000 -32781.406043 18.437858 7.337376
13 300.000000 -1.000000 0.300000 0.500000 0.100000 50.000000 0.000000 -32711.556946 7.345884 6.744948
6 300.000000 1.000000 0.100000 0.500000 0.100000 70.000000 0.000000 -32786.922232 23.332808 7.095562
6 300.000000 1.000000 0.100000 0.500000 0.100000 70.000000 0.000000 -32803.363751 29.143270 6.543302
6 300.000000 1.000000 0.100000 0.500000 0.100000 70.000000 0.000000 -32871.033259 9.047547 6.401768
7 300.000000 1.000000 0.200000 0.500000 0.100000 60.000000 0.000000 -32952.016397 11.532756 7.098039
9 300.000000 1.000000 0.400000 0.500000 0.100000 40.000000 0.000000 -32754.321111 -2.326863 6.391247
10 300.000000 1.000000 0.500000 0.500000 0.100000 30.000000 0.000000 -32956.968613 2.326034 6.396270
11 300.000000 -1.000000 0.500000 0.500000 0.100000 30.000000 0.000000 -32886.873440 4.320782 6.665050
9 300.000000 1.000000 0.400000 0.500000 0.100000 40.000000 0.000000 -32675.628388 3.513478 6.450168
11 300.000000 -1.000000 0.500000 0.500000 0.100000 30.000000 0.000000 -32750.927586 -12.232004 6.472185
10 300.000000 1.000000 0.500000 0.500000 0.100000 30.000000 0.000000 -32826.533314 -3.848795 6.505049
10 300.000000 1.000000 0.500000 0.500000 0.100000 30.000000 0.000000 -32781.234702 -7.007174 6.510497
10 300.000000 1.000000 0.500000 0.500000 0.100000 30.000000 0.000000 -32801.653303 2.915807 6.513594
8 300.000000 1.000000 0.300000 0.500000 0.100000 50.000000 0.000000 -33002.040169 10.907908 6.428509
8 300.000000 1.000000 0.300000 0.500000 0.100000 50.000000 0.000000 -32907.961958 9.853114 6.389712
8 300.000000 1.000000 0.300000 0.500000 0.100000 50.000000 0.000000 -33015.272802 13.813809 7.997461
6 300.000000 1.000000 0.100000 0.500000 0.100000 70.000000 0.000000 -32934.454739 21.988966 6.394734
6 300.000000 1.000000 0.100000 0.500000 0.100000 70.000000 0.000000 -32814.327008 15.563486 6.983151
8 300.000000 1.000000 0.300000 0.500000 0.100000 50.000000 0.000000 -32848.877947 9.904097 7.300556
8 300.000000 1.000000 0.300000 0.500000 0.100000 50.000000 0.000000 -32828.268873 4.690309 7.785984
8 300.000000 1.000000 0.300000 0.500000 0.100000 50.000000 0.000000 -32910.972194 5.752846 6.880591
8 300.000000 1.000000 0.300000 0.500000 0.100000 50.000000 0.000000 -32845.116811 10.931653 7.422502
7 300.000000 1.000000 0.200000 0.500000 0.100000 60.000000 0.000000 -32891.005426 6.493038 7.805711
9 300.000000 1.000000 0.400000 0.500000 0.100000 40.000000 0.000000 -32720.095536 -3.398576 8.254087
10 300.000000 1.000000 0.500000 0.500000 0.100000 30.000000 0.000000 -32951.871854 -11.538563 6.941057
10 300.000000 1.000000 0.500000 0.500000 0.100000 30.000000 0.000000 -32801.544221 1.789988 8.097011
10 300.000000 1.000000 0.500000 0.500000 0.100000 30.000000 0.000000 -32921.868885 11.930598 7.995573
8 300.000000 1.000000 0.300000 0.500000 0.100000 50.000000 0.000000 -32913.907152 7.058769 7.539919
8 300.000000 1.000000 0.300000 0.500000 0.100000 50.000000 0.000000 -32963.201200 1.652492 4.471013
10 300.000000 1.000000 0.500000 0.500000 0.100000 30.000000 0.000000 -32686.849096 -4.583964 7.194583
11 300.000000 -1.000000 0.500000 0.500000 0.100000 30.000000 0.000000 -32807.323257 6.076819 6.790972
14 300.000000 -1.000000 0.200000 0.500000 0.100000 60.000000 0.000000 -32764.518754 24.511987 6.969349
15 300.000000 -1.000000 0.100000 0.500000 0.100000 70.000000 0.000000 -32810.680474 30.323904 7.978529
15 300.000000 -1.000000 0.100000 0.500000 0.100000 70.000000 0.000000 -32872.027542 30.173590 7.193657
15 300.000000 -1.000000 0.100000 0.500000 0.100000 70.000000 0.000000 -32762.368066 25.425960 6.782346
15 300.000000 -1.000000 0.100000 0.500000 0.100000 70.000000 0.000000 -32786.645269 18.416241 7.472005
16 300.000000 -1.000000 0.000000 0.500000 0.100000 80.000000 0.000000 -32930.646739 35.089643 7.868006
16 300.000000 -1.000000 0.000000 0.500000 0.100000 80.000000 0.000000 -32844.078008 42.583733 6.400887
16 300.000000 -1.000000 0.000000 0.500000 0.100000 80.000000 0.000000 -32905.499023 51.830110 6.713329
17 300.000000 -1.000000 0.000000 0.400000 0.100000 90.000000 0.000000 -32879.385067 53.554213 6.864662
19 300.000000 -1.000000 0.000000 0.200000 0.100000 110.000000 0.000000 -32905.797845 79.792089 6.463170
20 300.000000 -1.000000 0.000000 0.100000 0.100000 120.000000 0.000000 -32845.013660 139.387646 7.824156
20 300.000000 -1.000000 0.000000 0.100000 0.100000 120.000000 0.000000 -32898.686111 129.440637 7.551620
20 300.000000 -1.000000 0.000000 0.100000 0.100000 120.000000 0.000000 -32763.903035 131.510728 8.120263
19 300.000000 -1.000000 0.000000 0.200000 0.100000 110.000000 0.000000 -32963.900400 120.086533 7.357908
19 300.000000 -1.000000 0.000000 0.200000 0.100000 110.000000 0.000000 -32928.168818 84.404462 6.587098
19 300.000000 -1.000000 0.000000 0.200000 0.100000 110.000000 0.000000 -32991.896482 83.654057 7.560770
19 300.000000 -1.000000 0.000000 0.200000 0.100000 110.000000 0.000000 -32873.213713 100.468596 7.218683
19 300.000000 -1.000000 0.000000 0.200000 0.100000 110.000000 0.000000 -32933.105135 40.792338 7.091673
17 300.000000 -1.000000 0.000000 0.400000 0.100000 90.000000 0.000000 -32893.065043 71.949751 6.590922
18 300.000000 -1.000000 0.000000 0.300000 0.100000 100.000000 0.000000 -32943.318702 55.719217 7.411214
16 300.000000 -1.000000 0.000000 0.500000 0.100000 80.000000 0.000000 -32717.585389 43.409692 6.773242
15 300.000000 -1.000000 0.100000 0.500000 0.100000 70.000000 0.000000 -32756.001393 20.133859 6.463426
15 300.000000 -1.000000 0.100000 0.500000 0.100000 70.000000 0.000000 -32929.062121 21.216872 6.400821
15 300.000000 -1.000000 0.100000 0.500000 0.100000 70.000000 0.000000 -32916.635636 20.860373 7.161317
15 300.000000 -1.000000 0.100000 0.500000 0.100000 70.000000 0.000000 -32849.369518 27.410802 7.876004
15 300.000000 -1.000000 0.100000 0.500000 0.100000 70.000000 0.000000 -32902.619272 26.537934 6.743267
15 300.000000 -1.000000 0.100000 0.500000 0.100000 70.000000 0.000000 -32898.558359 31.556117 6.742049
16 300.000000 -1.000000 0.000000 0.500000 0.100000 80.000000 0.000000 -32755.875957 40.156295 6.559530
17 300.000000 -1.000000 0.000000 0.400000 0.100000 90.000000 0.000000 -32680.074364 52.214481 6.731919
18 300.000000 -1.000000 0.000000 0.300000 0.100000 100.000000 0.000000 -32939.988446 78.923411 6.588286
18 300.000000 -1.000000 0.000000 0.300000 0.100000 100.000000 0.000000 -32846.878906 75.602206 7.510999
17 300.000000 -1.000000 0.000000 0.400000 0.100000 90.000000 0.000000 -32806.859990 69.787024 6.665231
18 300.000000 -1.000000 0.000000 0.300000 0.100000 100.000000 0.000000 -32871.550860 77.978028 6.490755
17 300.000000 -1.000000 0.000000 0.400000 0.100000 90.000000 0.000000 -32813.783462 61.057356 6.935335
