300.000000 0.000000 0.000000 0.000000 0.000000 0.000000 0.000000 -35252.119125 965.312823
300.000000 0.002000 0.002000 0.002000 0.000000 0.000000 0.000000 -35219.998666 847.805606
300.000000 0.004000 0.004000 0.004000 0.000000 0.000000 0.000000 -35329.519133 954.492552
300.000000 0.006000 0.006000 0.006000 0.000000 0.000000 0.000000 -35216.203582 803.174096
300.000000 0.008000 0.008000 0.008000 0.000000 0.000000 0.000000 -35301.017332 841.264958
300.000000 0.010000 0.010000 0.010000 0.000000 0.000000 0.000000 -35210.707585 744.676332
300.000000 0.012000 0.012000 0.012000 0.000000 0.000000 0.000000 -35366.071562 975.941536
300.000000 0.014000 0.014000 0.014000 0.000000 0.000000 0.000000 -35293.654640 844.255155
300.000000 0.016000 0.016000 0.016000 0.000000 0.000000 0.000000 -35290.699348 854.727057
300.000000 0.018000 0.018000 0.018000 0.000000 0.000000 0.000000 -35258.596679 842.068684
300.000000 0.020000 0.020000 0.020000 0.000000 0.000000 0.000000 -35086.019734 697.988976
300.000000 0.022000 0.022000 0.022000 0.000000 0.000000 0.000000 -35137.678035 670.092539
300.000000 0.024000 0.024000 0.024000 0.000000 0.000000 0.000000 -35220.042540 708.081047
300.000000 0.026000 0.026000 0.026000 0.000000 0.000000 0.000000 -35233.824475 181.762036
300.000000 0.028000 0.028000 0.028000 0.000000 0.000000 0.000000 -35237.831043 113.857633
300.000000 0.030000 0.030000 0.030000 0.000000 0.000000 0.000000 -35188.163400 85.350756
300.000000 0.032000 0.032000 0.032000 0.000000 0.000000 0.000000 -35233.425274 181.735238
300.000000 0.034000 0.034000 0.034000 0.000000 0.000000 0.000000 -35208.386884 80.247577
300.000000 0.036000 0.036000 0.036000 0.000000 0.000000 0.000000 -35230.248192 153.663899
300.000000 0.038000 0.038000 0.038000 0.000000 0.000000 0.000000 -35156.816320 123.460030
300.000000 0.040000 0.040000 0.040000 0.000000 0.000000 0.000000 -35132.749520 93.572671
300.000000 0.042000 0.042000 0.042000 0.000000 0.000000 0.000000 -35118.449227 178.405741
300.000000 0.044000 0.044000 0.044000 0.000000 0.000000 0.000000 -35180.285978 99.891255
300.000000 0.046000 0.046000 0.046000 0.000000 0.000000 0.000000 -35097.111746 124.975623
300.000000 0.048000 0.048000 0.048000 0.000000 0.000000 0.000000 -35196.839961 88.504438
300.000000 0.050000 0.050000 0.050000 0.000000 0.000000 0.000000 -35256.922061 91.269242
300.000000 0.052000 0.052000 0.052000 0.000000 0.000000 0.000000 -35375.442776 47.689253
300.000000 0.054000 0.054000 0.054000 0.000000 0.000000 0.000000 -35427.160922 68.063541
300.000000 0.056000 0.056000 0.056000 0.000000 0.000000 0.000000 -35225.955424 55.508988
300.000000 0.058000 0.058000 0.058000 0.000000 0.000000 0.000000 -35151.091577 77.980657
300.000000 0.060000 0.060000 0.060000 0.000000 0.000000 0.000000 -35229.166863 105.429937
300.000000 0.062000 0.062000 0.062000 0.000000 0.000000 0.000000 -35186.188699 79.041066
300.000000 0.064000 0.064000 0.064000 0.000000 0.000000 0.000000 -35152.750337 64.397736
300.000000 0.066000 0.066000 0.066000 0.000000 0.000000 0.000000 -35226.008775 67.130347
300.000000 0.068000 0.068000 0.068000 0.000000 0.000000 0.000000 -35159.272454 59.162456
300.000000 0.070000 0.070000 0.070000 0.000000 0.000000 0.000000 -35151.842985 49.296049
300.000000 0.072000 0.072000 0.072000 0.000000 0.000000 0.000000 -35161.019730 65.179860
300.000000 0.074000 0.074000 0.074000 0.000000 0.000000 0.000000 -35125.460344 81.914321
300.000000 0.076000 0.076000 0.076000 0.000000 0.000000 0.000000 -35072.488757 52.165238
300.000000 0.078000 0.078000 0.078000 0.000000 0.000000 0.000000 -35116.032226 59.325103
300.000000 0.080000 0.080000 0.080000 0.000000 0.000000 0.000000 -35229.175561 35.194034
300.000000 0.082000 0.082000 0.082000 0.000000 0.000000 0.000000 -35096.882386 65.320193
300.000000 0.084000 0.084000 0.084000 0.000000 0.000000 0.000000 -35216.251991 52.068204
300.000000 0.086000 0.086000 0.086000 0.000000 0.000000 0.000000 -35040.131483 38.402327
300.000000 0.088000 0.088000 0.088000 0.000000 0.000000 0.000000 -35116.053164 28.538925
300.000000 0.090000 0.090000 0.090000 0.000000 0.000000 0.000000 -35118.955680 59.462735
300.000000 0.092000 0.092000 0.092000 0.000000 0.000000 0.000000 -35028.937959 53.341974
300.000000 0.094000 0.094000 0.094000 0.000000 0.000000 0.000000 -35126.145337 45.112547
300.000000 0.096000 0.096000 0.096000 0.000000 0.000000 0.000000 -34999.740481 33.093954
300.000000 0.098000 0.098000 0.098000 0.000000 0.000000 0.000000 -35245.049274 36.080412
300.000000 0.100000 0.100000 0.100000 0.000000 0.000000 0.000000 -35184.829486 26.447816
300.000000 0.102000 0.102000 0.102000 0.000000 0.000000 0.000000 -35147.899185 40.381530
300.000000 0.104000 0.104000 0.104000 0.000000 0.000000 0.000000 -35153.965172 46.613819
300.000000 0.106000 0.106000 0.106000 0.000000 0.000000 0.000000 -35254.388686 20.170069
300.000000 0.108000 0.108000 0.108000 0.000000 0.000000 0.000000 -35110.473215 54.634071
300.000000 0.110000 0.110000 0.110000 0.000000 0.000000 0.000000 -35354.681598 32.056195
300.000000 0.112000 0.112000 0.112000 0.000000 0.000000 0.000000 -35311.412210 47.913150
300.000000 0.114000 0.114000 0.114000 0.000000 0.000000 0.000000 -35329.068415 28.327290
300.000000 0.116000 0.116000 0.116000 0.000000 0.000000 0.000000 -35271.252323 42.631222
300.000000 0.118000 0.118000 0.118000 0.000000 0.000000 0.000000 -35370.004019 29.468748
300.000000 0.120000 0.120000 0.120000 0.000000 0.000000 0.000000 -35281.846504 31.171445
300.000000 0.122000 0.122000 0.122000 0.000000 0.000000 0.000000 -35345.217160 46.162054
300.000000 0.124000 0.124000 0.124000 0.000000 0.000000 0.000000 -35331.700896 17.068512
300.000000 0.126000 0.126000 0.126000 0.000000 0.000000 0.000000 -35401.797276 28.356461
300.000000 0.128000 0.128000 0.128000 0.000000 0.000000 0.000000 -35335.332937 31.042779
300.000000 0.130000 0.130000 0.130000 0.000000 0.000000 0.000000 -35358.258185 47.520441
300.000000 0.132000 0.132000 0.132000 0.000000 0.000000 0.000000 -35317.487507 40.509027
300.000000 0.134000 0.134000 0.134000 0.000000 0.000000 0.000000 -35337.381137 41.267952
300.000000 0.136000 0.136000 0.136000 0.000000 0.000000 0.000000 -35234.373494 37.308467
300.000000 0.138000 0.138000 0.138000 0.000000 0.000000 0.000000 -35264.059058 49.146227
300.000000 0.140000 0.140000 0.140000 0.000000 0.000000 0.000000 -35101.858265 28.338788
300.000000 0.142000 0.142000 0.142000 0.000000 0.000000 0.000000 -35137.765395 39.463128
300.000000 0.144000 0.144000 0.144000 0.000000 0.000000 0.000000 -35220.171529 21.113077
300.000000 0.146000 0.146000 0.146000 0.000000 0.000000 0.000000 -35147.577219 26.711068
300.000000 0.148000 0.148000 0.148000 0.000000 0.000000 0.000000 -35127.627797 29.741625
300.000000 0.150000 0.150000 0.150000 0.000000 0.000000 0.000000 -35117.515086 24.686943
300.000000 0.152000 0.152000 0.152000 0.000000 0.000000 0.000000 -35083.922266 54.611848
300.000000 0.154000 0.154000 0.154000 0.000000 0.000000 0.000000 -35141.878521 39.260958
300.000000 0.156000 0.156000 0.156000 0.000000 0.000000 0.000000 -35194.292559 36.737572
300.000000 0.158000 0.158000 0.158000 0.000000 0.000000 0.000000 -35184.791448 10.354336
300.000000 0.160000 0.160000 0.160000 0.000000 0.000000 0.000000 -35213.756930 44.134204
300.000000 0.162000 0.162000 0.162000 0.000000 0.000000 0.000000 -35125.275002 25.615751
300.000000 0.164000 0.164000 0.164000 0.000000 0.000000 0.000000 -35129.012542 24.477622
300.000000 0.166000 0.166000 0.166000 0.000000 0.000000 0.000000 -35137.515056 17.502681
300.000000 0.168000 0.168000 0.168000 0.000000 0.000000 0.000000 -35166.502735 22.441418
300.000000 0.170000 0.170000 0.170000 0.000000 0.000000 0.000000 -35244.256148 27.505172
300.000000 0.172000 0.172000 0.172000 0.000000 0.000000 0.000000 -35233.297366 24.783710
300.000000 0.174000 0.174000 0.174000 0.000000 0.000000 0.000000 -35312.878568 15.680343
300.000000 0.176000 0.176000 0.176000 0.000000 0.000000 0.000000 -35239.220700 22.918269
300.000000 0.178000 0.178000 0.178000 0.000000 0.000000 0.000000 -35295.805929 23.503836
300.000000 0.180000 0.180000 0.180000 0.000000 0.000000 0.000000 -35244.057107 29.936770
300.000000 0.182000 0.182000 0.182000 0.000000 0.000000 0.000000 -35180.392385 47.941928
300.000000 0.184000 0.184000 0.184000 0.000000 0.000000 0.000000 -35211.917565 9.598538
300.000000 0.186000 0.186000 0.186000 0.000000 0.000000 0.000000 -35371.894290 45.197257
300.000000 0.188000 0.188000 0.188000 0.000000 0.000000 0.000000 -35163.041640 36.321472
300.000000 0.190000 0.190000 0.190000 0.000000 0.000000 0.000000 -34980.216155 20.522305
300.000000 0.192000 0.192000 0.192000 0.000000 0.000000 0.000000 -35112.976617 40.099000
300.000000 0.194000 0.194000 0.194000 0.000000 0.000000 0.000000 -35259.418702 16.505232
300.000000 0.196000 0.196000 0.196000 0.000000 0.000000 0.000000 -35227.398493 39.421239
300.000000 0.198000 0.198000 0.198000 0.000000 0.000000 0.000000 -35147.748288 41.089573
300.000000 0.200000 0.200000 0.200000 0.000000 0.000000 0.000000 -35182.578145 29.773461
300.000000 0.202000 0.202000 0.202000 0.000000 0.000000 0.000000 -35139.575210 21.072563
300.000000 0.204000 0.204000 0.204000 0.000000 0.000000 0.000000 -35162.582223 27.053670
300.000000 0.206000 0.206000 0.206000 0.000000 0.000000 0.000000 -35097.454920 25.696237
300.000000 0.208000 0.208000 0.208000 0.000000 0.000000 0.000000 -35327.518225 20.297676
300.000000 0.210000 0.210000 0.210000 0.000000 0.000000 0.000000 -35260.529180 15.195543
300.000000 0.212000 0.212000 0.212000 0.000000 0.000000 0.000000 -35268.133969 25.845851
300.000000 0.214000 0.214000 0.214000 0.000000 0.000000 0.000000 -35191.964544 22.798851
300.000000 0.216000 0.216000 0.216000 0.000000 0.000000 0.000000 -35178.326199 33.577714
300.000000 0.218000 0.218000 0.218000 0.000000 0.000000 0.000000 -35251.570293 17.955218
300.000000 0.220000 0.220000 0.220000 0.000000 0.000000 0.000000 -35300.863467 32.102491
300.000000 0.222000 0.222000 0.222000 0.000000 0.000000 0.000000 -35387.322239 39.086678
300.000000 0.224000 0.224000 0.224000 0.000000 0.000000 0.000000 -35414.006881 25.501134
300.000000 0.226000 0.226000 0.226000 0.000000 0.000000 0.000000 -35210.731237 15.230802
300.000000 0.228000 0.228000 0.228000 0.000000 0.000000 0.000000 -35304.263726 25.602298
300.000000 0.230000 0.230000 0.230000 0.000000 0.000000 0.000000 -35278.012055 29.396032
300.000000 0.232000 0.232000 0.232000 0.000000 0.000000 0.000000 -35429.063890 16.020913
300.000000 0.234000 0.234000 0.234000 0.000000 0.000000 0.000000 -35314.773772 15.697936
300.000000 0.236000 0.236000 0.236000 0.000000 0.000000 0.000000 -35217.486256 29.134207
300.000000 0.238000 0.238000 0.238000 0.000000 0.000000 0.000000 -35264.086590 27.266668
300.000000 0.240000 0.240000 0.240000 0.000000 0.000000 0.000000 -35316.224647 19.236724
300.000000 0.242000 0.242000 0.242000 0.000000 0.000000 0.000000 -35288.558487 19.685806
300.000000 0.244000 0.244000 0.244000 0.000000 0.000000 0.000000 -35267.330135 21.077371
300.000000 0.246000 0.246000 0.246000 0.000000 0.000000 0.000000 -35309.030318 37.461801
300.000000 0.248000 0.248000 0.248000 0.000000 0.000000 0.000000 -35237.460189 11.673959
300.000000 0.250000 0.250000 0.250000 0.000000 0.000000 0.000000 -35158.493128 21.031196
300.000000 0.252000 0.252000 0.252000 0.000000 0.000000 0.000000 -35195.253637 26.626169
300.000000 0.254000 0.254000 0.254000 0.000000 0.000000 0.000000 -35317.465473 21.499457
300.000000 0.256000 0.256000 0.256000 0.000000 0.000000 0.000000 -35248.534180 22.880537
300.000000 0.258000 0.258000 0.258000 0.000000 0.000000 0.000000 -35187.312935 9.508232
300.000000 0.260000 0.260000 0.260000 0.000000 0.000000 0.000000 -35197.003671 12.348359
300.000000 0.262000 0.262000 0.262000 0.000000 0.000000 0.000000 -35230.817835 14.976900
300.000000 0.264000 0.264000 0.264000 0.000000 0.000000 0.000000 -35196.889830 10.094935
300.000000 0.266000 0.266000 0.266000 0.000000 0.000000 0.000000 -35147.133813 21.529965
300.000000 0.268000 0.268000 0.268000 0.000000 0.000000 0.000000 -35022.407797 9.223405
300.000000 0.270000 0.270000 0.270000 0.000000 0.000000 0.000000 -35063.821012 -2.244756
300.000000 0.272000 0.272000 0.272000 0.000000 0.000000 0.000000 -35182.924616 12.834808
300.000000 0.274000 0.274000 0.274000 0.000000 0.000000 0.000000 -35196.596336 17.260490
300.000000 0.276000 0.276000 0.276000 0.000000 0.000000 0.000000 -35138.803043 24.128739
300.000000 0.278000 0.278000 0.278000 0.000000 0.000000 0.000000 -35236.855672 4.538036
300.000000 0.280000 0.280000 0.280000 0.000000 0.000000 0.000000 -35137.849486 5.508834
300.000000 0.282000 0.282000 0.282000 0.000000 0.000000 0.000000 -35153.686896 11.323275
300.000000 0.284000 0.284000 0.284000 0.000000 0.000000 0.000000 -35256.474660 17.143608
300.000000 0.286000 0.286000 0.286000 0.000000 0.000000 0.000000 -35127.792769 22.196315
300.000000 0.288000 0.288000 0.288000 0.000000 0.000000 0.000000 -35147.476088 21.336554
300.000000 0.290000 0.290000 0.290000 0.000000 0.000000 0.000000 -35162.081147 17.346041
300.000000 0.292000 0.292000 0.292000 0.000000 0.000000 0.000000 -35210.781679 12.363919
300.000000 0.294000 0.294000 0.294000 0.000000 0.000000 0.000000 -35061.094786 29.591224
300.000000 0.296000 0.296000 0.296000 0.000000 0.000000 0.000000 -35147.367392 6.357800
300.000000 0.298000 0.298000 0.298000 0.000000 0.000000 0.000000 -35174.546829 18.061454
300.000000 0.300000 0.300000 0.300000 0.000000 0.000000 0.000000 -35177.950055 21.102978
300.000000 0.302000 0.302000 0.302000 0.000000 0.000000 0.000000 -35136.699761 14.309494
300.000000 0.304000 0.304000 0.304000 0.000000 0.000000 0.000000 -35251.842767 14.378513
300.000000 0.306000 0.306000 0.306000 0.000000 0.000000 0.000000 -35158.867853 20.631324
300.000000 0.308000 0.308000 0.308000 0.000000 0.000000 0.000000 -35264.730018 18.012183
300.000000 0.310000 0.310000 0.310000 0.000000 0.000000 0.000000 -35362.546800 7.219970
300.000000 0.312000 0.312000 0.312000 0.000000 0.000000 0.000000 -35263.027918 14.138206
300.000000 0.314000 0.314000 0.314000 0.000000 0.000000 0.000000 -35237.250211 12.409588
300.000000 0.316000 0.316000 0.316000 0.000000 0.000000 0.000000 -35078.914174 8.003635
300.000000 0.318000 0.318000 0.318000 0.000000 0.000000 0.000000 -35233.693463 25.340204
300.000000 0.320000 0.320000 0.320000 0.000000 0.000000 0.000000 -35166.236927 22.273070
300.000000 0.322000 0.322000 0.322000 0.000000 0.000000 0.000000 -35240.031287 -1.215259
300.000000 0.324000 0.324000 0.324000 0.000000 0.000000 0.000000 -35248.864700 18.484688
300.000000 0.326000 0.326000 0.326000 0.000000 0.000000 0.000000 -35352.114667 12.803531
300.000000 0.328000 0.328000 0.328000 0.000000 0.000000 0.000000 -35295.494883 20.694226
300.000000 0.330000 0.330000 0.330000 0.000000 0.000000 0.000000 -35312.837183 15.977070
300.000000 0.332000 0.332000 0.332000 0.000000 0.000000 0.000000 -35300.616771 14.075917
300.000000 0.334000 0.334000 0.334000 0.000000 0.000000 0.000000 -35138.032240 15.035587
300.000000 0.336000 0.336000 0.336000 0.000000 0.000000 0.000000 -35242.894529 12.208310
300.000000 0.338000 0.338000 0.338000 0.000000 0.000000 0.000000 -35265.965999 16.929628
300.000000 0.340000 0.340000 0.340000 0.000000 0.000000 0.000000 -35235.714085 13.917646
300.000000 0.342000 0.342000 0.342000 0.000000 0.000000 0.000000 -35275.101717 16.834259
300.000000 0.344000 0.344000 0.344000 0.000000 0.000000 0.000000 -35240.952883 22.574457
300.000000 0.346000 0.346000 0.346000 0.000000 0.000000 0.000000 -35098.365751 6.793035
300.000000 0.348000 0.348000 0.348000 0.000000 0.000000 0.000000 -35201.957193 18.293308
300.000000 0.350000 0.350000 0.350000 0.000000 0.000000 0.000000 -35231.448734 4.111223
300.000000 0.352000 0.352000 0.352000 0.000000 0.000000 0.000000 -35323.579823 0.268395
300.000000 0.354000 0.354000 0.354000 0.000000 0.000000 0.000000 -35169.865588 8.352526
300.000000 0.356000 0.356000 0.356000 0.000000 0.000000 0.000000 -35212.726041 1.449820
300.000000 0.358000 0.358000 0.358000 0.000000 0.000000 0.000000 -35284.698407 6.512415
300.000000 0.360000 0.360000 0.360000 0.000000 0.000000 0.000000 -35240.983049 6.799627
300.000000 0.362000 0.362000 0.362000 0.000000 0.000000 0.000000 -35274.376875 17.019083
300.000000 0.364000 0.364000 0.364000 0.000000 0.000000 0.000000 -35098.979424 11.001507
300.000000 0.366000 0.366000 0.366000 0.000000 0.000000 0.000000 -35204.166700 11.882415
300.000000 0.368000 0.368000 0.368000 0.000000 0.000000 0.000000 -35305.255909 16.138694
300.000000 0.370000 0.370000 0.370000 0.000000 0.000000 0.000000 -35244.965936 7.839745
300.000000 0.372000 0.372000 0.372000 0.000000 0.000000 0.000000 -35196.052296 6.478798
300.000000 0.374000 0.374000 0.374000 0.000000 0.000000 0.000000 -35238.613613 13.240267
300.000000 0.376000 0.376000 0.376000 0.000000 0.000000 0.000000 -35110.765972 4.151556
300.000000 0.378000 0.378000 0.378000 0.000000 0.000000 0.000000 -35059.723043 2.652431
300.000000 0.380000 0.380000 0.380000 0.000000 0.000000 0.000000 -35139.359688 6.316481
300.000000 0.382000 0.382000 0.382000 0.000000 0.000000 0.000000 -35233.359211 -1.152307
300.000000 0.384000 0.384000 0.384000 0.000000 0.000000 0.000000 -35182.727489 5.572163
300.000000 0.386000 0.386000 0.386000 0.000000 0.000000 0.000000 -35164.613005 16.985863
300.000000 0.388000 0.388000 0.388000 0.000000 0.000000 0.000000 -35202.674222 7.666461
300.000000 0.390000 0.390000 0.390000 0.000000 0.000000 0.000000 -35121.353458 13.166847
300.000000 0.392000 0.392000 0.392000 0.000000 0.000000 0.000000 -35219.284054 5.777093
300.000000 0.394000 0.394000 0.394000 0.000000 0.000000 0.000000 -35127.592554 8.592040
300.000000 0.396000 0.396000 0.396000 0.000000 0.000000 0.000000 -35109.642300 10.780090
300.000000 0.398000 0.398000 0.398000 0.000000 0.000000 0.000000 -35166.816721 4.893156
300.000000 0.400000 0.400000 0.400000 0.000000 0.000000 0.000000 -35231.908566 0.512713
300.000000 0.402000 0.402000 0.402000 0.000000 0.000000 0.000000 -35221.373655 7.952273
300.000000 0.404000 0.404000 0.404000 0.000000 0.000000 0.000000 -35237.611738 10.549340
300.000000 0.406000 0.406000 0.406000 0.000000 0.000000 0.000000 -35256.633130 14.463650
300.000000 0.408000 0.408000 0.408000 0.000000 0.000000 0.000000 -35189.806644 14.557033
300.000000 0.410000 0.410000 0.410000 0.000000 0.000000 0.000000 -35216.158346 0.980662
300.000000 0.412000 0.412000 0.412000 0.000000 0.000000 0.000000 -35175.403227 10.585623
300.000000 0.414000 0.414000 0.414000 0.000000 0.000000 0.000000 -35186.626961 5.334712
300.000000 0.416000 0.416000 0.416000 0.000000 0.000000 0.000000 -35128.423801 1.419106
300.000000 0.418000 0.418000 0.418000 0.000000 0.000000 0.000000 -35237.859449 19.309712
300.000000 0.420000 0.420000 0.420000 0.000000 0.000000 0.000000 -35282.766461 2.657419
300.000000 0.422000 0.422000 0.422000 0.000000 0.000000 0.000000 -35350.696869 10.000592
300.000000 0.424000 0.424000 0.424000 0.000000 0.000000 0.000000 -35128.934950 -3.116987
300.000000 0.426000 0.426000 0.426000 0.000000 0.000000 0.000000 -35163.956049 4.065520
300.000000 0.428000 0.428000 0.428000 0.000000 0.000000 0.000000 -35380.151616 14.404598
300.000000 0.430000 0.430000 0.430000 0.000000 0.000000 0.000000 -35334.682630 2.695108
300.000000 0.432000 0.432000 0.432000 0.000000 0.000000 0.000000 -35133.243454 0.806037
300.000000 0.434000 0.434000 0.434000 0.000000 0.000000 0.000000 -35103.994161 13.134201
300.000000 0.436000 0.436000 0.436000 0.000000 0.000000 0.000000 -35003.217150 -1.100483
300.000000 0.438000 0.438000 0.438000 0.000000 0.000000 0.000000 -34960.460771 -0.270532
300.000000 0.440000 0.440000 0.440000 0.000000 0.000000 0.000000 -35106.234672 18.296060
300.000000 0.442000 0.442000 0.442000 0.000000 0.000000 0.000000 -35177.465122 14.390645
300.000000 0.444000 0.444000 0.444000 0.000000 0.000000 0.000000 -35201.379567 8.772023
300.000000 0.446000 0.446000 0.446000 0.000000 0.000000 0.000000 -35076.790274 7.263280
300.000000 0.448000 0.448000 0.448000 0.000000 0.000000 0.000000 -35199.677086 8.549009
300.000000 0.450000 0.450000 0.450000 0.000000 0.000000 0.000000 -35227.579757 7.727335
300.000000 0.452000 0.452000 0.452000 0.000000 0.000000 0.000000 -35180.485247 -0.879340
300.000000 0.454000 0.454000 0.454000 0.000000 0.000000 0.000000 -35141.748015 15.169711
300.000000 0.456000 0.456000 0.456000 0.000000 0.000000 0.000000 -35162.755430 -2.030586
300.000000 0.458000 0.458000 0.458000 0.000000 0.000000 0.000000 -35176.467183 0.287117
300.000000 0.460000 0.460000 0.460000 0.000000 0.000000 0.000000 -35121.865804 3.139549
300.000000 0.462000 0.462000 0.462000 0.000000 0.000000 0.000000 -35055.687604 6.795911
300.000000 0.464000 0.464000 0.464000 0.000000 0.000000 0.000000 -35207.590349 12.622199
300.000000 0.466000 0.466000 0.466000 0.000000 0.000000 0.000000 -35122.937521 10.253415
300.000000 0.468000 0.468000 0.468000 0.000000 0.000000 0.000000 -35011.904345 0.099886
300.000000 0.470000 0.470000 0.470000 0.000000 0.000000 0.000000 -35153.692060 15.982783
300.000000 0.472000 0.472000 0.472000 0.000000 0.000000 0.000000 -35051.306903 2.958865
300.000000 0.474000 0.474000 0.474000 0.000000 0.000000 0.000000 -35167.212546 -4.218794
300.000000 0.476000 0.476000 0.476000 0.000000 0.000000 0.000000 -35210.956393 0.054178
300.000000 0.478000 0.478000 0.478000 0.000000 0.000000 0.000000 -35060.645968 -13.104859
300.000000 0.480000 0.480000 0.480000 0.000000 0.000000 0.000000 -35065.563616 7.487778
300.000000 0.482000 0.482000 0.482000 0.000000 0.000000 0.000000 -35004.993495 -3.533230
300.000000 0.484000 0.484000 0.484000 0.000000 0.000000 0.000000 -35117.636484 3.630115
300.000000 0.486000 0.486000 0.486000 0.000000 0.000000 0.000000 -35194.498187 -5.616369
300.000000 0.488000 0.488000 0.488000 0.000000 0.000000 0.000000 -35041.553794 5.575398
300.000000 0.490000 0.490000 0.490000 0.000000 0.000000 0.000000 -35158.534287 2.758741
300.000000 0.492000 0.492000 0.492000 0.000000 0.000000 0.000000 -35098.325045 -8.717960
300.000000 0.494000 0.494000 0.494000 0.000000 0.000000 0.000000 -35068.778709 -3.946202
300.000000 0.496000 0.496000 0.496000 0.000000 0.000000 0.000000 -35132.112290 -8.103944
300.000000 0.498000 0.498000 0.498000 0.000000 0.000000 0.000000 -35087.358982 -11.693690
