300.000000 0.000000 0.000000 0.000000 0.000000 0.000000 0.000000 -32615.243115 935.311385
300.000000 0.002000 0.002000 0.002000 0.000000 0.000000 0.000000 -32545.672821 933.031331
300.000000 0.004000 0.004000 0.004000 0.000000 0.000000 0.000000 -32530.802789 930.831658
300.000000 0.006000 0.006000 0.006000 0.000000 0.000000 0.000000 -32597.095806 886.956402
300.000000 0.008000 0.008000 0.008000 0.000000 0.000000 0.000000 -32537.961489 910.924099
300.000000 0.010000 0.010000 0.010000 0.000000 0.000000 0.000000 -32540.701921 926.980941
300.000000 0.012000 0.012000 0.012000 0.000000 0.000000 0.000000 -32396.752748 874.109128
300.000000 0.014000 0.014000 0.014000 0.000000 0.000000 0.000000 -32498.180264 906.447066
300.000000 0.016000 0.016000 0.016000 0.000000 0.000000 0.000000 -32353.808853 783.567644
300.000000 0.018000 0.018000 0.018000 0.000000 0.000000 0.000000 -32448.182250 860.682425
300.000000 0.020000 0.020000 0.020000 0.000000 0.000000 0.000000 -32538.076098 798.570746
300.000000 0.022000 0.022000 0.022000 0.000000 0.000000 0.000000 -32505.801365 950.056024
300.000000 0.024000 0.024000 0.024000 0.000000 0.000000 0.000000 -32479.861066 908.240859
300.000000 0.026000 0.026000 0.026000 0.000000 0.000000 0.000000 -32412.792282 955.067565
300.000000 0.028000 0.028000 0.028000 0.000000 0.000000 0.000000 -32359.528838 945.220397
300.000000 0.030000 0.030000 0.030000 0.000000 0.000000 0.000000 -32367.366862 952.792143
300.000000 0.032000 0.032000 0.032000 0.000000 0.000000 0.000000 -32307.716594 864.067319
300.000000 0.034000 0.034000 0.034000 0.000000 0.000000 0.000000 -32306.900585 820.106025
300.000000 0.036000 0.036000 0.036000 0.000000 0.000000 0.000000 -32258.792477 956.004380
300.000000 0.038000 0.038000 0.038000 0.000000 0.000000 0.000000 -32269.694218 895.517098
300.000000 0.040000 0.040000 0.040000 0.000000 0.000000 0.000000 -32340.162906 896.913704
300.000000 0.042000 0.042000 0.042000 0.000000 0.000000 0.000000 -32350.851434 861.007104
300.000000 0.044000 0.044000 0.044000 0.000000 0.000000 0.000000 -32467.566520 899.744493
300.000000 0.046000 0.046000 0.046000 0.000000 0.000000 0.000000 -32361.893977 950.551094
300.000000 0.048000 0.048000 0.048000 0.000000 0.000000 0.000000 -32457.242241 882.633981
300.000000 0.050000 0.050000 0.050000 0.000000 0.000000 0.000000 -32463.215061 774.853060
300.000000 0.052000 0.052000 0.052000 0.000000 0.000000 0.000000 -32390.735579 746.551774
300.000000 0.054000 0.054000 0.054000 0.000000 0.000000 0.000000 -32314.074023 741.976840
300.000000 0.056000 0.056000 0.056000 0.000000 0.000000 0.000000 -32453.265465 717.900893
300.000000 0.058000 0.058000 0.058000 0.000000 0.000000 0.000000 -32430.418430 760.860865
300.000000 0.060000 0.060000 0.060000 0.000000 0.000000 0.000000 -32480.782207 706.299028
300.000000 0.062000 0.062000 0.062000 0.000000 0.000000 0.000000 -32459.299592 764.191723
300.000000 0.064000 0.064000 0.064000 0.000000 0.000000 0.000000 -32509.528974 761.202682
300.000000 0.066000 0.066000 0.066000 0.000000 0.000000 0.000000 -32563.982290 734.130985
300.000000 0.068000 0.068000 0.068000 0.000000 0.000000 0.000000 -32495.374712 64.372071
300.000000 0.070000 0.070000 0.070000 0.000000 0.000000 0.000000 -32435.151427 76.420299
300.000000 0.072000 0.072000 0.072000 0.000000 0.000000 0.000000 -32468.161758 114.317768
300.000000 0.074000 0.074000 0.074000 0.000000 0.000000 0.000000 -32502.079504 68.392869
300.000000 0.076000 0.076000 0.076000 0.000000 0.000000 0.000000 -32465.817044 42.500281
300.000000 0.078000 0.078000 0.078000 0.000000 0.000000 0.000000 -32474.143270 101.190524
300.000000 0.080000 0.080000 0.080000 0.000000 0.000000 0.000000 -32564.068150 87.510415
300.000000 0.082000 0.082000 0.082000 0.000000 0.000000 0.000000 -32479.468610 66.481786
300.000000 0.084000 0.084000 0.084000 0.000000 0.000000 0.000000 -32505.448015 100.290981
300.000000 0.086000 0.086000 0.086000 0.000000 0.000000 0.000000 -32427.419444 86.515750
300.000000 0.088000 0.088000 0.088000 0.000000 0.000000 0.000000 -32533.321336 87.513081
300.000000 0.090000 0.090000 0.090000 0.000000 0.000000 0.000000 -32406.922764 56.556060
300.000000 0.092000 0.092000 0.092000 0.000000 0.000000 0.000000 -32450.998315 82.430178
300.000000 0.094000 0.094000 0.094000 0.000000 0.000000 0.000000 -32440.391819 63.551219
300.000000 0.096000 0.096000 0.096000 0.000000 0.000000 0.000000 -32401.543925 68.127815
300.000000 0.098000 0.098000 0.098000 0.000000 0.000000 0.000000 -32409.966490 90.341676
300.000000 0.100000 0.100000 0.100000 0.000000 0.000000 0.000000 -32268.798335 84.015013
300.000000 0.102000 0.102000 0.102000 0.000000 0.000000 0.000000 -32315.802616 53.643198
300.000000 0.104000 0.104000 0.104000 0.000000 0.000000 0.000000 -32327.372894 64.752677
300.000000 0.106000 0.106000 0.106000 0.000000 0.000000 0.000000 -32414.172442 62.993687
300.000000 0.108000 0.108000 0.108000 0.000000 0.000000 0.000000 -32491.295176 58.628523
300.000000 0.110000 0.110000 0.110000 0.000000 0.000000 0.000000 -32345.156767 76.306455
300.000000 0.112000 0.112000 0.112000 0.000000 0.000000 0.000000 -32345.701761 48.584881
300.000000 0.114000 0.114000 0.114000 0.000000 0.000000 0.000000 -32355.371446 82.975871
300.000000 0.116000 0.116000 0.116000 0.000000 0.000000 0.000000 -32383.393441 41.302960
300.000000 0.118000 0.118000 0.118000 0.000000 0.000000 0.000000 -32291.750461 31.333702
300.000000 0.120000 0.120000 0.120000 0.000000 0.000000 0.000000 -32400.007055 42.575609
300.000000 0.122000 0.122000 0.122000 0.000000 0.000000 0.000000 -32352.148741 53.328648
300.000000 0.124000 0.124000 0.124000 0.000000 0.000000 0.000000 -32391.453434 59.977427
300.000000 0.126000 0.126000 0.126000 0.000000 0.000000 0.000000 -32418.411951 47.386176
300.000000 0.128000 0.128000 0.128000 0.000000 0.000000 0.000000 -32298.306191 47.080232
300.000000 0.130000 0.130000 0.130000 0.000000 0.000000 0.000000 -32387.262369 47.156013
300.000000 0.132000 0.132000 0.132000 0.000000 0.000000 0.000000 -32493.664296 59.544454
300.000000 0.134000 0.134000 0.134000 0.000000 0.000000 0.000000 -32395.851050 56.531888
300.000000 0.136000 0.136000 0.136000 0.000000 0.000000 0.000000 -32378.164621 45.384591
300.000000 0.138000 0.138000 0.138000 0.000000 0.000000 0.000000 -32452.349942 78.727109
300.000000 0.140000 0.140000 0.140000 0.000000 0.000000 0.000000 -32324.842490 33.077041
300.000000 0.142000 0.142000 0.142000 0.000000 0.000000 0.000000 -32325.490165 47.075086
300.000000 0.144000 0.144000 0.144000 0.000000 0.000000 0.000000 -32368.678632 39.061196
300.000000 0.146000 0.146000 0.146000 0.000000 0.000000 0.000000 -32460.516949 45.847636
300.000000 0.148000 0.148000 0.148000 0.000000 0.000000 0.000000 -32479.200351 37.699452
300.000000 0.150000 0.150000 0.150000 0.000000 0.000000 0.000000 -32484.306914 52.241832
300.000000 0.152000 0.152000 0.152000 0.000000 0.000000 0.000000 -32463.729566 36.074412
300.000000 0.154000 0.154000 0.154000 0.000000 0.000000 0.000000 -32449.195926 44.103770
300.000000 0.156000 0.156000 0.156000 0.000000 0.000000 0.000000 -32345.051956 53.676112
300.000000 0.158000 0.158000 0.158000 0.000000 0.000000 0.000000 -32363.139829 33.849481
300.000000 0.160000 0.160000 0.160000 0.000000 0.000000 0.000000 -32497.566857 49.368225
300.000000 0.162000 0.162000 0.162000 0.000000 0.000000 0.000000 -32506.777676 52.002276
300.000000 0.164000 0.164000 0.164000 0.000000 0.000000 0.000000 -32470.101911 50.638704
300.000000 0.166000 0.166000 0.166000 0.000000 0.000000 0.000000 -32494.480641 48.142597
300.000000 0.168000 0.168000 0.168000 0.000000 0.000000 0.000000 -32405.850243 32.989266
300.000000 0.170000 0.170000 0.170000 0.000000 0.000000 0.000000 -32455.084375 37.298645
300.000000 0.172000 0.172000 0.172000 0.000000 0.000000 0.000000 -32493.680445 21.300388
300.000000 0.174000 0.174000 0.174000 0.000000 0.000000 0.000000 -32431.727522 50.360537
300.000000 0.176000 0.176000 0.176000 0.000000 0.000000 0.000000 -32437.380044 49.047234
300.000000 0.178000 0.178000 0.178000 0.000000 0.000000 0.000000 -32394.401907 31.320701
300.000000 0.180000 0.180000 0.180000 0.000000 0.000000 0.000000 -32581.252490 32.948493
300.000000 0.182000 0.182000 0.182000 0.000000 0.000000 0.000000 -32384.490217 53.470744
300.000000 0.184000 0.184000 0.184000 0.000000 0.000000 0.000000 -32492.449356 32.685509
300.000000 0.186000 0.186000 0.186000 0.000000 0.000000 0.000000 -32424.539876 40.888533
300.000000 0.188000 0.188000 0.188000 0.000000 0.000000 0.000000 -32383.615456 33.401640
300.000000 0.190000 0.190000 0.190000 0.000000 0.000000 0.000000 -32419.501697 25.746039
300.000000 0.192000 0.192000 0.192000 0.000000 0.000000 0.000000 -32430.738220 34.780998
300.000000 0.194000 0.194000 0.194000 0.000000 0.000000 0.000000 -32411.113745 31.784565
300.000000 0.196000 0.196000 0.196000 0.000000 0.000000 0.000000 -32483.545619 30.154484
300.000000 0.198000 0.198000 0.198000 0.000000 0.000000 0.000000 -32514.935108 39.046147
300.000000 0.200000 0.200000 0.200000 0.000000 0.000000 0.000000 -32421.896686 22.175289
300.000000 0.202000 0.202000 0.202000 0.000000 0.000000 0.000000 -32441.029586 34.723968
300.000000 0.204000 0.204000 0.204000 0.000000 0.000000 0.000000 -32404.319967 21.278429
300.000000 0.206000 0.206000 0.206000 0.000000 0.000000 0.000000 -32444.692341 31.872277
300.000000 0.208000 0.208000 0.208000 0.000000 0.000000 0.000000 -32464.070194 19.205892
300.000000 0.210000 0.210000 0.210000 0.000000 0.000000 0.000000 -32507.822792 71.854954
300.000000 0.212000 0.212000 0.212000 0.000000 0.000000 0.000000 -32418.365623 39.385144
300.000000 0.214000 0.214000 0.214000 0.000000 0.000000 0.000000 -32478.427825 30.373548
300.000000 0.216000 0.216000 0.216000 0.000000 0.000000 0.000000 -32398.687777 23.482961
300.000000 0.218000 0.218000 0.218000 0.000000 0.000000 0.000000 -32437.253648 28.219452
300.000000 0.220000 0.220000 0.220000 0.000000 0.000000 0.000000 -32424.007298 48.444930
300.000000 0.222000 0.222000 0.222000 0.000000 0.000000 0.000000 -32415.854378 60.227838
300.000000 0.224000 0.224000 0.224000 0.000000 0.000000 0.000000 -32335.442821 43.133528
300.000000 0.226000 0.226000 0.226000 0.000000 0.000000 0.000000 -32333.131491 25.879009
300.000000 0.228000 0.228000 0.228000 0.000000 0.000000 0.000000 -32431.344915 28.480540
300.000000 0.230000 0.230000 0.230000 0.000000 0.000000 0.000000 -32432.323792 17.329217
300.000000 0.232000 0.232000 0.232000 0.000000 0.000000 0.000000 -32473.294124 57.210884
300.000000 0.234000 0.234000 0.234000 0.000000 0.000000 0.000000 -32556.057606 22.651815
300.000000 0.236000 0.236000 0.236000 0.000000 0.000000 0.000000 -32313.098330 25.218680
300.000000 0.238000 0.238000 0.238000 0.000000 0.000000 0.000000 -32377.795928 28.744606
300.000000 0.240000 0.240000 0.240000 0.000000 0.000000 0.000000 -32384.566380 26.601850
300.000000 0.242000 0.242000 0.242000 0.000000 0.000000 0.000000 -32501.018514 19.978175
300.000000 0.244000 0.244000 0.244000 0.000000 0.000000 0.000000 -32506.639553 20.994334
300.000000 0.246000 0.246000 0.246000 0.000000 0.000000 0.000000 -32453.377685 25.306297
300.000000 0.248000 0.248000 0.248000 0.000000 0.000000 0.000000 -32374.890395 27.922433
300.000000 0.250000 0.250000 0.250000 0.000000 0.000000 0.000000 -32481.178865 23.766744
300.000000 0.252000 0.252000 0.252000 0.000000 0.000000 0.000000 -32405.725582 24.491294
300.000000 0.254000 0.254000 0.254000 0.000000 0.000000 0.000000 -32217.586950 24.986248
300.000000 0.256000 0.256000 0.256000 0.000000 0.000000 0.000000 -32439.166101 24.203612
300.000000 0.258000 0.258000 0.258000 0.000000 0.000000 0.000000 -32425.146406 7.532864
300.000000 0.260000 0.260000 0.260000 0.000000 0.000000 0.000000 -32427.310018 16.533526
300.000000 0.262000 0.262000 0.262000 0.000000 0.000000 0.000000 -32360.193149 7.339936
300.000000 0.264000 0.264000 0.264000 0.000000 0.000000 0.000000 -32383.504675 18.015075
300.000000 0.266000 0.266000 0.266000 0.000000 0.000000 0.000000 -32387.899561 30.633102
300.000000 0.268000 0.268000 0.268000 0.000000 0.000000 0.000000 -32458.177219 4.505157
300.000000 0.270000 0.270000 0.270000 0.000000 0.000000 0.000000 -32496.763270 7.365054
300.000000 0.272000 0.272000 0.272000 0.000000 0.000000 0.000000 -32408.639339 12.521966
300.000000 0.274000 0.274000 0.274000 0.000000 0.000000 0.000000 -32337.140905 13.886604
300.000000 0.276000 0.276000 0.276000 0.000000 0.000000 0.000000 -32255.619409 2.824500
300.000000 0.278000 0.278000 0.278000 0.000000 0.000000 0.000000 -32337.149365 15.910717
300.000000 0.280000 0.280000 0.280000 0.000000 0.000000 0.000000 -32385.640494 6.668739
300.000000 0.282000 0.282000 0.282000 0.000000 0.000000 0.000000 -32458.744128 3.779662
300.000000 0.284000 0.284000 0.284000 0.000000 0.000000 0.000000 -32327.041516 24.146450
300.000000 0.286000 0.286000 0.286000 0.000000 0.000000 0.000000 -32471.552995 9.088777
300.000000 0.288000 0.288000 0.288000 0.000000 0.000000 0.000000 -32311.186305 19.860769
300.000000 0.290000 0.290000 0.290000 0.000000 0.000000 0.000000 -32303.698613 2.357567
300.000000 0.292000 0.292000 0.292000 0.000000 0.000000 0.000000 -32299.324394 2.332150
300.000000 0.294000 0.294000 0.294000 0.000000 0.000000 0.000000 -32399.101058 8.250152
300.000000 0.296000 0.296000 0.296000 0.000000 0.000000 0.000000 -32391.330240 6.321114
300.000000 0.298000 0.298000 0.298000 0.000000 0.000000 0.000000 -32376.691747 6.554202
300.000000 0.300000 0.300000 0.300000 0.000000 0.000000 0.000000 -32448.534081 1.350642
300.000000 0.302000 0.302000 0.302000 0.000000 0.000000 0.000000 -32310.542012 8.411183
300.000000 0.304000 0.304000 0.304000 0.000000 0.000000 0.000000 -32403.027770 16.585006
300.000000 0.306000 0.306000 0.306000 0.000000 0.000000 0.000000 -32416.640284 -2.468016
300.000000 0.308000 0.308000 0.308000 0.000000 0.000000 0.000000 -32451.513175 8.200955
300.000000 0.310000 0.310000 0.310000 0.000000 0.000000 0.000000 -32510.929316 24.339558
300.000000 0.312000 0.312000 0.312000 0.000000 0.000000 0.000000 -32521.364515 1.943201
300.000000 0.314000 0.314000 0.314000 0.000000 0.000000 0.000000 -32532.843681 25.152933
300.000000 0.316000 0.316000 0.316000 0.000000 0.000000 0.000000 -32513.581813 7.245442
300.000000 0.318000 0.318000 0.318000 0.000000 0.000000 0.000000 -32543.890615 8.052819
300.000000 0.320000 0.320000 0.320000 0.000000 0.000000 0.000000 -32476.030970 28.992503
300.000000 0.322000 0.322000 0.322000 0.000000 0.000000 0.000000 -32448.093887 15.584022
300.000000 0.324000 0.324000 0.324000 0.000000 0.000000 0.000000 -32499.630085 6.001958
300.000000 0.326000 0.326000 0.326000 0.000000 0.000000 0.000000 -32468.728743 9.510158
300.000000 0.328000 0.328000 0.328000 0.000000 0.000000 0.000000 -32319.618431 12.185290
300.000000 0.330000 0.330000 0.330000 0.000000 0.000000 0.000000 -32470.526808 7.704506
300.000000 0.332000 0.332000 0.332000 0.000000 0.000000 0.000000 -32499.931878 14.123827
300.000000 0.334000 0.334000 0.334000 0.000000 0.000000 0.000000 -32478.482154 9.491198
300.000000 0.336000 0.336000 0.336000 0.000000 0.000000 0.000000 -32493.647698 21.138577
300.000000 0.338000 0.338000 0.338000 0.000000 0.000000 0.000000 -32597.389344 12.694522
300.000000 0.340000 0.340000 0.340000 0.000000 0.000000 0.000000 -32588.391398 3.455753
300.000000 0.342000 0.342000 0.342000 0.000000 0.000000 0.000000 -32576.736532 9.723182
300.000000 0.344000 0.344000 0.344000 0.000000 0.000000 0.000000 -32640.883783 21.738030
300.000000 0.346000 0.346000 0.346000 0.000000 0.000000 0.000000 -32491.336185 14.451775
300.000000 0.348000 0.348000 0.348000 0.000000 0.000000 0.000000 -32540.509768 14.143931
300.000000 0.350000 0.350000 0.350000 0.000000 0.000000 0.000000 -32576.514833 8.822520
300.000000 0.352000 0.352000 0.352000 0.000000 0.000000 0.000000 -32389.848494 12.666368
300.000000 0.354000 0.354000 0.354000 0.000000 0.000000 0.000000 -32465.430886 4.159575
300.000000 0.356000 0.356000 0.356000 0.000000 0.000000 0.000000 -32395.341218 8.312758
300.000000 0.358000 0.358000 0.358000 0.000000 0.000000 0.000000 -32411.141385 6.640388
300.000000 0.360000 0.360000 0.360000 0.000000 0.000000 0.000000 -32502.682440 12.150961
300.000000 0.362000 0.362000 0.362000 0.000000 0.000000 0.000000 -32518.401308 18.414091
300.000000 0.364000 0.364000 0.364000 0.000000 0.000000 0.000000 -32500.414009 17.655659
300.000000 0.366000 0.366000 0.366000 0.000000 0.000000 0.000000 -32457.644264 20.278865
300.000000 0.368000 0.368000 0.368000 0.000000 0.000000 0.000000 -32529.801167 6.512086
300.000000 0.370000 0.370000 0.370000 0.000000 0.000000 0.000000 -32347.453362 18.303362
300.000000 0.372000 0.372000 0.372000 0.000000 0.000000 0.000000 -32459.441853 7.152556
300.000000 0.374000 0.374000 0.374000 0.000000 0.000000 0.000000 -32395.451829 14.120098
300.000000 0.376000 0.376000 0.376000 0.000000 0.000000 0.000000 -32343.563658 4.816369
300.000000 0.378000 0.378000 0.378000 0.000000 0.000000 0.000000 -32386.465820 17.153399
300.000000 0.380000 0.380000 0.380000 0.000000 0.000000 0.000000 -32361.751248 12.118873
300.000000 0.382000 0.382000 0.382000 0.000000 0.000000 0.000000 -32398.909291 12.413204
300.000000 0.384000 0.384000 0.384000 0.000000 0.000000 0.000000 -32421.570652 12.556174
300.000000 0.386000 0.386000 0.386000 0.000000 0.000000 0.000000 -32492.640786 14.050512
300.000000 0.388000 0.388000 0.388000 0.000000 0.000000 0.000000 -32512.733900 5.788947
300.000000 0.390000 0.390000 0.390000 0.000000 0.000000 0.000000 -32440.863037 4.678896
300.000000 0.392000 0.392000 0.392000 0.000000 0.000000 0.000000 -32398.742004 8.104808
300.000000 0.394000 0.394000 0.394000 0.000000 0.000000 0.000000 -32367.417616 10.287232
300.000000 0.396000 0.396000 0.396000 0.000000 0.000000 0.000000 -32501.451996 12.069038
300.000000 0.398000 0.398000 0.398000 0.000000 0.000000 0.000000 -32605.406560 9.764867
300.000000 0.400000 0.400000 0.400000 0.000000 0.000000 0.000000 -32522.054217 9.580775
300.000000 0.402000 0.402000 0.402000 0.000000 0.000000 0.000000 -32651.166333 18.487153
300.000000 0.404000 0.404000 0.404000 0.000000 0.000000 0.000000 -32445.729318 2.941003
300.000000 0.406000 0.406000 0.406000 0.000000 0.000000 0.000000 -32610.814256 18.257384
300.000000 0.408000 0.408000 0.408000 0.000000 0.000000 0.000000 -32441.770607 24.745685
300.000000 0.410000 0.410000 0.410000 0.000000 0.000000 0.000000 -32489.338085 9.424510
300.000000 0.412000 0.412000 0.412000 0.000000 0.000000 0.000000 -32576.596075 -2.708062
300.000000 0.414000 0.414000 0.414000 0.000000 0.000000 0.000000 -32491.484126 6.833836
300.000000 0.416000 0.416000 0.416000 0.000000 0.000000 0.000000 -32347.174426 -7.005148
300.000000 0.418000 0.418000 0.418000 0.000000 0.000000 0.000000 -32354.662427 10.857152
300.000000 0.420000 0.420000 0.420000 0.000000 0.000000 0.000000 -32303.445266 -2.789174
300.000000 0.422000 0.422000 0.422000 0.000000 0.000000 0.000000 -32310.660247 1.343871
300.000000 0.424000 0.424000 0.424000 0.000000 0.000000 0.000000 -32254.716815 -2.857939
300.000000 0.426000 0.426000 0.426000 0.000000 0.000000 0.000000 -32362.820909 0.242449
300.000000 0.428000 0.428000 0.428000 0.000000 0.000000 0.000000 -32326.932050 -9.808648
300.000000 0.430000 0.430000 0.430000 0.000000 0.000000 0.000000 -32364.427760 4.314601
300.000000 0.432000 0.432000 0.432000 0.000000 0.000000 0.000000 -32430.119552 6.663044
300.000000 0.434000 0.434000 0.434000 0.000000 0.000000 0.000000 -32473.086000 0.361272
300.000000 0.436000 0.436000 0.436000 0.000000 0.000000 0.000000 -32272.443136 12.710086
300.000000 0.438000 0.438000 0.438000 0.000000 0.000000 0.000000 -32471.810232 -6.298244
300.000000 0.440000 0.440000 0.440000 0.000000 0.000000 0.000000 -32423.421650 0.588020
300.000000 0.442000 0.442000 0.442000 0.000000 0.000000 0.000000 -32364.996638 -8.992840
300.000000 0.444000 0.444000 0.444000 0.000000 0.000000 0.000000 -32269.692944 -6.222318
300.000000 0.446000 0.446000 0.446000 0.000000 0.000000 0.000000 -32365.249984 -0.660514
300.000000 0.448000 0.448000 0.448000 0.000000 0.000000 0.000000 -32432.627359 -7.443259
300.000000 0.450000 0.450000 0.450000 0.000000 0.000000 0.000000 -32334.291928 3.631879
300.000000 0.452000 0.452000 0.452000 0.000000 0.000000 0.000000 -32413.323116 -4.682994
300.000000 0.454000 0.454000 0.454000 0.000000 0.000000 0.000000 -32432.699020 4.033732
300.000000 0.456000 0.456000 0.456000 0.000000 0.000000 0.000000 -32460.064235 7.829394
300.000000 0.458000 0.458000 0.458000 0.000000 0.000000 0.000000 -32366.237835 -5.833514
300.000000 0.460000 0.460000 0.460000 0.000000 0.000000 0.000000 -32378.473634 11.617455
300.000000 0.462000 0.462000 0.462000 0.000000 0.000000 0.000000 -32366.259802 3.126719
300.000000 0.464000 0.464000 0.464000 0.000000 0.000000 0.000000 -32283.588700 3.668083
300.000000 0.466000 0.466000 0.466000 0.000000 0.000000 0.000000 -32391.632068 -16.892129
300.000000 0.468000 0.468000 0.468000 0.000000 0.000000 0.000000 -32326.158864 -2.559981
300.000000 0.470000 0.470000 0.470000 0.000000 0.000000 0.000000 -32389.110189 -5.738818
300.000000 0.472000 0.472000 0.472000 0.000000 0.000000 0.000000 -32337.016825 9.130473
300.000000 0.474000 0.474000 0.474000 0.000000 0.000000 0.000000 -32330.315605 -0.599407
300.000000 0.476000 0.476000 0.476000 0.000000 0.000000 0.000000 -32301.927481 0.501444
300.000000 0.478000 0.478000 0.478000 0.000000 0.000000 0.000000 -32325.735813 -3.586874
300.000000 0.480000 0.480000 0.480000 0.000000 0.000000 0.000000 -32350.495788 -8.230564
300.000000 0.482000 0.482000 0.482000 0.000000 0.000000 0.000000 -32423.176066 2.404807
300.000000 0.484000 0.484000 0.484000 0.000000 0.000000 0.000000 -32372.472755 -1.526033
300.000000 0.486000 0.486000 0.486000 0.000000 0.000000 0.000000 -32346.658841 3.535843
300.000000 0.488000 0.488000 0.488000 0.000000 0.000000 0.000000 -32351.004679 2.042426
300.000000 0.490000 0.490000 0.490000 0.000000 0.000000 0.000000 -32406.004356 0.683249
300.000000 0.492000 0.492000 0.492000 0.000000 0.000000 0.000000 -32550.984824 -3.379020
300.000000 0.494000 0.494000 0.494000 0.000000 0.000000 0.000000 -32549.271572 -2.225108
300.000000 0.496000 0.496000 0.496000 0.000000 0.000000 0.000000 -32446.059529 -2.174698
300.000000 0.498000 0.498000 0.498000 0.000000 0.000000 0.000000 -32537.283708 -0.387897
