300.000000 0.000000 0.000000 0.000000 0.000000 0.000000 0.000000 -32294.807397 922.904070
300.000000 0.002000 0.002000 0.002000 0.000000 0.000000 0.000000 -32185.311214 847.468567
300.000000 0.004000 0.004000 0.004000 0.000000 0.000000 0.000000 -32210.918610 799.167530
300.000000 0.006000 0.006000 0.006000 0.000000 0.000000 0.000000 -32193.778012 867.110936
300.000000 0.008000 0.008000 0.008000 0.000000 0.000000 0.000000 -32179.960553 883.040815
300.000000 0.010000 0.010000 0.010000 0.000000 0.000000 0.000000 -32249.770381 905.810223
300.000000 0.012000 0.012000 0.012000 0.000000 0.000000 0.000000 -32137.509070 849.416365
300.000000 0.014000 0.014000 0.014000 0.000000 0.000000 0.000000 -32283.462469 632.709430
300.000000 0.016000 0.016000 0.016000 0.000000 0.000000 0.000000 -32265.794622 179.065099
300.000000 0.018000 0.018000 0.018000 0.000000 0.000000 0.000000 -32154.610960 75.576600
300.000000 0.020000 0.020000 0.020000 0.000000 0.000000 0.000000 -32269.461809 180.294145
300.000000 0.022000 0.022000 0.022000 0.000000 0.000000 0.000000 -32168.363535 176.455632
300.000000 0.024000 0.024000 0.024000 0.000000 0.000000 0.000000 -32273.194409 80.894505
300.000000 0.026000 0.026000 0.026000 0.000000 0.000000 0.000000 -32092.408921 126.544739
300.000000 0.028000 0.028000 0.028000 0.000000 0.000000 0.000000 -32235.937148 140.287312
300.000000 0.030000 0.030000 0.030000 0.000000 0.000000 0.000000 -32171.113822 120.219671
300.000000 0.032000 0.032000 0.032000 0.000000 0.000000 0.000000 -32221.031091 94.717332
300.000000 0.034000 0.034000 0.034000 0.000000 0.000000 0.000000 -32156.641070 109.939939
300.000000 0.036000 0.036000 0.036000 0.000000 0.000000 0.000000 -32207.911917 61.682058
300.000000 0.038000 0.038000 0.038000 0.000000 0.000000 0.000000 -32180.004431 79.613650
300.000000 0.040000 0.040000 0.040000 0.000000 0.000000 0.000000 -32159.771149 84.165182
300.000000 0.042000 0.042000 0.042000 0.000000 0.000000 0.000000 -32180.976021 114.837499
300.000000 0.044000 0.044000 0.044000 0.000000 0.000000 0.000000 -32298.935237 90.761863
300.000000 0.046000 0.046000 0.046000 0.000000 0.000000 0.000000 -32177.676648 92.692147
300.000000 0.048000 0.048000 0.048000 0.000000 0.000000 0.000000 -32175.481404 63.109057
300.000000 0.050000 0.050000 0.050000 0.000000 0.000000 0.000000 -32275.707886 112.132268
300.000000 0.052000 0.052000 0.052000 0.000000 0.000000 0.000000 -32274.677197 71.699078
300.000000 0.054000 0.054000 0.054000 0.000000 0.000000 0.000000 -32312.755968 103.817163
300.000000 0.056000 0.056000 0.056000 0.000000 0.000000 0.000000 -32333.113845 75.006027
300.000000 0.058000 0.058000 0.058000 0.000000 0.000000 0.000000 -32236.545515 66.455545
300.000000 0.060000 0.060000 0.060000 0.000000 0.000000 0.000000 -32356.101166 57.355450
300.000000 0.062000 0.062000 0.062000 0.000000 0.000000 0.000000 -32289.204554 45.983713
300.000000 0.064000 0.064000 0.064000 0.000000 0.000000 0.000000 -32248.058561 46.065252
300.000000 0.066000 0.066000 0.066000 0.000000 0.000000 0.000000 -32224.134678 55.864376
300.000000 0.068000 0.068000 0.068000 0.000000 0.000000 0.000000 -32248.150327 92.040474
300.000000 0.070000 0.070000 0.070000 0.000000 0.000000 0.000000 -32215.564531 41.676557
300.000000 0.072000 0.072000 0.072000 0.000000 0.000000 0.000000 -32282.716060 65.257813
300.000000 0.074000 0.074000 0.074000 0.000000 0.000000 0.000000 -32238.278669 75.239389
300.000000 0.076000 0.076000 0.076000 0.000000 0.000000 0.000000 -32240.686921 46.321051
300.000000 0.078000 0.078000 0.078000 0.000000 0.000000 0.000000 -32262.140205 66.814066
300.000000 0.080000 0.080000 0.080000 0.000000 0.000000 0.000000 -32275.269113 62.099101
300.000000 0.082000 0.082000 0.082000 0.000000 0.000000 0.000000 -32315.879720 41.259708
300.000000 0.084000 0.084000 0.084000 0.000000 0.000000 0.000000 -32297.634029 65.982531
300.000000 0.086000 0.086000 0.086000 0.000000 0.000000 0.000000 -32296.915130 86.114697
300.000000 0.088000 0.088000 0.088000 0.000000 0.000000 0.000000 -32341.662393 39.194894
300.000000 0.090000 0.090000 0.090000 0.000000 0.000000 0.000000 -32293.717839 40.863132
300.000000 0.092000 0.092000 0.092000 0.000000 0.000000 0.000000 -32275.621552 56.679227
300.000000 0.094000 0.094000 0.094000 0.000000 0.000000 0.000000 -32205.290839 102.729635
300.000000 0.096000 0.096000 0.096000 0.000000 0.000000 0.000000 -32292.844444 55.873344
300.000000 0.098000 0.098000 0.098000 0.000000 0.000000 0.000000 -32136.348189 64.143187
300.000000 0.100000 0.100000 0.100000 0.000000 0.000000 0.000000 -32167.539920 50.695873
300.000000 0.102000 0.102000 0.102000 0.000000 0.000000 0.000000 -32208.603904 42.744039
300.000000 0.104000 0.104000 0.104000 0.000000 0.000000 0.000000 -32294.362759 70.300814
300.000000 0.106000 0.106000 0.106000 0.000000 0.000000 0.000000 -32321.939021 52.563346
300.000000 0.108000 0.108000 0.108000 0.000000 0.000000 0.000000 -32262.757822 41.072659
300.000000 0.110000 0.110000 0.110000 0.000000 0.000000 0.000000 -32328.594412 49.495553
300.000000 0.112000 0.112000 0.112000 0.000000 0.000000 0.000000 -32198.884183 57.233651
300.000000 0.114000 0.114000 0.114000 0.000000 0.000000 0.000000 -32257.373768 44.216158
300.000000 0.116000 0.116000 0.116000 0.000000 0.000000 0.000000 -32256.018318 26.103449
300.000000 0.118000 0.118000 0.118000 0.000000 0.000000 0.000000 -32255.003865 23.417013
300.000000 0.120000 0.120000 0.120000 0.000000 0.000000 0.000000 -32196.284916 14.651539
300.000000 0.122000 0.122000 0.122000 0.000000 0.000000 0.000000 -32287.920925 34.752138
300.000000 0.124000 0.124000 0.124000 0.000000 0.000000 0.000000 -32209.952163 22.642692
300.000000 0.126000 0.126000 0.126000 0.000000 0.000000 0.000000 -32229.067122 29.723512
300.000000 0.128000 0.128000 0.128000 0.000000 0.000000 0.000000 -32211.920273 33.174008
300.000000 0.130000 0.130000 0.130000 0.000000 0.000000 0.000000 -32190.682075 26.423813
300.000000 0.132000 0.132000 0.132000 0.000000 0.000000 0.000000 -32244.742305 28.061159
300.000000 0.134000 0.134000 0.134000 0.000000 0.000000 0.000000 -32262.040522 31.441117
300.000000 0.136000 0.136000 0.136000 0.000000 0.000000 0.000000 -32147.165968 43.994794
300.000000 0.138000 0.138000 0.138000 0.000000 0.000000 0.000000 -32087.927747 20.056148
300.000000 0.140000 0.140000 0.140000 0.000000 0.000000 0.000000 -32168.206057 23.484558
300.000000 0.142000 0.142000 0.142000 0.000000 0.000000 0.000000 -32074.357181 41.415116
300.000000 0.144000 0.144000 0.144000 0.000000 0.000000 0.000000 -32143.302408 32.708213
300.000000 0.146000 0.146000 0.146000 0.000000 0.000000 0.000000 -32273.279874 26.537795
300.000000 0.148000 0.148000 0.148000 0.000000 0.000000 0.000000 -32348.681309 26.855337
300.000000 0.150000 0.150000 0.150000 0.000000 0.000000 0.000000 -32255.995669 14.004269
300.000000 0.152000 0.152000 0.152000 0.000000 0.000000 0.000000 -32381.108209 10.707592
300.000000 0.154000 0.154000 0.154000 0.000000 0.000000 0.000000 -32249.833803 23.478896
300.000000 0.156000 0.156000 0.156000 0.000000 0.000000 0.000000 -32342.207452 15.386888
300.000000 0.158000 0.158000 0.158000 0.000000 0.000000 0.000000 -32211.495925 13.279284
300.000000 0.160000 0.160000 0.160000 0.000000 0.000000 0.000000 -32189.804963 10.535104
300.000000 0.162000 0.162000 0.162000 0.000000 0.000000 0.000000 -32122.951980 14.153873
300.000000 0.164000 0.164000 0.164000 0.000000 0.000000 0.000000 -32127.464573 9.942343
300.000000 0.166000 0.166000 0.166000 0.000000 0.000000 0.000000 -32216.780962 12.755061
300.000000 0.168000 0.168000 0.168000 0.000000 0.000000 0.000000 -32410.782937 22.257589
300.000000 0.170000 0.170000 0.170000 0.000000 0.000000 0.000000 -32328.925056 10.904610
300.000000 0.172000 0.172000 0.172000 0.000000 0.000000 0.000000 -32365.914717 14.661088
300.000000 0.174000 0.174000 0.174000 0.000000 0.000000 0.000000 -32229.005566 23.946069
300.000000 0.176000 0.176000 0.176000 0.000000 0.000000 0.000000 -32312.988632 9.929238
300.000000 0.178000 0.178000 0.178000 0.000000 0.000000 0.000000 -32311.972914 13.095389
300.000000 0.180000 0.180000 0.180000 0.000000 0.000000 0.000000 -32237.259968 9.233120
300.000000 0.182000 0.182000 0.182000 0.000000 0.000000 0.000000 -32250.050138 6.490693
300.000000 0.184000 0.184000 0.184000 0.000000 0.000000 0.000000 -32220.319926 13.411134
300.000000 0.186000 0.186000 0.186000 0.000000 0.000000 0.000000 -32287.975896 10.342507
300.000000 0.188000 0.188000 0.188000 0.000000 0.000000 0.000000 -32318.055342 14.471990
300.000000 0.190000 0.190000 0.190000 0.000000 0.000000 0.000000 -32337.871058 27.260715
300.000000 0.192000 0.192000 0.192000 0.000000 0.000000 0.000000 -32296.106314 13.650434
300.000000 0.194000 0.194000 0.194000 0.000000 0.000000 0.000000 -32341.713461 10.963297
300.000000 0.196000 0.196000 0.196000 0.000000 0.000000 0.000000 -32223.223932 11.972255
300.000000 0.198000 0.198000 0.198000 0.000000 0.000000 0.000000 -32154.046897 3.718733
300.000000 0.200000 0.200000 0.200000 0.000000 0.000000 0.000000 -32161.210730 2.113928
300.000000 0.202000 0.202000 0.202000 0.000000 0.000000 0.000000 -32250.658183 15.497842
300.000000 0.204000 0.204000 0.204000 0.000000 0.000000 0.000000 -32310.165861 20.550032
300.000000 0.206000 0.206000 0.206000 0.000000 0.000000 0.000000 -32281.847922 32.701114
300.000000 0.208000 0.208000 0.208000 0.000000 0.000000 0.000000 -32149.543419 13.959588
300.000000 0.210000 0.210000 0.210000 0.000000 0.000000 0.000000 -32078.984479 7.474943
300.000000 0.212000 0.212000 0.212000 0.000000 0.000000 0.000000 -32115.686707 12.122799
300.000000 0.214000 0.214000 0.214000 0.000000 0.000000 0.000000 -32150.441236 15.801306
300.000000 0.216000 0.216000 0.216000 0.000000 0.000000 0.000000 -32131.512430 15.457475
300.000000 0.218000 0.218000 0.218000 0.000000 0.000000 0.000000 -32197.836988 18.533357
300.000000 0.220000 0.220000 0.220000 0.000000 0.000000 0.000000 -32055.739058 7.305004
300.000000 0.222000 0.222000 0.222000 0.000000 0.000000 0.000000 -32041.955400 10.467664
300.000000 0.224000 0.224000 0.224000 0.000000 0.000000 0.000000 -32126.540314 11.508708
300.000000 0.226000 0.226000 0.226000 0.000000 0.000000 0.000000 -32137.596152 13.582167
300.000000 0.228000 0.228000 0.228000 0.000000 0.000000 0.000000 -32174.298148 8.368899
300.000000 0.230000 0.230000 0.230000 0.000000 0.000000 0.000000 -32203.083204 10.641297
300.000000 0.232000 0.232000 0.232000 0.000000 0.000000 0.000000 -32181.397343 18.868677
300.000000 0.234000 0.234000 0.234000 0.000000 0.000000 0.000000 -32224.971932 11.531169
300.000000 0.236000 0.236000 0.236000 0.000000 0.000000 0.000000 -32176.514542 13.830954
300.000000 0.238000 0.238000 0.238000 0.000000 0.000000 0.000000 -32249.205603 17.516168
300.000000 0.240000 0.240000 0.240000 0.000000 0.000000 0.000000 -32292.211862 19.566355
300.000000 0.242000 0.242000 0.242000 0.000000 0.000000 0.000000 -32296.360478 20.299369
300.000000 0.244000 0.244000 0.244000 0.000000 0.000000 0.000000 -32261.507397 4.820956
300.000000 0.246000 0.246000 0.246000 0.000000 0.000000 0.000000 -32188.646782 -8.092268
300.000000 0.248000 0.248000 0.248000 0.000000 0.000000 0.000000 -32238.521884 7.770649
300.000000 0.250000 0.250000 0.250000 0.000000 0.000000 0.000000 -32376.723948 11.109218
300.000000 0.252000 0.252000 0.252000 0.000000 0.000000 0.000000 -32334.756169 9.863577
300.000000 0.254000 0.254000 0.254000 0.000000 0.000000 0.000000 -32316.486937 7.156894
300.000000 0.256000 0.256000 0.256000 0.000000 0.000000 0.000000 -32391.745408 9.331267
300.000000 0.258000 0.258000 0.258000 0.000000 0.000000 0.000000 -32395.578779 15.683262
300.000000 0.260000 0.260000 0.260000 0.000000 0.000000 0.000000 -32336.079388 7.128321
300.000000 0.262000 0.262000 0.262000 0.000000 0.000000 0.000000 -32287.983164 4.105549
300.000000 0.264000 0.264000 0.264000 0.000000 0.000000 0.000000 -32330.778803 4.928050
300.000000 0.266000 0.266000 0.266000 0.000000 0.000000 0.000000 -32328.840160 20.498255
300.000000 0.268000 0.268000 0.268000 0.000000 0.000000 0.000000 -32373.587111 12.008450
300.000000 0.270000 0.270000 0.270000 0.000000 0.000000 0.000000 -32481.580259 9.050718
300.000000 0.272000 0.272000 0.272000 0.000000 0.000000 0.000000 -32466.388027 4.459890
300.000000 0.274000 0.274000 0.274000 0.000000 0.000000 0.000000 -32289.734657 8.570261
300.000000 0.276000 0.276000 0.276000 0.000000 0.000000 0.000000 -32209.339619 6.661768
300.000000 0.278000 0.278000 0.278000 0.000000 0.000000 0.000000 -32429.542237 8.135727
300.000000 0.280000 0.280000 0.280000 0.000000 0.000000 0.000000 -32340.360085 20.598982
300.000000 0.282000 0.282000 0.282000 0.000000 0.000000 0.000000 -32274.990784 5.569276
300.000000 0.284000 0.284000 0.284000 0.000000 0.000000 0.000000 -32242.295849 8.052682
300.000000 0.286000 0.286000 0.286000 0.000000 0.000000 0.000000 -32192.848016 -0.052100
300.000000 0.288000 0.288000 0.288000 0.000000 0.000000 0.000000 -32229.521322 10.313083
300.000000 0.290000 0.290000 0.290000 0.000000 0.000000 0.000000 -32220.090273 12.636417
300.000000 0.292000 0.292000 0.292000 0.000000 0.000000 0.000000 -32255.308270 8.391057
300.000000 0.294000 0.294000 0.294000 0.000000 0.000000 0.000000 -32236.023331 2.133691
300.000000 0.296000 0.296000 0.296000 0.000000 0.000000 0.000000 -32158.162977 7.152117
300.000000 0.298000 0.298000 0.298000 0.000000 0.000000 0.000000 -32185.205225 2.210998
300.000000 0.300000 0.300000 0.300000 0.000000 0.000000 0.000000 -32178.557439 14.063547
300.000000 0.302000 0.302000 0.302000 0.000000 0.000000 0.000000 -32255.007998 11.582057
300.000000 0.304000 0.304000 0.304000 0.000000 0.000000 0.000000 -32220.941411 10.591986
300.000000 0.306000 0.306000 0.306000 0.000000 0.000000 0.000000 -32238.788321 15.779462
300.000000 0.308000 0.308000 0.308000 0.000000 0.000000 0.000000 -32249.562815 7.281979
300.000000 0.310000 0.310000 0.310000 0.000000 0.000000 0.000000 -32400.335532 7.101223
300.000000 0.312000 0.312000 0.312000 0.000000 0.000000 0.000000 -32452.038012 9.803006
300.000000 0.314000 0.314000 0.314000 0.000000 0.000000 0.000000 -32392.638910 6.432086
300.000000 0.316000 0.316000 0.316000 0.000000 0.000000 0.000000 -32279.899783 3.902042
300.000000 0.318000 0.318000 0.318000 0.000000 0.000000 0.000000 -32289.769970 15.097074
300.000000 0.320000 0.320000 0.320000 0.000000 0.000000 0.000000 -32300.932542 11.630814
300.000000 0.322000 0.322000 0.322000 0.000000 0.000000 0.000000 -32318.924321 7.800639
300.000000 0.324000 0.324000 0.324000 0.000000 0.000000 0.000000 -32269.818530 14.533317
300.000000 0.326000 0.326000 0.326000 0.000000 0.000000 0.000000 -32178.978013 6.336235
300.000000 0.328000 0.328000 0.328000 0.000000 0.000000 0.000000 -32254.247617 6.490784
300.000000 0.330000 0.330000 0.330000 0.000000 0.000000 0.000000 -32280.679753 14.114259
300.000000 0.332000 0.332000 0.332000 0.000000 0.000000 0.000000 -32210.497823 4.009787
300.000000 0.334000 0.334000 0.334000 0.000000 0.000000 0.000000 -32258.999260 6.228203
300.000000 0.336000 0.336000 0.336000 0.000000 0.000000 0.000000 -32246.674314 2.664617
300.000000 0.338000 0.338000 0.338000 0.000000 0.000000 0.000000 -32314.604924 7.068005
300.000000 0.340000 0.340000 0.340000 0.000000 0.000000 0.000000 -32370.955876 2.874827
300.000000 0.342000 0.342000 0.342000 0.000000 0.000000 0.000000 -32354.991122 14.510640
300.000000 0.344000 0.344000 0.344000 0.000000 0.000000 0.000000 -32328.976232 -5.945966
300.000000 0.346000 0.346000 0.346000 0.000000 0.000000 0.000000 -32243.591337 3.377935
300.000000 0.348000 0.348000 0.348000 0.000000 0.000000 0.000000 -32284.198810 6.263430
300.000000 0.350000 0.350000 0.350000 0.000000 0.000000 0.000000 -32238.242757 9.235179
300.000000 0.352000 0.352000 0.352000 0.000000 0.000000 0.000000 -32264.939468 8.872656
300.000000 0.354000 0.354000 0.354000 0.000000 0.000000 0.000000 -32218.075240 8.769048
300.000000 0.356000 0.356000 0.356000 0.000000 0.000000 0.000000 -32228.857830 3.307600
300.000000 0.358000 0.358000 0.358000 0.000000 0.000000 0.000000 -32189.761136 10.650294
300.000000 0.360000 0.360000 0.360000 0.000000 0.000000 0.000000 -32296.014946 3.638348
300.000000 0.362000 0.362000 0.362000 0.000000 0.000000 0.000000 -32244.113818 4.490381
300.000000 0.364000 0.364000 0.364000 0.000000 0.000000 0.000000 -32248.856106 -3.820492
300.000000 0.366000 0.366000 0.366000 0.000000 0.000000 0.000000 -32239.597196 5.104158
300.000000 0.368000 0.368000 0.368000 0.000000 0.000000 0.000000 -32298.858660 1.688848
300.000000 0.370000 0.370000 0.370000 0.000000 0.000000 0.000000 -32269.326526 -6.011140
300.000000 0.372000 0.372000 0.372000 0.000000 0.000000 0.000000 -32392.508009 0.290749
300.000000 0.374000 0.374000 0.374000 0.000000 0.000000 0.000000 -32351.981615 6.047542
300.000000 0.376000 0.376000 0.376000 0.000000 0.000000 0.000000 -32152.927672 -4.689079
300.000000 0.378000 0.378000 0.378000 0.000000 0.000000 0.000000 -32286.646844 4.723144
300.000000 0.380000 0.380000 0.380000 0.000000 0.000000 0.000000 -32219.248570 14.154259
300.000000 0.382000 0.382000 0.382000 0.000000 0.000000 0.000000 -32126.364361 4.050111
300.000000 0.384000 0.384000 0.384000 0.000000 0.000000 0.000000 -32298.162603 14.001239
300.000000 0.386000 0.386000 0.386000 0.000000 0.000000 0.000000 -32250.451476 -0.463130
300.000000 0.388000 0.388000 0.388000 0.000000 0.000000 0.000000 -32289.900735 8.169183
300.000000 0.390000 0.390000 0.390000 0.000000 0.000000 0.000000 -32281.195786 10.247548
300.000000 0.392000 0.392000 0.392000 0.000000 0.000000 0.000000 -32298.126218 9.785140
300.000000 0.394000 0.394000 0.394000 0.000000 0.000000 0.000000 -32129.232556 5.495754
300.000000 0.396000 0.396000 0.396000 0.000000 0.000000 0.000000 -32313.860775 3.969018
300.000000 0.398000 0.398000 0.398000 0.000000 0.000000 0.000000 -32457.691395 9.577861
300.000000 0.400000 0.400000 0.400000 0.000000 0.000000 0.000000 -32303.160073 3.076251
300.000000 0.402000 0.402000 0.402000 0.000000 0.000000 0.000000 -32248.593035 2.970694
300.000000 0.404000 0.404000 0.404000 0.000000 0.000000 0.000000 -32290.307783 0.765865
300.000000 0.406000 0.406000 0.406000 0.000000 0.000000 0.000000 -32182.725347 3.198811
300.000000 0.408000 0.408000 0.408000 0.000000 0.000000 0.000000 -32218.783673 5.575680
300.000000 0.410000 0.410000 0.410000 0.000000 0.000000 0.000000 -32318.410819 4.863455
300.000000 0.412000 0.412000 0.412000 0.000000 0.000000 0.000000 -32385.153152 3.645818
300.000000 0.414000 0.414000 0.414000 0.000000 0.000000 0.000000 -32168.793103 4.641801
300.000000 0.416000 0.416000 0.416000 0.000000 0.000000 0.000000 -32201.090825 4.627333
300.000000 0.418000 0.418000 0.418000 0.000000 0.000000 0.000000 -32285.610179 11.790068
300.000000 0.420000 0.420000 0.420000 0.000000 0.000000 0.000000 -32161.790817 6.576461
300.000000 0.422000 0.422000 0.422000 0.000000 0.000000 0.000000 -32259.742176 -1.026462
300.000000 0.424000 0.424000 0.424000 0.000000 0.000000 0.000000 -32137.251504 -6.268930
300.000000 0.426000 0.426000 0.426000 0.000000 0.000000 0.000000 -32268.978824 0.505737
300.000000 0.428000 0.428000 0.428000 0.000000 0.000000 0.000000 -32241.578933 -6.254735
300.000000 0.430000 0.430000 0.430000 0.000000 0.000000 0.000000 -32233.731057 2.305796
300.000000 0.432000 0.432000 0.432000 0.000000 0.000000 0.000000 -32193.279958 -4.874226
300.000000 0.434000 0.434000 0.434000 0.000000 0.000000 0.000000 -32144.863835 -0.486790
300.000000 0.436000 0.436000 0.436000 0.000000 0.000000 0.000000 -32229.867682 5.659888
300.000000 0.438000 0.438000 0.438000 0.000000 0.000000 0.000000 -32202.072096 6.502756
300.000000 0.440000 0.440000 0.440000 0.000000 0.000000 0.000000 -32269.452994 0.835340
300.000000 0.442000 0.442000 0.442000 0.000000 0.000000 0.000000 -32148.715029 1.584475
300.000000 0.444000 0.444000 0.444000 0.000000 0.000000 0.000000 -32290.739300 -0.932427
300.000000 0.446000 0.446000 0.446000 0.000000 0.000000 0.000000 -32202.864548 1.375122
300.000000 0.448000 0.448000 0.448000 0.000000 0.000000 0.000000 -32121.618969 2.349265
300.000000 0.450000 0.450000 0.450000 0.000000 0.000000 0.000000 -32106.644536 5.335218
300.000000 0.452000 0.452000 0.452000 0.000000 0.000000 0.000000 -32143.455872 2.163192
300.000000 0.454000 0.454000 0.454000 0.000000 0.000000 0.000000 -32148.609280 10.188413
300.000000 0.456000 0.456000 0.456000 0.000000 0.000000 0.000000 -32187.029233 -2.967535
300.000000 0.458000 0.458000 0.458000 0.000000 0.000000 0.000000 -32003.632976 -0.914797
300.000000 0.460000 0.460000 0.460000 0.000000 0.000000 0.000000 -32161.077947 -0.526738
300.000000 0.462000 0.462000 0.462000 0.000000 0.000000 0.000000 -32241.451592 3.700921
300.000000 0.464000 0.464000 0.464000 0.000000 0.000000 0.000000 -32023.456395 -2.995971
300.000000 0.466000 0.466000 0.466000 0.000000 0.000000 0.000000 -32136.881271 1.954803
300.000000 0.468000 0.468000 0.468000 0.000000 0.000000 0.000000 -32147.071385 5.306312
300.000000 0.470000 0.470000 0.470000 0.000000 0.000000 0.000000 -32266.264777 3.241216
300.000000 0.472000 0.472000 0.472000 0.000000 0.000000 0.000000 -32256.927534 4.385387
300.000000 0.474000 0.474000 0.474000 0.000000 0.000000 0.000000 -32219.814220 1.123083
300.000000 0.476000 0.476000 0.476000 0.000000 0.000000 0.000000 -32253.198280 -0.776297
300.000000 0.478000 0.478000 0.478000 0.000000 0.000000 0.000000 -32217.035041 1.335747
300.000000 0.480000 0.480000 0.480000 0.000000 0.000000 0.000000 -32147.266446 8.935585
300.000000 0.482000 0.482000 0.482000 0.000000 0.000000 0.000000 -32225.772099 -3.031462
300.000000 0.484000 0.484000 0.484000 0.000000 0.000000 0.000000 -32241.124087 2.272886
300.000000 0.486000 0.486000 0.486000 0.000000 0.000000 0.000000 -32291.912078 -0.900960
300.000000 0.488000 0.488000 0.488000 0.000000 0.000000 0.000000 -32279.125468 -4.718363
300.000000 0.490000 0.490000 0.490000 0.000000 0.000000 0.000000 -32212.389361 5.856434
300.000000 0.492000 0.492000 0.492000 0.000000 0.000000 0.000000 -32292.858261 8.005707
300.000000 0.494000 0.494000 0.494000 0.000000 0.000000 0.000000 -32321.062815 -1.766132
300.000000 0.496000 0.496000 0.496000 0.000000 0.000000 0.000000 -32329.789921 2.586785
300.000000 0.498000 0.498000 0.498000 0.000000 0.000000 0.000000 -32271.456230 -0.798012
