300.000000 0.000000 0.000000 0.000000 0.000000 0.000000 0.000000 -34857.893761 940.868200
300.000000 0.002000 0.002000 0.002000 0.000000 0.000000 0.000000 -34940.081800 878.574908
300.000000 0.004000 0.004000 0.004000 0.000000 0.000000 0.000000 -34817.953176 775.425339
300.000000 0.006000 0.006000 0.006000 0.000000 0.000000 0.000000 -34755.611761 963.008897
300.000000 0.008000 0.008000 0.008000 0.000000 0.000000 0.000000 -34723.188585 867.264330
300.000000 0.010000 0.010000 0.010000 0.000000 0.000000 0.000000 -34781.966416 769.764287
300.000000 0.012000 0.012000 0.012000 0.000000 0.000000 0.000000 -34680.858963 886.344166
300.000000 0.014000 0.014000 0.014000 0.000000 0.000000 0.000000 -34673.377558 890.013532
300.000000 0.016000 0.016000 0.016000 0.000000 0.000000 0.000000 -34697.297517 809.859031
300.000000 0.018000 0.018000 0.018000 0.000000 0.000000 0.000000 -34728.150305 879.048699
300.000000 0.020000 0.020000 0.020000 0.000000 0.000000 0.000000 -34732.103033 987.892347
300.000000 0.022000 0.022000 0.022000 0.000000 0.000000 0.000000 -34743.640708 735.197077
300.000000 0.024000 0.024000 0.024000 0.000000 0.000000 0.000000 -34756.898344 758.611263
300.000000 0.026000 0.026000 0.026000 0.000000 0.000000 0.000000 -34825.382616 728.876971
300.000000 0.028000 0.028000 0.028000 0.000000 0.000000 0.000000 -34675.169320 652.495531
300.000000 0.030000 0.030000 0.030000 0.000000 0.000000 0.000000 -34747.465439 117.724718
300.000000 0.032000 0.032000 0.032000 0.000000 0.000000 0.000000 -34743.237337 137.982717
300.000000 0.034000 0.034000 0.034000 0.000000 0.000000 0.000000 -34644.885745 97.175406
300.000000 0.036000 0.036000 0.036000 0.000000 0.000000 0.000000 -34834.315182 95.367051
300.000000 0.038000 0.038000 0.038000 0.000000 0.000000 0.000000 -34801.116215 78.298388
300.000000 0.040000 0.040000 0.040000 0.000000 0.000000 0.000000 -34802.603307 131.314441
300.000000 0.042000 0.042000 0.042000 0.000000 0.000000 0.000000 -34799.470097 81.645484
300.000000 0.044000 0.044000 0.044000 0.000000 0.000000 0.000000 -34664.814754 113.185480
300.000000 0.046000 0.046000 0.046000 0.000000 0.000000 0.000000 -34564.360525 52.751573
300.000000 0.048000 0.048000 0.048000 0.000000 0.000000 0.000000 -34948.745309 53.087445
300.000000 0.050000 0.050000 0.050000 0.000000 0.000000 0.000000 -34962.974083 73.193729
300.000000 0.052000 0.052000 0.052000 0.000000 0.000000 0.000000 -34885.950317 48.477612
300.000000 0.054000 0.054000 0.054000 0.000000 0.000000 0.000000 -34850.384622 49.688187
300.000000 0.056000 0.056000 0.056000 0.000000 0.000000 0.000000 -34869.635881 28.116102
300.000000 0.058000 0.058000 0.058000 0.000000 0.000000 0.000000 -34886.257348 71.251973
300.000000 0.060000 0.060000 0.060000 0.000000 0.000000 0.000000 -34789.856468 80.019500
300.000000 0.062000 0.062000 0.062000 0.000000 0.000000 0.000000 -34759.907008 100.538593
300.000000 0.064000 0.064000 0.064000 0.000000 0.000000 0.000000 -34780.372251 105.679062
300.000000 0.066000 0.066000 0.066000 0.000000 0.000000 0.000000 -34878.147897 51.170051
300.000000 0.068000 0.068000 0.068000 0.000000 0.000000 0.000000 -34896.213157 63.006195
300.000000 0.070000 0.070000 0.070000 0.000000 0.000000 0.000000 -34799.175748 96.936031
300.000000 0.072000 0.072000 0.072000 0.000000 0.000000 0.000000 -34841.415552 40.304081
300.000000 0.074000 0.074000 0.074000 0.000000 0.000000 0.000000 -34839.353880 70.612924
300.000000 0.076000 0.076000 0.076000 0.000000 0.000000 0.000000 -34715.736409 71.974013
300.000000 0.078000 0.078000 0.078000 0.000000 0.000000 0.000000 -34686.034986 100.694374
300.000000 0.080000 0.080000 0.080000 0.000000 0.000000 0.000000 -34687.849400 73.217871
300.000000 0.082000 0.082000 0.082000 0.000000 0.000000 0.000000 -34640.690315 48.940658
300.000000 0.084000 0.084000 0.084000 0.000000 0.000000 0.000000 -34641.625170 43.201312
300.000000 0.086000 0.086000 0.086000 0.000000 0.000000 0.000000 -34704.174147 67.151208
300.000000 0.088000 0.088000 0.088000 0.000000 0.000000 0.000000 -34695.891650 25.781853
300.000000 0.090000 0.090000 0.090000 0.000000 0.000000 0.000000 -34753.449596 56.907070
300.000000 0.092000 0.092000 0.092000 0.000000 0.000000 0.000000 -34733.435166 34.078995
300.000000 0.094000 0.094000 0.094000 0.000000 0.000000 0.000000 -34857.473153 45.882967
300.000000 0.096000 0.096000 0.096000 0.000000 0.000000 0.000000 -34691.432301 39.945672
300.000000 0.098000 0.098000 0.098000 0.000000 0.000000 0.000000 -34759.987379 47.601166
300.000000 0.100000 0.100000 0.100000 0.000000 0.000000 0.000000 -34691.238702 49.460992
300.000000 0.102000 0.102000 0.102000 0.000000 0.000000 0.000000 -34702.948884 29.437230
300.000000 0.104000 0.104000 0.104000 0.000000 0.000000 0.000000 -34706.455504 60.095340
300.000000 0.106000 0.106000 0.106000 0.000000 0.000000 0.000000 -34828.248544 31.802211
300.000000 0.108000 0.108000 0.108000 0.000000 0.000000 0.000000 -34854.319984 64.560336
300.000000 0.110000 0.110000 0.110000 0.000000 0.000000 0.000000 -34885.322339 46.933755
300.000000 0.112000 0.112000 0.112000 0.000000 0.000000 0.000000 -34883.428073 43.571015
300.000000 0.114000 0.114000 0.114000 0.000000 0.000000 0.000000 -34804.840683 45.320033
300.000000 0.116000 0.116000 0.116000 0.000000 0.000000 0.000000 -34700.833882 35.045901
300.000000 0.118000 0.118000 0.118000 0.000000 0.000000 0.000000 -34767.184505 26.883618
300.000000 0.120000 0.120000 0.120000 0.000000 0.000000 0.000000 -34877.053164 36.769980
300.000000 0.122000 0.122000 0.122000 0.000000 0.000000 0.000000 -34793.026179 57.132536
300.000000 0.124000 0.124000 0.124000 0.000000 0.000000 0.000000 -34892.353587 33.959220
300.000000 0.126000 0.126000 0.126000 0.000000 0.000000 0.000000 -34842.636480 45.000588
300.000000 0.128000 0.128000 0.128000 0.000000 0.000000 0.000000 -34628.096472 40.687148
300.000000 0.130000 0.130000 0.130000 0.000000 0.000000 0.000000 -34872.914860 25.807156
300.000000 0.132000 0.132000 0.132000 0.000000 0.000000 0.000000 -34838.533186 17.618594
300.000000 0.134000 0.134000 0.134000 0.000000 0.000000 0.000000 -34763.956890 62.546139
300.000000 0.136000 0.136000 0.136000 0.000000 0.000000 0.000000 -34756.732559 26.772341
300.000000 0.138000 0.138000 0.138000 0.000000 0.000000 0.000000 -34841.637234 33.657227
300.000000 0.140000 0.140000 0.140000 0.000000 0.000000 0.000000 -34801.984270 24.616456
300.000000 0.142000 0.142000 0.142000 0.000000 0.000000 0.000000 -34921.590684 27.778747
300.000000 0.144000 0.144000 0.144000 0.000000 0.000000 0.000000 -34683.370665 22.236576
300.000000 0.146000 0.146000 0.146000 0.000000 0.000000 0.000000 -34663.735432 27.803245
300.000000 0.148000 0.148000 0.148000 0.000000 0.000000 0.000000 -34713.331926 28.427111
300.000000 0.150000 0.150000 0.150000 0.000000 0.000000 0.000000 -34706.272047 43.185676
300.000000 0.152000 0.152000 0.152000 0.000000 0.000000 0.000000 -34807.955975 16.950293
300.000000 0.154000 0.154000 0.154000 0.000000 0.000000 0.000000 -34802.233002 28.143781
300.000000 0.156000 0.156000 0.156000 0.000000 0.000000 0.000000 -34783.967283 52.646269
300.000000 0.158000 0.158000 0.158000 0.000000 0.000000 0.000000 -34797.855310 37.150382
300.000000 0.160000 0.160000 0.160000 0.000000 0.000000 0.000000 -34767.403308 41.365776
300.000000 0.162000 0.162000 0.162000 0.000000 0.000000 0.000000 -34972.320060 20.588247
300.000000 0.164000 0.164000 0.164000 0.000000 0.000000 0.000000 -34712.847586 50.101178
300.000000 0.166000 0.166000 0.166000 0.000000 0.000000 0.000000 -34841.948803 20.036821
300.000000 0.168000 0.168000 0.168000 0.000000 0.000000 0.000000 -34928.728822 29.087673
300.000000 0.170000 0.170000 0.170000 0.000000 0.000000 0.000000 -34846.010121 19.446850
300.000000 0.172000 0.172000 0.172000 0.000000 0.000000 0.000000 -34766.336647 27.411885
300.000000 0.174000 0.174000 0.174000 0.000000 0.000000 0.000000 -34764.731119 27.599303
300.000000 0.176000 0.176000 0.176000 0.000000 0.000000 0.000000 -34807.885903 29.250968
300.000000 0.178000 0.178000 0.178000 0.000000 0.000000 0.000000 -34879.310494 30.719421
300.000000 0.180000 0.180000 0.180000 0.000000 0.000000 0.000000 -34722.112882 23.453386
300.000000 0.182000 0.182000 0.182000 0.000000 0.000000 0.000000 -34784.971848 24.875435
300.000000 0.184000 0.184000 0.184000 0.000000 0.000000 0.000000 -34771.863238 18.085210
300.000000 0.186000 0.186000 0.186000 0.000000 0.000000 0.000000 -34727.922374 45.839956
300.000000 0.188000 0.188000 0.188000 0.000000 0.000000 0.000000 -34705.507584 25.118155
300.000000 0.190000 0.190000 0.190000 0.000000 0.000000 0.000000 -34898.136576 30.427284
300.000000 0.192000 0.192000 0.192000 0.000000 0.000000 0.000000 -34851.401286 32.252170
300.000000 0.194000 0.194000 0.194000 0.000000 0.000000 0.000000 -34906.300895 18.908033
300.000000 0.196000 0.196000 0.196000 0.000000 0.000000 0.000000 -34947.392990 19.282175
300.000000 0.198000 0.198000 0.198000 0.000000 0.000000 0.000000 -34801.213236 44.396698
300.000000 0.200000 0.200000 0.200000 0.000000 0.000000 0.000000 -34748.189600 22.914030
300.000000 0.202000 0.202000 0.202000 0.000000 0.000000 0.000000 -34756.900576 13.357844
300.000000 0.204000 0.204000 0.204000 0.000000 0.000000 0.000000 -34746.174052 23.739490
300.000000 0.206000 0.206000 0.206000 0.000000 0.000000 0.000000 -34774.694419 35.146984
300.000000 0.208000 0.208000 0.208000 0.000000 0.000000 0.000000 -34813.495718 23.144500
300.000000 0.210000 0.210000 0.210000 0.000000 0.000000 0.000000 -34768.099976 31.863022
300.000000 0.212000 0.212000 0.212000 0.000000 0.000000 0.000000 -34714.847259 29.601452
300.000000 0.214000 0.214000 0.214000 0.000000 0.000000 0.000000 -34750.177963 19.048291
300.000000 0.216000 0.216000 0.216000 0.000000 0.000000 0.000000 -34725.499366 20.443418
300.000000 0.218000 0.218000 0.218000 0.000000 0.000000 0.000000 -34715.044319 20.666211
300.000000 0.220000 0.220000 0.220000 0.000000 0.000000 0.000000 -34716.180322 17.543040
300.000000 0.222000 0.222000 0.222000 0.000000 0.000000 0.000000 -34740.086799 12.136747
300.000000 0.224000 0.224000 0.224000 0.000000 0.000000 0.000000 -34864.730892 15.906343
300.000000 0.226000 0.226000 0.226000 0.000000 0.000000 0.000000 -34823.429475 13.695595
300.000000 0.228000 0.228000 0.228000 0.000000 0.000000 0.000000 -34824.274831 20.440143
300.000000 0.230000 0.230000 0.230000 0.000000 0.000000 0.000000 -34751.921026 37.548493
300.000000 0.232000 0.232000 0.232000 0.000000 0.000000 0.000000 -34814.432371 16.583957
300.000000 0.234000 0.234000 0.234000 0.000000 0.000000 0.000000 -34754.744549 17.610677
300.000000 0.236000 0.236000 0.236000 0.000000 0.000000 0.000000 -34668.258198 22.436132
300.000000 0.238000 0.238000 0.238000 0.000000 0.000000 0.000000 -34787.562685 10.277418
300.000000 0.240000 0.240000 0.240000 0.000000 0.000000 0.000000 -34717.127212 21.839589
300.000000 0.242000 0.242000 0.242000 0.000000 0.000000 0.000000 -34795.368130 3.130961
300.000000 0.244000 0.244000 0.244000 0.000000 0.000000 0.000000 -34879.822950 26.299105
300.000000 0.246000 0.246000 0.246000 0.000000 0.000000 0.000000 -34811.767005 16.560852
300.000000 0.248000 0.248000 0.248000 0.000000 0.000000 0.000000 -34759.567269 8.437284
300.000000 0.250000 0.250000 0.250000 0.000000 0.000000 0.000000 -34822.623948 12.912514
300.000000 0.252000 0.252000 0.252000 0.000000 0.000000 0.000000 -34724.471432 27.774509
300.000000 0.254000 0.254000 0.254000 0.000000 0.000000 0.000000 -34800.738551 13.310605
300.000000 0.256000 0.256000 0.256000 0.000000 0.000000 0.000000 -34810.111745 20.492236
300.000000 0.258000 0.258000 0.258000 0.000000 0.000000 0.000000 -34794.788534 14.733295
300.000000 0.260000 0.260000 0.260000 0.000000 0.000000 0.000000 -34647.838342 1.476948
300.000000 0.262000 0.262000 0.262000 0.000000 0.000000 0.000000 -34658.235182 10.810420
300.000000 0.264000 0.264000 0.264000 0.000000 0.000000 0.000000 -34686.379758 9.206642
300.000000 0.266000 0.266000 0.266000 0.000000 0.000000 0.000000 -34754.000260 16.543534
300.000000 0.268000 0.268000 0.268000 0.000000 0.000000 0.000000 -34803.058124 8.921333
300.000000 0.270000 0.270000 0.270000 0.000000 0.000000 0.000000 -34856.525670 12.393950
300.000000 0.272000 0.272000 0.272000 0.000000 0.000000 0.000000 -34742.853194 15.269233
300.000000 0.274000 0.274000 0.274000 0.000000 0.000000 0.000000 -34787.747213 13.762828
300.000000 0.276000 0.276000 0.276000 0.000000 0.000000 0.000000 -34834.825305 11.571952
300.000000 0.278000 0.278000 0.278000 0.000000 0.000000 0.000000 -34702.079545 14.023991
300.000000 0.280000 0.280000 0.280000 0.000000 0.000000 0.000000 -34704.806360 2.549003
300.000000 0.282000 0.282000 0.282000 0.000000 0.000000 0.000000 -34889.695160 3.990203
300.000000 0.284000 0.284000 0.284000 0.000000 0.000000 0.000000 -34705.315537 19.171721
300.000000 0.286000 0.286000 0.286000 0.000000 0.000000 0.000000 -34785.010402 21.280911
300.000000 0.288000 0.288000 0.288000 0.000000 0.000000 0.000000 -34686.392762 10.720378
300.000000 0.290000 0.290000 0.290000 0.000000 0.000000 0.000000 -34710.752783 6.482449
300.000000 0.292000 0.292000 0.292000 0.000000 0.000000 0.000000 -34651.869507 0.534855
300.000000 0.294000 0.294000 0.294000 0.000000 0.000000 0.000000 -34573.746581 14.651327
300.000000 0.296000 0.296000 0.296000 0.000000 0.000000 0.000000 -34705.716615 8.921261
300.000000 0.298000 0.298000 0.298000 0.000000 0.000000 0.000000 -34856.904795 -3.467504
300.000000 0.300000 0.300000 0.300000 0.000000 0.000000 0.000000 -34892.574209 15.161021
300.000000 0.302000 0.302000 0.302000 0.000000 0.000000 0.000000 -34774.128699 5.691455
300.000000 0.304000 0.304000 0.304000 0.000000 0.000000 0.000000 -34736.212278 12.135826
300.000000 0.306000 0.306000 0.306000 0.000000 0.000000 0.000000 -34774.615784 4.480624
300.000000 0.308000 0.308000 0.308000 0.000000 0.000000 0.000000 -34718.672503 13.172261
300.000000 0.310000 0.310000 0.310000 0.000000 0.000000 0.000000 -34801.207823 10.206713
300.000000 0.312000 0.312000 0.312000 0.000000 0.000000 0.000000 -34847.981315 10.238561
300.000000 0.314000 0.314000 0.314000 0.000000 0.000000 0.000000 -34850.893474 5.908412
300.000000 0.316000 0.316000 0.316000 0.000000 0.000000 0.000000 -34930.687116 13.243862
300.000000 0.318000 0.318000 0.318000 0.000000 0.000000 0.000000 -34929.691662 6.948007
300.000000 0.320000 0.320000 0.320000 0.000000 0.000000 0.000000 -34807.699925 11.925600
300.000000 0.322000 0.322000 0.322000 0.000000 0.000000 0.000000 -34729.298063 10.342771
300.000000 0.324000 0.324000 0.324000 0.000000 0.000000 0.000000 -34781.316413 4.509686
300.000000 0.326000 0.326000 0.326000 0.000000 0.000000 0.000000 -34768.737076 2.820249
300.000000 0.328000 0.328000 0.328000 0.000000 0.000000 0.000000 -34842.949747 1.434986
300.000000 0.330000 0.330000 0.330000 0.000000 0.000000 0.000000 -34751.483790 3.982841
300.000000 0.332000 0.332000 0.332000 0.000000 0.000000 0.000000 -34727.669417 15.096801
300.000000 0.334000 0.334000 0.334000 0.000000 0.000000 0.000000 -34659.447234 5.739965
300.000000 0.336000 0.336000 0.336000 0.000000 0.000000 0.000000 -34787.349818 8.340022
300.000000 0.338000 0.338000 0.338000 0.000000 0.000000 0.000000 -34647.021890 13.674997
300.000000 0.340000 0.340000 0.340000 0.000000 0.000000 0.000000 -34678.741526 11.179295
300.000000 0.342000 0.342000 0.342000 0.000000 0.000000 0.000000 -34707.145470 10.009413
300.000000 0.344000 0.344000 0.344000 0.000000 0.000000 0.000000 -34761.717875 1.063946
300.000000 0.346000 0.346000 0.346000 0.000000 0.000000 0.000000 -34832.711207 0.185981
300.000000 0.348000 0.348000 0.348000 0.000000 0.000000 0.000000 -34806.618000 1.676199
300.000000 0.350000 0.350000 0.350000 0.000000 0.000000 0.000000 -34720.273366 7.970601
300.000000 0.352000 0.352000 0.352000 0.000000 0.000000 0.000000 -34776.644743 3.365830
300.000000 0.354000 0.354000 0.354000 0.000000 0.000000 0.000000 -34753.084247 -3.995666
300.000000 0.356000 0.356000 0.356000 0.000000 0.000000 0.000000 -34722.386665 1.050456
300.000000 0.358000 0.358000 0.358000 0.000000 0.000000 0.000000 -34801.058295 10.913723
300.000000 0.360000 0.360000 0.360000 0.000000 0.000000 0.000000 -34805.116308 14.473586
300.000000 0.362000 0.362000 0.362000 0.000000 0.000000 0.000000 -34908.178619 6.955101
300.000000 0.364000 0.364000 0.364000 0.000000 0.000000 0.000000 -34912.531459 4.973031
300.000000 0.366000 0.366000 0.366000 0.000000 0.000000 0.000000 -34876.842368 -1.253238
300.000000 0.368000 0.368000 0.368000 0.000000 0.000000 0.000000 -34720.085249 -14.783780
300.000000 0.370000 0.370000 0.370000 0.000000 0.000000 0.000000 -34826.846569 14.439418
300.000000 0.372000 0.372000 0.372000 0.000000 0.000000 0.000000 -34820.822274 -2.429155
300.000000 0.374000 0.374000 0.374000 0.000000 0.000000 0.000000 -34811.701132 5.111865
300.000000 0.376000 0.376000 0.376000 0.000000 0.000000 0.000000 -34817.559269 14.831112
300.000000 0.378000 0.378000 0.378000 0.000000 0.000000 0.000000 -34746.638686 -0.443229
300.000000 0.380000 0.380000 0.380000 0.000000 0.000000 0.000000 -34814.098776 5.269639
300.000000 0.382000 0.382000 0.382000 0.000000 0.000000 0.000000 -34879.891969 6.684679
300.000000 0.384000 0.384000 0.384000 0.000000 0.000000 0.000000 -34825.152756 5.262626
300.000000 0.386000 0.386000 0.386000 0.000000 0.000000 0.000000 -34817.603185 6.058496
300.000000 0.388000 0.388000 0.388000 0.000000 0.000000 0.000000 -34811.001694 3.879783
300.000000 0.390000 0.390000 0.390000 0.000000 0.000000 0.000000 -34672.770713 4.034795
300.000000 0.392000 0.392000 0.392000 0.000000 0.000000 0.000000 -34687.757146 4.232470
300.000000 0.394000 0.394000 0.394000 0.000000 0.000000 0.000000 -34813.578138 7.850237
300.000000 0.396000 0.396000 0.396000 0.000000 0.000000 0.000000 -34795.012945 2.665335
300.000000 0.398000 0.398000 0.398000 0.000000 0.000000 0.000000 -34762.993441 2.035937
300.000000 0.400000 0.400000 0.400000 0.000000 0.000000 0.000000 -34682.529138 2.944902
300.000000 0.402000 0.402000 0.402000 0.000000 0.000000 0.000000 -34753.531796 8.213445
300.000000 0.404000 0.404000 0.404000 0.000000 0.000000 0.000000 -34854.438432 8.322776
300.000000 0.406000 0.406000 0.406000 0.000000 0.000000 0.000000 -34899.855827 9.326937
300.000000 0.408000 0.408000 0.408000 0.000000 0.000000 0.000000 -34843.496711 1.479471
300.000000 0.410000 0.410000 0.410000 0.000000 0.000000 0.000000 -34689.336217 -0.254428
300.000000 0.412000 0.412000 0.412000 0.000000 0.000000 0.000000 -34743.275429 -2.946305
300.000000 0.414000 0.414000 0.414000 0.000000 0.000000 0.000000 -34789.238801 13.557934
300.000000 0.416000 0.416000 0.416000 0.000000 0.000000 0.000000 -34772.496204 -0.033427
300.000000 0.418000 0.418000 0.418000 0.000000 0.000000 0.000000 -34750.829511 1.644727
300.000000 0.420000 0.420000 0.420000 0.000000 0.000000 0.000000 -34837.479625 -3.655129
300.000000 0.422000 0.422000 0.422000 0.000000 0.000000 0.000000 -34924.557198 2.782739
300.000000 0.424000 0.424000 0.424000 0.000000 0.000000 0.000000 -34857.314745 -4.145066
300.000000 0.426000 0.426000 0.426000 0.000000 0.000000 0.000000 -34893.303938 2.297745
300.000000 0.428000 0.428000 0.428000 0.000000 0.000000 0.000000 -34760.499021 0.762242
300.000000 0.430000 0.430000 0.430000 0.000000 0.000000 0.000000 -34893.981221 -3.161258
300.000000 0.432000 0.432000 0.432000 0.000000 0.000000 0.000000 -34828.641443 3.244013
300.000000 0.434000 0.434000 0.434000 0.000000 0.000000 0.000000 -34778.670088 1.396171
300.000000 0.436000 0.436000 0.436000 0.000000 0.000000 0.000000 -34931.097349 3.682682
300.000000 0.438000 0.438000 0.438000 0.000000 0.000000 0.000000 -34925.314876 3.338626
300.000000 0.440000 0.440000 0.440000 0.000000 0.000000 0.000000 -34825.150744 -0.915805
300.000000 0.442000 0.442000 0.442000 0.000000 0.000000 0.000000 -34916.028696 9.773053
300.000000 0.444000 0.444000 0.444000 0.000000 0.000000 0.000000 -34755.188719 3.088247
300.000000 0.446000 0.446000 0.446000 0.000000 0.000000 0.000000 -34913.441934 -4.386900
300.000000 0.448000 0.448000 0.448000 0.000000 0.000000 0.000000 -34800.354841 -8.529308
300.000000 0.450000 0.450000 0.450000 0.000000 0.000000 0.000000 -34901.185818 3.238623
300.000000 0.452000 0.452000 0.452000 0.000000 0.000000 0.000000 -34886.415996 13.245544
300.000000 0.454000 0.454000 0.454000 0.000000 0.000000 0.000000 -34837.345418 -2.315260
300.000000 0.456000 0.456000 0.456000 0.000000 0.000000 0.000000 -34865.449097 0.665633
300.000000 0.458000 0.458000 0.458000 0.000000 0.000000 0.000000 -34796.923375 2.004789
300.000000 0.460000 0.460000 0.460000 0.000000 0.000000 0.000000 -34808.717039 6.200257
300.000000 0.462000 0.462000 0.462000 0.000000 0.000000 0.000000 -34823.091129 -2.758700
300.000000 0.464000 0.464000 0.464000 0.000000 0.000000 0.000000 -34899.842061 -0.032611
300.000000 0.466000 0.466000 0.466000 0.000000 0.000000 0.000000 -34853.873941 4.972287
300.000000 0.468000 0.468000 0.468000 0.000000 0.000000 0.000000 -34709.437160 4.521460
300.000000 0.470000 0.470000 0.470000 0.000000 0.000000 0.000000 -34853.235451 0.114446
300.000000 0.472000 0.472000 0.472000 0.000000 0.000000 0.000000 -34660.519729 2.313929
300.000000 0.474000 0.474000 0.474000 0.000000 0.000000 0.000000 -34603.070314 13.281772
300.000000 0.476000 0.476000 0.476000 0.000000 0.000000 0.000000 -34639.094157 15.154389
300.000000 0.478000 0.478000 0.478000 0.000000 0.000000 0.000000 -34724.020331 0.500924
300.000000 0.480000 0.480000 0.480000 0.000000 0.000000 0.000000 -34889.547322 -3.283218
300.000000 0.482000 0.482000 0.482000 0.000000 0.000000 0.000000 -34680.544904 -2.037083
300.000000 0.484000 0.484000 0.484000 0.000000 0.000000 0.000000 -34798.071634 0.208701
300.000000 0.486000 0.486000 0.486000 0.000000 0.000000 0.000000 -34758.753939 -0.029015
300.000000 0.488000 0.488000 0.488000 0.000000 0.000000 0.000000 -34782.851082 1.025352
300.000000 0.490000 0.490000 0.490000 0.000000 0.000000 0.000000 -34697.691052 -0.772786
300.000000 0.492000 0.492000 0.492000 0.000000 0.000000 0.000000 -34799.399544 -0.286925
300.000000 0.494000 0.494000 0.494000 0.000000 0.000000 0.000000 -34755.790603 -3.869302
300.000000 0.496000 0.496000 0.496000 0.000000 0.000000 0.000000 -34768.591185 -9.930484
300.000000 0.498000 0.498000 0.498000 0.000000 0.000000 0.000000 -34779.986056 5.313196
