6 300.000000 1.000000 0.100000 0.500000 0.100000 70.000000 0.000000 -32760.650561 26.434916 8.013727
6 300.000000 1.000000 0.100000 0.500000 0.100000 70.000000 0.000000 -32737.091352 26.071669 6.391287
6 300.000000 1.000000 0.100000 0.500000 0.100000 70.000000 0.000000 -32769.648970 22.709525 6.756262
7 300.000000 1.000000 0.200000 0.500000 0.100000 60.000000 0.000000 -33006.651912 5.492956 7.018754
12 300.000000 -1.000000 0.400000 0.500000 0.100000 40.000000 0.000000 -32870.578000 7.691183 6.419939
15 300.000000 -1.000000 0.100000 0.500000 0.100000 70.000000 0.000000 -32716.157455 22.469544 6.502827
15 300.000000 -1.000000 0.100000 0.500000 0.100000 70.000000 0.000000 -32764.567527 14.392908 8.157526
14 300.000000 -1.000000 0.200000 0.500000 0.100000 60.000000 0.000000 -32826.963542 4.323597 6.929562
13 300.000000 -1.000000 0.300000 0.500000 0.100000 50.000000 0.000000 -32851.137989 9.254741 6.412932
12 300.000000 -1.000000 0.400000 0.500000 0.100000 40.000000 0.000000 -32767.931949 -5.665193 8.250176
11 300.000000 -1.000000 0.500000 0.500000 0.100000 30.000000 0.000000 -32831.913352 -1.375596 7.171666
10 300.000000 1.000000 0.500000 0.500000 0.100000 30.000000 0.000000 -32920.406034 -2.566431 6.819305
11 300.000000 -1.000000 0.500000 0.500000 0.100000 30.000000 0.000000 -32662.586673 -2.232566 7.865593
12 300.000000 -1.000000 0.400000 0.500000 0.100000 40.000000 0.000000 -32736.068986 5.479264 7.325097
12 300.000000 -1.000000 0.400000 0.500000 0.100000 40.000000 0.000000 -32681.665311 1.530243 6.841382
10 300.000000 1.000000 0.500000 0.500000 0.100000 30.000000 0.000000 -32883.835489 -2.147952 7.987978
10 300.000000 1.000000 0.500000 0.500000 0.100000 30.000000 0.000000 -32790.592677 1.468287 8.159974
11 300.000000 -1.000000 0.500000 0.500000 0.100000 30.000000 0.000000 -32794.694787 1.330887 6.397217
12 300.000000 -1.000000 0.400000 0.500000 0.100000 40.000000 0.000000 -32864.082339 -1.206299 6.429968
11 300.000000 -1.000000 0.500000 0.500000 0.100000 30.000000 0.000000 -32935.888420 2.004436 7.709633
12 300.000000 -1.000000 0.400000 0.500000 0.100000 40.000000 0.000000 -32874.970263 0.870312 8.109306
12 300.000000 -1.000000 0.400000 0.500000 0.100000 40.000000 0.000000 -32831.473620 6.154323 7.502672
9 300.000000 1.000000 0.400000 0.500000 0.100000 40.000000 0.000000 -32785.244727 10.756581 6.391135
7 300.000000 1.000000 0.200000 0.500000 0.100000 60.000000 0.000000 -32768.569868 8.291929 6.406663
9 300.000000 1.000000 0.400000 0.500000 0.100000 40.000000 0.000000 -32870.251097 6.831837 6.518035
7 300.000000 1.000000 0.200000 0.500000 0.100000 60.000000 0.000000 -32715.034803 9.436454 8.049044
7 300.000000 1.000000 0.200000 0.500000 0.100000 60.000000 0.000000 -32925.618128 12.419188 8.277774
7 300.000000 1.000000 0.200000 0.500000 0.100000 60.000000 0.000000 -32937.059612 1.294620 6.419272
10 300.000000 1.000000 0.500000 0.500000 0.100000 30.000000 0.000000 -32843.812456 -1.454237 7.700337
11 300.000000 -1.000000 0.500000 0.500000 0.100000 30.000000 0.000000 -32851.591440 2.259303 6.742397
11 300.000000 -1.000000 0.500000 0.500000 0.100000 30.000000 0.000000 -32860.855807 3.945730 6.417015
11 300.000000 -1.000000 0.500000 0.500000 0.100000 30.000000 0.000000 -32847.092977 2.732403 6.463969
12 300.000000 -1.000000 0.400000 0.500000 0.100000 40.000000 0.000000 -32928.268048 6.440799 6.392296
12 300.000000 -1.000000 0.400000 0.500000 0.100000 40.000000 0.000000 -32786.827707 5.127764 6.860955
9 300.000000 1.000000 0.400000 0.500000 0.100000 40.000000 0.000000 -32798.261411 13.767927 7.801130
8 300.000000 1.000000 0.300000 0.500000 0.100000 50.000000 0.000000 -32863.513015 15.519523 7.366898
9 300.000000 1.000000 0.400000 0.500000 0.100000 40.000000 0.000000 -32754.376550 1.599985 8.163488
12 300.000000 -1.000000 0.400000 0.500000 0.100000 40.000000 0.000000 -32835.985426 6.243874 7.559317
14 300.000000 -1.000000 0.200000 0.500000 0.100000 60.000000 0.000000 -32852.357922 14.334134 7.747046
15 300.000000 -1.000000 0.100000 0.500000 0.100000 70.000000 0.000000 -32848.372429 13.124404 6.983411
10 300.000000 1.000000 0.500000 0.500000 0.100000 30.000000 0.000000 -32871.793948 -0.827990 7.244939
9 300.000000 1.000000 0.400000 0.500000 0.100000 40.000000 0.000000 -32813.174374 2.087814 8.096106
9 300.000000 1.000000 0.400000 0.500000 0.100000 40.000000 0.000000 -32838.153562 -3.827985 7.237836
11 300.000000 -1.000000 0.500000 0.500000 0.100000 30.000000 0.000000 -32896.671159 -6.518800 5.803013
9 300.000000 1.000000 0.400000 0.500000 0.100000 40.000000 0.000000 -32874.872297 -3.959313 7.977515
10 300.000000 1.000000 0.500000 0.500000 0.100000 30.000000 0.000000 -32800.238147 -0.147585 8.281056
8 300.000000 1.000000 0.300000 0.500000 0.100000 50.000000 0.000000 -32786.614116 2.239649 7.752520
11 300.000000 -1.000000 0.500000 0.500000 0.100000 30.000000 0.000000 -32803.165950 -4.227894 8.143050
11 300.000000 -1.000000 0.500000 0.500000 0.100000 30.000000 0.000000 -32861.914793 -4.014637 8.276906
10 300.000000 1.000000 0.500000 0.500000 0.100000 30.000000 0.000000 -32818.799640 -0.261219 7.533982
8 300.000000 1.000000 0.300000 0.500000 0.100000 50.000000 0.000000 -32853.283546 11.014803 7.772965
10 300.000000 1.000000 0.500000 0.500000 0.100000 30.000000 0.000000 -32900.544923 2.920387 8.084096
7 300.000000 1.000000 0.200000 0.500000 0.100000 60.000000 0.000000 -32824.902999 3.961388 8.255877
7 300.000000 1.000000 0.200000 0.500000 0.100000 60.000000 0.000000 -32783.006004 8.653706 8.280572
8 300.000000 1.000000 0.300000 0.500000 0.100000 50.000000 0.000000 -32804.208212 10.665505 7.750528
8 300.000000 1.000000 0.300000 0.500000 0.100000 50.000000 0.000000 -32926.719435 6.997841 7.761790
10 300.000000 1.000000 0.500000 0.500000 0.100000 30.000000 0.000000 -32774.994825 1.318430 6.439433
10 300.000000 1.000000 0.500000 0.500000 0.100000 30.000000 0.000000 -32935.293440 -5.476259 7.388358
10 300.000000 1.000000 0.500000 0.500000 0.100000 30.000000 0.000000 -32724.415427 -3.188960 6.395111
10 300.000000 1.000000 0.500000 0.500000 0.100000 30.000000 0.000000 -32699.665961 -5.066780 7.810969
10 300.000000 1.000000 0.500000 0.500000 0.100000 30.000000 0.000000 -32870.814264 4.206475 7.834010
9 300.000000 1.000000 0.400000 0.500000 0.100000 40.000000 0.000000 -32852.364984 0.932644 6.528523
8 300.000000 1.000000 0.300000 0.500000 0.100000 50.000000 0.000000 -32905.730518 11.096620 7.651455
7 300.000000 1.000000 0.200000 0.500000 0.100000 60.000000 0.000000 -32898.822565 8.208584 8.178895
8 300.000000 1.000000 0.300000 0.500000 0.100000 50.000000 0.000000 -32720.449745 7.635552 7.142560
6 300.000000 1.000000 0.100000 0.500000 0.100000 70.000000 0.000000 -32828.038381 28.147187 7.281058
6 300.000000 1.000000 0.100000 0.500000 0.100000 70.000000 0.000000 -32811.265861 28.009799 7.254590
6 300.000000 1.000000 0.100000 0.500000 0.100000 70.000000 0.000000 -32719.824103 35.331859 6.720370
6 300.000000 1.000000 0.100000 0.500000 0.100000 70.000000 0.000000 -32828.611224 35.343169 5.174900
5 300.000000 1.000000 0.000000 0.500000 0.100000 80.000000 0.000000 -32774.091270 55.580477 8.124215
5 300.000000 1.000000 0.000000 0.500000 0.100000 80.000000 0.000000 -33010.087627 57.768084 5.198907
5 300.000000 1.000000 0.000000 0.500000 0.100000 80.000000 0.000000 -32836.883092 54.152968 6.792888
6 300.000000 1.000000 0.100000 0.500000 0.100000 70.000000 0.000000 -32774.685933 15.243481 8.168542
7 300.000000 1.000000 0.200000 0.500000 0.100000 60.000000 0.000000 -32876.606919 32.925509 6.412986
6 300.000000 1.000000 0.100000 0.500000 0.100000 70.000000 0.000000 -32799.817552 19.677247 6.959893
7 300.000000 1.000000 0.200000 0.500000 0.100000 60.000000 0.000000 -32886.491068 14.095735 5.521325
7 300.000000 1.000000 0.200000 0.500000 0.100000 60.000000 0.000000 -32910.274827 3.921569 7.630945
9 300.000000 1.000000 0.400000 0.500000 0.100000 40.000000 0.000000 -33052.752031 13.450392 6.979333
7 300.000000 1.000000 0.200000 0.500000 0.100000 60.000000 0.000000 -32706.742992 12.851675 6.407982
8 300.000000 1.000000 0.300000 0.500000 0.100000 50.000000 0.000000 -32916.036959 6.215679 6.472515
9 300.000000 1.000000 0.400000 0.500000 0.100000 40.000000 0.000000 -32839.045741 -0.641955 7.261268
13 300.000000 -1.000000 0.300000 0.500000 0.100000 50.000000 0.000000 -32894.139639 8.011327 7.467199
13 300.000000 -1.000000 0.300000 0.500000 0.100000 50.000000 0.000000 -32714.934704 0.879766 7.446031
12 300.000000 -1.000000 0.400000 0.500000 0.100000 40.000000 0.000000 -32818.796742 7.252716 7.770750
12 300.000000 -1.000000 0.400000 0.500000 0.100000 40.000000 0.000000 -32927.324231 1.076838 6.473142
10 300.000000 1.000000 0.500000 0.500000 0.100000 30.000000 0.000000 -32902.680766 -7.632008 6.393137
9 300.000000 1.000000 0.400000 0.500000 0.100000 40.000000 0.000000 -32771.488544 5.025888 7.374162
9 300.000000 1.000000 0.400000 0.500000 0.100000 40.000000 0.000000 -32892.957305 4.303648 6.612908
8 300.000000 1.000000 0.300000 0.500000 0.100000 50.000000 0.000000 -32979.962635 7.396263 6.385465
8 300.000000 1.000000 0.300000 0.500000 0.100000 50.000000 0.000000 -32775.823709 16.050026 6.413724
5 300.000000 1.000000 0.000000 0.500000 0.100000 80.000000 0.000000 -32919.110408 39.279083 5.893955
4 300.000000 1.000000 0.000000 0.400000 0.100000 90.000000 0.000000 -32884.526400 72.654109 0.321098
4 300.000000 1.000000 0.000000 0.400000 0.100000 90.000000 0.000000 -32794.643939 81.782424 6.447954
3 300.000000 1.000000 0.000000 0.300000 0.100000 100.000000 0.000000 -32692.793963 44.548041 6.749876
3 300.000000 1.000000 0.000000 0.300000 0.100000 100.000000 0.000000 -32824.397515 75.456961 6.533366
3 300.000000 1.000000 0.000000 0.300000 0.100000 100.000000 0.000000 -32978.941092 74.731242 6.673964
3 300.000000 1.000000 0.000000 0.300000 0.100000 100.000000 0.000000 -32772.140260 42.795584 6.400922
5 300.000000 1.000000 0.000000 0.500000 0.100000 80.000000 0.000000 -32690.026277 67.660571 6.479367
3 300.000000 1.000000 0.000000 0.300000 0.100000 100.000000 0.000000 -32885.424468 69.395599 6.401404
4 300.000000 1.000000 0.000000 0.400000 0.100000 90.000000 0.000000 -32817.461662 58.204429 6.411171
5 300.000000 1.000000 0.000000 0.500000 0.100000 80.000000 0.000000 -32816.433261 53.218013 8.108744
5 300.000000 1.000000 0.000000 0.500000 0.100000 80.000000 0.000000 -32869.828444 67.634064 6.564446
3 300.000000 1.000000 0.000000 0.300000 0.100000 100.000000 0.000000 -32833.778055 72.821350 6.705096
3 300.000000 1.000000 0.000000 0.300000 0.100000 100.000000 0.000000 -32804.769218 69.438697 8.279354
3 300.000000 1.000000 0.000000 0.300000 0.100000 100.000000 0.000000 -32837.505735 82.597058 5.967870
4 300.000000 1.000000 0.000000 0.400000 0.100000 90.000000 0.000000 -32980.529578 60.193368 5.149937
4 300.000000 1.000000 0.000000 0.400000 0.100000 90.000000 0.000000 -32782.769732 58.673097 0.422472
5 300.000000 1.000000 0.000000 0.500000 0.100000 80.000000 0.000000 -32864.174728 76.287052 7.156586
3 300.000000 1.000000 0.000000 0.300000 0.100000 100.000000 0.000000 -32864.138643 66.654295 0.819717
3 300.000000 1.000000 0.000000 0.300000 0.100000 100.000000 0.000000 -32815.569474 65.127951 7.593061
2 300.000000 1.000000 0.000000 0.200000 0.100000 110.000000 0.000000 -32916.367006 115.340017 6.834645
2 300.000000 1.000000 0.000000 0.200000 0.100000 110.000000 0.000000 -33020.084262 112.437951 6.969876
2 300.000000 1.000000 0.000000 0.200000 0.100000 110.000000 0.000000 -32842.377500 66.210505 2.675540
2 300.000000 1.000000 0.000000 0.200000 0.100000 110.000000 0.000000 -32851.815814 121.322168 1.888105
2 300.000000 1.000000 0.000000 0.200000 0.100000 110.000000 0.000000 -32828.112080 107.095557 8.192980
2 300.000000 1.000000 0.000000 0.200000 0.100000 110.000000 0.000000 -32849.845872 125.705893 6.964050
2 300.000000 1.000000 0.000000 0.200000 0.100000 110.000000 0.000000 -32878.953501 63.304050 8.054640
4 300.000000 1.000000 0.000000 0.400000 0.100000 90.000000 0.000000 -32874.388849 64.592646 6.407434
4 300.000000 1.000000 0.000000 0.400000 0.100000 90.000000 0.000000 -32915.545628 72.983903 7.252956
3 300.000000 1.000000 0.000000 0.300000 0.100000 100.000000 0.000000 -32921.964467 44.030243 6.485623
5 300.000000 1.000000 0.000000 0.500000 0.100000 80.000000 0.000000 -32796.929144 61.797299 7.386847
2 300.000000 1.000000 0.000000 0.200000 0.100000 110.000000 0.000000 -32914.952420 132.203564 4.257566
1 300.000000 1.000000 0.000000 0.100000 0.100000 120.000000 0.000000 -32813.132127 140.218619 6.851819
1 300.000000 1.000000 0.000000 0.100000 0.100000 120.000000 0.000000 -32899.767596 135.913565 6.478629
1 300.000000 1.000000 0.000000 0.100000 0.100000 120.000000 0.000000 -32914.864523 141.527865 4.554326
2 300.000000 1.000000 0.000000 0.200000 0.100000 110.000000 0.000000 -32920.395275 80.924983 6.580587
2 300.000000 1.000000 0.000000 0.200000 0.100000 110.000000 0.000000 -32911.929274 36.345578 6.413118
4 300.000000 1.000000 0.000000 0.400000 0.100000 90.000000 0.000000 -32755.992360 52.518659 6.528325
6 300.000000 1.000000 0.100000 0.500000 0.100000 70.000000 0.000000 -32776.246794 22.922854 6.468485
6 300.000000 1.000000 0.100000 0.500000 0.100000 70.000000 0.000000 -32694.145575 20.629120 6.650670
6 300.000000 1.000000 0.100000 0.500000 0.100000 70.000000 0.000000 -32756.330739 15.475515 6.406733
8 300.000000 1.000000 0.300000 0.500000 0.100000 50.000000 0.000000 -32954.431265 5.860334 6.399167
7 300.000000 1.000000 0.200000 0.500000 0.100000 60.000000 0.000000 -32695.594158 7.137407 7.433792
9 300.000000 1.000000 0.400000 0.500000 0.100000 40.000000 0.000000 -32798.261348 1.258325 8.217214
11 300.000000 -1.000000 0.500000 0.500000 0.100000 30.000000 0.000000 -32782.380948 0.786058 6.775368
10 300.000000 1.000000 0.500000 0.500000 0.100000 30.000000 0.000000 -32776.635623 -1.015860 7.985932
9 300.000000 1.000000 0.400000 0.500000 0.100000 40.000000 0.000000 -32990.982862 10.761900 6.446464
7 300.000000 1.000000 0.200000 0.500000 0.100000 60.000000 0.000000 -32932.376834 23.736722 6.422943
6 300.000000 1.000000 0.100000 0.500000 0.100000 70.000000 0.000000 -32897.258082 39.370106 7.110390
5 300.000000 1.000000 0.000000 0.500000 0.100000 80.000000 0.000000 -32791.880465 34.526272 6.750542
5 300.000000 1.000000 0.000000 0.500000 0.100000 80.000000 0.000000 -32793.130458 49.346803 6.659020
3 300.000000 1.000000 0.000000 0.300000 0.100000 100.000000 0.000000 -32744.100743 77.335797 6.988151
4 300.000000 1.000000 0.000000 0.400000 0.100000 90.000000 0.000000 -32765.052398 62.835463 1.234571
4 300.000000 1.000000 0.000000 0.400000 0.100000 90.000000 0.000000 -32864.797965 62.854033 1.003279
5 300.000000 1.000000 0.000000 0.500000 0.100000 80.000000 0.000000 -32741.012034 65.554972 1.810980
4 300.000000 1.000000 0.000000 0.400000 0.100000 90.000000 0.000000 -32917.674528 67.409561 8.254560
4 300.000000 1.000000 0.000000 0.400000 0.100000 90.000000 0.000000 -32847.263953 85.739335 3.876972
3 300.000000 1.000000 0.000000 0.300000 0.100000 100.000000 0.000000 -32830.578102 74.736962 5.099030
3 300.000000 1.000000 0.000000 0.300000 0.100000 100.000000 0.000000 -32895.333160 70.735588 7.640040
4 300.000000 1.000000 0.000000 0.400000 0.100000 90.000000 0.000000 -32722.918643 56.577839 8.190864
4 300.000000 1.000000 0.000000 0.400000 0.100000 90.000000 0.000000 -32993.755227 61.537726 7.316394
4 300.000000 1.000000 0.000000 0.400000 0.100000 90.000000 0.000000 -32820.165527 38.800532 7.534682
6 300.000000 1.000000 0.100000 0.500000 0.100000 70.000000 0.000000 -32798.890198 40.164400 6.772803
6 300.000000 1.000000 0.100000 0.500000 0.100000 70.000000 0.000000 -32727.569804 47.316689 0.184406
4 300.000000 1.000000 0.000000 0.400000 0.100000 90.000000 0.000000 -32919.937472 73.735685 2.417932
5 300.000000 1.000000 0.000000 0.500000 0.100000 80.000000 0.000000 -32773.509615 62.780106 1.043753
5 300.000000 1.000000 0.000000 0.500000 0.100000 80.000000 0.000000 -32630.026082 56.931320 7.912339
4 300.000000 1.000000 0.000000 0.400000 0.100000 90.000000 0.000000 -32846.564242 53.320183 2.849605
5 300.000000 1.000000 0.000000 0.500000 0.100000 80.000000 0.000000 -32844.845848 79.572751 8.065167
3 300.000000 1.000000 0.000000 0.300000 0.100000 100.000000 0.000000 -32736.923237 63.559505 6.693530
4 300.000000 1.000000 0.000000 0.400000 0.100000 90.000000 0.000000 -32909.785985 28.296103 7.186877
5 300.000000 1.000000 0.000000 0.500000 0.100000 80.000000 0.000000 -32823.934337 46.180023 8.280399
3 300.000000 1.000000 0.000000 0.300000 0.100000 100.000000 0.000000 -32777.379823 54.476505 8.170772
5 300.000000 1.000000 0.000000 0.500000 0.100000 80.000000 0.000000 -32915.022368 52.285845 7.377884
4 300.000000 1.000000 0.000000 0.400000 0.100000 90.000000 0.000000 -32715.589323 47.912085 3.443534
5 300.000000 1.000000 0.000000 0.500000 0.100000 80.000000 0.000000 -32683.033296 41.360967 7.610191
4 300.000000 1.000000 0.000000 0.400000 0.100000 90.000000 0.000000 -32788.365674 74.064034 6.410196
4 300.000000 1.000000 0.000000 0.400000 0.100000 90.000000 0.000000 -32661.232096 69.322666 6.575314
3 300.000000 1.000000 0.000000 0.300000 0.100000 100.000000 0.000000 -32729.193653 81.043232 6.401385
3 300.000000 1.000000 0.000000 0.300000 0.100000 100.000000 0.000000 -32840.900161 85.266836 6.472582
4 300.000000 1.000000 0.000000 0.400000 0.100000 90.000000 0.000000 -32817.997097 53.675695 6.389754
2 300.000000 1.000000 0.000000 0.200000 0.100000 110.000000 0.000000 -32753.949786 77.687481 6.540426
3 300.000000 1.000000 0.000000 0.300000 0.100000 100.000000 0.000000 -32939.082955 52.998615 6.546830
6 300.000000 1.000000 0.100000 0.500000 0.100000 70.000000 0.000000 -32860.159353 28.031055 7.689697
7 300.000000 1.000000 0.200000 0.500000 0.100000 60.000000 0.000000 -32934.206543 2.354906 6.622941
9 300.000000 1.000000 0.400000 0.500000 0.100000 40.000000 0.000000 -32873.485170 3.687215 6.820939
8 300.000000 1.000000 0.300000 0.500000 0.100000 50.000000 0.000000 -32931.209938 0.671972 6.560027
11 300.000000 -1.000000 0.500000 0.500000 0.100000 30.000000 0.000000 -32908.929846 2.222867 6.400474
10 300.000000 1.000000 0.500000 0.500000 0.100000 30.000000 0.000000 -32945.589090 2.013607 6.402903
11 300.000000 -1.000000 0.500000 0.500000 0.100000 30.000000 0.000000 -32836.680652 2.894225 6.452404
8 300.000000 1.000000 0.300000 0.500000 0.100000 50.000000 0.000000 -32886.702382 4.142758 6.600421
7 300.000000 1.000000 0.200000 0.500000 0.100000 60.000000 0.000000 -32818.233272 16.094561 6.737364
6 300.000000 1.000000 0.100000 0.500000 0.100000 70.000000 0.000000 -32954.560527 13.500735 6.497756
7 300.000000 1.000000 0.200000 0.500000 0.100000 60.000000 0.000000 -32893.290743 2.094968 6.514136
13 300.000000 -1.000000 0.300000 0.500000 0.100000 50.000000 0.000000 -32779.845909 2.585439 6.701372
13 300.000000 -1.000000 0.300000 0.500000 0.100000 50.000000 0.000000 -32872.959876 9.779463 6.729062
12 300.000000 -1.000000 0.400000 0.500000 0.100000 40.000000 0.000000 -32959.192955 5.483130 6.465831
10 300.000000 1.000000 0.500000 0.500000 0.100000 30.000000 0.000000 -32916.668034 -0.375362 7.450003
10 300.000000 1.000000 0.500000 0.500000 0.100000 30.000000 0.000000 -32815.703389 -1.168168 6.415831
11 300.000000 -1.000000 0.500000 0.500000 0.100000 30.000000 0.000000 -32754.610930 3.731053 7.326352
10 300.000000 1.000000 0.500000 0.500000 0.100000 30.000000 0.000000 -32905.118578 0.440014 7.571935
12 300.000000 -1.000000 0.400000 0.500000 0.100000 40.000000 0.000000 -32840.734583 10.561345 6.585272
14 300.000000 -1.000000 0.200000 0.500000 0.100000 60.000000 0.000000 -32909.674079 25.111343 6.562293
14 300.000000 -1.000000 0.200000 0.500000 0.100000 60.000000 0.000000 -32732.125012 12.550084 6.848278
13 300.000000 -1.000000 0.300000 0.500000 0.100000 50.000000 0.000000 -32909.786796 12.088536 6.542814
13 300.000000 -1.000000 0.300000 0.500000 0.100000 50.000000 0.000000 -32778.468082 11.021753 6.522791
12 300.000000 -1.000000 0.400000 0.500000 0.100000 40.000000 0.000000 -32728.710432 9.898420 6.462593
13 300.000000 -1.000000 0.300000 0.500000 0.100000 50.000000 0.000000 -32956.944376 17.179469 6.390675
13 300.000000 -1.000000 0.300000 0.500000 0.100000 50.000000 0.000000 -32799.945296 11.684276 6.439735
15 300.000000 -1.000000 0.100000 0.500000 0.100000 70.000000 0.000000 -32913.361883 28.195163 7.779852
15 300.000000 -1.000000 0.100000 0.500000 0.100000 70.000000 0.000000 -32754.847888 24.571977 6.579388
15 300.000000 -1.000000 0.100000 0.500000 0.100000 70.000000 0.000000 -32761.168292 24.406453 6.419390
15 300.000000 -1.000000 0.100000 0.500000 0.100000 70.000000 0.000000 -32845.267573 37.654235 6.412193
15 300.000000 -1.000000 0.100000 0.500000 0.100000 70.000000 0.000000 -32761.845868 27.589663 6.591825
15 300.000000 -1.000000 0.100000 0.500000 0.100000 70.000000 0.000000 -32797.631843 17.405928 6.533472
15 300.000000 -1.000000 0.100000 0.500000 0.100000 70.000000 0.000000 -32849.927490 8.612551 7.111015
14 300.000000 -1.000000 0.200000 0.500000 0.100000 60.000000 0.000000 -32770.534929 23.183580 6.546430
15 300.000000 -1.000000 0.100000 0.500000 0.100000 70.000000 0.000000 -32700.945990 23.021456 6.405869
14 300.000000 -1.000000 0.200000 0.500000 0.100000 60.000000 0.000000 -32892.188827 10.998622 6.389939
14 300.000000 -1.000000 0.200000 0.500000 0.100000 60.000000 0.000000 -32838.654643 7.141628 7.914761
12 300.000000 -1.000000 0.400000 0.500000 0.100000 40.000000 0.000000 -32963.089121 2.583060 6.945097
10 300.000000 1.000000 0.500000 0.500000 0.100000 30.000000 0.000000 -33115.064091 1.958958 8.046210
9 300.000000 1.000000 0.400000 0.500000 0.100000 40.000000 0.000000 -32913.869972 2.508408 8.021719
9 300.000000 1.000000 0.400000 0.500000 0.100000 40.000000 0.000000 -32852.036556 8.131065 8.208402
8 300.000000 1.000000 0.300000 0.500000 0.100000 50.000000 0.000000 -32802.285238 -0.631570 7.130450
10 300.000000 1.000000 0.500000 0.500000 0.100000 30.000000 0.000000 -32798.046874 -2.546555 6.649017
11 300.000000 -1.000000 0.500000 0.500000 0.100000 30.000000 0.000000 -32853.793300 5.180804 6.541500
8 300.000000 1.000000 0.300000 0.500000 0.100000 50.000000 0.000000 -32789.597846 8.470570 6.831849
7 300.000000 1.000000 0.200000 0.500000 0.100000 60.000000 0.000000 -32880.860086 0.650067 6.582613
7 300.000000 1.000000 0.200000 0.500000 0.100000 60.000000 0.000000 -32986.959158 5.546690 8.256882
7 300.000000 1.000000 0.200000 0.500000 0.100000 60.000000 0.000000 -32860.855995 14.358175 6.917898
7 300.000000 1.000000 0.200000 0.500000 0.100000 60.000000 0.000000 -32837.920652 15.064318 7.657799
6 300.000000 1.000000 0.100000 0.500000 0.100000 70.000000 0.000000 -32922.630450 21.674168 6.534015
6 300.000000 1.000000 0.100000 0.500000 0.100000 70.000000 0.000000 -32854.636085 12.077311 6.654475
8 300.000000 1.000000 0.300000 0.500000 0.100000 50.000000 0.000000 -32865.936489 -1.798547 7.267852
8 300.000000 1.000000 0.300000 0.500000 0.100000 50.000000 0.000000 -32949.971243 0.818739 7.489284
11 300.000000 -1.000000 0.500000 0.500000 0.100000 30.000000 0.000000 -32948.610708 2.888660 7.058210
12 300.000000 -1.000000 0.400000 0.500000 0.100000 40.000000 0.000000 -32884.002465 6.982229 6.644337
12 300.000000 -1.000000 0.400000 0.500000 0.100000 40.000000 0.000000 -32947.169501 7.199109 6.435663
12 300.000000 -1.000000 0.400000 0.500000 0.100000 40.000000 0.000000 -32841.865568 2.513076 6.436542
12 300.000000 -1.000000 0.400000 0.500000 0.100000 40.000000 0.000000 -32761.081669 4.883668 6.437691
11 300.000000 -1.000000 0.500000 0.500000 0.100000 30.000000 0.000000 -32830.892857 -5.124622 8.019958
10 300.000000 1.000000 0.500000 0.500000 0.100000 30.000000 0.000000 -32790.257859 -0.452580 6.717601
11 300.000000 -1.000000 0.500000 0.500000 0.100000 30.000000 0.000000 -32960.983630 -3.545295 6.389759
11 300.000000 -1.000000 0.500000 0.500000 0.100000 30.000000 0.000000 -32831.243028 3.586860 6.417783
11 300.000000 -1.000000 0.500000 0.500000 0.100000 30.000000 0.000000 -32863.476102 5.186530 6.414196
11 300.000000 -1.000000 0.500000 0.500000 0.100000 30.000000 0.000000 -33091.990683 -3.546489 7.757368
12 300.000000 -1.000000 0.400000 0.500000 0.100000 40.000000 0.000000 -32786.594926 11.253223 7.661008
13 300.000000 -1.000000 0.300000 0.500000 0.100000 50.000000 0.000000 -32932.865596 11.389103 6.787945
12 300.000000 -1.000000 0.400000 0.500000 0.100000 40.000000 0.000000 -32795.177468 -7.942556 6.470149
11 300.000000 -1.000000 0.500000 0.500000 0.100000 30.000000 0.000000 -32829.311452 -0.877994 6.399390
12 300.000000 -1.000000 0.400000 0.500000 0.100000 40.000000 0.000000 -32989.291903 1.245072 6.514800
14 300.000000 -1.000000 0.200000 0.500000 0.100000 60.000000 0.000000 -33048.770551 14.767562 7.256634
15 300.000000 -1.000000 0.100000 0.500000 0.100000 70.000000 0.000000 -32890.486710 7.341971 7.616757
12 300.000000 -1.000000 0.400000 0.500000 0.100000 40.000000 0.000000 -32970.043408 6.300613 6.978150
13 300.000000 -1.000000 0.300000 0.500000 0.100000 50.000000 0.000000 -32795.374469 12.558073 6.703146
14 300.000000 -1.000000 0.200000 0.500000 0.100000 60.000000 0.000000 -32772.476771 14.448613 6.851927
7 300.000000 1.000000 0.200000 0.500000 0.100000 60.000000 0.000000 -32817.140060 19.141216 6.394693
6 300.000000 1.000000 0.100000 0.500000 0.100000 70.000000 0.000000 -33016.945370 34.063955 7.156115
6 300.000000 1.000000 0.100000 0.500000 0.100000 70.000000 0.000000 -32789.458874 48.239407 6.431358
5 300.000000 1.000000 0.000000 0.500000 0.100000 80.000000 0.000000 -32855.991030 67.358165 6.502699
4 300.000000 1.000000 0.000000 0.400000 0.100000 90.000000 0.000000 -32854.741830 34.910900 8.032193
4 300.000000 1.000000 0.000000 0.400000 0.100000 90.000000 0.000000 -32894.280556 54.440278 6.392340
3 300.000000 1.000000 0.000000 0.300000 0.100000 100.000000 0.000000 -32844.062898 59.375049 7.176776
3 300.000000 1.000000 0.000000 0.300000 0.100000 100.000000 0.000000 -32891.347387 73.225811 6.791107
3 300.000000 1.000000 0.000000 0.300000 0.100000 100.000000 0.000000 -32812.929874 64.066764 6.425396
4 300.000000 1.000000 0.000000 0.400000 0.100000 90.000000 0.000000 -32859.058916 61.095985 6.605528
2 300.000000 1.000000 0.000000 0.200000 0.100000 110.000000 0.000000 -32869.381661 96.029962 6.406834
2 300.000000 1.000000 0.000000 0.200000 0.100000 110.000000 0.000000 -32912.981150 72.992534 6.438266
3 300.000000 1.000000 0.000000 0.300000 0.100000 100.000000 0.000000 -32834.127836 72.674735 8.224300
3 300.000000 1.000000 0.000000 0.300000 0.100000 100.000000 0.000000 -32835.499587 76.119377 7.012872
4 300.000000 1.000000 0.000000 0.400000 0.100000 90.000000 0.000000 -32827.782797 66.197824 7.123752
4 300.000000 1.000000 0.000000 0.400000 0.100000 90.000000 0.000000 -32856.840010 36.354009 6.569502
3 300.000000 1.000000 0.000000 0.300000 0.100000 100.000000 0.000000 -32824.871730 123.006622 6.717532
1 300.000000 1.000000 0.000000 0.100000 0.100000 120.000000 0.000000 -32838.530842 127.371838 6.733267
1 300.000000 1.000000 0.000000 0.100000 0.100000 120.000000 0.000000 -32792.870870 128.103993 6.883235
1 300.000000 1.000000 0.000000 0.100000 0.100000 120.000000 0.000000 -32770.983617 132.124123 6.394728
1 300.000000 1.000000 0.000000 0.100000 0.100000 120.000000 0.000000 -32761.580391 134.125027 6.661564
1 300.000000 1.000000 0.000000 0.100000 0.100000 120.000000 0.000000 -32723.227684 120.428088 6.932345
1 300.000000 1.000000 0.000000 0.100000 0.100000 120.000000 0.000000 -32795.930222 131.347203 7.241738
1 300.000000 1.000000 0.000000 0.100000 0.100000 120.000000 0.000000 -32810.969825 134.351907 2.298965
1 300.000000 1.000000 0.000000 0.100000 0.100000 120.000000 0.000000 -32870.383084 133.599224 0.054233
1 300.000000 1.000000 0.000000 0.100000 0.100000 120.000000 0.000000 -32842.994757 139.404159 4.679687
1 300.000000 1.000000 0.000000 0.100000 0.100000 120.000000 0.000000 -32826.171103 151.827411 7.085702
0 300.000000 1.000000 0.000000 0.000000 0.100000 130.000000 0.000000 -33005.085375 166.782285 7.909324
0 300.000000 1.000000 0.000000 0.000000 0.100000 130.000000 0.000000 -33016.099861 184.507780 5.000305
0 300.000000 1.000000 0.000000 0.000000 0.100000 130.000000 0.000000 -32842.973854 163.584531 5.745163
0 300.000000 1.000000 0.000000 0.000000 0.100000 130.000000 0.000000 -32909.929902 181.848314 4.716490
0 300.000000 1.000000 0.000000 0.000000 0.100000 130.000000 0.000000 -32805.086891 176.133295 6.439333
0 300.000000 1.000000 0.000000 0.000000 0.100000 130.000000 0.000000 -32962.731354 182.422033 6.850960
0 300.000000 1.000000 0.000000 0.000000 0.100000 130.000000 0.000000 -32957.911574 180.033952 8.243235
0 300.000000 1.000000 0.000000 0.000000 0.100000 130.000000 0.000000 -32939.979214 161.865717 7.225640
0 300.000000 1.000000 0.000000 0.000000 0.100000 130.000000 0.000000 -33106.647337 173.995614 7.376868
1 300.000000 1.000000 0.000000 0.100000 0.100000 120.000000 0.000000 -32675.292575 135.261987 6.411020
1 300.000000 1.000000 0.000000 0.100000 0.100000 120.000000 0.000000 -32767.058263 130.458784 6.652212
2 300.000000 1.000000 0.000000 0.200000 0.100000 110.000000 0.000000 -32813.947964 99.005814 7.491472
2 300.000000 1.000000 0.000000 0.200000 0.100000 110.000000 0.000000 -32768.037009 105.806613 6.390315
2 300.000000 1.000000 0.000000 0.200000 0.100000 110.000000 0.000000 -32778.041203 120.622797 7.116476
2 300.000000 1.000000 0.000000 0.200000 0.100000 110.000000 0.000000 -32846.789308 42.743476 6.466048
5 300.000000 1.000000 0.000000 0.500000 0.100000 80.000000 0.000000 -32787.551385 49.987660 6.475824
5 300.000000 1.000000 0.000000 0.500000 0.100000 80.000000 0.000000 -32864.361935 63.365848 6.423289
5 300.000000 1.000000 0.000000 0.500000 0.100000 80.000000 0.000000 -32788.552208 69.174157 6.900963
4 300.000000 1.000000 0.000000 0.400000 0.100000 90.000000 0.000000 -32766.039631 72.020491 6.390077
5 300.000000 1.000000 0.000000 0.500000 0.100000 80.000000 0.000000 -32831.963734 41.476324 7.100815
6 300.000000 1.000000 0.100000 0.500000 0.100000 70.000000 0.000000 -32811.864374 26.138837 6.859067
4 300.000000 1.000000 0.000000 0.400000 0.100000 90.000000 0.000000 -32853.590583 54.956188 6.519149
5 300.000000 1.000000 0.000000 0.500000 0.100000 80.000000 0.000000 -32860.209108 46.976838 6.995022
5 300.000000 1.000000 0.000000 0.500000 0.100000 80.000000 0.000000 -32866.035219 37.249247 6.435122
5 300.000000 1.000000 0.000000 0.500000 0.100000 80.000000 0.000000 -32828.901542 60.673807 6.390041
2 300.000000 1.000000 0.000000 0.200000 0.100000 110.000000 0.000000 -32850.545171 130.028326 7.639923
2 300.000000 1.000000 0.000000 0.200000 0.100000 110.000000 0.000000 -32871.181782 134.464626 8.104418
2 300.000000 1.000000 0.000000 0.200000 0.100000 110.000000 0.000000 -32770.483489 122.434415 6.459684
2 300.000000 1.000000 0.000000 0.200000 0.100000 110.000000 0.000000 -32991.834590 103.806823 6.424231
2 300.000000 1.000000 0.000000 0.200000 0.100000 110.000000 0.000000 -32874.489016 108.807104 6.398764
2 300.000000 1.000000 0.000000 0.200000 0.100000 110.000000 0.000000 -32752.816207 122.544620 7.677526
2 300.000000 1.000000 0.000000 0.200000 0.100000 110.000000 0.000000 -32884.135533 132.686619 7.687519
1 300.000000 1.000000 0.000000 0.100000 0.100000 120.000000 0.000000 -33025.393595 135.677140 6.581257
1 300.000000 1.000000 0.000000 0.100000 0.100000 120.000000 0.000000 -32955.904272 132.174188 6.507025
1 300.000000 1.000000 0.000000 0.100000 0.100000 120.000000 0.000000 -32882.493018 138.259610 6.726457
1 300.000000 1.000000 0.000000 0.100000 0.100000 120.000000 0.000000 -32902.158432 138.385869 6.480612
1 300.000000 1.000000 0.000000 0.100000 0.100000 120.000000 0.000000 -32959.720670 143.232308 6.392877
1 300.000000 1.000000 0.000000 0.100000 0.100000 120.000000 0.000000 -32877.600960 130.263057 6.431090
1 300.000000 1.000000 0.000000 0.100000 0.100000 120.000000 0.000000 -32773.450725 127.211635 7.158420
1 300.000000 1.000000 0.000000 0.100000 0.100000 120.000000 0.000000 -32769.795599 130.535995 7.593057
1 300.000000 1.000000 0.000000 0.100000 0.100000 120.000000 0.000000 -32781.252534 133.652702 7.312049
1 300.000000 1.000000 0.000000 0.100000 0.100000 120.000000 0.000000 -32986.081081 138.731892 6.431086
1 300.000000 1.000000 0.000000 0.100000 0.100000 120.000000 0.000000 -32923.765817 151.761597 6.399458
0 300.000000 1.000000 0.000000 0.000000 0.100000 130.000000 0.000000 -32880.424698 188.341411 6.053679
0 300.000000 1.000000 0.000000 0.000000 0.100000 130.000000 0.000000 -32863.518406 192.827410 7.440876
0 300.000000 1.000000 0.000000 0.000000 0.100000 130.000000 0.000000 -32937.290658 154.196554 6.528128
1 300.000000 1.000000 0.000000 0.100000 0.100000 120.000000 0.000000 -32740.946178 135.865966 6.581715
1 300.000000 1.000000 0.000000 0.100000 0.100000 120.000000 0.000000 -32889.980275 124.793323 6.415182
1 300.000000 1.000000 0.000000 0.100000 0.100000 120.000000 0.000000 -32862.735081 135.501954 7.001924
1 300.000000 1.000000 0.000000 0.100000 0.100000 120.000000 0.000000 -32928.111029 142.295042 6.870523
1 300.000000 1.000000 0.000000 0.100000 0.100000 120.000000 0.000000 -32886.299266 165.644801 6.915299
0 300.000000 1.000000 0.000000 0.000000 0.100000 130.000000 0.000000 -32872.494510 164.519717 6.948175
0 300.000000 1.000000 0.000000 0.000000 0.100000 130.000000 0.000000 -32838.490650 163.041716 7.927999
0 300.000000 1.000000 0.000000 0.000000 0.100000 130.000000 0.000000 -32873.061588 158.637089 7.402413
0 300.000000 1.000000 0.000000 0.000000 0.100000 130.000000 0.000000 -32834.570384 175.419955 1.021733
0 300.000000 1.000000 0.000000 0.000000 0.100000 130.000000 0.000000 -32878.116104 182.070519 6.581513
0 300.000000 1.000000 0.000000 0.000000 0.100000 130.000000 0.000000 -32850.839628 178.742050 5.371529
0 300.000000 1.000000 0.000000 0.000000 0.100000 130.000000 0.000000 -32871.804645 181.853910 8.279760
0 300.000000 1.000000 0.000000 0.000000 0.100000 130.000000 0.000000 -32776.234579 165.304569 7.637232
1 300.000000 1.000000 0.000000 0.100000 0.100000 120.000000 0.000000 -32825.563350 129.939361 6.435896
1 300.000000 1.000000 0.000000 0.100000 0.100000 120.000000 0.000000 -32812.769546 122.958934 6.389712
1 300.000000 1.000000 0.000000 0.100000 0.100000 120.000000 0.000000 -32774.108895 136.761067 6.411555
1 300.000000 1.000000 0.000000 0.100000 0.100000 120.000000 0.000000 -32863.022144 139.924587 5.589471
1 300.000000 1.000000 0.000000 0.100000 0.100000 120.000000 0.000000 -32767.525603 128.381683 0.838930
1 300.000000 1.000000 0.000000 0.100000 0.100000 120.000000 0.000000 -32838.175183 139.382625 7.452114
1 300.000000 1.000000 0.000000 0.100000 0.100000 120.000000 0.000000 -32864.018441 153.898692 8.208498
1 300.000000 1.000000 0.000000 0.100000 0.100000 120.000000 0.000000 -32768.477685 135.847860 6.094063
1 300.000000 1.000000 0.000000 0.100000 0.100000 120.000000 0.000000 -32901.773817 126.156011 7.515176
2 300.000000 1.000000 0.000000 0.200000 0.100000 110.000000 0.000000 -32871.789677 129.468641 6.430768
2 300.000000 1.000000 0.000000 0.200000 0.100000 110.000000 0.000000 -32667.840981 89.766104 7.368458
2 300.000000 1.000000 0.000000 0.200000 0.100000 110.000000 0.000000 -32961.385917 95.328191 6.634335
3 300.000000 1.000000 0.000000 0.300000 0.100000 100.000000 0.000000 -32663.553942 79.865887 7.133296
3 300.000000 1.000000 0.000000 0.300000 0.100000 100.000000 0.000000 -32844.753763 90.119220 6.620058
3 300.000000 1.000000 0.000000 0.300000 0.100000 100.000000 0.000000 -32951.064267 41.390050 6.413777
3 300.000000 1.000000 0.000000 0.300000 0.100000 100.000000 0.000000 -32913.748093 79.138732 6.546113
4 300.000000 1.000000 0.000000 0.400000 0.100000 90.000000 0.000000 -32900.329839 67.659953 6.396793
4 300.000000 1.000000 0.000000 0.400000 0.100000 90.000000 0.000000 -32712.702074 58.731367 7.093996
4 300.000000 1.000000 0.000000 0.400000 0.100000 90.000000 0.000000 -32817.765962 42.675932 7.596563
5 300.000000 1.000000 0.000000 0.500000 0.100000 80.000000 0.000000 -32981.218794 54.411607 6.400110
5 300.000000 1.000000 0.000000 0.500000 0.100000 80.000000 0.000000 -32870.221682 67.072867 7.771012
4 300.000000 1.000000 0.000000 0.400000 0.100000 90.000000 0.000000 -32877.527372 47.379584 6.389766
5 300.000000 1.000000 0.000000 0.500000 0.100000 80.000000 0.000000 -32882.696810 43.403543 6.390200
4 300.000000 1.000000 0.000000 0.400000 0.100000 90.000000 0.000000 -32874.555023 34.262766 8.050079
5 300.000000 1.000000 0.000000 0.500000 0.100000 80.000000 0.000000 -32864.296884 42.129401 6.816673
5 300.000000 1.000000 0.000000 0.500000 0.100000 80.000000 0.000000 -32824.025799 51.744932 6.557540
5 300.000000 1.000000 0.000000 0.500000 0.100000 80.000000 0.000000 -32795.326337 46.385823 8.263531
4 300.000000 1.000000 0.000000 0.400000 0.100000 90.000000 0.000000 -32837.390033 59.859109 0.033905
3 300.000000 1.000000 0.000000 0.300000 0.100000 100.000000 0.000000 -32948.712677 53.478852 7.810283
4 300.000000 1.000000 0.000000 0.400000 0.100000 90.000000 0.000000 -32977.572914 77.917835 2.041079
3 300.000000 1.000000 0.000000 0.300000 0.100000 100.000000 0.000000 -32932.096683 82.799495 -0.000130
4 300.000000 1.000000 0.000000 0.400000 0.100000 90.000000 0.000000 -32792.807106 47.299594 4.047016
4 300.000000 1.000000 0.000000 0.400000 0.100000 90.000000 0.000000 -32837.037219 56.397480 7.832984
5 300.000000 1.000000 0.000000 0.500000 0.100000 80.000000 0.000000 -32774.411412 49.222710 7.637686
4 300.000000 1.000000 0.000000 0.400000 0.100000 90.000000 0.000000 -32833.692030 36.124671 7.880272
4 300.000000 1.000000 0.000000 0.400000 0.100000 90.000000 0.000000 -32717.007175 71.054467 3.573797
4 300.000000 1.000000 0.000000 0.400000 0.100000 90.000000 0.000000 -32863.926805 41.006266 0.277173
4 300.000000 1.000000 0.000000 0.400000 0.100000 90.000000 0.000000 -32850.668728 46.905626 6.883751
4 300.000000 1.000000 0.000000 0.400000 0.100000 90.000000 0.000000 -32855.451107 62.086489 6.432931
3 300.000000 1.000000 0.000000 0.300000 0.100000 100.000000 0.000000 -32881.436496 84.757646 6.995860
2 300.000000 1.000000 0.000000 0.200000 0.100000 110.000000 0.000000 -32841.791806 72.321164 6.408060
5 300.000000 1.000000 0.000000 0.500000 0.100000 80.000000 0.000000 -32842.825780 44.397430 7.198505
3 300.000000 1.000000 0.000000 0.300000 0.100000 100.000000 0.000000 -32892.915750 73.038926 6.426320
2 300.000000 1.000000 0.000000 0.200000 0.100000 110.000000 0.000000 -32840.050395 97.425107 8.021093
3 300.000000 1.000000 0.000000 0.300000 0.100000 100.000000 0.000000 -32899.493471 86.087033 7.909612
2 300.000000 1.000000 0.000000 0.200000 0.100000 110.000000 0.000000 -32833.015035 99.150499 8.052100
2 300.000000 1.000000 0.000000 0.200000 0.100000 110.000000 0.000000 -32889.915331 115.212957 8.105373
2 300.000000 1.000000 0.000000 0.200000 0.100000 110.000000 0.000000 -32722.655309 114.816742 1.178849
2 300.000000 1.000000 0.000000 0.200000 0.100000 110.000000 0.000000 -32847.118280 76.374540 6.045929
3 300.000000 1.000000 0.000000 0.300000 0.100000 100.000000 0.000000 -32860.817788 66.456298 2.410326
3 300.000000 1.000000 0.000000 0.300000 0.100000 100.000000 0.000000 -32776.672393 53.641695 8.214735
4 300.000000 1.000000 0.000000 0.400000 0.100000 90.000000 0.000000 -32845.764007 68.150260 0.002561
3 300.000000 1.000000 0.000000 0.300000 0.100000 100.000000 0.000000 -32832.495233 85.111972 -0.000071
3 300.000000 1.000000 0.000000 0.300000 0.100000 100.000000 0.000000 -32836.297948 84.616315 1.947975
3 300.000000 1.000000 0.000000 0.300000 0.100000 100.000000 0.000000 -32989.759612 69.348104 2.444409
3 300.000000 1.000000 0.000000 0.300000 0.100000 100.000000 0.000000 -32809.142887 82.158989 4.091337
3 300.000000 1.000000 0.000000 0.300000 0.100000 100.000000 0.000000 -32877.138778 72.017052 0.155336
2 300.000000 1.000000 0.000000 0.200000 0.100000 110.000000 0.000000 -32623.743470 120.947465 6.362778
2 300.000000 1.000000 0.000000 0.200000 0.100000 110.000000 0.000000 -32930.887160 88.752861 5.823470
4 300.000000 1.000000 0.000000 0.400000 0.100000 90.000000 0.000000 -32853.629850 69.921731 7.526811
4 300.000000 1.000000 0.000000 0.400000 0.100000 90.000000 0.000000 -32914.122605 52.338438 1.497066
5 300.000000 1.000000 0.000000 0.500000 0.100000 80.000000 0.000000 -32705.818981 49.278613 6.706106
6 300.000000 1.000000 0.100000 0.500000 0.100000 70.000000 0.000000 -32781.964662 27.973624 3.011019
6 300.000000 1.000000 0.100000 0.500000 0.100000 70.000000 0.000000 -32769.259883 8.030088 7.376936
7 300.000000 1.000000 0.200000 0.500000 0.100000 60.000000 0.000000 -32905.803924 22.455314 6.922113
8 300.000000 1.000000 0.300000 0.500000 0.100000 50.000000 0.000000 -32718.678506 13.226287 8.233565
7 300.000000 1.000000 0.200000 0.500000 0.100000 60.000000 0.000000 -32801.646033 23.660138 6.503556
6 300.000000 1.000000 0.100000 0.500000 0.100000 70.000000 0.000000 -32733.100339 11.920438 6.758066
6 300.000000 1.000000 0.100000 0.500000 0.100000 70.000000 0.000000 -32771.215659 21.509592 6.422391
6 300.000000 1.000000 0.100000 0.500000 0.100000 70.000000 0.000000 -32856.722646 19.399362 6.620140
6 300.000000 1.000000 0.100000 0.500000 0.100000 70.000000 0.000000 -32670.783864 30.348197 6.405751
6 300.000000 1.000000 0.100000 0.500000 0.100000 70.000000 0.000000 -32847.079494 33.349567 6.637373
6 300.000000 1.000000 0.100000 0.500000 0.100000 70.000000 0.000000 -32866.562135 31.328433 6.821670
6 300.000000 1.000000 0.100000 0.500000 0.100000 70.000000 0.000000 -32917.708912 15.922883 7.346356
7 300.000000 1.000000 0.200000 0.500000 0.100000 60.000000 0.000000 -32864.068280 35.190542 6.507252
5 300.000000 1.000000 0.000000 0.500000 0.100000 80.000000 0.000000 -32796.086079 70.039098 6.476220
5 300.000000 1.000000 0.000000 0.500000 0.100000 80.000000 0.000000 -32803.630560 66.869533 6.568856
4 300.000000 1.000000 0.000000 0.400000 0.100000 90.000000 0.000000 -32844.575594 59.082423 6.568406
3 300.000000 1.000000 0.000000 0.300000 0.100000 100.000000 0.000000 -32729.221120 38.545062 6.652087
5 300.000000 1.000000 0.000000 0.500000 0.100000 80.000000 0.000000 -32761.931038 45.027102 7.409495
5 300.000000 1.000000 0.000000 0.500000 0.100000 80.000000 0.000000 -32817.729204 41.521143 6.951494
5 300.000000 1.000000 0.000000 0.500000 0.100000 80.000000 0.000000 -32796.833607 75.939943 8.110477
3 300.000000 1.000000 0.000000 0.300000 0.100000 100.000000 0.000000 -32787.356220 90.452496 7.054221
2 300.000000 1.000000 0.000000 0.200000 0.100000 110.000000 0.000000 -32746.043664 119.665454 7.112166
2 300.000000 1.000000 0.000000 0.200000 0.100000 110.000000 0.000000 -32908.739034 117.225954 7.512783
2 300.000000 1.000000 0.000000 0.200000 0.100000 110.000000 0.000000 -32873.186042 99.189874 6.423784
2 300.000000 1.000000 0.000000 0.200000 0.100000 110.000000 0.000000 -32975.218977 117.303444 6.423916
2 300.000000 1.000000 0.000000 0.200000 0.100000 110.000000 0.000000 -32839.331710 132.123097 6.512889
2 300.000000 1.000000 0.000000 0.200000 0.100000 110.000000 0.000000 -32763.079462 131.653803 7.124593
1 300.000000 1.000000 0.000000 0.100000 0.100000 120.000000 0.000000 -32891.851572 155.085273 6.475332
1 300.000000 1.000000 0.000000 0.100000 0.100000 120.000000 0.000000 -32937.484379 133.036386 6.420416
1 300.000000 1.000000 0.000000 0.100000 0.100000 120.000000 0.000000 -32851.516273 129.185038 6.480679
1 300.000000 1.000000 0.000000 0.100000 0.100000 120.000000 0.000000 -32929.313586 142.461454 6.955642
1 300.000000 1.000000 0.000000 0.100000 0.100000 120.000000 0.000000 -32716.334679 131.589262 6.417512
2 300.000000 1.000000 0.000000 0.200000 0.100000 110.000000 0.000000 -32688.910260 117.924766 7.459366
2 300.000000 1.000000 0.000000 0.200000 0.100000 110.000000 0.000000 -32872.112398 86.081813 6.445985
2 300.000000 1.000000 0.000000 0.200000 0.100000 110.000000 0.000000 -32866.042847 68.946291 6.403022
3 300.000000 1.000000 0.000000 0.300000 0.100000 100.000000 0.000000 -32850.458220 83.355091 6.447752
