300.000000 0.000000 0.000000 0.000000 0.000000 0.000000 0.000000 -35370.991674 875.459515
300.000000 0.002000 0.002000 0.002000 0.000000 0.000000 0.000000 -35361.000764 778.952322
300.000000 0.004000 0.004000 0.004000 0.000000 0.000000 0.000000 -35335.046357 862.052652
300.000000 0.006000 0.006000 0.006000 0.000000 0.000000 0.000000 -35225.958590 868.307466
300.000000 0.008000 0.008000 0.008000 0.000000 0.000000 0.000000 -35291.375793 912.373161
300.000000 0.010000 0.010000 0.010000 0.000000 0.000000 0.000000 -35162.338125 763.529428
300.000000 0.012000 0.012000 0.012000 0.000000 0.000000 0.000000 -35264.477478 911.828549
300.000000 0.014000 0.014000 0.014000 0.000000 0.000000 0.000000 -35462.387646 860.388986
300.000000 0.016000 0.016000 0.016000 0.000000 0.000000 0.000000 -35509.571785 903.460721
300.000000 0.018000 0.018000 0.018000 0.000000 0.000000 0.000000 -35530.460030 770.633130
300.000000 0.020000 0.020000 0.020000 0.000000 0.000000 0.000000 -35406.438258 709.454133
300.000000 0.022000 0.022000 0.022000 0.000000 0.000000 0.000000 -35394.806535 702.780932
300.000000 0.024000 0.024000 0.024000 0.000000 0.000000 0.000000 -35319.030331 751.228780
300.000000 0.026000 0.026000 0.026000 0.000000 0.000000 0.000000 -35240.109123 798.536856
300.000000 0.028000 0.028000 0.028000 0.000000 0.000000 0.000000 -35401.375834 740.888293
300.000000 0.030000 0.030000 0.030000 0.000000 0.000000 0.000000 -35398.766396 767.957896
300.000000 0.032000 0.032000 0.032000 0.000000 0.000000 0.000000 -35455.773391 712.495295
300.000000 0.034000 0.034000 0.034000 0.000000 0.000000 0.000000 -35407.348863 699.000308
300.000000 0.036000 0.036000 0.036000 0.000000 0.000000 0.000000 -35524.848725 683.660903
300.000000 0.038000 0.038000 0.038000 0.000000 0.000000 0.000000 -35542.293744 685.344853
300.000000 0.040000 0.040000 0.040000 0.000000 0.000000 0.000000 -35515.429129 293.176214
300.000000 0.042000 0.042000 0.042000 0.000000 0.000000 0.000000 -35426.846471 116.639833
300.000000 0.044000 0.044000 0.044000 0.000000 0.000000 0.000000 -35459.831544 107.431649
300.000000 0.046000 0.046000 0.046000 0.000000 0.000000 0.000000 -35494.531897 141.737660
300.000000 0.048000 0.048000 0.048000 0.000000 0.000000 0.000000 -35542.797138 132.679789
300.000000 0.050000 0.050000 0.050000 0.000000 0.000000 0.000000 -35497.486969 135.181489
300.000000 0.052000 0.052000 0.052000 0.000000 0.000000 0.000000 -35396.620028 80.924130
300.000000 0.054000 0.054000 0.054000 0.000000 0.000000 0.000000 -35337.141002 134.418552
300.000000 0.056000 0.056000 0.056000 0.000000 0.000000 0.000000 -35342.239982 89.980982
300.000000 0.058000 0.058000 0.058000 0.000000 0.000000 0.000000 -35348.514879 106.270325
300.000000 0.060000 0.060000 0.060000 0.000000 0.000000 0.000000 -35462.130686 128.226030
300.000000 0.062000 0.062000 0.062000 0.000000 0.000000 0.000000 -35466.226844 100.372994
300.000000 0.064000 0.064000 0.064000 0.000000 0.000000 0.000000 -35444.520410 75.137370
300.000000 0.066000 0.066000 0.066000 0.000000 0.000000 0.000000 -35501.670373 73.871076
300.000000 0.068000 0.068000 0.068000 0.000000 0.000000 0.000000 -35413.479543 58.707759
300.000000 0.070000 0.070000 0.070000 0.000000 0.000000 0.000000 -35367.485371 71.580788
300.000000 0.072000 0.072000 0.072000 0.000000 0.000000 0.000000 -35338.359705 96.107916
300.000000 0.074000 0.074000 0.074000 0.000000 0.000000 0.000000 -35404.521090 89.032441
300.000000 0.076000 0.076000 0.076000 0.000000 0.000000 0.000000 -35437.240322 76.538384
300.000000 0.078000 0.078000 0.078000 0.000000 0.000000 0.000000 -35555.761322 57.466136
300.000000 0.080000 0.080000 0.080000 0.000000 0.000000 0.000000 -35427.730917 95.112963
300.000000 0.082000 0.082000 0.082000 0.000000 0.000000 0.000000 -35488.938611 93.403823
300.000000 0.084000 0.084000 0.084000 0.000000 0.000000 0.000000 -35493.299285 70.723484
300.000000 0.086000 0.086000 0.086000 0.000000 0.000000 0.000000 -35439.545988 81.126862
300.000000 0.088000 0.088000 0.088000 0.000000 0.000000 0.000000 -35262.432954 48.325265
300.000000 0.090000 0.090000 0.090000 0.000000 0.000000 0.000000 -35268.181702 77.399851
300.000000 0.092000 0.092000 0.092000 0.000000 0.000000 0.000000 -35326.961252 55.129037
300.000000 0.094000 0.094000 0.094000 0.000000 0.000000 0.000000 -35392.455660 68.047729
300.000000 0.096000 0.096000 0.096000 0.000000 0.000000 0.000000 -35458.456237 84.423664
300.000000 0.098000 0.098000 0.098000 0.000000 0.000000 0.000000 -35342.130209 60.184445
300.000000 0.100000 0.100000 0.100000 0.000000 0.000000 0.000000 -35403.181265 62.922700
300.000000 0.102000 0.102000 0.102000 0.000000 0.000000 0.000000 -35455.216882 49.697424
300.000000 0.104000 0.104000 0.104000 0.000000 0.000000 0.000000 -35338.032729 43.846587
300.000000 0.106000 0.106000 0.106000 0.000000 0.000000 0.000000 -35424.171868 61.890095
300.000000 0.108000 0.108000 0.108000 0.000000 0.000000 0.000000 -35391.888262 38.977354
300.000000 0.110000 0.110000 0.110000 0.000000 0.000000 0.000000 -35305.644398 69.032463
300.000000 0.112000 0.112000 0.112000 0.000000 0.000000 0.000000 -35331.938353 25.956661
300.000000 0.114000 0.114000 0.114000 0.000000 0.000000 0.000000 -35426.719576 49.451209
300.000000 0.116000 0.116000 0.116000 0.000000 0.000000 0.000000 -35440.279389 55.650188
300.000000 0.118000 0.118000 0.118000 0.000000 0.000000 0.000000 -35304.728651 66.114141
300.000000 0.120000 0.120000 0.120000 0.000000 0.000000 0.000000 -35467.203393 48.921690
300.000000 0.122000 0.122000 0.122000 0.000000 0.000000 0.000000 -35360.876423 32.707192
300.000000 0.124000 0.124000 0.124000 0.000000 0.000000 0.000000 -35462.088953 51.833148
300.000000 0.126000 0.126000 0.126000 0.000000 0.000000 0.000000 -35476.392885 47.307095
300.000000 0.128000 0.128000 0.128000 0.000000 0.000000 0.000000 -35511.417852 42.009484
300.000000 0.130000 0.130000 0.130000 0.000000 0.000000 0.000000 -35311.976017 57.330573
300.000000 0.132000 0.132000 0.132000 0.000000 0.000000 0.000000 -35513.872067 57.853501
300.000000 0.134000 0.134000 0.134000 0.000000 0.000000 0.000000 -35444.868514 64.750656
300.000000 0.136000 0.136000 0.136000 0.000000 0.000000 0.000000 -35394.340545 45.369040
300.000000 0.138000 0.138000 0.138000 0.000000 0.000000 0.000000 -35410.677575 41.056145
300.000000 0.140000 0.140000 0.140000 0.000000 0.000000 0.000000 -35371.709609 15.534900
300.000000 0.142000 0.142000 0.142000 0.000000 0.000000 0.000000 -35337.243249 55.294641
300.000000 0.144000 0.144000 0.144000 0.000000 0.000000 0.000000 -35510.259577 44.470910
300.000000 0.146000 0.146000 0.146000 0.000000 0.000000 0.000000 -35455.791311 72.747357
300.000000 0.148000 0.148000 0.148000 0.000000 0.000000 0.000000 -35323.327121 48.856352
300.000000 0.150000 0.150000 0.150000 0.000000 0.000000 0.000000 -35374.387365 50.302745
300.000000 0.152000 0.152000 0.152000 0.000000 0.000000 0.000000 -35425.715279 29.256628
300.000000 0.154000 0.154000 0.154000 0.000000 0.000000 0.000000 -35368.525743 34.621429
300.000000 0.156000 0.156000 0.156000 0.000000 0.000000 0.000000 -35363.638560 33.086205
300.000000 0.158000 0.158000 0.158000 0.000000 0.000000 0.000000 -35558.324681 39.770017
300.000000 0.160000 0.160000 0.160000 0.000000 0.000000 0.000000 -35626.365533 28.868682
300.000000 0.162000 0.162000 0.162000 0.000000 0.000000 0.000000 -35432.568872 26.391273
300.000000 0.164000 0.164000 0.164000 0.000000 0.000000 0.000000 -35612.069988 65.761495
300.000000 0.166000 0.166000 0.166000 0.000000 0.000000 0.000000 -35551.135261 34.920028
300.000000 0.168000 0.168000 0.168000 0.000000 0.000000 0.000000 -35414.855266 44.905018
300.000000 0.170000 0.170000 0.170000 0.000000 0.000000 0.000000 -35235.286630 47.550670
300.000000 0.172000 0.172000 0.172000 0.000000 0.000000 0.000000 -35311.931587 32.897136
300.000000 0.174000 0.174000 0.174000 0.000000 0.000000 0.000000 -35454.498782 57.108710
300.000000 0.176000 0.176000 0.176000 0.000000 0.000000 0.000000 -35360.780892 64.893663
300.000000 0.178000 0.178000 0.178000 0.000000 0.000000 0.000000 -35418.545708 36.891350
300.000000 0.180000 0.180000 0.180000 0.000000 0.000000 0.000000 -35537.399578 53.735744
300.000000 0.182000 0.182000 0.182000 0.000000 0.000000 0.000000 -35459.135326 31.956293
300.000000 0.184000 0.184000 0.184000 0.000000 0.000000 0.000000 -35512.088760 40.399903
300.000000 0.186000 0.186000 0.186000 0.000000 0.000000 0.000000 -35415.832157 25.926282
300.000000 0.188000 0.188000 0.188000 0.000000 0.000000 0.000000 -35486.604857 23.923864
300.000000 0.190000 0.190000 0.190000 0.000000 0.000000 0.000000 -35387.462187 32.106740
300.000000 0.192000 0.192000 0.192000 0.000000 0.000000 0.000000 -35362.758813 32.035244
300.000000 0.194000 0.194000 0.194000 0.000000 0.000000 0.000000 -35425.193812 37.476365
300.000000 0.196000 0.196000 0.196000 0.000000 0.000000 0.000000 -35434.992933 40.831096
300.000000 0.198000 0.198000 0.198000 0.000000 0.000000 0.000000 -35379.837364 55.421158
300.000000 0.200000 0.200000 0.200000 0.000000 0.000000 0.000000 -35490.322735 29.233942
300.000000 0.202000 0.202000 0.202000 0.000000 0.000000 0.000000 -35416.451969 27.250599
300.000000 0.204000 0.204000 0.204000 0.000000 0.000000 0.000000 -35426.065603 26.933549
300.000000 0.206000 0.206000 0.206000 0.000000 0.000000 0.000000 -35347.793162 67.664410
300.000000 0.208000 0.208000 0.208000 0.000000 0.000000 0.000000 -35368.617084 25.144891
300.000000 0.210000 0.210000 0.210000 0.000000 0.000000 0.000000 -35484.243318 33.593706
300.000000 0.212000 0.212000 0.212000 0.000000 0.000000 0.000000 -35554.313271 46.040149
300.000000 0.214000 0.214000 0.214000 0.000000 0.000000 0.000000 -35480.049862 22.439610
300.000000 0.216000 0.216000 0.216000 0.000000 0.000000 0.000000 -35391.342786 31.839268
300.000000 0.218000 0.218000 0.218000 0.000000 0.000000 0.000000 -35396.095760 25.536982
300.000000 0.220000 0.220000 0.220000 0.000000 0.000000 0.000000 -35378.664328 12.352388
300.000000 0.222000 0.222000 0.222000 0.000000 0.000000 0.000000 -35267.028911 12.444283
300.000000 0.224000 0.224000 0.224000 0.000000 0.000000 0.000000 -35243.595444 44.185349
300.000000 0.226000 0.226000 0.226000 0.000000 0.000000 0.000000 -35152.122714 43.553364
300.000000 0.228000 0.228000 0.228000 0.000000 0.000000 0.000000 -35302.815970 27.584231
300.000000 0.230000 0.230000 0.230000 0.000000 0.000000 0.000000 -35251.148314 18.662079
300.000000 0.232000 0.232000 0.232000 0.000000 0.000000 0.000000 -35241.198660 27.165989
300.000000 0.234000 0.234000 0.234000 0.000000 0.000000 0.000000 -35247.978565 37.770390
300.000000 0.236000 0.236000 0.236000 0.000000 0.000000 0.000000 -35432.037851 28.828469
300.000000 0.238000 0.238000 0.238000 0.000000 0.000000 0.000000 -35427.479816 13.153957
300.000000 0.240000 0.240000 0.240000 0.000000 0.000000 0.000000 -35482.347576 23.162586
300.000000 0.242000 0.242000 0.242000 0.000000 0.000000 0.000000 -35410.081438 34.827955
300.000000 0.244000 0.244000 0.244000 0.000000 0.000000 0.000000 -35468.729051 27.553146
300.000000 0.246000 0.246000 0.246000 0.000000 0.000000 0.000000 -35428.757192 30.989095
300.000000 0.248000 0.248000 0.248000 0.000000 0.000000 0.000000 -35318.539152 10.175227
300.000000 0.250000 0.250000 0.250000 0.000000 0.000000 0.000000 -35407.006987 27.647285
300.000000 0.252000 0.252000 0.252000 0.000000 0.000000 0.000000 -35319.485001 13.559263
300.000000 0.254000 0.254000 0.254000 0.000000 0.000000 0.000000 -35395.086914 36.215937
300.000000 0.256000 0.256000 0.256000 0.000000 0.000000 0.000000 -35274.600042 27.915415
300.000000 0.258000 0.258000 0.258000 0.000000 0.000000 0.000000 -35298.304677 15.228055
300.000000 0.260000 0.260000 0.260000 0.000000 0.000000 0.000000 -35353.325045 15.646701
300.000000 0.262000 0.262000 0.262000 0.000000 0.000000 0.000000 -35262.235367 20.516765
300.000000 0.264000 0.264000 0.264000 0.000000 0.000000 0.000000 -35161.188007 22.726796
300.000000 0.266000 0.266000 0.266000 0.000000 0.000000 0.000000 -35280.976723 38.679141
300.000000 0.268000 0.268000 0.268000 0.000000 0.000000 0.000000 -35468.756831 28.127428
300.000000 0.270000 0.270000 0.270000 0.000000 0.000000 0.000000 -35371.272440 31.644393
300.000000 0.272000 0.272000 0.272000 0.000000 0.000000 0.000000 -35454.633561 42.289871
300.000000 0.274000 0.274000 0.274000 0.000000 0.000000 0.000000 -35581.628684 24.975095
300.000000 0.276000 0.276000 0.276000 0.000000 0.000000 0.000000 -35606.809915 29.574696
300.000000 0.278000 0.278000 0.278000 0.000000 0.000000 0.000000 -35496.994126 22.351932
300.000000 0.280000 0.280000 0.280000 0.000000 0.000000 0.000000 -35576.387535 6.219492
300.000000 0.282000 0.282000 0.282000 0.000000 0.000000 0.000000 -35689.994070 24.766189
300.000000 0.284000 0.284000 0.284000 0.000000 0.000000 0.000000 -35450.097745 33.202312
300.000000 0.286000 0.286000 0.286000 0.000000 0.000000 0.000000 -35500.217804 20.657961
300.000000 0.288000 0.288000 0.288000 0.000000 0.000000 0.000000 -35496.931227 10.137614
300.000000 0.290000 0.290000 0.290000 0.000000 0.000000 0.000000 -35493.713796 16.201482
300.000000 0.292000 0.292000 0.292000 0.000000 0.000000 0.000000 -35559.548727 6.333011
300.000000 0.294000 0.294000 0.294000 0.000000 0.000000 0.000000 -35619.180313 5.742180
300.000000 0.296000 0.296000 0.296000 0.000000 0.000000 0.000000 -35485.324326 31.342168
300.000000 0.298000 0.298000 0.298000 0.000000 0.000000 0.000000 -35420.404000 28.749169
300.000000 0.300000 0.300000 0.300000 0.000000 0.000000 0.000000 -35412.379349 14.771651
300.000000 0.302000 0.302000 0.302000 0.000000 0.000000 0.000000 -35550.718434 21.991644
300.000000 0.304000 0.304000 0.304000 0.000000 0.000000 0.000000 -35478.619142 13.325846
300.000000 0.306000 0.306000 0.306000 0.000000 0.000000 0.000000 -35510.192952 36.829183
300.000000 0.308000 0.308000 0.308000 0.000000 0.000000 0.000000 -35427.397636 10.968112
300.000000 0.310000 0.310000 0.310000 0.000000 0.000000 0.000000 -35501.528489 22.472274
300.000000 0.312000 0.312000 0.312000 0.000000 0.000000 0.000000 -35395.610270 8.919993
300.000000 0.314000 0.314000 0.314000 0.000000 0.000000 0.000000 -35282.846636 11.199970
300.000000 0.316000 0.316000 0.316000 0.000000 0.000000 0.000000 -35357.928119 12.390025
300.000000 0.318000 0.318000 0.318000 0.000000 0.000000 0.000000 -35398.181153 20.778015
300.000000 0.320000 0.320000 0.320000 0.000000 0.000000 0.000000 -35403.846492 24.530427
300.000000 0.322000 0.322000 0.322000 0.000000 0.000000 0.000000 -35450.017314 14.858034
300.000000 0.324000 0.324000 0.324000 0.000000 0.000000 0.000000 -35353.785507 8.382737
300.000000 0.326000 0.326000 0.326000 0.000000 0.000000 0.000000 -35433.361242 15.666920
300.000000 0.328000 0.328000 0.328000 0.000000 0.000000 0.000000 -35402.858121 19.246497
300.000000 0.330000 0.330000 0.330000 0.000000 0.000000 0.000000 -35486.555402 29.932017
300.000000 0.332000 0.332000 0.332000 0.000000 0.000000 0.000000 -35442.410628 7.538966
300.000000 0.334000 0.334000 0.334000 0.000000 0.000000 0.000000 -35513.754291 14.679590
300.000000 0.336000 0.336000 0.336000 0.000000 0.000000 0.000000 -35365.838057 10.038017
300.000000 0.338000 0.338000 0.338000 0.000000 0.000000 0.000000 -35400.732549 30.556634
300.000000 0.340000 0.340000 0.340000 0.000000 0.000000 0.000000 -35395.912717 8.992535
300.000000 0.342000 0.342000 0.342000 0.000000 0.000000 0.000000 -35403.693969 16.057982
300.000000 0.344000 0.344000 0.344000 0.000000 0.000000 0.000000 -35441.784326 0.714978
300.000000 0.346000 0.346000 0.346000 0.000000 0.000000 0.000000 -35567.365774 13.475265
300.000000 0.348000 0.348000 0.348000 0.000000 0.000000 0.000000 -35424.750081 14.553215
300.000000 0.350000 0.350000 0.350000 0.000000 0.000000 0.000000 -35477.657443 20.982209
300.000000 0.352000 0.352000 0.352000 0.000000 0.000000 0.000000 -35478.162331 13.008878
300.000000 0.354000 0.354000 0.354000 0.000000 0.000000 0.000000 -35552.748007 16.973728
300.000000 0.356000 0.356000 0.356000 0.000000 0.000000 0.000000 -35472.537916 13.271844
300.000000 0.358000 0.358000 0.358000 0.000000 0.000000 0.000000 -35491.916455 -0.995531
300.000000 0.360000 0.360000 0.360000 0.000000 0.000000 0.000000 -35490.311047 22.291176
300.000000 0.362000 0.362000 0.362000 0.000000 0.000000 0.000000 -35510.725631 -7.724899
300.000000 0.364000 0.364000 0.364000 0.000000 0.000000 0.000000 -35509.418918 14.060028
300.000000 0.366000 0.366000 0.366000 0.000000 0.000000 0.000000 -35589.296649 -1.895657
300.000000 0.368000 0.368000 0.368000 0.000000 0.000000 0.000000 -35615.705872 23.840017
300.000000 0.370000 0.370000 0.370000 0.000000 0.000000 0.000000 -35590.373808 5.334033
300.000000 0.372000 0.372000 0.372000 0.000000 0.000000 0.000000 -35499.969049 6.472990
300.000000 0.374000 0.374000 0.374000 0.000000 0.000000 0.000000 -35510.485473 13.468792
300.000000 0.376000 0.376000 0.376000 0.000000 0.000000 0.000000 -35445.039426 13.480205
300.000000 0.378000 0.378000 0.378000 0.000000 0.000000 0.000000 -35425.172808 -3.185007
300.000000 0.380000 0.380000 0.380000 0.000000 0.000000 0.000000 -35381.731962 9.543483
300.000000 0.382000 0.382000 0.382000 0.000000 0.000000 0.000000 -35457.801929 22.428490
300.000000 0.384000 0.384000 0.384000 0.000000 0.000000 0.000000 -35315.239097 -1.636295
300.000000 0.386000 0.386000 0.386000 0.000000 0.000000 0.000000 -35542.330546 12.569948
300.000000 0.388000 0.388000 0.388000 0.000000 0.000000 0.000000 -35434.632080 6.797517
300.000000 0.390000 0.390000 0.390000 0.000000 0.000000 0.000000 -35458.587312 4.976024
300.000000 0.392000 0.392000 0.392000 0.000000 0.000000 0.000000 -35282.292659 -3.416168
300.000000 0.394000 0.394000 0.394000 0.000000 0.000000 0.000000 -35418.140332 17.772614
300.000000 0.396000 0.396000 0.396000 0.000000 0.000000 0.000000 -35506.050416 22.095891
300.000000 0.398000 0.398000 0.398000 0.000000 0.000000 0.000000 -35434.594791 14.580038
300.000000 0.400000 0.400000 0.400000 0.000000 0.000000 0.000000 -35426.410692 -7.246582
300.000000 0.402000 0.402000 0.402000 0.000000 0.000000 0.000000 -35334.939367 16.949302
300.000000 0.404000 0.404000 0.404000 0.000000 0.000000 0.000000 -35523.807835 8.941671
300.000000 0.406000 0.406000 0.406000 0.000000 0.000000 0.000000 -35449.675746 10.245906
300.000000 0.408000 0.408000 0.408000 0.000000 0.000000 0.000000 -35538.933287 2.218923
300.000000 0.410000 0.410000 0.410000 0.000000 0.000000 0.000000 -35459.243884 1.247661
300.000000 0.412000 0.412000 0.412000 0.000000 0.000000 0.000000 -35553.636218 -5.145974
300.000000 0.414000 0.414000 0.414000 0.000000 0.000000 0.000000 -35570.875037 20.122664
300.000000 0.416000 0.416000 0.416000 0.000000 0.000000 0.000000 -35567.345401 -6.371500
300.000000 0.418000 0.418000 0.418000 0.000000 0.000000 0.000000 -35563.274686 2.495436
300.000000 0.420000 0.420000 0.420000 0.000000 0.000000 0.000000 -35529.879600 3.233150
300.000000 0.422000 0.422000 0.422000 0.000000 0.000000 0.000000 -35543.557737 18.289460
300.000000 0.424000 0.424000 0.424000 0.000000 0.000000 0.000000 -35658.898547 3.843240
300.000000 0.426000 0.426000 0.426000 0.000000 0.000000 0.000000 -35413.617217 12.902251
300.000000 0.428000 0.428000 0.428000 0.000000 0.000000 0.000000 -35410.720031 11.938307
300.000000 0.430000 0.430000 0.430000 0.000000 0.000000 0.000000 -35465.890137 1.684285
300.000000 0.432000 0.432000 0.432000 0.000000 0.000000 0.000000 -35401.905642 7.499151
300.000000 0.434000 0.434000 0.434000 0.000000 0.000000 0.000000 -35328.442961 4.724581
300.000000 0.436000 0.436000 0.436000 0.000000 0.000000 0.000000 -35419.147668 5.959686
300.000000 0.438000 0.438000 0.438000 0.000000 0.000000 0.000000 -35541.095022 -4.687754
300.000000 0.440000 0.440000 0.440000 0.000000 0.000000 0.000000 -35414.461496 5.850924
300.000000 0.442000 0.442000 0.442000 0.000000 0.000000 0.000000 -35469.375025 3.038364
300.000000 0.444000 0.444000 0.444000 0.000000 0.000000 0.000000 -35437.877449 -4.202844
300.000000 0.446000 0.446000 0.446000 0.000000 0.000000 0.000000 -35628.033284 14.624876
300.000000 0.448000 0.448000 0.448000 0.000000 0.000000 0.000000 -35387.119851 -0.301612
300.000000 0.450000 0.450000 0.450000 0.000000 0.000000 0.000000 -35456.092109 12.857690
300.000000 0.452000 0.452000 0.452000 0.000000 0.000000 0.000000 -35601.004205 9.800822
300.000000 0.454000 0.454000 0.454000 0.000000 0.000000 0.000000 -35493.486211 -8.726267
300.000000 0.456000 0.456000 0.456000 0.000000 0.000000 0.000000 -35491.474813 3.975430
300.000000 0.458000 0.458000 0.458000 0.000000 0.000000 0.000000 -35462.374125 1.595446
300.000000 0.460000 0.460000 0.460000 0.000000 0.000000 0.000000 -35396.759879 2.390629
300.000000 0.462000 0.462000 0.462000 0.000000 0.000000 0.000000 -35232.197922 16.438231
300.000000 0.464000 0.464000 0.464000 0.000000 0.000000 0.000000 -35279.754908 2.551865
300.000000 0.466000 0.466000 0.466000 0.000000 0.000000 0.000000 -35232.246314 -12.399650
300.000000 0.468000 0.468000 0.468000 0.000000 0.000000 0.000000 -35339.840366 0.220441
300.000000 0.470000 0.470000 0.470000 0.000000 0.000000 0.000000 -35378.746848 -1.272739
300.000000 0.472000 0.472000 0.472000 0.000000 0.000000 0.000000 -35423.671999 -6.974545
300.000000 0.474000 0.474000 0.474000 0.000000 0.000000 0.000000 -35361.738327 1.677997
300.000000 0.476000 0.476000 0.476000 0.000000 0.000000 0.000000 -35469.330421 1.985553
300.000000 0.478000 0.478000 0.478000 0.000000 0.000000 0.000000 -35556.551409 -4.353206
300.000000 0.480000 0.480000 0.480000 0.000000 0.000000 0.000000 -35471.907017 4.188334
300.000000 0.482000 0.482000 0.482000 0.000000 0.000000 0.000000 -35590.134277 -6.400225
300.000000 0.484000 0.484000 0.484000 0.000000 0.000000 0.000000 -35520.506811 -3.329240
300.000000 0.486000 0.486000 0.486000 0.000000 0.000000 0.000000 -35564.354108 -3.508653
300.000000 0.488000 0.488000 0.488000 0.000000 0.000000 0.000000 -35406.700388 4.063999
300.000000 0.490000 0.490000 0.490000 0.000000 0.000000 0.000000 -35399.123603 5.263637
300.000000 0.492000 0.492000 0.492000 0.000000 0.000000 0.000000 -35387.313925 -10.112110
300.000000 0.494000 0.494000 0.494000 0.000000 0.000000 0.000000 -35456.702226 6.468814
300.000000 0.496000 0.496000 0.496000 0.000000 0.000000 0.000000 -35348.953196 4.545069
300.000000 0.498000 0.498000 0.498000 0.000000 0.000000 0.000000 -35406.785985 -2.123772
