300.000000 0.500000 0.500000 0.500000 0.000000 0.000000 0.000000 -29949.233334 -10.829947
300.000000 0.500000 0.500000 0.500000 0.000000 0.000000 0.000000 -30075.623022 -7.573494
300.000000 0.500000 0.500000 0.500000 0.000000 0.000000 0.000000 -30061.769661 -4.107911
300.000000 0.500000 0.500000 0.500000 0.000000 0.000000 0.000000 -30064.376886 0.985899
300.000000 0.500000 0.500000 0.500000 0.000000 0.000000 0.000000 -30037.457114 0.567639
300.000000 0.500000 0.500000 0.500000 0.000000 0.000000 0.000000 -30068.315550 8.574331
300.000000 0.500000 0.500000 0.500000 0.000000 0.000000 0.000000 -30124.052799 4.556047
300.000000 0.500000 0.500000 0.500000 0.000000 0.000000 0.000000 -30005.539666 -1.389221
300.000000 0.500000 0.500000 0.500000 0.000000 0.000000 0.000000 -29916.740487 3.331142
300.000000 0.500000 0.500000 0.500000 0.000000 0.000000 0.000000 -30029.236303 -4.287165
300.000000 0.500000 0.500000 0.500000 0.000000 0.000000 0.000000 -29982.668959 -5.422443
300.000000 0.500000 0.500000 0.500000 0.000000 0.000000 0.000000 -30059.771430 -4.765177
300.000000 0.500000 0.500000 0.500000 0.000000 0.000000 0.000000 -30003.250235 -3.166826
300.000000 0.500000 0.500000 0.500000 0.000000 0.000000 0.000000 -30073.829895 -5.108748
300.000000 0.500000 0.500000 0.500000 0.000000 0.000000 0.000000 -30138.141388 12.204230
300.000000 0.500000 0.500000 0.500000 0.000000 0.000000 0.000000 -30134.534901 1.463910
300.000000 0.500000 0.500000 0.500000 0.000000 0.000000 0.000000 -30175.915775 6.184273
300.000000 0.500000 0.500000 0.500000 0.000000 0.000000 0.000000 -30091.849037 -0.313695
300.000000 0.500000 0.500000 0.500000 0.000000 0.000000 0.000000 -30073.982396 3.510397
300.000000 0.500000 0.500000 0.500000 0.000000 0.000000 0.000000 -29993.998770 -1.986735
300.000000 0.500000 0.500000 0.500000 0.000000 0.000000 0.000000 -29954.827941 -3.853967
300.000000 0.500000 0.500000 0.500000 0.000000 0.000000 0.000000 -30046.470945 -7.618308
300.000000 0.500000 0.500000 0.500000 0.000000 0.000000 0.000000 -29989.547405 5.048996
300.000000 0.500000 0.500000 0.500000 0.000000 0.000000 0.000000 -30102.433239 10.336998
300.000000 0.500000 0.500000 0.500000 0.000000 0.000000 0.000000 -30021.607229 -11.173518
300.000000 0.500000 0.500000 0.500000 0.000000 0.000000 0.000000 -30033.052372 2.927820
300.000000 0.500000 0.500000 0.500000 0.000000 0.000000 0.000000 -30121.892834 -13.473948
300.000000 0.500000 0.500000 0.500000 0.000000 0.000000 0.000000 -30085.663130 -4.451482
300.000000 0.500000 0.500000 0.500000 0.000000 0.000000 0.000000 -29993.987537 -14.459847
300.000000 0.500000 0.500000 0.500000 0.000000 0.000000 0.000000 -29926.630954 3.420770
