50.000000 0.500000 0.500000 0.500000 0.000000 0.000000 0.000000 -35545.217625 1.956859
75.000000 0.500000 0.500000 0.500000 0.000000 0.000000 0.000000 -35234.891784 3.428239
100.000000 0.500000 0.500000 0.500000 0.000000 0.000000 0.000000 -34933.977078 6.774319
125.000000 0.500000 0.500000 0.500000 0.000000 0.000000 0.000000 -34591.670609 9.074749
150.000000 0.500000 0.500000 0.500000 0.000000 0.000000 0.000000 -34161.781491 0.209130
175.000000 0.500000 0.500000 0.500000 0.000000 0.000000 0.000000 -33643.233864 1.620758
200.000000 0.500000 0.500000 0.500000 0.000000 0.000000 0.000000 -32980.701299 2.225741
225.000000 0.500000 0.500000 0.500000 0.000000 0.000000 0.000000 -32151.725424 1.687978
250.000000 0.500000 0.500000 0.500000 0.000000 0.000000 0.000000 -31286.260752 -1.090464
275.000000 0.500000 0.500000 0.500000 0.000000 0.000000 0.000000 -30359.769940 -2.031549
300.000000 0.500000 0.500000 0.500000 0.000000 0.000000 0.000000 -29919.919342 -9.664794
300.000000 0.500000 0.500000 0.500000 0.000000 0.000000 0.000000 -29902.644236 -3.495459
300.000000 0.500000 0.500000 0.500000 0.000000 0.000000 0.000000 -30029.006952 -3.346080
300.000000 0.500000 0.500000 0.500000 0.000000 0.000000 0.000000 -29983.275371 1.792543
300.000000 0.500000 0.500000 0.500000 0.000000 0.000000 0.000000 -30013.766317 -3.286329
300.000000 0.500000 0.500000 0.500000 0.000000 0.000000 0.000000 -30095.955362 -1.000837
300.000000 0.500000 0.500000 0.500000 0.000000 0.000000 0.000000 -29966.422781 -19.299713
300.000000 0.500000 0.500000 0.500000 0.000000 0.000000 0.000000 -30124.963533 -6.946104
300.000000 0.500000 0.500000 0.500000 0.000000 0.000000 0.000000 -30153.477625 -8.873088
300.000000 0.500000 0.500000 0.500000 0.000000 0.000000 0.000000 -30061.873803 -6.692161
