300.000000 0.000000 0.000000 0.000000 0.000000 0.000000 0.000000 -35915.486249 898.010187
300.000000 0.002000 0.002000 0.002000 0.000000 0.000000 0.000000 -35750.927528 843.636313
300.000000 0.004000 0.004000 0.004000 0.000000 0.000000 0.000000 -35774.537725 901.344054
300.000000 0.006000 0.006000 0.006000 0.000000 0.000000 0.000000 -35732.241399 864.013992
300.000000 0.008000 0.008000 0.008000 0.000000 0.000000 0.000000 -35858.979162 908.898669
300.000000 0.010000 0.010000 0.010000 0.000000 0.000000 0.000000 -35799.824230 902.070696
300.000000 0.012000 0.012000 0.012000 0.000000 0.000000 0.000000 -35733.850157 813.606821
300.000000 0.014000 0.014000 0.014000 0.000000 0.000000 0.000000 -35804.722103 805.410692
300.000000 0.016000 0.016000 0.016000 0.000000 0.000000 0.000000 -35743.375794 772.148406
300.000000 0.018000 0.018000 0.018000 0.000000 0.000000 0.000000 -35796.546914 944.712366
300.000000 0.020000 0.020000 0.020000 0.000000 0.000000 0.000000 -35698.664225 970.752625
300.000000 0.022000 0.022000 0.022000 0.000000 0.000000 0.000000 -35677.291779 630.996546
300.000000 0.024000 0.024000 0.024000 0.000000 0.000000 0.000000 -35685.801075 275.607869
300.000000 0.026000 0.026000 0.026000 0.000000 0.000000 0.000000 -35692.437351 111.082225
300.000000 0.028000 0.028000 0.028000 0.000000 0.000000 0.000000 -35689.017415 135.143994
300.000000 0.030000 0.030000 0.030000 0.000000 0.000000 0.000000 -35729.660524 143.564450
300.000000 0.032000 0.032000 0.032000 0.000000 0.000000 0.000000 -35671.636736 97.135053
300.000000 0.034000 0.034000 0.034000 0.000000 0.000000 0.000000 -35709.290878 141.938636
300.000000 0.036000 0.036000 0.036000 0.000000 0.000000 0.000000 -35648.624957 213.123180
300.000000 0.038000 0.038000 0.038000 0.000000 0.000000 0.000000 -35643.430204 83.678246
300.000000 0.040000 0.040000 0.040000 0.000000 0.000000 0.000000 -35680.219666 88.949014
300.000000 0.042000 0.042000 0.042000 0.000000 0.000000 0.000000 -35614.449935 124.753041
300.000000 0.044000 0.044000 0.044000 0.000000 0.000000 0.000000 -35636.927001 141.028006
300.000000 0.046000 0.046000 0.046000 0.000000 0.000000 0.000000 -35511.061563 101.927275
300.000000 0.048000 0.048000 0.048000 0.000000 0.000000 0.000000 -35600.873529 142.382367
300.000000 0.050000 0.050000 0.050000 0.000000 0.000000 0.000000 -35574.426214 84.520904
300.000000 0.052000 0.052000 0.052000 0.000000 0.000000 0.000000 -35660.964667 104.051939
300.000000 0.054000 0.054000 0.054000 0.000000 0.000000 0.000000 -35690.901561 98.636339
300.000000 0.056000 0.056000 0.056000 0.000000 0.000000 0.000000 -35682.623388 100.048451
300.000000 0.058000 0.058000 0.058000 0.000000 0.000000 0.000000 -35681.415163 81.343578
300.000000 0.060000 0.060000 0.060000 0.000000 0.000000 0.000000 -35671.746302 93.619401
300.000000 0.062000 0.062000 0.062000 0.000000 0.000000 0.000000 -35777.612949 121.414670
300.000000 0.064000 0.064000 0.064000 0.000000 0.000000 0.000000 -35712.176079 122.174184
300.000000 0.066000 0.066000 0.066000 0.000000 0.000000 0.000000 -35742.328379 137.568582
300.000000 0.068000 0.068000 0.068000 0.000000 0.000000 0.000000 -35774.477413 69.271017
300.000000 0.070000 0.070000 0.070000 0.000000 0.000000 0.000000 -35888.580327 137.811405
300.000000 0.072000 0.072000 0.072000 0.000000 0.000000 0.000000 -35994.410623 75.520173
300.000000 0.074000 0.074000 0.074000 0.000000 0.000000 0.000000 -35902.027993 77.890981
300.000000 0.076000 0.076000 0.076000 0.000000 0.000000 0.000000 -35966.710194 92.339567
300.000000 0.078000 0.078000 0.078000 0.000000 0.000000 0.000000 -35895.221266 80.213460
300.000000 0.080000 0.080000 0.080000 0.000000 0.000000 0.000000 -35748.099876 76.366664
300.000000 0.082000 0.082000 0.082000 0.000000 0.000000 0.000000 -35772.701364 94.741947
300.000000 0.084000 0.084000 0.084000 0.000000 0.000000 0.000000 -35699.039690 98.745095
300.000000 0.086000 0.086000 0.086000 0.000000 0.000000 0.000000 -35703.101719 97.804499
300.000000 0.088000 0.088000 0.088000 0.000000 0.000000 0.000000 -35729.811178 80.805052
300.000000 0.090000 0.090000 0.090000 0.000000 0.000000 0.000000 -35655.893921 58.856367
300.000000 0.092000 0.092000 0.092000 0.000000 0.000000 0.000000 -35628.982220 85.265108
300.000000 0.094000 0.094000 0.094000 0.000000 0.000000 0.000000 -35715.562399 96.003308
300.000000 0.096000 0.096000 0.096000 0.000000 0.000000 0.000000 -35735.896857 50.223641
300.000000 0.098000 0.098000 0.098000 0.000000 0.000000 0.000000 -35805.882049 78.435509
300.000000 0.100000 0.100000 0.100000 0.000000 0.000000 0.000000 -35674.312032 48.794174
300.000000 0.102000 0.102000 0.102000 0.000000 0.000000 0.000000 -35743.824263 65.866286
300.000000 0.104000 0.104000 0.104000 0.000000 0.000000 0.000000 -35757.117653 44.405278
300.000000 0.106000 0.106000 0.106000 0.000000 0.000000 0.000000 -35800.770058 40.583400
300.000000 0.108000 0.108000 0.108000 0.000000 0.000000 0.000000 -35805.871600 27.113869
300.000000 0.110000 0.110000 0.110000 0.000000 0.000000 0.000000 -35713.257569 59.788611
300.000000 0.112000 0.112000 0.112000 0.000000 0.000000 0.000000 -35632.523604 28.309768
300.000000 0.114000 0.114000 0.114000 0.000000 0.000000 0.000000 -35565.245229 27.519851
300.000000 0.116000 0.116000 0.116000 0.000000 0.000000 0.000000 -35547.475436 73.618137
300.000000 0.118000 0.118000 0.118000 0.000000 0.000000 0.000000 -35481.958649 59.494576
300.000000 0.120000 0.120000 0.120000 0.000000 0.000000 0.000000 -35703.515279 58.353419
300.000000 0.122000 0.122000 0.122000 0.000000 0.000000 0.000000 -35585.001498 58.331034
300.000000 0.124000 0.124000 0.124000 0.000000 0.000000 0.000000 -35601.898214 62.141808
300.000000 0.126000 0.126000 0.126000 0.000000 0.000000 0.000000 -35537.048383 63.438389
300.000000 0.128000 0.128000 0.128000 0.000000 0.000000 0.000000 -35616.495194 54.481728
300.000000 0.130000 0.130000 0.130000 0.000000 0.000000 0.000000 -35569.368639 38.338251
300.000000 0.132000 0.132000 0.132000 0.000000 0.000000 0.000000 -35621.567237 21.063619
300.000000 0.134000 0.134000 0.134000 0.000000 0.000000 0.000000 -35580.417087 56.293012
300.000000 0.136000 0.136000 0.136000 0.000000 0.000000 0.000000 -35633.257122 30.451953
300.000000 0.138000 0.138000 0.138000 0.000000 0.000000 0.000000 -35738.583345 29.321472
300.000000 0.140000 0.140000 0.140000 0.000000 0.000000 0.000000 -35651.553025 32.524263
300.000000 0.142000 0.142000 0.142000 0.000000 0.000000 0.000000 -35774.574055 39.735565
300.000000 0.144000 0.144000 0.144000 0.000000 0.000000 0.000000 -35800.361266 61.662983
300.000000 0.146000 0.146000 0.146000 0.000000 0.000000 0.000000 -35796.139794 42.470233
300.000000 0.148000 0.148000 0.148000 0.000000 0.000000 0.000000 -35739.099875 38.824051
300.000000 0.150000 0.150000 0.150000 0.000000 0.000000 0.000000 -35730.968926 39.900111
300.000000 0.152000 0.152000 0.152000 0.000000 0.000000 0.000000 -35682.810244 36.579398
300.000000 0.154000 0.154000 0.154000 0.000000 0.000000 0.000000 -35642.871881 36.227426
300.000000 0.156000 0.156000 0.156000 0.000000 0.000000 0.000000 -35640.655904 36.471697
300.000000 0.158000 0.158000 0.158000 0.000000 0.000000 0.000000 -35640.455318 47.418410
300.000000 0.160000 0.160000 0.160000 0.000000 0.000000 0.000000 -35645.892482 35.403926
300.000000 0.162000 0.162000 0.162000 0.000000 0.000000 0.000000 -35676.975331 39.329431
300.000000 0.164000 0.164000 0.164000 0.000000 0.000000 0.000000 -35818.899746 51.986868
300.000000 0.166000 0.166000 0.166000 0.000000 0.000000 0.000000 -35653.773051 21.182699
300.000000 0.168000 0.168000 0.168000 0.000000 0.000000 0.000000 -35791.463000 39.609217
300.000000 0.170000 0.170000 0.170000 0.000000 0.000000 0.000000 -35705.670811 66.701498
300.000000 0.172000 0.172000 0.172000 0.000000 0.000000 0.000000 -35710.341751 41.147276
300.000000 0.174000 0.174000 0.174000 0.000000 0.000000 0.000000 -35642.387030 32.150639
300.000000 0.176000 0.176000 0.176000 0.000000 0.000000 0.000000 -35791.350284 36.096452
300.000000 0.178000 0.178000 0.178000 0.000000 0.000000 0.000000 -35774.087304 57.865331
300.000000 0.180000 0.180000 0.180000 0.000000 0.000000 0.000000 -35777.883950 34.492766
300.000000 0.182000 0.182000 0.182000 0.000000 0.000000 0.000000 -35670.898332 34.039818
300.000000 0.184000 0.184000 0.184000 0.000000 0.000000 0.000000 -35734.253054 33.364869
300.000000 0.186000 0.186000 0.186000 0.000000 0.000000 0.000000 -35724.086427 33.639877
300.000000 0.188000 0.188000 0.188000 0.000000 0.000000 0.000000 -35820.163893 41.383390
300.000000 0.190000 0.190000 0.190000 0.000000 0.000000 0.000000 -35804.155902 36.296035
300.000000 0.192000 0.192000 0.192000 0.000000 0.000000 0.000000 -35827.509588 26.055937
300.000000 0.194000 0.194000 0.194000 0.000000 0.000000 0.000000 -35781.753209 19.927997
300.000000 0.196000 0.196000 0.196000 0.000000 0.000000 0.000000 -35806.149471 24.112634
300.000000 0.198000 0.198000 0.198000 0.000000 0.000000 0.000000 -35803.713322 22.351540
300.000000 0.200000 0.200000 0.200000 0.000000 0.000000 0.000000 -35674.057381 14.168450
300.000000 0.202000 0.202000 0.202000 0.000000 0.000000 0.000000 -35654.692476 17.955312
300.000000 0.204000 0.204000 0.204000 0.000000 0.000000 0.000000 -35561.953378 31.449379
300.000000 0.206000 0.206000 0.206000 0.000000 0.000000 0.000000 -35778.680891 21.526550
300.000000 0.208000 0.208000 0.208000 0.000000 0.000000 0.000000 -35781.348300 25.034268
300.000000 0.210000 0.210000 0.210000 0.000000 0.000000 0.000000 -35604.746182 20.541471
300.000000 0.212000 0.212000 0.212000 0.000000 0.000000 0.000000 -35523.967860 31.045294
300.000000 0.214000 0.214000 0.214000 0.000000 0.000000 0.000000 -35580.421340 20.615577
300.000000 0.216000 0.216000 0.216000 0.000000 0.000000 0.000000 -35620.544728 19.004624
300.000000 0.218000 0.218000 0.218000 0.000000 0.000000 0.000000 -35642.672316 24.576385
300.000000 0.220000 0.220000 0.220000 0.000000 0.000000 0.000000 -35590.978451 23.734065
300.000000 0.222000 0.222000 0.222000 0.000000 0.000000 0.000000 -35554.006122 42.047613
300.000000 0.224000 0.224000 0.224000 0.000000 0.000000 0.000000 -35684.070002 34.270205
300.000000 0.226000 0.226000 0.226000 0.000000 0.000000 0.000000 -35833.413702 16.519322
300.000000 0.228000 0.228000 0.228000 0.000000 0.000000 0.000000 -35735.293065 14.426645
300.000000 0.230000 0.230000 0.230000 0.000000 0.000000 0.000000 -35749.154191 19.376809
300.000000 0.232000 0.232000 0.232000 0.000000 0.000000 0.000000 -35790.861527 22.950339
300.000000 0.234000 0.234000 0.234000 0.000000 0.000000 0.000000 -35673.402476 30.523020
300.000000 0.236000 0.236000 0.236000 0.000000 0.000000 0.000000 -35776.918843 13.770472
300.000000 0.238000 0.238000 0.238000 0.000000 0.000000 0.000000 -35756.474853 24.875733
300.000000 0.240000 0.240000 0.240000 0.000000 0.000000 0.000000 -35727.800722 17.026154
300.000000 0.242000 0.242000 0.242000 0.000000 0.000000 0.000000 -35715.389123 10.831906
300.000000 0.244000 0.244000 0.244000 0.000000 0.000000 0.000000 -35601.811351 15.213527
300.000000 0.246000 0.246000 0.246000 0.000000 0.000000 0.000000 -35696.253081 18.689166
300.000000 0.248000 0.248000 0.248000 0.000000 0.000000 0.000000 -35686.482369 17.144532
300.000000 0.250000 0.250000 0.250000 0.000000 0.000000 0.000000 -35732.806507 14.434437
300.000000 0.252000 0.252000 0.252000 0.000000 0.000000 0.000000 -35725.468473 18.024360
300.000000 0.254000 0.254000 0.254000 0.000000 0.000000 0.000000 -35728.838462 19.012179
300.000000 0.256000 0.256000 0.256000 0.000000 0.000000 0.000000 -35737.594679 18.759017
300.000000 0.258000 0.258000 0.258000 0.000000 0.000000 0.000000 -35659.810219 22.162355
300.000000 0.260000 0.260000 0.260000 0.000000 0.000000 0.000000 -35661.450436 20.678675
300.000000 0.262000 0.262000 0.262000 0.000000 0.000000 0.000000 -35633.321225 21.677024
300.000000 0.264000 0.264000 0.264000 0.000000 0.000000 0.000000 -35705.644015 12.786698
300.000000 0.266000 0.266000 0.266000 0.000000 0.000000 0.000000 -35739.988187 18.352824
300.000000 0.268000 0.268000 0.268000 0.000000 0.000000 0.000000 -35754.583127 26.390178
300.000000 0.270000 0.270000 0.270000 0.000000 0.000000 0.000000 -35802.234831 16.613383
300.000000 0.272000 0.272000 0.272000 0.000000 0.000000 0.000000 -35738.342124 19.297228
300.000000 0.274000 0.274000 0.274000 0.000000 0.000000 0.000000 -35752.611401 13.198855
300.000000 0.276000 0.276000 0.276000 0.000000 0.000000 0.000000 -35688.038157 13.670567
300.000000 0.278000 0.278000 0.278000 0.000000 0.000000 0.000000 -35796.037272 13.423349
300.000000 0.280000 0.280000 0.280000 0.000000 0.000000 0.000000 -35575.609870 14.723199
300.000000 0.282000 0.282000 0.282000 0.000000 0.000000 0.000000 -35731.138324 13.231951
300.000000 0.284000 0.284000 0.284000 0.000000 0.000000 0.000000 -35652.042177 11.902382
300.000000 0.286000 0.286000 0.286000 0.000000 0.000000 0.000000 -35689.611868 16.957345
300.000000 0.288000 0.288000 0.288000 0.000000 0.000000 0.000000 -35649.133440 13.203852
300.000000 0.290000 0.290000 0.290000 0.000000 0.000000 0.000000 -35621.734808 23.760936
300.000000 0.292000 0.292000 0.292000 0.000000 0.000000 0.000000 -35642.002307 2.705092
300.000000 0.294000 0.294000 0.294000 0.000000 0.000000 0.000000 -35673.356927 7.686864
300.000000 0.296000 0.296000 0.296000 0.000000 0.000000 0.000000 -35688.382939 15.439909
300.000000 0.298000 0.298000 0.298000 0.000000 0.000000 0.000000 -35782.486862 14.300063
300.000000 0.300000 0.300000 0.300000 0.000000 0.000000 0.000000 -35782.506656 15.444683
300.000000 0.302000 0.302000 0.302000 0.000000 0.000000 0.000000 -35784.626589 15.480698
300.000000 0.304000 0.304000 0.304000 0.000000 0.000000 0.000000 -35703.682877 19.979117
300.000000 0.306000 0.306000 0.306000 0.000000 0.000000 0.000000 -35601.150123 17.864244
300.000000 0.308000 0.308000 0.308000 0.000000 0.000000 0.000000 -35812.289609 29.236983
300.000000 0.310000 0.310000 0.310000 0.000000 0.000000 0.000000 -35745.071187 8.868235
300.000000 0.312000 0.312000 0.312000 0.000000 0.000000 0.000000 -35600.213692 17.373725
300.000000 0.314000 0.314000 0.314000 0.000000 0.000000 0.000000 -35736.438410 8.046059
300.000000 0.316000 0.316000 0.316000 0.000000 0.000000 0.000000 -35670.033968 10.405988
300.000000 0.318000 0.318000 0.318000 0.000000 0.000000 0.000000 -35680.665810 8.738762
300.000000 0.320000 0.320000 0.320000 0.000000 0.000000 0.000000 -35759.083928 7.228442
300.000000 0.322000 0.322000 0.322000 0.000000 0.000000 0.000000 -35688.374544 20.613688
300.000000 0.324000 0.324000 0.324000 0.000000 0.000000 0.000000 -35749.276697 8.992081
300.000000 0.326000 0.326000 0.326000 0.000000 0.000000 0.000000 -35654.050691 11.509936
300.000000 0.328000 0.328000 0.328000 0.000000 0.000000 0.000000 -35816.478341 7.102743
300.000000 0.330000 0.330000 0.330000 0.000000 0.000000 0.000000 -35806.110963 9.408007
300.000000 0.332000 0.332000 0.332000 0.000000 0.000000 0.000000 -35698.974002 21.733989
300.000000 0.334000 0.334000 0.334000 0.000000 0.000000 0.000000 -35747.243411 12.528733
300.000000 0.336000 0.336000 0.336000 0.000000 0.000000 0.000000 -35832.028536 20.077603
300.000000 0.338000 0.338000 0.338000 0.000000 0.000000 0.000000 -35829.199973 12.302621
300.000000 0.340000 0.340000 0.340000 0.000000 0.000000 0.000000 -35769.792189 11.556454
300.000000 0.342000 0.342000 0.342000 0.000000 0.000000 0.000000 -35771.948100 10.621456
300.000000 0.344000 0.344000 0.344000 0.000000 0.000000 0.000000 -35904.552103 7.231401
300.000000 0.346000 0.346000 0.346000 0.000000 0.000000 0.000000 -35815.703287 8.526472
300.000000 0.348000 0.348000 0.348000 0.000000 0.000000 0.000000 -35803.865607 7.956940
300.000000 0.350000 0.350000 0.350000 0.000000 0.000000 0.000000 -35805.900059 13.053331
300.000000 0.352000 0.352000 0.352000 0.000000 0.000000 0.000000 -35875.722216 8.172312
300.000000 0.354000 0.354000 0.354000 0.000000 0.000000 0.000000 -35806.802451 13.541583
300.000000 0.356000 0.356000 0.356000 0.000000 0.000000 0.000000 -35719.341740 17.752936
300.000000 0.358000 0.358000 0.358000 0.000000 0.000000 0.000000 -35791.449074 7.647835
300.000000 0.360000 0.360000 0.360000 0.000000 0.000000 0.000000 -35857.064701 13.267907
300.000000 0.362000 0.362000 0.362000 0.000000 0.000000 0.000000 -35873.986127 11.713001
300.000000 0.364000 0.364000 0.364000 0.000000 0.000000 0.000000 -35794.060784 17.115807
300.000000 0.366000 0.366000 0.366000 0.000000 0.000000 0.000000 -35742.013979 6.063472
300.000000 0.368000 0.368000 0.368000 0.000000 0.000000 0.000000 -35740.072962 1.183411
300.000000 0.370000 0.370000 0.370000 0.000000 0.000000 0.000000 -35801.995567 11.600430
300.000000 0.372000 0.372000 0.372000 0.000000 0.000000 0.000000 -35770.695082 7.141623
300.000000 0.374000 0.374000 0.374000 0.000000 0.000000 0.000000 -35677.968495 -0.357412
300.000000 0.376000 0.376000 0.376000 0.000000 0.000000 0.000000 -35930.916953 7.868268
300.000000 0.378000 0.378000 0.378000 0.000000 0.000000 0.000000 -35705.824457 13.357982
300.000000 0.380000 0.380000 0.380000 0.000000 0.000000 0.000000 -35705.663066 9.947950
300.000000 0.382000 0.382000 0.382000 0.000000 0.000000 0.000000 -35621.508443 9.089749
300.000000 0.384000 0.384000 0.384000 0.000000 0.000000 0.000000 -35609.089229 6.522633
300.000000 0.386000 0.386000 0.386000 0.000000 0.000000 0.000000 -35733.802689 8.379543
300.000000 0.388000 0.388000 0.388000 0.000000 0.000000 0.000000 -35773.297843 5.151469
300.000000 0.390000 0.390000 0.390000 0.000000 0.000000 0.000000 -35740.901102 3.711113
300.000000 0.392000 0.392000 0.392000 0.000000 0.000000 0.000000 -35692.360993 5.493048
300.000000 0.394000 0.394000 0.394000 0.000000 0.000000 0.000000 -35528.698634 5.287668
300.000000 0.396000 0.396000 0.396000 0.000000 0.000000 0.000000 -35639.803350 10.980327
300.000000 0.398000 0.398000 0.398000 0.000000 0.000000 0.000000 -35772.143329 6.655795
300.000000 0.400000 0.400000 0.400000 0.000000 0.000000 0.000000 -35643.318106 6.484966
300.000000 0.402000 0.402000 0.402000 0.000000 0.000000 0.000000 -35745.541488 14.302564
300.000000 0.404000 0.404000 0.404000 0.000000 0.000000 0.000000 -35725.084895 4.939884
300.000000 0.406000 0.406000 0.406000 0.000000 0.000000 0.000000 -35760.084889 -0.029604
300.000000 0.408000 0.408000 0.408000 0.000000 0.000000 0.000000 -35824.088256 13.071196
300.000000 0.410000 0.410000 0.410000 0.000000 0.000000 0.000000 -35803.516757 1.013030
300.000000 0.412000 0.412000 0.412000 0.000000 0.000000 0.000000 -35881.696285 12.948153
300.000000 0.414000 0.414000 0.414000 0.000000 0.000000 0.000000 -35722.691459 -8.018217
300.000000 0.416000 0.416000 0.416000 0.000000 0.000000 0.000000 -35790.177771 7.313206
300.000000 0.418000 0.418000 0.418000 0.000000 0.000000 0.000000 -35735.866220 6.575974
300.000000 0.420000 0.420000 0.420000 0.000000 0.000000 0.000000 -35815.296276 12.904332
300.000000 0.422000 0.422000 0.422000 0.000000 0.000000 0.000000 -35842.988029 8.024693
300.000000 0.424000 0.424000 0.424000 0.000000 0.000000 0.000000 -35712.541892 -0.474268
300.000000 0.426000 0.426000 0.426000 0.000000 0.000000 0.000000 -35727.960049 -0.916720
300.000000 0.428000 0.428000 0.428000 0.000000 0.000000 0.000000 -35661.506566 -4.840645
300.000000 0.430000 0.430000 0.430000 0.000000 0.000000 0.000000 -35792.560883 6.928775
300.000000 0.432000 0.432000 0.432000 0.000000 0.000000 0.000000 -35725.172124 -0.719772
300.000000 0.434000 0.434000 0.434000 0.000000 0.000000 0.000000 -35727.070805 20.671536
300.000000 0.436000 0.436000 0.436000 0.000000 0.000000 0.000000 -35708.204937 14.277660
300.000000 0.438000 0.438000 0.438000 0.000000 0.000000 0.000000 -35606.098732 9.527550
300.000000 0.440000 0.440000 0.440000 0.000000 0.000000 0.000000 -35781.546953 17.666721
300.000000 0.442000 0.442000 0.442000 0.000000 0.000000 0.000000 -35706.568349 -3.185000
300.000000 0.444000 0.444000 0.444000 0.000000 0.000000 0.000000 -35768.389709 7.824581
300.000000 0.446000 0.446000 0.446000 0.000000 0.000000 0.000000 -35760.934942 3.802803
300.000000 0.448000 0.448000 0.448000 0.000000 0.000000 0.000000 -35736.099767 2.768386
300.000000 0.450000 0.450000 0.450000 0.000000 0.000000 0.000000 -35752.976919 4.251006
300.000000 0.452000 0.452000 0.452000 0.000000 0.000000 0.000000 -35784.903532 5.734887
300.000000 0.454000 0.454000 0.454000 0.000000 0.000000 0.000000 -35740.968595 5.299703
300.000000 0.456000 0.456000 0.456000 0.000000 0.000000 0.000000 -35716.813556 9.071417
300.000000 0.458000 0.458000 0.458000 0.000000 0.000000 0.000000 -35712.058386 -2.332004
300.000000 0.460000 0.460000 0.460000 0.000000 0.000000 0.000000 -35736.091325 2.925722
300.000000 0.462000 0.462000 0.462000 0.000000 0.000000 0.000000 -35747.760172 3.724762
300.000000 0.464000 0.464000 0.464000 0.000000 0.000000 0.000000 -35619.257048 -5.082405
300.000000 0.466000 0.466000 0.466000 0.000000 0.000000 0.000000 -35606.385208 2.784722
300.000000 0.468000 0.468000 0.468000 0.000000 0.000000 0.000000 -35659.366591 9.037884
300.000000 0.470000 0.470000 0.470000 0.000000 0.000000 0.000000 -35696.112781 11.806910
300.000000 0.472000 0.472000 0.472000 0.000000 0.000000 0.000000 -35670.794742 -2.979555
300.000000 0.474000 0.474000 0.474000 0.000000 0.000000 0.000000 -35754.935782 1.405320
300.000000 0.476000 0.476000 0.476000 0.000000 0.000000 0.000000 -35610.684017 -15.116219
300.000000 0.478000 0.478000 0.478000 0.000000 0.000000 0.000000 -35700.098597 2.831426
300.000000 0.480000 0.480000 0.480000 0.000000 0.000000 0.000000 -35567.657138 -0.005931
300.000000 0.482000 0.482000 0.482000 0.000000 0.000000 0.000000 -35726.824724 5.337986
300.000000 0.484000 0.484000 0.484000 0.000000 0.000000 0.000000 -35636.229143 -5.931443
300.000000 0.486000 0.486000 0.486000 0.000000 0.000000 0.000000 -35576.742515 -3.731624
300.000000 0.488000 0.488000 0.488000 0.000000 0.000000 0.000000 -35717.164291 3.500967
300.000000 0.490000 0.490000 0.490000 0.000000 0.000000 0.000000 -35653.100615 6.022534
300.000000 0.492000 0.492000 0.492000 0.000000 0.000000 0.000000 -35625.820159 8.452911
300.000000 0.494000 0.494000 0.494000 0.000000 0.000000 0.000000 -35579.778768 5.933674
300.000000 0.496000 0.496000 0.496000 0.000000 0.000000 0.000000 -35672.120896 -7.155896
300.000000 0.498000 0.498000 0.498000 0.000000 0.000000 0.000000 -35770.218503 -0.015002
