0 300.000000 1.000000 0.000000 0.000000 0.100000 130.000000 0.000000 -32885.262158 176.486091 6.440971
0 300.000000 1.000000 0.000000 0.000000 0.100000 130.000000 0.000000 -32853.401803 186.004809 6.616479
0 300.000000 1.000000 0.000000 0.000000 0.100000 130.000000 0.000000 -32956.912763 144.979637 8.112579
1 300.000000 1.000000 0.000000 0.100000 0.100000 120.000000 0.000000 -32788.357561 144.896593 7.481969
1 300.000000 1.000000 0.000000 0.100000 0.100000 120.000000 0.000000 -32766.126293 120.426526 6.694599
2 300.000000 1.000000 0.000000 0.200000 0.100000 110.000000 0.000000 -32847.299329 124.432794 8.269408
2 300.000000 1.000000 0.000000 0.200000 0.100000 110.000000 0.000000 -32790.728312 128.361117 6.425039
2 300.000000 1.000000 0.000000 0.200000 0.100000 110.000000 0.000000 -32814.355282 73.353648 6.402831
4 300.000000 1.000000 0.000000 0.400000 0.100000 90.000000 0.000000 -32837.242990 70.407188 6.471541
4 300.000000 1.000000 0.000000 0.400000 0.100000 90.000000 0.000000 -32822.380051 71.018386 6.643176
3 300.000000 1.000000 0.000000 0.300000 0.100000 100.000000 0.000000 -32679.565849 80.184116 6.664814
3 300.000000 1.000000 0.000000 0.300000 0.100000 100.000000 0.000000 -32749.386967 50.993829 6.611018
5 300.000000 1.000000 0.000000 0.500000 0.100000 80.000000 0.000000 -32815.875008 44.024633 6.932845
5 300.000000 1.000000 0.000000 0.500000 0.100000 80.000000 0.000000 -32659.681420 52.010213 6.928218
3 300.000000 1.000000 0.000000 0.300000 0.100000 100.000000 0.000000 -32735.067912 57.268635 6.583347
5 300.000000 1.000000 0.000000 0.500000 0.100000 80.000000 0.000000 -32844.739058 62.454836 6.958765
3 300.000000 1.000000 0.000000 0.300000 0.100000 100.000000 0.000000 -32853.894105 62.185767 6.501111
3 300.000000 1.000000 0.000000 0.300000 0.100000 100.000000 0.000000 -33030.991907 40.804412 6.629927
4 300.000000 1.000000 0.000000 0.400000 0.100000 90.000000 0.000000 -32796.828793 47.543484 7.419063
5 300.000000 1.000000 0.000000 0.500000 0.100000 80.000000 0.000000 -32967.181614 38.059467 7.025276
5 300.000000 1.000000 0.000000 0.500000 0.100000 80.000000 0.000000 -32928.630628 62.101632 6.823138
5 300.000000 1.000000 0.000000 0.500000 0.100000 80.000000 0.000000 -32844.807612 68.645591 6.750259
4 300.000000 1.000000 0.000000 0.400000 0.100000 90.000000 0.000000 -32874.139383 57.152783 6.417740
3 300.000000 1.000000 0.000000 0.300000 0.100000 100.000000 0.000000 -32844.156500 91.219222 6.391075
3 300.000000 1.000000 0.000000 0.300000 0.100000 100.000000 0.000000 -32924.780897 87.936362 6.440576
3 300.000000 1.000000 0.000000 0.300000 0.100000 100.000000 0.000000 -32840.714829 83.145318 7.089120
2 300.000000 1.000000 0.000000 0.200000 0.100000 110.000000 0.000000 -32788.105848 99.054708 6.578656
2 300.000000 1.000000 0.000000 0.200000 0.100000 110.000000 0.000000 -32921.703615 100.769855 6.658655
2 300.000000 1.000000 0.000000 0.200000 0.100000 110.000000 0.000000 -32933.686313 140.090357 6.425882
2 300.000000 1.000000 0.000000 0.200000 0.100000 110.000000 0.000000 -32719.432765 111.257378 6.912498
2 300.000000 1.000000 0.000000 0.200000 0.100000 110.000000 0.000000 -32906.332629 123.232629 6.530652
2 300.000000 1.000000 0.000000 0.200000 0.100000 110.000000 0.000000 -32786.995112 124.867561 6.435144
1 300.000000 1.000000 0.000000 0.100000 0.100000 120.000000 0.000000 -32857.765291 113.415453 7.390283
2 300.000000 1.000000 0.000000 0.200000 0.100000 110.000000 0.000000 -32881.014084 74.445489 6.420074
4 300.000000 1.000000 0.000000 0.400000 0.100000 90.000000 0.000000 -32835.477521 55.765667 6.459603
5 300.000000 1.000000 0.000000 0.500000 0.100000 80.000000 0.000000 -32839.331082 58.061695 6.411579
4 300.000000 1.000000 0.000000 0.400000 0.100000 90.000000 0.000000 -32861.858875 61.306697 6.391490
3 300.000000 1.000000 0.000000 0.300000 0.100000 100.000000 0.000000 -32844.746469 55.022397 7.192974
5 300.000000 1.000000 0.000000 0.500000 0.100000 80.000000 0.000000 -32836.857057 60.936235 6.752064
3 300.000000 1.000000 0.000000 0.300000 0.100000 100.000000 0.000000 -32692.620808 59.729740 7.051721
5 300.000000 1.000000 0.000000 0.500000 0.100000 80.000000 0.000000 -32962.636189 69.820072 6.578264
3 300.000000 1.000000 0.000000 0.300000 0.100000 100.000000 0.000000 -32713.377921 40.242265 6.457582
4 300.000000 1.000000 0.000000 0.400000 0.100000 90.000000 0.000000 -32749.016848 57.205963 6.416210
5 300.000000 1.000000 0.000000 0.500000 0.100000 80.000000 0.000000 -32936.421202 60.725876 6.453935
5 300.000000 1.000000 0.000000 0.500000 0.100000 80.000000 0.000000 -32749.908998 38.364264 6.405019
3 300.000000 1.000000 0.000000 0.300000 0.100000 100.000000 0.000000 -32967.909729 70.696468 6.724292
3 300.000000 1.000000 0.000000 0.300000 0.100000 100.000000 0.000000 -32956.545327 61.973330 6.799529
4 300.000000 1.000000 0.000000 0.400000 0.100000 90.000000 0.000000 -32777.318520 71.332806 6.654287
5 300.000000 1.000000 0.000000 0.500000 0.100000 80.000000 0.000000 -32773.693632 61.344297 6.835457
5 300.000000 1.000000 0.000000 0.500000 0.100000 80.000000 0.000000 -32782.320365 40.401823 6.398723
5 300.000000 1.000000 0.000000 0.500000 0.100000 80.000000 0.000000 -32853.837703 69.837526 7.193126
2 300.000000 1.000000 0.000000 0.200000 0.100000 110.000000 0.000000 -32958.031261 131.006754 7.216192
2 300.000000 1.000000 0.000000 0.200000 0.100000 110.000000 0.000000 -32799.771827 124.227374 6.477742
2 300.000000 1.000000 0.000000 0.200000 0.100000 110.000000 0.000000 -32849.988797 110.632924 6.722476
2 300.000000 1.000000 0.000000 0.200000 0.100000 110.000000 0.000000 -32889.506142 123.122393 7.687599
2 300.000000 1.000000 0.000000 0.200000 0.100000 110.000000 0.000000 -32729.249148 132.748116 6.389780
1 300.000000 1.000000 0.000000 0.100000 0.100000 120.000000 0.000000 -32832.974605 154.904295 6.607875
1 300.000000 1.000000 0.000000 0.100000 0.100000 120.000000 0.000000 -32840.605603 174.767532 7.681065
1 300.000000 1.000000 0.000000 0.100000 0.100000 120.000000 0.000000 -32910.851029 140.071040 5.937990
1 300.000000 1.000000 0.000000 0.100000 0.100000 120.000000 0.000000 -32915.475490 153.184466 7.818011
1 300.000000 1.000000 0.000000 0.100000 0.100000 120.000000 0.000000 -32941.503116 139.267441 8.272106
1 300.000000 1.000000 0.000000 0.100000 0.100000 120.000000 0.000000 -32702.625937 136.109316 3.738115
1 300.000000 1.000000 0.000000 0.100000 0.100000 120.000000 0.000000 -32836.097423 127.543230 0.080248
1 300.000000 1.000000 0.000000 0.100000 0.100000 120.000000 0.000000 -32967.290663 137.917858 0.540975
1 300.000000 1.000000 0.000000 0.100000 0.100000 120.000000 0.000000 -32683.217957 144.412511 7.718231
1 300.000000 1.000000 0.000000 0.100000 0.100000 120.000000 0.000000 -32854.050011 141.273040 7.604050
1 300.000000 1.000000 0.000000 0.100000 0.100000 120.000000 0.000000 -32982.567709 141.210837 4.956076
1 300.000000 1.000000 0.000000 0.100000 0.100000 120.000000 0.000000 -32777.087058 109.076817 3.894558
2 300.000000 1.000000 0.000000 0.200000 0.100000 110.000000 0.000000 -32904.997804 111.055200 3.179582
2 300.000000 1.000000 0.000000 0.200000 0.100000 110.000000 0.000000 -32900.519179 111.861431 3.725280
2 300.000000 1.000000 0.000000 0.200000 0.100000 110.000000 0.000000 -32750.680047 95.860984 0.402605
2 300.000000 1.000000 0.000000 0.200000 0.100000 110.000000 0.000000 -32853.697260 125.407660 6.481788
2 300.000000 1.000000 0.000000 0.200000 0.100000 110.000000 0.000000 -32916.092954 85.576607 3.846394
3 300.000000 1.000000 0.000000 0.300000 0.100000 100.000000 0.000000 -32767.538264 67.324901 6.944307
5 300.000000 1.000000 0.000000 0.500000 0.100000 80.000000 0.000000 -32706.434301 52.860975 7.045552
4 300.000000 1.000000 0.000000 0.400000 0.100000 90.000000 0.000000 -32813.820919 50.198719 6.486614
4 300.000000 1.000000 0.000000 0.400000 0.100000 90.000000 0.000000 -32853.939504 54.173471 6.568876
4 300.000000 1.000000 0.000000 0.400000 0.100000 90.000000 0.000000 -32770.792947 76.520574 7.366158
4 300.000000 1.000000 0.000000 0.400000 0.100000 90.000000 0.000000 -32982.003227 71.544688 6.547772
4 300.000000 1.000000 0.000000 0.400000 0.100000 90.000000 0.000000 -32670.163646 70.365176 6.391227
5 300.000000 1.000000 0.000000 0.500000 0.100000 80.000000 0.000000 -32822.688438 76.941098 8.195489
3 300.000000 1.000000 0.000000 0.300000 0.100000 100.000000 0.000000 -32886.668338 75.561205 6.509945
3 300.000000 1.000000 0.000000 0.300000 0.100000 100.000000 0.000000 -32774.897157 53.995673 6.413598
4 300.000000 1.000000 0.000000 0.400000 0.100000 90.000000 0.000000 -32917.320179 72.492993 6.864870
5 300.000000 1.000000 0.000000 0.500000 0.100000 80.000000 0.000000 -32762.429400 43.848726 7.459676
5 300.000000 1.000000 0.000000 0.500000 0.100000 80.000000 0.000000 -32785.422765 62.640227 6.389726
4 300.000000 1.000000 0.000000 0.400000 0.100000 90.000000 0.000000 -32798.294449 54.987748 2.026743
3 300.000000 1.000000 0.000000 0.300000 0.100000 100.000000 0.000000 -32796.189514 81.373373 1.165086
3 300.000000 1.000000 0.000000 0.300000 0.100000 100.000000 0.000000 -32867.518519 81.931026 7.871478
4 300.000000 1.000000 0.000000 0.400000 0.100000 90.000000 0.000000 -32784.422835 67.768413 6.807251
4 300.000000 1.000000 0.000000 0.400000 0.100000 90.000000 0.000000 -32902.167385 64.554845 3.353756
4 300.000000 1.000000 0.000000 0.400000 0.100000 90.000000 0.000000 -33052.653690 54.649665 6.760921
5 300.000000 1.000000 0.000000 0.500000 0.100000 80.000000 0.000000 -32842.618157 37.115744 7.835613
6 300.000000 1.000000 0.100000 0.500000 0.100000 70.000000 0.000000 -32841.635374 23.737181 6.481171
6 300.000000 1.000000 0.100000 0.500000 0.100000 70.000000 0.000000 -32779.951492 32.492902 1.564858
4 300.000000 1.000000 0.000000 0.400000 0.100000 90.000000 0.000000 -32696.601347 79.156358 7.199909
5 300.000000 1.000000 0.000000 0.500000 0.100000 80.000000 0.000000 -32884.917030 63.162644 7.062540
3 300.000000 1.000000 0.000000 0.300000 0.100000 100.000000 0.000000 -32742.544575 84.380557 4.432098
4 300.000000 1.000000 0.000000 0.400000 0.100000 90.000000 0.000000 -32753.036076 57.189313 7.008174
3 300.000000 1.000000 0.000000 0.300000 0.100000 100.000000 0.000000 -32881.889657 87.283759 7.595105
3 300.000000 1.000000 0.000000 0.300000 0.100000 100.000000 0.000000 -32760.730713 86.748802 0.067527
3 300.000000 1.000000 0.000000 0.300000 0.100000 100.000000 0.000000 -32875.648708 92.515239 5.230382
3 300.000000 1.000000 0.000000 0.300000 0.100000 100.000000 0.000000 -32788.558843 34.308668 7.007398
7 300.000000 1.000000 0.200000 0.500000 0.100000 60.000000 0.000000 -32760.945276 28.721133 6.863718
6 300.000000 1.000000 0.100000 0.500000 0.100000 70.000000 0.000000 -32762.718262 13.849188 7.982988
6 300.000000 1.000000 0.100000 0.500000 0.100000 70.000000 0.000000 -32908.718031 19.248271 6.447923
6 300.000000 1.000000 0.100000 0.500000 0.100000 70.000000 0.000000 -32889.338389 14.662135 6.390088
6 300.000000 1.000000 0.100000 0.500000 0.100000 70.000000 0.000000 -32820.671670 24.050407 6.480744
6 300.000000 1.000000 0.100000 0.500000 0.100000 70.000000 0.000000 -32721.542675 27.842780 6.430132
5 300.000000 1.000000 0.000000 0.500000 0.100000 80.000000 0.000000 -32776.913273 46.569901 7.041561
5 300.000000 1.000000 0.000000 0.500000 0.100000 80.000000 0.000000 -32725.163000 69.937705 6.676116
3 300.000000 1.000000 0.000000 0.300000 0.100000 100.000000 0.000000 -32923.958484 78.872942 3.567233
3 300.000000 1.000000 0.000000 0.300000 0.100000 100.000000 0.000000 -32962.120661 55.958997 7.637678
4 300.000000 1.000000 0.000000 0.400000 0.100000 90.000000 0.000000 -32875.927766 40.299449 6.607377
5 300.000000 1.000000 0.000000 0.500000 0.100000 80.000000 0.000000 -32769.722836 29.897441 6.414509
7 300.000000 1.000000 0.200000 0.500000 0.100000 60.000000 0.000000 -32793.599071 8.493986 6.434795
7 300.000000 1.000000 0.200000 0.500000 0.100000 60.000000 0.000000 -32788.582397 15.546465 7.320401
8 300.000000 1.000000 0.300000 0.500000 0.100000 50.000000 0.000000 -32800.891312 4.814154 7.431595
8 300.000000 1.000000 0.300000 0.500000 0.100000 50.000000 0.000000 -32761.440351 1.086823 7.730290
9 300.000000 1.000000 0.400000 0.500000 0.100000 40.000000 0.000000 -32788.867962 -0.358334 6.482655
8 300.000000 1.000000 0.300000 0.500000 0.100000 50.000000 0.000000 -32830.789327 4.751623 6.759224
10 300.000000 1.000000 0.500000 0.500000 0.100000 30.000000 0.000000 -32705.647394 7.158784 6.729331
12 300.000000 -1.000000 0.400000 0.500000 0.100000 40.000000 0.000000 -32834.111091 11.803494 6.635455
14 300.000000 -1.000000 0.200000 0.500000 0.100000 60.000000 0.000000 -32826.137559 11.717220 6.405226
14 300.000000 -1.000000 0.200000 0.500000 0.100000 60.000000 0.000000 -32899.480210 4.738978 7.068140
11 300.000000 -1.000000 0.500000 0.500000 0.100000 30.000000 0.000000 -33038.517720 -4.495389 6.885827
10 300.000000 1.000000 0.500000 0.500000 0.100000 30.000000 0.000000 -32924.486421 -3.322648 6.493481
9 300.000000 1.000000 0.400000 0.500000 0.100000 40.000000 0.000000 -32836.655802 7.990352 6.665999
10 300.000000 1.000000 0.500000 0.500000 0.100000 30.000000 0.000000 -32951.617108 6.844584 8.176806
9 300.000000 1.000000 0.400000 0.500000 0.100000 40.000000 0.000000 -32851.002199 1.742474 7.801193
13 300.000000 -1.000000 0.300000 0.500000 0.100000 50.000000 0.000000 -32926.598134 0.302719 6.513911
10 300.000000 1.000000 0.500000 0.500000 0.100000 30.000000 0.000000 -32805.895763 3.847225 6.447391
12 300.000000 -1.000000 0.400000 0.500000 0.100000 40.000000 0.000000 -32844.023874 11.000329 7.346631
13 300.000000 -1.000000 0.300000 0.500000 0.100000 50.000000 0.000000 -32898.259743 7.132484 6.469169
13 300.000000 -1.000000 0.300000 0.500000 0.100000 50.000000 0.000000 -32958.334548 7.901291 6.526245
13 300.000000 -1.000000 0.300000 0.500000 0.100000 50.000000 0.000000 -32817.189824 8.459977 6.434210
13 300.000000 -1.000000 0.300000 0.500000 0.100000 50.000000 0.000000 -32931.232550 3.665249 6.886508
13 300.000000 -1.000000 0.300000 0.500000 0.100000 50.000000 0.000000 -33009.465466 15.451150 6.835507
15 300.000000 -1.000000 0.100000 0.500000 0.100000 70.000000 0.000000 -32679.509262 34.775120 7.099575
15 300.000000 -1.000000 0.100000 0.500000 0.100000 70.000000 0.000000 -32794.378154 35.053234 6.411040
15 300.000000 -1.000000 0.100000 0.500000 0.100000 70.000000 0.000000 -32732.689450 22.675851 6.393115
14 300.000000 -1.000000 0.200000 0.500000 0.100000 60.000000 0.000000 -32935.930916 0.451088 7.546821
10 300.000000 1.000000 0.500000 0.500000 0.100000 30.000000 0.000000 -32861.809815 2.383948 7.739586
9 300.000000 1.000000 0.400000 0.500000 0.100000 40.000000 0.000000 -32905.197705 6.450561 6.940719
7 300.000000 1.000000 0.200000 0.500000 0.100000 60.000000 0.000000 -32834.778164 15.860709 6.392791
7 300.000000 1.000000 0.200000 0.500000 0.100000 60.000000 0.000000 -32907.218237 11.149973 6.410605
8 300.000000 1.000000 0.300000 0.500000 0.100000 50.000000 0.000000 -32884.603851 -1.468992 6.632410
11 300.000000 -1.000000 0.500000 0.500000 0.100000 30.000000 0.000000 -32748.807927 -2.410991 6.606200
11 300.000000 -1.000000 0.500000 0.500000 0.100000 30.000000 0.000000 -32890.949135 -2.121107 6.523964
8 300.000000 1.000000 0.300000 0.500000 0.100000 50.000000 0.000000 -32821.498368 9.354259 7.689937
7 300.000000 1.000000 0.200000 0.500000 0.100000 60.000000 0.000000 -32864.315990 20.851334 6.893482
8 300.000000 1.000000 0.300000 0.500000 0.100000 50.000000 0.000000 -32711.058024 9.637785 6.707915
7 300.000000 1.000000 0.200000 0.500000 0.100000 60.000000 0.000000 -32777.737456 8.237020 6.647232
8 300.000000 1.000000 0.300000 0.500000 0.100000 50.000000 0.000000 -32757.831946 6.048351 6.897111
7 300.000000 1.000000 0.200000 0.500000 0.100000 60.000000 0.000000 -32952.443114 5.482296 8.196644
8 300.000000 1.000000 0.300000 0.500000 0.100000 50.000000 0.000000 -32828.291733 0.903045 7.380351
9 300.000000 1.000000 0.400000 0.500000 0.100000 40.000000 0.000000 -32940.163348 10.654292 7.030504
6 300.000000 1.000000 0.100000 0.500000 0.100000 70.000000 0.000000 -32868.319351 16.692170 6.737880
6 300.000000 1.000000 0.100000 0.500000 0.100000 70.000000 0.000000 -32803.606403 19.123812 6.655457
7 300.000000 1.000000 0.200000 0.500000 0.100000 60.000000 0.000000 -32830.137614 9.324713 6.970630
7 300.000000 1.000000 0.200000 0.500000 0.100000 60.000000 0.000000 -32731.622534 15.259073 6.413980
7 300.000000 1.000000 0.200000 0.500000 0.100000 60.000000 0.000000 -32873.843936 4.864143 7.925654
8 300.000000 1.000000 0.300000 0.500000 0.100000 50.000000 0.000000 -32714.085623 12.835674 6.490176
8 300.000000 1.000000 0.300000 0.500000 0.100000 50.000000 0.000000 -32748.066651 8.568911 6.399006
8 300.000000 1.000000 0.300000 0.500000 0.100000 50.000000 0.000000 -32972.629653 7.349552 6.422968
8 300.000000 1.000000 0.300000 0.500000 0.100000 50.000000 0.000000 -32730.178164 2.846868 6.452377
7 300.000000 1.000000 0.200000 0.500000 0.100000 60.000000 0.000000 -33006.969990 16.033334 6.391029
7 300.000000 1.000000 0.200000 0.500000 0.100000 60.000000 0.000000 -32744.417345 12.816003 8.283377
7 300.000000 1.000000 0.200000 0.500000 0.100000 60.000000 0.000000 -33050.109356 19.583778 7.219618
6 300.000000 1.000000 0.100000 0.500000 0.100000 70.000000 0.000000 -32762.082472 22.472020 6.979240
6 300.000000 1.000000 0.100000 0.500000 0.100000 70.000000 0.000000 -32707.591889 24.974266 6.449184
6 300.000000 1.000000 0.100000 0.500000 0.100000 70.000000 0.000000 -32813.866958 38.239546 0.050889
6 300.000000 1.000000 0.100000 0.500000 0.100000 70.000000 0.000000 -32877.083210 31.773485 6.484734
7 300.000000 1.000000 0.200000 0.500000 0.100000 60.000000 0.000000 -32957.404926 25.810175 3.344132
7 300.000000 1.000000 0.200000 0.500000 0.100000 60.000000 0.000000 -32901.441564 24.604878 6.491540
7 300.000000 1.000000 0.200000 0.500000 0.100000 60.000000 0.000000 -32760.887736 12.681210 6.440812
6 300.000000 1.000000 0.100000 0.500000 0.100000 70.000000 0.000000 -32963.430204 18.879624 6.539531
6 300.000000 1.000000 0.100000 0.500000 0.100000 70.000000 0.000000 -32745.829685 31.005405 7.439690
6 300.000000 1.000000 0.100000 0.500000 0.100000 70.000000 0.000000 -32748.941991 17.010335 7.492944
7 300.000000 1.000000 0.200000 0.500000 0.100000 60.000000 0.000000 -32999.812170 11.700323 6.861353
6 300.000000 1.000000 0.100000 0.500000 0.100000 70.000000 0.000000 -32873.505481 17.761724 7.601997
6 300.000000 1.000000 0.100000 0.500000 0.100000 70.000000 0.000000 -32806.220472 33.400353 6.390443
6 300.000000 1.000000 0.100000 0.500000 0.100000 70.000000 0.000000 -32939.670933 12.288418 6.773850
7 300.000000 1.000000 0.200000 0.500000 0.100000 60.000000 0.000000 -32799.138031 17.745400 6.391280
7 300.000000 1.000000 0.200000 0.500000 0.100000 60.000000 0.000000 -32824.302854 9.512485 7.400463
9 300.000000 1.000000 0.400000 0.500000 0.100000 40.000000 0.000000 -32792.793010 4.608038 6.487232
8 300.000000 1.000000 0.300000 0.500000 0.100000 50.000000 0.000000 -32835.061648 18.363678 6.813850
6 300.000000 1.000000 0.100000 0.500000 0.100000 70.000000 0.000000 -32886.381426 27.643260 6.816683
6 300.000000 1.000000 0.100000 0.500000 0.100000 70.000000 0.000000 -32906.239024 30.076695 7.829990
6 300.000000 1.000000 0.100000 0.500000 0.100000 70.000000 0.000000 -32877.023390 36.230387 6.533996
7 300.000000 1.000000 0.200000 0.500000 0.100000 60.000000 0.000000 -32867.383522 11.093076 6.675071
7 300.000000 1.000000 0.200000 0.500000 0.100000 60.000000 0.000000 -32755.030340 8.271676 6.410890
8 300.000000 1.000000 0.300000 0.500000 0.100000 50.000000 0.000000 -32848.208008 1.389639 6.516509
11 300.000000 -1.000000 0.500000 0.500000 0.100000 30.000000 0.000000 -32994.354048 2.490857 6.520899
10 300.000000 1.000000 0.500000 0.500000 0.100000 30.000000 0.000000 -32986.230090 -6.263841 6.500795
11 300.000000 -1.000000 0.500000 0.500000 0.100000 30.000000 0.000000 -32861.649435 -0.640545 6.928689
12 300.000000 -1.000000 0.400000 0.500000 0.100000 40.000000 0.000000 -32870.931663 -0.162939 6.465753
11 300.000000 -1.000000 0.500000 0.500000 0.100000 30.000000 0.000000 -32779.302653 -4.131498 6.681321
10 300.000000 1.000000 0.500000 0.500000 0.100000 30.000000 0.000000 -32876.969636 -7.116749 5.575624
10 300.000000 1.000000 0.500000 0.500000 0.100000 30.000000 0.000000 -32778.234254 2.977274 5.193357
12 300.000000 -1.000000 0.400000 0.500000 0.100000 40.000000 0.000000 -32893.640038 -0.865255 8.186167
10 300.000000 1.000000 0.500000 0.500000 0.100000 30.000000 0.000000 -32873.386136 -4.956863 6.645945
10 300.000000 1.000000 0.500000 0.500000 0.100000 30.000000 0.000000 -32765.041306 2.169658 6.930527
9 300.000000 1.000000 0.400000 0.500000 0.100000 40.000000 0.000000 -32928.056610 -0.575861 6.782592
12 300.000000 -1.000000 0.400000 0.500000 0.100000 40.000000 0.000000 -32962.462292 -3.151880 6.818277
10 300.000000 1.000000 0.500000 0.500000 0.100000 30.000000 0.000000 -32966.656737 1.238861 6.668961
10 300.000000 1.000000 0.500000 0.500000 0.100000 30.000000 0.000000 -32941.157331 2.463257 6.710596
11 300.000000 -1.000000 0.500000 0.500000 0.100000 30.000000 0.000000 -32779.904456 5.411875 7.550671
13 300.000000 -1.000000 0.300000 0.500000 0.100000 50.000000 0.000000 -32847.494030 9.520752 7.890879
13 300.000000 -1.000000 0.300000 0.500000 0.100000 50.000000 0.000000 -32826.310306 3.677437 7.425100
14 300.000000 -1.000000 0.200000 0.500000 0.100000 60.000000 0.000000 -32906.725756 13.719306 6.721614
14 300.000000 -1.000000 0.200000 0.500000 0.100000 60.000000 0.000000 -32891.288195 7.958340 6.588929
14 300.000000 -1.000000 0.200000 0.500000 0.100000 60.000000 0.000000 -32918.035270 5.896768 6.727599
13 300.000000 -1.000000 0.300000 0.500000 0.100000 50.000000 0.000000 -32861.765029 2.270905 7.075829
11 300.000000 -1.000000 0.500000 0.500000 0.100000 30.000000 0.000000 -32911.987606 0.905340 6.448111
9 300.000000 1.000000 0.400000 0.500000 0.100000 40.000000 0.000000 -32853.906775 6.344467 6.877908
8 300.000000 1.000000 0.300000 0.500000 0.100000 50.000000 0.000000 -33009.131881 7.753405 6.451908
9 300.000000 1.000000 0.400000 0.500000 0.100000 40.000000 0.000000 -32850.139722 0.892374 6.708948
9 300.000000 1.000000 0.400000 0.500000 0.100000 40.000000 0.000000 -32858.674562 3.850424 8.011543
10 300.000000 1.000000 0.500000 0.500000 0.100000 30.000000 0.000000 -32817.936002 -4.167868 6.501216
8 300.000000 1.000000 0.300000 0.500000 0.100000 50.000000 0.000000 -32804.915974 17.244647 7.025541
7 300.000000 1.000000 0.200000 0.500000 0.100000 60.000000 0.000000 -32870.081737 2.445645 6.873362
10 300.000000 1.000000 0.500000 0.500000 0.100000 30.000000 0.000000 -32981.694279 -0.189500 6.652675
11 300.000000 -1.000000 0.500000 0.500000 0.100000 30.000000 0.000000 -32832.741798 -3.572215 7.336302
11 300.000000 -1.000000 0.500000 0.500000 0.100000 30.000000 0.000000 -32846.763508 6.211965 6.787925
11 300.000000 -1.000000 0.500000 0.500000 0.100000 30.000000 0.000000 -33029.738802 7.083631 6.413152
14 300.000000 -1.000000 0.200000 0.500000 0.100000 60.000000 0.000000 -32807.817385 16.482828 6.481919
15 300.000000 -1.000000 0.100000 0.500000 0.100000 70.000000 0.000000 -32746.508000 19.773435 6.954361
14 300.000000 -1.000000 0.200000 0.500000 0.100000 60.000000 0.000000 -32750.465913 7.498891 6.412437
7 300.000000 1.000000 0.200000 0.500000 0.100000 60.000000 0.000000 -32833.567617 7.995215 6.707544
9 300.000000 1.000000 0.400000 0.500000 0.100000 40.000000 0.000000 -32932.635702 1.387788 8.042981
13 300.000000 -1.000000 0.300000 0.500000 0.100000 50.000000 0.000000 -32842.905703 6.882973 8.237591
14 300.000000 -1.000000 0.200000 0.500000 0.100000 60.000000 0.000000 -32920.414496 18.438472 6.426618
15 300.000000 -1.000000 0.100000 0.500000 0.100000 70.000000 0.000000 -32853.404791 27.122139 7.298314
16 300.000000 -1.000000 0.000000 0.500000 0.100000 80.000000 0.000000 -32842.925305 59.453356 7.048451
17 300.000000 -1.000000 0.000000 0.400000 0.100000 90.000000 0.000000 -32928.584428 43.840002 6.789986
17 300.000000 -1.000000 0.000000 0.400000 0.100000 90.000000 0.000000 -32902.671211 57.845812 7.504116
17 300.000000 -1.000000 0.000000 0.400000 0.100000 90.000000 0.000000 -33062.864202 52.393948 7.584893
16 300.000000 -1.000000 0.000000 0.500000 0.100000 80.000000 0.000000 -32879.718993 62.207910 6.527690
16 300.000000 -1.000000 0.000000 0.500000 0.100000 80.000000 0.000000 -32852.003848 52.545674 6.649598
18 300.000000 -1.000000 0.000000 0.300000 0.100000 100.000000 0.000000 -32863.615945 94.933312 8.238483
19 300.000000 -1.000000 0.000000 0.200000 0.100000 110.000000 0.000000 -32734.590852 126.277808 6.782483
19 300.000000 -1.000000 0.000000 0.200000 0.100000 110.000000 0.000000 -32778.580520 122.869879 7.333587
20 300.000000 -1.000000 0.000000 0.100000 0.100000 120.000000 0.000000 -32727.935837 131.803126 8.093125
20 300.000000 -1.000000 0.000000 0.100000 0.100000 120.000000 0.000000 -32806.776213 141.008906 8.129204
20 300.000000 -1.000000 0.000000 0.100000 0.100000 120.000000 0.000000 -32879.428907 149.085955 7.984590
20 300.000000 -1.000000 0.000000 0.100000 0.100000 120.000000 0.000000 -32850.093367 146.597124 7.928352
20 300.000000 -1.000000 0.000000 0.100000 0.100000 120.000000 0.000000 -32897.825063 159.404479 8.180631
20 300.000000 -1.000000 0.000000 0.100000 0.100000 120.000000 0.000000 -32867.775120 125.544347 7.236126
20 300.000000 -1.000000 0.000000 0.100000 0.100000 120.000000 0.000000 -32880.848425 129.257852 6.592756
20 300.000000 -1.000000 0.000000 0.100000 0.100000 120.000000 0.000000 -32812.213119 133.624435 8.051347
20 300.000000 -1.000000 0.000000 0.100000 0.100000 120.000000 0.000000 -32776.038059 140.965992 8.279738
20 300.000000 -1.000000 0.000000 0.100000 0.100000 120.000000 0.000000 -33022.570936 153.357753 7.856714
20 300.000000 -1.000000 0.000000 0.100000 0.100000 120.000000 0.000000 -32901.379499 141.345892 6.888184
20 300.000000 -1.000000 0.000000 0.100000 0.100000 120.000000 0.000000 -32817.730855 136.418979 6.868307
20 300.000000 -1.000000 0.000000 0.100000 0.100000 120.000000 0.000000 -32981.108816 147.373440 6.931711
20 300.000000 -1.000000 0.000000 0.100000 0.100000 120.000000 0.000000 -32954.108503 138.459001 7.234543
20 300.000000 -1.000000 0.000000 0.100000 0.100000 120.000000 0.000000 -32876.877562 153.705357 7.554537
20 300.000000 -1.000000 0.000000 0.100000 0.100000 120.000000 0.000000 -32905.746005 157.238136 7.063155
20 300.000000 -1.000000 0.000000 0.100000 0.100000 120.000000 0.000000 -32859.150758 143.284874 8.278440
20 300.000000 -1.000000 0.000000 0.100000 0.100000 120.000000 0.000000 -32864.269407 138.733952 7.969487
20 300.000000 -1.000000 0.000000 0.100000 0.100000 120.000000 0.000000 -32797.882216 156.774876 6.777567
20 300.000000 -1.000000 0.000000 0.100000 0.100000 120.000000 0.000000 -32888.002238 132.885394 8.146570
20 300.000000 -1.000000 0.000000 0.100000 0.100000 120.000000 0.000000 -32894.608383 143.732782 1.121941
20 300.000000 -1.000000 0.000000 0.100000 0.100000 120.000000 0.000000 -32885.105453 140.432253 7.710204
20 300.000000 -1.000000 0.000000 0.100000 0.100000 120.000000 0.000000 -32905.198400 140.270569 6.871572
20 300.000000 -1.000000 0.000000 0.100000 0.100000 120.000000 0.000000 -32741.905069 136.152985 7.390264
20 300.000000 -1.000000 0.000000 0.100000 0.100000 120.000000 0.000000 -32993.719939 121.389974 6.794885
20 300.000000 -1.000000 0.000000 0.100000 0.100000 120.000000 0.000000 -32892.194326 139.370357 6.987488
20 300.000000 -1.000000 0.000000 0.100000 0.100000 120.000000 0.000000 -32817.690808 134.075817 7.153695
20 300.000000 -1.000000 0.000000 0.100000 0.100000 120.000000 0.000000 -32847.283262 122.274640 7.423071
19 300.000000 -1.000000 0.000000 0.200000 0.100000 110.000000 0.000000 -32755.845058 128.666152 6.701540
20 300.000000 -1.000000 0.000000 0.100000 0.100000 120.000000 0.000000 -32856.054837 146.270575 7.198932
20 300.000000 -1.000000 0.000000 0.100000 0.100000 120.000000 0.000000 -32843.156327 135.762749 6.770947
19 300.000000 -1.000000 0.000000 0.200000 0.100000 110.000000 0.000000 -32779.008536 119.827716 7.682138
19 300.000000 -1.000000 0.000000 0.200000 0.100000 110.000000 0.000000 -32751.281952 119.685694 6.419432
19 300.000000 -1.000000 0.000000 0.200000 0.100000 110.000000 0.000000 -32915.018219 87.323998 7.055725
18 300.000000 -1.000000 0.000000 0.300000 0.100000 100.000000 0.000000 -32875.239431 51.686196 7.496832
16 300.000000 -1.000000 0.000000 0.500000 0.100000 80.000000 0.000000 -32837.571242 60.718113 6.575683
18 300.000000 -1.000000 0.000000 0.300000 0.100000 100.000000 0.000000 -32814.009194 78.155405 7.704381
18 300.000000 -1.000000 0.000000 0.300000 0.100000 100.000000 0.000000 -32781.535344 88.437705 8.216858
18 300.000000 -1.000000 0.000000 0.300000 0.100000 100.000000 0.000000 -32723.162007 95.808237 7.548448
18 300.000000 -1.000000 0.000000 0.300000 0.100000 100.000000 0.000000 -32908.616083 79.154624 6.453880
19 300.000000 -1.000000 0.000000 0.200000 0.100000 110.000000 0.000000 -32812.339855 98.713565 8.087455
19 300.000000 -1.000000 0.000000 0.200000 0.100000 110.000000 0.000000 -32896.395519 124.106146 8.227296
20 300.000000 -1.000000 0.000000 0.100000 0.100000 120.000000 0.000000 -32757.129452 137.543758 8.283369
20 300.000000 -1.000000 0.000000 0.100000 0.100000 120.000000 0.000000 -32923.133317 140.909970 6.562838
20 300.000000 -1.000000 0.000000 0.100000 0.100000 120.000000 0.000000 -32828.385492 153.653470 8.282652
20 300.000000 -1.000000 0.000000 0.100000 0.100000 120.000000 0.000000 -32843.298119 143.292418 7.994985
21 300.000000 -1.000000 0.000000 0.000000 0.100000 130.000000 0.000000 -32740.339285 165.965570 6.543320
21 300.000000 -1.000000 0.000000 0.000000 0.100000 130.000000 0.000000 -32742.959540 186.800818 3.165183
21 300.000000 -1.000000 0.000000 0.000000 0.100000 130.000000 0.000000 -32803.893569 134.124129 6.720776
21 300.000000 -1.000000 0.000000 0.000000 0.100000 130.000000 0.000000 -32941.865912 128.793509 6.834657
20 300.000000 -1.000000 0.000000 0.100000 0.100000 120.000000 0.000000 -32779.854434 138.656430 8.093743
20 300.000000 -1.000000 0.000000 0.100000 0.100000 120.000000 0.000000 -32731.649279 139.530939 6.546100
20 300.000000 -1.000000 0.000000 0.100000 0.100000 120.000000 0.000000 -32772.480602 140.638855 6.679993
20 300.000000 -1.000000 0.000000 0.100000 0.100000 120.000000 0.000000 -32794.200269 138.735220 8.274389
20 300.000000 -1.000000 0.000000 0.100000 0.100000 120.000000 0.000000 -32812.172919 141.139444 8.002602
20 300.000000 -1.000000 0.000000 0.100000 0.100000 120.000000 0.000000 -32782.088415 141.608805 8.272611
20 300.000000 -1.000000 0.000000 0.100000 0.100000 120.000000 0.000000 -32746.668624 134.248450 7.627328
20 300.000000 -1.000000 0.000000 0.100000 0.100000 120.000000 0.000000 -32997.918846 134.173489 7.203945
20 300.000000 -1.000000 0.000000 0.100000 0.100000 120.000000 0.000000 -32913.805272 144.396251 6.669505
19 300.000000 -1.000000 0.000000 0.200000 0.100000 110.000000 0.000000 -32845.001416 91.093531 7.377081
19 300.000000 -1.000000 0.000000 0.200000 0.100000 110.000000 0.000000 -32921.603004 126.141420 6.940379
19 300.000000 -1.000000 0.000000 0.200000 0.100000 110.000000 0.000000 -32878.811921 114.478009 8.281216
19 300.000000 -1.000000 0.000000 0.200000 0.100000 110.000000 0.000000 -32843.157987 131.259627 6.787545
19 300.000000 -1.000000 0.000000 0.200000 0.100000 110.000000 0.000000 -32879.084759 123.056718 6.620445
19 300.000000 -1.000000 0.000000 0.200000 0.100000 110.000000 0.000000 -32716.651895 128.542541 6.626443
19 300.000000 -1.000000 0.000000 0.200000 0.100000 110.000000 0.000000 -33025.671707 116.645852 7.595377
19 300.000000 -1.000000 0.000000 0.200000 0.100000 110.000000 0.000000 -32857.309792 116.471090 7.376933
19 300.000000 -1.000000 0.000000 0.200000 0.100000 110.000000 0.000000 -32905.584369 129.449015 7.748938
20 300.000000 -1.000000 0.000000 0.100000 0.100000 120.000000 0.000000 -32823.239817 151.349623 8.279365
20 300.000000 -1.000000 0.000000 0.100000 0.100000 120.000000 0.000000 -32959.258206 148.737066 4.755169
20 300.000000 -1.000000 0.000000 0.100000 0.100000 120.000000 0.000000 -32877.715699 170.586651 8.146127
20 300.000000 -1.000000 0.000000 0.100000 0.100000 120.000000 0.000000 -32966.895922 130.212167 7.374708
20 300.000000 -1.000000 0.000000 0.100000 0.100000 120.000000 0.000000 -32986.986112 137.272926 7.275728
20 300.000000 -1.000000 0.000000 0.100000 0.100000 120.000000 0.000000 -32665.778883 143.371796 7.230570
20 300.000000 -1.000000 0.000000 0.100000 0.100000 120.000000 0.000000 -32893.758940 136.520036 6.391161
19 300.000000 -1.000000 0.000000 0.200000 0.100000 110.000000 0.000000 -32874.643709 119.768646 6.469580
19 300.000000 -1.000000 0.000000 0.200000 0.100000 110.000000 0.000000 -32960.794793 132.962051 6.512932
20 300.000000 -1.000000 0.000000 0.100000 0.100000 120.000000 0.000000 -32815.326047 150.250351 6.400780
21 300.000000 -1.000000 0.000000 0.000000 0.100000 130.000000 0.000000 -32870.782010 184.628999 6.389886
21 300.000000 -1.000000 0.000000 0.000000 0.100000 130.000000 0.000000 -32842.776831 190.728880 7.625253
21 300.000000 -1.000000 0.000000 0.000000 0.100000 130.000000 0.000000 -32841.536859 167.573976 6.527748
21 300.000000 -1.000000 0.000000 0.000000 0.100000 130.000000 0.000000 -32992.791562 184.218346 6.620778
21 300.000000 -1.000000 0.000000 0.000000 0.100000 130.000000 0.000000 -32849.537463 172.461125 6.474514
21 300.000000 -1.000000 0.000000 0.000000 0.100000 130.000000 0.000000 -32944.336122 179.996762 6.614289
21 300.000000 -1.000000 0.000000 0.000000 0.100000 130.000000 0.000000 -33032.287747 177.897923 6.062189
21 300.000000 -1.000000 0.000000 0.000000 0.100000 130.000000 0.000000 -32881.139357 176.905257 6.358309
20 300.000000 -1.000000 0.000000 0.100000 0.100000 120.000000 0.000000 -32809.007913 131.904121 8.270540
20 300.000000 -1.000000 0.000000 0.100000 0.100000 120.000000 0.000000 -32896.958111 135.866941 6.389994
20 300.000000 -1.000000 0.000000 0.100000 0.100000 120.000000 0.000000 -32747.115492 148.680861 6.715098
20 300.000000 -1.000000 0.000000 0.100000 0.100000 120.000000 0.000000 -32944.106192 149.129377 6.461655
21 300.000000 -1.000000 0.000000 0.000000 0.100000 130.000000 0.000000 -32898.014974 154.277997 7.609571
21 300.000000 -1.000000 0.000000 0.000000 0.100000 130.000000 0.000000 -32818.208333 150.685817 8.281354
21 300.000000 -1.000000 0.000000 0.000000 0.100000 130.000000 0.000000 -32842.797648 186.041500 6.559231
21 300.000000 -1.000000 0.000000 0.000000 0.100000 130.000000 0.000000 -32862.281033 187.540760 6.635782
21 300.000000 -1.000000 0.000000 0.000000 0.100000 130.000000 0.000000 -32694.368913 158.068435 6.605627
21 300.000000 -1.000000 0.000000 0.000000 0.100000 130.000000 0.000000 -32881.149997 171.742036 6.459193
21 300.000000 -1.000000 0.000000 0.000000 0.100000 130.000000 0.000000 -32773.585454 182.339992 8.280586
21 300.000000 -1.000000 0.000000 0.000000 0.100000 130.000000 0.000000 -32788.310385 169.079349 7.841820
21 300.000000 -1.000000 0.000000 0.000000 0.100000 130.000000 0.000000 -32828.692120 190.513443 7.210230
21 300.000000 -1.000000 0.000000 0.000000 0.100000 130.000000 0.000000 -32837.740906 156.886886 8.132081
21 300.000000 -1.000000 0.000000 0.000000 0.100000 130.000000 0.000000 -33099.247378 196.906691 8.016411
21 300.000000 -1.000000 0.000000 0.000000 0.100000 130.000000 0.000000 -32867.120462 185.867336 6.157534
21 300.000000 -1.000000 0.000000 0.000000 0.100000 130.000000 0.000000 -33022.446809 193.650669 4.242758
21 300.000000 -1.000000 0.000000 0.000000 0.100000 130.000000 0.000000 -32866.402013 167.735022 8.281724
21 300.000000 -1.000000 0.000000 0.000000 0.100000 130.000000 0.000000 -32874.725217 158.577532 6.504987
21 300.000000 -1.000000 0.000000 0.000000 0.100000 130.000000 0.000000 -32773.003546 149.556993 6.724053
21 300.000000 -1.000000 0.000000 0.000000 0.100000 130.000000 0.000000 -32800.783161 182.579139 7.086864
21 300.000000 -1.000000 0.000000 0.000000 0.100000 130.000000 0.000000 -32827.765967 192.714551 1.444898
21 300.000000 -1.000000 0.000000 0.000000 0.100000 130.000000 0.000000 -32840.955054 162.679764 6.570700
21 300.000000 -1.000000 0.000000 0.000000 0.100000 130.000000 0.000000 -32792.173944 172.971533 8.168832
21 300.000000 -1.000000 0.000000 0.000000 0.100000 130.000000 0.000000 -32852.087628 163.648903 6.396019
21 300.000000 -1.000000 0.000000 0.000000 0.100000 130.000000 0.000000 -32827.052735 170.392841 6.478408
21 300.000000 -1.000000 0.000000 0.000000 0.100000 130.000000 0.000000 -32869.454594 188.033714 7.615935
21 300.000000 -1.000000 0.000000 0.000000 0.100000 130.000000 0.000000 -32868.204201 147.024446 8.282184
21 300.000000 -1.000000 0.000000 0.000000 0.100000 130.000000 0.000000 -32782.305660 166.021604 7.509945
20 300.000000 -1.000000 0.000000 0.100000 0.100000 120.000000 0.000000 -32886.774236 165.229099 6.391579
20 300.000000 -1.000000 0.000000 0.100000 0.100000 120.000000 0.000000 -32829.206533 144.382200 6.503254
20 300.000000 -1.000000 0.000000 0.100000 0.100000 120.000000 0.000000 -32792.460845 144.831456 7.133379
20 300.000000 -1.000000 0.000000 0.100000 0.100000 120.000000 0.000000 -32859.617833 140.259515 6.718597
21 300.000000 -1.000000 0.000000 0.000000 0.100000 130.000000 0.000000 -32761.210073 176.479452 7.649513
21 300.000000 -1.000000 0.000000 0.000000 0.100000 130.000000 0.000000 -32891.384517 187.017760 6.472362
21 300.000000 -1.000000 0.000000 0.000000 0.100000 130.000000 0.000000 -32810.366709 172.045873 7.427454
21 300.000000 -1.000000 0.000000 0.000000 0.100000 130.000000 0.000000 -32904.470909 188.501282 2.242014
21 300.000000 -1.000000 0.000000 0.000000 0.100000 130.000000 0.000000 -32941.855193 160.021476 2.124612
21 300.000000 -1.000000 0.000000 0.000000 0.100000 130.000000 0.000000 -32897.853377 161.265294 1.193907
21 300.000000 -1.000000 0.000000 0.000000 0.100000 130.000000 0.000000 -32834.476537 186.070413 4.104845
21 300.000000 -1.000000 0.000000 0.000000 0.100000 130.000000 0.000000 -32921.043293 148.688144 1.934592
20 300.000000 -1.000000 0.000000 0.100000 0.100000 120.000000 0.000000 -32895.235563 146.043059 4.098191
20 300.000000 -1.000000 0.000000 0.100000 0.100000 120.000000 0.000000 -32906.270347 136.917140 2.413308
20 300.000000 -1.000000 0.000000 0.100000 0.100000 120.000000 0.000000 -32950.257191 138.908521 7.232171
20 300.000000 -1.000000 0.000000 0.100000 0.100000 120.000000 0.000000 -32930.037689 147.055958 5.929481
20 300.000000 -1.000000 0.000000 0.100000 0.100000 120.000000 0.000000 -32857.025098 143.345009 7.368400
20 300.000000 -1.000000 0.000000 0.100000 0.100000 120.000000 0.000000 -32861.704062 132.383789 6.642329
19 300.000000 -1.000000 0.000000 0.200000 0.100000 110.000000 0.000000 -32759.660289 130.768238 8.262432
20 300.000000 -1.000000 0.000000 0.100000 0.100000 120.000000 0.000000 -33001.709976 122.979788 6.581364
19 300.000000 -1.000000 0.000000 0.200000 0.100000 110.000000 0.000000 -32810.194205 88.067111 6.846893
19 300.000000 -1.000000 0.000000 0.200000 0.100000 110.000000 0.000000 -32776.544961 93.507290 7.155426
19 300.000000 -1.000000 0.000000 0.200000 0.100000 110.000000 0.000000 -32796.941850 122.672270 6.670917
19 300.000000 -1.000000 0.000000 0.200000 0.100000 110.000000 0.000000 -32771.886869 132.392354 6.538155
20 300.000000 -1.000000 0.000000 0.100000 0.100000 120.000000 0.000000 -32895.841587 144.577452 6.455824
19 300.000000 -1.000000 0.000000 0.200000 0.100000 110.000000 0.000000 -32990.893280 103.384744 6.389859
19 300.000000 -1.000000 0.000000 0.200000 0.100000 110.000000 0.000000 -32774.338626 55.978453 6.580962
18 300.000000 -1.000000 0.000000 0.300000 0.100000 100.000000 0.000000 -32815.183605 64.553049 6.623144
19 300.000000 -1.000000 0.000000 0.200000 0.100000 110.000000 0.000000 -32762.715993 98.633531 6.389807
18 300.000000 -1.000000 0.000000 0.300000 0.100000 100.000000 0.000000 -32796.904525 61.333049 6.526498
16 300.000000 -1.000000 0.000000 0.500000 0.100000 80.000000 0.000000 -32802.595663 47.865794 6.394620
17 300.000000 -1.000000 0.000000 0.400000 0.100000 90.000000 0.000000 -32816.295593 52.982896 7.205764
16 300.000000 -1.000000 0.000000 0.500000 0.100000 80.000000 0.000000 -32825.836333 45.113453 6.633252
16 300.000000 -1.000000 0.000000 0.500000 0.100000 80.000000 0.000000 -32751.896496 43.736041 7.154783
16 300.000000 -1.000000 0.000000 0.500000 0.100000 80.000000 0.000000 -32917.339427 46.170276 6.599903
18 300.000000 -1.000000 0.000000 0.300000 0.100000 100.000000 0.000000 -32935.313391 89.941859 6.411650
18 300.000000 -1.000000 0.000000 0.300000 0.100000 100.000000 0.000000 -32800.989754 85.092786 6.564116
19 300.000000 -1.000000 0.000000 0.200000 0.100000 110.000000 0.000000 -32823.061474 71.832800 6.432419
18 300.000000 -1.000000 0.000000 0.300000 0.100000 100.000000 0.000000 -32868.958176 98.045333 6.415575
19 300.000000 -1.000000 0.000000 0.200000 0.100000 110.000000 0.000000 -32827.052371 106.805574 7.930527
19 300.000000 -1.000000 0.000000 0.200000 0.100000 110.000000 0.000000 -32827.198724 89.090945 6.638659
19 300.000000 -1.000000 0.000000 0.200000 0.100000 110.000000 0.000000 -32886.665845 135.575059 6.407884
19 300.000000 -1.000000 0.000000 0.200000 0.100000 110.000000 0.000000 -32778.227569 121.147379 6.480700
19 300.000000 -1.000000 0.000000 0.200000 0.100000 110.000000 0.000000 -32796.239642 75.821839 7.011079
19 300.000000 -1.000000 0.000000 0.200000 0.100000 110.000000 0.000000 -32737.983234 116.384313 6.405252
19 300.000000 -1.000000 0.000000 0.200000 0.100000 110.000000 0.000000 -32827.388285 140.534214 6.390807
19 300.000000 -1.000000 0.000000 0.200000 0.100000 110.000000 0.000000 -32966.103533 127.247872 6.447958
19 300.000000 -1.000000 0.000000 0.200000 0.100000 110.000000 0.000000 -32860.035444 77.192865 6.454388
18 300.000000 -1.000000 0.000000 0.300000 0.100000 100.000000 0.000000 -32852.116248 65.411668 6.425302
17 300.000000 -1.000000 0.000000 0.400000 0.100000 90.000000 0.000000 -32802.073118 64.461976 6.462470
18 300.000000 -1.000000 0.000000 0.300000 0.100000 100.000000 0.000000 -32650.179966 71.207381 6.474180
17 300.000000 -1.000000 0.000000 0.400000 0.100000 90.000000 0.000000 -32785.632852 59.445029 6.891882
17 300.000000 -1.000000 0.000000 0.400000 0.100000 90.000000 0.000000 -32780.883874 82.190922 7.324804
18 300.000000 -1.000000 0.000000 0.300000 0.100000 100.000000 0.000000 -32842.357640 91.756832 6.546818
18 300.000000 -1.000000 0.000000 0.300000 0.100000 100.000000 0.000000 -32846.574750 59.595411 6.695631
16 300.000000 -1.000000 0.000000 0.500000 0.100000 80.000000 0.000000 -32837.226342 61.000200 7.242388
16 300.000000 -1.000000 0.000000 0.500000 0.100000 80.000000 0.000000 -32828.551385 44.759861 6.397639
16 300.000000 -1.000000 0.000000 0.500000 0.100000 80.000000 0.000000 -32733.419759 49.756353 7.041690
16 300.000000 -1.000000 0.000000 0.500000 0.100000 80.000000 0.000000 -32801.770364 56.102360 6.546733
18 300.000000 -1.000000 0.000000 0.300000 0.100000 100.000000 0.000000 -32763.717668 67.169058 6.582336
18 300.000000 -1.000000 0.000000 0.300000 0.100000 100.000000 0.000000 -32891.698719 72.014070 6.418253
19 300.000000 -1.000000 0.000000 0.200000 0.100000 110.000000 0.000000 -32749.907818 104.950327 6.488941
19 300.000000 -1.000000 0.000000 0.200000 0.100000 110.000000 0.000000 -32786.279065 76.132381 6.405915
18 300.000000 -1.000000 0.000000 0.300000 0.100000 100.000000 0.000000 -32798.888626 97.330586 7.406292
19 300.000000 -1.000000 0.000000 0.200000 0.100000 110.000000 0.000000 -32729.667310 124.464619 8.241765
19 300.000000 -1.000000 0.000000 0.200000 0.100000 110.000000 0.000000 -32850.210276 92.585701 6.413376
18 300.000000 -1.000000 0.000000 0.300000 0.100000 100.000000 0.000000 -32739.903671 84.217009 6.396340
19 300.000000 -1.000000 0.000000 0.200000 0.100000 110.000000 0.000000 -32897.565536 82.910164 7.680112
19 300.000000 -1.000000 0.000000 0.200000 0.100000 110.000000 0.000000 -32784.827683 70.663601 7.033617
19 300.000000 -1.000000 0.000000 0.200000 0.100000 110.000000 0.000000 -32906.876282 107.909262 7.294627
19 300.000000 -1.000000 0.000000 0.200000 0.100000 110.000000 0.000000 -32951.038631 120.801805 6.989863
20 300.000000 -1.000000 0.000000 0.100000 0.100000 120.000000 0.000000 -32938.597398 144.541423 6.462207
20 300.000000 -1.000000 0.000000 0.100000 0.100000 120.000000 0.000000 -32832.192470 114.875271 7.618296
19 300.000000 -1.000000 0.000000 0.200000 0.100000 110.000000 0.000000 -32733.546298 121.591285 2.857533
