50.000000 0.500000 0.500000 0.500000 0.000000 0.000000 0.000000 -37732.620173 2.046487
75.000000 0.500000 0.500000 0.500000 0.000000 0.000000 0.000000 -37475.331986 -3.107075
100.000000 0.500000 0.500000 0.500000 0.000000 0.000000 0.000000 -37095.018295 -3.644837
125.000000 0.500000 0.500000 0.500000 0.000000 0.000000 0.000000 -36644.285001 -4.063098
150.000000 0.500000 0.500000 0.500000 0.000000 0.000000 0.000000 -36174.071091 1.180091
175.000000 0.500000 0.500000 0.500000 0.000000 0.000000 0.000000 -35603.656812 -7.558556
200.000000 0.500000 0.500000 0.500000 0.000000 0.000000 0.000000 -35016.705740 -10.441563
225.000000 0.500000 0.500000 0.500000 0.000000 0.000000 0.000000 -34279.705106 -2.629063
250.000000 0.500000 0.500000 0.500000 0.000000 0.000000 0.000000 -32868.722299 -4.839866
275.000000 0.500000 0.500000 0.500000 0.000000 0.000000 0.000000 -32015.004313 -23.721319
300.000000 0.500000 0.500000 0.500000 0.000000 0.000000 0.000000 -31671.018035 7.678059
300.000000 0.500000 0.500000 0.500000 0.000000 0.000000 0.000000 -31773.399915 -4.346917
300.000000 0.500000 0.500000 0.500000 0.000000 0.000000 0.000000 -31861.770256 2.509560
300.000000 0.500000 0.500000 0.500000 0.000000 0.000000 0.000000 -31773.319106 -0.358509
300.000000 0.500000 0.500000 0.500000 0.000000 0.000000 0.000000 -31744.087570 -14.161090
300.000000 0.500000 0.500000 0.500000 0.000000 0.000000 0.000000 -31864.771465 -11.098829
300.000000 0.500000 0.500000 0.500000 0.000000 0.000000 0.000000 -31754.558037 -2.151052
300.000000 0.500000 0.500000 0.500000 0.000000 0.000000 0.000000 -31833.262357 5.482194
300.000000 0.500000 0.500000 0.500000 0.000000 0.000000 0.000000 -31903.111518 -0.627390
300.000000 0.500000 0.500000 0.500000 0.000000 0.000000 0.000000 -31879.059229 -6.587596
