8 300.000000 1.000000 0.300000 0.500000 0.100000 50.000000 0.000000 -32908.035634 12.998087 6.501396
8 300.000000 1.000000 0.300000 0.500000 0.100000 50.000000 0.000000 -33015.400314 15.472631 6.473745
7 300.000000 1.000000 0.200000 0.500000 0.100000 60.000000 0.000000 -32743.102225 40.247724 8.113009
6 300.000000 1.000000 0.100000 0.500000 0.100000 70.000000 0.000000 -32756.931645 29.364735 8.282137
4 300.000000 1.000000 0.000000 0.400000 0.100000 90.000000 0.000000 -32929.198212 43.856679 6.713730
4 300.000000 1.000000 0.000000 0.400000 0.100000 90.000000 0.000000 -32822.495529 53.922830 6.741524
5 300.000000 1.000000 0.000000 0.500000 0.100000 80.000000 0.000000 -32800.201201 72.405306 6.543901
2 300.000000 1.000000 0.000000 0.200000 0.100000 110.000000 0.000000 -32895.698798 74.310224 6.447960
2 300.000000 1.000000 0.000000 0.200000 0.100000 110.000000 0.000000 -32977.830855 55.774355 7.039971
5 300.000000 1.000000 0.000000 0.500000 0.100000 80.000000 0.000000 -32813.583109 55.234139 7.577516
4 300.000000 1.000000 0.000000 0.400000 0.100000 90.000000 0.000000 -32763.566836 55.840445 6.472125
5 300.000000 1.000000 0.000000 0.500000 0.100000 80.000000 0.000000 -32903.642529 37.581615 6.483262
3 300.000000 1.000000 0.000000 0.300000 0.100000 100.000000 0.000000 -32722.138475 84.164798 6.423679
4 300.000000 1.000000 0.000000 0.400000 0.100000 90.000000 0.000000 -32851.598213 68.864876 6.492014
4 300.000000 1.000000 0.000000 0.400000 0.100000 90.000000 0.000000 -32785.099498 52.632311 6.441797
4 300.000000 1.000000 0.000000 0.400000 0.100000 90.000000 0.000000 -32732.437562 56.752938 6.991228
5 300.000000 1.000000 0.000000 0.500000 0.100000 80.000000 0.000000 -32905.556047 58.550562 7.228580
2 300.000000 1.000000 0.000000 0.200000 0.100000 110.000000 0.000000 -32698.682051 122.613132 6.766633
1 300.000000 1.000000 0.000000 0.100000 0.100000 120.000000 0.000000 -32814.534329 133.245884 6.697259
2 300.000000 1.000000 0.000000 0.200000 0.100000 110.000000 0.000000 -32765.917673 103.483449 6.395893
2 300.000000 1.000000 0.000000 0.200000 0.100000 110.000000 0.000000 -32882.175191 132.953430 7.000892
2 300.000000 1.000000 0.000000 0.200000 0.100000 110.000000 0.000000 -33002.997503 122.140776 6.518038
1 300.000000 1.000000 0.000000 0.100000 0.100000 120.000000 0.000000 -32733.956873 134.103362 6.375403
1 300.000000 1.000000 0.000000 0.100000 0.100000 120.000000 0.000000 -32929.405681 138.393006 8.269061
1 300.000000 1.000000 0.000000 0.100000 0.100000 120.000000 0.000000 -32810.619321 133.809280 7.196627
1 300.000000 1.000000 0.000000 0.100000 0.100000 120.000000 0.000000 -32840.446611 120.518011 7.744495
1 300.000000 1.000000 0.000000 0.100000 0.100000 120.000000 0.000000 -32977.255995 149.350911 6.795819
1 300.000000 1.000000 0.000000 0.100000 0.100000 120.000000 0.000000 -32676.527685 139.285622 0.357816
1 300.000000 1.000000 0.000000 0.100000 0.100000 120.000000 0.000000 -32827.621874 162.964898 5.857477
0 300.000000 1.000000 0.000000 0.000000 0.100000 130.000000 0.000000 -32936.201998 186.093772 6.811474
0 300.000000 1.000000 0.000000 0.000000 0.100000 130.000000 0.000000 -32770.984281 182.011521 6.865097
0 300.000000 1.000000 0.000000 0.000000 0.100000 130.000000 0.000000 -32797.603982 167.015645 5.944387
0 300.000000 1.000000 0.000000 0.000000 0.100000 130.000000 0.000000 -32781.662744 181.271141 2.853025
0 300.000000 1.000000 0.000000 0.000000 0.100000 130.000000 0.000000 -32786.005118 169.040843 5.373451
0 300.000000 1.000000 0.000000 0.000000 0.100000 130.000000 0.000000 -32982.893080 175.964041 5.942894
0 300.000000 1.000000 0.000000 0.000000 0.100000 130.000000 0.000000 -32868.935482 171.434292 2.358499
0 300.000000 1.000000 0.000000 0.000000 0.100000 130.000000 0.000000 -32918.684232 179.967487 5.408030
0 300.000000 1.000000 0.000000 0.000000 0.100000 130.000000 0.000000 -32704.843904 189.994310 6.401737
0 300.000000 1.000000 0.000000 0.000000 0.100000 130.000000 0.000000 -32850.107151 170.166024 5.953690
0 300.000000 1.000000 0.000000 0.000000 0.100000 130.000000 0.000000 -32951.833210 171.850099 7.334890
0 300.000000 1.000000 0.000000 0.000000 0.100000 130.000000 0.000000 -32822.449472 186.273600 7.476577
0 300.000000 1.000000 0.000000 0.000000 0.100000 130.000000 0.000000 -32948.681897 169.819010 5.804722
0 300.000000 1.000000 0.000000 0.000000 0.100000 130.000000 0.000000 -32885.649110 165.712925 4.747447
0 300.000000 1.000000 0.000000 0.000000 0.100000 130.000000 0.000000 -32889.937792 185.635187 7.395666
0 300.000000 1.000000 0.000000 0.000000 0.100000 130.000000 0.000000 -32871.832333 169.993477 5.573351
0 300.000000 1.000000 0.000000 0.000000 0.100000 130.000000 0.000000 -32650.453338 170.830085 7.915594
0 300.000000 1.000000 0.000000 0.000000 0.100000 130.000000 0.000000 -32692.495535 180.128419 3.434650
0 300.000000 1.000000 0.000000 0.000000 0.100000 130.000000 0.000000 -32913.003758 147.100358 7.438565
1 300.000000 1.000000 0.000000 0.100000 0.100000 120.000000 0.000000 -32932.976282 182.045892 5.656171
1 300.000000 1.000000 0.000000 0.100000 0.100000 120.000000 0.000000 -32833.927071 176.558397 8.132697
1 300.000000 1.000000 0.000000 0.100000 0.100000 120.000000 0.000000 -32981.697244 126.528424 8.277310
2 300.000000 1.000000 0.000000 0.200000 0.100000 110.000000 0.000000 -33076.746625 140.326021 6.532725
1 300.000000 1.000000 0.000000 0.100000 0.100000 120.000000 0.000000 -32805.301271 156.968740 6.459097
1 300.000000 1.000000 0.000000 0.100000 0.100000 120.000000 0.000000 -32791.171207 140.201838 6.514989
1 300.000000 1.000000 0.000000 0.100000 0.100000 120.000000 0.000000 -32863.587748 112.365186 6.751949
2 300.000000 1.000000 0.000000 0.200000 0.100000 110.000000 0.000000 -32883.041238 117.258331 8.262654
2 300.000000 1.000000 0.000000 0.200000 0.100000 110.000000 0.000000 -32892.283813 133.644383 2.892031
2 300.000000 1.000000 0.000000 0.200000 0.100000 110.000000 0.000000 -32852.563498 126.310540 7.956189
2 300.000000 1.000000 0.000000 0.200000 0.100000 110.000000 0.000000 -32939.452929 49.475103 6.443103
5 300.000000 1.000000 0.000000 0.500000 0.100000 80.000000 0.000000 -32763.619060 43.027233 6.807160
3 300.000000 1.000000 0.000000 0.300000 0.100000 100.000000 0.000000 -32700.352362 76.282934 6.509097
3 300.000000 1.000000 0.000000 0.300000 0.100000 100.000000 0.000000 -32760.167109 63.012860 6.648646
5 300.000000 1.000000 0.000000 0.500000 0.100000 80.000000 0.000000 -32937.658039 59.769709 6.479181
5 300.000000 1.000000 0.000000 0.500000 0.100000 80.000000 0.000000 -32806.630012 59.987715 6.463707
3 300.000000 1.000000 0.000000 0.300000 0.100000 100.000000 0.000000 -32788.368152 97.911324 6.883050
2 300.000000 1.000000 0.000000 0.200000 0.100000 110.000000 0.000000 -32770.113524 108.038175 6.950240
2 300.000000 1.000000 0.000000 0.200000 0.100000 110.000000 0.000000 -32769.174775 48.070108 7.158578
5 300.000000 1.000000 0.000000 0.500000 0.100000 80.000000 0.000000 -32943.022598 63.825448 6.463337
3 300.000000 1.000000 0.000000 0.300000 0.100000 100.000000 0.000000 -32929.256301 68.321139 8.021877
4 300.000000 1.000000 0.000000 0.400000 0.100000 90.000000 0.000000 -32978.953772 63.189271 6.516329
5 300.000000 1.000000 0.000000 0.500000 0.100000 80.000000 0.000000 -32751.407808 32.938474 7.730614
6 300.000000 1.000000 0.100000 0.500000 0.100000 70.000000 0.000000 -32829.800917 18.065968 6.427048
7 300.000000 1.000000 0.200000 0.500000 0.100000 60.000000 0.000000 -32785.207683 11.762221 7.476337
8 300.000000 1.000000 0.300000 0.500000 0.100000 50.000000 0.000000 -32708.029141 11.586612 6.471792
8 300.000000 1.000000 0.300000 0.500000 0.100000 50.000000 0.000000 -32794.952942 20.878247 7.177516
8 300.000000 1.000000 0.300000 0.500000 0.100000 50.000000 0.000000 -32783.624869 7.988055 8.002820
9 300.000000 1.000000 0.400000 0.500000 0.100000 40.000000 0.000000 -32875.938854 2.790312 6.878005
12 300.000000 -1.000000 0.400000 0.500000 0.100000 40.000000 0.000000 -32803.521880 -1.017982 7.318676
12 300.000000 -1.000000 0.400000 0.500000 0.100000 40.000000 0.000000 -32762.979460 2.367649 7.276924
11 300.000000 -1.000000 0.500000 0.500000 0.100000 30.000000 0.000000 -32697.787627 -2.898477 7.243962
12 300.000000 -1.000000 0.400000 0.500000 0.100000 40.000000 0.000000 -32836.922444 2.546678 7.682573
11 300.000000 -1.000000 0.500000 0.500000 0.100000 30.000000 0.000000 -32919.647583 0.711557 7.358879
11 300.000000 -1.000000 0.500000 0.500000 0.100000 30.000000 0.000000 -32808.891744 -6.694977 6.394284
10 300.000000 1.000000 0.500000 0.500000 0.100000 30.000000 0.000000 -32924.021256 2.080548 6.719352
9 300.000000 1.000000 0.400000 0.500000 0.100000 40.000000 0.000000 -32746.001530 -3.480722 6.389928
11 300.000000 -1.000000 0.500000 0.500000 0.100000 30.000000 0.000000 -32918.019797 3.363208 7.659533
12 300.000000 -1.000000 0.400000 0.500000 0.100000 40.000000 0.000000 -32758.437149 -0.965059 6.719991
12 300.000000 -1.000000 0.400000 0.500000 0.100000 40.000000 0.000000 -32895.197009 3.231528 7.445195
13 300.000000 -1.000000 0.300000 0.500000 0.100000 50.000000 0.000000 -32785.304826 4.524423 6.816225
13 300.000000 -1.000000 0.300000 0.500000 0.100000 50.000000 0.000000 -32803.134512 1.180109 6.839232
11 300.000000 -1.000000 0.500000 0.500000 0.100000 30.000000 0.000000 -32908.658434 -2.984915 7.187983
9 300.000000 1.000000 0.400000 0.500000 0.100000 40.000000 0.000000 -32897.602875 11.739067 6.502363
8 300.000000 1.000000 0.300000 0.500000 0.100000 50.000000 0.000000 -32871.286730 3.038362 6.712388
8 300.000000 1.000000 0.300000 0.500000 0.100000 50.000000 0.000000 -32816.349923 2.405259 6.667423
8 300.000000 1.000000 0.300000 0.500000 0.100000 50.000000 0.000000 -32909.200458 9.887412 8.021516
7 300.000000 1.000000 0.200000 0.500000 0.100000 60.000000 0.000000 -32901.946619 10.901750 7.473988
8 300.000000 1.000000 0.300000 0.500000 0.100000 50.000000 0.000000 -32971.112806 17.505931 7.158338
7 300.000000 1.000000 0.200000 0.500000 0.100000 60.000000 0.000000 -32707.366267 3.726935 6.422828
10 300.000000 1.000000 0.500000 0.500000 0.100000 30.000000 0.000000 -32829.743558 8.703871 6.644451
9 300.000000 1.000000 0.400000 0.500000 0.100000 40.000000 0.000000 -32943.227616 -1.865907 6.965165
11 300.000000 -1.000000 0.500000 0.500000 0.100000 30.000000 0.000000 -32879.936284 -1.554534 8.119525
9 300.000000 1.000000 0.400000 0.500000 0.100000 40.000000 0.000000 -32825.861033 -1.698406 6.527421
12 300.000000 -1.000000 0.400000 0.500000 0.100000 40.000000 0.000000 -33007.995279 1.467352 8.274766
10 300.000000 1.000000 0.500000 0.500000 0.100000 30.000000 0.000000 -32830.446448 -4.638121 6.598410
9 300.000000 1.000000 0.400000 0.500000 0.100000 40.000000 0.000000 -33020.218042 -5.693248 6.454467
11 300.000000 -1.000000 0.500000 0.500000 0.100000 30.000000 0.000000 -32791.251204 -0.193077 8.120172
9 300.000000 1.000000 0.400000 0.500000 0.100000 40.000000 0.000000 -32775.962950 3.670842 7.072668
12 300.000000 -1.000000 0.400000 0.500000 0.100000 40.000000 0.000000 -32899.651610 5.100064 7.769190
12 300.000000 -1.000000 0.400000 0.500000 0.100000 40.000000 0.000000 -32918.037734 4.573609 7.904615
11 300.000000 -1.000000 0.500000 0.500000 0.100000 30.000000 0.000000 -32697.680392 -2.478146 6.402589
10 300.000000 1.000000 0.500000 0.500000 0.100000 30.000000 0.000000 -32932.767506 -2.967759 6.492155
10 300.000000 1.000000 0.500000 0.500000 0.100000 30.000000 0.000000 -32774.166434 2.221305 6.415930
8 300.000000 1.000000 0.300000 0.500000 0.100000 50.000000 0.000000 -32814.441340 8.736128 6.853076
8 300.000000 1.000000 0.300000 0.500000 0.100000 50.000000 0.000000 -32802.419144 5.850937 8.003154
8 300.000000 1.000000 0.300000 0.500000 0.100000 50.000000 0.000000 -32845.445651 7.470607 7.082623
9 300.000000 1.000000 0.400000 0.500000 0.100000 40.000000 0.000000 -32876.550937 -3.196609 6.396757
10 300.000000 1.000000 0.500000 0.500000 0.100000 30.000000 0.000000 -32799.768750 1.525544 6.622978
10 300.000000 1.000000 0.500000 0.500000 0.100000 30.000000 0.000000 -32817.422021 -2.365157 6.837147
10 300.000000 1.000000 0.500000 0.500000 0.100000 30.000000 0.000000 -32887.684759 -0.625838 7.117801
8 300.000000 1.000000 0.300000 0.500000 0.100000 50.000000 0.000000 -32855.095050 -0.050485 6.393771
11 300.000000 -1.000000 0.500000 0.500000 0.100000 30.000000 0.000000 -32898.791011 9.310022 6.447011
8 300.000000 1.000000 0.300000 0.500000 0.100000 50.000000 0.000000 -32805.778812 3.361336 7.497407
9 300.000000 1.000000 0.400000 0.500000 0.100000 40.000000 0.000000 -32848.407646 3.898679 8.261493
7 300.000000 1.000000 0.200000 0.500000 0.100000 60.000000 0.000000 -32812.825684 9.259885 6.560335
7 300.000000 1.000000 0.200000 0.500000 0.100000 60.000000 0.000000 -32907.317890 4.319513 6.783804
10 300.000000 1.000000 0.500000 0.500000 0.100000 30.000000 0.000000 -32903.790005 3.666866 6.592289
8 300.000000 1.000000 0.300000 0.500000 0.100000 50.000000 0.000000 -32877.015990 10.063369 7.082062
7 300.000000 1.000000 0.200000 0.500000 0.100000 60.000000 0.000000 -32838.150199 2.928464 7.312971
8 300.000000 1.000000 0.300000 0.500000 0.100000 50.000000 0.000000 -32845.441066 13.032540 7.680395
7 300.000000 1.000000 0.200000 0.500000 0.100000 60.000000 0.000000 -32692.623184 10.450471 8.135400
7 300.000000 1.000000 0.200000 0.500000 0.100000 60.000000 0.000000 -32863.116235 8.936993 7.745474
7 300.000000 1.000000 0.200000 0.500000 0.100000 60.000000 0.000000 -32868.607105 10.663613 7.879865
10 300.000000 1.000000 0.500000 0.500000 0.100000 30.000000 0.000000 -32922.082997 -2.984243 7.566842
11 300.000000 -1.000000 0.500000 0.500000 0.100000 30.000000 0.000000 -32735.917785 1.469598 6.587495
9 300.000000 1.000000 0.400000 0.500000 0.100000 40.000000 0.000000 -32872.885359 15.238642 7.116871
8 300.000000 1.000000 0.300000 0.500000 0.100000 50.000000 0.000000 -32870.254596 5.676125 7.567226
10 300.000000 1.000000 0.500000 0.500000 0.100000 30.000000 0.000000 -32797.436441 0.927258 7.122503
8 300.000000 1.000000 0.300000 0.500000 0.100000 50.000000 0.000000 -32774.310075 12.096867 7.952131
8 300.000000 1.000000 0.300000 0.500000 0.100000 50.000000 0.000000 -32836.371247 5.021091 7.835980
8 300.000000 1.000000 0.300000 0.500000 0.100000 50.000000 0.000000 -32799.352781 2.552150 7.657749
12 300.000000 -1.000000 0.400000 0.500000 0.100000 40.000000 0.000000 -32822.241476 3.264850 6.394877
13 300.000000 -1.000000 0.300000 0.500000 0.100000 50.000000 0.000000 -32838.705781 4.758820 8.098082
14 300.000000 -1.000000 0.200000 0.500000 0.100000 60.000000 0.000000 -32912.937886 2.653055 6.973175
12 300.000000 -1.000000 0.400000 0.500000 0.100000 40.000000 0.000000 -32913.048086 3.701998 6.725736
14 300.000000 -1.000000 0.200000 0.500000 0.100000 60.000000 0.000000 -32922.587393 7.839587 6.784109
7 300.000000 1.000000 0.200000 0.500000 0.100000 60.000000 0.000000 -32923.544921 18.733127 6.607241
6 300.000000 1.000000 0.100000 0.500000 0.100000 70.000000 0.000000 -32847.881369 6.990574 6.516989
9 300.000000 1.000000 0.400000 0.500000 0.100000 40.000000 0.000000 -32934.255092 3.408508 7.048716
9 300.000000 1.000000 0.400000 0.500000 0.100000 40.000000 0.000000 -32860.373754 0.026679 7.279357
12 300.000000 -1.000000 0.400000 0.500000 0.100000 40.000000 0.000000 -32862.237527 4.143164 6.895493
11 300.000000 -1.000000 0.500000 0.500000 0.100000 30.000000 0.000000 -32834.442208 -2.730752 6.395230
11 300.000000 -1.000000 0.500000 0.500000 0.100000 30.000000 0.000000 -32897.045615 1.165830 6.411815
12 300.000000 -1.000000 0.400000 0.500000 0.100000 40.000000 0.000000 -32900.817649 3.241793 6.416594
12 300.000000 -1.000000 0.400000 0.500000 0.100000 40.000000 0.000000 -32785.791609 4.344848 6.398815
12 300.000000 -1.000000 0.400000 0.500000 0.100000 40.000000 0.000000 -32806.977917 2.962315 7.848004
12 300.000000 -1.000000 0.400000 0.500000 0.100000 40.000000 0.000000 -32968.213700 1.304562 6.571099
11 300.000000 -1.000000 0.500000 0.500000 0.100000 30.000000 0.000000 -32901.207385 1.321087 7.551658
10 300.000000 1.000000 0.500000 0.500000 0.100000 30.000000 0.000000 -32796.558744 -3.994369 6.556413
10 300.000000 1.000000 0.500000 0.500000 0.100000 30.000000 0.000000 -32899.942465 -3.325690 6.623129
10 300.000000 1.000000 0.500000 0.500000 0.100000 30.000000 0.000000 -32878.536630 -3.536219 6.465271
10 300.000000 1.000000 0.500000 0.500000 0.100000 30.000000 0.000000 -32977.108608 -2.738038 7.566918
9 300.000000 1.000000 0.400000 0.500000 0.100000 40.000000 0.000000 -32888.566380 -2.321349 8.000983
10 300.000000 1.000000 0.500000 0.500000 0.100000 30.000000 0.000000 -33003.710009 4.282002 6.549066
11 300.000000 -1.000000 0.500000 0.500000 0.100000 30.000000 0.000000 -32723.775548 7.167815 5.804245
13 300.000000 -1.000000 0.300000 0.500000 0.100000 50.000000 0.000000 -32929.980794 6.352561 6.443060
11 300.000000 -1.000000 0.500000 0.500000 0.100000 30.000000 0.000000 -32769.682530 1.951472 7.915329
11 300.000000 -1.000000 0.500000 0.500000 0.100000 30.000000 0.000000 -32771.441596 -2.164631 7.589807
12 300.000000 -1.000000 0.400000 0.500000 0.100000 40.000000 0.000000 -32836.279218 0.268494 6.721154
13 300.000000 -1.000000 0.300000 0.500000 0.100000 50.000000 0.000000 -32888.938596 6.817682 7.965426
13 300.000000 -1.000000 0.300000 0.500000 0.100000 50.000000 0.000000 -32848.072270 8.794613 6.562431
13 300.000000 -1.000000 0.300000 0.500000 0.100000 50.000000 0.000000 -32724.131099 10.184178 6.488768
13 300.000000 -1.000000 0.300000 0.500000 0.100000 50.000000 0.000000 -32867.690186 5.966642 7.689037
10 300.000000 1.000000 0.500000 0.500000 0.100000 30.000000 0.000000 -32876.105580 -6.195205 6.389818
10 300.000000 1.000000 0.500000 0.500000 0.100000 30.000000 0.000000 -32942.972777 -1.581291 6.560359
10 300.000000 1.000000 0.500000 0.500000 0.100000 30.000000 0.000000 -32706.688473 -0.810644 6.457158
10 300.000000 1.000000 0.500000 0.500000 0.100000 30.000000 0.000000 -32942.396135 -3.417231 7.078764
9 300.000000 1.000000 0.400000 0.500000 0.100000 40.000000 0.000000 -33028.534981 6.381936 8.223371
9 300.000000 1.000000 0.400000 0.500000 0.100000 40.000000 0.000000 -32851.674643 12.736272 6.715018
7 300.000000 1.000000 0.200000 0.500000 0.100000 60.000000 0.000000 -33001.844641 13.309288 6.741087
7 300.000000 1.000000 0.200000 0.500000 0.100000 60.000000 0.000000 -32665.088941 4.163048 6.393372
10 300.000000 1.000000 0.500000 0.500000 0.100000 30.000000 0.000000 -32913.086644 -1.610327 7.950751
11 300.000000 -1.000000 0.500000 0.500000 0.100000 30.000000 0.000000 -32948.562135 7.486159 7.154569
14 300.000000 -1.000000 0.200000 0.500000 0.100000 60.000000 0.000000 -32903.543443 9.745135 7.462326
13 300.000000 -1.000000 0.300000 0.500000 0.100000 50.000000 0.000000 -32927.625918 12.607777 6.541159
14 300.000000 -1.000000 0.200000 0.500000 0.100000 60.000000 0.000000 -32861.546948 32.198090 6.664262
15 300.000000 -1.000000 0.100000 0.500000 0.100000 70.000000 0.000000 -32832.160421 19.176748 7.429663
14 300.000000 -1.000000 0.200000 0.500000 0.100000 60.000000 0.000000 -32767.915439 13.780695 6.874643
13 300.000000 -1.000000 0.300000 0.500000 0.100000 50.000000 0.000000 -32945.018846 3.664739 7.170142
13 300.000000 -1.000000 0.300000 0.500000 0.100000 50.000000 0.000000 -32820.040027 7.590487 8.241586
13 300.000000 -1.000000 0.300000 0.500000 0.100000 50.000000 0.000000 -32861.893983 6.693137 7.299858
14 300.000000 -1.000000 0.200000 0.500000 0.100000 60.000000 0.000000 -32766.332891 9.715794 7.322190
14 300.000000 -1.000000 0.200000 0.500000 0.100000 60.000000 0.000000 -32783.648290 8.631977 7.113944
15 300.000000 -1.000000 0.100000 0.500000 0.100000 70.000000 0.000000 -32745.700807 34.437564 6.561209
15 300.000000 -1.000000 0.100000 0.500000 0.100000 70.000000 0.000000 -32833.438558 18.870938 7.047783
15 300.000000 -1.000000 0.100000 0.500000 0.100000 70.000000 0.000000 -32719.079719 28.404089 7.043074
15 300.000000 -1.000000 0.100000 0.500000 0.100000 70.000000 0.000000 -32914.816205 15.345753 6.394790
14 300.000000 -1.000000 0.200000 0.500000 0.100000 60.000000 0.000000 -32838.126312 16.179013 6.740046
15 300.000000 -1.000000 0.100000 0.500000 0.100000 70.000000 0.000000 -32808.802642 20.618139 6.723872
17 300.000000 -1.000000 0.000000 0.400000 0.100000 90.000000 0.000000 -32846.360517 36.504863 6.394176
16 300.000000 -1.000000 0.000000 0.500000 0.100000 80.000000 0.000000 -32777.146706 53.741143 6.443768
17 300.000000 -1.000000 0.000000 0.400000 0.100000 90.000000 0.000000 -32816.764954 56.234356 6.436145
17 300.000000 -1.000000 0.000000 0.400000 0.100000 90.000000 0.000000 -32991.919224 46.435274 7.424830
16 300.000000 -1.000000 0.000000 0.500000 0.100000 80.000000 0.000000 -32778.887232 51.541384 6.393170
16 300.000000 -1.000000 0.000000 0.500000 0.100000 80.000000 0.000000 -32909.801000 20.856104 8.207960
17 300.000000 -1.000000 0.000000 0.400000 0.100000 90.000000 0.000000 -32775.510894 38.202547 6.507473
17 300.000000 -1.000000 0.000000 0.400000 0.100000 90.000000 0.000000 -32830.870431 54.054832 6.612089
16 300.000000 -1.000000 0.000000 0.500000 0.100000 80.000000 0.000000 -32812.319994 61.873380 6.539912
19 300.000000 -1.000000 0.000000 0.200000 0.100000 110.000000 0.000000 -32789.929935 102.251798 6.684867
19 300.000000 -1.000000 0.000000 0.200000 0.100000 110.000000 0.000000 -32913.611238 107.426968 7.658594
19 300.000000 -1.000000 0.000000 0.200000 0.100000 110.000000 0.000000 -32820.895172 83.101783 6.502910
18 300.000000 -1.000000 0.000000 0.300000 0.100000 100.000000 0.000000 -32751.625856 66.947279 7.455292
17 300.000000 -1.000000 0.000000 0.400000 0.100000 90.000000 0.000000 -32901.942870 49.603123 7.136567
17 300.000000 -1.000000 0.000000 0.400000 0.100000 90.000000 0.000000 -32872.225319 88.005462 8.282628
18 300.000000 -1.000000 0.000000 0.300000 0.100000 100.000000 0.000000 -32889.256240 81.907128 6.484838
17 300.000000 -1.000000 0.000000 0.400000 0.100000 90.000000 0.000000 -32894.285674 26.715343 6.395754
15 300.000000 -1.000000 0.100000 0.500000 0.100000 70.000000 0.000000 -32803.185438 37.466437 8.259872
15 300.000000 -1.000000 0.100000 0.500000 0.100000 70.000000 0.000000 -32862.374313 14.851077 6.474445
15 300.000000 -1.000000 0.100000 0.500000 0.100000 70.000000 0.000000 -32838.606438 28.822548 6.572661
14 300.000000 -1.000000 0.200000 0.500000 0.100000 60.000000 0.000000 -32920.182575 12.208028 6.390192
12 300.000000 -1.000000 0.400000 0.500000 0.100000 40.000000 0.000000 -32880.080132 9.450409 6.491661
14 300.000000 -1.000000 0.200000 0.500000 0.100000 60.000000 0.000000 -32851.377087 11.011980 6.401383
9 300.000000 1.000000 0.400000 0.500000 0.100000 40.000000 0.000000 -32878.730569 -2.624816 6.486677
9 300.000000 1.000000 0.400000 0.500000 0.100000 40.000000 0.000000 -33066.975982 4.906841 6.430743
9 300.000000 1.000000 0.400000 0.500000 0.100000 40.000000 0.000000 -32960.226366 4.770387 6.800065
8 300.000000 1.000000 0.300000 0.500000 0.100000 50.000000 0.000000 -32828.881131 13.371807 7.252423
5 300.000000 1.000000 0.000000 0.500000 0.100000 80.000000 0.000000 -32877.482114 50.644967 6.628051
4 300.000000 1.000000 0.000000 0.400000 0.100000 90.000000 0.000000 -32752.156568 61.215715 6.517254
3 300.000000 1.000000 0.000000 0.300000 0.100000 100.000000 0.000000 -32917.590483 82.157973 6.409400
2 300.000000 1.000000 0.000000 0.200000 0.100000 110.000000 0.000000 -32896.833510 99.588489 6.438211
2 300.000000 1.000000 0.000000 0.200000 0.100000 110.000000 0.000000 -32836.588324 127.126760 6.598699
2 300.000000 1.000000 0.000000 0.200000 0.100000 110.000000 0.000000 -32871.689183 101.752679 6.422179
2 300.000000 1.000000 0.000000 0.200000 0.100000 110.000000 0.000000 -32854.296133 74.826400 6.425166
4 300.000000 1.000000 0.000000 0.400000 0.100000 90.000000 0.000000 -32749.350357 50.563875 7.099602
5 300.000000 1.000000 0.000000 0.500000 0.100000 80.000000 0.000000 -32792.671849 49.371004 7.468667
5 300.000000 1.000000 0.000000 0.500000 0.100000 80.000000 0.000000 -32817.893948 62.050843 6.396810
4 300.000000 1.000000 0.000000 0.400000 0.100000 90.000000 0.000000 -32787.596135 71.008950 6.400249
2 300.000000 1.000000 0.000000 0.200000 0.100000 110.000000 0.000000 -33003.480977 127.109033 7.390614
2 300.000000 1.000000 0.000000 0.200000 0.100000 110.000000 0.000000 -32875.567848 87.024461 6.576352
3 300.000000 1.000000 0.000000 0.300000 0.100000 100.000000 0.000000 -32953.158449 67.782441 6.447676
4 300.000000 1.000000 0.000000 0.400000 0.100000 90.000000 0.000000 -32864.484089 62.306637 7.700154
3 300.000000 1.000000 0.000000 0.300000 0.100000 100.000000 0.000000 -32816.238180 70.971037 7.036731
3 300.000000 1.000000 0.000000 0.300000 0.100000 100.000000 0.000000 -32806.877782 78.877037 6.398236
4 300.000000 1.000000 0.000000 0.400000 0.100000 90.000000 0.000000 -32951.972315 73.700818 6.412294
5 300.000000 1.000000 0.000000 0.500000 0.100000 80.000000 0.000000 -32963.578608 44.383031 7.155270
4 300.000000 1.000000 0.000000 0.400000 0.100000 90.000000 0.000000 -32995.704819 53.246463 6.763770
4 300.000000 1.000000 0.000000 0.400000 0.100000 90.000000 0.000000 -32754.068656 75.647857 6.685088
2 300.000000 1.000000 0.000000 0.200000 0.100000 110.000000 0.000000 -32850.394505 121.280304 6.571363
2 300.000000 1.000000 0.000000 0.200000 0.100000 110.000000 0.000000 -32899.905147 109.962822 6.597028
1 300.000000 1.000000 0.000000 0.100000 0.100000 120.000000 0.000000 -32776.925060 131.941084 7.132120
1 300.000000 1.000000 0.000000 0.100000 0.100000 120.000000 0.000000 -33010.244166 130.751539 7.240056
1 300.000000 1.000000 0.000000 0.100000 0.100000 120.000000 0.000000 -32918.518449 137.577858 6.947118
2 300.000000 1.000000 0.000000 0.200000 0.100000 110.000000 0.000000 -32779.203125 143.942399 6.601639
1 300.000000 1.000000 0.000000 0.100000 0.100000 120.000000 0.000000 -32849.253997 120.235529 6.422160
2 300.000000 1.000000 0.000000 0.200000 0.100000 110.000000 0.000000 -32985.463434 105.174752 6.395413
2 300.000000 1.000000 0.000000 0.200000 0.100000 110.000000 0.000000 -32868.297141 119.308292 6.397539
2 300.000000 1.000000 0.000000 0.200000 0.100000 110.000000 0.000000 -32835.429937 91.074469 6.653462
3 300.000000 1.000000 0.000000 0.300000 0.100000 100.000000 0.000000 -32704.218031 75.620475 7.574822
3 300.000000 1.000000 0.000000 0.300000 0.100000 100.000000 0.000000 -32697.715546 59.382127 8.127886
2 300.000000 1.000000 0.000000 0.200000 0.100000 110.000000 0.000000 -32818.590909 119.336751 8.124094
2 300.000000 1.000000 0.000000 0.200000 0.100000 110.000000 0.000000 -32799.547697 127.054248 6.518065
2 300.000000 1.000000 0.000000 0.200000 0.100000 110.000000 0.000000 -32934.864688 131.614048 7.086579
2 300.000000 1.000000 0.000000 0.200000 0.100000 110.000000 0.000000 -32782.774959 110.975864 6.897380
2 300.000000 1.000000 0.000000 0.200000 0.100000 110.000000 0.000000 -32927.948859 111.327689 6.921503
2 300.000000 1.000000 0.000000 0.200000 0.100000 110.000000 0.000000 -32902.531808 90.590039 6.625234
3 300.000000 1.000000 0.000000 0.300000 0.100000 100.000000 0.000000 -32826.388577 85.363132 6.404344
3 300.000000 1.000000 0.000000 0.300000 0.100000 100.000000 0.000000 -32878.157412 69.643223 6.715390
4 300.000000 1.000000 0.000000 0.400000 0.100000 90.000000 0.000000 -32768.002347 74.681153 6.461637
4 300.000000 1.000000 0.000000 0.400000 0.100000 90.000000 0.000000 -32807.405048 56.684844 6.842630
3 300.000000 1.000000 0.000000 0.300000 0.100000 100.000000 0.000000 -32795.710854 70.728255 6.389994
3 300.000000 1.000000 0.000000 0.300000 0.100000 100.000000 0.000000 -32873.175988 77.656726 6.444225
3 300.000000 1.000000 0.000000 0.300000 0.100000 100.000000 0.000000 -32721.786007 65.414303 6.520991
2 300.000000 1.000000 0.000000 0.200000 0.100000 110.000000 0.000000 -32792.803858 103.134641 6.397164
3 300.000000 1.000000 0.000000 0.300000 0.100000 100.000000 0.000000 -32853.572319 56.166865 7.113862
5 300.000000 1.000000 0.000000 0.500000 0.100000 80.000000 0.000000 -32935.352005 60.208282 7.154351
5 300.000000 1.000000 0.000000 0.500000 0.100000 80.000000 0.000000 -32981.388686 46.861432 6.390129
5 300.000000 1.000000 0.000000 0.500000 0.100000 80.000000 0.000000 -32731.476974 56.124836 7.239047
4 300.000000 1.000000 0.000000 0.400000 0.100000 90.000000 0.000000 -32921.505042 76.836894 7.510849
4 300.000000 1.000000 0.000000 0.400000 0.100000 90.000000 0.000000 -32904.739038 38.982723 7.690046
4 300.000000 1.000000 0.000000 0.400000 0.100000 90.000000 0.000000 -32896.752146 67.751697 7.682769
3 300.000000 1.000000 0.000000 0.300000 0.100000 100.000000 0.000000 -32782.872654 42.202661 6.493176
5 300.000000 1.000000 0.000000 0.500000 0.100000 80.000000 0.000000 -32961.121999 42.658764 7.541100
5 300.000000 1.000000 0.000000 0.500000 0.100000 80.000000 0.000000 -32700.141743 38.458370 6.389728
2 300.000000 1.000000 0.000000 0.200000 0.100000 110.000000 0.000000 -32920.249085 73.651378 8.280803
4 300.000000 1.000000 0.000000 0.400000 0.100000 90.000000 0.000000 -32898.755874 48.801337 6.417864
4 300.000000 1.000000 0.000000 0.400000 0.100000 90.000000 0.000000 -32813.243192 66.316783 7.328749
4 300.000000 1.000000 0.000000 0.400000 0.100000 90.000000 0.000000 -32803.706710 43.263836 6.441695
4 300.000000 1.000000 0.000000 0.400000 0.100000 90.000000 0.000000 -32842.273534 32.323922 6.458430
5 300.000000 1.000000 0.000000 0.500000 0.100000 80.000000 0.000000 -32897.208681 58.329013 7.054442
5 300.000000 1.000000 0.000000 0.500000 0.100000 80.000000 0.000000 -32894.840483 52.125993 6.393673
3 300.000000 1.000000 0.000000 0.300000 0.100000 100.000000 0.000000 -32906.012708 89.830987 6.398600
2 300.000000 1.000000 0.000000 0.200000 0.100000 110.000000 0.000000 -32725.083202 123.960027 7.576102
2 300.000000 1.000000 0.000000 0.200000 0.100000 110.000000 0.000000 -32819.038610 83.672517 6.422939
3 300.000000 1.000000 0.000000 0.300000 0.100000 100.000000 0.000000 -32795.978069 79.778185 7.898230
3 300.000000 1.000000 0.000000 0.300000 0.100000 100.000000 0.000000 -32927.394958 89.340093 6.989325
3 300.000000 1.000000 0.000000 0.300000 0.100000 100.000000 0.000000 -32909.884589 61.891094 6.392303
3 300.000000 1.000000 0.000000 0.300000 0.100000 100.000000 0.000000 -32966.558338 48.920050 6.865818
2 300.000000 1.000000 0.000000 0.200000 0.100000 110.000000 0.000000 -32809.974047 80.593216 6.390777
2 300.000000 1.000000 0.000000 0.200000 0.100000 110.000000 0.000000 -32717.318363 133.957012 7.012446
2 300.000000 1.000000 0.000000 0.200000 0.100000 110.000000 0.000000 -32830.861914 45.303220 6.906235
4 300.000000 1.000000 0.000000 0.400000 0.100000 90.000000 0.000000 -32697.680282 40.101829 6.469140
5 300.000000 1.000000 0.000000 0.500000 0.100000 80.000000 0.000000 -32818.215971 62.503976 6.736343
5 300.000000 1.000000 0.000000 0.500000 0.100000 80.000000 0.000000 -32789.452912 54.499149 6.462286
5 300.000000 1.000000 0.000000 0.500000 0.100000 80.000000 0.000000 -33029.500353 39.886997 6.510441
5 300.000000 1.000000 0.000000 0.500000 0.100000 80.000000 0.000000 -33029.577172 46.633851 6.413879
5 300.000000 1.000000 0.000000 0.500000 0.100000 80.000000 0.000000 -32727.804952 62.033096 6.423405
3 300.000000 1.000000 0.000000 0.300000 0.100000 100.000000 0.000000 -32753.473030 72.462975 6.435172
3 300.000000 1.000000 0.000000 0.300000 0.100000 100.000000 0.000000 -32764.494912 69.486306 6.476814
4 300.000000 1.000000 0.000000 0.400000 0.100000 90.000000 0.000000 -32597.028431 65.437810 7.714724
4 300.000000 1.000000 0.000000 0.400000 0.100000 90.000000 0.000000 -32835.562031 69.132054 6.585519
4 300.000000 1.000000 0.000000 0.400000 0.100000 90.000000 0.000000 -32968.627443 72.771409 7.295327
4 300.000000 1.000000 0.000000 0.400000 0.100000 90.000000 0.000000 -32767.441699 63.775754 5.739244
4 300.000000 1.000000 0.000000 0.400000 0.100000 90.000000 0.000000 -32811.299895 63.230701 7.779544
2 300.000000 1.000000 0.000000 0.200000 0.100000 110.000000 0.000000 -32913.038633 114.827387 2.858850
2 300.000000 1.000000 0.000000 0.200000 0.100000 110.000000 0.000000 -32789.910400 67.669854 7.595314
3 300.000000 1.000000 0.000000 0.300000 0.100000 100.000000 0.000000 -32935.335678 86.761834 7.664494
3 300.000000 1.000000 0.000000 0.300000 0.100000 100.000000 0.000000 -32752.866181 76.851036 7.294757
4 300.000000 1.000000 0.000000 0.400000 0.100000 90.000000 0.000000 -32731.938553 52.219414 8.034626
4 300.000000 1.000000 0.000000 0.400000 0.100000 90.000000 0.000000 -32840.949838 18.271574 6.546034
6 300.000000 1.000000 0.100000 0.500000 0.100000 70.000000 0.000000 -32690.770712 26.307606 7.622602
6 300.000000 1.000000 0.100000 0.500000 0.100000 70.000000 0.000000 -32901.980691 25.457555 6.493856
4 300.000000 1.000000 0.000000 0.400000 0.100000 90.000000 0.000000 -32780.074035 78.812802 6.956903
4 300.000000 1.000000 0.000000 0.400000 0.100000 90.000000 0.000000 -32717.033230 62.184376 7.019988
5 300.000000 1.000000 0.000000 0.500000 0.100000 80.000000 0.000000 -32961.967006 42.473527 7.344037
4 300.000000 1.000000 0.000000 0.400000 0.100000 90.000000 0.000000 -32787.785987 68.284827 6.425821
5 300.000000 1.000000 0.000000 0.500000 0.100000 80.000000 0.000000 -33013.390436 51.589583 6.446691
5 300.000000 1.000000 0.000000 0.500000 0.100000 80.000000 0.000000 -32915.484002 48.567454 6.452480
5 300.000000 1.000000 0.000000 0.500000 0.100000 80.000000 0.000000 -33053.167325 46.264875 7.420129
5 300.000000 1.000000 0.000000 0.500000 0.100000 80.000000 0.000000 -32799.509619 39.877537 6.479002
5 300.000000 1.000000 0.000000 0.500000 0.100000 80.000000 0.000000 -32854.354198 62.105747 7.007151
4 300.000000 1.000000 0.000000 0.400000 0.100000 90.000000 0.000000 -32893.524933 68.852963 6.438475
4 300.000000 1.000000 0.000000 0.400000 0.100000 90.000000 0.000000 -32881.978989 72.000538 6.481115
3 300.000000 1.000000 0.000000 0.300000 0.100000 100.000000 0.000000 -32842.850291 93.489655 6.414420
3 300.000000 1.000000 0.000000 0.300000 0.100000 100.000000 0.000000 -32931.964242 90.978001 6.396794
3 300.000000 1.000000 0.000000 0.300000 0.100000 100.000000 0.000000 -32820.421164 64.564275 6.512521
3 300.000000 1.000000 0.000000 0.300000 0.100000 100.000000 0.000000 -32816.586294 77.749235 6.542656
4 300.000000 1.000000 0.000000 0.400000 0.100000 90.000000 0.000000 -32834.240099 67.139332 6.746929
2 300.000000 1.000000 0.000000 0.200000 0.100000 110.000000 0.000000 -32838.216044 121.767696 6.486941
2 300.000000 1.000000 0.000000 0.200000 0.100000 110.000000 0.000000 -32888.525911 128.202826 6.392936
2 300.000000 1.000000 0.000000 0.200000 0.100000 110.000000 0.000000 -32880.333824 122.212398 6.937725
2 300.000000 1.000000 0.000000 0.200000 0.100000 110.000000 0.000000 -32938.323145 90.198238 6.773213
3 300.000000 1.000000 0.000000 0.300000 0.100000 100.000000 0.000000 -32733.984714 48.082580 6.456018
5 300.000000 1.000000 0.000000 0.500000 0.100000 80.000000 0.000000 -32911.499286 67.326139 7.678931
4 300.000000 1.000000 0.000000 0.400000 0.100000 90.000000 0.000000 -32861.540007 77.531819 6.404447
3 300.000000 1.000000 0.000000 0.300000 0.100000 100.000000 0.000000 -32863.606826 77.934464 6.444618
4 300.000000 1.000000 0.000000 0.400000 0.100000 90.000000 0.000000 -32775.238551 58.653362 4.166118
5 300.000000 1.000000 0.000000 0.500000 0.100000 80.000000 0.000000 -32815.618454 68.408838 6.634309
4 300.000000 1.000000 0.000000 0.400000 0.100000 90.000000 0.000000 -32819.251224 72.853627 4.279880
4 300.000000 1.000000 0.000000 0.400000 0.100000 90.000000 0.000000 -32810.424980 39.459472 6.074793
5 300.000000 1.000000 0.000000 0.500000 0.100000 80.000000 0.000000 -32934.103345 72.632736 6.419373
3 300.000000 1.000000 0.000000 0.300000 0.100000 100.000000 0.000000 -33010.614202 82.277721 6.421262
3 300.000000 1.000000 0.000000 0.300000 0.100000 100.000000 0.000000 -32831.970458 83.559142 6.567115
3 300.000000 1.000000 0.000000 0.300000 0.100000 100.000000 0.000000 -32880.720785 79.585197 6.841752
4 300.000000 1.000000 0.000000 0.400000 0.100000 90.000000 0.000000 -32875.401820 73.888949 6.455435
3 300.000000 1.000000 0.000000 0.300000 0.100000 100.000000 0.000000 -32833.828213 81.507134 6.867160
2 300.000000 1.000000 0.000000 0.200000 0.100000 110.000000 0.000000 -33012.763455 131.196827 6.845104
2 300.000000 1.000000 0.000000 0.200000 0.100000 110.000000 0.000000 -32811.612091 96.504452 7.136545
2 300.000000 1.000000 0.000000 0.200000 0.100000 110.000000 0.000000 -32859.086399 84.390541 8.184374
2 300.000000 1.000000 0.000000 0.200000 0.100000 110.000000 0.000000 -32821.378242 137.642866 7.635138
1 300.000000 1.000000 0.000000 0.100000 0.100000 120.000000 0.000000 -32702.690071 126.698759 6.392768
1 300.000000 1.000000 0.000000 0.100000 0.100000 120.000000 0.000000 -32847.395239 122.185204 7.165382
1 300.000000 1.000000 0.000000 0.100000 0.100000 120.000000 0.000000 -32888.930987 144.478499 6.784968
1 300.000000 1.000000 0.000000 0.100000 0.100000 120.000000 0.000000 -32891.974366 121.318324 7.043007
1 300.000000 1.000000 0.000000 0.100000 0.100000 120.000000 0.000000 -32927.312268 138.938122 7.050132
1 300.000000 1.000000 0.000000 0.100000 0.100000 120.000000 0.000000 -32862.974939 145.302281 6.786639
1 300.000000 1.000000 0.000000 0.100000 0.100000 120.000000 0.000000 -32774.815499 128.006742 6.607245
2 300.000000 1.000000 0.000000 0.200000 0.100000 110.000000 0.000000 -32834.076808 107.237267 6.672804
3 300.000000 1.000000 0.000000 0.300000 0.100000 100.000000 0.000000 -32775.910647 68.150018 6.945095
3 300.000000 1.000000 0.000000 0.300000 0.100000 100.000000 0.000000 -32939.171613 84.076604 6.398317
3 300.000000 1.000000 0.000000 0.300000 0.100000 100.000000 0.000000 -32963.468754 72.704623 7.397305
3 300.000000 1.000000 0.000000 0.300000 0.100000 100.000000 0.000000 -32820.124859 60.378801 6.406706
3 300.000000 1.000000 0.000000 0.300000 0.100000 100.000000 0.000000 -32821.521581 59.551153 6.405669
3 300.000000 1.000000 0.000000 0.300000 0.100000 100.000000 0.000000 -32851.120244 78.595297 6.434583
4 300.000000 1.000000 0.000000 0.400000 0.100000 90.000000 0.000000 -32833.673541 55.157229 6.586421
4 300.000000 1.000000 0.000000 0.400000 0.100000 90.000000 0.000000 -32969.920892 61.924432 6.400204
3 300.000000 1.000000 0.000000 0.300000 0.100000 100.000000 0.000000 -32887.157327 73.414969 6.496769
4 300.000000 1.000000 0.000000 0.400000 0.100000 90.000000 0.000000 -32947.698828 53.207669 6.784686
5 300.000000 1.000000 0.000000 0.500000 0.100000 80.000000 0.000000 -32914.449618 58.215761 6.408098
3 300.000000 1.000000 0.000000 0.300000 0.100000 100.000000 0.000000 -32885.291250 81.954975 6.437124
3 300.000000 1.000000 0.000000 0.300000 0.100000 100.000000 0.000000 -32970.975614 84.712701 6.410937
3 300.000000 1.000000 0.000000 0.300000 0.100000 100.000000 0.000000 -32801.198372 62.818673 7.784509
4 300.000000 1.000000 0.000000 0.400000 0.100000 90.000000 0.000000 -32867.213161 72.836866 6.390184
2 300.000000 1.000000 0.000000 0.200000 0.100000 110.000000 0.000000 -32803.340687 131.433159 6.472307
1 300.000000 1.000000 0.000000 0.100000 0.100000 120.000000 0.000000 -32863.632207 127.544943 6.397634
1 300.000000 1.000000 0.000000 0.100000 0.100000 120.000000 0.000000 -32821.896793 137.070103 6.409586
1 300.000000 1.000000 0.000000 0.100000 0.100000 120.000000 0.000000 -32920.773797 138.923014 6.419260
1 300.000000 1.000000 0.000000 0.100000 0.100000 120.000000 0.000000 -32914.603112 126.425276 6.473904
2 300.000000 1.000000 0.000000 0.200000 0.100000 110.000000 0.000000 -32921.445368 115.941366 6.477845
2 300.000000 1.000000 0.000000 0.200000 0.100000 110.000000 0.000000 -32825.671282 138.521578 6.413675
2 300.000000 1.000000 0.000000 0.200000 0.100000 110.000000 0.000000 -32939.757023 93.155104 6.391779
3 300.000000 1.000000 0.000000 0.300000 0.100000 100.000000 0.000000 -32783.835649 83.828279 6.415502
3 300.000000 1.000000 0.000000 0.300000 0.100000 100.000000 0.000000 -32918.531555 70.748046 7.000179
3 300.000000 1.000000 0.000000 0.300000 0.100000 100.000000 0.000000 -32781.494593 71.676222 6.932925
2 300.000000 1.000000 0.000000 0.200000 0.100000 110.000000 0.000000 -32613.845346 120.998080 7.152969
2 300.000000 1.000000 0.000000 0.200000 0.100000 110.000000 0.000000 -32809.117183 59.052287 6.420992
3 300.000000 1.000000 0.000000 0.300000 0.100000 100.000000 0.000000 -32927.399167 50.274807 6.728677
5 300.000000 1.000000 0.000000 0.500000 0.100000 80.000000 0.000000 -32788.539611 35.782808 6.418199
5 300.000000 1.000000 0.000000 0.500000 0.100000 80.000000 0.000000 -32568.854557 44.923738 6.803235
4 300.000000 1.000000 0.000000 0.400000 0.100000 90.000000 0.000000 -32570.709056 60.718871 7.554140
4 300.000000 1.000000 0.000000 0.400000 0.100000 90.000000 0.000000 -32925.245556 82.850796 8.269428
3 300.000000 1.000000 0.000000 0.300000 0.100000 100.000000 0.000000 -32997.091639 77.758924 6.394131
4 300.000000 1.000000 0.000000 0.400000 0.100000 90.000000 0.000000 -32827.356193 52.188375 7.182245
5 300.000000 1.000000 0.000000 0.500000 0.100000 80.000000 0.000000 -32896.423703 60.951824 6.389726
4 300.000000 1.000000 0.000000 0.400000 0.100000 90.000000 0.000000 -32846.013026 68.380412 7.492690
2 300.000000 1.000000 0.000000 0.200000 0.100000 110.000000 0.000000 -32910.312663 78.651563 6.583438
2 300.000000 1.000000 0.000000 0.200000 0.100000 110.000000 0.000000 -32867.961930 125.874823 6.703499
1 300.000000 1.000000 0.000000 0.100000 0.100000 120.000000 0.000000 -32985.273305 129.425577 6.472121
2 300.000000 1.000000 0.000000 0.200000 0.100000 110.000000 0.000000 -32932.618725 65.088712 6.389792
4 300.000000 1.000000 0.000000 0.400000 0.100000 90.000000 0.000000 -32801.720375 62.998529 6.405700
4 300.000000 1.000000 0.000000 0.400000 0.100000 90.000000 0.000000 -32708.940081 53.685315 6.455802
3 300.000000 1.000000 0.000000 0.300000 0.100000 100.000000 0.000000 -32679.740951 84.948003 6.435415
3 300.000000 1.000000 0.000000 0.300000 0.100000 100.000000 0.000000 -32840.815916 54.911935 6.398226
5 300.000000 1.000000 0.000000 0.500000 0.100000 80.000000 0.000000 -32886.108277 60.741521 6.614893
4 300.000000 1.000000 0.000000 0.400000 0.100000 90.000000 0.000000 -32766.979477 53.794120 6.597132
3 300.000000 1.000000 0.000000 0.300000 0.100000 100.000000 0.000000 -32823.917777 83.064284 6.389738
3 300.000000 1.000000 0.000000 0.300000 0.100000 100.000000 0.000000 -32769.794981 56.976406 7.696677
5 300.000000 1.000000 0.000000 0.500000 0.100000 80.000000 0.000000 -32737.254172 30.642889 6.483222
6 300.000000 1.000000 0.100000 0.500000 0.100000 70.000000 0.000000 -32950.991305 33.994356 6.497078
5 300.000000 1.000000 0.000000 0.500000 0.100000 80.000000 0.000000 -32882.763097 43.937136 6.520000
5 300.000000 1.000000 0.000000 0.500000 0.100000 80.000000 0.000000 -32788.645170 41.040582 6.757448
5 300.000000 1.000000 0.000000 0.500000 0.100000 80.000000 0.000000 -32668.218703 41.914559 6.422339
4 300.000000 1.000000 0.000000 0.400000 0.100000 90.000000 0.000000 -32806.212646 43.698255 6.564245
3 300.000000 1.000000 0.000000 0.300000 0.100000 100.000000 0.000000 -32876.832788 90.664079 6.795936
3 300.000000 1.000000 0.000000 0.300000 0.100000 100.000000 0.000000 -32741.453007 72.316419 6.554174
3 300.000000 1.000000 0.000000 0.300000 0.100000 100.000000 0.000000 -32952.660305 74.583355 6.410576
3 300.000000 1.000000 0.000000 0.300000 0.100000 100.000000 0.000000 -32784.853339 59.947574 6.723588
2 300.000000 1.000000 0.000000 0.200000 0.100000 110.000000 0.000000 -32848.262815 122.340161 6.517365
2 300.000000 1.000000 0.000000 0.200000 0.100000 110.000000 0.000000 -32957.502986 106.512942 6.832290
1 300.000000 1.000000 0.000000 0.100000 0.100000 120.000000 0.000000 -32842.887027 128.139937 6.728446
1 300.000000 1.000000 0.000000 0.100000 0.100000 120.000000 0.000000 -32723.732940 161.281296 8.034328
1 300.000000 1.000000 0.000000 0.100000 0.100000 120.000000 0.000000 -32968.360909 158.426041 6.536609
1 300.000000 1.000000 0.000000 0.100000 0.100000 120.000000 0.000000 -32825.036658 149.545338 7.546894
