50.000000 0.500000 0.500000 0.500000 0.000000 0.000000 0.000000 -30454.733416 -4.048160
75.000000 0.500000 0.500000 0.500000 0.000000 0.000000 0.000000 -30281.322362 -2.920351
100.000000 0.500000 0.500000 0.500000 0.000000 0.000000 0.000000 -29968.286809 -16.588492
125.000000 0.500000 0.500000 0.500000 0.000000 0.000000 0.000000 -29651.841187 -12.405891
150.000000 0.500000 0.500000 0.500000 0.000000 0.000000 0.000000 -29281.765764 -15.430808
175.000000 0.500000 0.500000 0.500000 0.000000 0.000000 0.000000 -28784.757099 -7.394240
200.000000 0.500000 0.500000 0.500000 0.000000 0.000000 0.000000 -28305.947473 -4.197538
225.000000 0.500000 0.500000 0.500000 0.000000 0.000000 0.000000 -27510.580132 -9.836580
250.000000 0.500000 0.500000 0.500000 0.000000 0.000000 0.000000 -26629.450489 -1.127808
275.000000 0.500000 0.500000 0.500000 0.000000 0.000000 0.000000 -25836.324746 -9.597574
300.000000 0.500000 0.500000 0.500000 0.000000 0.000000 0.000000 -25593.416929 -5.116217
300.000000 0.500000 0.500000 0.500000 0.000000 0.000000 0.000000 -25534.594752 -5.848172
300.000000 0.500000 0.500000 0.500000 0.000000 0.000000 0.000000 -25770.449862 -2.569312
300.000000 0.500000 0.500000 0.500000 0.000000 0.000000 0.000000 -25585.943690 -8.051506
300.000000 0.500000 0.500000 0.500000 0.000000 0.000000 0.000000 -25830.935584 0.582576
300.000000 0.500000 0.500000 0.500000 0.000000 0.000000 0.000000 -25846.291505 1.090464
300.000000 0.500000 0.500000 0.500000 0.000000 0.000000 0.000000 -25764.691038 -12.107134
300.000000 0.500000 0.500000 0.500000 0.000000 0.000000 0.000000 -25695.482722 -9.209190
300.000000 0.500000 0.500000 0.500000 0.000000 0.000000 0.000000 -25707.108319 5.138623
300.000000 0.500000 0.500000 0.500000 0.000000 0.000000 0.000000 -25755.526280 -14.624163
