300.000000 0.000000 0.000000 0.000000 0.000000 0.000000 0.000000 -31607.030055 863.566584
300.000000 0.002000 0.002000 0.002000 0.000000 0.000000 0.000000 -31642.626220 908.272901
300.000000 0.004000 0.004000 0.004000 0.000000 0.000000 0.000000 -31767.817114 656.290190
300.000000 0.006000 0.006000 0.006000 0.000000 0.000000 0.000000 -31644.945799 727.399374
300.000000 0.008000 0.008000 0.008000 0.000000 0.000000 0.000000 -31682.148622 765.043711
300.000000 0.010000 0.010000 0.010000 0.000000 0.000000 0.000000 -31642.192220 702.321743
300.000000 0.012000 0.012000 0.012000 0.000000 0.000000 0.000000 -31566.664516 706.812826
300.000000 0.014000 0.014000 0.014000 0.000000 0.000000 0.000000 -31586.320087 685.281613
300.000000 0.016000 0.016000 0.016000 0.000000 0.000000 0.000000 -31611.304490 652.911931
300.000000 0.018000 0.018000 0.018000 0.000000 0.000000 0.000000 -31626.060768 112.519883
300.000000 0.020000 0.020000 0.020000 0.000000 0.000000 0.000000 -31666.970451 96.969710
300.000000 0.022000 0.022000 0.022000 0.000000 0.000000 0.000000 -31586.513657 191.651831
300.000000 0.024000 0.024000 0.024000 0.000000 0.000000 0.000000 -31635.069712 135.095400
300.000000 0.026000 0.026000 0.026000 0.000000 0.000000 0.000000 -31541.990932 71.636739
300.000000 0.028000 0.028000 0.028000 0.000000 0.000000 0.000000 -31627.456353 114.669810
300.000000 0.030000 0.030000 0.030000 0.000000 0.000000 0.000000 -31577.127493 136.405556
300.000000 0.032000 0.032000 0.032000 0.000000 0.000000 0.000000 -31484.924448 99.588903
300.000000 0.034000 0.034000 0.034000 0.000000 0.000000 0.000000 -31488.856609 89.349397
300.000000 0.036000 0.036000 0.036000 0.000000 0.000000 0.000000 -31614.921068 59.604103
300.000000 0.038000 0.038000 0.038000 0.000000 0.000000 0.000000 -31657.219404 80.114352
300.000000 0.040000 0.040000 0.040000 0.000000 0.000000 0.000000 -31603.669974 162.292669
300.000000 0.042000 0.042000 0.042000 0.000000 0.000000 0.000000 -31647.486189 92.851335
300.000000 0.044000 0.044000 0.044000 0.000000 0.000000 0.000000 -31481.513889 109.709860
300.000000 0.046000 0.046000 0.046000 0.000000 0.000000 0.000000 -31566.943804 75.764991
300.000000 0.048000 0.048000 0.048000 0.000000 0.000000 0.000000 -31425.044466 57.455085
300.000000 0.050000 0.050000 0.050000 0.000000 0.000000 0.000000 -31634.362125 74.755374
300.000000 0.052000 0.052000 0.052000 0.000000 0.000000 0.000000 -31521.189594 78.989707
300.000000 0.054000 0.054000 0.054000 0.000000 0.000000 0.000000 -31605.849138 62.917280
300.000000 0.056000 0.056000 0.056000 0.000000 0.000000 0.000000 -31548.065547 82.233277
300.000000 0.058000 0.058000 0.058000 0.000000 0.000000 0.000000 -31526.971808 91.107812
300.000000 0.060000 0.060000 0.060000 0.000000 0.000000 0.000000 -31442.134469 54.556477
300.000000 0.062000 0.062000 0.062000 0.000000 0.000000 0.000000 -31601.578021 72.450781
300.000000 0.064000 0.064000 0.064000 0.000000 0.000000 0.000000 -31600.856017 62.969410
300.000000 0.066000 0.066000 0.066000 0.000000 0.000000 0.000000 -31617.737224 65.084452
300.000000 0.068000 0.068000 0.068000 0.000000 0.000000 0.000000 -31501.302566 64.326797
300.000000 0.070000 0.070000 0.070000 0.000000 0.000000 0.000000 -31567.698726 44.571424
300.000000 0.072000 0.072000 0.072000 0.000000 0.000000 0.000000 -31465.950816 51.368354
300.000000 0.074000 0.074000 0.074000 0.000000 0.000000 0.000000 -31422.726490 69.653506
300.000000 0.076000 0.076000 0.076000 0.000000 0.000000 0.000000 -31436.238018 104.482859
300.000000 0.078000 0.078000 0.078000 0.000000 0.000000 0.000000 -31499.494134 90.972430
300.000000 0.080000 0.080000 0.080000 0.000000 0.000000 0.000000 -31408.834382 38.142544
300.000000 0.082000 0.082000 0.082000 0.000000 0.000000 0.000000 -31527.430769 47.515420
300.000000 0.084000 0.084000 0.084000 0.000000 0.000000 0.000000 -31406.381195 48.707065
300.000000 0.086000 0.086000 0.086000 0.000000 0.000000 0.000000 -31555.687211 76.728337
300.000000 0.088000 0.088000 0.088000 0.000000 0.000000 0.000000 -31401.641074 30.458054
300.000000 0.090000 0.090000 0.090000 0.000000 0.000000 0.000000 -31610.095732 65.197529
300.000000 0.092000 0.092000 0.092000 0.000000 0.000000 0.000000 -31487.278372 33.664082
300.000000 0.094000 0.094000 0.094000 0.000000 0.000000 0.000000 -31524.872817 66.905513
300.000000 0.096000 0.096000 0.096000 0.000000 0.000000 0.000000 -31471.647623 34.934703
300.000000 0.098000 0.098000 0.098000 0.000000 0.000000 0.000000 -31598.557793 60.723139
300.000000 0.100000 0.100000 0.100000 0.000000 0.000000 0.000000 -31597.961815 40.873464
300.000000 0.102000 0.102000 0.102000 0.000000 0.000000 0.000000 -31499.871355 82.217479
300.000000 0.104000 0.104000 0.104000 0.000000 0.000000 0.000000 -31522.054415 32.192700
300.000000 0.106000 0.106000 0.106000 0.000000 0.000000 0.000000 -31521.158950 29.552053
300.000000 0.108000 0.108000 0.108000 0.000000 0.000000 0.000000 -31579.262020 36.778249
300.000000 0.110000 0.110000 0.110000 0.000000 0.000000 0.000000 -31556.675715 69.350196
300.000000 0.112000 0.112000 0.112000 0.000000 0.000000 0.000000 -31554.924363 62.076074
300.000000 0.114000 0.114000 0.114000 0.000000 0.000000 0.000000 -31575.354426 35.378918
300.000000 0.116000 0.116000 0.116000 0.000000 0.000000 0.000000 -31504.309997 27.324786
300.000000 0.118000 0.118000 0.118000 0.000000 0.000000 0.000000 -31441.234697 48.419283
300.000000 0.120000 0.120000 0.120000 0.000000 0.000000 0.000000 -31442.637524 26.167206
300.000000 0.122000 0.122000 0.122000 0.000000 0.000000 0.000000 -31430.314614 41.682967
300.000000 0.124000 0.124000 0.124000 0.000000 0.000000 0.000000 -31450.553924 13.792441
300.000000 0.126000 0.126000 0.126000 0.000000 0.000000 0.000000 -31554.939022 50.429895
300.000000 0.128000 0.128000 0.128000 0.000000 0.000000 0.000000 -31457.537597 23.610136
300.000000 0.130000 0.130000 0.130000 0.000000 0.000000 0.000000 -31519.094760 41.709550
300.000000 0.132000 0.132000 0.132000 0.000000 0.000000 0.000000 -31528.727042 23.684874
300.000000 0.134000 0.134000 0.134000 0.000000 0.000000 0.000000 -31435.237717 31.664619
300.000000 0.136000 0.136000 0.136000 0.000000 0.000000 0.000000 -31471.147683 31.988533
300.000000 0.138000 0.138000 0.138000 0.000000 0.000000 0.000000 -31583.048571 50.294342
300.000000 0.140000 0.140000 0.140000 0.000000 0.000000 0.000000 -31524.127799 29.669112
300.000000 0.142000 0.142000 0.142000 0.000000 0.000000 0.000000 -31489.055501 22.949344
300.000000 0.144000 0.144000 0.144000 0.000000 0.000000 0.000000 -31541.237597 30.903737
300.000000 0.146000 0.146000 0.146000 0.000000 0.000000 0.000000 -31486.826538 67.210587
300.000000 0.148000 0.148000 0.148000 0.000000 0.000000 0.000000 -31662.836159 34.784134
300.000000 0.150000 0.150000 0.150000 0.000000 0.000000 0.000000 -31541.232812 41.890837
300.000000 0.152000 0.152000 0.152000 0.000000 0.000000 0.000000 -31578.210000 64.220450
300.000000 0.154000 0.154000 0.154000 0.000000 0.000000 0.000000 -31675.157809 34.040238
300.000000 0.156000 0.156000 0.156000 0.000000 0.000000 0.000000 -31660.363164 36.282577
300.000000 0.158000 0.158000 0.158000 0.000000 0.000000 0.000000 -31598.012793 44.498853
300.000000 0.160000 0.160000 0.160000 0.000000 0.000000 0.000000 -31644.986044 24.173374
300.000000 0.162000 0.162000 0.162000 0.000000 0.000000 0.000000 -31523.635270 -0.031446
300.000000 0.164000 0.164000 0.164000 0.000000 0.000000 0.000000 -31556.017268 22.307715
300.000000 0.166000 0.166000 0.166000 0.000000 0.000000 0.000000 -31479.607533 27.669064
300.000000 0.168000 0.168000 0.168000 0.000000 0.000000 0.000000 -31426.122482 27.301491
300.000000 0.170000 0.170000 0.170000 0.000000 0.000000 0.000000 -31493.754946 27.577708
300.000000 0.172000 0.172000 0.172000 0.000000 0.000000 0.000000 -31676.070504 16.931558
300.000000 0.174000 0.174000 0.174000 0.000000 0.000000 0.000000 -31716.493782 25.176455
300.000000 0.176000 0.176000 0.176000 0.000000 0.000000 0.000000 -31465.854366 47.273947
300.000000 0.178000 0.178000 0.178000 0.000000 0.000000 0.000000 -31628.433985 19.769974
300.000000 0.180000 0.180000 0.180000 0.000000 0.000000 0.000000 -31508.516419 17.055909
300.000000 0.182000 0.182000 0.182000 0.000000 0.000000 0.000000 -31572.638683 48.161306
300.000000 0.184000 0.184000 0.184000 0.000000 0.000000 0.000000 -31513.044855 26.125529
300.000000 0.186000 0.186000 0.186000 0.000000 0.000000 0.000000 -31509.895650 33.326569
300.000000 0.188000 0.188000 0.188000 0.000000 0.000000 0.000000 -31469.428650 20.953313
300.000000 0.190000 0.190000 0.190000 0.000000 0.000000 0.000000 -31391.500624 34.905080
300.000000 0.192000 0.192000 0.192000 0.000000 0.000000 0.000000 -31422.395361 22.191306
300.000000 0.194000 0.194000 0.194000 0.000000 0.000000 0.000000 -31464.466854 37.774071
300.000000 0.196000 0.196000 0.196000 0.000000 0.000000 0.000000 -31559.152084 28.287700
300.000000 0.198000 0.198000 0.198000 0.000000 0.000000 0.000000 -31587.265951 44.033763
300.000000 0.200000 0.200000 0.200000 0.000000 0.000000 0.000000 -31479.146116 26.443990
300.000000 0.202000 0.202000 0.202000 0.000000 0.000000 0.000000 -31542.694046 16.208976
300.000000 0.204000 0.204000 0.204000 0.000000 0.000000 0.000000 -31536.162753 30.209940
300.000000 0.206000 0.206000 0.206000 0.000000 0.000000 0.000000 -31644.588513 29.698582
300.000000 0.208000 0.208000 0.208000 0.000000 0.000000 0.000000 -31576.584342 15.036505
300.000000 0.210000 0.210000 0.210000 0.000000 0.000000 0.000000 -31503.814147 14.194644
300.000000 0.212000 0.212000 0.212000 0.000000 0.000000 0.000000 -31489.834984 19.030187
300.000000 0.214000 0.214000 0.214000 0.000000 0.000000 0.000000 -31575.493959 5.003626
300.000000 0.216000 0.216000 0.216000 0.000000 0.000000 0.000000 -31711.396302 4.081576
300.000000 0.218000 0.218000 0.218000 0.000000 0.000000 0.000000 -31519.601149 14.120537
300.000000 0.220000 0.220000 0.220000 0.000000 0.000000 0.000000 -31487.192294 13.112955
300.000000 0.222000 0.222000 0.222000 0.000000 0.000000 0.000000 -31430.326306 26.744002
300.000000 0.224000 0.224000 0.224000 0.000000 0.000000 0.000000 -31508.538074 17.710820
300.000000 0.226000 0.226000 0.226000 0.000000 0.000000 0.000000 -31461.009503 37.415603
300.000000 0.228000 0.228000 0.228000 0.000000 0.000000 0.000000 -31536.614989 14.872472
300.000000 0.230000 0.230000 0.230000 0.000000 0.000000 0.000000 -31450.811660 27.854781
300.000000 0.232000 0.232000 0.232000 0.000000 0.000000 0.000000 -31494.718908 24.523405
300.000000 0.234000 0.234000 0.234000 0.000000 0.000000 0.000000 -31475.430653 13.413916
300.000000 0.236000 0.236000 0.236000 0.000000 0.000000 0.000000 -31492.333342 33.343829
300.000000 0.238000 0.238000 0.238000 0.000000 0.000000 0.000000 -31358.817825 18.165510
300.000000 0.240000 0.240000 0.240000 0.000000 0.000000 0.000000 -31412.532779 19.140493
300.000000 0.242000 0.242000 0.242000 0.000000 0.000000 0.000000 -31525.533355 30.407264
300.000000 0.244000 0.244000 0.244000 0.000000 0.000000 0.000000 -31595.402188 5.187653
300.000000 0.246000 0.246000 0.246000 0.000000 0.000000 0.000000 -31503.330099 14.616668
300.000000 0.248000 0.248000 0.248000 0.000000 0.000000 0.000000 -31602.558263 5.863393
300.000000 0.250000 0.250000 0.250000 0.000000 0.000000 0.000000 -31454.888851 12.694931
300.000000 0.252000 0.252000 0.252000 0.000000 0.000000 0.000000 -31574.024581 1.301773
300.000000 0.254000 0.254000 0.254000 0.000000 0.000000 0.000000 -31490.606108 20.920662
300.000000 0.256000 0.256000 0.256000 0.000000 0.000000 0.000000 -31495.464646 14.930709
300.000000 0.258000 0.258000 0.258000 0.000000 0.000000 0.000000 -31413.747551 13.086902
300.000000 0.260000 0.260000 0.260000 0.000000 0.000000 0.000000 -31432.219535 30.417531
300.000000 0.262000 0.262000 0.262000 0.000000 0.000000 0.000000 -31404.856079 18.706941
300.000000 0.264000 0.264000 0.264000 0.000000 0.000000 0.000000 -31364.029355 17.465119
300.000000 0.266000 0.266000 0.266000 0.000000 0.000000 0.000000 -31414.425109 39.105185
300.000000 0.268000 0.268000 0.268000 0.000000 0.000000 0.000000 -31588.569842 13.523411
300.000000 0.270000 0.270000 0.270000 0.000000 0.000000 0.000000 -31454.640823 19.996146
300.000000 0.272000 0.272000 0.272000 0.000000 0.000000 0.000000 -31523.405788 23.033152
300.000000 0.274000 0.274000 0.274000 0.000000 0.000000 0.000000 -31449.980048 21.135685
300.000000 0.276000 0.276000 0.276000 0.000000 0.000000 0.000000 -31472.001046 14.500171
300.000000 0.278000 0.278000 0.278000 0.000000 0.000000 0.000000 -31483.601871 21.443160
300.000000 0.280000 0.280000 0.280000 0.000000 0.000000 0.000000 -31538.174779 15.648181
300.000000 0.282000 0.282000 0.282000 0.000000 0.000000 0.000000 -31453.814002 17.250110
300.000000 0.284000 0.284000 0.284000 0.000000 0.000000 0.000000 -31614.121765 28.581090
300.000000 0.286000 0.286000 0.286000 0.000000 0.000000 0.000000 -31574.618475 15.241465
300.000000 0.288000 0.288000 0.288000 0.000000 0.000000 0.000000 -31604.477776 6.679045
300.000000 0.290000 0.290000 0.290000 0.000000 0.000000 0.000000 -31464.930564 11.593602
300.000000 0.292000 0.292000 0.292000 0.000000 0.000000 0.000000 -31407.485418 12.421053
300.000000 0.294000 0.294000 0.294000 0.000000 0.000000 0.000000 -31435.637134 6.922404
300.000000 0.296000 0.296000 0.296000 0.000000 0.000000 0.000000 -31405.610148 -0.560971
300.000000 0.298000 0.298000 0.298000 0.000000 0.000000 0.000000 -31494.313064 7.465000
300.000000 0.300000 0.300000 0.300000 0.000000 0.000000 0.000000 -31390.234570 18.567606
300.000000 0.302000 0.302000 0.302000 0.000000 0.000000 0.000000 -31399.097546 1.068156
300.000000 0.304000 0.304000 0.304000 0.000000 0.000000 0.000000 -31597.881953 13.158173
300.000000 0.306000 0.306000 0.306000 0.000000 0.000000 0.000000 -31394.470876 12.949632
300.000000 0.308000 0.308000 0.308000 0.000000 0.000000 0.000000 -31488.373884 19.109340
300.000000 0.310000 0.310000 0.310000 0.000000 0.000000 0.000000 -31657.519432 5.368281
300.000000 0.312000 0.312000 0.312000 0.000000 0.000000 0.000000 -31620.278969 6.668326
300.000000 0.314000 0.314000 0.314000 0.000000 0.000000 0.000000 -31591.090689 3.766190
300.000000 0.316000 0.316000 0.316000 0.000000 0.000000 0.000000 -31657.898089 8.581457
300.000000 0.318000 0.318000 0.318000 0.000000 0.000000 0.000000 -31588.209858 -1.479985
300.000000 0.320000 0.320000 0.320000 0.000000 0.000000 0.000000 -31509.323379 18.792219
300.000000 0.322000 0.322000 0.322000 0.000000 0.000000 0.000000 -31581.434591 23.911274
300.000000 0.324000 0.324000 0.324000 0.000000 0.000000 0.000000 -31442.357610 17.448807
300.000000 0.326000 0.326000 0.326000 0.000000 0.000000 0.000000 -31511.807671 3.340544
300.000000 0.328000 0.328000 0.328000 0.000000 0.000000 0.000000 -31571.808105 2.400809
300.000000 0.330000 0.330000 0.330000 0.000000 0.000000 0.000000 -31538.221404 8.607612
300.000000 0.332000 0.332000 0.332000 0.000000 0.000000 0.000000 -31483.901292 10.627053
300.000000 0.334000 0.334000 0.334000 0.000000 0.000000 0.000000 -31532.931219 10.899867
300.000000 0.336000 0.336000 0.336000 0.000000 0.000000 0.000000 -31540.267945 6.193361
300.000000 0.338000 0.338000 0.338000 0.000000 0.000000 0.000000 -31521.855010 20.683093
300.000000 0.340000 0.340000 0.340000 0.000000 0.000000 0.000000 -31501.019134 7.251930
300.000000 0.342000 0.342000 0.342000 0.000000 0.000000 0.000000 -31533.745140 4.063017
300.000000 0.344000 0.344000 0.344000 0.000000 0.000000 0.000000 -31340.784590 16.616550
300.000000 0.346000 0.346000 0.346000 0.000000 0.000000 0.000000 -31378.357199 -1.609724
300.000000 0.348000 0.348000 0.348000 0.000000 0.000000 0.000000 -31295.791583 12.497813
300.000000 0.350000 0.350000 0.350000 0.000000 0.000000 0.000000 -31443.728072 3.931574
300.000000 0.352000 0.352000 0.352000 0.000000 0.000000 0.000000 -31415.744516 12.983035
300.000000 0.354000 0.354000 0.354000 0.000000 0.000000 0.000000 -31383.818452 7.486249
300.000000 0.356000 0.356000 0.356000 0.000000 0.000000 0.000000 -31502.477254 7.833585
300.000000 0.358000 0.358000 0.358000 0.000000 0.000000 0.000000 -31377.289462 0.776134
300.000000 0.360000 0.360000 0.360000 0.000000 0.000000 0.000000 -31474.721164 -1.404164
300.000000 0.362000 0.362000 0.362000 0.000000 0.000000 0.000000 -31277.170132 14.436959
300.000000 0.364000 0.364000 0.364000 0.000000 0.000000 0.000000 -31521.016199 7.236983
300.000000 0.366000 0.366000 0.366000 0.000000 0.000000 0.000000 -31521.146441 12.402683
300.000000 0.368000 0.368000 0.368000 0.000000 0.000000 0.000000 -31530.621869 9.310875
300.000000 0.370000 0.370000 0.370000 0.000000 0.000000 0.000000 -31451.583317 3.313371
300.000000 0.372000 0.372000 0.372000 0.000000 0.000000 0.000000 -31584.765453 2.534697
300.000000 0.374000 0.374000 0.374000 0.000000 0.000000 0.000000 -31513.274607 3.639376
300.000000 0.376000 0.376000 0.376000 0.000000 0.000000 0.000000 -31639.342161 7.997927
300.000000 0.378000 0.378000 0.378000 0.000000 0.000000 0.000000 -31492.290275 11.166826
300.000000 0.380000 0.380000 0.380000 0.000000 0.000000 0.000000 -31538.955941 12.717832
300.000000 0.382000 0.382000 0.382000 0.000000 0.000000 0.000000 -31416.257926 0.431196
300.000000 0.384000 0.384000 0.384000 0.000000 0.000000 0.000000 -31456.142395 13.759065
300.000000 0.386000 0.386000 0.386000 0.000000 0.000000 0.000000 -31503.760242 7.366551
300.000000 0.388000 0.388000 0.388000 0.000000 0.000000 0.000000 -31427.769911 9.793918
300.000000 0.390000 0.390000 0.390000 0.000000 0.000000 0.000000 -31512.434879 22.857620
300.000000 0.392000 0.392000 0.392000 0.000000 0.000000 0.000000 -31531.119886 6.948009
300.000000 0.394000 0.394000 0.394000 0.000000 0.000000 0.000000 -31558.245193 -0.782003
300.000000 0.396000 0.396000 0.396000 0.000000 0.000000 0.000000 -31513.465790 14.280498
300.000000 0.398000 0.398000 0.398000 0.000000 0.000000 0.000000 -31519.451985 6.881221
300.000000 0.400000 0.400000 0.400000 0.000000 0.000000 0.000000 -31524.115492 6.163637
300.000000 0.402000 0.402000 0.402000 0.000000 0.000000 0.000000 -31594.215487 1.591646
300.000000 0.404000 0.404000 0.404000 0.000000 0.000000 0.000000 -31475.030998 19.890786
300.000000 0.406000 0.406000 0.406000 0.000000 0.000000 0.000000 -31512.449485 -5.573038
300.000000 0.408000 0.408000 0.408000 0.000000 0.000000 0.000000 -31370.555061 20.773183
300.000000 0.410000 0.410000 0.410000 0.000000 0.000000 0.000000 -31295.428670 14.365713
300.000000 0.412000 0.412000 0.412000 0.000000 0.000000 0.000000 -31386.566710 1.657549
300.000000 0.414000 0.414000 0.414000 0.000000 0.000000 0.000000 -31509.930471 7.040912
300.000000 0.416000 0.416000 0.416000 0.000000 0.000000 0.000000 -31526.393976 -2.500403
300.000000 0.418000 0.418000 0.418000 0.000000 0.000000 0.000000 -31411.202060 3.285054
300.000000 0.420000 0.420000 0.420000 0.000000 0.000000 0.000000 -31449.661956 1.126663
300.000000 0.422000 0.422000 0.422000 0.000000 0.000000 0.000000 -31463.799184 8.359365
300.000000 0.424000 0.424000 0.424000 0.000000 0.000000 0.000000 -31450.659494 9.405032
300.000000 0.426000 0.426000 0.426000 0.000000 0.000000 0.000000 -31482.212843 1.015569
300.000000 0.428000 0.428000 0.428000 0.000000 0.000000 0.000000 -31523.537893 -1.522123
300.000000 0.430000 0.430000 0.430000 0.000000 0.000000 0.000000 -31518.610857 -0.221748
300.000000 0.432000 0.432000 0.432000 0.000000 0.000000 0.000000 -31424.289270 12.177410
300.000000 0.434000 0.434000 0.434000 0.000000 0.000000 0.000000 -31447.348260 -5.873561
300.000000 0.436000 0.436000 0.436000 0.000000 0.000000 0.000000 -31616.328188 15.043524
300.000000 0.438000 0.438000 0.438000 0.000000 0.000000 0.000000 -31627.067727 2.595134
300.000000 0.440000 0.440000 0.440000 0.000000 0.000000 0.000000 -31607.855322 -1.578549
300.000000 0.442000 0.442000 0.442000 0.000000 0.000000 0.000000 -31573.242534 3.341670
300.000000 0.444000 0.444000 0.444000 0.000000 0.000000 0.000000 -31596.774088 3.814129
300.000000 0.446000 0.446000 0.446000 0.000000 0.000000 0.000000 -31616.874914 0.841436
300.000000 0.448000 0.448000 0.448000 0.000000 0.000000 0.000000 -31524.803082 2.567155
300.000000 0.450000 0.450000 0.450000 0.000000 0.000000 0.000000 -31663.443190 14.871882
300.000000 0.452000 0.452000 0.452000 0.000000 0.000000 0.000000 -31554.351246 3.175339
300.000000 0.454000 0.454000 0.454000 0.000000 0.000000 0.000000 -31533.235680 1.178534
300.000000 0.456000 0.456000 0.456000 0.000000 0.000000 0.000000 -31569.854017 7.228919
300.000000 0.458000 0.458000 0.458000 0.000000 0.000000 0.000000 -31636.247673 4.145459
300.000000 0.460000 0.460000 0.460000 0.000000 0.000000 0.000000 -31560.198231 -1.080184
300.000000 0.462000 0.462000 0.462000 0.000000 0.000000 0.000000 -31702.280902 9.863675
300.000000 0.464000 0.464000 0.464000 0.000000 0.000000 0.000000 -31556.654119 -0.506463
300.000000 0.466000 0.466000 0.466000 0.000000 0.000000 0.000000 -31536.232428 2.492871
300.000000 0.468000 0.468000 0.468000 0.000000 0.000000 0.000000 -31516.876116 -4.108120
300.000000 0.470000 0.470000 0.470000 0.000000 0.000000 0.000000 -31497.431787 1.244559
300.000000 0.472000 0.472000 0.472000 0.000000 0.000000 0.000000 -31533.192588 -4.031100
300.000000 0.474000 0.474000 0.474000 0.000000 0.000000 0.000000 -31529.874025 -9.610999
300.000000 0.476000 0.476000 0.476000 0.000000 0.000000 0.000000 -31490.771928 -7.715985
300.000000 0.478000 0.478000 0.478000 0.000000 0.000000 0.000000 -31559.820999 3.727199
300.000000 0.480000 0.480000 0.480000 0.000000 0.000000 0.000000 -31536.074308 12.732414
300.000000 0.482000 0.482000 0.482000 0.000000 0.000000 0.000000 -31573.034015 2.079761
300.000000 0.484000 0.484000 0.484000 0.000000 0.000000 0.000000 -31590.426150 -6.917747
300.000000 0.486000 0.486000 0.486000 0.000000 0.000000 0.000000 -31461.418420 -2.866345
300.000000 0.488000 0.488000 0.488000 0.000000 0.000000 0.000000 -31520.773186 2.881026
300.000000 0.490000 0.490000 0.490000 0.000000 0.000000 0.000000 -31532.330718 7.143696
300.000000 0.492000 0.492000 0.492000 0.000000 0.000000 0.000000 -31523.505302 9.902330
300.000000 0.494000 0.494000 0.494000 0.000000 0.000000 0.000000 -31564.044689 6.879917
300.000000 0.496000 0.496000 0.496000 0.000000 0.000000 0.000000 -31535.826679 8.274535
300.000000 0.498000 0.498000 0.498000 0.000000 0.000000 0.000000 -31497.403888 2.373164
