300.000000 0.000000 0.000000 0.000000 0.000000 0.000000 0.000000 -35433.983980 896.097675
300.000000 0.002000 0.002000 0.002000 0.000000 0.000000 0.000000 -35454.320084 826.556195
300.000000 0.004000 0.004000 0.004000 0.000000 0.000000 0.000000 -35339.955754 910.875099
300.000000 0.006000 0.006000 0.006000 0.000000 0.000000 0.000000 -35459.009176 937.082876
300.000000 0.008000 0.008000 0.008000 0.000000 0.000000 0.000000 -35351.540209 731.793155
300.000000 0.010000 0.010000 0.010000 0.000000 0.000000 0.000000 -35371.143948 691.748856
300.000000 0.012000 0.012000 0.012000 0.000000 0.000000 0.000000 -35388.531375 714.629964
300.000000 0.014000 0.014000 0.014000 0.000000 0.000000 0.000000 -35475.853554 934.915525
300.000000 0.016000 0.016000 0.016000 0.000000 0.000000 0.000000 -35440.178728 716.006704
300.000000 0.018000 0.018000 0.018000 0.000000 0.000000 0.000000 -35387.675391 670.855016
300.000000 0.020000 0.020000 0.020000 0.000000 0.000000 0.000000 -35321.181829 719.288540
300.000000 0.022000 0.022000 0.022000 0.000000 0.000000 0.000000 -35358.756991 705.572597
300.000000 0.024000 0.024000 0.024000 0.000000 0.000000 0.000000 -35276.206625 160.472621
300.000000 0.026000 0.026000 0.026000 0.000000 0.000000 0.000000 -35307.272712 65.828967
300.000000 0.028000 0.028000 0.028000 0.000000 0.000000 0.000000 -35453.497291 159.595063
300.000000 0.030000 0.030000 0.030000 0.000000 0.000000 0.000000 -35465.920872 163.622491
300.000000 0.032000 0.032000 0.032000 0.000000 0.000000 0.000000 -35433.406221 161.745233
300.000000 0.034000 0.034000 0.034000 0.000000 0.000000 0.000000 -35317.867848 66.935832
300.000000 0.036000 0.036000 0.036000 0.000000 0.000000 0.000000 -35382.323629 60.896885
300.000000 0.038000 0.038000 0.038000 0.000000 0.000000 0.000000 -35322.285828 60.125188
300.000000 0.040000 0.040000 0.040000 0.000000 0.000000 0.000000 -35246.169021 70.173370
300.000000 0.042000 0.042000 0.042000 0.000000 0.000000 0.000000 -35314.596050 83.989822
300.000000 0.044000 0.044000 0.044000 0.000000 0.000000 0.000000 -35277.866376 67.821072
300.000000 0.046000 0.046000 0.046000 0.000000 0.000000 0.000000 -35375.566693 108.350261
300.000000 0.048000 0.048000 0.048000 0.000000 0.000000 0.000000 -35297.772135 52.187106
300.000000 0.050000 0.050000 0.050000 0.000000 0.000000 0.000000 -35296.229035 56.146904
300.000000 0.052000 0.052000 0.052000 0.000000 0.000000 0.000000 -35467.127298 56.977345
300.000000 0.054000 0.054000 0.054000 0.000000 0.000000 0.000000 -35295.527223 57.963206
300.000000 0.056000 0.056000 0.056000 0.000000 0.000000 0.000000 -35418.925987 47.484736
300.000000 0.058000 0.058000 0.058000 0.000000 0.000000 0.000000 -35358.673718 46.677397
300.000000 0.060000 0.060000 0.060000 0.000000 0.000000 0.000000 -35387.764041 61.630323
300.000000 0.062000 0.062000 0.062000 0.000000 0.000000 0.000000 -35315.613696 24.516613
300.000000 0.064000 0.064000 0.064000 0.000000 0.000000 0.000000 -35412.490319 64.511608
300.000000 0.066000 0.066000 0.066000 0.000000 0.000000 0.000000 -35505.370750 51.454071
300.000000 0.068000 0.068000 0.068000 0.000000 0.000000 0.000000 -35404.105324 29.207765
300.000000 0.070000 0.070000 0.070000 0.000000 0.000000 0.000000 -35406.821226 44.971652
300.000000 0.072000 0.072000 0.072000 0.000000 0.000000 0.000000 -35340.622759 69.360303
300.000000 0.074000 0.074000 0.074000 0.000000 0.000000 0.000000 -35381.928232 66.597258
300.000000 0.076000 0.076000 0.076000 0.000000 0.000000 0.000000 -35376.903595 52.454385
300.000000 0.078000 0.078000 0.078000 0.000000 0.000000 0.000000 -35282.392424 77.713362
300.000000 0.080000 0.080000 0.080000 0.000000 0.000000 0.000000 -35389.120804 59.706949
300.000000 0.082000 0.082000 0.082000 0.000000 0.000000 0.000000 -35278.493408 31.311978
300.000000 0.084000 0.084000 0.084000 0.000000 0.000000 0.000000 -35338.250255 42.744055
300.000000 0.086000 0.086000 0.086000 0.000000 0.000000 0.000000 -35311.020071 29.574959
300.000000 0.088000 0.088000 0.088000 0.000000 0.000000 0.000000 -35276.555725 74.467005
300.000000 0.090000 0.090000 0.090000 0.000000 0.000000 0.000000 -35205.017783 44.810110
300.000000 0.092000 0.092000 0.092000 0.000000 0.000000 0.000000 -35392.452577 64.719944
300.000000 0.094000 0.094000 0.094000 0.000000 0.000000 0.000000 -35407.098105 31.639395
300.000000 0.096000 0.096000 0.096000 0.000000 0.000000 0.000000 -35249.323254 49.447978
300.000000 0.098000 0.098000 0.098000 0.000000 0.000000 0.000000 -35404.884957 17.524802
300.000000 0.100000 0.100000 0.100000 0.000000 0.000000 0.000000 -35472.378329 10.726146
300.000000 0.102000 0.102000 0.102000 0.000000 0.000000 0.000000 -35416.645040 34.819359
300.000000 0.104000 0.104000 0.104000 0.000000 0.000000 0.000000 -35428.785904 44.276622
300.000000 0.106000 0.106000 0.106000 0.000000 0.000000 0.000000 -35510.333456 39.708672
300.000000 0.108000 0.108000 0.108000 0.000000 0.000000 0.000000 -35432.770346 38.026415
300.000000 0.110000 0.110000 0.110000 0.000000 0.000000 0.000000 -35425.842687 39.800592
300.000000 0.112000 0.112000 0.112000 0.000000 0.000000 0.000000 -35332.871160 25.154089
300.000000 0.114000 0.114000 0.114000 0.000000 0.000000 0.000000 -35420.601974 57.553317
300.000000 0.116000 0.116000 0.116000 0.000000 0.000000 0.000000 -35361.636489 20.109038
300.000000 0.118000 0.118000 0.118000 0.000000 0.000000 0.000000 -35328.451029 25.892754
300.000000 0.120000 0.120000 0.120000 0.000000 0.000000 0.000000 -35253.162887 46.118977
300.000000 0.122000 0.122000 0.122000 0.000000 0.000000 0.000000 -35290.490133 32.200894
300.000000 0.124000 0.124000 0.124000 0.000000 0.000000 0.000000 -35334.051845 16.319610
300.000000 0.126000 0.126000 0.126000 0.000000 0.000000 0.000000 -35285.294843 30.579210
300.000000 0.128000 0.128000 0.128000 0.000000 0.000000 0.000000 -35475.448915 22.122744
300.000000 0.130000 0.130000 0.130000 0.000000 0.000000 0.000000 -35505.008457 18.893192
300.000000 0.132000 0.132000 0.132000 0.000000 0.000000 0.000000 -35452.393712 36.415465
300.000000 0.134000 0.134000 0.134000 0.000000 0.000000 0.000000 -35485.842246 26.984946
300.000000 0.136000 0.136000 0.136000 0.000000 0.000000 0.000000 -35450.683055 22.591722
300.000000 0.138000 0.138000 0.138000 0.000000 0.000000 0.000000 -35431.009939 20.381924
300.000000 0.140000 0.140000 0.140000 0.000000 0.000000 0.000000 -35474.448886 36.973294
300.000000 0.142000 0.142000 0.142000 0.000000 0.000000 0.000000 -35440.558795 16.714865
300.000000 0.144000 0.144000 0.144000 0.000000 0.000000 0.000000 -35422.113349 33.707584
300.000000 0.146000 0.146000 0.146000 0.000000 0.000000 0.000000 -35349.491443 62.073835
300.000000 0.148000 0.148000 0.148000 0.000000 0.000000 0.000000 -35390.712288 31.419788
300.000000 0.150000 0.150000 0.150000 0.000000 0.000000 0.000000 -35431.692663 35.081375
300.000000 0.152000 0.152000 0.152000 0.000000 0.000000 0.000000 -35337.241729 34.693702
300.000000 0.154000 0.154000 0.154000 0.000000 0.000000 0.000000 -35300.444206 26.946452
300.000000 0.156000 0.156000 0.156000 0.000000 0.000000 0.000000 -35342.371884 20.680729
300.000000 0.158000 0.158000 0.158000 0.000000 0.000000 0.000000 -35443.627347 32.900199
300.000000 0.160000 0.160000 0.160000 0.000000 0.000000 0.000000 -35385.868387 33.761985
300.000000 0.162000 0.162000 0.162000 0.000000 0.000000 0.000000 -35332.288515 30.013656
300.000000 0.164000 0.164000 0.164000 0.000000 0.000000 0.000000 -35468.442902 24.007986
300.000000 0.166000 0.166000 0.166000 0.000000 0.000000 0.000000 -35355.077214 11.494385
300.000000 0.168000 0.168000 0.168000 0.000000 0.000000 0.000000 -35367.921190 18.910991
300.000000 0.170000 0.170000 0.170000 0.000000 0.000000 0.000000 -35286.055090 19.292621
300.000000 0.172000 0.172000 0.172000 0.000000 0.000000 0.000000 -35182.657126 15.905654
300.000000 0.174000 0.174000 0.174000 0.000000 0.000000 0.000000 -35202.037134 22.202736
300.000000 0.176000 0.176000 0.176000 0.000000 0.000000 0.000000 -35229.330800 11.846655
300.000000 0.178000 0.178000 0.178000 0.000000 0.000000 0.000000 -35341.094446 20.539736
300.000000 0.180000 0.180000 0.180000 0.000000 0.000000 0.000000 -35379.618760 3.024803
300.000000 0.182000 0.182000 0.182000 0.000000 0.000000 0.000000 -35433.018403 12.047597
300.000000 0.184000 0.184000 0.184000 0.000000 0.000000 0.000000 -35455.266021 23.103024
300.000000 0.186000 0.186000 0.186000 0.000000 0.000000 0.000000 -35419.962721 10.799828
300.000000 0.188000 0.188000 0.188000 0.000000 0.000000 0.000000 -35372.533554 28.477395
300.000000 0.190000 0.190000 0.190000 0.000000 0.000000 0.000000 -35360.655695 17.189711
300.000000 0.192000 0.192000 0.192000 0.000000 0.000000 0.000000 -35359.717500 26.980251
300.000000 0.194000 0.194000 0.194000 0.000000 0.000000 0.000000 -35371.599767 29.324073
300.000000 0.196000 0.196000 0.196000 0.000000 0.000000 0.000000 -35517.106617 35.436029
300.000000 0.198000 0.198000 0.198000 0.000000 0.000000 0.000000 -35608.449594 30.147857
300.000000 0.200000 0.200000 0.200000 0.000000 0.000000 0.000000 -35450.501840 24.840847
300.000000 0.202000 0.202000 0.202000 0.000000 0.000000 0.000000 -35331.944825 11.976085
300.000000 0.204000 0.204000 0.204000 0.000000 0.000000 0.000000 -35379.060441 10.872312
300.000000 0.206000 0.206000 0.206000 0.000000 0.000000 0.000000 -35377.739778 23.025748
300.000000 0.208000 0.208000 0.208000 0.000000 0.000000 0.000000 -35360.652661 20.382251
300.000000 0.210000 0.210000 0.210000 0.000000 0.000000 0.000000 -35385.343352 20.384070
300.000000 0.212000 0.212000 0.212000 0.000000 0.000000 0.000000 -35302.310666 14.101262
300.000000 0.214000 0.214000 0.214000 0.000000 0.000000 0.000000 -35440.265323 12.167394
300.000000 0.216000 0.216000 0.216000 0.000000 0.000000 0.000000 -35411.854673 6.859402
300.000000 0.218000 0.218000 0.218000 0.000000 0.000000 0.000000 -35379.239906 12.374192
300.000000 0.220000 0.220000 0.220000 0.000000 0.000000 0.000000 -35278.775542 12.245208
300.000000 0.222000 0.222000 0.222000 0.000000 0.000000 0.000000 -35221.956790 10.924017
300.000000 0.224000 0.224000 0.224000 0.000000 0.000000 0.000000 -35229.618944 13.029997
300.000000 0.226000 0.226000 0.226000 0.000000 0.000000 0.000000 -35282.649462 10.419509
300.000000 0.228000 0.228000 0.228000 0.000000 0.000000 0.000000 -35356.479881 4.544501
300.000000 0.230000 0.230000 0.230000 0.000000 0.000000 0.000000 -35282.874059 28.340571
300.000000 0.232000 0.232000 0.232000 0.000000 0.000000 0.000000 -35288.337556 19.731321
300.000000 0.234000 0.234000 0.234000 0.000000 0.000000 0.000000 -35252.934520 18.579420
300.000000 0.236000 0.236000 0.236000 0.000000 0.000000 0.000000 -35453.597630 20.635578
300.000000 0.238000 0.238000 0.238000 0.000000 0.000000 0.000000 -35407.123400 14.933594
300.000000 0.240000 0.240000 0.240000 0.000000 0.000000 0.000000 -35437.653234 8.068250
300.000000 0.242000 0.242000 0.242000 0.000000 0.000000 0.000000 -35553.856126 26.035381
300.000000 0.244000 0.244000 0.244000 0.000000 0.000000 0.000000 -35522.370998 14.921676
300.000000 0.246000 0.246000 0.246000 0.000000 0.000000 0.000000 -35521.714587 17.699673
300.000000 0.248000 0.248000 0.248000 0.000000 0.000000 0.000000 -35304.055884 20.043930
300.000000 0.250000 0.250000 0.250000 0.000000 0.000000 0.000000 -35293.775433 13.700264
300.000000 0.252000 0.252000 0.252000 0.000000 0.000000 0.000000 -35462.317625 20.142724
300.000000 0.254000 0.254000 0.254000 0.000000 0.000000 0.000000 -35395.124003 16.858912
300.000000 0.256000 0.256000 0.256000 0.000000 0.000000 0.000000 -35488.161085 8.240163
300.000000 0.258000 0.258000 0.258000 0.000000 0.000000 0.000000 -35514.086814 8.514794
300.000000 0.260000 0.260000 0.260000 0.000000 0.000000 0.000000 -35488.635810 20.554945
300.000000 0.262000 0.262000 0.262000 0.000000 0.000000 0.000000 -35445.532195 10.446826
300.000000 0.264000 0.264000 0.264000 0.000000 0.000000 0.000000 -35489.663067 13.857890
300.000000 0.266000 0.266000 0.266000 0.000000 0.000000 0.000000 -35452.108214 13.000485
300.000000 0.268000 0.268000 0.268000 0.000000 0.000000 0.000000 -35316.517084 7.026022
300.000000 0.270000 0.270000 0.270000 0.000000 0.000000 0.000000 -35271.069651 16.904016
300.000000 0.272000 0.272000 0.272000 0.000000 0.000000 0.000000 -35377.481248 10.088043
300.000000 0.274000 0.274000 0.274000 0.000000 0.000000 0.000000 -35424.976320 25.327372
300.000000 0.276000 0.276000 0.276000 0.000000 0.000000 0.000000 -35373.629472 -0.941669
300.000000 0.278000 0.278000 0.278000 0.000000 0.000000 0.000000 -35343.221489 0.760675
300.000000 0.280000 0.280000 0.280000 0.000000 0.000000 0.000000 -35354.086564 19.147700
300.000000 0.282000 0.282000 0.282000 0.000000 0.000000 0.000000 -35439.501356 10.930213
300.000000 0.284000 0.284000 0.284000 0.000000 0.000000 0.000000 -35443.722925 23.262039
300.000000 0.286000 0.286000 0.286000 0.000000 0.000000 0.000000 -35505.413057 17.167025
300.000000 0.288000 0.288000 0.288000 0.000000 0.000000 0.000000 -35526.757852 19.980306
300.000000 0.290000 0.290000 0.290000 0.000000 0.000000 0.000000 -35358.290618 21.637666
300.000000 0.292000 0.292000 0.292000 0.000000 0.000000 0.000000 -35337.719326 13.407078
300.000000 0.294000 0.294000 0.294000 0.000000 0.000000 0.000000 -35345.921778 4.151672
300.000000 0.296000 0.296000 0.296000 0.000000 0.000000 0.000000 -35260.449114 2.204678
300.000000 0.298000 0.298000 0.298000 0.000000 0.000000 0.000000 -35336.427152 16.739750
300.000000 0.300000 0.300000 0.300000 0.000000 0.000000 0.000000 -35279.205337 7.568564
300.000000 0.302000 0.302000 0.302000 0.000000 0.000000 0.000000 -35404.112772 26.676892
300.000000 0.304000 0.304000 0.304000 0.000000 0.000000 0.000000 -35341.743010 7.375814
300.000000 0.306000 0.306000 0.306000 0.000000 0.000000 0.000000 -35475.197306 12.649799
300.000000 0.308000 0.308000 0.308000 0.000000 0.000000 0.000000 -35392.190147 11.547945
300.000000 0.310000 0.310000 0.310000 0.000000 0.000000 0.000000 -35371.738254 11.995079
300.000000 0.312000 0.312000 0.312000 0.000000 0.000000 0.000000 -35453.478543 11.492467
300.000000 0.314000 0.314000 0.314000 0.000000 0.000000 0.000000 -35539.180367 12.364403
300.000000 0.316000 0.316000 0.316000 0.000000 0.000000 0.000000 -35254.698055 19.944498
300.000000 0.318000 0.318000 0.318000 0.000000 0.000000 0.000000 -35298.749293 10.168850
300.000000 0.320000 0.320000 0.320000 0.000000 0.000000 0.000000 -35299.384967 14.973024
300.000000 0.322000 0.322000 0.322000 0.000000 0.000000 0.000000 -35164.787647 7.994419
300.000000 0.324000 0.324000 0.324000 0.000000 0.000000 0.000000 -35253.572284 5.954018
300.000000 0.326000 0.326000 0.326000 0.000000 0.000000 0.000000 -35305.186479 13.007393
300.000000 0.328000 0.328000 0.328000 0.000000 0.000000 0.000000 -35229.513452 18.452628
300.000000 0.330000 0.330000 0.330000 0.000000 0.000000 0.000000 -35227.700474 22.723157
300.000000 0.332000 0.332000 0.332000 0.000000 0.000000 0.000000 -35393.753841 17.047753
300.000000 0.334000 0.334000 0.334000 0.000000 0.000000 0.000000 -35340.510680 1.191207
300.000000 0.336000 0.336000 0.336000 0.000000 0.000000 0.000000 -35418.759000 8.367492
300.000000 0.338000 0.338000 0.338000 0.000000 0.000000 0.000000 -35221.748828 12.831957
300.000000 0.340000 0.340000 0.340000 0.000000 0.000000 0.000000 -35454.711027 0.334164
300.000000 0.342000 0.342000 0.342000 0.000000 0.000000 0.000000 -35483.730886 8.789561
300.000000 0.344000 0.344000 0.344000 0.000000 0.000000 0.000000 -35366.311531 15.423861
300.000000 0.346000 0.346000 0.346000 0.000000 0.000000 0.000000 -35444.076848 3.960670
300.000000 0.348000 0.348000 0.348000 0.000000 0.000000 0.000000 -35491.101626 2.673660
300.000000 0.350000 0.350000 0.350000 0.000000 0.000000 0.000000 -35409.629112 -1.152107
300.000000 0.352000 0.352000 0.352000 0.000000 0.000000 0.000000 -35386.340706 -4.987272
300.000000 0.354000 0.354000 0.354000 0.000000 0.000000 0.000000 -35481.194976 7.333006
300.000000 0.356000 0.356000 0.356000 0.000000 0.000000 0.000000 -35368.571315 10.579696
300.000000 0.358000 0.358000 0.358000 0.000000 0.000000 0.000000 -35481.113432 1.154903
300.000000 0.360000 0.360000 0.360000 0.000000 0.000000 0.000000 -35413.338687 1.567246
300.000000 0.362000 0.362000 0.362000 0.000000 0.000000 0.000000 -35430.923893 0.094033
300.000000 0.364000 0.364000 0.364000 0.000000 0.000000 0.000000 -35323.985026 2.770582
300.000000 0.366000 0.366000 0.366000 0.000000 0.000000 0.000000 -35460.792460 -1.506708
300.000000 0.368000 0.368000 0.368000 0.000000 0.000000 0.000000 -35369.110465 5.968657
300.000000 0.370000 0.370000 0.370000 0.000000 0.000000 0.000000 -35349.422968 15.161249
300.000000 0.372000 0.372000 0.372000 0.000000 0.000000 0.000000 -35356.112993 0.191906
300.000000 0.374000 0.374000 0.374000 0.000000 0.000000 0.000000 -35379.239051 1.128533
300.000000 0.376000 0.376000 0.376000 0.000000 0.000000 0.000000 -35231.341879 8.225200
300.000000 0.378000 0.378000 0.378000 0.000000 0.000000 0.000000 -35169.341377 4.607303
300.000000 0.380000 0.380000 0.380000 0.000000 0.000000 0.000000 -35324.434004 -2.445443
300.000000 0.382000 0.382000 0.382000 0.000000 0.000000 0.000000 -35228.506609 10.768980
300.000000 0.384000 0.384000 0.384000 0.000000 0.000000 0.000000 -35380.015911 27.568891
300.000000 0.386000 0.386000 0.386000 0.000000 0.000000 0.000000 -35458.044920 12.859551
300.000000 0.388000 0.388000 0.388000 0.000000 0.000000 0.000000 -35464.295969 14.077279
300.000000 0.390000 0.390000 0.390000 0.000000 0.000000 0.000000 -35371.747853 8.748958
300.000000 0.392000 0.392000 0.392000 0.000000 0.000000 0.000000 -35476.629319 7.597802
300.000000 0.394000 0.394000 0.394000 0.000000 0.000000 0.000000 -35534.701147 8.816957
300.000000 0.396000 0.396000 0.396000 0.000000 0.000000 0.000000 -35395.985882 6.300811
300.000000 0.398000 0.398000 0.398000 0.000000 0.000000 0.000000 -35504.458556 6.324567
300.000000 0.400000 0.400000 0.400000 0.000000 0.000000 0.000000 -35410.736446 1.730042
300.000000 0.402000 0.402000 0.402000 0.000000 0.000000 0.000000 -35430.827073 4.350344
300.000000 0.404000 0.404000 0.404000 0.000000 0.000000 0.000000 -35503.136742 1.925150
300.000000 0.406000 0.406000 0.406000 0.000000 0.000000 0.000000 -35441.982067 8.949751
300.000000 0.408000 0.408000 0.408000 0.000000 0.000000 0.000000 -35317.261764 11.551330
300.000000 0.410000 0.410000 0.410000 0.000000 0.000000 0.000000 -35289.214946 4.543710
300.000000 0.412000 0.412000 0.412000 0.000000 0.000000 0.000000 -35336.640525 8.844256
300.000000 0.414000 0.414000 0.414000 0.000000 0.000000 0.000000 -35329.598850 7.744151
300.000000 0.416000 0.416000 0.416000 0.000000 0.000000 0.000000 -35388.358936 10.423919
300.000000 0.418000 0.418000 0.418000 0.000000 0.000000 0.000000 -35341.493655 3.188838
300.000000 0.420000 0.420000 0.420000 0.000000 0.000000 0.000000 -35390.803202 6.148393
300.000000 0.422000 0.422000 0.422000 0.000000 0.000000 0.000000 -35485.101693 -1.601340
300.000000 0.424000 0.424000 0.424000 0.000000 0.000000 0.000000 -35483.849937 -2.265122
300.000000 0.426000 0.426000 0.426000 0.000000 0.000000 0.000000 -35382.712212 8.203292
300.000000 0.428000 0.428000 0.428000 0.000000 0.000000 0.000000 -35549.323073 -2.203822
300.000000 0.430000 0.430000 0.430000 0.000000 0.000000 0.000000 -35445.073816 0.510147
300.000000 0.432000 0.432000 0.432000 0.000000 0.000000 0.000000 -35396.335712 -0.592110
300.000000 0.434000 0.434000 0.434000 0.000000 0.000000 0.000000 -35472.980748 6.580634
300.000000 0.436000 0.436000 0.436000 0.000000 0.000000 0.000000 -35460.545930 2.176700
300.000000 0.438000 0.438000 0.438000 0.000000 0.000000 0.000000 -35472.131296 4.437938
300.000000 0.440000 0.440000 0.440000 0.000000 0.000000 0.000000 -35409.515958 2.553804
300.000000 0.442000 0.442000 0.442000 0.000000 0.000000 0.000000 -35409.941209 7.213551
300.000000 0.444000 0.444000 0.444000 0.000000 0.000000 0.000000 -35581.877863 -0.697814
300.000000 0.446000 0.446000 0.446000 0.000000 0.000000 0.000000 -35485.037017 9.052568
300.000000 0.448000 0.448000 0.448000 0.000000 0.000000 0.000000 -35452.100958 -3.296037
300.000000 0.450000 0.450000 0.450000 0.000000 0.000000 0.000000 -35373.438038 4.567696
300.000000 0.452000 0.452000 0.452000 0.000000 0.000000 0.000000 -35513.778665 1.920950
300.000000 0.454000 0.454000 0.454000 0.000000 0.000000 0.000000 -35552.257219 0.882332
300.000000 0.456000 0.456000 0.456000 0.000000 0.000000 0.000000 -35509.253548 0.675870
300.000000 0.458000 0.458000 0.458000 0.000000 0.000000 0.000000 -35496.402412 -0.336179
300.000000 0.460000 0.460000 0.460000 0.000000 0.000000 0.000000 -35345.845403 0.815675
300.000000 0.462000 0.462000 0.462000 0.000000 0.000000 0.000000 -35329.202367 2.285429
300.000000 0.464000 0.464000 0.464000 0.000000 0.000000 0.000000 -35330.700922 8.554561
300.000000 0.466000 0.466000 0.466000 0.000000 0.000000 0.000000 -35466.759101 2.884626
300.000000 0.468000 0.468000 0.468000 0.000000 0.000000 0.000000 -35422.552551 5.341873
300.000000 0.470000 0.470000 0.470000 0.000000 0.000000 0.000000 -35478.782340 6.019834
300.000000 0.472000 0.472000 0.472000 0.000000 0.000000 0.000000 -35305.653967 3.388065
300.000000 0.474000 0.474000 0.474000 0.000000 0.000000 0.000000 -35315.693491 -3.531270
300.000000 0.476000 0.476000 0.476000 0.000000 0.000000 0.000000 -35311.834550 6.051785
300.000000 0.478000 0.478000 0.478000 0.000000 0.000000 0.000000 -35338.484722 1.430254
300.000000 0.480000 0.480000 0.480000 0.000000 0.000000 0.000000 -35391.815911 10.480572
300.000000 0.482000 0.482000 0.482000 0.000000 0.000000 0.000000 -35360.673536 8.803609
300.000000 0.484000 0.484000 0.484000 0.000000 0.000000 0.000000 -35332.849044 2.594910
300.000000 0.486000 0.486000 0.486000 0.000000 0.000000 0.000000 -35470.414655 -2.252298
300.000000 0.488000 0.488000 0.488000 0.000000 0.000000 0.000000 -35316.224453 5.730007
300.000000 0.490000 0.490000 0.490000 0.000000 0.000000 0.000000 -35424.115601 6.698663
300.000000 0.492000 0.492000 0.492000 0.000000 0.000000 0.000000 -35539.708968 2.695758
300.000000 0.494000 0.494000 0.494000 0.000000 0.000000 0.000000 -35504.754655 -6.033974
300.000000 0.496000 0.496000 0.496000 0.000000 0.000000 0.000000 -35520.708003 1.398529
300.000000 0.498000 0.498000 0.498000 0.000000 0.000000 0.000000 -35370.616517 2.041874
