50.000000 0.500000 0.500000 0.500000 0.000000 0.000000 0.000000 -38374.500833 -2.419933
58.333333 0.500000 0.500000 0.500000 0.000000 0.000000 0.000000 -38319.038329 0.179254
66.666667 0.500000 0.500000 0.500000 0.000000 0.000000 0.000000 -38268.281762 9.216659
75.000000 0.500000 0.500000 0.500000 0.000000 0.000000 0.000000 -38233.444334 8.066444
83.333333 0.500000 0.500000 0.500000 0.000000 0.000000 0.000000 -38198.808225 9.231597
91.666667 0.500000 0.500000 0.500000 0.000000 0.000000 0.000000 -38070.525711 6.064771
100.000000 0.500000 0.500000 0.500000 0.000000 0.000000 0.000000 -38015.134038 4.511233
108.333333 0.500000 0.500000 0.500000 0.000000 0.000000 0.000000 -37846.300279 2.419933
116.666667 0.500000 0.500000 0.500000 0.000000 0.000000 0.000000 -37681.430397 -3.346080
125.000000 0.500000 0.500000 0.500000 0.000000 0.000000 0.000000 -37568.333741 -7.528681
133.333333 0.500000 0.500000 0.500000 0.000000 0.000000 0.000000 -37434.196265 -4.272228
141.666667 0.500000 0.500000 0.500000 0.000000 0.000000 0.000000 -37299.093458 -0.149379
150.000000 0.500000 0.500000 0.500000 0.000000 0.000000 0.000000 -37222.046566 4.346917
158.333333 0.500000 0.500000 0.500000 0.000000 0.000000 0.000000 -37048.587570 4.033222
166.666667 0.500000 0.500000 0.500000 0.000000 0.000000 0.000000 -36810.073922 -8.036568
175.000000 0.500000 0.500000 0.500000 0.000000 0.000000 0.000000 -36493.931287 0.970961
183.333333 0.500000 0.500000 0.500000 0.000000 0.000000 0.000000 -36334.719244 0.373446
191.666667 0.500000 0.500000 0.500000 0.000000 0.000000 0.000000 -36124.054141 4.496295
200.000000 0.500000 0.500000 0.500000 0.000000 0.000000 0.000000 -35849.210455 -6.229087
208.333333 0.500000 0.500000 0.500000 0.000000 0.000000 0.000000 -35615.524653 0.014938
216.666667 0.500000 0.500000 0.500000 0.000000 0.000000 0.000000 -35336.171980 2.927820
225.000000 0.500000 0.500000 0.500000 0.000000 0.000000 0.000000 -35085.330048 -8.424952
233.333333 0.500000 0.500000 0.500000 0.000000 0.000000 0.000000 -34755.476297 10.770196
241.666667 0.500000 0.500000 0.500000 0.000000 0.000000 0.000000 -34415.274768 -13.220005
250.000000 0.500000 0.500000 0.500000 0.000000 0.000000 0.000000 -34072.093107 3.032385
258.333333 0.500000 0.500000 0.500000 0.000000 0.000000 0.000000 -33712.933043 -2.897945
266.666667 0.500000 0.500000 0.500000 0.000000 0.000000 0.000000 -33320.219398 -3.420770
275.000000 0.500000 0.500000 0.500000 0.000000 0.000000 0.000000 -32951.404794 9.410851
283.333333 0.500000 0.500000 0.500000 0.000000 0.000000 0.000000 -32565.092605 -8.439890
291.666667 0.500000 0.500000 0.500000 0.000000 0.000000 0.000000 -32246.585193 -1.030712
300.000000 0.500000 0.500000 0.500000 0.000000 0.000000 0.000000 -32303.601354 -1.732792
300.000000 0.500000 0.500000 0.500000 0.000000 0.000000 0.000000 -32340.338456 11.532027
300.000000 0.500000 0.500000 0.500000 0.000000 0.000000 0.000000 -32424.860805 10.112930
300.000000 0.500000 0.500000 0.500000 0.000000 0.000000 0.000000 -32408.514599 5.960206
300.000000 0.500000 0.500000 0.500000 0.000000 0.000000 0.000000 -32578.538668 -29.427581
300.000000 0.500000 0.500000 0.500000 0.000000 0.000000 0.000000 -32470.300775 13.817519
300.000000 0.500000 0.500000 0.500000 0.000000 0.000000 0.000000 -32591.632462 -14.474785
300.000000 0.500000 0.500000 0.500000 0.000000 0.000000 0.000000 -32480.752648 17.253227
300.000000 0.500000 0.500000 0.500000 0.000000 0.000000 0.000000 -32608.911549 -10.590942
300.000000 0.500000 0.500000 0.500000 0.000000 0.000000 0.000000 -32372.599561 0.537763
300.000000 0.500000 0.500000 0.500000 0.000000 0.000000 0.000000 -32551.086681 -16.312141
300.000000 0.500000 0.500000 0.500000 0.000000 0.000000 0.000000 -32494.592051 13.981836
300.000000 0.500000 0.500000 0.500000 0.000000 0.000000 0.000000 -32306.513310 11.591778
300.000000 0.500000 0.500000 0.500000 0.000000 0.000000 0.000000 -32486.572637 1.015774
300.000000 0.500000 0.500000 0.500000 0.000000 0.000000 0.000000 -32383.115712 2.614125
300.000000 0.500000 0.500000 0.500000 0.000000 0.000000 0.000000 -32520.059034 13.996773
300.000000 0.500000 0.500000 0.500000 0.000000 0.000000 0.000000 -32460.189013 -4.481358
300.000000 0.500000 0.500000 0.500000 0.000000 0.000000 0.000000 -32410.847423 -9.799235
300.000000 0.500000 0.500000 0.500000 0.000000 0.000000 0.000000 -32598.107392 2.076362
300.000000 0.500000 0.500000 0.500000 0.000000 0.000000 0.000000 -32605.436737 9.724546
300.000000 0.500000 0.500000 0.500000 0.000000 0.000000 0.000000 -32483.686196 -3.674713
300.000000 0.500000 0.500000 0.500000 0.000000 0.000000 0.000000 -32332.914161 -5.048996
300.000000 0.500000 0.500000 0.500000 0.000000 0.000000 0.000000 -32345.969273 2.673877
300.000000 0.500000 0.500000 0.500000 0.000000 0.000000 0.000000 -32306.188445 -5.019120
300.000000 0.500000 0.500000 0.500000 0.000000 0.000000 0.000000 -32391.049839 -17.357792
300.000000 0.500000 0.500000 0.500000 0.000000 0.000000 0.000000 -32313.704554 8.574331
300.000000 0.500000 0.500000 0.500000 0.000000 0.000000 0.000000 -32459.707453 12.010038
300.000000 0.500000 0.500000 0.500000 0.000000 0.000000 0.000000 -32542.503202 -19.538719
300.000000 0.500000 0.500000 0.500000 0.000000 0.000000 0.000000 -32441.190513 -4.182600
300.000000 0.500000 0.500000 0.500000 0.000000 0.000000 0.000000 -32518.211957 8.111257
