300.000000 0.500000 0.500000 0.500000 0.000000 0.000000 0.000000 -32548.327672 -5.870578
300.000000 0.500000 0.500000 0.500000 0.000000 0.000000 0.000000 -32434.114994 -7.961879
300.000000 0.500000 0.500000 0.500000 0.000000 0.000000 0.000000 -32502.976829 20.733748
300.000000 0.500000 0.500000 0.500000 0.000000 0.000000 0.000000 -32557.423339 -1.329469
300.000000 0.500000 0.500000 0.500000 0.000000 0.000000 0.000000 -32504.775324 -9.067280
300.000000 0.500000 0.500000 0.500000 0.000000 0.000000 0.000000 -32551.114662 8.185946
300.000000 0.500000 0.500000 0.500000 0.000000 0.000000 0.000000 -32494.655829 -10.680569
300.000000 0.500000 0.500000 0.500000 0.000000 0.000000 0.000000 -32621.024919 -9.844049
300.000000 0.500000 0.500000 0.500000 0.000000 0.000000 0.000000 -32562.697016 18.582696
300.000000 0.500000 0.500000 0.500000 0.000000 0.000000 0.000000 -32547.915334 -13.473948
300.000000 0.500000 0.500000 0.500000 0.000000 0.000000 0.000000 -32563.524798 0.657266
300.000000 0.500000 0.500000 0.500000 0.000000 0.000000 0.000000 -32669.670435 6.946104
300.000000 0.500000 0.500000 0.500000 0.000000 0.000000 0.000000 -32515.183598 -2.584250
300.000000 0.500000 0.500000 0.500000 0.000000 0.000000 0.000000 -32406.517329 1.792543
300.000000 0.500000 0.500000 0.500000 0.000000 0.000000 0.000000 -32550.804088 -0.134441
300.000000 0.500000 0.500000 0.500000 0.000000 0.000000 0.000000 -32658.484663 -25.394359
300.000000 0.500000 0.500000 0.500000 0.000000 0.000000 0.000000 -32607.808167 -4.780115
300.000000 0.500000 0.500000 0.500000 0.000000 0.000000 0.000000 -32545.223004 -5.721200
300.000000 0.500000 0.500000 0.500000 0.000000 0.000000 0.000000 -32596.075632 6.034895
300.000000 0.500000 0.500000 0.500000 0.000000 0.000000 0.000000 -32587.053399 -7.872251
300.000000 0.500000 0.500000 0.500000 0.000000 0.000000 0.000000 -32558.643780 -9.141969
300.000000 0.500000 0.500000 0.500000 0.000000 0.000000 0.000000 -32574.246140 4.361855
300.000000 0.500000 0.500000 0.500000 0.000000 0.000000 0.000000 -32531.317302 2.270554
300.000000 0.500000 0.500000 0.500000 0.000000 0.000000 0.000000 -32563.025357 8.230760
300.000000 0.500000 0.500000 0.500000 0.000000 0.000000 0.000000 -32456.878481 -2.748566
300.000000 0.500000 0.500000 0.500000 0.000000 0.000000 0.000000 -32536.639585 12.846558
300.000000 0.500000 0.500000 0.500000 0.000000 0.000000 0.000000 -32612.895135 -14.131214
300.000000 0.500000 0.500000 0.500000 0.000000 0.000000 0.000000 -32487.702577 0.463074
300.000000 0.500000 0.500000 0.500000 0.000000 0.000000 0.000000 -32484.568077 -3.674713
300.000000 0.500000 0.500000 0.500000 0.000000 0.000000 0.000000 -32435.072140 -0.388384
