300.000000 0.000000 0.000000 0.000000 0.000000 0.000000 0.000000 -36907.371333 852.293368
300.000000 0.002000 0.002000 0.002000 0.000000 0.000000 0.000000 -36939.807168 826.361429
300.000000 0.004000 0.004000 0.004000 0.000000 0.000000 0.000000 -37030.183112 849.140372
300.000000 0.006000 0.006000 0.006000 0.000000 0.000000 0.000000 -37054.058222 915.803618
300.000000 0.008000 0.008000 0.008000 0.000000 0.000000 0.000000 -37022.759718 771.562246
300.000000 0.010000 0.010000 0.010000 0.000000 0.000000 0.000000 -37130.044920 802.553314
300.000000 0.012000 0.012000 0.012000 0.000000 0.000000 0.000000 -36937.069721 774.719211
300.000000 0.014000 0.014000 0.014000 0.000000 0.000000 0.000000 -37021.398778 714.428280
300.000000 0.016000 0.016000 0.016000 0.000000 0.000000 0.000000 -36967.185446 819.122165
300.000000 0.018000 0.018000 0.018000 0.000000 0.000000 0.000000 -37071.922620 809.125569
300.000000 0.020000 0.020000 0.020000 0.000000 0.000000 0.000000 -37016.495082 911.567781
300.000000 0.022000 0.022000 0.022000 0.000000 0.000000 0.000000 -37083.559607 794.741310
300.000000 0.024000 0.024000 0.024000 0.000000 0.000000 0.000000 -37075.206565 718.278626
300.000000 0.026000 0.026000 0.026000 0.000000 0.000000 0.000000 -37012.611021 866.687138
300.000000 0.028000 0.028000 0.028000 0.000000 0.000000 0.000000 -36979.538136 950.896831
300.000000 0.030000 0.030000 0.030000 0.000000 0.000000 0.000000 -36838.372597 878.227743
300.000000 0.032000 0.032000 0.032000 0.000000 0.000000 0.000000 -36827.448005 737.861831
300.000000 0.034000 0.034000 0.034000 0.000000 0.000000 0.000000 -36887.025668 745.660742
300.000000 0.036000 0.036000 0.036000 0.000000 0.000000 0.000000 -36915.159198 756.257023
300.000000 0.038000 0.038000 0.038000 0.000000 0.000000 0.000000 -36947.594640 755.915007
300.000000 0.040000 0.040000 0.040000 0.000000 0.000000 0.000000 -36819.283965 697.031888
300.000000 0.042000 0.042000 0.042000 0.000000 0.000000 0.000000 -36916.189091 146.718718
300.000000 0.044000 0.044000 0.044000 0.000000 0.000000 0.000000 -36838.352952 137.910318
300.000000 0.046000 0.046000 0.046000 0.000000 0.000000 0.000000 -36840.844269 118.137919
300.000000 0.048000 0.048000 0.048000 0.000000 0.000000 0.000000 -36960.461599 109.968434
300.000000 0.050000 0.050000 0.050000 0.000000 0.000000 0.000000 -36929.500832 102.493718
300.000000 0.052000 0.052000 0.052000 0.000000 0.000000 0.000000 -36881.644518 98.286412
300.000000 0.054000 0.054000 0.054000 0.000000 0.000000 0.000000 -36856.865233 94.067036
300.000000 0.056000 0.056000 0.056000 0.000000 0.000000 0.000000 -36967.865459 77.813673
300.000000 0.058000 0.058000 0.058000 0.000000 0.000000 0.000000 -37076.738650 84.532742
300.000000 0.060000 0.060000 0.060000 0.000000 0.000000 0.000000 -37023.855829 72.773931
300.000000 0.062000 0.062000 0.062000 0.000000 0.000000 0.000000 -37128.940107 56.481645
300.000000 0.064000 0.064000 0.064000 0.000000 0.000000 0.000000 -37122.845870 74.371400
300.000000 0.066000 0.066000 0.066000 0.000000 0.000000 0.000000 -37126.592385 100.063852
300.000000 0.068000 0.068000 0.068000 0.000000 0.000000 0.000000 -37087.833625 107.235029
300.000000 0.070000 0.070000 0.070000 0.000000 0.000000 0.000000 -37077.019528 83.562513
300.000000 0.072000 0.072000 0.072000 0.000000 0.000000 0.000000 -37013.126103 54.433038
300.000000 0.074000 0.074000 0.074000 0.000000 0.000000 0.000000 -37073.747701 88.817318
300.000000 0.076000 0.076000 0.076000 0.000000 0.000000 0.000000 -37004.400339 71.917142
300.000000 0.078000 0.078000 0.078000 0.000000 0.000000 0.000000 -37042.590918 58.916859
300.000000 0.080000 0.080000 0.080000 0.000000 0.000000 0.000000 -37002.996676 77.949276
300.000000 0.082000 0.082000 0.082000 0.000000 0.000000 0.000000 -37019.009389 79.281001
300.000000 0.084000 0.084000 0.084000 0.000000 0.000000 0.000000 -37179.836929 67.972395
300.000000 0.086000 0.086000 0.086000 0.000000 0.000000 0.000000 -37203.813772 77.260683
300.000000 0.088000 0.088000 0.088000 0.000000 0.000000 0.000000 -37160.498777 38.735666
300.000000 0.090000 0.090000 0.090000 0.000000 0.000000 0.000000 -37097.046110 47.669393
300.000000 0.092000 0.092000 0.092000 0.000000 0.000000 0.000000 -37072.404875 45.830022
300.000000 0.094000 0.094000 0.094000 0.000000 0.000000 0.000000 -36937.122163 57.902670
300.000000 0.096000 0.096000 0.096000 0.000000 0.000000 0.000000 -36973.560705 69.523723
300.000000 0.098000 0.098000 0.098000 0.000000 0.000000 0.000000 -36923.450384 44.023859
300.000000 0.100000 0.100000 0.100000 0.000000 0.000000 0.000000 -36933.689771 70.733141
300.000000 0.102000 0.102000 0.102000 0.000000 0.000000 0.000000 -36972.906215 63.318703
300.000000 0.104000 0.104000 0.104000 0.000000 0.000000 0.000000 -37103.728140 48.202200
300.000000 0.106000 0.106000 0.106000 0.000000 0.000000 0.000000 -37072.115616 74.772371
300.000000 0.108000 0.108000 0.108000 0.000000 0.000000 0.000000 -37103.644177 81.618024
300.000000 0.110000 0.110000 0.110000 0.000000 0.000000 0.000000 -37060.465695 50.932136
300.000000 0.112000 0.112000 0.112000 0.000000 0.000000 0.000000 -37038.974857 56.301066
300.000000 0.114000 0.114000 0.114000 0.000000 0.000000 0.000000 -37001.907780 55.643959
300.000000 0.116000 0.116000 0.116000 0.000000 0.000000 0.000000 -36863.913740 34.093596
300.000000 0.118000 0.118000 0.118000 0.000000 0.000000 0.000000 -36895.730841 42.217799
300.000000 0.120000 0.120000 0.120000 0.000000 0.000000 0.000000 -36845.605729 41.768408
300.000000 0.122000 0.122000 0.122000 0.000000 0.000000 0.000000 -37002.185633 41.612466
300.000000 0.124000 0.124000 0.124000 0.000000 0.000000 0.000000 -36958.690193 53.356952
300.000000 0.126000 0.126000 0.126000 0.000000 0.000000 0.000000 -36967.613527 29.520823
300.000000 0.128000 0.128000 0.128000 0.000000 0.000000 0.000000 -36928.065745 54.718111
300.000000 0.130000 0.130000 0.130000 0.000000 0.000000 0.000000 -37061.064994 70.448332
300.000000 0.132000 0.132000 0.132000 0.000000 0.000000 0.000000 -37043.162474 30.120811
300.000000 0.134000 0.134000 0.134000 0.000000 0.000000 0.000000 -37027.665015 35.263992
300.000000 0.136000 0.136000 0.136000 0.000000 0.000000 0.000000 -36962.504368 53.583561
300.000000 0.138000 0.138000 0.138000 0.000000 0.000000 0.000000 -36902.280846 59.385186
300.000000 0.140000 0.140000 0.140000 0.000000 0.000000 0.000000 -36945.674588 59.908294
300.000000 0.142000 0.142000 0.142000 0.000000 0.000000 0.000000 -36967.197762 33.325559
300.000000 0.144000 0.144000 0.144000 0.000000 0.000000 0.000000 -37134.177677 38.894695
300.000000 0.146000 0.146000 0.146000 0.000000 0.000000 0.000000 -37048.543769 46.101341
300.000000 0.148000 0.148000 0.148000 0.000000 0.000000 0.000000 -37011.609663 47.708604
300.000000 0.150000 0.150000 0.150000 0.000000 0.000000 0.000000 -37049.314240 42.743545
300.000000 0.152000 0.152000 0.152000 0.000000 0.000000 0.000000 -37125.262934 77.795230
300.000000 0.154000 0.154000 0.154000 0.000000 0.000000 0.000000 -37061.806339 34.082808
300.000000 0.156000 0.156000 0.156000 0.000000 0.000000 0.000000 -37267.929755 39.935095
300.000000 0.158000 0.158000 0.158000 0.000000 0.000000 0.000000 -37142.780800 53.305458
300.000000 0.160000 0.160000 0.160000 0.000000 0.000000 0.000000 -37069.045588 40.774906
300.000000 0.162000 0.162000 0.162000 0.000000 0.000000 0.000000 -37192.096340 69.463821
300.000000 0.164000 0.164000 0.164000 0.000000 0.000000 0.000000 -37068.142781 47.521799
300.000000 0.166000 0.166000 0.166000 0.000000 0.000000 0.000000 -37091.177168 19.781727
300.000000 0.168000 0.168000 0.168000 0.000000 0.000000 0.000000 -37095.357132 17.404322
300.000000 0.170000 0.170000 0.170000 0.000000 0.000000 0.000000 -37082.629583 37.785966
300.000000 0.172000 0.172000 0.172000 0.000000 0.000000 0.000000 -36994.320186 27.321755
300.000000 0.174000 0.174000 0.174000 0.000000 0.000000 0.000000 -37012.281075 63.302191
300.000000 0.176000 0.176000 0.176000 0.000000 0.000000 0.000000 -37044.785714 57.803894
300.000000 0.178000 0.178000 0.178000 0.000000 0.000000 0.000000 -37120.857625 26.881910
300.000000 0.180000 0.180000 0.180000 0.000000 0.000000 0.000000 -37068.368378 21.305639
300.000000 0.182000 0.182000 0.182000 0.000000 0.000000 0.000000 -37024.732117 19.241404
300.000000 0.184000 0.184000 0.184000 0.000000 0.000000 0.000000 -37012.070329 39.076066
300.000000 0.186000 0.186000 0.186000 0.000000 0.000000 0.000000 -37147.818766 31.143748
300.000000 0.188000 0.188000 0.188000 0.000000 0.000000 0.000000 -37055.544518 47.049554
300.000000 0.190000 0.190000 0.190000 0.000000 0.000000 0.000000 -37215.989430 30.099338
300.000000 0.192000 0.192000 0.192000 0.000000 0.000000 0.000000 -37099.245518 35.316983
300.000000 0.194000 0.194000 0.194000 0.000000 0.000000 0.000000 -37033.061804 30.571438
300.000000 0.196000 0.196000 0.196000 0.000000 0.000000 0.000000 -37012.968651 30.540253
300.000000 0.198000 0.198000 0.198000 0.000000 0.000000 0.000000 -37026.097786 34.335592
300.000000 0.200000 0.200000 0.200000 0.000000 0.000000 0.000000 -36979.137217 32.414270
300.000000 0.202000 0.202000 0.202000 0.000000 0.000000 0.000000 -37053.667630 36.943957
300.000000 0.204000 0.204000 0.204000 0.000000 0.000000 0.000000 -37088.882193 40.282412
300.000000 0.206000 0.206000 0.206000 0.000000 0.000000 0.000000 -37087.916198 25.886392
300.000000 0.208000 0.208000 0.208000 0.000000 0.000000 0.000000 -37011.815375 37.494079
300.000000 0.210000 0.210000 0.210000 0.000000 0.000000 0.000000 -37070.698969 34.586582
300.000000 0.212000 0.212000 0.212000 0.000000 0.000000 0.000000 -37054.017886 30.968770
300.000000 0.214000 0.214000 0.214000 0.000000 0.000000 0.000000 -36994.814899 34.756784
300.000000 0.216000 0.216000 0.216000 0.000000 0.000000 0.000000 -37067.830223 31.474429
300.000000 0.218000 0.218000 0.218000 0.000000 0.000000 0.000000 -37092.685065 30.263937
300.000000 0.220000 0.220000 0.220000 0.000000 0.000000 0.000000 -36987.508087 26.516530
300.000000 0.222000 0.222000 0.222000 0.000000 0.000000 0.000000 -37119.866361 32.083871
300.000000 0.224000 0.224000 0.224000 0.000000 0.000000 0.000000 -36976.730619 28.228721
300.000000 0.226000 0.226000 0.226000 0.000000 0.000000 0.000000 -36957.530147 29.133367
300.000000 0.228000 0.228000 0.228000 0.000000 0.000000 0.000000 -36991.572971 44.880717
300.000000 0.230000 0.230000 0.230000 0.000000 0.000000 0.000000 -37188.816676 31.538437
300.000000 0.232000 0.232000 0.232000 0.000000 0.000000 0.000000 -37077.696189 28.633986
300.000000 0.234000 0.234000 0.234000 0.000000 0.000000 0.000000 -37037.610667 30.528993
300.000000 0.236000 0.236000 0.236000 0.000000 0.000000 0.000000 -36987.827148 38.871115
300.000000 0.238000 0.238000 0.238000 0.000000 0.000000 0.000000 -36953.393738 41.462713
300.000000 0.240000 0.240000 0.240000 0.000000 0.000000 0.000000 -36987.396384 32.399548
300.000000 0.242000 0.242000 0.242000 0.000000 0.000000 0.000000 -37081.988663 27.761510
300.000000 0.244000 0.244000 0.244000 0.000000 0.000000 0.000000 -36988.449039 13.941360
300.000000 0.246000 0.246000 0.246000 0.000000 0.000000 0.000000 -36988.431203 21.113447
300.000000 0.248000 0.248000 0.248000 0.000000 0.000000 0.000000 -37026.549775 16.994018
300.000000 0.250000 0.250000 0.250000 0.000000 0.000000 0.000000 -37019.534011 16.249585
300.000000 0.252000 0.252000 0.252000 0.000000 0.000000 0.000000 -36959.043288 9.281906
300.000000 0.254000 0.254000 0.254000 0.000000 0.000000 0.000000 -36917.224840 16.593402
300.000000 0.256000 0.256000 0.256000 0.000000 0.000000 0.000000 -36997.160640 26.580774
300.000000 0.258000 0.258000 0.258000 0.000000 0.000000 0.000000 -36914.127361 17.480597
300.000000 0.260000 0.260000 0.260000 0.000000 0.000000 0.000000 -36986.716785 18.879369
300.000000 0.262000 0.262000 0.262000 0.000000 0.000000 0.000000 -37085.439135 30.041368
300.000000 0.264000 0.264000 0.264000 0.000000 0.000000 0.000000 -36963.554127 18.407624
300.000000 0.266000 0.266000 0.266000 0.000000 0.000000 0.000000 -36821.699345 13.640444
300.000000 0.268000 0.268000 0.268000 0.000000 0.000000 0.000000 -36762.241874 25.336077
300.000000 0.270000 0.270000 0.270000 0.000000 0.000000 0.000000 -37022.495787 11.062335
300.000000 0.272000 0.272000 0.272000 0.000000 0.000000 0.000000 -36975.618154 16.089071
300.000000 0.274000 0.274000 0.274000 0.000000 0.000000 0.000000 -37029.269469 25.788940
300.000000 0.276000 0.276000 0.276000 0.000000 0.000000 0.000000 -37038.448877 25.643257
300.000000 0.278000 0.278000 0.278000 0.000000 0.000000 0.000000 -37018.991748 33.461732
300.000000 0.280000 0.280000 0.280000 0.000000 0.000000 0.000000 -37036.981240 21.821717
300.000000 0.282000 0.282000 0.282000 0.000000 0.000000 0.000000 -36897.082393 21.160744
300.000000 0.284000 0.284000 0.284000 0.000000 0.000000 0.000000 -36960.550703 43.843084
300.000000 0.286000 0.286000 0.286000 0.000000 0.000000 0.000000 -36968.080997 24.514748
300.000000 0.288000 0.288000 0.288000 0.000000 0.000000 0.000000 -37074.653797 18.701793
300.000000 0.290000 0.290000 0.290000 0.000000 0.000000 0.000000 -37023.971435 14.882055
300.000000 0.292000 0.292000 0.292000 0.000000 0.000000 0.000000 -37125.898172 41.943175
300.000000 0.294000 0.294000 0.294000 0.000000 0.000000 0.000000 -37188.781104 22.786239
300.000000 0.296000 0.296000 0.296000 0.000000 0.000000 0.000000 -37051.527575 15.271887
300.000000 0.298000 0.298000 0.298000 0.000000 0.000000 0.000000 -36996.765709 10.121978
300.000000 0.300000 0.300000 0.300000 0.000000 0.000000 0.000000 -37138.281556 18.034316
300.000000 0.302000 0.302000 0.302000 0.000000 0.000000 0.000000 -37143.353105 26.586345
300.000000 0.304000 0.304000 0.304000 0.000000 0.000000 0.000000 -37086.768174 22.393585
300.000000 0.306000 0.306000 0.306000 0.000000 0.000000 0.000000 -36878.777961 27.508415
300.000000 0.308000 0.308000 0.308000 0.000000 0.000000 0.000000 -36898.771191 23.250880
300.000000 0.310000 0.310000 0.310000 0.000000 0.000000 0.000000 -36797.232375 29.139376
300.000000 0.312000 0.312000 0.312000 0.000000 0.000000 0.000000 -36847.923807 37.710688
300.000000 0.314000 0.314000 0.314000 0.000000 0.000000 0.000000 -36876.268994 8.078898
300.000000 0.316000 0.316000 0.316000 0.000000 0.000000 0.000000 -36867.471811 27.031297
300.000000 0.318000 0.318000 0.318000 0.000000 0.000000 0.000000 -36961.112786 19.703899
300.000000 0.320000 0.320000 0.320000 0.000000 0.000000 0.000000 -36970.805159 23.263709
300.000000 0.322000 0.322000 0.322000 0.000000 0.000000 0.000000 -36995.960159 26.697350
300.000000 0.324000 0.324000 0.324000 0.000000 0.000000 0.000000 -37009.508696 23.895901
300.000000 0.326000 0.326000 0.326000 0.000000 0.000000 0.000000 -37020.964695 10.158227
300.000000 0.328000 0.328000 0.328000 0.000000 0.000000 0.000000 -37121.778378 -1.031465
300.000000 0.330000 0.330000 0.330000 0.000000 0.000000 0.000000 -37011.931904 2.214871
300.000000 0.332000 0.332000 0.332000 0.000000 0.000000 0.000000 -36951.089010 8.473609
300.000000 0.334000 0.334000 0.334000 0.000000 0.000000 0.000000 -36960.938137 15.489458
300.000000 0.336000 0.336000 0.336000 0.000000 0.000000 0.000000 -37089.699895 14.705287
300.000000 0.338000 0.338000 0.338000 0.000000 0.000000 0.000000 -36972.079963 22.514917
300.000000 0.340000 0.340000 0.340000 0.000000 0.000000 0.000000 -36972.137785 17.246793
300.000000 0.342000 0.342000 0.342000 0.000000 0.000000 0.000000 -37074.252885 10.358362
300.000000 0.344000 0.344000 0.344000 0.000000 0.000000 0.000000 -37057.317877 14.681469
300.000000 0.346000 0.346000 0.346000 0.000000 0.000000 0.000000 -36944.136200 19.598107
300.000000 0.348000 0.348000 0.348000 0.000000 0.000000 0.000000 -37011.228093 8.776105
300.000000 0.350000 0.350000 0.350000 0.000000 0.000000 0.000000 -36991.319301 36.567492
300.000000 0.352000 0.352000 0.352000 0.000000 0.000000 0.000000 -36985.139659 14.101346
300.000000 0.354000 0.354000 0.354000 0.000000 0.000000 0.000000 -36986.994452 1.047656
300.000000 0.356000 0.356000 0.356000 0.000000 0.000000 0.000000 -36946.411057 18.208623
300.000000 0.358000 0.358000 0.358000 0.000000 0.000000 0.000000 -36893.468355 -0.154059
300.000000 0.360000 0.360000 0.360000 0.000000 0.000000 0.000000 -36881.768325 13.443554
300.000000 0.362000 0.362000 0.362000 0.000000 0.000000 0.000000 -36970.757155 6.903619
300.000000 0.364000 0.364000 0.364000 0.000000 0.000000 0.000000 -36887.164066 19.163184
300.000000 0.366000 0.366000 0.366000 0.000000 0.000000 0.000000 -36819.148854 10.515349
300.000000 0.368000 0.368000 0.368000 0.000000 0.000000 0.000000 -37004.940963 14.223853
300.000000 0.370000 0.370000 0.370000 0.000000 0.000000 0.000000 -36990.146770 16.482271
300.000000 0.372000 0.372000 0.372000 0.000000 0.000000 0.000000 -37047.242424 19.305613
300.000000 0.374000 0.374000 0.374000 0.000000 0.000000 0.000000 -36909.552632 1.686968
300.000000 0.376000 0.376000 0.376000 0.000000 0.000000 0.000000 -36958.207224 7.523546
300.000000 0.378000 0.378000 0.378000 0.000000 0.000000 0.000000 -36862.481601 22.869878
300.000000 0.380000 0.380000 0.380000 0.000000 0.000000 0.000000 -37020.085973 9.321386
300.000000 0.382000 0.382000 0.382000 0.000000 0.000000 0.000000 -37046.225806 18.676776
300.000000 0.384000 0.384000 0.384000 0.000000 0.000000 0.000000 -36960.096811 15.051459
300.000000 0.386000 0.386000 0.386000 0.000000 0.000000 0.000000 -36912.251346 13.139914
300.000000 0.388000 0.388000 0.388000 0.000000 0.000000 0.000000 -36928.064591 18.444266
300.000000 0.390000 0.390000 0.390000 0.000000 0.000000 0.000000 -37107.497213 20.118541
300.000000 0.392000 0.392000 0.392000 0.000000 0.000000 0.000000 -37093.412282 0.434725
300.000000 0.394000 0.394000 0.394000 0.000000 0.000000 0.000000 -37000.417403 11.825973
300.000000 0.396000 0.396000 0.396000 0.000000 0.000000 0.000000 -36941.367882 22.067840
300.000000 0.398000 0.398000 0.398000 0.000000 0.000000 0.000000 -37040.640714 5.092236
300.000000 0.400000 0.400000 0.400000 0.000000 0.000000 0.000000 -37002.176577 6.346330
300.000000 0.402000 0.402000 0.402000 0.000000 0.000000 0.000000 -37118.403433 -4.430570
300.000000 0.404000 0.404000 0.404000 0.000000 0.000000 0.000000 -36887.671996 20.900587
300.000000 0.406000 0.406000 0.406000 0.000000 0.000000 0.000000 -36912.367899 -1.008356
300.000000 0.408000 0.408000 0.408000 0.000000 0.000000 0.000000 -36977.752352 6.155485
300.000000 0.410000 0.410000 0.410000 0.000000 0.000000 0.000000 -36942.332525 8.070340
300.000000 0.412000 0.412000 0.412000 0.000000 0.000000 0.000000 -36890.637829 1.827152
300.000000 0.414000 0.414000 0.414000 0.000000 0.000000 0.000000 -36964.452568 12.931249
300.000000 0.416000 0.416000 0.416000 0.000000 0.000000 0.000000 -36971.613494 -0.050193
300.000000 0.418000 0.418000 0.418000 0.000000 0.000000 0.000000 -36844.481118 16.521728
300.000000 0.420000 0.420000 0.420000 0.000000 0.000000 0.000000 -37050.951204 7.598175
300.000000 0.422000 0.422000 0.422000 0.000000 0.000000 0.000000 -36982.209798 -2.723549
300.000000 0.424000 0.424000 0.424000 0.000000 0.000000 0.000000 -37095.935346 15.570793
300.000000 0.426000 0.426000 0.426000 0.000000 0.000000 0.000000 -36899.275761 6.428127
300.000000 0.428000 0.428000 0.428000 0.000000 0.000000 0.000000 -36960.085395 11.188394
300.000000 0.430000 0.430000 0.430000 0.000000 0.000000 0.000000 -36936.818431 4.782392
300.000000 0.432000 0.432000 0.432000 0.000000 0.000000 0.000000 -36898.388769 14.545264
300.000000 0.434000 0.434000 0.434000 0.000000 0.000000 0.000000 -36891.708237 7.348398
300.000000 0.436000 0.436000 0.436000 0.000000 0.000000 0.000000 -37003.305508 10.243213
300.000000 0.438000 0.438000 0.438000 0.000000 0.000000 0.000000 -37001.593404 14.339412
300.000000 0.440000 0.440000 0.440000 0.000000 0.000000 0.000000 -37074.237574 10.342971
300.000000 0.442000 0.442000 0.442000 0.000000 0.000000 0.000000 -36846.435102 11.768558
300.000000 0.444000 0.444000 0.444000 0.000000 0.000000 0.000000 -36951.249575 11.115546
300.000000 0.446000 0.446000 0.446000 0.000000 0.000000 0.000000 -36970.080087 10.577409
300.000000 0.448000 0.448000 0.448000 0.000000 0.000000 0.000000 -36964.081059 18.282789
300.000000 0.450000 0.450000 0.450000 0.000000 0.000000 0.000000 -36906.501025 -0.034935
300.000000 0.452000 0.452000 0.452000 0.000000 0.000000 0.000000 -36999.047024 7.687127
300.000000 0.454000 0.454000 0.454000 0.000000 0.000000 0.000000 -36984.626775 14.771003
300.000000 0.456000 0.456000 0.456000 0.000000 0.000000 0.000000 -37089.556483 -6.664796
300.000000 0.458000 0.458000 0.458000 0.000000 0.000000 0.000000 -37029.887524 -2.549425
300.000000 0.460000 0.460000 0.460000 0.000000 0.000000 0.000000 -36978.759426 -2.817260
300.000000 0.462000 0.462000 0.462000 0.000000 0.000000 0.000000 -36902.168681 6.825155
300.000000 0.464000 0.464000 0.464000 0.000000 0.000000 0.000000 -36891.328399 14.591870
300.000000 0.466000 0.466000 0.466000 0.000000 0.000000 0.000000 -36938.845012 8.349509
300.000000 0.468000 0.468000 0.468000 0.000000 0.000000 0.000000 -36988.043040 3.964411
300.000000 0.470000 0.470000 0.470000 0.000000 0.000000 0.000000 -37120.507777 7.517608
300.000000 0.472000 0.472000 0.472000 0.000000 0.000000 0.000000 -37013.322519 -6.792659
300.000000 0.474000 0.474000 0.474000 0.000000 0.000000 0.000000 -36933.450225 -1.346575
300.000000 0.476000 0.476000 0.476000 0.000000 0.000000 0.000000 -36956.107928 2.937894
300.000000 0.478000 0.478000 0.478000 0.000000 0.000000 0.000000 -36919.994447 5.815981
300.000000 0.480000 0.480000 0.480000 0.000000 0.000000 0.000000 -37004.351447 12.233097
300.000000 0.482000 0.482000 0.482000 0.000000 0.000000 0.000000 -37032.448740 20.778387
300.000000 0.484000 0.484000 0.484000 0.000000 0.000000 0.000000 -37043.177555 -13.945611
300.000000 0.486000 0.486000 0.486000 0.000000 0.000000 0.000000 -37016.292733 6.704023
300.000000 0.488000 0.488000 0.488000 0.000000 0.000000 0.000000 -36943.706078 6.850643
300.000000 0.490000 0.490000 0.490000 0.000000 0.000000 0.000000 -36982.534576 0.698119
300.000000 0.492000 0.492000 0.492000 0.000000 0.000000 0.000000 -37003.606645 -2.517237
300.000000 0.494000 0.494000 0.494000 0.000000 0.000000 0.000000 -37053.843007 -8.011636
300.000000 0.496000 0.496000 0.496000 0.000000 0.000000 0.000000 -36951.776617 -0.282244
300.000000 0.498000 0.498000 0.498000 0.000000 0.000000 0.000000 -37077.102262 16.315036
