3 300.000000 1.000000 0.000000 0.300000 0.100000 100.000000 0.000000 -32788.769355 84.224027 6.575141
3 300.000000 1.000000 0.000000 0.300000 0.100000 100.000000 0.000000 -32855.592603 73.539505 6.417694
4 300.000000 1.000000 0.000000 0.400000 0.100000 90.000000 0.000000 -32795.407572 40.256160 6.512381
2 300.000000 1.000000 0.000000 0.200000 0.100000 110.000000 0.000000 -32709.337766 89.080787 6.419197
3 300.000000 1.000000 0.000000 0.300000 0.100000 100.000000 0.000000 -32791.527001 73.961077 7.025605
4 300.000000 1.000000 0.000000 0.400000 0.100000 90.000000 0.000000 -32781.963664 66.271958 6.393135
4 300.000000 1.000000 0.000000 0.400000 0.100000 90.000000 0.000000 -32800.170976 59.061314 6.846509
3 300.000000 1.000000 0.000000 0.300000 0.100000 100.000000 0.000000 -32900.786507 62.036678 7.732660
3 300.000000 1.000000 0.000000 0.300000 0.100000 100.000000 0.000000 -32852.660097 75.332425 7.029134
4 300.000000 1.000000 0.000000 0.400000 0.100000 90.000000 0.000000 -32915.526359 41.522526 8.105132
3 300.000000 1.000000 0.000000 0.300000 0.100000 100.000000 0.000000 -32772.668947 89.901646 7.366525
2 300.000000 1.000000 0.000000 0.200000 0.100000 110.000000 0.000000 -32916.026974 70.710957 7.255188
4 300.000000 1.000000 0.000000 0.400000 0.100000 90.000000 0.000000 -32782.080516 43.849255 8.186290
3 300.000000 1.000000 0.000000 0.300000 0.100000 100.000000 0.000000 -32836.850706 50.186444 8.031093
5 300.000000 1.000000 0.000000 0.500000 0.100000 80.000000 0.000000 -32711.563842 59.395234 7.123525
4 300.000000 1.000000 0.000000 0.400000 0.100000 90.000000 0.000000 -32831.318270 45.110401 7.044036
6 300.000000 1.000000 0.100000 0.500000 0.100000 70.000000 0.000000 -32662.324749 35.074506 6.196163
6 300.000000 1.000000 0.100000 0.500000 0.100000 70.000000 0.000000 -32916.859654 12.526107 6.751563
7 300.000000 1.000000 0.200000 0.500000 0.100000 60.000000 0.000000 -32802.757149 4.646595 7.042592
9 300.000000 1.000000 0.400000 0.500000 0.100000 40.000000 0.000000 -32931.051334 3.038220 6.784452
10 300.000000 1.000000 0.500000 0.500000 0.100000 30.000000 0.000000 -33038.673884 0.286515 6.422394
9 300.000000 1.000000 0.400000 0.500000 0.100000 40.000000 0.000000 -32868.048597 3.920323 7.480683
9 300.000000 1.000000 0.400000 0.500000 0.100000 40.000000 0.000000 -32999.500904 2.456463 6.563112
9 300.000000 1.000000 0.400000 0.500000 0.100000 40.000000 0.000000 -32915.700954 4.602052 8.218070
10 300.000000 1.000000 0.500000 0.500000 0.100000 30.000000 0.000000 -32754.189275 5.637395 6.586223
14 300.000000 -1.000000 0.200000 0.500000 0.100000 60.000000 0.000000 -32892.605821 11.869086 6.421593
13 300.000000 -1.000000 0.300000 0.500000 0.100000 50.000000 0.000000 -32880.411495 5.818612 6.406499
12 300.000000 -1.000000 0.400000 0.500000 0.100000 40.000000 0.000000 -32936.318835 8.041340 6.500311
14 300.000000 -1.000000 0.200000 0.500000 0.100000 60.000000 0.000000 -32895.326204 17.228399 6.572073
14 300.000000 -1.000000 0.200000 0.500000 0.100000 60.000000 0.000000 -32862.208936 21.803397 7.558393
14 300.000000 -1.000000 0.200000 0.500000 0.100000 60.000000 0.000000 -32848.716884 8.332660 6.397728
13 300.000000 -1.000000 0.300000 0.500000 0.100000 50.000000 0.000000 -32870.521584 8.281799 6.493840
14 300.000000 -1.000000 0.200000 0.500000 0.100000 60.000000 0.000000 -32681.415938 11.639619 6.456890
13 300.000000 -1.000000 0.300000 0.500000 0.100000 50.000000 0.000000 -32961.099052 3.853171 6.435740
11 300.000000 -1.000000 0.500000 0.500000 0.100000 30.000000 0.000000 -33016.692623 -0.841174 6.439263
12 300.000000 -1.000000 0.400000 0.500000 0.100000 40.000000 0.000000 -32825.664070 3.651666 6.486239
12 300.000000 -1.000000 0.400000 0.500000 0.100000 40.000000 0.000000 -32833.486193 5.483748 6.433657
11 300.000000 -1.000000 0.500000 0.500000 0.100000 30.000000 0.000000 -32870.981138 1.187340 7.626923
10 300.000000 1.000000 0.500000 0.500000 0.100000 30.000000 0.000000 -33040.866663 4.528026 6.495456
10 300.000000 1.000000 0.500000 0.500000 0.100000 30.000000 0.000000 -32875.761146 -1.847599 7.993234
10 300.000000 1.000000 0.500000 0.500000 0.100000 30.000000 0.000000 -32796.470630 -6.459383 7.243458
11 300.000000 -1.000000 0.500000 0.500000 0.100000 30.000000 0.000000 -32749.721263 4.114890 6.772662
10 300.000000 1.000000 0.500000 0.500000 0.100000 30.000000 0.000000 -32922.205131 -2.211972 7.034960
9 300.000000 1.000000 0.400000 0.500000 0.100000 40.000000 0.000000 -32725.624310 4.474007 7.478950
8 300.000000 1.000000 0.300000 0.500000 0.100000 50.000000 0.000000 -32808.469925 20.216638 6.455653
7 300.000000 1.000000 0.200000 0.500000 0.100000 60.000000 0.000000 -32774.916865 11.182686 6.857398
7 300.000000 1.000000 0.200000 0.500000 0.100000 60.000000 0.000000 -32883.032320 17.101706 6.498743
7 300.000000 1.000000 0.200000 0.500000 0.100000 60.000000 0.000000 -32867.035261 4.527617 6.968616
9 300.000000 1.000000 0.400000 0.500000 0.100000 40.000000 0.000000 -32821.205957 4.858974 7.117270
8 300.000000 1.000000 0.300000 0.500000 0.100000 50.000000 0.000000 -32739.167783 1.822989 6.427072
10 300.000000 1.000000 0.500000 0.500000 0.100000 30.000000 0.000000 -32965.125919 2.579914 6.700287
8 300.000000 1.000000 0.300000 0.500000 0.100000 50.000000 0.000000 -32785.091964 7.152995 7.133857
8 300.000000 1.000000 0.300000 0.500000 0.100000 50.000000 0.000000 -32860.010831 3.751367 7.225721
8 300.000000 1.000000 0.300000 0.500000 0.100000 50.000000 0.000000 -32932.636626 16.954121 6.461934
7 300.000000 1.000000 0.200000 0.500000 0.100000 60.000000 0.000000 -32885.980314 7.780936 7.296576
7 300.000000 1.000000 0.200000 0.500000 0.100000 60.000000 0.000000 -32867.735445 13.713980 6.461163
6 300.000000 1.000000 0.100000 0.500000 0.100000 70.000000 0.000000 -32865.368271 36.453673 5.216861
6 300.000000 1.000000 0.100000 0.500000 0.100000 70.000000 0.000000 -32763.002233 26.847948 6.530939
5 300.000000 1.000000 0.000000 0.500000 0.100000 80.000000 0.000000 -32865.608579 71.507284 6.466075
2 300.000000 1.000000 0.000000 0.200000 0.100000 110.000000 0.000000 -32766.827131 121.788789 6.389891
2 300.000000 1.000000 0.000000 0.200000 0.100000 110.000000 0.000000 -32868.858810 108.947807 8.220594
2 300.000000 1.000000 0.000000 0.200000 0.100000 110.000000 0.000000 -32762.473669 71.173279 7.780866
2 300.000000 1.000000 0.000000 0.200000 0.100000 110.000000 0.000000 -32838.116861 89.633335 7.302014
2 300.000000 1.000000 0.000000 0.200000 0.100000 110.000000 0.000000 -32896.663677 127.010318 0.134675
2 300.000000 1.000000 0.000000 0.200000 0.100000 110.000000 0.000000 -32853.935502 98.737176 1.115049
3 300.000000 1.000000 0.000000 0.300000 0.100000 100.000000 0.000000 -32863.846524 63.794990 1.613941
4 300.000000 1.000000 0.000000 0.400000 0.100000 90.000000 0.000000 -32866.399466 56.371312 7.546514
5 300.000000 1.000000 0.000000 0.500000 0.100000 80.000000 0.000000 -32879.730367 60.125493 6.427271
5 300.000000 1.000000 0.000000 0.500000 0.100000 80.000000 0.000000 -32859.359365 37.355018 5.694939
6 300.000000 1.000000 0.100000 0.500000 0.100000 70.000000 0.000000 -32904.190448 34.813339 7.933859
6 300.000000 1.000000 0.100000 0.500000 0.100000 70.000000 0.000000 -32921.215272 22.561465 6.611882
4 300.000000 1.000000 0.000000 0.400000 0.100000 90.000000 0.000000 -32906.949231 83.698454 7.264625
2 300.000000 1.000000 0.000000 0.200000 0.100000 110.000000 0.000000 -32805.443850 116.194251 6.486482
2 300.000000 1.000000 0.000000 0.200000 0.100000 110.000000 0.000000 -32919.175821 113.551642 6.476897
2 300.000000 1.000000 0.000000 0.200000 0.100000 110.000000 0.000000 -32850.479970 84.698109 6.524744
3 300.000000 1.000000 0.000000 0.300000 0.100000 100.000000 0.000000 -32864.781373 61.481320 7.352512
5 300.000000 1.000000 0.000000 0.500000 0.100000 80.000000 0.000000 -32768.938035 44.014153 7.426543
5 300.000000 1.000000 0.000000 0.500000 0.100000 80.000000 0.000000 -32928.097734 44.664599 7.313262
6 300.000000 1.000000 0.100000 0.500000 0.100000 70.000000 0.000000 -32837.622883 16.901912 7.567434
6 300.000000 1.000000 0.100000 0.500000 0.100000 70.000000 0.000000 -33007.874843 35.865141 8.140875
4 300.000000 1.000000 0.000000 0.400000 0.100000 90.000000 0.000000 -32724.519457 60.522425 6.447599
3 300.000000 1.000000 0.000000 0.300000 0.100000 100.000000 0.000000 -32887.310804 65.401588 7.219836
4 300.000000 1.000000 0.000000 0.400000 0.100000 90.000000 0.000000 -32815.591273 57.125268 7.293684
5 300.000000 1.000000 0.000000 0.500000 0.100000 80.000000 0.000000 -32836.399742 68.247650 6.760157
4 300.000000 1.000000 0.000000 0.400000 0.100000 90.000000 0.000000 -32759.236173 70.575621 6.994835
4 300.000000 1.000000 0.000000 0.400000 0.100000 90.000000 0.000000 -33033.725906 50.793709 7.466409
5 300.000000 1.000000 0.000000 0.500000 0.100000 80.000000 0.000000 -32994.939594 46.726554 6.936542
5 300.000000 1.000000 0.000000 0.500000 0.100000 80.000000 0.000000 -32876.230989 51.381772 6.419012
4 300.000000 1.000000 0.000000 0.400000 0.100000 90.000000 0.000000 -32842.362195 65.448637 6.626391
3 300.000000 1.000000 0.000000 0.300000 0.100000 100.000000 0.000000 -32714.373917 94.877193 6.893113
3 300.000000 1.000000 0.000000 0.300000 0.100000 100.000000 0.000000 -32854.029992 82.227990 7.700942
3 300.000000 1.000000 0.000000 0.300000 0.100000 100.000000 0.000000 -33084.429157 64.181465 6.538729
2 300.000000 1.000000 0.000000 0.200000 0.100000 110.000000 0.000000 -32920.690700 79.621799 6.389714
3 300.000000 1.000000 0.000000 0.300000 0.100000 100.000000 0.000000 -32926.381570 77.770756 6.511147
2 300.000000 1.000000 0.000000 0.200000 0.100000 110.000000 0.000000 -32844.767799 57.379819 6.542147
2 300.000000 1.000000 0.000000 0.200000 0.100000 110.000000 0.000000 -32823.760146 96.042637 7.575864
3 300.000000 1.000000 0.000000 0.300000 0.100000 100.000000 0.000000 -32795.354548 62.486700 6.421322
4 300.000000 1.000000 0.000000 0.400000 0.100000 90.000000 0.000000 -32912.328046 68.767945 6.456909
5 300.000000 1.000000 0.000000 0.500000 0.100000 80.000000 0.000000 -32825.209684 52.757323 6.389849
5 300.000000 1.000000 0.000000 0.500000 0.100000 80.000000 0.000000 -32720.146160 65.495659 7.031169
4 300.000000 1.000000 0.000000 0.400000 0.100000 90.000000 0.000000 -32940.982488 74.834916 6.389720
4 300.000000 1.000000 0.000000 0.400000 0.100000 90.000000 0.000000 -32724.862079 53.567328 6.455797
5 300.000000 1.000000 0.000000 0.500000 0.100000 80.000000 0.000000 -32729.041063 53.755121 6.803613
4 300.000000 1.000000 0.000000 0.400000 0.100000 90.000000 0.000000 -32771.367096 29.381234 6.393511
4 300.000000 1.000000 0.000000 0.400000 0.100000 90.000000 0.000000 -32741.081826 61.595972 6.722929
3 300.000000 1.000000 0.000000 0.300000 0.100000 100.000000 0.000000 -32795.443994 52.659316 6.439891
4 300.000000 1.000000 0.000000 0.400000 0.100000 90.000000 0.000000 -32763.142341 42.928994 7.658347
5 300.000000 1.000000 0.000000 0.500000 0.100000 80.000000 0.000000 -32911.583358 69.362679 6.537948
5 300.000000 1.000000 0.000000 0.500000 0.100000 80.000000 0.000000 -32823.824594 25.979264 6.476559
6 300.000000 1.000000 0.100000 0.500000 0.100000 70.000000 0.000000 -32736.954527 32.407241 6.879490
6 300.000000 1.000000 0.100000 0.500000 0.100000 70.000000 0.000000 -32980.832581 20.396267 6.613059
6 300.000000 1.000000 0.100000 0.500000 0.100000 70.000000 0.000000 -32803.598606 26.743941 6.619768
7 300.000000 1.000000 0.200000 0.500000 0.100000 60.000000 0.000000 -32897.894328 18.036160 6.468852
6 300.000000 1.000000 0.100000 0.500000 0.100000 70.000000 0.000000 -32760.993824 28.140265 6.661153
6 300.000000 1.000000 0.100000 0.500000 0.100000 70.000000 0.000000 -32914.488641 52.686139 7.781741
3 300.000000 1.000000 0.000000 0.300000 0.100000 100.000000 0.000000 -32884.795977 65.335121 7.319159
4 300.000000 1.000000 0.000000 0.400000 0.100000 90.000000 0.000000 -33085.693375 65.634530 7.811242
3 300.000000 1.000000 0.000000 0.300000 0.100000 100.000000 0.000000 -32899.561466 88.574746 6.489995
2 300.000000 1.000000 0.000000 0.200000 0.100000 110.000000 0.000000 -32860.212605 117.412490 6.625438
2 300.000000 1.000000 0.000000 0.200000 0.100000 110.000000 0.000000 -32694.187469 141.263630 6.877974
1 300.000000 1.000000 0.000000 0.100000 0.100000 120.000000 0.000000 -32877.982809 124.187367 6.445075
2 300.000000 1.000000 0.000000 0.200000 0.100000 110.000000 0.000000 -32741.432404 38.954920 6.475348
3 300.000000 1.000000 0.000000 0.300000 0.100000 100.000000 0.000000 -32859.022301 63.879799 6.555090
4 300.000000 1.000000 0.000000 0.400000 0.100000 90.000000 0.000000 -32878.207052 55.654452 6.725820
3 300.000000 1.000000 0.000000 0.300000 0.100000 100.000000 0.000000 -32831.916932 89.307447 5.404519
3 300.000000 1.000000 0.000000 0.300000 0.100000 100.000000 0.000000 -32688.382917 77.517229 3.038889
3 300.000000 1.000000 0.000000 0.300000 0.100000 100.000000 0.000000 -32843.723304 77.776389 7.587062
3 300.000000 1.000000 0.000000 0.300000 0.100000 100.000000 0.000000 -32761.115481 74.237047 8.178369
4 300.000000 1.000000 0.000000 0.400000 0.100000 90.000000 0.000000 -32713.010947 55.773860 7.819832
5 300.000000 1.000000 0.000000 0.500000 0.100000 80.000000 0.000000 -32646.527203 38.355706 6.723974
4 300.000000 1.000000 0.000000 0.400000 0.100000 90.000000 0.000000 -32873.869916 70.722120 2.569895
3 300.000000 1.000000 0.000000 0.300000 0.100000 100.000000 0.000000 -32997.926117 72.679365 6.647153
4 300.000000 1.000000 0.000000 0.400000 0.100000 90.000000 0.000000 -32757.866519 50.386791 8.246189
5 300.000000 1.000000 0.000000 0.500000 0.100000 80.000000 0.000000 -32806.848473 37.023749 7.437685
5 300.000000 1.000000 0.000000 0.500000 0.100000 80.000000 0.000000 -32678.569442 60.610876 6.602615
4 300.000000 1.000000 0.000000 0.400000 0.100000 90.000000 0.000000 -32694.709920 55.152221 7.418139
5 300.000000 1.000000 0.000000 0.500000 0.100000 80.000000 0.000000 -32865.756043 55.880313 6.569805
5 300.000000 1.000000 0.000000 0.500000 0.100000 80.000000 0.000000 -32846.647610 57.876129 6.921048
5 300.000000 1.000000 0.000000 0.500000 0.100000 80.000000 0.000000 -32746.514419 58.582604 6.406379
3 300.000000 1.000000 0.000000 0.300000 0.100000 100.000000 0.000000 -32731.862833 82.881603 6.581349
3 300.000000 1.000000 0.000000 0.300000 0.100000 100.000000 0.000000 -32906.888892 38.989185 7.326247
5 300.000000 1.000000 0.000000 0.500000 0.100000 80.000000 0.000000 -32872.335885 60.437272 7.454862
5 300.000000 1.000000 0.000000 0.500000 0.100000 80.000000 0.000000 -32882.962010 57.917663 6.609497
2 300.000000 1.000000 0.000000 0.200000 0.100000 110.000000 0.000000 -32839.716066 83.234885 6.397437
4 300.000000 1.000000 0.000000 0.400000 0.100000 90.000000 0.000000 -32825.381396 70.953332 6.416381
5 300.000000 1.000000 0.000000 0.500000 0.100000 80.000000 0.000000 -32748.196381 57.218187 6.839210
5 300.000000 1.000000 0.000000 0.500000 0.100000 80.000000 0.000000 -32740.113529 41.862550 6.538823
5 300.000000 1.000000 0.000000 0.500000 0.100000 80.000000 0.000000 -32816.027388 62.496369 3.557701
4 300.000000 1.000000 0.000000 0.400000 0.100000 90.000000 0.000000 -32909.822141 54.669536 1.409415
5 300.000000 1.000000 0.000000 0.500000 0.100000 80.000000 0.000000 -32774.775621 63.591593 4.085970
3 300.000000 1.000000 0.000000 0.300000 0.100000 100.000000 0.000000 -32812.156209 75.638518 6.578158
4 300.000000 1.000000 0.000000 0.400000 0.100000 90.000000 0.000000 -32892.677700 81.211747 0.557108
3 300.000000 1.000000 0.000000 0.300000 0.100000 100.000000 0.000000 -32846.224941 72.983128 5.899880
2 300.000000 1.000000 0.000000 0.200000 0.100000 110.000000 0.000000 -32810.483972 123.203549 8.254824
1 300.000000 1.000000 0.000000 0.100000 0.100000 120.000000 0.000000 -32870.668363 140.280405 7.648465
1 300.000000 1.000000 0.000000 0.100000 0.100000 120.000000 0.000000 -32844.820750 120.636449 3.509552
2 300.000000 1.000000 0.000000 0.200000 0.100000 110.000000 0.000000 -32901.763409 120.096721 5.773407
2 300.000000 1.000000 0.000000 0.200000 0.100000 110.000000 0.000000 -32743.751153 135.084372 7.804364
2 300.000000 1.000000 0.000000 0.200000 0.100000 110.000000 0.000000 -33005.027326 123.233966 8.283468
2 300.000000 1.000000 0.000000 0.200000 0.100000 110.000000 0.000000 -32962.810695 126.074206 4.062146
2 300.000000 1.000000 0.000000 0.200000 0.100000 110.000000 0.000000 -32927.593841 115.718835 6.669145
2 300.000000 1.000000 0.000000 0.200000 0.100000 110.000000 0.000000 -32866.281790 116.387986 7.249193
2 300.000000 1.000000 0.000000 0.200000 0.100000 110.000000 0.000000 -32821.658350 90.247033 0.020796
3 300.000000 1.000000 0.000000 0.300000 0.100000 100.000000 0.000000 -32865.595633 94.899824 6.448213
2 300.000000 1.000000 0.000000 0.200000 0.100000 110.000000 0.000000 -32844.176292 130.471961 6.569682
2 300.000000 1.000000 0.000000 0.200000 0.100000 110.000000 0.000000 -32876.190396 75.696045 7.818495
3 300.000000 1.000000 0.000000 0.300000 0.100000 100.000000 0.000000 -32893.798967 85.040726 7.870704
3 300.000000 1.000000 0.000000 0.300000 0.100000 100.000000 0.000000 -32897.210606 77.321496 6.769142
3 300.000000 1.000000 0.000000 0.300000 0.100000 100.000000 0.000000 -32775.989517 66.209482 7.926213
5 300.000000 1.000000 0.000000 0.500000 0.100000 80.000000 0.000000 -32757.373286 55.914886 8.281595
4 300.000000 1.000000 0.000000 0.400000 0.100000 90.000000 0.000000 -32819.656589 76.274413 1.095168
3 300.000000 1.000000 0.000000 0.300000 0.100000 100.000000 0.000000 -32810.117075 69.752313 7.843491
4 300.000000 1.000000 0.000000 0.400000 0.100000 90.000000 0.000000 -32912.597479 83.922817 6.586797
2 300.000000 1.000000 0.000000 0.200000 0.100000 110.000000 0.000000 -32903.608232 93.585336 6.440424
2 300.000000 1.000000 0.000000 0.200000 0.100000 110.000000 0.000000 -32827.600635 51.270160 6.394463
3 300.000000 1.000000 0.000000 0.300000 0.100000 100.000000 0.000000 -32671.642067 69.152215 6.407721
3 300.000000 1.000000 0.000000 0.300000 0.100000 100.000000 0.000000 -32723.819953 76.130314 6.787755
4 300.000000 1.000000 0.000000 0.400000 0.100000 90.000000 0.000000 -32771.527604 66.344181 6.605906
5 300.000000 1.000000 0.000000 0.500000 0.100000 80.000000 0.000000 -32976.953560 34.167878 6.580592
5 300.000000 1.000000 0.000000 0.500000 0.100000 80.000000 0.000000 -32714.918649 40.285266 7.515321
4 300.000000 1.000000 0.000000 0.400000 0.100000 90.000000 0.000000 -32774.888445 76.292503 3.105390
4 300.000000 1.000000 0.000000 0.400000 0.100000 90.000000 0.000000 -32793.981795 59.450764 0.127314
5 300.000000 1.000000 0.000000 0.500000 0.100000 80.000000 0.000000 -32527.111319 55.818247 8.058220
5 300.000000 1.000000 0.000000 0.500000 0.100000 80.000000 0.000000 -32835.364412 33.305086 6.391722
5 300.000000 1.000000 0.000000 0.500000 0.100000 80.000000 0.000000 -32824.683662 21.578501 6.741682
5 300.000000 1.000000 0.000000 0.500000 0.100000 80.000000 0.000000 -32815.065107 68.256129 6.427254
5 300.000000 1.000000 0.000000 0.500000 0.100000 80.000000 0.000000 -32681.267463 32.010000 7.053484
5 300.000000 1.000000 0.000000 0.500000 0.100000 80.000000 0.000000 -32946.141379 40.239113 6.397007
5 300.000000 1.000000 0.000000 0.500000 0.100000 80.000000 0.000000 -32749.884617 55.689091 7.263315
4 300.000000 1.000000 0.000000 0.400000 0.100000 90.000000 0.000000 -32993.846205 79.947832 7.000014
3 300.000000 1.000000 0.000000 0.300000 0.100000 100.000000 0.000000 -32842.988482 84.758502 6.412914
4 300.000000 1.000000 0.000000 0.400000 0.100000 90.000000 0.000000 -32832.927658 60.621616 7.243783
3 300.000000 1.000000 0.000000 0.300000 0.100000 100.000000 0.000000 -32953.215039 103.284281 6.464095
2 300.000000 1.000000 0.000000 0.200000 0.100000 110.000000 0.000000 -32841.894516 115.842663 6.441285
1 300.000000 1.000000 0.000000 0.100000 0.100000 120.000000 0.000000 -32838.603914 130.726984 6.428953
1 300.000000 1.000000 0.000000 0.100000 0.100000 120.000000 0.000000 -32931.620604 159.571035 6.390511
1 300.000000 1.000000 0.000000 0.100000 0.100000 120.000000 0.000000 -32928.540647 138.427605 8.278883
1 300.000000 1.000000 0.000000 0.100000 0.100000 120.000000 0.000000 -32877.453521 162.866372 7.685811
1 300.000000 1.000000 0.000000 0.100000 0.100000 120.000000 0.000000 -32904.345405 134.706724 7.771929
1 300.000000 1.000000 0.000000 0.100000 0.100000 120.000000 0.000000 -32712.005945 187.223930 7.753783
0 300.000000 1.000000 0.000000 0.000000 0.100000 130.000000 0.000000 -32950.209791 181.653177 8.155341
0 300.000000 1.000000 0.000000 0.000000 0.100000 130.000000 0.000000 -32799.070413 185.476663 7.164970
0 300.000000 1.000000 0.000000 0.000000 0.100000 130.000000 0.000000 -32943.280649 170.884168 7.362016
0 300.000000 1.000000 0.000000 0.000000 0.100000 130.000000 0.000000 -32837.797279 170.829038 7.600249
0 300.000000 1.000000 0.000000 0.000000 0.100000 130.000000 0.000000 -32798.923311 149.031187 6.661659
1 300.000000 1.000000 0.000000 0.100000 0.100000 120.000000 0.000000 -33033.704019 126.923794 7.257342
2 300.000000 1.000000 0.000000 0.200000 0.100000 110.000000 0.000000 -32802.158273 84.266785 7.078961
2 300.000000 1.000000 0.000000 0.200000 0.100000 110.000000 0.000000 -32914.020907 64.529854 6.681645
4 300.000000 1.000000 0.000000 0.400000 0.100000 90.000000 0.000000 -32654.181954 72.704874 8.273316
4 300.000000 1.000000 0.000000 0.400000 0.100000 90.000000 0.000000 -32924.106566 66.011114 7.701918
3 300.000000 1.000000 0.000000 0.300000 0.100000 100.000000 0.000000 -32926.243612 84.019871 7.149546
3 300.000000 1.000000 0.000000 0.300000 0.100000 100.000000 0.000000 -32891.579565 66.447839 6.997577
5 300.000000 1.000000 0.000000 0.500000 0.100000 80.000000 0.000000 -32825.407684 37.628734 8.217328
5 300.000000 1.000000 0.000000 0.500000 0.100000 80.000000 0.000000 -32749.292539 56.533981 7.149938
5 300.000000 1.000000 0.000000 0.500000 0.100000 80.000000 0.000000 -32850.625856 50.418959 6.615453
3 300.000000 1.000000 0.000000 0.300000 0.100000 100.000000 0.000000 -32894.976927 50.504590 6.429666
4 300.000000 1.000000 0.000000 0.400000 0.100000 90.000000 0.000000 -32825.127968 53.783308 6.393189
4 300.000000 1.000000 0.000000 0.400000 0.100000 90.000000 0.000000 -32771.030416 61.491795 6.451831
5 300.000000 1.000000 0.000000 0.500000 0.100000 80.000000 0.000000 -32839.461393 66.490073 6.491678
4 300.000000 1.000000 0.000000 0.400000 0.100000 90.000000 0.000000 -32834.591070 48.679542 6.509965
5 300.000000 1.000000 0.000000 0.500000 0.100000 80.000000 0.000000 -32914.198371 69.157445 6.517684
4 300.000000 1.000000 0.000000 0.400000 0.100000 90.000000 0.000000 -32907.391925 68.270492 7.019599
4 300.000000 1.000000 0.000000 0.400000 0.100000 90.000000 0.000000 -32728.711648 41.367133 6.416521
4 300.000000 1.000000 0.000000 0.400000 0.100000 90.000000 0.000000 -32837.642913 30.758539 6.572401
3 300.000000 1.000000 0.000000 0.300000 0.100000 100.000000 0.000000 -32734.201048 31.001085 7.276979
4 300.000000 1.000000 0.000000 0.400000 0.100000 90.000000 0.000000 -32837.776410 55.933913 7.966588
5 300.000000 1.000000 0.000000 0.500000 0.100000 80.000000 0.000000 -32861.258911 46.364686 6.721224
5 300.000000 1.000000 0.000000 0.500000 0.100000 80.000000 0.000000 -32824.959031 61.214450 6.742205
5 300.000000 1.000000 0.000000 0.500000 0.100000 80.000000 0.000000 -32758.413164 45.063342 6.483569
5 300.000000 1.000000 0.000000 0.500000 0.100000 80.000000 0.000000 -32792.514700 30.777591 6.560512
4 300.000000 1.000000 0.000000 0.400000 0.100000 90.000000 0.000000 -32839.326118 55.215643 6.815113
5 300.000000 1.000000 0.000000 0.500000 0.100000 80.000000 0.000000 -32797.721581 44.705537 6.437888
5 300.000000 1.000000 0.000000 0.500000 0.100000 80.000000 0.000000 -32860.607206 58.489123 8.278546
3 300.000000 1.000000 0.000000 0.300000 0.100000 100.000000 0.000000 -33074.028965 74.192621 6.391552
3 300.000000 1.000000 0.000000 0.300000 0.100000 100.000000 0.000000 -32963.982551 77.524364 6.633147
2 300.000000 1.000000 0.000000 0.200000 0.100000 110.000000 0.000000 -32893.752565 100.342900 6.505459
2 300.000000 1.000000 0.000000 0.200000 0.100000 110.000000 0.000000 -32810.751552 80.407914 7.122800
3 300.000000 1.000000 0.000000 0.300000 0.100000 100.000000 0.000000 -32858.650642 59.539719 0.199973
5 300.000000 1.000000 0.000000 0.500000 0.100000 80.000000 0.000000 -32880.581819 44.797306 6.393148
5 300.000000 1.000000 0.000000 0.500000 0.100000 80.000000 0.000000 -32900.555501 42.151568 6.581964
5 300.000000 1.000000 0.000000 0.500000 0.100000 80.000000 0.000000 -32925.677198 55.366515 6.389811
5 300.000000 1.000000 0.000000 0.500000 0.100000 80.000000 0.000000 -32915.135703 58.661734 7.194609
2 300.000000 1.000000 0.000000 0.200000 0.100000 110.000000 0.000000 -32775.923882 122.989193 7.046293
2 300.000000 1.000000 0.000000 0.200000 0.100000 110.000000 0.000000 -32913.065726 55.252779 8.260821
4 300.000000 1.000000 0.000000 0.400000 0.100000 90.000000 0.000000 -32962.003071 39.868439 7.502637
5 300.000000 1.000000 0.000000 0.500000 0.100000 80.000000 0.000000 -32793.480267 63.090000 7.010014
5 300.000000 1.000000 0.000000 0.500000 0.100000 80.000000 0.000000 -32832.021168 37.810730 6.522902
5 300.000000 1.000000 0.000000 0.500000 0.100000 80.000000 0.000000 -32791.062634 52.714358 7.821182
5 300.000000 1.000000 0.000000 0.500000 0.100000 80.000000 0.000000 -32740.445653 54.840308 8.152190
4 300.000000 1.000000 0.000000 0.400000 0.100000 90.000000 0.000000 -32847.699826 25.887563 6.607389
6 300.000000 1.000000 0.100000 0.500000 0.100000 70.000000 0.000000 -32710.454587 23.119600 7.433300
5 300.000000 1.000000 0.000000 0.500000 0.100000 80.000000 0.000000 -32809.175987 47.402703 6.412876
5 300.000000 1.000000 0.000000 0.500000 0.100000 80.000000 0.000000 -32724.900545 62.012369 6.441301
4 300.000000 1.000000 0.000000 0.400000 0.100000 90.000000 0.000000 -32867.324436 67.174669 6.411240
3 300.000000 1.000000 0.000000 0.300000 0.100000 100.000000 0.000000 -32952.806140 53.238767 6.681091
4 300.000000 1.000000 0.000000 0.400000 0.100000 90.000000 0.000000 -32613.449040 62.677200 4.259882
2 300.000000 1.000000 0.000000 0.200000 0.100000 110.000000 0.000000 -32954.628288 86.284892 0.702069
2 300.000000 1.000000 0.000000 0.200000 0.100000 110.000000 0.000000 -32658.806502 55.703860 0.169529
5 300.000000 1.000000 0.000000 0.500000 0.100000 80.000000 0.000000 -32942.864168 41.814988 8.276008
5 300.000000 1.000000 0.000000 0.500000 0.100000 80.000000 0.000000 -32713.543339 24.739450 7.815808
6 300.000000 1.000000 0.100000 0.500000 0.100000 70.000000 0.000000 -32875.609371 23.696158 6.728134
3 300.000000 1.000000 0.000000 0.300000 0.100000 100.000000 0.000000 -32897.336533 72.754313 0.991599
3 300.000000 1.000000 0.000000 0.300000 0.100000 100.000000 0.000000 -32943.860536 68.754521 6.512069
4 300.000000 1.000000 0.000000 0.400000 0.100000 90.000000 0.000000 -32869.447544 39.860039 6.751626
4 300.000000 1.000000 0.000000 0.400000 0.100000 90.000000 0.000000 -32938.415466 58.316139 6.934842
4 300.000000 1.000000 0.000000 0.400000 0.100000 90.000000 0.000000 -32694.140758 76.071141 8.271167
3 300.000000 1.000000 0.000000 0.300000 0.100000 100.000000 0.000000 -32897.001393 77.971059 6.422583
3 300.000000 1.000000 0.000000 0.300000 0.100000 100.000000 0.000000 -32759.511054 83.265283 1.378221
3 300.000000 1.000000 0.000000 0.300000 0.100000 100.000000 0.000000 -32830.605647 79.813279 3.319429
3 300.000000 1.000000 0.000000 0.300000 0.100000 100.000000 0.000000 -32995.598879 66.299623 0.003459
4 300.000000 1.000000 0.000000 0.400000 0.100000 90.000000 0.000000 -32967.473840 71.568643 8.080443
2 300.000000 1.000000 0.000000 0.200000 0.100000 110.000000 0.000000 -32913.643055 72.387378 7.970387
5 300.000000 1.000000 0.000000 0.500000 0.100000 80.000000 0.000000 -32898.779975 14.002210 4.342879
7 300.000000 1.000000 0.200000 0.500000 0.100000 60.000000 0.000000 -32871.258725 18.703477 7.955796
6 300.000000 1.000000 0.100000 0.500000 0.100000 70.000000 0.000000 -32920.132218 28.943670 7.729534
4 300.000000 1.000000 0.000000 0.400000 0.100000 90.000000 0.000000 -32786.188171 63.086106 6.426225
5 300.000000 1.000000 0.000000 0.500000 0.100000 80.000000 0.000000 -32801.068158 66.024654 7.535038
3 300.000000 1.000000 0.000000 0.300000 0.100000 100.000000 0.000000 -32790.837267 72.800207 0.031070
2 300.000000 1.000000 0.000000 0.200000 0.100000 110.000000 0.000000 -32888.258800 74.806802 0.302050
3 300.000000 1.000000 0.000000 0.300000 0.100000 100.000000 0.000000 -32831.595268 57.510527 2.128104
3 300.000000 1.000000 0.000000 0.300000 0.100000 100.000000 0.000000 -32874.883155 42.665166 0.008883
6 300.000000 1.000000 0.100000 0.500000 0.100000 70.000000 0.000000 -32702.365721 17.273904 8.269688
7 300.000000 1.000000 0.200000 0.500000 0.100000 60.000000 0.000000 -32878.224264 13.846107 7.414464
8 300.000000 1.000000 0.300000 0.500000 0.100000 50.000000 0.000000 -33053.537110 10.095297 7.163732
9 300.000000 1.000000 0.400000 0.500000 0.100000 40.000000 0.000000 -32969.569911 1.485260 6.390790
8 300.000000 1.000000 0.300000 0.500000 0.100000 50.000000 0.000000 -32859.966553 5.493536 6.619834
9 300.000000 1.000000 0.400000 0.500000 0.100000 40.000000 0.000000 -32689.995836 -0.227832 6.516608
10 300.000000 1.000000 0.500000 0.500000 0.100000 30.000000 0.000000 -32834.413515 -3.709640 6.405470
11 300.000000 -1.000000 0.500000 0.500000 0.100000 30.000000 0.000000 -32757.059495 -9.140437 6.699303
12 300.000000 -1.000000 0.400000 0.500000 0.100000 40.000000 0.000000 -32811.575203 -3.105288 6.805375
11 300.000000 -1.000000 0.500000 0.500000 0.100000 30.000000 0.000000 -32818.075446 1.943651 6.392369
14 300.000000 -1.000000 0.200000 0.500000 0.100000 60.000000 0.000000 -32731.890698 35.725824 7.481248
17 300.000000 -1.000000 0.000000 0.400000 0.100000 90.000000 0.000000 -32966.431391 56.152201 6.526711
16 300.000000 -1.000000 0.000000 0.500000 0.100000 80.000000 0.000000 -32713.825536 47.698991 6.389744
16 300.000000 -1.000000 0.000000 0.500000 0.100000 80.000000 0.000000 -33143.960041 60.581939 7.908337
18 300.000000 -1.000000 0.000000 0.300000 0.100000 100.000000 0.000000 -32880.078964 67.119607 7.156755
16 300.000000 -1.000000 0.000000 0.500000 0.100000 80.000000 0.000000 -32655.070024 47.227228 6.563555
16 300.000000 -1.000000 0.000000 0.500000 0.100000 80.000000 0.000000 -32825.261931 31.663744 6.397405
17 300.000000 -1.000000 0.000000 0.400000 0.100000 90.000000 0.000000 -32885.683807 72.438519 6.673510
17 300.000000 -1.000000 0.000000 0.400000 0.100000 90.000000 0.000000 -32721.744000 64.565275 7.360090
16 300.000000 -1.000000 0.000000 0.500000 0.100000 80.000000 0.000000 -32909.759003 59.120464 6.753672
17 300.000000 -1.000000 0.000000 0.400000 0.100000 90.000000 0.000000 -32741.332930 46.788975 6.400362
17 300.000000 -1.000000 0.000000 0.400000 0.100000 90.000000 0.000000 -32826.194738 65.263465 6.561828
18 300.000000 -1.000000 0.000000 0.300000 0.100000 100.000000 0.000000 -32746.627522 58.751137 7.228164
17 300.000000 -1.000000 0.000000 0.400000 0.100000 90.000000 0.000000 -32834.477208 61.068044 6.535926
16 300.000000 -1.000000 0.000000 0.500000 0.100000 80.000000 0.000000 -32879.975122 74.394177 6.746440
18 300.000000 -1.000000 0.000000 0.300000 0.100000 100.000000 0.000000 -32835.792970 70.528054 6.882505
18 300.000000 -1.000000 0.000000 0.300000 0.100000 100.000000 0.000000 -32937.754296 100.270206 8.270231
18 300.000000 -1.000000 0.000000 0.300000 0.100000 100.000000 0.000000 -32734.904083 57.702267 7.501451
16 300.000000 -1.000000 0.000000 0.500000 0.100000 80.000000 0.000000 -32825.789192 44.549606 7.534436
18 300.000000 -1.000000 0.000000 0.300000 0.100000 100.000000 0.000000 -32974.226244 62.622673 6.449093
16 300.000000 -1.000000 0.000000 0.500000 0.100000 80.000000 0.000000 -32756.988474 59.714989 7.136804
19 300.000000 -1.000000 0.000000 0.200000 0.100000 110.000000 0.000000 -32785.838559 79.913075 8.280579
18 300.000000 -1.000000 0.000000 0.300000 0.100000 100.000000 0.000000 -32837.604655 65.641740 6.509526
16 300.000000 -1.000000 0.000000 0.500000 0.100000 80.000000 0.000000 -32942.359325 29.631674 8.205034
15 300.000000 -1.000000 0.100000 0.500000 0.100000 70.000000 0.000000 -32845.701827 11.579959 7.069461
14 300.000000 -1.000000 0.200000 0.500000 0.100000 60.000000 0.000000 -32852.211867 8.586576 6.742526
15 300.000000 -1.000000 0.100000 0.500000 0.100000 70.000000 0.000000 -32873.400037 21.595989 6.828700
15 300.000000 -1.000000 0.100000 0.500000 0.100000 70.000000 0.000000 -32878.518421 17.440392 6.691258
15 300.000000 -1.000000 0.100000 0.500000 0.100000 70.000000 0.000000 -32794.625817 23.043112 6.732355
15 300.000000 -1.000000 0.100000 0.500000 0.100000 70.000000 0.000000 -32902.999569 23.873068 6.672356
15 300.000000 -1.000000 0.100000 0.500000 0.100000 70.000000 0.000000 -32918.299298 21.209701 6.504442
14 300.000000 -1.000000 0.200000 0.500000 0.100000 60.000000 0.000000 -32860.662151 11.018520 7.672133
15 300.000000 -1.000000 0.100000 0.500000 0.100000 70.000000 0.000000 -33066.684450 9.352788 7.969759
12 300.000000 -1.000000 0.400000 0.500000 0.100000 40.000000 0.000000 -32694.125820 1.085429 7.256675
12 300.000000 -1.000000 0.400000 0.500000 0.100000 40.000000 0.000000 -32978.780661 5.249777 7.041515
12 300.000000 -1.000000 0.400000 0.500000 0.100000 40.000000 0.000000 -32803.731352 6.890404 7.445616
7 300.000000 1.000000 0.200000 0.500000 0.100000 60.000000 0.000000 -32828.246491 10.189223 6.930794
7 300.000000 1.000000 0.200000 0.500000 0.100000 60.000000 0.000000 -32829.117956 23.323360 6.389712
7 300.000000 1.000000 0.200000 0.500000 0.100000 60.000000 0.000000 -32894.109757 23.210189 6.871133
7 300.000000 1.000000 0.200000 0.500000 0.100000 60.000000 0.000000 -32778.713966 9.754860 8.199303
7 300.000000 1.000000 0.200000 0.500000 0.100000 60.000000 0.000000 -32838.421942 5.371494 6.391294
8 300.000000 1.000000 0.300000 0.500000 0.100000 50.000000 0.000000 -32892.677835 12.137344 6.393293
6 300.000000 1.000000 0.100000 0.500000 0.100000 70.000000 0.000000 -32945.541961 32.335010 8.199850
6 300.000000 1.000000 0.100000 0.500000 0.100000 70.000000 0.000000 -32904.473004 16.155455 8.195888
7 300.000000 1.000000 0.200000 0.500000 0.100000 60.000000 0.000000 -32787.054057 4.978569 6.518645
9 300.000000 1.000000 0.400000 0.500000 0.100000 40.000000 0.000000 -32839.755264 6.586219 8.268294
10 300.000000 1.000000 0.500000 0.500000 0.100000 30.000000 0.000000 -32884.427035 -0.565514 7.024315
12 300.000000 -1.000000 0.400000 0.500000 0.100000 40.000000 0.000000 -32896.559905 -4.970824 6.991404
11 300.000000 -1.000000 0.500000 0.500000 0.100000 30.000000 0.000000 -32782.907394 -7.891909 6.394050
11 300.000000 -1.000000 0.500000 0.500000 0.100000 30.000000 0.000000 -32808.807792 2.903374 6.910920
10 300.000000 1.000000 0.500000 0.500000 0.100000 30.000000 0.000000 -32780.104262 1.046441 6.709463
12 300.000000 -1.000000 0.400000 0.500000 0.100000 40.000000 0.000000 -32829.022544 9.505881 7.124421
13 300.000000 -1.000000 0.300000 0.500000 0.100000 50.000000 0.000000 -32866.888436 15.190104 6.982515
13 300.000000 -1.000000 0.300000 0.500000 0.100000 50.000000 0.000000 -32715.408476 8.149792 7.000273
13 300.000000 -1.000000 0.300000 0.500000 0.100000 50.000000 0.000000 -32874.870576 0.751490 6.414357
10 300.000000 1.000000 0.500000 0.500000 0.100000 30.000000 0.000000 -33015.847007 -0.978133 6.740655
11 300.000000 -1.000000 0.500000 0.500000 0.100000 30.000000 0.000000 -32786.900642 6.854635 6.706958
9 300.000000 1.000000 0.400000 0.500000 0.100000 40.000000 0.000000 -32900.434649 4.226325 7.533773
9 300.000000 1.000000 0.400000 0.500000 0.100000 40.000000 0.000000 -32958.079574 7.083319 7.111002
8 300.000000 1.000000 0.300000 0.500000 0.100000 50.000000 0.000000 -32774.966530 12.737570 6.389769
8 300.000000 1.000000 0.300000 0.500000 0.100000 50.000000 0.000000 -32905.085171 3.231609 8.267556
7 300.000000 1.000000 0.200000 0.500000 0.100000 60.000000 0.000000 -32946.846637 14.249096 6.426254
7 300.000000 1.000000 0.200000 0.500000 0.100000 60.000000 0.000000 -33074.430282 17.944219 8.002405
7 300.000000 1.000000 0.200000 0.500000 0.100000 60.000000 0.000000 -32827.689729 15.877511 8.260377
7 300.000000 1.000000 0.200000 0.500000 0.100000 60.000000 0.000000 -32847.500131 7.283874 6.823322
8 300.000000 1.000000 0.300000 0.500000 0.100000 50.000000 0.000000 -32853.178288 0.670494 6.595399
9 300.000000 1.000000 0.400000 0.500000 0.100000 40.000000 0.000000 -32829.249596 5.240967 6.404757
9 300.000000 1.000000 0.400000 0.500000 0.100000 40.000000 0.000000 -32821.880212 1.045560 7.227751
9 300.000000 1.000000 0.400000 0.500000 0.100000 40.000000 0.000000 -32729.067286 8.367886 7.913305
7 300.000000 1.000000 0.200000 0.500000 0.100000 60.000000 0.000000 -32814.730821 10.191511 8.009430
6 300.000000 1.000000 0.100000 0.500000 0.100000 70.000000 0.000000 -32851.850259 11.653669 8.196615
6 300.000000 1.000000 0.100000 0.500000 0.100000 70.000000 0.000000 -32770.415652 37.195794 7.128325
6 300.000000 1.000000 0.100000 0.500000 0.100000 70.000000 0.000000 -32950.029656 25.284507 7.338538
5 300.000000 1.000000 0.000000 0.500000 0.100000 80.000000 0.000000 -32802.831658 53.185900 6.394489
4 300.000000 1.000000 0.000000 0.400000 0.100000 90.000000 0.000000 -32765.431441 73.228346 6.658703
3 300.000000 1.000000 0.000000 0.300000 0.100000 100.000000 0.000000 -32797.940281 59.504992 6.497579
4 300.000000 1.000000 0.000000 0.400000 0.100000 90.000000 0.000000 -32923.385580 55.208169 6.995321
5 300.000000 1.000000 0.000000 0.500000 0.100000 80.000000 0.000000 -32867.158616 48.625743 6.399637
5 300.000000 1.000000 0.000000 0.500000 0.100000 80.000000 0.000000 -32821.431405 47.092724 6.503270
5 300.000000 1.000000 0.000000 0.500000 0.100000 80.000000 0.000000 -32840.161947 58.536602 6.944112
4 300.000000 1.000000 0.000000 0.400000 0.100000 90.000000 0.000000 -32955.748720 36.215016 6.389749
5 300.000000 1.000000 0.000000 0.500000 0.100000 80.000000 0.000000 -32747.908215 25.849381 7.157778
6 300.000000 1.000000 0.100000 0.500000 0.100000 70.000000 0.000000 -32792.141262 42.959777 6.414452
6 300.000000 1.000000 0.100000 0.500000 0.100000 70.000000 0.000000 -32755.772814 14.529813 7.310669
7 300.000000 1.000000 0.200000 0.500000 0.100000 60.000000 0.000000 -32944.450048 17.134202 7.614562
8 300.000000 1.000000 0.300000 0.500000 0.100000 50.000000 0.000000 -32713.986900 14.666125 7.998059
7 300.000000 1.000000 0.200000 0.500000 0.100000 60.000000 0.000000 -32844.315095 19.362781 7.054358
7 300.000000 1.000000 0.200000 0.500000 0.100000 60.000000 0.000000 -32877.482572 9.247194 6.391369
11 300.000000 -1.000000 0.500000 0.500000 0.100000 30.000000 0.000000 -32716.188123 1.940467 7.210651
10 300.000000 1.000000 0.500000 0.500000 0.100000 30.000000 0.000000 -32795.101250 0.795361 6.462926
9 300.000000 1.000000 0.400000 0.500000 0.100000 40.000000 0.000000 -32914.362281 -2.507038 6.591508
10 300.000000 1.000000 0.500000 0.500000 0.100000 30.000000 0.000000 -32912.943944 1.289664 7.002329
12 300.000000 -1.000000 0.400000 0.500000 0.100000 40.000000 0.000000 -32994.803438 -5.711723 6.984958
13 300.000000 -1.000000 0.300000 0.500000 0.100000 50.000000 0.000000 -32845.715702 6.730980 6.774051
13 300.000000 -1.000000 0.300000 0.500000 0.100000 50.000000 0.000000 -32688.725279 -0.975812 8.239966
9 300.000000 1.000000 0.400000 0.500000 0.100000 40.000000 0.000000 -32856.298247 -2.995716 8.002440
10 300.000000 1.000000 0.500000 0.500000 0.100000 30.000000 0.000000 -32938.352495 -1.024345 7.517202
11 300.000000 -1.000000 0.500000 0.500000 0.100000 30.000000 0.000000 -32885.656990 -5.323581 7.776786
10 300.000000 1.000000 0.500000 0.500000 0.100000 30.000000 0.000000 -32782.280532 -3.120110 8.218468
11 300.000000 -1.000000 0.500000 0.500000 0.100000 30.000000 0.000000 -32943.837013 -8.646986 7.488785
11 300.000000 -1.000000 0.500000 0.500000 0.100000 30.000000 0.000000 -32999.475634 7.019051 7.417259
13 300.000000 -1.000000 0.300000 0.500000 0.100000 50.000000 0.000000 -32841.020858 4.891205 6.445253
10 300.000000 1.000000 0.500000 0.500000 0.100000 30.000000 0.000000 -32967.454466 -4.755366 7.557630
11 300.000000 -1.000000 0.500000 0.500000 0.100000 30.000000 0.000000 -32956.974254 2.079119 6.536420
11 300.000000 -1.000000 0.500000 0.500000 0.100000 30.000000 0.000000 -32851.191648 -7.482110 6.779595
12 300.000000 -1.000000 0.400000 0.500000 0.100000 40.000000 0.000000 -32781.725613 5.752103 6.391107
12 300.000000 -1.000000 0.400000 0.500000 0.100000 40.000000 0.000000 -33012.066431 3.938415 6.530081
12 300.000000 -1.000000 0.400000 0.500000 0.100000 40.000000 0.000000 -32859.360935 5.843712 7.085583
13 300.000000 -1.000000 0.300000 0.500000 0.100000 50.000000 0.000000 -32801.640177 16.598295 6.703969
14 300.000000 -1.000000 0.200000 0.500000 0.100000 60.000000 0.000000 -32765.303567 10.126051 6.498617
14 300.000000 -1.000000 0.200000 0.500000 0.100000 60.000000 0.000000 -32749.053845 15.359924 6.475151
14 300.000000 -1.000000 0.200000 0.500000 0.100000 60.000000 0.000000 -32915.381246 1.868119 6.423484
9 300.000000 1.000000 0.400000 0.500000 0.100000 40.000000 0.000000 -32878.832212 3.479077 6.966282
8 300.000000 1.000000 0.300000 0.500000 0.100000 50.000000 0.000000 -32890.893189 5.883626 6.916875
8 300.000000 1.000000 0.300000 0.500000 0.100000 50.000000 0.000000 -32788.922825 1.872417 6.436111
12 300.000000 -1.000000 0.400000 0.500000 0.100000 40.000000 0.000000 -32944.883589 14.222813 6.628281
13 300.000000 -1.000000 0.300000 0.500000 0.100000 50.000000 0.000000 -32829.815246 1.664052 6.491469
10 300.000000 1.000000 0.500000 0.500000 0.100000 30.000000 0.000000 -32909.498564 -1.705583 7.270365
11 300.000000 -1.000000 0.500000 0.500000 0.100000 30.000000 0.000000 -33027.223932 -5.657352 6.394736
10 300.000000 1.000000 0.500000 0.500000 0.100000 30.000000 0.000000 -32832.160586 -7.431479 6.620622
8 300.000000 1.000000 0.300000 0.500000 0.100000 50.000000 0.000000 -32571.450059 3.785770 6.396726
7 300.000000 1.000000 0.200000 0.500000 0.100000 60.000000 0.000000 -32809.897067 15.517042 6.490181
6 300.000000 1.000000 0.100000 0.500000 0.100000 70.000000 0.000000 -32817.290963 20.244286 6.939005
6 300.000000 1.000000 0.100000 0.500000 0.100000 70.000000 0.000000 -32772.641042 23.853940 6.498965
7 300.000000 1.000000 0.200000 0.500000 0.100000 60.000000 0.000000 -32761.632660 28.445689 7.059893
7 300.000000 1.000000 0.200000 0.500000 0.100000 60.000000 0.000000 -32802.672627 23.102774 6.674497
6 300.000000 1.000000 0.100000 0.500000 0.100000 70.000000 0.000000 -32773.314413 21.222607 7.672563
6 300.000000 1.000000 0.100000 0.500000 0.100000 70.000000 0.000000 -32898.391163 9.654242 6.405754
8 300.000000 1.000000 0.300000 0.500000 0.100000 50.000000 0.000000 -32779.127067 13.971299 7.659814
6 300.000000 1.000000 0.100000 0.500000 0.100000 70.000000 0.000000 -32869.442008 28.818110 3.746168
7 300.000000 1.000000 0.200000 0.500000 0.100000 60.000000 0.000000 -32978.090611 6.286856 7.009629
7 300.000000 1.000000 0.200000 0.500000 0.100000 60.000000 0.000000 -32804.769653 15.526770 6.420237
7 300.000000 1.000000 0.200000 0.500000 0.100000 60.000000 0.000000 -32821.511051 20.542044 6.427153
6 300.000000 1.000000 0.100000 0.500000 0.100000 70.000000 0.000000 -32719.923184 43.607562 6.478618
5 300.000000 1.000000 0.000000 0.500000 0.100000 80.000000 0.000000 -32903.923566 58.916572 6.484720
5 300.000000 1.000000 0.000000 0.500000 0.100000 80.000000 0.000000 -32830.212583 39.496380 6.406633
5 300.000000 1.000000 0.000000 0.500000 0.100000 80.000000 0.000000 -32755.988745 44.852795 6.430885
5 300.000000 1.000000 0.000000 0.500000 0.100000 80.000000 0.000000 -32941.421824 25.827096 7.224732
5 300.000000 1.000000 0.000000 0.500000 0.100000 80.000000 0.000000 -32679.825720 50.809373 6.423944
5 300.000000 1.000000 0.000000 0.500000 0.100000 80.000000 0.000000 -32717.758487 57.638885 6.449800
