300.000000 0.000000 0.000000 0.000000 0.000000 0.000000 0.000000 -37718.875013 749.519652
300.000000 0.002000 0.002000 0.002000 0.000000 0.000000 0.000000 -37737.616008 863.067680
300.000000 0.004000 0.004000 0.004000 0.000000 0.000000 0.000000 -37724.615457 915.534108
300.000000 0.006000 0.006000 0.006000 0.000000 0.000000 0.000000 -37618.568767 814.151237
300.000000 0.008000 0.008000 0.008000 0.000000 0.000000 0.000000 -37659.579342 949.277531
300.000000 0.010000 0.010000 0.010000 0.000000 0.000000 0.000000 -37755.362083 849.907190
300.000000 0.012000 0.012000 0.012000 0.000000 0.000000 0.000000 -37679.386375 883.128500
300.000000 0.014000 0.014000 0.014000 0.000000 0.000000 0.000000 -37621.558994 865.189152
300.000000 0.016000 0.016000 0.016000 0.000000 0.000000 0.000000 -37679.390008 928.439456
300.000000 0.018000 0.018000 0.018000 0.000000 0.000000 0.000000 -37648.379842 763.082193
300.000000 0.020000 0.020000 0.020000 0.000000 0.000000 0.000000 -37722.518933 778.680096
300.000000 0.022000 0.022000 0.022000 0.000000 0.000000 0.000000 -37759.550941 846.420865
300.000000 0.024000 0.024000 0.024000 0.000000 0.000000 0.000000 -37816.624530 738.089750
300.000000 0.026000 0.026000 0.026000 0.000000 0.000000 0.000000 -37752.424620 781.719782
300.000000 0.028000 0.028000 0.028000 0.000000 0.000000 0.000000 -37701.624408 928.924273
300.000000 0.030000 0.030000 0.030000 0.000000 0.000000 0.000000 -37927.069563 807.882777
300.000000 0.032000 0.032000 0.032000 0.000000 0.000000 0.000000 -37754.649409 819.433628
300.000000 0.034000 0.034000 0.034000 0.000000 0.000000 0.000000 -37842.636131 754.166035
300.000000 0.036000 0.036000 0.036000 0.000000 0.000000 0.000000 -37665.755831 667.363580
300.000000 0.038000 0.038000 0.038000 0.000000 0.000000 0.000000 -37804.965286 107.208801
300.000000 0.040000 0.040000 0.040000 0.000000 0.000000 0.000000 -37748.249631 97.148242
300.000000 0.042000 0.042000 0.042000 0.000000 0.000000 0.000000 -37760.381839 70.294865
300.000000 0.044000 0.044000 0.044000 0.000000 0.000000 0.000000 -37796.674024 71.870357
300.000000 0.046000 0.046000 0.046000 0.000000 0.000000 0.000000 -37865.021841 95.529510
300.000000 0.048000 0.048000 0.048000 0.000000 0.000000 0.000000 -37822.565153 63.546820
300.000000 0.050000 0.050000 0.050000 0.000000 0.000000 0.000000 -37749.987917 89.199370
300.000000 0.052000 0.052000 0.052000 0.000000 0.000000 0.000000 -37598.176408 65.862563
300.000000 0.054000 0.054000 0.054000 0.000000 0.000000 0.000000 -37747.632852 104.257363
300.000000 0.056000 0.056000 0.056000 0.000000 0.000000 0.000000 -37787.425208 89.586224
300.000000 0.058000 0.058000 0.058000 0.000000 0.000000 0.000000 -37802.857757 41.545607
300.000000 0.060000 0.060000 0.060000 0.000000 0.000000 0.000000 -37777.339947 42.265908
300.000000 0.062000 0.062000 0.062000 0.000000 0.000000 0.000000 -37661.282324 85.401219
300.000000 0.064000 0.064000 0.064000 0.000000 0.000000 0.000000 -37757.025618 66.060582
300.000000 0.066000 0.066000 0.066000 0.000000 0.000000 0.000000 -37634.091475 51.875402
300.000000 0.068000 0.068000 0.068000 0.000000 0.000000 0.000000 -37598.641301 33.311972
300.000000 0.070000 0.070000 0.070000 0.000000 0.000000 0.000000 -37594.867484 45.336397
300.000000 0.072000 0.072000 0.072000 0.000000 0.000000 0.000000 -37701.845643 51.627383
300.000000 0.074000 0.074000 0.074000 0.000000 0.000000 0.000000 -37792.251353 35.014210
300.000000 0.076000 0.076000 0.076000 0.000000 0.000000 0.000000 -37604.598338 52.079589
300.000000 0.078000 0.078000 0.078000 0.000000 0.000000 0.000000 -37652.807442 49.642473
300.000000 0.080000 0.080000 0.080000 0.000000 0.000000 0.000000 -37744.583282 50.117457
300.000000 0.082000 0.082000 0.082000 0.000000 0.000000 0.000000 -37746.833915 84.465140
300.000000 0.084000 0.084000 0.084000 0.000000 0.000000 0.000000 -37673.014830 73.388892
300.000000 0.086000 0.086000 0.086000 0.000000 0.000000 0.000000 -37609.796359 59.278676
300.000000 0.088000 0.088000 0.088000 0.000000 0.000000 0.000000 -37624.576290 49.112776
300.000000 0.090000 0.090000 0.090000 0.000000 0.000000 0.000000 -37559.675951 63.862449
300.000000 0.092000 0.092000 0.092000 0.000000 0.000000 0.000000 -37681.004711 64.258489
300.000000 0.094000 0.094000 0.094000 0.000000 0.000000 0.000000 -37749.147763 24.024628
300.000000 0.096000 0.096000 0.096000 0.000000 0.000000 0.000000 -37797.858701 31.812227
300.000000 0.098000 0.098000 0.098000 0.000000 0.000000 0.000000 -37836.068154 39.155843
300.000000 0.100000 0.100000 0.100000 0.000000 0.000000 0.000000 -37708.745500 81.709598
300.000000 0.102000 0.102000 0.102000 0.000000 0.000000 0.000000 -37749.743430 49.245352
300.000000 0.104000 0.104000 0.104000 0.000000 0.000000 0.000000 -37696.929699 25.281251
300.000000 0.106000 0.106000 0.106000 0.000000 0.000000 0.000000 -37656.522943 34.548549
300.000000 0.108000 0.108000 0.108000 0.000000 0.000000 0.000000 -37637.388653 53.392435
300.000000 0.110000 0.110000 0.110000 0.000000 0.000000 0.000000 -37726.556355 35.851884
300.000000 0.112000 0.112000 0.112000 0.000000 0.000000 0.000000 -37895.318917 66.011911
300.000000 0.114000 0.114000 0.114000 0.000000 0.000000 0.000000 -37729.288183 45.666596
300.000000 0.116000 0.116000 0.116000 0.000000 0.000000 0.000000 -37689.866930 48.699480
300.000000 0.118000 0.118000 0.118000 0.000000 0.000000 0.000000 -37681.485628 95.908229
300.000000 0.120000 0.120000 0.120000 0.000000 0.000000 0.000000 -37669.760521 34.557438
300.000000 0.122000 0.122000 0.122000 0.000000 0.000000 0.000000 -37607.558403 39.669321
300.000000 0.124000 0.124000 0.124000 0.000000 0.000000 0.000000 -37625.495330 20.140569
300.000000 0.126000 0.126000 0.126000 0.000000 0.000000 0.000000 -37766.773838 44.937482
300.000000 0.128000 0.128000 0.128000 0.000000 0.000000 0.000000 -37845.001167 30.947896
300.000000 0.130000 0.130000 0.130000 0.000000 0.000000 0.000000 -37780.914069 59.563384
300.000000 0.132000 0.132000 0.132000 0.000000 0.000000 0.000000 -37889.389789 51.411393
300.000000 0.134000 0.134000 0.134000 0.000000 0.000000 0.000000 -37888.606343 47.003767
300.000000 0.136000 0.136000 0.136000 0.000000 0.000000 0.000000 -37749.116725 41.700408
300.000000 0.138000 0.138000 0.138000 0.000000 0.000000 0.000000 -37871.021581 44.294272
300.000000 0.140000 0.140000 0.140000 0.000000 0.000000 0.000000 -37831.680809 18.036065
300.000000 0.142000 0.142000 0.142000 0.000000 0.000000 0.000000 -37764.432660 26.774081
300.000000 0.144000 0.144000 0.144000 0.000000 0.000000 0.000000 -37802.127189 39.827285
300.000000 0.146000 0.146000 0.146000 0.000000 0.000000 0.000000 -37899.556813 14.785391
300.000000 0.148000 0.148000 0.148000 0.000000 0.000000 0.000000 -37793.596127 24.397621
300.000000 0.150000 0.150000 0.150000 0.000000 0.000000 0.000000 -37706.833230 36.992579
300.000000 0.152000 0.152000 0.152000 0.000000 0.000000 0.000000 -37788.422310 17.248615
300.000000 0.154000 0.154000 0.154000 0.000000 0.000000 0.000000 -37789.958221 12.987600
300.000000 0.156000 0.156000 0.156000 0.000000 0.000000 0.000000 -37705.961385 23.034365
300.000000 0.158000 0.158000 0.158000 0.000000 0.000000 0.000000 -37762.105470 48.540038
300.000000 0.160000 0.160000 0.160000 0.000000 0.000000 0.000000 -37830.555795 16.804652
300.000000 0.162000 0.162000 0.162000 0.000000 0.000000 0.000000 -37746.567175 22.452007
300.000000 0.164000 0.164000 0.164000 0.000000 0.000000 0.000000 -37634.853968 24.357617
300.000000 0.166000 0.166000 0.166000 0.000000 0.000000 0.000000 -37685.789872 17.578461
300.000000 0.168000 0.168000 0.168000 0.000000 0.000000 0.000000 -37735.182614 29.600252
300.000000 0.170000 0.170000 0.170000 0.000000 0.000000 0.000000 -37754.071744 27.019816
300.000000 0.172000 0.172000 0.172000 0.000000 0.000000 0.000000 -37743.773046 9.317001
300.000000 0.174000 0.174000 0.174000 0.000000 0.000000 0.000000 -37728.673370 23.389870
300.000000 0.176000 0.176000 0.176000 0.000000 0.000000 0.000000 -37712.673055 26.311324
300.000000 0.178000 0.178000 0.178000 0.000000 0.000000 0.000000 -37611.142059 19.529074
300.000000 0.180000 0.180000 0.180000 0.000000 0.000000 0.000000 -37758.073776 38.935460
300.000000 0.182000 0.182000 0.182000 0.000000 0.000000 0.000000 -37770.745556 38.121824
300.000000 0.184000 0.184000 0.184000 0.000000 0.000000 0.000000 -37843.627136 29.276471
300.000000 0.186000 0.186000 0.186000 0.000000 0.000000 0.000000 -37657.700577 32.314454
300.000000 0.188000 0.188000 0.188000 0.000000 0.000000 0.000000 -37837.326461 31.560255
300.000000 0.190000 0.190000 0.190000 0.000000 0.000000 0.000000 -37811.187030 21.660141
300.000000 0.192000 0.192000 0.192000 0.000000 0.000000 0.000000 -37748.945371 18.536012
300.000000 0.194000 0.194000 0.194000 0.000000 0.000000 0.000000 -37791.979598 17.235205
300.000000 0.196000 0.196000 0.196000 0.000000 0.000000 0.000000 -37766.913306 20.360463
300.000000 0.198000 0.198000 0.198000 0.000000 0.000000 0.000000 -37809.123342 10.099279
300.000000 0.200000 0.200000 0.200000 0.000000 0.000000 0.000000 -37845.488728 14.016110
300.000000 0.202000 0.202000 0.202000 0.000000 0.000000 0.000000 -37898.219414 15.167580
300.000000 0.204000 0.204000 0.204000 0.000000 0.000000 0.000000 -37941.881329 36.653286
300.000000 0.206000 0.206000 0.206000 0.000000 0.000000 0.000000 -37773.282074 30.460892
300.000000 0.208000 0.208000 0.208000 0.000000 0.000000 0.000000 -37745.002737 13.619710
300.000000 0.210000 0.210000 0.210000 0.000000 0.000000 0.000000 -37787.580395 31.904889
300.000000 0.212000 0.212000 0.212000 0.000000 0.000000 0.000000 -37676.069931 15.325022
300.000000 0.214000 0.214000 0.214000 0.000000 0.000000 0.000000 -37594.832439 28.264485
300.000000 0.216000 0.216000 0.216000 0.000000 0.000000 0.000000 -37726.629755 23.405649
300.000000 0.218000 0.218000 0.218000 0.000000 0.000000 0.000000 -37829.691008 23.621150
300.000000 0.220000 0.220000 0.220000 0.000000 0.000000 0.000000 -37655.007555 27.769120
300.000000 0.222000 0.222000 0.222000 0.000000 0.000000 0.000000 -37653.268172 8.873317
300.000000 0.224000 0.224000 0.224000 0.000000 0.000000 0.000000 -37729.648497 29.604817
300.000000 0.226000 0.226000 0.226000 0.000000 0.000000 0.000000 -37609.189615 15.285483
300.000000 0.228000 0.228000 0.228000 0.000000 0.000000 0.000000 -37694.169873 19.972125
300.000000 0.230000 0.230000 0.230000 0.000000 0.000000 0.000000 -37754.188652 15.842219
300.000000 0.232000 0.232000 0.232000 0.000000 0.000000 0.000000 -37820.269700 16.281606
300.000000 0.234000 0.234000 0.234000 0.000000 0.000000 0.000000 -37868.612058 18.255046
300.000000 0.236000 0.236000 0.236000 0.000000 0.000000 0.000000 -37799.390236 3.971319
300.000000 0.238000 0.238000 0.238000 0.000000 0.000000 0.000000 -37770.974933 -1.896847
300.000000 0.240000 0.240000 0.240000 0.000000 0.000000 0.000000 -37713.981826 21.759648
300.000000 0.242000 0.242000 0.242000 0.000000 0.000000 0.000000 -37722.708834 32.370572
300.000000 0.244000 0.244000 0.244000 0.000000 0.000000 0.000000 -37727.717454 16.367291
300.000000 0.246000 0.246000 0.246000 0.000000 0.000000 0.000000 -37675.212329 5.789554
300.000000 0.248000 0.248000 0.248000 0.000000 0.000000 0.000000 -37805.895042 10.573026
300.000000 0.250000 0.250000 0.250000 0.000000 0.000000 0.000000 -37856.339627 10.284333
300.000000 0.252000 0.252000 0.252000 0.000000 0.000000 0.000000 -37754.891817 9.255205
300.000000 0.254000 0.254000 0.254000 0.000000 0.000000 0.000000 -37873.646902 14.649762
300.000000 0.256000 0.256000 0.256000 0.000000 0.000000 0.000000 -37803.750507 15.407725
300.000000 0.258000 0.258000 0.258000 0.000000 0.000000 0.000000 -37875.552907 9.055224
300.000000 0.260000 0.260000 0.260000 0.000000 0.000000 0.000000 -37852.187368 4.994546
300.000000 0.262000 0.262000 0.262000 0.000000 0.000000 0.000000 -37684.920700 18.718645
300.000000 0.264000 0.264000 0.264000 0.000000 0.000000 0.000000 -37650.962336 3.992747
300.000000 0.266000 0.266000 0.266000 0.000000 0.000000 0.000000 -37737.226926 16.161136
300.000000 0.268000 0.268000 0.268000 0.000000 0.000000 0.000000 -37646.123511 4.588168
300.000000 0.270000 0.270000 0.270000 0.000000 0.000000 0.000000 -37784.106111 10.768363
300.000000 0.272000 0.272000 0.272000 0.000000 0.000000 0.000000 -37657.441454 10.637406
300.000000 0.274000 0.274000 0.274000 0.000000 0.000000 0.000000 -37837.912409 13.936041
300.000000 0.276000 0.276000 0.276000 0.000000 0.000000 0.000000 -37772.185800 0.167764
300.000000 0.278000 0.278000 0.278000 0.000000 0.000000 0.000000 -37671.806900 3.191942
300.000000 0.280000 0.280000 0.280000 0.000000 0.000000 0.000000 -37892.535679 15.526957
300.000000 0.282000 0.282000 0.282000 0.000000 0.000000 0.000000 -37810.551232 31.696413
300.000000 0.284000 0.284000 0.284000 0.000000 0.000000 0.000000 -37842.619828 15.710041
300.000000 0.286000 0.286000 0.286000 0.000000 0.000000 0.000000 -37824.189871 26.705853
300.000000 0.288000 0.288000 0.288000 0.000000 0.000000 0.000000 -37927.330261 23.700067
300.000000 0.290000 0.290000 0.290000 0.000000 0.000000 0.000000 -37803.851749 16.157000
300.000000 0.292000 0.292000 0.292000 0.000000 0.000000 0.000000 -37900.118132 13.649969
300.000000 0.294000 0.294000 0.294000 0.000000 0.000000 0.000000 -37794.699208 0.058814
300.000000 0.296000 0.296000 0.296000 0.000000 0.000000 0.000000 -37772.879090 8.814973
300.000000 0.298000 0.298000 0.298000 0.000000 0.000000 0.000000 -37694.214150 4.241586
300.000000 0.300000 0.300000 0.300000 0.000000 0.000000 0.000000 -37751.605048 11.133162
300.000000 0.302000 0.302000 0.302000 0.000000 0.000000 0.000000 -37647.166742 14.489523
300.000000 0.304000 0.304000 0.304000 0.000000 0.000000 0.000000 -37754.627700 11.257532
300.000000 0.306000 0.306000 0.306000 0.000000 0.000000 0.000000 -37778.447687 11.519007
300.000000 0.308000 0.308000 0.308000 0.000000 0.000000 0.000000 -37623.798524 -0.043731
300.000000 0.310000 0.310000 0.310000 0.000000 0.000000 0.000000 -37760.146359 3.690924
300.000000 0.312000 0.312000 0.312000 0.000000 0.000000 0.000000 -37653.559276 10.039958
300.000000 0.314000 0.314000 0.314000 0.000000 0.000000 0.000000 -37723.369213 16.984432
300.000000 0.316000 0.316000 0.316000 0.000000 0.000000 0.000000 -37722.159509 18.486902
300.000000 0.318000 0.318000 0.318000 0.000000 0.000000 0.000000 -37564.711973 8.290719
300.000000 0.320000 0.320000 0.320000 0.000000 0.000000 0.000000 -37604.982882 6.396808
300.000000 0.322000 0.322000 0.322000 0.000000 0.000000 0.000000 -37678.917638 3.540913
300.000000 0.324000 0.324000 0.324000 0.000000 0.000000 0.000000 -37747.444442 13.764907
300.000000 0.326000 0.326000 0.326000 0.000000 0.000000 0.000000 -37707.847042 27.164877
300.000000 0.328000 0.328000 0.328000 0.000000 0.000000 0.000000 -37706.158048 9.831347
300.000000 0.330000 0.330000 0.330000 0.000000 0.000000 0.000000 -37707.556043 2.183764
300.000000 0.332000 0.332000 0.332000 0.000000 0.000000 0.000000 -37703.359918 12.365324
300.000000 0.334000 0.334000 0.334000 0.000000 0.000000 0.000000 -37693.163420 -2.078600
300.000000 0.336000 0.336000 0.336000 0.000000 0.000000 0.000000 -37809.854067 9.077249
300.000000 0.338000 0.338000 0.338000 0.000000 0.000000 0.000000 -37830.131817 3.723867
300.000000 0.340000 0.340000 0.340000 0.000000 0.000000 0.000000 -37633.788469 0.862979
300.000000 0.342000 0.342000 0.342000 0.000000 0.000000 0.000000 -37710.375588 3.943745
300.000000 0.344000 0.344000 0.344000 0.000000 0.000000 0.000000 -37916.463779 -1.654630
300.000000 0.346000 0.346000 0.346000 0.000000 0.000000 0.000000 -37931.797619 -1.540433
300.000000 0.348000 0.348000 0.348000 0.000000 0.000000 0.000000 -37988.684874 -1.138345
300.000000 0.350000 0.350000 0.350000 0.000000 0.000000 0.000000 -37912.632831 5.793194
300.000000 0.352000 0.352000 0.352000 0.000000 0.000000 0.000000 -37740.517275 -4.374956
300.000000 0.354000 0.354000 0.354000 0.000000 0.000000 0.000000 -37731.678765 16.985647
300.000000 0.356000 0.356000 0.356000 0.000000 0.000000 0.000000 -37766.631231 17.039461
300.000000 0.358000 0.358000 0.358000 0.000000 0.000000 0.000000 -37769.799833 12.123675
300.000000 0.360000 0.360000 0.360000 0.000000 0.000000 0.000000 -37788.347973 16.923480
300.000000 0.362000 0.362000 0.362000 0.000000 0.000000 0.000000 -37650.671019 17.184720
300.000000 0.364000 0.364000 0.364000 0.000000 0.000000 0.000000 -37674.752792 8.073528
300.000000 0.366000 0.366000 0.366000 0.000000 0.000000 0.000000 -37709.852254 12.127425
300.000000 0.368000 0.368000 0.368000 0.000000 0.000000 0.000000 -37613.632105 6.697707
300.000000 0.370000 0.370000 0.370000 0.000000 0.000000 0.000000 -37690.049519 10.379258
300.000000 0.372000 0.372000 0.372000 0.000000 0.000000 0.000000 -37626.708538 7.440341
300.000000 0.374000 0.374000 0.374000 0.000000 0.000000 0.000000 -37662.613884 4.820466
300.000000 0.376000 0.376000 0.376000 0.000000 0.000000 0.000000 -37665.734308 8.230532
300.000000 0.378000 0.378000 0.378000 0.000000 0.000000 0.000000 -37738.069351 7.638716
300.000000 0.380000 0.380000 0.380000 0.000000 0.000000 0.000000 -37708.594263 -0.840932
300.000000 0.382000 0.382000 0.382000 0.000000 0.000000 0.000000 -37884.682307 14.638843
300.000000 0.384000 0.384000 0.384000 0.000000 0.000000 0.000000 -37826.944508 9.061187
300.000000 0.386000 0.386000 0.386000 0.000000 0.000000 0.000000 -37800.236569 -5.493394
300.000000 0.388000 0.388000 0.388000 0.000000 0.000000 0.000000 -37753.857374 6.395983
300.000000 0.390000 0.390000 0.390000 0.000000 0.000000 0.000000 -37730.122873 -1.376887
300.000000 0.392000 0.392000 0.392000 0.000000 0.000000 0.000000 -37770.135627 7.981813
300.000000 0.394000 0.394000 0.394000 0.000000 0.000000 0.000000 -37727.910595 0.356137
300.000000 0.396000 0.396000 0.396000 0.000000 0.000000 0.000000 -37844.729237 5.766393
300.000000 0.398000 0.398000 0.398000 0.000000 0.000000 0.000000 -37742.535701 6.649158
300.000000 0.400000 0.400000 0.400000 0.000000 0.000000 0.000000 -37897.390501 7.871784
300.000000 0.402000 0.402000 0.402000 0.000000 0.000000 0.000000 -37857.660938 1.222696
300.000000 0.404000 0.404000 0.404000 0.000000 0.000000 0.000000 -37863.235176 -2.091994
300.000000 0.406000 0.406000 0.406000 0.000000 0.000000 0.000000 -37752.077214 0.085051
300.000000 0.408000 0.408000 0.408000 0.000000 0.000000 0.000000 -37820.466104 7.704875
300.000000 0.410000 0.410000 0.410000 0.000000 0.000000 0.000000 -37693.087583 9.444724
300.000000 0.412000 0.412000 0.412000 0.000000 0.000000 0.000000 -37663.371905 6.744684
300.000000 0.414000 0.414000 0.414000 0.000000 0.000000 0.000000 -37429.317445 8.398995
300.000000 0.416000 0.416000 0.416000 0.000000 0.000000 0.000000 -37473.398817 12.427037
300.000000 0.418000 0.418000 0.418000 0.000000 0.000000 0.000000 -37554.764290 10.034606
300.000000 0.420000 0.420000 0.420000 0.000000 0.000000 0.000000 -37624.130856 -0.324346
300.000000 0.422000 0.422000 0.422000 0.000000 0.000000 0.000000 -37660.324827 9.780323
300.000000 0.424000 0.424000 0.424000 0.000000 0.000000 0.000000 -37501.553931 3.256243
300.000000 0.426000 0.426000 0.426000 0.000000 0.000000 0.000000 -37707.132114 4.548306
300.000000 0.428000 0.428000 0.428000 0.000000 0.000000 0.000000 -37698.713881 -10.271914
300.000000 0.430000 0.430000 0.430000 0.000000 0.000000 0.000000 -37713.792072 2.395074
300.000000 0.432000 0.432000 0.432000 0.000000 0.000000 0.000000 -37704.707698 5.987385
300.000000 0.434000 0.434000 0.434000 0.000000 0.000000 0.000000 -37774.750524 11.589909
300.000000 0.436000 0.436000 0.436000 0.000000 0.000000 0.000000 -37697.610013 7.375530
300.000000 0.438000 0.438000 0.438000 0.000000 0.000000 0.000000 -37765.412953 6.233774
300.000000 0.440000 0.440000 0.440000 0.000000 0.000000 0.000000 -37671.647961 1.804893
300.000000 0.442000 0.442000 0.442000 0.000000 0.000000 0.000000 -37680.495856 2.152474
300.000000 0.444000 0.444000 0.444000 0.000000 0.000000 0.000000 -37739.933985 7.586137
300.000000 0.446000 0.446000 0.446000 0.000000 0.000000 0.000000 -37707.636970 11.198740
300.000000 0.448000 0.448000 0.448000 0.000000 0.000000 0.000000 -37683.221317 -1.512160
300.000000 0.450000 0.450000 0.450000 0.000000 0.000000 0.000000 -37646.994086 -6.614315
300.000000 0.452000 0.452000 0.452000 0.000000 0.000000 0.000000 -37564.472871 -2.776817
300.000000 0.454000 0.454000 0.454000 0.000000 0.000000 0.000000 -37639.238367 -8.937496
300.000000 0.456000 0.456000 0.456000 0.000000 0.000000 0.000000 -37742.961152 -1.072288
300.000000 0.458000 0.458000 0.458000 0.000000 0.000000 0.000000 -37760.994633 -16.461210
300.000000 0.460000 0.460000 0.460000 0.000000 0.000000 0.000000 -37804.150376 -7.362643
300.000000 0.462000 0.462000 0.462000 0.000000 0.000000 0.000000 -37702.307348 5.454158
300.000000 0.464000 0.464000 0.464000 0.000000 0.000000 0.000000 -37737.772198 -6.341229
300.000000 0.466000 0.466000 0.466000 0.000000 0.000000 0.000000 -37827.923018 -3.837630
300.000000 0.468000 0.468000 0.468000 0.000000 0.000000 0.000000 -37829.648184 -9.650791
300.000000 0.470000 0.470000 0.470000 0.000000 0.000000 0.000000 -37718.267480 -5.761346
300.000000 0.472000 0.472000 0.472000 0.000000 0.000000 0.000000 -37680.766424 -12.884965
300.000000 0.474000 0.474000 0.474000 0.000000 0.000000 0.000000 -37561.907635 5.106940
300.000000 0.476000 0.476000 0.476000 0.000000 0.000000 0.000000 -37644.862697 3.193279
300.000000 0.478000 0.478000 0.478000 0.000000 0.000000 0.000000 -37738.403714 -10.133936
300.000000 0.480000 0.480000 0.480000 0.000000 0.000000 0.000000 -37846.726803 3.143928
300.000000 0.482000 0.482000 0.482000 0.000000 0.000000 0.000000 -37770.224838 -6.830876
300.000000 0.484000 0.484000 0.484000 0.000000 0.000000 0.000000 -37707.934507 0.893324
300.000000 0.486000 0.486000 0.486000 0.000000 0.000000 0.000000 -37670.823038 -9.351780
300.000000 0.488000 0.488000 0.488000 0.000000 0.000000 0.000000 -37773.163636 -2.150842
300.000000 0.490000 0.490000 0.490000 0.000000 0.000000 0.000000 -37613.275733 3.009086
300.000000 0.492000 0.492000 0.492000 0.000000 0.000000 0.000000 -37687.902324 4.377180
300.000000 0.494000 0.494000 0.494000 0.000000 0.000000 0.000000 -37673.410310 -2.582226
300.000000 0.496000 0.496000 0.496000 0.000000 0.000000 0.000000 -37652.062671 -9.519428
300.000000 0.498000 0.498000 0.498000 0.000000 0.000000 0.000000 -37622.904341 -10.840873
