300.000000 0.000000 0.000000 0.000000 0.000000 0.000000 0.000000 -33588.952299 867.994597
300.000000 0.002000 0.002000 0.002000 0.000000 0.000000 0.000000 -33531.623439 891.581425
300.000000 0.004000 0.004000 0.004000 0.000000 0.000000 0.000000 -33630.309320 803.735947
300.000000 0.006000 0.006000 0.006000 0.000000 0.000000 0.000000 -33665.630820 438.055078
300.000000 0.008000 0.008000 0.008000 0.000000 0.000000 0.000000 -33620.794010 209.618811
300.000000 0.010000 0.010000 0.010000 0.000000 0.000000 0.000000 -33468.705320 123.660696
300.000000 0.012000 0.012000 0.012000 0.000000 0.000000 0.000000 -33687.828189 117.897712
300.000000 0.014000 0.014000 0.014000 0.000000 0.000000 0.000000 -33629.359374 58.973107
300.000000 0.016000 0.016000 0.016000 0.000000 0.000000 0.000000 -33461.111417 198.120383
300.000000 0.018000 0.018000 0.018000 0.000000 0.000000 0.000000 -33527.827760 90.264887
300.000000 0.020000 0.020000 0.020000 0.000000 0.000000 0.000000 -33477.145208 52.987742
300.000000 0.022000 0.022000 0.022000 0.000000 0.000000 0.000000 -33560.052970 109.755307
300.000000 0.024000 0.024000 0.024000 0.000000 0.000000 0.000000 -33535.906144 99.850917
300.000000 0.026000 0.026000 0.026000 0.000000 0.000000 0.000000 -33698.907156 84.284136
300.000000 0.028000 0.028000 0.028000 0.000000 0.000000 0.000000 -33644.746026 78.036169
300.000000 0.030000 0.030000 0.030000 0.000000 0.000000 0.000000 -33641.797221 72.136913
300.000000 0.032000 0.032000 0.032000 0.000000 0.000000 0.000000 -33617.111752 26.500637
300.000000 0.034000 0.034000 0.034000 0.000000 0.000000 0.000000 -33677.231514 23.555141
300.000000 0.036000 0.036000 0.036000 0.000000 0.000000 0.000000 -33575.032828 104.229255
300.000000 0.038000 0.038000 0.038000 0.000000 0.000000 0.000000 -33575.379663 58.227690
300.000000 0.040000 0.040000 0.040000 0.000000 0.000000 0.000000 -33383.266044 22.610091
300.000000 0.042000 0.042000 0.042000 0.000000 0.000000 0.000000 -33501.383911 54.785723
300.000000 0.044000 0.044000 0.044000 0.000000 0.000000 0.000000 -33532.238875 26.347222
300.000000 0.046000 0.046000 0.046000 0.000000 0.000000 0.000000 -33547.542309 41.668270
300.000000 0.048000 0.048000 0.048000 0.000000 0.000000 0.000000 -33662.642126 57.686396
300.000000 0.050000 0.050000 0.050000 0.000000 0.000000 0.000000 -33766.489302 37.336448
300.000000 0.052000 0.052000 0.052000 0.000000 0.000000 0.000000 -33674.927596 62.413035
300.000000 0.054000 0.054000 0.054000 0.000000 0.000000 0.000000 -33660.419707 42.890560
300.000000 0.056000 0.056000 0.056000 0.000000 0.000000 0.000000 -33667.980097 24.904983
300.000000 0.058000 0.058000 0.058000 0.000000 0.000000 0.000000 -33578.555085 78.439198
300.000000 0.060000 0.060000 0.060000 0.000000 0.000000 0.000000 -33620.172045 39.221210
300.000000 0.062000 0.062000 0.062000 0.000000 0.000000 0.000000 -33660.229243 50.715287
300.000000 0.064000 0.064000 0.064000 0.000000 0.000000 0.000000 -33517.621961 32.357065
300.000000 0.066000 0.066000 0.066000 0.000000 0.000000 0.000000 -33602.417437 48.012509
300.000000 0.068000 0.068000 0.068000 0.000000 0.000000 0.000000 -33544.155779 42.089778
300.000000 0.070000 0.070000 0.070000 0.000000 0.000000 0.000000 -33581.105701 43.642316
300.000000 0.072000 0.072000 0.072000 0.000000 0.000000 0.000000 -33578.311694 59.141059
300.000000 0.074000 0.074000 0.074000 0.000000 0.000000 0.000000 -33511.149004 43.809694
300.000000 0.076000 0.076000 0.076000 0.000000 0.000000 0.000000 -33623.830269 21.960353
300.000000 0.078000 0.078000 0.078000 0.000000 0.000000 0.000000 -33478.720570 28.260848
300.000000 0.080000 0.080000 0.080000 0.000000 0.000000 0.000000 -33565.535270 27.442521
300.000000 0.082000 0.082000 0.082000 0.000000 0.000000 0.000000 -33683.567163 44.793194
300.000000 0.084000 0.084000 0.084000 0.000000 0.000000 0.000000 -33744.619505 40.195841
300.000000 0.086000 0.086000 0.086000 0.000000 0.000000 0.000000 -33555.308624 36.920605
300.000000 0.088000 0.088000 0.088000 0.000000 0.000000 0.000000 -33675.318365 48.205626
300.000000 0.090000 0.090000 0.090000 0.000000 0.000000 0.000000 -33526.993341 25.694510
300.000000 0.092000 0.092000 0.092000 0.000000 0.000000 0.000000 -33605.649816 38.496064
300.000000 0.094000 0.094000 0.094000 0.000000 0.000000 0.000000 -33570.464995 21.902095
300.000000 0.096000 0.096000 0.096000 0.000000 0.000000 0.000000 -33685.665298 18.890842
300.000000 0.098000 0.098000 0.098000 0.000000 0.000000 0.000000 -33704.565627 13.547436
300.000000 0.100000 0.100000 0.100000 0.000000 0.000000 0.000000 -33613.287612 18.175945
300.000000 0.102000 0.102000 0.102000 0.000000 0.000000 0.000000 -33666.573309 14.131369
300.000000 0.104000 0.104000 0.104000 0.000000 0.000000 0.000000 -33651.116176 23.686808
300.000000 0.106000 0.106000 0.106000 0.000000 0.000000 0.000000 -33491.999977 16.718134
300.000000 0.108000 0.108000 0.108000 0.000000 0.000000 0.000000 -33697.305216 27.082456
300.000000 0.110000 0.110000 0.110000 0.000000 0.000000 0.000000 -33613.441686 39.271199
300.000000 0.112000 0.112000 0.112000 0.000000 0.000000 0.000000 -33598.296817 38.846778
300.000000 0.114000 0.114000 0.114000 0.000000 0.000000 0.000000 -33655.865839 38.022190
300.000000 0.116000 0.116000 0.116000 0.000000 0.000000 0.000000 -33641.019377 37.850775
300.000000 0.118000 0.118000 0.118000 0.000000 0.000000 0.000000 -33714.918157 40.781276
300.000000 0.120000 0.120000 0.120000 0.000000 0.000000 0.000000 -33500.241905 20.454155
300.000000 0.122000 0.122000 0.122000 0.000000 0.000000 0.000000 -33643.253860 14.787337
300.000000 0.124000 0.124000 0.124000 0.000000 0.000000 0.000000 -33589.043789 16.651073
300.000000 0.126000 0.126000 0.126000 0.000000 0.000000 0.000000 -33655.057764 24.690936
300.000000 0.128000 0.128000 0.128000 0.000000 0.000000 0.000000 -33472.660519 25.391010
300.000000 0.130000 0.130000 0.130000 0.000000 0.000000 0.000000 -33613.863024 55.075137
300.000000 0.132000 0.132000 0.132000 0.000000 0.000000 0.000000 -33520.291978 14.181046
300.000000 0.134000 0.134000 0.134000 0.000000 0.000000 0.000000 -33514.518206 29.548898
300.000000 0.136000 0.136000 0.136000 0.000000 0.000000 0.000000 -33570.378126 27.152683
300.000000 0.138000 0.138000 0.138000 0.000000 0.000000 0.000000 -33545.885583 28.644368
300.000000 0.140000 0.140000 0.140000 0.000000 0.000000 0.000000 -33624.801896 38.745840
300.000000 0.142000 0.142000 0.142000 0.000000 0.000000 0.000000 -33560.759537 26.003557
300.000000 0.144000 0.144000 0.144000 0.000000 0.000000 0.000000 -33540.036931 17.507019
300.000000 0.146000 0.146000 0.146000 0.000000 0.000000 0.000000 -33543.971826 28.835351
300.000000 0.148000 0.148000 0.148000 0.000000 0.000000 0.000000 -33671.531399 49.001474
300.000000 0.150000 0.150000 0.150000 0.000000 0.000000 0.000000 -33513.255163 14.432839
300.000000 0.152000 0.152000 0.152000 0.000000 0.000000 0.000000 -33547.079538 42.063418
300.000000 0.154000 0.154000 0.154000 0.000000 0.000000 0.000000 -33663.068255 22.680344
300.000000 0.156000 0.156000 0.156000 0.000000 0.000000 0.000000 -33637.095402 14.732067
300.000000 0.158000 0.158000 0.158000 0.000000 0.000000 0.000000 -33630.885006 10.820334
300.000000 0.160000 0.160000 0.160000 0.000000 0.000000 0.000000 -33552.124917 17.417137
300.000000 0.162000 0.162000 0.162000 0.000000 0.000000 0.000000 -33583.201835 17.925129
300.000000 0.164000 0.164000 0.164000 0.000000 0.000000 0.000000 -33526.900823 19.631184
300.000000 0.166000 0.166000 0.166000 0.000000 0.000000 0.000000 -33504.752376 15.631143
300.000000 0.168000 0.168000 0.168000 0.000000 0.000000 0.000000 -33446.787451 9.636947
300.000000 0.170000 0.170000 0.170000 0.000000 0.000000 0.000000 -33488.221475 25.557502
300.000000 0.172000 0.172000 0.172000 0.000000 0.000000 0.000000 -33601.243726 10.848505
300.000000 0.174000 0.174000 0.174000 0.000000 0.000000 0.000000 -33564.376152 18.090219
300.000000 0.176000 0.176000 0.176000 0.000000 0.000000 0.000000 -33582.273316 21.152666
300.000000 0.178000 0.178000 0.178000 0.000000 0.000000 0.000000 -33568.845203 27.884727
300.000000 0.180000 0.180000 0.180000 0.000000 0.000000 0.000000 -33484.352453 19.119541
300.000000 0.182000 0.182000 0.182000 0.000000 0.000000 0.000000 -33496.735647 12.382058
300.000000 0.184000 0.184000 0.184000 0.000000 0.000000 0.000000 -33364.063324 7.800259
300.000000 0.186000 0.186000 0.186000 0.000000 0.000000 0.000000 -33405.901526 13.508171
300.000000 0.188000 0.188000 0.188000 0.000000 0.000000 0.000000 -33526.848783 18.416021
300.000000 0.190000 0.190000 0.190000 0.000000 0.000000 0.000000 -33472.519513 13.400314
300.000000 0.192000 0.192000 0.192000 0.000000 0.000000 0.000000 -33409.250579 11.151338
300.000000 0.194000 0.194000 0.194000 0.000000 0.000000 0.000000 -33396.432719 8.148083
300.000000 0.196000 0.196000 0.196000 0.000000 0.000000 0.000000 -33289.860627 28.563811
300.000000 0.198000 0.198000 0.198000 0.000000 0.000000 0.000000 -33440.785623 13.347544
300.000000 0.200000 0.200000 0.200000 0.000000 0.000000 0.000000 -33375.287328 13.040051
300.000000 0.202000 0.202000 0.202000 0.000000 0.000000 0.000000 -33353.473770 7.318849
300.000000 0.204000 0.204000 0.204000 0.000000 0.000000 0.000000 -33493.974891 10.661588
300.000000 0.206000 0.206000 0.206000 0.000000 0.000000 0.000000 -33517.386645 11.559243
300.000000 0.208000 0.208000 0.208000 0.000000 0.000000 0.000000 -33509.956810 15.651194
300.000000 0.210000 0.210000 0.210000 0.000000 0.000000 0.000000 -33578.931368 10.235428
300.000000 0.212000 0.212000 0.212000 0.000000 0.000000 0.000000 -33579.620681 6.712791
300.000000 0.214000 0.214000 0.214000 0.000000 0.000000 0.000000 -33598.742717 20.170608
300.000000 0.216000 0.216000 0.216000 0.000000 0.000000 0.000000 -33452.855097 11.615094
300.000000 0.218000 0.218000 0.218000 0.000000 0.000000 0.000000 -33379.312361 9.288389
300.000000 0.220000 0.220000 0.220000 0.000000 0.000000 0.000000 -33448.561141 16.414386
300.000000 0.222000 0.222000 0.222000 0.000000 0.000000 0.000000 -33611.630477 14.679161
300.000000 0.224000 0.224000 0.224000 0.000000 0.000000 0.000000 -33599.488570 28.912779
300.000000 0.226000 0.226000 0.226000 0.000000 0.000000 0.000000 -33632.789229 7.767050
300.000000 0.228000 0.228000 0.228000 0.000000 0.000000 0.000000 -33478.761282 14.911248
300.000000 0.230000 0.230000 0.230000 0.000000 0.000000 0.000000 -33466.544455 5.707698
300.000000 0.232000 0.232000 0.232000 0.000000 0.000000 0.000000 -33420.249185 10.304069
300.000000 0.234000 0.234000 0.234000 0.000000 0.000000 0.000000 -33557.141900 12.298435
300.000000 0.236000 0.236000 0.236000 0.000000 0.000000 0.000000 -33636.327723 11.245726
300.000000 0.238000 0.238000 0.238000 0.000000 0.000000 0.000000 -33742.359910 9.090907
300.000000 0.240000 0.240000 0.240000 0.000000 0.000000 0.000000 -33547.073387 23.905944
300.000000 0.242000 0.242000 0.242000 0.000000 0.000000 0.000000 -33497.487148 8.063014
300.000000 0.244000 0.244000 0.244000 0.000000 0.000000 0.000000 -33524.780947 17.794284
300.000000 0.246000 0.246000 0.246000 0.000000 0.000000 0.000000 -33492.655290 13.170952
300.000000 0.248000 0.248000 0.248000 0.000000 0.000000 0.000000 -33590.941355 7.095080
300.000000 0.250000 0.250000 0.250000 0.000000 0.000000 0.000000 -33587.514321 -1.689445
300.000000 0.252000 0.252000 0.252000 0.000000 0.000000 0.000000 -33498.626536 1.312541
300.000000 0.254000 0.254000 0.254000 0.000000 0.000000 0.000000 -33577.235083 2.606469
300.000000 0.256000 0.256000 0.256000 0.000000 0.000000 0.000000 -33394.307919 18.189664
300.000000 0.258000 0.258000 0.258000 0.000000 0.000000 0.000000 -33572.199502 6.560346
300.000000 0.260000 0.260000 0.260000 0.000000 0.000000 0.000000 -33666.352996 5.684515
300.000000 0.262000 0.262000 0.262000 0.000000 0.000000 0.000000 -33654.406694 13.944383
300.000000 0.264000 0.264000 0.264000 0.000000 0.000000 0.000000 -33654.850803 13.280907
300.000000 0.266000 0.266000 0.266000 0.000000 0.000000 0.000000 -33635.412291 8.232361
300.000000 0.268000 0.268000 0.268000 0.000000 0.000000 0.000000 -33616.642337 7.392088
300.000000 0.270000 0.270000 0.270000 0.000000 0.000000 0.000000 -33595.284260 11.978615
300.000000 0.272000 0.272000 0.272000 0.000000 0.000000 0.000000 -33684.647916 7.990179
300.000000 0.274000 0.274000 0.274000 0.000000 0.000000 0.000000 -33652.620394 17.595240
300.000000 0.276000 0.276000 0.276000 0.000000 0.000000 0.000000 -33521.772240 5.043423
300.000000 0.278000 0.278000 0.278000 0.000000 0.000000 0.000000 -33645.299754 4.395163
300.000000 0.280000 0.280000 0.280000 0.000000 0.000000 0.000000 -33649.519307 10.918155
300.000000 0.282000 0.282000 0.282000 0.000000 0.000000 0.000000 -33627.403393 8.056014
300.000000 0.284000 0.284000 0.284000 0.000000 0.000000 0.000000 -33726.996008 13.021219
300.000000 0.286000 0.286000 0.286000 0.000000 0.000000 0.000000 -33582.838142 17.059972
300.000000 0.288000 0.288000 0.288000 0.000000 0.000000 0.000000 -33493.889484 10.400761
300.000000 0.290000 0.290000 0.290000 0.000000 0.000000 0.000000 -33556.537346 5.262149
300.000000 0.292000 0.292000 0.292000 0.000000 0.000000 0.000000 -33454.455272 8.345639
300.000000 0.294000 0.294000 0.294000 0.000000 0.000000 0.000000 -33472.575523 2.350510
300.000000 0.296000 0.296000 0.296000 0.000000 0.000000 0.000000 -33562.862431 8.347007
300.000000 0.298000 0.298000 0.298000 0.000000 0.000000 0.000000 -33546.086087 6.124872
300.000000 0.300000 0.300000 0.300000 0.000000 0.000000 0.000000 -33484.737533 3.583422
300.000000 0.302000 0.302000 0.302000 0.000000 0.000000 0.000000 -33549.918860 5.192637
300.000000 0.304000 0.304000 0.304000 0.000000 0.000000 0.000000 -33562.884017 12.944941
300.000000 0.306000 0.306000 0.306000 0.000000 0.000000 0.000000 -33680.168521 13.147569
300.000000 0.308000 0.308000 0.308000 0.000000 0.000000 0.000000 -33613.051743 4.846458
300.000000 0.310000 0.310000 0.310000 0.000000 0.000000 0.000000 -33663.416411 11.630393
300.000000 0.312000 0.312000 0.312000 0.000000 0.000000 0.000000 -33612.436397 6.125060
300.000000 0.314000 0.314000 0.314000 0.000000 0.000000 0.000000 -33575.655407 3.039391
300.000000 0.316000 0.316000 0.316000 0.000000 0.000000 0.000000 -33583.645513 6.465832
300.000000 0.318000 0.318000 0.318000 0.000000 0.000000 0.000000 -33627.743791 13.978045
300.000000 0.320000 0.320000 0.320000 0.000000 0.000000 0.000000 -33643.093950 2.779016
300.000000 0.322000 0.322000 0.322000 0.000000 0.000000 0.000000 -33576.077717 6.669953
300.000000 0.324000 0.324000 0.324000 0.000000 0.000000 0.000000 -33603.928130 9.818558
300.000000 0.326000 0.326000 0.326000 0.000000 0.000000 0.000000 -33629.467579 8.190696
300.000000 0.328000 0.328000 0.328000 0.000000 0.000000 0.000000 -33622.058459 3.271125
300.000000 0.330000 0.330000 0.330000 0.000000 0.000000 0.000000 -33627.964131 9.137071
300.000000 0.332000 0.332000 0.332000 0.000000 0.000000 0.000000 -33535.160885 9.976797
300.000000 0.334000 0.334000 0.334000 0.000000 0.000000 0.000000 -33573.895134 8.056475
300.000000 0.336000 0.336000 0.336000 0.000000 0.000000 0.000000 -33587.159707 5.832226
300.000000 0.338000 0.338000 0.338000 0.000000 0.000000 0.000000 -33528.847467 9.494767
300.000000 0.340000 0.340000 0.340000 0.000000 0.000000 0.000000 -33519.291552 7.690055
300.000000 0.342000 0.342000 0.342000 0.000000 0.000000 0.000000 -33516.192621 6.624802
300.000000 0.344000 0.344000 0.344000 0.000000 0.000000 0.000000 -33506.718782 7.458800
300.000000 0.346000 0.346000 0.346000 0.000000 0.000000 0.000000 -33574.888734 2.730310
300.000000 0.348000 0.348000 0.348000 0.000000 0.000000 0.000000 -33516.391420 12.237092
300.000000 0.350000 0.350000 0.350000 0.000000 0.000000 0.000000 -33529.828605 0.907236
300.000000 0.352000 0.352000 0.352000 0.000000 0.000000 0.000000 -33549.754909 3.072783
300.000000 0.354000 0.354000 0.354000 0.000000 0.000000 0.000000 -33571.987128 9.613559
300.000000 0.356000 0.356000 0.356000 0.000000 0.000000 0.000000 -33643.475428 5.741962
300.000000 0.358000 0.358000 0.358000 0.000000 0.000000 0.000000 -33613.942772 3.932224
300.000000 0.360000 0.360000 0.360000 0.000000 0.000000 0.000000 -33676.032066 9.675754
300.000000 0.362000 0.362000 0.362000 0.000000 0.000000 0.000000 -33389.729585 6.712527
300.000000 0.364000 0.364000 0.364000 0.000000 0.000000 0.000000 -33464.812072 7.919558
300.000000 0.366000 0.366000 0.366000 0.000000 0.000000 0.000000 -33522.450619 5.303313
300.000000 0.368000 0.368000 0.368000 0.000000 0.000000 0.000000 -33431.933101 8.540531
300.000000 0.370000 0.370000 0.370000 0.000000 0.000000 0.000000 -33545.151378 8.532223
300.000000 0.372000 0.372000 0.372000 0.000000 0.000000 0.000000 -33529.812198 0.337513
300.000000 0.374000 0.374000 0.374000 0.000000 0.000000 0.000000 -33500.511797 6.004956
300.000000 0.376000 0.376000 0.376000 0.000000 0.000000 0.000000 -33518.240474 8.474487
300.000000 0.378000 0.378000 0.378000 0.000000 0.000000 0.000000 -33390.852643 -5.246473
300.000000 0.380000 0.380000 0.380000 0.000000 0.000000 0.000000 -33418.003877 6.133467
300.000000 0.382000 0.382000 0.382000 0.000000 0.000000 0.000000 -33454.114432 7.405417
300.000000 0.384000 0.384000 0.384000 0.000000 0.000000 0.000000 -33447.592007 2.982126
300.000000 0.386000 0.386000 0.386000 0.000000 0.000000 0.000000 -33391.921697 1.636339
300.000000 0.388000 0.388000 0.388000 0.000000 0.000000 0.000000 -33473.937156 5.688347
300.000000 0.390000 0.390000 0.390000 0.000000 0.000000 0.000000 -33547.058748 7.882481
300.000000 0.392000 0.392000 0.392000 0.000000 0.000000 0.000000 -33636.088045 2.468239
300.000000 0.394000 0.394000 0.394000 0.000000 0.000000 0.000000 -33609.285654 -2.918893
300.000000 0.396000 0.396000 0.396000 0.000000 0.000000 0.000000 -33582.004763 2.472160
300.000000 0.398000 0.398000 0.398000 0.000000 0.000000 0.000000 -33606.011416 -3.011958
300.000000 0.400000 0.400000 0.400000 0.000000 0.000000 0.000000 -33504.999744 -1.841411
300.000000 0.402000 0.402000 0.402000 0.000000 0.000000 0.000000 -33781.160390 5.601828
300.000000 0.404000 0.404000 0.404000 0.000000 0.000000 0.000000 -33653.383901 0.535385
300.000000 0.406000 0.406000 0.406000 0.000000 0.000000 0.000000 -33612.551823 0.264836
300.000000 0.408000 0.408000 0.408000 0.000000 0.000000 0.000000 -33666.167873 6.285851
300.000000 0.410000 0.410000 0.410000 0.000000 0.000000 0.000000 -33620.538934 0.865074
300.000000 0.412000 0.412000 0.412000 0.000000 0.000000 0.000000 -33659.363469 -2.084664
300.000000 0.414000 0.414000 0.414000 0.000000 0.000000 0.000000 -33709.618249 -1.942290
300.000000 0.416000 0.416000 0.416000 0.000000 0.000000 0.000000 -33696.663152 1.960354
300.000000 0.418000 0.418000 0.418000 0.000000 0.000000 0.000000 -33617.530538 4.072162
300.000000 0.420000 0.420000 0.420000 0.000000 0.000000 0.000000 -33670.386496 0.005089
300.000000 0.422000 0.422000 0.422000 0.000000 0.000000 0.000000 -33689.863051 3.949127
300.000000 0.424000 0.424000 0.424000 0.000000 0.000000 0.000000 -33590.856873 0.051299
300.000000 0.426000 0.426000 0.426000 0.000000 0.000000 0.000000 -33459.374208 6.603536
300.000000 0.428000 0.428000 0.428000 0.000000 0.000000 0.000000 -33599.658598 -2.339599
300.000000 0.430000 0.430000 0.430000 0.000000 0.000000 0.000000 -33580.760188 5.798201
300.000000 0.432000 0.432000 0.432000 0.000000 0.000000 0.000000 -33547.701759 -5.910146
300.000000 0.434000 0.434000 0.434000 0.000000 0.000000 0.000000 -33617.112933 -2.811062
300.000000 0.436000 0.436000 0.436000 0.000000 0.000000 0.000000 -33540.603526 7.551264
300.000000 0.438000 0.438000 0.438000 0.000000 0.000000 0.000000 -33549.045413 -3.310337
300.000000 0.440000 0.440000 0.440000 0.000000 0.000000 0.000000 -33639.558292 0.983640
300.000000 0.442000 0.442000 0.442000 0.000000 0.000000 0.000000 -33657.154232 4.208783
300.000000 0.444000 0.444000 0.444000 0.000000 0.000000 0.000000 -33677.785079 4.531056
300.000000 0.446000 0.446000 0.446000 0.000000 0.000000 0.000000 -33610.000640 12.688822
300.000000 0.448000 0.448000 0.448000 0.000000 0.000000 0.000000 -33558.630745 -3.048361
300.000000 0.450000 0.450000 0.450000 0.000000 0.000000 0.000000 -33605.806568 7.947533
300.000000 0.452000 0.452000 0.452000 0.000000 0.000000 0.000000 -33666.017388 -0.999681
300.000000 0.454000 0.454000 0.454000 0.000000 0.000000 0.000000 -33577.699766 -1.052830
300.000000 0.456000 0.456000 0.456000 0.000000 0.000000 0.000000 -33614.679941 -6.378975
300.000000 0.458000 0.458000 0.458000 0.000000 0.000000 0.000000 -33575.724198 1.607084
300.000000 0.460000 0.460000 0.460000 0.000000 0.000000 0.000000 -33613.785948 3.149313
300.000000 0.462000 0.462000 0.462000 0.000000 0.000000 0.000000 -33611.210941 1.285109
300.000000 0.464000 0.464000 0.464000 0.000000 0.000000 0.000000 -33571.498080 -2.525244
300.000000 0.466000 0.466000 0.466000 0.000000 0.000000 0.000000 -33452.750213 4.926735
300.000000 0.468000 0.468000 0.468000 0.000000 0.000000 0.000000 -33417.094989 -0.151523
300.000000 0.470000 0.470000 0.470000 0.000000 0.000000 0.000000 -33486.231304 6.582907
300.000000 0.472000 0.472000 0.472000 0.000000 0.000000 0.000000 -33425.082181 0.087368
300.000000 0.474000 0.474000 0.474000 0.000000 0.000000 0.000000 -33619.947133 0.203227
300.000000 0.476000 0.476000 0.476000 0.000000 0.000000 0.000000 -33615.449429 -0.160167
300.000000 0.478000 0.478000 0.478000 0.000000 0.000000 0.000000 -33521.474112 -3.840290
300.000000 0.480000 0.480000 0.480000 0.000000 0.000000 0.000000 -33633.497049 -0.187367
300.000000 0.482000 0.482000 0.482000 0.000000 0.000000 0.000000 -33569.745362 -1.123654
300.000000 0.484000 0.484000 0.484000 0.000000 0.000000 0.000000 -33669.650560 5.980092
300.000000 0.486000 0.486000 0.486000 0.000000 0.000000 0.000000 -33714.595726 4.634264
300.000000 0.488000 0.488000 0.488000 0.000000 0.000000 0.000000 -33579.113289 -8.616424
300.000000 0.490000 0.490000 0.490000 0.000000 0.000000 0.000000 -33608.754127 2.239176
300.000000 0.492000 0.492000 0.492000 0.000000 0.000000 0.000000 -33579.618618 1.005112
300.000000 0.494000 0.494000 0.494000 0.000000 0.000000 0.000000 -33574.357026 10.919927
300.000000 0.496000 0.496000 0.496000 0.000000 0.000000 0.000000 -33532.698012 4.658004
300.000000 0.498000 0.498000 0.498000 0.000000 0.000000 0.000000 -33579.253801 8.251244
