2 300.000000 1.000000 0.000000 0.200000 0.100000 110.000000 0.000000 -32882.987473 120.343461 6.499714
2 300.000000 1.000000 0.000000 0.200000 0.100000 110.000000 0.000000 -32733.861077 105.620265 6.717557
2 300.000000 1.000000 0.000000 0.200000 0.100000 110.000000 0.000000 -32695.519786 59.423404 6.390144
5 300.000000 1.000000 0.000000 0.500000 0.100000 80.000000 0.000000 -32725.530863 60.610778 6.393550
5 300.000000 1.000000 0.000000 0.500000 0.100000 80.000000 0.000000 -32812.434837 45.272328 7.072565
6 300.000000 1.000000 0.100000 0.500000 0.100000 70.000000 0.000000 -32850.254373 34.212324 6.447046
6 300.000000 1.000000 0.100000 0.500000 0.100000 70.000000 0.000000 -32907.143935 37.007420 8.232242
6 300.000000 1.000000 0.100000 0.500000 0.100000 70.000000 0.000000 -32835.349232 45.524151 6.400499
6 300.000000 1.000000 0.100000 0.500000 0.100000 70.000000 0.000000 -32779.662337 37.426326 6.711580
6 300.000000 1.000000 0.100000 0.500000 0.100000 70.000000 0.000000 -32873.754649 19.191475 6.393240
7 300.000000 1.000000 0.200000 0.500000 0.100000 60.000000 0.000000 -32828.432419 18.036481 6.431439
7 300.000000 1.000000 0.200000 0.500000 0.100000 60.000000 0.000000 -32799.332104 15.649720 6.643297
6 300.000000 1.000000 0.100000 0.500000 0.100000 70.000000 0.000000 -32727.464059 17.345553 6.398437
7 300.000000 1.000000 0.200000 0.500000 0.100000 60.000000 0.000000 -32937.504196 18.549824 6.691639
6 300.000000 1.000000 0.100000 0.500000 0.100000 70.000000 0.000000 -32615.790080 63.242954 6.618840
3 300.000000 1.000000 0.000000 0.300000 0.100000 100.000000 0.000000 -32597.596572 66.038915 7.254836
4 300.000000 1.000000 0.000000 0.400000 0.100000 90.000000 0.000000 -32894.211126 53.736539 8.209866
5 300.000000 1.000000 0.000000 0.500000 0.100000 80.000000 0.000000 -32751.458247 47.608411 6.968988
5 300.000000 1.000000 0.000000 0.500000 0.100000 80.000000 0.000000 -32926.561339 67.943966 5.302694
3 300.000000 1.000000 0.000000 0.300000 0.100000 100.000000 0.000000 -32918.061580 99.910560 7.574422
3 300.000000 1.000000 0.000000 0.300000 0.100000 100.000000 0.000000 -32811.895443 88.734290 4.678907
3 300.000000 1.000000 0.000000 0.300000 0.100000 100.000000 0.000000 -32920.185606 81.795919 7.234014
3 300.000000 1.000000 0.000000 0.300000 0.100000 100.000000 0.000000 -32935.342476 72.453018 4.236490
4 300.000000 1.000000 0.000000 0.400000 0.100000 90.000000 0.000000 -32634.954733 49.791157 7.844595
4 300.000000 1.000000 0.000000 0.400000 0.100000 90.000000 0.000000 -32907.507567 62.124766 8.208244
4 300.000000 1.000000 0.000000 0.400000 0.100000 90.000000 0.000000 -32736.082176 61.303179 6.412313
5 300.000000 1.000000 0.000000 0.500000 0.100000 80.000000 0.000000 -32695.202422 53.949796 6.408569
4 300.000000 1.000000 0.000000 0.400000 0.100000 90.000000 0.000000 -32817.616400 55.241223 6.462588
4 300.000000 1.000000 0.000000 0.400000 0.100000 90.000000 0.000000 -32878.034719 66.462763 6.454374
5 300.000000 1.000000 0.000000 0.500000 0.100000 80.000000 0.000000 -32748.527053 52.731875 6.924390
3 300.000000 1.000000 0.000000 0.300000 0.100000 100.000000 0.000000 -32927.556950 97.586896 6.411353
3 300.000000 1.000000 0.000000 0.300000 0.100000 100.000000 0.000000 -32837.308771 58.959009 6.390478
5 300.000000 1.000000 0.000000 0.500000 0.100000 80.000000 0.000000 -32863.246244 60.551592 7.207492
4 300.000000 1.000000 0.000000 0.400000 0.100000 90.000000 0.000000 -32668.519143 62.219290 6.866051
3 300.000000 1.000000 0.000000 0.300000 0.100000 100.000000 0.000000 -32939.508376 60.017875 6.458291
4 300.000000 1.000000 0.000000 0.400000 0.100000 90.000000 0.000000 -32818.492278 51.849520 6.786596
5 300.000000 1.000000 0.000000 0.500000 0.100000 80.000000 0.000000 -32786.041018 44.023216 7.329029
4 300.000000 1.000000 0.000000 0.400000 0.100000 90.000000 0.000000 -32779.056634 66.372814 8.282301
4 300.000000 1.000000 0.000000 0.400000 0.100000 90.000000 0.000000 -32843.017848 50.103427 6.593250
4 300.000000 1.000000 0.000000 0.400000 0.100000 90.000000 0.000000 -32844.457096 83.129670 6.444740
3 300.000000 1.000000 0.000000 0.300000 0.100000 100.000000 0.000000 -32759.109565 62.991198 6.396474
5 300.000000 1.000000 0.000000 0.500000 0.100000 80.000000 0.000000 -32948.155807 24.226231 7.101183
6 300.000000 1.000000 0.100000 0.500000 0.100000 70.000000 0.000000 -32826.788637 28.907971 7.144162
6 300.000000 1.000000 0.100000 0.500000 0.100000 70.000000 0.000000 -32751.630975 29.760322 8.251341
6 300.000000 1.000000 0.100000 0.500000 0.100000 70.000000 0.000000 -32838.415586 31.722557 7.109125
4 300.000000 1.000000 0.000000 0.400000 0.100000 90.000000 0.000000 -32979.858064 67.078630 6.415207
3 300.000000 1.000000 0.000000 0.300000 0.100000 100.000000 0.000000 -32873.391689 87.318695 6.710956
2 300.000000 1.000000 0.000000 0.200000 0.100000 110.000000 0.000000 -32896.239334 89.267310 6.399350
3 300.000000 1.000000 0.000000 0.300000 0.100000 100.000000 0.000000 -32859.380339 71.921221 6.646810
4 300.000000 1.000000 0.000000 0.400000 0.100000 90.000000 0.000000 -32825.512709 68.031322 7.346940
4 300.000000 1.000000 0.000000 0.400000 0.100000 90.000000 0.000000 -32858.732624 42.430364 8.197965
5 300.000000 1.000000 0.000000 0.500000 0.100000 80.000000 0.000000 -32885.588232 49.004609 6.712379
5 300.000000 1.000000 0.000000 0.500000 0.100000 80.000000 0.000000 -32789.956918 33.440150 8.271752
3 300.000000 1.000000 0.000000 0.300000 0.100000 100.000000 0.000000 -32911.285509 78.061072 6.514188
4 300.000000 1.000000 0.000000 0.400000 0.100000 90.000000 0.000000 -32939.246748 60.631357 7.374922
4 300.000000 1.000000 0.000000 0.400000 0.100000 90.000000 0.000000 -32886.102357 42.019719 6.389736
3 300.000000 1.000000 0.000000 0.300000 0.100000 100.000000 0.000000 -32801.507338 83.267297 6.608070
3 300.000000 1.000000 0.000000 0.300000 0.100000 100.000000 0.000000 -32846.327036 76.411880 7.637257
4 300.000000 1.000000 0.000000 0.400000 0.100000 90.000000 0.000000 -32723.836938 78.112806 6.838256
3 300.000000 1.000000 0.000000 0.300000 0.100000 100.000000 0.000000 -32782.014022 41.205532 6.390264
6 300.000000 1.000000 0.100000 0.500000 0.100000 70.000000 0.000000 -32835.043933 22.710413 6.490337
6 300.000000 1.000000 0.100000 0.500000 0.100000 70.000000 0.000000 -32900.552722 25.172660 7.070242
6 300.000000 1.000000 0.100000 0.500000 0.100000 70.000000 0.000000 -32947.155289 19.908220 6.450088
6 300.000000 1.000000 0.100000 0.500000 0.100000 70.000000 0.000000 -32901.564834 27.941437 6.655763
6 300.000000 1.000000 0.100000 0.500000 0.100000 70.000000 0.000000 -32782.816329 17.426169 6.438885
7 300.000000 1.000000 0.200000 0.500000 0.100000 60.000000 0.000000 -32833.118173 7.515350 7.312340
8 300.000000 1.000000 0.300000 0.500000 0.100000 50.000000 0.000000 -32971.769941 14.985280 6.753829
7 300.000000 1.000000 0.200000 0.500000 0.100000 60.000000 0.000000 -32841.580830 23.954365 6.830975
7 300.000000 1.000000 0.200000 0.500000 0.100000 60.000000 0.000000 -32715.829924 22.680417 8.065979
7 300.000000 1.000000 0.200000 0.500000 0.100000 60.000000 0.000000 -32793.081213 6.722016 8.108182
8 300.000000 1.000000 0.300000 0.500000 0.100000 50.000000 0.000000 -32884.152208 -0.911329 6.560717
9 300.000000 1.000000 0.400000 0.500000 0.100000 40.000000 0.000000 -32950.760525 7.788160 6.414663
9 300.000000 1.000000 0.400000 0.500000 0.100000 40.000000 0.000000 -32740.640343 -7.677193 6.433051
11 300.000000 -1.000000 0.500000 0.500000 0.100000 30.000000 0.000000 -32940.741768 -1.488217 6.599012
12 300.000000 -1.000000 0.400000 0.500000 0.100000 40.000000 0.000000 -32828.914223 1.806584 6.586572
12 300.000000 -1.000000 0.400000 0.500000 0.100000 40.000000 0.000000 -32776.132389 -0.791774 6.573777
13 300.000000 -1.000000 0.300000 0.500000 0.100000 50.000000 0.000000 -32906.736571 4.582252 6.768622
13 300.000000 -1.000000 0.300000 0.500000 0.100000 50.000000 0.000000 -32860.962205 8.551229 8.154889
13 300.000000 -1.000000 0.300000 0.500000 0.100000 50.000000 0.000000 -32851.905964 19.925925 6.428950
15 300.000000 -1.000000 0.100000 0.500000 0.100000 70.000000 0.000000 -32764.475494 16.412504 6.592809
14 300.000000 -1.000000 0.200000 0.500000 0.100000 60.000000 0.000000 -32983.907959 14.813925 6.394728
15 300.000000 -1.000000 0.100000 0.500000 0.100000 70.000000 0.000000 -32712.174310 11.007901 7.984873
14 300.000000 -1.000000 0.200000 0.500000 0.100000 60.000000 0.000000 -32875.571586 30.986776 7.215941
16 300.000000 -1.000000 0.000000 0.500000 0.100000 80.000000 0.000000 -32902.283394 39.723024 8.158558
17 300.000000 -1.000000 0.000000 0.400000 0.100000 90.000000 0.000000 -32611.908270 57.817733 8.261593
16 300.000000 -1.000000 0.000000 0.500000 0.100000 80.000000 0.000000 -32816.938589 63.705080 6.419958
18 300.000000 -1.000000 0.000000 0.300000 0.100000 100.000000 0.000000 -32856.544698 36.807735 6.413662
15 300.000000 -1.000000 0.100000 0.500000 0.100000 70.000000 0.000000 -32905.107226 12.165790 6.599922
15 300.000000 -1.000000 0.100000 0.500000 0.100000 70.000000 0.000000 -33014.158805 31.282257 6.905300
15 300.000000 -1.000000 0.100000 0.500000 0.100000 70.000000 0.000000 -32843.544791 28.925226 7.221890
16 300.000000 -1.000000 0.000000 0.500000 0.100000 80.000000 0.000000 -32804.620257 50.973179 6.389713
18 300.000000 -1.000000 0.000000 0.300000 0.100000 100.000000 0.000000 -33031.837836 59.717264 6.530420
16 300.000000 -1.000000 0.000000 0.500000 0.100000 80.000000 0.000000 -32858.101012 57.445174 6.414374
16 300.000000 -1.000000 0.000000 0.500000 0.100000 80.000000 0.000000 -32795.494785 35.824407 6.581611
16 300.000000 -1.000000 0.000000 0.500000 0.100000 80.000000 0.000000 -32817.297382 38.428747 6.394759
18 300.000000 -1.000000 0.000000 0.300000 0.100000 100.000000 0.000000 -32833.168421 77.223151 6.522537
18 300.000000 -1.000000 0.000000 0.300000 0.100000 100.000000 0.000000 -32969.850553 79.918893 6.390901
18 300.000000 -1.000000 0.000000 0.300000 0.100000 100.000000 0.000000 -32732.410434 58.738443 6.940418
17 300.000000 -1.000000 0.000000 0.400000 0.100000 90.000000 0.000000 -32805.302728 47.759309 6.396428
17 300.000000 -1.000000 0.000000 0.400000 0.100000 90.000000 0.000000 -32812.451323 67.173328 6.483737
19 300.000000 -1.000000 0.000000 0.200000 0.100000 110.000000 0.000000 -32728.538830 89.248272 6.542191
18 300.000000 -1.000000 0.000000 0.300000 0.100000 100.000000 0.000000 -32815.365793 66.985667 7.307833
17 300.000000 -1.000000 0.000000 0.400000 0.100000 90.000000 0.000000 -32899.811817 31.745701 6.391656
16 300.000000 -1.000000 0.000000 0.500000 0.100000 80.000000 0.000000 -32777.760691 38.990938 6.453869
17 300.000000 -1.000000 0.000000 0.400000 0.100000 90.000000 0.000000 -32841.044251 75.235425 6.417661
18 300.000000 -1.000000 0.000000 0.300000 0.100000 100.000000 0.000000 -32912.137014 63.362065 7.695134
17 300.000000 -1.000000 0.000000 0.400000 0.100000 90.000000 0.000000 -32870.929979 70.376191 6.389810
19 300.000000 -1.000000 0.000000 0.200000 0.100000 110.000000 0.000000 -32940.685499 64.426765 6.609664
18 300.000000 -1.000000 0.000000 0.300000 0.100000 100.000000 0.000000 -32949.092002 65.000698 1.265081
18 300.000000 -1.000000 0.000000 0.300000 0.100000 100.000000 0.000000 -32894.840469 53.838884 6.404785
16 300.000000 -1.000000 0.000000 0.500000 0.100000 80.000000 0.000000 -32895.460947 32.084245 6.505291
18 300.000000 -1.000000 0.000000 0.300000 0.100000 100.000000 0.000000 -32936.503970 58.491001 6.412402
16 300.000000 -1.000000 0.000000 0.500000 0.100000 80.000000 0.000000 -32942.627932 54.783089 7.030801
17 300.000000 -1.000000 0.000000 0.400000 0.100000 90.000000 0.000000 -32769.274776 62.845459 6.426042
17 300.000000 -1.000000 0.000000 0.400000 0.100000 90.000000 0.000000 -32777.329434 53.439932 6.389759
19 300.000000 -1.000000 0.000000 0.200000 0.100000 110.000000 0.000000 -32790.920329 112.606915 6.797901
19 300.000000 -1.000000 0.000000 0.200000 0.100000 110.000000 0.000000 -32942.623919 123.549591 4.658053
18 300.000000 -1.000000 0.000000 0.300000 0.100000 100.000000 0.000000 -32815.981008 80.346019 6.488456
18 300.000000 -1.000000 0.000000 0.300000 0.100000 100.000000 0.000000 -32827.586908 26.268591 6.758253
17 300.000000 -1.000000 0.000000 0.400000 0.100000 90.000000 0.000000 -32966.272971 66.898628 7.008454
18 300.000000 -1.000000 0.000000 0.300000 0.100000 100.000000 0.000000 -32731.655679 57.784193 5.050655
18 300.000000 -1.000000 0.000000 0.300000 0.100000 100.000000 0.000000 -32931.453620 64.263605 6.576678
18 300.000000 -1.000000 0.000000 0.300000 0.100000 100.000000 0.000000 -32884.263402 72.827167 7.937488
17 300.000000 -1.000000 0.000000 0.400000 0.100000 90.000000 0.000000 -32867.596922 54.731464 2.392768
16 300.000000 -1.000000 0.000000 0.500000 0.100000 80.000000 0.000000 -32821.210627 60.408042 0.804320
17 300.000000 -1.000000 0.000000 0.400000 0.100000 90.000000 0.000000 -32842.527031 67.624331 4.295584
19 300.000000 -1.000000 0.000000 0.200000 0.100000 110.000000 0.000000 -32885.576717 119.063181 1.392967
19 300.000000 -1.000000 0.000000 0.200000 0.100000 110.000000 0.000000 -32838.409061 132.903545 7.402671
19 300.000000 -1.000000 0.000000 0.200000 0.100000 110.000000 0.000000 -32739.004562 88.550745 7.567543
19 300.000000 -1.000000 0.000000 0.200000 0.100000 110.000000 0.000000 -32842.405507 80.155842 7.539075
19 300.000000 -1.000000 0.000000 0.200000 0.100000 110.000000 0.000000 -32717.866977 121.826043 2.748339
19 300.000000 -1.000000 0.000000 0.200000 0.100000 110.000000 0.000000 -32778.426552 87.168930 6.561329
19 300.000000 -1.000000 0.000000 0.200000 0.100000 110.000000 0.000000 -32753.553410 61.638908 6.398668
18 300.000000 -1.000000 0.000000 0.300000 0.100000 100.000000 0.000000 -32902.761916 53.841819 6.729655
18 300.000000 -1.000000 0.000000 0.300000 0.100000 100.000000 0.000000 -32806.742961 65.038269 1.060288
17 300.000000 -1.000000 0.000000 0.400000 0.100000 90.000000 0.000000 -32761.311655 59.026445 8.027657
17 300.000000 -1.000000 0.000000 0.400000 0.100000 90.000000 0.000000 -32996.331840 44.311901 6.596227
16 300.000000 -1.000000 0.000000 0.500000 0.100000 80.000000 0.000000 -32952.985311 52.034733 7.463835
18 300.000000 -1.000000 0.000000 0.300000 0.100000 100.000000 0.000000 -32900.250439 47.448011 7.202751
18 300.000000 -1.000000 0.000000 0.300000 0.100000 100.000000 0.000000 -32698.369958 65.127619 8.033375
17 300.000000 -1.000000 0.000000 0.400000 0.100000 90.000000 0.000000 -32784.971946 51.764069 7.066291
17 300.000000 -1.000000 0.000000 0.400000 0.100000 90.000000 0.000000 -32679.845815 33.525562 7.002073
16 300.000000 -1.000000 0.000000 0.500000 0.100000 80.000000 0.000000 -32855.135548 42.302934 6.424073
16 300.000000 -1.000000 0.000000 0.500000 0.100000 80.000000 0.000000 -32813.489005 52.287656 6.446154
16 300.000000 -1.000000 0.000000 0.500000 0.100000 80.000000 0.000000 -32798.433385 63.965960 7.037753
17 300.000000 -1.000000 0.000000 0.400000 0.100000 90.000000 0.000000 -32845.095781 61.034418 7.762391
17 300.000000 -1.000000 0.000000 0.400000 0.100000 90.000000 0.000000 -32842.830927 51.991843 6.414023
16 300.000000 -1.000000 0.000000 0.500000 0.100000 80.000000 0.000000 -32731.398515 30.996772 7.256782
18 300.000000 -1.000000 0.000000 0.300000 0.100000 100.000000 0.000000 -32933.006168 67.563755 6.628797
18 300.000000 -1.000000 0.000000 0.300000 0.100000 100.000000 0.000000 -32857.455652 67.205068 6.687709
17 300.000000 -1.000000 0.000000 0.400000 0.100000 90.000000 0.000000 -32897.376502 61.603200 6.465688
16 300.000000 -1.000000 0.000000 0.500000 0.100000 80.000000 0.000000 -32849.190117 63.321328 6.558005
17 300.000000 -1.000000 0.000000 0.400000 0.100000 90.000000 0.000000 -32750.935578 62.385566 7.034996
19 300.000000 -1.000000 0.000000 0.200000 0.100000 110.000000 0.000000 -32878.958472 114.217411 6.558944
19 300.000000 -1.000000 0.000000 0.200000 0.100000 110.000000 0.000000 -32906.942802 41.505424 8.065545
16 300.000000 -1.000000 0.000000 0.500000 0.100000 80.000000 0.000000 -32823.399621 53.386872 6.404256
16 300.000000 -1.000000 0.000000 0.500000 0.100000 80.000000 0.000000 -32865.124571 76.318991 6.743852
18 300.000000 -1.000000 0.000000 0.300000 0.100000 100.000000 0.000000 -32810.763985 89.201959 7.705353
18 300.000000 -1.000000 0.000000 0.300000 0.100000 100.000000 0.000000 -32986.575437 90.157642 7.432710
18 300.000000 -1.000000 0.000000 0.300000 0.100000 100.000000 0.000000 -32800.976857 39.848088 7.784726
17 300.000000 -1.000000 0.000000 0.400000 0.100000 90.000000 0.000000 -32769.744393 54.008294 6.390335
16 300.000000 -1.000000 0.000000 0.500000 0.100000 80.000000 0.000000 -32848.789688 55.285113 6.537562
17 300.000000 -1.000000 0.000000 0.400000 0.100000 90.000000 0.000000 -32881.957133 56.401271 7.230556
16 300.000000 -1.000000 0.000000 0.500000 0.100000 80.000000 0.000000 -32879.271105 31.421323 6.719003
17 300.000000 -1.000000 0.000000 0.400000 0.100000 90.000000 0.000000 -32986.836928 54.683609 7.047004
16 300.000000 -1.000000 0.000000 0.500000 0.100000 80.000000 0.000000 -32846.735634 40.904558 6.592358
16 300.000000 -1.000000 0.000000 0.500000 0.100000 80.000000 0.000000 -32889.579450 36.847264 6.525726
15 300.000000 -1.000000 0.100000 0.500000 0.100000 70.000000 0.000000 -32820.844057 19.553059 6.500938
15 300.000000 -1.000000 0.100000 0.500000 0.100000 70.000000 0.000000 -32724.549784 29.203188 6.951462
15 300.000000 -1.000000 0.100000 0.500000 0.100000 70.000000 0.000000 -32911.427431 25.484244 6.676593
15 300.000000 -1.000000 0.100000 0.500000 0.100000 70.000000 0.000000 -33006.891801 25.202101 7.785254
17 300.000000 -1.000000 0.000000 0.400000 0.100000 90.000000 0.000000 -32840.579792 26.776227 6.389757
19 300.000000 -1.000000 0.000000 0.200000 0.100000 110.000000 0.000000 -32739.874153 56.576038 6.426812
18 300.000000 -1.000000 0.000000 0.300000 0.100000 100.000000 0.000000 -32774.719295 71.638564 7.235154
18 300.000000 -1.000000 0.000000 0.300000 0.100000 100.000000 0.000000 -32769.834599 59.518160 6.444961
16 300.000000 -1.000000 0.000000 0.500000 0.100000 80.000000 0.000000 -32887.374812 30.642295 6.443513
16 300.000000 -1.000000 0.000000 0.500000 0.100000 80.000000 0.000000 -32838.559820 29.491267 6.571871
16 300.000000 -1.000000 0.000000 0.500000 0.100000 80.000000 0.000000 -32840.040714 33.028722 7.388894
17 300.000000 -1.000000 0.000000 0.400000 0.100000 90.000000 0.000000 -32802.792468 62.754043 6.879844
18 300.000000 -1.000000 0.000000 0.300000 0.100000 100.000000 0.000000 -32746.877219 66.418299 6.835690
18 300.000000 -1.000000 0.000000 0.300000 0.100000 100.000000 0.000000 -32578.278018 77.116544 6.498582
18 300.000000 -1.000000 0.000000 0.300000 0.100000 100.000000 0.000000 -32747.240300 76.227004 6.988308
17 300.000000 -1.000000 0.000000 0.400000 0.100000 90.000000 0.000000 -32843.832735 33.195939 7.403173
16 300.000000 -1.000000 0.000000 0.500000 0.100000 80.000000 0.000000 -32849.946138 55.335110 7.433554
17 300.000000 -1.000000 0.000000 0.400000 0.100000 90.000000 0.000000 -32696.627099 61.870068 7.502740
18 300.000000 -1.000000 0.000000 0.300000 0.100000 100.000000 0.000000 -32926.822563 49.778138 6.822217
17 300.000000 -1.000000 0.000000 0.400000 0.100000 90.000000 0.000000 -32767.402331 47.710282 6.786822
17 300.000000 -1.000000 0.000000 0.400000 0.100000 90.000000 0.000000 -32764.142822 73.046800 6.717031
17 300.000000 -1.000000 0.000000 0.400000 0.100000 90.000000 0.000000 -32862.774255 50.522658 6.756862
17 300.000000 -1.000000 0.000000 0.400000 0.100000 90.000000 0.000000 -32864.100270 60.298532 6.529327
17 300.000000 -1.000000 0.000000 0.400000 0.100000 90.000000 0.000000 -32846.354582 63.620793 6.627689
16 300.000000 -1.000000 0.000000 0.500000 0.100000 80.000000 0.000000 -32836.972457 53.991223 7.422400
16 300.000000 -1.000000 0.000000 0.500000 0.100000 80.000000 0.000000 -32761.184044 51.893462 6.905425
18 300.000000 -1.000000 0.000000 0.300000 0.100000 100.000000 0.000000 -32612.833428 67.700919 6.934834
18 300.000000 -1.000000 0.000000 0.300000 0.100000 100.000000 0.000000 -32915.703345 58.828725 8.219408
18 300.000000 -1.000000 0.000000 0.300000 0.100000 100.000000 0.000000 -32810.225285 65.440463 8.279181
16 300.000000 -1.000000 0.000000 0.500000 0.100000 80.000000 0.000000 -32818.387731 32.416215 6.644473
18 300.000000 -1.000000 0.000000 0.300000 0.100000 100.000000 0.000000 -32900.219746 27.955754 6.436970
15 300.000000 -1.000000 0.100000 0.500000 0.100000 70.000000 0.000000 -32783.121459 30.450823 7.387335
17 300.000000 -1.000000 0.000000 0.400000 0.100000 90.000000 0.000000 -32895.630385 62.032297 6.957944
18 300.000000 -1.000000 0.000000 0.300000 0.100000 100.000000 0.000000 -32778.790867 57.669741 6.895331
17 300.000000 -1.000000 0.000000 0.400000 0.100000 90.000000 0.000000 -32688.436994 50.793448 7.445976
17 300.000000 -1.000000 0.000000 0.400000 0.100000 90.000000 0.000000 -32857.974287 67.001645 7.867165
17 300.000000 -1.000000 0.000000 0.400000 0.100000 90.000000 0.000000 -32784.636345 82.527591 6.518769
17 300.000000 -1.000000 0.000000 0.400000 0.100000 90.000000 0.000000 -32846.164503 37.255474 6.731759
17 300.000000 -1.000000 0.000000 0.400000 0.100000 90.000000 0.000000 -32859.200403 67.813819 6.468046
19 300.000000 -1.000000 0.000000 0.200000 0.100000 110.000000 0.000000 -32702.068989 108.060955 7.466199
19 300.000000 -1.000000 0.000000 0.200000 0.100000 110.000000 0.000000 -32897.887890 88.522570 6.650761
18 300.000000 -1.000000 0.000000 0.300000 0.100000 100.000000 0.000000 -32711.986198 53.891960 6.539169
17 300.000000 -1.000000 0.000000 0.400000 0.100000 90.000000 0.000000 -32960.508659 25.592518 6.421571
16 300.000000 -1.000000 0.000000 0.500000 0.100000 80.000000 0.000000 -32847.165835 57.907089 6.394855
16 300.000000 -1.000000 0.000000 0.500000 0.100000 80.000000 0.000000 -32777.872646 51.852570 7.307767
18 300.000000 -1.000000 0.000000 0.300000 0.100000 100.000000 0.000000 -32941.351403 84.824889 7.269639
17 300.000000 -1.000000 0.000000 0.400000 0.100000 90.000000 0.000000 -32799.209362 55.216748 6.938197
16 300.000000 -1.000000 0.000000 0.500000 0.100000 80.000000 0.000000 -32861.781444 52.026268 7.202440
17 300.000000 -1.000000 0.000000 0.400000 0.100000 90.000000 0.000000 -33031.376429 79.470034 6.870750
18 300.000000 -1.000000 0.000000 0.300000 0.100000 100.000000 0.000000 -32816.895445 80.968366 6.431099
18 300.000000 -1.000000 0.000000 0.300000 0.100000 100.000000 0.000000 -32702.319948 72.858393 6.392996
18 300.000000 -1.000000 0.000000 0.300000 0.100000 100.000000 0.000000 -32735.800637 68.452244 6.478816
17 300.000000 -1.000000 0.000000 0.400000 0.100000 90.000000 0.000000 -32756.736252 80.635457 6.540709
18 300.000000 -1.000000 0.000000 0.300000 0.100000 100.000000 0.000000 -32874.731909 113.363827 6.777295
19 300.000000 -1.000000 0.000000 0.200000 0.100000 110.000000 0.000000 -32814.484728 76.852762 6.482021
19 300.000000 -1.000000 0.000000 0.200000 0.100000 110.000000 0.000000 -33041.115769 130.096132 6.390009
20 300.000000 -1.000000 0.000000 0.100000 0.100000 120.000000 0.000000 -32772.795490 148.137039 7.194643
21 300.000000 -1.000000 0.000000 0.000000 0.100000 130.000000 0.000000 -32726.097085 186.502319 1.899769
21 300.000000 -1.000000 0.000000 0.000000 0.100000 130.000000 0.000000 -32798.641770 184.112931 8.024526
21 300.000000 -1.000000 0.000000 0.000000 0.100000 130.000000 0.000000 -32990.386003 197.066603 7.333518
21 300.000000 -1.000000 0.000000 0.000000 0.100000 130.000000 0.000000 -32850.573827 166.590633 6.861081
21 300.000000 -1.000000 0.000000 0.000000 0.100000 130.000000 0.000000 -32741.443462 174.413717 7.857914
21 300.000000 -1.000000 0.000000 0.000000 0.100000 130.000000 0.000000 -32872.286983 187.508947 7.926891
21 300.000000 -1.000000 0.000000 0.000000 0.100000 130.000000 0.000000 -32954.975958 176.653224 8.274786
21 300.000000 -1.000000 0.000000 0.000000 0.100000 130.000000 0.000000 -32867.781038 169.762045 8.139596
21 300.000000 -1.000000 0.000000 0.000000 0.100000 130.000000 0.000000 -32851.979123 164.559554 6.390860
20 300.000000 -1.000000 0.000000 0.100000 0.100000 120.000000 0.000000 -32898.344972 149.585982 6.565145
21 300.000000 -1.000000 0.000000 0.000000 0.100000 130.000000 0.000000 -32938.122202 161.120929 7.917084
21 300.000000 -1.000000 0.000000 0.000000 0.100000 130.000000 0.000000 -32858.117197 146.038953 7.689271
20 300.000000 -1.000000 0.000000 0.100000 0.100000 120.000000 0.000000 -32810.881839 146.935405 7.903519
20 300.000000 -1.000000 0.000000 0.100000 0.100000 120.000000 0.000000 -32804.188260 138.553065 7.197637
20 300.000000 -1.000000 0.000000 0.100000 0.100000 120.000000 0.000000 -32773.764383 129.705475 8.165498
20 300.000000 -1.000000 0.000000 0.100000 0.100000 120.000000 0.000000 -32664.942774 143.294497 6.439687
20 300.000000 -1.000000 0.000000 0.100000 0.100000 120.000000 0.000000 -32770.156250 137.375853 6.254091
20 300.000000 -1.000000 0.000000 0.100000 0.100000 120.000000 0.000000 -32941.488964 142.553458 8.170648
20 300.000000 -1.000000 0.000000 0.100000 0.100000 120.000000 0.000000 -32700.778525 113.057376 7.548559
19 300.000000 -1.000000 0.000000 0.200000 0.100000 110.000000 0.000000 -32935.677300 72.985232 6.603076
19 300.000000 -1.000000 0.000000 0.200000 0.100000 110.000000 0.000000 -32947.316137 53.716582 8.213938
17 300.000000 -1.000000 0.000000 0.400000 0.100000 90.000000 0.000000 -32910.126610 61.106059 6.638095
18 300.000000 -1.000000 0.000000 0.300000 0.100000 100.000000 0.000000 -32907.872320 63.883122 6.395134
17 300.000000 -1.000000 0.000000 0.400000 0.100000 90.000000 0.000000 -32970.985731 46.120780 6.409680
16 300.000000 -1.000000 0.000000 0.500000 0.100000 80.000000 0.000000 -32770.287011 19.046565 7.406458
14 300.000000 -1.000000 0.200000 0.500000 0.100000 60.000000 0.000000 -32869.374970 7.463487 6.703072
13 300.000000 -1.000000 0.300000 0.500000 0.100000 50.000000 0.000000 -32809.012986 11.087240 6.527367
13 300.000000 -1.000000 0.300000 0.500000 0.100000 50.000000 0.000000 -32795.059848 4.267743 7.808196
10 300.000000 1.000000 0.500000 0.500000 0.100000 30.000000 0.000000 -32909.822692 1.183562 6.547240
9 300.000000 1.000000 0.400000 0.500000 0.100000 40.000000 0.000000 -32880.429578 14.409497 6.401171
6 300.000000 1.000000 0.100000 0.500000 0.100000 70.000000 0.000000 -32766.757362 16.099410 6.923447
5 300.000000 1.000000 0.000000 0.500000 0.100000 80.000000 0.000000 -32761.311456 46.623287 6.753891
5 300.000000 1.000000 0.000000 0.500000 0.100000 80.000000 0.000000 -32758.867401 36.072134 6.947518
5 300.000000 1.000000 0.000000 0.500000 0.100000 80.000000 0.000000 -32934.697574 61.257015 6.520782
3 300.000000 1.000000 0.000000 0.300000 0.100000 100.000000 0.000000 -32694.870452 66.161284 5.437955
4 300.000000 1.000000 0.000000 0.400000 0.100000 90.000000 0.000000 -32859.674444 50.311803 7.120592
5 300.000000 1.000000 0.000000 0.500000 0.100000 80.000000 0.000000 -32785.403711 51.280813 7.135620
5 300.000000 1.000000 0.000000 0.500000 0.100000 80.000000 0.000000 -32686.296826 62.302495 6.431266
5 300.000000 1.000000 0.000000 0.500000 0.100000 80.000000 0.000000 -32807.757323 45.632898 7.058337
5 300.000000 1.000000 0.000000 0.500000 0.100000 80.000000 0.000000 -33028.657117 58.931653 6.405598
5 300.000000 1.000000 0.000000 0.500000 0.100000 80.000000 0.000000 -32846.264272 61.880294 7.219162
5 300.000000 1.000000 0.000000 0.500000 0.100000 80.000000 0.000000 -32851.779440 34.892514 6.389791
5 300.000000 1.000000 0.000000 0.500000 0.100000 80.000000 0.000000 -32926.884705 47.753943 6.404490
4 300.000000 1.000000 0.000000 0.400000 0.100000 90.000000 0.000000 -32894.481566 22.755152 7.443250
5 300.000000 1.000000 0.000000 0.500000 0.100000 80.000000 0.000000 -32909.835601 65.171658 8.001818
5 300.000000 1.000000 0.000000 0.500000 0.100000 80.000000 0.000000 -32838.576948 63.793696 8.264806
2 300.000000 1.000000 0.000000 0.200000 0.100000 110.000000 0.000000 -32913.604537 89.644658 2.104726
3 300.000000 1.000000 0.000000 0.300000 0.100000 100.000000 0.000000 -32966.290018 74.205905 1.639538
3 300.000000 1.000000 0.000000 0.300000 0.100000 100.000000 0.000000 -33043.135657 59.717049 6.835181
4 300.000000 1.000000 0.000000 0.400000 0.100000 90.000000 0.000000 -32764.136097 61.962490 6.392073
4 300.000000 1.000000 0.000000 0.400000 0.100000 90.000000 0.000000 -32876.536727 35.214721 6.390425
6 300.000000 1.000000 0.100000 0.500000 0.100000 70.000000 0.000000 -32768.571387 17.972498 6.669137
6 300.000000 1.000000 0.100000 0.500000 0.100000 70.000000 0.000000 -32972.510488 36.374301 6.395093
6 300.000000 1.000000 0.100000 0.500000 0.100000 70.000000 0.000000 -32862.496787 10.244984 7.705608
7 300.000000 1.000000 0.200000 0.500000 0.100000 60.000000 0.000000 -32879.774945 7.790794 6.389741
9 300.000000 1.000000 0.400000 0.500000 0.100000 40.000000 0.000000 -32826.332155 1.720901 7.629997
9 300.000000 1.000000 0.400000 0.500000 0.100000 40.000000 0.000000 -32858.668982 4.065505 7.510263
8 300.000000 1.000000 0.300000 0.500000 0.100000 50.000000 0.000000 -32919.993808 14.130037 6.455130
8 300.000000 1.000000 0.300000 0.500000 0.100000 50.000000 0.000000 -32776.244114 8.847708 8.239590
9 300.000000 1.000000 0.400000 0.500000 0.100000 40.000000 0.000000 -32798.751022 5.681920 6.495020
12 300.000000 -1.000000 0.400000 0.500000 0.100000 40.000000 0.000000 -32917.737124 4.088730 6.815337
11 300.000000 -1.000000 0.500000 0.500000 0.100000 30.000000 0.000000 -32924.744411 5.929316 7.717966
12 300.000000 -1.000000 0.400000 0.500000 0.100000 40.000000 0.000000 -32740.346597 6.151876 7.205439
9 300.000000 1.000000 0.400000 0.500000 0.100000 40.000000 0.000000 -32874.949938 8.488324 6.419926
8 300.000000 1.000000 0.300000 0.500000 0.100000 50.000000 0.000000 -32899.926033 8.239512 7.232529
8 300.000000 1.000000 0.300000 0.500000 0.100000 50.000000 0.000000 -32758.420302 4.085946 6.011028
9 300.000000 1.000000 0.400000 0.500000 0.100000 40.000000 0.000000 -32810.790450 -0.589241 6.963619
9 300.000000 1.000000 0.400000 0.500000 0.100000 40.000000 0.000000 -32888.214646 5.169058 8.190781
8 300.000000 1.000000 0.300000 0.500000 0.100000 50.000000 0.000000 -32717.726040 15.902121 7.527202
7 300.000000 1.000000 0.200000 0.500000 0.100000 60.000000 0.000000 -32895.547400 14.256804 7.357947
7 300.000000 1.000000 0.200000 0.500000 0.100000 60.000000 0.000000 -32808.061354 9.942962 6.750794
8 300.000000 1.000000 0.300000 0.500000 0.100000 50.000000 0.000000 -32771.205602 4.824939 6.419385
12 300.000000 -1.000000 0.400000 0.500000 0.100000 40.000000 0.000000 -32925.010780 1.813534 7.189702
11 300.000000 -1.000000 0.500000 0.500000 0.100000 30.000000 0.000000 -32848.084244 -6.413099 6.768289
12 300.000000 -1.000000 0.400000 0.500000 0.100000 40.000000 0.000000 -32765.219066 -3.053932 8.110055
10 300.000000 1.000000 0.500000 0.500000 0.100000 30.000000 0.000000 -32833.450306 -0.200086 7.080417
11 300.000000 -1.000000 0.500000 0.500000 0.100000 30.000000 0.000000 -32874.083656 0.997524 7.797678
13 300.000000 -1.000000 0.300000 0.500000 0.100000 50.000000 0.000000 -32732.217268 6.921268 6.426286
13 300.000000 -1.000000 0.300000 0.500000 0.100000 50.000000 0.000000 -33064.580024 -1.218403 8.214385
11 300.000000 -1.000000 0.500000 0.500000 0.100000 30.000000 0.000000 -32899.214508 3.778237 7.023195
13 300.000000 -1.000000 0.300000 0.500000 0.100000 50.000000 0.000000 -32769.361559 2.309130 8.283210
8 300.000000 1.000000 0.300000 0.500000 0.100000 50.000000 0.000000 -32908.819534 5.669476 8.186123
9 300.000000 1.000000 0.400000 0.500000 0.100000 40.000000 0.000000 -32894.304350 -2.465956 6.718171
13 300.000000 -1.000000 0.300000 0.500000 0.100000 50.000000 0.000000 -32897.836364 7.049795 6.618254
11 300.000000 -1.000000 0.500000 0.500000 0.100000 30.000000 0.000000 -32730.347336 -3.340769 7.803167
10 300.000000 1.000000 0.500000 0.500000 0.100000 30.000000 0.000000 -32884.086416 -3.431272 6.933363
9 300.000000 1.000000 0.400000 0.500000 0.100000 40.000000 0.000000 -32870.554246 6.181468 6.745315
11 300.000000 -1.000000 0.500000 0.500000 0.100000 30.000000 0.000000 -32925.194154 -0.984340 6.454021
11 300.000000 -1.000000 0.500000 0.500000 0.100000 30.000000 0.000000 -32788.955706 7.344624 6.394404
13 300.000000 -1.000000 0.300000 0.500000 0.100000 50.000000 0.000000 -32754.906184 5.159417 8.269915
14 300.000000 -1.000000 0.200000 0.500000 0.100000 60.000000 0.000000 -32855.257712 15.863722 7.991997
13 300.000000 -1.000000 0.300000 0.500000 0.100000 50.000000 0.000000 -32822.920390 9.641550 6.884667
13 300.000000 -1.000000 0.300000 0.500000 0.100000 50.000000 0.000000 -33027.713856 5.113506 7.524624
12 300.000000 -1.000000 0.400000 0.500000 0.100000 40.000000 0.000000 -32860.983561 2.533081 6.945405
13 300.000000 -1.000000 0.300000 0.500000 0.100000 50.000000 0.000000 -32641.210036 13.453047 6.843705
14 300.000000 -1.000000 0.200000 0.500000 0.100000 60.000000 0.000000 -32828.831371 20.029915 6.414002
14 300.000000 -1.000000 0.200000 0.500000 0.100000 60.000000 0.000000 -32940.474247 11.064448 7.711380
14 300.000000 -1.000000 0.200000 0.500000 0.100000 60.000000 0.000000 -32789.237203 8.365234 6.554768
13 300.000000 -1.000000 0.300000 0.500000 0.100000 50.000000 0.000000 -32703.347703 9.751643 6.500332
13 300.000000 -1.000000 0.300000 0.500000 0.100000 50.000000 0.000000 -32869.188495 0.538658 8.203065
11 300.000000 -1.000000 0.500000 0.500000 0.100000 30.000000 0.000000 -32774.601691 -0.355729 7.261276
11 300.000000 -1.000000 0.500000 0.500000 0.100000 30.000000 0.000000 -32915.241867 0.382271 7.185657
11 300.000000 -1.000000 0.500000 0.500000 0.100000 30.000000 0.000000 -32994.382709 -6.090167 6.415413
11 300.000000 -1.000000 0.500000 0.500000 0.100000 30.000000 0.000000 -32806.806327 -2.485851 6.738620
10 300.000000 1.000000 0.500000 0.500000 0.100000 30.000000 0.000000 -32817.214200 -6.780995 7.183235
11 300.000000 -1.000000 0.500000 0.500000 0.100000 30.000000 0.000000 -32939.522301 -0.493962 6.869552
11 300.000000 -1.000000 0.500000 0.500000 0.100000 30.000000 0.000000 -32832.482779 -5.707786 7.626769
11 300.000000 -1.000000 0.500000 0.500000 0.100000 30.000000 0.000000 -32857.866621 0.179112 6.389822
12 300.000000 -1.000000 0.400000 0.500000 0.100000 40.000000 0.000000 -32879.532837 3.916773 6.915038
8 300.000000 1.000000 0.300000 0.500000 0.100000 50.000000 0.000000 -32835.262400 4.601161 6.691968
12 300.000000 -1.000000 0.400000 0.500000 0.100000 40.000000 0.000000 -32785.020985 5.690686 6.817576
13 300.000000 -1.000000 0.300000 0.500000 0.100000 50.000000 0.000000 -32859.132337 6.904745 6.581072
7 300.000000 1.000000 0.200000 0.500000 0.100000 60.000000 0.000000 -32705.675939 19.544282 6.565878
7 300.000000 1.000000 0.200000 0.500000 0.100000 60.000000 0.000000 -32905.081195 6.686213 8.011626
7 300.000000 1.000000 0.200000 0.500000 0.100000 60.000000 0.000000 -32838.705533 5.463360 8.277604
8 300.000000 1.000000 0.300000 0.500000 0.100000 50.000000 0.000000 -32735.110734 9.417510 7.002209
8 300.000000 1.000000 0.300000 0.500000 0.100000 50.000000 0.000000 -33006.800305 9.937193 6.616183
7 300.000000 1.000000 0.200000 0.500000 0.100000 60.000000 0.000000 -32929.784058 21.114752 6.533001
6 300.000000 1.000000 0.100000 0.500000 0.100000 70.000000 0.000000 -32796.362826 34.083221 6.538641
7 300.000000 1.000000 0.200000 0.500000 0.100000 60.000000 0.000000 -32910.187597 15.760632 7.426880
7 300.000000 1.000000 0.200000 0.500000 0.100000 60.000000 0.000000 -32933.137277 13.434581 6.393689
7 300.000000 1.000000 0.200000 0.500000 0.100000 60.000000 0.000000 -32697.702013 5.310044 8.282918
8 300.000000 1.000000 0.300000 0.500000 0.100000 50.000000 0.000000 -32876.586191 5.223984 8.066566
9 300.000000 1.000000 0.400000 0.500000 0.100000 40.000000 0.000000 -32794.283116 -6.305050 8.272037
10 300.000000 1.000000 0.500000 0.500000 0.100000 30.000000 0.000000 -32939.788284 -0.105989 7.863770
10 300.000000 1.000000 0.500000 0.500000 0.100000 30.000000 0.000000 -33002.152988 2.356624 6.619656
9 300.000000 1.000000 0.400000 0.500000 0.100000 40.000000 0.000000 -32710.466004 4.221028 7.746911
12 300.000000 -1.000000 0.400000 0.500000 0.100000 40.000000 0.000000 -33046.138145 -1.914474 6.591169
12 300.000000 -1.000000 0.400000 0.500000 0.100000 40.000000 0.000000 -32902.908774 10.232531 6.417268
13 300.000000 -1.000000 0.300000 0.500000 0.100000 50.000000 0.000000 -32693.091132 2.048345 7.877403
10 300.000000 1.000000 0.500000 0.500000 0.100000 30.000000 0.000000 -32955.542672 -2.264521 6.585509
11 300.000000 -1.000000 0.500000 0.500000 0.100000 30.000000 0.000000 -32785.958553 -12.343508 6.746584
10 300.000000 1.000000 0.500000 0.500000 0.100000 30.000000 0.000000 -32861.656179 1.678535 6.401511
13 300.000000 -1.000000 0.300000 0.500000 0.100000 50.000000 0.000000 -32770.914991 7.134527 7.239882
14 300.000000 -1.000000 0.200000 0.500000 0.100000 60.000000 0.000000 -32862.000393 10.156587 7.272900
13 300.000000 -1.000000 0.300000 0.500000 0.100000 50.000000 0.000000 -33011.131260 11.719204 6.638076
13 300.000000 -1.000000 0.300000 0.500000 0.100000 50.000000 0.000000 -32976.406744 8.245207 6.413089
13 300.000000 -1.000000 0.300000 0.500000 0.100000 50.000000 0.000000 -32796.874531 2.945536 7.087910
10 300.000000 1.000000 0.500000 0.500000 0.100000 30.000000 0.000000 -32712.884624 -6.167031 6.923204
10 300.000000 1.000000 0.500000 0.500000 0.100000 30.000000 0.000000 -32780.825097 3.277785 6.458605
9 300.000000 1.000000 0.400000 0.500000 0.100000 40.000000 0.000000 -32803.286889 0.434070 6.454724
9 300.000000 1.000000 0.400000 0.500000 0.100000 40.000000 0.000000 -32934.387348 6.699196 8.120105
8 300.000000 1.000000 0.300000 0.500000 0.100000 50.000000 0.000000 -32861.458375 10.640133 6.557517
9 300.000000 1.000000 0.400000 0.500000 0.100000 40.000000 0.000000 -32816.529913 4.072942 6.437361
9 300.000000 1.000000 0.400000 0.500000 0.100000 40.000000 0.000000 -32830.822743 2.400015 6.507257
7 300.000000 1.000000 0.200000 0.500000 0.100000 60.000000 0.000000 -32893.978778 25.943340 6.455312
6 300.000000 1.000000 0.100000 0.500000 0.100000 70.000000 0.000000 -32787.910481 32.152917 7.202219
3 300.000000 1.000000 0.000000 0.300000 0.100000 100.000000 0.000000 -32775.181874 45.249589 6.471774
6 300.000000 1.000000 0.100000 0.500000 0.100000 70.000000 0.000000 -32779.447865 21.112284 6.394797
4 300.000000 1.000000 0.000000 0.400000 0.100000 90.000000 0.000000 -32840.321968 59.519718 6.390766
5 300.000000 1.000000 0.000000 0.500000 0.100000 80.000000 0.000000 -32745.260809 57.071300 6.389712
2 300.000000 1.000000 0.000000 0.200000 0.100000 110.000000 0.000000 -32991.816346 45.665235 6.391196
3 300.000000 1.000000 0.000000 0.300000 0.100000 100.000000 0.000000 -32890.121874 78.285560 6.409781
2 300.000000 1.000000 0.000000 0.200000 0.100000 110.000000 0.000000 -32968.775434 55.716115 6.428330
5 300.000000 1.000000 0.000000 0.500000 0.100000 80.000000 0.000000 -32689.714472 50.270293 6.390411
5 300.000000 1.000000 0.000000 0.500000 0.100000 80.000000 0.000000 -32815.634093 47.434614 7.248953
5 300.000000 1.000000 0.000000 0.500000 0.100000 80.000000 0.000000 -32734.508822 55.316041 6.631679
5 300.000000 1.000000 0.000000 0.500000 0.100000 80.000000 0.000000 -32863.600831 44.893021 6.389848
4 300.000000 1.000000 0.000000 0.400000 0.100000 90.000000 0.000000 -32741.930043 46.508822 7.531020
5 300.000000 1.000000 0.000000 0.500000 0.100000 80.000000 0.000000 -32788.610175 59.632891 6.474596
2 300.000000 1.000000 0.000000 0.200000 0.100000 110.000000 0.000000 -33034.890048 127.691554 8.018553
2 300.000000 1.000000 0.000000 0.200000 0.100000 110.000000 0.000000 -32819.559133 133.364656 1.552817
1 300.000000 1.000000 0.000000 0.100000 0.100000 120.000000 0.000000 -32950.454873 169.326713 6.406955
0 300.000000 1.000000 0.000000 0.000000 0.100000 130.000000 0.000000 -32889.638706 181.320418 8.279895
0 300.000000 1.000000 0.000000 0.000000 0.100000 130.000000 0.000000 -32890.580093 191.450773 8.265263
0 300.000000 1.000000 0.000000 0.000000 0.100000 130.000000 0.000000 -32766.515102 165.245378 8.226934
0 300.000000 1.000000 0.000000 0.000000 0.100000 130.000000 0.000000 -32876.710058 195.450553 7.987867
0 300.000000 1.000000 0.000000 0.000000 0.100000 130.000000 0.000000 -32826.647686 167.506260 0.869095
0 300.000000 1.000000 0.000000 0.000000 0.100000 130.000000 0.000000 -32868.886560 174.404027 4.896468
0 300.000000 1.000000 0.000000 0.000000 0.100000 130.000000 0.000000 -32880.978124 182.807606 6.619544
0 300.000000 1.000000 0.000000 0.000000 0.100000 130.000000 0.000000 -32730.569501 184.726606 3.016447
0 300.000000 1.000000 0.000000 0.000000 0.100000 130.000000 0.000000 -32938.779646 182.648926 6.570273
0 300.000000 1.000000 0.000000 0.000000 0.100000 130.000000 0.000000 -32874.867029 187.331369 8.283102
0 300.000000 1.000000 0.000000 0.000000 0.100000 130.000000 0.000000 -32806.592796 183.546074 8.268049
0 300.000000 1.000000 0.000000 0.000000 0.100000 130.000000 0.000000 -32967.021194 167.813144 7.605337
0 300.000000 1.000000 0.000000 0.000000 0.100000 130.000000 0.000000 -33034.767928 177.017600 4.318814
0 300.000000 1.000000 0.000000 0.000000 0.100000 130.000000 0.000000 -32715.107933 190.470874 8.162178
0 300.000000 1.000000 0.000000 0.000000 0.100000 130.000000 0.000000 -32909.789132 171.416472 8.270212
0 300.000000 1.000000 0.000000 0.000000 0.100000 130.000000 0.000000 -32856.667730 169.303899 8.277460
0 300.000000 1.000000 0.000000 0.000000 0.100000 130.000000 0.000000 -32848.581669 161.493380 8.210985
0 300.000000 1.000000 0.000000 0.000000 0.100000 130.000000 0.000000 -33053.541152 182.901225 1.042274
0 300.000000 1.000000 0.000000 0.000000 0.100000 130.000000 0.000000 -32757.287613 173.996906 7.491553
0 300.000000 1.000000 0.000000 0.000000 0.100000 130.000000 0.000000 -32854.845834 156.354117 4.963929
0 300.000000 1.000000 0.000000 0.000000 0.100000 130.000000 0.000000 -32957.048381 155.009337 7.618857
1 300.000000 1.000000 0.000000 0.100000 0.100000 120.000000 0.000000 -32854.824741 132.426838 6.408038
1 300.000000 1.000000 0.000000 0.100000 0.100000 120.000000 0.000000 -32762.879116 133.062421 6.433240
1 300.000000 1.000000 0.000000 0.100000 0.100000 120.000000 0.000000 -32874.153707 130.553263 6.438808
1 300.000000 1.000000 0.000000 0.100000 0.100000 120.000000 0.000000 -32821.438984 134.077320 7.616946
1 300.000000 1.000000 0.000000 0.100000 0.100000 120.000000 0.000000 -32983.707180 131.321335 6.325698
1 300.000000 1.000000 0.000000 0.100000 0.100000 120.000000 0.000000 -32794.386843 133.885591 5.333034
1 300.000000 1.000000 0.000000 0.100000 0.100000 120.000000 0.000000 -32985.399590 118.732195 7.917428
1 300.000000 1.000000 0.000000 0.100000 0.100000 120.000000 0.000000 -32928.871553 148.142029 6.551314
1 300.000000 1.000000 0.000000 0.100000 0.100000 120.000000 0.000000 -32869.574327 151.559436 7.647072
1 300.000000 1.000000 0.000000 0.100000 0.100000 120.000000 0.000000 -32842.205354 153.005207 5.025004
1 300.000000 1.000000 0.000000 0.100000 0.100000 120.000000 0.000000 -32686.691209 131.678421 3.629237
1 300.000000 1.000000 0.000000 0.100000 0.100000 120.000000 0.000000 -33014.606221 123.081135 0.484787
1 300.000000 1.000000 0.000000 0.100000 0.100000 120.000000 0.000000 -32962.914334 145.628354 3.889407
1 300.000000 1.000000 0.000000 0.100000 0.100000 120.000000 0.000000 -32878.020347 151.141872 6.763092
1 300.000000 1.000000 0.000000 0.100000 0.100000 120.000000 0.000000 -32839.480683 129.569093 6.644600
2 300.000000 1.000000 0.000000 0.200000 0.100000 110.000000 0.000000 -32757.609769 123.908692 7.247307
2 300.000000 1.000000 0.000000 0.200000 0.100000 110.000000 0.000000 -32911.014446 62.108250 6.586130
4 300.000000 1.000000 0.000000 0.400000 0.100000 90.000000 0.000000 -32800.650227 70.530219 7.746516
3 300.000000 1.000000 0.000000 0.300000 0.100000 100.000000 0.000000 -32738.529010 89.308447 1.156047
3 300.000000 1.000000 0.000000 0.300000 0.100000 100.000000 0.000000 -32886.779039 62.917185 3.418204
3 300.000000 1.000000 0.000000 0.300000 0.100000 100.000000 0.000000 -32884.037125 71.458181 7.799565
3 300.000000 1.000000 0.000000 0.300000 0.100000 100.000000 0.000000 -32775.350726 51.948165 7.993047
4 300.000000 1.000000 0.000000 0.400000 0.100000 90.000000 0.000000 -32875.732698 73.998587 5.648613
