50.000000 0.500000 0.500000 0.500000 0.000000 0.000000 0.000000 -36194.616635 -13.877271
75.000000 0.500000 0.500000 0.500000 0.000000 0.000000 0.000000 -35973.696795 -6.557720
100.000000 0.500000 0.500000 0.500000 0.000000 0.000000 0.000000 -35615.281866 -10.815010
125.000000 0.500000 0.500000 0.500000 0.000000 0.000000 0.000000 -35275.127484 -14.519598
150.000000 0.500000 0.500000 0.500000 0.000000 0.000000 0.000000 -34811.918730 -10.142806
175.000000 0.500000 0.500000 0.500000 0.000000 0.000000 0.000000 -34283.522021 -5.960206
200.000000 0.500000 0.500000 0.500000 0.000000 0.000000 0.000000 -33623.395107 -8.320387
225.000000 0.500000 0.500000 0.500000 0.000000 0.000000 0.000000 -32970.683979 0.791707
250.000000 0.500000 0.500000 0.500000 0.000000 0.000000 0.000000 -31987.539368 -6.214149
275.000000 0.500000 0.500000 0.500000 0.000000 0.000000 0.000000 -30824.982587 2.225741
300.000000 0.500000 0.500000 0.500000 0.000000 0.000000 0.000000 -30478.518169 -4.690488
300.000000 0.500000 0.500000 0.500000 0.000000 0.000000 0.000000 -30735.770725 -8.843212
300.000000 0.500000 0.500000 0.500000 0.000000 0.000000 0.000000 -30612.351729 4.929493
300.000000 0.500000 0.500000 0.500000 0.000000 0.000000 0.000000 -30554.078857 -5.766013
300.000000 0.500000 0.500000 0.500000 0.000000 0.000000 0.000000 -30637.896327 -3.062261
300.000000 0.500000 0.500000 0.500000 0.000000 0.000000 0.000000 -30621.051185 -5.019120
300.000000 0.500000 0.500000 0.500000 0.000000 0.000000 0.000000 -30513.432486 0.089627
300.000000 0.500000 0.500000 0.500000 0.000000 0.000000 0.000000 -30609.079030 -5.885516
300.000000 0.500000 0.500000 0.500000 0.000000 0.000000 0.000000 -30654.561762 -1.239842
300.000000 0.500000 0.500000 0.500000 0.000000 0.000000 0.000000 -30682.437496 -4.436544
