300.000000 0.500000 0.500000 0.500000 0.000000 0.000000 0.000000 -30779.915484 12.966061
300.000000 0.500000 0.500000 0.500000 0.000000 0.000000 0.000000 -30690.788517 -9.829111
300.000000 0.500000 0.500000 0.500000 0.000000 0.000000 0.000000 -30746.922816 1.643164
300.000000 0.500000 0.500000 0.500000 0.000000 0.000000 0.000000 -30647.568333 -7.767686
300.000000 0.500000 0.500000 0.500000 0.000000 0.000000 0.000000 -30541.645320 -17.148662
300.000000 0.500000 0.500000 0.500000 0.000000 0.000000 0.000000 -30685.350962 -12.980999
300.000000 0.500000 0.500000 0.500000 0.000000 0.000000 0.000000 -30646.634308 -6.826601
300.000000 0.500000 0.500000 0.500000 0.000000 0.000000 0.000000 -30598.435674 1.882170
300.000000 0.500000 0.500000 0.500000 0.000000 0.000000 0.000000 -30716.442977 4.660612
300.000000 0.500000 0.500000 0.500000 0.000000 0.000000 0.000000 -30630.846903 11.233270
300.000000 0.500000 0.500000 0.500000 0.000000 0.000000 0.000000 -30475.106380 -1.673040
300.000000 0.500000 0.500000 0.500000 0.000000 0.000000 0.000000 -30617.655913 -14.609226
300.000000 0.500000 0.500000 0.500000 0.000000 0.000000 0.000000 -30654.681613 -6.647347
300.000000 0.500000 0.500000 0.500000 0.000000 0.000000 0.000000 -30598.735686 -2.539436
300.000000 0.500000 0.500000 0.500000 0.000000 0.000000 0.000000 -30620.842083 2.927820
300.000000 0.500000 0.500000 0.500000 0.000000 0.000000 0.000000 -30610.402358 9.664794
300.000000 0.500000 0.500000 0.500000 0.000000 0.000000 0.000000 -30508.491123 0.478011
300.000000 0.500000 0.500000 0.500000 0.000000 0.000000 0.000000 -30603.183433 -6.722036
300.000000 0.500000 0.500000 0.500000 0.000000 0.000000 0.000000 -30538.837441 -5.990081
300.000000 0.500000 0.500000 0.500000 0.000000 0.000000 0.000000 -30645.811734 -10.023303
300.000000 0.500000 0.500000 0.500000 0.000000 0.000000 0.000000 -30514.366953 -12.502988
300.000000 0.500000 0.500000 0.500000 0.000000 0.000000 0.000000 -30595.909892 -7.797562
300.000000 0.500000 0.500000 0.500000 0.000000 0.000000 0.000000 -30738.473969 -1.090464
300.000000 0.500000 0.500000 0.500000 0.000000 0.000000 0.000000 -30561.899948 -8.544455
300.000000 0.500000 0.500000 0.500000 0.000000 0.000000 0.000000 -30563.689107 -2.001673
300.000000 0.500000 0.500000 0.500000 0.000000 0.000000 0.000000 -30559.698831 3.809154
300.000000 0.500000 0.500000 0.500000 0.000000 0.000000 0.000000 -30563.083000 -4.585923
300.000000 0.500000 0.500000 0.500000 0.000000 0.000000 0.000000 -30598.997609 -0.806644
300.000000 0.500000 0.500000 0.500000 0.000000 0.000000 0.000000 -30634.995543 -2.001673
300.000000 0.500000 0.500000 0.500000 0.000000 0.000000 0.000000 -30653.083991 -14.773542
