300.000000 0.500000 0.500000 0.500000 0.000000 0.000000 0.000000 -32314.455085 -17.626673
300.000000 0.500000 0.500000 0.500000 0.000000 0.000000 0.000000 -32409.141430 -22.586042
300.000000 0.500000 0.500000 0.500000 0.000000 0.000000 0.000000 -32324.947866 5.153561
300.000000 0.500000 0.500000 0.500000 0.000000 0.000000 0.000000 -32498.985909 -1.329469
300.000000 0.500000 0.500000 0.500000 0.000000 0.000000 0.000000 -32397.139064 -7.140296
300.000000 0.500000 0.500000 0.500000 0.000000 0.000000 0.000000 -32443.172643 -8.559393
300.000000 0.500000 0.500000 0.500000 0.000000 0.000000 0.000000 -32538.536894 -0.134441
300.000000 0.500000 0.500000 0.500000 0.000000 0.000000 0.000000 -32645.461969 -7.932003
300.000000 0.500000 0.500000 0.500000 0.000000 0.000000 0.000000 -32582.894544 -17.805927
300.000000 0.500000 0.500000 0.500000 0.000000 0.000000 0.000000 -32568.238142 8.992591
300.000000 0.500000 0.500000 0.500000 0.000000 0.000000 0.000000 -32568.320446 0.956023
300.000000 0.500000 0.500000 0.500000 0.000000 0.000000 0.000000 -32445.524247 -13.220005
300.000000 0.500000 0.500000 0.500000 0.000000 0.000000 0.000000 -32448.305198 13.025813
300.000000 0.500000 0.500000 0.500000 0.000000 0.000000 0.000000 -32344.541377 -5.766013
300.000000 0.500000 0.500000 0.500000 0.000000 0.000000 0.000000 -32436.744491 -1.583413
300.000000 0.500000 0.500000 0.500000 0.000000 0.000000 0.000000 -32386.685773 -15.102175
300.000000 0.500000 0.500000 0.500000 0.000000 0.000000 0.000000 -32556.454185 21.913838
300.000000 0.500000 0.500000 0.500000 0.000000 0.000000 0.000000 -32423.417821 -12.010038
300.000000 0.500000 0.500000 0.500000 0.000000 0.000000 0.000000 -32433.071821 -5.646511
300.000000 0.500000 0.500000 0.500000 0.000000 0.000000 0.000000 -32398.599328 0.029876
300.000000 0.500000 0.500000 0.500000 0.000000 0.000000 0.000000 -32478.440227 -9.500478
300.000000 0.500000 0.500000 0.500000 0.000000 0.000000 0.000000 -32485.147529 -11.472275
300.000000 0.500000 0.500000 0.500000 0.000000 0.000000 0.000000 -32421.109718 0.044814
300.000000 0.500000 0.500000 0.500000 0.000000 0.000000 0.000000 -32238.469992 -18.194312
300.000000 0.500000 0.500000 0.500000 0.000000 0.000000 0.000000 -32467.269786 24.677342
300.000000 0.500000 0.500000 0.500000 0.000000 0.000000 0.000000 -32406.589215 25.125478
300.000000 0.500000 0.500000 0.500000 0.000000 0.000000 0.000000 -32471.254796 3.211640
300.000000 0.500000 0.500000 0.500000 0.000000 0.000000 0.000000 -32534.991896 -9.500478
300.000000 0.500000 0.500000 0.500000 0.000000 0.000000 0.000000 -32497.502218 1.314532
300.000000 0.500000 0.500000 0.500000 0.000000 0.000000 0.000000 -32548.161543 -0.687141
