50.000000 0.500000 0.500000 0.500000 0.000000 0.000000 0.000000 -38365.213899 4.780115
58.333333 0.500000 0.500000 0.500000 0.000000 0.000000 0.000000 -38376.928937 2.897945
66.666667 0.500000 0.500000 0.500000 0.000000 0.000000 0.000000 -38327.939004 1.389221
75.000000 0.500000 0.500000 0.500000 0.000000 0.000000 0.000000 -38265.469004 11.024140
83.333333 0.500000 0.500000 0.500000 0.000000 0.000000 0.000000 -38116.395930 9.455664
91.666667 0.500000 0.500000 0.500000 0.000000 0.000000 0.000000 -38006.501723 -1.195029
100.000000 0.500000 0.500000 0.500000 0.000000 0.000000 0.000000 -37890.311223 7.020793
108.333333 0.500000 0.500000 0.500000 0.000000 0.000000 0.000000 -37774.352274 3.002510
116.666667 0.500000 0.500000 0.500000 0.000000 0.000000 0.000000 -37667.607038 -8.813337
125.000000 0.500000 0.500000 0.500000 0.000000 0.000000 0.000000 -37516.441876 13.623327
133.333333 0.500000 0.500000 0.500000 0.000000 0.000000 0.000000 -37375.805731 1.165153
141.666667 0.500000 0.500000 0.500000 0.000000 0.000000 0.000000 -37198.508726 1.015774
150.000000 0.500000 0.500000 0.500000 0.000000 0.000000 0.000000 -37013.218508 0.104565
158.333333 0.500000 0.500000 0.500000 0.000000 0.000000 0.000000 -36841.616445 14.952796
166.666667 0.500000 0.500000 0.500000 0.000000 0.000000 0.000000 -36704.473220 2.569312
175.000000 0.500000 0.500000 0.500000 0.000000 0.000000 0.000000 -36476.603672 22.810110
183.333333 0.500000 0.500000 0.500000 0.000000 0.000000 0.000000 -36306.849177 -8.992591
191.666667 0.500000 0.500000 0.500000 0.000000 0.000000 0.000000 -35982.290503 1.195029
200.000000 0.500000 0.500000 0.500000 0.000000 0.000000 0.000000 -35789.135036 10.172682
208.333333 0.500000 0.500000 0.500000 0.000000 0.000000 0.000000 -35403.227321 8.260636
216.666667 0.500000 0.500000 0.500000 0.000000 0.000000 0.000000 -35192.837868 2.823255
225.000000 0.500000 0.500000 0.500000 0.000000 0.000000 0.000000 -34812.058638 2.121176
233.333333 0.500000 0.500000 0.500000 0.000000 0.000000 0.000000 -34497.384407 11.397586
241.666667 0.500000 0.500000 0.500000 0.000000 0.000000 0.000000 -34079.194915 -4.526171
250.000000 0.500000 0.500000 0.500000 0.000000 0.000000 0.000000 -33727.049591 -4.690488
258.333333 0.500000 0.500000 0.500000 0.000000 0.000000 0.000000 -33477.228889 -7.453991
266.666667 0.500000 0.500000 0.500000 0.000000 0.000000 0.000000 -33065.924203 1.777605
275.000000 0.500000 0.500000 0.500000 0.000000 0.000000 0.000000 -32666.202791 -3.286329
283.333333 0.500000 0.500000 0.500000 0.000000 0.000000 0.000000 -32271.790169 -11.352772
291.666667 0.500000 0.500000 0.500000 0.000000 0.000000 0.000000 -31865.375357 -9.261472
300.000000 0.500000 0.500000 0.500000 0.000000 0.000000 0.000000 -31945.403956 -0.717017
300.000000 0.500000 0.500000 0.500000 0.000000 0.000000 0.000000 -32260.092796 -10.695507
300.000000 0.500000 0.500000 0.500000 0.000000 0.000000 0.000000 -32358.146993 -20.733748
300.000000 0.500000 0.500000 0.500000 0.000000 0.000000 0.000000 -32539.300992 18.672323
300.000000 0.500000 0.500000 0.500000 0.000000 0.000000 0.000000 -32311.415413 -7.633246
300.000000 0.500000 0.500000 0.500000 0.000000 0.000000 0.000000 -32341.992214 24.677342
300.000000 0.500000 0.500000 0.500000 0.000000 0.000000 0.000000 -32592.956750 11.561902
300.000000 0.500000 0.500000 0.500000 0.000000 0.000000 0.000000 -32574.507791 -4.809990
300.000000 0.500000 0.500000 0.500000 0.000000 0.000000 0.000000 -32474.997425 -9.560229
300.000000 0.500000 0.500000 0.500000 0.000000 0.000000 0.000000 -32392.935842 1.583413
300.000000 0.500000 0.500000 0.500000 0.000000 0.000000 0.000000 -32546.175002 18.478131
300.000000 0.500000 0.500000 0.500000 0.000000 0.000000 0.000000 -32512.328316 -9.799235
300.000000 0.500000 0.500000 0.500000 0.000000 0.000000 0.000000 -32516.574636 -22.765296
300.000000 0.500000 0.500000 0.500000 0.000000 0.000000 0.000000 -32532.251488 -4.152725
300.000000 0.500000 0.500000 0.500000 0.000000 0.000000 0.000000 -32676.883401 -19.852414
300.000000 0.500000 0.500000 0.500000 0.000000 0.000000 0.000000 -32600.672631 6.781788
300.000000 0.500000 0.500000 0.500000 0.000000 0.000000 0.000000 -32562.627398 -8.723709
300.000000 0.500000 0.500000 0.500000 0.000000 0.000000 0.000000 -32521.187247 0.836520
300.000000 0.500000 0.500000 0.500000 0.000000 0.000000 0.000000 -32429.007282 5.497132
300.000000 0.500000 0.500000 0.500000 0.000000 0.000000 0.000000 -32396.330438 10.038241
300.000000 0.500000 0.500000 0.500000 0.000000 0.000000 0.000000 -32425.633370 -4.018284
300.000000 0.500000 0.500000 0.500000 0.000000 0.000000 0.000000 -32608.647310 7.364364
300.000000 0.500000 0.500000 0.500000 0.000000 0.000000 0.000000 -32632.439874 21.361138
300.000000 0.500000 0.500000 0.500000 0.000000 0.000000 0.000000 -32443.067564 1.598351
300.000000 0.500000 0.500000 0.500000 0.000000 0.000000 0.000000 -32543.519515 6.303776
300.000000 0.500000 0.500000 0.500000 0.000000 0.000000 0.000000 -32476.061248 -11.771033
300.000000 0.500000 0.500000 0.500000 0.000000 0.000000 0.000000 -32409.381075 -9.201721
300.000000 0.500000 0.500000 0.500000 0.000000 0.000000 0.000000 -32539.744798 3.988408
300.000000 0.500000 0.500000 0.500000 0.000000 0.000000 0.000000 -32537.773951 8.604207
300.000000 0.500000 0.500000 0.500000 0.000000 0.000000 0.000000 -32484.765243 -4.570985
