300.000000 0.000000 0.000000 0.000000 0.000000 0.000000 0.000000 -12848.471660 842.385400
300.000000 0.002000 0.002000 0.002000 0.000000 0.000000 0.000000 -12874.037371 800.369267
300.000000 0.004000 0.004000 0.004000 0.000000 0.000000 0.000000 -12778.810622 839.910975
300.000000 0.006000 0.006000 0.006000 0.000000 0.000000 0.000000 -12796.255316 895.098588
300.000000 0.008000 0.008000 0.008000 0.000000 0.000000 0.000000 -12740.352905 865.373802
300.000000 0.010000 0.010000 0.010000 0.000000 0.000000 0.000000 -12821.317822 911.513379
300.000000 0.012000 0.012000 0.012000 0.000000 0.000000 0.000000 -12760.548263 776.927269
300.000000 0.014000 0.014000 0.014000 0.000000 0.000000 0.000000 -12699.185601 917.435453
300.000000 0.016000 0.016000 0.016000 0.000000 0.000000 0.000000 -12711.155698 885.422106
300.000000 0.018000 0.018000 0.018000 0.000000 0.000000 0.000000 -12729.282153 852.397098
300.000000 0.020000 0.020000 0.020000 0.000000 0.000000 0.000000 -12732.694937 927.355316
300.000000 0.022000 0.022000 0.022000 0.000000 0.000000 0.000000 -12755.781402 835.565214
300.000000 0.024000 0.024000 0.024000 0.000000 0.000000 0.000000 -12737.863829 903.877425
300.000000 0.026000 0.026000 0.026000 0.000000 0.000000 0.000000 -12693.921171 773.263862
300.000000 0.028000 0.028000 0.028000 0.000000 0.000000 0.000000 -12809.762197 959.576136
300.000000 0.030000 0.030000 0.030000 0.000000 0.000000 0.000000 -12666.571493 750.061250
300.000000 0.032000 0.032000 0.032000 0.000000 0.000000 0.000000 -12732.013518 863.664242
300.000000 0.034000 0.034000 0.034000 0.000000 0.000000 0.000000 -12772.818004 734.392820
300.000000 0.036000 0.036000 0.036000 0.000000 0.000000 0.000000 -12716.513288 793.576150
300.000000 0.038000 0.038000 0.038000 0.000000 0.000000 0.000000 -12747.789715 690.420403
300.000000 0.040000 0.040000 0.040000 0.000000 0.000000 0.000000 -12760.206865 715.917859
300.000000 0.042000 0.042000 0.042000 0.000000 0.000000 0.000000 -12763.263385 747.207295
300.000000 0.044000 0.044000 0.044000 0.000000 0.000000 0.000000 -12753.628244 43.431824
300.000000 0.046000 0.046000 0.046000 0.000000 0.000000 0.000000 -12788.930637 47.528531
300.000000 0.048000 0.048000 0.048000 0.000000 0.000000 0.000000 -12782.585578 39.421009
300.000000 0.050000 0.050000 0.050000 0.000000 0.000000 0.000000 -12885.687814 81.874402
300.000000 0.052000 0.052000 0.052000 0.000000 0.000000 0.000000 -12773.920395 86.228788
300.000000 0.054000 0.054000 0.054000 0.000000 0.000000 0.000000 -12784.436575 52.323584
300.000000 0.056000 0.056000 0.056000 0.000000 0.000000 0.000000 -12777.095770 82.270256
300.000000 0.058000 0.058000 0.058000 0.000000 0.000000 0.000000 -12836.532800 39.122251
300.000000 0.060000 0.060000 0.060000 0.000000 0.000000 0.000000 -12803.717498 39.742173
300.000000 0.062000 0.062000 0.062000 0.000000 0.000000 0.000000 -12894.283339 54.694969
300.000000 0.064000 0.064000 0.064000 0.000000 0.000000 0.000000 -12844.831940 80.156549
300.000000 0.066000 0.066000 0.066000 0.000000 0.000000 0.000000 -12772.019105 87.479834
300.000000 0.068000 0.068000 0.068000 0.000000 0.000000 0.000000 -12796.376795 51.707397
300.000000 0.070000 0.070000 0.070000 0.000000 0.000000 0.000000 -12833.170430 25.752868
300.000000 0.072000 0.072000 0.072000 0.000000 0.000000 0.000000 -12824.037557 79.372311
300.000000 0.074000 0.074000 0.074000 0.000000 0.000000 0.000000 -12756.071387 36.724725
300.000000 0.076000 0.076000 0.076000 0.000000 0.000000 0.000000 -12822.376861 65.390476
300.000000 0.078000 0.078000 0.078000 0.000000 0.000000 0.000000 -12821.134064 36.866635
300.000000 0.080000 0.080000 0.080000 0.000000 0.000000 0.000000 -12784.104282 52.196612
300.000000 0.082000 0.082000 0.082000 0.000000 0.000000 0.000000 -12824.297116 44.888265
300.000000 0.084000 0.084000 0.084000 0.000000 0.000000 0.000000 -12849.757790 66.182182
300.000000 0.086000 0.086000 0.086000 0.000000 0.000000 0.000000 -12774.778400 27.608897
300.000000 0.088000 0.088000 0.088000 0.000000 0.000000 0.000000 -12873.930692 39.562918
300.000000 0.090000 0.090000 0.090000 0.000000 0.000000 0.000000 -12785.353092 38.860839
300.000000 0.092000 0.092000 0.092000 0.000000 0.000000 0.000000 -12800.180864 48.742232
300.000000 0.094000 0.094000 0.094000 0.000000 0.000000 0.000000 -12827.264746 35.817250
300.000000 0.096000 0.096000 0.096000 0.000000 0.000000 0.000000 -12797.044208 26.585654
300.000000 0.098000 0.098000 0.098000 0.000000 0.000000 0.000000 -12848.516625 35.163719
300.000000 0.100000 0.100000 0.100000 0.000000 0.000000 0.000000 -12731.356515 52.880019
300.000000 0.102000 0.102000 0.102000 0.000000 0.000000 0.000000 -12782.160220 40.134291
300.000000 0.104000 0.104000 0.104000 0.000000 0.000000 0.000000 -12818.188915 44.723948
300.000000 0.106000 0.106000 0.106000 0.000000 0.000000 0.000000 -12861.979483 41.486168
300.000000 0.108000 0.108000 0.108000 0.000000 0.000000 0.000000 -12757.772777 36.295262
300.000000 0.110000 0.110000 0.110000 0.000000 0.000000 0.000000 -12756.130695 34.069521
300.000000 0.112000 0.112000 0.112000 0.000000 0.000000 0.000000 -12876.504053 35.522228
300.000000 0.114000 0.114000 0.114000 0.000000 0.000000 0.000000 -12791.287632 27.776948
300.000000 0.116000 0.116000 0.116000 0.000000 0.000000 0.000000 -12747.673402 32.041707
300.000000 0.118000 0.118000 0.118000 0.000000 0.000000 0.000000 -12757.473828 30.092316
300.000000 0.120000 0.120000 0.120000 0.000000 0.000000 0.000000 -12739.373576 36.915183
300.000000 0.122000 0.122000 0.122000 0.000000 0.000000 0.000000 -12704.094733 38.584489
300.000000 0.124000 0.124000 0.124000 0.000000 0.000000 0.000000 -12732.009850 48.745967
300.000000 0.126000 0.126000 0.126000 0.000000 0.000000 0.000000 -12737.979387 39.529308
300.000000 0.128000 0.128000 0.128000 0.000000 0.000000 0.000000 -12717.219840 31.238797
300.000000 0.130000 0.130000 0.130000 0.000000 0.000000 0.000000 -12722.014455 31.507678
300.000000 0.132000 0.132000 0.132000 0.000000 0.000000 0.000000 -12787.459654 53.395375
300.000000 0.134000 0.134000 0.134000 0.000000 0.000000 0.000000 -12727.179253 21.301386
300.000000 0.136000 0.136000 0.136000 0.000000 0.000000 0.000000 -12788.355919 54.261771
300.000000 0.138000 0.138000 0.138000 0.000000 0.000000 0.000000 -12754.813833 18.814233
300.000000 0.140000 0.140000 0.140000 0.000000 0.000000 0.000000 -12737.254356 37.038420
300.000000 0.142000 0.142000 0.142000 0.000000 0.000000 0.000000 -12763.645436 30.525514
300.000000 0.144000 0.144000 0.144000 0.000000 0.000000 0.000000 -12785.289173 32.788599
300.000000 0.146000 0.146000 0.146000 0.000000 0.000000 0.000000 -12838.711080 36.541736
300.000000 0.148000 0.148000 0.148000 0.000000 0.000000 0.000000 -12754.676504 30.361197
300.000000 0.150000 0.150000 0.150000 0.000000 0.000000 0.000000 -12755.060685 54.594138
300.000000 0.152000 0.152000 0.152000 0.000000 0.000000 0.000000 -12711.329228 31.291079
300.000000 0.154000 0.154000 0.154000 0.000000 0.000000 0.000000 -12704.971558 23.702647
300.000000 0.156000 0.156000 0.156000 0.000000 0.000000 0.000000 -12654.618439 47.065458
300.000000 0.158000 0.158000 0.158000 0.000000 0.000000 0.000000 -12732.335112 39.533043
300.000000 0.160000 0.160000 0.160000 0.000000 0.000000 0.000000 -12761.093708 34.835086
300.000000 0.162000 0.162000 0.162000 0.000000 0.000000 0.000000 -12740.582376 30.122192
300.000000 0.164000 0.164000 0.164000 0.000000 0.000000 0.000000 -12729.218081 20.057810
300.000000 0.166000 0.166000 0.166000 0.000000 0.000000 0.000000 -12807.788772 32.997729
300.000000 0.168000 0.168000 0.168000 0.000000 0.000000 0.000000 -12863.567004 23.919246
300.000000 0.170000 0.170000 0.170000 0.000000 0.000000 0.000000 -12745.158441 26.686484
300.000000 0.172000 0.172000 0.172000 0.000000 0.000000 0.000000 -12775.062640 58.287524
300.000000 0.174000 0.174000 0.174000 0.000000 0.000000 0.000000 -12736.759965 28.934632
300.000000 0.176000 0.176000 0.176000 0.000000 0.000000 0.000000 -12734.580626 40.750478
300.000000 0.178000 0.178000 0.178000 0.000000 0.000000 0.000000 -12718.424443 30.013892
300.000000 0.180000 0.180000 0.180000 0.000000 0.000000 0.000000 -12701.027923 36.496923
300.000000 0.182000 0.182000 0.182000 0.000000 0.000000 0.000000 -12675.288692 36.941324
300.000000 0.184000 0.184000 0.184000 0.000000 0.000000 0.000000 -12777.140636 18.903860
300.000000 0.186000 0.186000 0.186000 0.000000 0.000000 0.000000 -12717.733209 25.144150
300.000000 0.188000 0.188000 0.188000 0.000000 0.000000 0.000000 -12736.611294 27.642507
300.000000 0.190000 0.190000 0.190000 0.000000 0.000000 0.000000 -12800.434891 26.888145
300.000000 0.192000 0.192000 0.192000 0.000000 0.000000 0.000000 -12745.111204 23.071522
300.000000 0.194000 0.194000 0.194000 0.000000 0.000000 0.000000 -12730.147661 21.898901
300.000000 0.196000 0.196000 0.196000 0.000000 0.000000 0.000000 -12727.629828 28.258694
300.000000 0.198000 0.198000 0.198000 0.000000 0.000000 0.000000 -12713.828054 21.910104
300.000000 0.200000 0.200000 0.200000 0.000000 0.000000 0.000000 -12720.281858 27.765745
300.000000 0.202000 0.202000 0.202000 0.000000 0.000000 0.000000 -12758.492101 29.113886
300.000000 0.204000 0.204000 0.204000 0.000000 0.000000 0.000000 -12747.698582 16.147825
300.000000 0.206000 0.206000 0.206000 0.000000 0.000000 0.000000 -12831.349287 23.512189
300.000000 0.208000 0.208000 0.208000 0.000000 0.000000 0.000000 -12726.462209 19.348261
300.000000 0.210000 0.210000 0.210000 0.000000 0.000000 0.000000 -12830.037332 22.791438
300.000000 0.212000 0.212000 0.212000 0.000000 0.000000 0.000000 -12792.707006 18.048668
300.000000 0.214000 0.214000 0.214000 0.000000 0.000000 0.000000 -12769.077279 29.341689
300.000000 0.216000 0.216000 0.216000 0.000000 0.000000 0.000000 -12740.634509 14.993875
300.000000 0.218000 0.218000 0.218000 0.000000 0.000000 0.000000 -12758.480554 17.129989
300.000000 0.220000 0.220000 0.220000 0.000000 0.000000 0.000000 -12767.230374 26.018015
300.000000 0.222000 0.222000 0.222000 0.000000 0.000000 0.000000 -12821.820630 20.771092
300.000000 0.224000 0.224000 0.224000 0.000000 0.000000 0.000000 -12706.294284 22.638325
300.000000 0.226000 0.226000 0.226000 0.000000 0.000000 0.000000 -12680.330579 24.938755
300.000000 0.228000 0.228000 0.228000 0.000000 0.000000 0.000000 -12706.379305 35.163719
300.000000 0.230000 0.230000 0.230000 0.000000 0.000000 0.000000 -12708.454228 26.085235
300.000000 0.232000 0.232000 0.232000 0.000000 0.000000 0.000000 -12737.757513 21.771929
300.000000 0.234000 0.234000 0.234000 0.000000 0.000000 0.000000 -12684.999617 10.045710
300.000000 0.236000 0.236000 0.236000 0.000000 0.000000 0.000000 -12702.907661 32.538390
300.000000 0.238000 0.238000 0.238000 0.000000 0.000000 0.000000 -12768.179285 21.163211
300.000000 0.240000 0.240000 0.240000 0.000000 0.000000 0.000000 -12786.915338 32.568266
300.000000 0.242000 0.242000 0.242000 0.000000 0.000000 0.000000 -12758.071131 14.273124
300.000000 0.244000 0.244000 0.244000 0.000000 0.000000 0.000000 -12768.298262 25.569879
300.000000 0.246000 0.246000 0.246000 0.000000 0.000000 0.000000 -12778.594858 18.112153
300.000000 0.248000 0.248000 0.248000 0.000000 0.000000 0.000000 -12743.990700 25.424235
300.000000 0.250000 0.250000 0.250000 0.000000 0.000000 0.000000 -12790.262209 26.141252
300.000000 0.252000 0.252000 0.252000 0.000000 0.000000 0.000000 -12811.758262 25.670710
300.000000 0.254000 0.254000 0.254000 0.000000 0.000000 0.000000 -12808.016075 26.581919
300.000000 0.256000 0.256000 0.256000 0.000000 0.000000 0.000000 -12767.055697 22.683138
300.000000 0.258000 0.258000 0.258000 0.000000 0.000000 0.000000 -12761.679886 31.589836
300.000000 0.260000 0.260000 0.260000 0.000000 0.000000 0.000000 -12751.411312 20.662793
300.000000 0.262000 0.262000 0.262000 0.000000 0.000000 0.000000 -12736.610010 24.091031
300.000000 0.264000 0.264000 0.264000 0.000000 0.000000 0.000000 -12717.185881 20.662793
300.000000 0.266000 0.266000 0.266000 0.000000 0.000000 0.000000 -12673.691568 20.069013
300.000000 0.268000 0.268000 0.268000 0.000000 0.000000 0.000000 -12723.782048 21.047443
300.000000 0.270000 0.270000 0.270000 0.000000 0.000000 0.000000 -12696.016978 14.265655
300.000000 0.272000 0.272000 0.272000 0.000000 0.000000 0.000000 -12757.363119 21.308855
300.000000 0.274000 0.274000 0.274000 0.000000 0.000000 0.000000 -12720.516925 17.193475
300.000000 0.276000 0.276000 0.276000 0.000000 0.000000 0.000000 -12761.075162 14.848231
300.000000 0.278000 0.278000 0.278000 0.000000 0.000000 0.000000 -12775.644382 14.818356
300.000000 0.280000 0.280000 0.280000 0.000000 0.000000 0.000000 -12824.598489 23.299325
300.000000 0.282000 0.282000 0.282000 0.000000 0.000000 0.000000 -12843.822343 21.428358
300.000000 0.284000 0.284000 0.284000 0.000000 0.000000 0.000000 -12850.793558 15.034955
300.000000 0.286000 0.286000 0.286000 0.000000 0.000000 0.000000 -12829.449034 12.196761
300.000000 0.288000 0.288000 0.288000 0.000000 0.000000 0.000000 -12730.284389 11.464806
300.000000 0.290000 0.290000 0.290000 0.000000 0.000000 0.000000 -12714.286489 26.335445
300.000000 0.292000 0.292000 0.292000 0.000000 0.000000 0.000000 -12819.775237 16.058198
300.000000 0.294000 0.294000 0.294000 0.000000 0.000000 0.000000 -12876.673022 21.305121
300.000000 0.296000 0.296000 0.296000 0.000000 0.000000 0.000000 -12809.053663 15.912554
300.000000 0.298000 0.298000 0.298000 0.000000 0.000000 0.000000 -12890.100295 14.220841
300.000000 0.300000 0.300000 0.300000 0.000000 0.000000 0.000000 -12805.443607 21.786867
300.000000 0.302000 0.302000 0.302000 0.000000 0.000000 0.000000 -12840.927619 20.730013
300.000000 0.304000 0.304000 0.304000 0.000000 0.000000 0.000000 -12828.534555 17.959040
300.000000 0.306000 0.306000 0.306000 0.000000 0.000000 0.000000 -12868.557921 26.959100
300.000000 0.308000 0.308000 0.308000 0.000000 0.000000 0.000000 -12715.155023 28.822598
300.000000 0.310000 0.310000 0.310000 0.000000 0.000000 0.000000 -12822.689314 22.787703
300.000000 0.312000 0.312000 0.312000 0.000000 0.000000 0.000000 -12799.359764 18.186843
300.000000 0.314000 0.314000 0.314000 0.000000 0.000000 0.000000 -12749.538138 19.837476
300.000000 0.316000 0.316000 0.316000 0.000000 0.000000 0.000000 -12750.587035 10.837416
300.000000 0.318000 0.318000 0.318000 0.000000 0.000000 0.000000 -12698.279436 26.630467
300.000000 0.320000 0.320000 0.320000 0.000000 0.000000 0.000000 -12762.057122 16.887249
300.000000 0.322000 0.322000 0.322000 0.000000 0.000000 0.000000 -12799.340130 19.490171
300.000000 0.324000 0.324000 0.324000 0.000000 0.000000 0.000000 -12824.725700 9.664794
300.000000 0.326000 0.326000 0.326000 0.000000 0.000000 0.000000 -12790.894501 36.198166
300.000000 0.328000 0.328000 0.328000 0.000000 0.000000 0.000000 -12778.315996 25.820088
300.000000 0.330000 0.330000 0.330000 0.000000 0.000000 0.000000 -12736.841465 21.551595
300.000000 0.332000 0.332000 0.332000 0.000000 0.000000 0.000000 -12720.179893 8.503376
300.000000 0.334000 0.334000 0.334000 0.000000 0.000000 0.000000 -12732.781726 21.316324
300.000000 0.336000 0.336000 0.336000 0.000000 0.000000 0.000000 -12744.128534 14.874373
300.000000 0.338000 0.338000 0.338000 0.000000 0.000000 0.000000 -12741.964655 17.611735
300.000000 0.340000 0.340000 0.340000 0.000000 0.000000 0.000000 -12780.266227 14.205903
300.000000 0.342000 0.342000 0.342000 0.000000 0.000000 0.000000 -12724.012982 8.185946
300.000000 0.344000 0.344000 0.344000 0.000000 0.000000 0.000000 -12734.094414 16.760277
300.000000 0.346000 0.346000 0.346000 0.000000 0.000000 0.000000 -12709.633213 17.178537
300.000000 0.348000 0.348000 0.348000 0.000000 0.000000 0.000000 -12711.766671 6.774319
300.000000 0.350000 0.350000 0.350000 0.000000 0.000000 0.000000 -12698.483067 20.834578
300.000000 0.352000 0.352000 0.352000 0.000000 0.000000 0.000000 -12709.068546 20.169843
300.000000 0.354000 0.354000 0.354000 0.000000 0.000000 0.000000 -12680.502599 25.999343
300.000000 0.356000 0.356000 0.356000 0.000000 0.000000 0.000000 -12788.868066 16.954469
300.000000 0.358000 0.358000 0.358000 0.000000 0.000000 0.000000 -12799.301465 23.317997
300.000000 0.360000 0.360000 0.360000 0.000000 0.000000 0.000000 -12799.576481 10.702976
300.000000 0.362000 0.362000 0.362000 0.000000 0.000000 0.000000 -12832.834625 26.335445
300.000000 0.364000 0.364000 0.364000 0.000000 0.000000 0.000000 -12872.551862 26.025484
300.000000 0.366000 0.366000 0.366000 0.000000 0.000000 0.000000 -12815.025012 11.576840
300.000000 0.368000 0.368000 0.368000 0.000000 0.000000 0.000000 -12808.788592 10.688038
300.000000 0.370000 0.370000 0.370000 0.000000 0.000000 0.000000 -12770.057882 4.402934
300.000000 0.372000 0.372000 0.372000 0.000000 0.000000 0.000000 -12768.327850 11.890535
300.000000 0.374000 0.374000 0.374000 0.000000 0.000000 0.000000 -12757.977889 19.236227
300.000000 0.376000 0.376000 0.376000 0.000000 0.000000 0.000000 -12767.335972 8.936574
300.000000 0.378000 0.378000 0.378000 0.000000 0.000000 0.000000 -12776.507117 9.100890
300.000000 0.380000 0.380000 0.380000 0.000000 0.000000 0.000000 -12795.758782 17.410074
300.000000 0.382000 0.382000 0.382000 0.000000 0.000000 0.000000 -12826.587311 9.974755
300.000000 0.384000 0.384000 0.384000 0.000000 0.000000 0.000000 -12795.027404 11.188456
300.000000 0.386000 0.386000 0.386000 0.000000 0.000000 0.000000 -12788.335695 18.250329
300.000000 0.388000 0.388000 0.388000 0.000000 0.000000 0.000000 -12645.671193 8.630348
300.000000 0.390000 0.390000 0.390000 0.000000 0.000000 0.000000 -12692.520793 23.825884
300.000000 0.392000 0.392000 0.392000 0.000000 0.000000 0.000000 -12715.360272 11.054015
300.000000 0.394000 0.394000 0.394000 0.000000 0.000000 0.000000 -12758.053292 17.645345
300.000000 0.396000 0.396000 0.396000 0.000000 0.000000 0.000000 -12730.211619 4.612064
300.000000 0.398000 0.398000 0.398000 0.000000 0.000000 0.000000 -12748.353023 26.133783
300.000000 0.400000 0.400000 0.400000 0.000000 0.000000 0.000000 -12812.389793 16.371893
300.000000 0.402000 0.402000 0.402000 0.000000 0.000000 0.000000 -12844.136399 14.769808
300.000000 0.404000 0.404000 0.404000 0.000000 0.000000 0.000000 -12770.073731 15.408401
300.000000 0.406000 0.406000 0.406000 0.000000 0.000000 0.000000 -12862.497695 12.484315
300.000000 0.408000 0.408000 0.408000 0.000000 0.000000 0.000000 -12907.515025 6.456889
300.000000 0.410000 0.410000 0.410000 0.000000 0.000000 0.000000 -12887.033336 17.290571
300.000000 0.412000 0.412000 0.412000 0.000000 0.000000 0.000000 -12874.529731 20.722544
300.000000 0.414000 0.414000 0.414000 0.000000 0.000000 0.000000 -12793.545278 13.895943
300.000000 0.416000 0.416000 0.416000 0.000000 0.000000 0.000000 -12777.878546 17.492232
300.000000 0.418000 0.418000 0.418000 0.000000 0.000000 0.000000 -12777.020142 9.537823
300.000000 0.420000 0.420000 0.420000 0.000000 0.000000 0.000000 -12831.263554 5.773482
300.000000 0.422000 0.422000 0.422000 0.000000 0.000000 0.000000 -12828.525315 7.819969
300.000000 0.424000 0.424000 0.424000 0.000000 0.000000 0.000000 -12779.196292 12.211699
300.000000 0.426000 0.426000 0.426000 0.000000 0.000000 0.000000 -12697.158851 2.151052
300.000000 0.428000 0.428000 0.428000 0.000000 0.000000 0.000000 -12746.487775 9.784297
300.000000 0.430000 0.430000 0.430000 0.000000 0.000000 0.000000 -12748.651274 6.109584
300.000000 0.432000 0.432000 0.432000 0.000000 0.000000 0.000000 -12749.886444 7.110421
300.000000 0.434000 0.434000 0.434000 0.000000 0.000000 0.000000 -12748.735826 6.994652
300.000000 0.436000 0.436000 0.436000 0.000000 0.000000 0.000000 -12756.407531 19.942041
300.000000 0.438000 0.438000 0.438000 0.000000 0.000000 0.000000 -12773.908974 14.907983
300.000000 0.440000 0.440000 0.440000 0.000000 0.000000 0.000000 -12732.651147 14.179762
300.000000 0.442000 0.442000 0.442000 0.000000 0.000000 0.000000 -12791.016597 14.452378
300.000000 0.444000 0.444000 0.444000 0.000000 0.000000 0.000000 -12688.024353 17.148662
300.000000 0.446000 0.446000 0.446000 0.000000 0.000000 0.000000 -12767.131321 16.308407
300.000000 0.448000 0.448000 0.448000 0.000000 0.000000 0.000000 -12708.153731 15.068565
300.000000 0.450000 0.450000 0.450000 0.000000 0.000000 0.000000 -12687.702972 12.361078
300.000000 0.452000 0.452000 0.452000 0.000000 0.000000 0.000000 -12705.338716 4.899618
300.000000 0.454000 0.454000 0.454000 0.000000 0.000000 0.000000 -12736.895894 11.035343
300.000000 0.456000 0.456000 0.456000 0.000000 0.000000 0.000000 -12734.590907 17.395136
300.000000 0.458000 0.458000 0.458000 0.000000 0.000000 0.000000 -12688.082055 7.282206
300.000000 0.460000 0.460000 0.460000 0.000000 0.000000 0.000000 -12774.937904 13.425400
300.000000 0.462000 0.462000 0.462000 0.000000 0.000000 0.000000 -12688.530814 4.858538
300.000000 0.464000 0.464000 0.464000 0.000000 0.000000 0.000000 -12775.910938 7.364364
300.000000 0.466000 0.466000 0.466000 0.000000 0.000000 0.000000 -12764.406035 9.231597
300.000000 0.468000 0.468000 0.468000 0.000000 0.000000 0.000000 -12733.258281 3.506662
300.000000 0.470000 0.470000 0.470000 0.000000 0.000000 0.000000 -12785.164895 12.163151
300.000000 0.472000 0.472000 0.472000 0.000000 0.000000 0.000000 -12774.941249 17.675221
300.000000 0.474000 0.474000 0.474000 0.000000 0.000000 0.000000 -12743.485820 14.288062
300.000000 0.476000 0.476000 0.476000 0.000000 0.000000 0.000000 -12730.484424 18.403442
300.000000 0.478000 0.478000 0.478000 0.000000 0.000000 0.000000 -12679.830506 15.046158
300.000000 0.480000 0.480000 0.480000 0.000000 0.000000 0.000000 -12736.896770 9.153173
300.000000 0.482000 0.482000 0.482000 0.000000 0.000000 0.000000 -12782.304161 13.332039
300.000000 0.484000 0.484000 0.484000 0.000000 0.000000 0.000000 -12848.995157 9.922473
300.000000 0.486000 0.486000 0.486000 0.000000 0.000000 0.000000 -12772.205585 3.469318
300.000000 0.488000 0.488000 0.488000 0.000000 0.000000 0.000000 -12727.281026 8.327856
300.000000 0.490000 0.490000 0.490000 0.000000 0.000000 0.000000 -12767.888004 6.038629
300.000000 0.492000 0.492000 0.492000 0.000000 0.000000 0.000000 -12823.589500 14.288062
300.000000 0.494000 0.494000 0.494000 0.000000 0.000000 0.000000 -12781.624881 17.790989
300.000000 0.496000 0.496000 0.496000 0.000000 0.000000 0.000000 -12812.248992 1.926984
300.000000 0.498000 0.498000 0.498000 0.000000 0.000000 0.000000 -12707.014239 5.463522
