19 300.000000 -1.000000 0.000000 0.200000 0.100000 110.000000 0.000000 -32805.148808 47.868266 7.086522
16 300.000000 -1.000000 0.000000 0.500000 0.100000 80.000000 0.000000 -32861.581483 56.347593 6.390197
16 300.000000 -1.000000 0.000000 0.500000 0.100000 80.000000 0.000000 -32876.082782 33.208608 8.221926
17 300.000000 -1.000000 0.000000 0.400000 0.100000 90.000000 0.000000 -32755.912894 45.092293 6.790328
19 300.000000 -1.000000 0.000000 0.200000 0.100000 110.000000 0.000000 -32765.943281 113.779818 6.450463
20 300.000000 -1.000000 0.000000 0.100000 0.100000 120.000000 0.000000 -32957.354553 132.106103 7.750040
20 300.000000 -1.000000 0.000000 0.100000 0.100000 120.000000 0.000000 -33035.174834 144.135542 6.692830
20 300.000000 -1.000000 0.000000 0.100000 0.100000 120.000000 0.000000 -32823.899369 133.382436 7.110117
21 300.000000 -1.000000 0.000000 0.000000 0.100000 130.000000 0.000000 -32786.874024 166.068591 6.440599
21 300.000000 -1.000000 0.000000 0.000000 0.100000 130.000000 0.000000 -32996.367819 165.043002 7.597667
21 300.000000 -1.000000 0.000000 0.000000 0.100000 130.000000 0.000000 -32818.965573 186.727810 7.963667
21 300.000000 -1.000000 0.000000 0.000000 0.100000 130.000000 0.000000 -32654.509743 174.629579 7.329066
21 300.000000 -1.000000 0.000000 0.000000 0.100000 130.000000 0.000000 -32880.015007 180.404453 4.288359
21 300.000000 -1.000000 0.000000 0.000000 0.100000 130.000000 0.000000 -32932.406013 160.419867 4.134875
21 300.000000 -1.000000 0.000000 0.000000 0.100000 130.000000 0.000000 -32771.204697 182.450840 7.237297
21 300.000000 -1.000000 0.000000 0.000000 0.100000 130.000000 0.000000 -32861.410062 154.807985 1.014321
20 300.000000 -1.000000 0.000000 0.100000 0.100000 120.000000 0.000000 -32971.853382 161.047143 3.971655
20 300.000000 -1.000000 0.000000 0.100000 0.100000 120.000000 0.000000 -32969.650190 149.615971 6.428447
20 300.000000 -1.000000 0.000000 0.100000 0.100000 120.000000 0.000000 -32841.652380 151.389106 7.506041
20 300.000000 -1.000000 0.000000 0.100000 0.100000 120.000000 0.000000 -32806.027930 139.941792 6.753285
20 300.000000 -1.000000 0.000000 0.100000 0.100000 120.000000 0.000000 -32935.322295 128.477540 7.536302
20 300.000000 -1.000000 0.000000 0.100000 0.100000 120.000000 0.000000 -32646.143177 151.657120 7.908701
20 300.000000 -1.000000 0.000000 0.100000 0.100000 120.000000 0.000000 -32776.801578 138.877928 6.389769
20 300.000000 -1.000000 0.000000 0.100000 0.100000 120.000000 0.000000 -32943.147915 147.720529 6.815544
20 300.000000 -1.000000 0.000000 0.100000 0.100000 120.000000 0.000000 -32798.616956 131.957235 7.141722
20 300.000000 -1.000000 0.000000 0.100000 0.100000 120.000000 0.000000 -32840.574520 140.762471 6.920111
20 300.000000 -1.000000 0.000000 0.100000 0.100000 120.000000 0.000000 -32823.297001 155.389234 7.798780
20 300.000000 -1.000000 0.000000 0.100000 0.100000 120.000000 0.000000 -32777.570293 157.489451 6.691902
20 300.000000 -1.000000 0.000000 0.100000 0.100000 120.000000 0.000000 -32852.709897 129.458304 7.204999
20 300.000000 -1.000000 0.000000 0.100000 0.100000 120.000000 0.000000 -32915.114084 124.662358 7.296271
20 300.000000 -1.000000 0.000000 0.100000 0.100000 120.000000 0.000000 -32779.428398 110.257228 6.506209
20 300.000000 -1.000000 0.000000 0.100000 0.100000 120.000000 0.000000 -32750.735501 62.428773 7.460685
17 300.000000 -1.000000 0.000000 0.400000 0.100000 90.000000 0.000000 -32815.891461 30.056020 6.628761
15 300.000000 -1.000000 0.100000 0.500000 0.100000 70.000000 0.000000 -32975.732450 16.365722 6.990856
15 300.000000 -1.000000 0.100000 0.500000 0.100000 70.000000 0.000000 -32864.343124 18.151849 6.711327
15 300.000000 -1.000000 0.100000 0.500000 0.100000 70.000000 0.000000 -32807.474017 12.389372 6.439932
14 300.000000 -1.000000 0.200000 0.500000 0.100000 60.000000 0.000000 -32911.036719 7.384531 7.515762
13 300.000000 -1.000000 0.300000 0.500000 0.100000 50.000000 0.000000 -32826.760019 1.589868 7.485111
8 300.000000 1.000000 0.300000 0.500000 0.100000 50.000000 0.000000 -32786.699336 6.682110 6.599481
8 300.000000 1.000000 0.300000 0.500000 0.100000 50.000000 0.000000 -32877.026582 10.630501 8.185226
9 300.000000 1.000000 0.400000 0.500000 0.100000 40.000000 0.000000 -32841.040309 6.620915 7.054902
8 300.000000 1.000000 0.300000 0.500000 0.100000 50.000000 0.000000 -32789.829291 3.313557 7.897482
8 300.000000 1.000000 0.300000 0.500000 0.100000 50.000000 0.000000 -32762.688234 12.317711 6.414752
7 300.000000 1.000000 0.200000 0.500000 0.100000 60.000000 0.000000 -32821.503068 4.562004 7.533235
10 300.000000 1.000000 0.500000 0.500000 0.100000 30.000000 0.000000 -32936.749165 2.887645 6.946438
9 300.000000 1.000000 0.400000 0.500000 0.100000 40.000000 0.000000 -32769.538873 5.641010 6.979646
8 300.000000 1.000000 0.300000 0.500000 0.100000 50.000000 0.000000 -32930.834023 2.554836 7.011473
8 300.000000 1.000000 0.300000 0.500000 0.100000 50.000000 0.000000 -32876.013794 -2.007092 6.391501
8 300.000000 1.000000 0.300000 0.500000 0.100000 50.000000 0.000000 -32841.339482 15.689019 7.195904
6 300.000000 1.000000 0.100000 0.500000 0.100000 70.000000 0.000000 -32913.880903 16.451063 8.117277
6 300.000000 1.000000 0.100000 0.500000 0.100000 70.000000 0.000000 -32938.606963 27.665956 6.390850
7 300.000000 1.000000 0.200000 0.500000 0.100000 60.000000 0.000000 -32761.031088 -0.248384 8.280479
10 300.000000 1.000000 0.500000 0.500000 0.100000 30.000000 0.000000 -32777.148900 -4.448727 8.143602
10 300.000000 1.000000 0.500000 0.500000 0.100000 30.000000 0.000000 -32895.156079 -0.276280 7.142077
10 300.000000 1.000000 0.500000 0.500000 0.100000 30.000000 0.000000 -32802.215100 -2.285493 6.430603
11 300.000000 -1.000000 0.500000 0.500000 0.100000 30.000000 0.000000 -32886.022487 -0.014313 6.572579
11 300.000000 -1.000000 0.500000 0.500000 0.100000 30.000000 0.000000 -33019.426504 0.651245 8.016513
13 300.000000 -1.000000 0.300000 0.500000 0.100000 50.000000 0.000000 -32876.321202 17.115522 8.225414
15 300.000000 -1.000000 0.100000 0.500000 0.100000 70.000000 0.000000 -33015.020447 27.111023 6.742487
16 300.000000 -1.000000 0.000000 0.500000 0.100000 80.000000 0.000000 -32681.570812 56.598613 6.984475
18 300.000000 -1.000000 0.000000 0.300000 0.100000 100.000000 0.000000 -32831.954191 46.079632 7.947599
19 300.000000 -1.000000 0.000000 0.200000 0.100000 110.000000 0.000000 -32916.529725 87.633628 7.721666
19 300.000000 -1.000000 0.000000 0.200000 0.100000 110.000000 0.000000 -32713.346108 92.241456 7.318771
19 300.000000 -1.000000 0.000000 0.200000 0.100000 110.000000 0.000000 -32905.586807 89.039058 6.401398
19 300.000000 -1.000000 0.000000 0.200000 0.100000 110.000000 0.000000 -32841.859580 89.976418 6.399917
19 300.000000 -1.000000 0.000000 0.200000 0.100000 110.000000 0.000000 -32864.740902 59.969681 7.653420
17 300.000000 -1.000000 0.000000 0.400000 0.100000 90.000000 0.000000 -32777.266652 33.435441 7.399395
17 300.000000 -1.000000 0.000000 0.400000 0.100000 90.000000 0.000000 -32763.403878 46.228521 6.429637
16 300.000000 -1.000000 0.000000 0.500000 0.100000 80.000000 0.000000 -32686.923909 54.982007 8.044269
19 300.000000 -1.000000 0.000000 0.200000 0.100000 110.000000 0.000000 -32853.439535 88.426750 6.991516
19 300.000000 -1.000000 0.000000 0.200000 0.100000 110.000000 0.000000 -32808.325759 56.068446 6.402005
18 300.000000 -1.000000 0.000000 0.300000 0.100000 100.000000 0.000000 -32762.463842 61.672576 6.412149
19 300.000000 -1.000000 0.000000 0.200000 0.100000 110.000000 0.000000 -32757.871369 54.915250 6.513229
18 300.000000 -1.000000 0.000000 0.300000 0.100000 100.000000 0.000000 -32933.286707 55.317382 7.351114
18 300.000000 -1.000000 0.000000 0.300000 0.100000 100.000000 0.000000 -32766.770267 64.914995 8.161425
19 300.000000 -1.000000 0.000000 0.200000 0.100000 110.000000 0.000000 -32877.396720 126.954875 8.280843
19 300.000000 -1.000000 0.000000 0.200000 0.100000 110.000000 0.000000 -32773.032254 63.733568 7.153571
18 300.000000 -1.000000 0.000000 0.300000 0.100000 100.000000 0.000000 -32911.004647 60.688718 6.662101
18 300.000000 -1.000000 0.000000 0.300000 0.100000 100.000000 0.000000 -32884.678877 89.336114 7.973097
19 300.000000 -1.000000 0.000000 0.200000 0.100000 110.000000 0.000000 -32901.957786 115.535919 6.855307
19 300.000000 -1.000000 0.000000 0.200000 0.100000 110.000000 0.000000 -32903.637337 78.690347 7.401050
19 300.000000 -1.000000 0.000000 0.200000 0.100000 110.000000 0.000000 -32853.551630 72.593775 6.447512
17 300.000000 -1.000000 0.000000 0.400000 0.100000 90.000000 0.000000 -32834.111057 26.247694 7.787837
16 300.000000 -1.000000 0.000000 0.500000 0.100000 80.000000 0.000000 -32936.880128 37.955631 7.072490
16 300.000000 -1.000000 0.000000 0.500000 0.100000 80.000000 0.000000 -32789.137960 66.643879 7.864986
17 300.000000 -1.000000 0.000000 0.400000 0.100000 90.000000 0.000000 -32897.948699 37.150815 6.390426
15 300.000000 -1.000000 0.100000 0.500000 0.100000 70.000000 0.000000 -32587.844597 36.188252 6.773051
16 300.000000 -1.000000 0.000000 0.500000 0.100000 80.000000 0.000000 -32846.710766 27.134083 7.401727
15 300.000000 -1.000000 0.100000 0.500000 0.100000 70.000000 0.000000 -32938.024124 42.239596 7.001471
17 300.000000 -1.000000 0.000000 0.400000 0.100000 90.000000 0.000000 -32795.528023 51.958691 6.389711
17 300.000000 -1.000000 0.000000 0.400000 0.100000 90.000000 0.000000 -32670.159895 43.123861 7.845765
16 300.000000 -1.000000 0.000000 0.500000 0.100000 80.000000 0.000000 -32786.861173 35.939388 6.392993
16 300.000000 -1.000000 0.000000 0.500000 0.100000 80.000000 0.000000 -32795.208003 44.112287 6.458200
18 300.000000 -1.000000 0.000000 0.300000 0.100000 100.000000 0.000000 -32796.109368 86.758985 7.263377
18 300.000000 -1.000000 0.000000 0.300000 0.100000 100.000000 0.000000 -32761.270497 43.673101 6.505756
15 300.000000 -1.000000 0.100000 0.500000 0.100000 70.000000 0.000000 -33022.403267 16.294905 6.658603
14 300.000000 -1.000000 0.200000 0.500000 0.100000 60.000000 0.000000 -32815.422115 13.069460 6.525723
15 300.000000 -1.000000 0.100000 0.500000 0.100000 70.000000 0.000000 -32926.857362 20.175589 7.955471
15 300.000000 -1.000000 0.100000 0.500000 0.100000 70.000000 0.000000 -32814.017949 20.033536 7.854313
14 300.000000 -1.000000 0.200000 0.500000 0.100000 60.000000 0.000000 -32812.766275 14.767385 7.616741
13 300.000000 -1.000000 0.300000 0.500000 0.100000 50.000000 0.000000 -32714.243402 -1.400086 8.271275
12 300.000000 -1.000000 0.400000 0.500000 0.100000 40.000000 0.000000 -32821.339962 -2.399005 8.278520
12 300.000000 -1.000000 0.400000 0.500000 0.100000 40.000000 0.000000 -32793.802616 -2.636042 6.398135
11 300.000000 -1.000000 0.500000 0.500000 0.100000 30.000000 0.000000 -32778.112019 1.323281 7.299536
13 300.000000 -1.000000 0.300000 0.500000 0.100000 50.000000 0.000000 -32946.209863 5.960543 6.736799
14 300.000000 -1.000000 0.200000 0.500000 0.100000 60.000000 0.000000 -32906.796366 14.305701 5.503556
14 300.000000 -1.000000 0.200000 0.500000 0.100000 60.000000 0.000000 -32856.924249 15.715736 6.420896
14 300.000000 -1.000000 0.200000 0.500000 0.100000 60.000000 0.000000 -32943.249342 6.679247 6.434409
7 300.000000 1.000000 0.200000 0.500000 0.100000 60.000000 0.000000 -32836.506788 18.427102 6.395603
7 300.000000 1.000000 0.200000 0.500000 0.100000 60.000000 0.000000 -32919.587739 11.749565 7.102364
7 300.000000 1.000000 0.200000 0.500000 0.100000 60.000000 0.000000 -32952.189832 7.480524 6.398732
8 300.000000 1.000000 0.300000 0.500000 0.100000 50.000000 0.000000 -32855.998885 4.947260 6.566618
13 300.000000 -1.000000 0.300000 0.500000 0.100000 50.000000 0.000000 -32871.451607 6.736945 6.390398
14 300.000000 -1.000000 0.200000 0.500000 0.100000 60.000000 0.000000 -32737.878156 10.697970 8.028468
13 300.000000 -1.000000 0.300000 0.500000 0.100000 50.000000 0.000000 -32826.701869 5.853780 6.443454
12 300.000000 -1.000000 0.400000 0.500000 0.100000 40.000000 0.000000 -32846.587562 1.773245 6.699985
13 300.000000 -1.000000 0.300000 0.500000 0.100000 50.000000 0.000000 -32884.526678 5.295694 7.475588
13 300.000000 -1.000000 0.300000 0.500000 0.100000 50.000000 0.000000 -32924.243525 -0.269712 6.389749
11 300.000000 -1.000000 0.500000 0.500000 0.100000 30.000000 0.000000 -32651.555426 -7.588709 6.415314
9 300.000000 1.000000 0.400000 0.500000 0.100000 40.000000 0.000000 -32916.524713 6.529682 6.606295
10 300.000000 1.000000 0.500000 0.500000 0.100000 30.000000 0.000000 -32914.052430 4.183234 6.994102
8 300.000000 1.000000 0.300000 0.500000 0.100000 50.000000 0.000000 -32849.402529 4.769996 6.510529
12 300.000000 -1.000000 0.400000 0.500000 0.100000 40.000000 0.000000 -32975.680771 -5.547262 6.421647
9 300.000000 1.000000 0.400000 0.500000 0.100000 40.000000 0.000000 -32790.884221 6.121875 8.153102
9 300.000000 1.000000 0.400000 0.500000 0.100000 40.000000 0.000000 -32823.811859 -0.319553 6.523147
11 300.000000 -1.000000 0.500000 0.500000 0.100000 30.000000 0.000000 -32821.842596 1.559938 6.545503
11 300.000000 -1.000000 0.500000 0.500000 0.100000 30.000000 0.000000 -32861.924580 -0.749238 6.807266
8 300.000000 1.000000 0.300000 0.500000 0.100000 50.000000 0.000000 -32850.670666 4.133884 8.103377
10 300.000000 1.000000 0.500000 0.500000 0.100000 30.000000 0.000000 -32961.835198 1.357070 6.795993
11 300.000000 -1.000000 0.500000 0.500000 0.100000 30.000000 0.000000 -32840.260483 0.566112 7.093167
12 300.000000 -1.000000 0.400000 0.500000 0.100000 40.000000 0.000000 -32782.442980 -1.763307 6.403066
11 300.000000 -1.000000 0.500000 0.500000 0.100000 30.000000 0.000000 -32832.878092 -0.428393 6.407799
11 300.000000 -1.000000 0.500000 0.500000 0.100000 30.000000 0.000000 -32824.437747 4.633372 6.395598
9 300.000000 1.000000 0.400000 0.500000 0.100000 40.000000 0.000000 -32796.571157 5.833111 6.448184
7 300.000000 1.000000 0.200000 0.500000 0.100000 60.000000 0.000000 -32897.810569 12.674699 6.389710
7 300.000000 1.000000 0.200000 0.500000 0.100000 60.000000 0.000000 -32802.693171 7.953263 7.399199
10 300.000000 1.000000 0.500000 0.500000 0.100000 30.000000 0.000000 -32845.137549 -2.300998 6.448224
11 300.000000 -1.000000 0.500000 0.500000 0.100000 30.000000 0.000000 -32764.104945 2.851157 6.533898
13 300.000000 -1.000000 0.300000 0.500000 0.100000 50.000000 0.000000 -32961.103186 11.820341 6.418854
12 300.000000 -1.000000 0.400000 0.500000 0.100000 40.000000 0.000000 -32840.391750 12.897760 6.744342
15 300.000000 -1.000000 0.100000 0.500000 0.100000 70.000000 0.000000 -32898.513745 24.414057 6.981670
15 300.000000 -1.000000 0.100000 0.500000 0.100000 70.000000 0.000000 -32912.141321 17.083560 7.127091
15 300.000000 -1.000000 0.100000 0.500000 0.100000 70.000000 0.000000 -32907.251274 19.814130 6.706899
15 300.000000 -1.000000 0.100000 0.500000 0.100000 70.000000 0.000000 -32843.080453 26.774115 7.328300
14 300.000000 -1.000000 0.200000 0.500000 0.100000 60.000000 0.000000 -32964.731936 5.084066 6.401686
12 300.000000 -1.000000 0.400000 0.500000 0.100000 40.000000 0.000000 -32837.982867 8.447602 6.675112
9 300.000000 1.000000 0.400000 0.500000 0.100000 40.000000 0.000000 -32794.316455 15.395913 8.024967
7 300.000000 1.000000 0.200000 0.500000 0.100000 60.000000 0.000000 -32950.135146 5.804541 7.606537
7 300.000000 1.000000 0.200000 0.500000 0.100000 60.000000 0.000000 -32831.642046 2.576461 6.882211
8 300.000000 1.000000 0.300000 0.500000 0.100000 50.000000 0.000000 -32778.433328 10.782629 6.844324
7 300.000000 1.000000 0.200000 0.500000 0.100000 60.000000 0.000000 -32876.707984 17.965283 6.403093
7 300.000000 1.000000 0.200000 0.500000 0.100000 60.000000 0.000000 -32831.018606 6.161788 6.674070
9 300.000000 1.000000 0.400000 0.500000 0.100000 40.000000 0.000000 -32921.028016 -2.179157 6.391795
9 300.000000 1.000000 0.400000 0.500000 0.100000 40.000000 0.000000 -32811.138214 1.976912 6.390509
12 300.000000 -1.000000 0.400000 0.500000 0.100000 40.000000 0.000000 -33037.038241 -6.147545 7.403349
10 300.000000 1.000000 0.500000 0.500000 0.100000 30.000000 0.000000 -32671.812890 3.407275 7.688139
15 300.000000 -1.000000 0.100000 0.500000 0.100000 70.000000 0.000000 -32787.678062 18.817980 5.844107
15 300.000000 -1.000000 0.100000 0.500000 0.100000 70.000000 0.000000 -32839.325082 20.470928 6.676827
14 300.000000 -1.000000 0.200000 0.500000 0.100000 60.000000 0.000000 -32734.432989 4.311553 7.817132
13 300.000000 -1.000000 0.300000 0.500000 0.100000 50.000000 0.000000 -32827.205204 23.780707 6.462356
14 300.000000 -1.000000 0.200000 0.500000 0.100000 60.000000 0.000000 -32856.666638 10.683851 7.858687
13 300.000000 -1.000000 0.300000 0.500000 0.100000 50.000000 0.000000 -32990.487827 -0.235517 6.670419
10 300.000000 1.000000 0.500000 0.500000 0.100000 30.000000 0.000000 -32702.085044 0.129376 6.395335
9 300.000000 1.000000 0.400000 0.500000 0.100000 40.000000 0.000000 -32853.245021 6.266147 6.945383
7 300.000000 1.000000 0.200000 0.500000 0.100000 60.000000 0.000000 -32923.079159 23.004362 6.468891
6 300.000000 1.000000 0.100000 0.500000 0.100000 70.000000 0.000000 -32707.274759 31.092093 6.400331
5 300.000000 1.000000 0.000000 0.500000 0.100000 80.000000 0.000000 -32885.547289 30.603583 6.535538
6 300.000000 1.000000 0.100000 0.500000 0.100000 70.000000 0.000000 -32946.614767 7.538070 6.863784
8 300.000000 1.000000 0.300000 0.500000 0.100000 50.000000 0.000000 -32930.802261 13.499640 7.833176
8 300.000000 1.000000 0.300000 0.500000 0.100000 50.000000 0.000000 -32910.303638 0.287868 6.390986
11 300.000000 -1.000000 0.500000 0.500000 0.100000 30.000000 0.000000 -32779.468046 -1.378170 8.188393
13 300.000000 -1.000000 0.300000 0.500000 0.100000 50.000000 0.000000 -32854.880364 8.169794 6.390113
12 300.000000 -1.000000 0.400000 0.500000 0.100000 40.000000 0.000000 -32873.387723 10.037768 7.692452
13 300.000000 -1.000000 0.300000 0.500000 0.100000 50.000000 0.000000 -32698.475295 14.506536 6.509220
15 300.000000 -1.000000 0.100000 0.500000 0.100000 70.000000 0.000000 -32847.092824 21.588935 5.301706
14 300.000000 -1.000000 0.200000 0.500000 0.100000 60.000000 0.000000 -32821.522928 13.413490 7.887043
15 300.000000 -1.000000 0.100000 0.500000 0.100000 70.000000 0.000000 -32839.728478 25.097585 8.283398
14 300.000000 -1.000000 0.200000 0.500000 0.100000 60.000000 0.000000 -32748.755055 8.877495 6.792865
15 300.000000 -1.000000 0.100000 0.500000 0.100000 70.000000 0.000000 -32988.866583 28.477141 7.080444
15 300.000000 -1.000000 0.100000 0.500000 0.100000 70.000000 0.000000 -32734.617715 26.682397 7.279508
15 300.000000 -1.000000 0.100000 0.500000 0.100000 70.000000 0.000000 -32910.839454 28.309288 3.043154
15 300.000000 -1.000000 0.100000 0.500000 0.100000 70.000000 0.000000 -32610.912494 31.474758 7.151848
15 300.000000 -1.000000 0.100000 0.500000 0.100000 70.000000 0.000000 -32980.820659 26.893700 8.270660
15 300.000000 -1.000000 0.100000 0.500000 0.100000 70.000000 0.000000 -32922.114807 34.391929 5.401534
17 300.000000 -1.000000 0.000000 0.400000 0.100000 90.000000 0.000000 -32987.031445 61.447294 7.910928
19 300.000000 -1.000000 0.000000 0.200000 0.100000 110.000000 0.000000 -32836.534123 126.938812 8.260973
19 300.000000 -1.000000 0.000000 0.200000 0.100000 110.000000 0.000000 -32837.698572 120.193982 8.170937
19 300.000000 -1.000000 0.000000 0.200000 0.100000 110.000000 0.000000 -32846.178778 137.638441 5.259499
20 300.000000 -1.000000 0.000000 0.100000 0.100000 120.000000 0.000000 -32943.342364 154.853856 7.167461
20 300.000000 -1.000000 0.000000 0.100000 0.100000 120.000000 0.000000 -32885.502463 140.182879 7.594431
20 300.000000 -1.000000 0.000000 0.100000 0.100000 120.000000 0.000000 -32849.250300 131.903618 4.999899
20 300.000000 -1.000000 0.000000 0.100000 0.100000 120.000000 0.000000 -32813.165280 158.486392 6.450728
20 300.000000 -1.000000 0.000000 0.100000 0.100000 120.000000 0.000000 -32987.070395 144.557535 0.720958
20 300.000000 -1.000000 0.000000 0.100000 0.100000 120.000000 0.000000 -32815.655788 139.234602 5.516728
20 300.000000 -1.000000 0.000000 0.100000 0.100000 120.000000 0.000000 -32859.004578 159.572394 6.401465
20 300.000000 -1.000000 0.000000 0.100000 0.100000 120.000000 0.000000 -32849.106056 145.021136 6.579500
20 300.000000 -1.000000 0.000000 0.100000 0.100000 120.000000 0.000000 -32867.930043 137.972036 6.106307
20 300.000000 -1.000000 0.000000 0.100000 0.100000 120.000000 0.000000 -32911.301841 132.575146 7.272058
20 300.000000 -1.000000 0.000000 0.100000 0.100000 120.000000 0.000000 -32800.132271 138.928554 7.283940
20 300.000000 -1.000000 0.000000 0.100000 0.100000 120.000000 0.000000 -32776.050129 135.077222 6.783728
20 300.000000 -1.000000 0.000000 0.100000 0.100000 120.000000 0.000000 -33008.355319 140.943596 6.595907
20 300.000000 -1.000000 0.000000 0.100000 0.100000 120.000000 0.000000 -32924.514398 132.065624 7.481884
19 300.000000 -1.000000 0.000000 0.200000 0.100000 110.000000 0.000000 -32834.433624 100.719883 6.795982
19 300.000000 -1.000000 0.000000 0.200000 0.100000 110.000000 0.000000 -32758.282758 121.899299 6.657837
19 300.000000 -1.000000 0.000000 0.200000 0.100000 110.000000 0.000000 -32780.487417 91.889603 6.436148
18 300.000000 -1.000000 0.000000 0.300000 0.100000 100.000000 0.000000 -32795.250162 80.056198 7.373905
18 300.000000 -1.000000 0.000000 0.300000 0.100000 100.000000 0.000000 -32873.243565 63.167387 6.410630
16 300.000000 -1.000000 0.000000 0.500000 0.100000 80.000000 0.000000 -32833.025967 49.038809 6.734416
16 300.000000 -1.000000 0.000000 0.500000 0.100000 80.000000 0.000000 -32808.425566 27.479857 8.106830
15 300.000000 -1.000000 0.100000 0.500000 0.100000 70.000000 0.000000 -32885.654113 23.684378 6.488294
15 300.000000 -1.000000 0.100000 0.500000 0.100000 70.000000 0.000000 -32867.113109 30.076184 6.548352
17 300.000000 -1.000000 0.000000 0.400000 0.100000 90.000000 0.000000 -32864.337234 69.362582 6.452364
16 300.000000 -1.000000 0.000000 0.500000 0.100000 80.000000 0.000000 -32944.667848 44.866897 7.387072
17 300.000000 -1.000000 0.000000 0.400000 0.100000 90.000000 0.000000 -32875.544931 87.865245 6.969915
18 300.000000 -1.000000 0.000000 0.300000 0.100000 100.000000 0.000000 -32839.469976 72.745584 7.073020
18 300.000000 -1.000000 0.000000 0.300000 0.100000 100.000000 0.000000 -32954.011670 71.187467 7.229608
16 300.000000 -1.000000 0.000000 0.500000 0.100000 80.000000 0.000000 -32821.494075 61.576652 7.319984
19 300.000000 -1.000000 0.000000 0.200000 0.100000 110.000000 0.000000 -32828.620834 52.154490 6.409710
18 300.000000 -1.000000 0.000000 0.300000 0.100000 100.000000 0.000000 -32752.034395 41.951107 6.548396
16 300.000000 -1.000000 0.000000 0.500000 0.100000 80.000000 0.000000 -32670.217260 46.664191 7.723485
16 300.000000 -1.000000 0.000000 0.500000 0.100000 80.000000 0.000000 -32716.981150 52.591217 8.275639
16 300.000000 -1.000000 0.000000 0.500000 0.100000 80.000000 0.000000 -32757.356750 54.598723 8.282978
17 300.000000 -1.000000 0.000000 0.400000 0.100000 90.000000 0.000000 -32898.634183 55.384537 7.052550
17 300.000000 -1.000000 0.000000 0.400000 0.100000 90.000000 0.000000 -32857.046720 63.725938 7.312763
16 300.000000 -1.000000 0.000000 0.500000 0.100000 80.000000 0.000000 -32695.638154 65.966648 6.529203
17 300.000000 -1.000000 0.000000 0.400000 0.100000 90.000000 0.000000 -32777.268587 21.383123 6.485758
14 300.000000 -1.000000 0.200000 0.500000 0.100000 60.000000 0.000000 -32826.757834 18.644903 6.806422
15 300.000000 -1.000000 0.100000 0.500000 0.100000 70.000000 0.000000 -32846.981442 22.927731 7.123048
13 300.000000 -1.000000 0.300000 0.500000 0.100000 50.000000 0.000000 -32708.418429 9.192109 8.273769
11 300.000000 -1.000000 0.500000 0.500000 0.100000 30.000000 0.000000 -32812.720519 3.166179 6.400841
10 300.000000 1.000000 0.500000 0.500000 0.100000 30.000000 0.000000 -32841.710745 2.061814 7.364964
13 300.000000 -1.000000 0.300000 0.500000 0.100000 50.000000 0.000000 -32736.983476 8.342092 7.389102
14 300.000000 -1.000000 0.200000 0.500000 0.100000 60.000000 0.000000 -32857.134765 10.062376 6.510739
14 300.000000 -1.000000 0.200000 0.500000 0.100000 60.000000 0.000000 -32887.710132 11.738592 6.402805
13 300.000000 -1.000000 0.300000 0.500000 0.100000 50.000000 0.000000 -32786.233091 13.958574 6.850458
13 300.000000 -1.000000 0.300000 0.500000 0.100000 50.000000 0.000000 -32841.751465 5.548898 8.125203
12 300.000000 -1.000000 0.400000 0.500000 0.100000 40.000000 0.000000 -32911.038774 3.267609 6.391736
12 300.000000 -1.000000 0.400000 0.500000 0.100000 40.000000 0.000000 -32818.840414 2.917220 6.931137
10 300.000000 1.000000 0.500000 0.500000 0.100000 30.000000 0.000000 -32885.283205 1.062369 7.567905
10 300.000000 1.000000 0.500000 0.500000 0.100000 30.000000 0.000000 -32955.050600 -3.118632 6.613248
10 300.000000 1.000000 0.500000 0.500000 0.100000 30.000000 0.000000 -32922.996137 2.840809 7.152611
7 300.000000 1.000000 0.200000 0.500000 0.100000 60.000000 0.000000 -32793.006822 17.355095 6.686975
9 300.000000 1.000000 0.400000 0.500000 0.100000 40.000000 0.000000 -32769.491113 8.356566 6.498735
8 300.000000 1.000000 0.300000 0.500000 0.100000 50.000000 0.000000 -32764.770842 13.471693 6.424313
7 300.000000 1.000000 0.200000 0.500000 0.100000 60.000000 0.000000 -32944.144506 7.762272 6.645729
7 300.000000 1.000000 0.200000 0.500000 0.100000 60.000000 0.000000 -32916.951178 7.945301 7.143027
8 300.000000 1.000000 0.300000 0.500000 0.100000 50.000000 0.000000 -32740.141915 4.982054 7.903982
8 300.000000 1.000000 0.300000 0.500000 0.100000 50.000000 0.000000 -33062.018205 -4.338638 8.139757
11 300.000000 -1.000000 0.500000 0.500000 0.100000 30.000000 0.000000 -32822.702289 -2.586068 7.042396
10 300.000000 1.000000 0.500000 0.500000 0.100000 30.000000 0.000000 -32836.904500 12.608795 6.741311
6 300.000000 1.000000 0.100000 0.500000 0.100000 70.000000 0.000000 -32892.788187 22.000522 7.267326
6 300.000000 1.000000 0.100000 0.500000 0.100000 70.000000 0.000000 -32905.057123 22.589863 8.027231
6 300.000000 1.000000 0.100000 0.500000 0.100000 70.000000 0.000000 -32858.614592 27.785735 7.100838
5 300.000000 1.000000 0.000000 0.500000 0.100000 80.000000 0.000000 -32811.534369 33.421136 6.416433
6 300.000000 1.000000 0.100000 0.500000 0.100000 70.000000 0.000000 -32879.885343 21.549539 6.405806
6 300.000000 1.000000 0.100000 0.500000 0.100000 70.000000 0.000000 -32770.564217 23.157865 8.051305
6 300.000000 1.000000 0.100000 0.500000 0.100000 70.000000 0.000000 -32712.309176 19.227723 7.239990
6 300.000000 1.000000 0.100000 0.500000 0.100000 70.000000 0.000000 -32861.520336 24.371768 6.527876
6 300.000000 1.000000 0.100000 0.500000 0.100000 70.000000 0.000000 -32771.633978 16.237993 6.896234
6 300.000000 1.000000 0.100000 0.500000 0.100000 70.000000 0.000000 -32861.442968 22.754213 6.826522
6 300.000000 1.000000 0.100000 0.500000 0.100000 70.000000 0.000000 -32905.866774 16.194977 8.270258
7 300.000000 1.000000 0.200000 0.500000 0.100000 60.000000 0.000000 -32915.998913 22.155496 7.512071
6 300.000000 1.000000 0.100000 0.500000 0.100000 70.000000 0.000000 -32855.335344 23.396683 7.706868
6 300.000000 1.000000 0.100000 0.500000 0.100000 70.000000 0.000000 -32849.161555 21.751787 6.508292
6 300.000000 1.000000 0.100000 0.500000 0.100000 70.000000 0.000000 -32872.353061 17.222259 8.271422
6 300.000000 1.000000 0.100000 0.500000 0.100000 70.000000 0.000000 -32836.998886 5.145662 7.884165
10 300.000000 1.000000 0.500000 0.500000 0.100000 30.000000 0.000000 -32668.772955 1.327116 7.167009
11 300.000000 -1.000000 0.500000 0.500000 0.100000 30.000000 0.000000 -33028.796779 -0.749506 6.906484
11 300.000000 -1.000000 0.500000 0.500000 0.100000 30.000000 0.000000 -32708.361844 -5.747500 6.954521
11 300.000000 -1.000000 0.500000 0.500000 0.100000 30.000000 0.000000 -32888.651427 8.264881 6.789334
14 300.000000 -1.000000 0.200000 0.500000 0.100000 60.000000 0.000000 -32786.306798 15.353545 7.036193
15 300.000000 -1.000000 0.100000 0.500000 0.100000 70.000000 0.000000 -32957.326379 23.150291 7.291913
14 300.000000 -1.000000 0.200000 0.500000 0.100000 60.000000 0.000000 -32908.016353 15.677001 6.856153
14 300.000000 -1.000000 0.200000 0.500000 0.100000 60.000000 0.000000 -32898.831250 9.415360 6.413491
14 300.000000 -1.000000 0.200000 0.500000 0.100000 60.000000 0.000000 -32681.489872 5.067912 6.439592
13 300.000000 -1.000000 0.300000 0.500000 0.100000 50.000000 0.000000 -32887.641233 10.253615 6.861552
13 300.000000 -1.000000 0.300000 0.500000 0.100000 50.000000 0.000000 -32856.598825 16.380694 6.435025
12 300.000000 -1.000000 0.400000 0.500000 0.100000 40.000000 0.000000 -32776.299643 1.404135 7.041652
11 300.000000 -1.000000 0.500000 0.500000 0.100000 30.000000 0.000000 -33087.838103 1.642025 6.892406
11 300.000000 -1.000000 0.500000 0.500000 0.100000 30.000000 0.000000 -32840.897508 0.078777 8.018076
8 300.000000 1.000000 0.300000 0.500000 0.100000 50.000000 0.000000 -32608.108323 3.803882 6.886547
9 300.000000 1.000000 0.400000 0.500000 0.100000 40.000000 0.000000 -32786.824727 0.458074 7.135283
13 300.000000 -1.000000 0.300000 0.500000 0.100000 50.000000 0.000000 -32857.269498 -0.274533 6.865779
11 300.000000 -1.000000 0.500000 0.500000 0.100000 30.000000 0.000000 -32934.982039 2.094957 7.518640
12 300.000000 -1.000000 0.400000 0.500000 0.100000 40.000000 0.000000 -32850.849076 5.488506 6.565791
13 300.000000 -1.000000 0.300000 0.500000 0.100000 50.000000 0.000000 -32874.544271 14.014347 1.857483
15 300.000000 -1.000000 0.100000 0.500000 0.100000 70.000000 0.000000 -32913.375695 45.989841 7.446789
17 300.000000 -1.000000 0.000000 0.400000 0.100000 90.000000 0.000000 -32593.830418 76.699209 7.365907
18 300.000000 -1.000000 0.000000 0.300000 0.100000 100.000000 0.000000 -32986.789221 68.951707 7.563903
17 300.000000 -1.000000 0.000000 0.400000 0.100000 90.000000 0.000000 -32729.291448 50.118271 6.408463
17 300.000000 -1.000000 0.000000 0.400000 0.100000 90.000000 0.000000 -32831.755306 49.126838 6.448530
17 300.000000 -1.000000 0.000000 0.400000 0.100000 90.000000 0.000000 -32847.752920 33.279580 1.733893
16 300.000000 -1.000000 0.000000 0.500000 0.100000 80.000000 0.000000 -32864.307038 65.511233 0.577563
17 300.000000 -1.000000 0.000000 0.400000 0.100000 90.000000 0.000000 -32824.144397 55.832278 3.730992
16 300.000000 -1.000000 0.000000 0.500000 0.100000 80.000000 0.000000 -32642.608911 53.978802 7.329155
18 300.000000 -1.000000 0.000000 0.300000 0.100000 100.000000 0.000000 -32848.157623 53.054015 6.486832
17 300.000000 -1.000000 0.000000 0.400000 0.100000 90.000000 0.000000 -32792.209952 40.437189 8.226873
16 300.000000 -1.000000 0.000000 0.500000 0.100000 80.000000 0.000000 -32784.004384 32.875404 6.932254
18 300.000000 -1.000000 0.000000 0.300000 0.100000 100.000000 0.000000 -32751.052125 93.303755 6.790287
18 300.000000 -1.000000 0.000000 0.300000 0.100000 100.000000 0.000000 -32851.945718 72.503126 6.882324
19 300.000000 -1.000000 0.000000 0.200000 0.100000 110.000000 0.000000 -32874.887159 124.108431 6.582560
19 300.000000 -1.000000 0.000000 0.200000 0.100000 110.000000 0.000000 -32839.356249 147.054117 7.018769
20 300.000000 -1.000000 0.000000 0.100000 0.100000 120.000000 0.000000 -32818.401103 140.574711 7.536255
20 300.000000 -1.000000 0.000000 0.100000 0.100000 120.000000 0.000000 -32977.911771 147.844858 6.952804
20 300.000000 -1.000000 0.000000 0.100000 0.100000 120.000000 0.000000 -32796.644290 139.258423 6.856854
20 300.000000 -1.000000 0.000000 0.100000 0.100000 120.000000 0.000000 -32897.550904 139.987244 2.157162
20 300.000000 -1.000000 0.000000 0.100000 0.100000 120.000000 0.000000 -32802.800516 149.327568 8.261147
20 300.000000 -1.000000 0.000000 0.100000 0.100000 120.000000 0.000000 -32827.924653 165.214864 1.058616
21 300.000000 -1.000000 0.000000 0.000000 0.100000 130.000000 0.000000 -32953.872699 167.512644 8.269650
21 300.000000 -1.000000 0.000000 0.000000 0.100000 130.000000 0.000000 -32721.438993 172.603524 0.283403
21 300.000000 -1.000000 0.000000 0.000000 0.100000 130.000000 0.000000 -32974.277995 174.094232 8.027159
21 300.000000 -1.000000 0.000000 0.000000 0.100000 130.000000 0.000000 -32928.897558 152.935484 3.381480
21 300.000000 -1.000000 0.000000 0.000000 0.100000 130.000000 0.000000 -32883.195103 192.737210 1.765784
21 300.000000 -1.000000 0.000000 0.000000 0.100000 130.000000 0.000000 -32838.459477 174.799007 7.274259
21 300.000000 -1.000000 0.000000 0.000000 0.100000 130.000000 0.000000 -32820.249021 197.870411 7.719891
21 300.000000 -1.000000 0.000000 0.000000 0.100000 130.000000 0.000000 -32745.798330 182.673960 7.336568
21 300.000000 -1.000000 0.000000 0.000000 0.100000 130.000000 0.000000 -32886.297124 172.002857 7.939845
21 300.000000 -1.000000 0.000000 0.000000 0.100000 130.000000 0.000000 -32769.633769 167.354148 7.010504
21 300.000000 -1.000000 0.000000 0.000000 0.100000 130.000000 0.000000 -32918.185494 176.217539 5.911678
21 300.000000 -1.000000 0.000000 0.000000 0.100000 130.000000 0.000000 -32712.775923 184.127253 6.783376
21 300.000000 -1.000000 0.000000 0.000000 0.100000 130.000000 0.000000 -32840.503782 154.800477 8.029712
20 300.000000 -1.000000 0.000000 0.100000 0.100000 120.000000 0.000000 -32952.053988 169.185902 7.907497
20 300.000000 -1.000000 0.000000 0.100000 0.100000 120.000000 0.000000 -32765.335725 135.324339 7.640882
20 300.000000 -1.000000 0.000000 0.100000 0.100000 120.000000 0.000000 -32859.201111 144.255958 8.280564
20 300.000000 -1.000000 0.000000 0.100000 0.100000 120.000000 0.000000 -32916.086136 147.779251 8.282817
20 300.000000 -1.000000 0.000000 0.100000 0.100000 120.000000 0.000000 -32804.782732 134.360944 7.855078
20 300.000000 -1.000000 0.000000 0.100000 0.100000 120.000000 0.000000 -32817.158091 146.069515 6.897700
20 300.000000 -1.000000 0.000000 0.100000 0.100000 120.000000 0.000000 -32860.519431 187.392069 6.568387
21 300.000000 -1.000000 0.000000 0.000000 0.100000 130.000000 0.000000 -32648.194882 160.517550 7.474898
21 300.000000 -1.000000 0.000000 0.000000 0.100000 130.000000 0.000000 -32944.174433 193.809903 7.643881
21 300.000000 -1.000000 0.000000 0.000000 0.100000 130.000000 0.000000 -32965.544156 154.520682 8.001330
21 300.000000 -1.000000 0.000000 0.000000 0.100000 130.000000 0.000000 -32724.983126 143.475096 8.150705
20 300.000000 -1.000000 0.000000 0.100000 0.100000 120.000000 0.000000 -32811.907334 139.164386 8.278876
20 300.000000 -1.000000 0.000000 0.100000 0.100000 120.000000 0.000000 -32910.204507 141.096236 7.643029
20 300.000000 -1.000000 0.000000 0.100000 0.100000 120.000000 0.000000 -32934.325767 137.867975 7.502625
20 300.000000 -1.000000 0.000000 0.100000 0.100000 120.000000 0.000000 -32833.990927 141.054943 7.844613
20 300.000000 -1.000000 0.000000 0.100000 0.100000 120.000000 0.000000 -32870.388122 156.050503 5.531232
20 300.000000 -1.000000 0.000000 0.100000 0.100000 120.000000 0.000000 -32834.724919 130.071593 8.077395
20 300.000000 -1.000000 0.000000 0.100000 0.100000 120.000000 0.000000 -32940.395719 166.561005 2.087232
20 300.000000 -1.000000 0.000000 0.100000 0.100000 120.000000 0.000000 -32700.460191 135.598447 0.388734
20 300.000000 -1.000000 0.000000 0.100000 0.100000 120.000000 0.000000 -32855.663122 186.166215 1.041438
20 300.000000 -1.000000 0.000000 0.100000 0.100000 120.000000 0.000000 -32710.554559 137.237485 2.920855
20 300.000000 -1.000000 0.000000 0.100000 0.100000 120.000000 0.000000 -32901.139392 156.141982 0.700910
20 300.000000 -1.000000 0.000000 0.100000 0.100000 120.000000 0.000000 -33037.739981 149.646432 7.559217
20 300.000000 -1.000000 0.000000 0.100000 0.100000 120.000000 0.000000 -32846.272105 147.288966 5.490144
20 300.000000 -1.000000 0.000000 0.100000 0.100000 120.000000 0.000000 -32905.411867 147.780184 1.234354
20 300.000000 -1.000000 0.000000 0.100000 0.100000 120.000000 0.000000 -32793.169721 128.093977 6.725830
20 300.000000 -1.000000 0.000000 0.100000 0.100000 120.000000 0.000000 -32983.518116 133.254853 3.776906
20 300.000000 -1.000000 0.000000 0.100000 0.100000 120.000000 0.000000 -32945.547999 139.822966 6.117951
20 300.000000 -1.000000 0.000000 0.100000 0.100000 120.000000 0.000000 -32688.071878 131.600236 6.547842
20 300.000000 -1.000000 0.000000 0.100000 0.100000 120.000000 0.000000 -32865.454720 148.276702 7.224910
20 300.000000 -1.000000 0.000000 0.100000 0.100000 120.000000 0.000000 -32785.420510 140.590475 7.772485
20 300.000000 -1.000000 0.000000 0.100000 0.100000 120.000000 0.000000 -32722.269957 150.367282 7.061223
20 300.000000 -1.000000 0.000000 0.100000 0.100000 120.000000 0.000000 -32899.809603 142.908323 5.943612
20 300.000000 -1.000000 0.000000 0.100000 0.100000 120.000000 0.000000 -32865.077389 144.578624 4.631378
20 300.000000 -1.000000 0.000000 0.100000 0.100000 120.000000 0.000000 -32814.243482 144.153110 0.003262
20 300.000000 -1.000000 0.000000 0.100000 0.100000 120.000000 0.000000 -32969.402432 144.911240 5.322793
20 300.000000 -1.000000 0.000000 0.100000 0.100000 120.000000 0.000000 -32790.511912 156.850878 3.205338
21 300.000000 -1.000000 0.000000 0.000000 0.100000 130.000000 0.000000 -32866.803033 187.766687 7.784583
21 300.000000 -1.000000 0.000000 0.000000 0.100000 130.000000 0.000000 -32950.454679 163.148223 7.825295
21 300.000000 -1.000000 0.000000 0.000000 0.100000 130.000000 0.000000 -32890.268244 143.971207 0.128179
20 300.000000 -1.000000 0.000000 0.100000 0.100000 120.000000 0.000000 -32744.956988 135.789440 7.822646
19 300.000000 -1.000000 0.000000 0.200000 0.100000 110.000000 0.000000 -32840.797542 109.022507 7.608322
19 300.000000 -1.000000 0.000000 0.200000 0.100000 110.000000 0.000000 -32827.175126 75.899666 7.957043
18 300.000000 -1.000000 0.000000 0.300000 0.100000 100.000000 0.000000 -32849.096595 74.636612 6.645427
16 300.000000 -1.000000 0.000000 0.500000 0.100000 80.000000 0.000000 -32728.608253 67.787400 6.422305
17 300.000000 -1.000000 0.000000 0.400000 0.100000 90.000000 0.000000 -32745.186441 77.238471 6.885255
19 300.000000 -1.000000 0.000000 0.200000 0.100000 110.000000 0.000000 -32836.623726 84.461483 6.828161
19 300.000000 -1.000000 0.000000 0.200000 0.100000 110.000000 0.000000 -32764.174889 118.784954 6.681905
19 300.000000 -1.000000 0.000000 0.200000 0.100000 110.000000 0.000000 -32864.305864 87.862725 6.439240
19 300.000000 -1.000000 0.000000 0.200000 0.100000 110.000000 0.000000 -32863.972201 78.246344 6.861189
18 300.000000 -1.000000 0.000000 0.300000 0.100000 100.000000 0.000000 -32806.436569 73.278548 7.772953
17 300.000000 -1.000000 0.000000 0.400000 0.100000 90.000000 0.000000 -32809.120564 69.067828 7.583955
18 300.000000 -1.000000 0.000000 0.300000 0.100000 100.000000 0.000000 -32899.052853 85.456973 6.836311
19 300.000000 -1.000000 0.000000 0.200000 0.100000 110.000000 0.000000 -32853.538564 129.267998 7.377120
19 300.000000 -1.000000 0.000000 0.200000 0.100000 110.000000 0.000000 -32923.748717 132.042633 7.893308
19 300.000000 -1.000000 0.000000 0.200000 0.100000 110.000000 0.000000 -32950.978861 123.786114 8.201281
20 300.000000 -1.000000 0.000000 0.100000 0.100000 120.000000 0.000000 -32806.314789 135.054957 8.000860
20 300.000000 -1.000000 0.000000 0.100000 0.100000 120.000000 0.000000 -32943.124088 141.351597 7.682035
20 300.000000 -1.000000 0.000000 0.100000 0.100000 120.000000 0.000000 -32912.724141 141.764302 7.465432
20 300.000000 -1.000000 0.000000 0.100000 0.100000 120.000000 0.000000 -32693.787009 143.619784 8.132201
21 300.000000 -1.000000 0.000000 0.000000 0.100000 130.000000 0.000000 -32898.828612 173.173002 8.282402
21 300.000000 -1.000000 0.000000 0.000000 0.100000 130.000000 0.000000 -32899.810929 186.708606 7.793242
21 300.000000 -1.000000 0.000000 0.000000 0.100000 130.000000 0.000000 -32837.602122 177.326522 7.882406
21 300.000000 -1.000000 0.000000 0.000000 0.100000 130.000000 0.000000 -32883.292007 178.428538 7.979719
21 300.000000 -1.000000 0.000000 0.000000 0.100000 130.000000 0.000000 -32830.858539 160.878233 1.640707
21 300.000000 -1.000000 0.000000 0.000000 0.100000 130.000000 0.000000 -32925.309935 157.638629 8.159109
21 300.000000 -1.000000 0.000000 0.000000 0.100000 130.000000 0.000000 -32788.844160 169.066344 7.111965
21 300.000000 -1.000000 0.000000 0.000000 0.100000 130.000000 0.000000 -32802.018255 156.717776 7.467224
21 300.000000 -1.000000 0.000000 0.000000 0.100000 130.000000 0.000000 -32852.084094 161.042852 6.730062
21 300.000000 -1.000000 0.000000 0.000000 0.100000 130.000000 0.000000 -32905.011478 185.179258 8.278631
21 300.000000 -1.000000 0.000000 0.000000 0.100000 130.000000 0.000000 -32842.194331 185.320139 0.911317
21 300.000000 -1.000000 0.000000 0.000000 0.100000 130.000000 0.000000 -32801.364326 186.057082 7.905383
21 300.000000 -1.000000 0.000000 0.000000 0.100000 130.000000 0.000000 -32971.881777 179.753468 6.407724
21 300.000000 -1.000000 0.000000 0.000000 0.100000 130.000000 0.000000 -32976.322936 172.089030 7.569612
21 300.000000 -1.000000 0.000000 0.000000 0.100000 130.000000 0.000000 -32808.652640 191.626159 8.076034
21 300.000000 -1.000000 0.000000 0.000000 0.100000 130.000000 0.000000 -32934.367432 188.684321 8.189731
21 300.000000 -1.000000 0.000000 0.000000 0.100000 130.000000 0.000000 -32824.101426 171.413508 4.247573
21 300.000000 -1.000000 0.000000 0.000000 0.100000 130.000000 0.000000 -32840.341846 184.834990 7.831713
21 300.000000 -1.000000 0.000000 0.000000 0.100000 130.000000 0.000000 -32931.501197 165.673265 5.807533
21 300.000000 -1.000000 0.000000 0.000000 0.100000 130.000000 0.000000 -32810.032247 189.320754 7.465061
21 300.000000 -1.000000 0.000000 0.000000 0.100000 130.000000 0.000000 -32854.075404 188.560754 4.136734
21 300.000000 -1.000000 0.000000 0.000000 0.100000 130.000000 0.000000 -32822.743830 178.382421 7.295548
21 300.000000 -1.000000 0.000000 0.000000 0.100000 130.000000 0.000000 -32906.189498 193.451416 8.118519
21 300.000000 -1.000000 0.000000 0.000000 0.100000 130.000000 0.000000 -32848.196629 185.293208 3.846258
21 300.000000 -1.000000 0.000000 0.000000 0.100000 130.000000 0.000000 -32990.470711 165.177716 7.742601
21 300.000000 -1.000000 0.000000 0.000000 0.100000 130.000000 0.000000 -32913.001620 175.377520 7.754114
21 300.000000 -1.000000 0.000000 0.000000 0.100000 130.000000 0.000000 -32708.978123 191.511045 8.269794
21 300.000000 -1.000000 0.000000 0.000000 0.100000 130.000000 0.000000 -32910.749996 180.993442 3.935541
21 300.000000 -1.000000 0.000000 0.000000 0.100000 130.000000 0.000000 -32977.541535 178.978266 4.408078
21 300.000000 -1.000000 0.000000 0.000000 0.100000 130.000000 0.000000 -32798.274776 145.238311 1.809199
21 300.000000 -1.000000 0.000000 0.000000 0.100000 130.000000 0.000000 -32827.657390 160.174000 8.017608
20 300.000000 -1.000000 0.000000 0.100000 0.100000 120.000000 0.000000 -32834.427953 135.936192 3.131538
20 300.000000 -1.000000 0.000000 0.100000 0.100000 120.000000 0.000000 -32982.510132 156.006963 6.481655
20 300.000000 -1.000000 0.000000 0.100000 0.100000 120.000000 0.000000 -32716.525165 150.888742 8.010389
20 300.000000 -1.000000 0.000000 0.100000 0.100000 120.000000 0.000000 -32827.929810 124.398893 0.424685
19 300.000000 -1.000000 0.000000 0.200000 0.100000 110.000000 0.000000 -32892.378327 127.408451 8.064795
19 300.000000 -1.000000 0.000000 0.200000 0.100000 110.000000 0.000000 -32956.228644 118.531869 0.044320
19 300.000000 -1.000000 0.000000 0.200000 0.100000 110.000000 0.000000 -32892.138962 64.077694 7.416449
16 300.000000 -1.000000 0.000000 0.500000 0.100000 80.000000 0.000000 -32881.864048 41.788368 7.236499
16 300.000000 -1.000000 0.000000 0.500000 0.100000 80.000000 0.000000 -32716.131625 46.038821 1.320774
17 300.000000 -1.000000 0.000000 0.400000 0.100000 90.000000 0.000000 -32799.735493 56.714867 7.983136
17 300.000000 -1.000000 0.000000 0.400000 0.100000 90.000000 0.000000 -32823.213868 59.268931 4.610217
16 300.000000 -1.000000 0.000000 0.500000 0.100000 80.000000 0.000000 -32719.759737 56.427244 7.466117
18 300.000000 -1.000000 0.000000 0.300000 0.100000 100.000000 0.000000 -32855.086481 44.036963 6.548680
16 300.000000 -1.000000 0.000000 0.500000 0.100000 80.000000 0.000000 -32759.024927 39.437760 8.254907
15 300.000000 -1.000000 0.100000 0.500000 0.100000 70.000000 0.000000 -32749.198015 18.778922 0.283292
15 300.000000 -1.000000 0.100000 0.500000 0.100000 70.000000 0.000000 -32868.196870 46.764781 3.176203
17 300.000000 -1.000000 0.000000 0.400000 0.100000 90.000000 0.000000 -32919.054453 76.435637 7.909250
18 300.000000 -1.000000 0.000000 0.300000 0.100000 100.000000 0.000000 -32772.792351 68.246066 8.214879
16 300.000000 -1.000000 0.000000 0.500000 0.100000 80.000000 0.000000 -32819.047730 42.901757 6.404298
