300.000000 0.000000 0.000000 0.000000 0.000000 0.000000 0.000000 -33278.893925 908.374894
300.000000 0.002000 0.002000 0.002000 0.000000 0.000000 0.000000 -33237.527675 672.823657
300.000000 0.004000 0.004000 0.004000 0.000000 0.000000 0.000000 -33328.971804 682.210122
300.000000 0.006000 0.006000 0.006000 0.000000 0.000000 0.000000 -33151.744828 560.770089
300.000000 0.008000 0.008000 0.008000 0.000000 0.000000 0.000000 -33267.538294 729.115609
300.000000 0.010000 0.010000 0.010000 0.000000 0.000000 0.000000 -33336.761406 222.313759
300.000000 0.012000 0.012000 0.012000 0.000000 0.000000 0.000000 -33282.581058 441.710833
300.000000 0.014000 0.014000 0.014000 0.000000 0.000000 0.000000 -33197.775491 128.804015
300.000000 0.016000 0.016000 0.016000 0.000000 0.000000 0.000000 -33202.847966 135.106759
300.000000 0.018000 0.018000 0.018000 0.000000 0.000000 0.000000 -33250.080312 166.719626
300.000000 0.020000 0.020000 0.020000 0.000000 0.000000 0.000000 -33264.082826 120.717339
300.000000 0.022000 0.022000 0.022000 0.000000 0.000000 0.000000 -33278.724984 164.369184
300.000000 0.024000 0.024000 0.024000 0.000000 0.000000 0.000000 -33359.611511 138.893014
300.000000 0.026000 0.026000 0.026000 0.000000 0.000000 0.000000 -33308.909719 183.238395
300.000000 0.028000 0.028000 0.028000 0.000000 0.000000 0.000000 -33299.901123 77.280580
300.000000 0.030000 0.030000 0.030000 0.000000 0.000000 0.000000 -33298.896961 81.601632
300.000000 0.032000 0.032000 0.032000 0.000000 0.000000 0.000000 -33234.416439 168.033054
300.000000 0.034000 0.034000 0.034000 0.000000 0.000000 0.000000 -33354.384859 110.749432
300.000000 0.036000 0.036000 0.036000 0.000000 0.000000 0.000000 -33332.293982 104.680048
300.000000 0.038000 0.038000 0.038000 0.000000 0.000000 0.000000 -33286.971468 109.607344
300.000000 0.040000 0.040000 0.040000 0.000000 0.000000 0.000000 -33264.278565 107.903250
300.000000 0.042000 0.042000 0.042000 0.000000 0.000000 0.000000 -33321.045010 92.795015
300.000000 0.044000 0.044000 0.044000 0.000000 0.000000 0.000000 -33258.873257 76.055711
300.000000 0.046000 0.046000 0.046000 0.000000 0.000000 0.000000 -33169.539877 79.700307
300.000000 0.048000 0.048000 0.048000 0.000000 0.000000 0.000000 -33199.652293 68.543036
300.000000 0.050000 0.050000 0.050000 0.000000 0.000000 0.000000 -33299.250146 72.699083
300.000000 0.052000 0.052000 0.052000 0.000000 0.000000 0.000000 -33290.823947 44.187021
300.000000 0.054000 0.054000 0.054000 0.000000 0.000000 0.000000 -33376.338480 47.885037
300.000000 0.056000 0.056000 0.056000 0.000000 0.000000 0.000000 -33574.893806 80.505454
300.000000 0.058000 0.058000 0.058000 0.000000 0.000000 0.000000 -33449.572248 103.088692
300.000000 0.060000 0.060000 0.060000 0.000000 0.000000 0.000000 -33405.770671 85.614748
300.000000 0.062000 0.062000 0.062000 0.000000 0.000000 0.000000 -33305.882753 100.648111
300.000000 0.064000 0.064000 0.064000 0.000000 0.000000 0.000000 -33281.776123 98.910341
300.000000 0.066000 0.066000 0.066000 0.000000 0.000000 0.000000 -33311.007435 72.990707
300.000000 0.068000 0.068000 0.068000 0.000000 0.000000 0.000000 -33388.800743 83.977251
300.000000 0.070000 0.070000 0.070000 0.000000 0.000000 0.000000 -33207.898938 87.579494
300.000000 0.072000 0.072000 0.072000 0.000000 0.000000 0.000000 -33335.729435 58.523433
300.000000 0.074000 0.074000 0.074000 0.000000 0.000000 0.000000 -33261.045954 83.775378
300.000000 0.076000 0.076000 0.076000 0.000000 0.000000 0.000000 -33292.424895 41.690866
300.000000 0.078000 0.078000 0.078000 0.000000 0.000000 0.000000 -33189.667741 40.528469
300.000000 0.080000 0.080000 0.080000 0.000000 0.000000 0.000000 -33275.405676 56.005261
300.000000 0.082000 0.082000 0.082000 0.000000 0.000000 0.000000 -33124.629593 23.262969
300.000000 0.084000 0.084000 0.084000 0.000000 0.000000 0.000000 -33102.120294 65.495116
300.000000 0.086000 0.086000 0.086000 0.000000 0.000000 0.000000 -33187.114198 72.859986
300.000000 0.088000 0.088000 0.088000 0.000000 0.000000 0.000000 -33319.331140 111.380251
300.000000 0.090000 0.090000 0.090000 0.000000 0.000000 0.000000 -33314.562685 103.970033
300.000000 0.092000 0.092000 0.092000 0.000000 0.000000 0.000000 -33174.888327 38.400871
300.000000 0.094000 0.094000 0.094000 0.000000 0.000000 0.000000 -33313.563902 52.663762
300.000000 0.096000 0.096000 0.096000 0.000000 0.000000 0.000000 -33300.815685 41.598964
300.000000 0.098000 0.098000 0.098000 0.000000 0.000000 0.000000 -33337.011295 40.386835
300.000000 0.100000 0.100000 0.100000 0.000000 0.000000 0.000000 -33147.046058 43.844989
300.000000 0.102000 0.102000 0.102000 0.000000 0.000000 0.000000 -33319.471065 51.767966
300.000000 0.104000 0.104000 0.104000 0.000000 0.000000 0.000000 -33155.801605 31.310313
300.000000 0.106000 0.106000 0.106000 0.000000 0.000000 0.000000 -33332.042954 57.975793
300.000000 0.108000 0.108000 0.108000 0.000000 0.000000 0.000000 -33205.119143 63.215158
300.000000 0.110000 0.110000 0.110000 0.000000 0.000000 0.000000 -33244.030091 55.985485
300.000000 0.112000 0.112000 0.112000 0.000000 0.000000 0.000000 -33177.579807 62.999972
300.000000 0.114000 0.114000 0.114000 0.000000 0.000000 0.000000 -33284.392656 34.049097
300.000000 0.116000 0.116000 0.116000 0.000000 0.000000 0.000000 -33283.332874 16.520914
300.000000 0.118000 0.118000 0.118000 0.000000 0.000000 0.000000 -33234.568258 45.587424
300.000000 0.120000 0.120000 0.120000 0.000000 0.000000 0.000000 -33303.352845 44.617155
300.000000 0.122000 0.122000 0.122000 0.000000 0.000000 0.000000 -33317.185527 35.765387
300.000000 0.124000 0.124000 0.124000 0.000000 0.000000 0.000000 -33357.564152 32.197659
300.000000 0.126000 0.126000 0.126000 0.000000 0.000000 0.000000 -33338.444615 33.825355
300.000000 0.128000 0.128000 0.128000 0.000000 0.000000 0.000000 -33368.945662 52.396706
300.000000 0.130000 0.130000 0.130000 0.000000 0.000000 0.000000 -33350.783488 44.912506
300.000000 0.132000 0.132000 0.132000 0.000000 0.000000 0.000000 -33284.144369 45.513965
300.000000 0.134000 0.134000 0.134000 0.000000 0.000000 0.000000 -33338.994455 27.825352
300.000000 0.136000 0.136000 0.136000 0.000000 0.000000 0.000000 -33311.228175 42.858287
300.000000 0.138000 0.138000 0.138000 0.000000 0.000000 0.000000 -33474.682710 24.462806
300.000000 0.140000 0.140000 0.140000 0.000000 0.000000 0.000000 -33263.205745 42.716073
300.000000 0.142000 0.142000 0.142000 0.000000 0.000000 0.000000 -33421.591714 32.428717
300.000000 0.144000 0.144000 0.144000 0.000000 0.000000 0.000000 -33379.249589 23.848199
300.000000 0.146000 0.146000 0.146000 0.000000 0.000000 0.000000 -33423.295889 43.560187
300.000000 0.148000 0.148000 0.148000 0.000000 0.000000 0.000000 -33278.180719 23.158662
300.000000 0.150000 0.150000 0.150000 0.000000 0.000000 0.000000 -33338.209039 20.921441
300.000000 0.152000 0.152000 0.152000 0.000000 0.000000 0.000000 -33385.640452 19.907761
300.000000 0.154000 0.154000 0.154000 0.000000 0.000000 0.000000 -33311.567829 23.134826
300.000000 0.156000 0.156000 0.156000 0.000000 0.000000 0.000000 -33244.594630 36.942194
300.000000 0.158000 0.158000 0.158000 0.000000 0.000000 0.000000 -33225.132054 28.620854
300.000000 0.160000 0.160000 0.160000 0.000000 0.000000 0.000000 -33248.176231 30.184386
300.000000 0.162000 0.162000 0.162000 0.000000 0.000000 0.000000 -33256.595296 20.369369
300.000000 0.164000 0.164000 0.164000 0.000000 0.000000 0.000000 -33327.383194 31.463955
300.000000 0.166000 0.166000 0.166000 0.000000 0.000000 0.000000 -33327.853554 19.190847
300.000000 0.168000 0.168000 0.168000 0.000000 0.000000 0.000000 -33392.455824 21.921138
300.000000 0.170000 0.170000 0.170000 0.000000 0.000000 0.000000 -33356.242940 30.016788
300.000000 0.172000 0.172000 0.172000 0.000000 0.000000 0.000000 -33414.297324 34.628096
300.000000 0.174000 0.174000 0.174000 0.000000 0.000000 0.000000 -33438.472892 21.814976
300.000000 0.176000 0.176000 0.176000 0.000000 0.000000 0.000000 -33411.268151 24.395783
300.000000 0.178000 0.178000 0.178000 0.000000 0.000000 0.000000 -33404.525172 39.678892
300.000000 0.180000 0.180000 0.180000 0.000000 0.000000 0.000000 -33521.494766 29.493698
300.000000 0.182000 0.182000 0.182000 0.000000 0.000000 0.000000 -33533.001313 32.640101
300.000000 0.184000 0.184000 0.184000 0.000000 0.000000 0.000000 -33411.819364 17.085006
300.000000 0.186000 0.186000 0.186000 0.000000 0.000000 0.000000 -33280.860480 29.090842
300.000000 0.188000 0.188000 0.188000 0.000000 0.000000 0.000000 -33292.274072 40.201876
300.000000 0.190000 0.190000 0.190000 0.000000 0.000000 0.000000 -33403.313319 21.458755
300.000000 0.192000 0.192000 0.192000 0.000000 0.000000 0.000000 -33323.725323 38.285654
300.000000 0.194000 0.194000 0.194000 0.000000 0.000000 0.000000 -33290.941182 36.376437
300.000000 0.196000 0.196000 0.196000 0.000000 0.000000 0.000000 -33347.359865 13.172306
300.000000 0.198000 0.198000 0.198000 0.000000 0.000000 0.000000 -33184.580470 25.824183
300.000000 0.200000 0.200000 0.200000 0.000000 0.000000 0.000000 -33246.326494 17.539102
300.000000 0.202000 0.202000 0.202000 0.000000 0.000000 0.000000 -33249.907107 7.969939
300.000000 0.204000 0.204000 0.204000 0.000000 0.000000 0.000000 -33297.408539 13.232218
300.000000 0.206000 0.206000 0.206000 0.000000 0.000000 0.000000 -33312.913453 14.370801
300.000000 0.208000 0.208000 0.208000 0.000000 0.000000 0.000000 -33222.630653 10.774860
300.000000 0.210000 0.210000 0.210000 0.000000 0.000000 0.000000 -33173.129720 44.541318
300.000000 0.212000 0.212000 0.212000 0.000000 0.000000 0.000000 -33184.298767 45.505824
300.000000 0.214000 0.214000 0.214000 0.000000 0.000000 0.000000 -33033.724832 21.971644
300.000000 0.216000 0.216000 0.216000 0.000000 0.000000 0.000000 -33251.209673 23.628805
300.000000 0.218000 0.218000 0.218000 0.000000 0.000000 0.000000 -33292.991633 21.804522
300.000000 0.220000 0.220000 0.220000 0.000000 0.000000 0.000000 -33312.159006 15.366481
300.000000 0.222000 0.222000 0.222000 0.000000 0.000000 0.000000 -33312.875420 31.986612
300.000000 0.224000 0.224000 0.224000 0.000000 0.000000 0.000000 -33305.752875 17.324562
300.000000 0.226000 0.226000 0.226000 0.000000 0.000000 0.000000 -33389.758418 30.278309
300.000000 0.228000 0.228000 0.228000 0.000000 0.000000 0.000000 -33382.954358 14.634354
300.000000 0.230000 0.230000 0.230000 0.000000 0.000000 0.000000 -33371.959408 16.952630
300.000000 0.232000 0.232000 0.232000 0.000000 0.000000 0.000000 -33407.723648 12.462314
300.000000 0.234000 0.234000 0.234000 0.000000 0.000000 0.000000 -33395.727696 10.535867
300.000000 0.236000 0.236000 0.236000 0.000000 0.000000 0.000000 -33332.102065 15.095590
300.000000 0.238000 0.238000 0.238000 0.000000 0.000000 0.000000 -33274.416900 15.694706
300.000000 0.240000 0.240000 0.240000 0.000000 0.000000 0.000000 -33300.414465 16.115976
300.000000 0.242000 0.242000 0.242000 0.000000 0.000000 0.000000 -33228.200889 22.969633
300.000000 0.244000 0.244000 0.244000 0.000000 0.000000 0.000000 -33198.752189 19.663931
300.000000 0.246000 0.246000 0.246000 0.000000 0.000000 0.000000 -33213.210959 31.581953
300.000000 0.248000 0.248000 0.248000 0.000000 0.000000 0.000000 -33292.485408 14.551569
300.000000 0.250000 0.250000 0.250000 0.000000 0.000000 0.000000 -33277.656343 28.440336
300.000000 0.252000 0.252000 0.252000 0.000000 0.000000 0.000000 -33396.882256 7.709543
300.000000 0.254000 0.254000 0.254000 0.000000 0.000000 0.000000 -33201.496022 7.250193
300.000000 0.256000 0.256000 0.256000 0.000000 0.000000 0.000000 -33358.330336 9.870573
300.000000 0.258000 0.258000 0.258000 0.000000 0.000000 0.000000 -33314.621664 29.226499
300.000000 0.260000 0.260000 0.260000 0.000000 0.000000 0.000000 -33360.216165 22.911966
300.000000 0.262000 0.262000 0.262000 0.000000 0.000000 0.000000 -33237.115881 30.009152
300.000000 0.264000 0.264000 0.264000 0.000000 0.000000 0.000000 -33250.045656 21.767494
300.000000 0.266000 0.266000 0.266000 0.000000 0.000000 0.000000 -33175.486350 20.704821
300.000000 0.268000 0.268000 0.268000 0.000000 0.000000 0.000000 -33038.274583 10.440368
300.000000 0.270000 0.270000 0.270000 0.000000 0.000000 0.000000 -33229.519680 10.395086
300.000000 0.272000 0.272000 0.272000 0.000000 0.000000 0.000000 -33149.968678 5.532531
300.000000 0.274000 0.274000 0.274000 0.000000 0.000000 0.000000 -33112.520568 16.647888
300.000000 0.276000 0.276000 0.276000 0.000000 0.000000 0.000000 -33103.115118 29.209933
300.000000 0.278000 0.278000 0.278000 0.000000 0.000000 0.000000 -33161.017269 16.439462
300.000000 0.280000 0.280000 0.280000 0.000000 0.000000 0.000000 -33284.487781 11.786807
300.000000 0.282000 0.282000 0.282000 0.000000 0.000000 0.000000 -33274.363102 16.163077
300.000000 0.284000 0.284000 0.284000 0.000000 0.000000 0.000000 -33213.549882 19.596567
300.000000 0.286000 0.286000 0.286000 0.000000 0.000000 0.000000 -33136.823481 16.412697
300.000000 0.288000 0.288000 0.288000 0.000000 0.000000 0.000000 -33224.010377 5.022771
300.000000 0.290000 0.290000 0.290000 0.000000 0.000000 0.000000 -33148.711266 15.304015
300.000000 0.292000 0.292000 0.292000 0.000000 0.000000 0.000000 -33381.963107 19.614910
300.000000 0.294000 0.294000 0.294000 0.000000 0.000000 0.000000 -33379.562461 20.872218
300.000000 0.296000 0.296000 0.296000 0.000000 0.000000 0.000000 -33378.260351 13.292693
300.000000 0.298000 0.298000 0.298000 0.000000 0.000000 0.000000 -33345.794886 21.510590
300.000000 0.300000 0.300000 0.300000 0.000000 0.000000 0.000000 -33360.809851 10.198563
300.000000 0.302000 0.302000 0.302000 0.000000 0.000000 0.000000 -33364.543876 6.888723
300.000000 0.304000 0.304000 0.304000 0.000000 0.000000 0.000000 -33320.047469 17.704738
300.000000 0.306000 0.306000 0.306000 0.000000 0.000000 0.000000 -33302.824853 12.032477
300.000000 0.308000 0.308000 0.308000 0.000000 0.000000 0.000000 -33320.907598 11.240064
300.000000 0.310000 0.310000 0.310000 0.000000 0.000000 0.000000 -33285.229233 12.752955
300.000000 0.312000 0.312000 0.312000 0.000000 0.000000 0.000000 -33302.620281 -5.033152
300.000000 0.314000 0.314000 0.314000 0.000000 0.000000 0.000000 -33364.536506 12.252775
300.000000 0.316000 0.316000 0.316000 0.000000 0.000000 0.000000 -33359.721435 13.584263
300.000000 0.318000 0.318000 0.318000 0.000000 0.000000 0.000000 -33392.817806 6.362182
300.000000 0.320000 0.320000 0.320000 0.000000 0.000000 0.000000 -33298.908811 12.893912
300.000000 0.322000 0.322000 0.322000 0.000000 0.000000 0.000000 -33300.864620 3.915610
300.000000 0.324000 0.324000 0.324000 0.000000 0.000000 0.000000 -33352.347268 20.445161
300.000000 0.326000 0.326000 0.326000 0.000000 0.000000 0.000000 -33295.570080 21.801296
300.000000 0.328000 0.328000 0.328000 0.000000 0.000000 0.000000 -33269.809692 14.223426
300.000000 0.330000 0.330000 0.330000 0.000000 0.000000 0.000000 -33313.338587 15.136422
300.000000 0.332000 0.332000 0.332000 0.000000 0.000000 0.000000 -33432.053865 6.979691
300.000000 0.334000 0.334000 0.334000 0.000000 0.000000 0.000000 -33443.982952 17.822423
300.000000 0.336000 0.336000 0.336000 0.000000 0.000000 0.000000 -33263.907130 -2.938183
300.000000 0.338000 0.338000 0.338000 0.000000 0.000000 0.000000 -33328.696528 11.225680
300.000000 0.340000 0.340000 0.340000 0.000000 0.000000 0.000000 -33401.554187 16.990786
300.000000 0.342000 0.342000 0.342000 0.000000 0.000000 0.000000 -33461.628303 5.558540
300.000000 0.344000 0.344000 0.344000 0.000000 0.000000 0.000000 -33288.643968 25.101190
300.000000 0.346000 0.346000 0.346000 0.000000 0.000000 0.000000 -33242.186876 -1.006576
300.000000 0.348000 0.348000 0.348000 0.000000 0.000000 0.000000 -33259.182695 1.491510
300.000000 0.350000 0.350000 0.350000 0.000000 0.000000 0.000000 -33260.904471 5.542152
300.000000 0.352000 0.352000 0.352000 0.000000 0.000000 0.000000 -33315.567901 17.015542
300.000000 0.354000 0.354000 0.354000 0.000000 0.000000 0.000000 -33253.136503 5.603749
300.000000 0.356000 0.356000 0.356000 0.000000 0.000000 0.000000 -33158.320019 -2.413098
300.000000 0.358000 0.358000 0.358000 0.000000 0.000000 0.000000 -33270.310896 -2.753676
300.000000 0.360000 0.360000 0.360000 0.000000 0.000000 0.000000 -33274.700893 4.401855
300.000000 0.362000 0.362000 0.362000 0.000000 0.000000 0.000000 -33358.394644 8.231168
300.000000 0.364000 0.364000 0.364000 0.000000 0.000000 0.000000 -33327.259814 6.685513
300.000000 0.366000 0.366000 0.366000 0.000000 0.000000 0.000000 -33331.064334 6.019100
300.000000 0.368000 0.368000 0.368000 0.000000 0.000000 0.000000 -33443.122268 -0.528088
300.000000 0.370000 0.370000 0.370000 0.000000 0.000000 0.000000 -33307.703334 7.433706
300.000000 0.372000 0.372000 0.372000 0.000000 0.000000 0.000000 -33300.068612 4.698380
300.000000 0.374000 0.374000 0.374000 0.000000 0.000000 0.000000 -33238.640082 1.990223
300.000000 0.376000 0.376000 0.376000 0.000000 0.000000 0.000000 -33178.297589 9.940939
300.000000 0.378000 0.378000 0.378000 0.000000 0.000000 0.000000 -33176.822205 10.284479
300.000000 0.380000 0.380000 0.380000 0.000000 0.000000 0.000000 -33220.079899 -1.543057
300.000000 0.382000 0.382000 0.382000 0.000000 0.000000 0.000000 -33297.590816 -1.157870
300.000000 0.384000 0.384000 0.384000 0.000000 0.000000 0.000000 -33292.442395 -1.460363
300.000000 0.386000 0.386000 0.386000 0.000000 0.000000 0.000000 -33234.291300 11.028698
300.000000 0.388000 0.388000 0.388000 0.000000 0.000000 0.000000 -33255.693810 1.075462
300.000000 0.390000 0.390000 0.390000 0.000000 0.000000 0.000000 -33245.781572 -5.849576
300.000000 0.392000 0.392000 0.392000 0.000000 0.000000 0.000000 -33255.374690 2.782642
300.000000 0.394000 0.394000 0.394000 0.000000 0.000000 0.000000 -33250.601894 5.984535
300.000000 0.396000 0.396000 0.396000 0.000000 0.000000 0.000000 -33338.091454 8.170877
300.000000 0.398000 0.398000 0.398000 0.000000 0.000000 0.000000 -33452.030818 5.126491
300.000000 0.400000 0.400000 0.400000 0.000000 0.000000 0.000000 -33217.288279 4.102239
300.000000 0.402000 0.402000 0.402000 0.000000 0.000000 0.000000 -33282.135830 -9.596650
300.000000 0.404000 0.404000 0.404000 0.000000 0.000000 0.000000 -33270.649144 -1.545729
300.000000 0.406000 0.406000 0.406000 0.000000 0.000000 0.000000 -33258.483117 3.660247
300.000000 0.408000 0.408000 0.408000 0.000000 0.000000 0.000000 -33284.458504 9.120264
300.000000 0.410000 0.410000 0.410000 0.000000 0.000000 0.000000 -33276.605162 5.463203
300.000000 0.412000 0.412000 0.412000 0.000000 0.000000 0.000000 -33308.487147 -3.860382
300.000000 0.414000 0.414000 0.414000 0.000000 0.000000 0.000000 -33269.083492 12.741168
300.000000 0.416000 0.416000 0.416000 0.000000 0.000000 0.000000 -33317.591994 -0.000778
300.000000 0.418000 0.418000 0.418000 0.000000 0.000000 0.000000 -33311.102795 12.417367
300.000000 0.420000 0.420000 0.420000 0.000000 0.000000 0.000000 -33321.401102 -0.677253
300.000000 0.422000 0.422000 0.422000 0.000000 0.000000 0.000000 -33162.058582 4.251298
300.000000 0.424000 0.424000 0.424000 0.000000 0.000000 0.000000 -33326.651109 13.153668
300.000000 0.426000 0.426000 0.426000 0.000000 0.000000 0.000000 -33179.105826 1.921019
300.000000 0.428000 0.428000 0.428000 0.000000 0.000000 0.000000 -33326.475052 1.381410
300.000000 0.430000 0.430000 0.430000 0.000000 0.000000 0.000000 -33374.444725 6.050891
300.000000 0.432000 0.432000 0.432000 0.000000 0.000000 0.000000 -33424.496399 12.095240
300.000000 0.434000 0.434000 0.434000 0.000000 0.000000 0.000000 -33327.289158 3.936171
300.000000 0.436000 0.436000 0.436000 0.000000 0.000000 0.000000 -33270.263854 4.205090
300.000000 0.438000 0.438000 0.438000 0.000000 0.000000 0.000000 -33332.912701 7.030626
300.000000 0.440000 0.440000 0.440000 0.000000 0.000000 0.000000 -33290.790022 11.272290
300.000000 0.442000 0.442000 0.442000 0.000000 0.000000 0.000000 -33275.858450 -0.186956
300.000000 0.444000 0.444000 0.444000 0.000000 0.000000 0.000000 -33230.085486 -8.984218
300.000000 0.446000 0.446000 0.446000 0.000000 0.000000 0.000000 -33387.800153 -0.150387
300.000000 0.448000 0.448000 0.448000 0.000000 0.000000 0.000000 -33383.336256 -0.178605
300.000000 0.450000 0.450000 0.450000 0.000000 0.000000 0.000000 -33375.585948 8.639585
300.000000 0.452000 0.452000 0.452000 0.000000 0.000000 0.000000 -33367.678744 -3.139500
300.000000 0.454000 0.454000 0.454000 0.000000 0.000000 0.000000 -33375.154527 -7.356943
300.000000 0.456000 0.456000 0.456000 0.000000 0.000000 0.000000 -33281.657954 8.299195
300.000000 0.458000 0.458000 0.458000 0.000000 0.000000 0.000000 -33351.993361 4.346422
300.000000 0.460000 0.460000 0.460000 0.000000 0.000000 0.000000 -33243.603216 -4.549984
300.000000 0.462000 0.462000 0.462000 0.000000 0.000000 0.000000 -33221.153882 -4.555074
300.000000 0.464000 0.464000 0.464000 0.000000 0.000000 0.000000 -33339.501658 7.360382
300.000000 0.466000 0.466000 0.466000 0.000000 0.000000 0.000000 -33452.149828 -2.556404
300.000000 0.468000 0.468000 0.468000 0.000000 0.000000 0.000000 -33457.218754 3.437184
300.000000 0.470000 0.470000 0.470000 0.000000 0.000000 0.000000 -33359.149269 -2.844558
300.000000 0.472000 0.472000 0.472000 0.000000 0.000000 0.000000 -33450.321702 -4.273443
300.000000 0.474000 0.474000 0.474000 0.000000 0.000000 0.000000 -33504.604391 2.914331
300.000000 0.476000 0.476000 0.476000 0.000000 0.000000 0.000000 -33415.991510 -6.134240
300.000000 0.478000 0.478000 0.478000 0.000000 0.000000 0.000000 -33503.816145 12.645188
300.000000 0.480000 0.480000 0.480000 0.000000 0.000000 0.000000 -33466.661498 -0.341152
300.000000 0.482000 0.482000 0.482000 0.000000 0.000000 0.000000 -33380.859349 13.151902
300.000000 0.484000 0.484000 0.484000 0.000000 0.000000 0.000000 -33364.803480 5.598653
300.000000 0.486000 0.486000 0.486000 0.000000 0.000000 0.000000 -33392.949607 -2.108432
300.000000 0.488000 0.488000 0.488000 0.000000 0.000000 0.000000 -33496.482217 -4.250228
300.000000 0.490000 0.490000 0.490000 0.000000 0.000000 0.000000 -33405.057277 3.245149
300.000000 0.492000 0.492000 0.492000 0.000000 0.000000 0.000000 -33422.266926 -0.522572
300.000000 0.494000 0.494000 0.494000 0.000000 0.000000 0.000000 -33358.097780 -9.221231
300.000000 0.496000 0.496000 0.496000 0.000000 0.000000 0.000000 -33361.835437 -5.390097
300.000000 0.498000 0.498000 0.498000 0.000000 0.000000 0.000000 -33407.563457 1.260892
