300.000000 0.000000 0.000000 0.000000 0.000000 0.000000 0.000000 -32977.591959 899.527510
300.000000 0.002000 0.002000 0.002000 0.000000 0.000000 0.000000 -32983.226674 843.325509
300.000000 0.004000 0.004000 0.004000 0.000000 0.000000 0.000000 -32785.858744 956.494462
300.000000 0.006000 0.006000 0.006000 0.000000 0.000000 0.000000 -32929.424050 897.586078
300.000000 0.008000 0.008000 0.008000 0.000000 0.000000 0.000000 -32961.175286 889.329572
300.000000 0.010000 0.010000 0.010000 0.000000 0.000000 0.000000 -32916.626527 750.976271
300.000000 0.012000 0.012000 0.012000 0.000000 0.000000 0.000000 -32836.070087 630.110142
300.000000 0.014000 0.014000 0.014000 0.000000 0.000000 0.000000 -32832.666069 706.544258
300.000000 0.016000 0.016000 0.016000 0.000000 0.000000 0.000000 -32993.127026 783.952851
300.000000 0.018000 0.018000 0.018000 0.000000 0.000000 0.000000 -32832.075696 647.809153
300.000000 0.020000 0.020000 0.020000 0.000000 0.000000 0.000000 -32832.406311 57.856684
300.000000 0.022000 0.022000 0.022000 0.000000 0.000000 0.000000 -32883.573710 54.519428
300.000000 0.024000 0.024000 0.024000 0.000000 0.000000 0.000000 -32799.810333 56.761308
300.000000 0.026000 0.026000 0.026000 0.000000 0.000000 0.000000 -32777.272311 45.385767
300.000000 0.028000 0.028000 0.028000 0.000000 0.000000 0.000000 -32847.226057 68.187321
300.000000 0.030000 0.030000 0.030000 0.000000 0.000000 0.000000 -32850.467256 37.669870
300.000000 0.032000 0.032000 0.032000 0.000000 0.000000 0.000000 -32980.589033 28.880897
300.000000 0.034000 0.034000 0.034000 0.000000 0.000000 0.000000 -32934.482874 69.432421
300.000000 0.036000 0.036000 0.036000 0.000000 0.000000 0.000000 -32847.765120 64.206916
300.000000 0.038000 0.038000 0.038000 0.000000 0.000000 0.000000 -32883.977562 94.086499
300.000000 0.040000 0.040000 0.040000 0.000000 0.000000 0.000000 -32897.878830 60.174350
300.000000 0.042000 0.042000 0.042000 0.000000 0.000000 0.000000 -32902.136266 19.910636
300.000000 0.044000 0.044000 0.044000 0.000000 0.000000 0.000000 -32896.313363 31.373763
300.000000 0.046000 0.046000 0.046000 0.000000 0.000000 0.000000 -32911.564612 79.490962
300.000000 0.048000 0.048000 0.048000 0.000000 0.000000 0.000000 -32863.169809 54.630581
300.000000 0.050000 0.050000 0.050000 0.000000 0.000000 0.000000 -32847.016993 44.272446
300.000000 0.052000 0.052000 0.052000 0.000000 0.000000 0.000000 -32833.515002 47.521840
300.000000 0.054000 0.054000 0.054000 0.000000 0.000000 0.000000 -32902.737930 49.883171
300.000000 0.056000 0.056000 0.056000 0.000000 0.000000 0.000000 -32955.396207 49.029521
300.000000 0.058000 0.058000 0.058000 0.000000 0.000000 0.000000 -32922.137202 71.992852
300.000000 0.060000 0.060000 0.060000 0.000000 0.000000 0.000000 -32940.106947 45.712699
300.000000 0.062000 0.062000 0.062000 0.000000 0.000000 0.000000 -32843.095254 52.300277
300.000000 0.064000 0.064000 0.064000 0.000000 0.000000 0.000000 -32991.183254 33.152645
300.000000 0.066000 0.066000 0.066000 0.000000 0.000000 0.000000 -32959.973417 32.622497
300.000000 0.068000 0.068000 0.068000 0.000000 0.000000 0.000000 -32914.030622 36.159091
300.000000 0.070000 0.070000 0.070000 0.000000 0.000000 0.000000 -32757.704081 30.571592
300.000000 0.072000 0.072000 0.072000 0.000000 0.000000 0.000000 -32912.155868 33.192235
300.000000 0.074000 0.074000 0.074000 0.000000 0.000000 0.000000 -32857.251082 27.641252
300.000000 0.076000 0.076000 0.076000 0.000000 0.000000 0.000000 -33027.549287 42.322950
300.000000 0.078000 0.078000 0.078000 0.000000 0.000000 0.000000 -32903.156468 39.006717
300.000000 0.080000 0.080000 0.080000 0.000000 0.000000 0.000000 -32874.774787 40.395435
300.000000 0.082000 0.082000 0.082000 0.000000 0.000000 0.000000 -32959.103815 42.917889
300.000000 0.084000 0.084000 0.084000 0.000000 0.000000 0.000000 -33012.264775 41.720083
300.000000 0.086000 0.086000 0.086000 0.000000 0.000000 0.000000 -32990.561256 54.698130
300.000000 0.088000 0.088000 0.088000 0.000000 0.000000 0.000000 -32866.857239 50.423633
300.000000 0.090000 0.090000 0.090000 0.000000 0.000000 0.000000 -32908.183267 21.787110
300.000000 0.092000 0.092000 0.092000 0.000000 0.000000 0.000000 -33032.431620 21.998924
300.000000 0.094000 0.094000 0.094000 0.000000 0.000000 0.000000 -32975.980369 33.290223
300.000000 0.096000 0.096000 0.096000 0.000000 0.000000 0.000000 -33093.056630 39.986224
300.000000 0.098000 0.098000 0.098000 0.000000 0.000000 0.000000 -32891.106788 40.047882
300.000000 0.100000 0.100000 0.100000 0.000000 0.000000 0.000000 -32895.951736 25.685860
300.000000 0.102000 0.102000 0.102000 0.000000 0.000000 0.000000 -32948.231461 38.948867
300.000000 0.104000 0.104000 0.104000 0.000000 0.000000 0.000000 -32966.810980 16.542909
300.000000 0.106000 0.106000 0.106000 0.000000 0.000000 0.000000 -32886.471002 10.363635
300.000000 0.108000 0.108000 0.108000 0.000000 0.000000 0.000000 -32978.346007 32.795931
300.000000 0.110000 0.110000 0.110000 0.000000 0.000000 0.000000 -32899.945231 15.072445
300.000000 0.112000 0.112000 0.112000 0.000000 0.000000 0.000000 -32858.135595 30.385962
300.000000 0.114000 0.114000 0.114000 0.000000 0.000000 0.000000 -32891.781397 38.919290
300.000000 0.116000 0.116000 0.116000 0.000000 0.000000 0.000000 -32851.762956 28.765868
300.000000 0.118000 0.118000 0.118000 0.000000 0.000000 0.000000 -32837.756505 32.841516
300.000000 0.120000 0.120000 0.120000 0.000000 0.000000 0.000000 -32932.000962 19.313094
300.000000 0.122000 0.122000 0.122000 0.000000 0.000000 0.000000 -32785.391171 36.063151
300.000000 0.124000 0.124000 0.124000 0.000000 0.000000 0.000000 -32768.154613 20.910699
300.000000 0.126000 0.126000 0.126000 0.000000 0.000000 0.000000 -32915.050408 8.708363
300.000000 0.128000 0.128000 0.128000 0.000000 0.000000 0.000000 -32823.794068 27.606958
300.000000 0.130000 0.130000 0.130000 0.000000 0.000000 0.000000 -32891.315948 8.004747
300.000000 0.132000 0.132000 0.132000 0.000000 0.000000 0.000000 -32967.915716 15.379669
300.000000 0.134000 0.134000 0.134000 0.000000 0.000000 0.000000 -32923.340765 14.150819
300.000000 0.136000 0.136000 0.136000 0.000000 0.000000 0.000000 -32852.313204 28.072101
300.000000 0.138000 0.138000 0.138000 0.000000 0.000000 0.000000 -32830.893990 31.612414
300.000000 0.140000 0.140000 0.140000 0.000000 0.000000 0.000000 -32943.420371 12.853360
300.000000 0.142000 0.142000 0.142000 0.000000 0.000000 0.000000 -32873.210218 29.445569
300.000000 0.144000 0.144000 0.144000 0.000000 0.000000 0.000000 -32876.119376 18.704433
300.000000 0.146000 0.146000 0.146000 0.000000 0.000000 0.000000 -32973.344861 11.767749
300.000000 0.148000 0.148000 0.148000 0.000000 0.000000 0.000000 -32945.906820 10.068729
300.000000 0.150000 0.150000 0.150000 0.000000 0.000000 0.000000 -32855.778960 41.884013
300.000000 0.152000 0.152000 0.152000 0.000000 0.000000 0.000000 -32897.146580 28.063983
300.000000 0.154000 0.154000 0.154000 0.000000 0.000000 0.000000 -32885.877878 15.035558
300.000000 0.156000 0.156000 0.156000 0.000000 0.000000 0.000000 -32983.720492 16.602252
300.000000 0.158000 0.158000 0.158000 0.000000 0.000000 0.000000 -32865.090686 27.283056
300.000000 0.160000 0.160000 0.160000 0.000000 0.000000 0.000000 -32914.294555 10.260434
300.000000 0.162000 0.162000 0.162000 0.000000 0.000000 0.000000 -32792.937760 13.090167
300.000000 0.164000 0.164000 0.164000 0.000000 0.000000 0.000000 -32854.584000 12.817807
300.000000 0.166000 0.166000 0.166000 0.000000 0.000000 0.000000 -32805.206376 12.809025
300.000000 0.168000 0.168000 0.168000 0.000000 0.000000 0.000000 -32849.031942 7.921054
300.000000 0.170000 0.170000 0.170000 0.000000 0.000000 0.000000 -32830.332382 17.097444
300.000000 0.172000 0.172000 0.172000 0.000000 0.000000 0.000000 -33058.154916 20.382826
300.000000 0.174000 0.174000 0.174000 0.000000 0.000000 0.000000 -33051.105952 14.272992
300.000000 0.176000 0.176000 0.176000 0.000000 0.000000 0.000000 -33002.756423 3.386501
300.000000 0.178000 0.178000 0.178000 0.000000 0.000000 0.000000 -32833.154628 17.241787
300.000000 0.180000 0.180000 0.180000 0.000000 0.000000 0.000000 -32856.010713 9.610747
300.000000 0.182000 0.182000 0.182000 0.000000 0.000000 0.000000 -32860.224841 21.755858
300.000000 0.184000 0.184000 0.184000 0.000000 0.000000 0.000000 -32830.082733 5.148592
300.000000 0.186000 0.186000 0.186000 0.000000 0.000000 0.000000 -32962.704797 21.204622
300.000000 0.188000 0.188000 0.188000 0.000000 0.000000 0.000000 -32960.389916 26.373498
300.000000 0.190000 0.190000 0.190000 0.000000 0.000000 0.000000 -32759.633863 5.352316
300.000000 0.192000 0.192000 0.192000 0.000000 0.000000 0.000000 -32857.864731 5.834667
300.000000 0.194000 0.194000 0.194000 0.000000 0.000000 0.000000 -32917.856517 35.191547
300.000000 0.196000 0.196000 0.196000 0.000000 0.000000 0.000000 -32901.586775 12.908192
300.000000 0.198000 0.198000 0.198000 0.000000 0.000000 0.000000 -32859.383262 10.202744
300.000000 0.200000 0.200000 0.200000 0.000000 0.000000 0.000000 -32859.979421 8.486722
300.000000 0.202000 0.202000 0.202000 0.000000 0.000000 0.000000 -32878.933553 6.977148
300.000000 0.204000 0.204000 0.204000 0.000000 0.000000 0.000000 -32940.888982 6.862569
300.000000 0.206000 0.206000 0.206000 0.000000 0.000000 0.000000 -32947.878583 7.597907
300.000000 0.208000 0.208000 0.208000 0.000000 0.000000 0.000000 -33029.099494 12.561184
300.000000 0.210000 0.210000 0.210000 0.000000 0.000000 0.000000 -32973.072732 8.239738
300.000000 0.212000 0.212000 0.212000 0.000000 0.000000 0.000000 -32950.484042 3.653980
300.000000 0.214000 0.214000 0.214000 0.000000 0.000000 0.000000 -32915.694662 11.690032
300.000000 0.216000 0.216000 0.216000 0.000000 0.000000 0.000000 -33004.422426 6.234078
300.000000 0.218000 0.218000 0.218000 0.000000 0.000000 0.000000 -32990.066396 15.003334
300.000000 0.220000 0.220000 0.220000 0.000000 0.000000 0.000000 -32926.850155 8.693997
300.000000 0.222000 0.222000 0.222000 0.000000 0.000000 0.000000 -32949.903758 14.645307
300.000000 0.224000 0.224000 0.224000 0.000000 0.000000 0.000000 -32959.834685 11.618339
300.000000 0.226000 0.226000 0.226000 0.000000 0.000000 0.000000 -32785.752422 15.944587
300.000000 0.228000 0.228000 0.228000 0.000000 0.000000 0.000000 -32863.317934 2.809421
300.000000 0.230000 0.230000 0.230000 0.000000 0.000000 0.000000 -32940.977478 4.976898
300.000000 0.232000 0.232000 0.232000 0.000000 0.000000 0.000000 -32770.293962 5.762434
300.000000 0.234000 0.234000 0.234000 0.000000 0.000000 0.000000 -32805.478236 -3.991468
300.000000 0.236000 0.236000 0.236000 0.000000 0.000000 0.000000 -32823.404926 6.970273
300.000000 0.238000 0.238000 0.238000 0.000000 0.000000 0.000000 -32796.292739 5.320571
300.000000 0.240000 0.240000 0.240000 0.000000 0.000000 0.000000 -32805.251333 15.157961
300.000000 0.242000 0.242000 0.242000 0.000000 0.000000 0.000000 -32822.646731 21.673938
300.000000 0.244000 0.244000 0.244000 0.000000 0.000000 0.000000 -32827.643598 17.721159
300.000000 0.246000 0.246000 0.246000 0.000000 0.000000 0.000000 -32783.368171 10.280182
300.000000 0.248000 0.248000 0.248000 0.000000 0.000000 0.000000 -32950.299482 3.112447
300.000000 0.250000 0.250000 0.250000 0.000000 0.000000 0.000000 -32886.278128 8.968711
300.000000 0.252000 0.252000 0.252000 0.000000 0.000000 0.000000 -32968.091102 8.067110
300.000000 0.254000 0.254000 0.254000 0.000000 0.000000 0.000000 -32769.947780 13.978281
300.000000 0.256000 0.256000 0.256000 0.000000 0.000000 0.000000 -32895.206411 13.960602
300.000000 0.258000 0.258000 0.258000 0.000000 0.000000 0.000000 -32826.134023 11.242403
300.000000 0.260000 0.260000 0.260000 0.000000 0.000000 0.000000 -32899.231483 3.797571
300.000000 0.262000 0.262000 0.262000 0.000000 0.000000 0.000000 -32885.113146 16.804906
300.000000 0.264000 0.264000 0.264000 0.000000 0.000000 0.000000 -32762.502070 9.639724
300.000000 0.266000 0.266000 0.266000 0.000000 0.000000 0.000000 -32916.982354 18.268755
300.000000 0.268000 0.268000 0.268000 0.000000 0.000000 0.000000 -33104.483333 6.716748
300.000000 0.270000 0.270000 0.270000 0.000000 0.000000 0.000000 -32963.201673 3.589082
300.000000 0.272000 0.272000 0.272000 0.000000 0.000000 0.000000 -33031.784921 9.294319
300.000000 0.274000 0.274000 0.274000 0.000000 0.000000 0.000000 -32956.064755 3.282125
300.000000 0.276000 0.276000 0.276000 0.000000 0.000000 0.000000 -32819.455690 5.073650
300.000000 0.278000 0.278000 0.278000 0.000000 0.000000 0.000000 -32838.361558 4.967559
300.000000 0.280000 0.280000 0.280000 0.000000 0.000000 0.000000 -32895.003090 5.011354
300.000000 0.282000 0.282000 0.282000 0.000000 0.000000 0.000000 -32951.957348 12.334186
300.000000 0.284000 0.284000 0.284000 0.000000 0.000000 0.000000 -32871.861408 19.754406
300.000000 0.286000 0.286000 0.286000 0.000000 0.000000 0.000000 -32836.915800 13.369388
300.000000 0.288000 0.288000 0.288000 0.000000 0.000000 0.000000 -32840.761720 8.809250
300.000000 0.290000 0.290000 0.290000 0.000000 0.000000 0.000000 -32800.404239 0.230485
300.000000 0.292000 0.292000 0.292000 0.000000 0.000000 0.000000 -32880.280763 -0.814251
300.000000 0.294000 0.294000 0.294000 0.000000 0.000000 0.000000 -32922.701308 11.572533
300.000000 0.296000 0.296000 0.296000 0.000000 0.000000 0.000000 -32814.294159 6.901831
300.000000 0.298000 0.298000 0.298000 0.000000 0.000000 0.000000 -32811.639059 10.416878
300.000000 0.300000 0.300000 0.300000 0.000000 0.000000 0.000000 -32901.172267 0.508903
300.000000 0.302000 0.302000 0.302000 0.000000 0.000000 0.000000 -32929.390118 4.923570
300.000000 0.304000 0.304000 0.304000 0.000000 0.000000 0.000000 -32772.411070 7.505293
300.000000 0.306000 0.306000 0.306000 0.000000 0.000000 0.000000 -32842.464345 1.023027
300.000000 0.308000 0.308000 0.308000 0.000000 0.000000 0.000000 -32753.342054 3.200224
300.000000 0.310000 0.310000 0.310000 0.000000 0.000000 0.000000 -32783.466154 7.032675
300.000000 0.312000 0.312000 0.312000 0.000000 0.000000 0.000000 -32788.543048 6.880066
300.000000 0.314000 0.314000 0.314000 0.000000 0.000000 0.000000 -32866.103849 9.660581
300.000000 0.316000 0.316000 0.316000 0.000000 0.000000 0.000000 -32836.596213 4.112884
300.000000 0.318000 0.318000 0.318000 0.000000 0.000000 0.000000 -32923.634771 2.215809
300.000000 0.320000 0.320000 0.320000 0.000000 0.000000 0.000000 -32952.365422 2.156322
300.000000 0.322000 0.322000 0.322000 0.000000 0.000000 0.000000 -32875.826198 8.373509
300.000000 0.324000 0.324000 0.324000 0.000000 0.000000 0.000000 -32813.637876 0.918365
300.000000 0.326000 0.326000 0.326000 0.000000 0.000000 0.000000 -32938.977972 5.969787
300.000000 0.328000 0.328000 0.328000 0.000000 0.000000 0.000000 -32943.732520 4.407553
300.000000 0.330000 0.330000 0.330000 0.000000 0.000000 0.000000 -32907.680526 3.874390
300.000000 0.332000 0.332000 0.332000 0.000000 0.000000 0.000000 -32927.803093 11.709377
300.000000 0.334000 0.334000 0.334000 0.000000 0.000000 0.000000 -32996.637162 1.550832
300.000000 0.336000 0.336000 0.336000 0.000000 0.000000 0.000000 -32907.048011 4.655362
300.000000 0.338000 0.338000 0.338000 0.000000 0.000000 0.000000 -32925.037535 10.936022
300.000000 0.340000 0.340000 0.340000 0.000000 0.000000 0.000000 -32943.331367 7.187387
300.000000 0.342000 0.342000 0.342000 0.000000 0.000000 0.000000 -32813.820012 -1.795584
300.000000 0.344000 0.344000 0.344000 0.000000 0.000000 0.000000 -32844.382987 8.280069
300.000000 0.346000 0.346000 0.346000 0.000000 0.000000 0.000000 -32717.498846 0.322444
300.000000 0.348000 0.348000 0.348000 0.000000 0.000000 0.000000 -32854.910541 16.692840
300.000000 0.350000 0.350000 0.350000 0.000000 0.000000 0.000000 -32899.411183 13.830124
300.000000 0.352000 0.352000 0.352000 0.000000 0.000000 0.000000 -32892.931264 2.560971
300.000000 0.354000 0.354000 0.354000 0.000000 0.000000 0.000000 -32949.850806 -1.200504
300.000000 0.356000 0.356000 0.356000 0.000000 0.000000 0.000000 -32919.387203 0.942714
300.000000 0.358000 0.358000 0.358000 0.000000 0.000000 0.000000 -32828.611469 8.172736
300.000000 0.360000 0.360000 0.360000 0.000000 0.000000 0.000000 -32720.938555 14.069715
300.000000 0.362000 0.362000 0.362000 0.000000 0.000000 0.000000 -32776.162153 3.212592
300.000000 0.364000 0.364000 0.364000 0.000000 0.000000 0.000000 -32810.146760 6.807128
300.000000 0.366000 0.366000 0.366000 0.000000 0.000000 0.000000 -32805.095159 3.514197
300.000000 0.368000 0.368000 0.368000 0.000000 0.000000 0.000000 -32889.419934 7.407668
300.000000 0.370000 0.370000 0.370000 0.000000 0.000000 0.000000 -32869.482290 4.545119
300.000000 0.372000 0.372000 0.372000 0.000000 0.000000 0.000000 -32822.617779 2.127916
300.000000 0.374000 0.374000 0.374000 0.000000 0.000000 0.000000 -32962.950654 3.129955
300.000000 0.376000 0.376000 0.376000 0.000000 0.000000 0.000000 -32977.011382 -0.013094
300.000000 0.378000 0.378000 0.378000 0.000000 0.000000 0.000000 -32862.947454 5.882449
300.000000 0.380000 0.380000 0.380000 0.000000 0.000000 0.000000 -32885.702268 6.362204
300.000000 0.382000 0.382000 0.382000 0.000000 0.000000 0.000000 -32855.247528 7.225431
300.000000 0.384000 0.384000 0.384000 0.000000 0.000000 0.000000 -32878.639163 5.683816
300.000000 0.386000 0.386000 0.386000 0.000000 0.000000 0.000000 -32905.166024 6.209637
300.000000 0.388000 0.388000 0.388000 0.000000 0.000000 0.000000 -32925.735315 9.144682
300.000000 0.390000 0.390000 0.390000 0.000000 0.000000 0.000000 -32917.923150 -1.776036
300.000000 0.392000 0.392000 0.392000 0.000000 0.000000 0.000000 -32856.190972 2.011529
300.000000 0.394000 0.394000 0.394000 0.000000 0.000000 0.000000 -32883.832922 0.816241
300.000000 0.396000 0.396000 0.396000 0.000000 0.000000 0.000000 -32884.008824 7.485467
300.000000 0.398000 0.398000 0.398000 0.000000 0.000000 0.000000 -32819.797415 -3.646604
300.000000 0.400000 0.400000 0.400000 0.000000 0.000000 0.000000 -32826.093556 2.945794
300.000000 0.402000 0.402000 0.402000 0.000000 0.000000 0.000000 -32790.843970 8.504804
300.000000 0.404000 0.404000 0.404000 0.000000 0.000000 0.000000 -32844.767851 -3.774434
300.000000 0.406000 0.406000 0.406000 0.000000 0.000000 0.000000 -32903.782647 3.416137
300.000000 0.408000 0.408000 0.408000 0.000000 0.000000 0.000000 -32931.877925 -1.864902
300.000000 0.410000 0.410000 0.410000 0.000000 0.000000 0.000000 -32799.739548 2.900502
300.000000 0.412000 0.412000 0.412000 0.000000 0.000000 0.000000 -32855.267919 -3.317484
300.000000 0.414000 0.414000 0.414000 0.000000 0.000000 0.000000 -32844.168054 4.679708
300.000000 0.416000 0.416000 0.416000 0.000000 0.000000 0.000000 -32843.027883 -3.151791
300.000000 0.418000 0.418000 0.418000 0.000000 0.000000 0.000000 -32880.192183 5.765961
300.000000 0.420000 0.420000 0.420000 0.000000 0.000000 0.000000 -32896.522349 5.447358
300.000000 0.422000 0.422000 0.422000 0.000000 0.000000 0.000000 -32922.523542 -0.495653
300.000000 0.424000 0.424000 0.424000 0.000000 0.000000 0.000000 -32891.888945 1.321714
300.000000 0.426000 0.426000 0.426000 0.000000 0.000000 0.000000 -32906.437330 9.044069
300.000000 0.428000 0.428000 0.428000 0.000000 0.000000 0.000000 -32868.013581 -8.723463
300.000000 0.430000 0.430000 0.430000 0.000000 0.000000 0.000000 -32812.039593 2.200196
300.000000 0.432000 0.432000 0.432000 0.000000 0.000000 0.000000 -32739.685123 -1.035066
300.000000 0.434000 0.434000 0.434000 0.000000 0.000000 0.000000 -32809.052508 5.898072
300.000000 0.436000 0.436000 0.436000 0.000000 0.000000 0.000000 -32822.152047 2.902903
300.000000 0.438000 0.438000 0.438000 0.000000 0.000000 0.000000 -32885.495334 4.898888
300.000000 0.440000 0.440000 0.440000 0.000000 0.000000 0.000000 -33032.771365 6.910602
300.000000 0.442000 0.442000 0.442000 0.000000 0.000000 0.000000 -32995.375313 1.756222
300.000000 0.444000 0.444000 0.444000 0.000000 0.000000 0.000000 -33005.782241 2.417719
300.000000 0.446000 0.446000 0.446000 0.000000 0.000000 0.000000 -33012.935187 6.334747
300.000000 0.448000 0.448000 0.448000 0.000000 0.000000 0.000000 -32913.288290 1.664593
300.000000 0.450000 0.450000 0.450000 0.000000 0.000000 0.000000 -32838.864432 10.166413
300.000000 0.452000 0.452000 0.452000 0.000000 0.000000 0.000000 -32890.285590 -0.028344
300.000000 0.454000 0.454000 0.454000 0.000000 0.000000 0.000000 -32735.406534 0.608823
300.000000 0.456000 0.456000 0.456000 0.000000 0.000000 0.000000 -32791.367140 0.532295
300.000000 0.458000 0.458000 0.458000 0.000000 0.000000 0.000000 -32810.112512 0.627742
300.000000 0.460000 0.460000 0.460000 0.000000 0.000000 0.000000 -32920.237563 -0.168151
300.000000 0.462000 0.462000 0.462000 0.000000 0.000000 0.000000 -32934.897865 -4.191683
300.000000 0.464000 0.464000 0.464000 0.000000 0.000000 0.000000 -32856.063469 0.634779
300.000000 0.466000 0.466000 0.466000 0.000000 0.000000 0.000000 -33004.461903 -4.141610
300.000000 0.468000 0.468000 0.468000 0.000000 0.000000 0.000000 -32971.418620 6.784937
300.000000 0.470000 0.470000 0.470000 0.000000 0.000000 0.000000 -33017.590780 -3.922959
300.000000 0.472000 0.472000 0.472000 0.000000 0.000000 0.000000 -32989.649183 -3.475887
300.000000 0.474000 0.474000 0.474000 0.000000 0.000000 0.000000 -32962.867960 -1.006831
300.000000 0.476000 0.476000 0.476000 0.000000 0.000000 0.000000 -32981.561053 -3.303700
300.000000 0.478000 0.478000 0.478000 0.000000 0.000000 0.000000 -32971.305810 6.320829
300.000000 0.480000 0.480000 0.480000 0.000000 0.000000 0.000000 -33030.274792 5.740476
300.000000 0.482000 0.482000 0.482000 0.000000 0.000000 0.000000 -32811.277170 3.449724
300.000000 0.484000 0.484000 0.484000 0.000000 0.000000 0.000000 -32866.802792 -3.593517
300.000000 0.486000 0.486000 0.486000 0.000000 0.000000 0.000000 -32824.849471 4.259447
300.000000 0.488000 0.488000 0.488000 0.000000 0.000000 0.000000 -32766.419619 -4.363242
300.000000 0.490000 0.490000 0.490000 0.000000 0.000000 0.000000 -32822.684453 -7.420122
300.000000 0.492000 0.492000 0.492000 0.000000 0.000000 0.000000 -32917.030024 3.514282
300.000000 0.494000 0.494000 0.494000 0.000000 0.000000 0.000000 -32941.028379 7.911388
300.000000 0.496000 0.496000 0.496000 0.000000 0.000000 0.000000 -32974.236021 4.020725
300.000000 0.498000 0.498000 0.498000 0.000000 0.000000 0.000000 -32853.368418 0.914258
