300.000000 0.000000 0.000000 0.000000 0.000000 0.000000 0.000000 -39418.233120 951.690918
300.000000 0.002000 0.002000 0.002000 0.000000 0.000000 0.000000 -39451.822658 867.555112
300.000000 0.004000 0.004000 0.004000 0.000000 0.000000 0.000000 -39390.394757 819.666605
300.000000 0.006000 0.006000 0.006000 0.000000 0.000000 0.000000 -39339.816872 797.794810
300.000000 0.008000 0.008000 0.008000 0.000000 0.000000 0.000000 -39440.744225 687.626283
300.000000 0.010000 0.010000 0.010000 0.000000 0.000000 0.000000 -39384.626972 749.351186
300.000000 0.012000 0.012000 0.012000 0.000000 0.000000 0.000000 -39414.243280 758.734771
300.000000 0.014000 0.014000 0.014000 0.000000 0.000000 0.000000 -39353.046642 660.731554
300.000000 0.016000 0.016000 0.016000 0.000000 0.000000 0.000000 -39385.285399 368.105859
300.000000 0.018000 0.018000 0.018000 0.000000 0.000000 0.000000 -39429.410576 85.107964
300.000000 0.020000 0.020000 0.020000 0.000000 0.000000 0.000000 -39464.479471 128.941844
300.000000 0.022000 0.022000 0.022000 0.000000 0.000000 0.000000 -39458.417866 141.425201
300.000000 0.024000 0.024000 0.024000 0.000000 0.000000 0.000000 -39546.567163 118.326888
300.000000 0.026000 0.026000 0.026000 0.000000 0.000000 0.000000 -39405.014992 108.389389
300.000000 0.028000 0.028000 0.028000 0.000000 0.000000 0.000000 -39408.917221 83.455851
300.000000 0.030000 0.030000 0.030000 0.000000 0.000000 0.000000 -39348.971072 104.801757
300.000000 0.032000 0.032000 0.032000 0.000000 0.000000 0.000000 -39367.320685 95.335981
300.000000 0.034000 0.034000 0.034000 0.000000 0.000000 0.000000 -39314.728449 59.963032
300.000000 0.036000 0.036000 0.036000 0.000000 0.000000 0.000000 -39325.997605 57.235390
300.000000 0.038000 0.038000 0.038000 0.000000 0.000000 0.000000 -39355.213202 118.226512
300.000000 0.040000 0.040000 0.040000 0.000000 0.000000 0.000000 -39377.966162 73.705100
300.000000 0.042000 0.042000 0.042000 0.000000 0.000000 0.000000 -39342.247476 69.280399
300.000000 0.044000 0.044000 0.044000 0.000000 0.000000 0.000000 -39418.781555 71.284282
300.000000 0.046000 0.046000 0.046000 0.000000 0.000000 0.000000 -39315.483159 23.745144
300.000000 0.048000 0.048000 0.048000 0.000000 0.000000 0.000000 -39466.403470 36.070632
300.000000 0.050000 0.050000 0.050000 0.000000 0.000000 0.000000 -39464.592783 79.662611
300.000000 0.052000 0.052000 0.052000 0.000000 0.000000 0.000000 -39438.771575 57.326526
300.000000 0.054000 0.054000 0.054000 0.000000 0.000000 0.000000 -39482.254467 45.225340
300.000000 0.056000 0.056000 0.056000 0.000000 0.000000 0.000000 -39480.656600 36.481205
300.000000 0.058000 0.058000 0.058000 0.000000 0.000000 0.000000 -39386.583524 28.433168
300.000000 0.060000 0.060000 0.060000 0.000000 0.000000 0.000000 -39366.612309 72.445316
300.000000 0.062000 0.062000 0.062000 0.000000 0.000000 0.000000 -39402.845675 52.314364
300.000000 0.064000 0.064000 0.064000 0.000000 0.000000 0.000000 -39534.165233 50.820612
300.000000 0.066000 0.066000 0.066000 0.000000 0.000000 0.000000 -39475.141486 78.741809
300.000000 0.068000 0.068000 0.068000 0.000000 0.000000 0.000000 -39520.976241 48.991088
300.000000 0.070000 0.070000 0.070000 0.000000 0.000000 0.000000 -39412.404925 55.433875
300.000000 0.072000 0.072000 0.072000 0.000000 0.000000 0.000000 -39440.336989 48.689867
300.000000 0.074000 0.074000 0.074000 0.000000 0.000000 0.000000 -39532.207835 21.836126
300.000000 0.076000 0.076000 0.076000 0.000000 0.000000 0.000000 -39338.769703 24.395830
300.000000 0.078000 0.078000 0.078000 0.000000 0.000000 0.000000 -39396.659151 63.379674
300.000000 0.080000 0.080000 0.080000 0.000000 0.000000 0.000000 -39345.566145 26.534105
300.000000 0.082000 0.082000 0.082000 0.000000 0.000000 0.000000 -39460.391989 42.137157
300.000000 0.084000 0.084000 0.084000 0.000000 0.000000 0.000000 -39442.766796 42.817018
300.000000 0.086000 0.086000 0.086000 0.000000 0.000000 0.000000 -39418.729527 16.655790
300.000000 0.088000 0.088000 0.088000 0.000000 0.000000 0.000000 -39450.199928 28.656761
300.000000 0.090000 0.090000 0.090000 0.000000 0.000000 0.000000 -39468.092565 36.303142
300.000000 0.092000 0.092000 0.092000 0.000000 0.000000 0.000000 -39359.915703 42.183726
300.000000 0.094000 0.094000 0.094000 0.000000 0.000000 0.000000 -39467.671007 31.610051
300.000000 0.096000 0.096000 0.096000 0.000000 0.000000 0.000000 -39426.255784 20.357443
300.000000 0.098000 0.098000 0.098000 0.000000 0.000000 0.000000 -39384.894821 33.542236
300.000000 0.100000 0.100000 0.100000 0.000000 0.000000 0.000000 -39370.008287 11.831430
300.000000 0.102000 0.102000 0.102000 0.000000 0.000000 0.000000 -39440.869697 19.099000
300.000000 0.104000 0.104000 0.104000 0.000000 0.000000 0.000000 -39391.188997 33.247143
300.000000 0.106000 0.106000 0.106000 0.000000 0.000000 0.000000 -39348.832798 22.717758
300.000000 0.108000 0.108000 0.108000 0.000000 0.000000 0.000000 -39401.630773 44.870713
300.000000 0.110000 0.110000 0.110000 0.000000 0.000000 0.000000 -39404.546354 10.784038
300.000000 0.112000 0.112000 0.112000 0.000000 0.000000 0.000000 -39552.566339 38.126255
300.000000 0.114000 0.114000 0.114000 0.000000 0.000000 0.000000 -39531.258957 17.271520
300.000000 0.116000 0.116000 0.116000 0.000000 0.000000 0.000000 -39571.774083 16.715426
300.000000 0.118000 0.118000 0.118000 0.000000 0.000000 0.000000 -39492.331936 41.013323
300.000000 0.120000 0.120000 0.120000 0.000000 0.000000 0.000000 -39447.448856 30.875923
300.000000 0.122000 0.122000 0.122000 0.000000 0.000000 0.000000 -39492.955305 11.165910
300.000000 0.124000 0.124000 0.124000 0.000000 0.000000 0.000000 -39532.456386 28.873072
300.000000 0.126000 0.126000 0.126000 0.000000 0.000000 0.000000 -39536.762630 14.715362
300.000000 0.128000 0.128000 0.128000 0.000000 0.000000 0.000000 -39449.040630 9.847918
300.000000 0.130000 0.130000 0.130000 0.000000 0.000000 0.000000 -39512.708512 37.249436
300.000000 0.132000 0.132000 0.132000 0.000000 0.000000 0.000000 -39439.424743 27.187242
300.000000 0.134000 0.134000 0.134000 0.000000 0.000000 0.000000 -39474.069604 30.352367
300.000000 0.136000 0.136000 0.136000 0.000000 0.000000 0.000000 -39446.904064 18.953233
300.000000 0.138000 0.138000 0.138000 0.000000 0.000000 0.000000 -39436.663609 10.768015
300.000000 0.140000 0.140000 0.140000 0.000000 0.000000 0.000000 -39258.535744 14.706029
300.000000 0.142000 0.142000 0.142000 0.000000 0.000000 0.000000 -39372.222543 26.916693
300.000000 0.144000 0.144000 0.144000 0.000000 0.000000 0.000000 -39407.725019 25.851659
300.000000 0.146000 0.146000 0.146000 0.000000 0.000000 0.000000 -39448.609134 20.623364
300.000000 0.148000 0.148000 0.148000 0.000000 0.000000 0.000000 -39465.079458 25.250244
300.000000 0.150000 0.150000 0.150000 0.000000 0.000000 0.000000 -39345.053945 17.604093
300.000000 0.152000 0.152000 0.152000 0.000000 0.000000 0.000000 -39261.951589 16.730722
300.000000 0.154000 0.154000 0.154000 0.000000 0.000000 0.000000 -39359.082835 18.918995
300.000000 0.156000 0.156000 0.156000 0.000000 0.000000 0.000000 -39333.874441 23.661393
300.000000 0.158000 0.158000 0.158000 0.000000 0.000000 0.000000 -39284.278769 27.847702
300.000000 0.160000 0.160000 0.160000 0.000000 0.000000 0.000000 -39310.751628 22.554848
300.000000 0.162000 0.162000 0.162000 0.000000 0.000000 0.000000 -39273.726657 22.341279
300.000000 0.164000 0.164000 0.164000 0.000000 0.000000 0.000000 -39325.028308 17.080879
300.000000 0.166000 0.166000 0.166000 0.000000 0.000000 0.000000 -39399.737273 14.769529
300.000000 0.168000 0.168000 0.168000 0.000000 0.000000 0.000000 -39443.741062 25.285122
300.000000 0.170000 0.170000 0.170000 0.000000 0.000000 0.000000 -39515.903914 13.619279
300.000000 0.172000 0.172000 0.172000 0.000000 0.000000 0.000000 -39312.024088 15.060629
300.000000 0.174000 0.174000 0.174000 0.000000 0.000000 0.000000 -39349.822108 11.897526
300.000000 0.176000 0.176000 0.176000 0.000000 0.000000 0.000000 -39425.722825 22.121503
300.000000 0.178000 0.178000 0.178000 0.000000 0.000000 0.000000 -39398.639307 21.384678
300.000000 0.180000 0.180000 0.180000 0.000000 0.000000 0.000000 -39395.276455 11.429222
300.000000 0.182000 0.182000 0.182000 0.000000 0.000000 0.000000 -39302.497107 9.514924
300.000000 0.184000 0.184000 0.184000 0.000000 0.000000 0.000000 -39468.353654 17.405360
300.000000 0.186000 0.186000 0.186000 0.000000 0.000000 0.000000 -39284.446202 30.268379
300.000000 0.188000 0.188000 0.188000 0.000000 0.000000 0.000000 -39377.095809 27.186996
300.000000 0.190000 0.190000 0.190000 0.000000 0.000000 0.000000 -39296.826114 13.271478
300.000000 0.192000 0.192000 0.192000 0.000000 0.000000 0.000000 -39488.438759 12.610465
300.000000 0.194000 0.194000 0.194000 0.000000 0.000000 0.000000 -39321.296746 22.405802
300.000000 0.196000 0.196000 0.196000 0.000000 0.000000 0.000000 -39392.516159 9.057788
300.000000 0.198000 0.198000 0.198000 0.000000 0.000000 0.000000 -39367.317995 21.403320
300.000000 0.200000 0.200000 0.200000 0.000000 0.000000 0.000000 -39431.629938 15.242031
300.000000 0.202000 0.202000 0.202000 0.000000 0.000000 0.000000 -39406.380601 31.659383
300.000000 0.204000 0.204000 0.204000 0.000000 0.000000 0.000000 -39497.029484 6.736069
300.000000 0.206000 0.206000 0.206000 0.000000 0.000000 0.000000 -39366.267880 15.230119
300.000000 0.208000 0.208000 0.208000 0.000000 0.000000 0.000000 -39272.094036 12.392713
300.000000 0.210000 0.210000 0.210000 0.000000 0.000000 0.000000 -39229.785811 10.065302
300.000000 0.212000 0.212000 0.212000 0.000000 0.000000 0.000000 -39281.204323 20.895851
300.000000 0.214000 0.214000 0.214000 0.000000 0.000000 0.000000 -39186.446610 18.387122
300.000000 0.216000 0.216000 0.216000 0.000000 0.000000 0.000000 -39308.992965 12.459989
300.000000 0.218000 0.218000 0.218000 0.000000 0.000000 0.000000 -39284.614098 18.907022
300.000000 0.220000 0.220000 0.220000 0.000000 0.000000 0.000000 -39442.414880 12.669422
300.000000 0.222000 0.222000 0.222000 0.000000 0.000000 0.000000 -39353.509491 21.368820
300.000000 0.224000 0.224000 0.224000 0.000000 0.000000 0.000000 -39459.139376 17.385773
300.000000 0.226000 0.226000 0.226000 0.000000 0.000000 0.000000 -39374.745826 8.385353
300.000000 0.228000 0.228000 0.228000 0.000000 0.000000 0.000000 -39577.043462 25.430995
300.000000 0.230000 0.230000 0.230000 0.000000 0.000000 0.000000 -39460.414326 21.734392
300.000000 0.232000 0.232000 0.232000 0.000000 0.000000 0.000000 -39467.150666 10.579943
300.000000 0.234000 0.234000 0.234000 0.000000 0.000000 0.000000 -39429.647463 23.658368
300.000000 0.236000 0.236000 0.236000 0.000000 0.000000 0.000000 -39485.275517 26.917617
300.000000 0.238000 0.238000 0.238000 0.000000 0.000000 0.000000 -39486.015062 8.901099
300.000000 0.240000 0.240000 0.240000 0.000000 0.000000 0.000000 -39531.371925 2.775404
300.000000 0.242000 0.242000 0.242000 0.000000 0.000000 0.000000 -39562.882337 8.347666
300.000000 0.244000 0.244000 0.244000 0.000000 0.000000 0.000000 -39484.649504 13.943551
300.000000 0.246000 0.246000 0.246000 0.000000 0.000000 0.000000 -39527.613657 8.375145
300.000000 0.248000 0.248000 0.248000 0.000000 0.000000 0.000000 -39450.993416 7.203015
300.000000 0.250000 0.250000 0.250000 0.000000 0.000000 0.000000 -39440.513404 22.541147
300.000000 0.252000 0.252000 0.252000 0.000000 0.000000 0.000000 -39502.953215 10.353165
300.000000 0.254000 0.254000 0.254000 0.000000 0.000000 0.000000 -39522.453787 20.964476
300.000000 0.256000 0.256000 0.256000 0.000000 0.000000 0.000000 -39585.587636 10.574875
300.000000 0.258000 0.258000 0.258000 0.000000 0.000000 0.000000 -39455.808097 10.365437
300.000000 0.260000 0.260000 0.260000 0.000000 0.000000 0.000000 -39408.661066 11.989766
300.000000 0.262000 0.262000 0.262000 0.000000 0.000000 0.000000 -39447.128385 18.419378
300.000000 0.264000 0.264000 0.264000 0.000000 0.000000 0.000000 -39528.787476 10.220176
300.000000 0.266000 0.266000 0.266000 0.000000 0.000000 0.000000 -39544.339703 3.132460
300.000000 0.268000 0.268000 0.268000 0.000000 0.000000 0.000000 -39479.859097 9.721438
300.000000 0.270000 0.270000 0.270000 0.000000 0.000000 0.000000 -39408.650150 6.168271
300.000000 0.272000 0.272000 0.272000 0.000000 0.000000 0.000000 -39395.839035 11.409571
300.000000 0.274000 0.274000 0.274000 0.000000 0.000000 0.000000 -39385.509041 15.021302
300.000000 0.276000 0.276000 0.276000 0.000000 0.000000 0.000000 -39383.865740 16.694986
300.000000 0.278000 0.278000 0.278000 0.000000 0.000000 0.000000 -39385.533360 5.031628
300.000000 0.280000 0.280000 0.280000 0.000000 0.000000 0.000000 -39403.205024 7.516771
300.000000 0.282000 0.282000 0.282000 0.000000 0.000000 0.000000 -39269.478482 15.574285
300.000000 0.284000 0.284000 0.284000 0.000000 0.000000 0.000000 -39328.025865 7.904404
300.000000 0.286000 0.286000 0.286000 0.000000 0.000000 0.000000 -39378.419123 16.170358
300.000000 0.288000 0.288000 0.288000 0.000000 0.000000 0.000000 -39381.005820 21.651228
300.000000 0.290000 0.290000 0.290000 0.000000 0.000000 0.000000 -39286.982699 21.751164
300.000000 0.292000 0.292000 0.292000 0.000000 0.000000 0.000000 -39285.993442 5.649724
300.000000 0.294000 0.294000 0.294000 0.000000 0.000000 0.000000 -39427.695613 -0.409776
300.000000 0.296000 0.296000 0.296000 0.000000 0.000000 0.000000 -39401.019013 7.149190
300.000000 0.298000 0.298000 0.298000 0.000000 0.000000 0.000000 -39312.215336 19.158200
300.000000 0.300000 0.300000 0.300000 0.000000 0.000000 0.000000 -39382.509269 9.610723
300.000000 0.302000 0.302000 0.302000 0.000000 0.000000 0.000000 -39399.759341 3.378947
300.000000 0.304000 0.304000 0.304000 0.000000 0.000000 0.000000 -39331.870048 1.888059
300.000000 0.306000 0.306000 0.306000 0.000000 0.000000 0.000000 -39391.657041 8.408759
300.000000 0.308000 0.308000 0.308000 0.000000 0.000000 0.000000 -39407.738016 12.456565
300.000000 0.310000 0.310000 0.310000 0.000000 0.000000 0.000000 -39296.834330 22.028916
300.000000 0.312000 0.312000 0.312000 0.000000 0.000000 0.000000 -39218.416802 15.570405
300.000000 0.314000 0.314000 0.314000 0.000000 0.000000 0.000000 -39208.357831 15.054730
300.000000 0.316000 0.316000 0.316000 0.000000 0.000000 0.000000 -39213.042396 8.694695
300.000000 0.318000 0.318000 0.318000 0.000000 0.000000 0.000000 -39356.151830 7.755522
300.000000 0.320000 0.320000 0.320000 0.000000 0.000000 0.000000 -39361.679647 -2.877960
300.000000 0.322000 0.322000 0.322000 0.000000 0.000000 0.000000 -39384.808423 8.898531
300.000000 0.324000 0.324000 0.324000 0.000000 0.000000 0.000000 -39223.794261 3.922465
300.000000 0.326000 0.326000 0.326000 0.000000 0.000000 0.000000 -39422.815113 -2.049933
300.000000 0.328000 0.328000 0.328000 0.000000 0.000000 0.000000 -39369.292405 8.949957
300.000000 0.330000 0.330000 0.330000 0.000000 0.000000 0.000000 -39422.173554 6.094717
300.000000 0.332000 0.332000 0.332000 0.000000 0.000000 0.000000 -39526.769027 4.144697
300.000000 0.334000 0.334000 0.334000 0.000000 0.000000 0.000000 -39278.058018 2.525669
300.000000 0.336000 0.336000 0.336000 0.000000 0.000000 0.000000 -39289.401562 11.362267
300.000000 0.338000 0.338000 0.338000 0.000000 0.000000 0.000000 -39344.062465 2.473406
300.000000 0.340000 0.340000 0.340000 0.000000 0.000000 0.000000 -39293.656648 7.967978
300.000000 0.342000 0.342000 0.342000 0.000000 0.000000 0.000000 -39394.406299 4.182899
300.000000 0.344000 0.344000 0.344000 0.000000 0.000000 0.000000 -39402.180581 7.898285
300.000000 0.346000 0.346000 0.346000 0.000000 0.000000 0.000000 -39470.268467 11.493717
300.000000 0.348000 0.348000 0.348000 0.000000 0.000000 0.000000 -39463.905713 13.661842
300.000000 0.350000 0.350000 0.350000 0.000000 0.000000 0.000000 -39489.937896 11.153489
300.000000 0.352000 0.352000 0.352000 0.000000 0.000000 0.000000 -39467.017716 6.853837
300.000000 0.354000 0.354000 0.354000 0.000000 0.000000 0.000000 -39447.772022 8.458876
300.000000 0.356000 0.356000 0.356000 0.000000 0.000000 0.000000 -39523.413145 2.089945
300.000000 0.358000 0.358000 0.358000 0.000000 0.000000 0.000000 -39488.500089 -2.867862
300.000000 0.360000 0.360000 0.360000 0.000000 0.000000 0.000000 -39448.542211 15.829985
300.000000 0.362000 0.362000 0.362000 0.000000 0.000000 0.000000 -39307.555932 4.728974
300.000000 0.364000 0.364000 0.364000 0.000000 0.000000 0.000000 -39300.649037 14.919286
300.000000 0.366000 0.366000 0.366000 0.000000 0.000000 0.000000 -39390.910457 -10.378511
300.000000 0.368000 0.368000 0.368000 0.000000 0.000000 0.000000 -39365.778758 8.269223
300.000000 0.370000 0.370000 0.370000 0.000000 0.000000 0.000000 -39436.789252 4.734186
300.000000 0.372000 0.372000 0.372000 0.000000 0.000000 0.000000 -39521.597144 3.022869
300.000000 0.374000 0.374000 0.374000 0.000000 0.000000 0.000000 -39459.589562 13.527033
300.000000 0.376000 0.376000 0.376000 0.000000 0.000000 0.000000 -39457.620545 3.852120
300.000000 0.378000 0.378000 0.378000 0.000000 0.000000 0.000000 -39342.723330 0.771791
300.000000 0.380000 0.380000 0.380000 0.000000 0.000000 0.000000 -39405.905646 8.178534
300.000000 0.382000 0.382000 0.382000 0.000000 0.000000 0.000000 -39380.612745 6.561696
300.000000 0.384000 0.384000 0.384000 0.000000 0.000000 0.000000 -39312.465421 8.103463
300.000000 0.386000 0.386000 0.386000 0.000000 0.000000 0.000000 -39417.046954 7.069883
300.000000 0.388000 0.388000 0.388000 0.000000 0.000000 0.000000 -39536.428521 5.499687
300.000000 0.390000 0.390000 0.390000 0.000000 0.000000 0.000000 -39487.490528 1.535909
300.000000 0.392000 0.392000 0.392000 0.000000 0.000000 0.000000 -39479.994636 6.364296
300.000000 0.394000 0.394000 0.394000 0.000000 0.000000 0.000000 -39519.038394 0.840364
300.000000 0.396000 0.396000 0.396000 0.000000 0.000000 0.000000 -39419.182111 3.248611
300.000000 0.398000 0.398000 0.398000 0.000000 0.000000 0.000000 -39346.140994 0.008791
300.000000 0.400000 0.400000 0.400000 0.000000 0.000000 0.000000 -39417.340092 0.648781
300.000000 0.402000 0.402000 0.402000 0.000000 0.000000 0.000000 -39458.313854 11.478884
300.000000 0.404000 0.404000 0.404000 0.000000 0.000000 0.000000 -39331.042568 -0.218900
300.000000 0.406000 0.406000 0.406000 0.000000 0.000000 0.000000 -39307.562596 5.953688
300.000000 0.408000 0.408000 0.408000 0.000000 0.000000 0.000000 -39342.328003 6.932909
300.000000 0.410000 0.410000 0.410000 0.000000 0.000000 0.000000 -39315.449166 5.323630
300.000000 0.412000 0.412000 0.412000 0.000000 0.000000 0.000000 -39461.789630 -3.009721
300.000000 0.414000 0.414000 0.414000 0.000000 0.000000 0.000000 -39410.551533 11.947669
300.000000 0.416000 0.416000 0.416000 0.000000 0.000000 0.000000 -39420.230908 -0.600447
300.000000 0.418000 0.418000 0.418000 0.000000 0.000000 0.000000 -39450.231778 2.444989
300.000000 0.420000 0.420000 0.420000 0.000000 0.000000 0.000000 -39448.968487 5.898445
300.000000 0.422000 0.422000 0.422000 0.000000 0.000000 0.000000 -39509.843493 9.524146
300.000000 0.424000 0.424000 0.424000 0.000000 0.000000 0.000000 -39444.644524 6.568232
300.000000 0.426000 0.426000 0.426000 0.000000 0.000000 0.000000 -39485.465805 -7.268878
300.000000 0.428000 0.428000 0.428000 0.000000 0.000000 0.000000 -39449.445295 -0.601692
300.000000 0.430000 0.430000 0.430000 0.000000 0.000000 0.000000 -39477.771748 6.828176
300.000000 0.432000 0.432000 0.432000 0.000000 0.000000 0.000000 -39451.218261 3.040055
300.000000 0.434000 0.434000 0.434000 0.000000 0.000000 0.000000 -39526.464540 -8.299857
300.000000 0.436000 0.436000 0.436000 0.000000 0.000000 0.000000 -39506.007728 7.730030
300.000000 0.438000 0.438000 0.438000 0.000000 0.000000 0.000000 -39442.442606 0.674263
300.000000 0.440000 0.440000 0.440000 0.000000 0.000000 0.000000 -39314.084598 0.964187
300.000000 0.442000 0.442000 0.442000 0.000000 0.000000 0.000000 -39439.508236 3.834772
300.000000 0.444000 0.444000 0.444000 0.000000 0.000000 0.000000 -39436.047188 2.175383
300.000000 0.446000 0.446000 0.446000 0.000000 0.000000 0.000000 -39394.161705 6.743998
300.000000 0.448000 0.448000 0.448000 0.000000 0.000000 0.000000 -39572.942085 7.310753
300.000000 0.450000 0.450000 0.450000 0.000000 0.000000 0.000000 -39410.853614 -0.245814
300.000000 0.452000 0.452000 0.452000 0.000000 0.000000 0.000000 -39409.358582 -0.784042
300.000000 0.454000 0.454000 0.454000 0.000000 0.000000 0.000000 -39365.761999 4.403065
300.000000 0.456000 0.456000 0.456000 0.000000 0.000000 0.000000 -39411.703543 2.833958
300.000000 0.458000 0.458000 0.458000 0.000000 0.000000 0.000000 -39337.516117 -1.441859
300.000000 0.460000 0.460000 0.460000 0.000000 0.000000 0.000000 -39290.536559 0.007177
300.000000 0.462000 0.462000 0.462000 0.000000 0.000000 0.000000 -39283.984146 -2.129336
300.000000 0.464000 0.464000 0.464000 0.000000 0.000000 0.000000 -39482.790664 3.767592
300.000000 0.466000 0.466000 0.466000 0.000000 0.000000 0.000000 -39511.545081 1.021968
300.000000 0.468000 0.468000 0.468000 0.000000 0.000000 0.000000 -39459.308266 2.103673
300.000000 0.470000 0.470000 0.470000 0.000000 0.000000 0.000000 -39459.117414 -0.516676
300.000000 0.472000 0.472000 0.472000 0.000000 0.000000 0.000000 -39352.122600 3.674168
300.000000 0.474000 0.474000 0.474000 0.000000 0.000000 0.000000 -39564.865375 -5.149232
300.000000 0.476000 0.476000 0.476000 0.000000 0.000000 0.000000 -39403.186328 -3.315456
300.000000 0.478000 0.478000 0.478000 0.000000 0.000000 0.000000 -39406.467752 -2.087064
300.000000 0.480000 0.480000 0.480000 0.000000 0.000000 0.000000 -39514.796641 -4.244978
300.000000 0.482000 0.482000 0.482000 0.000000 0.000000 0.000000 -39439.898236 3.710501
300.000000 0.484000 0.484000 0.484000 0.000000 0.000000 0.000000 -39390.634199 2.488401
300.000000 0.486000 0.486000 0.486000 0.000000 0.000000 0.000000 -39471.731972 0.449960
300.000000 0.488000 0.488000 0.488000 0.000000 0.000000 0.000000 -39404.158306 1.879678
300.000000 0.490000 0.490000 0.490000 0.000000 0.000000 0.000000 -39365.697662 8.499040
300.000000 0.492000 0.492000 0.492000 0.000000 0.000000 0.000000 -39235.667194 4.292913
300.000000 0.494000 0.494000 0.494000 0.000000 0.000000 0.000000 -39444.205244 -3.021394
300.000000 0.496000 0.496000 0.496000 0.000000 0.000000 0.000000 -39422.027473 -2.860709
300.000000 0.498000 0.498000 0.498000 0.000000 0.000000 0.000000 -39338.810586 9.871959
