300.000000 0.000000 0.000000 0.000000 0.000000 0.000000 0.000000 -39755.001368 818.419455
300.000000 0.002000 0.002000 0.002000 0.000000 0.000000 0.000000 -39766.396837 693.274797
300.000000 0.004000 0.004000 0.004000 0.000000 0.000000 0.000000 -39714.109397 929.956552
300.000000 0.006000 0.006000 0.006000 0.000000 0.000000 0.000000 -39684.449932 847.371255
300.000000 0.008000 0.008000 0.008000 0.000000 0.000000 0.000000 -39759.004393 660.556925
300.000000 0.010000 0.010000 0.010000 0.000000 0.000000 0.000000 -39775.089743 662.790474
300.000000 0.012000 0.012000 0.012000 0.000000 0.000000 0.000000 -39783.776967 203.788055
300.000000 0.014000 0.014000 0.014000 0.000000 0.000000 0.000000 -39853.329449 157.730795
300.000000 0.016000 0.016000 0.016000 0.000000 0.000000 0.000000 -39758.529576 70.930618
300.000000 0.018000 0.018000 0.018000 0.000000 0.000000 0.000000 -39651.556650 83.334855
300.000000 0.020000 0.020000 0.020000 0.000000 0.000000 0.000000 -39681.010048 92.676417
300.000000 0.022000 0.022000 0.022000 0.000000 0.000000 0.000000 -39720.734087 101.139942
300.000000 0.024000 0.024000 0.024000 0.000000 0.000000 0.000000 -39670.264920 126.107650
300.000000 0.026000 0.026000 0.026000 0.000000 0.000000 0.000000 -39725.595413 57.612607
300.000000 0.028000 0.028000 0.028000 0.000000 0.000000 0.000000 -39841.944564 50.365094
300.000000 0.030000 0.030000 0.030000 0.000000 0.000000 0.000000 -39724.858614 108.657458
300.000000 0.032000 0.032000 0.032000 0.000000 0.000000 0.000000 -39743.547170 77.111260
300.000000 0.034000 0.034000 0.034000 0.000000 0.000000 0.000000 -39755.364868 77.494548
300.000000 0.036000 0.036000 0.036000 0.000000 0.000000 0.000000 -39655.403877 126.735114
300.000000 0.038000 0.038000 0.038000 0.000000 0.000000 0.000000 -39721.005757 90.457434
300.000000 0.040000 0.040000 0.040000 0.000000 0.000000 0.000000 -39674.608761 79.244028
300.000000 0.042000 0.042000 0.042000 0.000000 0.000000 0.000000 -39860.813846 86.065139
300.000000 0.044000 0.044000 0.044000 0.000000 0.000000 0.000000 -39866.576440 84.871435
300.000000 0.046000 0.046000 0.046000 0.000000 0.000000 0.000000 -39644.685522 26.406090
300.000000 0.048000 0.048000 0.048000 0.000000 0.000000 0.000000 -39638.064688 64.908216
300.000000 0.050000 0.050000 0.050000 0.000000 0.000000 0.000000 -39686.485754 82.132982
300.000000 0.052000 0.052000 0.052000 0.000000 0.000000 0.000000 -39559.220332 29.547810
300.000000 0.054000 0.054000 0.054000 0.000000 0.000000 0.000000 -39663.556678 19.965761
300.000000 0.056000 0.056000 0.056000 0.000000 0.000000 0.000000 -39620.387859 49.019823
300.000000 0.058000 0.058000 0.058000 0.000000 0.000000 0.000000 -39724.345295 43.264281
300.000000 0.060000 0.060000 0.060000 0.000000 0.000000 0.000000 -39604.802111 36.534729
300.000000 0.062000 0.062000 0.062000 0.000000 0.000000 0.000000 -39705.873226 34.769719
300.000000 0.064000 0.064000 0.064000 0.000000 0.000000 0.000000 -39799.568261 56.815685
300.000000 0.066000 0.066000 0.066000 0.000000 0.000000 0.000000 -39719.184564 81.659383
300.000000 0.068000 0.068000 0.068000 0.000000 0.000000 0.000000 -39531.293751 67.275064
300.000000 0.070000 0.070000 0.070000 0.000000 0.000000 0.000000 -39452.733658 44.098330
300.000000 0.072000 0.072000 0.072000 0.000000 0.000000 0.000000 -39606.169249 53.380146
300.000000 0.074000 0.074000 0.074000 0.000000 0.000000 0.000000 -39596.046954 44.543920
300.000000 0.076000 0.076000 0.076000 0.000000 0.000000 0.000000 -39558.342584 19.687579
300.000000 0.078000 0.078000 0.078000 0.000000 0.000000 0.000000 -39598.937632 48.897976
300.000000 0.080000 0.080000 0.080000 0.000000 0.000000 0.000000 -39469.630698 49.230465
300.000000 0.082000 0.082000 0.082000 0.000000 0.000000 0.000000 -39494.391652 29.416170
300.000000 0.084000 0.084000 0.084000 0.000000 0.000000 0.000000 -39541.995327 42.158452
300.000000 0.086000 0.086000 0.086000 0.000000 0.000000 0.000000 -39692.721912 24.838632
300.000000 0.088000 0.088000 0.088000 0.000000 0.000000 0.000000 -39774.843301 25.010102
300.000000 0.090000 0.090000 0.090000 0.000000 0.000000 0.000000 -39719.327436 32.073368
300.000000 0.092000 0.092000 0.092000 0.000000 0.000000 0.000000 -39768.302313 17.387627
300.000000 0.094000 0.094000 0.094000 0.000000 0.000000 0.000000 -39859.094716 37.489368
300.000000 0.096000 0.096000 0.096000 0.000000 0.000000 0.000000 -39824.726419 54.877996
300.000000 0.098000 0.098000 0.098000 0.000000 0.000000 0.000000 -39729.489552 42.204022
300.000000 0.100000 0.100000 0.100000 0.000000 0.000000 0.000000 -39841.921482 56.172813
300.000000 0.102000 0.102000 0.102000 0.000000 0.000000 0.000000 -39893.359151 20.033406
300.000000 0.104000 0.104000 0.104000 0.000000 0.000000 0.000000 -39635.473708 41.828012
300.000000 0.106000 0.106000 0.106000 0.000000 0.000000 0.000000 -39795.244870 47.375660
300.000000 0.108000 0.108000 0.108000 0.000000 0.000000 0.000000 -39720.793249 32.997052
300.000000 0.110000 0.110000 0.110000 0.000000 0.000000 0.000000 -39747.905383 53.816566
300.000000 0.112000 0.112000 0.112000 0.000000 0.000000 0.000000 -39679.311723 45.051706
300.000000 0.114000 0.114000 0.114000 0.000000 0.000000 0.000000 -39629.058056 52.982202
300.000000 0.116000 0.116000 0.116000 0.000000 0.000000 0.000000 -39656.752969 27.856726
300.000000 0.118000 0.118000 0.118000 0.000000 0.000000 0.000000 -39577.077762 25.060625
300.000000 0.120000 0.120000 0.120000 0.000000 0.000000 0.000000 -39584.061611 17.484216
300.000000 0.122000 0.122000 0.122000 0.000000 0.000000 0.000000 -39703.358608 29.806816
300.000000 0.124000 0.124000 0.124000 0.000000 0.000000 0.000000 -39761.750375 38.060034
300.000000 0.126000 0.126000 0.126000 0.000000 0.000000 0.000000 -39692.945324 43.524546
300.000000 0.128000 0.128000 0.128000 0.000000 0.000000 0.000000 -39577.032713 29.934723
300.000000 0.130000 0.130000 0.130000 0.000000 0.000000 0.000000 -39721.815644 37.877420
300.000000 0.132000 0.132000 0.132000 0.000000 0.000000 0.000000 -39601.403309 34.554330
300.000000 0.134000 0.134000 0.134000 0.000000 0.000000 0.000000 -39741.494070 29.493477
300.000000 0.136000 0.136000 0.136000 0.000000 0.000000 0.000000 -39645.019984 14.277373
300.000000 0.138000 0.138000 0.138000 0.000000 0.000000 0.000000 -39663.236186 20.589835
300.000000 0.140000 0.140000 0.140000 0.000000 0.000000 0.000000 -39802.076196 19.256203
300.000000 0.142000 0.142000 0.142000 0.000000 0.000000 0.000000 -39875.690457 28.023035
300.000000 0.144000 0.144000 0.144000 0.000000 0.000000 0.000000 -39691.175085 17.014128
300.000000 0.146000 0.146000 0.146000 0.000000 0.000000 0.000000 -39716.267897 17.981140
300.000000 0.148000 0.148000 0.148000 0.000000 0.000000 0.000000 -39689.429435 45.391889
300.000000 0.150000 0.150000 0.150000 0.000000 0.000000 0.000000 -39674.794099 20.849451
300.000000 0.152000 0.152000 0.152000 0.000000 0.000000 0.000000 -39652.629847 26.818742
300.000000 0.154000 0.154000 0.154000 0.000000 0.000000 0.000000 -39679.799392 24.931347
300.000000 0.156000 0.156000 0.156000 0.000000 0.000000 0.000000 -39569.049564 45.409186
300.000000 0.158000 0.158000 0.158000 0.000000 0.000000 0.000000 -39627.141915 37.622116
300.000000 0.160000 0.160000 0.160000 0.000000 0.000000 0.000000 -39578.723566 32.077314
300.000000 0.162000 0.162000 0.162000 0.000000 0.000000 0.000000 -39716.037605 37.890630
300.000000 0.164000 0.164000 0.164000 0.000000 0.000000 0.000000 -39696.536987 32.718331
300.000000 0.166000 0.166000 0.166000 0.000000 0.000000 0.000000 -39706.852981 47.814061
300.000000 0.168000 0.168000 0.168000 0.000000 0.000000 0.000000 -39812.787913 26.682215
300.000000 0.170000 0.170000 0.170000 0.000000 0.000000 0.000000 -39763.193480 17.971718
300.000000 0.172000 0.172000 0.172000 0.000000 0.000000 0.000000 -39684.763261 23.582458
300.000000 0.174000 0.174000 0.174000 0.000000 0.000000 0.000000 -39658.844444 4.886418
300.000000 0.176000 0.176000 0.176000 0.000000 0.000000 0.000000 -39611.803008 12.700814
300.000000 0.178000 0.178000 0.178000 0.000000 0.000000 0.000000 -39583.086087 30.930485
300.000000 0.180000 0.180000 0.180000 0.000000 0.000000 0.000000 -39482.811551 12.824206
300.000000 0.182000 0.182000 0.182000 0.000000 0.000000 0.000000 -39631.502527 21.089198
300.000000 0.184000 0.184000 0.184000 0.000000 0.000000 0.000000 -39578.310430 20.473614
300.000000 0.186000 0.186000 0.186000 0.000000 0.000000 0.000000 -39561.598655 31.768079
300.000000 0.188000 0.188000 0.188000 0.000000 0.000000 0.000000 -39792.067363 21.380794
300.000000 0.190000 0.190000 0.190000 0.000000 0.000000 0.000000 -39871.343046 21.636269
300.000000 0.192000 0.192000 0.192000 0.000000 0.000000 0.000000 -39759.087403 13.324046
300.000000 0.194000 0.194000 0.194000 0.000000 0.000000 0.000000 -39748.280168 23.773188
300.000000 0.196000 0.196000 0.196000 0.000000 0.000000 0.000000 -39870.005484 11.895009
300.000000 0.198000 0.198000 0.198000 0.000000 0.000000 0.000000 -39795.677623 31.807962
300.000000 0.200000 0.200000 0.200000 0.000000 0.000000 0.000000 -39766.422702 25.266721
300.000000 0.202000 0.202000 0.202000 0.000000 0.000000 0.000000 -39738.604562 30.068781
300.000000 0.204000 0.204000 0.204000 0.000000 0.000000 0.000000 -39827.039587 14.596169
300.000000 0.206000 0.206000 0.206000 0.000000 0.000000 0.000000 -39702.253158 21.424853
300.000000 0.208000 0.208000 0.208000 0.000000 0.000000 0.000000 -39841.339293 16.438608
300.000000 0.210000 0.210000 0.210000 0.000000 0.000000 0.000000 -39829.483772 5.857025
300.000000 0.212000 0.212000 0.212000 0.000000 0.000000 0.000000 -39815.108128 19.842351
300.000000 0.214000 0.214000 0.214000 0.000000 0.000000 0.000000 -39971.738069 23.362876
300.000000 0.216000 0.216000 0.216000 0.000000 0.000000 0.000000 -39893.344774 25.075739
300.000000 0.218000 0.218000 0.218000 0.000000 0.000000 0.000000 -40013.739974 20.512899
300.000000 0.220000 0.220000 0.220000 0.000000 0.000000 0.000000 -39972.899039 17.705722
300.000000 0.222000 0.222000 0.222000 0.000000 0.000000 0.000000 -39848.060004 13.386245
300.000000 0.224000 0.224000 0.224000 0.000000 0.000000 0.000000 -39864.381397 29.089868
300.000000 0.226000 0.226000 0.226000 0.000000 0.000000 0.000000 -39744.877606 19.379378
300.000000 0.228000 0.228000 0.228000 0.000000 0.000000 0.000000 -39621.736026 29.477904
300.000000 0.230000 0.230000 0.230000 0.000000 0.000000 0.000000 -39682.119114 21.645246
300.000000 0.232000 0.232000 0.232000 0.000000 0.000000 0.000000 -39819.924351 22.701504
300.000000 0.234000 0.234000 0.234000 0.000000 0.000000 0.000000 -39724.502312 15.030110
300.000000 0.236000 0.236000 0.236000 0.000000 0.000000 0.000000 -39586.570043 19.030365
300.000000 0.238000 0.238000 0.238000 0.000000 0.000000 0.000000 -39681.752279 17.249065
300.000000 0.240000 0.240000 0.240000 0.000000 0.000000 0.000000 -39778.544684 29.348600
300.000000 0.242000 0.242000 0.242000 0.000000 0.000000 0.000000 -39771.220003 16.295093
300.000000 0.244000 0.244000 0.244000 0.000000 0.000000 0.000000 -39800.991928 12.718153
300.000000 0.246000 0.246000 0.246000 0.000000 0.000000 0.000000 -39738.569824 23.553827
300.000000 0.248000 0.248000 0.248000 0.000000 0.000000 0.000000 -39677.444737 11.964139
300.000000 0.250000 0.250000 0.250000 0.000000 0.000000 0.000000 -39721.044465 14.044861
300.000000 0.252000 0.252000 0.252000 0.000000 0.000000 0.000000 -39741.739836 8.917980
300.000000 0.254000 0.254000 0.254000 0.000000 0.000000 0.000000 -39712.816008 19.206768
300.000000 0.256000 0.256000 0.256000 0.000000 0.000000 0.000000 -39766.603456 21.863544
300.000000 0.258000 0.258000 0.258000 0.000000 0.000000 0.000000 -39789.993081 15.857921
300.000000 0.260000 0.260000 0.260000 0.000000 0.000000 0.000000 -39786.756043 4.636285
300.000000 0.262000 0.262000 0.262000 0.000000 0.000000 0.000000 -39710.789818 16.122864
300.000000 0.264000 0.264000 0.264000 0.000000 0.000000 0.000000 -39684.678278 23.260215
300.000000 0.266000 0.266000 0.266000 0.000000 0.000000 0.000000 -39726.058756 19.241954
300.000000 0.268000 0.268000 0.268000 0.000000 0.000000 0.000000 -39709.408645 11.681279
300.000000 0.270000 0.270000 0.270000 0.000000 0.000000 0.000000 -39717.057963 14.256681
300.000000 0.272000 0.272000 0.272000 0.000000 0.000000 0.000000 -39712.322881 1.235084
300.000000 0.274000 0.274000 0.274000 0.000000 0.000000 0.000000 -39612.023764 19.452270
300.000000 0.276000 0.276000 0.276000 0.000000 0.000000 0.000000 -39688.924126 19.841925
300.000000 0.278000 0.278000 0.278000 0.000000 0.000000 0.000000 -39608.044753 19.911998
300.000000 0.280000 0.280000 0.280000 0.000000 0.000000 0.000000 -39726.615921 13.376130
300.000000 0.282000 0.282000 0.282000 0.000000 0.000000 0.000000 -39612.990598 2.813434
300.000000 0.284000 0.284000 0.284000 0.000000 0.000000 0.000000 -39534.532601 6.656169
300.000000 0.286000 0.286000 0.286000 0.000000 0.000000 0.000000 -39647.137395 9.055884
300.000000 0.288000 0.288000 0.288000 0.000000 0.000000 0.000000 -39700.045035 5.237150
300.000000 0.290000 0.290000 0.290000 0.000000 0.000000 0.000000 -39686.929042 9.305850
300.000000 0.292000 0.292000 0.292000 0.000000 0.000000 0.000000 -39675.581575 3.510599
300.000000 0.294000 0.294000 0.294000 0.000000 0.000000 0.000000 -39603.781048 16.091702
300.000000 0.296000 0.296000 0.296000 0.000000 0.000000 0.000000 -39673.155929 6.010123
300.000000 0.298000 0.298000 0.298000 0.000000 0.000000 0.000000 -39731.354487 3.308208
300.000000 0.300000 0.300000 0.300000 0.000000 0.000000 0.000000 -39578.822321 3.014545
300.000000 0.302000 0.302000 0.302000 0.000000 0.000000 0.000000 -39652.176701 30.868851
300.000000 0.304000 0.304000 0.304000 0.000000 0.000000 0.000000 -39540.353566 16.076927
300.000000 0.306000 0.306000 0.306000 0.000000 0.000000 0.000000 -39638.472369 12.581529
300.000000 0.308000 0.308000 0.308000 0.000000 0.000000 0.000000 -39593.474625 9.633802
300.000000 0.310000 0.310000 0.310000 0.000000 0.000000 0.000000 -39712.813389 21.552746
300.000000 0.312000 0.312000 0.312000 0.000000 0.000000 0.000000 -39686.390296 10.388172
300.000000 0.314000 0.314000 0.314000 0.000000 0.000000 0.000000 -39707.276782 7.951898
300.000000 0.316000 0.316000 0.316000 0.000000 0.000000 0.000000 -39684.444786 9.361394
300.000000 0.318000 0.318000 0.318000 0.000000 0.000000 0.000000 -39869.668208 14.369156
300.000000 0.320000 0.320000 0.320000 0.000000 0.000000 0.000000 -39882.109642 12.292193
300.000000 0.322000 0.322000 0.322000 0.000000 0.000000 0.000000 -39858.665007 12.288132
300.000000 0.324000 0.324000 0.324000 0.000000 0.000000 0.000000 -39737.025768 16.248782
300.000000 0.326000 0.326000 0.326000 0.000000 0.000000 0.000000 -39765.254479 7.454771
300.000000 0.328000 0.328000 0.328000 0.000000 0.000000 0.000000 -39779.533713 8.181411
300.000000 0.330000 0.330000 0.330000 0.000000 0.000000 0.000000 -39765.305402 5.591239
300.000000 0.332000 0.332000 0.332000 0.000000 0.000000 0.000000 -39806.507317 7.774720
300.000000 0.334000 0.334000 0.334000 0.000000 0.000000 0.000000 -39843.681914 5.254946
300.000000 0.336000 0.336000 0.336000 0.000000 0.000000 0.000000 -39747.644565 5.526683
300.000000 0.338000 0.338000 0.338000 0.000000 0.000000 0.000000 -39616.505537 21.018048
300.000000 0.340000 0.340000 0.340000 0.000000 0.000000 0.000000 -39638.459695 5.780184
300.000000 0.342000 0.342000 0.342000 0.000000 0.000000 0.000000 -39667.476155 14.342676
300.000000 0.344000 0.344000 0.344000 0.000000 0.000000 0.000000 -39712.842814 7.964756
300.000000 0.346000 0.346000 0.346000 0.000000 0.000000 0.000000 -39777.835946 16.224332
300.000000 0.348000 0.348000 0.348000 0.000000 0.000000 0.000000 -39688.499107 7.219456
300.000000 0.350000 0.350000 0.350000 0.000000 0.000000 0.000000 -39809.620622 1.301896
300.000000 0.352000 0.352000 0.352000 0.000000 0.000000 0.000000 -39671.620119 8.485521
300.000000 0.354000 0.354000 0.354000 0.000000 0.000000 0.000000 -39657.935527 5.102396
300.000000 0.356000 0.356000 0.356000 0.000000 0.000000 0.000000 -39679.042407 9.785842
300.000000 0.358000 0.358000 0.358000 0.000000 0.000000 0.000000 -39708.025590 3.634028
300.000000 0.360000 0.360000 0.360000 0.000000 0.000000 0.000000 -39597.531596 5.078331
300.000000 0.362000 0.362000 0.362000 0.000000 0.000000 0.000000 -39647.800674 7.888189
300.000000 0.364000 0.364000 0.364000 0.000000 0.000000 0.000000 -39754.208435 9.848345
300.000000 0.366000 0.366000 0.366000 0.000000 0.000000 0.000000 -39657.618405 7.080786
300.000000 0.368000 0.368000 0.368000 0.000000 0.000000 0.000000 -39596.349102 -3.872241
300.000000 0.370000 0.370000 0.370000 0.000000 0.000000 0.000000 -39759.286192 7.833933
300.000000 0.372000 0.372000 0.372000 0.000000 0.000000 0.000000 -39548.832061 5.832532
300.000000 0.374000 0.374000 0.374000 0.000000 0.000000 0.000000 -39600.246102 1.213396
300.000000 0.376000 0.376000 0.376000 0.000000 0.000000 0.000000 -39704.447125 3.135772
300.000000 0.378000 0.378000 0.378000 0.000000 0.000000 0.000000 -39850.093910 12.032328
300.000000 0.380000 0.380000 0.380000 0.000000 0.000000 0.000000 -39693.735414 7.557250
300.000000 0.382000 0.382000 0.382000 0.000000 0.000000 0.000000 -39756.680321 -0.734916
300.000000 0.384000 0.384000 0.384000 0.000000 0.000000 0.000000 -39699.650984 4.133023
300.000000 0.386000 0.386000 0.386000 0.000000 0.000000 0.000000 -39531.390060 7.497953
300.000000 0.388000 0.388000 0.388000 0.000000 0.000000 0.000000 -39502.075417 0.501297
300.000000 0.390000 0.390000 0.390000 0.000000 0.000000 0.000000 -39561.566853 5.606195
300.000000 0.392000 0.392000 0.392000 0.000000 0.000000 0.000000 -39656.688163 13.963238
300.000000 0.394000 0.394000 0.394000 0.000000 0.000000 0.000000 -39599.558564 10.653218
300.000000 0.396000 0.396000 0.396000 0.000000 0.000000 0.000000 -39646.089370 7.570884
300.000000 0.398000 0.398000 0.398000 0.000000 0.000000 0.000000 -39710.943450 6.458589
300.000000 0.400000 0.400000 0.400000 0.000000 0.000000 0.000000 -39798.730113 10.734819
300.000000 0.402000 0.402000 0.402000 0.000000 0.000000 0.000000 -39744.626145 5.850603
300.000000 0.404000 0.404000 0.404000 0.000000 0.000000 0.000000 -39748.597636 4.071056
300.000000 0.406000 0.406000 0.406000 0.000000 0.000000 0.000000 -39621.977382 3.214450
300.000000 0.408000 0.408000 0.408000 0.000000 0.000000 0.000000 -39680.611691 11.131516
300.000000 0.410000 0.410000 0.410000 0.000000 0.000000 0.000000 -39616.469818 -2.501134
300.000000 0.412000 0.412000 0.412000 0.000000 0.000000 0.000000 -39608.603130 3.764886
300.000000 0.414000 0.414000 0.414000 0.000000 0.000000 0.000000 -39664.900378 11.196539
300.000000 0.416000 0.416000 0.416000 0.000000 0.000000 0.000000 -39591.644911 6.212529
300.000000 0.418000 0.418000 0.418000 0.000000 0.000000 0.000000 -39717.370583 4.604519
300.000000 0.420000 0.420000 0.420000 0.000000 0.000000 0.000000 -39692.323731 5.598716
300.000000 0.422000 0.422000 0.422000 0.000000 0.000000 0.000000 -39623.754561 5.231027
300.000000 0.424000 0.424000 0.424000 0.000000 0.000000 0.000000 -39680.870437 5.397729
300.000000 0.426000 0.426000 0.426000 0.000000 0.000000 0.000000 -39621.657299 0.247528
300.000000 0.428000 0.428000 0.428000 0.000000 0.000000 0.000000 -39699.929162 -7.683408
300.000000 0.430000 0.430000 0.430000 0.000000 0.000000 0.000000 -39734.405134 -5.055782
300.000000 0.432000 0.432000 0.432000 0.000000 0.000000 0.000000 -39762.132002 9.685563
300.000000 0.434000 0.434000 0.434000 0.000000 0.000000 0.000000 -39695.935398 -4.258503
300.000000 0.436000 0.436000 0.436000 0.000000 0.000000 0.000000 -39709.778180 -1.760059
300.000000 0.438000 0.438000 0.438000 0.000000 0.000000 0.000000 -39755.745398 -3.918244
300.000000 0.440000 0.440000 0.440000 0.000000 0.000000 0.000000 -39564.857710 3.282579
300.000000 0.442000 0.442000 0.442000 0.000000 0.000000 0.000000 -39692.680241 15.485154
300.000000 0.444000 0.444000 0.444000 0.000000 0.000000 0.000000 -39572.302244 2.243034
300.000000 0.446000 0.446000 0.446000 0.000000 0.000000 0.000000 -39650.787741 5.118802
300.000000 0.448000 0.448000 0.448000 0.000000 0.000000 0.000000 -39753.708026 7.862348
300.000000 0.450000 0.450000 0.450000 0.000000 0.000000 0.000000 -39634.823696 0.994072
300.000000 0.452000 0.452000 0.452000 0.000000 0.000000 0.000000 -39667.285866 -4.957223
300.000000 0.454000 0.454000 0.454000 0.000000 0.000000 0.000000 -39654.464816 12.466024
300.000000 0.456000 0.456000 0.456000 0.000000 0.000000 0.000000 -39731.091707 6.807151
300.000000 0.458000 0.458000 0.458000 0.000000 0.000000 0.000000 -39776.317424 -0.552108
300.000000 0.460000 0.460000 0.460000 0.000000 0.000000 0.000000 -39827.072367 5.242733
300.000000 0.462000 0.462000 0.462000 0.000000 0.000000 0.000000 -39740.471428 -0.047455
300.000000 0.464000 0.464000 0.464000 0.000000 0.000000 0.000000 -39685.237890 2.131683
300.000000 0.466000 0.466000 0.466000 0.000000 0.000000 0.000000 -39736.952681 10.342701
300.000000 0.468000 0.468000 0.468000 0.000000 0.000000 0.000000 -39704.524379 -7.564120
300.000000 0.470000 0.470000 0.470000 0.000000 0.000000 0.000000 -39683.328144 3.889397
300.000000 0.472000 0.472000 0.472000 0.000000 0.000000 0.000000 -39696.292682 7.675800
300.000000 0.474000 0.474000 0.474000 0.000000 0.000000 0.000000 -39773.736394 -1.213706
300.000000 0.476000 0.476000 0.476000 0.000000 0.000000 0.000000 -39893.216869 13.188945
300.000000 0.478000 0.478000 0.478000 0.000000 0.000000 0.000000 -39861.126338 5.146756
300.000000 0.480000 0.480000 0.480000 0.000000 0.000000 0.000000 -39729.408233 1.538628
300.000000 0.482000 0.482000 0.482000 0.000000 0.000000 0.000000 -39780.745143 4.764291
300.000000 0.484000 0.484000 0.484000 0.000000 0.000000 0.000000 -39780.999846 6.078059
300.000000 0.486000 0.486000 0.486000 0.000000 0.000000 0.000000 -39759.051193 0.363988
300.000000 0.488000 0.488000 0.488000 0.000000 0.000000 0.000000 -39760.552832 -0.272848
300.000000 0.490000 0.490000 0.490000 0.000000 0.000000 0.000000 -39622.431721 3.814924
300.000000 0.492000 0.492000 0.492000 0.000000 0.000000 0.000000 -39605.040701 8.074979
300.000000 0.494000 0.494000 0.494000 0.000000 0.000000 0.000000 -39731.874024 3.793767
300.000000 0.496000 0.496000 0.496000 0.000000 0.000000 0.000000 -39801.855163 5.076389
300.000000 0.498000 0.498000 0.498000 0.000000 0.000000 0.000000 -39792.875464 17.756966
