300.000000 0.000000 0.000000 0.000000 0.000000 0.000000 0.000000 -34265.638948 976.122505
300.000000 0.002000 0.002000 0.002000 0.000000 0.000000 0.000000 -34187.662589 832.456690
300.000000 0.004000 0.004000 0.004000 0.000000 0.000000 0.000000 -34131.924567 777.386507
300.000000 0.006000 0.006000 0.006000 0.000000 0.000000 0.000000 -34223.145017 851.604633
300.000000 0.008000 0.008000 0.008000 0.000000 0.000000 0.000000 -34192.694332 834.427142
300.000000 0.010000 0.010000 0.010000 0.000000 0.000000 0.000000 -34206.953859 930.100417
300.000000 0.012000 0.012000 0.012000 0.000000 0.000000 0.000000 -34316.067410 808.008835
300.000000 0.014000 0.014000 0.014000 0.000000 0.000000 0.000000 -34369.868832 822.711386
300.000000 0.016000 0.016000 0.016000 0.000000 0.000000 0.000000 -34352.038088 713.025188
300.000000 0.018000 0.018000 0.018000 0.000000 0.000000 0.000000 -34343.105082 803.041136
300.000000 0.020000 0.020000 0.020000 0.000000 0.000000 0.000000 -34266.883961 739.755409
300.000000 0.022000 0.022000 0.022000 0.000000 0.000000 0.000000 -34344.041230 731.962996
300.000000 0.024000 0.024000 0.024000 0.000000 0.000000 0.000000 -34431.962260 705.438664
300.000000 0.026000 0.026000 0.026000 0.000000 0.000000 0.000000 -34443.258281 744.118503
300.000000 0.028000 0.028000 0.028000 0.000000 0.000000 0.000000 -34295.845275 742.790251
300.000000 0.030000 0.030000 0.030000 0.000000 0.000000 0.000000 -34313.507650 755.517607
300.000000 0.032000 0.032000 0.032000 0.000000 0.000000 0.000000 -34220.051623 724.816623
300.000000 0.034000 0.034000 0.034000 0.000000 0.000000 0.000000 -34260.415408 740.744847
300.000000 0.036000 0.036000 0.036000 0.000000 0.000000 0.000000 -34384.829909 862.331908
300.000000 0.038000 0.038000 0.038000 0.000000 0.000000 0.000000 -34225.902298 739.323675
300.000000 0.040000 0.040000 0.040000 0.000000 0.000000 0.000000 -34322.807785 773.743105
300.000000 0.042000 0.042000 0.042000 0.000000 0.000000 0.000000 -34224.711236 764.536726
300.000000 0.044000 0.044000 0.044000 0.000000 0.000000 0.000000 -34221.020727 751.409542
300.000000 0.046000 0.046000 0.046000 0.000000 0.000000 0.000000 -34282.763481 673.566846
300.000000 0.048000 0.048000 0.048000 0.000000 0.000000 0.000000 -34230.421019 157.082394
300.000000 0.050000 0.050000 0.050000 0.000000 0.000000 0.000000 -34301.323938 36.042363
300.000000 0.052000 0.052000 0.052000 0.000000 0.000000 0.000000 -34213.455446 48.679862
300.000000 0.054000 0.054000 0.054000 0.000000 0.000000 0.000000 -34254.163566 58.235189
300.000000 0.056000 0.056000 0.056000 0.000000 0.000000 0.000000 -34356.784240 92.962919
300.000000 0.058000 0.058000 0.058000 0.000000 0.000000 0.000000 -34491.849298 81.293706
300.000000 0.060000 0.060000 0.060000 0.000000 0.000000 0.000000 -34283.373228 133.713707
300.000000 0.062000 0.062000 0.062000 0.000000 0.000000 0.000000 -34283.188932 45.665680
300.000000 0.064000 0.064000 0.064000 0.000000 0.000000 0.000000 -34268.095864 65.587415
300.000000 0.066000 0.066000 0.066000 0.000000 0.000000 0.000000 -34289.914998 67.956796
300.000000 0.068000 0.068000 0.068000 0.000000 0.000000 0.000000 -34199.102742 67.986257
300.000000 0.070000 0.070000 0.070000 0.000000 0.000000 0.000000 -34206.519434 80.577420
300.000000 0.072000 0.072000 0.072000 0.000000 0.000000 0.000000 -34305.518387 92.877957
300.000000 0.074000 0.074000 0.074000 0.000000 0.000000 0.000000 -34189.749153 48.363523
300.000000 0.076000 0.076000 0.076000 0.000000 0.000000 0.000000 -34355.220603 76.609226
300.000000 0.078000 0.078000 0.078000 0.000000 0.000000 0.000000 -34337.947597 37.149294
300.000000 0.080000 0.080000 0.080000 0.000000 0.000000 0.000000 -34287.227311 75.133651
300.000000 0.082000 0.082000 0.082000 0.000000 0.000000 0.000000 -34229.502510 57.865981
300.000000 0.084000 0.084000 0.084000 0.000000 0.000000 0.000000 -34131.100592 75.384769
300.000000 0.086000 0.086000 0.086000 0.000000 0.000000 0.000000 -34175.294738 44.507433
300.000000 0.088000 0.088000 0.088000 0.000000 0.000000 0.000000 -34214.955657 46.582131
300.000000 0.090000 0.090000 0.090000 0.000000 0.000000 0.000000 -34211.623779 32.881542
300.000000 0.092000 0.092000 0.092000 0.000000 0.000000 0.000000 -34239.061224 27.490977
300.000000 0.094000 0.094000 0.094000 0.000000 0.000000 0.000000 -34191.389469 40.111017
300.000000 0.096000 0.096000 0.096000 0.000000 0.000000 0.000000 -34124.057910 41.382751
300.000000 0.098000 0.098000 0.098000 0.000000 0.000000 0.000000 -34261.985324 28.706047
300.000000 0.100000 0.100000 0.100000 0.000000 0.000000 0.000000 -34262.368604 35.404111
300.000000 0.102000 0.102000 0.102000 0.000000 0.000000 0.000000 -34344.342523 65.836668
300.000000 0.104000 0.104000 0.104000 0.000000 0.000000 0.000000 -34332.189071 53.119507
300.000000 0.106000 0.106000 0.106000 0.000000 0.000000 0.000000 -34225.107477 40.234448
300.000000 0.108000 0.108000 0.108000 0.000000 0.000000 0.000000 -34364.461858 79.082672
300.000000 0.110000 0.110000 0.110000 0.000000 0.000000 0.000000 -34212.139646 45.801959
300.000000 0.112000 0.112000 0.112000 0.000000 0.000000 0.000000 -34297.204637 73.755994
300.000000 0.114000 0.114000 0.114000 0.000000 0.000000 0.000000 -34269.176613 34.089052
300.000000 0.116000 0.116000 0.116000 0.000000 0.000000 0.000000 -34212.231802 69.108764
300.000000 0.118000 0.118000 0.118000 0.000000 0.000000 0.000000 -34394.681545 32.061801
300.000000 0.120000 0.120000 0.120000 0.000000 0.000000 0.000000 -34345.096602 66.852754
300.000000 0.122000 0.122000 0.122000 0.000000 0.000000 0.000000 -34283.403041 39.010895
300.000000 0.124000 0.124000 0.124000 0.000000 0.000000 0.000000 -34352.943138 31.367864
300.000000 0.126000 0.126000 0.126000 0.000000 0.000000 0.000000 -34293.516965 24.118746
300.000000 0.128000 0.128000 0.128000 0.000000 0.000000 0.000000 -34224.268725 39.522174
300.000000 0.130000 0.130000 0.130000 0.000000 0.000000 0.000000 -34208.670318 27.026678
300.000000 0.132000 0.132000 0.132000 0.000000 0.000000 0.000000 -34174.362603 36.015325
300.000000 0.134000 0.134000 0.134000 0.000000 0.000000 0.000000 -34264.610550 14.657839
300.000000 0.136000 0.136000 0.136000 0.000000 0.000000 0.000000 -34283.910696 27.824857
300.000000 0.138000 0.138000 0.138000 0.000000 0.000000 0.000000 -34206.786422 31.039973
300.000000 0.140000 0.140000 0.140000 0.000000 0.000000 0.000000 -34221.358860 37.904265
300.000000 0.142000 0.142000 0.142000 0.000000 0.000000 0.000000 -34208.102584 25.436807
300.000000 0.144000 0.144000 0.144000 0.000000 0.000000 0.000000 -34051.351714 34.416812
300.000000 0.146000 0.146000 0.146000 0.000000 0.000000 0.000000 -34137.255562 31.818137
300.000000 0.148000 0.148000 0.148000 0.000000 0.000000 0.000000 -34102.710238 32.649916
300.000000 0.150000 0.150000 0.150000 0.000000 0.000000 0.000000 -34106.544145 34.422836
300.000000 0.152000 0.152000 0.152000 0.000000 0.000000 0.000000 -34207.746431 31.677110
300.000000 0.154000 0.154000 0.154000 0.000000 0.000000 0.000000 -34406.250609 14.546971
300.000000 0.156000 0.156000 0.156000 0.000000 0.000000 0.000000 -34248.747566 29.873912
300.000000 0.158000 0.158000 0.158000 0.000000 0.000000 0.000000 -34204.878816 46.623292
300.000000 0.160000 0.160000 0.160000 0.000000 0.000000 0.000000 -34251.442607 43.895029
300.000000 0.162000 0.162000 0.162000 0.000000 0.000000 0.000000 -34148.646710 37.911975
300.000000 0.164000 0.164000 0.164000 0.000000 0.000000 0.000000 -34416.615553 38.508960
300.000000 0.166000 0.166000 0.166000 0.000000 0.000000 0.000000 -34350.400327 32.760891
300.000000 0.168000 0.168000 0.168000 0.000000 0.000000 0.000000 -34350.939497 27.695194
300.000000 0.170000 0.170000 0.170000 0.000000 0.000000 0.000000 -34253.614781 19.960781
300.000000 0.172000 0.172000 0.172000 0.000000 0.000000 0.000000 -34267.154710 30.085868
300.000000 0.174000 0.174000 0.174000 0.000000 0.000000 0.000000 -34128.790961 27.703789
300.000000 0.176000 0.176000 0.176000 0.000000 0.000000 0.000000 -34131.228985 28.837293
300.000000 0.178000 0.178000 0.178000 0.000000 0.000000 0.000000 -34213.411073 16.149234
300.000000 0.180000 0.180000 0.180000 0.000000 0.000000 0.000000 -34128.750363 54.429696
300.000000 0.182000 0.182000 0.182000 0.000000 0.000000 0.000000 -34176.590900 46.115516
300.000000 0.184000 0.184000 0.184000 0.000000 0.000000 0.000000 -34189.165189 33.264559
300.000000 0.186000 0.186000 0.186000 0.000000 0.000000 0.000000 -34306.194004 19.811682
300.000000 0.188000 0.188000 0.188000 0.000000 0.000000 0.000000 -34252.533001 29.100819
300.000000 0.190000 0.190000 0.190000 0.000000 0.000000 0.000000 -34316.335567 18.294818
300.000000 0.192000 0.192000 0.192000 0.000000 0.000000 0.000000 -34252.605152 32.252059
300.000000 0.194000 0.194000 0.194000 0.000000 0.000000 0.000000 -34125.856459 35.285948
300.000000 0.196000 0.196000 0.196000 0.000000 0.000000 0.000000 -34057.763455 29.564014
300.000000 0.198000 0.198000 0.198000 0.000000 0.000000 0.000000 -34101.510579 33.374366
300.000000 0.200000 0.200000 0.200000 0.000000 0.000000 0.000000 -34200.912905 17.136339
300.000000 0.202000 0.202000 0.202000 0.000000 0.000000 0.000000 -34147.905124 20.046510
300.000000 0.204000 0.204000 0.204000 0.000000 0.000000 0.000000 -34240.077261 14.879723
300.000000 0.206000 0.206000 0.206000 0.000000 0.000000 0.000000 -34170.923257 29.493147
300.000000 0.208000 0.208000 0.208000 0.000000 0.000000 0.000000 -34380.605642 25.193888
300.000000 0.210000 0.210000 0.210000 0.000000 0.000000 0.000000 -34214.250575 29.870673
300.000000 0.212000 0.212000 0.212000 0.000000 0.000000 0.000000 -34320.184170 25.407716
300.000000 0.214000 0.214000 0.214000 0.000000 0.000000 0.000000 -34323.829103 16.473064
300.000000 0.216000 0.216000 0.216000 0.000000 0.000000 0.000000 -34144.943736 30.508298
300.000000 0.218000 0.218000 0.218000 0.000000 0.000000 0.000000 -34273.971687 19.313672
300.000000 0.220000 0.220000 0.220000 0.000000 0.000000 0.000000 -34296.695926 25.288743
300.000000 0.222000 0.222000 0.222000 0.000000 0.000000 0.000000 -34330.548065 19.335869
300.000000 0.224000 0.224000 0.224000 0.000000 0.000000 0.000000 -34262.578274 21.849166
300.000000 0.226000 0.226000 0.226000 0.000000 0.000000 0.000000 -34227.354643 15.158385
300.000000 0.228000 0.228000 0.228000 0.000000 0.000000 0.000000 -34362.926670 2.997031
300.000000 0.230000 0.230000 0.230000 0.000000 0.000000 0.000000 -34076.137071 27.540242
300.000000 0.232000 0.232000 0.232000 0.000000 0.000000 0.000000 -34315.690184 14.826697
300.000000 0.234000 0.234000 0.234000 0.000000 0.000000 0.000000 -34447.435623 12.854465
300.000000 0.236000 0.236000 0.236000 0.000000 0.000000 0.000000 -34320.792041 27.630094
300.000000 0.238000 0.238000 0.238000 0.000000 0.000000 0.000000 -34220.200754 18.816474
300.000000 0.240000 0.240000 0.240000 0.000000 0.000000 0.000000 -34214.375665 20.682746
300.000000 0.242000 0.242000 0.242000 0.000000 0.000000 0.000000 -34207.438910 22.070711
300.000000 0.244000 0.244000 0.244000 0.000000 0.000000 0.000000 -34291.830572 17.589298
300.000000 0.246000 0.246000 0.246000 0.000000 0.000000 0.000000 -34324.210717 2.702763
300.000000 0.248000 0.248000 0.248000 0.000000 0.000000 0.000000 -34259.090237 16.438045
300.000000 0.250000 0.250000 0.250000 0.000000 0.000000 0.000000 -34146.259955 24.043924
300.000000 0.252000 0.252000 0.252000 0.000000 0.000000 0.000000 -34359.024806 12.192342
300.000000 0.254000 0.254000 0.254000 0.000000 0.000000 0.000000 -34196.850726 21.325634
300.000000 0.256000 0.256000 0.256000 0.000000 0.000000 0.000000 -34218.169889 10.561157
300.000000 0.258000 0.258000 0.258000 0.000000 0.000000 0.000000 -34291.652723 11.677560
300.000000 0.260000 0.260000 0.260000 0.000000 0.000000 0.000000 -34307.789107 36.035117
300.000000 0.262000 0.262000 0.262000 0.000000 0.000000 0.000000 -34326.347244 37.873801
300.000000 0.264000 0.264000 0.264000 0.000000 0.000000 0.000000 -34372.023295 0.954603
300.000000 0.266000 0.266000 0.266000 0.000000 0.000000 0.000000 -34296.504750 23.727433
300.000000 0.268000 0.268000 0.268000 0.000000 0.000000 0.000000 -34417.296413 7.036394
300.000000 0.270000 0.270000 0.270000 0.000000 0.000000 0.000000 -34369.285448 23.800287
300.000000 0.272000 0.272000 0.272000 0.000000 0.000000 0.000000 -34371.498506 21.471940
300.000000 0.274000 0.274000 0.274000 0.000000 0.000000 0.000000 -34371.089796 11.723855
300.000000 0.276000 0.276000 0.276000 0.000000 0.000000 0.000000 -34320.522336 14.289526
300.000000 0.278000 0.278000 0.278000 0.000000 0.000000 0.000000 -34277.838494 16.803223
300.000000 0.280000 0.280000 0.280000 0.000000 0.000000 0.000000 -34253.216069 16.975273
300.000000 0.282000 0.282000 0.282000 0.000000 0.000000 0.000000 -34244.281630 13.126321
300.000000 0.284000 0.284000 0.284000 0.000000 0.000000 0.000000 -34315.799613 30.579706
300.000000 0.286000 0.286000 0.286000 0.000000 0.000000 0.000000 -34207.299153 27.370386
300.000000 0.288000 0.288000 0.288000 0.000000 0.000000 0.000000 -34223.094980 10.587005
300.000000 0.290000 0.290000 0.290000 0.000000 0.000000 0.000000 -34246.391171 13.001055
300.000000 0.292000 0.292000 0.292000 0.000000 0.000000 0.000000 -34207.148652 20.854353
300.000000 0.294000 0.294000 0.294000 0.000000 0.000000 0.000000 -34317.122934 12.953771
300.000000 0.296000 0.296000 0.296000 0.000000 0.000000 0.000000 -34298.065679 24.192448
300.000000 0.298000 0.298000 0.298000 0.000000 0.000000 0.000000 -34257.891024 6.598520
300.000000 0.300000 0.300000 0.300000 0.000000 0.000000 0.000000 -34191.104857 13.694225
300.000000 0.302000 0.302000 0.302000 0.000000 0.000000 0.000000 -34362.327677 11.622921
300.000000 0.304000 0.304000 0.304000 0.000000 0.000000 0.000000 -34284.779226 22.085431
300.000000 0.306000 0.306000 0.306000 0.000000 0.000000 0.000000 -34236.398115 11.882136
300.000000 0.308000 0.308000 0.308000 0.000000 0.000000 0.000000 -34218.675695 15.856661
300.000000 0.310000 0.310000 0.310000 0.000000 0.000000 0.000000 -34189.697471 22.939072
300.000000 0.312000 0.312000 0.312000 0.000000 0.000000 0.000000 -34119.426311 36.695931
300.000000 0.314000 0.314000 0.314000 0.000000 0.000000 0.000000 -34210.412164 18.207057
300.000000 0.316000 0.316000 0.316000 0.000000 0.000000 0.000000 -34215.568186 7.100637
300.000000 0.318000 0.318000 0.318000 0.000000 0.000000 0.000000 -34330.699882 23.658272
300.000000 0.320000 0.320000 0.320000 0.000000 0.000000 0.000000 -34268.439245 17.660101
300.000000 0.322000 0.322000 0.322000 0.000000 0.000000 0.000000 -34279.953523 16.966629
300.000000 0.324000 0.324000 0.324000 0.000000 0.000000 0.000000 -34310.835763 9.012594
300.000000 0.326000 0.326000 0.326000 0.000000 0.000000 0.000000 -34222.418023 15.326188
300.000000 0.328000 0.328000 0.328000 0.000000 0.000000 0.000000 -34229.334299 17.734603
300.000000 0.330000 0.330000 0.330000 0.000000 0.000000 0.000000 -34157.274463 13.603978
300.000000 0.332000 0.332000 0.332000 0.000000 0.000000 0.000000 -34255.624684 14.168985
300.000000 0.334000 0.334000 0.334000 0.000000 0.000000 0.000000 -34327.400619 7.043296
300.000000 0.336000 0.336000 0.336000 0.000000 0.000000 0.000000 -34371.189965 7.463436
300.000000 0.338000 0.338000 0.338000 0.000000 0.000000 0.000000 -34251.444159 1.004608
300.000000 0.340000 0.340000 0.340000 0.000000 0.000000 0.000000 -34358.443186 10.277559
300.000000 0.342000 0.342000 0.342000 0.000000 0.000000 0.000000 -34251.849127 5.180810
300.000000 0.344000 0.344000 0.344000 0.000000 0.000000 0.000000 -34154.630342 18.276128
300.000000 0.346000 0.346000 0.346000 0.000000 0.000000 0.000000 -34334.549737 -2.386280
300.000000 0.348000 0.348000 0.348000 0.000000 0.000000 0.000000 -34210.306195 7.330999
300.000000 0.350000 0.350000 0.350000 0.000000 0.000000 0.000000 -34266.505395 4.113855
300.000000 0.352000 0.352000 0.352000 0.000000 0.000000 0.000000 -34299.030808 -6.780871
300.000000 0.354000 0.354000 0.354000 0.000000 0.000000 0.000000 -34249.868179 -0.361463
300.000000 0.356000 0.356000 0.356000 0.000000 0.000000 0.000000 -34248.571461 9.020504
300.000000 0.358000 0.358000 0.358000 0.000000 0.000000 0.000000 -34204.474967 7.894912
300.000000 0.360000 0.360000 0.360000 0.000000 0.000000 0.000000 -34259.055424 1.706328
300.000000 0.362000 0.362000 0.362000 0.000000 0.000000 0.000000 -34214.165794 14.792178
300.000000 0.364000 0.364000 0.364000 0.000000 0.000000 0.000000 -34162.832960 14.165716
300.000000 0.366000 0.366000 0.366000 0.000000 0.000000 0.000000 -34214.462609 -5.196312
300.000000 0.368000 0.368000 0.368000 0.000000 0.000000 0.000000 -34187.709994 2.157702
300.000000 0.370000 0.370000 0.370000 0.000000 0.000000 0.000000 -34299.194110 1.755225
300.000000 0.372000 0.372000 0.372000 0.000000 0.000000 0.000000 -34276.914391 2.616880
300.000000 0.374000 0.374000 0.374000 0.000000 0.000000 0.000000 -34220.738844 10.059592
300.000000 0.376000 0.376000 0.376000 0.000000 0.000000 0.000000 -34182.708365 19.781469
300.000000 0.378000 0.378000 0.378000 0.000000 0.000000 0.000000 -34311.023199 2.659375
300.000000 0.380000 0.380000 0.380000 0.000000 0.000000 0.000000 -34343.245600 10.350353
300.000000 0.382000 0.382000 0.382000 0.000000 0.000000 0.000000 -34390.071009 -3.856256
300.000000 0.384000 0.384000 0.384000 0.000000 0.000000 0.000000 -34329.352602 10.995466
300.000000 0.386000 0.386000 0.386000 0.000000 0.000000 0.000000 -34368.067383 11.647722
300.000000 0.388000 0.388000 0.388000 0.000000 0.000000 0.000000 -34366.201647 1.068488
300.000000 0.390000 0.390000 0.390000 0.000000 0.000000 0.000000 -34376.810247 6.844077
300.000000 0.392000 0.392000 0.392000 0.000000 0.000000 0.000000 -34376.836582 12.091768
300.000000 0.394000 0.394000 0.394000 0.000000 0.000000 0.000000 -34372.324559 1.854775
300.000000 0.396000 0.396000 0.396000 0.000000 0.000000 0.000000 -34134.270116 -4.626899
300.000000 0.398000 0.398000 0.398000 0.000000 0.000000 0.000000 -34144.447870 7.671856
300.000000 0.400000 0.400000 0.400000 0.000000 0.000000 0.000000 -34326.043486 -1.147205
300.000000 0.402000 0.402000 0.402000 0.000000 0.000000 0.000000 -34246.567893 14.387612
300.000000 0.404000 0.404000 0.404000 0.000000 0.000000 0.000000 -34290.212152 4.803999
300.000000 0.406000 0.406000 0.406000 0.000000 0.000000 0.000000 -34214.157920 -4.811291
300.000000 0.408000 0.408000 0.408000 0.000000 0.000000 0.000000 -34237.356484 -5.541153
300.000000 0.410000 0.410000 0.410000 0.000000 0.000000 0.000000 -34332.261267 -5.114996
300.000000 0.412000 0.412000 0.412000 0.000000 0.000000 0.000000 -34345.029580 -5.593586
300.000000 0.414000 0.414000 0.414000 0.000000 0.000000 0.000000 -34242.088389 -3.402553
300.000000 0.416000 0.416000 0.416000 0.000000 0.000000 0.000000 -34371.080791 -3.014250
300.000000 0.418000 0.418000 0.418000 0.000000 0.000000 0.000000 -34376.248256 10.191128
300.000000 0.420000 0.420000 0.420000 0.000000 0.000000 0.000000 -34346.448113 2.584984
300.000000 0.422000 0.422000 0.422000 0.000000 0.000000 0.000000 -34323.668321 11.411666
300.000000 0.424000 0.424000 0.424000 0.000000 0.000000 0.000000 -34307.035707 1.627789
300.000000 0.426000 0.426000 0.426000 0.000000 0.000000 0.000000 -34424.803000 -2.893356
300.000000 0.428000 0.428000 0.428000 0.000000 0.000000 0.000000 -34227.890406 0.825048
300.000000 0.430000 0.430000 0.430000 0.000000 0.000000 0.000000 -34242.257574 -8.573718
300.000000 0.432000 0.432000 0.432000 0.000000 0.000000 0.000000 -34296.161205 -3.547080
300.000000 0.434000 0.434000 0.434000 0.000000 0.000000 0.000000 -34216.719504 18.933762
300.000000 0.436000 0.436000 0.436000 0.000000 0.000000 0.000000 -34157.802115 10.866984
300.000000 0.438000 0.438000 0.438000 0.000000 0.000000 0.000000 -34346.421660 9.620411
300.000000 0.440000 0.440000 0.440000 0.000000 0.000000 0.000000 -34236.759857 11.593355
300.000000 0.442000 0.442000 0.442000 0.000000 0.000000 0.000000 -34233.697707 8.988851
300.000000 0.444000 0.444000 0.444000 0.000000 0.000000 0.000000 -34038.446158 13.903971
300.000000 0.446000 0.446000 0.446000 0.000000 0.000000 0.000000 -34069.593786 -7.918831
300.000000 0.448000 0.448000 0.448000 0.000000 0.000000 0.000000 -34212.957595 -0.310350
300.000000 0.450000 0.450000 0.450000 0.000000 0.000000 0.000000 -34143.295695 -14.396483
300.000000 0.452000 0.452000 0.452000 0.000000 0.000000 0.000000 -34167.659367 -10.014889
300.000000 0.454000 0.454000 0.454000 0.000000 0.000000 0.000000 -34232.540645 -7.898851
300.000000 0.456000 0.456000 0.456000 0.000000 0.000000 0.000000 -34203.575599 9.110260
300.000000 0.458000 0.458000 0.458000 0.000000 0.000000 0.000000 -34150.107141 1.079089
300.000000 0.460000 0.460000 0.460000 0.000000 0.000000 0.000000 -34183.528022 7.900273
300.000000 0.462000 0.462000 0.462000 0.000000 0.000000 0.000000 -34106.161707 1.282932
300.000000 0.464000 0.464000 0.464000 0.000000 0.000000 0.000000 -34211.457776 1.677471
300.000000 0.466000 0.466000 0.466000 0.000000 0.000000 0.000000 -34230.726009 -9.584598
300.000000 0.468000 0.468000 0.468000 0.000000 0.000000 0.000000 -34148.474400 13.943554
300.000000 0.470000 0.470000 0.470000 0.000000 0.000000 0.000000 -34214.829377 -6.940689
300.000000 0.472000 0.472000 0.472000 0.000000 0.000000 0.000000 -34209.397650 9.905606
300.000000 0.474000 0.474000 0.474000 0.000000 0.000000 0.000000 -34179.020646 4.117844
300.000000 0.476000 0.476000 0.476000 0.000000 0.000000 0.000000 -34160.041845 9.514845
300.000000 0.478000 0.478000 0.478000 0.000000 0.000000 0.000000 -34341.535124 -0.692947
300.000000 0.480000 0.480000 0.480000 0.000000 0.000000 0.000000 -34197.281671 -3.030812
300.000000 0.482000 0.482000 0.482000 0.000000 0.000000 0.000000 -34377.045290 -16.244545
300.000000 0.484000 0.484000 0.484000 0.000000 0.000000 0.000000 -34324.694573 2.304160
300.000000 0.486000 0.486000 0.486000 0.000000 0.000000 0.000000 -34189.085086 5.521568
300.000000 0.488000 0.488000 0.488000 0.000000 0.000000 0.000000 -34194.741792 7.540347
300.000000 0.490000 0.490000 0.490000 0.000000 0.000000 0.000000 -34205.312797 -4.778380
300.000000 0.492000 0.492000 0.492000 0.000000 0.000000 0.000000 -34296.008273 -1.703209
300.000000 0.494000 0.494000 0.494000 0.000000 0.000000 0.000000 -34234.142824 11.500306
300.000000 0.496000 0.496000 0.496000 0.000000 0.000000 0.000000 -34267.653627 -14.461971
300.000000 0.498000 0.498000 0.498000 0.000000 0.000000 0.000000 -34223.759081 -1.886554
