300.000000 0.000000 0.000000 0.000000 0.000000 0.000000 0.000000 -36414.337961 942.239553
300.000000 0.002000 0.002000 0.002000 0.000000 0.000000 0.000000 -36275.120268 961.086476
300.000000 0.004000 0.004000 0.004000 0.000000 0.000000 0.000000 -36367.478941 940.239908
300.000000 0.006000 0.006000 0.006000 0.000000 0.000000 0.000000 -36371.067155 910.860979
300.000000 0.008000 0.008000 0.008000 0.000000 0.000000 0.000000 -36244.529018 875.472438
300.000000 0.010000 0.010000 0.010000 0.000000 0.000000 0.000000 -36201.554398 832.876768
300.000000 0.012000 0.012000 0.012000 0.000000 0.000000 0.000000 -36285.002709 716.763974
300.000000 0.014000 0.014000 0.014000 0.000000 0.000000 0.000000 -36276.768301 614.513786
300.000000 0.016000 0.016000 0.016000 0.000000 0.000000 0.000000 -36350.673020 347.309871
300.000000 0.018000 0.018000 0.018000 0.000000 0.000000 0.000000 -36277.594678 173.194102
300.000000 0.020000 0.020000 0.020000 0.000000 0.000000 0.000000 -36295.535264 354.886260
300.000000 0.022000 0.022000 0.022000 0.000000 0.000000 0.000000 -36314.740819 243.623651
300.000000 0.024000 0.024000 0.024000 0.000000 0.000000 0.000000 -36292.139348 240.126221
300.000000 0.026000 0.026000 0.026000 0.000000 0.000000 0.000000 -36289.978495 136.045654
300.000000 0.028000 0.028000 0.028000 0.000000 0.000000 0.000000 -36306.746030 288.477231
300.000000 0.030000 0.030000 0.030000 0.000000 0.000000 0.000000 -36370.356100 141.218409
300.000000 0.032000 0.032000 0.032000 0.000000 0.000000 0.000000 -36334.112907 163.491259
300.000000 0.034000 0.034000 0.034000 0.000000 0.000000 0.000000 -36299.073327 165.429475
300.000000 0.036000 0.036000 0.036000 0.000000 0.000000 0.000000 -36160.095473 143.155131
300.000000 0.038000 0.038000 0.038000 0.000000 0.000000 0.000000 -36359.163472 232.648916
300.000000 0.040000 0.040000 0.040000 0.000000 0.000000 0.000000 -36273.051780 179.814759
300.000000 0.042000 0.042000 0.042000 0.000000 0.000000 0.000000 -36292.107252 109.442749
300.000000 0.044000 0.044000 0.044000 0.000000 0.000000 0.000000 -36362.362745 131.042451
300.000000 0.046000 0.046000 0.046000 0.000000 0.000000 0.000000 -36399.408956 106.754579
300.000000 0.048000 0.048000 0.048000 0.000000 0.000000 0.000000 -36397.661076 101.679247
300.000000 0.050000 0.050000 0.050000 0.000000 0.000000 0.000000 -36525.046404 115.593911
300.000000 0.052000 0.052000 0.052000 0.000000 0.000000 0.000000 -36400.940296 124.454996
300.000000 0.054000 0.054000 0.054000 0.000000 0.000000 0.000000 -36333.377028 114.850591
300.000000 0.056000 0.056000 0.056000 0.000000 0.000000 0.000000 -36263.926686 113.279934
300.000000 0.058000 0.058000 0.058000 0.000000 0.000000 0.000000 -36212.896441 105.643075
300.000000 0.060000 0.060000 0.060000 0.000000 0.000000 0.000000 -36312.616221 120.760034
300.000000 0.062000 0.062000 0.062000 0.000000 0.000000 0.000000 -36377.306360 145.178533
300.000000 0.064000 0.064000 0.064000 0.000000 0.000000 0.000000 -36421.453248 66.050039
300.000000 0.066000 0.066000 0.066000 0.000000 0.000000 0.000000 -36382.790678 171.443515
300.000000 0.068000 0.068000 0.068000 0.000000 0.000000 0.000000 -36399.898432 87.366774
300.000000 0.070000 0.070000 0.070000 0.000000 0.000000 0.000000 -36293.451600 60.778423
300.000000 0.072000 0.072000 0.072000 0.000000 0.000000 0.000000 -36281.529209 116.819884
300.000000 0.074000 0.074000 0.074000 0.000000 0.000000 0.000000 -36260.070530 127.872694
300.000000 0.076000 0.076000 0.076000 0.000000 0.000000 0.000000 -36293.852601 82.955948
300.000000 0.078000 0.078000 0.078000 0.000000 0.000000 0.000000 -36375.900663 103.774128
300.000000 0.080000 0.080000 0.080000 0.000000 0.000000 0.000000 -36202.794962 97.323481
300.000000 0.082000 0.082000 0.082000 0.000000 0.000000 0.000000 -36470.805424 55.023989
300.000000 0.084000 0.084000 0.084000 0.000000 0.000000 0.000000 -36370.235200 73.404156
300.000000 0.086000 0.086000 0.086000 0.000000 0.000000 0.000000 -36316.837388 70.369835
300.000000 0.088000 0.088000 0.088000 0.000000 0.000000 0.000000 -36303.047802 99.534897
300.000000 0.090000 0.090000 0.090000 0.000000 0.000000 0.000000 -36378.784426 85.778988
300.000000 0.092000 0.092000 0.092000 0.000000 0.000000 0.000000 -36433.168668 87.789654
300.000000 0.094000 0.094000 0.094000 0.000000 0.000000 0.000000 -36382.850131 89.191560
300.000000 0.096000 0.096000 0.096000 0.000000 0.000000 0.000000 -36381.110186 70.430039
300.000000 0.098000 0.098000 0.098000 0.000000 0.000000 0.000000 -36259.404811 97.623409
300.000000 0.100000 0.100000 0.100000 0.000000 0.000000 0.000000 -36436.969202 68.802120
300.000000 0.102000 0.102000 0.102000 0.000000 0.000000 0.000000 -36372.902849 58.813324
300.000000 0.104000 0.104000 0.104000 0.000000 0.000000 0.000000 -36256.819444 63.273345
300.000000 0.106000 0.106000 0.106000 0.000000 0.000000 0.000000 -36338.319945 66.650217
300.000000 0.108000 0.108000 0.108000 0.000000 0.000000 0.000000 -36306.164620 61.372790
300.000000 0.110000 0.110000 0.110000 0.000000 0.000000 0.000000 -36274.049616 77.624984
300.000000 0.112000 0.112000 0.112000 0.000000 0.000000 0.000000 -36378.887809 56.689320
300.000000 0.114000 0.114000 0.114000 0.000000 0.000000 0.000000 -36326.840332 89.883872
300.000000 0.116000 0.116000 0.116000 0.000000 0.000000 0.000000 -36216.581873 72.035837
300.000000 0.118000 0.118000 0.118000 0.000000 0.000000 0.000000 -36261.733546 76.711621
300.000000 0.120000 0.120000 0.120000 0.000000 0.000000 0.000000 -36284.059504 103.927605
300.000000 0.122000 0.122000 0.122000 0.000000 0.000000 0.000000 -36184.487246 76.186501
300.000000 0.124000 0.124000 0.124000 0.000000 0.000000 0.000000 -36336.334348 88.139248
300.000000 0.126000 0.126000 0.126000 0.000000 0.000000 0.000000 -36285.221603 47.051515
300.000000 0.128000 0.128000 0.128000 0.000000 0.000000 0.000000 -36358.509725 62.709982
300.000000 0.130000 0.130000 0.130000 0.000000 0.000000 0.000000 -36361.571379 75.882844
300.000000 0.132000 0.132000 0.132000 0.000000 0.000000 0.000000 -36270.622357 51.550223
300.000000 0.134000 0.134000 0.134000 0.000000 0.000000 0.000000 -36285.741268 57.589847
300.000000 0.136000 0.136000 0.136000 0.000000 0.000000 0.000000 -36277.313832 70.614327
300.000000 0.138000 0.138000 0.138000 0.000000 0.000000 0.000000 -36298.547856 42.746780
300.000000 0.140000 0.140000 0.140000 0.000000 0.000000 0.000000 -36285.886970 76.382270
300.000000 0.142000 0.142000 0.142000 0.000000 0.000000 0.000000 -36371.365778 56.927854
300.000000 0.144000 0.144000 0.144000 0.000000 0.000000 0.000000 -36228.740520 62.175232
300.000000 0.146000 0.146000 0.146000 0.000000 0.000000 0.000000 -36386.451782 81.633924
300.000000 0.148000 0.148000 0.148000 0.000000 0.000000 0.000000 -36299.023808 65.408552
300.000000 0.150000 0.150000 0.150000 0.000000 0.000000 0.000000 -36394.424049 82.579858
300.000000 0.152000 0.152000 0.152000 0.000000 0.000000 0.000000 -36221.182224 46.354794
300.000000 0.154000 0.154000 0.154000 0.000000 0.000000 0.000000 -36263.671372 77.386118
300.000000 0.156000 0.156000 0.156000 0.000000 0.000000 0.000000 -36346.950403 52.274540
300.000000 0.158000 0.158000 0.158000 0.000000 0.000000 0.000000 -36407.075594 70.662054
300.000000 0.160000 0.160000 0.160000 0.000000 0.000000 0.000000 -36314.349891 61.014431
300.000000 0.162000 0.162000 0.162000 0.000000 0.000000 0.000000 -36320.721956 56.559958
300.000000 0.164000 0.164000 0.164000 0.000000 0.000000 0.000000 -36230.506168 65.400535
300.000000 0.166000 0.166000 0.166000 0.000000 0.000000 0.000000 -36247.592902 46.106113
300.000000 0.168000 0.168000 0.168000 0.000000 0.000000 0.000000 -36292.259926 47.687803
300.000000 0.170000 0.170000 0.170000 0.000000 0.000000 0.000000 -36356.641217 48.192679
300.000000 0.172000 0.172000 0.172000 0.000000 0.000000 0.000000 -36335.221617 42.352015
300.000000 0.174000 0.174000 0.174000 0.000000 0.000000 0.000000 -36351.499711 59.399857
300.000000 0.176000 0.176000 0.176000 0.000000 0.000000 0.000000 -36275.588557 61.518496
300.000000 0.178000 0.178000 0.178000 0.000000 0.000000 0.000000 -36348.102543 69.207156
300.000000 0.180000 0.180000 0.180000 0.000000 0.000000 0.000000 -36301.301141 70.597638
300.000000 0.182000 0.182000 0.182000 0.000000 0.000000 0.000000 -36343.626117 50.962782
300.000000 0.184000 0.184000 0.184000 0.000000 0.000000 0.000000 -36400.835870 66.315900
300.000000 0.186000 0.186000 0.186000 0.000000 0.000000 0.000000 -36358.423196 63.338702
300.000000 0.188000 0.188000 0.188000 0.000000 0.000000 0.000000 -36458.876705 64.468534
300.000000 0.190000 0.190000 0.190000 0.000000 0.000000 0.000000 -36288.100407 35.012823
300.000000 0.192000 0.192000 0.192000 0.000000 0.000000 0.000000 -36394.610088 24.610061
300.000000 0.194000 0.194000 0.194000 0.000000 0.000000 0.000000 -36384.735775 62.659955
300.000000 0.196000 0.196000 0.196000 0.000000 0.000000 0.000000 -36398.820203 47.340413
300.000000 0.198000 0.198000 0.198000 0.000000 0.000000 0.000000 -36494.626791 55.985996
300.000000 0.200000 0.200000 0.200000 0.000000 0.000000 0.000000 -36478.664389 28.570690
300.000000 0.202000 0.202000 0.202000 0.000000 0.000000 0.000000 -36559.615211 50.472755
300.000000 0.204000 0.204000 0.204000 0.000000 0.000000 0.000000 -36562.216401 39.775369
300.000000 0.206000 0.206000 0.206000 0.000000 0.000000 0.000000 -36496.301578 53.620942
300.000000 0.208000 0.208000 0.208000 0.000000 0.000000 0.000000 -36473.504231 63.801713
300.000000 0.210000 0.210000 0.210000 0.000000 0.000000 0.000000 -36448.732792 53.181551
300.000000 0.212000 0.212000 0.212000 0.000000 0.000000 0.000000 -36397.546061 29.548995
300.000000 0.214000 0.214000 0.214000 0.000000 0.000000 0.000000 -36424.711451 61.953843
300.000000 0.216000 0.216000 0.216000 0.000000 0.000000 0.000000 -36426.502367 21.747547
300.000000 0.218000 0.218000 0.218000 0.000000 0.000000 0.000000 -36460.256435 41.867637
300.000000 0.220000 0.220000 0.220000 0.000000 0.000000 0.000000 -36392.874001 52.761926
300.000000 0.222000 0.222000 0.222000 0.000000 0.000000 0.000000 -36325.143506 27.091054
300.000000 0.224000 0.224000 0.224000 0.000000 0.000000 0.000000 -36293.844831 42.439519
300.000000 0.226000 0.226000 0.226000 0.000000 0.000000 0.000000 -36296.175209 23.632782
300.000000 0.228000 0.228000 0.228000 0.000000 0.000000 0.000000 -36278.266695 57.066466
300.000000 0.230000 0.230000 0.230000 0.000000 0.000000 0.000000 -36136.182369 37.415306
300.000000 0.232000 0.232000 0.232000 0.000000 0.000000 0.000000 -36203.971491 17.410410
300.000000 0.234000 0.234000 0.234000 0.000000 0.000000 0.000000 -36305.109327 42.850559
300.000000 0.236000 0.236000 0.236000 0.000000 0.000000 0.000000 -36349.737683 45.089837
300.000000 0.238000 0.238000 0.238000 0.000000 0.000000 0.000000 -36404.335971 61.988385
300.000000 0.240000 0.240000 0.240000 0.000000 0.000000 0.000000 -36310.289021 27.669220
300.000000 0.242000 0.242000 0.242000 0.000000 0.000000 0.000000 -36257.898521 16.130118
300.000000 0.244000 0.244000 0.244000 0.000000 0.000000 0.000000 -36280.315292 49.133874
300.000000 0.246000 0.246000 0.246000 0.000000 0.000000 0.000000 -36349.687599 49.478999
300.000000 0.248000 0.248000 0.248000 0.000000 0.000000 0.000000 -36454.832845 38.999459
300.000000 0.250000 0.250000 0.250000 0.000000 0.000000 0.000000 -36406.917676 52.152902
300.000000 0.252000 0.252000 0.252000 0.000000 0.000000 0.000000 -36305.326107 30.319700
300.000000 0.254000 0.254000 0.254000 0.000000 0.000000 0.000000 -36319.496911 57.586507
300.000000 0.256000 0.256000 0.256000 0.000000 0.000000 0.000000 -36280.010919 35.246346
300.000000 0.258000 0.258000 0.258000 0.000000 0.000000 0.000000 -36385.079857 29.983011
300.000000 0.260000 0.260000 0.260000 0.000000 0.000000 0.000000 -36388.159215 26.061038
300.000000 0.262000 0.262000 0.262000 0.000000 0.000000 0.000000 -36411.420355 36.123024
300.000000 0.264000 0.264000 0.264000 0.000000 0.000000 0.000000 -36470.889220 20.812644
300.000000 0.266000 0.266000 0.266000 0.000000 0.000000 0.000000 -36314.081186 28.408372
300.000000 0.268000 0.268000 0.268000 0.000000 0.000000 0.000000 -36352.395568 17.537368
300.000000 0.270000 0.270000 0.270000 0.000000 0.000000 0.000000 -36272.243357 23.649000
300.000000 0.272000 0.272000 0.272000 0.000000 0.000000 0.000000 -36277.208803 27.721072
300.000000 0.274000 0.274000 0.274000 0.000000 0.000000 0.000000 -36280.918947 25.137806
300.000000 0.276000 0.276000 0.276000 0.000000 0.000000 0.000000 -36384.677111 22.783055
300.000000 0.278000 0.278000 0.278000 0.000000 0.000000 0.000000 -36264.830132 47.098070
300.000000 0.280000 0.280000 0.280000 0.000000 0.000000 0.000000 -36151.868606 16.943677
300.000000 0.282000 0.282000 0.282000 0.000000 0.000000 0.000000 -36162.299559 26.059088
300.000000 0.284000 0.284000 0.284000 0.000000 0.000000 0.000000 -36303.433261 25.234354
300.000000 0.286000 0.286000 0.286000 0.000000 0.000000 0.000000 -36318.518657 7.720220
300.000000 0.288000 0.288000 0.288000 0.000000 0.000000 0.000000 -36363.612617 26.636159
300.000000 0.290000 0.290000 0.290000 0.000000 0.000000 0.000000 -36279.408186 15.285814
300.000000 0.292000 0.292000 0.292000 0.000000 0.000000 0.000000 -36344.225484 16.286530
300.000000 0.294000 0.294000 0.294000 0.000000 0.000000 0.000000 -36333.633055 20.256482
300.000000 0.296000 0.296000 0.296000 0.000000 0.000000 0.000000 -36432.104355 18.663152
300.000000 0.298000 0.298000 0.298000 0.000000 0.000000 0.000000 -36315.488956 16.654246
300.000000 0.300000 0.300000 0.300000 0.000000 0.000000 0.000000 -36346.076108 14.184005
300.000000 0.302000 0.302000 0.302000 0.000000 0.000000 0.000000 -36223.084140 22.917327
300.000000 0.304000 0.304000 0.304000 0.000000 0.000000 0.000000 -36157.259090 4.675200
300.000000 0.306000 0.306000 0.306000 0.000000 0.000000 0.000000 -36311.838012 20.768245
300.000000 0.308000 0.308000 0.308000 0.000000 0.000000 0.000000 -36326.520960 23.907450
300.000000 0.310000 0.310000 0.310000 0.000000 0.000000 0.000000 -36386.123804 18.828451
300.000000 0.312000 0.312000 0.312000 0.000000 0.000000 0.000000 -36305.643298 12.483665
300.000000 0.314000 0.314000 0.314000 0.000000 0.000000 0.000000 -36395.746720 3.330978
300.000000 0.316000 0.316000 0.316000 0.000000 0.000000 0.000000 -36288.518237 24.404663
300.000000 0.318000 0.318000 0.318000 0.000000 0.000000 0.000000 -36375.986055 30.998658
300.000000 0.320000 0.320000 0.320000 0.000000 0.000000 0.000000 -36333.864356 3.933345
300.000000 0.322000 0.322000 0.322000 0.000000 0.000000 0.000000 -36355.985463 14.225491
300.000000 0.324000 0.324000 0.324000 0.000000 0.000000 0.000000 -36382.404738 13.261481
300.000000 0.326000 0.326000 0.326000 0.000000 0.000000 0.000000 -36384.837191 25.408260
300.000000 0.328000 0.328000 0.328000 0.000000 0.000000 0.000000 -36380.226135 15.067010
300.000000 0.330000 0.330000 0.330000 0.000000 0.000000 0.000000 -36272.353991 5.671784
300.000000 0.332000 0.332000 0.332000 0.000000 0.000000 0.000000 -36308.627721 1.198326
300.000000 0.334000 0.334000 0.334000 0.000000 0.000000 0.000000 -36321.713613 24.506435
300.000000 0.336000 0.336000 0.336000 0.000000 0.000000 0.000000 -36398.944127 10.358620
300.000000 0.338000 0.338000 0.338000 0.000000 0.000000 0.000000 -36485.293424 6.543320
300.000000 0.340000 0.340000 0.340000 0.000000 0.000000 0.000000 -36482.260960 18.701022
300.000000 0.342000 0.342000 0.342000 0.000000 0.000000 0.000000 -36407.360970 7.491714
300.000000 0.344000 0.344000 0.344000 0.000000 0.000000 0.000000 -36333.384098 10.574001
300.000000 0.346000 0.346000 0.346000 0.000000 0.000000 0.000000 -36322.623448 18.285044
300.000000 0.348000 0.348000 0.348000 0.000000 0.000000 0.000000 -36443.551564 22.071832
300.000000 0.350000 0.350000 0.350000 0.000000 0.000000 0.000000 -36291.834023 5.291955
300.000000 0.352000 0.352000 0.352000 0.000000 0.000000 0.000000 -36283.471683 2.769417
300.000000 0.354000 0.354000 0.354000 0.000000 0.000000 0.000000 -36391.549641 7.507609
300.000000 0.356000 0.356000 0.356000 0.000000 0.000000 0.000000 -36402.662203 14.782661
300.000000 0.358000 0.358000 0.358000 0.000000 0.000000 0.000000 -36286.679979 -1.049541
300.000000 0.360000 0.360000 0.360000 0.000000 0.000000 0.000000 -36279.046554 6.531563
300.000000 0.362000 0.362000 0.362000 0.000000 0.000000 0.000000 -36315.611160 9.986837
300.000000 0.364000 0.364000 0.364000 0.000000 0.000000 0.000000 -36301.744279 8.013755
300.000000 0.366000 0.366000 0.366000 0.000000 0.000000 0.000000 -36330.184361 9.814051
300.000000 0.368000 0.368000 0.368000 0.000000 0.000000 0.000000 -36279.471692 9.971313
300.000000 0.370000 0.370000 0.370000 0.000000 0.000000 0.000000 -36381.439450 11.077642
300.000000 0.372000 0.372000 0.372000 0.000000 0.000000 0.000000 -36332.048460 15.086073
300.000000 0.374000 0.374000 0.374000 0.000000 0.000000 0.000000 -36385.201016 12.377704
300.000000 0.376000 0.376000 0.376000 0.000000 0.000000 0.000000 -36339.143765 13.368219
300.000000 0.378000 0.378000 0.378000 0.000000 0.000000 0.000000 -36247.055884 6.683216
300.000000 0.380000 0.380000 0.380000 0.000000 0.000000 0.000000 -36273.762003 8.463311
300.000000 0.382000 0.382000 0.382000 0.000000 0.000000 0.000000 -36347.978833 9.090262
300.000000 0.384000 0.384000 0.384000 0.000000 0.000000 0.000000 -36397.995682 8.247574
300.000000 0.386000 0.386000 0.386000 0.000000 0.000000 0.000000 -36440.366074 8.259146
300.000000 0.388000 0.388000 0.388000 0.000000 0.000000 0.000000 -36432.575699 16.066965
300.000000 0.390000 0.390000 0.390000 0.000000 0.000000 0.000000 -36437.588833 -1.324051
300.000000 0.392000 0.392000 0.392000 0.000000 0.000000 0.000000 -36384.077915 -5.074412
300.000000 0.394000 0.394000 0.394000 0.000000 0.000000 0.000000 -36394.694160 7.163437
300.000000 0.396000 0.396000 0.396000 0.000000 0.000000 0.000000 -36485.144236 6.054841
300.000000 0.398000 0.398000 0.398000 0.000000 0.000000 0.000000 -36361.404491 12.632912
300.000000 0.400000 0.400000 0.400000 0.000000 0.000000 0.000000 -36330.333511 1.706678
300.000000 0.402000 0.402000 0.402000 0.000000 0.000000 0.000000 -36373.658079 13.036567
300.000000 0.404000 0.404000 0.404000 0.000000 0.000000 0.000000 -36334.114808 19.433441
300.000000 0.406000 0.406000 0.406000 0.000000 0.000000 0.000000 -36351.821219 8.028967
300.000000 0.408000 0.408000 0.408000 0.000000 0.000000 0.000000 -36471.051211 -8.105162
300.000000 0.410000 0.410000 0.410000 0.000000 0.000000 0.000000 -36408.131206 3.675997
300.000000 0.412000 0.412000 0.412000 0.000000 0.000000 0.000000 -36234.839588 10.659198
300.000000 0.414000 0.414000 0.414000 0.000000 0.000000 0.000000 -36269.987228 2.776133
300.000000 0.416000 0.416000 0.416000 0.000000 0.000000 0.000000 -36336.984053 -2.908430
300.000000 0.418000 0.418000 0.418000 0.000000 0.000000 0.000000 -36286.955818 10.075128
300.000000 0.420000 0.420000 0.420000 0.000000 0.000000 0.000000 -36524.918707 -5.323833
300.000000 0.422000 0.422000 0.422000 0.000000 0.000000 0.000000 -36461.197356 -12.685348
300.000000 0.424000 0.424000 0.424000 0.000000 0.000000 0.000000 -36336.859978 4.421949
300.000000 0.426000 0.426000 0.426000 0.000000 0.000000 0.000000 -36414.186439 2.216091
300.000000 0.428000 0.428000 0.428000 0.000000 0.000000 0.000000 -36250.419795 2.173521
300.000000 0.430000 0.430000 0.430000 0.000000 0.000000 0.000000 -36354.910045 13.629369
300.000000 0.432000 0.432000 0.432000 0.000000 0.000000 0.000000 -36330.506976 -3.215157
300.000000 0.434000 0.434000 0.434000 0.000000 0.000000 0.000000 -36258.849034 -5.835078
300.000000 0.436000 0.436000 0.436000 0.000000 0.000000 0.000000 -36376.266981 5.367047
300.000000 0.438000 0.438000 0.438000 0.000000 0.000000 0.000000 -36253.728008 -7.391987
300.000000 0.440000 0.440000 0.440000 0.000000 0.000000 0.000000 -36295.173857 -0.341614
300.000000 0.442000 0.442000 0.442000 0.000000 0.000000 0.000000 -36261.887501 15.901276
300.000000 0.444000 0.444000 0.444000 0.000000 0.000000 0.000000 -36195.386388 -12.354681
300.000000 0.446000 0.446000 0.446000 0.000000 0.000000 0.000000 -36210.599641 -1.808672
300.000000 0.448000 0.448000 0.448000 0.000000 0.000000 0.000000 -36320.593165 -0.959624
300.000000 0.450000 0.450000 0.450000 0.000000 0.000000 0.000000 -36414.673475 0.923913
300.000000 0.452000 0.452000 0.452000 0.000000 0.000000 0.000000 -36496.912070 1.869877
300.000000 0.454000 0.454000 0.454000 0.000000 0.000000 0.000000 -36399.438022 15.887216
300.000000 0.456000 0.456000 0.456000 0.000000 0.000000 0.000000 -36397.702985 4.277559
300.000000 0.458000 0.458000 0.458000 0.000000 0.000000 0.000000 -36374.991723 -1.087869
300.000000 0.460000 0.460000 0.460000 0.000000 0.000000 0.000000 -36496.847461 3.311656
300.000000 0.462000 0.462000 0.462000 0.000000 0.000000 0.000000 -36368.462739 -14.367506
300.000000 0.464000 0.464000 0.464000 0.000000 0.000000 0.000000 -36312.513663 -16.234587
300.000000 0.466000 0.466000 0.466000 0.000000 0.000000 0.000000 -36366.676601 -1.230398
300.000000 0.468000 0.468000 0.468000 0.000000 0.000000 0.000000 -36341.952910 -5.896525
300.000000 0.470000 0.470000 0.470000 0.000000 0.000000 0.000000 -36310.879403 -2.864240
300.000000 0.472000 0.472000 0.472000 0.000000 0.000000 0.000000 -36284.131482 2.352168
300.000000 0.474000 0.474000 0.474000 0.000000 0.000000 0.000000 -36300.894648 2.733386
300.000000 0.476000 0.476000 0.476000 0.000000 0.000000 0.000000 -36300.128230 6.084915
300.000000 0.478000 0.478000 0.478000 0.000000 0.000000 0.000000 -36226.951124 -9.355697
300.000000 0.480000 0.480000 0.480000 0.000000 0.000000 0.000000 -36318.478278 -7.016065
300.000000 0.482000 0.482000 0.482000 0.000000 0.000000 0.000000 -36280.780874 0.596603
300.000000 0.484000 0.484000 0.484000 0.000000 0.000000 0.000000 -36394.120181 -4.574130
300.000000 0.486000 0.486000 0.486000 0.000000 0.000000 0.000000 -36337.244686 -1.078553
300.000000 0.488000 0.488000 0.488000 0.000000 0.000000 0.000000 -36260.011676 3.577113
300.000000 0.490000 0.490000 0.490000 0.000000 0.000000 0.000000 -36382.077856 -9.473264
300.000000 0.492000 0.492000 0.492000 0.000000 0.000000 0.000000 -36354.627211 1.220697
300.000000 0.494000 0.494000 0.494000 0.000000 0.000000 0.000000 -36187.687905 2.514315
300.000000 0.496000 0.496000 0.496000 0.000000 0.000000 0.000000 -36356.714217 -7.084200
300.000000 0.498000 0.498000 0.498000 0.000000 0.000000 0.000000 -36207.255463 6.670536
