300.000000 0.000000 0.000000 0.000000 0.000000 0.000000 0.000000 -41266.555065 859.787568
300.000000 0.002000 0.002000 0.002000 0.000000 0.000000 0.000000 -41427.099696 878.351000
300.000000 0.004000 0.004000 0.004000 0.000000 0.000000 0.000000 -41328.689542 847.161603
300.000000 0.006000 0.006000 0.006000 0.000000 0.000000 0.000000 -41322.655869 879.362042
300.000000 0.008000 0.008000 0.008000 0.000000 0.000000 0.000000 -41279.587124 847.863924
300.000000 0.010000 0.010000 0.010000 0.000000 0.000000 0.000000 -41401.191502 705.935279
300.000000 0.012000 0.012000 0.012000 0.000000 0.000000 0.000000 -41249.132732 944.172665
300.000000 0.014000 0.014000 0.014000 0.000000 0.000000 0.000000 -41355.876382 937.762842
300.000000 0.016000 0.016000 0.016000 0.000000 0.000000 0.000000 -41378.378546 926.263814
300.000000 0.018000 0.018000 0.018000 0.000000 0.000000 0.000000 -41444.929074 925.378477
300.000000 0.020000 0.020000 0.020000 0.000000 0.000000 0.000000 -41215.969469 835.232052
300.000000 0.022000 0.022000 0.022000 0.000000 0.000000 0.000000 -41187.813083 831.610974
300.000000 0.024000 0.024000 0.024000 0.000000 0.000000 0.000000 -41239.320797 840.340130
300.000000 0.026000 0.026000 0.026000 0.000000 0.000000 0.000000 -41215.268318 883.423070
300.000000 0.028000 0.028000 0.028000 0.000000 0.000000 0.000000 -41290.601632 940.165394
300.000000 0.030000 0.030000 0.030000 0.000000 0.000000 0.000000 -41328.749473 871.715421
300.000000 0.032000 0.032000 0.032000 0.000000 0.000000 0.000000 -41182.658718 798.509213
300.000000 0.034000 0.034000 0.034000 0.000000 0.000000 0.000000 -41215.043134 766.415436
300.000000 0.036000 0.036000 0.036000 0.000000 0.000000 0.000000 -41315.362882 745.573762
300.000000 0.038000 0.038000 0.038000 0.000000 0.000000 0.000000 -41386.655292 933.344138
300.000000 0.040000 0.040000 0.040000 0.000000 0.000000 0.000000 -41462.237816 907.066737
300.000000 0.042000 0.042000 0.042000 0.000000 0.000000 0.000000 -41439.091155 733.322669
300.000000 0.044000 0.044000 0.044000 0.000000 0.000000 0.000000 -41328.568456 743.988216
300.000000 0.046000 0.046000 0.046000 0.000000 0.000000 0.000000 -41376.546255 731.433061
300.000000 0.048000 0.048000 0.048000 0.000000 0.000000 0.000000 -41314.666414 648.646156
300.000000 0.050000 0.050000 0.050000 0.000000 0.000000 0.000000 -41337.493801 104.458454
300.000000 0.052000 0.052000 0.052000 0.000000 0.000000 0.000000 -41311.343216 113.720604
300.000000 0.054000 0.054000 0.054000 0.000000 0.000000 0.000000 -41306.527914 77.755824
300.000000 0.056000 0.056000 0.056000 0.000000 0.000000 0.000000 -41315.165736 112.659597
300.000000 0.058000 0.058000 0.058000 0.000000 0.000000 0.000000 -41314.546076 168.919065
300.000000 0.060000 0.060000 0.060000 0.000000 0.000000 0.000000 -41202.209744 88.859664
300.000000 0.062000 0.062000 0.062000 0.000000 0.000000 0.000000 -41186.110719 95.689915
300.000000 0.064000 0.064000 0.064000 0.000000 0.000000 0.000000 -41226.051550 130.959087
300.000000 0.066000 0.066000 0.066000 0.000000 0.000000 0.000000 -41301.130469 108.282434
300.000000 0.068000 0.068000 0.068000 0.000000 0.000000 0.000000 -41376.135042 72.227210
300.000000 0.070000 0.070000 0.070000 0.000000 0.000000 0.000000 -41364.672448 69.880788
300.000000 0.072000 0.072000 0.072000 0.000000 0.000000 0.000000 -41244.863549 98.011840
300.000000 0.074000 0.074000 0.074000 0.000000 0.000000 0.000000 -41295.039860 105.475117
300.000000 0.076000 0.076000 0.076000 0.000000 0.000000 0.000000 -41227.707970 91.209798
300.000000 0.078000 0.078000 0.078000 0.000000 0.000000 0.000000 -41267.190359 94.954479
300.000000 0.080000 0.080000 0.080000 0.000000 0.000000 0.000000 -41150.696622 102.181962
300.000000 0.082000 0.082000 0.082000 0.000000 0.000000 0.000000 -41208.151169 73.670389
300.000000 0.084000 0.084000 0.084000 0.000000 0.000000 0.000000 -41291.861823 89.301203
300.000000 0.086000 0.086000 0.086000 0.000000 0.000000 0.000000 -41191.323815 76.085343
300.000000 0.088000 0.088000 0.088000 0.000000 0.000000 0.000000 -41189.294572 106.919438
300.000000 0.090000 0.090000 0.090000 0.000000 0.000000 0.000000 -41318.432016 76.614607
300.000000 0.092000 0.092000 0.092000 0.000000 0.000000 0.000000 -41389.071336 60.795918
300.000000 0.094000 0.094000 0.094000 0.000000 0.000000 0.000000 -41505.049628 67.520949
300.000000 0.096000 0.096000 0.096000 0.000000 0.000000 0.000000 -41260.491480 63.833646
300.000000 0.098000 0.098000 0.098000 0.000000 0.000000 0.000000 -41358.570013 71.606056
300.000000 0.100000 0.100000 0.100000 0.000000 0.000000 0.000000 -41314.409095 59.151223
300.000000 0.102000 0.102000 0.102000 0.000000 0.000000 0.000000 -41198.046127 93.920721
300.000000 0.104000 0.104000 0.104000 0.000000 0.000000 0.000000 -41220.687955 79.185583
300.000000 0.106000 0.106000 0.106000 0.000000 0.000000 0.000000 -41178.677060 59.445472
300.000000 0.108000 0.108000 0.108000 0.000000 0.000000 0.000000 -41342.900515 63.979209
300.000000 0.110000 0.110000 0.110000 0.000000 0.000000 0.000000 -41309.472204 73.831132
300.000000 0.112000 0.112000 0.112000 0.000000 0.000000 0.000000 -41375.520593 58.853145
300.000000 0.114000 0.114000 0.114000 0.000000 0.000000 0.000000 -41385.961588 63.377775
300.000000 0.116000 0.116000 0.116000 0.000000 0.000000 0.000000 -41370.817360 62.450255
300.000000 0.118000 0.118000 0.118000 0.000000 0.000000 0.000000 -41314.289024 52.127234
300.000000 0.120000 0.120000 0.120000 0.000000 0.000000 0.000000 -41300.685676 41.666998
300.000000 0.122000 0.122000 0.122000 0.000000 0.000000 0.000000 -41256.308364 57.503884
300.000000 0.124000 0.124000 0.124000 0.000000 0.000000 0.000000 -41248.308033 71.792830
300.000000 0.126000 0.126000 0.126000 0.000000 0.000000 0.000000 -41246.137768 49.888057
300.000000 0.128000 0.128000 0.128000 0.000000 0.000000 0.000000 -41263.666691 54.210628
300.000000 0.130000 0.130000 0.130000 0.000000 0.000000 0.000000 -41254.803214 61.149657
300.000000 0.132000 0.132000 0.132000 0.000000 0.000000 0.000000 -41311.166194 29.163535
300.000000 0.134000 0.134000 0.134000 0.000000 0.000000 0.000000 -41210.610303 59.535968
300.000000 0.136000 0.136000 0.136000 0.000000 0.000000 0.000000 -41292.982715 45.970385
300.000000 0.138000 0.138000 0.138000 0.000000 0.000000 0.000000 -41274.227091 56.167573
300.000000 0.140000 0.140000 0.140000 0.000000 0.000000 0.000000 -41162.661355 46.402341
300.000000 0.142000 0.142000 0.142000 0.000000 0.000000 0.000000 -41125.993827 52.213783
300.000000 0.144000 0.144000 0.144000 0.000000 0.000000 0.000000 -41130.894963 37.320553
300.000000 0.146000 0.146000 0.146000 0.000000 0.000000 0.000000 -41228.530475 41.635504
300.000000 0.148000 0.148000 0.148000 0.000000 0.000000 0.000000 -41341.773010 72.090482
300.000000 0.150000 0.150000 0.150000 0.000000 0.000000 0.000000 -41152.732949 32.649546
300.000000 0.152000 0.152000 0.152000 0.000000 0.000000 0.000000 -41312.306938 50.480331
300.000000 0.154000 0.154000 0.154000 0.000000 0.000000 0.000000 -41343.983545 55.727886
300.000000 0.156000 0.156000 0.156000 0.000000 0.000000 0.000000 -41286.967000 76.550983
300.000000 0.158000 0.158000 0.158000 0.000000 0.000000 0.000000 -41161.433105 45.013512
300.000000 0.160000 0.160000 0.160000 0.000000 0.000000 0.000000 -41355.808374 43.539934
300.000000 0.162000 0.162000 0.162000 0.000000 0.000000 0.000000 -41313.578343 62.114720
300.000000 0.164000 0.164000 0.164000 0.000000 0.000000 0.000000 -41273.309193 44.486960
300.000000 0.166000 0.166000 0.166000 0.000000 0.000000 0.000000 -41326.893828 27.797596
300.000000 0.168000 0.168000 0.168000 0.000000 0.000000 0.000000 -41187.636417 53.279572
300.000000 0.170000 0.170000 0.170000 0.000000 0.000000 0.000000 -41270.035271 47.421757
300.000000 0.172000 0.172000 0.172000 0.000000 0.000000 0.000000 -41364.938243 50.962022
300.000000 0.174000 0.174000 0.174000 0.000000 0.000000 0.000000 -41328.697757 53.406939
300.000000 0.176000 0.176000 0.176000 0.000000 0.000000 0.000000 -41258.399846 46.709361
300.000000 0.178000 0.178000 0.178000 0.000000 0.000000 0.000000 -41322.267354 31.934387
300.000000 0.180000 0.180000 0.180000 0.000000 0.000000 0.000000 -41341.386114 55.541434
300.000000 0.182000 0.182000 0.182000 0.000000 0.000000 0.000000 -41344.840070 24.065693
300.000000 0.184000 0.184000 0.184000 0.000000 0.000000 0.000000 -41434.169572 54.532066
300.000000 0.186000 0.186000 0.186000 0.000000 0.000000 0.000000 -41330.968176 37.888832
300.000000 0.188000 0.188000 0.188000 0.000000 0.000000 0.000000 -41288.611172 55.184241
300.000000 0.190000 0.190000 0.190000 0.000000 0.000000 0.000000 -41407.252381 37.870544
300.000000 0.192000 0.192000 0.192000 0.000000 0.000000 0.000000 -41400.392716 33.334425
300.000000 0.194000 0.194000 0.194000 0.000000 0.000000 0.000000 -41442.497802 52.125303
300.000000 0.196000 0.196000 0.196000 0.000000 0.000000 0.000000 -41297.471105 41.865834
300.000000 0.198000 0.198000 0.198000 0.000000 0.000000 0.000000 -41422.579491 29.106828
300.000000 0.200000 0.200000 0.200000 0.000000 0.000000 0.000000 -41404.699254 39.647290
300.000000 0.202000 0.202000 0.202000 0.000000 0.000000 0.000000 -41341.121456 38.759700
300.000000 0.204000 0.204000 0.204000 0.000000 0.000000 0.000000 -41345.551791 45.625683
300.000000 0.206000 0.206000 0.206000 0.000000 0.000000 0.000000 -41167.027565 31.622737
300.000000 0.208000 0.208000 0.208000 0.000000 0.000000 0.000000 -41076.086617 32.801614
300.000000 0.210000 0.210000 0.210000 0.000000 0.000000 0.000000 -41064.266532 40.933736
300.000000 0.212000 0.212000 0.212000 0.000000 0.000000 0.000000 -41010.399109 26.364508
300.000000 0.214000 0.214000 0.214000 0.000000 0.000000 0.000000 -41043.982016 36.087116
300.000000 0.216000 0.216000 0.216000 0.000000 0.000000 0.000000 -41175.868055 46.930270
300.000000 0.218000 0.218000 0.218000 0.000000 0.000000 0.000000 -41098.470147 40.124250
300.000000 0.220000 0.220000 0.220000 0.000000 0.000000 0.000000 -41136.202522 20.935416
300.000000 0.222000 0.222000 0.222000 0.000000 0.000000 0.000000 -41106.949661 22.151327
300.000000 0.224000 0.224000 0.224000 0.000000 0.000000 0.000000 -41076.980549 44.709018
300.000000 0.226000 0.226000 0.226000 0.000000 0.000000 0.000000 -41189.293231 43.661683
300.000000 0.228000 0.228000 0.228000 0.000000 0.000000 0.000000 -41057.801423 46.020448
300.000000 0.230000 0.230000 0.230000 0.000000 0.000000 0.000000 -41160.349475 47.686406
300.000000 0.232000 0.232000 0.232000 0.000000 0.000000 0.000000 -41288.075394 60.812562
300.000000 0.234000 0.234000 0.234000 0.000000 0.000000 0.000000 -41184.116956 40.573444
300.000000 0.236000 0.236000 0.236000 0.000000 0.000000 0.000000 -41076.265161 47.504034
300.000000 0.238000 0.238000 0.238000 0.000000 0.000000 0.000000 -41178.184105 30.635486
300.000000 0.240000 0.240000 0.240000 0.000000 0.000000 0.000000 -41117.753985 33.268592
300.000000 0.242000 0.242000 0.242000 0.000000 0.000000 0.000000 -41172.841837 20.715757
300.000000 0.244000 0.244000 0.244000 0.000000 0.000000 0.000000 -41364.882142 32.713550
300.000000 0.246000 0.246000 0.246000 0.000000 0.000000 0.000000 -41204.052511 26.029849
300.000000 0.248000 0.248000 0.248000 0.000000 0.000000 0.000000 -41284.621772 14.360644
300.000000 0.250000 0.250000 0.250000 0.000000 0.000000 0.000000 -41309.295581 20.666456
300.000000 0.252000 0.252000 0.252000 0.000000 0.000000 0.000000 -41412.715869 43.463574
300.000000 0.254000 0.254000 0.254000 0.000000 0.000000 0.000000 -41395.017176 10.758418
300.000000 0.256000 0.256000 0.256000 0.000000 0.000000 0.000000 -41518.807265 35.081113
300.000000 0.258000 0.258000 0.258000 0.000000 0.000000 0.000000 -41252.672426 24.553689
300.000000 0.260000 0.260000 0.260000 0.000000 0.000000 0.000000 -41268.224141 36.475451
300.000000 0.262000 0.262000 0.262000 0.000000 0.000000 0.000000 -41204.060034 14.504433
300.000000 0.264000 0.264000 0.264000 0.000000 0.000000 0.000000 -41223.533606 30.868333
300.000000 0.266000 0.266000 0.266000 0.000000 0.000000 0.000000 -41292.009135 21.663357
300.000000 0.268000 0.268000 0.268000 0.000000 0.000000 0.000000 -41213.753295 36.375513
300.000000 0.270000 0.270000 0.270000 0.000000 0.000000 0.000000 -41212.522852 21.022978
300.000000 0.272000 0.272000 0.272000 0.000000 0.000000 0.000000 -41250.681929 36.700738
300.000000 0.274000 0.274000 0.274000 0.000000 0.000000 0.000000 -41207.623915 30.551105
300.000000 0.276000 0.276000 0.276000 0.000000 0.000000 0.000000 -41385.556363 42.663997
300.000000 0.278000 0.278000 0.278000 0.000000 0.000000 0.000000 -41211.301564 37.884261
300.000000 0.280000 0.280000 0.280000 0.000000 0.000000 0.000000 -41115.872340 13.370537
300.000000 0.282000 0.282000 0.282000 0.000000 0.000000 0.000000 -41164.547341 31.707719
300.000000 0.284000 0.284000 0.284000 0.000000 0.000000 0.000000 -41276.737799 15.743556
300.000000 0.286000 0.286000 0.286000 0.000000 0.000000 0.000000 -41250.481676 3.859035
300.000000 0.288000 0.288000 0.288000 0.000000 0.000000 0.000000 -41171.313856 6.703852
300.000000 0.290000 0.290000 0.290000 0.000000 0.000000 0.000000 -41228.484019 20.007870
300.000000 0.292000 0.292000 0.292000 0.000000 0.000000 0.000000 -41376.496988 24.148877
300.000000 0.294000 0.294000 0.294000 0.000000 0.000000 0.000000 -41355.442184 13.166144
300.000000 0.296000 0.296000 0.296000 0.000000 0.000000 0.000000 -41233.566014 14.242199
300.000000 0.298000 0.298000 0.298000 0.000000 0.000000 0.000000 -41163.811096 37.490498
300.000000 0.300000 0.300000 0.300000 0.000000 0.000000 0.000000 -41195.799383 31.481052
300.000000 0.302000 0.302000 0.302000 0.000000 0.000000 0.000000 -41204.076370 28.428644
300.000000 0.304000 0.304000 0.304000 0.000000 0.000000 0.000000 -41239.276018 12.100803
300.000000 0.306000 0.306000 0.306000 0.000000 0.000000 0.000000 -41245.503800 14.445861
300.000000 0.308000 0.308000 0.308000 0.000000 0.000000 0.000000 -41212.739800 35.913153
300.000000 0.310000 0.310000 0.310000 0.000000 0.000000 0.000000 -41152.728104 23.280209
300.000000 0.312000 0.312000 0.312000 0.000000 0.000000 0.000000 -41281.342760 20.916876
300.000000 0.314000 0.314000 0.314000 0.000000 0.000000 0.000000 -41318.377161 17.207540
300.000000 0.316000 0.316000 0.316000 0.000000 0.000000 0.000000 -41370.758970 6.436085
300.000000 0.318000 0.318000 0.318000 0.000000 0.000000 0.000000 -41324.345507 16.422487
300.000000 0.320000 0.320000 0.320000 0.000000 0.000000 0.000000 -41247.224727 34.075155
300.000000 0.322000 0.322000 0.322000 0.000000 0.000000 0.000000 -41227.365530 11.962400
300.000000 0.324000 0.324000 0.324000 0.000000 0.000000 0.000000 -41280.078725 10.665414
300.000000 0.326000 0.326000 0.326000 0.000000 0.000000 0.000000 -41280.582369 22.696117
300.000000 0.328000 0.328000 0.328000 0.000000 0.000000 0.000000 -41198.417781 10.821737
300.000000 0.330000 0.330000 0.330000 0.000000 0.000000 0.000000 -41191.709434 19.159409
300.000000 0.332000 0.332000 0.332000 0.000000 0.000000 0.000000 -41290.115551 30.426345
300.000000 0.334000 0.334000 0.334000 0.000000 0.000000 0.000000 -41206.281372 19.182751
300.000000 0.336000 0.336000 0.336000 0.000000 0.000000 0.000000 -41284.502933 18.825901
300.000000 0.338000 0.338000 0.338000 0.000000 0.000000 0.000000 -41277.307173 9.351712
300.000000 0.340000 0.340000 0.340000 0.000000 0.000000 0.000000 -41256.228384 -1.143089
300.000000 0.342000 0.342000 0.342000 0.000000 0.000000 0.000000 -41219.242497 23.762633
300.000000 0.344000 0.344000 0.344000 0.000000 0.000000 0.000000 -41189.561649 13.243606
300.000000 0.346000 0.346000 0.346000 0.000000 0.000000 0.000000 -41271.600739 16.984996
300.000000 0.348000 0.348000 0.348000 0.000000 0.000000 0.000000 -41235.098578 17.410730
300.000000 0.350000 0.350000 0.350000 0.000000 0.000000 0.000000 -41438.781918 9.980495
300.000000 0.352000 0.352000 0.352000 0.000000 0.000000 0.000000 -41324.959834 24.940264
300.000000 0.354000 0.354000 0.354000 0.000000 0.000000 0.000000 -41251.151115 12.476442
300.000000 0.356000 0.356000 0.356000 0.000000 0.000000 0.000000 -41328.754643 19.619422
300.000000 0.358000 0.358000 0.358000 0.000000 0.000000 0.000000 -41326.950341 21.531320
300.000000 0.360000 0.360000 0.360000 0.000000 0.000000 0.000000 -41147.594298 17.240909
300.000000 0.362000 0.362000 0.362000 0.000000 0.000000 0.000000 -41148.868039 -0.143638
300.000000 0.364000 0.364000 0.364000 0.000000 0.000000 0.000000 -41324.693079 13.084607
300.000000 0.366000 0.366000 0.366000 0.000000 0.000000 0.000000 -41262.595013 17.816627
300.000000 0.368000 0.368000 0.368000 0.000000 0.000000 0.000000 -41315.393293 14.866213
300.000000 0.370000 0.370000 0.370000 0.000000 0.000000 0.000000 -41299.747373 8.388572
300.000000 0.372000 0.372000 0.372000 0.000000 0.000000 0.000000 -41295.357187 15.295403
300.000000 0.374000 0.374000 0.374000 0.000000 0.000000 0.000000 -41348.482619 12.786241
300.000000 0.376000 0.376000 0.376000 0.000000 0.000000 0.000000 -41245.886090 10.081302
300.000000 0.378000 0.378000 0.378000 0.000000 0.000000 0.000000 -41280.317769 -5.404406
300.000000 0.380000 0.380000 0.380000 0.000000 0.000000 0.000000 -41244.721304 1.602570
300.000000 0.382000 0.382000 0.382000 0.000000 0.000000 0.000000 -41359.563073 12.136536
300.000000 0.384000 0.384000 0.384000 0.000000 0.000000 0.000000 -41343.047252 -0.893162
300.000000 0.386000 0.386000 0.386000 0.000000 0.000000 0.000000 -41264.995623 6.763965
300.000000 0.388000 0.388000 0.388000 0.000000 0.000000 0.000000 -41280.574397 -5.171560
300.000000 0.390000 0.390000 0.390000 0.000000 0.000000 0.000000 -41295.477520 8.404462
300.000000 0.392000 0.392000 0.392000 0.000000 0.000000 0.000000 -41329.409736 -0.622170
300.000000 0.394000 0.394000 0.394000 0.000000 0.000000 0.000000 -41203.945941 2.575912
300.000000 0.396000 0.396000 0.396000 0.000000 0.000000 0.000000 -41289.434194 3.837941
300.000000 0.398000 0.398000 0.398000 0.000000 0.000000 0.000000 -41230.588638 3.001440
300.000000 0.400000 0.400000 0.400000 0.000000 0.000000 0.000000 -41325.035234 9.279625
300.000000 0.402000 0.402000 0.402000 0.000000 0.000000 0.000000 -41301.774069 8.104526
300.000000 0.404000 0.404000 0.404000 0.000000 0.000000 0.000000 -41366.721254 11.353520
300.000000 0.406000 0.406000 0.406000 0.000000 0.000000 0.000000 -41383.106012 25.879206
300.000000 0.408000 0.408000 0.408000 0.000000 0.000000 0.000000 -41378.823174 20.310853
300.000000 0.410000 0.410000 0.410000 0.000000 0.000000 0.000000 -41314.093522 14.880708
300.000000 0.412000 0.412000 0.412000 0.000000 0.000000 0.000000 -41315.320902 14.599666
300.000000 0.414000 0.414000 0.414000 0.000000 0.000000 0.000000 -41266.088196 10.037017
300.000000 0.416000 0.416000 0.416000 0.000000 0.000000 0.000000 -41230.026188 0.631917
300.000000 0.418000 0.418000 0.418000 0.000000 0.000000 0.000000 -41154.040248 4.982027
300.000000 0.420000 0.420000 0.420000 0.000000 0.000000 0.000000 -41175.849223 0.697443
300.000000 0.422000 0.422000 0.422000 0.000000 0.000000 0.000000 -41138.037704 10.852058
300.000000 0.424000 0.424000 0.424000 0.000000 0.000000 0.000000 -41134.067620 6.338768
300.000000 0.426000 0.426000 0.426000 0.000000 0.000000 0.000000 -41212.274347 22.375821
300.000000 0.428000 0.428000 0.428000 0.000000 0.000000 0.000000 -41073.747901 3.326795
300.000000 0.430000 0.430000 0.430000 0.000000 0.000000 0.000000 -41302.452731 18.699445
300.000000 0.432000 0.432000 0.432000 0.000000 0.000000 0.000000 -41226.845255 12.422760
300.000000 0.434000 0.434000 0.434000 0.000000 0.000000 0.000000 -41326.246654 15.451893
300.000000 0.436000 0.436000 0.436000 0.000000 0.000000 0.000000 -41304.150637 0.010842
300.000000 0.438000 0.438000 0.438000 0.000000 0.000000 0.000000 -41388.333146 3.805318
300.000000 0.440000 0.440000 0.440000 0.000000 0.000000 0.000000 -41323.511077 5.577461
300.000000 0.442000 0.442000 0.442000 0.000000 0.000000 0.000000 -41326.859733 7.573022
300.000000 0.444000 0.444000 0.444000 0.000000 0.000000 0.000000 -41112.637699 0.544405
300.000000 0.446000 0.446000 0.446000 0.000000 0.000000 0.000000 -41078.215866 8.369355
300.000000 0.448000 0.448000 0.448000 0.000000 0.000000 0.000000 -41094.262445 18.908206
300.000000 0.450000 0.450000 0.450000 0.000000 0.000000 0.000000 -41197.449825 7.576826
300.000000 0.452000 0.452000 0.452000 0.000000 0.000000 0.000000 -41192.230908 0.505671
300.000000 0.454000 0.454000 0.454000 0.000000 0.000000 0.000000 -41239.759815 2.448052
300.000000 0.456000 0.456000 0.456000 0.000000 0.000000 0.000000 -41156.342309 4.841744
300.000000 0.458000 0.458000 0.458000 0.000000 0.000000 0.000000 -41252.132109 -0.229735
300.000000 0.460000 0.460000 0.460000 0.000000 0.000000 0.000000 -41359.001675 10.022798
300.000000 0.462000 0.462000 0.462000 0.000000 0.000000 0.000000 -41309.498497 -6.868726
300.000000 0.464000 0.464000 0.464000 0.000000 0.000000 0.000000 -41332.567125 5.432302
300.000000 0.466000 0.466000 0.466000 0.000000 0.000000 0.000000 -41359.291267 9.832307
300.000000 0.468000 0.468000 0.468000 0.000000 0.000000 0.000000 -41274.341658 12.224416
300.000000 0.470000 0.470000 0.470000 0.000000 0.000000 0.000000 -41348.881720 -8.795919
300.000000 0.472000 0.472000 0.472000 0.000000 0.000000 0.000000 -41384.912908 7.951064
300.000000 0.474000 0.474000 0.474000 0.000000 0.000000 0.000000 -41300.814776 8.044915
300.000000 0.476000 0.476000 0.476000 0.000000 0.000000 0.000000 -41278.744419 3.239062
300.000000 0.478000 0.478000 0.478000 0.000000 0.000000 0.000000 -41356.512561 12.487245
300.000000 0.480000 0.480000 0.480000 0.000000 0.000000 0.000000 -41195.203842 -0.799818
300.000000 0.482000 0.482000 0.482000 0.000000 0.000000 0.000000 -41142.366363 9.459224
300.000000 0.484000 0.484000 0.484000 0.000000 0.000000 0.000000 -41067.393796 6.914388
300.000000 0.486000 0.486000 0.486000 0.000000 0.000000 0.000000 -41213.222957 -5.692969
300.000000 0.488000 0.488000 0.488000 0.000000 0.000000 0.000000 -41157.640984 8.350234
300.000000 0.490000 0.490000 0.490000 0.000000 0.000000 0.000000 -41303.239433 3.762870
300.000000 0.492000 0.492000 0.492000 0.000000 0.000000 0.000000 -41292.413968 -9.616538
300.000000 0.494000 0.494000 0.494000 0.000000 0.000000 0.000000 -41114.624827 -7.578591
300.000000 0.496000 0.496000 0.496000 0.000000 0.000000 0.000000 -41255.737313 4.269477
300.000000 0.498000 0.498000 0.498000 0.000000 0.000000 0.000000 -41293.401168 -8.213145
