50.000000 0.500000 0.500000 0.500000 0.000000 0.000000 0.000000 -40160.102271 1.254780
75.000000 0.500000 0.500000 0.500000 0.000000 0.000000 0.000000 -39867.703239 2.091300
100.000000 0.500000 0.500000 0.500000 0.000000 0.000000 0.000000 -39523.903670 0.911209
125.000000 0.500000 0.500000 0.500000 0.000000 0.000000 0.000000 -39070.325362 -3.689651
150.000000 0.500000 0.500000 0.500000 0.000000 0.000000 0.000000 -38563.298792 -7.663121
175.000000 0.500000 0.500000 0.500000 0.000000 0.000000 0.000000 -38005.977444 -7.170172
200.000000 0.500000 0.500000 0.500000 0.000000 0.000000 0.000000 -37333.578583 -8.439890
225.000000 0.500000 0.500000 0.500000 0.000000 0.000000 0.000000 -36427.618573 -8.200884
250.000000 0.500000 0.500000 0.500000 0.000000 0.000000 0.000000 -35265.279660 -9.649857
275.000000 0.500000 0.500000 0.500000 0.000000 0.000000 0.000000 -34072.690504 -5.138623
300.000000 0.500000 0.500000 0.500000 0.000000 0.000000 0.000000 -33614.858612 -4.869742
300.000000 0.500000 0.500000 0.500000 0.000000 0.000000 0.000000 -33907.183026 2.330306
300.000000 0.500000 0.500000 0.500000 0.000000 0.000000 0.000000 -33812.273783 -9.067280
300.000000 0.500000 0.500000 0.500000 0.000000 0.000000 0.000000 -33824.108305 -17.835803
300.000000 0.500000 0.500000 0.500000 0.000000 0.000000 0.000000 -33918.537542 -14.639101
300.000000 0.500000 0.500000 0.500000 0.000000 0.000000 0.000000 -33846.828282 -6.348590
300.000000 0.500000 0.500000 0.500000 0.000000 0.000000 0.000000 -33854.232358 -2.061424
300.000000 0.500000 0.500000 0.500000 0.000000 0.000000 0.000000 -33884.203968 -14.415033
300.000000 0.500000 0.500000 0.500000 0.000000 0.000000 0.000000 -33933.235761 -0.433198
300.000000 0.500000 0.500000 0.500000 0.000000 0.000000 0.000000 -33873.284199 -12.458174
