300.000000 0.500000 0.500000 0.500000 0.000000 0.000000 0.000000 -33850.550062 -10.426625
300.000000 0.500000 0.500000 0.500000 0.000000 0.000000 0.000000 -33833.122191 -12.502988
300.000000 0.500000 0.500000 0.500000 0.000000 0.000000 0.000000 -33764.344789 0.731955
300.000000 0.500000 0.500000 0.500000 0.000000 0.000000 0.000000 -33820.739669 -9.664794
300.000000 0.500000 0.500000 0.500000 0.000000 0.000000 0.000000 -33747.355732 -4.092973
300.000000 0.500000 0.500000 0.500000 0.000000 0.000000 0.000000 -33760.027194 -16.521272
300.000000 0.500000 0.500000 0.500000 0.000000 0.000000 0.000000 -33911.158060 -3.465583
300.000000 0.500000 0.500000 0.500000 0.000000 0.000000 0.000000 -33786.438582 -17.955306
300.000000 0.500000 0.500000 0.500000 0.000000 0.000000 0.000000 -33746.325647 -10.262309
300.000000 0.500000 0.500000 0.500000 0.000000 0.000000 0.000000 -33831.943107 -8.544455
300.000000 0.500000 0.500000 0.500000 0.000000 0.000000 0.000000 -33759.242110 -7.170172
300.000000 0.500000 0.500000 0.500000 0.000000 0.000000 0.000000 -33838.701218 -15.176864
300.000000 0.500000 0.500000 0.500000 0.000000 0.000000 0.000000 -33899.193769 -1.926984
300.000000 0.500000 0.500000 0.500000 0.000000 0.000000 0.000000 -33734.873766 -7.767686
300.000000 0.500000 0.500000 0.500000 0.000000 0.000000 0.000000 -33625.918893 -11.771033
300.000000 0.500000 0.500000 0.500000 0.000000 0.000000 0.000000 -33899.403540 -7.439054
300.000000 0.500000 0.500000 0.500000 0.000000 0.000000 0.000000 -33816.450388 5.258126
300.000000 0.500000 0.500000 0.500000 0.000000 0.000000 0.000000 -33879.252165 1.314532
300.000000 0.500000 0.500000 0.500000 0.000000 0.000000 0.000000 -33860.920524 -4.361855
300.000000 0.500000 0.500000 0.500000 0.000000 0.000000 0.000000 -33772.583018 -1.941922
300.000000 0.500000 0.500000 0.500000 0.000000 0.000000 0.000000 -33878.669297 -11.621654
300.000000 0.500000 0.500000 0.500000 0.000000 0.000000 0.000000 -33817.494419 -7.498805
300.000000 0.500000 0.500000 0.500000 0.000000 0.000000 0.000000 -33923.935093 -4.257290
300.000000 0.500000 0.500000 0.500000 0.000000 0.000000 0.000000 -33937.676376 9.455664
300.000000 0.500000 0.500000 0.500000 0.000000 0.000000 0.000000 -33795.867478 -8.738647
300.000000 0.500000 0.500000 0.500000 0.000000 0.000000 0.000000 -33982.996570 9.425789
300.000000 0.500000 0.500000 0.500000 0.000000 0.000000 0.000000 -33830.408679 -5.915392
300.000000 0.500000 0.500000 0.500000 0.000000 0.000000 0.000000 -33921.846185 -0.956023
300.000000 0.500000 0.500000 0.500000 0.000000 0.000000 0.000000 -33916.454056 -7.618308
300.000000 0.500000 0.500000 0.500000 0.000000 0.000000 0.000000 -33885.981656 -7.379302
