300.000000 0.000000 0.000000 0.000000 0.000000 0.000000 0.000000 -36069.173943 883.129137
300.000000 0.002000 0.002000 0.002000 0.000000 0.000000 0.000000 -36130.595712 895.863495
300.000000 0.004000 0.004000 0.004000 0.000000 0.000000 0.000000 -35956.355667 940.540516
300.000000 0.006000 0.006000 0.006000 0.000000 0.000000 0.000000 -36052.649563 865.418182
300.000000 0.008000 0.008000 0.008000 0.000000 0.000000 0.000000 -36037.106012 875.504107
300.000000 0.010000 0.010000 0.010000 0.000000 0.000000 0.000000 -36213.380445 721.191430
300.000000 0.012000 0.012000 0.012000 0.000000 0.000000 0.000000 -36118.534586 633.403990
300.000000 0.014000 0.014000 0.014000 0.000000 0.000000 0.000000 -36181.737355 723.964880
300.000000 0.016000 0.016000 0.016000 0.000000 0.000000 0.000000 -36159.922338 911.300003
300.000000 0.018000 0.018000 0.018000 0.000000 0.000000 0.000000 -36244.485474 753.038511
300.000000 0.020000 0.020000 0.020000 0.000000 0.000000 0.000000 -36168.193508 750.658441
300.000000 0.022000 0.022000 0.022000 0.000000 0.000000 0.000000 -36116.398801 870.061630
300.000000 0.024000 0.024000 0.024000 0.000000 0.000000 0.000000 -36059.121508 691.578394
300.000000 0.026000 0.026000 0.026000 0.000000 0.000000 0.000000 -35999.786241 188.479986
300.000000 0.028000 0.028000 0.028000 0.000000 0.000000 0.000000 -35973.561154 128.707518
300.000000 0.030000 0.030000 0.030000 0.000000 0.000000 0.000000 -35988.281397 108.552191
300.000000 0.032000 0.032000 0.032000 0.000000 0.000000 0.000000 -36042.829137 59.549838
300.000000 0.034000 0.034000 0.034000 0.000000 0.000000 0.000000 -36077.419630 109.782213
300.000000 0.036000 0.036000 0.036000 0.000000 0.000000 0.000000 -36095.106376 120.077693
300.000000 0.038000 0.038000 0.038000 0.000000 0.000000 0.000000 -36172.769271 161.278479
300.000000 0.040000 0.040000 0.040000 0.000000 0.000000 0.000000 -36231.943850 63.878598
300.000000 0.042000 0.042000 0.042000 0.000000 0.000000 0.000000 -36171.936747 85.588772
300.000000 0.044000 0.044000 0.044000 0.000000 0.000000 0.000000 -36219.573484 74.182158
300.000000 0.046000 0.046000 0.046000 0.000000 0.000000 0.000000 -36068.931509 67.503912
300.000000 0.048000 0.048000 0.048000 0.000000 0.000000 0.000000 -36068.923022 126.586131
300.000000 0.050000 0.050000 0.050000 0.000000 0.000000 0.000000 -36090.123389 47.053243
300.000000 0.052000 0.052000 0.052000 0.000000 0.000000 0.000000 -36262.359328 126.176916
300.000000 0.054000 0.054000 0.054000 0.000000 0.000000 0.000000 -36110.961381 92.730954
300.000000 0.056000 0.056000 0.056000 0.000000 0.000000 0.000000 -36198.976149 126.123454
300.000000 0.058000 0.058000 0.058000 0.000000 0.000000 0.000000 -36088.685295 102.532464
300.000000 0.060000 0.060000 0.060000 0.000000 0.000000 0.000000 -36135.680184 60.069517
300.000000 0.062000 0.062000 0.062000 0.000000 0.000000 0.000000 -36122.608788 79.298622
300.000000 0.064000 0.064000 0.064000 0.000000 0.000000 0.000000 -35992.095155 126.551473
300.000000 0.066000 0.066000 0.066000 0.000000 0.000000 0.000000 -36126.565304 61.252707
300.000000 0.068000 0.068000 0.068000 0.000000 0.000000 0.000000 -36171.705978 66.168868
300.000000 0.070000 0.070000 0.070000 0.000000 0.000000 0.000000 -36223.382006 74.626480
300.000000 0.072000 0.072000 0.072000 0.000000 0.000000 0.000000 -36100.932067 73.122985
300.000000 0.074000 0.074000 0.074000 0.000000 0.000000 0.000000 -36029.748386 88.314322
300.000000 0.076000 0.076000 0.076000 0.000000 0.000000 0.000000 -36238.244808 81.252582
300.000000 0.078000 0.078000 0.078000 0.000000 0.000000 0.000000 -36212.375228 99.090246
300.000000 0.080000 0.080000 0.080000 0.000000 0.000000 0.000000 -36260.114717 62.247053
300.000000 0.082000 0.082000 0.082000 0.000000 0.000000 0.000000 -36133.707924 55.619877
300.000000 0.084000 0.084000 0.084000 0.000000 0.000000 0.000000 -36059.864952 61.358365
300.000000 0.086000 0.086000 0.086000 0.000000 0.000000 0.000000 -36018.667181 63.037159
300.000000 0.088000 0.088000 0.088000 0.000000 0.000000 0.000000 -36112.270465 68.319878
300.000000 0.090000 0.090000 0.090000 0.000000 0.000000 0.000000 -36049.244897 75.151779
300.000000 0.092000 0.092000 0.092000 0.000000 0.000000 0.000000 -36093.160909 79.444063
300.000000 0.094000 0.094000 0.094000 0.000000 0.000000 0.000000 -36050.254207 90.875284
300.000000 0.096000 0.096000 0.096000 0.000000 0.000000 0.000000 -36032.262745 50.556506
300.000000 0.098000 0.098000 0.098000 0.000000 0.000000 0.000000 -36174.182111 57.282002
300.000000 0.100000 0.100000 0.100000 0.000000 0.000000 0.000000 -36134.247389 89.631172
300.000000 0.102000 0.102000 0.102000 0.000000 0.000000 0.000000 -36316.216940 29.863800
300.000000 0.104000 0.104000 0.104000 0.000000 0.000000 0.000000 -36267.360099 44.412951
300.000000 0.106000 0.106000 0.106000 0.000000 0.000000 0.000000 -36215.970819 97.125664
300.000000 0.108000 0.108000 0.108000 0.000000 0.000000 0.000000 -36151.261919 46.743856
300.000000 0.110000 0.110000 0.110000 0.000000 0.000000 0.000000 -36110.567950 57.794374
300.000000 0.112000 0.112000 0.112000 0.000000 0.000000 0.000000 -36200.174299 59.793759
300.000000 0.114000 0.114000 0.114000 0.000000 0.000000 0.000000 -36103.961038 22.367882
300.000000 0.116000 0.116000 0.116000 0.000000 0.000000 0.000000 -36103.156544 33.831903
300.000000 0.118000 0.118000 0.118000 0.000000 0.000000 0.000000 -35987.077287 22.404516
300.000000 0.120000 0.120000 0.120000 0.000000 0.000000 0.000000 -36088.334212 61.531238
300.000000 0.122000 0.122000 0.122000 0.000000 0.000000 0.000000 -36116.082579 50.850302
300.000000 0.124000 0.124000 0.124000 0.000000 0.000000 0.000000 -36007.660318 21.287373
300.000000 0.126000 0.126000 0.126000 0.000000 0.000000 0.000000 -36079.908710 67.953841
300.000000 0.128000 0.128000 0.128000 0.000000 0.000000 0.000000 -36206.022822 36.498877
300.000000 0.130000 0.130000 0.130000 0.000000 0.000000 0.000000 -36086.166195 63.936066
300.000000 0.132000 0.132000 0.132000 0.000000 0.000000 0.000000 -36231.872389 52.642081
300.000000 0.134000 0.134000 0.134000 0.000000 0.000000 0.000000 -36224.324642 63.351084
300.000000 0.136000 0.136000 0.136000 0.000000 0.000000 0.000000 -36176.035435 39.132807
300.000000 0.138000 0.138000 0.138000 0.000000 0.000000 0.000000 -36167.395997 44.631301
300.000000 0.140000 0.140000 0.140000 0.000000 0.000000 0.000000 -36234.232080 18.687400
300.000000 0.142000 0.142000 0.142000 0.000000 0.000000 0.000000 -36163.357165 24.177649
300.000000 0.144000 0.144000 0.144000 0.000000 0.000000 0.000000 -36186.119889 45.978564
300.000000 0.146000 0.146000 0.146000 0.000000 0.000000 0.000000 -36229.901896 45.933769
300.000000 0.148000 0.148000 0.148000 0.000000 0.000000 0.000000 -36248.140743 8.001614
300.000000 0.150000 0.150000 0.150000 0.000000 0.000000 0.000000 -35982.423589 45.060242
300.000000 0.152000 0.152000 0.152000 0.000000 0.000000 0.000000 -36160.711454 30.125799
300.000000 0.154000 0.154000 0.154000 0.000000 0.000000 0.000000 -36171.699696 30.799458
300.000000 0.156000 0.156000 0.156000 0.000000 0.000000 0.000000 -36026.548228 67.433409
300.000000 0.158000 0.158000 0.158000 0.000000 0.000000 0.000000 -36062.116507 40.613242
300.000000 0.160000 0.160000 0.160000 0.000000 0.000000 0.000000 -36207.682373 38.899400
300.000000 0.162000 0.162000 0.162000 0.000000 0.000000 0.000000 -36271.040901 42.972651
300.000000 0.164000 0.164000 0.164000 0.000000 0.000000 0.000000 -36147.426016 47.946006
300.000000 0.166000 0.166000 0.166000 0.000000 0.000000 0.000000 -36194.434890 27.459767
300.000000 0.168000 0.168000 0.168000 0.000000 0.000000 0.000000 -36122.602629 44.532890
300.000000 0.170000 0.170000 0.170000 0.000000 0.000000 0.000000 -36123.656512 28.762514
300.000000 0.172000 0.172000 0.172000 0.000000 0.000000 0.000000 -36105.344485 61.170220
300.000000 0.174000 0.174000 0.174000 0.000000 0.000000 0.000000 -35908.282495 29.550409
300.000000 0.176000 0.176000 0.176000 0.000000 0.000000 0.000000 -36049.252361 18.862499
300.000000 0.178000 0.178000 0.178000 0.000000 0.000000 0.000000 -36081.760607 42.821765
300.000000 0.180000 0.180000 0.180000 0.000000 0.000000 0.000000 -36003.961159 27.932751
300.000000 0.182000 0.182000 0.182000 0.000000 0.000000 0.000000 -36137.535688 27.205821
300.000000 0.184000 0.184000 0.184000 0.000000 0.000000 0.000000 -35937.538825 20.514324
300.000000 0.186000 0.186000 0.186000 0.000000 0.000000 0.000000 -36089.258699 22.462630
300.000000 0.188000 0.188000 0.188000 0.000000 0.000000 0.000000 -36040.455238 28.923539
300.000000 0.190000 0.190000 0.190000 0.000000 0.000000 0.000000 -35960.985564 43.147675
300.000000 0.192000 0.192000 0.192000 0.000000 0.000000 0.000000 -36074.215050 20.095601
300.000000 0.194000 0.194000 0.194000 0.000000 0.000000 0.000000 -36000.491033 23.125147
300.000000 0.196000 0.196000 0.196000 0.000000 0.000000 0.000000 -36137.074007 39.176754
300.000000 0.198000 0.198000 0.198000 0.000000 0.000000 0.000000 -36196.135744 30.596756
300.000000 0.200000 0.200000 0.200000 0.000000 0.000000 0.000000 -36077.610507 25.306296
300.000000 0.202000 0.202000 0.202000 0.000000 0.000000 0.000000 -36019.537789 23.544692
300.000000 0.204000 0.204000 0.204000 0.000000 0.000000 0.000000 -36138.923748 21.487370
300.000000 0.206000 0.206000 0.206000 0.000000 0.000000 0.000000 -36171.930427 45.409771
300.000000 0.208000 0.208000 0.208000 0.000000 0.000000 0.000000 -36098.312745 32.374926
300.000000 0.210000 0.210000 0.210000 0.000000 0.000000 0.000000 -36133.605120 18.875322
300.000000 0.212000 0.212000 0.212000 0.000000 0.000000 0.000000 -36032.078682 29.231949
300.000000 0.214000 0.214000 0.214000 0.000000 0.000000 0.000000 -35981.776050 22.095577
300.000000 0.216000 0.216000 0.216000 0.000000 0.000000 0.000000 -36016.282348 32.833548
300.000000 0.218000 0.218000 0.218000 0.000000 0.000000 0.000000 -35795.735325 41.109907
300.000000 0.220000 0.220000 0.220000 0.000000 0.000000 0.000000 -35815.205317 38.865917
300.000000 0.222000 0.222000 0.222000 0.000000 0.000000 0.000000 -36008.412128 32.068437
300.000000 0.224000 0.224000 0.224000 0.000000 0.000000 0.000000 -36029.255020 18.756791
300.000000 0.226000 0.226000 0.226000 0.000000 0.000000 0.000000 -36004.821050 30.623851
300.000000 0.228000 0.228000 0.228000 0.000000 0.000000 0.000000 -35910.036969 20.659711
300.000000 0.230000 0.230000 0.230000 0.000000 0.000000 0.000000 -36143.208705 17.066241
300.000000 0.232000 0.232000 0.232000 0.000000 0.000000 0.000000 -36118.356103 25.478862
300.000000 0.234000 0.234000 0.234000 0.000000 0.000000 0.000000 -36160.320717 24.578565
300.000000 0.236000 0.236000 0.236000 0.000000 0.000000 0.000000 -36062.137429 18.104360
300.000000 0.238000 0.238000 0.238000 0.000000 0.000000 0.000000 -36001.497270 25.752459
300.000000 0.240000 0.240000 0.240000 0.000000 0.000000 0.000000 -35943.867051 8.769800
300.000000 0.242000 0.242000 0.242000 0.000000 0.000000 0.000000 -35989.967848 49.345293
300.000000 0.244000 0.244000 0.244000 0.000000 0.000000 0.000000 -35880.902262 27.041606
300.000000 0.246000 0.246000 0.246000 0.000000 0.000000 0.000000 -36026.796480 18.192131
300.000000 0.248000 0.248000 0.248000 0.000000 0.000000 0.000000 -36006.404482 17.646619
300.000000 0.250000 0.250000 0.250000 0.000000 0.000000 0.000000 -35935.102894 24.026286
300.000000 0.252000 0.252000 0.252000 0.000000 0.000000 0.000000 -35911.895839 3.474852
300.000000 0.254000 0.254000 0.254000 0.000000 0.000000 0.000000 -35976.625778 11.305954
300.000000 0.256000 0.256000 0.256000 0.000000 0.000000 0.000000 -36113.324384 24.889915
300.000000 0.258000 0.258000 0.258000 0.000000 0.000000 0.000000 -36006.447366 10.234719
300.000000 0.260000 0.260000 0.260000 0.000000 0.000000 0.000000 -35978.974277 31.340439
300.000000 0.262000 0.262000 0.262000 0.000000 0.000000 0.000000 -35947.268436 33.120831
300.000000 0.264000 0.264000 0.264000 0.000000 0.000000 0.000000 -36038.959295 30.716586
300.000000 0.266000 0.266000 0.266000 0.000000 0.000000 0.000000 -35917.978848 19.796026
300.000000 0.268000 0.268000 0.268000 0.000000 0.000000 0.000000 -36050.498784 4.007515
300.000000 0.270000 0.270000 0.270000 0.000000 0.000000 0.000000 -36172.879444 24.536099
300.000000 0.272000 0.272000 0.272000 0.000000 0.000000 0.000000 -36147.000468 25.634738
300.000000 0.274000 0.274000 0.274000 0.000000 0.000000 0.000000 -36142.257924 28.905571
300.000000 0.276000 0.276000 0.276000 0.000000 0.000000 0.000000 -36154.399285 26.547713
300.000000 0.278000 0.278000 0.278000 0.000000 0.000000 0.000000 -36221.808470 16.608867
300.000000 0.280000 0.280000 0.280000 0.000000 0.000000 0.000000 -36275.381867 23.941054
300.000000 0.282000 0.282000 0.282000 0.000000 0.000000 0.000000 -36146.406880 16.344936
300.000000 0.284000 0.284000 0.284000 0.000000 0.000000 0.000000 -36076.959566 24.798938
300.000000 0.286000 0.286000 0.286000 0.000000 0.000000 0.000000 -36045.980172 12.291297
300.000000 0.288000 0.288000 0.288000 0.000000 0.000000 0.000000 -36157.116314 22.169762
300.000000 0.290000 0.290000 0.290000 0.000000 0.000000 0.000000 -35991.418039 32.146101
300.000000 0.292000 0.292000 0.292000 0.000000 0.000000 0.000000 -36105.104860 26.999671
300.000000 0.294000 0.294000 0.294000 0.000000 0.000000 0.000000 -36053.120150 12.124462
300.000000 0.296000 0.296000 0.296000 0.000000 0.000000 0.000000 -36025.033743 5.287250
300.000000 0.298000 0.298000 0.298000 0.000000 0.000000 0.000000 -36059.428421 14.247558
300.000000 0.300000 0.300000 0.300000 0.000000 0.000000 0.000000 -35997.210354 20.136222
300.000000 0.302000 0.302000 0.302000 0.000000 0.000000 0.000000 -36041.741685 19.281425
300.000000 0.304000 0.304000 0.304000 0.000000 0.000000 0.000000 -36193.440771 17.889907
300.000000 0.306000 0.306000 0.306000 0.000000 0.000000 0.000000 -36072.120708 11.408920
300.000000 0.308000 0.308000 0.308000 0.000000 0.000000 0.000000 -36104.246415 27.663264
300.000000 0.310000 0.310000 0.310000 0.000000 0.000000 0.000000 -36161.636990 10.934035
300.000000 0.312000 0.312000 0.312000 0.000000 0.000000 0.000000 -36188.805086 22.838327
300.000000 0.314000 0.314000 0.314000 0.000000 0.000000 0.000000 -36192.923150 13.127926
300.000000 0.316000 0.316000 0.316000 0.000000 0.000000 0.000000 -36214.528386 20.144339
300.000000 0.318000 0.318000 0.318000 0.000000 0.000000 0.000000 -36182.166140 22.912061
300.000000 0.320000 0.320000 0.320000 0.000000 0.000000 0.000000 -36283.131977 23.511620
300.000000 0.322000 0.322000 0.322000 0.000000 0.000000 0.000000 -36185.708941 12.210152
300.000000 0.324000 0.324000 0.324000 0.000000 0.000000 0.000000 -36130.098032 13.398587
300.000000 0.326000 0.326000 0.326000 0.000000 0.000000 0.000000 -36041.552352 13.643319
300.000000 0.328000 0.328000 0.328000 0.000000 0.000000 0.000000 -36107.139590 20.975938
300.000000 0.330000 0.330000 0.330000 0.000000 0.000000 0.000000 -36192.083618 8.244532
300.000000 0.332000 0.332000 0.332000 0.000000 0.000000 0.000000 -36035.349655 5.079368
300.000000 0.334000 0.334000 0.334000 0.000000 0.000000 0.000000 -36063.291848 11.904840
300.000000 0.336000 0.336000 0.336000 0.000000 0.000000 0.000000 -36032.601955 9.247916
300.000000 0.338000 0.338000 0.338000 0.000000 0.000000 0.000000 -36084.675934 7.162723
300.000000 0.340000 0.340000 0.340000 0.000000 0.000000 0.000000 -35828.014182 10.693151
300.000000 0.342000 0.342000 0.342000 0.000000 0.000000 0.000000 -35938.956128 11.936900
300.000000 0.344000 0.344000 0.344000 0.000000 0.000000 0.000000 -35986.095758 19.471709
300.000000 0.346000 0.346000 0.346000 0.000000 0.000000 0.000000 -36025.133852 8.790170
300.000000 0.348000 0.348000 0.348000 0.000000 0.000000 0.000000 -35929.483111 1.391316
300.000000 0.350000 0.350000 0.350000 0.000000 0.000000 0.000000 -35914.470898 6.551025
300.000000 0.352000 0.352000 0.352000 0.000000 0.000000 0.000000 -35783.598872 25.157023
300.000000 0.354000 0.354000 0.354000 0.000000 0.000000 0.000000 -35833.188814 18.001547
300.000000 0.356000 0.356000 0.356000 0.000000 0.000000 0.000000 -35890.389345 0.045698
300.000000 0.358000 0.358000 0.358000 0.000000 0.000000 0.000000 -35915.742583 7.283036
300.000000 0.360000 0.360000 0.360000 0.000000 0.000000 0.000000 -36030.075502 7.846508
300.000000 0.362000 0.362000 0.362000 0.000000 0.000000 0.000000 -36017.146000 -1.071614
300.000000 0.364000 0.364000 0.364000 0.000000 0.000000 0.000000 -36048.988013 4.147387
300.000000 0.366000 0.366000 0.366000 0.000000 0.000000 0.000000 -35849.690941 10.291182
300.000000 0.368000 0.368000 0.368000 0.000000 0.000000 0.000000 -36021.110410 1.845636
300.000000 0.370000 0.370000 0.370000 0.000000 0.000000 0.000000 -36028.375525 6.446225
300.000000 0.372000 0.372000 0.372000 0.000000 0.000000 0.000000 -36141.983096 18.830634
300.000000 0.374000 0.374000 0.374000 0.000000 0.000000 0.000000 -36039.521971 5.944910
300.000000 0.376000 0.376000 0.376000 0.000000 0.000000 0.000000 -35998.268904 9.933991
300.000000 0.378000 0.378000 0.378000 0.000000 0.000000 0.000000 -36061.845894 14.422766
300.000000 0.380000 0.380000 0.380000 0.000000 0.000000 0.000000 -36031.388585 16.330558
300.000000 0.382000 0.382000 0.382000 0.000000 0.000000 0.000000 -36029.891379 6.997504
300.000000 0.384000 0.384000 0.384000 0.000000 0.000000 0.000000 -36029.505023 11.285972
300.000000 0.386000 0.386000 0.386000 0.000000 0.000000 0.000000 -36108.719770 27.069624
300.000000 0.388000 0.388000 0.388000 0.000000 0.000000 0.000000 -36096.894344 11.029515
300.000000 0.390000 0.390000 0.390000 0.000000 0.000000 0.000000 -36092.887986 2.491547
300.000000 0.392000 0.392000 0.392000 0.000000 0.000000 0.000000 -36110.061427 2.153434
300.000000 0.394000 0.394000 0.394000 0.000000 0.000000 0.000000 -36101.940348 10.433414
300.000000 0.396000 0.396000 0.396000 0.000000 0.000000 0.000000 -36129.931728 -7.850550
300.000000 0.398000 0.398000 0.398000 0.000000 0.000000 0.000000 -36050.863875 16.241683
300.000000 0.400000 0.400000 0.400000 0.000000 0.000000 0.000000 -35893.751945 12.438967
300.000000 0.402000 0.402000 0.402000 0.000000 0.000000 0.000000 -35983.607532 -5.631309
300.000000 0.404000 0.404000 0.404000 0.000000 0.000000 0.000000 -36028.884404 24.957927
300.000000 0.406000 0.406000 0.406000 0.000000 0.000000 0.000000 -36056.837457 10.884800
300.000000 0.408000 0.408000 0.408000 0.000000 0.000000 0.000000 -36148.703708 -6.848400
300.000000 0.410000 0.410000 0.410000 0.000000 0.000000 0.000000 -36081.490791 1.172965
300.000000 0.412000 0.412000 0.412000 0.000000 0.000000 0.000000 -36034.008214 -0.182206
300.000000 0.414000 0.414000 0.414000 0.000000 0.000000 0.000000 -35992.978995 9.124054
300.000000 0.416000 0.416000 0.416000 0.000000 0.000000 0.000000 -36069.024195 -2.678658
300.000000 0.418000 0.418000 0.418000 0.000000 0.000000 0.000000 -36046.317121 -0.026915
300.000000 0.420000 0.420000 0.420000 0.000000 0.000000 0.000000 -36086.007261 11.112360
300.000000 0.422000 0.422000 0.422000 0.000000 0.000000 0.000000 -36149.121690 4.093045
300.000000 0.424000 0.424000 0.424000 0.000000 0.000000 0.000000 -36071.998302 10.247968
300.000000 0.426000 0.426000 0.426000 0.000000 0.000000 0.000000 -36088.209029 0.106148
300.000000 0.428000 0.428000 0.428000 0.000000 0.000000 0.000000 -35954.450846 -1.553457
300.000000 0.430000 0.430000 0.430000 0.000000 0.000000 0.000000 -36042.539239 5.742632
300.000000 0.432000 0.432000 0.432000 0.000000 0.000000 0.000000 -36009.265073 8.515134
300.000000 0.434000 0.434000 0.434000 0.000000 0.000000 0.000000 -36003.098106 4.243574
300.000000 0.436000 0.436000 0.436000 0.000000 0.000000 0.000000 -36015.693329 1.230400
300.000000 0.438000 0.438000 0.438000 0.000000 0.000000 0.000000 -36103.467023 5.889668
300.000000 0.440000 0.440000 0.440000 0.000000 0.000000 0.000000 -36166.682241 11.919785
300.000000 0.442000 0.442000 0.442000 0.000000 0.000000 0.000000 -36159.159557 2.588016
300.000000 0.444000 0.444000 0.444000 0.000000 0.000000 0.000000 -36354.178195 11.930368
300.000000 0.446000 0.446000 0.446000 0.000000 0.000000 0.000000 -36066.425776 6.102725
300.000000 0.448000 0.448000 0.448000 0.000000 0.000000 0.000000 -36257.820849 11.464786
300.000000 0.450000 0.450000 0.450000 0.000000 0.000000 0.000000 -36003.980376 5.733165
300.000000 0.452000 0.452000 0.452000 0.000000 0.000000 0.000000 -36092.780711 -2.662286
300.000000 0.454000 0.454000 0.454000 0.000000 0.000000 0.000000 -36115.673145 11.787362
300.000000 0.456000 0.456000 0.456000 0.000000 0.000000 0.000000 -36021.365231 15.969965
300.000000 0.458000 0.458000 0.458000 0.000000 0.000000 0.000000 -35987.348391 12.056221
300.000000 0.460000 0.460000 0.460000 0.000000 0.000000 0.000000 -36082.120904 10.314587
300.000000 0.462000 0.462000 0.462000 0.000000 0.000000 0.000000 -36042.470153 11.202622
300.000000 0.464000 0.464000 0.464000 0.000000 0.000000 0.000000 -36036.281683 -1.755137
300.000000 0.466000 0.466000 0.466000 0.000000 0.000000 0.000000 -36167.915999 0.334559
300.000000 0.468000 0.468000 0.468000 0.000000 0.000000 0.000000 -36155.066763 6.229709
300.000000 0.470000 0.470000 0.470000 0.000000 0.000000 0.000000 -36028.040872 3.849887
300.000000 0.472000 0.472000 0.472000 0.000000 0.000000 0.000000 -36007.983006 4.537452
300.000000 0.474000 0.474000 0.474000 0.000000 0.000000 0.000000 -36025.990348 0.630679
300.000000 0.476000 0.476000 0.476000 0.000000 0.000000 0.000000 -36097.195610 -13.965685
300.000000 0.478000 0.478000 0.478000 0.000000 0.000000 0.000000 -36184.250791 12.614843
300.000000 0.480000 0.480000 0.480000 0.000000 0.000000 0.000000 -36190.510074 5.138469
300.000000 0.482000 0.482000 0.482000 0.000000 0.000000 0.000000 -36140.833301 13.727992
300.000000 0.484000 0.484000 0.484000 0.000000 0.000000 0.000000 -36280.895160 -7.143202
300.000000 0.486000 0.486000 0.486000 0.000000 0.000000 0.000000 -36174.442067 -4.120732
300.000000 0.488000 0.488000 0.488000 0.000000 0.000000 0.000000 -36087.366169 0.015351
300.000000 0.490000 0.490000 0.490000 0.000000 0.000000 0.000000 -36065.324099 2.041310
300.000000 0.492000 0.492000 0.492000 0.000000 0.000000 0.000000 -36165.569689 4.149463
300.000000 0.494000 0.494000 0.494000 0.000000 0.000000 0.000000 -36088.970490 2.313811
300.000000 0.496000 0.496000 0.496000 0.000000 0.000000 0.000000 -36118.700964 3.688954
300.000000 0.498000 0.498000 0.498000 0.000000 0.000000 0.000000 -36289.877188 5.786738
