300.000000 0.500000 0.500000 0.500000 0.000000 0.000000 0.000000 -34297.006687 14.564412
300.000000 0.500000 0.500000 0.500000 0.000000 0.000000 0.000000 -34306.100546 -3.166826
300.000000 0.500000 0.500000 0.500000 0.000000 0.000000 0.000000 -34521.033559 3.405832
300.000000 0.500000 0.500000 0.500000 0.000000 0.000000 0.000000 -34465.433434 18.194312
300.000000 0.500000 0.500000 0.500000 0.000000 0.000000 0.000000 -34402.852428 14.250717
300.000000 0.500000 0.500000 0.500000 0.000000 0.000000 0.000000 -34278.361395 -7.707935
300.000000 0.500000 0.500000 0.500000 0.000000 0.000000 0.000000 -34305.054240 -10.053179
300.000000 0.500000 0.500000 0.500000 0.000000 0.000000 0.000000 -34406.005192 -13.488886
300.000000 0.500000 0.500000 0.500000 0.000000 0.000000 0.000000 -34364.731189 -15.146989
300.000000 0.500000 0.500000 0.500000 0.000000 0.000000 0.000000 -34487.565520 9.082218
300.000000 0.500000 0.500000 0.500000 0.000000 0.000000 0.000000 -34346.708546 -0.134441
300.000000 0.500000 0.500000 0.500000 0.000000 0.000000 0.000000 -34379.853392 12.398423
300.000000 0.500000 0.500000 0.500000 0.000000 0.000000 0.000000 -34436.515651 -0.956023
300.000000 0.500000 0.500000 0.500000 0.000000 0.000000 0.000000 -34392.665961 -25.319670
300.000000 0.500000 0.500000 0.500000 0.000000 0.000000 0.000000 -34473.240945 -26.574450
300.000000 0.500000 0.500000 0.500000 0.000000 0.000000 0.000000 -34513.576679 -6.841539
300.000000 0.500000 0.500000 0.500000 0.000000 0.000000 0.000000 -34482.541265 2.240679
300.000000 0.500000 0.500000 0.500000 0.000000 0.000000 0.000000 -34386.626355 -7.155234
300.000000 0.500000 0.500000 0.500000 0.000000 0.000000 0.000000 -34492.701518 -10.695507
300.000000 0.500000 0.500000 0.500000 0.000000 0.000000 0.000000 -34592.158071 4.317041
300.000000 0.500000 0.500000 0.500000 0.000000 0.000000 0.000000 -34552.039549 -22.257409
300.000000 0.500000 0.500000 0.500000 0.000000 0.000000 0.000000 -34363.075479 -4.630736
300.000000 0.500000 0.500000 0.500000 0.000000 0.000000 0.000000 -34480.726271 -14.340344
300.000000 0.500000 0.500000 0.500000 0.000000 0.000000 0.000000 -34436.839295 26.335445
300.000000 0.500000 0.500000 0.500000 0.000000 0.000000 0.000000 -34498.755114 -8.619144
300.000000 0.500000 0.500000 0.500000 0.000000 0.000000 0.000000 -34595.235547 -6.019957
300.000000 0.500000 0.500000 0.500000 0.000000 0.000000 0.000000 -34529.395929 15.296367
300.000000 0.500000 0.500000 0.500000 0.000000 0.000000 0.000000 -34509.942169 19.897228
300.000000 0.500000 0.500000 0.500000 0.000000 0.000000 0.000000 -34529.133204 -0.970961
300.000000 0.500000 0.500000 0.500000 0.000000 0.000000 0.000000 -34366.131905 1.463910
