50.000000 0.500000 0.500000 0.500000 0.000000 0.000000 0.000000 -40700.246686 -8.634082
58.333333 0.500000 0.500000 0.500000 0.000000 0.000000 0.000000 -40693.304411 2.494622
66.666667 0.500000 0.500000 0.500000 0.000000 0.000000 0.000000 -40660.394507 -7.707935
75.000000 0.500000 0.500000 0.500000 0.000000 0.000000 0.000000 -40568.020621 -8.917902
83.333333 0.500000 0.500000 0.500000 0.000000 0.000000 0.000000 -40523.189971 -19.897228
91.666667 0.500000 0.500000 0.500000 0.000000 0.000000 0.000000 -40425.999551 -16.745339
100.000000 0.500000 0.500000 0.500000 0.000000 0.000000 0.000000 -40327.286455 -17.462357
108.333333 0.500000 0.500000 0.500000 0.000000 0.000000 0.000000 -40165.644837 -7.722873
116.666667 0.500000 0.500000 0.500000 0.000000 0.000000 0.000000 -39988.599631 -15.042424
125.000000 0.500000 0.500000 0.500000 0.000000 0.000000 0.000000 -39832.747446 -15.341181
133.333333 0.500000 0.500000 0.500000 0.000000 0.000000 0.000000 -39740.348731 -2.718690
141.666667 0.500000 0.500000 0.500000 0.000000 0.000000 0.000000 -39513.078521 2.345244
150.000000 0.500000 0.500000 0.500000 0.000000 0.000000 0.000000 -39398.023371 2.479685
158.333333 0.500000 0.500000 0.500000 0.000000 0.000000 0.000000 -39184.401302 -6.273901
166.666667 0.500000 0.500000 0.500000 0.000000 0.000000 0.000000 -39013.643228 2.270554
175.000000 0.500000 0.500000 0.500000 0.000000 0.000000 0.000000 -38806.661022 1.867232
183.333333 0.500000 0.500000 0.500000 0.000000 0.000000 0.000000 -38610.342098 7.827438
191.666667 0.500000 0.500000 0.500000 0.000000 0.000000 0.000000 -38375.714555 -14.758604
200.000000 0.500000 0.500000 0.500000 0.000000 0.000000 0.000000 -38180.163618 -8.215822
208.333333 0.500000 0.500000 0.500000 0.000000 0.000000 0.000000 -37817.342510 -8.529517
216.666667 0.500000 0.500000 0.500000 0.000000 0.000000 0.000000 -37586.989265 3.644837
225.000000 0.500000 0.500000 0.500000 0.000000 0.000000 0.000000 -37253.104000 10.456501
233.333333 0.500000 0.500000 0.500000 0.000000 0.000000 0.000000 -36911.919066 13.100502
241.666667 0.500000 0.500000 0.500000 0.000000 0.000000 0.000000 -36534.649898 5.078872
250.000000 0.500000 0.500000 0.500000 0.000000 0.000000 0.000000 -36079.729131 -3.883843
258.333333 0.500000 0.500000 0.500000 0.000000 0.000000 0.000000 -35650.384574 -1.374283
266.666667 0.500000 0.500000 0.500000 0.000000 0.000000 0.000000 -35410.562741 -7.872251
275.000000 0.500000 0.500000 0.500000 0.000000 0.000000 0.000000 -34884.748283 -10.053179
283.333333 0.500000 0.500000 0.500000 0.000000 0.000000 0.000000 -34512.282905 -16.222514
291.666667 0.500000 0.500000 0.500000 0.000000 0.000000 0.000000 -34112.562967 9.933676
300.000000 0.500000 0.500000 0.500000 0.000000 0.000000 0.000000 -34120.378203 -26.051625
300.000000 0.500000 0.500000 0.500000 0.000000 0.000000 0.000000 -34181.738080 -8.126195
300.000000 0.500000 0.500000 0.500000 0.000000 0.000000 0.000000 -34384.454860 2.718690
300.000000 0.500000 0.500000 0.500000 0.000000 0.000000 0.000000 -34561.617894 15.475621
300.000000 0.500000 0.500000 0.500000 0.000000 0.000000 0.000000 -34432.580839 -2.121176
300.000000 0.500000 0.500000 0.500000 0.000000 0.000000 0.000000 -34426.275038 -5.078872
300.000000 0.500000 0.500000 0.500000 0.000000 0.000000 0.000000 -34370.695304 -5.870578
300.000000 0.500000 0.500000 0.500000 0.000000 0.000000 0.000000 -34450.727932 -9.739484
300.000000 0.500000 0.500000 0.500000 0.000000 0.000000 0.000000 -34390.867193 1.553537
300.000000 0.500000 0.500000 0.500000 0.000000 0.000000 0.000000 -34440.907087 -13.787643
300.000000 0.500000 0.500000 0.500000 0.000000 0.000000 0.000000 -34396.196015 -0.044814
300.000000 0.500000 0.500000 0.500000 0.000000 0.000000 0.000000 -34579.159217 18.224187
300.000000 0.500000 0.500000 0.500000 0.000000 0.000000 0.000000 -34453.771185 9.545292
300.000000 0.500000 0.500000 0.500000 0.000000 0.000000 0.000000 -34585.276626 -10.172682
300.000000 0.500000 0.500000 0.500000 0.000000 0.000000 0.000000 -34491.168562 24.288958
300.000000 0.500000 0.500000 0.500000 0.000000 0.000000 0.000000 -34465.721856 2.972634
300.000000 0.500000 0.500000 0.500000 0.000000 0.000000 0.000000 -34485.886495 -2.987572
300.000000 0.500000 0.500000 0.500000 0.000000 0.000000 0.000000 -34600.877202 -9.231597
300.000000 0.500000 0.500000 0.500000 0.000000 0.000000 0.000000 -34499.127773 6.886353
300.000000 0.500000 0.500000 0.500000 0.000000 0.000000 0.000000 -34451.021415 -4.167663
300.000000 0.500000 0.500000 0.500000 0.000000 0.000000 0.000000 -34368.170565 -4.257290
300.000000 0.500000 0.500000 0.500000 0.000000 0.000000 0.000000 -34650.816102 35.178657
300.000000 0.500000 0.500000 0.500000 0.000000 0.000000 0.000000 -34533.304486 -9.395913
300.000000 0.500000 0.500000 0.500000 0.000000 0.000000 0.000000 -34587.185270 -8.290511
300.000000 0.500000 0.500000 0.500000 0.000000 0.000000 0.000000 -34536.055681 -2.569312
300.000000 0.500000 0.500000 0.500000 0.000000 0.000000 0.000000 -34352.442513 -21.794336
300.000000 0.500000 0.500000 0.500000 0.000000 0.000000 0.000000 -34461.418371 -8.275574
300.000000 0.500000 0.500000 0.500000 0.000000 0.000000 0.000000 -34534.365138 4.406668
300.000000 0.500000 0.500000 0.500000 0.000000 0.000000 0.000000 -34577.077303 5.556883
300.000000 0.500000 0.500000 0.500000 0.000000 0.000000 0.000000 -34483.072696 9.022467
