300.000000 0.000000 0.000000 0.000000 0.000000 0.000000 0.000000 -34050.106992 758.686008
300.000000 0.002000 0.002000 0.002000 0.000000 0.000000 0.000000 -34187.789775 825.773153
300.000000 0.004000 0.004000 0.004000 0.000000 0.000000 0.000000 -34247.971746 857.847484
300.000000 0.006000 0.006000 0.006000 0.000000 0.000000 0.000000 -34133.760627 909.347274
300.000000 0.008000 0.008000 0.008000 0.000000 0.000000 0.000000 -34106.667739 925.261601
300.000000 0.010000 0.010000 0.010000 0.000000 0.000000 0.000000 -34105.962821 908.270901
300.000000 0.012000 0.012000 0.012000 0.000000 0.000000 0.000000 -34169.274296 825.124516
300.000000 0.014000 0.014000 0.014000 0.000000 0.000000 0.000000 -34168.083114 749.880871
300.000000 0.016000 0.016000 0.016000 0.000000 0.000000 0.000000 -34232.131883 804.901111
300.000000 0.018000 0.018000 0.018000 0.000000 0.000000 0.000000 -34143.913844 821.984331
300.000000 0.020000 0.020000 0.020000 0.000000 0.000000 0.000000 -34230.498929 956.564406
300.000000 0.022000 0.022000 0.022000 0.000000 0.000000 0.000000 -34041.504773 749.594417
300.000000 0.024000 0.024000 0.024000 0.000000 0.000000 0.000000 -34088.074534 933.344626
300.000000 0.026000 0.026000 0.026000 0.000000 0.000000 0.000000 -33917.484484 762.915162
300.000000 0.028000 0.028000 0.028000 0.000000 0.000000 0.000000 -33978.113965 794.597160
300.000000 0.030000 0.030000 0.030000 0.000000 0.000000 0.000000 -34090.805881 741.277755
300.000000 0.032000 0.032000 0.032000 0.000000 0.000000 0.000000 -33979.240467 706.663799
300.000000 0.034000 0.034000 0.034000 0.000000 0.000000 0.000000 -33897.553323 695.695194
300.000000 0.036000 0.036000 0.036000 0.000000 0.000000 0.000000 -34145.016751 723.114682
300.000000 0.038000 0.038000 0.038000 0.000000 0.000000 0.000000 -34065.742678 691.468923
300.000000 0.040000 0.040000 0.040000 0.000000 0.000000 0.000000 -34053.423278 162.473714
300.000000 0.042000 0.042000 0.042000 0.000000 0.000000 0.000000 -34060.046934 109.282882
300.000000 0.044000 0.044000 0.044000 0.000000 0.000000 0.000000 -34045.627225 73.536303
300.000000 0.046000 0.046000 0.046000 0.000000 0.000000 0.000000 -34215.966397 77.060611
300.000000 0.048000 0.048000 0.048000 0.000000 0.000000 0.000000 -34086.705887 86.234547
300.000000 0.050000 0.050000 0.050000 0.000000 0.000000 0.000000 -34122.710137 103.699893
300.000000 0.052000 0.052000 0.052000 0.000000 0.000000 0.000000 -34299.268230 92.432744
300.000000 0.054000 0.054000 0.054000 0.000000 0.000000 0.000000 -34167.875243 71.109594
300.000000 0.056000 0.056000 0.056000 0.000000 0.000000 0.000000 -34133.681802 70.653316
300.000000 0.058000 0.058000 0.058000 0.000000 0.000000 0.000000 -34078.361147 81.613231
300.000000 0.060000 0.060000 0.060000 0.000000 0.000000 0.000000 -34099.133061 95.183235
300.000000 0.062000 0.062000 0.062000 0.000000 0.000000 0.000000 -34077.166751 96.991294
300.000000 0.064000 0.064000 0.064000 0.000000 0.000000 0.000000 -34073.227923 84.173504
300.000000 0.066000 0.066000 0.066000 0.000000 0.000000 0.000000 -34294.931386 76.191593
300.000000 0.068000 0.068000 0.068000 0.000000 0.000000 0.000000 -34109.618881 92.070863
300.000000 0.070000 0.070000 0.070000 0.000000 0.000000 0.000000 -34114.410897 76.690233
300.000000 0.072000 0.072000 0.072000 0.000000 0.000000 0.000000 -34160.180001 87.924556
300.000000 0.074000 0.074000 0.074000 0.000000 0.000000 0.000000 -34115.633655 63.892814
300.000000 0.076000 0.076000 0.076000 0.000000 0.000000 0.000000 -34114.590906 56.734635
300.000000 0.078000 0.078000 0.078000 0.000000 0.000000 0.000000 -34180.116497 93.501853
300.000000 0.080000 0.080000 0.080000 0.000000 0.000000 0.000000 -34122.387973 51.812394
300.000000 0.082000 0.082000 0.082000 0.000000 0.000000 0.000000 -33990.917266 74.638279
300.000000 0.084000 0.084000 0.084000 0.000000 0.000000 0.000000 -34134.730658 62.247809
300.000000 0.086000 0.086000 0.086000 0.000000 0.000000 0.000000 -34192.741521 59.357083
300.000000 0.088000 0.088000 0.088000 0.000000 0.000000 0.000000 -34107.917295 80.518085
300.000000 0.090000 0.090000 0.090000 0.000000 0.000000 0.000000 -34055.316574 77.978560
300.000000 0.092000 0.092000 0.092000 0.000000 0.000000 0.000000 -34147.780275 67.709232
300.000000 0.094000 0.094000 0.094000 0.000000 0.000000 0.000000 -34190.807528 69.604369
300.000000 0.096000 0.096000 0.096000 0.000000 0.000000 0.000000 -34201.665735 73.973644
300.000000 0.098000 0.098000 0.098000 0.000000 0.000000 0.000000 -34109.875162 75.512843
300.000000 0.100000 0.100000 0.100000 0.000000 0.000000 0.000000 -34065.299555 67.396501
300.000000 0.102000 0.102000 0.102000 0.000000 0.000000 0.000000 -34140.772400 89.136506
300.000000 0.104000 0.104000 0.104000 0.000000 0.000000 0.000000 -34118.387730 104.048959
300.000000 0.106000 0.106000 0.106000 0.000000 0.000000 0.000000 -34172.747855 81.940656
300.000000 0.108000 0.108000 0.108000 0.000000 0.000000 0.000000 -34289.196096 63.690974
300.000000 0.110000 0.110000 0.110000 0.000000 0.000000 0.000000 -34152.438562 83.159861
300.000000 0.112000 0.112000 0.112000 0.000000 0.000000 0.000000 -34013.973530 63.825578
300.000000 0.114000 0.114000 0.114000 0.000000 0.000000 0.000000 -34071.355891 71.748090
300.000000 0.116000 0.116000 0.116000 0.000000 0.000000 0.000000 -34076.801316 76.329956
300.000000 0.118000 0.118000 0.118000 0.000000 0.000000 0.000000 -34079.929242 57.167027
300.000000 0.120000 0.120000 0.120000 0.000000 0.000000 0.000000 -34168.455976 61.272958
300.000000 0.122000 0.122000 0.122000 0.000000 0.000000 0.000000 -34012.954033 62.455257
300.000000 0.124000 0.124000 0.124000 0.000000 0.000000 0.000000 -34051.357350 55.637512
300.000000 0.126000 0.126000 0.126000 0.000000 0.000000 0.000000 -33989.703471 43.478843
300.000000 0.128000 0.128000 0.128000 0.000000 0.000000 0.000000 -33937.980703 69.202531
300.000000 0.130000 0.130000 0.130000 0.000000 0.000000 0.000000 -34054.201807 50.920127
300.000000 0.132000 0.132000 0.132000 0.000000 0.000000 0.000000 -34132.059753 62.655918
300.000000 0.134000 0.134000 0.134000 0.000000 0.000000 0.000000 -34091.262524 44.474403
300.000000 0.136000 0.136000 0.136000 0.000000 0.000000 0.000000 -34119.803254 46.703825
300.000000 0.138000 0.138000 0.138000 0.000000 0.000000 0.000000 -34260.684820 52.210380
300.000000 0.140000 0.140000 0.140000 0.000000 0.000000 0.000000 -34136.538656 47.861002
300.000000 0.142000 0.142000 0.142000 0.000000 0.000000 0.000000 -34115.167375 51.581399
300.000000 0.144000 0.144000 0.144000 0.000000 0.000000 0.000000 -34262.754017 43.875513
300.000000 0.146000 0.146000 0.146000 0.000000 0.000000 0.000000 -34076.191761 70.184013
300.000000 0.148000 0.148000 0.148000 0.000000 0.000000 0.000000 -34161.070608 45.832973
300.000000 0.150000 0.150000 0.150000 0.000000 0.000000 0.000000 -34136.629594 39.830163
300.000000 0.152000 0.152000 0.152000 0.000000 0.000000 0.000000 -34156.714316 48.189707
300.000000 0.154000 0.154000 0.154000 0.000000 0.000000 0.000000 -34168.419805 46.403212
300.000000 0.156000 0.156000 0.156000 0.000000 0.000000 0.000000 -34209.877221 38.848860
300.000000 0.158000 0.158000 0.158000 0.000000 0.000000 0.000000 -34220.145715 47.154158
300.000000 0.160000 0.160000 0.160000 0.000000 0.000000 0.000000 -34239.474075 46.994530
300.000000 0.162000 0.162000 0.162000 0.000000 0.000000 0.000000 -34145.898381 42.540064
300.000000 0.164000 0.164000 0.164000 0.000000 0.000000 0.000000 -34095.292424 74.112666
300.000000 0.166000 0.166000 0.166000 0.000000 0.000000 0.000000 -34041.766726 45.097748
300.000000 0.168000 0.168000 0.168000 0.000000 0.000000 0.000000 -33983.000166 30.996505
300.000000 0.170000 0.170000 0.170000 0.000000 0.000000 0.000000 -34179.151892 37.065244
300.000000 0.172000 0.172000 0.172000 0.000000 0.000000 0.000000 -34121.921998 45.390516
300.000000 0.174000 0.174000 0.174000 0.000000 0.000000 0.000000 -34125.888373 27.670935
300.000000 0.176000 0.176000 0.176000 0.000000 0.000000 0.000000 -34064.746824 40.646014
300.000000 0.178000 0.178000 0.178000 0.000000 0.000000 0.000000 -34053.633156 49.770483
300.000000 0.180000 0.180000 0.180000 0.000000 0.000000 0.000000 -34000.591053 50.095921
300.000000 0.182000 0.182000 0.182000 0.000000 0.000000 0.000000 -34130.213894 50.443168
300.000000 0.184000 0.184000 0.184000 0.000000 0.000000 0.000000 -34044.924724 31.268714
300.000000 0.186000 0.186000 0.186000 0.000000 0.000000 0.000000 -34081.497725 20.645715
300.000000 0.188000 0.188000 0.188000 0.000000 0.000000 0.000000 -33944.472796 38.909640
300.000000 0.190000 0.190000 0.190000 0.000000 0.000000 0.000000 -33976.384386 60.367002
300.000000 0.192000 0.192000 0.192000 0.000000 0.000000 0.000000 -33983.133403 30.689382
300.000000 0.194000 0.194000 0.194000 0.000000 0.000000 0.000000 -34201.762148 61.992568
300.000000 0.196000 0.196000 0.196000 0.000000 0.000000 0.000000 -34150.890668 33.379805
300.000000 0.198000 0.198000 0.198000 0.000000 0.000000 0.000000 -34102.341355 35.388905
300.000000 0.200000 0.200000 0.200000 0.000000 0.000000 0.000000 -34070.508442 43.061525
300.000000 0.202000 0.202000 0.202000 0.000000 0.000000 0.000000 -33973.073253 20.533656
300.000000 0.204000 0.204000 0.204000 0.000000 0.000000 0.000000 -33998.265395 43.266108
300.000000 0.206000 0.206000 0.206000 0.000000 0.000000 0.000000 -34036.086738 28.982492
300.000000 0.208000 0.208000 0.208000 0.000000 0.000000 0.000000 -34033.818018 19.171781
300.000000 0.210000 0.210000 0.210000 0.000000 0.000000 0.000000 -33975.174999 50.292052
300.000000 0.212000 0.212000 0.212000 0.000000 0.000000 0.000000 -33940.510219 39.238229
300.000000 0.214000 0.214000 0.214000 0.000000 0.000000 0.000000 -34052.435424 42.071517
300.000000 0.216000 0.216000 0.216000 0.000000 0.000000 0.000000 -33958.507719 39.166629
300.000000 0.218000 0.218000 0.218000 0.000000 0.000000 0.000000 -34043.570386 24.926396
300.000000 0.220000 0.220000 0.220000 0.000000 0.000000 0.000000 -34023.891839 19.275748
300.000000 0.222000 0.222000 0.222000 0.000000 0.000000 0.000000 -33941.059372 36.503972
300.000000 0.224000 0.224000 0.224000 0.000000 0.000000 0.000000 -34072.354058 33.919661
300.000000 0.226000 0.226000 0.226000 0.000000 0.000000 0.000000 -34111.197959 22.567268
300.000000 0.228000 0.228000 0.228000 0.000000 0.000000 0.000000 -34178.782090 39.798688
300.000000 0.230000 0.230000 0.230000 0.000000 0.000000 0.000000 -34086.788290 41.518187
300.000000 0.232000 0.232000 0.232000 0.000000 0.000000 0.000000 -34201.886704 39.317825
300.000000 0.234000 0.234000 0.234000 0.000000 0.000000 0.000000 -34182.733259 28.853549
300.000000 0.236000 0.236000 0.236000 0.000000 0.000000 0.000000 -34213.993882 43.169160
300.000000 0.238000 0.238000 0.238000 0.000000 0.000000 0.000000 -34265.070701 32.466438
300.000000 0.240000 0.240000 0.240000 0.000000 0.000000 0.000000 -34243.721505 39.397879
300.000000 0.242000 0.242000 0.242000 0.000000 0.000000 0.000000 -34139.913974 23.347002
300.000000 0.244000 0.244000 0.244000 0.000000 0.000000 0.000000 -34100.330900 18.906036
300.000000 0.246000 0.246000 0.246000 0.000000 0.000000 0.000000 -34074.561842 35.588496
300.000000 0.248000 0.248000 0.248000 0.000000 0.000000 0.000000 -34139.357188 29.279765
300.000000 0.250000 0.250000 0.250000 0.000000 0.000000 0.000000 -34155.438100 22.031213
300.000000 0.252000 0.252000 0.252000 0.000000 0.000000 0.000000 -34059.284519 14.804482
300.000000 0.254000 0.254000 0.254000 0.000000 0.000000 0.000000 -34024.258503 9.937015
300.000000 0.256000 0.256000 0.256000 0.000000 0.000000 0.000000 -34009.871343 10.734154
300.000000 0.258000 0.258000 0.258000 0.000000 0.000000 0.000000 -34197.311539 31.752249
300.000000 0.260000 0.260000 0.260000 0.000000 0.000000 0.000000 -34174.896301 24.765310
300.000000 0.262000 0.262000 0.262000 0.000000 0.000000 0.000000 -34136.669499 32.204351
300.000000 0.264000 0.264000 0.264000 0.000000 0.000000 0.000000 -34161.363809 38.889030
300.000000 0.266000 0.266000 0.266000 0.000000 0.000000 0.000000 -34029.090995 19.487496
300.000000 0.268000 0.268000 0.268000 0.000000 0.000000 0.000000 -34065.264360 28.555898
300.000000 0.270000 0.270000 0.270000 0.000000 0.000000 0.000000 -34105.052891 16.541572
300.000000 0.272000 0.272000 0.272000 0.000000 0.000000 0.000000 -34141.616927 33.127532
300.000000 0.274000 0.274000 0.274000 0.000000 0.000000 0.000000 -34135.938419 27.736196
300.000000 0.276000 0.276000 0.276000 0.000000 0.000000 0.000000 -34054.673791 26.075539
300.000000 0.278000 0.278000 0.278000 0.000000 0.000000 0.000000 -34124.551806 21.453608
300.000000 0.280000 0.280000 0.280000 0.000000 0.000000 0.000000 -34146.343770 18.149790
300.000000 0.282000 0.282000 0.282000 0.000000 0.000000 0.000000 -34169.052853 21.129206
300.000000 0.284000 0.284000 0.284000 0.000000 0.000000 0.000000 -34101.350720 29.086879
300.000000 0.286000 0.286000 0.286000 0.000000 0.000000 0.000000 -34145.987522 29.731759
300.000000 0.288000 0.288000 0.288000 0.000000 0.000000 0.000000 -34166.903960 20.658581
300.000000 0.290000 0.290000 0.290000 0.000000 0.000000 0.000000 -34224.788163 8.176861
300.000000 0.292000 0.292000 0.292000 0.000000 0.000000 0.000000 -34281.032823 15.726692
300.000000 0.294000 0.294000 0.294000 0.000000 0.000000 0.000000 -34346.605259 16.554335
300.000000 0.296000 0.296000 0.296000 0.000000 0.000000 0.000000 -34215.697506 33.405593
300.000000 0.298000 0.298000 0.298000 0.000000 0.000000 0.000000 -34113.126829 16.172017
300.000000 0.300000 0.300000 0.300000 0.000000 0.000000 0.000000 -34172.024277 27.130954
300.000000 0.302000 0.302000 0.302000 0.000000 0.000000 0.000000 -34124.081381 13.592302
300.000000 0.304000 0.304000 0.304000 0.000000 0.000000 0.000000 -34116.449841 14.880536
300.000000 0.306000 0.306000 0.306000 0.000000 0.000000 0.000000 -34286.717186 21.920774
300.000000 0.308000 0.308000 0.308000 0.000000 0.000000 0.000000 -34145.143129 31.962005
300.000000 0.310000 0.310000 0.310000 0.000000 0.000000 0.000000 -34148.571896 17.070271
300.000000 0.312000 0.312000 0.312000 0.000000 0.000000 0.000000 -34179.715863 19.986764
300.000000 0.314000 0.314000 0.314000 0.000000 0.000000 0.000000 -34001.827198 9.152635
300.000000 0.316000 0.316000 0.316000 0.000000 0.000000 0.000000 -34003.855942 18.805687
300.000000 0.318000 0.318000 0.318000 0.000000 0.000000 0.000000 -34097.869137 16.562999
300.000000 0.320000 0.320000 0.320000 0.000000 0.000000 0.000000 -34123.625143 7.569125
300.000000 0.322000 0.322000 0.322000 0.000000 0.000000 0.000000 -34116.955821 26.535229
300.000000 0.324000 0.324000 0.324000 0.000000 0.000000 0.000000 -34222.285340 24.833262
300.000000 0.326000 0.326000 0.326000 0.000000 0.000000 0.000000 -34159.381265 5.593628
300.000000 0.328000 0.328000 0.328000 0.000000 0.000000 0.000000 -34142.818876 12.300917
300.000000 0.330000 0.330000 0.330000 0.000000 0.000000 0.000000 -34223.556732 12.933342
300.000000 0.332000 0.332000 0.332000 0.000000 0.000000 0.000000 -34225.117539 20.604429
300.000000 0.334000 0.334000 0.334000 0.000000 0.000000 0.000000 -34296.285555 18.307806
300.000000 0.336000 0.336000 0.336000 0.000000 0.000000 0.000000 -34146.154871 5.640076
300.000000 0.338000 0.338000 0.338000 0.000000 0.000000 0.000000 -34343.735550 9.330763
300.000000 0.340000 0.340000 0.340000 0.000000 0.000000 0.000000 -34230.135948 16.632674
300.000000 0.342000 0.342000 0.342000 0.000000 0.000000 0.000000 -34109.794952 6.904033
300.000000 0.344000 0.344000 0.344000 0.000000 0.000000 0.000000 -34229.034019 29.429978
300.000000 0.346000 0.346000 0.346000 0.000000 0.000000 0.000000 -34316.400760 9.781297
300.000000 0.348000 0.348000 0.348000 0.000000 0.000000 0.000000 -34210.252449 15.325305
300.000000 0.350000 0.350000 0.350000 0.000000 0.000000 0.000000 -34229.340210 16.223897
300.000000 0.352000 0.352000 0.352000 0.000000 0.000000 0.000000 -34227.917142 4.667594
300.000000 0.354000 0.354000 0.354000 0.000000 0.000000 0.000000 -34107.176102 -0.928207
300.000000 0.356000 0.356000 0.356000 0.000000 0.000000 0.000000 -34022.792119 -3.357825
300.000000 0.358000 0.358000 0.358000 0.000000 0.000000 0.000000 -34048.839771 21.107973
300.000000 0.360000 0.360000 0.360000 0.000000 0.000000 0.000000 -34030.460835 0.848175
300.000000 0.362000 0.362000 0.362000 0.000000 0.000000 0.000000 -34127.096184 1.504308
300.000000 0.364000 0.364000 0.364000 0.000000 0.000000 0.000000 -34176.972465 -5.917745
300.000000 0.366000 0.366000 0.366000 0.000000 0.000000 0.000000 -34045.056494 3.770204
300.000000 0.368000 0.368000 0.368000 0.000000 0.000000 0.000000 -34071.818258 9.644279
300.000000 0.370000 0.370000 0.370000 0.000000 0.000000 0.000000 -34004.312036 9.641564
300.000000 0.372000 0.372000 0.372000 0.000000 0.000000 0.000000 -34068.870853 10.952142
300.000000 0.374000 0.374000 0.374000 0.000000 0.000000 0.000000 -34176.148517 5.390087
300.000000 0.376000 0.376000 0.376000 0.000000 0.000000 0.000000 -34131.500817 18.823889
300.000000 0.378000 0.378000 0.378000 0.000000 0.000000 0.000000 -34147.634699 9.484801
300.000000 0.380000 0.380000 0.380000 0.000000 0.000000 0.000000 -34255.059664 4.723495
300.000000 0.382000 0.382000 0.382000 0.000000 0.000000 0.000000 -34084.869455 12.348049
300.000000 0.384000 0.384000 0.384000 0.000000 0.000000 0.000000 -34101.310488 8.208483
300.000000 0.386000 0.386000 0.386000 0.000000 0.000000 0.000000 -34147.691983 21.039056
300.000000 0.388000 0.388000 0.388000 0.000000 0.000000 0.000000 -34243.075470 11.598869
300.000000 0.390000 0.390000 0.390000 0.000000 0.000000 0.000000 -34335.111925 13.276530
300.000000 0.392000 0.392000 0.392000 0.000000 0.000000 0.000000 -34388.849102 7.731923
300.000000 0.394000 0.394000 0.394000 0.000000 0.000000 0.000000 -34185.693383 0.208558
300.000000 0.396000 0.396000 0.396000 0.000000 0.000000 0.000000 -34203.593712 8.481704
300.000000 0.398000 0.398000 0.398000 0.000000 0.000000 0.000000 -34075.245510 17.954358
300.000000 0.400000 0.400000 0.400000 0.000000 0.000000 0.000000 -34087.052055 -9.846137
300.000000 0.402000 0.402000 0.402000 0.000000 0.000000 0.000000 -34193.114145 5.270076
300.000000 0.404000 0.404000 0.404000 0.000000 0.000000 0.000000 -34179.805529 20.880611
300.000000 0.406000 0.406000 0.406000 0.000000 0.000000 0.000000 -34221.524563 22.136026
300.000000 0.408000 0.408000 0.408000 0.000000 0.000000 0.000000 -34111.196825 8.274405
300.000000 0.410000 0.410000 0.410000 0.000000 0.000000 0.000000 -34064.135371 -4.050465
300.000000 0.412000 0.412000 0.412000 0.000000 0.000000 0.000000 -34198.762306 5.420687
300.000000 0.414000 0.414000 0.414000 0.000000 0.000000 0.000000 -34139.291577 11.892345
300.000000 0.416000 0.416000 0.416000 0.000000 0.000000 0.000000 -34084.085567 13.138739
300.000000 0.418000 0.418000 0.418000 0.000000 0.000000 0.000000 -34077.682076 7.003743
300.000000 0.420000 0.420000 0.420000 0.000000 0.000000 0.000000 -34102.212521 18.592500
300.000000 0.422000 0.422000 0.422000 0.000000 0.000000 0.000000 -34198.786089 -0.277079
300.000000 0.424000 0.424000 0.424000 0.000000 0.000000 0.000000 -34238.604502 21.003920
300.000000 0.426000 0.426000 0.426000 0.000000 0.000000 0.000000 -34085.556462 6.022529
300.000000 0.428000 0.428000 0.428000 0.000000 0.000000 0.000000 -34064.503453 11.557800
300.000000 0.430000 0.430000 0.430000 0.000000 0.000000 0.000000 -34113.199301 4.461368
300.000000 0.432000 0.432000 0.432000 0.000000 0.000000 0.000000 -34017.935601 1.052792
300.000000 0.434000 0.434000 0.434000 0.000000 0.000000 0.000000 -33997.497387 1.878226
300.000000 0.436000 0.436000 0.436000 0.000000 0.000000 0.000000 -34090.275436 3.860528
300.000000 0.438000 0.438000 0.438000 0.000000 0.000000 0.000000 -34138.100092 4.021830
300.000000 0.440000 0.440000 0.440000 0.000000 0.000000 0.000000 -34206.445431 8.482501
300.000000 0.442000 0.442000 0.442000 0.000000 0.000000 0.000000 -34196.299207 3.661841
300.000000 0.444000 0.444000 0.444000 0.000000 0.000000 0.000000 -34026.923385 -0.755199
300.000000 0.446000 0.446000 0.446000 0.000000 0.000000 0.000000 -34086.350889 3.816875
300.000000 0.448000 0.448000 0.448000 0.000000 0.000000 0.000000 -34173.378185 -2.220794
300.000000 0.450000 0.450000 0.450000 0.000000 0.000000 0.000000 -34236.424961 14.679663
300.000000 0.452000 0.452000 0.452000 0.000000 0.000000 0.000000 -34059.625066 5.325140
300.000000 0.454000 0.454000 0.454000 0.000000 0.000000 0.000000 -34092.040338 -15.239030
300.000000 0.456000 0.456000 0.456000 0.000000 0.000000 0.000000 -34222.155327 0.290861
300.000000 0.458000 0.458000 0.458000 0.000000 0.000000 0.000000 -34006.772622 8.027585
300.000000 0.460000 0.460000 0.460000 0.000000 0.000000 0.000000 -34130.999467 -10.229920
300.000000 0.462000 0.462000 0.462000 0.000000 0.000000 0.000000 -34090.243312 0.464002
300.000000 0.464000 0.464000 0.464000 0.000000 0.000000 0.000000 -34099.757495 8.535349
300.000000 0.466000 0.466000 0.466000 0.000000 0.000000 0.000000 -34149.170307 5.884705
300.000000 0.468000 0.468000 0.468000 0.000000 0.000000 0.000000 -34207.683940 10.284205
300.000000 0.470000 0.470000 0.470000 0.000000 0.000000 0.000000 -34210.324453 -5.318023
300.000000 0.472000 0.472000 0.472000 0.000000 0.000000 0.000000 -34239.697419 -10.229994
300.000000 0.474000 0.474000 0.474000 0.000000 0.000000 0.000000 -34231.183004 -1.384574
300.000000 0.476000 0.476000 0.476000 0.000000 0.000000 0.000000 -34143.528675 -10.948007
300.000000 0.478000 0.478000 0.478000 0.000000 0.000000 0.000000 -34113.506661 2.388189
300.000000 0.480000 0.480000 0.480000 0.000000 0.000000 0.000000 -34179.479973 6.768199
300.000000 0.482000 0.482000 0.482000 0.000000 0.000000 0.000000 -34203.641714 -7.577043
300.000000 0.484000 0.484000 0.484000 0.000000 0.000000 0.000000 -34259.388006 -2.850642
300.000000 0.486000 0.486000 0.486000 0.000000 0.000000 0.000000 -34216.710201 4.612693
300.000000 0.488000 0.488000 0.488000 0.000000 0.000000 0.000000 -34112.689180 1.832695
300.000000 0.490000 0.490000 0.490000 0.000000 0.000000 0.000000 -34104.259192 -14.354422
300.000000 0.492000 0.492000 0.492000 0.000000 0.000000 0.000000 -34048.853012 -8.802348
300.000000 0.494000 0.494000 0.494000 0.000000 0.000000 0.000000 -34202.649203 1.582017
300.000000 0.496000 0.496000 0.496000 0.000000 0.000000 0.000000 -34188.681817 -0.680146
300.000000 0.498000 0.498000 0.498000 0.000000 0.000000 0.000000 -34209.832701 11.802873
