21 300.000000 -1.000000 0.000000 0.000000 0.100000 130.000000 0.000000 -32956.449029 167.921423 6.715193
21 300.000000 -1.000000 0.000000 0.000000 0.100000 130.000000 0.000000 -32849.779479 183.190160 7.151247
21 300.000000 -1.000000 0.000000 0.000000 0.100000 130.000000 0.000000 -32913.267386 155.405010 7.174479
21 300.000000 -1.000000 0.000000 0.000000 0.100000 130.000000 0.000000 -32914.134270 181.551473 6.500288
21 300.000000 -1.000000 0.000000 0.000000 0.100000 130.000000 0.000000 -32885.085928 152.418152 7.048286
21 300.000000 -1.000000 0.000000 0.000000 0.100000 130.000000 0.000000 -32866.373350 180.421006 6.527010
21 300.000000 -1.000000 0.000000 0.000000 0.100000 130.000000 0.000000 -32761.001267 160.842386 6.652510
21 300.000000 -1.000000 0.000000 0.000000 0.100000 130.000000 0.000000 -33112.239932 138.309012 6.445366
20 300.000000 -1.000000 0.000000 0.100000 0.100000 120.000000 0.000000 -32845.378200 146.813251 6.542836
20 300.000000 -1.000000 0.000000 0.100000 0.100000 120.000000 0.000000 -32925.297088 143.936316 6.389874
20 300.000000 -1.000000 0.000000 0.100000 0.100000 120.000000 0.000000 -32871.520574 133.931473 8.267505
20 300.000000 -1.000000 0.000000 0.100000 0.100000 120.000000 0.000000 -32808.952980 122.679238 7.191068
20 300.000000 -1.000000 0.000000 0.100000 0.100000 120.000000 0.000000 -32841.499268 152.650247 6.389822
20 300.000000 -1.000000 0.000000 0.100000 0.100000 120.000000 0.000000 -32858.364971 128.596016 6.844794
20 300.000000 -1.000000 0.000000 0.100000 0.100000 120.000000 0.000000 -32943.420443 133.355759 7.589787
20 300.000000 -1.000000 0.000000 0.100000 0.100000 120.000000 0.000000 -32778.541475 181.523704 6.593148
21 300.000000 -1.000000 0.000000 0.000000 0.100000 130.000000 0.000000 -32883.737177 161.667195 6.892161
21 300.000000 -1.000000 0.000000 0.000000 0.100000 130.000000 0.000000 -32835.485988 163.797623 7.910886
21 300.000000 -1.000000 0.000000 0.000000 0.100000 130.000000 0.000000 -32862.890245 176.847439 7.527573
21 300.000000 -1.000000 0.000000 0.000000 0.100000 130.000000 0.000000 -32868.085580 176.749709 7.691544
21 300.000000 -1.000000 0.000000 0.000000 0.100000 130.000000 0.000000 -32880.642644 186.544046 6.608468
21 300.000000 -1.000000 0.000000 0.000000 0.100000 130.000000 0.000000 -32823.823875 164.947691 7.188195
21 300.000000 -1.000000 0.000000 0.000000 0.100000 130.000000 0.000000 -32877.508645 169.934697 7.176091
21 300.000000 -1.000000 0.000000 0.000000 0.100000 130.000000 0.000000 -32883.624795 188.095046 7.874795
21 300.000000 -1.000000 0.000000 0.000000 0.100000 130.000000 0.000000 -32902.518621 176.690169 8.282520
21 300.000000 -1.000000 0.000000 0.000000 0.100000 130.000000 0.000000 -32816.416012 156.146813 7.746950
21 300.000000 -1.000000 0.000000 0.000000 0.100000 130.000000 0.000000 -32668.669580 170.804732 6.631422
21 300.000000 -1.000000 0.000000 0.000000 0.100000 130.000000 0.000000 -32751.522592 162.233110 8.129284
21 300.000000 -1.000000 0.000000 0.000000 0.100000 130.000000 0.000000 -32796.441576 174.450438 7.600004
21 300.000000 -1.000000 0.000000 0.000000 0.100000 130.000000 0.000000 -33005.662779 191.701270 8.063311
21 300.000000 -1.000000 0.000000 0.000000 0.100000 130.000000 0.000000 -32812.517661 159.785688 6.691639
21 300.000000 -1.000000 0.000000 0.000000 0.100000 130.000000 0.000000 -32977.193709 189.297816 8.270999
21 300.000000 -1.000000 0.000000 0.000000 0.100000 130.000000 0.000000 -32828.633135 146.494891 6.438347
21 300.000000 -1.000000 0.000000 0.000000 0.100000 130.000000 0.000000 -32866.190222 185.448052 6.514111
21 300.000000 -1.000000 0.000000 0.000000 0.100000 130.000000 0.000000 -32795.344520 187.792131 4.813245
21 300.000000 -1.000000 0.000000 0.000000 0.100000 130.000000 0.000000 -32800.899472 168.661164 6.612422
21 300.000000 -1.000000 0.000000 0.000000 0.100000 130.000000 0.000000 -32912.736200 174.314279 7.164396
21 300.000000 -1.000000 0.000000 0.000000 0.100000 130.000000 0.000000 -32883.105048 185.231867 7.467768
21 300.000000 -1.000000 0.000000 0.000000 0.100000 130.000000 0.000000 -32778.174471 184.806328 2.661667
21 300.000000 -1.000000 0.000000 0.000000 0.100000 130.000000 0.000000 -32840.750948 162.047695 5.480724
21 300.000000 -1.000000 0.000000 0.000000 0.100000 130.000000 0.000000 -32926.869832 173.611980 0.986843
21 300.000000 -1.000000 0.000000 0.000000 0.100000 130.000000 0.000000 -32909.657929 183.898763 1.739411
21 300.000000 -1.000000 0.000000 0.000000 0.100000 130.000000 0.000000 -32914.385128 155.899441 5.309529
21 300.000000 -1.000000 0.000000 0.000000 0.100000 130.000000 0.000000 -32905.180165 182.799827 1.234737
21 300.000000 -1.000000 0.000000 0.000000 0.100000 130.000000 0.000000 -32772.417710 181.022507 3.889226
21 300.000000 -1.000000 0.000000 0.000000 0.100000 130.000000 0.000000 -32913.691399 171.998090 7.266587
21 300.000000 -1.000000 0.000000 0.000000 0.100000 130.000000 0.000000 -32782.953911 181.919711 5.424721
21 300.000000 -1.000000 0.000000 0.000000 0.100000 130.000000 0.000000 -32727.728536 178.528142 1.966560
21 300.000000 -1.000000 0.000000 0.000000 0.100000 130.000000 0.000000 -32861.997528 172.109406 6.462767
21 300.000000 -1.000000 0.000000 0.000000 0.100000 130.000000 0.000000 -32829.499732 180.258640 6.854458
21 300.000000 -1.000000 0.000000 0.000000 0.100000 130.000000 0.000000 -32757.226550 164.716651 8.184986
21 300.000000 -1.000000 0.000000 0.000000 0.100000 130.000000 0.000000 -32869.923159 170.722580 7.505455
21 300.000000 -1.000000 0.000000 0.000000 0.100000 130.000000 0.000000 -32734.051307 153.620475 6.636089
21 300.000000 -1.000000 0.000000 0.000000 0.100000 130.000000 0.000000 -32932.481099 165.819781 8.276902
21 300.000000 -1.000000 0.000000 0.000000 0.100000 130.000000 0.000000 -32844.127066 169.352743 2.628416
21 300.000000 -1.000000 0.000000 0.000000 0.100000 130.000000 0.000000 -32851.531504 162.711785 0.044737
21 300.000000 -1.000000 0.000000 0.000000 0.100000 130.000000 0.000000 -32872.773989 172.984392 0.022289
21 300.000000 -1.000000 0.000000 0.000000 0.100000 130.000000 0.000000 -32823.877089 175.889497 1.203737
21 300.000000 -1.000000 0.000000 0.000000 0.100000 130.000000 0.000000 -32798.791157 138.752961 7.761452
20 300.000000 -1.000000 0.000000 0.100000 0.100000 120.000000 0.000000 -32916.393908 133.030698 6.715892
20 300.000000 -1.000000 0.000000 0.100000 0.100000 120.000000 0.000000 -32783.136903 140.405156 7.688851
20 300.000000 -1.000000 0.000000 0.100000 0.100000 120.000000 0.000000 -32918.331281 127.920383 8.016882
20 300.000000 -1.000000 0.000000 0.100000 0.100000 120.000000 0.000000 -32768.081521 137.063768 7.033881
20 300.000000 -1.000000 0.000000 0.100000 0.100000 120.000000 0.000000 -32857.359923 126.738907 6.525061
20 300.000000 -1.000000 0.000000 0.100000 0.100000 120.000000 0.000000 -32863.627738 138.527277 7.091666
20 300.000000 -1.000000 0.000000 0.100000 0.100000 120.000000 0.000000 -32726.137341 142.211910 6.717167
20 300.000000 -1.000000 0.000000 0.100000 0.100000 120.000000 0.000000 -32803.699970 121.287684 6.389721
20 300.000000 -1.000000 0.000000 0.100000 0.100000 120.000000 0.000000 -32871.619256 128.218603 6.389880
20 300.000000 -1.000000 0.000000 0.100000 0.100000 120.000000 0.000000 -32914.899990 128.556258 6.400274
20 300.000000 -1.000000 0.000000 0.100000 0.100000 120.000000 0.000000 -32996.975222 137.882137 7.218053
20 300.000000 -1.000000 0.000000 0.100000 0.100000 120.000000 0.000000 -33037.100166 144.818832 7.219303
20 300.000000 -1.000000 0.000000 0.100000 0.100000 120.000000 0.000000 -32878.231286 161.946922 6.467681
21 300.000000 -1.000000 0.000000 0.000000 0.100000 130.000000 0.000000 -32727.013203 155.681159 8.244918
21 300.000000 -1.000000 0.000000 0.000000 0.100000 130.000000 0.000000 -32910.679296 187.281751 6.973419
21 300.000000 -1.000000 0.000000 0.000000 0.100000 130.000000 0.000000 -32891.744236 176.333177 6.981514
21 300.000000 -1.000000 0.000000 0.000000 0.100000 130.000000 0.000000 -32865.606267 175.065610 6.590857
21 300.000000 -1.000000 0.000000 0.000000 0.100000 130.000000 0.000000 -32944.466890 168.071252 7.092196
20 300.000000 -1.000000 0.000000 0.100000 0.100000 120.000000 0.000000 -32956.525260 187.613714 6.834998
21 300.000000 -1.000000 0.000000 0.000000 0.100000 130.000000 0.000000 -32929.113946 170.169878 6.417853
20 300.000000 -1.000000 0.000000 0.100000 0.100000 120.000000 0.000000 -32867.730163 142.988845 8.227423
21 300.000000 -1.000000 0.000000 0.000000 0.100000 130.000000 0.000000 -32948.843811 145.260646 7.449529
21 300.000000 -1.000000 0.000000 0.000000 0.100000 130.000000 0.000000 -33026.759440 151.296809 8.261428
21 300.000000 -1.000000 0.000000 0.000000 0.100000 130.000000 0.000000 -32925.909761 163.113771 7.949932
21 300.000000 -1.000000 0.000000 0.000000 0.100000 130.000000 0.000000 -32974.015780 171.057379 7.302801
21 300.000000 -1.000000 0.000000 0.000000 0.100000 130.000000 0.000000 -32907.518611 174.446255 1.851760
21 300.000000 -1.000000 0.000000 0.000000 0.100000 130.000000 0.000000 -32909.135295 186.593217 7.182861
21 300.000000 -1.000000 0.000000 0.000000 0.100000 130.000000 0.000000 -32834.409774 178.519663 4.543093
21 300.000000 -1.000000 0.000000 0.000000 0.100000 130.000000 0.000000 -32967.534595 150.521064 7.046717
21 300.000000 -1.000000 0.000000 0.000000 0.100000 130.000000 0.000000 -32831.293735 191.175781 6.770619
21 300.000000 -1.000000 0.000000 0.000000 0.100000 130.000000 0.000000 -32995.487645 151.550082 7.428765
21 300.000000 -1.000000 0.000000 0.000000 0.100000 130.000000 0.000000 -32769.004934 195.962736 8.147624
21 300.000000 -1.000000 0.000000 0.000000 0.100000 130.000000 0.000000 -32913.848666 175.375250 6.519078
21 300.000000 -1.000000 0.000000 0.000000 0.100000 130.000000 0.000000 -32848.053016 161.690941 6.713796
20 300.000000 -1.000000 0.000000 0.100000 0.100000 120.000000 0.000000 -32933.884701 177.705805 7.903348
21 300.000000 -1.000000 0.000000 0.000000 0.100000 130.000000 0.000000 -32842.320828 172.246431 6.826282
21 300.000000 -1.000000 0.000000 0.000000 0.100000 130.000000 0.000000 -32743.997247 173.782843 6.464897
21 300.000000 -1.000000 0.000000 0.000000 0.100000 130.000000 0.000000 -32786.930735 189.559059 8.103465
21 300.000000 -1.000000 0.000000 0.000000 0.100000 130.000000 0.000000 -32888.090546 181.099976 6.393473
21 300.000000 -1.000000 0.000000 0.000000 0.100000 130.000000 0.000000 -32903.076783 168.803067 6.389799
21 300.000000 -1.000000 0.000000 0.000000 0.100000 130.000000 0.000000 -32803.260208 193.642212 6.870984
21 300.000000 -1.000000 0.000000 0.000000 0.100000 130.000000 0.000000 -32786.807413 185.855796 6.662752
20 300.000000 -1.000000 0.000000 0.100000 0.100000 120.000000 0.000000 -32962.541489 164.800540 6.408360
21 300.000000 -1.000000 0.000000 0.000000 0.100000 130.000000 0.000000 -32988.436071 163.218669 8.022032
21 300.000000 -1.000000 0.000000 0.000000 0.100000 130.000000 0.000000 -32814.363148 162.822475 7.818984
21 300.000000 -1.000000 0.000000 0.000000 0.100000 130.000000 0.000000 -32745.763938 196.781522 7.370522
21 300.000000 -1.000000 0.000000 0.000000 0.100000 130.000000 0.000000 -32804.982861 163.020542 6.945329
20 300.000000 -1.000000 0.000000 0.100000 0.100000 120.000000 0.000000 -32891.232883 136.067215 6.602244
20 300.000000 -1.000000 0.000000 0.100000 0.100000 120.000000 0.000000 -32953.435575 129.292797 8.269516
20 300.000000 -1.000000 0.000000 0.100000 0.100000 120.000000 0.000000 -32876.688359 144.929409 7.311470
20 300.000000 -1.000000 0.000000 0.100000 0.100000 120.000000 0.000000 -32975.299075 135.219834 5.838997
20 300.000000 -1.000000 0.000000 0.100000 0.100000 120.000000 0.000000 -32927.852965 164.456808 5.340577
20 300.000000 -1.000000 0.000000 0.100000 0.100000 120.000000 0.000000 -32865.896490 125.872429 6.423918
20 300.000000 -1.000000 0.000000 0.100000 0.100000 120.000000 0.000000 -32775.677041 134.373982 8.126495
20 300.000000 -1.000000 0.000000 0.100000 0.100000 120.000000 0.000000 -32811.791995 160.466631 6.511921
20 300.000000 -1.000000 0.000000 0.100000 0.100000 120.000000 0.000000 -32892.166737 120.218885 8.203452
20 300.000000 -1.000000 0.000000 0.100000 0.100000 120.000000 0.000000 -32979.139940 141.760237 6.628445
20 300.000000 -1.000000 0.000000 0.100000 0.100000 120.000000 0.000000 -32955.788503 136.992950 6.407587
20 300.000000 -1.000000 0.000000 0.100000 0.100000 120.000000 0.000000 -32833.787854 131.749483 6.410886
19 300.000000 -1.000000 0.000000 0.200000 0.100000 110.000000 0.000000 -32770.660912 58.522155 6.434384
16 300.000000 -1.000000 0.000000 0.500000 0.100000 80.000000 0.000000 -32775.494976 28.387592 6.595959
16 300.000000 -1.000000 0.000000 0.500000 0.100000 80.000000 0.000000 -32943.167742 58.212939 6.394100
16 300.000000 -1.000000 0.000000 0.500000 0.100000 80.000000 0.000000 -32924.889155 52.295958 6.397667
19 300.000000 -1.000000 0.000000 0.200000 0.100000 110.000000 0.000000 -32842.495508 124.486277 6.453753
19 300.000000 -1.000000 0.000000 0.200000 0.100000 110.000000 0.000000 -32969.353450 127.197542 7.978951
19 300.000000 -1.000000 0.000000 0.200000 0.100000 110.000000 0.000000 -32761.956506 89.000282 7.998978
18 300.000000 -1.000000 0.000000 0.300000 0.100000 100.000000 0.000000 -32701.258593 39.551869 6.655754
16 300.000000 -1.000000 0.000000 0.500000 0.100000 80.000000 0.000000 -32944.851419 31.017630 6.435191
16 300.000000 -1.000000 0.000000 0.500000 0.100000 80.000000 0.000000 -32865.525975 59.810763 6.954175
16 300.000000 -1.000000 0.000000 0.500000 0.100000 80.000000 0.000000 -32798.515953 51.192467 7.602014
16 300.000000 -1.000000 0.000000 0.500000 0.100000 80.000000 0.000000 -32751.458532 40.861219 6.408101
17 300.000000 -1.000000 0.000000 0.400000 0.100000 90.000000 0.000000 -32720.772489 39.213588 6.761054
17 300.000000 -1.000000 0.000000 0.400000 0.100000 90.000000 0.000000 -32826.879319 54.607338 7.416884
18 300.000000 -1.000000 0.000000 0.300000 0.100000 100.000000 0.000000 -32833.615478 40.448278 6.506585
16 300.000000 -1.000000 0.000000 0.500000 0.100000 80.000000 0.000000 -32737.474299 48.550315 7.893308
18 300.000000 -1.000000 0.000000 0.300000 0.100000 100.000000 0.000000 -32809.980820 67.052766 6.994168
19 300.000000 -1.000000 0.000000 0.200000 0.100000 110.000000 0.000000 -32896.392046 118.903238 6.855278
19 300.000000 -1.000000 0.000000 0.200000 0.100000 110.000000 0.000000 -32917.373493 104.705686 7.010398
19 300.000000 -1.000000 0.000000 0.200000 0.100000 110.000000 0.000000 -32847.902797 70.015784 6.729351
17 300.000000 -1.000000 0.000000 0.400000 0.100000 90.000000 0.000000 -32766.663978 67.157882 7.181855
18 300.000000 -1.000000 0.000000 0.300000 0.100000 100.000000 0.000000 -32945.061707 52.242852 6.986858
16 300.000000 -1.000000 0.000000 0.500000 0.100000 80.000000 0.000000 -32728.994330 54.253335 6.482947
19 300.000000 -1.000000 0.000000 0.200000 0.100000 110.000000 0.000000 -32854.140997 121.763644 7.258601
19 300.000000 -1.000000 0.000000 0.200000 0.100000 110.000000 0.000000 -32827.495282 115.767231 7.798627
19 300.000000 -1.000000 0.000000 0.200000 0.100000 110.000000 0.000000 -32785.651819 119.966654 6.856718
19 300.000000 -1.000000 0.000000 0.200000 0.100000 110.000000 0.000000 -32769.763361 75.806498 7.369852
18 300.000000 -1.000000 0.000000 0.300000 0.100000 100.000000 0.000000 -32828.851982 45.496599 8.219039
17 300.000000 -1.000000 0.000000 0.400000 0.100000 90.000000 0.000000 -32862.529079 48.668263 7.794206
16 300.000000 -1.000000 0.000000 0.500000 0.100000 80.000000 0.000000 -32807.082051 55.719314 6.391165
17 300.000000 -1.000000 0.000000 0.400000 0.100000 90.000000 0.000000 -32929.323966 36.083090 8.209137
18 300.000000 -1.000000 0.000000 0.300000 0.100000 100.000000 0.000000 -32878.862359 81.107202 6.398742
18 300.000000 -1.000000 0.000000 0.300000 0.100000 100.000000 0.000000 -32950.477999 78.243696 6.727091
18 300.000000 -1.000000 0.000000 0.300000 0.100000 100.000000 0.000000 -32935.307086 75.974958 6.920597
19 300.000000 -1.000000 0.000000 0.200000 0.100000 110.000000 0.000000 -32860.037676 47.943806 6.579096
16 300.000000 -1.000000 0.000000 0.500000 0.100000 80.000000 0.000000 -32772.112163 53.404398 6.929738
17 300.000000 -1.000000 0.000000 0.400000 0.100000 90.000000 0.000000 -32935.025941 44.351862 7.559515
17 300.000000 -1.000000 0.000000 0.400000 0.100000 90.000000 0.000000 -32944.486188 83.624069 7.164760
19 300.000000 -1.000000 0.000000 0.200000 0.100000 110.000000 0.000000 -32754.075030 110.525167 8.269266
19 300.000000 -1.000000 0.000000 0.200000 0.100000 110.000000 0.000000 -32824.944334 80.510896 7.443964
19 300.000000 -1.000000 0.000000 0.200000 0.100000 110.000000 0.000000 -32694.337693 93.649026 6.405147
19 300.000000 -1.000000 0.000000 0.200000 0.100000 110.000000 0.000000 -32826.053754 112.685630 7.725246
19 300.000000 -1.000000 0.000000 0.200000 0.100000 110.000000 0.000000 -32778.590669 108.117031 7.515145
18 300.000000 -1.000000 0.000000 0.300000 0.100000 100.000000 0.000000 -32835.450432 72.808196 6.664370
17 300.000000 -1.000000 0.000000 0.400000 0.100000 90.000000 0.000000 -32897.593059 34.030898 6.394360
16 300.000000 -1.000000 0.000000 0.500000 0.100000 80.000000 0.000000 -32798.912315 41.826659 7.046525
16 300.000000 -1.000000 0.000000 0.500000 0.100000 80.000000 0.000000 -32833.414964 49.602478 7.635778
17 300.000000 -1.000000 0.000000 0.400000 0.100000 90.000000 0.000000 -32663.037355 61.830319 7.862540
18 300.000000 -1.000000 0.000000 0.300000 0.100000 100.000000 0.000000 -32832.214557 54.578880 7.139831
16 300.000000 -1.000000 0.000000 0.500000 0.100000 80.000000 0.000000 -32858.897951 63.179157 6.447799
20 300.000000 -1.000000 0.000000 0.100000 0.100000 120.000000 0.000000 -32989.697553 142.107906 8.282722
20 300.000000 -1.000000 0.000000 0.100000 0.100000 120.000000 0.000000 -32994.703287 144.995947 6.389736
19 300.000000 -1.000000 0.000000 0.200000 0.100000 110.000000 0.000000 -32745.689761 34.750710 6.412475
16 300.000000 -1.000000 0.000000 0.500000 0.100000 80.000000 0.000000 -32911.801059 53.770550 6.393965
19 300.000000 -1.000000 0.000000 0.200000 0.100000 110.000000 0.000000 -32865.245023 84.959799 6.419205
19 300.000000 -1.000000 0.000000 0.200000 0.100000 110.000000 0.000000 -32834.763023 120.181180 7.473679
19 300.000000 -1.000000 0.000000 0.200000 0.100000 110.000000 0.000000 -32777.279095 120.004566 6.880720
19 300.000000 -1.000000 0.000000 0.200000 0.100000 110.000000 0.000000 -32805.425229 131.896071 6.816883
19 300.000000 -1.000000 0.000000 0.200000 0.100000 110.000000 0.000000 -32855.668940 92.611547 6.509764
18 300.000000 -1.000000 0.000000 0.300000 0.100000 100.000000 0.000000 -32743.644306 63.045973 6.433044
19 300.000000 -1.000000 0.000000 0.200000 0.100000 110.000000 0.000000 -32832.167457 63.929892 7.661864
16 300.000000 -1.000000 0.000000 0.500000 0.100000 80.000000 0.000000 -32998.822138 63.648071 7.105628
19 300.000000 -1.000000 0.000000 0.200000 0.100000 110.000000 0.000000 -32839.397873 76.488043 7.434334
19 300.000000 -1.000000 0.000000 0.200000 0.100000 110.000000 0.000000 -32883.027577 69.498316 8.279555
19 300.000000 -1.000000 0.000000 0.200000 0.100000 110.000000 0.000000 -32678.242406 38.856159 6.458287
16 300.000000 -1.000000 0.000000 0.500000 0.100000 80.000000 0.000000 -32837.427162 48.522317 7.328902
15 300.000000 -1.000000 0.100000 0.500000 0.100000 70.000000 0.000000 -32707.180909 12.696233 6.433905
14 300.000000 -1.000000 0.200000 0.500000 0.100000 60.000000 0.000000 -32913.953889 17.302894 6.829991
15 300.000000 -1.000000 0.100000 0.500000 0.100000 70.000000 0.000000 -32831.873072 16.556373 6.533228
15 300.000000 -1.000000 0.100000 0.500000 0.100000 70.000000 0.000000 -32875.002146 31.945926 6.762588
15 300.000000 -1.000000 0.100000 0.500000 0.100000 70.000000 0.000000 -32912.815411 12.664276 6.054001
15 300.000000 -1.000000 0.100000 0.500000 0.100000 70.000000 0.000000 -32864.347177 41.601439 6.389877
15 300.000000 -1.000000 0.100000 0.500000 0.100000 70.000000 0.000000 -32893.780306 15.875725 6.764671
15 300.000000 -1.000000 0.100000 0.500000 0.100000 70.000000 0.000000 -32829.388011 11.243241 8.073714
7 300.000000 1.000000 0.200000 0.500000 0.100000 60.000000 0.000000 -32785.527759 3.177819 7.800031
7 300.000000 1.000000 0.200000 0.500000 0.100000 60.000000 0.000000 -32937.398454 12.730134 6.742264
7 300.000000 1.000000 0.200000 0.500000 0.100000 60.000000 0.000000 -32945.562157 1.309580 6.391948
8 300.000000 1.000000 0.300000 0.500000 0.100000 50.000000 0.000000 -32824.392231 -1.514739 6.611232
7 300.000000 1.000000 0.200000 0.500000 0.100000 60.000000 0.000000 -32756.018898 27.952479 8.258808
6 300.000000 1.000000 0.100000 0.500000 0.100000 70.000000 0.000000 -32725.106259 11.342599 6.395378
8 300.000000 1.000000 0.300000 0.500000 0.100000 50.000000 0.000000 -32747.757922 12.241019 7.194820
9 300.000000 1.000000 0.400000 0.500000 0.100000 40.000000 0.000000 -32779.306750 11.883821 7.289993
8 300.000000 1.000000 0.300000 0.500000 0.100000 50.000000 0.000000 -32921.143703 8.015010 6.393900
8 300.000000 1.000000 0.300000 0.500000 0.100000 50.000000 0.000000 -32580.827522 8.206916 6.548086
7 300.000000 1.000000 0.200000 0.500000 0.100000 60.000000 0.000000 -32954.952633 18.583133 7.970027
7 300.000000 1.000000 0.200000 0.500000 0.100000 60.000000 0.000000 -32938.871184 22.384131 6.675443
7 300.000000 1.000000 0.200000 0.500000 0.100000 60.000000 0.000000 -32890.951148 15.146621 6.391151
7 300.000000 1.000000 0.200000 0.500000 0.100000 60.000000 0.000000 -32832.753995 14.482223 6.600126
6 300.000000 1.000000 0.100000 0.500000 0.100000 70.000000 0.000000 -32854.460261 20.845111 6.966910
8 300.000000 1.000000 0.300000 0.500000 0.100000 50.000000 0.000000 -32944.063263 9.490526 6.394046
8 300.000000 1.000000 0.300000 0.500000 0.100000 50.000000 0.000000 -32956.686010 5.104202 6.499310
13 300.000000 -1.000000 0.300000 0.500000 0.100000 50.000000 0.000000 -32874.699978 5.128286 6.880203
11 300.000000 -1.000000 0.500000 0.500000 0.100000 30.000000 0.000000 -32825.611591 2.411473 6.398201
12 300.000000 -1.000000 0.400000 0.500000 0.100000 40.000000 0.000000 -32995.685830 2.613541 7.522849
8 300.000000 1.000000 0.300000 0.500000 0.100000 50.000000 0.000000 -32827.013058 7.209956 6.487173
9 300.000000 1.000000 0.400000 0.500000 0.100000 40.000000 0.000000 -32905.371283 3.688943 6.677377
13 300.000000 -1.000000 0.300000 0.500000 0.100000 50.000000 0.000000 -32878.869187 9.725650 6.545911
12 300.000000 -1.000000 0.400000 0.500000 0.100000 40.000000 0.000000 -32868.843050 8.751521 6.940079
11 300.000000 -1.000000 0.500000 0.500000 0.100000 30.000000 0.000000 -32795.825632 2.020546 6.437672
11 300.000000 -1.000000 0.500000 0.500000 0.100000 30.000000 0.000000 -32831.960738 2.909907 6.536112
11 300.000000 -1.000000 0.500000 0.500000 0.100000 30.000000 0.000000 -32974.153339 -2.654589 8.218392
9 300.000000 1.000000 0.400000 0.500000 0.100000 40.000000 0.000000 -32927.835683 4.228153 6.589995
9 300.000000 1.000000 0.400000 0.500000 0.100000 40.000000 0.000000 -32847.087698 1.755652 6.651288
8 300.000000 1.000000 0.300000 0.500000 0.100000 50.000000 0.000000 -32887.340684 5.966784 6.530428
7 300.000000 1.000000 0.200000 0.500000 0.100000 60.000000 0.000000 -32814.969636 13.970880 6.390127
7 300.000000 1.000000 0.200000 0.500000 0.100000 60.000000 0.000000 -32812.774542 9.752668 6.421718
7 300.000000 1.000000 0.200000 0.500000 0.100000 60.000000 0.000000 -32757.150821 13.129934 6.451752
7 300.000000 1.000000 0.200000 0.500000 0.100000 60.000000 0.000000 -32750.283076 22.885421 6.811057
7 300.000000 1.000000 0.200000 0.500000 0.100000 60.000000 0.000000 -32956.530654 18.043476 6.406164
7 300.000000 1.000000 0.200000 0.500000 0.100000 60.000000 0.000000 -32770.150891 8.535088 6.708001
15 300.000000 -1.000000 0.100000 0.500000 0.100000 70.000000 0.000000 -32657.267056 52.597556 7.237553
18 300.000000 -1.000000 0.000000 0.300000 0.100000 100.000000 0.000000 -32844.010908 50.793209 7.750345
18 300.000000 -1.000000 0.000000 0.300000 0.100000 100.000000 0.000000 -32832.536240 61.810097 6.433637
19 300.000000 -1.000000 0.000000 0.200000 0.100000 110.000000 0.000000 -32901.877663 41.355926 7.461465
17 300.000000 -1.000000 0.000000 0.400000 0.100000 90.000000 0.000000 -32920.151901 68.070832 6.434233
17 300.000000 -1.000000 0.000000 0.400000 0.100000 90.000000 0.000000 -32813.402562 49.547556 6.418581
16 300.000000 -1.000000 0.000000 0.500000 0.100000 80.000000 0.000000 -32838.101781 34.811991 6.510350
18 300.000000 -1.000000 0.000000 0.300000 0.100000 100.000000 0.000000 -32969.059929 73.690314 6.543629
18 300.000000 -1.000000 0.000000 0.300000 0.100000 100.000000 0.000000 -32962.908716 71.929828 6.917057
17 300.000000 -1.000000 0.000000 0.400000 0.100000 90.000000 0.000000 -32871.531732 18.929424 8.085588
15 300.000000 -1.000000 0.100000 0.500000 0.100000 70.000000 0.000000 -32830.054070 35.791257 6.688516
17 300.000000 -1.000000 0.000000 0.400000 0.100000 90.000000 0.000000 -32956.162722 61.566365 7.145506
18 300.000000 -1.000000 0.000000 0.300000 0.100000 100.000000 0.000000 -32683.408015 50.292688 6.578956
17 300.000000 -1.000000 0.000000 0.400000 0.100000 90.000000 0.000000 -32780.481236 52.384740 6.752383
16 300.000000 -1.000000 0.000000 0.500000 0.100000 80.000000 0.000000 -32673.350890 37.282411 6.683424
15 300.000000 -1.000000 0.100000 0.500000 0.100000 70.000000 0.000000 -32854.203389 15.326748 6.589441
14 300.000000 -1.000000 0.200000 0.500000 0.100000 60.000000 0.000000 -32925.823255 15.286421 6.774485
16 300.000000 -1.000000 0.000000 0.500000 0.100000 80.000000 0.000000 -32857.808981 51.859302 7.700859
18 300.000000 -1.000000 0.000000 0.300000 0.100000 100.000000 0.000000 -32724.459175 46.782608 6.389927
18 300.000000 -1.000000 0.000000 0.300000 0.100000 100.000000 0.000000 -32923.847364 96.419633 6.532538
18 300.000000 -1.000000 0.000000 0.300000 0.100000 100.000000 0.000000 -32789.329625 74.000319 6.424063
19 300.000000 -1.000000 0.000000 0.200000 0.100000 110.000000 0.000000 -32710.929431 126.446514 6.036234
19 300.000000 -1.000000 0.000000 0.200000 0.100000 110.000000 0.000000 -32895.947656 66.123107 6.941471
17 300.000000 -1.000000 0.000000 0.400000 0.100000 90.000000 0.000000 -32826.284733 31.166458 7.144363
15 300.000000 -1.000000 0.100000 0.500000 0.100000 70.000000 0.000000 -32830.156811 47.118719 2.083126
16 300.000000 -1.000000 0.000000 0.500000 0.100000 80.000000 0.000000 -32761.076458 63.228459 3.417773
17 300.000000 -1.000000 0.000000 0.400000 0.100000 90.000000 0.000000 -32756.875103 80.675537 6.525159
17 300.000000 -1.000000 0.000000 0.400000 0.100000 90.000000 0.000000 -32844.354597 62.349447 3.455044
17 300.000000 -1.000000 0.000000 0.400000 0.100000 90.000000 0.000000 -32678.969371 64.799847 7.585335
19 300.000000 -1.000000 0.000000 0.200000 0.100000 110.000000 0.000000 -32920.227591 102.293497 6.393994
18 300.000000 -1.000000 0.000000 0.300000 0.100000 100.000000 0.000000 -32888.101013 62.820431 7.680147
17 300.000000 -1.000000 0.000000 0.400000 0.100000 90.000000 0.000000 -32878.918814 59.957239 6.420302
17 300.000000 -1.000000 0.000000 0.400000 0.100000 90.000000 0.000000 -32707.986539 40.895395 7.014368
15 300.000000 -1.000000 0.100000 0.500000 0.100000 70.000000 0.000000 -32786.537212 22.560671 6.423644
13 300.000000 -1.000000 0.300000 0.500000 0.100000 50.000000 0.000000 -32951.794848 -2.590427 6.440974
13 300.000000 -1.000000 0.300000 0.500000 0.100000 50.000000 0.000000 -32761.348185 8.501869 7.888099
8 300.000000 1.000000 0.300000 0.500000 0.100000 50.000000 0.000000 -33036.524897 1.181449 8.151653
8 300.000000 1.000000 0.300000 0.500000 0.100000 50.000000 0.000000 -32883.253564 16.468551 6.705300
7 300.000000 1.000000 0.200000 0.500000 0.100000 60.000000 0.000000 -32847.904714 20.812463 6.638972
6 300.000000 1.000000 0.100000 0.500000 0.100000 70.000000 0.000000 -32773.918816 11.165262 6.423986
8 300.000000 1.000000 0.300000 0.500000 0.100000 50.000000 0.000000 -32902.234386 7.555809 7.265338
8 300.000000 1.000000 0.300000 0.500000 0.100000 50.000000 0.000000 -32849.983415 10.378285 7.570381
7 300.000000 1.000000 0.200000 0.500000 0.100000 60.000000 0.000000 -32750.310185 12.047910 7.852454
7 300.000000 1.000000 0.200000 0.500000 0.100000 60.000000 0.000000 -32738.508849 9.308654 6.673355
7 300.000000 1.000000 0.200000 0.500000 0.100000 60.000000 0.000000 -32834.037528 11.865354 6.848549
7 300.000000 1.000000 0.200000 0.500000 0.100000 60.000000 0.000000 -32839.042368 8.283510 7.071386
8 300.000000 1.000000 0.300000 0.500000 0.100000 50.000000 0.000000 -32776.580516 13.740089 6.406056
7 300.000000 1.000000 0.200000 0.500000 0.100000 60.000000 0.000000 -32749.964730 10.030340 6.503285
8 300.000000 1.000000 0.300000 0.500000 0.100000 50.000000 0.000000 -32922.455332 8.243414 7.176301
7 300.000000 1.000000 0.200000 0.500000 0.100000 60.000000 0.000000 -32798.460725 4.937555 8.282654
7 300.000000 1.000000 0.200000 0.500000 0.100000 60.000000 0.000000 -32913.834451 14.882025 7.944160
6 300.000000 1.000000 0.100000 0.500000 0.100000 70.000000 0.000000 -32875.263584 21.554815 6.848878
7 300.000000 1.000000 0.200000 0.500000 0.100000 60.000000 0.000000 -32873.045877 19.411595 6.795987
6 300.000000 1.000000 0.100000 0.500000 0.100000 70.000000 0.000000 -32804.260734 27.148806 7.238966
6 300.000000 1.000000 0.100000 0.500000 0.100000 70.000000 0.000000 -32804.720542 21.224042 6.857957
6 300.000000 1.000000 0.100000 0.500000 0.100000 70.000000 0.000000 -32911.644925 29.719587 6.432943
6 300.000000 1.000000 0.100000 0.500000 0.100000 70.000000 0.000000 -32858.695808 24.753168 7.244588
5 300.000000 1.000000 0.000000 0.500000 0.100000 80.000000 0.000000 -32894.147933 55.447279 7.449351
4 300.000000 1.000000 0.000000 0.400000 0.100000 90.000000 0.000000 -33009.243202 64.628549 6.417081
3 300.000000 1.000000 0.000000 0.300000 0.100000 100.000000 0.000000 -32856.556057 56.072430 6.655845
4 300.000000 1.000000 0.000000 0.400000 0.100000 90.000000 0.000000 -32874.138997 63.971994 6.840146
4 300.000000 1.000000 0.000000 0.400000 0.100000 90.000000 0.000000 -32823.017244 57.864141 8.233723
4 300.000000 1.000000 0.000000 0.400000 0.100000 90.000000 0.000000 -32854.609145 49.667804 8.267261
5 300.000000 1.000000 0.000000 0.500000 0.100000 80.000000 0.000000 -32972.763523 47.308856 6.963489
2 300.000000 1.000000 0.000000 0.200000 0.100000 110.000000 0.000000 -32996.184274 103.416657 6.744878
2 300.000000 1.000000 0.000000 0.200000 0.100000 110.000000 0.000000 -32588.599675 107.146288 6.527661
2 300.000000 1.000000 0.000000 0.200000 0.100000 110.000000 0.000000 -32873.330280 141.459862 6.434858
2 300.000000 1.000000 0.000000 0.200000 0.100000 110.000000 0.000000 -32916.953452 75.535734 7.457685
3 300.000000 1.000000 0.000000 0.300000 0.100000 100.000000 0.000000 -32771.363822 73.419547 7.426365
3 300.000000 1.000000 0.000000 0.300000 0.100000 100.000000 0.000000 -32899.145992 73.827917 6.389710
3 300.000000 1.000000 0.000000 0.300000 0.100000 100.000000 0.000000 -32750.409963 75.109322 6.960976
3 300.000000 1.000000 0.000000 0.300000 0.100000 100.000000 0.000000 -32824.185772 72.983704 6.624418
4 300.000000 1.000000 0.000000 0.400000 0.100000 90.000000 0.000000 -32915.233593 80.618413 7.135073
4 300.000000 1.000000 0.000000 0.400000 0.100000 90.000000 0.000000 -32857.958445 81.450072 6.406146
3 300.000000 1.000000 0.000000 0.300000 0.100000 100.000000 0.000000 -32991.472570 87.337856 6.864362
3 300.000000 1.000000 0.000000 0.300000 0.100000 100.000000 0.000000 -32820.145226 55.475297 6.466057
4 300.000000 1.000000 0.000000 0.400000 0.100000 90.000000 0.000000 -32690.024198 79.366092 6.392858
3 300.000000 1.000000 0.000000 0.300000 0.100000 100.000000 0.000000 -32991.818490 82.067875 6.521154
3 300.000000 1.000000 0.000000 0.300000 0.100000 100.000000 0.000000 -32748.322694 84.756642 6.512035
3 300.000000 1.000000 0.000000 0.300000 0.100000 100.000000 0.000000 -32776.182132 69.983838 6.394030
5 300.000000 1.000000 0.000000 0.500000 0.100000 80.000000 0.000000 -32791.208408 60.699443 6.423260
3 300.000000 1.000000 0.000000 0.300000 0.100000 100.000000 0.000000 -32815.425116 56.146283 6.406273
4 300.000000 1.000000 0.000000 0.400000 0.100000 90.000000 0.000000 -32732.501486 64.862817 6.399675
5 300.000000 1.000000 0.000000 0.500000 0.100000 80.000000 0.000000 -32778.408379 62.308568 7.921345
4 300.000000 1.000000 0.000000 0.400000 0.100000 90.000000 0.000000 -32962.006197 74.434126 8.265330
4 300.000000 1.000000 0.000000 0.400000 0.100000 90.000000 0.000000 -32827.797577 38.953738 6.869762
5 300.000000 1.000000 0.000000 0.500000 0.100000 80.000000 0.000000 -32875.052579 62.859066 7.192105
3 300.000000 1.000000 0.000000 0.300000 0.100000 100.000000 0.000000 -32874.285763 89.420523 6.794103
3 300.000000 1.000000 0.000000 0.300000 0.100000 100.000000 0.000000 -32825.689586 59.041685 6.427014
3 300.000000 1.000000 0.000000 0.300000 0.100000 100.000000 0.000000 -32856.837853 45.135451 6.597028
4 300.000000 1.000000 0.000000 0.400000 0.100000 90.000000 0.000000 -32735.288655 44.728341 6.754720
4 300.000000 1.000000 0.000000 0.400000 0.100000 90.000000 0.000000 -32888.364936 37.526181 7.722008
6 300.000000 1.000000 0.100000 0.500000 0.100000 70.000000 0.000000 -32930.017071 15.253511 7.456613
6 300.000000 1.000000 0.100000 0.500000 0.100000 70.000000 0.000000 -32844.840587 4.585106 6.925019
7 300.000000 1.000000 0.200000 0.500000 0.100000 60.000000 0.000000 -32966.295563 17.251390 6.410195
7 300.000000 1.000000 0.200000 0.500000 0.100000 60.000000 0.000000 -32881.840804 22.188893 6.517205
7 300.000000 1.000000 0.200000 0.500000 0.100000 60.000000 0.000000 -33040.470808 4.511323 6.454348
9 300.000000 1.000000 0.400000 0.500000 0.100000 40.000000 0.000000 -33015.654738 -4.127032 6.854701
12 300.000000 -1.000000 0.400000 0.500000 0.100000 40.000000 0.000000 -32890.981793 5.465672 7.106097
12 300.000000 -1.000000 0.400000 0.500000 0.100000 40.000000 0.000000 -32680.063953 9.076863 7.027096
14 300.000000 -1.000000 0.200000 0.500000 0.100000 60.000000 0.000000 -32842.149551 12.907906 7.541619
14 300.000000 -1.000000 0.200000 0.500000 0.100000 60.000000 0.000000 -32762.503381 17.032373 6.399471
12 300.000000 -1.000000 0.400000 0.500000 0.100000 40.000000 0.000000 -32976.414802 0.601629 7.062447
11 300.000000 -1.000000 0.500000 0.500000 0.100000 30.000000 0.000000 -32844.518368 0.688020 6.393935
11 300.000000 -1.000000 0.500000 0.500000 0.100000 30.000000 0.000000 -32950.411451 0.278228 7.480363
10 300.000000 1.000000 0.500000 0.500000 0.100000 30.000000 0.000000 -32800.059585 -0.500918 6.663661
10 300.000000 1.000000 0.500000 0.500000 0.100000 30.000000 0.000000 -32790.999098 1.113580 6.859411
12 300.000000 -1.000000 0.400000 0.500000 0.100000 40.000000 0.000000 -32960.238386 2.660539 6.889707
13 300.000000 -1.000000 0.300000 0.500000 0.100000 50.000000 0.000000 -32869.119632 5.665265 6.820630
13 300.000000 -1.000000 0.300000 0.500000 0.100000 50.000000 0.000000 -32825.326523 3.792922 6.647355
13 300.000000 -1.000000 0.300000 0.500000 0.100000 50.000000 0.000000 -32938.998103 2.623260 7.253353
12 300.000000 -1.000000 0.400000 0.500000 0.100000 40.000000 0.000000 -32864.387147 2.971515 6.967518
13 300.000000 -1.000000 0.300000 0.500000 0.100000 50.000000 0.000000 -32835.227056 -4.893030 6.435362
13 300.000000 -1.000000 0.300000 0.500000 0.100000 50.000000 0.000000 -32647.151445 7.352442 8.282201
12 300.000000 -1.000000 0.400000 0.500000 0.100000 40.000000 0.000000 -32819.937644 4.264049 6.389720
12 300.000000 -1.000000 0.400000 0.500000 0.100000 40.000000 0.000000 -33035.338153 4.448417 7.462069
12 300.000000 -1.000000 0.400000 0.500000 0.100000 40.000000 0.000000 -32855.405688 1.592195 6.505019
13 300.000000 -1.000000 0.300000 0.500000 0.100000 50.000000 0.000000 -32860.228147 8.077811 6.788426
13 300.000000 -1.000000 0.300000 0.500000 0.100000 50.000000 0.000000 -32701.753375 10.930431 7.083654
15 300.000000 -1.000000 0.100000 0.500000 0.100000 70.000000 0.000000 -32930.887948 17.054809 6.488079
14 300.000000 -1.000000 0.200000 0.500000 0.100000 60.000000 0.000000 -32859.726036 5.328071 7.829344
13 300.000000 -1.000000 0.300000 0.500000 0.100000 50.000000 0.000000 -32630.092661 2.864919 7.551067
11 300.000000 -1.000000 0.500000 0.500000 0.100000 30.000000 0.000000 -32873.608353 -1.151375 7.877422
10 300.000000 1.000000 0.500000 0.500000 0.100000 30.000000 0.000000 -32701.335868 3.796786 6.389876
15 300.000000 -1.000000 0.100000 0.500000 0.100000 70.000000 0.000000 -32820.597432 34.824706 6.588019
15 300.000000 -1.000000 0.100000 0.500000 0.100000 70.000000 0.000000 -32862.364917 8.931974 7.355899
14 300.000000 -1.000000 0.200000 0.500000 0.100000 60.000000 0.000000 -32912.338850 6.753285 6.512285
15 300.000000 -1.000000 0.100000 0.500000 0.100000 70.000000 0.000000 -32959.866179 25.811053 6.478724
15 300.000000 -1.000000 0.100000 0.500000 0.100000 70.000000 0.000000 -32796.715137 14.911645 6.601785
15 300.000000 -1.000000 0.100000 0.500000 0.100000 70.000000 0.000000 -32769.273280 13.866370 6.390496
15 300.000000 -1.000000 0.100000 0.500000 0.100000 70.000000 0.000000 -32794.703627 13.910753 6.593721
15 300.000000 -1.000000 0.100000 0.500000 0.100000 70.000000 0.000000 -32989.904034 24.795100 6.850013
15 300.000000 -1.000000 0.100000 0.500000 0.100000 70.000000 0.000000 -32822.684366 15.491775 6.391834
14 300.000000 -1.000000 0.200000 0.500000 0.100000 60.000000 0.000000 -32805.885081 15.065643 6.689196
15 300.000000 -1.000000 0.100000 0.500000 0.100000 70.000000 0.000000 -32955.798299 14.416580 6.698313
14 300.000000 -1.000000 0.200000 0.500000 0.100000 60.000000 0.000000 -32866.815141 16.417408 6.862342
13 300.000000 -1.000000 0.300000 0.500000 0.100000 50.000000 0.000000 -32906.146364 6.018873 6.681616
13 300.000000 -1.000000 0.300000 0.500000 0.100000 50.000000 0.000000 -32893.945238 15.517422 6.995178
14 300.000000 -1.000000 0.200000 0.500000 0.100000 60.000000 0.000000 -32724.481004 5.796176 7.878436
11 300.000000 -1.000000 0.500000 0.500000 0.100000 30.000000 0.000000 -32969.429176 -4.977264 6.548326
11 300.000000 -1.000000 0.500000 0.500000 0.100000 30.000000 0.000000 -32706.723345 1.104710 8.228705
13 300.000000 -1.000000 0.300000 0.500000 0.100000 50.000000 0.000000 -32824.127608 4.160864 6.684382
13 300.000000 -1.000000 0.300000 0.500000 0.100000 50.000000 0.000000 -32870.529280 6.569615 7.634541
14 300.000000 -1.000000 0.200000 0.500000 0.100000 60.000000 0.000000 -32875.148564 6.676075 8.008065
12 300.000000 -1.000000 0.400000 0.500000 0.100000 40.000000 0.000000 -32947.020334 1.144118 6.402412
11 300.000000 -1.000000 0.500000 0.500000 0.100000 30.000000 0.000000 -32807.014797 0.686311 7.307352
13 300.000000 -1.000000 0.300000 0.500000 0.100000 50.000000 0.000000 -32963.589321 3.303856 6.670478
9 300.000000 1.000000 0.400000 0.500000 0.100000 40.000000 0.000000 -33006.120550 1.464492 6.431582
9 300.000000 1.000000 0.400000 0.500000 0.100000 40.000000 0.000000 -32792.705669 2.035708 7.288236
8 300.000000 1.000000 0.300000 0.500000 0.100000 50.000000 0.000000 -32880.318767 6.919478 7.001703
10 300.000000 1.000000 0.500000 0.500000 0.100000 30.000000 0.000000 -32924.489788 -2.155079 7.107063
11 300.000000 -1.000000 0.500000 0.500000 0.100000 30.000000 0.000000 -32814.896621 2.264945 7.352485
14 300.000000 -1.000000 0.200000 0.500000 0.100000 60.000000 0.000000 -32837.449043 11.084147 6.964873
14 300.000000 -1.000000 0.200000 0.500000 0.100000 60.000000 0.000000 -32816.151438 24.564625 7.906902
14 300.000000 -1.000000 0.200000 0.500000 0.100000 60.000000 0.000000 -32834.849732 14.216339 7.210453
14 300.000000 -1.000000 0.200000 0.500000 0.100000 60.000000 0.000000 -32940.813182 16.125169 7.571510
14 300.000000 -1.000000 0.200000 0.500000 0.100000 60.000000 0.000000 -32904.359754 8.688021 6.566734
13 300.000000 -1.000000 0.300000 0.500000 0.100000 50.000000 0.000000 -32909.616484 4.834834 6.390823
12 300.000000 -1.000000 0.400000 0.500000 0.100000 40.000000 0.000000 -32690.203845 3.413001 6.492696
10 300.000000 1.000000 0.500000 0.500000 0.100000 30.000000 0.000000 -33049.565235 -4.741152 6.459003
12 300.000000 -1.000000 0.400000 0.500000 0.100000 40.000000 0.000000 -32821.981081 5.836816 7.389089
13 300.000000 -1.000000 0.300000 0.500000 0.100000 50.000000 0.000000 -32798.916528 12.074246 6.757380
13 300.000000 -1.000000 0.300000 0.500000 0.100000 50.000000 0.000000 -32928.669081 -4.317294 6.651325
10 300.000000 1.000000 0.500000 0.500000 0.100000 30.000000 0.000000 -32717.575778 -5.634127 6.419077
10 300.000000 1.000000 0.500000 0.500000 0.100000 30.000000 0.000000 -32902.110325 -6.431533 6.396502
12 300.000000 -1.000000 0.400000 0.500000 0.100000 40.000000 0.000000 -32852.653003 2.255907 7.265785
13 300.000000 -1.000000 0.300000 0.500000 0.100000 50.000000 0.000000 -32999.905175 15.455490 7.155571
13 300.000000 -1.000000 0.300000 0.500000 0.100000 50.000000 0.000000 -32820.664795 1.322856 8.065837
10 300.000000 1.000000 0.500000 0.500000 0.100000 30.000000 0.000000 -32942.264265 -1.150830 6.553079
10 300.000000 1.000000 0.500000 0.500000 0.100000 30.000000 0.000000 -32821.575448 2.916439 6.658383
10 300.000000 1.000000 0.500000 0.500000 0.100000 30.000000 0.000000 -32936.122384 0.243593 6.410743
9 300.000000 1.000000 0.400000 0.500000 0.100000 40.000000 0.000000 -33008.703312 -7.922320 6.643441
9 300.000000 1.000000 0.400000 0.500000 0.100000 40.000000 0.000000 -32894.495773 7.033759 6.415054
9 300.000000 1.000000 0.400000 0.500000 0.100000 40.000000 0.000000 -32905.870079 0.742226 6.732176
9 300.000000 1.000000 0.400000 0.500000 0.100000 40.000000 0.000000 -32732.588389 -1.606887 7.712202
10 300.000000 1.000000 0.500000 0.500000 0.100000 30.000000 0.000000 -32999.031178 3.474985 7.899817
11 300.000000 -1.000000 0.500000 0.500000 0.100000 30.000000 0.000000 -32823.626765 5.583606 7.720283
8 300.000000 1.000000 0.300000 0.500000 0.100000 50.000000 0.000000 -32903.722215 16.075243 8.218707
6 300.000000 1.000000 0.100000 0.500000 0.100000 70.000000 0.000000 -32855.558508 21.910785 6.389773
7 300.000000 1.000000 0.200000 0.500000 0.100000 60.000000 0.000000 -32735.472466 21.922665 7.649279
6 300.000000 1.000000 0.100000 0.500000 0.100000 70.000000 0.000000 -32858.187658 21.448613 7.803765
6 300.000000 1.000000 0.100000 0.500000 0.100000 70.000000 0.000000 -32768.207233 10.426878 6.517994
6 300.000000 1.000000 0.100000 0.500000 0.100000 70.000000 0.000000 -32871.353064 21.225314 6.548395
6 300.000000 1.000000 0.100000 0.500000 0.100000 70.000000 0.000000 -32704.133326 22.037047 6.391889
7 300.000000 1.000000 0.200000 0.500000 0.100000 60.000000 0.000000 -32860.366019 12.121313 6.484306
8 300.000000 1.000000 0.300000 0.500000 0.100000 50.000000 0.000000 -32775.860789 15.152330 7.154658
6 300.000000 1.000000 0.100000 0.500000 0.100000 70.000000 0.000000 -32932.399910 22.578861 6.398247
5 300.000000 1.000000 0.000000 0.500000 0.100000 80.000000 0.000000 -32770.489800 37.118491 7.861713
6 300.000000 1.000000 0.100000 0.500000 0.100000 70.000000 0.000000 -32820.833729 21.836378 2.240076
6 300.000000 1.000000 0.100000 0.500000 0.100000 70.000000 0.000000 -32735.551651 18.712296 7.801105
6 300.000000 1.000000 0.100000 0.500000 0.100000 70.000000 0.000000 -32865.902191 25.778055 6.661835
4 300.000000 1.000000 0.000000 0.400000 0.100000 90.000000 0.000000 -32790.460340 63.786288 6.401868
5 300.000000 1.000000 0.000000 0.500000 0.100000 80.000000 0.000000 -32794.321906 58.494334 7.251261
5 300.000000 1.000000 0.000000 0.500000 0.100000 80.000000 0.000000 -32849.434033 48.543503 6.064104
5 300.000000 1.000000 0.000000 0.500000 0.100000 80.000000 0.000000 -32711.803973 39.154293 7.949559
5 300.000000 1.000000 0.000000 0.500000 0.100000 80.000000 0.000000 -32829.883411 50.849864 7.704621
6 300.000000 1.000000 0.100000 0.500000 0.100000 70.000000 0.000000 -32884.843792 18.081093 7.852593
7 300.000000 1.000000 0.200000 0.500000 0.100000 60.000000 0.000000 -32831.551475 22.696216 6.719442
7 300.000000 1.000000 0.200000 0.500000 0.100000 60.000000 0.000000 -32796.342128 18.202664 6.413250
7 300.000000 1.000000 0.200000 0.500000 0.100000 60.000000 0.000000 -32898.231675 8.093545 8.254653
7 300.000000 1.000000 0.200000 0.500000 0.100000 60.000000 0.000000 -32744.939826 7.332580 6.944048
10 300.000000 1.000000 0.500000 0.500000 0.100000 30.000000 0.000000 -33011.539444 3.955271 8.282982
7 300.000000 1.000000 0.200000 0.500000 0.100000 60.000000 0.000000 -32810.432718 5.619029 6.414494
