300.000000 0.000000 0.000000 0.000000 0.000000 0.000000 0.000000 -32417.215884 957.976461
300.000000 0.002000 0.002000 0.002000 0.000000 0.000000 0.000000 -32468.692724 913.094323
300.000000 0.004000 0.004000 0.004000 0.000000 0.000000 0.000000 -32484.493996 891.800558
300.000000 0.006000 0.006000 0.006000 0.000000 0.000000 0.000000 -32516.450311 897.878409
300.000000 0.008000 0.008000 0.008000 0.000000 0.000000 0.000000 -32391.126333 900.624372
300.000000 0.010000 0.010000 0.010000 0.000000 0.000000 0.000000 -32452.616964 932.029577
300.000000 0.012000 0.012000 0.012000 0.000000 0.000000 0.000000 -32475.897233 922.827370
300.000000 0.014000 0.014000 0.014000 0.000000 0.000000 0.000000 -32336.681314 996.183067
300.000000 0.016000 0.016000 0.016000 0.000000 0.000000 0.000000 -32400.090936 891.911695
300.000000 0.018000 0.018000 0.018000 0.000000 0.000000 0.000000 -32499.516866 893.531438
300.000000 0.020000 0.020000 0.020000 0.000000 0.000000 0.000000 -32452.555503 885.744548
300.000000 0.022000 0.022000 0.022000 0.000000 0.000000 0.000000 -32385.830479 949.303550
300.000000 0.024000 0.024000 0.024000 0.000000 0.000000 0.000000 -32584.257234 752.477788
300.000000 0.026000 0.026000 0.026000 0.000000 0.000000 0.000000 -32584.114446 744.405694
300.000000 0.028000 0.028000 0.028000 0.000000 0.000000 0.000000 -32544.446366 657.330417
300.000000 0.030000 0.030000 0.030000 0.000000 0.000000 0.000000 -32459.563158 745.844510
300.000000 0.032000 0.032000 0.032000 0.000000 0.000000 0.000000 -32531.991376 676.834150
300.000000 0.034000 0.034000 0.034000 0.000000 0.000000 0.000000 -32435.859201 641.089891
300.000000 0.036000 0.036000 0.036000 0.000000 0.000000 0.000000 -32505.565334 86.234233
300.000000 0.038000 0.038000 0.038000 0.000000 0.000000 0.000000 -32519.159354 74.844261
300.000000 0.040000 0.040000 0.040000 0.000000 0.000000 0.000000 -32409.104518 80.145037
300.000000 0.042000 0.042000 0.042000 0.000000 0.000000 0.000000 -32391.632620 88.422639
300.000000 0.044000 0.044000 0.044000 0.000000 0.000000 0.000000 -32307.471514 132.026285
300.000000 0.046000 0.046000 0.046000 0.000000 0.000000 0.000000 -32416.754759 115.814449
300.000000 0.048000 0.048000 0.048000 0.000000 0.000000 0.000000 -32583.316668 80.607440
300.000000 0.050000 0.050000 0.050000 0.000000 0.000000 0.000000 -32474.093153 77.872419
300.000000 0.052000 0.052000 0.052000 0.000000 0.000000 0.000000 -32479.019924 119.586070
300.000000 0.054000 0.054000 0.054000 0.000000 0.000000 0.000000 -32435.758110 27.534504
300.000000 0.056000 0.056000 0.056000 0.000000 0.000000 0.000000 -32406.292547 32.084780
300.000000 0.058000 0.058000 0.058000 0.000000 0.000000 0.000000 -32370.574780 140.336262
300.000000 0.060000 0.060000 0.060000 0.000000 0.000000 0.000000 -32476.675243 131.776573
300.000000 0.062000 0.062000 0.062000 0.000000 0.000000 0.000000 -32480.479100 39.398558
300.000000 0.064000 0.064000 0.064000 0.000000 0.000000 0.000000 -32355.262156 58.916990
300.000000 0.066000 0.066000 0.066000 0.000000 0.000000 0.000000 -32433.776868 76.288997
300.000000 0.068000 0.068000 0.068000 0.000000 0.000000 0.000000 -32359.748290 76.271486
300.000000 0.070000 0.070000 0.070000 0.000000 0.000000 0.000000 -32456.178980 105.047753
300.000000 0.072000 0.072000 0.072000 0.000000 0.000000 0.000000 -32479.322048 52.647694
300.000000 0.074000 0.074000 0.074000 0.000000 0.000000 0.000000 -32481.937892 57.848474
300.000000 0.076000 0.076000 0.076000 0.000000 0.000000 0.000000 -32473.008071 35.555177
300.000000 0.078000 0.078000 0.078000 0.000000 0.000000 0.000000 -32481.881311 64.892945
300.000000 0.080000 0.080000 0.080000 0.000000 0.000000 0.000000 -32379.311412 71.610226
300.000000 0.082000 0.082000 0.082000 0.000000 0.000000 0.000000 -32376.627219 49.506831
300.000000 0.084000 0.084000 0.084000 0.000000 0.000000 0.000000 -32397.471425 77.389946
300.000000 0.086000 0.086000 0.086000 0.000000 0.000000 0.000000 -32562.780299 38.960110
300.000000 0.088000 0.088000 0.088000 0.000000 0.000000 0.000000 -32564.101707 41.765410
300.000000 0.090000 0.090000 0.090000 0.000000 0.000000 0.000000 -32511.811493 24.820847
300.000000 0.092000 0.092000 0.092000 0.000000 0.000000 0.000000 -32579.250468 43.864779
300.000000 0.094000 0.094000 0.094000 0.000000 0.000000 0.000000 -32607.873068 48.554362
300.000000 0.096000 0.096000 0.096000 0.000000 0.000000 0.000000 -32512.844891 48.803802
300.000000 0.098000 0.098000 0.098000 0.000000 0.000000 0.000000 -32577.070162 64.677432
300.000000 0.100000 0.100000 0.100000 0.000000 0.000000 0.000000 -32554.528730 36.981544
300.000000 0.102000 0.102000 0.102000 0.000000 0.000000 0.000000 -32614.498934 38.114982
300.000000 0.104000 0.104000 0.104000 0.000000 0.000000 0.000000 -32579.792366 61.765600
300.000000 0.106000 0.106000 0.106000 0.000000 0.000000 0.000000 -32678.638584 38.216240
300.000000 0.108000 0.108000 0.108000 0.000000 0.000000 0.000000 -32592.903953 60.035773
300.000000 0.110000 0.110000 0.110000 0.000000 0.000000 0.000000 -32604.509678 18.768400
300.000000 0.112000 0.112000 0.112000 0.000000 0.000000 0.000000 -32530.578050 43.799965
300.000000 0.114000 0.114000 0.114000 0.000000 0.000000 0.000000 -32591.909566 32.926387
300.000000 0.116000 0.116000 0.116000 0.000000 0.000000 0.000000 -32510.682011 44.592006
300.000000 0.118000 0.118000 0.118000 0.000000 0.000000 0.000000 -32550.499310 24.628518
300.000000 0.120000 0.120000 0.120000 0.000000 0.000000 0.000000 -32505.279209 27.711762
300.000000 0.122000 0.122000 0.122000 0.000000 0.000000 0.000000 -32513.304078 23.542595
300.000000 0.124000 0.124000 0.124000 0.000000 0.000000 0.000000 -32583.566399 11.064892
300.000000 0.126000 0.126000 0.126000 0.000000 0.000000 0.000000 -32568.634768 27.376974
300.000000 0.128000 0.128000 0.128000 0.000000 0.000000 0.000000 -32672.755081 21.559608
300.000000 0.130000 0.130000 0.130000 0.000000 0.000000 0.000000 -32597.542051 27.844169
300.000000 0.132000 0.132000 0.132000 0.000000 0.000000 0.000000 -32442.874224 28.291753
300.000000 0.134000 0.134000 0.134000 0.000000 0.000000 0.000000 -32566.404127 38.955501
300.000000 0.136000 0.136000 0.136000 0.000000 0.000000 0.000000 -32506.574548 9.554918
300.000000 0.138000 0.138000 0.138000 0.000000 0.000000 0.000000 -32421.104115 26.457320
300.000000 0.140000 0.140000 0.140000 0.000000 0.000000 0.000000 -32517.071388 47.968770
300.000000 0.142000 0.142000 0.142000 0.000000 0.000000 0.000000 -32432.940308 21.305882
300.000000 0.144000 0.144000 0.144000 0.000000 0.000000 0.000000 -32350.209453 25.218975
300.000000 0.146000 0.146000 0.146000 0.000000 0.000000 0.000000 -32363.549890 23.514721
300.000000 0.148000 0.148000 0.148000 0.000000 0.000000 0.000000 -32419.639076 32.688227
300.000000 0.150000 0.150000 0.150000 0.000000 0.000000 0.000000 -32381.575756 31.590900
300.000000 0.152000 0.152000 0.152000 0.000000 0.000000 0.000000 -32398.234695 31.108541
300.000000 0.154000 0.154000 0.154000 0.000000 0.000000 0.000000 -32438.972451 32.514949
300.000000 0.156000 0.156000 0.156000 0.000000 0.000000 0.000000 -32480.077009 20.070938
300.000000 0.158000 0.158000 0.158000 0.000000 0.000000 0.000000 -32399.418017 32.772211
300.000000 0.160000 0.160000 0.160000 0.000000 0.000000 0.000000 -32502.556666 22.431323
300.000000 0.162000 0.162000 0.162000 0.000000 0.000000 0.000000 -32416.108890 34.127762
300.000000 0.164000 0.164000 0.164000 0.000000 0.000000 0.000000 -32472.644584 17.399229
300.000000 0.166000 0.166000 0.166000 0.000000 0.000000 0.000000 -32555.058207 31.589244
300.000000 0.168000 0.168000 0.168000 0.000000 0.000000 0.000000 -32495.566250 27.378116
300.000000 0.170000 0.170000 0.170000 0.000000 0.000000 0.000000 -32525.977187 29.315074
300.000000 0.172000 0.172000 0.172000 0.000000 0.000000 0.000000 -32484.378514 17.489406
300.000000 0.174000 0.174000 0.174000 0.000000 0.000000 0.000000 -32497.041029 23.721740
300.000000 0.176000 0.176000 0.176000 0.000000 0.000000 0.000000 -32544.350967 24.135659
300.000000 0.178000 0.178000 0.178000 0.000000 0.000000 0.000000 -32511.154472 19.167947
300.000000 0.180000 0.180000 0.180000 0.000000 0.000000 0.000000 -32535.602519 24.058937
300.000000 0.182000 0.182000 0.182000 0.000000 0.000000 0.000000 -32582.690674 35.439592
300.000000 0.184000 0.184000 0.184000 0.000000 0.000000 0.000000 -32560.620443 27.802505
300.000000 0.186000 0.186000 0.186000 0.000000 0.000000 0.000000 -32703.570352 45.010803
300.000000 0.188000 0.188000 0.188000 0.000000 0.000000 0.000000 -32546.565461 27.655392
300.000000 0.190000 0.190000 0.190000 0.000000 0.000000 0.000000 -32515.226989 27.196740
300.000000 0.192000 0.192000 0.192000 0.000000 0.000000 0.000000 -32519.916209 23.459422
300.000000 0.194000 0.194000 0.194000 0.000000 0.000000 0.000000 -32527.332387 27.735424
300.000000 0.196000 0.196000 0.196000 0.000000 0.000000 0.000000 -32567.271780 15.963344
300.000000 0.198000 0.198000 0.198000 0.000000 0.000000 0.000000 -32584.948704 20.214813
300.000000 0.200000 0.200000 0.200000 0.000000 0.000000 0.000000 -32458.802924 23.039311
300.000000 0.202000 0.202000 0.202000 0.000000 0.000000 0.000000 -32532.166569 23.694663
300.000000 0.204000 0.204000 0.204000 0.000000 0.000000 0.000000 -32533.796937 39.347675
300.000000 0.206000 0.206000 0.206000 0.000000 0.000000 0.000000 -32550.048005 24.381509
300.000000 0.208000 0.208000 0.208000 0.000000 0.000000 0.000000 -32495.879841 22.969118
300.000000 0.210000 0.210000 0.210000 0.000000 0.000000 0.000000 -32531.713754 11.084415
300.000000 0.212000 0.212000 0.212000 0.000000 0.000000 0.000000 -32637.660551 17.730190
300.000000 0.214000 0.214000 0.214000 0.000000 0.000000 0.000000 -32475.620428 28.333051
300.000000 0.216000 0.216000 0.216000 0.000000 0.000000 0.000000 -32469.944068 14.688972
300.000000 0.218000 0.218000 0.218000 0.000000 0.000000 0.000000 -32520.313226 33.126392
300.000000 0.220000 0.220000 0.220000 0.000000 0.000000 0.000000 -32479.379328 33.633670
300.000000 0.222000 0.222000 0.222000 0.000000 0.000000 0.000000 -32560.968964 26.542217
300.000000 0.224000 0.224000 0.224000 0.000000 0.000000 0.000000 -32461.931944 0.345337
300.000000 0.226000 0.226000 0.226000 0.000000 0.000000 0.000000 -32645.533648 10.045859
300.000000 0.228000 0.228000 0.228000 0.000000 0.000000 0.000000 -32461.203970 21.357926
300.000000 0.230000 0.230000 0.230000 0.000000 0.000000 0.000000 -32458.525210 24.468458
300.000000 0.232000 0.232000 0.232000 0.000000 0.000000 0.000000 -32528.685336 19.532759
300.000000 0.234000 0.234000 0.234000 0.000000 0.000000 0.000000 -32385.353898 16.897526
300.000000 0.236000 0.236000 0.236000 0.000000 0.000000 0.000000 -32431.568401 13.610670
300.000000 0.238000 0.238000 0.238000 0.000000 0.000000 0.000000 -32519.982548 13.799423
300.000000 0.240000 0.240000 0.240000 0.000000 0.000000 0.000000 -32432.528181 17.388665
300.000000 0.242000 0.242000 0.242000 0.000000 0.000000 0.000000 -32517.236245 19.977943
300.000000 0.244000 0.244000 0.244000 0.000000 0.000000 0.000000 -32621.768143 28.472546
300.000000 0.246000 0.246000 0.246000 0.000000 0.000000 0.000000 -32540.171819 7.392160
300.000000 0.248000 0.248000 0.248000 0.000000 0.000000 0.000000 -32472.924752 21.240306
300.000000 0.250000 0.250000 0.250000 0.000000 0.000000 0.000000 -32392.720333 12.660063
300.000000 0.252000 0.252000 0.252000 0.000000 0.000000 0.000000 -32433.033780 1.080123
300.000000 0.254000 0.254000 0.254000 0.000000 0.000000 0.000000 -32411.619760 19.760239
300.000000 0.256000 0.256000 0.256000 0.000000 0.000000 0.000000 -32457.272186 13.092860
300.000000 0.258000 0.258000 0.258000 0.000000 0.000000 0.000000 -32400.501371 16.659439
300.000000 0.260000 0.260000 0.260000 0.000000 0.000000 0.000000 -32457.803140 18.915115
300.000000 0.262000 0.262000 0.262000 0.000000 0.000000 0.000000 -32412.136218 11.994117
300.000000 0.264000 0.264000 0.264000 0.000000 0.000000 0.000000 -32492.371711 10.386441
300.000000 0.266000 0.266000 0.266000 0.000000 0.000000 0.000000 -32446.399490 7.901533
300.000000 0.268000 0.268000 0.268000 0.000000 0.000000 0.000000 -32554.096376 16.004677
300.000000 0.270000 0.270000 0.270000 0.000000 0.000000 0.000000 -32440.156094 16.873614
300.000000 0.272000 0.272000 0.272000 0.000000 0.000000 0.000000 -32394.963779 34.777899
300.000000 0.274000 0.274000 0.274000 0.000000 0.000000 0.000000 -32374.350113 10.844971
300.000000 0.276000 0.276000 0.276000 0.000000 0.000000 0.000000 -32330.324212 22.913991
300.000000 0.278000 0.278000 0.278000 0.000000 0.000000 0.000000 -32392.960784 14.681334
300.000000 0.280000 0.280000 0.280000 0.000000 0.000000 0.000000 -32389.737130 14.464518
300.000000 0.282000 0.282000 0.282000 0.000000 0.000000 0.000000 -32497.577772 1.683804
300.000000 0.284000 0.284000 0.284000 0.000000 0.000000 0.000000 -32458.754305 2.368870
300.000000 0.286000 0.286000 0.286000 0.000000 0.000000 0.000000 -32508.763501 13.384317
300.000000 0.288000 0.288000 0.288000 0.000000 0.000000 0.000000 -32584.520256 17.541582
300.000000 0.290000 0.290000 0.290000 0.000000 0.000000 0.000000 -32562.521613 14.871711
300.000000 0.292000 0.292000 0.292000 0.000000 0.000000 0.000000 -32564.070774 5.750216
300.000000 0.294000 0.294000 0.294000 0.000000 0.000000 0.000000 -32652.189499 20.667961
300.000000 0.296000 0.296000 0.296000 0.000000 0.000000 0.000000 -32460.011428 3.631217
300.000000 0.298000 0.298000 0.298000 0.000000 0.000000 0.000000 -32560.009343 8.138599
300.000000 0.300000 0.300000 0.300000 0.000000 0.000000 0.000000 -32395.898281 10.234315
300.000000 0.302000 0.302000 0.302000 0.000000 0.000000 0.000000 -32520.459445 10.510930
300.000000 0.304000 0.304000 0.304000 0.000000 0.000000 0.000000 -32512.057592 12.759120
300.000000 0.306000 0.306000 0.306000 0.000000 0.000000 0.000000 -32434.778094 15.053566
300.000000 0.308000 0.308000 0.308000 0.000000 0.000000 0.000000 -32453.250022 14.592217
300.000000 0.310000 0.310000 0.310000 0.000000 0.000000 0.000000 -32427.488625 15.809281
300.000000 0.312000 0.312000 0.312000 0.000000 0.000000 0.000000 -32377.323387 10.040232
300.000000 0.314000 0.314000 0.314000 0.000000 0.000000 0.000000 -32551.409926 12.872912
300.000000 0.316000 0.316000 0.316000 0.000000 0.000000 0.000000 -32617.352964 15.810645
300.000000 0.318000 0.318000 0.318000 0.000000 0.000000 0.000000 -32542.014892 15.780064
300.000000 0.320000 0.320000 0.320000 0.000000 0.000000 0.000000 -32609.135421 -1.423478
300.000000 0.322000 0.322000 0.322000 0.000000 0.000000 0.000000 -32478.163044 -3.667031
300.000000 0.324000 0.324000 0.324000 0.000000 0.000000 0.000000 -32585.415868 0.390492
300.000000 0.326000 0.326000 0.326000 0.000000 0.000000 0.000000 -32495.904145 27.887642
300.000000 0.328000 0.328000 0.328000 0.000000 0.000000 0.000000 -32614.874097 4.085802
300.000000 0.330000 0.330000 0.330000 0.000000 0.000000 0.000000 -32517.145658 9.661414
300.000000 0.332000 0.332000 0.332000 0.000000 0.000000 0.000000 -32515.046944 9.379097
300.000000 0.334000 0.334000 0.334000 0.000000 0.000000 0.000000 -32472.709751 2.613961
300.000000 0.336000 0.336000 0.336000 0.000000 0.000000 0.000000 -32470.830719 4.201091
300.000000 0.338000 0.338000 0.338000 0.000000 0.000000 0.000000 -32512.893550 6.040423
300.000000 0.340000 0.340000 0.340000 0.000000 0.000000 0.000000 -32557.564489 -4.268268
300.000000 0.342000 0.342000 0.342000 0.000000 0.000000 0.000000 -32573.590437 18.705770
300.000000 0.344000 0.344000 0.344000 0.000000 0.000000 0.000000 -32609.218998 17.129039
300.000000 0.346000 0.346000 0.346000 0.000000 0.000000 0.000000 -32528.544372 10.235434
300.000000 0.348000 0.348000 0.348000 0.000000 0.000000 0.000000 -32504.322312 -4.147787
300.000000 0.350000 0.350000 0.350000 0.000000 0.000000 0.000000 -32539.345608 10.260725
300.000000 0.352000 0.352000 0.352000 0.000000 0.000000 0.000000 -32550.029782 1.758565
300.000000 0.354000 0.354000 0.354000 0.000000 0.000000 0.000000 -32658.173497 -3.102018
300.000000 0.356000 0.356000 0.356000 0.000000 0.000000 0.000000 -32547.058859 14.906294
300.000000 0.358000 0.358000 0.358000 0.000000 0.000000 0.000000 -32549.848905 -1.449263
300.000000 0.360000 0.360000 0.360000 0.000000 0.000000 0.000000 -32549.427898 9.289086
300.000000 0.362000 0.362000 0.362000 0.000000 0.000000 0.000000 -32505.376052 1.580257
300.000000 0.364000 0.364000 0.364000 0.000000 0.000000 0.000000 -32551.521146 15.839636
300.000000 0.366000 0.366000 0.366000 0.000000 0.000000 0.000000 -32458.777581 17.974368
300.000000 0.368000 0.368000 0.368000 0.000000 0.000000 0.000000 -32487.257041 3.220818
300.000000 0.370000 0.370000 0.370000 0.000000 0.000000 0.000000 -32570.937866 2.697129
300.000000 0.372000 0.372000 0.372000 0.000000 0.000000 0.000000 -32521.290986 0.093151
300.000000 0.374000 0.374000 0.374000 0.000000 0.000000 0.000000 -32423.667198 11.600094
300.000000 0.376000 0.376000 0.376000 0.000000 0.000000 0.000000 -32334.607931 7.130228
300.000000 0.378000 0.378000 0.378000 0.000000 0.000000 0.000000 -32432.973232 4.624570
300.000000 0.380000 0.380000 0.380000 0.000000 0.000000 0.000000 -32322.880789 8.936250
300.000000 0.382000 0.382000 0.382000 0.000000 0.000000 0.000000 -32420.311233 9.021340
300.000000 0.384000 0.384000 0.384000 0.000000 0.000000 0.000000 -32342.222875 1.541437
300.000000 0.386000 0.386000 0.386000 0.000000 0.000000 0.000000 -32487.078967 -4.052428
300.000000 0.388000 0.388000 0.388000 0.000000 0.000000 0.000000 -32295.544997 11.710934
300.000000 0.390000 0.390000 0.390000 0.000000 0.000000 0.000000 -32349.621909 6.564643
300.000000 0.392000 0.392000 0.392000 0.000000 0.000000 0.000000 -32365.634458 -3.898075
300.000000 0.394000 0.394000 0.394000 0.000000 0.000000 0.000000 -32439.986045 9.722564
300.000000 0.396000 0.396000 0.396000 0.000000 0.000000 0.000000 -32503.977688 3.545192
300.000000 0.398000 0.398000 0.398000 0.000000 0.000000 0.000000 -32478.600916 4.138091
300.000000 0.400000 0.400000 0.400000 0.000000 0.000000 0.000000 -32530.756649 0.462879
300.000000 0.402000 0.402000 0.402000 0.000000 0.000000 0.000000 -32566.431508 16.349851
300.000000 0.404000 0.404000 0.404000 0.000000 0.000000 0.000000 -32394.938414 23.037590
300.000000 0.406000 0.406000 0.406000 0.000000 0.000000 0.000000 -32545.483010 7.218977
300.000000 0.408000 0.408000 0.408000 0.000000 0.000000 0.000000 -32415.148410 -1.625757
300.000000 0.410000 0.410000 0.410000 0.000000 0.000000 0.000000 -32550.252246 6.046298
300.000000 0.412000 0.412000 0.412000 0.000000 0.000000 0.000000 -32405.847018 0.971239
300.000000 0.414000 0.414000 0.414000 0.000000 0.000000 0.000000 -32504.668215 -11.215383
300.000000 0.416000 0.416000 0.416000 0.000000 0.000000 0.000000 -32405.349017 1.315156
300.000000 0.418000 0.418000 0.418000 0.000000 0.000000 0.000000 -32424.889033 7.736172
300.000000 0.420000 0.420000 0.420000 0.000000 0.000000 0.000000 -32361.509953 10.140614
300.000000 0.422000 0.422000 0.422000 0.000000 0.000000 0.000000 -32396.838488 10.969646
300.000000 0.424000 0.424000 0.424000 0.000000 0.000000 0.000000 -32468.974268 16.858699
300.000000 0.426000 0.426000 0.426000 0.000000 0.000000 0.000000 -32519.607529 8.446696
300.000000 0.428000 0.428000 0.428000 0.000000 0.000000 0.000000 -32453.132635 -0.510135
300.000000 0.430000 0.430000 0.430000 0.000000 0.000000 0.000000 -32444.681224 -3.182288
300.000000 0.432000 0.432000 0.432000 0.000000 0.000000 0.000000 -32347.481074 -0.023135
300.000000 0.434000 0.434000 0.434000 0.000000 0.000000 0.000000 -32411.828243 5.033298
300.000000 0.436000 0.436000 0.436000 0.000000 0.000000 0.000000 -32353.397432 4.973448
300.000000 0.438000 0.438000 0.438000 0.000000 0.000000 0.000000 -32424.048254 15.070081
300.000000 0.440000 0.440000 0.440000 0.000000 0.000000 0.000000 -32395.279515 4.001759
300.000000 0.442000 0.442000 0.442000 0.000000 0.000000 0.000000 -32423.718158 2.243310
300.000000 0.444000 0.444000 0.444000 0.000000 0.000000 0.000000 -32357.195201 9.430755
300.000000 0.446000 0.446000 0.446000 0.000000 0.000000 0.000000 -32394.376495 -1.189886
300.000000 0.448000 0.448000 0.448000 0.000000 0.000000 0.000000 -32475.895601 0.553899
300.000000 0.450000 0.450000 0.450000 0.000000 0.000000 0.000000 -32470.499346 -1.686068
300.000000 0.452000 0.452000 0.452000 0.000000 0.000000 0.000000 -32587.715185 8.613741
300.000000 0.454000 0.454000 0.454000 0.000000 0.000000 0.000000 -32461.521451 1.473032
300.000000 0.456000 0.456000 0.456000 0.000000 0.000000 0.000000 -32490.642995 4.184639
300.000000 0.458000 0.458000 0.458000 0.000000 0.000000 0.000000 -32498.623334 -5.469288
300.000000 0.460000 0.460000 0.460000 0.000000 0.000000 0.000000 -32492.368143 6.844789
300.000000 0.462000 0.462000 0.462000 0.000000 0.000000 0.000000 -32530.743271 -1.785738
300.000000 0.464000 0.464000 0.464000 0.000000 0.000000 0.000000 -32400.994819 -2.837783
300.000000 0.466000 0.466000 0.466000 0.000000 0.000000 0.000000 -32486.749240 -3.430300
300.000000 0.468000 0.468000 0.468000 0.000000 0.000000 0.000000 -32439.452730 -1.692967
300.000000 0.470000 0.470000 0.470000 0.000000 0.000000 0.000000 -32383.498167 0.116167
300.000000 0.472000 0.472000 0.472000 0.000000 0.000000 0.000000 -32440.688259 -5.449848
300.000000 0.474000 0.474000 0.474000 0.000000 0.000000 0.000000 -32432.106214 4.297584
300.000000 0.476000 0.476000 0.476000 0.000000 0.000000 0.000000 -32344.857332 -4.587731
300.000000 0.478000 0.478000 0.478000 0.000000 0.000000 0.000000 -32420.333012 -4.584537
300.000000 0.480000 0.480000 0.480000 0.000000 0.000000 0.000000 -32330.203208 4.409616
300.000000 0.482000 0.482000 0.482000 0.000000 0.000000 0.000000 -32395.699315 -4.132262
300.000000 0.484000 0.484000 0.484000 0.000000 0.000000 0.000000 -32353.113225 4.385888
300.000000 0.486000 0.486000 0.486000 0.000000 0.000000 0.000000 -32353.045483 -4.314248
300.000000 0.488000 0.488000 0.488000 0.000000 0.000000 0.000000 -32536.966346 -1.052345
300.000000 0.490000 0.490000 0.490000 0.000000 0.000000 0.000000 -32519.946014 -4.081959
300.000000 0.492000 0.492000 0.492000 0.000000 0.000000 0.000000 -32415.651590 7.582253
300.000000 0.494000 0.494000 0.494000 0.000000 0.000000 0.000000 -32460.169350 -2.143728
300.000000 0.496000 0.496000 0.496000 0.000000 0.000000 0.000000 -32349.512104 -6.999969
300.000000 0.498000 0.498000 0.498000 0.000000 0.000000 0.000000 -32390.467405 -5.900072
