300.000000 0.000000 0.000000 0.000000 0.000000 0.000000 0.000000 -34958.451591 853.328756
300.000000 0.002000 0.002000 0.002000 0.000000 0.000000 0.000000 -35050.590061 779.065875
300.000000 0.004000 0.004000 0.004000 0.000000 0.000000 0.000000 -35176.146188 856.949925
300.000000 0.006000 0.006000 0.006000 0.000000 0.000000 0.000000 -35201.712801 744.992828
300.000000 0.008000 0.008000 0.008000 0.000000 0.000000 0.000000 -35353.937387 667.859472
300.000000 0.010000 0.010000 0.010000 0.000000 0.000000 0.000000 -35302.701193 828.429448
300.000000 0.012000 0.012000 0.012000 0.000000 0.000000 0.000000 -35270.011278 884.037434
300.000000 0.014000 0.014000 0.014000 0.000000 0.000000 0.000000 -35298.624784 967.632949
300.000000 0.016000 0.016000 0.016000 0.000000 0.000000 0.000000 -35288.585019 888.659859
300.000000 0.018000 0.018000 0.018000 0.000000 0.000000 0.000000 -35399.884211 953.710970
300.000000 0.020000 0.020000 0.020000 0.000000 0.000000 0.000000 -35292.217363 946.803776
300.000000 0.022000 0.022000 0.022000 0.000000 0.000000 0.000000 -35305.710498 889.931028
300.000000 0.024000 0.024000 0.024000 0.000000 0.000000 0.000000 -35248.630607 917.520142
300.000000 0.026000 0.026000 0.026000 0.000000 0.000000 0.000000 -35113.312760 845.224959
300.000000 0.028000 0.028000 0.028000 0.000000 0.000000 0.000000 -35070.555598 774.694374
300.000000 0.030000 0.030000 0.030000 0.000000 0.000000 0.000000 -35109.496080 617.488739
300.000000 0.032000 0.032000 0.032000 0.000000 0.000000 0.000000 -35170.002511 214.690176
300.000000 0.034000 0.034000 0.034000 0.000000 0.000000 0.000000 -35109.925490 216.263744
300.000000 0.036000 0.036000 0.036000 0.000000 0.000000 0.000000 -35135.259401 175.506738
300.000000 0.038000 0.038000 0.038000 0.000000 0.000000 0.000000 -35185.298872 156.076877
300.000000 0.040000 0.040000 0.040000 0.000000 0.000000 0.000000 -35061.998113 132.783355
300.000000 0.042000 0.042000 0.042000 0.000000 0.000000 0.000000 -35153.702965 108.816642
300.000000 0.044000 0.044000 0.044000 0.000000 0.000000 0.000000 -35193.451658 126.861126
300.000000 0.046000 0.046000 0.046000 0.000000 0.000000 0.000000 -35312.050411 100.450546
300.000000 0.048000 0.048000 0.048000 0.000000 0.000000 0.000000 -35272.671256 58.289556
300.000000 0.050000 0.050000 0.050000 0.000000 0.000000 0.000000 -35211.137792 68.736353
300.000000 0.052000 0.052000 0.052000 0.000000 0.000000 0.000000 -35238.878835 93.169178
300.000000 0.054000 0.054000 0.054000 0.000000 0.000000 0.000000 -35290.770173 120.868857
300.000000 0.056000 0.056000 0.056000 0.000000 0.000000 0.000000 -35320.339463 128.153906
300.000000 0.058000 0.058000 0.058000 0.000000 0.000000 0.000000 -35295.173449 43.028438
300.000000 0.060000 0.060000 0.060000 0.000000 0.000000 0.000000 -35246.501831 75.293828
300.000000 0.062000 0.062000 0.062000 0.000000 0.000000 0.000000 -35281.113741 84.684556
300.000000 0.064000 0.064000 0.064000 0.000000 0.000000 0.000000 -35353.742838 54.879393
300.000000 0.066000 0.066000 0.066000 0.000000 0.000000 0.000000 -35317.888471 85.770644
300.000000 0.068000 0.068000 0.068000 0.000000 0.000000 0.000000 -35396.065406 106.685824
300.000000 0.070000 0.070000 0.070000 0.000000 0.000000 0.000000 -35278.905134 57.219757
300.000000 0.072000 0.072000 0.072000 0.000000 0.000000 0.000000 -35273.224962 98.952932
300.000000 0.074000 0.074000 0.074000 0.000000 0.000000 0.000000 -35157.284334 86.388770
300.000000 0.076000 0.076000 0.076000 0.000000 0.000000 0.000000 -35069.343600 61.415538
300.000000 0.078000 0.078000 0.078000 0.000000 0.000000 0.000000 -35101.788708 69.962533
300.000000 0.080000 0.080000 0.080000 0.000000 0.000000 0.000000 -35212.475310 56.098529
300.000000 0.082000 0.082000 0.082000 0.000000 0.000000 0.000000 -35194.860166 46.706826
300.000000 0.084000 0.084000 0.084000 0.000000 0.000000 0.000000 -35176.564578 75.110129
300.000000 0.086000 0.086000 0.086000 0.000000 0.000000 0.000000 -35263.227662 87.027459
300.000000 0.088000 0.088000 0.088000 0.000000 0.000000 0.000000 -35157.996254 71.019789
300.000000 0.090000 0.090000 0.090000 0.000000 0.000000 0.000000 -35345.117565 55.237983
300.000000 0.092000 0.092000 0.092000 0.000000 0.000000 0.000000 -35256.848051 44.262491
300.000000 0.094000 0.094000 0.094000 0.000000 0.000000 0.000000 -35206.799910 54.175899
300.000000 0.096000 0.096000 0.096000 0.000000 0.000000 0.000000 -35281.240143 70.781534
300.000000 0.098000 0.098000 0.098000 0.000000 0.000000 0.000000 -35299.992932 82.382514
300.000000 0.100000 0.100000 0.100000 0.000000 0.000000 0.000000 -35320.385399 39.553162
300.000000 0.102000 0.102000 0.102000 0.000000 0.000000 0.000000 -35300.611639 56.643030
300.000000 0.104000 0.104000 0.104000 0.000000 0.000000 0.000000 -35328.289339 44.051152
300.000000 0.106000 0.106000 0.106000 0.000000 0.000000 0.000000 -35255.899627 23.471775
300.000000 0.108000 0.108000 0.108000 0.000000 0.000000 0.000000 -35188.473850 72.939558
300.000000 0.110000 0.110000 0.110000 0.000000 0.000000 0.000000 -35049.686994 47.098022
300.000000 0.112000 0.112000 0.112000 0.000000 0.000000 0.000000 -35157.259351 38.638572
300.000000 0.114000 0.114000 0.114000 0.000000 0.000000 0.000000 -35100.306548 42.491314
300.000000 0.116000 0.116000 0.116000 0.000000 0.000000 0.000000 -35176.592400 36.227603
300.000000 0.118000 0.118000 0.118000 0.000000 0.000000 0.000000 -35265.965757 53.190754
300.000000 0.120000 0.120000 0.120000 0.000000 0.000000 0.000000 -35282.935063 43.435591
300.000000 0.122000 0.122000 0.122000 0.000000 0.000000 0.000000 -35319.693142 47.889891
300.000000 0.124000 0.124000 0.124000 0.000000 0.000000 0.000000 -35335.508000 35.045820
300.000000 0.126000 0.126000 0.126000 0.000000 0.000000 0.000000 -35219.864947 30.982228
300.000000 0.128000 0.128000 0.128000 0.000000 0.000000 0.000000 -35138.420232 31.365150
300.000000 0.130000 0.130000 0.130000 0.000000 0.000000 0.000000 -35206.703920 39.530935
300.000000 0.132000 0.132000 0.132000 0.000000 0.000000 0.000000 -35213.758581 27.261836
300.000000 0.134000 0.134000 0.134000 0.000000 0.000000 0.000000 -35228.838748 41.361962
300.000000 0.136000 0.136000 0.136000 0.000000 0.000000 0.000000 -35197.156601 22.816957
300.000000 0.138000 0.138000 0.138000 0.000000 0.000000 0.000000 -35047.296964 34.085654
300.000000 0.140000 0.140000 0.140000 0.000000 0.000000 0.000000 -35082.900297 32.268745
300.000000 0.142000 0.142000 0.142000 0.000000 0.000000 0.000000 -35127.690223 43.168262
300.000000 0.144000 0.144000 0.144000 0.000000 0.000000 0.000000 -35327.755144 21.558751
300.000000 0.146000 0.146000 0.146000 0.000000 0.000000 0.000000 -35208.230536 39.787489
300.000000 0.148000 0.148000 0.148000 0.000000 0.000000 0.000000 -35289.324888 36.303189
300.000000 0.150000 0.150000 0.150000 0.000000 0.000000 0.000000 -35371.730898 29.321638
300.000000 0.152000 0.152000 0.152000 0.000000 0.000000 0.000000 -35399.304948 38.100605
300.000000 0.154000 0.154000 0.154000 0.000000 0.000000 0.000000 -35300.889593 38.697981
300.000000 0.156000 0.156000 0.156000 0.000000 0.000000 0.000000 -35324.641797 34.153828
300.000000 0.158000 0.158000 0.158000 0.000000 0.000000 0.000000 -35211.096396 41.840296
300.000000 0.160000 0.160000 0.160000 0.000000 0.000000 0.000000 -35120.885822 25.512556
300.000000 0.162000 0.162000 0.162000 0.000000 0.000000 0.000000 -35150.053010 35.041868
300.000000 0.164000 0.164000 0.164000 0.000000 0.000000 0.000000 -35123.995685 28.590726
300.000000 0.166000 0.166000 0.166000 0.000000 0.000000 0.000000 -35092.602446 18.455418
300.000000 0.168000 0.168000 0.168000 0.000000 0.000000 0.000000 -35109.510615 24.469781
300.000000 0.170000 0.170000 0.170000 0.000000 0.000000 0.000000 -35170.605896 36.233283
300.000000 0.172000 0.172000 0.172000 0.000000 0.000000 0.000000 -35068.539995 35.113720
300.000000 0.174000 0.174000 0.174000 0.000000 0.000000 0.000000 -35165.193958 32.616690
300.000000 0.176000 0.176000 0.176000 0.000000 0.000000 0.000000 -35252.083732 17.856753
300.000000 0.178000 0.178000 0.178000 0.000000 0.000000 0.000000 -35313.177148 28.250933
300.000000 0.180000 0.180000 0.180000 0.000000 0.000000 0.000000 -35356.758035 14.101451
300.000000 0.182000 0.182000 0.182000 0.000000 0.000000 0.000000 -35401.397788 47.913322
300.000000 0.184000 0.184000 0.184000 0.000000 0.000000 0.000000 -35282.864516 29.921500
300.000000 0.186000 0.186000 0.186000 0.000000 0.000000 0.000000 -35360.277679 30.696359
300.000000 0.188000 0.188000 0.188000 0.000000 0.000000 0.000000 -35360.501459 34.634069
300.000000 0.190000 0.190000 0.190000 0.000000 0.000000 0.000000 -35446.006360 26.103266
300.000000 0.192000 0.192000 0.192000 0.000000 0.000000 0.000000 -35298.344779 25.121232
300.000000 0.194000 0.194000 0.194000 0.000000 0.000000 0.000000 -35274.319649 18.603645
300.000000 0.196000 0.196000 0.196000 0.000000 0.000000 0.000000 -35234.690119 50.813301
300.000000 0.198000 0.198000 0.198000 0.000000 0.000000 0.000000 -35161.088379 13.187179
300.000000 0.200000 0.200000 0.200000 0.000000 0.000000 0.000000 -35348.981128 24.351186
300.000000 0.202000 0.202000 0.202000 0.000000 0.000000 0.000000 -35217.102970 25.404404
300.000000 0.204000 0.204000 0.204000 0.000000 0.000000 0.000000 -35131.110342 0.342652
300.000000 0.206000 0.206000 0.206000 0.000000 0.000000 0.000000 -35180.322491 40.584520
300.000000 0.208000 0.208000 0.208000 0.000000 0.000000 0.000000 -35289.518000 35.911937
300.000000 0.210000 0.210000 0.210000 0.000000 0.000000 0.000000 -35281.327343 18.341658
300.000000 0.212000 0.212000 0.212000 0.000000 0.000000 0.000000 -35293.030138 39.503244
300.000000 0.214000 0.214000 0.214000 0.000000 0.000000 0.000000 -35295.594635 43.552427
300.000000 0.216000 0.216000 0.216000 0.000000 0.000000 0.000000 -35205.557834 54.727782
300.000000 0.218000 0.218000 0.218000 0.000000 0.000000 0.000000 -35226.263007 45.244156
300.000000 0.220000 0.220000 0.220000 0.000000 0.000000 0.000000 -35187.225167 29.239140
300.000000 0.222000 0.222000 0.222000 0.000000 0.000000 0.000000 -35244.980016 30.678214
300.000000 0.224000 0.224000 0.224000 0.000000 0.000000 0.000000 -35282.685799 14.035798
300.000000 0.226000 0.226000 0.226000 0.000000 0.000000 0.000000 -35313.284388 30.407192
300.000000 0.228000 0.228000 0.228000 0.000000 0.000000 0.000000 -35433.089121 27.035308
300.000000 0.230000 0.230000 0.230000 0.000000 0.000000 0.000000 -35367.363301 32.296926
300.000000 0.232000 0.232000 0.232000 0.000000 0.000000 0.000000 -35243.075982 29.208825
300.000000 0.234000 0.234000 0.234000 0.000000 0.000000 0.000000 -35284.792934 12.109553
300.000000 0.236000 0.236000 0.236000 0.000000 0.000000 0.000000 -35269.774359 15.743079
300.000000 0.238000 0.238000 0.238000 0.000000 0.000000 0.000000 -35249.454186 18.433913
300.000000 0.240000 0.240000 0.240000 0.000000 0.000000 0.000000 -35300.705253 21.424712
300.000000 0.242000 0.242000 0.242000 0.000000 0.000000 0.000000 -35177.303327 22.485955
300.000000 0.244000 0.244000 0.244000 0.000000 0.000000 0.000000 -35350.318847 24.042359
300.000000 0.246000 0.246000 0.246000 0.000000 0.000000 0.000000 -35293.272033 13.113977
300.000000 0.248000 0.248000 0.248000 0.000000 0.000000 0.000000 -35335.593743 21.979854
300.000000 0.250000 0.250000 0.250000 0.000000 0.000000 0.000000 -35154.314879 -0.945691
300.000000 0.252000 0.252000 0.252000 0.000000 0.000000 0.000000 -35162.115771 11.170257
300.000000 0.254000 0.254000 0.254000 0.000000 0.000000 0.000000 -35252.202196 18.337394
300.000000 0.256000 0.256000 0.256000 0.000000 0.000000 0.000000 -35205.113030 24.822926
300.000000 0.258000 0.258000 0.258000 0.000000 0.000000 0.000000 -35144.748994 43.745831
300.000000 0.260000 0.260000 0.260000 0.000000 0.000000 0.000000 -35127.745846 15.905152
300.000000 0.262000 0.262000 0.262000 0.000000 0.000000 0.000000 -35003.081565 8.249158
300.000000 0.264000 0.264000 0.264000 0.000000 0.000000 0.000000 -35145.089487 12.401490
300.000000 0.266000 0.266000 0.266000 0.000000 0.000000 0.000000 -35072.420732 11.986165
300.000000 0.268000 0.268000 0.268000 0.000000 0.000000 0.000000 -35262.779164 22.640444
300.000000 0.270000 0.270000 0.270000 0.000000 0.000000 0.000000 -35129.728751 23.456497
300.000000 0.272000 0.272000 0.272000 0.000000 0.000000 0.000000 -35202.297052 31.073566
300.000000 0.274000 0.274000 0.274000 0.000000 0.000000 0.000000 -35187.246996 21.004476
300.000000 0.276000 0.276000 0.276000 0.000000 0.000000 0.000000 -35252.179969 12.640992
300.000000 0.278000 0.278000 0.278000 0.000000 0.000000 0.000000 -35362.030136 18.519942
300.000000 0.280000 0.280000 0.280000 0.000000 0.000000 0.000000 -35366.093254 21.040732
300.000000 0.282000 0.282000 0.282000 0.000000 0.000000 0.000000 -35320.494593 22.932472
300.000000 0.284000 0.284000 0.284000 0.000000 0.000000 0.000000 -35241.004034 12.602213
300.000000 0.286000 0.286000 0.286000 0.000000 0.000000 0.000000 -35339.951198 7.856544
300.000000 0.288000 0.288000 0.288000 0.000000 0.000000 0.000000 -35168.923363 14.988807
300.000000 0.290000 0.290000 0.290000 0.000000 0.000000 0.000000 -35154.992991 18.561028
300.000000 0.292000 0.292000 0.292000 0.000000 0.000000 0.000000 -35166.007486 6.311144
300.000000 0.294000 0.294000 0.294000 0.000000 0.000000 0.000000 -35128.076297 7.558226
300.000000 0.296000 0.296000 0.296000 0.000000 0.000000 0.000000 -35011.484952 13.587621
300.000000 0.298000 0.298000 0.298000 0.000000 0.000000 0.000000 -35069.839652 24.029783
300.000000 0.300000 0.300000 0.300000 0.000000 0.000000 0.000000 -35185.561004 9.125646
300.000000 0.302000 0.302000 0.302000 0.000000 0.000000 0.000000 -35137.413413 15.000418
300.000000 0.304000 0.304000 0.304000 0.000000 0.000000 0.000000 -35167.352141 23.940444
300.000000 0.306000 0.306000 0.306000 0.000000 0.000000 0.000000 -35122.134235 16.897429
300.000000 0.308000 0.308000 0.308000 0.000000 0.000000 0.000000 -35217.044766 16.058254
300.000000 0.310000 0.310000 0.310000 0.000000 0.000000 0.000000 -35057.184315 8.710420
300.000000 0.312000 0.312000 0.312000 0.000000 0.000000 0.000000 -35250.965079 14.576919
300.000000 0.314000 0.314000 0.314000 0.000000 0.000000 0.000000 -35225.757807 22.190298
300.000000 0.316000 0.316000 0.316000 0.000000 0.000000 0.000000 -35268.333731 10.381914
300.000000 0.318000 0.318000 0.318000 0.000000 0.000000 0.000000 -35384.196857 21.044635
300.000000 0.320000 0.320000 0.320000 0.000000 0.000000 0.000000 -35489.319359 4.422835
300.000000 0.322000 0.322000 0.322000 0.000000 0.000000 0.000000 -35465.703509 27.309072
300.000000 0.324000 0.324000 0.324000 0.000000 0.000000 0.000000 -35370.628251 20.600223
300.000000 0.326000 0.326000 0.326000 0.000000 0.000000 0.000000 -35256.699970 12.320905
300.000000 0.328000 0.328000 0.328000 0.000000 0.000000 0.000000 -35259.771196 15.203464
300.000000 0.330000 0.330000 0.330000 0.000000 0.000000 0.000000 -35359.506824 18.864502
300.000000 0.332000 0.332000 0.332000 0.000000 0.000000 0.000000 -35295.939866 7.475199
300.000000 0.334000 0.334000 0.334000 0.000000 0.000000 0.000000 -35310.631553 11.249374
300.000000 0.336000 0.336000 0.336000 0.000000 0.000000 0.000000 -35321.483324 7.908118
300.000000 0.338000 0.338000 0.338000 0.000000 0.000000 0.000000 -35389.008464 3.703170
300.000000 0.340000 0.340000 0.340000 0.000000 0.000000 0.000000 -35366.803165 7.978767
300.000000 0.342000 0.342000 0.342000 0.000000 0.000000 0.000000 -35368.094878 5.824134
300.000000 0.344000 0.344000 0.344000 0.000000 0.000000 0.000000 -35213.311732 12.356679
300.000000 0.346000 0.346000 0.346000 0.000000 0.000000 0.000000 -35242.158289 6.809154
300.000000 0.348000 0.348000 0.348000 0.000000 0.000000 0.000000 -35186.269865 15.794747
300.000000 0.350000 0.350000 0.350000 0.000000 0.000000 0.000000 -35177.116677 20.646784
300.000000 0.352000 0.352000 0.352000 0.000000 0.000000 0.000000 -35189.400637 13.164120
300.000000 0.354000 0.354000 0.354000 0.000000 0.000000 0.000000 -35297.267921 12.715293
300.000000 0.356000 0.356000 0.356000 0.000000 0.000000 0.000000 -35293.505386 4.815705
300.000000 0.358000 0.358000 0.358000 0.000000 0.000000 0.000000 -35198.884367 15.323540
300.000000 0.360000 0.360000 0.360000 0.000000 0.000000 0.000000 -35311.146007 23.484181
300.000000 0.362000 0.362000 0.362000 0.000000 0.000000 0.000000 -35345.182245 21.949813
300.000000 0.364000 0.364000 0.364000 0.000000 0.000000 0.000000 -35162.204611 23.310271
300.000000 0.366000 0.366000 0.366000 0.000000 0.000000 0.000000 -35309.067772 15.245637
300.000000 0.368000 0.368000 0.368000 0.000000 0.000000 0.000000 -35244.615913 2.960459
300.000000 0.370000 0.370000 0.370000 0.000000 0.000000 0.000000 -35238.263252 7.209498
300.000000 0.372000 0.372000 0.372000 0.000000 0.000000 0.000000 -35293.108183 14.817928
300.000000 0.374000 0.374000 0.374000 0.000000 0.000000 0.000000 -35190.996928 7.316055
300.000000 0.376000 0.376000 0.376000 0.000000 0.000000 0.000000 -35293.934224 -5.588094
300.000000 0.378000 0.378000 0.378000 0.000000 0.000000 0.000000 -35274.190393 5.771625
300.000000 0.380000 0.380000 0.380000 0.000000 0.000000 0.000000 -35183.885789 13.546358
300.000000 0.382000 0.382000 0.382000 0.000000 0.000000 0.000000 -35286.897182 3.718279
300.000000 0.384000 0.384000 0.384000 0.000000 0.000000 0.000000 -35162.946422 6.216851
300.000000 0.386000 0.386000 0.386000 0.000000 0.000000 0.000000 -35399.892949 6.365817
300.000000 0.388000 0.388000 0.388000 0.000000 0.000000 0.000000 -35338.837235 13.405901
300.000000 0.390000 0.390000 0.390000 0.000000 0.000000 0.000000 -35238.806448 5.598068
300.000000 0.392000 0.392000 0.392000 0.000000 0.000000 0.000000 -35173.611166 5.561548
300.000000 0.394000 0.394000 0.394000 0.000000 0.000000 0.000000 -35252.356883 0.570763
300.000000 0.396000 0.396000 0.396000 0.000000 0.000000 0.000000 -35328.742518 1.265970
300.000000 0.398000 0.398000 0.398000 0.000000 0.000000 0.000000 -35241.309843 14.556919
300.000000 0.400000 0.400000 0.400000 0.000000 0.000000 0.000000 -35259.139863 10.994210
300.000000 0.402000 0.402000 0.402000 0.000000 0.000000 0.000000 -35349.009471 12.987463
300.000000 0.404000 0.404000 0.404000 0.000000 0.000000 0.000000 -35351.136268 7.838661
300.000000 0.406000 0.406000 0.406000 0.000000 0.000000 0.000000 -35321.414626 6.695520
300.000000 0.408000 0.408000 0.408000 0.000000 0.000000 0.000000 -35315.363937 5.717176
300.000000 0.410000 0.410000 0.410000 0.000000 0.000000 0.000000 -35206.003407 11.843413
300.000000 0.412000 0.412000 0.412000 0.000000 0.000000 0.000000 -35331.423941 9.254596
300.000000 0.414000 0.414000 0.414000 0.000000 0.000000 0.000000 -35364.899005 16.702308
300.000000 0.416000 0.416000 0.416000 0.000000 0.000000 0.000000 -35163.422989 9.632500
300.000000 0.418000 0.418000 0.418000 0.000000 0.000000 0.000000 -35221.396265 14.037551
300.000000 0.420000 0.420000 0.420000 0.000000 0.000000 0.000000 -35270.166488 3.773844
300.000000 0.422000 0.422000 0.422000 0.000000 0.000000 0.000000 -35125.370293 12.532242
300.000000 0.424000 0.424000 0.424000 0.000000 0.000000 0.000000 -35183.612227 10.408179
300.000000 0.426000 0.426000 0.426000 0.000000 0.000000 0.000000 -35125.199771 10.092202
300.000000 0.428000 0.428000 0.428000 0.000000 0.000000 0.000000 -35179.991870 2.394622
300.000000 0.430000 0.430000 0.430000 0.000000 0.000000 0.000000 -35084.165976 1.726219
300.000000 0.432000 0.432000 0.432000 0.000000 0.000000 0.000000 -35209.519031 18.003102
300.000000 0.434000 0.434000 0.434000 0.000000 0.000000 0.000000 -35247.573117 -5.873243
300.000000 0.436000 0.436000 0.436000 0.000000 0.000000 0.000000 -35235.509289 5.103205
300.000000 0.438000 0.438000 0.438000 0.000000 0.000000 0.000000 -35230.301988 2.085046
300.000000 0.440000 0.440000 0.440000 0.000000 0.000000 0.000000 -35136.262925 25.778868
300.000000 0.442000 0.442000 0.442000 0.000000 0.000000 0.000000 -35261.339049 2.428253
300.000000 0.444000 0.444000 0.444000 0.000000 0.000000 0.000000 -35170.549589 2.768571
300.000000 0.446000 0.446000 0.446000 0.000000 0.000000 0.000000 -35079.074561 -1.583457
300.000000 0.448000 0.448000 0.448000 0.000000 0.000000 0.000000 -35242.583232 8.021819
300.000000 0.450000 0.450000 0.450000 0.000000 0.000000 0.000000 -35225.442906 -3.307049
300.000000 0.452000 0.452000 0.452000 0.000000 0.000000 0.000000 -35286.471870 -3.258625
300.000000 0.454000 0.454000 0.454000 0.000000 0.000000 0.000000 -35183.342759 6.340571
300.000000 0.456000 0.456000 0.456000 0.000000 0.000000 0.000000 -35204.638204 3.912409
300.000000 0.458000 0.458000 0.458000 0.000000 0.000000 0.000000 -35280.879167 1.696551
300.000000 0.460000 0.460000 0.460000 0.000000 0.000000 0.000000 -35354.771190 2.158661
300.000000 0.462000 0.462000 0.462000 0.000000 0.000000 0.000000 -35281.715523 -9.340893
300.000000 0.464000 0.464000 0.464000 0.000000 0.000000 0.000000 -35169.132278 -3.989243
300.000000 0.466000 0.466000 0.466000 0.000000 0.000000 0.000000 -35260.854775 -2.028060
300.000000 0.468000 0.468000 0.468000 0.000000 0.000000 0.000000 -35119.802656 7.211142
300.000000 0.470000 0.470000 0.470000 0.000000 0.000000 0.000000 -35252.027312 -1.620232
300.000000 0.472000 0.472000 0.472000 0.000000 0.000000 0.000000 -35205.093534 15.824596
300.000000 0.474000 0.474000 0.474000 0.000000 0.000000 0.000000 -35212.689600 2.442841
300.000000 0.476000 0.476000 0.476000 0.000000 0.000000 0.000000 -35291.046244 2.687744
300.000000 0.478000 0.478000 0.478000 0.000000 0.000000 0.000000 -35227.883239 -0.462453
300.000000 0.480000 0.480000 0.480000 0.000000 0.000000 0.000000 -35291.681342 9.816718
300.000000 0.482000 0.482000 0.482000 0.000000 0.000000 0.000000 -35207.069364 3.582190
300.000000 0.484000 0.484000 0.484000 0.000000 0.000000 0.000000 -35140.691898 5.452331
300.000000 0.486000 0.486000 0.486000 0.000000 0.000000 0.000000 -35038.885243 3.911934
300.000000 0.488000 0.488000 0.488000 0.000000 0.000000 0.000000 -35107.225330 -0.022112
300.000000 0.490000 0.490000 0.490000 0.000000 0.000000 0.000000 -35268.103447 -8.461208
300.000000 0.492000 0.492000 0.492000 0.000000 0.000000 0.000000 -35299.186472 -4.111234
300.000000 0.494000 0.494000 0.494000 0.000000 0.000000 0.000000 -35325.886925 6.655300
300.000000 0.496000 0.496000 0.496000 0.000000 0.000000 0.000000 -35269.774941 -3.952144
300.000000 0.498000 0.498000 0.498000 0.000000 0.000000 0.000000 -35468.544114 -5.671079
