300.000000 0.000000 0.000000 0.000000 0.000000 0.000000 0.000000 -14846.119185 838.983537
300.000000 0.002000 0.002000 0.002000 0.000000 0.000000 0.000000 -14871.148486 879.342200
300.000000 0.004000 0.004000 0.004000 0.000000 0.000000 0.000000 -14826.582463 884.335267
300.000000 0.006000 0.006000 0.006000 0.000000 0.000000 0.000000 -14830.550029 883.044836
300.000000 0.008000 0.008000 0.008000 0.000000 0.000000 0.000000 -14868.134371 879.257750
300.000000 0.010000 0.010000 0.010000 0.000000 0.000000 0.000000 -14862.036868 784.809921
300.000000 0.012000 0.012000 0.012000 0.000000 0.000000 0.000000 -14933.900383 808.713740
300.000000 0.014000 0.014000 0.014000 0.000000 0.000000 0.000000 -14918.347191 832.667614
300.000000 0.016000 0.016000 0.016000 0.000000 0.000000 0.000000 -14977.373154 737.675536
300.000000 0.018000 0.018000 0.018000 0.000000 0.000000 0.000000 -14956.541924 776.696354
300.000000 0.020000 0.020000 0.020000 0.000000 0.000000 0.000000 -14944.628831 772.406974
300.000000 0.022000 0.022000 0.022000 0.000000 0.000000 0.000000 -14954.389829 829.894788
300.000000 0.024000 0.024000 0.024000 0.000000 0.000000 0.000000 -14931.690198 786.530846
300.000000 0.026000 0.026000 0.026000 0.000000 0.000000 0.000000 -14856.856296 722.722702
300.000000 0.028000 0.028000 0.028000 0.000000 0.000000 0.000000 -14855.482604 867.984517
300.000000 0.030000 0.030000 0.030000 0.000000 0.000000 0.000000 -14829.643462 892.623407
300.000000 0.032000 0.032000 0.032000 0.000000 0.000000 0.000000 -14806.374497 657.589182
300.000000 0.034000 0.034000 0.034000 0.000000 0.000000 0.000000 -14729.115505 108.135158
300.000000 0.036000 0.036000 0.036000 0.000000 0.000000 0.000000 -14785.715069 48.077498
300.000000 0.038000 0.038000 0.038000 0.000000 0.000000 0.000000 -14887.504968 86.422980
300.000000 0.040000 0.040000 0.040000 0.000000 0.000000 0.000000 -14917.306290 40.257529
300.000000 0.042000 0.042000 0.042000 0.000000 0.000000 0.000000 -14960.842942 84.383963
300.000000 0.044000 0.044000 0.044000 0.000000 0.000000 0.000000 -14936.656638 59.527366
300.000000 0.046000 0.046000 0.046000 0.000000 0.000000 0.000000 -14882.745482 32.572000
300.000000 0.048000 0.048000 0.048000 0.000000 0.000000 0.000000 -14882.264601 125.052283
300.000000 0.050000 0.050000 0.050000 0.000000 0.000000 0.000000 -14920.562180 60.931525
300.000000 0.052000 0.052000 0.052000 0.000000 0.000000 0.000000 -14923.499491 48.562978
300.000000 0.054000 0.054000 0.054000 0.000000 0.000000 0.000000 -14939.261513 40.309811
300.000000 0.056000 0.056000 0.056000 0.000000 0.000000 0.000000 -14866.651766 54.261771
300.000000 0.058000 0.058000 0.058000 0.000000 0.000000 0.000000 -14892.360452 36.440906
300.000000 0.060000 0.060000 0.060000 0.000000 0.000000 0.000000 -14804.283044 65.756453
300.000000 0.062000 0.062000 0.062000 0.000000 0.000000 0.000000 -14815.035697 55.098291
300.000000 0.064000 0.064000 0.064000 0.000000 0.000000 0.000000 -14945.952971 49.048458
300.000000 0.066000 0.066000 0.066000 0.000000 0.000000 0.000000 -14952.307498 88.282744
300.000000 0.068000 0.068000 0.068000 0.000000 0.000000 0.000000 -14849.705088 46.762966
300.000000 0.070000 0.070000 0.070000 0.000000 0.000000 0.000000 -14870.343164 75.047801
300.000000 0.072000 0.072000 0.072000 0.000000 0.000000 0.000000 -14884.278276 39.308975
300.000000 0.074000 0.074000 0.074000 0.000000 0.000000 0.000000 -14924.137005 24.991037
300.000000 0.076000 0.076000 0.076000 0.000000 0.000000 0.000000 -14894.689844 55.046009
300.000000 0.078000 0.078000 0.078000 0.000000 0.000000 0.000000 -14921.255448 36.425968
300.000000 0.080000 0.080000 0.080000 0.000000 0.000000 0.000000 -14784.561123 26.417603
300.000000 0.082000 0.082000 0.082000 0.000000 0.000000 0.000000 -14831.306729 59.975502
300.000000 0.084000 0.084000 0.084000 0.000000 0.000000 0.000000 -14858.030432 29.121355
300.000000 0.086000 0.086000 0.086000 0.000000 0.000000 0.000000 -14920.299203 25.693117
300.000000 0.088000 0.088000 0.088000 0.000000 0.000000 0.000000 -14889.339553 35.133843
300.000000 0.090000 0.090000 0.090000 0.000000 0.000000 0.000000 -14946.705002 41.288241
300.000000 0.092000 0.092000 0.092000 0.000000 0.000000 0.000000 -14901.679725 30.771989
300.000000 0.094000 0.094000 0.094000 0.000000 0.000000 0.000000 -14904.782180 41.557122
300.000000 0.096000 0.096000 0.096000 0.000000 0.000000 0.000000 -14890.546777 18.298877
300.000000 0.098000 0.098000 0.098000 0.000000 0.000000 0.000000 -14932.682361 24.251613
300.000000 0.100000 0.100000 0.100000 0.000000 0.000000 0.000000 -14873.361112 19.493905
300.000000 0.102000 0.102000 0.102000 0.000000 0.000000 0.000000 -14913.600782 14.878107
300.000000 0.104000 0.104000 0.104000 0.000000 0.000000 0.000000 -14920.587167 21.742053
300.000000 0.106000 0.106000 0.106000 0.000000 0.000000 0.000000 -14899.442997 46.919814
300.000000 0.108000 0.108000 0.108000 0.000000 0.000000 0.000000 -14851.061413 23.669037
300.000000 0.110000 0.110000 0.110000 0.000000 0.000000 0.000000 -14913.599915 45.366276
300.000000 0.112000 0.112000 0.112000 0.000000 0.000000 0.000000 -14902.050236 26.873207
300.000000 0.114000 0.114000 0.114000 0.000000 0.000000 0.000000 -14898.747975 38.763743
300.000000 0.116000 0.116000 0.116000 0.000000 0.000000 0.000000 -14880.963532 33.498148
300.000000 0.118000 0.118000 0.118000 0.000000 0.000000 0.000000 -14819.302895 35.410194
300.000000 0.120000 0.120000 0.120000 0.000000 0.000000 0.000000 -14839.406563 31.601040
300.000000 0.122000 0.122000 0.122000 0.000000 0.000000 0.000000 -14816.582869 23.997670
300.000000 0.124000 0.124000 0.124000 0.000000 0.000000 0.000000 -14891.506033 43.708174
300.000000 0.126000 0.126000 0.126000 0.000000 0.000000 0.000000 -14898.212883 23.235839
300.000000 0.128000 0.128000 0.128000 0.000000 0.000000 0.000000 -14971.425054 28.516372
300.000000 0.130000 0.130000 0.130000 0.000000 0.000000 0.000000 -14990.735107 39.353788
300.000000 0.132000 0.132000 0.132000 0.000000 0.000000 0.000000 -14988.976528 22.974426
300.000000 0.134000 0.134000 0.134000 0.000000 0.000000 0.000000 -15006.666667 34.491515
300.000000 0.136000 0.136000 0.136000 0.000000 0.000000 0.000000 -14990.843120 25.080664
300.000000 0.138000 0.138000 0.138000 0.000000 0.000000 0.000000 -14908.104944 26.716360
300.000000 0.140000 0.140000 0.140000 0.000000 0.000000 0.000000 -14994.579719 32.303119
300.000000 0.142000 0.142000 0.142000 0.000000 0.000000 0.000000 -14972.585744 36.552940
300.000000 0.144000 0.144000 0.144000 0.000000 0.000000 0.000000 -14942.085371 20.293081
300.000000 0.146000 0.146000 0.146000 0.000000 0.000000 0.000000 -15011.339651 16.513803
300.000000 0.148000 0.148000 0.148000 0.000000 0.000000 0.000000 -14910.353671 17.977713
300.000000 0.150000 0.150000 0.150000 0.000000 0.000000 0.000000 -14913.425309 30.286508
300.000000 0.152000 0.152000 0.152000 0.000000 0.000000 0.000000 -14921.360646 17.634142
300.000000 0.154000 0.154000 0.154000 0.000000 0.000000 0.000000 -14901.938369 51.087476
300.000000 0.156000 0.156000 0.156000 0.000000 0.000000 0.000000 -14889.927407 28.090643
300.000000 0.158000 0.158000 0.158000 0.000000 0.000000 0.000000 -14874.295901 51.020256
300.000000 0.160000 0.160000 0.160000 0.000000 0.000000 0.000000 -14951.829122 47.009441
300.000000 0.162000 0.162000 0.162000 0.000000 0.000000 0.000000 -14837.394297 39.107314
300.000000 0.164000 0.164000 0.164000 0.000000 0.000000 0.000000 -14870.111137 25.454111
300.000000 0.166000 0.166000 0.166000 0.000000 0.000000 0.000000 -14902.531642 27.956202
300.000000 0.168000 0.168000 0.168000 0.000000 0.000000 0.000000 -14919.226088 21.376076
300.000000 0.170000 0.170000 0.170000 0.000000 0.000000 0.000000 -14895.479477 19.717973
300.000000 0.172000 0.172000 0.172000 0.000000 0.000000 0.000000 -14872.154505 19.568595
300.000000 0.174000 0.174000 0.174000 0.000000 0.000000 0.000000 -14946.448206 28.919694
300.000000 0.176000 0.176000 0.176000 0.000000 0.000000 0.000000 -14953.622537 14.848231
300.000000 0.178000 0.178000 0.178000 0.000000 0.000000 0.000000 -14889.534014 21.966121
300.000000 0.180000 0.180000 0.180000 0.000000 0.000000 0.000000 -14833.225673 11.935349
300.000000 0.182000 0.182000 0.182000 0.000000 0.000000 0.000000 -14809.100903 11.711281
300.000000 0.184000 0.184000 0.184000 0.000000 0.000000 0.000000 -14799.184963 27.313874
300.000000 0.186000 0.186000 0.186000 0.000000 0.000000 0.000000 -14852.057939 23.131274
300.000000 0.188000 0.188000 0.188000 0.000000 0.000000 0.000000 -14878.229336 18.440786
300.000000 0.190000 0.190000 0.190000 0.000000 0.000000 0.000000 -14916.214717 17.425012
300.000000 0.192000 0.192000 0.192000 0.000000 0.000000 0.000000 -14910.720772 30.017627
300.000000 0.194000 0.194000 0.194000 0.000000 0.000000 0.000000 -14893.638753 22.780234
300.000000 0.196000 0.196000 0.196000 0.000000 0.000000 0.000000 -14963.554487 19.202617
300.000000 0.198000 0.198000 0.198000 0.000000 0.000000 0.000000 -14883.348759 24.498088
300.000000 0.200000 0.200000 0.200000 0.000000 0.000000 0.000000 -14918.174629 24.983568
300.000000 0.202000 0.202000 0.202000 0.000000 0.000000 0.000000 -14966.558106 25.558676
300.000000 0.204000 0.204000 0.204000 0.000000 0.000000 0.000000 -14896.882888 18.552820
300.000000 0.206000 0.206000 0.206000 0.000000 0.000000 0.000000 -14940.894844 18.836640
300.000000 0.208000 0.208000 0.208000 0.000000 0.000000 0.000000 -14968.295479 23.594348
300.000000 0.210000 0.210000 0.210000 0.000000 0.000000 0.000000 -14968.930286 16.969407
300.000000 0.212000 0.212000 0.212000 0.000000 0.000000 0.000000 -14910.061160 13.944491
300.000000 0.214000 0.214000 0.214000 0.000000 0.000000 0.000000 -14890.627332 29.248327
300.000000 0.216000 0.216000 0.216000 0.000000 0.000000 0.000000 -14855.532349 11.360241
300.000000 0.218000 0.218000 0.218000 0.000000 0.000000 0.000000 -14869.142761 23.482314
300.000000 0.220000 0.220000 0.220000 0.000000 0.000000 0.000000 -14910.845996 17.290571
300.000000 0.222000 0.222000 0.222000 0.000000 0.000000 0.000000 -15004.833517 33.333831
300.000000 0.224000 0.224000 0.224000 0.000000 0.000000 0.000000 -14956.532125 31.324689
300.000000 0.226000 0.226000 0.226000 0.000000 0.000000 0.000000 -14910.314972 19.665691
300.000000 0.228000 0.228000 0.228000 0.000000 0.000000 0.000000 -14923.646519 29.128824
300.000000 0.230000 0.230000 0.230000 0.000000 0.000000 0.000000 -14967.088772 17.693893
300.000000 0.232000 0.232000 0.232000 0.000000 0.000000 0.000000 -14968.248670 26.947897
300.000000 0.234000 0.234000 0.234000 0.000000 0.000000 0.000000 -14930.525272 18.074809
300.000000 0.236000 0.236000 0.236000 0.000000 0.000000 0.000000 -14912.085179 21.435827
300.000000 0.238000 0.238000 0.238000 0.000000 0.000000 0.000000 -14943.562326 15.729565
300.000000 0.240000 0.240000 0.240000 0.000000 0.000000 0.000000 -14972.190235 18.373566
300.000000 0.242000 0.242000 0.242000 0.000000 0.000000 0.000000 -14923.924891 16.976876
300.000000 0.244000 0.244000 0.244000 0.000000 0.000000 0.000000 -14959.863640 20.748685
300.000000 0.246000 0.246000 0.246000 0.000000 0.000000 0.000000 -14981.059698 19.874821
300.000000 0.248000 0.248000 0.248000 0.000000 0.000000 0.000000 -14913.321139 19.942041
300.000000 0.250000 0.250000 0.250000 0.000000 0.000000 0.000000 -14947.718796 25.162823
300.000000 0.252000 0.252000 0.252000 0.000000 0.000000 0.000000 -14925.100319 11.651530
300.000000 0.254000 0.254000 0.254000 0.000000 0.000000 0.000000 -14868.114084 16.058198
300.000000 0.256000 0.256000 0.256000 0.000000 0.000000 0.000000 -14851.767683 22.376912
300.000000 0.258000 0.258000 0.258000 0.000000 0.000000 0.000000 -14852.355904 18.732075
300.000000 0.260000 0.260000 0.260000 0.000000 0.000000 0.000000 -14910.236991 13.712954
300.000000 0.262000 0.262000 0.262000 0.000000 0.000000 0.000000 -14919.408170 17.634142
300.000000 0.264000 0.264000 0.264000 0.000000 0.000000 0.000000 -14883.234056 29.084011
300.000000 0.266000 0.266000 0.266000 0.000000 0.000000 0.000000 -14873.690515 17.551984
300.000000 0.268000 0.268000 0.268000 0.000000 0.000000 0.000000 -14922.331591 13.712954
300.000000 0.270000 0.270000 0.270000 0.000000 0.000000 0.000000 -14865.402705 14.347813
300.000000 0.272000 0.272000 0.272000 0.000000 0.000000 0.000000 -14803.464568 14.258186
300.000000 0.274000 0.274000 0.274000 0.000000 0.000000 0.000000 -14872.524562 28.113050
300.000000 0.276000 0.276000 0.276000 0.000000 0.000000 0.000000 -14844.707803 14.534536
300.000000 0.278000 0.278000 0.278000 0.000000 0.000000 0.000000 -14936.968907 18.403442
300.000000 0.280000 0.280000 0.280000 0.000000 0.000000 0.000000 -14988.409336 25.991874
300.000000 0.282000 0.282000 0.282000 0.000000 0.000000 0.000000 -15012.189961 9.926207
300.000000 0.284000 0.284000 0.284000 0.000000 0.000000 0.000000 -15006.085252 17.283102
300.000000 0.286000 0.286000 0.286000 0.000000 0.000000 0.000000 -14953.760456 12.607553
300.000000 0.288000 0.288000 0.288000 0.000000 0.000000 0.000000 -14959.339990 17.566922
300.000000 0.290000 0.290000 0.290000 0.000000 0.000000 0.000000 -14935.675963 15.654876
300.000000 0.292000 0.292000 0.292000 0.000000 0.000000 0.000000 -14863.509784 15.901350
300.000000 0.294000 0.294000 0.294000 0.000000 0.000000 0.000000 -14941.557125 16.558616
300.000000 0.296000 0.296000 0.296000 0.000000 0.000000 0.000000 -14906.241177 15.005079
300.000000 0.298000 0.298000 0.298000 0.000000 0.000000 0.000000 -14979.626995 29.487333
300.000000 0.300000 0.300000 0.300000 0.000000 0.000000 0.000000 -14914.752407 20.024199
300.000000 0.302000 0.302000 0.302000 0.000000 0.000000 0.000000 -14926.877715 11.009202
300.000000 0.304000 0.304000 0.304000 0.000000 0.000000 0.000000 -14899.151750 13.137847
300.000000 0.306000 0.306000 0.306000 0.000000 0.000000 0.000000 -14836.516860 16.334548
300.000000 0.308000 0.308000 0.308000 0.000000 0.000000 0.000000 -14917.408280 20.987691
300.000000 0.310000 0.310000 0.310000 0.000000 0.000000 0.000000 -14814.870550 15.460684
300.000000 0.312000 0.312000 0.312000 0.000000 0.000000 0.000000 -14796.387353 20.606776
300.000000 0.314000 0.314000 0.314000 0.000000 0.000000 0.000000 -14883.712383 11.763564
300.000000 0.316000 0.316000 0.316000 0.000000 0.000000 0.000000 -14885.652917 17.066503
300.000000 0.318000 0.318000 0.318000 0.000000 0.000000 0.000000 -14892.305211 22.952020
300.000000 0.320000 0.320000 0.320000 0.000000 0.000000 0.000000 -14834.014078 7.842376
300.000000 0.322000 0.322000 0.322000 0.000000 0.000000 0.000000 -14981.720621 16.222514
300.000000 0.324000 0.324000 0.324000 0.000000 0.000000 0.000000 -14907.156814 13.772706
300.000000 0.326000 0.326000 0.326000 0.000000 0.000000 0.000000 -14982.988908 18.956142
300.000000 0.328000 0.328000 0.328000 0.000000 0.000000 0.000000 -14905.391933 21.099725
300.000000 0.330000 0.330000 0.330000 0.000000 0.000000 0.000000 -14942.750415 17.962775
300.000000 0.332000 0.332000 0.332000 0.000000 0.000000 0.000000 -14921.697772 20.890595
300.000000 0.334000 0.334000 0.334000 0.000000 0.000000 0.000000 -14919.043004 16.177701
300.000000 0.336000 0.336000 0.336000 0.000000 0.000000 0.000000 -14935.517501 12.779338
300.000000 0.338000 0.338000 0.338000 0.000000 0.000000 0.000000 -14875.822585 17.925430
300.000000 0.340000 0.340000 0.340000 0.000000 0.000000 0.000000 -14874.992054 13.989304
300.000000 0.342000 0.342000 0.342000 0.000000 0.000000 0.000000 -14888.986908 12.958592
300.000000 0.344000 0.344000 0.344000 0.000000 0.000000 0.000000 -14930.359891 21.376076
300.000000 0.346000 0.346000 0.346000 0.000000 0.000000 0.000000 -14784.510785 9.298817
300.000000 0.348000 0.348000 0.348000 0.000000 0.000000 0.000000 -14795.620395 19.994324
300.000000 0.350000 0.350000 0.350000 0.000000 0.000000 0.000000 -14904.806366 14.646570
300.000000 0.352000 0.352000 0.352000 0.000000 0.000000 0.000000 -14963.110405 11.472275
300.000000 0.354000 0.354000 0.354000 0.000000 0.000000 0.000000 -14955.922831 27.104744
300.000000 0.356000 0.356000 0.356000 0.000000 0.000000 0.000000 -14958.914869 20.561962
300.000000 0.358000 0.358000 0.358000 0.000000 0.000000 0.000000 -14870.324905 3.607493
300.000000 0.360000 0.360000 0.360000 0.000000 0.000000 0.000000 -14807.645695 9.941145
300.000000 0.362000 0.362000 0.362000 0.000000 0.000000 0.000000 -14835.598256 12.540332
300.000000 0.364000 0.364000 0.364000 0.000000 0.000000 0.000000 -14836.307881 11.046546
300.000000 0.366000 0.366000 0.366000 0.000000 0.000000 0.000000 -14920.614803 18.015057
300.000000 0.368000 0.368000 0.368000 0.000000 0.000000 0.000000 -14929.122148 9.522885
300.000000 0.370000 0.370000 0.370000 0.000000 0.000000 0.000000 -14885.651456 6.176804
300.000000 0.372000 0.372000 0.372000 0.000000 0.000000 0.000000 -14838.189212 14.243248
300.000000 0.374000 0.374000 0.374000 0.000000 0.000000 0.000000 -14826.774666 14.683915
300.000000 0.376000 0.376000 0.376000 0.000000 0.000000 0.000000 -14868.136768 8.858150
300.000000 0.378000 0.378000 0.378000 0.000000 0.000000 0.000000 -14849.134590 11.718750
300.000000 0.380000 0.380000 0.380000 0.000000 0.000000 0.000000 -14840.462521 12.323733
300.000000 0.382000 0.382000 0.382000 0.000000 0.000000 0.000000 -14906.960782 15.878944
300.000000 0.384000 0.384000 0.384000 0.000000 0.000000 0.000000 -14818.242786 20.016730
300.000000 0.386000 0.386000 0.386000 0.000000 0.000000 0.000000 -14832.515738 13.025813
300.000000 0.388000 0.388000 0.388000 0.000000 0.000000 0.000000 -14927.182953 11.083891
300.000000 0.390000 0.390000 0.390000 0.000000 0.000000 0.000000 -14867.123554 8.992591
300.000000 0.392000 0.392000 0.392000 0.000000 0.000000 0.000000 -14948.817234 13.466479
300.000000 0.394000 0.394000 0.394000 0.000000 0.000000 0.000000 -14915.675358 1.463910
300.000000 0.396000 0.396000 0.396000 0.000000 0.000000 0.000000 -14856.627076 8.126195
300.000000 0.398000 0.398000 0.398000 0.000000 0.000000 0.000000 -14856.146970 7.177641
300.000000 0.400000 0.400000 0.400000 0.000000 0.000000 0.000000 -14903.990715 10.359405
300.000000 0.402000 0.402000 0.402000 0.000000 0.000000 0.000000 -14932.013845 19.703035
300.000000 0.404000 0.404000 0.404000 0.000000 0.000000 0.000000 -14961.650697 15.475621
300.000000 0.406000 0.406000 0.406000 0.000000 0.000000 0.000000 -14884.237939 18.649916
300.000000 0.408000 0.408000 0.408000 0.000000 0.000000 0.000000 -14938.138422 7.976816
300.000000 0.410000 0.410000 0.410000 0.000000 0.000000 0.000000 -15004.267928 8.596738
300.000000 0.412000 0.412000 0.412000 0.000000 0.000000 0.000000 -14872.397099 9.634919
300.000000 0.414000 0.414000 0.414000 0.000000 0.000000 0.000000 -14986.397305 11.248207
300.000000 0.416000 0.416000 0.416000 0.000000 0.000000 0.000000 -14901.788021 17.066503
300.000000 0.418000 0.418000 0.418000 0.000000 0.000000 0.000000 -14959.142546 11.860660
300.000000 0.420000 0.420000 0.420000 0.000000 0.000000 0.000000 -14888.284400 12.293858
300.000000 0.422000 0.422000 0.422000 0.000000 0.000000 0.000000 -14896.652720 8.985122
300.000000 0.424000 0.424000 0.424000 0.000000 0.000000 0.000000 -14910.268103 11.337835
300.000000 0.426000 0.426000 0.426000 0.000000 0.000000 0.000000 -14908.531940 12.181824
300.000000 0.428000 0.428000 0.428000 0.000000 0.000000 0.000000 -14902.208391 5.168499
300.000000 0.430000 0.430000 0.430000 0.000000 0.000000 0.000000 -14936.025579 21.831680
300.000000 0.432000 0.432000 0.432000 0.000000 0.000000 0.000000 -14992.780953 9.724546
300.000000 0.434000 0.434000 0.434000 0.000000 0.000000 0.000000 -14919.572740 10.075586
300.000000 0.436000 0.436000 0.436000 0.000000 0.000000 0.000000 -14981.181318 11.337835
300.000000 0.438000 0.438000 0.438000 0.000000 0.000000 0.000000 -14952.950272 3.293798
300.000000 0.440000 0.440000 0.440000 0.000000 0.000000 0.000000 -14925.495715 17.253227
300.000000 0.442000 0.442000 0.442000 0.000000 0.000000 0.000000 -14961.622411 10.934512
300.000000 0.444000 0.444000 0.444000 0.000000 0.000000 0.000000 -14949.896940 11.995100
300.000000 0.446000 0.446000 0.446000 0.000000 0.000000 0.000000 -14913.176980 2.315368
300.000000 0.448000 0.448000 0.448000 0.000000 0.000000 0.000000 -14893.228449 2.741097
300.000000 0.450000 0.450000 0.450000 0.000000 0.000000 0.000000 -14961.364521 4.287165
300.000000 0.452000 0.452000 0.452000 0.000000 0.000000 0.000000 -15017.202999 10.927043
300.000000 0.454000 0.454000 0.454000 0.000000 0.000000 0.000000 -14959.506619 0.149379
300.000000 0.456000 0.456000 0.456000 0.000000 0.000000 0.000000 -14925.810795 16.581023
300.000000 0.458000 0.458000 0.458000 0.000000 0.000000 0.000000 -14992.594072 10.471439
300.000000 0.460000 0.460000 0.460000 0.000000 0.000000 0.000000 -14975.491105 12.308795
300.000000 0.462000 0.462000 0.462000 0.000000 0.000000 0.000000 -14916.537346 15.415870
300.000000 0.464000 0.464000 0.464000 0.000000 0.000000 0.000000 -14970.272103 8.126195
300.000000 0.466000 0.466000 0.466000 0.000000 0.000000 0.000000 -14932.347744 1.396690
300.000000 0.468000 0.468000 0.468000 0.000000 0.000000 0.000000 -14885.112761 13.600920
300.000000 0.470000 0.470000 0.470000 0.000000 0.000000 0.000000 -14895.447597 10.187620
300.000000 0.472000 0.472000 0.472000 0.000000 0.000000 0.000000 -14870.620669 17.223351
300.000000 0.474000 0.474000 0.474000 0.000000 0.000000 0.000000 -14939.425736 13.078095
300.000000 0.476000 0.476000 0.476000 0.000000 0.000000 0.000000 -14827.062095 8.790930
300.000000 0.478000 0.478000 0.478000 0.000000 0.000000 0.000000 -14763.855564 13.802581
300.000000 0.480000 0.480000 0.480000 0.000000 0.000000 0.000000 -14919.053770 7.364364
300.000000 0.482000 0.482000 0.482000 0.000000 0.000000 0.000000 -14806.951617 8.178478
300.000000 0.484000 0.484000 0.484000 0.000000 0.000000 0.000000 -14847.706853 12.010038
300.000000 0.486000 0.486000 0.486000 0.000000 0.000000 0.000000 -14836.875329 13.055688
300.000000 0.488000 0.488000 0.488000 0.000000 0.000000 0.000000 -14830.116574 22.122968
300.000000 0.490000 0.490000 0.490000 0.000000 0.000000 0.000000 -14871.332021 5.258126
300.000000 0.492000 0.492000 0.492000 0.000000 0.000000 0.000000 -14830.122952 13.750299
300.000000 0.494000 0.494000 0.494000 0.000000 0.000000 0.000000 -14871.618737 0.627390
300.000000 0.496000 0.496000 0.496000 0.000000 0.000000 0.000000 -14855.907398 7.849845
300.000000 0.498000 0.498000 0.498000 0.000000 0.000000 0.000000 -14856.447186 9.425789
