300.000000 0.000000 0.000000 0.000000 0.000000 0.000000 0.000000 -28008.818416 928.182150
300.000000 0.002000 0.002000 0.002000 0.000000 0.000000 0.000000 -27823.293030 623.539619
300.000000 0.004000 0.004000 0.004000 0.000000 0.000000 0.000000 -27980.247233 164.407511
300.000000 0.006000 0.006000 0.006000 0.000000 0.000000 0.000000 -28024.820881 642.433568
300.000000 0.008000 0.008000 0.008000 0.000000 0.000000 0.000000 -28002.572059 156.134861
300.000000 0.010000 0.010000 0.010000 0.000000 0.000000 0.000000 -27999.317268 175.605364
300.000000 0.012000 0.012000 0.012000 0.000000 0.000000 0.000000 -28079.546008 149.433695
300.000000 0.014000 0.014000 0.014000 0.000000 0.000000 0.000000 -28076.507530 248.908623
300.000000 0.016000 0.016000 0.016000 0.000000 0.000000 0.000000 -28100.722790 161.994785
300.000000 0.018000 0.018000 0.018000 0.000000 0.000000 0.000000 -28110.003771 83.622045
300.000000 0.020000 0.020000 0.020000 0.000000 0.000000 0.000000 -28137.794203 128.764468
300.000000 0.022000 0.022000 0.022000 0.000000 0.000000 0.000000 -28139.971717 117.669901
300.000000 0.024000 0.024000 0.024000 0.000000 0.000000 0.000000 -28064.806596 83.838368
300.000000 0.026000 0.026000 0.026000 0.000000 0.000000 0.000000 -28092.327644 70.346019
300.000000 0.028000 0.028000 0.028000 0.000000 0.000000 0.000000 -27960.056558 183.474300
300.000000 0.030000 0.030000 0.030000 0.000000 0.000000 0.000000 -27971.069522 168.427166
300.000000 0.032000 0.032000 0.032000 0.000000 0.000000 0.000000 -27936.460057 106.785109
300.000000 0.034000 0.034000 0.034000 0.000000 0.000000 0.000000 -27995.051308 99.844427
300.000000 0.036000 0.036000 0.036000 0.000000 0.000000 0.000000 -27977.802164 73.702226
300.000000 0.038000 0.038000 0.038000 0.000000 0.000000 0.000000 -28061.696232 106.557322
300.000000 0.040000 0.040000 0.040000 0.000000 0.000000 0.000000 -28075.279394 130.448796
300.000000 0.042000 0.042000 0.042000 0.000000 0.000000 0.000000 -28070.603763 57.880250
300.000000 0.044000 0.044000 0.044000 0.000000 0.000000 0.000000 -28067.746615 54.554883
300.000000 0.046000 0.046000 0.046000 0.000000 0.000000 0.000000 -27936.021182 58.287042
300.000000 0.048000 0.048000 0.048000 0.000000 0.000000 0.000000 -28100.970094 22.742507
300.000000 0.050000 0.050000 0.050000 0.000000 0.000000 0.000000 -28149.370627 53.433457
300.000000 0.052000 0.052000 0.052000 0.000000 0.000000 0.000000 -28027.350929 43.716302
300.000000 0.054000 0.054000 0.054000 0.000000 0.000000 0.000000 -27978.720539 32.652136
300.000000 0.056000 0.056000 0.056000 0.000000 0.000000 0.000000 -27955.492285 52.220917
300.000000 0.058000 0.058000 0.058000 0.000000 0.000000 0.000000 -28039.313238 58.294916
300.000000 0.060000 0.060000 0.060000 0.000000 0.000000 0.000000 -27980.483004 65.934727
300.000000 0.062000 0.062000 0.062000 0.000000 0.000000 0.000000 -27990.564240 36.658496
300.000000 0.064000 0.064000 0.064000 0.000000 0.000000 0.000000 -27980.472668 67.164599
300.000000 0.066000 0.066000 0.066000 0.000000 0.000000 0.000000 -27953.623257 52.768665
300.000000 0.068000 0.068000 0.068000 0.000000 0.000000 0.000000 -27955.443762 70.005553
300.000000 0.070000 0.070000 0.070000 0.000000 0.000000 0.000000 -28018.829419 82.368383
300.000000 0.072000 0.072000 0.072000 0.000000 0.000000 0.000000 -28000.731216 30.294816
300.000000 0.074000 0.074000 0.074000 0.000000 0.000000 0.000000 -27984.203146 61.552669
300.000000 0.076000 0.076000 0.076000 0.000000 0.000000 0.000000 -28013.445867 31.980509
300.000000 0.078000 0.078000 0.078000 0.000000 0.000000 0.000000 -28141.970657 65.339193
300.000000 0.080000 0.080000 0.080000 0.000000 0.000000 0.000000 -28109.028320 68.660575
300.000000 0.082000 0.082000 0.082000 0.000000 0.000000 0.000000 -28107.236731 67.962040
300.000000 0.084000 0.084000 0.084000 0.000000 0.000000 0.000000 -28074.142133 42.239738
300.000000 0.086000 0.086000 0.086000 0.000000 0.000000 0.000000 -28089.513088 40.827735
300.000000 0.088000 0.088000 0.088000 0.000000 0.000000 0.000000 -28052.679528 35.029008
300.000000 0.090000 0.090000 0.090000 0.000000 0.000000 0.000000 -28004.623487 42.329658
300.000000 0.092000 0.092000 0.092000 0.000000 0.000000 0.000000 -28011.155326 48.696386
300.000000 0.094000 0.094000 0.094000 0.000000 0.000000 0.000000 -28107.263909 59.407629
300.000000 0.096000 0.096000 0.096000 0.000000 0.000000 0.000000 -27941.461910 29.049059
300.000000 0.098000 0.098000 0.098000 0.000000 0.000000 0.000000 -27945.555321 60.997919
300.000000 0.100000 0.100000 0.100000 0.000000 0.000000 0.000000 -28001.033709 38.759037
300.000000 0.102000 0.102000 0.102000 0.000000 0.000000 0.000000 -27868.264951 32.793583
300.000000 0.104000 0.104000 0.104000 0.000000 0.000000 0.000000 -27955.946728 35.884476
300.000000 0.106000 0.106000 0.106000 0.000000 0.000000 0.000000 -27963.279873 42.962585
300.000000 0.108000 0.108000 0.108000 0.000000 0.000000 0.000000 -27991.155595 36.628940
300.000000 0.110000 0.110000 0.110000 0.000000 0.000000 0.000000 -28003.411415 52.830660
300.000000 0.112000 0.112000 0.112000 0.000000 0.000000 0.000000 -27823.307180 53.768777
300.000000 0.114000 0.114000 0.114000 0.000000 0.000000 0.000000 -27981.988887 42.976798
300.000000 0.116000 0.116000 0.116000 0.000000 0.000000 0.000000 -28014.973260 54.582217
300.000000 0.118000 0.118000 0.118000 0.000000 0.000000 0.000000 -28051.169836 44.569518
300.000000 0.120000 0.120000 0.120000 0.000000 0.000000 0.000000 -28015.107296 29.568694
300.000000 0.122000 0.122000 0.122000 0.000000 0.000000 0.000000 -27983.721920 42.643632
300.000000 0.124000 0.124000 0.124000 0.000000 0.000000 0.000000 -27973.528856 26.186473
300.000000 0.126000 0.126000 0.126000 0.000000 0.000000 0.000000 -28029.804176 38.952667
300.000000 0.128000 0.128000 0.128000 0.000000 0.000000 0.000000 -28027.993830 41.391480
300.000000 0.130000 0.130000 0.130000 0.000000 0.000000 0.000000 -28011.537210 54.659018
300.000000 0.132000 0.132000 0.132000 0.000000 0.000000 0.000000 -28071.544324 42.406001
300.000000 0.134000 0.134000 0.134000 0.000000 0.000000 0.000000 -28002.119201 62.028872
300.000000 0.136000 0.136000 0.136000 0.000000 0.000000 0.000000 -28032.277421 47.799064
300.000000 0.138000 0.138000 0.138000 0.000000 0.000000 0.000000 -28120.288161 22.274678
300.000000 0.140000 0.140000 0.140000 0.000000 0.000000 0.000000 -28100.150107 16.980428
300.000000 0.142000 0.142000 0.142000 0.000000 0.000000 0.000000 -27957.641357 21.513817
300.000000 0.144000 0.144000 0.144000 0.000000 0.000000 0.000000 -28074.334753 32.909314
300.000000 0.146000 0.146000 0.146000 0.000000 0.000000 0.000000 -28026.318910 15.206969
300.000000 0.148000 0.148000 0.148000 0.000000 0.000000 0.000000 -28082.292764 16.559175
300.000000 0.150000 0.150000 0.150000 0.000000 0.000000 0.000000 -28052.327196 27.254419
300.000000 0.152000 0.152000 0.152000 0.000000 0.000000 0.000000 -28103.420542 33.526801
300.000000 0.154000 0.154000 0.154000 0.000000 0.000000 0.000000 -28031.566251 48.116747
300.000000 0.156000 0.156000 0.156000 0.000000 0.000000 0.000000 -28132.785004 22.426203
300.000000 0.158000 0.158000 0.158000 0.000000 0.000000 0.000000 -28153.737224 14.106914
300.000000 0.160000 0.160000 0.160000 0.000000 0.000000 0.000000 -28038.216748 32.426861
300.000000 0.162000 0.162000 0.162000 0.000000 0.000000 0.000000 -28090.431537 39.941943
300.000000 0.164000 0.164000 0.164000 0.000000 0.000000 0.000000 -28144.792067 24.941946
300.000000 0.166000 0.166000 0.166000 0.000000 0.000000 0.000000 -28153.249736 32.835614
300.000000 0.168000 0.168000 0.168000 0.000000 0.000000 0.000000 -28083.005465 23.882710
300.000000 0.170000 0.170000 0.170000 0.000000 0.000000 0.000000 -27868.980188 38.463308
300.000000 0.172000 0.172000 0.172000 0.000000 0.000000 0.000000 -27940.558942 57.433158
300.000000 0.174000 0.174000 0.174000 0.000000 0.000000 0.000000 -27897.048280 22.692764
300.000000 0.176000 0.176000 0.176000 0.000000 0.000000 0.000000 -27935.875803 30.079018
300.000000 0.178000 0.178000 0.178000 0.000000 0.000000 0.000000 -28012.774185 15.982948
300.000000 0.180000 0.180000 0.180000 0.000000 0.000000 0.000000 -28003.923363 27.411544
300.000000 0.182000 0.182000 0.182000 0.000000 0.000000 0.000000 -28011.216781 21.271312
300.000000 0.184000 0.184000 0.184000 0.000000 0.000000 0.000000 -27790.905954 25.098939
300.000000 0.186000 0.186000 0.186000 0.000000 0.000000 0.000000 -27984.196358 5.475721
300.000000 0.188000 0.188000 0.188000 0.000000 0.000000 0.000000 -28013.767673 33.294355
300.000000 0.190000 0.190000 0.190000 0.000000 0.000000 0.000000 -28116.862929 19.174326
300.000000 0.192000 0.192000 0.192000 0.000000 0.000000 0.000000 -28079.405301 8.214953
300.000000 0.194000 0.194000 0.194000 0.000000 0.000000 0.000000 -27991.304063 24.319745
300.000000 0.196000 0.196000 0.196000 0.000000 0.000000 0.000000 -28137.566726 28.216342
300.000000 0.198000 0.198000 0.198000 0.000000 0.000000 0.000000 -28070.210378 20.382578
300.000000 0.200000 0.200000 0.200000 0.000000 0.000000 0.000000 -27929.784168 27.566629
300.000000 0.202000 0.202000 0.202000 0.000000 0.000000 0.000000 -27917.550606 17.300770
300.000000 0.204000 0.204000 0.204000 0.000000 0.000000 0.000000 -28034.378743 26.568304
300.000000 0.206000 0.206000 0.206000 0.000000 0.000000 0.000000 -27963.486575 36.660396
300.000000 0.208000 0.208000 0.208000 0.000000 0.000000 0.000000 -27931.350190 15.703357
300.000000 0.210000 0.210000 0.210000 0.000000 0.000000 0.000000 -28060.895889 26.166915
300.000000 0.212000 0.212000 0.212000 0.000000 0.000000 0.000000 -27915.596144 15.181377
300.000000 0.214000 0.214000 0.214000 0.000000 0.000000 0.000000 -28017.869620 31.651647
300.000000 0.216000 0.216000 0.216000 0.000000 0.000000 0.000000 -27874.019089 22.299554
300.000000 0.218000 0.218000 0.218000 0.000000 0.000000 0.000000 -27963.343167 19.603973
300.000000 0.220000 0.220000 0.220000 0.000000 0.000000 0.000000 -27964.253719 31.978383
300.000000 0.222000 0.222000 0.222000 0.000000 0.000000 0.000000 -27858.087716 19.657102
300.000000 0.224000 0.224000 0.224000 0.000000 0.000000 0.000000 -27896.439906 17.582888
300.000000 0.226000 0.226000 0.226000 0.000000 0.000000 0.000000 -28059.785954 17.737601
300.000000 0.228000 0.228000 0.228000 0.000000 0.000000 0.000000 -28076.915211 27.270268
300.000000 0.230000 0.230000 0.230000 0.000000 0.000000 0.000000 -28144.279822 27.831512
300.000000 0.232000 0.232000 0.232000 0.000000 0.000000 0.000000 -28058.507569 23.354936
300.000000 0.234000 0.234000 0.234000 0.000000 0.000000 0.000000 -27959.388214 15.555834
300.000000 0.236000 0.236000 0.236000 0.000000 0.000000 0.000000 -27964.186445 22.850597
300.000000 0.238000 0.238000 0.238000 0.000000 0.000000 0.000000 -28067.175824 31.089944
300.000000 0.240000 0.240000 0.240000 0.000000 0.000000 0.000000 -27987.359445 20.878956
300.000000 0.242000 0.242000 0.242000 0.000000 0.000000 0.000000 -28043.723331 16.504904
300.000000 0.244000 0.244000 0.244000 0.000000 0.000000 0.000000 -28015.838612 13.226591
300.000000 0.246000 0.246000 0.246000 0.000000 0.000000 0.000000 -28127.534585 25.183307
300.000000 0.248000 0.248000 0.248000 0.000000 0.000000 0.000000 -28074.911088 18.023242
300.000000 0.250000 0.250000 0.250000 0.000000 0.000000 0.000000 -27950.825506 20.920745
300.000000 0.252000 0.252000 0.252000 0.000000 0.000000 0.000000 -27952.576128 19.374648
300.000000 0.254000 0.254000 0.254000 0.000000 0.000000 0.000000 -27969.408556 21.296298
300.000000 0.256000 0.256000 0.256000 0.000000 0.000000 0.000000 -28047.869865 16.646312
300.000000 0.258000 0.258000 0.258000 0.000000 0.000000 0.000000 -27989.807904 14.862318
300.000000 0.260000 0.260000 0.260000 0.000000 0.000000 0.000000 -28067.195229 17.846610
300.000000 0.262000 0.262000 0.262000 0.000000 0.000000 0.000000 -28177.219241 11.895206
300.000000 0.264000 0.264000 0.264000 0.000000 0.000000 0.000000 -28051.002940 19.802914
300.000000 0.266000 0.266000 0.266000 0.000000 0.000000 0.000000 -27984.321683 4.953312
300.000000 0.268000 0.268000 0.268000 0.000000 0.000000 0.000000 -28009.492436 13.628570
300.000000 0.270000 0.270000 0.270000 0.000000 0.000000 0.000000 -28026.172925 13.299344
300.000000 0.272000 0.272000 0.272000 0.000000 0.000000 0.000000 -28099.852220 12.621720
300.000000 0.274000 0.274000 0.274000 0.000000 0.000000 0.000000 -27997.704004 21.280201
300.000000 0.276000 0.276000 0.276000 0.000000 0.000000 0.000000 -28011.560787 10.947774
300.000000 0.278000 0.278000 0.278000 0.000000 0.000000 0.000000 -28073.799043 24.204259
300.000000 0.280000 0.280000 0.280000 0.000000 0.000000 0.000000 -28019.154985 34.444421
300.000000 0.282000 0.282000 0.282000 0.000000 0.000000 0.000000 -28079.828683 31.117763
300.000000 0.284000 0.284000 0.284000 0.000000 0.000000 0.000000 -28027.481680 14.702514
300.000000 0.286000 0.286000 0.286000 0.000000 0.000000 0.000000 -28022.798651 26.650517
300.000000 0.288000 0.288000 0.288000 0.000000 0.000000 0.000000 -27940.641242 2.605687
300.000000 0.290000 0.290000 0.290000 0.000000 0.000000 0.000000 -27956.220640 24.812022
300.000000 0.292000 0.292000 0.292000 0.000000 0.000000 0.000000 -28017.535943 17.196722
300.000000 0.294000 0.294000 0.294000 0.000000 0.000000 0.000000 -28061.276695 17.415873
300.000000 0.296000 0.296000 0.296000 0.000000 0.000000 0.000000 -28103.820947 10.194841
300.000000 0.298000 0.298000 0.298000 0.000000 0.000000 0.000000 -28108.951074 4.874907
300.000000 0.300000 0.300000 0.300000 0.000000 0.000000 0.000000 -28012.968453 -6.032760
300.000000 0.302000 0.302000 0.302000 0.000000 0.000000 0.000000 -28186.173573 10.450963
300.000000 0.304000 0.304000 0.304000 0.000000 0.000000 0.000000 -28119.465300 21.140894
300.000000 0.306000 0.306000 0.306000 0.000000 0.000000 0.000000 -28041.072860 7.932524
300.000000 0.308000 0.308000 0.308000 0.000000 0.000000 0.000000 -28213.267801 17.596437
300.000000 0.310000 0.310000 0.310000 0.000000 0.000000 0.000000 -28071.933826 11.558757
300.000000 0.312000 0.312000 0.312000 0.000000 0.000000 0.000000 -27968.433994 16.599512
300.000000 0.314000 0.314000 0.314000 0.000000 0.000000 0.000000 -27991.010833 17.055489
300.000000 0.316000 0.316000 0.316000 0.000000 0.000000 0.000000 -27944.064120 18.173789
300.000000 0.318000 0.318000 0.318000 0.000000 0.000000 0.000000 -27818.833571 11.561478
300.000000 0.320000 0.320000 0.320000 0.000000 0.000000 0.000000 -27842.668365 13.205294
300.000000 0.322000 0.322000 0.322000 0.000000 0.000000 0.000000 -27891.912020 12.037079
300.000000 0.324000 0.324000 0.324000 0.000000 0.000000 0.000000 -27968.036525 10.532072
300.000000 0.326000 0.326000 0.326000 0.000000 0.000000 0.000000 -28020.137586 1.378331
300.000000 0.328000 0.328000 0.328000 0.000000 0.000000 0.000000 -28025.471146 19.969996
300.000000 0.330000 0.330000 0.330000 0.000000 0.000000 0.000000 -27986.629993 11.395055
300.000000 0.332000 0.332000 0.332000 0.000000 0.000000 0.000000 -27980.094316 14.589493
300.000000 0.334000 0.334000 0.334000 0.000000 0.000000 0.000000 -28087.379795 15.101533
300.000000 0.336000 0.336000 0.336000 0.000000 0.000000 0.000000 -28039.675838 11.145291
300.000000 0.338000 0.338000 0.338000 0.000000 0.000000 0.000000 -28036.701628 8.048648
300.000000 0.340000 0.340000 0.340000 0.000000 0.000000 0.000000 -28140.020680 9.352760
300.000000 0.342000 0.342000 0.342000 0.000000 0.000000 0.000000 -28160.934401 3.370799
300.000000 0.344000 0.344000 0.344000 0.000000 0.000000 0.000000 -28180.857102 14.613439
300.000000 0.346000 0.346000 0.346000 0.000000 0.000000 0.000000 -28028.548174 5.632308
300.000000 0.348000 0.348000 0.348000 0.000000 0.000000 0.000000 -28060.897104 -2.561895
300.000000 0.350000 0.350000 0.350000 0.000000 0.000000 0.000000 -28023.465430 6.926163
300.000000 0.352000 0.352000 0.352000 0.000000 0.000000 0.000000 -27993.215675 -2.315832
300.000000 0.354000 0.354000 0.354000 0.000000 0.000000 0.000000 -28094.203641 7.338894
300.000000 0.356000 0.356000 0.356000 0.000000 0.000000 0.000000 -28149.723156 12.222183
300.000000 0.358000 0.358000 0.358000 0.000000 0.000000 0.000000 -28130.704247 1.133467
300.000000 0.360000 0.360000 0.360000 0.000000 0.000000 0.000000 -28126.205855 6.471478
300.000000 0.362000 0.362000 0.362000 0.000000 0.000000 0.000000 -28088.418490 5.190902
300.000000 0.364000 0.364000 0.364000 0.000000 0.000000 0.000000 -28156.902008 14.051759
300.000000 0.366000 0.366000 0.366000 0.000000 0.000000 0.000000 -28210.106973 13.663352
300.000000 0.368000 0.368000 0.368000 0.000000 0.000000 0.000000 -28125.824950 15.785840
300.000000 0.370000 0.370000 0.370000 0.000000 0.000000 0.000000 -28000.090581 18.856215
300.000000 0.372000 0.372000 0.372000 0.000000 0.000000 0.000000 -27982.859228 7.874447
300.000000 0.374000 0.374000 0.374000 0.000000 0.000000 0.000000 -27959.122590 14.635296
300.000000 0.376000 0.376000 0.376000 0.000000 0.000000 0.000000 -27937.537364 4.006949
300.000000 0.378000 0.378000 0.378000 0.000000 0.000000 0.000000 -27976.285696 9.535137
300.000000 0.380000 0.380000 0.380000 0.000000 0.000000 0.000000 -28008.070600 16.082135
300.000000 0.382000 0.382000 0.382000 0.000000 0.000000 0.000000 -27894.862040 18.312572
300.000000 0.384000 0.384000 0.384000 0.000000 0.000000 0.000000 -27960.285756 8.727113
300.000000 0.386000 0.386000 0.386000 0.000000 0.000000 0.000000 -27927.656313 11.111847
300.000000 0.388000 0.388000 0.388000 0.000000 0.000000 0.000000 -27888.857471 18.399549
300.000000 0.390000 0.390000 0.390000 0.000000 0.000000 0.000000 -27980.115324 3.930802
300.000000 0.392000 0.392000 0.392000 0.000000 0.000000 0.000000 -27938.634385 1.736734
300.000000 0.394000 0.394000 0.394000 0.000000 0.000000 0.000000 -27850.227741 3.166613
300.000000 0.396000 0.396000 0.396000 0.000000 0.000000 0.000000 -28038.793214 11.294481
300.000000 0.398000 0.398000 0.398000 0.000000 0.000000 0.000000 -28043.257187 12.193311
300.000000 0.400000 0.400000 0.400000 0.000000 0.000000 0.000000 -28022.547473 8.597143
300.000000 0.402000 0.402000 0.402000 0.000000 0.000000 0.000000 -27892.267765 6.036142
300.000000 0.404000 0.404000 0.404000 0.000000 0.000000 0.000000 -27981.533937 14.167469
300.000000 0.406000 0.406000 0.406000 0.000000 0.000000 0.000000 -27997.303686 7.377745
300.000000 0.408000 0.408000 0.408000 0.000000 0.000000 0.000000 -28040.938582 5.970862
300.000000 0.410000 0.410000 0.410000 0.000000 0.000000 0.000000 -28013.766829 6.553091
300.000000 0.412000 0.412000 0.412000 0.000000 0.000000 0.000000 -28032.837355 15.591434
300.000000 0.414000 0.414000 0.414000 0.000000 0.000000 0.000000 -28089.929777 2.813642
300.000000 0.416000 0.416000 0.416000 0.000000 0.000000 0.000000 -28061.776518 -5.275707
300.000000 0.418000 0.418000 0.418000 0.000000 0.000000 0.000000 -28041.274861 2.022427
300.000000 0.420000 0.420000 0.420000 0.000000 0.000000 0.000000 -28075.436467 11.717522
300.000000 0.422000 0.422000 0.422000 0.000000 0.000000 0.000000 -28017.476295 5.588173
300.000000 0.424000 0.424000 0.424000 0.000000 0.000000 0.000000 -28053.185790 7.759460
300.000000 0.426000 0.426000 0.426000 0.000000 0.000000 0.000000 -28069.755985 2.956041
300.000000 0.428000 0.428000 0.428000 0.000000 0.000000 0.000000 -28086.048793 3.717581
300.000000 0.430000 0.430000 0.430000 0.000000 0.000000 0.000000 -28028.108495 14.076764
300.000000 0.432000 0.432000 0.432000 0.000000 0.000000 0.000000 -28101.704706 7.341521
300.000000 0.434000 0.434000 0.434000 0.000000 0.000000 0.000000 -27980.935093 3.075362
300.000000 0.436000 0.436000 0.436000 0.000000 0.000000 0.000000 -27932.849060 2.323824
300.000000 0.438000 0.438000 0.438000 0.000000 0.000000 0.000000 -27979.442803 4.200332
300.000000 0.440000 0.440000 0.440000 0.000000 0.000000 0.000000 -27942.485257 7.387707
300.000000 0.442000 0.442000 0.442000 0.000000 0.000000 0.000000 -28030.138254 7.934337
300.000000 0.444000 0.444000 0.444000 0.000000 0.000000 0.000000 -27998.078485 -2.639001
300.000000 0.446000 0.446000 0.446000 0.000000 0.000000 0.000000 -27950.570643 -1.303985
300.000000 0.448000 0.448000 0.448000 0.000000 0.000000 0.000000 -27964.187303 7.851540
300.000000 0.450000 0.450000 0.450000 0.000000 0.000000 0.000000 -27983.449415 9.773918
300.000000 0.452000 0.452000 0.452000 0.000000 0.000000 0.000000 -27917.854985 0.395224
300.000000 0.454000 0.454000 0.454000 0.000000 0.000000 0.000000 -27971.040379 -3.907843
300.000000 0.456000 0.456000 0.456000 0.000000 0.000000 0.000000 -27998.818956 0.962388
300.000000 0.458000 0.458000 0.458000 0.000000 0.000000 0.000000 -28009.260919 1.444488
300.000000 0.460000 0.460000 0.460000 0.000000 0.000000 0.000000 -28059.974821 2.778498
300.000000 0.462000 0.462000 0.462000 0.000000 0.000000 0.000000 -28035.252545 3.346517
300.000000 0.464000 0.464000 0.464000 0.000000 0.000000 0.000000 -28005.353628 3.013951
300.000000 0.466000 0.466000 0.466000 0.000000 0.000000 0.000000 -28091.841778 14.396842
300.000000 0.468000 0.468000 0.468000 0.000000 0.000000 0.000000 -28151.168794 -13.586210
300.000000 0.470000 0.470000 0.470000 0.000000 0.000000 0.000000 -28068.282464 4.495478
300.000000 0.472000 0.472000 0.472000 0.000000 0.000000 0.000000 -28045.046754 -0.203592
300.000000 0.474000 0.474000 0.474000 0.000000 0.000000 0.000000 -28095.721121 4.241578
300.000000 0.476000 0.476000 0.476000 0.000000 0.000000 0.000000 -27979.765409 5.921803
300.000000 0.478000 0.478000 0.478000 0.000000 0.000000 0.000000 -28027.878054 7.688468
300.000000 0.480000 0.480000 0.480000 0.000000 0.000000 0.000000 -27937.363693 13.745700
300.000000 0.482000 0.482000 0.482000 0.000000 0.000000 0.000000 -27966.483181 1.400958
300.000000 0.484000 0.484000 0.484000 0.000000 0.000000 0.000000 -28043.762645 7.268683
300.000000 0.486000 0.486000 0.486000 0.000000 0.000000 0.000000 -28040.482890 7.736245
300.000000 0.488000 0.488000 0.488000 0.000000 0.000000 0.000000 -28165.113370 0.706384
300.000000 0.490000 0.490000 0.490000 0.000000 0.000000 0.000000 -28078.645342 2.050687
300.000000 0.492000 0.492000 0.492000 0.000000 0.000000 0.000000 -27988.533637 2.042781
300.000000 0.494000 0.494000 0.494000 0.000000 0.000000 0.000000 -28087.950976 6.041924
300.000000 0.496000 0.496000 0.496000 0.000000 0.000000 0.000000 -28037.978299 1.190401
300.000000 0.498000 0.498000 0.498000 0.000000 0.000000 0.000000 -28026.379855 2.403765
