50.000000 0.500000 0.500000 0.500000 0.000000 0.000000 0.000000 -38983.603845 -5.870578
58.333333 0.500000 0.500000 0.500000 0.000000 0.000000 0.000000 -38877.490462 -0.298757
66.666667 0.500000 0.500000 0.500000 0.000000 0.000000 0.000000 -38821.825539 -8.215822
75.000000 0.500000 0.500000 0.500000 0.000000 0.000000 0.000000 -38759.165861 -8.454828
83.333333 0.500000 0.500000 0.500000 0.000000 0.000000 0.000000 -38702.105729 -13.010875
91.666667 0.500000 0.500000 0.500000 0.000000 0.000000 0.000000 -38569.727039 -6.766850
100.000000 0.500000 0.500000 0.500000 0.000000 0.000000 0.000000 -38511.750993 -2.091300
108.333333 0.500000 0.500000 0.500000 0.000000 0.000000 0.000000 -38413.477382 -4.331979
116.666667 0.500000 0.500000 0.500000 0.000000 0.000000 0.000000 -38249.947313 -1.284656
125.000000 0.500000 0.500000 0.500000 0.000000 0.000000 0.000000 -38136.435307 10.635755
133.333333 0.500000 0.500000 0.500000 0.000000 0.000000 0.000000 -37964.376239 -5.766013
141.666667 0.500000 0.500000 0.500000 0.000000 0.000000 0.000000 -37835.080306 1.553537
150.000000 0.500000 0.500000 0.500000 0.000000 0.000000 0.000000 -37721.815015 0.164316
158.333333 0.500000 0.500000 0.500000 0.000000 0.000000 0.000000 -37498.455081 -4.526171
166.666667 0.500000 0.500000 0.500000 0.000000 0.000000 0.000000 -37421.515788 -4.063098
175.000000 0.500000 0.500000 0.500000 0.000000 0.000000 0.000000 -37200.605721 12.413360
183.333333 0.500000 0.500000 0.500000 0.000000 0.000000 0.000000 -37044.044739 4.272228
191.666667 0.500000 0.500000 0.500000 0.000000 0.000000 0.000000 -36862.004673 -0.358509
200.000000 0.500000 0.500000 0.500000 0.000000 0.000000 0.000000 -36490.858946 0.492949
208.333333 0.500000 0.500000 0.500000 0.000000 0.000000 0.000000 -36179.052944 -5.332815
216.666667 0.500000 0.500000 0.500000 0.000000 0.000000 0.000000 -36011.153880 -2.703752
225.000000 0.500000 0.500000 0.500000 0.000000 0.000000 0.000000 -35575.235776 -4.735301
233.333333 0.500000 0.500000 0.500000 0.000000 0.000000 0.000000 -35309.457561 6.229087
241.666667 0.500000 0.500000 0.500000 0.000000 0.000000 0.000000 -34793.212727 0.761831
250.000000 0.500000 0.500000 0.500000 0.000000 0.000000 0.000000 -34443.226638 -15.221678
258.333333 0.500000 0.500000 0.500000 0.000000 0.000000 0.000000 -33995.881597 -13.205067
266.666667 0.500000 0.500000 0.500000 0.000000 0.000000 0.000000 -33736.141267 -5.467256
275.000000 0.500000 0.500000 0.500000 0.000000 0.000000 0.000000 -33283.287249 11.083891
283.333333 0.500000 0.500000 0.500000 0.000000 0.000000 0.000000 -32916.988158 -1.493786
291.666667 0.500000 0.500000 0.500000 0.000000 0.000000 0.000000 -32493.391278 -2.210803
300.000000 0.500000 0.500000 0.500000 0.000000 0.000000 0.000000 -32531.234069 -2.748566
300.000000 0.500000 0.500000 0.500000 0.000000 0.000000 0.000000 -32660.203922 -2.733628
300.000000 0.500000 0.500000 0.500000 0.000000 0.000000 0.000000 -32817.597308 -19.882290
300.000000 0.500000 0.500000 0.500000 0.000000 0.000000 0.000000 -32949.615107 21.644957
300.000000 0.500000 0.500000 0.500000 0.000000 0.000000 0.000000 -32905.879597 9.440727
300.000000 0.500000 0.500000 0.500000 0.000000 0.000000 0.000000 -33036.080914 -7.767686
300.000000 0.500000 0.500000 0.500000 0.000000 0.000000 0.000000 -33021.579635 -10.053179
300.000000 0.500000 0.500000 0.500000 0.000000 0.000000 0.000000 -33009.926096 -7.917065
300.000000 0.500000 0.500000 0.500000 0.000000 0.000000 0.000000 -33109.474349 -13.175191
300.000000 0.500000 0.500000 0.500000 0.000000 0.000000 0.000000 -33057.870012 8.574331
300.000000 0.500000 0.500000 0.500000 0.000000 0.000000 0.000000 -33127.242937 -8.454828
300.000000 0.500000 0.500000 0.500000 0.000000 0.000000 0.000000 -33008.382028 5.556883
300.000000 0.500000 0.500000 0.500000 0.000000 0.000000 0.000000 -32945.426716 -2.927820
300.000000 0.500000 0.500000 0.500000 0.000000 0.000000 0.000000 -32944.055169 -6.871415
300.000000 0.500000 0.500000 0.500000 0.000000 0.000000 0.000000 -33007.282430 5.631573
300.000000 0.500000 0.500000 0.500000 0.000000 0.000000 0.000000 -33048.913646 13.115440
300.000000 0.500000 0.500000 0.500000 0.000000 0.000000 0.000000 -32975.777520 -0.179254
300.000000 0.500000 0.500000 0.500000 0.000000 0.000000 0.000000 -32815.721450 -6.094646
300.000000 0.500000 0.500000 0.500000 0.000000 0.000000 0.000000 -33001.729480 -0.956023
300.000000 0.500000 0.500000 0.500000 0.000000 0.000000 0.000000 -33026.232195 -1.613289
300.000000 0.500000 0.500000 0.500000 0.000000 0.000000 0.000000 -32969.377881 -8.544455
300.000000 0.500000 0.500000 0.500000 0.000000 0.000000 0.000000 -32994.027463 -4.242352
300.000000 0.500000 0.500000 0.500000 0.000000 0.000000 0.000000 -33008.807113 -15.102175
300.000000 0.500000 0.500000 0.500000 0.000000 0.000000 0.000000 -32931.997510 16.685588
300.000000 0.500000 0.500000 0.500000 0.000000 0.000000 0.000000 -32902.565415 -6.408341
300.000000 0.500000 0.500000 0.500000 0.000000 0.000000 0.000000 -33052.436275 -1.120339
300.000000 0.500000 0.500000 0.500000 0.000000 0.000000 0.000000 -33060.927656 -6.333652
300.000000 0.500000 0.500000 0.500000 0.000000 0.000000 0.000000 -32913.172210 -5.063934
300.000000 0.500000 0.500000 0.500000 0.000000 0.000000 0.000000 -33076.594765 -2.763504
300.000000 0.500000 0.500000 0.500000 0.000000 0.000000 0.000000 -32969.216597 -9.395913
