300.000000 0.500000 0.500000 0.500000 0.000000 0.000000 0.000000 -33084.181069 -11.561902
300.000000 0.500000 0.500000 0.500000 0.000000 0.000000 0.000000 -33012.014189 3.525335
300.000000 0.500000 0.500000 0.500000 0.000000 0.000000 0.000000 -33028.721702 -8.126195
300.000000 0.500000 0.500000 0.500000 0.000000 0.000000 0.000000 -33053.866407 22.242471
300.000000 0.500000 0.500000 0.500000 0.000000 0.000000 0.000000 -33090.003158 -10.322060
300.000000 0.500000 0.500000 0.500000 0.000000 0.000000 0.000000 -33089.290751 7.917065
300.000000 0.500000 0.500000 0.500000 0.000000 0.000000 0.000000 -33207.120695 -15.654876
300.000000 0.500000 0.500000 0.500000 0.000000 0.000000 0.000000 -33124.358278 -33.386114
300.000000 0.500000 0.500000 0.500000 0.000000 0.000000 0.000000 -33123.298449 -6.303776
300.000000 0.500000 0.500000 0.500000 0.000000 0.000000 0.000000 -33103.592510 3.600024
300.000000 0.500000 0.500000 0.500000 0.000000 0.000000 0.000000 -33149.671019 2.554374
300.000000 0.500000 0.500000 0.500000 0.000000 0.000000 0.000000 -32929.129103 -3.809154
300.000000 0.500000 0.500000 0.500000 0.000000 0.000000 0.000000 -32929.296016 -9.829111
300.000000 0.500000 0.500000 0.500000 0.000000 0.000000 0.000000 -33052.390258 0.806644
300.000000 0.500000 0.500000 0.500000 0.000000 0.000000 0.000000 -33171.293657 -1.523662
300.000000 0.500000 0.500000 0.500000 0.000000 0.000000 0.000000 -33133.968252 17.268164
300.000000 0.500000 0.500000 0.500000 0.000000 0.000000 0.000000 -33345.873547 11.756095
300.000000 0.500000 0.500000 0.500000 0.000000 0.000000 0.000000 -33271.686671 -16.327079
300.000000 0.500000 0.500000 0.500000 0.000000 0.000000 0.000000 -33115.443907 15.132051
300.000000 0.500000 0.500000 0.500000 0.000000 0.000000 0.000000 -33052.350214 7.588432
300.000000 0.500000 0.500000 0.500000 0.000000 0.000000 0.000000 -33148.280018 0.044814
300.000000 0.500000 0.500000 0.500000 0.000000 0.000000 0.000000 -33026.534123 -8.081381
300.000000 0.500000 0.500000 0.500000 0.000000 0.000000 0.000000 -33031.763540 -1.926984
300.000000 0.500000 0.500000 0.500000 0.000000 0.000000 0.000000 -32998.232278 -1.792543
300.000000 0.500000 0.500000 0.500000 0.000000 0.000000 0.000000 -32999.491318 1.568475
300.000000 0.500000 0.500000 0.500000 0.000000 0.000000 0.000000 -32969.485333 1.120339
300.000000 0.500000 0.500000 0.500000 0.000000 0.000000 0.000000 -33085.547825 -4.078035
300.000000 0.500000 0.500000 0.500000 0.000000 0.000000 0.000000 -32946.540461 3.062261
300.000000 0.500000 0.500000 0.500000 0.000000 0.000000 0.000000 -33076.686801 5.362691
300.000000 0.500000 0.500000 0.500000 0.000000 0.000000 0.000000 -33003.826973 -2.001673
