300.000000 0.000000 0.000000 0.000000 0.000000 0.000000 0.000000 -30236.286385 966.414497
300.000000 0.002000 0.002000 0.002000 0.000000 0.000000 0.000000 -30412.502055 938.778739
300.000000 0.004000 0.004000 0.004000 0.000000 0.000000 0.000000 -30352.158303 952.043340
300.000000 0.006000 0.006000 0.006000 0.000000 0.000000 0.000000 -30321.113142 956.722390
300.000000 0.008000 0.008000 0.008000 0.000000 0.000000 0.000000 -30224.773937 952.220648
300.000000 0.010000 0.010000 0.010000 0.000000 0.000000 0.000000 -30203.210341 947.437736
300.000000 0.012000 0.012000 0.012000 0.000000 0.000000 0.000000 -30318.601133 861.786244
300.000000 0.014000 0.014000 0.014000 0.000000 0.000000 0.000000 -30272.616209 955.864319
300.000000 0.016000 0.016000 0.016000 0.000000 0.000000 0.000000 -30242.680519 880.871193
300.000000 0.018000 0.018000 0.018000 0.000000 0.000000 0.000000 -30228.919741 959.712625
300.000000 0.020000 0.020000 0.020000 0.000000 0.000000 0.000000 -30216.591015 955.227626
300.000000 0.022000 0.022000 0.022000 0.000000 0.000000 0.000000 -30187.699315 893.758444
300.000000 0.024000 0.024000 0.024000 0.000000 0.000000 0.000000 -30124.071688 989.416286
300.000000 0.026000 0.026000 0.026000 0.000000 0.000000 0.000000 -30216.708908 914.311448
300.000000 0.028000 0.028000 0.028000 0.000000 0.000000 0.000000 -30333.886362 947.852213
300.000000 0.030000 0.030000 0.030000 0.000000 0.000000 0.000000 -30231.662303 950.980889
300.000000 0.032000 0.032000 0.032000 0.000000 0.000000 0.000000 -30197.974015 878.235233
300.000000 0.034000 0.034000 0.034000 0.000000 0.000000 0.000000 -30228.483851 861.371508
300.000000 0.036000 0.036000 0.036000 0.000000 0.000000 0.000000 -30100.659248 713.714240
300.000000 0.038000 0.038000 0.038000 0.000000 0.000000 0.000000 -30180.039674 730.969358
300.000000 0.040000 0.040000 0.040000 0.000000 0.000000 0.000000 -30016.123545 709.630015
300.000000 0.042000 0.042000 0.042000 0.000000 0.000000 0.000000 -30134.743946 727.396682
300.000000 0.044000 0.044000 0.044000 0.000000 0.000000 0.000000 -30218.778919 636.078008
300.000000 0.046000 0.046000 0.046000 0.000000 0.000000 0.000000 -30256.931421 679.642357
300.000000 0.048000 0.048000 0.048000 0.000000 0.000000 0.000000 -30174.264176 103.554930
300.000000 0.050000 0.050000 0.050000 0.000000 0.000000 0.000000 -30233.023761 57.375282
300.000000 0.052000 0.052000 0.052000 0.000000 0.000000 0.000000 -30244.304017 65.342704
300.000000 0.054000 0.054000 0.054000 0.000000 0.000000 0.000000 -30295.735546 92.531453
300.000000 0.056000 0.056000 0.056000 0.000000 0.000000 0.000000 -30232.335627 73.818643
300.000000 0.058000 0.058000 0.058000 0.000000 0.000000 0.000000 -30325.740279 71.045788
300.000000 0.060000 0.060000 0.060000 0.000000 0.000000 0.000000 -30270.179408 49.059339
300.000000 0.062000 0.062000 0.062000 0.000000 0.000000 0.000000 -30221.385035 99.041697
300.000000 0.064000 0.064000 0.064000 0.000000 0.000000 0.000000 -30202.811903 59.413823
300.000000 0.066000 0.066000 0.066000 0.000000 0.000000 0.000000 -30127.054314 62.316167
300.000000 0.068000 0.068000 0.068000 0.000000 0.000000 0.000000 -30266.040536 113.436201
300.000000 0.070000 0.070000 0.070000 0.000000 0.000000 0.000000 -30138.153696 88.028142
300.000000 0.072000 0.072000 0.072000 0.000000 0.000000 0.000000 -30162.512485 43.639690
300.000000 0.074000 0.074000 0.074000 0.000000 0.000000 0.000000 -30123.171608 50.823361
300.000000 0.076000 0.076000 0.076000 0.000000 0.000000 0.000000 -30056.835470 89.942777
300.000000 0.078000 0.078000 0.078000 0.000000 0.000000 0.000000 -30138.437373 88.133888
300.000000 0.080000 0.080000 0.080000 0.000000 0.000000 0.000000 -30107.416322 43.136736
300.000000 0.082000 0.082000 0.082000 0.000000 0.000000 0.000000 -30034.284723 24.889660
300.000000 0.084000 0.084000 0.084000 0.000000 0.000000 0.000000 -30147.848989 37.938375
300.000000 0.086000 0.086000 0.086000 0.000000 0.000000 0.000000 -30213.625051 77.084102
300.000000 0.088000 0.088000 0.088000 0.000000 0.000000 0.000000 -30198.337167 24.414350
300.000000 0.090000 0.090000 0.090000 0.000000 0.000000 0.000000 -30148.784927 62.739375
300.000000 0.092000 0.092000 0.092000 0.000000 0.000000 0.000000 -30134.230184 30.849774
300.000000 0.094000 0.094000 0.094000 0.000000 0.000000 0.000000 -30139.616270 38.262894
300.000000 0.096000 0.096000 0.096000 0.000000 0.000000 0.000000 -30244.271547 38.740698
300.000000 0.098000 0.098000 0.098000 0.000000 0.000000 0.000000 -30244.642759 25.707563
300.000000 0.100000 0.100000 0.100000 0.000000 0.000000 0.000000 -30309.815282 51.158915
300.000000 0.102000 0.102000 0.102000 0.000000 0.000000 0.000000 -30315.135359 62.733231
300.000000 0.104000 0.104000 0.104000 0.000000 0.000000 0.000000 -30312.122722 28.549423
300.000000 0.106000 0.106000 0.106000 0.000000 0.000000 0.000000 -30191.207660 34.919783
300.000000 0.108000 0.108000 0.108000 0.000000 0.000000 0.000000 -30248.287979 21.701312
300.000000 0.110000 0.110000 0.110000 0.000000 0.000000 0.000000 -30242.098682 41.623016
300.000000 0.112000 0.112000 0.112000 0.000000 0.000000 0.000000 -30225.864277 69.041002
300.000000 0.114000 0.114000 0.114000 0.000000 0.000000 0.000000 -30207.118237 82.322905
300.000000 0.116000 0.116000 0.116000 0.000000 0.000000 0.000000 -30352.182434 30.278091
300.000000 0.118000 0.118000 0.118000 0.000000 0.000000 0.000000 -30161.326775 46.997714
300.000000 0.120000 0.120000 0.120000 0.000000 0.000000 0.000000 -30209.925560 51.597042
300.000000 0.122000 0.122000 0.122000 0.000000 0.000000 0.000000 -30155.758109 52.480005
300.000000 0.124000 0.124000 0.124000 0.000000 0.000000 0.000000 -30215.632388 37.821029
300.000000 0.126000 0.126000 0.126000 0.000000 0.000000 0.000000 -30125.713587 31.959449
300.000000 0.128000 0.128000 0.128000 0.000000 0.000000 0.000000 -30154.157777 28.583336
300.000000 0.130000 0.130000 0.130000 0.000000 0.000000 0.000000 -30141.270787 49.753146
300.000000 0.132000 0.132000 0.132000 0.000000 0.000000 0.000000 -30083.706757 35.113311
300.000000 0.134000 0.134000 0.134000 0.000000 0.000000 0.000000 -30268.776708 22.648132
300.000000 0.136000 0.136000 0.136000 0.000000 0.000000 0.000000 -30288.662274 22.814933
300.000000 0.138000 0.138000 0.138000 0.000000 0.000000 0.000000 -30236.037090 27.841983
300.000000 0.140000 0.140000 0.140000 0.000000 0.000000 0.000000 -30128.338615 12.572521
300.000000 0.142000 0.142000 0.142000 0.000000 0.000000 0.000000 -30250.975084 17.119184
300.000000 0.144000 0.144000 0.144000 0.000000 0.000000 0.000000 -30297.668541 35.615131
300.000000 0.146000 0.146000 0.146000 0.000000 0.000000 0.000000 -30319.409657 35.170624
300.000000 0.148000 0.148000 0.148000 0.000000 0.000000 0.000000 -30263.530821 24.628076
300.000000 0.150000 0.150000 0.150000 0.000000 0.000000 0.000000 -30287.076308 32.713401
300.000000 0.152000 0.152000 0.152000 0.000000 0.000000 0.000000 -30356.604755 11.795667
300.000000 0.154000 0.154000 0.154000 0.000000 0.000000 0.000000 -30260.534447 19.601702
300.000000 0.156000 0.156000 0.156000 0.000000 0.000000 0.000000 -30304.581740 39.872655
300.000000 0.158000 0.158000 0.158000 0.000000 0.000000 0.000000 -30247.900679 12.343288
300.000000 0.160000 0.160000 0.160000 0.000000 0.000000 0.000000 -30233.567049 29.416469
300.000000 0.162000 0.162000 0.162000 0.000000 0.000000 0.000000 -30232.099463 19.194006
300.000000 0.164000 0.164000 0.164000 0.000000 0.000000 0.000000 -30293.038431 33.038164
300.000000 0.166000 0.166000 0.166000 0.000000 0.000000 0.000000 -30157.914542 25.096674
300.000000 0.168000 0.168000 0.168000 0.000000 0.000000 0.000000 -30276.992586 20.364099
300.000000 0.170000 0.170000 0.170000 0.000000 0.000000 0.000000 -30142.432299 26.893579
300.000000 0.172000 0.172000 0.172000 0.000000 0.000000 0.000000 -30113.189402 10.043052
300.000000 0.174000 0.174000 0.174000 0.000000 0.000000 0.000000 -30197.981720 11.069931
300.000000 0.176000 0.176000 0.176000 0.000000 0.000000 0.000000 -30162.626849 27.182950
300.000000 0.178000 0.178000 0.178000 0.000000 0.000000 0.000000 -30158.655893 12.743474
300.000000 0.180000 0.180000 0.180000 0.000000 0.000000 0.000000 -30101.890053 23.014296
300.000000 0.182000 0.182000 0.182000 0.000000 0.000000 0.000000 -30314.569838 16.486053
300.000000 0.184000 0.184000 0.184000 0.000000 0.000000 0.000000 -30301.648986 24.568612
300.000000 0.186000 0.186000 0.186000 0.000000 0.000000 0.000000 -30326.567422 17.103709
300.000000 0.188000 0.188000 0.188000 0.000000 0.000000 0.000000 -30401.389108 23.261019
300.000000 0.190000 0.190000 0.190000 0.000000 0.000000 0.000000 -30293.905406 22.661773
300.000000 0.192000 0.192000 0.192000 0.000000 0.000000 0.000000 -30206.093796 27.522736
300.000000 0.194000 0.194000 0.194000 0.000000 0.000000 0.000000 -30319.796687 15.831170
300.000000 0.196000 0.196000 0.196000 0.000000 0.000000 0.000000 -30230.207710 15.864682
300.000000 0.198000 0.198000 0.198000 0.000000 0.000000 0.000000 -30285.628400 3.013239
300.000000 0.200000 0.200000 0.200000 0.000000 0.000000 0.000000 -30278.314858 21.587203
300.000000 0.202000 0.202000 0.202000 0.000000 0.000000 0.000000 -30282.358715 26.272773
300.000000 0.204000 0.204000 0.204000 0.000000 0.000000 0.000000 -30371.509885 10.456614
300.000000 0.206000 0.206000 0.206000 0.000000 0.000000 0.000000 -30318.098870 18.461992
300.000000 0.208000 0.208000 0.208000 0.000000 0.000000 0.000000 -30298.811993 17.594354
300.000000 0.210000 0.210000 0.210000 0.000000 0.000000 0.000000 -30318.013562 0.108143
300.000000 0.212000 0.212000 0.212000 0.000000 0.000000 0.000000 -30199.908574 19.560142
300.000000 0.214000 0.214000 0.214000 0.000000 0.000000 0.000000 -30253.480341 9.836406
300.000000 0.216000 0.216000 0.216000 0.000000 0.000000 0.000000 -30104.767555 6.539028
300.000000 0.218000 0.218000 0.218000 0.000000 0.000000 0.000000 -30160.575515 2.885776
300.000000 0.220000 0.220000 0.220000 0.000000 0.000000 0.000000 -30120.643518 21.781505
300.000000 0.222000 0.222000 0.222000 0.000000 0.000000 0.000000 -30025.345370 16.930282
300.000000 0.224000 0.224000 0.224000 0.000000 0.000000 0.000000 -30046.842429 30.161273
300.000000 0.226000 0.226000 0.226000 0.000000 0.000000 0.000000 -30237.440122 18.196806
300.000000 0.228000 0.228000 0.228000 0.000000 0.000000 0.000000 -30255.978396 14.219653
300.000000 0.230000 0.230000 0.230000 0.000000 0.000000 0.000000 -30171.318117 13.205931
300.000000 0.232000 0.232000 0.232000 0.000000 0.000000 0.000000 -30363.081929 20.012596
300.000000 0.234000 0.234000 0.234000 0.000000 0.000000 0.000000 -30250.834334 8.750203
300.000000 0.236000 0.236000 0.236000 0.000000 0.000000 0.000000 -30357.515628 25.862337
300.000000 0.238000 0.238000 0.238000 0.000000 0.000000 0.000000 -30264.451724 16.575225
300.000000 0.240000 0.240000 0.240000 0.000000 0.000000 0.000000 -30138.790994 12.027776
300.000000 0.242000 0.242000 0.242000 0.000000 0.000000 0.000000 -30259.325543 11.580331
300.000000 0.244000 0.244000 0.244000 0.000000 0.000000 0.000000 -30383.679975 9.718541
300.000000 0.246000 0.246000 0.246000 0.000000 0.000000 0.000000 -30427.960302 17.039819
300.000000 0.248000 0.248000 0.248000 0.000000 0.000000 0.000000 -30385.102711 15.761372
300.000000 0.250000 0.250000 0.250000 0.000000 0.000000 0.000000 -30451.700468 6.655891
300.000000 0.252000 0.252000 0.252000 0.000000 0.000000 0.000000 -30375.625506 13.166176
300.000000 0.254000 0.254000 0.254000 0.000000 0.000000 0.000000 -30419.698415 21.702533
300.000000 0.256000 0.256000 0.256000 0.000000 0.000000 0.000000 -30316.754355 23.698427
300.000000 0.258000 0.258000 0.258000 0.000000 0.000000 0.000000 -30245.862505 11.597415
300.000000 0.260000 0.260000 0.260000 0.000000 0.000000 0.000000 -30160.284587 11.415263
300.000000 0.262000 0.262000 0.262000 0.000000 0.000000 0.000000 -30212.701363 14.629371
300.000000 0.264000 0.264000 0.264000 0.000000 0.000000 0.000000 -30250.170313 4.551573
300.000000 0.266000 0.266000 0.266000 0.000000 0.000000 0.000000 -30276.139101 19.752676
300.000000 0.268000 0.268000 0.268000 0.000000 0.000000 0.000000 -30262.551680 23.483743
300.000000 0.270000 0.270000 0.270000 0.000000 0.000000 0.000000 -30213.284656 19.387646
300.000000 0.272000 0.272000 0.272000 0.000000 0.000000 0.000000 -30242.398446 13.430353
300.000000 0.274000 0.274000 0.274000 0.000000 0.000000 0.000000 -30082.401263 21.746504
300.000000 0.276000 0.276000 0.276000 0.000000 0.000000 0.000000 -30180.493955 7.751122
300.000000 0.278000 0.278000 0.278000 0.000000 0.000000 0.000000 -30244.267075 13.663110
300.000000 0.280000 0.280000 0.280000 0.000000 0.000000 0.000000 -30350.706132 17.258652
300.000000 0.282000 0.282000 0.282000 0.000000 0.000000 0.000000 -30276.357599 19.304617
300.000000 0.284000 0.284000 0.284000 0.000000 0.000000 0.000000 -30225.749941 3.724792
300.000000 0.286000 0.286000 0.286000 0.000000 0.000000 0.000000 -30174.514110 6.696815
300.000000 0.288000 0.288000 0.288000 0.000000 0.000000 0.000000 -30282.017568 9.812801
300.000000 0.290000 0.290000 0.290000 0.000000 0.000000 0.000000 -30210.877193 8.253550
300.000000 0.292000 0.292000 0.292000 0.000000 0.000000 0.000000 -30248.005310 2.884508
300.000000 0.294000 0.294000 0.294000 0.000000 0.000000 0.000000 -30187.648794 9.773208
300.000000 0.296000 0.296000 0.296000 0.000000 0.000000 0.000000 -30397.294925 24.976810
300.000000 0.298000 0.298000 0.298000 0.000000 0.000000 0.000000 -30248.738550 5.875750
300.000000 0.300000 0.300000 0.300000 0.000000 0.000000 0.000000 -30332.182592 21.727637
300.000000 0.302000 0.302000 0.302000 0.000000 0.000000 0.000000 -30364.875755 1.789952
300.000000 0.304000 0.304000 0.304000 0.000000 0.000000 0.000000 -30395.680532 7.566280
300.000000 0.306000 0.306000 0.306000 0.000000 0.000000 0.000000 -30234.347553 0.330368
300.000000 0.308000 0.308000 0.308000 0.000000 0.000000 0.000000 -30278.581870 14.903607
300.000000 0.310000 0.310000 0.310000 0.000000 0.000000 0.000000 -30379.208226 2.056375
300.000000 0.312000 0.312000 0.312000 0.000000 0.000000 0.000000 -30300.174160 2.351295
300.000000 0.314000 0.314000 0.314000 0.000000 0.000000 0.000000 -30243.062684 3.945510
300.000000 0.316000 0.316000 0.316000 0.000000 0.000000 0.000000 -30231.888685 6.451546
300.000000 0.318000 0.318000 0.318000 0.000000 0.000000 0.000000 -30368.291294 11.749683
300.000000 0.320000 0.320000 0.320000 0.000000 0.000000 0.000000 -30159.727837 7.235983
300.000000 0.322000 0.322000 0.322000 0.000000 0.000000 0.000000 -30228.730042 8.497008
300.000000 0.324000 0.324000 0.324000 0.000000 0.000000 0.000000 -30171.492746 14.083600
300.000000 0.326000 0.326000 0.326000 0.000000 0.000000 0.000000 -30201.005253 9.070470
300.000000 0.328000 0.328000 0.328000 0.000000 0.000000 0.000000 -30231.345849 8.301300
300.000000 0.330000 0.330000 0.330000 0.000000 0.000000 0.000000 -30293.956940 3.717001
300.000000 0.332000 0.332000 0.332000 0.000000 0.000000 0.000000 -30272.510297 4.156584
300.000000 0.334000 0.334000 0.334000 0.000000 0.000000 0.000000 -30327.405308 10.179677
300.000000 0.336000 0.336000 0.336000 0.000000 0.000000 0.000000 -30289.553861 7.659760
300.000000 0.338000 0.338000 0.338000 0.000000 0.000000 0.000000 -30282.878087 11.407411
300.000000 0.340000 0.340000 0.340000 0.000000 0.000000 0.000000 -30293.314816 12.803137
300.000000 0.342000 0.342000 0.342000 0.000000 0.000000 0.000000 -30200.149895 3.916889
300.000000 0.344000 0.344000 0.344000 0.000000 0.000000 0.000000 -30281.093336 5.805273
300.000000 0.346000 0.346000 0.346000 0.000000 0.000000 0.000000 -30273.673996 0.587368
300.000000 0.348000 0.348000 0.348000 0.000000 0.000000 0.000000 -30314.023216 -0.352252
300.000000 0.350000 0.350000 0.350000 0.000000 0.000000 0.000000 -30399.373408 13.445825
300.000000 0.352000 0.352000 0.352000 0.000000 0.000000 0.000000 -30372.524746 4.291407
300.000000 0.354000 0.354000 0.354000 0.000000 0.000000 0.000000 -30352.929174 7.233348
300.000000 0.356000 0.356000 0.356000 0.000000 0.000000 0.000000 -30456.041161 -2.697374
300.000000 0.358000 0.358000 0.358000 0.000000 0.000000 0.000000 -30416.100816 10.905009
300.000000 0.360000 0.360000 0.360000 0.000000 0.000000 0.000000 -30380.896104 8.970669
300.000000 0.362000 0.362000 0.362000 0.000000 0.000000 0.000000 -30274.256003 4.381784
300.000000 0.364000 0.364000 0.364000 0.000000 0.000000 0.000000 -30195.190354 4.825433
300.000000 0.366000 0.366000 0.366000 0.000000 0.000000 0.000000 -30256.745620 4.047754
300.000000 0.368000 0.368000 0.368000 0.000000 0.000000 0.000000 -30318.815106 9.055305
300.000000 0.370000 0.370000 0.370000 0.000000 0.000000 0.000000 -30341.237274 6.055695
300.000000 0.372000 0.372000 0.372000 0.000000 0.000000 0.000000 -30300.673031 6.988042
300.000000 0.374000 0.374000 0.374000 0.000000 0.000000 0.000000 -30386.900995 7.246462
300.000000 0.376000 0.376000 0.376000 0.000000 0.000000 0.000000 -30300.849506 0.778014
300.000000 0.378000 0.378000 0.378000 0.000000 0.000000 0.000000 -30329.073140 4.015896
300.000000 0.380000 0.380000 0.380000 0.000000 0.000000 0.000000 -30344.271378 7.925189
300.000000 0.382000 0.382000 0.382000 0.000000 0.000000 0.000000 -30246.846408 5.758350
300.000000 0.384000 0.384000 0.384000 0.000000 0.000000 0.000000 -30278.765398 -4.426027
300.000000 0.386000 0.386000 0.386000 0.000000 0.000000 0.000000 -30403.848573 5.283878
300.000000 0.388000 0.388000 0.388000 0.000000 0.000000 0.000000 -30242.264333 4.835215
300.000000 0.390000 0.390000 0.390000 0.000000 0.000000 0.000000 -30279.472851 3.597664
300.000000 0.392000 0.392000 0.392000 0.000000 0.000000 0.000000 -30194.363818 -1.372489
300.000000 0.394000 0.394000 0.394000 0.000000 0.000000 0.000000 -30138.567669 1.881818
300.000000 0.396000 0.396000 0.396000 0.000000 0.000000 0.000000 -30228.230730 2.227359
300.000000 0.398000 0.398000 0.398000 0.000000 0.000000 0.000000 -30190.248311 -2.945327
300.000000 0.400000 0.400000 0.400000 0.000000 0.000000 0.000000 -30338.084694 -5.637283
300.000000 0.402000 0.402000 0.402000 0.000000 0.000000 0.000000 -30237.972319 3.507983
300.000000 0.404000 0.404000 0.404000 0.000000 0.000000 0.000000 -30279.744325 11.708372
300.000000 0.406000 0.406000 0.406000 0.000000 0.000000 0.000000 -30276.516007 1.624185
300.000000 0.408000 0.408000 0.408000 0.000000 0.000000 0.000000 -30206.424954 4.260070
300.000000 0.410000 0.410000 0.410000 0.000000 0.000000 0.000000 -30342.512583 -1.487590
300.000000 0.412000 0.412000 0.412000 0.000000 0.000000 0.000000 -30292.840047 0.950846
300.000000 0.414000 0.414000 0.414000 0.000000 0.000000 0.000000 -30248.950689 13.670602
300.000000 0.416000 0.416000 0.416000 0.000000 0.000000 0.000000 -30313.599054 -2.152162
300.000000 0.418000 0.418000 0.418000 0.000000 0.000000 0.000000 -30338.096253 -0.241865
300.000000 0.420000 0.420000 0.420000 0.000000 0.000000 0.000000 -30198.402484 13.594379
300.000000 0.422000 0.422000 0.422000 0.000000 0.000000 0.000000 -30198.263034 1.421601
300.000000 0.424000 0.424000 0.424000 0.000000 0.000000 0.000000 -30290.283158 -6.477462
300.000000 0.426000 0.426000 0.426000 0.000000 0.000000 0.000000 -30356.279182 4.071910
300.000000 0.428000 0.428000 0.428000 0.000000 0.000000 0.000000 -30380.659670 4.618762
300.000000 0.430000 0.430000 0.430000 0.000000 0.000000 0.000000 -30399.789259 0.189356
300.000000 0.432000 0.432000 0.432000 0.000000 0.000000 0.000000 -30331.156863 10.881892
300.000000 0.434000 0.434000 0.434000 0.000000 0.000000 0.000000 -30153.959647 5.274929
300.000000 0.436000 0.436000 0.436000 0.000000 0.000000 0.000000 -30357.643254 1.881245
300.000000 0.438000 0.438000 0.438000 0.000000 0.000000 0.000000 -30284.562347 -1.046236
300.000000 0.440000 0.440000 0.440000 0.000000 0.000000 0.000000 -30234.982424 3.817126
300.000000 0.442000 0.442000 0.442000 0.000000 0.000000 0.000000 -30256.892889 -1.248259
300.000000 0.444000 0.444000 0.444000 0.000000 0.000000 0.000000 -30194.778484 -2.774144
300.000000 0.446000 0.446000 0.446000 0.000000 0.000000 0.000000 -30279.522110 -1.204485
300.000000 0.448000 0.448000 0.448000 0.000000 0.000000 0.000000 -30448.168637 6.200757
300.000000 0.450000 0.450000 0.450000 0.000000 0.000000 0.000000 -30379.029619 3.322871
300.000000 0.452000 0.452000 0.452000 0.000000 0.000000 0.000000 -30334.584567 -2.705299
300.000000 0.454000 0.454000 0.454000 0.000000 0.000000 0.000000 -30252.746074 -2.350741
300.000000 0.456000 0.456000 0.456000 0.000000 0.000000 0.000000 -30298.539087 6.975302
300.000000 0.458000 0.458000 0.458000 0.000000 0.000000 0.000000 -30314.012399 -3.782077
300.000000 0.460000 0.460000 0.460000 0.000000 0.000000 0.000000 -30317.656177 13.239512
300.000000 0.462000 0.462000 0.462000 0.000000 0.000000 0.000000 -30224.400016 3.123851
300.000000 0.464000 0.464000 0.464000 0.000000 0.000000 0.000000 -30266.066391 5.365026
300.000000 0.466000 0.466000 0.466000 0.000000 0.000000 0.000000 -30283.659931 3.175167
300.000000 0.468000 0.468000 0.468000 0.000000 0.000000 0.000000 -30324.329262 3.236276
300.000000 0.470000 0.470000 0.470000 0.000000 0.000000 0.000000 -30170.475818 -2.615706
300.000000 0.472000 0.472000 0.472000 0.000000 0.000000 0.000000 -30221.500814 0.258616
300.000000 0.474000 0.474000 0.474000 0.000000 0.000000 0.000000 -30219.847153 8.382678
300.000000 0.476000 0.476000 0.476000 0.000000 0.000000 0.000000 -30149.087707 -14.757108
300.000000 0.478000 0.478000 0.478000 0.000000 0.000000 0.000000 -30263.514396 3.921218
300.000000 0.480000 0.480000 0.480000 0.000000 0.000000 0.000000 -30249.562226 -0.652133
300.000000 0.482000 0.482000 0.482000 0.000000 0.000000 0.000000 -30291.239775 -1.347013
300.000000 0.484000 0.484000 0.484000 0.000000 0.000000 0.000000 -30296.094478 -11.770298
300.000000 0.486000 0.486000 0.486000 0.000000 0.000000 0.000000 -30306.883184 0.296734
300.000000 0.488000 0.488000 0.488000 0.000000 0.000000 0.000000 -30387.232865 -4.920166
300.000000 0.490000 0.490000 0.490000 0.000000 0.000000 0.000000 -30423.273796 2.819225
300.000000 0.492000 0.492000 0.492000 0.000000 0.000000 0.000000 -30352.727826 -6.548237
300.000000 0.494000 0.494000 0.494000 0.000000 0.000000 0.000000 -30404.501585 0.459244
300.000000 0.496000 0.496000 0.496000 0.000000 0.000000 0.000000 -30284.627693 0.502942
300.000000 0.498000 0.498000 0.498000 0.000000 0.000000 0.000000 -30252.242249 -2.943871
