300.000000 0.500000 0.500000 0.500000 0.000000 0.000000 0.000000 -34631.474091 4.421606
300.000000 0.500000 0.500000 0.500000 0.000000 0.000000 0.000000 -34691.433955 -6.931166
300.000000 0.500000 0.500000 0.500000 0.000000 0.000000 0.000000 -34619.090869 0.941085
300.000000 0.500000 0.500000 0.500000 0.000000 0.000000 0.000000 -34674.519252 5.332815
300.000000 0.500000 0.500000 0.500000 0.000000 0.000000 0.000000 -34702.851322 3.226577
300.000000 0.500000 0.500000 0.500000 0.000000 0.000000 0.000000 -34663.533682 4.137787
300.000000 0.500000 0.500000 0.500000 0.000000 0.000000 0.000000 -34676.932022 -0.209130
300.000000 0.500000 0.500000 0.500000 0.000000 0.000000 0.000000 -34663.038311 14.295531
300.000000 0.500000 0.500000 0.500000 0.000000 0.000000 0.000000 -34661.651045 -6.961042
300.000000 0.500000 0.500000 0.500000 0.000000 0.000000 0.000000 -34678.479593 18.732075
300.000000 0.500000 0.500000 0.500000 0.000000 0.000000 0.000000 -34779.774058 -23.093929
300.000000 0.500000 0.500000 0.500000 0.000000 0.000000 0.000000 -34738.416963 4.675550
300.000000 0.500000 0.500000 0.500000 0.000000 0.000000 0.000000 -34643.985890 -4.795053
300.000000 0.500000 0.500000 0.500000 0.000000 0.000000 0.000000 -34561.067325 -9.888862
300.000000 0.500000 0.500000 0.500000 0.000000 0.000000 0.000000 -34612.082986 7.827438
300.000000 0.500000 0.500000 0.500000 0.000000 0.000000 0.000000 -34573.902271 10.396750
300.000000 0.500000 0.500000 0.500000 0.000000 0.000000 0.000000 -34551.922759 -13.563576
300.000000 0.500000 0.500000 0.500000 0.000000 0.000000 0.000000 -34533.045215 -13.653203
300.000000 0.500000 0.500000 0.500000 0.000000 0.000000 0.000000 -34706.960575 3.719527
300.000000 0.500000 0.500000 0.500000 0.000000 0.000000 0.000000 -34710.844316 -3.286329
300.000000 0.500000 0.500000 0.500000 0.000000 0.000000 0.000000 -34834.325337 4.003346
300.000000 0.500000 0.500000 0.500000 0.000000 0.000000 0.000000 -34669.303051 -0.597514
300.000000 0.500000 0.500000 0.500000 0.000000 0.000000 0.000000 -34635.918192 2.195865
300.000000 0.500000 0.500000 0.500000 0.000000 0.000000 0.000000 -34652.126745 16.536209
300.000000 0.500000 0.500000 0.500000 0.000000 0.000000 0.000000 -34804.977318 -3.211640
300.000000 0.500000 0.500000 0.500000 0.000000 0.000000 0.000000 -34797.526579 -8.499641
300.000000 0.500000 0.500000 0.500000 0.000000 0.000000 0.000000 -34719.132829 -14.116276
300.000000 0.500000 0.500000 0.500000 0.000000 0.000000 0.000000 -34656.970040 6.632409
300.000000 0.500000 0.500000 0.500000 0.000000 0.000000 0.000000 -34608.037671 0.926147
300.000000 0.500000 0.500000 0.500000 0.000000 0.000000 0.000000 -34694.246722 -1.224904
