50.000000 0.500000 0.500000 0.500000 0.000000 0.000000 0.000000 -40919.354099 -0.791707
58.333333 0.500000 0.500000 0.500000 0.000000 0.000000 0.000000 -40843.230633 1.180091
66.666667 0.500000 0.500000 0.500000 0.000000 0.000000 0.000000 -40791.419109 -8.559393
75.000000 0.500000 0.500000 0.500000 0.000000 0.000000 0.000000 -40677.139349 -10.441563
83.333333 0.500000 0.500000 0.500000 0.000000 0.000000 0.000000 -40632.677695 5.527008
91.666667 0.500000 0.500000 0.500000 0.000000 0.000000 0.000000 -40488.908109 -7.842376
100.000000 0.500000 0.500000 0.500000 0.000000 0.000000 0.000000 -40428.640866 0.194192
108.333333 0.500000 0.500000 0.500000 0.000000 0.000000 0.000000 -40306.296800 -7.812500
116.666667 0.500000 0.500000 0.500000 0.000000 0.000000 0.000000 -40149.339046 -0.627390
125.000000 0.500000 0.500000 0.500000 0.000000 0.000000 0.000000 -40058.210122 -10.934512
133.333333 0.500000 0.500000 0.500000 0.000000 0.000000 0.000000 -39929.366672 -11.068953
141.666667 0.500000 0.500000 0.500000 0.000000 0.000000 0.000000 -39840.901786 -2.061424
150.000000 0.500000 0.500000 0.500000 0.000000 0.000000 0.000000 -39690.500279 -13.354446
158.333333 0.500000 0.500000 0.500000 0.000000 0.000000 0.000000 -39469.534180 8.350263
166.666667 0.500000 0.500000 0.500000 0.000000 0.000000 0.000000 -39348.476331 -11.307959
175.000000 0.500000 0.500000 0.500000 0.000000 0.000000 0.000000 -39098.431357 -1.583413
183.333333 0.500000 0.500000 0.500000 0.000000 0.000000 0.000000 -38858.002191 -1.523662
191.666667 0.500000 0.500000 0.500000 0.000000 0.000000 0.000000 -38605.981685 -7.170172
200.000000 0.500000 0.500000 0.500000 0.000000 0.000000 0.000000 -38298.256155 3.824092
208.333333 0.500000 0.500000 0.500000 0.000000 0.000000 0.000000 -38093.109248 6.632409
216.666667 0.500000 0.500000 0.500000 0.000000 0.000000 0.000000 -37906.812534 -18.283939
225.000000 0.500000 0.500000 0.500000 0.000000 0.000000 0.000000 -37582.486112 6.378466
233.333333 0.500000 0.500000 0.500000 0.000000 0.000000 0.000000 -37229.498286 1.613289
241.666667 0.500000 0.500000 0.500000 0.000000 0.000000 0.000000 -36719.225620 -9.948614
250.000000 0.500000 0.500000 0.500000 0.000000 0.000000 0.000000 -36370.911433 -7.902127
258.333333 0.500000 0.500000 0.500000 0.000000 0.000000 0.000000 -35892.502707 8.290511
266.666667 0.500000 0.500000 0.500000 0.000000 0.000000 0.000000 -35526.826411 18.418380
275.000000 0.500000 0.500000 0.500000 0.000000 0.000000 0.000000 -35094.375174 2.808317
283.333333 0.500000 0.500000 0.500000 0.000000 0.000000 0.000000 -34724.846908 28.591061
291.666667 0.500000 0.500000 0.500000 0.000000 0.000000 0.000000 -34316.880470 -3.898781
300.000000 0.500000 0.500000 0.500000 0.000000 0.000000 0.000000 -34237.390912 14.967734
300.000000 0.500000 0.500000 0.500000 0.000000 0.000000 0.000000 -34411.378669 -11.457337
300.000000 0.500000 0.500000 0.500000 0.000000 0.000000 0.000000 -34533.272061 -3.465583
300.000000 0.500000 0.500000 0.500000 0.000000 0.000000 0.000000 -34528.266386 22.197658
300.000000 0.500000 0.500000 0.500000 0.000000 0.000000 0.000000 -34663.712569 10.785134
300.000000 0.500000 0.500000 0.500000 0.000000 0.000000 0.000000 -34632.535497 7.648184
300.000000 0.500000 0.500000 0.500000 0.000000 0.000000 0.000000 -34737.191546 29.995220
300.000000 0.500000 0.500000 0.500000 0.000000 0.000000 0.000000 -34694.261640 12.428298
300.000000 0.500000 0.500000 0.500000 0.000000 0.000000 0.000000 -34698.499292 -4.899618
300.000000 0.500000 0.500000 0.500000 0.000000 0.000000 0.000000 -34672.972190 -4.839866
300.000000 0.500000 0.500000 0.500000 0.000000 0.000000 0.000000 -34457.489313 16.162763
300.000000 0.500000 0.500000 0.500000 0.000000 0.000000 0.000000 -34507.768354 7.140296
300.000000 0.500000 0.500000 0.500000 0.000000 0.000000 0.000000 -34569.949074 7.648184
300.000000 0.500000 0.500000 0.500000 0.000000 0.000000 0.000000 -34704.392633 2.778442
300.000000 0.500000 0.500000 0.500000 0.000000 0.000000 0.000000 -34700.200873 -11.785970
300.000000 0.500000 0.500000 0.500000 0.000000 0.000000 0.000000 -34534.383655 -15.281429
300.000000 0.500000 0.500000 0.500000 0.000000 0.000000 0.000000 -34499.712553 6.632409
300.000000 0.500000 0.500000 0.500000 0.000000 0.000000 0.000000 -34680.097678 -1.971797
300.000000 0.500000 0.500000 0.500000 0.000000 0.000000 0.000000 -34673.578298 -1.284656
300.000000 0.500000 0.500000 0.500000 0.000000 0.000000 0.000000 -34652.600081 -1.344407
300.000000 0.500000 0.500000 0.500000 0.000000 0.000000 0.000000 -34635.205162 3.839030
300.000000 0.500000 0.500000 0.500000 0.000000 0.000000 0.000000 -34656.295176 -10.112930
300.000000 0.500000 0.500000 0.500000 0.000000 0.000000 0.000000 -34611.983684 0.403322
300.000000 0.500000 0.500000 0.500000 0.000000 0.000000 0.000000 -34584.048935 -6.617471
300.000000 0.500000 0.500000 0.500000 0.000000 0.000000 0.000000 -34573.983951 1.389221
300.000000 0.500000 0.500000 0.500000 0.000000 0.000000 0.000000 -34642.805502 -3.555210
300.000000 0.500000 0.500000 0.500000 0.000000 0.000000 0.000000 -34599.204578 -10.322060
300.000000 0.500000 0.500000 0.500000 0.000000 0.000000 0.000000 -34648.423715 -2.061424
300.000000 0.500000 0.500000 0.500000 0.000000 0.000000 0.000000 -34645.969702 0.343571
300.000000 0.500000 0.500000 0.500000 0.000000 0.000000 0.000000 -34803.468857 17.731238
