300.000000 0.000000 0.000000 0.000000 0.000000 0.000000 0.000000 -31218.543356 824.686860
300.000000 0.002000 0.002000 0.002000 0.000000 0.000000 0.000000 -31332.096762 894.965075
300.000000 0.004000 0.004000 0.004000 0.000000 0.000000 0.000000 -31327.396174 957.185512
300.000000 0.006000 0.006000 0.006000 0.000000 0.000000 0.000000 -31362.903252 722.780645
300.000000 0.008000 0.008000 0.008000 0.000000 0.000000 0.000000 -31405.192315 684.830613
300.000000 0.010000 0.010000 0.010000 0.000000 0.000000 0.000000 -31423.610155 715.258406
300.000000 0.012000 0.012000 0.012000 0.000000 0.000000 0.000000 -31461.398239 343.580034
300.000000 0.014000 0.014000 0.014000 0.000000 0.000000 0.000000 -31389.627922 82.432613
300.000000 0.016000 0.016000 0.016000 0.000000 0.000000 0.000000 -31461.643947 131.916559
300.000000 0.018000 0.018000 0.018000 0.000000 0.000000 0.000000 -31479.646462 162.739527
300.000000 0.020000 0.020000 0.020000 0.000000 0.000000 0.000000 -31388.289386 148.702544
300.000000 0.022000 0.022000 0.022000 0.000000 0.000000 0.000000 -31388.049093 109.578300
300.000000 0.024000 0.024000 0.024000 0.000000 0.000000 0.000000 -31311.810076 106.783533
300.000000 0.026000 0.026000 0.026000 0.000000 0.000000 0.000000 -31340.279763 114.652516
300.000000 0.028000 0.028000 0.028000 0.000000 0.000000 0.000000 -31328.291597 162.587854
300.000000 0.030000 0.030000 0.030000 0.000000 0.000000 0.000000 -31225.944079 102.063128
300.000000 0.032000 0.032000 0.032000 0.000000 0.000000 0.000000 -31193.746546 138.200479
300.000000 0.034000 0.034000 0.034000 0.000000 0.000000 0.000000 -31195.882743 39.957555
300.000000 0.036000 0.036000 0.036000 0.000000 0.000000 0.000000 -31269.130671 145.068018
300.000000 0.038000 0.038000 0.038000 0.000000 0.000000 0.000000 -31271.587480 132.178589
300.000000 0.040000 0.040000 0.040000 0.000000 0.000000 0.000000 -31228.765725 82.163529
300.000000 0.042000 0.042000 0.042000 0.000000 0.000000 0.000000 -31248.449522 37.132428
300.000000 0.044000 0.044000 0.044000 0.000000 0.000000 0.000000 -31231.520517 105.655574
300.000000 0.046000 0.046000 0.046000 0.000000 0.000000 0.000000 -31366.518715 75.205926
300.000000 0.048000 0.048000 0.048000 0.000000 0.000000 0.000000 -31366.770523 99.354543
300.000000 0.050000 0.050000 0.050000 0.000000 0.000000 0.000000 -31366.731678 48.718343
300.000000 0.052000 0.052000 0.052000 0.000000 0.000000 0.000000 -31414.875727 126.120372
300.000000 0.054000 0.054000 0.054000 0.000000 0.000000 0.000000 -31496.141224 131.001542
300.000000 0.056000 0.056000 0.056000 0.000000 0.000000 0.000000 -31496.554791 88.570801
300.000000 0.058000 0.058000 0.058000 0.000000 0.000000 0.000000 -31283.104669 56.323874
300.000000 0.060000 0.060000 0.060000 0.000000 0.000000 0.000000 -31402.978692 101.310718
300.000000 0.062000 0.062000 0.062000 0.000000 0.000000 0.000000 -31379.690232 47.013703
300.000000 0.064000 0.064000 0.064000 0.000000 0.000000 0.000000 -31431.924486 38.926803
300.000000 0.066000 0.066000 0.066000 0.000000 0.000000 0.000000 -31313.947670 61.753743
300.000000 0.068000 0.068000 0.068000 0.000000 0.000000 0.000000 -31299.414091 58.158930
300.000000 0.070000 0.070000 0.070000 0.000000 0.000000 0.000000 -31280.215870 76.307984
300.000000 0.072000 0.072000 0.072000 0.000000 0.000000 0.000000 -31329.677425 59.206614
300.000000 0.074000 0.074000 0.074000 0.000000 0.000000 0.000000 -31240.220158 44.763577
300.000000 0.076000 0.076000 0.076000 0.000000 0.000000 0.000000 -31165.537986 32.746582
300.000000 0.078000 0.078000 0.078000 0.000000 0.000000 0.000000 -31275.215163 39.113310
300.000000 0.080000 0.080000 0.080000 0.000000 0.000000 0.000000 -31266.676281 33.373528
300.000000 0.082000 0.082000 0.082000 0.000000 0.000000 0.000000 -31287.128974 79.737785
300.000000 0.084000 0.084000 0.084000 0.000000 0.000000 0.000000 -31365.925028 87.223236
300.000000 0.086000 0.086000 0.086000 0.000000 0.000000 0.000000 -31253.691543 77.805501
300.000000 0.088000 0.088000 0.088000 0.000000 0.000000 0.000000 -31389.765708 56.996534
300.000000 0.090000 0.090000 0.090000 0.000000 0.000000 0.000000 -31381.760872 35.004888
300.000000 0.092000 0.092000 0.092000 0.000000 0.000000 0.000000 -31306.882301 53.088184
300.000000 0.094000 0.094000 0.094000 0.000000 0.000000 0.000000 -31405.404334 45.182516
300.000000 0.096000 0.096000 0.096000 0.000000 0.000000 0.000000 -31354.353969 37.852517
300.000000 0.098000 0.098000 0.098000 0.000000 0.000000 0.000000 -31280.328726 42.242350
300.000000 0.100000 0.100000 0.100000 0.000000 0.000000 0.000000 -31421.188424 39.801194
300.000000 0.102000 0.102000 0.102000 0.000000 0.000000 0.000000 -31328.897729 36.296078
300.000000 0.104000 0.104000 0.104000 0.000000 0.000000 0.000000 -31306.578990 31.475917
300.000000 0.106000 0.106000 0.106000 0.000000 0.000000 0.000000 -31221.872036 52.699665
300.000000 0.108000 0.108000 0.108000 0.000000 0.000000 0.000000 -31300.169538 55.532107
300.000000 0.110000 0.110000 0.110000 0.000000 0.000000 0.000000 -31428.499879 28.421733
300.000000 0.112000 0.112000 0.112000 0.000000 0.000000 0.000000 -31309.582363 26.539573
300.000000 0.114000 0.114000 0.114000 0.000000 0.000000 0.000000 -31325.762765 47.296517
300.000000 0.116000 0.116000 0.116000 0.000000 0.000000 0.000000 -31421.448628 36.554974
300.000000 0.118000 0.118000 0.118000 0.000000 0.000000 0.000000 -31483.035673 45.127755
300.000000 0.120000 0.120000 0.120000 0.000000 0.000000 0.000000 -31475.406026 34.267069
300.000000 0.122000 0.122000 0.122000 0.000000 0.000000 0.000000 -31390.069482 58.883024
300.000000 0.124000 0.124000 0.124000 0.000000 0.000000 0.000000 -31237.503785 24.977890
300.000000 0.126000 0.126000 0.126000 0.000000 0.000000 0.000000 -31416.386920 11.573574
300.000000 0.128000 0.128000 0.128000 0.000000 0.000000 0.000000 -31463.665276 31.844875
300.000000 0.130000 0.130000 0.130000 0.000000 0.000000 0.000000 -31490.235735 46.638048
300.000000 0.132000 0.132000 0.132000 0.000000 0.000000 0.000000 -31386.107864 27.130721
300.000000 0.134000 0.134000 0.134000 0.000000 0.000000 0.000000 -31348.178378 34.916006
300.000000 0.136000 0.136000 0.136000 0.000000 0.000000 0.000000 -31369.350307 43.678139
300.000000 0.138000 0.138000 0.138000 0.000000 0.000000 0.000000 -31350.546049 40.931804
300.000000 0.140000 0.140000 0.140000 0.000000 0.000000 0.000000 -31308.190412 30.497086
300.000000 0.142000 0.142000 0.142000 0.000000 0.000000 0.000000 -31412.513110 13.596228
300.000000 0.144000 0.144000 0.144000 0.000000 0.000000 0.000000 -31298.320665 25.326730
300.000000 0.146000 0.146000 0.146000 0.000000 0.000000 0.000000 -31306.289833 19.240821
300.000000 0.148000 0.148000 0.148000 0.000000 0.000000 0.000000 -31330.142604 29.700123
300.000000 0.150000 0.150000 0.150000 0.000000 0.000000 0.000000 -31317.374101 32.824592
300.000000 0.152000 0.152000 0.152000 0.000000 0.000000 0.000000 -31229.080961 32.786296
300.000000 0.154000 0.154000 0.154000 0.000000 0.000000 0.000000 -31223.116097 34.177178
300.000000 0.156000 0.156000 0.156000 0.000000 0.000000 0.000000 -31341.075809 21.808890
300.000000 0.158000 0.158000 0.158000 0.000000 0.000000 0.000000 -31198.231378 26.223553
300.000000 0.160000 0.160000 0.160000 0.000000 0.000000 0.000000 -31257.220836 20.549712
300.000000 0.162000 0.162000 0.162000 0.000000 0.000000 0.000000 -31240.256960 25.811337
300.000000 0.164000 0.164000 0.164000 0.000000 0.000000 0.000000 -31409.830802 26.287447
300.000000 0.166000 0.166000 0.166000 0.000000 0.000000 0.000000 -31325.282221 32.251134
300.000000 0.168000 0.168000 0.168000 0.000000 0.000000 0.000000 -31207.397095 46.145964
300.000000 0.170000 0.170000 0.170000 0.000000 0.000000 0.000000 -31274.620761 37.443970
300.000000 0.172000 0.172000 0.172000 0.000000 0.000000 0.000000 -31293.044236 35.128755
300.000000 0.174000 0.174000 0.174000 0.000000 0.000000 0.000000 -31188.335085 22.139413
300.000000 0.176000 0.176000 0.176000 0.000000 0.000000 0.000000 -31176.052328 21.453325
300.000000 0.178000 0.178000 0.178000 0.000000 0.000000 0.000000 -31306.275831 30.004090
300.000000 0.180000 0.180000 0.180000 0.000000 0.000000 0.000000 -31360.422865 33.039663
300.000000 0.182000 0.182000 0.182000 0.000000 0.000000 0.000000 -31311.245473 19.713506
300.000000 0.184000 0.184000 0.184000 0.000000 0.000000 0.000000 -31269.935410 38.853776
300.000000 0.186000 0.186000 0.186000 0.000000 0.000000 0.000000 -31228.601793 30.848688
300.000000 0.188000 0.188000 0.188000 0.000000 0.000000 0.000000 -31358.840906 46.121798
300.000000 0.190000 0.190000 0.190000 0.000000 0.000000 0.000000 -31322.019509 39.415044
300.000000 0.192000 0.192000 0.192000 0.000000 0.000000 0.000000 -31361.870213 22.705885
300.000000 0.194000 0.194000 0.194000 0.000000 0.000000 0.000000 -31484.212898 11.110393
300.000000 0.196000 0.196000 0.196000 0.000000 0.000000 0.000000 -31348.744185 14.312451
300.000000 0.198000 0.198000 0.198000 0.000000 0.000000 0.000000 -31451.001559 25.434785
300.000000 0.200000 0.200000 0.200000 0.000000 0.000000 0.000000 -31401.032632 26.850797
300.000000 0.202000 0.202000 0.202000 0.000000 0.000000 0.000000 -31329.111671 14.011810
300.000000 0.204000 0.204000 0.204000 0.000000 0.000000 0.000000 -31299.152952 18.502584
300.000000 0.206000 0.206000 0.206000 0.000000 0.000000 0.000000 -31363.539114 16.182047
300.000000 0.208000 0.208000 0.208000 0.000000 0.000000 0.000000 -31359.606345 24.004851
300.000000 0.210000 0.210000 0.210000 0.000000 0.000000 0.000000 -31320.284385 19.968309
300.000000 0.212000 0.212000 0.212000 0.000000 0.000000 0.000000 -31232.318217 17.882707
300.000000 0.214000 0.214000 0.214000 0.000000 0.000000 0.000000 -31442.178401 29.427050
300.000000 0.216000 0.216000 0.216000 0.000000 0.000000 0.000000 -31420.143788 12.470170
300.000000 0.218000 0.218000 0.218000 0.000000 0.000000 0.000000 -31350.832659 8.636938
300.000000 0.220000 0.220000 0.220000 0.000000 0.000000 0.000000 -31348.782985 9.321336
300.000000 0.222000 0.222000 0.222000 0.000000 0.000000 0.000000 -31454.505654 17.355754
300.000000 0.224000 0.224000 0.224000 0.000000 0.000000 0.000000 -31405.170097 21.894321
300.000000 0.226000 0.226000 0.226000 0.000000 0.000000 0.000000 -31330.701764 10.068399
300.000000 0.228000 0.228000 0.228000 0.000000 0.000000 0.000000 -31432.148748 17.519207
300.000000 0.230000 0.230000 0.230000 0.000000 0.000000 0.000000 -31282.548184 9.917982
300.000000 0.232000 0.232000 0.232000 0.000000 0.000000 0.000000 -31297.526850 27.420354
300.000000 0.234000 0.234000 0.234000 0.000000 0.000000 0.000000 -31295.177279 26.396695
300.000000 0.236000 0.236000 0.236000 0.000000 0.000000 0.000000 -31327.945244 6.661274
300.000000 0.238000 0.238000 0.238000 0.000000 0.000000 0.000000 -31250.193011 26.409563
300.000000 0.240000 0.240000 0.240000 0.000000 0.000000 0.000000 -31357.194030 10.475883
300.000000 0.242000 0.242000 0.242000 0.000000 0.000000 0.000000 -31367.899837 12.690929
300.000000 0.244000 0.244000 0.244000 0.000000 0.000000 0.000000 -31440.676716 13.635371
300.000000 0.246000 0.246000 0.246000 0.000000 0.000000 0.000000 -31390.391923 19.827364
300.000000 0.248000 0.248000 0.248000 0.000000 0.000000 0.000000 -31401.565269 20.738077
300.000000 0.250000 0.250000 0.250000 0.000000 0.000000 0.000000 -31396.910932 25.413242
300.000000 0.252000 0.252000 0.252000 0.000000 0.000000 0.000000 -31348.672512 20.075032
300.000000 0.254000 0.254000 0.254000 0.000000 0.000000 0.000000 -31410.909615 20.152328
300.000000 0.256000 0.256000 0.256000 0.000000 0.000000 0.000000 -31448.094549 16.292737
300.000000 0.258000 0.258000 0.258000 0.000000 0.000000 0.000000 -31427.543334 27.336272
300.000000 0.260000 0.260000 0.260000 0.000000 0.000000 0.000000 -31354.153245 18.777630
300.000000 0.262000 0.262000 0.262000 0.000000 0.000000 0.000000 -31451.040096 18.180074
300.000000 0.264000 0.264000 0.264000 0.000000 0.000000 0.000000 -31432.444097 16.152965
300.000000 0.266000 0.266000 0.266000 0.000000 0.000000 0.000000 -31362.845405 21.464805
300.000000 0.268000 0.268000 0.268000 0.000000 0.000000 0.000000 -31460.600077 28.582445
300.000000 0.270000 0.270000 0.270000 0.000000 0.000000 0.000000 -31221.612022 23.269799
300.000000 0.272000 0.272000 0.272000 0.000000 0.000000 0.000000 -31158.494641 8.685268
300.000000 0.274000 0.274000 0.274000 0.000000 0.000000 0.000000 -31438.232962 6.688165
300.000000 0.276000 0.276000 0.276000 0.000000 0.000000 0.000000 -31351.095454 2.591195
300.000000 0.278000 0.278000 0.278000 0.000000 0.000000 0.000000 -31328.306477 18.607905
300.000000 0.280000 0.280000 0.280000 0.000000 0.000000 0.000000 -31344.288100 10.332703
300.000000 0.282000 0.282000 0.282000 0.000000 0.000000 0.000000 -31456.247023 8.049036
300.000000 0.284000 0.284000 0.284000 0.000000 0.000000 0.000000 -31394.754534 18.186699
300.000000 0.286000 0.286000 0.286000 0.000000 0.000000 0.000000 -31465.087943 10.842388
300.000000 0.288000 0.288000 0.288000 0.000000 0.000000 0.000000 -31396.455300 16.152821
300.000000 0.290000 0.290000 0.290000 0.000000 0.000000 0.000000 -31447.953608 32.338262
300.000000 0.292000 0.292000 0.292000 0.000000 0.000000 0.000000 -31358.476770 5.743892
300.000000 0.294000 0.294000 0.294000 0.000000 0.000000 0.000000 -31431.512570 20.206484
300.000000 0.296000 0.296000 0.296000 0.000000 0.000000 0.000000 -31402.147097 19.081105
300.000000 0.298000 0.298000 0.298000 0.000000 0.000000 0.000000 -31431.622697 12.633417
300.000000 0.300000 0.300000 0.300000 0.000000 0.000000 0.000000 -31318.069985 7.960926
300.000000 0.302000 0.302000 0.302000 0.000000 0.000000 0.000000 -31385.042856 8.351887
300.000000 0.304000 0.304000 0.304000 0.000000 0.000000 0.000000 -31352.949138 19.224080
300.000000 0.306000 0.306000 0.306000 0.000000 0.000000 0.000000 -31289.417100 20.374078
300.000000 0.308000 0.308000 0.308000 0.000000 0.000000 0.000000 -31382.499762 19.342502
300.000000 0.310000 0.310000 0.310000 0.000000 0.000000 0.000000 -31289.109928 9.538484
300.000000 0.312000 0.312000 0.312000 0.000000 0.000000 0.000000 -31232.266498 13.846012
300.000000 0.314000 0.314000 0.314000 0.000000 0.000000 0.000000 -31297.410373 17.896320
300.000000 0.316000 0.316000 0.316000 0.000000 0.000000 0.000000 -31260.972919 15.002806
300.000000 0.318000 0.318000 0.318000 0.000000 0.000000 0.000000 -31424.404510 10.403302
300.000000 0.320000 0.320000 0.320000 0.000000 0.000000 0.000000 -31392.097699 -2.211389
300.000000 0.322000 0.322000 0.322000 0.000000 0.000000 0.000000 -31342.718488 8.549165
300.000000 0.324000 0.324000 0.324000 0.000000 0.000000 0.000000 -31454.310207 21.233675
300.000000 0.326000 0.326000 0.326000 0.000000 0.000000 0.000000 -31461.497760 15.449336
300.000000 0.328000 0.328000 0.328000 0.000000 0.000000 0.000000 -31492.800755 6.367319
300.000000 0.330000 0.330000 0.330000 0.000000 0.000000 0.000000 -31432.999647 6.620152
300.000000 0.332000 0.332000 0.332000 0.000000 0.000000 0.000000 -31388.014056 0.451990
300.000000 0.334000 0.334000 0.334000 0.000000 0.000000 0.000000 -31454.688968 -0.764697
300.000000 0.336000 0.336000 0.336000 0.000000 0.000000 0.000000 -31399.426550 21.407195
300.000000 0.338000 0.338000 0.338000 0.000000 0.000000 0.000000 -31479.954479 7.356888
300.000000 0.340000 0.340000 0.340000 0.000000 0.000000 0.000000 -31420.857101 13.534924
300.000000 0.342000 0.342000 0.342000 0.000000 0.000000 0.000000 -31396.241618 3.512371
300.000000 0.344000 0.344000 0.344000 0.000000 0.000000 0.000000 -31289.495073 23.867342
300.000000 0.346000 0.346000 0.346000 0.000000 0.000000 0.000000 -31251.039941 -5.099356
300.000000 0.348000 0.348000 0.348000 0.000000 0.000000 0.000000 -31214.433218 13.826822
300.000000 0.350000 0.350000 0.350000 0.000000 0.000000 0.000000 -31330.650110 16.338722
300.000000 0.352000 0.352000 0.352000 0.000000 0.000000 0.000000 -31310.625112 10.497507
300.000000 0.354000 0.354000 0.354000 0.000000 0.000000 0.000000 -31259.613823 3.832435
300.000000 0.356000 0.356000 0.356000 0.000000 0.000000 0.000000 -31347.814802 10.927275
300.000000 0.358000 0.358000 0.358000 0.000000 0.000000 0.000000 -31296.650148 4.904410
300.000000 0.360000 0.360000 0.360000 0.000000 0.000000 0.000000 -31334.818783 11.402395
300.000000 0.362000 0.362000 0.362000 0.000000 0.000000 0.000000 -31478.139203 10.333427
300.000000 0.364000 0.364000 0.364000 0.000000 0.000000 0.000000 -31349.830351 7.327753
300.000000 0.366000 0.366000 0.366000 0.000000 0.000000 0.000000 -31354.882463 18.979878
300.000000 0.368000 0.368000 0.368000 0.000000 0.000000 0.000000 -31371.950342 -4.953993
300.000000 0.370000 0.370000 0.370000 0.000000 0.000000 0.000000 -31404.152998 8.350831
300.000000 0.372000 0.372000 0.372000 0.000000 0.000000 0.000000 -31388.464025 8.719249
300.000000 0.374000 0.374000 0.374000 0.000000 0.000000 0.000000 -31403.110116 10.030414
300.000000 0.376000 0.376000 0.376000 0.000000 0.000000 0.000000 -31569.998795 13.646897
300.000000 0.378000 0.378000 0.378000 0.000000 0.000000 0.000000 -31448.757733 5.220778
300.000000 0.380000 0.380000 0.380000 0.000000 0.000000 0.000000 -31378.111074 3.754872
300.000000 0.382000 0.382000 0.382000 0.000000 0.000000 0.000000 -31369.045946 8.199479
300.000000 0.384000 0.384000 0.384000 0.000000 0.000000 0.000000 -31465.673396 6.889273
300.000000 0.386000 0.386000 0.386000 0.000000 0.000000 0.000000 -31536.612710 1.960396
300.000000 0.388000 0.388000 0.388000 0.000000 0.000000 0.000000 -31529.376722 8.328312
300.000000 0.390000 0.390000 0.390000 0.000000 0.000000 0.000000 -31489.273143 4.932161
300.000000 0.392000 0.392000 0.392000 0.000000 0.000000 0.000000 -31593.714209 -5.376640
300.000000 0.394000 0.394000 0.394000 0.000000 0.000000 0.000000 -31670.884640 11.184254
300.000000 0.396000 0.396000 0.396000 0.000000 0.000000 0.000000 -31498.790773 -2.474981
300.000000 0.398000 0.398000 0.398000 0.000000 0.000000 0.000000 -31483.213104 0.658643
300.000000 0.400000 0.400000 0.400000 0.000000 0.000000 0.000000 -31382.870218 3.124739
300.000000 0.402000 0.402000 0.402000 0.000000 0.000000 0.000000 -31302.296246 6.406392
300.000000 0.404000 0.404000 0.404000 0.000000 0.000000 0.000000 -31398.115844 9.202099
300.000000 0.406000 0.406000 0.406000 0.000000 0.000000 0.000000 -31365.752102 24.501860
300.000000 0.408000 0.408000 0.408000 0.000000 0.000000 0.000000 -31295.309455 7.123174
300.000000 0.410000 0.410000 0.410000 0.000000 0.000000 0.000000 -31453.175130 15.187186
300.000000 0.412000 0.412000 0.412000 0.000000 0.000000 0.000000 -31346.389496 4.609497
300.000000 0.414000 0.414000 0.414000 0.000000 0.000000 0.000000 -31238.027025 3.135236
300.000000 0.416000 0.416000 0.416000 0.000000 0.000000 0.000000 -31322.948612 5.201690
300.000000 0.418000 0.418000 0.418000 0.000000 0.000000 0.000000 -31588.512424 3.111222
300.000000 0.420000 0.420000 0.420000 0.000000 0.000000 0.000000 -31445.843982 -3.463763
300.000000 0.422000 0.422000 0.422000 0.000000 0.000000 0.000000 -31393.542398 2.036219
300.000000 0.424000 0.424000 0.424000 0.000000 0.000000 0.000000 -31288.528103 6.523863
300.000000 0.426000 0.426000 0.426000 0.000000 0.000000 0.000000 -31366.506088 1.753708
300.000000 0.428000 0.428000 0.428000 0.000000 0.000000 0.000000 -31401.843004 5.018902
300.000000 0.430000 0.430000 0.430000 0.000000 0.000000 0.000000 -31411.422094 -14.160897
300.000000 0.432000 0.432000 0.432000 0.000000 0.000000 0.000000 -31428.274065 3.936160
300.000000 0.434000 0.434000 0.434000 0.000000 0.000000 0.000000 -31360.577525 7.032053
300.000000 0.436000 0.436000 0.436000 0.000000 0.000000 0.000000 -31441.219409 -3.078427
300.000000 0.438000 0.438000 0.438000 0.000000 0.000000 0.000000 -31452.066936 1.985141
300.000000 0.440000 0.440000 0.440000 0.000000 0.000000 0.000000 -31358.281117 5.070735
300.000000 0.442000 0.442000 0.442000 0.000000 0.000000 0.000000 -31456.455136 3.376556
300.000000 0.444000 0.444000 0.444000 0.000000 0.000000 0.000000 -31452.901352 -0.721910
300.000000 0.446000 0.446000 0.446000 0.000000 0.000000 0.000000 -31426.749345 14.071469
300.000000 0.448000 0.448000 0.448000 0.000000 0.000000 0.000000 -31322.494803 -4.387720
300.000000 0.450000 0.450000 0.450000 0.000000 0.000000 0.000000 -31371.596058 -3.269908
300.000000 0.452000 0.452000 0.452000 0.000000 0.000000 0.000000 -31339.297207 -0.556466
300.000000 0.454000 0.454000 0.454000 0.000000 0.000000 0.000000 -31397.300168 2.150234
300.000000 0.456000 0.456000 0.456000 0.000000 0.000000 0.000000 -31335.276860 4.788693
300.000000 0.458000 0.458000 0.458000 0.000000 0.000000 0.000000 -31349.094471 -0.170010
300.000000 0.460000 0.460000 0.460000 0.000000 0.000000 0.000000 -31429.506898 -2.090544
300.000000 0.462000 0.462000 0.462000 0.000000 0.000000 0.000000 -31400.942596 2.552053
300.000000 0.464000 0.464000 0.464000 0.000000 0.000000 0.000000 -31530.640626 -3.126844
300.000000 0.466000 0.466000 0.466000 0.000000 0.000000 0.000000 -31553.326130 -2.416777
300.000000 0.468000 0.468000 0.468000 0.000000 0.000000 0.000000 -31419.791209 2.344624
300.000000 0.470000 0.470000 0.470000 0.000000 0.000000 0.000000 -31475.687024 -2.245922
300.000000 0.472000 0.472000 0.472000 0.000000 0.000000 0.000000 -31404.699172 6.677320
300.000000 0.474000 0.474000 0.474000 0.000000 0.000000 0.000000 -31285.231323 7.620163
300.000000 0.476000 0.476000 0.476000 0.000000 0.000000 0.000000 -31331.273679 -2.133829
300.000000 0.478000 0.478000 0.478000 0.000000 0.000000 0.000000 -31276.166980 4.524515
300.000000 0.480000 0.480000 0.480000 0.000000 0.000000 0.000000 -31256.521722 -6.397454
300.000000 0.482000 0.482000 0.482000 0.000000 0.000000 0.000000 -31322.394069 0.967936
300.000000 0.484000 0.484000 0.484000 0.000000 0.000000 0.000000 -31293.169848 -0.836693
300.000000 0.486000 0.486000 0.486000 0.000000 0.000000 0.000000 -31362.208295 0.986598
300.000000 0.488000 0.488000 0.488000 0.000000 0.000000 0.000000 -31280.797492 0.446936
300.000000 0.490000 0.490000 0.490000 0.000000 0.000000 0.000000 -31345.057573 -2.532427
300.000000 0.492000 0.492000 0.492000 0.000000 0.000000 0.000000 -31378.557506 12.232387
300.000000 0.494000 0.494000 0.494000 0.000000 0.000000 0.000000 -31371.981820 4.245870
300.000000 0.496000 0.496000 0.496000 0.000000 0.000000 0.000000 -31356.172591 -5.938625
300.000000 0.498000 0.498000 0.498000 0.000000 0.000000 0.000000 -31370.980525 9.637570
