300.000000 0.000000 0.000000 0.000000 0.000000 0.000000 0.000000 -37278.983649 935.681248
300.000000 0.002000 0.002000 0.002000 0.000000 0.000000 0.000000 -37304.807025 814.486433
300.000000 0.004000 0.004000 0.004000 0.000000 0.000000 0.000000 -37244.030860 845.784380
300.000000 0.006000 0.006000 0.006000 0.000000 0.000000 0.000000 -37223.612222 778.942176
300.000000 0.008000 0.008000 0.008000 0.000000 0.000000 0.000000 -37141.287393 654.988185
300.000000 0.010000 0.010000 0.010000 0.000000 0.000000 0.000000 -37134.120567 627.045286
300.000000 0.012000 0.012000 0.012000 0.000000 0.000000 0.000000 -37181.944329 195.888571
300.000000 0.014000 0.014000 0.014000 0.000000 0.000000 0.000000 -37038.928400 108.962041
300.000000 0.016000 0.016000 0.016000 0.000000 0.000000 0.000000 -37160.671581 117.699545
300.000000 0.018000 0.018000 0.018000 0.000000 0.000000 0.000000 -37082.915431 136.866715
300.000000 0.020000 0.020000 0.020000 0.000000 0.000000 0.000000 -37274.924847 88.598762
300.000000 0.022000 0.022000 0.022000 0.000000 0.000000 0.000000 -37242.613591 56.068818
300.000000 0.024000 0.024000 0.024000 0.000000 0.000000 0.000000 -37254.802032 82.178649
300.000000 0.026000 0.026000 0.026000 0.000000 0.000000 0.000000 -37130.125741 144.456625
300.000000 0.028000 0.028000 0.028000 0.000000 0.000000 0.000000 -37229.413018 64.168655
300.000000 0.030000 0.030000 0.030000 0.000000 0.000000 0.000000 -37099.168764 23.322750
300.000000 0.032000 0.032000 0.032000 0.000000 0.000000 0.000000 -37236.123355 58.456901
300.000000 0.034000 0.034000 0.034000 0.000000 0.000000 0.000000 -37170.637039 58.498856
300.000000 0.036000 0.036000 0.036000 0.000000 0.000000 0.000000 -37362.396507 71.532159
300.000000 0.038000 0.038000 0.038000 0.000000 0.000000 0.000000 -37201.183527 101.576429
300.000000 0.040000 0.040000 0.040000 0.000000 0.000000 0.000000 -37117.194305 85.296042
300.000000 0.042000 0.042000 0.042000 0.000000 0.000000 0.000000 -37299.583917 40.793366
300.000000 0.044000 0.044000 0.044000 0.000000 0.000000 0.000000 -37118.777320 61.483312
300.000000 0.046000 0.046000 0.046000 0.000000 0.000000 0.000000 -37164.863599 41.584404
300.000000 0.048000 0.048000 0.048000 0.000000 0.000000 0.000000 -37166.893661 103.019491
300.000000 0.050000 0.050000 0.050000 0.000000 0.000000 0.000000 -37192.202440 48.593947
300.000000 0.052000 0.052000 0.052000 0.000000 0.000000 0.000000 -37243.485626 81.835498
300.000000 0.054000 0.054000 0.054000 0.000000 0.000000 0.000000 -37131.919997 47.246745
300.000000 0.056000 0.056000 0.056000 0.000000 0.000000 0.000000 -37261.256525 16.260914
300.000000 0.058000 0.058000 0.058000 0.000000 0.000000 0.000000 -37124.405105 39.735700
300.000000 0.060000 0.060000 0.060000 0.000000 0.000000 0.000000 -37071.745461 35.574063
300.000000 0.062000 0.062000 0.062000 0.000000 0.000000 0.000000 -37019.754976 61.543018
300.000000 0.064000 0.064000 0.064000 0.000000 0.000000 0.000000 -37231.801130 56.300789
300.000000 0.066000 0.066000 0.066000 0.000000 0.000000 0.000000 -37076.349237 87.255595
300.000000 0.068000 0.068000 0.068000 0.000000 0.000000 0.000000 -37159.148376 47.432887
300.000000 0.070000 0.070000 0.070000 0.000000 0.000000 0.000000 -37032.354296 43.768946
300.000000 0.072000 0.072000 0.072000 0.000000 0.000000 0.000000 -37070.105887 31.278923
300.000000 0.074000 0.074000 0.074000 0.000000 0.000000 0.000000 -37092.980586 35.522383
300.000000 0.076000 0.076000 0.076000 0.000000 0.000000 0.000000 -37027.787557 28.652138
300.000000 0.078000 0.078000 0.078000 0.000000 0.000000 0.000000 -37076.571556 33.312757
300.000000 0.080000 0.080000 0.080000 0.000000 0.000000 0.000000 -37188.852007 36.660111
300.000000 0.082000 0.082000 0.082000 0.000000 0.000000 0.000000 -37219.818947 21.245301
300.000000 0.084000 0.084000 0.084000 0.000000 0.000000 0.000000 -37190.680087 52.508140
300.000000 0.086000 0.086000 0.086000 0.000000 0.000000 0.000000 -37171.102743 50.258101
300.000000 0.088000 0.088000 0.088000 0.000000 0.000000 0.000000 -37208.825935 15.759269
300.000000 0.090000 0.090000 0.090000 0.000000 0.000000 0.000000 -37163.905792 14.553958
300.000000 0.092000 0.092000 0.092000 0.000000 0.000000 0.000000 -37242.592359 30.368870
300.000000 0.094000 0.094000 0.094000 0.000000 0.000000 0.000000 -37166.493598 49.002314
300.000000 0.096000 0.096000 0.096000 0.000000 0.000000 0.000000 -37065.692213 22.216650
300.000000 0.098000 0.098000 0.098000 0.000000 0.000000 0.000000 -36982.462452 26.430113
300.000000 0.100000 0.100000 0.100000 0.000000 0.000000 0.000000 -37209.892943 36.865909
300.000000 0.102000 0.102000 0.102000 0.000000 0.000000 0.000000 -37125.796769 45.536541
300.000000 0.104000 0.104000 0.104000 0.000000 0.000000 0.000000 -37192.427548 38.899469
300.000000 0.106000 0.106000 0.106000 0.000000 0.000000 0.000000 -37207.665363 28.266155
300.000000 0.108000 0.108000 0.108000 0.000000 0.000000 0.000000 -37287.154638 17.190582
300.000000 0.110000 0.110000 0.110000 0.000000 0.000000 0.000000 -37252.593476 24.559271
300.000000 0.112000 0.112000 0.112000 0.000000 0.000000 0.000000 -37217.588271 6.527805
300.000000 0.114000 0.114000 0.114000 0.000000 0.000000 0.000000 -37256.328962 15.982207
300.000000 0.116000 0.116000 0.116000 0.000000 0.000000 0.000000 -37185.748690 27.446344
300.000000 0.118000 0.118000 0.118000 0.000000 0.000000 0.000000 -37181.359438 33.451656
300.000000 0.120000 0.120000 0.120000 0.000000 0.000000 0.000000 -37094.155334 13.593332
300.000000 0.122000 0.122000 0.122000 0.000000 0.000000 0.000000 -37194.849259 7.854696
300.000000 0.124000 0.124000 0.124000 0.000000 0.000000 0.000000 -37046.753235 20.831187
300.000000 0.126000 0.126000 0.126000 0.000000 0.000000 0.000000 -37093.098634 8.792091
300.000000 0.128000 0.128000 0.128000 0.000000 0.000000 0.000000 -37133.828288 17.356635
300.000000 0.130000 0.130000 0.130000 0.000000 0.000000 0.000000 -37146.909186 38.445913
300.000000 0.132000 0.132000 0.132000 0.000000 0.000000 0.000000 -37221.536919 11.997395
300.000000 0.134000 0.134000 0.134000 0.000000 0.000000 0.000000 -37121.641755 21.221804
300.000000 0.136000 0.136000 0.136000 0.000000 0.000000 0.000000 -37155.701859 35.143803
300.000000 0.138000 0.138000 0.138000 0.000000 0.000000 0.000000 -37069.212189 33.520715
300.000000 0.140000 0.140000 0.140000 0.000000 0.000000 0.000000 -37022.029784 14.909048
300.000000 0.142000 0.142000 0.142000 0.000000 0.000000 0.000000 -37194.390097 20.602434
300.000000 0.144000 0.144000 0.144000 0.000000 0.000000 0.000000 -37052.654392 10.790028
300.000000 0.146000 0.146000 0.146000 0.000000 0.000000 0.000000 -37073.411535 26.733085
300.000000 0.148000 0.148000 0.148000 0.000000 0.000000 0.000000 -37233.057290 16.353858
300.000000 0.150000 0.150000 0.150000 0.000000 0.000000 0.000000 -37206.071534 27.661848
300.000000 0.152000 0.152000 0.152000 0.000000 0.000000 0.000000 -37147.763146 8.320461
300.000000 0.154000 0.154000 0.154000 0.000000 0.000000 0.000000 -36986.134440 4.085898
300.000000 0.156000 0.156000 0.156000 0.000000 0.000000 0.000000 -37134.049326 7.059603
300.000000 0.158000 0.158000 0.158000 0.000000 0.000000 0.000000 -37113.981155 16.326071
300.000000 0.160000 0.160000 0.160000 0.000000 0.000000 0.000000 -36987.048289 18.400464
300.000000 0.162000 0.162000 0.162000 0.000000 0.000000 0.000000 -36927.380895 27.863779
300.000000 0.164000 0.164000 0.164000 0.000000 0.000000 0.000000 -37090.416996 18.389669
300.000000 0.166000 0.166000 0.166000 0.000000 0.000000 0.000000 -37254.424292 11.716919
300.000000 0.168000 0.168000 0.168000 0.000000 0.000000 0.000000 -37192.132094 7.226627
300.000000 0.170000 0.170000 0.170000 0.000000 0.000000 0.000000 -37142.604208 33.739574
300.000000 0.172000 0.172000 0.172000 0.000000 0.000000 0.000000 -37054.432456 8.556701
300.000000 0.174000 0.174000 0.174000 0.000000 0.000000 0.000000 -36936.076259 13.837704
300.000000 0.176000 0.176000 0.176000 0.000000 0.000000 0.000000 -37101.202500 10.233142
300.000000 0.178000 0.178000 0.178000 0.000000 0.000000 0.000000 -37086.042604 26.997994
300.000000 0.180000 0.180000 0.180000 0.000000 0.000000 0.000000 -37288.252681 7.269809
300.000000 0.182000 0.182000 0.182000 0.000000 0.000000 0.000000 -37192.036313 12.447856
300.000000 0.184000 0.184000 0.184000 0.000000 0.000000 0.000000 -37315.665154 12.849113
300.000000 0.186000 0.186000 0.186000 0.000000 0.000000 0.000000 -37237.157630 23.441247
300.000000 0.188000 0.188000 0.188000 0.000000 0.000000 0.000000 -37180.170778 13.676146
300.000000 0.190000 0.190000 0.190000 0.000000 0.000000 0.000000 -37167.587209 11.029375
300.000000 0.192000 0.192000 0.192000 0.000000 0.000000 0.000000 -37083.573287 23.502026
300.000000 0.194000 0.194000 0.194000 0.000000 0.000000 0.000000 -37067.564194 13.912421
300.000000 0.196000 0.196000 0.196000 0.000000 0.000000 0.000000 -37184.719709 13.712192
300.000000 0.198000 0.198000 0.198000 0.000000 0.000000 0.000000 -37196.329272 21.246917
300.000000 0.200000 0.200000 0.200000 0.000000 0.000000 0.000000 -37232.490620 12.211818
300.000000 0.202000 0.202000 0.202000 0.000000 0.000000 0.000000 -37081.593612 6.314365
300.000000 0.204000 0.204000 0.204000 0.000000 0.000000 0.000000 -37119.285491 11.754274
300.000000 0.206000 0.206000 0.206000 0.000000 0.000000 0.000000 -37084.099515 13.650571
300.000000 0.208000 0.208000 0.208000 0.000000 0.000000 0.000000 -37015.993948 11.365327
300.000000 0.210000 0.210000 0.210000 0.000000 0.000000 0.000000 -36956.870218 21.138723
300.000000 0.212000 0.212000 0.212000 0.000000 0.000000 0.000000 -36976.970531 23.980310
300.000000 0.214000 0.214000 0.214000 0.000000 0.000000 0.000000 -37106.148429 2.009712
300.000000 0.216000 0.216000 0.216000 0.000000 0.000000 0.000000 -37135.723821 17.091322
300.000000 0.218000 0.218000 0.218000 0.000000 0.000000 0.000000 -37040.960010 9.211014
300.000000 0.220000 0.220000 0.220000 0.000000 0.000000 0.000000 -37091.433608 18.325454
300.000000 0.222000 0.222000 0.222000 0.000000 0.000000 0.000000 -37073.808660 10.842739
300.000000 0.224000 0.224000 0.224000 0.000000 0.000000 0.000000 -37039.291184 5.593443
300.000000 0.226000 0.226000 0.226000 0.000000 0.000000 0.000000 -37023.065082 6.103582
300.000000 0.228000 0.228000 0.228000 0.000000 0.000000 0.000000 -37127.468227 14.222780
300.000000 0.230000 0.230000 0.230000 0.000000 0.000000 0.000000 -37181.003414 25.718189
300.000000 0.232000 0.232000 0.232000 0.000000 0.000000 0.000000 -37134.434675 3.653300
300.000000 0.234000 0.234000 0.234000 0.000000 0.000000 0.000000 -37151.946016 19.043910
300.000000 0.236000 0.236000 0.236000 0.000000 0.000000 0.000000 -37147.279820 9.942737
300.000000 0.238000 0.238000 0.238000 0.000000 0.000000 0.000000 -37097.101950 6.882363
300.000000 0.240000 0.240000 0.240000 0.000000 0.000000 0.000000 -37230.651717 8.179283
300.000000 0.242000 0.242000 0.242000 0.000000 0.000000 0.000000 -37178.230014 13.979567
300.000000 0.244000 0.244000 0.244000 0.000000 0.000000 0.000000 -37200.764343 13.608969
300.000000 0.246000 0.246000 0.246000 0.000000 0.000000 0.000000 -37139.159627 -0.088420
300.000000 0.248000 0.248000 0.248000 0.000000 0.000000 0.000000 -37152.067106 7.680041
300.000000 0.250000 0.250000 0.250000 0.000000 0.000000 0.000000 -37089.923973 19.176271
300.000000 0.252000 0.252000 0.252000 0.000000 0.000000 0.000000 -36995.563674 9.209649
300.000000 0.254000 0.254000 0.254000 0.000000 0.000000 0.000000 -37110.785287 6.305559
300.000000 0.256000 0.256000 0.256000 0.000000 0.000000 0.000000 -36998.102270 8.956111
300.000000 0.258000 0.258000 0.258000 0.000000 0.000000 0.000000 -37124.181917 9.420793
300.000000 0.260000 0.260000 0.260000 0.000000 0.000000 0.000000 -37171.815904 5.234994
300.000000 0.262000 0.262000 0.262000 0.000000 0.000000 0.000000 -37181.489266 2.339342
300.000000 0.264000 0.264000 0.264000 0.000000 0.000000 0.000000 -37009.508149 17.351052
300.000000 0.266000 0.266000 0.266000 0.000000 0.000000 0.000000 -36939.204597 -0.145631
300.000000 0.268000 0.268000 0.268000 0.000000 0.000000 0.000000 -36876.084228 7.309474
300.000000 0.270000 0.270000 0.270000 0.000000 0.000000 0.000000 -36992.665978 8.890659
300.000000 0.272000 0.272000 0.272000 0.000000 0.000000 0.000000 -36975.492137 3.773317
300.000000 0.274000 0.274000 0.274000 0.000000 0.000000 0.000000 -37025.604205 18.071272
300.000000 0.276000 0.276000 0.276000 0.000000 0.000000 0.000000 -37242.606822 9.676205
300.000000 0.278000 0.278000 0.278000 0.000000 0.000000 0.000000 -37134.560758 12.417512
300.000000 0.280000 0.280000 0.280000 0.000000 0.000000 0.000000 -37129.535860 11.127122
300.000000 0.282000 0.282000 0.282000 0.000000 0.000000 0.000000 -36946.765137 16.900545
300.000000 0.284000 0.284000 0.284000 0.000000 0.000000 0.000000 -37017.889239 9.620974
300.000000 0.286000 0.286000 0.286000 0.000000 0.000000 0.000000 -37086.489057 -1.814514
300.000000 0.288000 0.288000 0.288000 0.000000 0.000000 0.000000 -37091.084769 -0.851647
300.000000 0.290000 0.290000 0.290000 0.000000 0.000000 0.000000 -37106.799641 -1.224316
300.000000 0.292000 0.292000 0.292000 0.000000 0.000000 0.000000 -37061.465886 10.836498
300.000000 0.294000 0.294000 0.294000 0.000000 0.000000 0.000000 -37056.964567 13.743694
300.000000 0.296000 0.296000 0.296000 0.000000 0.000000 0.000000 -37285.322147 11.125952
300.000000 0.298000 0.298000 0.298000 0.000000 0.000000 0.000000 -37261.475337 19.255170
300.000000 0.300000 0.300000 0.300000 0.000000 0.000000 0.000000 -37124.475660 10.924969
300.000000 0.302000 0.302000 0.302000 0.000000 0.000000 0.000000 -37114.633225 9.395572
300.000000 0.304000 0.304000 0.304000 0.000000 0.000000 0.000000 -37165.619928 16.492917
300.000000 0.306000 0.306000 0.306000 0.000000 0.000000 0.000000 -37104.350102 4.121080
300.000000 0.308000 0.308000 0.308000 0.000000 0.000000 0.000000 -37304.024804 7.889295
300.000000 0.310000 0.310000 0.310000 0.000000 0.000000 0.000000 -37304.962222 7.474623
300.000000 0.312000 0.312000 0.312000 0.000000 0.000000 0.000000 -37284.795794 3.380731
300.000000 0.314000 0.314000 0.314000 0.000000 0.000000 0.000000 -37250.064809 21.462859
300.000000 0.316000 0.316000 0.316000 0.000000 0.000000 0.000000 -36980.394157 1.466063
300.000000 0.318000 0.318000 0.318000 0.000000 0.000000 0.000000 -37140.140297 2.813551
300.000000 0.320000 0.320000 0.320000 0.000000 0.000000 0.000000 -37129.964374 3.021862
300.000000 0.322000 0.322000 0.322000 0.000000 0.000000 0.000000 -37096.297413 9.871983
300.000000 0.324000 0.324000 0.324000 0.000000 0.000000 0.000000 -37179.033664 2.206021
300.000000 0.326000 0.326000 0.326000 0.000000 0.000000 0.000000 -37132.084305 12.705258
300.000000 0.328000 0.328000 0.328000 0.000000 0.000000 0.000000 -37132.041101 2.609460
300.000000 0.330000 0.330000 0.330000 0.000000 0.000000 0.000000 -37028.405428 5.691935
300.000000 0.332000 0.332000 0.332000 0.000000 0.000000 0.000000 -37095.884238 1.768771
300.000000 0.334000 0.334000 0.334000 0.000000 0.000000 0.000000 -37089.554471 8.960798
300.000000 0.336000 0.336000 0.336000 0.000000 0.000000 0.000000 -37137.290750 3.622549
300.000000 0.338000 0.338000 0.338000 0.000000 0.000000 0.000000 -37302.116653 2.550313
300.000000 0.340000 0.340000 0.340000 0.000000 0.000000 0.000000 -37089.723458 3.042559
300.000000 0.342000 0.342000 0.342000 0.000000 0.000000 0.000000 -37140.177858 4.309225
300.000000 0.344000 0.344000 0.344000 0.000000 0.000000 0.000000 -37120.205329 6.841260
300.000000 0.346000 0.346000 0.346000 0.000000 0.000000 0.000000 -37125.871371 1.852263
300.000000 0.348000 0.348000 0.348000 0.000000 0.000000 0.000000 -37007.957344 7.075242
300.000000 0.350000 0.350000 0.350000 0.000000 0.000000 0.000000 -37214.572946 13.521188
300.000000 0.352000 0.352000 0.352000 0.000000 0.000000 0.000000 -37070.644870 10.134679
300.000000 0.354000 0.354000 0.354000 0.000000 0.000000 0.000000 -37225.831730 6.091904
300.000000 0.356000 0.356000 0.356000 0.000000 0.000000 0.000000 -37139.266320 7.431356
300.000000 0.358000 0.358000 0.358000 0.000000 0.000000 0.000000 -37017.540888 9.055652
300.000000 0.360000 0.360000 0.360000 0.000000 0.000000 0.000000 -37108.557648 -4.084694
300.000000 0.362000 0.362000 0.362000 0.000000 0.000000 0.000000 -37132.825016 5.315256
300.000000 0.364000 0.364000 0.364000 0.000000 0.000000 0.000000 -37222.807654 12.416088
300.000000 0.366000 0.366000 0.366000 0.000000 0.000000 0.000000 -37329.838853 8.724174
300.000000 0.368000 0.368000 0.368000 0.000000 0.000000 0.000000 -37254.565426 4.320429
300.000000 0.370000 0.370000 0.370000 0.000000 0.000000 0.000000 -37129.605572 1.526935
300.000000 0.372000 0.372000 0.372000 0.000000 0.000000 0.000000 -37178.411920 -2.723231
300.000000 0.374000 0.374000 0.374000 0.000000 0.000000 0.000000 -37272.745635 12.886979
300.000000 0.376000 0.376000 0.376000 0.000000 0.000000 0.000000 -37233.438476 12.036758
300.000000 0.378000 0.378000 0.378000 0.000000 0.000000 0.000000 -37246.564474 4.802342
300.000000 0.380000 0.380000 0.380000 0.000000 0.000000 0.000000 -37367.001560 -0.904257
300.000000 0.382000 0.382000 0.382000 0.000000 0.000000 0.000000 -37247.382727 -0.764961
300.000000 0.384000 0.384000 0.384000 0.000000 0.000000 0.000000 -37186.631431 8.385810
300.000000 0.386000 0.386000 0.386000 0.000000 0.000000 0.000000 -37179.915790 -1.344342
300.000000 0.388000 0.388000 0.388000 0.000000 0.000000 0.000000 -37211.698176 6.318719
300.000000 0.390000 0.390000 0.390000 0.000000 0.000000 0.000000 -37326.873541 4.458351
300.000000 0.392000 0.392000 0.392000 0.000000 0.000000 0.000000 -37206.128063 6.025723
300.000000 0.394000 0.394000 0.394000 0.000000 0.000000 0.000000 -37237.387951 6.547083
300.000000 0.396000 0.396000 0.396000 0.000000 0.000000 0.000000 -37353.486843 5.525500
300.000000 0.398000 0.398000 0.398000 0.000000 0.000000 0.000000 -37191.896411 11.389023
300.000000 0.400000 0.400000 0.400000 0.000000 0.000000 0.000000 -37076.176000 4.900715
300.000000 0.402000 0.402000 0.402000 0.000000 0.000000 0.000000 -37082.973818 -5.416914
300.000000 0.404000 0.404000 0.404000 0.000000 0.000000 0.000000 -37090.672715 16.453477
300.000000 0.406000 0.406000 0.406000 0.000000 0.000000 0.000000 -37064.105953 0.813693
300.000000 0.408000 0.408000 0.408000 0.000000 0.000000 0.000000 -37072.720845 3.580570
300.000000 0.410000 0.410000 0.410000 0.000000 0.000000 0.000000 -37129.864221 10.461404
300.000000 0.412000 0.412000 0.412000 0.000000 0.000000 0.000000 -37010.247840 0.400253
300.000000 0.414000 0.414000 0.414000 0.000000 0.000000 0.000000 -37099.065507 -0.677907
300.000000 0.416000 0.416000 0.416000 0.000000 0.000000 0.000000 -37070.764208 0.044155
300.000000 0.418000 0.418000 0.418000 0.000000 0.000000 0.000000 -37140.774361 3.307833
300.000000 0.420000 0.420000 0.420000 0.000000 0.000000 0.000000 -37095.238598 5.571622
300.000000 0.422000 0.422000 0.422000 0.000000 0.000000 0.000000 -37093.319019 -0.291091
300.000000 0.424000 0.424000 0.424000 0.000000 0.000000 0.000000 -37245.522586 6.867717
300.000000 0.426000 0.426000 0.426000 0.000000 0.000000 0.000000 -37105.458457 -6.913633
300.000000 0.428000 0.428000 0.428000 0.000000 0.000000 0.000000 -37107.544471 6.247785
300.000000 0.430000 0.430000 0.430000 0.000000 0.000000 0.000000 -37125.008432 9.679954
300.000000 0.432000 0.432000 0.432000 0.000000 0.000000 0.000000 -37110.416944 6.417759
300.000000 0.434000 0.434000 0.434000 0.000000 0.000000 0.000000 -37237.913715 7.353733
300.000000 0.436000 0.436000 0.436000 0.000000 0.000000 0.000000 -37179.384303 3.886155
300.000000 0.438000 0.438000 0.438000 0.000000 0.000000 0.000000 -37167.135247 7.240613
300.000000 0.440000 0.440000 0.440000 0.000000 0.000000 0.000000 -37075.997577 8.399654
300.000000 0.442000 0.442000 0.442000 0.000000 0.000000 0.000000 -37143.259652 -1.696699
300.000000 0.444000 0.444000 0.444000 0.000000 0.000000 0.000000 -37182.873764 -3.437831
300.000000 0.446000 0.446000 0.446000 0.000000 0.000000 0.000000 -37134.005944 2.580930
300.000000 0.448000 0.448000 0.448000 0.000000 0.000000 0.000000 -37182.679092 7.555551
300.000000 0.450000 0.450000 0.450000 0.000000 0.000000 0.000000 -37120.053399 1.402898
300.000000 0.452000 0.452000 0.452000 0.000000 0.000000 0.000000 -37112.926003 7.349020
300.000000 0.454000 0.454000 0.454000 0.000000 0.000000 0.000000 -37146.612512 2.445136
300.000000 0.456000 0.456000 0.456000 0.000000 0.000000 0.000000 -37352.712500 -1.296946
300.000000 0.458000 0.458000 0.458000 0.000000 0.000000 0.000000 -37150.147298 10.127096
300.000000 0.460000 0.460000 0.460000 0.000000 0.000000 0.000000 -36928.731152 2.050264
300.000000 0.462000 0.462000 0.462000 0.000000 0.000000 0.000000 -37052.517340 -9.928842
300.000000 0.464000 0.464000 0.464000 0.000000 0.000000 0.000000 -37129.909474 -1.601698
300.000000 0.466000 0.466000 0.466000 0.000000 0.000000 0.000000 -37009.407646 6.384811
300.000000 0.468000 0.468000 0.468000 0.000000 0.000000 0.000000 -37095.601913 0.289528
300.000000 0.470000 0.470000 0.470000 0.000000 0.000000 0.000000 -37301.247470 6.025071
300.000000 0.472000 0.472000 0.472000 0.000000 0.000000 0.000000 -37075.808887 1.800235
300.000000 0.474000 0.474000 0.474000 0.000000 0.000000 0.000000 -37057.210259 -4.582785
300.000000 0.476000 0.476000 0.476000 0.000000 0.000000 0.000000 -37073.052975 2.696765
300.000000 0.478000 0.478000 0.478000 0.000000 0.000000 0.000000 -37049.453363 -0.273386
300.000000 0.480000 0.480000 0.480000 0.000000 0.000000 0.000000 -37132.026488 -0.000655
300.000000 0.482000 0.482000 0.482000 0.000000 0.000000 0.000000 -37044.828747 2.963348
300.000000 0.484000 0.484000 0.484000 0.000000 0.000000 0.000000 -37079.483498 1.306231
300.000000 0.486000 0.486000 0.486000 0.000000 0.000000 0.000000 -37150.529613 -3.559945
300.000000 0.488000 0.488000 0.488000 0.000000 0.000000 0.000000 -37276.619028 -0.091270
300.000000 0.490000 0.490000 0.490000 0.000000 0.000000 0.000000 -37238.720392 3.598185
300.000000 0.492000 0.492000 0.492000 0.000000 0.000000 0.000000 -37216.923436 0.742580
300.000000 0.494000 0.494000 0.494000 0.000000 0.000000 0.000000 -37211.262672 -1.678650
300.000000 0.496000 0.496000 0.496000 0.000000 0.000000 0.000000 -37140.646578 4.004013
300.000000 0.498000 0.498000 0.498000 0.000000 0.000000 0.000000 -37096.134585 2.521666
