300.000000 0.000000 0.000000 0.000000 0.000000 0.000000 0.000000 -37827.571533 846.581891
300.000000 0.002000 0.002000 0.002000 0.000000 0.000000 0.000000 -37939.155468 862.651423
300.000000 0.004000 0.004000 0.004000 0.000000 0.000000 0.000000 -37950.073237 818.929904
300.000000 0.006000 0.006000 0.006000 0.000000 0.000000 0.000000 -37940.906167 829.205979
300.000000 0.008000 0.008000 0.008000 0.000000 0.000000 0.000000 -37804.084769 871.961167
300.000000 0.010000 0.010000 0.010000 0.000000 0.000000 0.000000 -38079.406020 808.550808
300.000000 0.012000 0.012000 0.012000 0.000000 0.000000 0.000000 -37993.981618 827.128861
300.000000 0.014000 0.014000 0.014000 0.000000 0.000000 0.000000 -37955.356008 762.298638
300.000000 0.016000 0.016000 0.016000 0.000000 0.000000 0.000000 -37820.724382 613.530002
300.000000 0.018000 0.018000 0.018000 0.000000 0.000000 0.000000 -37862.938388 220.031512
300.000000 0.020000 0.020000 0.020000 0.000000 0.000000 0.000000 -37864.642467 132.739632
300.000000 0.022000 0.022000 0.022000 0.000000 0.000000 0.000000 -38041.843609 104.983154
300.000000 0.024000 0.024000 0.024000 0.000000 0.000000 0.000000 -37975.468629 207.007130
300.000000 0.026000 0.026000 0.026000 0.000000 0.000000 0.000000 -37771.521246 206.945395
300.000000 0.028000 0.028000 0.028000 0.000000 0.000000 0.000000 -37773.025615 129.562369
300.000000 0.030000 0.030000 0.030000 0.000000 0.000000 0.000000 -37822.686129 102.691842
300.000000 0.032000 0.032000 0.032000 0.000000 0.000000 0.000000 -37660.610967 195.927003
300.000000 0.034000 0.034000 0.034000 0.000000 0.000000 0.000000 -37769.122950 116.308231
300.000000 0.036000 0.036000 0.036000 0.000000 0.000000 0.000000 -37646.825029 96.702184
300.000000 0.038000 0.038000 0.038000 0.000000 0.000000 0.000000 -37664.761305 71.201666
300.000000 0.040000 0.040000 0.040000 0.000000 0.000000 0.000000 -37829.661819 130.954426
300.000000 0.042000 0.042000 0.042000 0.000000 0.000000 0.000000 -37727.113021 109.618070
300.000000 0.044000 0.044000 0.044000 0.000000 0.000000 0.000000 -37659.601694 104.806442
300.000000 0.046000 0.046000 0.046000 0.000000 0.000000 0.000000 -37767.972293 79.280122
300.000000 0.048000 0.048000 0.048000 0.000000 0.000000 0.000000 -37792.090962 85.308464
300.000000 0.050000 0.050000 0.050000 0.000000 0.000000 0.000000 -37853.661283 99.134221
300.000000 0.052000 0.052000 0.052000 0.000000 0.000000 0.000000 -37889.295769 77.143121
300.000000 0.054000 0.054000 0.054000 0.000000 0.000000 0.000000 -37911.396760 64.903743
300.000000 0.056000 0.056000 0.056000 0.000000 0.000000 0.000000 -37887.155665 80.083949
300.000000 0.058000 0.058000 0.058000 0.000000 0.000000 0.000000 -37864.348781 98.498082
300.000000 0.060000 0.060000 0.060000 0.000000 0.000000 0.000000 -37683.116110 116.580065
300.000000 0.062000 0.062000 0.062000 0.000000 0.000000 0.000000 -37689.373627 101.874992
300.000000 0.064000 0.064000 0.064000 0.000000 0.000000 0.000000 -37762.728630 52.511438
300.000000 0.066000 0.066000 0.066000 0.000000 0.000000 0.000000 -37845.487960 87.569968
300.000000 0.068000 0.068000 0.068000 0.000000 0.000000 0.000000 -37821.518169 116.441229
300.000000 0.070000 0.070000 0.070000 0.000000 0.000000 0.000000 -37893.385611 42.994418
300.000000 0.072000 0.072000 0.072000 0.000000 0.000000 0.000000 -37974.852039 52.306207
300.000000 0.074000 0.074000 0.074000 0.000000 0.000000 0.000000 -37885.927777 43.412191
300.000000 0.076000 0.076000 0.076000 0.000000 0.000000 0.000000 -37803.786372 61.098315
300.000000 0.078000 0.078000 0.078000 0.000000 0.000000 0.000000 -37846.715591 46.218747
300.000000 0.080000 0.080000 0.080000 0.000000 0.000000 0.000000 -37847.799663 49.647909
300.000000 0.082000 0.082000 0.082000 0.000000 0.000000 0.000000 -37726.186458 64.688282
300.000000 0.084000 0.084000 0.084000 0.000000 0.000000 0.000000 -37857.252923 59.362655
300.000000 0.086000 0.086000 0.086000 0.000000 0.000000 0.000000 -37799.404025 42.028261
300.000000 0.088000 0.088000 0.088000 0.000000 0.000000 0.000000 -37825.232577 72.862112
300.000000 0.090000 0.090000 0.090000 0.000000 0.000000 0.000000 -37915.700542 95.196465
300.000000 0.092000 0.092000 0.092000 0.000000 0.000000 0.000000 -37799.028114 76.558988
300.000000 0.094000 0.094000 0.094000 0.000000 0.000000 0.000000 -37806.681546 49.315849
300.000000 0.096000 0.096000 0.096000 0.000000 0.000000 0.000000 -37707.767413 64.380704
300.000000 0.098000 0.098000 0.098000 0.000000 0.000000 0.000000 -37916.769662 81.377737
300.000000 0.100000 0.100000 0.100000 0.000000 0.000000 0.000000 -37837.173983 78.321423
300.000000 0.102000 0.102000 0.102000 0.000000 0.000000 0.000000 -37922.569571 64.978903
300.000000 0.104000 0.104000 0.104000 0.000000 0.000000 0.000000 -37878.557679 58.458908
300.000000 0.106000 0.106000 0.106000 0.000000 0.000000 0.000000 -37910.854193 64.004243
300.000000 0.108000 0.108000 0.108000 0.000000 0.000000 0.000000 -37884.485875 46.047230
300.000000 0.110000 0.110000 0.110000 0.000000 0.000000 0.000000 -37965.085954 48.605720
300.000000 0.112000 0.112000 0.112000 0.000000 0.000000 0.000000 -37895.175762 45.305850
300.000000 0.114000 0.114000 0.114000 0.000000 0.000000 0.000000 -37914.117751 54.005657
300.000000 0.116000 0.116000 0.116000 0.000000 0.000000 0.000000 -37820.952860 58.536252
300.000000 0.118000 0.118000 0.118000 0.000000 0.000000 0.000000 -37763.623447 75.771398
300.000000 0.120000 0.120000 0.120000 0.000000 0.000000 0.000000 -37796.824879 42.713210
300.000000 0.122000 0.122000 0.122000 0.000000 0.000000 0.000000 -37746.838437 26.639421
300.000000 0.124000 0.124000 0.124000 0.000000 0.000000 0.000000 -37815.967094 56.768783
300.000000 0.126000 0.126000 0.126000 0.000000 0.000000 0.000000 -37877.138713 38.394888
300.000000 0.128000 0.128000 0.128000 0.000000 0.000000 0.000000 -37879.613688 31.000924
300.000000 0.130000 0.130000 0.130000 0.000000 0.000000 0.000000 -37774.721884 52.219346
300.000000 0.132000 0.132000 0.132000 0.000000 0.000000 0.000000 -37785.372803 64.043660
300.000000 0.134000 0.134000 0.134000 0.000000 0.000000 0.000000 -37780.204190 55.141537
300.000000 0.136000 0.136000 0.136000 0.000000 0.000000 0.000000 -37734.974711 9.066740
300.000000 0.138000 0.138000 0.138000 0.000000 0.000000 0.000000 -37763.861701 57.923567
300.000000 0.140000 0.140000 0.140000 0.000000 0.000000 0.000000 -37731.511523 57.096903
300.000000 0.142000 0.142000 0.142000 0.000000 0.000000 0.000000 -37746.958007 34.861632
300.000000 0.144000 0.144000 0.144000 0.000000 0.000000 0.000000 -37765.613149 32.470379
300.000000 0.146000 0.146000 0.146000 0.000000 0.000000 0.000000 -37663.742591 28.785096
300.000000 0.148000 0.148000 0.148000 0.000000 0.000000 0.000000 -37813.679539 35.588432
300.000000 0.150000 0.150000 0.150000 0.000000 0.000000 0.000000 -37837.498928 28.284001
300.000000 0.152000 0.152000 0.152000 0.000000 0.000000 0.000000 -37985.099936 46.213196
300.000000 0.154000 0.154000 0.154000 0.000000 0.000000 0.000000 -37981.992035 50.997139
300.000000 0.156000 0.156000 0.156000 0.000000 0.000000 0.000000 -37989.093492 61.997942
300.000000 0.158000 0.158000 0.158000 0.000000 0.000000 0.000000 -37932.245012 41.552734
300.000000 0.160000 0.160000 0.160000 0.000000 0.000000 0.000000 -38013.975300 37.393002
300.000000 0.162000 0.162000 0.162000 0.000000 0.000000 0.000000 -37988.774567 54.874267
300.000000 0.164000 0.164000 0.164000 0.000000 0.000000 0.000000 -37910.069596 25.296359
300.000000 0.166000 0.166000 0.166000 0.000000 0.000000 0.000000 -37764.575960 27.533675
300.000000 0.168000 0.168000 0.168000 0.000000 0.000000 0.000000 -37934.926652 40.485011
300.000000 0.170000 0.170000 0.170000 0.000000 0.000000 0.000000 -38018.761137 43.072873
300.000000 0.172000 0.172000 0.172000 0.000000 0.000000 0.000000 -38021.455663 24.545405
300.000000 0.174000 0.174000 0.174000 0.000000 0.000000 0.000000 -38021.369847 24.272071
300.000000 0.176000 0.176000 0.176000 0.000000 0.000000 0.000000 -37986.442545 30.338979
300.000000 0.178000 0.178000 0.178000 0.000000 0.000000 0.000000 -37840.216615 40.372642
300.000000 0.180000 0.180000 0.180000 0.000000 0.000000 0.000000 -37960.029670 29.111785
300.000000 0.182000 0.182000 0.182000 0.000000 0.000000 0.000000 -37909.562780 28.765488
300.000000 0.184000 0.184000 0.184000 0.000000 0.000000 0.000000 -37879.162080 16.400258
300.000000 0.186000 0.186000 0.186000 0.000000 0.000000 0.000000 -38089.687044 20.797827
300.000000 0.188000 0.188000 0.188000 0.000000 0.000000 0.000000 -37917.090505 37.028459
300.000000 0.190000 0.190000 0.190000 0.000000 0.000000 0.000000 -37902.791794 36.484226
300.000000 0.192000 0.192000 0.192000 0.000000 0.000000 0.000000 -37909.978086 34.700271
300.000000 0.194000 0.194000 0.194000 0.000000 0.000000 0.000000 -37831.533756 53.601118
300.000000 0.196000 0.196000 0.196000 0.000000 0.000000 0.000000 -37849.221860 28.337260
300.000000 0.198000 0.198000 0.198000 0.000000 0.000000 0.000000 -37745.882600 17.599107
300.000000 0.200000 0.200000 0.200000 0.000000 0.000000 0.000000 -37820.425245 37.857594
300.000000 0.202000 0.202000 0.202000 0.000000 0.000000 0.000000 -37768.673726 30.435338
300.000000 0.204000 0.204000 0.204000 0.000000 0.000000 0.000000 -37814.113815 28.428933
300.000000 0.206000 0.206000 0.206000 0.000000 0.000000 0.000000 -37782.723617 54.933187
300.000000 0.208000 0.208000 0.208000 0.000000 0.000000 0.000000 -37811.375493 28.864241
300.000000 0.210000 0.210000 0.210000 0.000000 0.000000 0.000000 -37744.370053 32.444388
300.000000 0.212000 0.212000 0.212000 0.000000 0.000000 0.000000 -37835.266731 42.114047
300.000000 0.214000 0.214000 0.214000 0.000000 0.000000 0.000000 -37840.033076 11.674401
300.000000 0.216000 0.216000 0.216000 0.000000 0.000000 0.000000 -37922.784615 17.269584
300.000000 0.218000 0.218000 0.218000 0.000000 0.000000 0.000000 -37956.887832 23.091093
300.000000 0.220000 0.220000 0.220000 0.000000 0.000000 0.000000 -37953.910362 29.372190
300.000000 0.222000 0.222000 0.222000 0.000000 0.000000 0.000000 -37897.240990 25.795885
300.000000 0.224000 0.224000 0.224000 0.000000 0.000000 0.000000 -37955.804602 20.995281
300.000000 0.226000 0.226000 0.226000 0.000000 0.000000 0.000000 -37846.120343 10.056922
300.000000 0.228000 0.228000 0.228000 0.000000 0.000000 0.000000 -37817.335838 28.412386
300.000000 0.230000 0.230000 0.230000 0.000000 0.000000 0.000000 -37815.260443 23.698286
300.000000 0.232000 0.232000 0.232000 0.000000 0.000000 0.000000 -37816.937520 42.719660
300.000000 0.234000 0.234000 0.234000 0.000000 0.000000 0.000000 -37839.836494 22.241851
300.000000 0.236000 0.236000 0.236000 0.000000 0.000000 0.000000 -37736.808189 10.262196
300.000000 0.238000 0.238000 0.238000 0.000000 0.000000 0.000000 -37941.904057 16.638380
300.000000 0.240000 0.240000 0.240000 0.000000 0.000000 0.000000 -37850.610078 28.843918
300.000000 0.242000 0.242000 0.242000 0.000000 0.000000 0.000000 -37862.217265 40.744294
300.000000 0.244000 0.244000 0.244000 0.000000 0.000000 0.000000 -37822.183174 37.362015
300.000000 0.246000 0.246000 0.246000 0.000000 0.000000 0.000000 -37838.836511 30.221538
300.000000 0.248000 0.248000 0.248000 0.000000 0.000000 0.000000 -37831.510726 20.053124
300.000000 0.250000 0.250000 0.250000 0.000000 0.000000 0.000000 -37853.882409 11.897014
300.000000 0.252000 0.252000 0.252000 0.000000 0.000000 0.000000 -37908.261777 25.229954
300.000000 0.254000 0.254000 0.254000 0.000000 0.000000 0.000000 -37964.502891 34.502605
300.000000 0.256000 0.256000 0.256000 0.000000 0.000000 0.000000 -37887.476204 30.773853
300.000000 0.258000 0.258000 0.258000 0.000000 0.000000 0.000000 -37925.202786 9.351720
300.000000 0.260000 0.260000 0.260000 0.000000 0.000000 0.000000 -37891.937588 10.354626
300.000000 0.262000 0.262000 0.262000 0.000000 0.000000 0.000000 -37932.439554 27.688218
300.000000 0.264000 0.264000 0.264000 0.000000 0.000000 0.000000 -37857.158592 20.381802
300.000000 0.266000 0.266000 0.266000 0.000000 0.000000 0.000000 -37887.701370 26.837157
300.000000 0.268000 0.268000 0.268000 0.000000 0.000000 0.000000 -38019.774100 33.184061
300.000000 0.270000 0.270000 0.270000 0.000000 0.000000 0.000000 -37879.872585 31.153673
300.000000 0.272000 0.272000 0.272000 0.000000 0.000000 0.000000 -37811.595958 35.971052
300.000000 0.274000 0.274000 0.274000 0.000000 0.000000 0.000000 -37785.007386 29.465923
300.000000 0.276000 0.276000 0.276000 0.000000 0.000000 0.000000 -37782.099215 29.857025
300.000000 0.278000 0.278000 0.278000 0.000000 0.000000 0.000000 -37713.689411 29.701208
300.000000 0.280000 0.280000 0.280000 0.000000 0.000000 0.000000 -37770.279175 14.078891
300.000000 0.282000 0.282000 0.282000 0.000000 0.000000 0.000000 -37847.051105 29.302482
300.000000 0.284000 0.284000 0.284000 0.000000 0.000000 0.000000 -38017.967406 26.043093
300.000000 0.286000 0.286000 0.286000 0.000000 0.000000 0.000000 -37914.626999 15.872779
300.000000 0.288000 0.288000 0.288000 0.000000 0.000000 0.000000 -37939.706222 35.533308
300.000000 0.290000 0.290000 0.290000 0.000000 0.000000 0.000000 -37972.275510 15.683455
300.000000 0.292000 0.292000 0.292000 0.000000 0.000000 0.000000 -37896.956852 20.278287
300.000000 0.294000 0.294000 0.294000 0.000000 0.000000 0.000000 -37978.219470 10.577059
300.000000 0.296000 0.296000 0.296000 0.000000 0.000000 0.000000 -37861.908260 19.494771
300.000000 0.298000 0.298000 0.298000 0.000000 0.000000 0.000000 -37979.242917 19.213424
300.000000 0.300000 0.300000 0.300000 0.000000 0.000000 0.000000 -37970.624076 19.897845
300.000000 0.302000 0.302000 0.302000 0.000000 0.000000 0.000000 -37846.599514 8.032936
300.000000 0.304000 0.304000 0.304000 0.000000 0.000000 0.000000 -37860.629844 13.852550
300.000000 0.306000 0.306000 0.306000 0.000000 0.000000 0.000000 -37911.464618 11.890936
300.000000 0.308000 0.308000 0.308000 0.000000 0.000000 0.000000 -37900.464872 20.843744
300.000000 0.310000 0.310000 0.310000 0.000000 0.000000 0.000000 -37874.013868 15.234358
300.000000 0.312000 0.312000 0.312000 0.000000 0.000000 0.000000 -37810.040845 22.569226
300.000000 0.314000 0.314000 0.314000 0.000000 0.000000 0.000000 -37753.933899 6.138082
300.000000 0.316000 0.316000 0.316000 0.000000 0.000000 0.000000 -37823.643802 14.168497
300.000000 0.318000 0.318000 0.318000 0.000000 0.000000 0.000000 -37774.689107 35.264875
300.000000 0.320000 0.320000 0.320000 0.000000 0.000000 0.000000 -37762.010267 12.345379
300.000000 0.322000 0.322000 0.322000 0.000000 0.000000 0.000000 -37719.712481 15.961446
300.000000 0.324000 0.324000 0.324000 0.000000 0.000000 0.000000 -37754.639272 25.078928
300.000000 0.326000 0.326000 0.326000 0.000000 0.000000 0.000000 -37792.901460 12.878765
300.000000 0.328000 0.328000 0.328000 0.000000 0.000000 0.000000 -37828.313156 16.682682
300.000000 0.330000 0.330000 0.330000 0.000000 0.000000 0.000000 -37728.814055 25.559213
300.000000 0.332000 0.332000 0.332000 0.000000 0.000000 0.000000 -37889.445476 13.169083
300.000000 0.334000 0.334000 0.334000 0.000000 0.000000 0.000000 -37835.373642 13.659102
300.000000 0.336000 0.336000 0.336000 0.000000 0.000000 0.000000 -37707.050437 15.901136
300.000000 0.338000 0.338000 0.338000 0.000000 0.000000 0.000000 -37652.087251 23.238077
300.000000 0.340000 0.340000 0.340000 0.000000 0.000000 0.000000 -37860.126770 30.036578
300.000000 0.342000 0.342000 0.342000 0.000000 0.000000 0.000000 -37736.635796 19.290932
300.000000 0.344000 0.344000 0.344000 0.000000 0.000000 0.000000 -37899.717755 -1.507182
300.000000 0.346000 0.346000 0.346000 0.000000 0.000000 0.000000 -37793.965032 17.149187
300.000000 0.348000 0.348000 0.348000 0.000000 0.000000 0.000000 -37771.738564 28.033779
300.000000 0.350000 0.350000 0.350000 0.000000 0.000000 0.000000 -37763.101503 20.803612
300.000000 0.352000 0.352000 0.352000 0.000000 0.000000 0.000000 -37859.534324 28.001684
300.000000 0.354000 0.354000 0.354000 0.000000 0.000000 0.000000 -37789.803160 -2.306760
300.000000 0.356000 0.356000 0.356000 0.000000 0.000000 0.000000 -37703.423724 5.679387
300.000000 0.358000 0.358000 0.358000 0.000000 0.000000 0.000000 -37915.723788 16.533113
300.000000 0.360000 0.360000 0.360000 0.000000 0.000000 0.000000 -37774.335190 9.082873
300.000000 0.362000 0.362000 0.362000 0.000000 0.000000 0.000000 -37909.388347 17.432439
300.000000 0.364000 0.364000 0.364000 0.000000 0.000000 0.000000 -37929.764338 9.654414
300.000000 0.366000 0.366000 0.366000 0.000000 0.000000 0.000000 -37729.058493 25.126671
300.000000 0.368000 0.368000 0.368000 0.000000 0.000000 0.000000 -37865.695508 12.904179
300.000000 0.370000 0.370000 0.370000 0.000000 0.000000 0.000000 -37854.093534 20.862308
300.000000 0.372000 0.372000 0.372000 0.000000 0.000000 0.000000 -37734.853329 10.933732
300.000000 0.374000 0.374000 0.374000 0.000000 0.000000 0.000000 -37763.077396 10.547104
300.000000 0.376000 0.376000 0.376000 0.000000 0.000000 0.000000 -37883.988174 3.858716
300.000000 0.378000 0.378000 0.378000 0.000000 0.000000 0.000000 -37753.737241 6.354691
300.000000 0.380000 0.380000 0.380000 0.000000 0.000000 0.000000 -37947.402670 7.521529
300.000000 0.382000 0.382000 0.382000 0.000000 0.000000 0.000000 -37870.506870 16.862100
300.000000 0.384000 0.384000 0.384000 0.000000 0.000000 0.000000 -37952.975133 3.768149
300.000000 0.386000 0.386000 0.386000 0.000000 0.000000 0.000000 -38046.130192 26.162606
300.000000 0.388000 0.388000 0.388000 0.000000 0.000000 0.000000 -38000.044103 0.509337
300.000000 0.390000 0.390000 0.390000 0.000000 0.000000 0.000000 -38012.071350 6.394715
300.000000 0.392000 0.392000 0.392000 0.000000 0.000000 0.000000 -37943.483397 5.199499
300.000000 0.394000 0.394000 0.394000 0.000000 0.000000 0.000000 -37817.246082 2.725883
300.000000 0.396000 0.396000 0.396000 0.000000 0.000000 0.000000 -37929.613069 5.167527
300.000000 0.398000 0.398000 0.398000 0.000000 0.000000 0.000000 -37792.391346 20.311431
300.000000 0.400000 0.400000 0.400000 0.000000 0.000000 0.000000 -37731.619483 13.652611
300.000000 0.402000 0.402000 0.402000 0.000000 0.000000 0.000000 -37927.078610 8.300388
300.000000 0.404000 0.404000 0.404000 0.000000 0.000000 0.000000 -37841.098694 4.323128
300.000000 0.406000 0.406000 0.406000 0.000000 0.000000 0.000000 -37868.761492 9.730245
300.000000 0.408000 0.408000 0.408000 0.000000 0.000000 0.000000 -37953.272550 7.645982
300.000000 0.410000 0.410000 0.410000 0.000000 0.000000 0.000000 -37823.943826 -4.009173
300.000000 0.412000 0.412000 0.412000 0.000000 0.000000 0.000000 -37842.521936 10.349300
300.000000 0.414000 0.414000 0.414000 0.000000 0.000000 0.000000 -37801.232983 14.243407
300.000000 0.416000 0.416000 0.416000 0.000000 0.000000 0.000000 -37884.952795 4.720128
300.000000 0.418000 0.418000 0.418000 0.000000 0.000000 0.000000 -37893.758974 2.154898
300.000000 0.420000 0.420000 0.420000 0.000000 0.000000 0.000000 -37833.428567 6.067139
300.000000 0.422000 0.422000 0.422000 0.000000 0.000000 0.000000 -37833.298537 14.121853
300.000000 0.424000 0.424000 0.424000 0.000000 0.000000 0.000000 -37995.387375 8.463660
300.000000 0.426000 0.426000 0.426000 0.000000 0.000000 0.000000 -37908.687269 11.530554
300.000000 0.428000 0.428000 0.428000 0.000000 0.000000 0.000000 -38083.856673 17.080741
300.000000 0.430000 0.430000 0.430000 0.000000 0.000000 0.000000 -37793.266131 0.312897
300.000000 0.432000 0.432000 0.432000 0.000000 0.000000 0.000000 -37953.765355 6.197096
300.000000 0.434000 0.434000 0.434000 0.000000 0.000000 0.000000 -37983.762910 6.725897
300.000000 0.436000 0.436000 0.436000 0.000000 0.000000 0.000000 -37915.700417 0.620218
300.000000 0.438000 0.438000 0.438000 0.000000 0.000000 0.000000 -37944.971745 9.499374
300.000000 0.440000 0.440000 0.440000 0.000000 0.000000 0.000000 -37893.963340 15.017653
300.000000 0.442000 0.442000 0.442000 0.000000 0.000000 0.000000 -37855.965418 3.006839
300.000000 0.444000 0.444000 0.444000 0.000000 0.000000 0.000000 -37958.214569 -1.068377
300.000000 0.446000 0.446000 0.446000 0.000000 0.000000 0.000000 -37927.973536 -4.027942
300.000000 0.448000 0.448000 0.448000 0.000000 0.000000 0.000000 -37888.044408 -3.227228
300.000000 0.450000 0.450000 0.450000 0.000000 0.000000 0.000000 -37874.596894 -2.017819
300.000000 0.452000 0.452000 0.452000 0.000000 0.000000 0.000000 -38022.843954 3.705799
300.000000 0.454000 0.454000 0.454000 0.000000 0.000000 0.000000 -37853.923051 -2.648842
300.000000 0.456000 0.456000 0.456000 0.000000 0.000000 0.000000 -37934.573813 14.277352
300.000000 0.458000 0.458000 0.458000 0.000000 0.000000 0.000000 -37826.287049 2.274132
300.000000 0.460000 0.460000 0.460000 0.000000 0.000000 0.000000 -37929.750289 -0.264944
300.000000 0.462000 0.462000 0.462000 0.000000 0.000000 0.000000 -37898.852484 4.805879
300.000000 0.464000 0.464000 0.464000 0.000000 0.000000 0.000000 -37779.431466 8.396937
300.000000 0.466000 0.466000 0.466000 0.000000 0.000000 0.000000 -37959.124287 4.779136
300.000000 0.468000 0.468000 0.468000 0.000000 0.000000 0.000000 -38004.593151 7.141595
300.000000 0.470000 0.470000 0.470000 0.000000 0.000000 0.000000 -37870.063847 8.027195
300.000000 0.472000 0.472000 0.472000 0.000000 0.000000 0.000000 -37756.956310 9.301969
300.000000 0.474000 0.474000 0.474000 0.000000 0.000000 0.000000 -37898.349532 13.908193
300.000000 0.476000 0.476000 0.476000 0.000000 0.000000 0.000000 -37819.023494 -1.277773
300.000000 0.478000 0.478000 0.478000 0.000000 0.000000 0.000000 -37745.277027 8.427469
300.000000 0.480000 0.480000 0.480000 0.000000 0.000000 0.000000 -37833.877155 1.596103
300.000000 0.482000 0.482000 0.482000 0.000000 0.000000 0.000000 -37826.789073 -2.016318
300.000000 0.484000 0.484000 0.484000 0.000000 0.000000 0.000000 -37856.939958 1.542827
300.000000 0.486000 0.486000 0.486000 0.000000 0.000000 0.000000 -37795.543459 3.167856
300.000000 0.488000 0.488000 0.488000 0.000000 0.000000 0.000000 -37855.723745 3.679091
300.000000 0.490000 0.490000 0.490000 0.000000 0.000000 0.000000 -37778.744549 -5.782538
300.000000 0.492000 0.492000 0.492000 0.000000 0.000000 0.000000 -37789.423003 16.002479
300.000000 0.494000 0.494000 0.494000 0.000000 0.000000 0.000000 -37742.687471 -0.346730
300.000000 0.496000 0.496000 0.496000 0.000000 0.000000 0.000000 -37706.085123 -1.273272
300.000000 0.498000 0.498000 0.498000 0.000000 0.000000 0.000000 -37852.615268 12.564165
