300.000000 0.000000 0.000000 0.000000 0.000000 0.000000 0.000000 -35685.751124 816.833754
300.000000 0.002000 0.002000 0.002000 0.000000 0.000000 0.000000 -35524.129470 911.129787
300.000000 0.004000 0.004000 0.004000 0.000000 0.000000 0.000000 -35595.449926 859.759783
300.000000 0.006000 0.006000 0.006000 0.000000 0.000000 0.000000 -35648.980149 830.966688
300.000000 0.008000 0.008000 0.008000 0.000000 0.000000 0.000000 -35682.092537 883.120237
300.000000 0.010000 0.010000 0.010000 0.000000 0.000000 0.000000 -35706.313186 668.384962
300.000000 0.012000 0.012000 0.012000 0.000000 0.000000 0.000000 -35772.522279 619.596470
300.000000 0.014000 0.014000 0.014000 0.000000 0.000000 0.000000 -35629.997264 384.884557
300.000000 0.016000 0.016000 0.016000 0.000000 0.000000 0.000000 -35540.739427 245.566447
300.000000 0.018000 0.018000 0.018000 0.000000 0.000000 0.000000 -35652.529650 257.562177
300.000000 0.020000 0.020000 0.020000 0.000000 0.000000 0.000000 -35744.391145 306.385638
300.000000 0.022000 0.022000 0.022000 0.000000 0.000000 0.000000 -35686.767796 222.899892
300.000000 0.024000 0.024000 0.024000 0.000000 0.000000 0.000000 -35710.468485 95.732505
300.000000 0.026000 0.026000 0.026000 0.000000 0.000000 0.000000 -35558.454743 162.770270
300.000000 0.028000 0.028000 0.028000 0.000000 0.000000 0.000000 -35593.200820 137.657550
300.000000 0.030000 0.030000 0.030000 0.000000 0.000000 0.000000 -35512.777998 148.093746
300.000000 0.032000 0.032000 0.032000 0.000000 0.000000 0.000000 -35596.660685 114.729609
300.000000 0.034000 0.034000 0.034000 0.000000 0.000000 0.000000 -35587.749831 151.288249
300.000000 0.036000 0.036000 0.036000 0.000000 0.000000 0.000000 -35509.701603 132.810402
300.000000 0.038000 0.038000 0.038000 0.000000 0.000000 0.000000 -35710.566745 125.078970
300.000000 0.040000 0.040000 0.040000 0.000000 0.000000 0.000000 -35655.139014 83.696824
300.000000 0.042000 0.042000 0.042000 0.000000 0.000000 0.000000 -35717.668019 83.848000
300.000000 0.044000 0.044000 0.044000 0.000000 0.000000 0.000000 -35651.951901 102.874977
300.000000 0.046000 0.046000 0.046000 0.000000 0.000000 0.000000 -35626.856147 85.377654
300.000000 0.048000 0.048000 0.048000 0.000000 0.000000 0.000000 -35742.418397 132.377958
300.000000 0.050000 0.050000 0.050000 0.000000 0.000000 0.000000 -35484.023903 71.936701
300.000000 0.052000 0.052000 0.052000 0.000000 0.000000 0.000000 -35567.522073 65.787618
300.000000 0.054000 0.054000 0.054000 0.000000 0.000000 0.000000 -35595.691838 58.124535
300.000000 0.056000 0.056000 0.056000 0.000000 0.000000 0.000000 -35622.715193 69.067862
300.000000 0.058000 0.058000 0.058000 0.000000 0.000000 0.000000 -35596.586320 48.202730
300.000000 0.060000 0.060000 0.060000 0.000000 0.000000 0.000000 -35743.859995 57.454624
300.000000 0.062000 0.062000 0.062000 0.000000 0.000000 0.000000 -35622.109853 92.448995
300.000000 0.064000 0.064000 0.064000 0.000000 0.000000 0.000000 -35509.609258 108.851844
300.000000 0.066000 0.066000 0.066000 0.000000 0.000000 0.000000 -35586.428830 94.824759
300.000000 0.068000 0.068000 0.068000 0.000000 0.000000 0.000000 -35714.740548 48.852922
300.000000 0.070000 0.070000 0.070000 0.000000 0.000000 0.000000 -35657.531723 49.034420
300.000000 0.072000 0.072000 0.072000 0.000000 0.000000 0.000000 -35690.171357 39.242402
300.000000 0.074000 0.074000 0.074000 0.000000 0.000000 0.000000 -35698.292406 70.939721
300.000000 0.076000 0.076000 0.076000 0.000000 0.000000 0.000000 -35753.421946 42.403301
300.000000 0.078000 0.078000 0.078000 0.000000 0.000000 0.000000 -35585.819124 67.861202
300.000000 0.080000 0.080000 0.080000 0.000000 0.000000 0.000000 -35607.068461 65.513434
300.000000 0.082000 0.082000 0.082000 0.000000 0.000000 0.000000 -35726.163509 52.560278
300.000000 0.084000 0.084000 0.084000 0.000000 0.000000 0.000000 -35587.252860 39.109541
300.000000 0.086000 0.086000 0.086000 0.000000 0.000000 0.000000 -35512.700758 62.164084
300.000000 0.088000 0.088000 0.088000 0.000000 0.000000 0.000000 -35684.398706 43.372471
300.000000 0.090000 0.090000 0.090000 0.000000 0.000000 0.000000 -35598.165450 53.255601
300.000000 0.092000 0.092000 0.092000 0.000000 0.000000 0.000000 -35709.495180 60.917558
300.000000 0.094000 0.094000 0.094000 0.000000 0.000000 0.000000 -35573.474112 23.624442
300.000000 0.096000 0.096000 0.096000 0.000000 0.000000 0.000000 -35650.442614 40.341514
300.000000 0.098000 0.098000 0.098000 0.000000 0.000000 0.000000 -35563.103544 49.901822
300.000000 0.100000 0.100000 0.100000 0.000000 0.000000 0.000000 -35610.994147 36.726500
300.000000 0.102000 0.102000 0.102000 0.000000 0.000000 0.000000 -35507.982616 63.513317
300.000000 0.104000 0.104000 0.104000 0.000000 0.000000 0.000000 -35623.973274 39.075627
300.000000 0.106000 0.106000 0.106000 0.000000 0.000000 0.000000 -35516.639722 55.648817
300.000000 0.108000 0.108000 0.108000 0.000000 0.000000 0.000000 -35615.463896 33.337814
300.000000 0.110000 0.110000 0.110000 0.000000 0.000000 0.000000 -35658.548770 31.412720
300.000000 0.112000 0.112000 0.112000 0.000000 0.000000 0.000000 -35710.799094 46.591441
300.000000 0.114000 0.114000 0.114000 0.000000 0.000000 0.000000 -35626.308983 26.132999
300.000000 0.116000 0.116000 0.116000 0.000000 0.000000 0.000000 -35595.532659 31.265060
300.000000 0.118000 0.118000 0.118000 0.000000 0.000000 0.000000 -35684.015432 41.207951
300.000000 0.120000 0.120000 0.120000 0.000000 0.000000 0.000000 -35652.450195 18.538938
300.000000 0.122000 0.122000 0.122000 0.000000 0.000000 0.000000 -35698.832333 39.519608
300.000000 0.124000 0.124000 0.124000 0.000000 0.000000 0.000000 -35687.693131 29.996069
300.000000 0.126000 0.126000 0.126000 0.000000 0.000000 0.000000 -35659.398032 32.115067
300.000000 0.128000 0.128000 0.128000 0.000000 0.000000 0.000000 -35764.201769 41.049588
300.000000 0.130000 0.130000 0.130000 0.000000 0.000000 0.000000 -35833.797478 27.055651
300.000000 0.132000 0.132000 0.132000 0.000000 0.000000 0.000000 -35832.535503 29.774247
300.000000 0.134000 0.134000 0.134000 0.000000 0.000000 0.000000 -35713.537477 31.127516
300.000000 0.136000 0.136000 0.136000 0.000000 0.000000 0.000000 -35787.623339 27.196463
300.000000 0.138000 0.138000 0.138000 0.000000 0.000000 0.000000 -35856.658778 18.051869
300.000000 0.140000 0.140000 0.140000 0.000000 0.000000 0.000000 -35888.742533 30.817563
300.000000 0.142000 0.142000 0.142000 0.000000 0.000000 0.000000 -35807.164832 15.996823
300.000000 0.144000 0.144000 0.144000 0.000000 0.000000 0.000000 -35768.259733 38.504194
300.000000 0.146000 0.146000 0.146000 0.000000 0.000000 0.000000 -35848.744717 21.225875
300.000000 0.148000 0.148000 0.148000 0.000000 0.000000 0.000000 -35798.760161 34.147725
300.000000 0.150000 0.150000 0.150000 0.000000 0.000000 0.000000 -35848.166123 29.550379
300.000000 0.152000 0.152000 0.152000 0.000000 0.000000 0.000000 -35666.877519 20.028987
300.000000 0.154000 0.154000 0.154000 0.000000 0.000000 0.000000 -35751.697247 23.640210
300.000000 0.156000 0.156000 0.156000 0.000000 0.000000 0.000000 -35686.689021 16.668230
300.000000 0.158000 0.158000 0.158000 0.000000 0.000000 0.000000 -35720.506151 26.224560
300.000000 0.160000 0.160000 0.160000 0.000000 0.000000 0.000000 -35834.372030 11.637950
300.000000 0.162000 0.162000 0.162000 0.000000 0.000000 0.000000 -35726.131611 34.396245
300.000000 0.164000 0.164000 0.164000 0.000000 0.000000 0.000000 -35665.234792 32.182806
300.000000 0.166000 0.166000 0.166000 0.000000 0.000000 0.000000 -35744.797505 25.732075
300.000000 0.168000 0.168000 0.168000 0.000000 0.000000 0.000000 -35737.466436 45.174461
300.000000 0.170000 0.170000 0.170000 0.000000 0.000000 0.000000 -35728.308220 18.465982
300.000000 0.172000 0.172000 0.172000 0.000000 0.000000 0.000000 -35734.590213 17.984799
300.000000 0.174000 0.174000 0.174000 0.000000 0.000000 0.000000 -35772.739624 7.346298
300.000000 0.176000 0.176000 0.176000 0.000000 0.000000 0.000000 -35821.669799 33.352099
300.000000 0.178000 0.178000 0.178000 0.000000 0.000000 0.000000 -35592.531861 32.869358
300.000000 0.180000 0.180000 0.180000 0.000000 0.000000 0.000000 -35702.307058 20.864282
300.000000 0.182000 0.182000 0.182000 0.000000 0.000000 0.000000 -35628.182410 33.076051
300.000000 0.184000 0.184000 0.184000 0.000000 0.000000 0.000000 -35651.735804 35.165487
300.000000 0.186000 0.186000 0.186000 0.000000 0.000000 0.000000 -35735.977718 12.217588
300.000000 0.188000 0.188000 0.188000 0.000000 0.000000 0.000000 -35754.391028 13.460804
300.000000 0.190000 0.190000 0.190000 0.000000 0.000000 0.000000 -35707.399781 21.743718
300.000000 0.192000 0.192000 0.192000 0.000000 0.000000 0.000000 -35667.754085 23.078236
300.000000 0.194000 0.194000 0.194000 0.000000 0.000000 0.000000 -35613.228768 29.465768
300.000000 0.196000 0.196000 0.196000 0.000000 0.000000 0.000000 -35657.474048 16.620936
300.000000 0.198000 0.198000 0.198000 0.000000 0.000000 0.000000 -35660.390852 32.281866
300.000000 0.200000 0.200000 0.200000 0.000000 0.000000 0.000000 -35750.427937 20.038529
300.000000 0.202000 0.202000 0.202000 0.000000 0.000000 0.000000 -35626.017345 15.073039
300.000000 0.204000 0.204000 0.204000 0.000000 0.000000 0.000000 -35675.591461 11.979692
300.000000 0.206000 0.206000 0.206000 0.000000 0.000000 0.000000 -35682.274931 12.311994
300.000000 0.208000 0.208000 0.208000 0.000000 0.000000 0.000000 -35639.079873 26.219492
300.000000 0.210000 0.210000 0.210000 0.000000 0.000000 0.000000 -35595.740879 5.471758
300.000000 0.212000 0.212000 0.212000 0.000000 0.000000 0.000000 -35693.683615 25.416248
300.000000 0.214000 0.214000 0.214000 0.000000 0.000000 0.000000 -35781.973941 35.699377
300.000000 0.216000 0.216000 0.216000 0.000000 0.000000 0.000000 -35715.212467 31.957033
300.000000 0.218000 0.218000 0.218000 0.000000 0.000000 0.000000 -35631.464167 27.090606
300.000000 0.220000 0.220000 0.220000 0.000000 0.000000 0.000000 -35796.203516 7.382460
300.000000 0.222000 0.222000 0.222000 0.000000 0.000000 0.000000 -35876.192334 8.489415
300.000000 0.224000 0.224000 0.224000 0.000000 0.000000 0.000000 -35892.532733 26.803879
300.000000 0.226000 0.226000 0.226000 0.000000 0.000000 0.000000 -35873.096500 5.653778
300.000000 0.228000 0.228000 0.228000 0.000000 0.000000 0.000000 -35933.518328 6.721684
300.000000 0.230000 0.230000 0.230000 0.000000 0.000000 0.000000 -35902.171504 24.212118
300.000000 0.232000 0.232000 0.232000 0.000000 0.000000 0.000000 -35725.969829 27.811462
300.000000 0.234000 0.234000 0.234000 0.000000 0.000000 0.000000 -35757.319847 8.994269
300.000000 0.236000 0.236000 0.236000 0.000000 0.000000 0.000000 -35780.833608 18.775974
300.000000 0.238000 0.238000 0.238000 0.000000 0.000000 0.000000 -35773.426557 21.905626
300.000000 0.240000 0.240000 0.240000 0.000000 0.000000 0.000000 -35657.286363 17.856839
300.000000 0.242000 0.242000 0.242000 0.000000 0.000000 0.000000 -35524.417065 10.451540
300.000000 0.244000 0.244000 0.244000 0.000000 0.000000 0.000000 -35602.960460 11.732121
300.000000 0.246000 0.246000 0.246000 0.000000 0.000000 0.000000 -35697.918805 17.245677
300.000000 0.248000 0.248000 0.248000 0.000000 0.000000 0.000000 -35676.815909 13.646831
300.000000 0.250000 0.250000 0.250000 0.000000 0.000000 0.000000 -35792.763622 9.622726
300.000000 0.252000 0.252000 0.252000 0.000000 0.000000 0.000000 -35673.588851 9.921537
300.000000 0.254000 0.254000 0.254000 0.000000 0.000000 0.000000 -35730.234332 14.073149
300.000000 0.256000 0.256000 0.256000 0.000000 0.000000 0.000000 -35665.912334 19.345872
300.000000 0.258000 0.258000 0.258000 0.000000 0.000000 0.000000 -35781.455035 5.958661
300.000000 0.260000 0.260000 0.260000 0.000000 0.000000 0.000000 -35712.029213 22.863452
300.000000 0.262000 0.262000 0.262000 0.000000 0.000000 0.000000 -35706.595790 24.100558
300.000000 0.264000 0.264000 0.264000 0.000000 0.000000 0.000000 -35628.427984 8.166687
300.000000 0.266000 0.266000 0.266000 0.000000 0.000000 0.000000 -35749.604073 27.639055
300.000000 0.268000 0.268000 0.268000 0.000000 0.000000 0.000000 -35750.755402 5.140765
300.000000 0.270000 0.270000 0.270000 0.000000 0.000000 0.000000 -35712.641597 11.986925
300.000000 0.272000 0.272000 0.272000 0.000000 0.000000 0.000000 -35740.693121 11.927186
300.000000 0.274000 0.274000 0.274000 0.000000 0.000000 0.000000 -35749.782377 4.834778
300.000000 0.276000 0.276000 0.276000 0.000000 0.000000 0.000000 -35766.532833 7.206124
300.000000 0.278000 0.278000 0.278000 0.000000 0.000000 0.000000 -35628.973552 13.284670
300.000000 0.280000 0.280000 0.280000 0.000000 0.000000 0.000000 -35698.650269 17.161349
300.000000 0.282000 0.282000 0.282000 0.000000 0.000000 0.000000 -35721.269079 28.105238
300.000000 0.284000 0.284000 0.284000 0.000000 0.000000 0.000000 -35755.783468 1.665090
300.000000 0.286000 0.286000 0.286000 0.000000 0.000000 0.000000 -35637.733240 16.357960
300.000000 0.288000 0.288000 0.288000 0.000000 0.000000 0.000000 -35662.254623 12.041371
300.000000 0.290000 0.290000 0.290000 0.000000 0.000000 0.000000 -35788.469980 12.027543
300.000000 0.292000 0.292000 0.292000 0.000000 0.000000 0.000000 -35632.233140 7.973670
300.000000 0.294000 0.294000 0.294000 0.000000 0.000000 0.000000 -35793.915854 25.081228
300.000000 0.296000 0.296000 0.296000 0.000000 0.000000 0.000000 -35778.536790 6.877754
300.000000 0.298000 0.298000 0.298000 0.000000 0.000000 0.000000 -35719.938260 17.762634
300.000000 0.300000 0.300000 0.300000 0.000000 0.000000 0.000000 -35724.335892 15.042340
300.000000 0.302000 0.302000 0.302000 0.000000 0.000000 0.000000 -35681.211178 5.475347
300.000000 0.304000 0.304000 0.304000 0.000000 0.000000 0.000000 -35796.379605 16.850236
300.000000 0.306000 0.306000 0.306000 0.000000 0.000000 0.000000 -35701.984038 12.983737
300.000000 0.308000 0.308000 0.308000 0.000000 0.000000 0.000000 -35715.835866 1.790989
300.000000 0.310000 0.310000 0.310000 0.000000 0.000000 0.000000 -35724.615726 24.594480
300.000000 0.312000 0.312000 0.312000 0.000000 0.000000 0.000000 -35653.067913 4.587485
300.000000 0.314000 0.314000 0.314000 0.000000 0.000000 0.000000 -35548.770444 17.573327
300.000000 0.316000 0.316000 0.316000 0.000000 0.000000 0.000000 -35625.190494 3.515101
300.000000 0.318000 0.318000 0.318000 0.000000 0.000000 0.000000 -35674.245229 22.213945
300.000000 0.320000 0.320000 0.320000 0.000000 0.000000 0.000000 -35741.653333 0.313171
300.000000 0.322000 0.322000 0.322000 0.000000 0.000000 0.000000 -35754.755291 1.379372
300.000000 0.324000 0.324000 0.324000 0.000000 0.000000 0.000000 -35720.916534 6.962576
300.000000 0.326000 0.326000 0.326000 0.000000 0.000000 0.000000 -35761.826276 9.528079
300.000000 0.328000 0.328000 0.328000 0.000000 0.000000 0.000000 -35891.123582 22.562339
300.000000 0.330000 0.330000 0.330000 0.000000 0.000000 0.000000 -35776.231069 22.680124
300.000000 0.332000 0.332000 0.332000 0.000000 0.000000 0.000000 -35899.747050 -4.888223
300.000000 0.334000 0.334000 0.334000 0.000000 0.000000 0.000000 -35846.436456 17.432554
300.000000 0.336000 0.336000 0.336000 0.000000 0.000000 0.000000 -35794.300108 5.306826
300.000000 0.338000 0.338000 0.338000 0.000000 0.000000 0.000000 -35775.538438 7.911341
300.000000 0.340000 0.340000 0.340000 0.000000 0.000000 0.000000 -35872.583027 5.224051
300.000000 0.342000 0.342000 0.342000 0.000000 0.000000 0.000000 -35855.881331 19.844989
300.000000 0.344000 0.344000 0.344000 0.000000 0.000000 0.000000 -35845.062957 21.002025
300.000000 0.346000 0.346000 0.346000 0.000000 0.000000 0.000000 -35911.062147 6.816976
300.000000 0.348000 0.348000 0.348000 0.000000 0.000000 0.000000 -36036.197041 4.022397
300.000000 0.350000 0.350000 0.350000 0.000000 0.000000 0.000000 -35844.675762 5.069017
300.000000 0.352000 0.352000 0.352000 0.000000 0.000000 0.000000 -35792.908146 2.786937
300.000000 0.354000 0.354000 0.354000 0.000000 0.000000 0.000000 -35850.844178 9.593658
300.000000 0.356000 0.356000 0.356000 0.000000 0.000000 0.000000 -35745.772498 7.837830
300.000000 0.358000 0.358000 0.358000 0.000000 0.000000 0.000000 -35662.445943 4.871819
300.000000 0.360000 0.360000 0.360000 0.000000 0.000000 0.000000 -35733.253205 19.342674
300.000000 0.362000 0.362000 0.362000 0.000000 0.000000 0.000000 -35772.896566 9.205009
300.000000 0.364000 0.364000 0.364000 0.000000 0.000000 0.000000 -35552.913266 14.357344
300.000000 0.366000 0.366000 0.366000 0.000000 0.000000 0.000000 -35585.441110 1.541090
300.000000 0.368000 0.368000 0.368000 0.000000 0.000000 0.000000 -35652.808216 6.302983
300.000000 0.370000 0.370000 0.370000 0.000000 0.000000 0.000000 -35734.309346 17.523826
300.000000 0.372000 0.372000 0.372000 0.000000 0.000000 0.000000 -35759.681666 16.165914
300.000000 0.374000 0.374000 0.374000 0.000000 0.000000 0.000000 -35798.048972 -0.111104
300.000000 0.376000 0.376000 0.376000 0.000000 0.000000 0.000000 -35806.220323 -3.094549
300.000000 0.378000 0.378000 0.378000 0.000000 0.000000 0.000000 -35786.572196 10.687381
300.000000 0.380000 0.380000 0.380000 0.000000 0.000000 0.000000 -35788.779369 10.945008
300.000000 0.382000 0.382000 0.382000 0.000000 0.000000 0.000000 -35823.979046 17.149492
300.000000 0.384000 0.384000 0.384000 0.000000 0.000000 0.000000 -35661.804047 17.636125
300.000000 0.386000 0.386000 0.386000 0.000000 0.000000 0.000000 -35694.666073 -2.962640
300.000000 0.388000 0.388000 0.388000 0.000000 0.000000 0.000000 -35615.561570 6.986969
300.000000 0.390000 0.390000 0.390000 0.000000 0.000000 0.000000 -35771.796367 3.298904
300.000000 0.392000 0.392000 0.392000 0.000000 0.000000 0.000000 -35843.993347 0.155889
300.000000 0.394000 0.394000 0.394000 0.000000 0.000000 0.000000 -35770.303254 0.359084
300.000000 0.396000 0.396000 0.396000 0.000000 0.000000 0.000000 -35692.116772 6.186989
300.000000 0.398000 0.398000 0.398000 0.000000 0.000000 0.000000 -35647.911277 -2.161197
300.000000 0.400000 0.400000 0.400000 0.000000 0.000000 0.000000 -35593.231675 13.827922
300.000000 0.402000 0.402000 0.402000 0.000000 0.000000 0.000000 -35714.538063 13.669195
300.000000 0.404000 0.404000 0.404000 0.000000 0.000000 0.000000 -35723.968842 -0.783043
300.000000 0.406000 0.406000 0.406000 0.000000 0.000000 0.000000 -35766.285263 3.024902
300.000000 0.408000 0.408000 0.408000 0.000000 0.000000 0.000000 -35759.413474 2.419326
300.000000 0.410000 0.410000 0.410000 0.000000 0.000000 0.000000 -35667.741933 1.325072
300.000000 0.412000 0.412000 0.412000 0.000000 0.000000 0.000000 -35612.764698 6.676438
300.000000 0.414000 0.414000 0.414000 0.000000 0.000000 0.000000 -35529.680355 9.949131
300.000000 0.416000 0.416000 0.416000 0.000000 0.000000 0.000000 -35679.707985 -1.536759
300.000000 0.418000 0.418000 0.418000 0.000000 0.000000 0.000000 -35600.286247 -0.550961
300.000000 0.420000 0.420000 0.420000 0.000000 0.000000 0.000000 -35529.501274 9.059257
300.000000 0.422000 0.422000 0.422000 0.000000 0.000000 0.000000 -35598.236623 1.390752
300.000000 0.424000 0.424000 0.424000 0.000000 0.000000 0.000000 -35532.703809 3.977835
300.000000 0.426000 0.426000 0.426000 0.000000 0.000000 0.000000 -35645.121210 4.393038
300.000000 0.428000 0.428000 0.428000 0.000000 0.000000 0.000000 -35593.842201 5.191566
300.000000 0.430000 0.430000 0.430000 0.000000 0.000000 0.000000 -35693.744875 4.661214
300.000000 0.432000 0.432000 0.432000 0.000000 0.000000 0.000000 -35660.972055 3.417025
300.000000 0.434000 0.434000 0.434000 0.000000 0.000000 0.000000 -35692.381315 8.547947
300.000000 0.436000 0.436000 0.436000 0.000000 0.000000 0.000000 -35707.641394 -5.423076
300.000000 0.438000 0.438000 0.438000 0.000000 0.000000 0.000000 -35743.226763 3.139806
300.000000 0.440000 0.440000 0.440000 0.000000 0.000000 0.000000 -35680.604559 12.701838
300.000000 0.442000 0.442000 0.442000 0.000000 0.000000 0.000000 -35726.956250 1.723846
300.000000 0.444000 0.444000 0.444000 0.000000 0.000000 0.000000 -35698.410183 4.002110
300.000000 0.446000 0.446000 0.446000 0.000000 0.000000 0.000000 -35714.876257 -7.980107
300.000000 0.448000 0.448000 0.448000 0.000000 0.000000 0.000000 -35818.181965 9.582310
300.000000 0.450000 0.450000 0.450000 0.000000 0.000000 0.000000 -35715.607989 4.214327
300.000000 0.452000 0.452000 0.452000 0.000000 0.000000 0.000000 -35638.442573 11.901810
300.000000 0.454000 0.454000 0.454000 0.000000 0.000000 0.000000 -35748.155951 -4.777439
300.000000 0.456000 0.456000 0.456000 0.000000 0.000000 0.000000 -35706.235268 -0.434225
300.000000 0.458000 0.458000 0.458000 0.000000 0.000000 0.000000 -35685.876521 1.144020
300.000000 0.460000 0.460000 0.460000 0.000000 0.000000 0.000000 -35566.787527 4.340206
300.000000 0.462000 0.462000 0.462000 0.000000 0.000000 0.000000 -35693.036550 -5.961972
300.000000 0.464000 0.464000 0.464000 0.000000 0.000000 0.000000 -35697.667944 -4.286173
300.000000 0.466000 0.466000 0.466000 0.000000 0.000000 0.000000 -35603.562900 -7.872435
300.000000 0.468000 0.468000 0.468000 0.000000 0.000000 0.000000 -35706.249268 -1.762110
300.000000 0.470000 0.470000 0.470000 0.000000 0.000000 0.000000 -35559.705394 -1.185878
300.000000 0.472000 0.472000 0.472000 0.000000 0.000000 0.000000 -35573.377640 -5.576588
300.000000 0.474000 0.474000 0.474000 0.000000 0.000000 0.000000 -35523.316936 3.258839
300.000000 0.476000 0.476000 0.476000 0.000000 0.000000 0.000000 -35747.433423 3.446399
300.000000 0.478000 0.478000 0.478000 0.000000 0.000000 0.000000 -35751.469269 -2.875084
300.000000 0.480000 0.480000 0.480000 0.000000 0.000000 0.000000 -35614.931212 17.749866
300.000000 0.482000 0.482000 0.482000 0.000000 0.000000 0.000000 -35624.396591 7.526360
300.000000 0.484000 0.484000 0.484000 0.000000 0.000000 0.000000 -35679.729093 2.376288
300.000000 0.486000 0.486000 0.486000 0.000000 0.000000 0.000000 -35713.854917 3.731264
300.000000 0.488000 0.488000 0.488000 0.000000 0.000000 0.000000 -35602.030916 -1.723881
300.000000 0.490000 0.490000 0.490000 0.000000 0.000000 0.000000 -35629.250129 4.030049
300.000000 0.492000 0.492000 0.492000 0.000000 0.000000 0.000000 -35567.203457 -4.673330
300.000000 0.494000 0.494000 0.494000 0.000000 0.000000 0.000000 -35711.597964 -4.211110
300.000000 0.496000 0.496000 0.496000 0.000000 0.000000 0.000000 -35835.756440 3.570232
300.000000 0.498000 0.498000 0.498000 0.000000 0.000000 0.000000 -35699.398263 -2.915690
