300.000000 0.000000 0.000000 0.000000 0.000000 0.000000 0.000000 -35655.512011 906.121892
300.000000 0.002000 0.002000 0.002000 0.000000 0.000000 0.000000 -35702.540842 727.994553
300.000000 0.004000 0.004000 0.004000 0.000000 0.000000 0.000000 -35714.630591 782.945134
300.000000 0.006000 0.006000 0.006000 0.000000 0.000000 0.000000 -35565.132131 779.747988
300.000000 0.008000 0.008000 0.008000 0.000000 0.000000 0.000000 -35529.082622 683.318077
300.000000 0.010000 0.010000 0.010000 0.000000 0.000000 0.000000 -35591.615324 842.204919
300.000000 0.012000 0.012000 0.012000 0.000000 0.000000 0.000000 -35616.767274 779.539381
300.000000 0.014000 0.014000 0.014000 0.000000 0.000000 0.000000 -35616.687209 847.901021
300.000000 0.016000 0.016000 0.016000 0.000000 0.000000 0.000000 -35460.763045 787.313451
300.000000 0.018000 0.018000 0.018000 0.000000 0.000000 0.000000 -35676.877424 711.845961
300.000000 0.020000 0.020000 0.020000 0.000000 0.000000 0.000000 -35581.733678 905.458097
300.000000 0.022000 0.022000 0.022000 0.000000 0.000000 0.000000 -35679.276685 697.525948
300.000000 0.024000 0.024000 0.024000 0.000000 0.000000 0.000000 -35531.839642 729.459051
300.000000 0.026000 0.026000 0.026000 0.000000 0.000000 0.000000 -35454.083257 731.200305
300.000000 0.028000 0.028000 0.028000 0.000000 0.000000 0.000000 -35432.744555 727.119035
300.000000 0.030000 0.030000 0.030000 0.000000 0.000000 0.000000 -35411.260137 743.825084
300.000000 0.032000 0.032000 0.032000 0.000000 0.000000 0.000000 -35498.832834 689.934025
300.000000 0.034000 0.034000 0.034000 0.000000 0.000000 0.000000 -35425.808916 667.367943
300.000000 0.036000 0.036000 0.036000 0.000000 0.000000 0.000000 -35384.631743 77.325832
300.000000 0.038000 0.038000 0.038000 0.000000 0.000000 0.000000 -35359.983123 113.019644
300.000000 0.040000 0.040000 0.040000 0.000000 0.000000 0.000000 -35421.515224 100.107065
300.000000 0.042000 0.042000 0.042000 0.000000 0.000000 0.000000 -35600.410813 91.627515
300.000000 0.044000 0.044000 0.044000 0.000000 0.000000 0.000000 -35459.251248 92.103787
300.000000 0.046000 0.046000 0.046000 0.000000 0.000000 0.000000 -35588.109759 85.786545
300.000000 0.048000 0.048000 0.048000 0.000000 0.000000 0.000000 -35538.283471 96.065446
300.000000 0.050000 0.050000 0.050000 0.000000 0.000000 0.000000 -35509.894770 136.536123
300.000000 0.052000 0.052000 0.052000 0.000000 0.000000 0.000000 -35445.834165 74.735025
300.000000 0.054000 0.054000 0.054000 0.000000 0.000000 0.000000 -35567.288775 102.572286
300.000000 0.056000 0.056000 0.056000 0.000000 0.000000 0.000000 -35562.428497 57.130049
300.000000 0.058000 0.058000 0.058000 0.000000 0.000000 0.000000 -35570.989658 60.577086
300.000000 0.060000 0.060000 0.060000 0.000000 0.000000 0.000000 -35745.261447 66.067100
300.000000 0.062000 0.062000 0.062000 0.000000 0.000000 0.000000 -35769.180506 56.389058
300.000000 0.064000 0.064000 0.064000 0.000000 0.000000 0.000000 -35682.341279 65.399927
300.000000 0.066000 0.066000 0.066000 0.000000 0.000000 0.000000 -35618.712151 72.351353
300.000000 0.068000 0.068000 0.068000 0.000000 0.000000 0.000000 -35549.519246 40.559132
300.000000 0.070000 0.070000 0.070000 0.000000 0.000000 0.000000 -35636.000683 49.231417
300.000000 0.072000 0.072000 0.072000 0.000000 0.000000 0.000000 -35533.477355 44.578208
300.000000 0.074000 0.074000 0.074000 0.000000 0.000000 0.000000 -35563.192647 59.107017
300.000000 0.076000 0.076000 0.076000 0.000000 0.000000 0.000000 -35631.998849 76.706273
300.000000 0.078000 0.078000 0.078000 0.000000 0.000000 0.000000 -35630.565439 72.786174
300.000000 0.080000 0.080000 0.080000 0.000000 0.000000 0.000000 -35674.095855 77.765009
300.000000 0.082000 0.082000 0.082000 0.000000 0.000000 0.000000 -35580.817894 61.203315
300.000000 0.084000 0.084000 0.084000 0.000000 0.000000 0.000000 -35525.271659 41.046467
300.000000 0.086000 0.086000 0.086000 0.000000 0.000000 0.000000 -35649.058433 62.637907
300.000000 0.088000 0.088000 0.088000 0.000000 0.000000 0.000000 -35690.042655 41.878255
300.000000 0.090000 0.090000 0.090000 0.000000 0.000000 0.000000 -35658.902225 34.113722
300.000000 0.092000 0.092000 0.092000 0.000000 0.000000 0.000000 -35563.525972 52.394646
300.000000 0.094000 0.094000 0.094000 0.000000 0.000000 0.000000 -35567.467938 48.953593
300.000000 0.096000 0.096000 0.096000 0.000000 0.000000 0.000000 -35640.812533 50.592367
300.000000 0.098000 0.098000 0.098000 0.000000 0.000000 0.000000 -35634.729302 49.294491
300.000000 0.100000 0.100000 0.100000 0.000000 0.000000 0.000000 -35553.827983 47.564604
300.000000 0.102000 0.102000 0.102000 0.000000 0.000000 0.000000 -35527.954928 45.849300
300.000000 0.104000 0.104000 0.104000 0.000000 0.000000 0.000000 -35607.339337 37.402830
300.000000 0.106000 0.106000 0.106000 0.000000 0.000000 0.000000 -35686.777644 36.219133
300.000000 0.108000 0.108000 0.108000 0.000000 0.000000 0.000000 -35495.139652 58.861157
300.000000 0.110000 0.110000 0.110000 0.000000 0.000000 0.000000 -35632.664043 48.438193
300.000000 0.112000 0.112000 0.112000 0.000000 0.000000 0.000000 -35692.616440 45.231568
300.000000 0.114000 0.114000 0.114000 0.000000 0.000000 0.000000 -35673.121285 85.670117
300.000000 0.116000 0.116000 0.116000 0.000000 0.000000 0.000000 -35672.902289 55.753793
300.000000 0.118000 0.118000 0.118000 0.000000 0.000000 0.000000 -35563.964202 72.664057
300.000000 0.120000 0.120000 0.120000 0.000000 0.000000 0.000000 -35587.799025 49.272735
300.000000 0.122000 0.122000 0.122000 0.000000 0.000000 0.000000 -35562.100190 49.268752
300.000000 0.124000 0.124000 0.124000 0.000000 0.000000 0.000000 -35713.943993 38.145710
300.000000 0.126000 0.126000 0.126000 0.000000 0.000000 0.000000 -35542.034110 43.280304
300.000000 0.128000 0.128000 0.128000 0.000000 0.000000 0.000000 -35564.930180 59.110923
300.000000 0.130000 0.130000 0.130000 0.000000 0.000000 0.000000 -35574.844604 51.143730
300.000000 0.132000 0.132000 0.132000 0.000000 0.000000 0.000000 -35496.322043 49.743439
300.000000 0.134000 0.134000 0.134000 0.000000 0.000000 0.000000 -35535.370880 30.745280
300.000000 0.136000 0.136000 0.136000 0.000000 0.000000 0.000000 -35504.962792 33.490055
300.000000 0.138000 0.138000 0.138000 0.000000 0.000000 0.000000 -35528.244488 15.205422
300.000000 0.140000 0.140000 0.140000 0.000000 0.000000 0.000000 -35622.334738 53.974786
300.000000 0.142000 0.142000 0.142000 0.000000 0.000000 0.000000 -35614.859613 40.027443
300.000000 0.144000 0.144000 0.144000 0.000000 0.000000 0.000000 -35493.288749 57.318353
300.000000 0.146000 0.146000 0.146000 0.000000 0.000000 0.000000 -35563.947674 34.333936
300.000000 0.148000 0.148000 0.148000 0.000000 0.000000 0.000000 -35502.928939 27.965736
300.000000 0.150000 0.150000 0.150000 0.000000 0.000000 0.000000 -35669.530099 28.093188
300.000000 0.152000 0.152000 0.152000 0.000000 0.000000 0.000000 -35592.090575 20.083230
300.000000 0.154000 0.154000 0.154000 0.000000 0.000000 0.000000 -35514.713587 28.513480
300.000000 0.156000 0.156000 0.156000 0.000000 0.000000 0.000000 -35535.070260 43.073691
300.000000 0.158000 0.158000 0.158000 0.000000 0.000000 0.000000 -35728.948486 19.602273
300.000000 0.160000 0.160000 0.160000 0.000000 0.000000 0.000000 -35678.689282 50.869745
300.000000 0.162000 0.162000 0.162000 0.000000 0.000000 0.000000 -35663.450391 7.321069
300.000000 0.164000 0.164000 0.164000 0.000000 0.000000 0.000000 -35602.525394 21.486541
300.000000 0.166000 0.166000 0.166000 0.000000 0.000000 0.000000 -35588.245859 30.532239
300.000000 0.168000 0.168000 0.168000 0.000000 0.000000 0.000000 -35536.309276 22.975611
300.000000 0.170000 0.170000 0.170000 0.000000 0.000000 0.000000 -35700.249258 45.794479
300.000000 0.172000 0.172000 0.172000 0.000000 0.000000 0.000000 -35548.204480 41.751705
300.000000 0.174000 0.174000 0.174000 0.000000 0.000000 0.000000 -35503.826078 38.787006
300.000000 0.176000 0.176000 0.176000 0.000000 0.000000 0.000000 -35515.369146 18.447681
300.000000 0.178000 0.178000 0.178000 0.000000 0.000000 0.000000 -35600.603716 21.062670
300.000000 0.180000 0.180000 0.180000 0.000000 0.000000 0.000000 -35706.974568 10.905002
300.000000 0.182000 0.182000 0.182000 0.000000 0.000000 0.000000 -35642.980879 23.636479
300.000000 0.184000 0.184000 0.184000 0.000000 0.000000 0.000000 -35563.075954 17.850728
300.000000 0.186000 0.186000 0.186000 0.000000 0.000000 0.000000 -35661.379800 24.330850
300.000000 0.188000 0.188000 0.188000 0.000000 0.000000 0.000000 -35642.221228 17.948419
300.000000 0.190000 0.190000 0.190000 0.000000 0.000000 0.000000 -35672.674621 31.104592
300.000000 0.192000 0.192000 0.192000 0.000000 0.000000 0.000000 -35597.924595 15.323591
300.000000 0.194000 0.194000 0.194000 0.000000 0.000000 0.000000 -35532.725232 17.507220
300.000000 0.196000 0.196000 0.196000 0.000000 0.000000 0.000000 -35608.921411 27.022153
300.000000 0.198000 0.198000 0.198000 0.000000 0.000000 0.000000 -35807.364257 20.512908
300.000000 0.200000 0.200000 0.200000 0.000000 0.000000 0.000000 -35732.460504 22.420402
300.000000 0.202000 0.202000 0.202000 0.000000 0.000000 0.000000 -35741.699200 14.358340
300.000000 0.204000 0.204000 0.204000 0.000000 0.000000 0.000000 -35490.969825 13.730507
300.000000 0.206000 0.206000 0.206000 0.000000 0.000000 0.000000 -35620.361148 26.618475
300.000000 0.208000 0.208000 0.208000 0.000000 0.000000 0.000000 -35591.462300 28.041140
300.000000 0.210000 0.210000 0.210000 0.000000 0.000000 0.000000 -35554.440352 40.529714
300.000000 0.212000 0.212000 0.212000 0.000000 0.000000 0.000000 -35601.257198 8.554702
300.000000 0.214000 0.214000 0.214000 0.000000 0.000000 0.000000 -35624.906848 12.388902
300.000000 0.216000 0.216000 0.216000 0.000000 0.000000 0.000000 -35671.627528 25.747682
300.000000 0.218000 0.218000 0.218000 0.000000 0.000000 0.000000 -35552.656527 13.698837
300.000000 0.220000 0.220000 0.220000 0.000000 0.000000 0.000000 -35724.506106 44.525108
300.000000 0.222000 0.222000 0.222000 0.000000 0.000000 0.000000 -35477.830976 27.405598
300.000000 0.224000 0.224000 0.224000 0.000000 0.000000 0.000000 -35608.869245 25.666953
300.000000 0.226000 0.226000 0.226000 0.000000 0.000000 0.000000 -35597.014836 28.217009
300.000000 0.228000 0.228000 0.228000 0.000000 0.000000 0.000000 -35624.346974 30.332512
300.000000 0.230000 0.230000 0.230000 0.000000 0.000000 0.000000 -35589.947501 10.980479
300.000000 0.232000 0.232000 0.232000 0.000000 0.000000 0.000000 -35561.194906 23.491843
300.000000 0.234000 0.234000 0.234000 0.000000 0.000000 0.000000 -35555.251097 28.546856
300.000000 0.236000 0.236000 0.236000 0.000000 0.000000 0.000000 -35549.228371 8.573973
300.000000 0.238000 0.238000 0.238000 0.000000 0.000000 0.000000 -35515.224996 30.762406
300.000000 0.240000 0.240000 0.240000 0.000000 0.000000 0.000000 -35509.471464 24.807704
300.000000 0.242000 0.242000 0.242000 0.000000 0.000000 0.000000 -35605.538058 15.950510
300.000000 0.244000 0.244000 0.244000 0.000000 0.000000 0.000000 -35514.871970 20.431462
300.000000 0.246000 0.246000 0.246000 0.000000 0.000000 0.000000 -35662.158744 16.963124
300.000000 0.248000 0.248000 0.248000 0.000000 0.000000 0.000000 -35661.053838 11.015260
300.000000 0.250000 0.250000 0.250000 0.000000 0.000000 0.000000 -35757.223024 19.859746
300.000000 0.252000 0.252000 0.252000 0.000000 0.000000 0.000000 -35665.468373 -3.941890
300.000000 0.254000 0.254000 0.254000 0.000000 0.000000 0.000000 -35578.511113 17.135610
300.000000 0.256000 0.256000 0.256000 0.000000 0.000000 0.000000 -35649.303164 21.866193
300.000000 0.258000 0.258000 0.258000 0.000000 0.000000 0.000000 -35660.488246 14.025847
300.000000 0.260000 0.260000 0.260000 0.000000 0.000000 0.000000 -35733.069485 8.754659
300.000000 0.262000 0.262000 0.262000 0.000000 0.000000 0.000000 -35684.581809 22.963608
300.000000 0.264000 0.264000 0.264000 0.000000 0.000000 0.000000 -35815.915242 35.780751
300.000000 0.266000 0.266000 0.266000 0.000000 0.000000 0.000000 -35587.923959 20.556611
300.000000 0.268000 0.268000 0.268000 0.000000 0.000000 0.000000 -35536.728638 14.523952
300.000000 0.270000 0.270000 0.270000 0.000000 0.000000 0.000000 -35639.787984 6.290613
300.000000 0.272000 0.272000 0.272000 0.000000 0.000000 0.000000 -35471.524993 22.563073
300.000000 0.274000 0.274000 0.274000 0.000000 0.000000 0.000000 -35449.646836 11.340281
300.000000 0.276000 0.276000 0.276000 0.000000 0.000000 0.000000 -35397.999925 -5.634752
300.000000 0.278000 0.278000 0.278000 0.000000 0.000000 0.000000 -35580.370340 19.415340
300.000000 0.280000 0.280000 0.280000 0.000000 0.000000 0.000000 -35621.804625 10.955162
300.000000 0.282000 0.282000 0.282000 0.000000 0.000000 0.000000 -35620.217535 13.476049
300.000000 0.284000 0.284000 0.284000 0.000000 0.000000 0.000000 -35606.065258 3.345698
300.000000 0.286000 0.286000 0.286000 0.000000 0.000000 0.000000 -35578.666090 20.443761
300.000000 0.288000 0.288000 0.288000 0.000000 0.000000 0.000000 -35649.922262 12.734166
300.000000 0.290000 0.290000 0.290000 0.000000 0.000000 0.000000 -35738.963793 26.631088
300.000000 0.292000 0.292000 0.292000 0.000000 0.000000 0.000000 -35734.262343 16.795787
300.000000 0.294000 0.294000 0.294000 0.000000 0.000000 0.000000 -35462.488152 4.433135
300.000000 0.296000 0.296000 0.296000 0.000000 0.000000 0.000000 -35382.171207 10.475399
300.000000 0.298000 0.298000 0.298000 0.000000 0.000000 0.000000 -35521.913911 24.311619
300.000000 0.300000 0.300000 0.300000 0.000000 0.000000 0.000000 -35478.964276 8.885477
300.000000 0.302000 0.302000 0.302000 0.000000 0.000000 0.000000 -35543.475683 10.237536
300.000000 0.304000 0.304000 0.304000 0.000000 0.000000 0.000000 -35598.872630 14.669134
300.000000 0.306000 0.306000 0.306000 0.000000 0.000000 0.000000 -35569.110225 14.512754
300.000000 0.308000 0.308000 0.308000 0.000000 0.000000 0.000000 -35588.971107 16.038079
300.000000 0.310000 0.310000 0.310000 0.000000 0.000000 0.000000 -35608.426997 6.156718
300.000000 0.312000 0.312000 0.312000 0.000000 0.000000 0.000000 -35564.090024 4.485124
300.000000 0.314000 0.314000 0.314000 0.000000 0.000000 0.000000 -35493.144617 19.613633
300.000000 0.316000 0.316000 0.316000 0.000000 0.000000 0.000000 -35536.837600 2.715800
300.000000 0.318000 0.318000 0.318000 0.000000 0.000000 0.000000 -35714.627056 6.262745
300.000000 0.320000 0.320000 0.320000 0.000000 0.000000 0.000000 -35628.277789 10.191604
300.000000 0.322000 0.322000 0.322000 0.000000 0.000000 0.000000 -35605.786326 0.704427
300.000000 0.324000 0.324000 0.324000 0.000000 0.000000 0.000000 -35618.887345 8.278030
300.000000 0.326000 0.326000 0.326000 0.000000 0.000000 0.000000 -35452.864201 12.581719
300.000000 0.328000 0.328000 0.328000 0.000000 0.000000 0.000000 -35483.520788 4.896756
300.000000 0.330000 0.330000 0.330000 0.000000 0.000000 0.000000 -35543.943053 3.968938
300.000000 0.332000 0.332000 0.332000 0.000000 0.000000 0.000000 -35460.284647 19.068144
300.000000 0.334000 0.334000 0.334000 0.000000 0.000000 0.000000 -35483.276770 2.962808
300.000000 0.336000 0.336000 0.336000 0.000000 0.000000 0.000000 -35451.503395 9.782467
300.000000 0.338000 0.338000 0.338000 0.000000 0.000000 0.000000 -35460.908765 8.891112
300.000000 0.340000 0.340000 0.340000 0.000000 0.000000 0.000000 -35503.208881 20.875833
300.000000 0.342000 0.342000 0.342000 0.000000 0.000000 0.000000 -35616.199929 13.639974
300.000000 0.344000 0.344000 0.344000 0.000000 0.000000 0.000000 -35678.987827 14.449473
300.000000 0.346000 0.346000 0.346000 0.000000 0.000000 0.000000 -35720.056736 4.416839
300.000000 0.348000 0.348000 0.348000 0.000000 0.000000 0.000000 -35710.213127 17.396351
300.000000 0.350000 0.350000 0.350000 0.000000 0.000000 0.000000 -35628.098879 7.982859
300.000000 0.352000 0.352000 0.352000 0.000000 0.000000 0.000000 -35674.735637 6.013377
300.000000 0.354000 0.354000 0.354000 0.000000 0.000000 0.000000 -35624.534054 11.432260
300.000000 0.356000 0.356000 0.356000 0.000000 0.000000 0.000000 -35527.437811 9.276467
300.000000 0.358000 0.358000 0.358000 0.000000 0.000000 0.000000 -35747.475325 8.172937
300.000000 0.360000 0.360000 0.360000 0.000000 0.000000 0.000000 -35719.908023 8.436847
300.000000 0.362000 0.362000 0.362000 0.000000 0.000000 0.000000 -35657.870724 14.992353
300.000000 0.364000 0.364000 0.364000 0.000000 0.000000 0.000000 -35648.771232 10.722357
300.000000 0.366000 0.366000 0.366000 0.000000 0.000000 0.000000 -35657.820793 4.296677
300.000000 0.368000 0.368000 0.368000 0.000000 0.000000 0.000000 -35509.478251 14.474653
300.000000 0.370000 0.370000 0.370000 0.000000 0.000000 0.000000 -35478.106688 11.348035
300.000000 0.372000 0.372000 0.372000 0.000000 0.000000 0.000000 -35550.347066 0.971057
300.000000 0.374000 0.374000 0.374000 0.000000 0.000000 0.000000 -35520.938397 12.744022
300.000000 0.376000 0.376000 0.376000 0.000000 0.000000 0.000000 -35558.546501 9.373834
300.000000 0.378000 0.378000 0.378000 0.000000 0.000000 0.000000 -35576.923288 5.099769
300.000000 0.380000 0.380000 0.380000 0.000000 0.000000 0.000000 -35626.578553 0.760407
300.000000 0.382000 0.382000 0.382000 0.000000 0.000000 0.000000 -35485.375712 8.099523
300.000000 0.384000 0.384000 0.384000 0.000000 0.000000 0.000000 -35368.217973 2.066152
300.000000 0.386000 0.386000 0.386000 0.000000 0.000000 0.000000 -35515.046954 -0.238716
300.000000 0.388000 0.388000 0.388000 0.000000 0.000000 0.000000 -35493.513288 11.548585
300.000000 0.390000 0.390000 0.390000 0.000000 0.000000 0.000000 -35428.441221 4.533306
300.000000 0.392000 0.392000 0.392000 0.000000 0.000000 0.000000 -35488.996977 12.271619
300.000000 0.394000 0.394000 0.394000 0.000000 0.000000 0.000000 -35469.928728 2.711717
300.000000 0.396000 0.396000 0.396000 0.000000 0.000000 0.000000 -35607.429881 0.330139
300.000000 0.398000 0.398000 0.398000 0.000000 0.000000 0.000000 -35676.532692 6.331174
300.000000 0.400000 0.400000 0.400000 0.000000 0.000000 0.000000 -35686.617544 3.240594
300.000000 0.402000 0.402000 0.402000 0.000000 0.000000 0.000000 -35670.987248 3.662699
300.000000 0.404000 0.404000 0.404000 0.000000 0.000000 0.000000 -35742.095592 -3.472888
300.000000 0.406000 0.406000 0.406000 0.000000 0.000000 0.000000 -35650.233318 -0.635947
300.000000 0.408000 0.408000 0.408000 0.000000 0.000000 0.000000 -35604.429574 13.437566
300.000000 0.410000 0.410000 0.410000 0.000000 0.000000 0.000000 -35588.365303 16.714254
300.000000 0.412000 0.412000 0.412000 0.000000 0.000000 0.000000 -35513.545416 2.014548
300.000000 0.414000 0.414000 0.414000 0.000000 0.000000 0.000000 -35600.238825 12.774849
300.000000 0.416000 0.416000 0.416000 0.000000 0.000000 0.000000 -35487.888407 10.620381
300.000000 0.418000 0.418000 0.418000 0.000000 0.000000 0.000000 -35543.908465 -2.163209
300.000000 0.420000 0.420000 0.420000 0.000000 0.000000 0.000000 -35657.517669 1.084280
300.000000 0.422000 0.422000 0.422000 0.000000 0.000000 0.000000 -35571.027229 0.781247
300.000000 0.424000 0.424000 0.424000 0.000000 0.000000 0.000000 -35439.943155 0.462463
300.000000 0.426000 0.426000 0.426000 0.000000 0.000000 0.000000 -35624.805134 1.025735
300.000000 0.428000 0.428000 0.428000 0.000000 0.000000 0.000000 -35628.033459 12.463295
300.000000 0.430000 0.430000 0.430000 0.000000 0.000000 0.000000 -35609.164543 16.502407
300.000000 0.432000 0.432000 0.432000 0.000000 0.000000 0.000000 -35644.984253 19.987310
300.000000 0.434000 0.434000 0.434000 0.000000 0.000000 0.000000 -35822.299075 11.014850
300.000000 0.436000 0.436000 0.436000 0.000000 0.000000 0.000000 -35668.976249 -14.221127
300.000000 0.438000 0.438000 0.438000 0.000000 0.000000 0.000000 -35753.977996 -1.924026
300.000000 0.440000 0.440000 0.440000 0.000000 0.000000 0.000000 -35595.396541 -6.473980
300.000000 0.442000 0.442000 0.442000 0.000000 0.000000 0.000000 -35628.697392 -2.873227
300.000000 0.444000 0.444000 0.444000 0.000000 0.000000 0.000000 -35564.666496 -7.598959
300.000000 0.446000 0.446000 0.446000 0.000000 0.000000 0.000000 -35651.174557 0.053330
300.000000 0.448000 0.448000 0.448000 0.000000 0.000000 0.000000 -35658.155747 6.803919
300.000000 0.450000 0.450000 0.450000 0.000000 0.000000 0.000000 -35684.746905 -1.975413
300.000000 0.452000 0.452000 0.452000 0.000000 0.000000 0.000000 -35594.470372 -3.665872
300.000000 0.454000 0.454000 0.454000 0.000000 0.000000 0.000000 -35555.887429 -3.181661
300.000000 0.456000 0.456000 0.456000 0.000000 0.000000 0.000000 -35432.702041 12.508883
300.000000 0.458000 0.458000 0.458000 0.000000 0.000000 0.000000 -35572.479253 -3.665512
300.000000 0.460000 0.460000 0.460000 0.000000 0.000000 0.000000 -35552.741331 -4.437592
300.000000 0.462000 0.462000 0.462000 0.000000 0.000000 0.000000 -35610.354073 6.054142
300.000000 0.464000 0.464000 0.464000 0.000000 0.000000 0.000000 -35549.444067 0.877275
300.000000 0.466000 0.466000 0.466000 0.000000 0.000000 0.000000 -35543.715353 -1.384949
300.000000 0.468000 0.468000 0.468000 0.000000 0.000000 0.000000 -35643.271061 -6.809819
300.000000 0.470000 0.470000 0.470000 0.000000 0.000000 0.000000 -35582.108960 -8.108285
300.000000 0.472000 0.472000 0.472000 0.000000 0.000000 0.000000 -35804.225615 1.577874
300.000000 0.474000 0.474000 0.474000 0.000000 0.000000 0.000000 -35679.844069 -4.493989
300.000000 0.476000 0.476000 0.476000 0.000000 0.000000 0.000000 -35620.850610 -1.808744
300.000000 0.478000 0.478000 0.478000 0.000000 0.000000 0.000000 -35750.838289 2.315445
300.000000 0.480000 0.480000 0.480000 0.000000 0.000000 0.000000 -35578.881343 -1.511517
300.000000 0.482000 0.482000 0.482000 0.000000 0.000000 0.000000 -35538.042839 9.205141
300.000000 0.484000 0.484000 0.484000 0.000000 0.000000 0.000000 -35560.042586 3.408437
300.000000 0.486000 0.486000 0.486000 0.000000 0.000000 0.000000 -35646.419519 -0.373204
300.000000 0.488000 0.488000 0.488000 0.000000 0.000000 0.000000 -35586.368867 -9.170057
300.000000 0.490000 0.490000 0.490000 0.000000 0.000000 0.000000 -35603.035100 -1.332798
300.000000 0.492000 0.492000 0.492000 0.000000 0.000000 0.000000 -35711.010575 -3.843663
300.000000 0.494000 0.494000 0.494000 0.000000 0.000000 0.000000 -35703.596409 4.133564
300.000000 0.496000 0.496000 0.496000 0.000000 0.000000 0.000000 -35689.918872 -5.649992
300.000000 0.498000 0.498000 0.498000 0.000000 0.000000 0.000000 -35656.326611 -9.635224
