300.000000 0.500000 0.500000 0.500000 0.000000 0.000000 0.000000 -27443.315019 11.188456
300.000000 0.500000 0.500000 0.500000 0.000000 0.000000 0.000000 -27549.697634 -8.066444
300.000000 0.500000 0.500000 0.500000 0.000000 0.000000 0.000000 -27486.508581 -5.071403
300.000000 0.500000 0.500000 0.500000 0.000000 0.000000 0.000000 -27428.580208 -14.063994
300.000000 0.500000 0.500000 0.500000 0.000000 0.000000 0.000000 -27511.351757 12.077259
300.000000 0.500000 0.500000 0.500000 0.000000 0.000000 0.000000 -27481.037780 -2.039018
300.000000 0.500000 0.500000 0.500000 0.000000 0.000000 0.000000 -27501.352538 -9.709608
300.000000 0.500000 0.500000 0.500000 0.000000 0.000000 0.000000 -27628.226671 20.860719
300.000000 0.500000 0.500000 0.500000 0.000000 0.000000 0.000000 -27401.087852 -6.266432
300.000000 0.500000 0.500000 0.500000 0.000000 0.000000 0.000000 -27560.265337 5.639042
300.000000 0.500000 0.500000 0.500000 0.000000 0.000000 0.000000 -27524.409794 -10.023303
300.000000 0.500000 0.500000 0.500000 0.000000 0.000000 0.000000 -27601.862109 -8.843212
300.000000 0.500000 0.500000 0.500000 0.000000 0.000000 0.000000 -27561.566317 5.721200
300.000000 0.500000 0.500000 0.500000 0.000000 0.000000 0.000000 -27502.335301 -9.037404
300.000000 0.500000 0.500000 0.500000 0.000000 0.000000 0.000000 -27470.396161 -10.224964
300.000000 0.500000 0.500000 0.500000 0.000000 0.000000 0.000000 -27463.991714 6.273901
300.000000 0.500000 0.500000 0.500000 0.000000 0.000000 0.000000 -27496.215330 19.815069
300.000000 0.500000 0.500000 0.500000 0.000000 0.000000 0.000000 -27550.065756 -15.654876
300.000000 0.500000 0.500000 0.500000 0.000000 0.000000 0.000000 -27608.924040 -6.258963
300.000000 0.500000 0.500000 0.500000 0.000000 0.000000 0.000000 -27577.400330 -8.395076
300.000000 0.500000 0.500000 0.500000 0.000000 0.000000 0.000000 -27493.566661 4.137787
300.000000 0.500000 0.500000 0.500000 0.000000 0.000000 0.000000 -27645.159623 -4.585923
300.000000 0.500000 0.500000 0.500000 0.000000 0.000000 0.000000 -27472.641128 2.950227
300.000000 0.500000 0.500000 0.500000 0.000000 0.000000 0.000000 -27542.484792 -4.496295
300.000000 0.500000 0.500000 0.500000 0.000000 0.000000 0.000000 -27378.481942 -0.858927
300.000000 0.500000 0.500000 0.500000 0.000000 0.000000 0.000000 -27436.742828 -0.470543
300.000000 0.500000 0.500000 0.500000 0.000000 0.000000 0.000000 -27451.412462 -2.307899
300.000000 0.500000 0.500000 0.500000 0.000000 0.000000 0.000000 -27503.856774 -11.957756
300.000000 0.500000 0.500000 0.500000 0.000000 0.000000 0.000000 -27460.939242 -10.112930
300.000000 0.500000 0.500000 0.500000 0.000000 0.000000 0.000000 -27483.793830 25.095602
