50.000000 0.500000 0.500000 0.500000 0.000000 0.000000 0.000000 -32290.827221 -5.175968
58.333333 0.500000 0.500000 0.500000 0.000000 0.000000 0.000000 -32284.157037 -2.472216
66.666667 0.500000 0.500000 0.500000 0.000000 0.000000 0.000000 -32291.764083 -3.779278
75.000000 0.500000 0.500000 0.500000 0.000000 0.000000 0.000000 -32227.686359 -9.679732
83.333333 0.500000 0.500000 0.500000 0.000000 0.000000 0.000000 -32147.681931 -8.342794
91.666667 0.500000 0.500000 0.500000 0.000000 0.000000 0.000000 -32083.235115 -6.550251
100.000000 0.500000 0.500000 0.500000 0.000000 0.000000 0.000000 -31981.564921 -5.541946
108.333333 0.500000 0.500000 0.500000 0.000000 0.000000 0.000000 -31850.525490 -1.142746
116.666667 0.500000 0.500000 0.500000 0.000000 0.000000 0.000000 -31735.083057 -3.114543
125.000000 0.500000 0.500000 0.500000 0.000000 0.000000 0.000000 -31603.696174 -9.687201
133.333333 0.500000 0.500000 0.500000 0.000000 0.000000 0.000000 -31458.070675 -5.519539
141.666667 0.500000 0.500000 0.500000 0.000000 0.000000 0.000000 -31364.575129 -16.327079
150.000000 0.500000 0.500000 0.500000 0.000000 0.000000 0.000000 -31237.869653 -6.983449
158.333333 0.500000 0.500000 0.500000 0.000000 0.000000 0.000000 -31161.536831 -8.058975
166.666667 0.500000 0.500000 0.500000 0.000000 0.000000 0.000000 -30863.341902 -8.738647
175.000000 0.500000 0.500000 0.500000 0.000000 0.000000 0.000000 -30792.444193 10.859823
183.333333 0.500000 0.500000 0.500000 0.000000 0.000000 0.000000 -30660.396923 0.410791
191.666667 0.500000 0.500000 0.500000 0.000000 0.000000 0.000000 -30485.856959 1.956859
200.000000 0.500000 0.500000 0.500000 0.000000 0.000000 0.000000 -30245.354840 0.746893
208.333333 0.500000 0.500000 0.500000 0.000000 0.000000 0.000000 -30004.519202 -18.717137
216.666667 0.500000 0.500000 0.500000 0.000000 0.000000 0.000000 -29808.598889 -5.736138
225.000000 0.500000 0.500000 0.500000 0.000000 0.000000 0.000000 -29593.894773 2.068893
233.333333 0.500000 0.500000 0.500000 0.000000 0.000000 0.000000 -29346.257653 -9.201721
241.666667 0.500000 0.500000 0.500000 0.000000 0.000000 0.000000 -29017.530792 12.204230
250.000000 0.500000 0.500000 0.500000 0.000000 0.000000 0.000000 -28647.640108 0.448136
258.333333 0.500000 0.500000 0.500000 0.000000 0.000000 0.000000 -28418.607916 5.168499
266.666667 0.500000 0.500000 0.500000 0.000000 0.000000 0.000000 -28131.464187 -2.703752
275.000000 0.500000 0.500000 0.500000 0.000000 0.000000 0.000000 -27860.547961 9.971021
283.333333 0.500000 0.500000 0.500000 0.000000 0.000000 0.000000 -27552.325353 -6.759381
291.666667 0.500000 0.500000 0.500000 0.000000 0.000000 0.000000 -27307.625433 11.569371
300.000000 0.500000 0.500000 0.500000 0.000000 0.000000 0.000000 -27132.721830 16.640774
300.000000 0.500000 0.500000 0.500000 0.000000 0.000000 0.000000 -27353.282870 -5.310409
300.000000 0.500000 0.500000 0.500000 0.000000 0.000000 0.000000 -27400.520384 -12.263982
300.000000 0.500000 0.500000 0.500000 0.000000 0.000000 0.000000 -27446.293217 -6.617471
300.000000 0.500000 0.500000 0.500000 0.000000 0.000000 0.000000 -27446.745272 6.707098
300.000000 0.500000 0.500000 0.500000 0.000000 0.000000 0.000000 -27516.478678 -6.923697
300.000000 0.500000 0.500000 0.500000 0.000000 0.000000 0.000000 -27431.456332 -1.463910
300.000000 0.500000 0.500000 0.500000 0.000000 0.000000 0.000000 -27569.044441 1.829888
300.000000 0.500000 0.500000 0.500000 0.000000 0.000000 0.000000 -27570.948411 -4.384261
300.000000 0.500000 0.500000 0.500000 0.000000 0.000000 0.000000 -27517.776258 -13.085564
300.000000 0.500000 0.500000 0.500000 0.000000 0.000000 0.000000 -27445.194012 -12.540332
300.000000 0.500000 0.500000 0.500000 0.000000 0.000000 0.000000 -27494.100112 5.175968
300.000000 0.500000 0.500000 0.500000 0.000000 0.000000 0.000000 -27479.343537 -13.167722
300.000000 0.500000 0.500000 0.500000 0.000000 0.000000 0.000000 -27614.341547 -9.552761
300.000000 0.500000 0.500000 0.500000 0.000000 0.000000 0.000000 -27611.673371 -8.738647
300.000000 0.500000 0.500000 0.500000 0.000000 0.000000 0.000000 -27553.826851 10.083054
300.000000 0.500000 0.500000 0.500000 0.000000 0.000000 0.000000 -27375.204315 -14.982672
300.000000 0.500000 0.500000 0.500000 0.000000 0.000000 0.000000 -27441.455332 -12.077259
300.000000 0.500000 0.500000 0.500000 0.000000 0.000000 0.000000 -27445.027466 7.476398
300.000000 0.500000 0.500000 0.500000 0.000000 0.000000 0.000000 -27539.460971 6.229087
300.000000 0.500000 0.500000 0.500000 0.000000 0.000000 0.000000 -27490.017672 17.626673
300.000000 0.500000 0.500000 0.500000 0.000000 0.000000 0.000000 -27570.382467 5.833234
300.000000 0.500000 0.500000 0.500000 0.000000 0.000000 0.000000 -27518.501151 -4.152725
300.000000 0.500000 0.500000 0.500000 0.000000 0.000000 0.000000 -27550.694356 2.240679
300.000000 0.500000 0.500000 0.500000 0.000000 0.000000 0.000000 -27562.960972 4.406668
300.000000 0.500000 0.500000 0.500000 0.000000 0.000000 0.000000 -27525.082195 1.359345
300.000000 0.500000 0.500000 0.500000 0.000000 0.000000 0.000000 -27558.132808 -1.239842
300.000000 0.500000 0.500000 0.500000 0.000000 0.000000 0.000000 -27414.207955 14.086401
300.000000 0.500000 0.500000 0.500000 0.000000 0.000000 0.000000 -27456.205964 -33.871594
300.000000 0.500000 0.500000 0.500000 0.000000 0.000000 0.000000 -27449.105453 1.986735
