300.000000 0.000000 0.000000 0.000000 0.000000 0.000000 0.000000 -31484.827942 879.220949
300.000000 0.002000 0.002000 0.002000 0.000000 0.000000 0.000000 -31519.126293 866.543663
300.000000 0.004000 0.004000 0.004000 0.000000 0.000000 0.000000 -31558.813596 905.500801
300.000000 0.006000 0.006000 0.006000 0.000000 0.000000 0.000000 -31480.039868 793.518538
300.000000 0.008000 0.008000 0.008000 0.000000 0.000000 0.000000 -31515.072954 867.251187
300.000000 0.010000 0.010000 0.010000 0.000000 0.000000 0.000000 -31392.482550 919.873324
300.000000 0.012000 0.012000 0.012000 0.000000 0.000000 0.000000 -31491.619312 850.040251
300.000000 0.014000 0.014000 0.014000 0.000000 0.000000 0.000000 -31466.764416 812.480756
300.000000 0.016000 0.016000 0.016000 0.000000 0.000000 0.000000 -31530.176901 819.264616
300.000000 0.018000 0.018000 0.018000 0.000000 0.000000 0.000000 -31535.348895 789.870339
300.000000 0.020000 0.020000 0.020000 0.000000 0.000000 0.000000 -31553.442402 816.127761
300.000000 0.022000 0.022000 0.022000 0.000000 0.000000 0.000000 -31496.915258 760.718699
300.000000 0.024000 0.024000 0.024000 0.000000 0.000000 0.000000 -31466.422426 657.437792
300.000000 0.026000 0.026000 0.026000 0.000000 0.000000 0.000000 -31545.517960 253.817232
300.000000 0.028000 0.028000 0.028000 0.000000 0.000000 0.000000 -31578.971891 136.831097
300.000000 0.030000 0.030000 0.030000 0.000000 0.000000 0.000000 -31526.150930 74.733505
300.000000 0.032000 0.032000 0.032000 0.000000 0.000000 0.000000 -31540.169299 119.888925
300.000000 0.034000 0.034000 0.034000 0.000000 0.000000 0.000000 -31472.253049 168.484822
300.000000 0.036000 0.036000 0.036000 0.000000 0.000000 0.000000 -31544.457733 45.248529
300.000000 0.038000 0.038000 0.038000 0.000000 0.000000 0.000000 -31453.711653 46.163239
300.000000 0.040000 0.040000 0.040000 0.000000 0.000000 0.000000 -31572.700240 116.869713
300.000000 0.042000 0.042000 0.042000 0.000000 0.000000 0.000000 -31474.305418 49.295427
300.000000 0.044000 0.044000 0.044000 0.000000 0.000000 0.000000 -31384.157306 94.771385
300.000000 0.046000 0.046000 0.046000 0.000000 0.000000 0.000000 -31495.038218 131.741498
300.000000 0.048000 0.048000 0.048000 0.000000 0.000000 0.000000 -31471.321070 103.754671
300.000000 0.050000 0.050000 0.050000 0.000000 0.000000 0.000000 -31521.843670 103.634080
300.000000 0.052000 0.052000 0.052000 0.000000 0.000000 0.000000 -31531.364598 40.570544
300.000000 0.054000 0.054000 0.054000 0.000000 0.000000 0.000000 -31580.193588 108.930630
300.000000 0.056000 0.056000 0.056000 0.000000 0.000000 0.000000 -31560.030035 61.589831
300.000000 0.058000 0.058000 0.058000 0.000000 0.000000 0.000000 -31451.358691 104.221883
300.000000 0.060000 0.060000 0.060000 0.000000 0.000000 0.000000 -31414.802146 69.380478
300.000000 0.062000 0.062000 0.062000 0.000000 0.000000 0.000000 -31470.175753 77.299141
300.000000 0.064000 0.064000 0.064000 0.000000 0.000000 0.000000 -31531.059640 37.995422
300.000000 0.066000 0.066000 0.066000 0.000000 0.000000 0.000000 -31554.775184 70.515709
300.000000 0.068000 0.068000 0.068000 0.000000 0.000000 0.000000 -31393.958855 94.964957
300.000000 0.070000 0.070000 0.070000 0.000000 0.000000 0.000000 -31368.463914 104.142005
300.000000 0.072000 0.072000 0.072000 0.000000 0.000000 0.000000 -31323.054404 73.161604
300.000000 0.074000 0.074000 0.074000 0.000000 0.000000 0.000000 -31394.214557 59.564251
300.000000 0.076000 0.076000 0.076000 0.000000 0.000000 0.000000 -31492.412168 118.117864
300.000000 0.078000 0.078000 0.078000 0.000000 0.000000 0.000000 -31482.023992 39.027888
300.000000 0.080000 0.080000 0.080000 0.000000 0.000000 0.000000 -31503.904308 69.160025
300.000000 0.082000 0.082000 0.082000 0.000000 0.000000 0.000000 -31508.769857 50.023343
300.000000 0.084000 0.084000 0.084000 0.000000 0.000000 0.000000 -31438.083854 50.505111
300.000000 0.086000 0.086000 0.086000 0.000000 0.000000 0.000000 -31415.037586 50.289952
300.000000 0.088000 0.088000 0.088000 0.000000 0.000000 0.000000 -31483.066290 26.308367
300.000000 0.090000 0.090000 0.090000 0.000000 0.000000 0.000000 -31482.921182 53.284075
300.000000 0.092000 0.092000 0.092000 0.000000 0.000000 0.000000 -31487.886926 20.091096
300.000000 0.094000 0.094000 0.094000 0.000000 0.000000 0.000000 -31481.540214 66.612662
300.000000 0.096000 0.096000 0.096000 0.000000 0.000000 0.000000 -31519.321388 37.333691
300.000000 0.098000 0.098000 0.098000 0.000000 0.000000 0.000000 -31608.953379 44.332539
300.000000 0.100000 0.100000 0.100000 0.000000 0.000000 0.000000 -31622.499386 44.036147
300.000000 0.102000 0.102000 0.102000 0.000000 0.000000 0.000000 -31537.106066 41.480568
300.000000 0.104000 0.104000 0.104000 0.000000 0.000000 0.000000 -31554.385451 34.932009
300.000000 0.106000 0.106000 0.106000 0.000000 0.000000 0.000000 -31493.952052 56.231013
300.000000 0.108000 0.108000 0.108000 0.000000 0.000000 0.000000 -31468.673683 33.148057
300.000000 0.110000 0.110000 0.110000 0.000000 0.000000 0.000000 -31410.064014 50.272752
300.000000 0.112000 0.112000 0.112000 0.000000 0.000000 0.000000 -31426.252517 22.248903
300.000000 0.114000 0.114000 0.114000 0.000000 0.000000 0.000000 -31421.655709 27.121875
300.000000 0.116000 0.116000 0.116000 0.000000 0.000000 0.000000 -31499.624614 23.035206
300.000000 0.118000 0.118000 0.118000 0.000000 0.000000 0.000000 -31312.716052 41.882625
300.000000 0.120000 0.120000 0.120000 0.000000 0.000000 0.000000 -31490.621875 29.584537
300.000000 0.122000 0.122000 0.122000 0.000000 0.000000 0.000000 -31443.471827 42.921079
300.000000 0.124000 0.124000 0.124000 0.000000 0.000000 0.000000 -31452.084918 37.862572
300.000000 0.126000 0.126000 0.126000 0.000000 0.000000 0.000000 -31449.601358 43.703411
300.000000 0.128000 0.128000 0.128000 0.000000 0.000000 0.000000 -31505.916120 41.455886
300.000000 0.130000 0.130000 0.130000 0.000000 0.000000 0.000000 -31519.328254 19.958797
300.000000 0.132000 0.132000 0.132000 0.000000 0.000000 0.000000 -31526.370858 35.901524
300.000000 0.134000 0.134000 0.134000 0.000000 0.000000 0.000000 -31419.112083 45.444135
300.000000 0.136000 0.136000 0.136000 0.000000 0.000000 0.000000 -31354.625363 34.937632
300.000000 0.138000 0.138000 0.138000 0.000000 0.000000 0.000000 -31361.118270 36.652866
300.000000 0.140000 0.140000 0.140000 0.000000 0.000000 0.000000 -31437.113874 18.566179
300.000000 0.142000 0.142000 0.142000 0.000000 0.000000 0.000000 -31489.287409 37.577234
300.000000 0.144000 0.144000 0.144000 0.000000 0.000000 0.000000 -31437.770208 9.367906
300.000000 0.146000 0.146000 0.146000 0.000000 0.000000 0.000000 -31377.865480 38.012866
300.000000 0.148000 0.148000 0.148000 0.000000 0.000000 0.000000 -31385.302117 26.720890
300.000000 0.150000 0.150000 0.150000 0.000000 0.000000 0.000000 -31419.651026 37.203416
300.000000 0.152000 0.152000 0.152000 0.000000 0.000000 0.000000 -31386.354843 46.296074
300.000000 0.154000 0.154000 0.154000 0.000000 0.000000 0.000000 -31417.904391 32.099507
300.000000 0.156000 0.156000 0.156000 0.000000 0.000000 0.000000 -31398.074501 15.010892
300.000000 0.158000 0.158000 0.158000 0.000000 0.000000 0.000000 -31294.992673 36.308239
300.000000 0.160000 0.160000 0.160000 0.000000 0.000000 0.000000 -31372.814622 31.784055
300.000000 0.162000 0.162000 0.162000 0.000000 0.000000 0.000000 -31456.095820 17.493412
300.000000 0.164000 0.164000 0.164000 0.000000 0.000000 0.000000 -31326.649182 40.169727
300.000000 0.166000 0.166000 0.166000 0.000000 0.000000 0.000000 -31491.712780 44.904542
300.000000 0.168000 0.168000 0.168000 0.000000 0.000000 0.000000 -31451.663223 28.104880
300.000000 0.170000 0.170000 0.170000 0.000000 0.000000 0.000000 -31396.993133 36.578340
300.000000 0.172000 0.172000 0.172000 0.000000 0.000000 0.000000 -31341.386631 25.006473
300.000000 0.174000 0.174000 0.174000 0.000000 0.000000 0.000000 -31466.517701 36.278424
300.000000 0.176000 0.176000 0.176000 0.000000 0.000000 0.000000 -31556.926890 32.439184
300.000000 0.178000 0.178000 0.178000 0.000000 0.000000 0.000000 -31612.826893 39.133609
300.000000 0.180000 0.180000 0.180000 0.000000 0.000000 0.000000 -31446.890981 21.044815
300.000000 0.182000 0.182000 0.182000 0.000000 0.000000 0.000000 -31515.126128 27.950091
300.000000 0.184000 0.184000 0.184000 0.000000 0.000000 0.000000 -31511.632347 24.119400
300.000000 0.186000 0.186000 0.186000 0.000000 0.000000 0.000000 -31606.527012 27.400367
300.000000 0.188000 0.188000 0.188000 0.000000 0.000000 0.000000 -31562.279936 23.845741
300.000000 0.190000 0.190000 0.190000 0.000000 0.000000 0.000000 -31484.775528 4.159606
300.000000 0.192000 0.192000 0.192000 0.000000 0.000000 0.000000 -31587.391718 29.175244
300.000000 0.194000 0.194000 0.194000 0.000000 0.000000 0.000000 -31590.654536 24.049668
300.000000 0.196000 0.196000 0.196000 0.000000 0.000000 0.000000 -31549.187778 39.450326
300.000000 0.198000 0.198000 0.198000 0.000000 0.000000 0.000000 -31519.712324 29.017025
300.000000 0.200000 0.200000 0.200000 0.000000 0.000000 0.000000 -31491.161792 39.009310
300.000000 0.202000 0.202000 0.202000 0.000000 0.000000 0.000000 -31495.979011 35.218055
300.000000 0.204000 0.204000 0.204000 0.000000 0.000000 0.000000 -31456.118746 33.575501
300.000000 0.206000 0.206000 0.206000 0.000000 0.000000 0.000000 -31540.288237 25.071319
300.000000 0.208000 0.208000 0.208000 0.000000 0.000000 0.000000 -31510.900974 25.564356
300.000000 0.210000 0.210000 0.210000 0.000000 0.000000 0.000000 -31533.776628 39.693412
300.000000 0.212000 0.212000 0.212000 0.000000 0.000000 0.000000 -31480.848772 13.784404
300.000000 0.214000 0.214000 0.214000 0.000000 0.000000 0.000000 -31468.253731 23.542080
300.000000 0.216000 0.216000 0.216000 0.000000 0.000000 0.000000 -31583.519888 21.092280
300.000000 0.218000 0.218000 0.218000 0.000000 0.000000 0.000000 -31382.166592 27.112829
300.000000 0.220000 0.220000 0.220000 0.000000 0.000000 0.000000 -31422.541403 29.361396
300.000000 0.222000 0.222000 0.222000 0.000000 0.000000 0.000000 -31475.757673 24.959404
300.000000 0.224000 0.224000 0.224000 0.000000 0.000000 0.000000 -31338.762847 31.485066
300.000000 0.226000 0.226000 0.226000 0.000000 0.000000 0.000000 -31338.653331 19.969830
300.000000 0.228000 0.228000 0.228000 0.000000 0.000000 0.000000 -31451.585835 6.962798
300.000000 0.230000 0.230000 0.230000 0.000000 0.000000 0.000000 -31370.064656 14.471952
300.000000 0.232000 0.232000 0.232000 0.000000 0.000000 0.000000 -31387.693342 17.039410
300.000000 0.234000 0.234000 0.234000 0.000000 0.000000 0.000000 -31392.527022 22.168336
300.000000 0.236000 0.236000 0.236000 0.000000 0.000000 0.000000 -31412.598959 29.063484
300.000000 0.238000 0.238000 0.238000 0.000000 0.000000 0.000000 -31577.949625 21.538212
300.000000 0.240000 0.240000 0.240000 0.000000 0.000000 0.000000 -31650.407504 12.535211
300.000000 0.242000 0.242000 0.242000 0.000000 0.000000 0.000000 -31625.226019 15.916327
300.000000 0.244000 0.244000 0.244000 0.000000 0.000000 0.000000 -31555.385339 26.900761
300.000000 0.246000 0.246000 0.246000 0.000000 0.000000 0.000000 -31631.692552 22.397114
300.000000 0.248000 0.248000 0.248000 0.000000 0.000000 0.000000 -31496.981870 18.241500
300.000000 0.250000 0.250000 0.250000 0.000000 0.000000 0.000000 -31498.284544 25.000976
300.000000 0.252000 0.252000 0.252000 0.000000 0.000000 0.000000 -31499.636186 19.854349
300.000000 0.254000 0.254000 0.254000 0.000000 0.000000 0.000000 -31576.487645 23.837711
300.000000 0.256000 0.256000 0.256000 0.000000 0.000000 0.000000 -31372.283172 16.650566
300.000000 0.258000 0.258000 0.258000 0.000000 0.000000 0.000000 -31450.368574 22.841579
300.000000 0.260000 0.260000 0.260000 0.000000 0.000000 0.000000 -31428.838770 8.453398
300.000000 0.262000 0.262000 0.262000 0.000000 0.000000 0.000000 -31543.087861 -4.678785
300.000000 0.264000 0.264000 0.264000 0.000000 0.000000 0.000000 -31434.493873 12.438061
300.000000 0.266000 0.266000 0.266000 0.000000 0.000000 0.000000 -31456.603144 13.745998
300.000000 0.268000 0.268000 0.268000 0.000000 0.000000 0.000000 -31494.435204 11.286744
300.000000 0.270000 0.270000 0.270000 0.000000 0.000000 0.000000 -31462.806072 11.349117
300.000000 0.272000 0.272000 0.272000 0.000000 0.000000 0.000000 -31481.340614 21.001615
300.000000 0.274000 0.274000 0.274000 0.000000 0.000000 0.000000 -31457.782287 25.508424
300.000000 0.276000 0.276000 0.276000 0.000000 0.000000 0.000000 -31385.077846 23.260905
300.000000 0.278000 0.278000 0.278000 0.000000 0.000000 0.000000 -31476.868265 19.542459
300.000000 0.280000 0.280000 0.280000 0.000000 0.000000 0.000000 -31394.065361 19.135557
300.000000 0.282000 0.282000 0.282000 0.000000 0.000000 0.000000 -31401.079619 12.872231
300.000000 0.284000 0.284000 0.284000 0.000000 0.000000 0.000000 -31519.301838 24.293233
300.000000 0.286000 0.286000 0.286000 0.000000 0.000000 0.000000 -31464.774175 35.263737
300.000000 0.288000 0.288000 0.288000 0.000000 0.000000 0.000000 -31506.252405 30.023454
300.000000 0.290000 0.290000 0.290000 0.000000 0.000000 0.000000 -31341.466703 18.052178
300.000000 0.292000 0.292000 0.292000 0.000000 0.000000 0.000000 -31416.623851 28.436408
300.000000 0.294000 0.294000 0.294000 0.000000 0.000000 0.000000 -31397.475190 29.704218
300.000000 0.296000 0.296000 0.296000 0.000000 0.000000 0.000000 -31419.131058 20.095343
300.000000 0.298000 0.298000 0.298000 0.000000 0.000000 0.000000 -31334.753996 30.196789
300.000000 0.300000 0.300000 0.300000 0.000000 0.000000 0.000000 -31413.789705 14.824594
300.000000 0.302000 0.302000 0.302000 0.000000 0.000000 0.000000 -31403.006599 17.180872
300.000000 0.304000 0.304000 0.304000 0.000000 0.000000 0.000000 -31450.174476 25.866142
300.000000 0.306000 0.306000 0.306000 0.000000 0.000000 0.000000 -31450.460143 23.670450
300.000000 0.308000 0.308000 0.308000 0.000000 0.000000 0.000000 -31483.524269 16.713512
300.000000 0.310000 0.310000 0.310000 0.000000 0.000000 0.000000 -31455.287079 12.937526
300.000000 0.312000 0.312000 0.312000 0.000000 0.000000 0.000000 -31470.603117 10.388538
300.000000 0.314000 0.314000 0.314000 0.000000 0.000000 0.000000 -31393.072215 24.036932
300.000000 0.316000 0.316000 0.316000 0.000000 0.000000 0.000000 -31504.831788 39.162594
300.000000 0.318000 0.318000 0.318000 0.000000 0.000000 0.000000 -31548.624650 4.809724
300.000000 0.320000 0.320000 0.320000 0.000000 0.000000 0.000000 -31470.184477 19.791926
300.000000 0.322000 0.322000 0.322000 0.000000 0.000000 0.000000 -31463.036083 5.089368
300.000000 0.324000 0.324000 0.324000 0.000000 0.000000 0.000000 -31466.560420 20.440951
300.000000 0.326000 0.326000 0.326000 0.000000 0.000000 0.000000 -31491.760900 11.471393
300.000000 0.328000 0.328000 0.328000 0.000000 0.000000 0.000000 -31409.880735 2.905777
300.000000 0.330000 0.330000 0.330000 0.000000 0.000000 0.000000 -31458.666440 16.937166
300.000000 0.332000 0.332000 0.332000 0.000000 0.000000 0.000000 -31435.000874 18.203319
300.000000 0.334000 0.334000 0.334000 0.000000 0.000000 0.000000 -31343.304926 2.415404
300.000000 0.336000 0.336000 0.336000 0.000000 0.000000 0.000000 -31311.926558 8.464663
300.000000 0.338000 0.338000 0.338000 0.000000 0.000000 0.000000 -31307.145147 -0.655980
300.000000 0.340000 0.340000 0.340000 0.000000 0.000000 0.000000 -31407.129178 2.586572
300.000000 0.342000 0.342000 0.342000 0.000000 0.000000 0.000000 -31317.550236 10.379944
300.000000 0.344000 0.344000 0.344000 0.000000 0.000000 0.000000 -31319.796970 17.387075
300.000000 0.346000 0.346000 0.346000 0.000000 0.000000 0.000000 -31409.174337 4.462317
300.000000 0.348000 0.348000 0.348000 0.000000 0.000000 0.000000 -31514.058684 11.603571
300.000000 0.350000 0.350000 0.350000 0.000000 0.000000 0.000000 -31508.487551 4.714596
300.000000 0.352000 0.352000 0.352000 0.000000 0.000000 0.000000 -31475.634946 14.468093
300.000000 0.354000 0.354000 0.354000 0.000000 0.000000 0.000000 -31458.384541 20.651767
300.000000 0.356000 0.356000 0.356000 0.000000 0.000000 0.000000 -31354.927278 5.980846
300.000000 0.358000 0.358000 0.358000 0.000000 0.000000 0.000000 -31412.738642 1.453517
300.000000 0.360000 0.360000 0.360000 0.000000 0.000000 0.000000 -31368.431079 4.817036
300.000000 0.362000 0.362000 0.362000 0.000000 0.000000 0.000000 -31391.541612 0.202506
300.000000 0.364000 0.364000 0.364000 0.000000 0.000000 0.000000 -31487.572343 -4.540943
300.000000 0.366000 0.366000 0.366000 0.000000 0.000000 0.000000 -31392.155013 20.952655
300.000000 0.368000 0.368000 0.368000 0.000000 0.000000 0.000000 -31546.779906 16.593244
300.000000 0.370000 0.370000 0.370000 0.000000 0.000000 0.000000 -31599.070091 11.740972
300.000000 0.372000 0.372000 0.372000 0.000000 0.000000 0.000000 -31421.891754 14.044214
300.000000 0.374000 0.374000 0.374000 0.000000 0.000000 0.000000 -31386.137703 27.347214
300.000000 0.376000 0.376000 0.376000 0.000000 0.000000 0.000000 -31546.882624 7.419325
300.000000 0.378000 0.378000 0.378000 0.000000 0.000000 0.000000 -31365.059134 4.545172
300.000000 0.380000 0.380000 0.380000 0.000000 0.000000 0.000000 -31372.019063 7.575056
300.000000 0.382000 0.382000 0.382000 0.000000 0.000000 0.000000 -31473.438208 17.948360
300.000000 0.384000 0.384000 0.384000 0.000000 0.000000 0.000000 -31558.608797 6.726217
300.000000 0.386000 0.386000 0.386000 0.000000 0.000000 0.000000 -31533.463673 5.687766
300.000000 0.388000 0.388000 0.388000 0.000000 0.000000 0.000000 -31650.141518 16.456166
300.000000 0.390000 0.390000 0.390000 0.000000 0.000000 0.000000 -31544.080707 20.616375
300.000000 0.392000 0.392000 0.392000 0.000000 0.000000 0.000000 -31498.732746 10.967586
300.000000 0.394000 0.394000 0.394000 0.000000 0.000000 0.000000 -31471.396547 9.215933
300.000000 0.396000 0.396000 0.396000 0.000000 0.000000 0.000000 -31534.248918 12.158707
300.000000 0.398000 0.398000 0.398000 0.000000 0.000000 0.000000 -31472.738796 6.245588
300.000000 0.400000 0.400000 0.400000 0.000000 0.000000 0.000000 -31566.915934 2.727492
300.000000 0.402000 0.402000 0.402000 0.000000 0.000000 0.000000 -31572.349230 2.940280
300.000000 0.404000 0.404000 0.404000 0.000000 0.000000 0.000000 -31433.930725 11.967235
300.000000 0.406000 0.406000 0.406000 0.000000 0.000000 0.000000 -31485.991669 -1.566906
300.000000 0.408000 0.408000 0.408000 0.000000 0.000000 0.000000 -31348.250678 1.380538
300.000000 0.410000 0.410000 0.410000 0.000000 0.000000 0.000000 -31570.687310 16.984690
300.000000 0.412000 0.412000 0.412000 0.000000 0.000000 0.000000 -31466.486167 -8.547767
300.000000 0.414000 0.414000 0.414000 0.000000 0.000000 0.000000 -31386.405660 -15.685033
300.000000 0.416000 0.416000 0.416000 0.000000 0.000000 0.000000 -31466.890091 1.097281
300.000000 0.418000 0.418000 0.418000 0.000000 0.000000 0.000000 -31501.987023 16.328561
300.000000 0.420000 0.420000 0.420000 0.000000 0.000000 0.000000 -31527.039543 0.052107
300.000000 0.422000 0.422000 0.422000 0.000000 0.000000 0.000000 -31480.652033 17.863771
300.000000 0.424000 0.424000 0.424000 0.000000 0.000000 0.000000 -31389.706161 -1.108969
300.000000 0.426000 0.426000 0.426000 0.000000 0.000000 0.000000 -31487.693900 -2.058655
300.000000 0.428000 0.428000 0.428000 0.000000 0.000000 0.000000 -31429.375346 12.125874
300.000000 0.430000 0.430000 0.430000 0.000000 0.000000 0.000000 -31382.378670 8.728174
300.000000 0.432000 0.432000 0.432000 0.000000 0.000000 0.000000 -31462.861962 5.597561
300.000000 0.434000 0.434000 0.434000 0.000000 0.000000 0.000000 -31456.398634 1.250985
300.000000 0.436000 0.436000 0.436000 0.000000 0.000000 0.000000 -31514.015368 11.703723
300.000000 0.438000 0.438000 0.438000 0.000000 0.000000 0.000000 -31480.555644 -15.989516
300.000000 0.440000 0.440000 0.440000 0.000000 0.000000 0.000000 -31341.603711 1.120456
300.000000 0.442000 0.442000 0.442000 0.000000 0.000000 0.000000 -31391.296189 6.236751
300.000000 0.444000 0.444000 0.444000 0.000000 0.000000 0.000000 -31465.240039 6.586125
300.000000 0.446000 0.446000 0.446000 0.000000 0.000000 0.000000 -31370.324340 -1.538640
300.000000 0.448000 0.448000 0.448000 0.000000 0.000000 0.000000 -31390.978818 8.240257
300.000000 0.450000 0.450000 0.450000 0.000000 0.000000 0.000000 -31403.625864 -4.882293
300.000000 0.452000 0.452000 0.452000 0.000000 0.000000 0.000000 -31415.027406 14.052565
300.000000 0.454000 0.454000 0.454000 0.000000 0.000000 0.000000 -31358.734167 4.807306
300.000000 0.456000 0.456000 0.456000 0.000000 0.000000 0.000000 -31344.120845 -4.375599
300.000000 0.458000 0.458000 0.458000 0.000000 0.000000 0.000000 -31499.211703 -2.463008
300.000000 0.460000 0.460000 0.460000 0.000000 0.000000 0.000000 -31558.752966 -0.014033
300.000000 0.462000 0.462000 0.462000 0.000000 0.000000 0.000000 -31441.398690 6.236241
300.000000 0.464000 0.464000 0.464000 0.000000 0.000000 0.000000 -31410.530606 -5.691921
300.000000 0.466000 0.466000 0.466000 0.000000 0.000000 0.000000 -31407.627943 6.082146
300.000000 0.468000 0.468000 0.468000 0.000000 0.000000 0.000000 -31474.725359 3.192240
300.000000 0.470000 0.470000 0.470000 0.000000 0.000000 0.000000 -31394.235462 -4.784917
300.000000 0.472000 0.472000 0.472000 0.000000 0.000000 0.000000 -31480.905262 -3.161445
300.000000 0.474000 0.474000 0.474000 0.000000 0.000000 0.000000 -31416.862642 9.763104
300.000000 0.476000 0.476000 0.476000 0.000000 0.000000 0.000000 -31557.058406 -0.425375
300.000000 0.478000 0.478000 0.478000 0.000000 0.000000 0.000000 -31585.675988 -4.433221
300.000000 0.480000 0.480000 0.480000 0.000000 0.000000 0.000000 -31483.588289 -3.521686
300.000000 0.482000 0.482000 0.482000 0.000000 0.000000 0.000000 -31473.293810 0.131706
300.000000 0.484000 0.484000 0.484000 0.000000 0.000000 0.000000 -31494.631491 -0.643303
300.000000 0.486000 0.486000 0.486000 0.000000 0.000000 0.000000 -31602.784627 -3.639239
300.000000 0.488000 0.488000 0.488000 0.000000 0.000000 0.000000 -31519.486587 -2.504193
300.000000 0.490000 0.490000 0.490000 0.000000 0.000000 0.000000 -31462.207444 -16.426457
300.000000 0.492000 0.492000 0.492000 0.000000 0.000000 0.000000 -31452.126499 8.715679
300.000000 0.494000 0.494000 0.494000 0.000000 0.000000 0.000000 -31560.443778 -6.256339
300.000000 0.496000 0.496000 0.496000 0.000000 0.000000 0.000000 -31517.321507 -3.724680
300.000000 0.498000 0.498000 0.498000 0.000000 0.000000 0.000000 -31498.565282 -7.545009
