50.000000 0.500000 0.500000 0.500000 0.000000 0.000000 0.000000 -35215.071260 -5.288002
75.000000 0.500000 0.500000 0.500000 0.000000 0.000000 0.000000 -34969.086152 -0.978430
100.000000 0.500000 0.500000 0.500000 0.000000 0.000000 0.000000 -34648.704010 0.455605
125.000000 0.500000 0.500000 0.500000 0.000000 0.000000 0.000000 -34347.807539 0.007469
150.000000 0.500000 0.500000 0.500000 0.000000 0.000000 0.000000 -33988.760836 0.268881
175.000000 0.500000 0.500000 0.500000 0.000000 0.000000 0.000000 -33401.744018 0.858927
200.000000 0.500000 0.500000 0.500000 0.000000 0.000000 0.000000 -32794.631111 0.731955
225.000000 0.500000 0.500000 0.500000 0.000000 0.000000 0.000000 -31975.948267 -0.343571
250.000000 0.500000 0.500000 0.500000 0.000000 0.000000 0.000000 -30928.635168 7.767686
275.000000 0.500000 0.500000 0.500000 0.000000 0.000000 0.000000 -29793.754971 -4.346917
300.000000 0.500000 0.500000 0.500000 0.000000 0.000000 0.000000 -29496.778396 4.436544
300.000000 0.500000 0.500000 0.500000 0.000000 0.000000 0.000000 -29589.890808 1.493786
300.000000 0.500000 0.500000 0.500000 0.000000 0.000000 0.000000 -29850.491772 3.689651
300.000000 0.500000 0.500000 0.500000 0.000000 0.000000 0.000000 -29910.680045 -0.104565
300.000000 0.500000 0.500000 0.500000 0.000000 0.000000 0.000000 -29786.564466 -1.374283
300.000000 0.500000 0.500000 0.500000 0.000000 0.000000 0.000000 -29719.409458 -4.884680
300.000000 0.500000 0.500000 0.500000 0.000000 0.000000 0.000000 -29836.521841 0.089627
300.000000 0.500000 0.500000 0.500000 0.000000 0.000000 0.000000 -29954.168944 0.328633
300.000000 0.500000 0.500000 0.500000 0.000000 0.000000 0.000000 -29783.695465 -5.228250
300.000000 0.500000 0.500000 0.500000 0.000000 0.000000 0.000000 -29879.089268 -4.780115
