13 300.000000 -1.000000 0.300000 0.500000 0.100000 50.000000 0.000000 -32982.760808 -6.408918 6.687046
12 300.000000 -1.000000 0.400000 0.500000 0.100000 40.000000 0.000000 -33007.245955 1.532151 6.532814
9 300.000000 1.000000 0.400000 0.500000 0.100000 40.000000 0.000000 -32838.592235 0.268175 6.764391
9 300.000000 1.000000 0.400000 0.500000 0.100000 40.000000 0.000000 -32777.246624 1.942664 6.564090
8 300.000000 1.000000 0.300000 0.500000 0.100000 50.000000 0.000000 -32812.542059 -2.691539 6.487405
11 300.000000 -1.000000 0.500000 0.500000 0.100000 30.000000 0.000000 -32844.125274 1.336845 7.901033
11 300.000000 -1.000000 0.500000 0.500000 0.100000 30.000000 0.000000 -32804.916708 -4.134862 8.169622
10 300.000000 1.000000 0.500000 0.500000 0.100000 30.000000 0.000000 -32909.924583 -0.336299 6.424952
10 300.000000 1.000000 0.500000 0.500000 0.100000 30.000000 0.000000 -32721.584414 4.625308 6.406935
9 300.000000 1.000000 0.400000 0.500000 0.100000 40.000000 0.000000 -32916.883635 5.138645 6.403201
9 300.000000 1.000000 0.400000 0.500000 0.100000 40.000000 0.000000 -32993.884610 4.543386 6.560719
8 300.000000 1.000000 0.300000 0.500000 0.100000 50.000000 0.000000 -32708.609057 5.447719 6.487098
9 300.000000 1.000000 0.400000 0.500000 0.100000 40.000000 0.000000 -32881.405173 -0.520539 8.058290
10 300.000000 1.000000 0.500000 0.500000 0.100000 30.000000 0.000000 -32871.967399 7.733204 6.394055
14 300.000000 -1.000000 0.200000 0.500000 0.100000 60.000000 0.000000 -32787.557760 16.368748 6.418941
14 300.000000 -1.000000 0.200000 0.500000 0.100000 60.000000 0.000000 -32845.706235 11.594631 6.694976
15 300.000000 -1.000000 0.100000 0.500000 0.100000 70.000000 0.000000 -32841.284074 23.567934 6.930993
14 300.000000 -1.000000 0.200000 0.500000 0.100000 60.000000 0.000000 -32896.572552 9.477745 8.058730
14 300.000000 -1.000000 0.200000 0.500000 0.100000 60.000000 0.000000 -32837.178584 14.179218 6.392420
14 300.000000 -1.000000 0.200000 0.500000 0.100000 60.000000 0.000000 -32984.024234 14.184962 6.470360
14 300.000000 -1.000000 0.200000 0.500000 0.100000 60.000000 0.000000 -32798.949252 28.237465 6.626631
15 300.000000 -1.000000 0.100000 0.500000 0.100000 70.000000 0.000000 -32779.380040 19.798105 7.651421
14 300.000000 -1.000000 0.200000 0.500000 0.100000 60.000000 0.000000 -32891.074803 13.501484 4.375776
14 300.000000 -1.000000 0.200000 0.500000 0.100000 60.000000 0.000000 -32843.421731 24.100223 6.840569
16 300.000000 -1.000000 0.000000 0.500000 0.100000 80.000000 0.000000 -32720.805706 68.473443 7.846853
18 300.000000 -1.000000 0.000000 0.300000 0.100000 100.000000 0.000000 -32964.814980 70.223302 7.726683
17 300.000000 -1.000000 0.000000 0.400000 0.100000 90.000000 0.000000 -32947.394674 77.057483 6.601103
18 300.000000 -1.000000 0.000000 0.300000 0.100000 100.000000 0.000000 -32886.075110 42.925389 6.907735
17 300.000000 -1.000000 0.000000 0.400000 0.100000 90.000000 0.000000 -32817.047141 54.079725 6.804045
17 300.000000 -1.000000 0.000000 0.400000 0.100000 90.000000 0.000000 -32751.827934 55.674511 7.121712
17 300.000000 -1.000000 0.000000 0.400000 0.100000 90.000000 0.000000 -32653.354875 39.117607 6.405018
17 300.000000 -1.000000 0.000000 0.400000 0.100000 90.000000 0.000000 -32870.147208 58.819946 6.617072
16 300.000000 -1.000000 0.000000 0.500000 0.100000 80.000000 0.000000 -32708.262710 69.267015 6.730125
17 300.000000 -1.000000 0.000000 0.400000 0.100000 90.000000 0.000000 -32824.709957 48.027999 6.742622
16 300.000000 -1.000000 0.000000 0.500000 0.100000 80.000000 0.000000 -32687.342598 71.506056 6.579165
18 300.000000 -1.000000 0.000000 0.300000 0.100000 100.000000 0.000000 -32814.093936 60.092661 7.169429
17 300.000000 -1.000000 0.000000 0.400000 0.100000 90.000000 0.000000 -32785.482042 60.215625 6.924903
19 300.000000 -1.000000 0.000000 0.200000 0.100000 110.000000 0.000000 -32932.447368 75.912584 6.407663
17 300.000000 -1.000000 0.000000 0.400000 0.100000 90.000000 0.000000 -32942.566294 76.628720 0.042070
17 300.000000 -1.000000 0.000000 0.400000 0.100000 90.000000 0.000000 -32731.908884 79.425500 7.249698
17 300.000000 -1.000000 0.000000 0.400000 0.100000 90.000000 0.000000 -32943.842988 63.368113 6.792510
19 300.000000 -1.000000 0.000000 0.200000 0.100000 110.000000 0.000000 -32849.490257 131.535316 2.449568
19 300.000000 -1.000000 0.000000 0.200000 0.100000 110.000000 0.000000 -32795.974887 110.235891 6.932334
19 300.000000 -1.000000 0.000000 0.200000 0.100000 110.000000 0.000000 -32750.527762 107.912196 6.731682
19 300.000000 -1.000000 0.000000 0.200000 0.100000 110.000000 0.000000 -32899.518526 57.458010 6.883947
18 300.000000 -1.000000 0.000000 0.300000 0.100000 100.000000 0.000000 -32764.427024 47.929363 7.661619
18 300.000000 -1.000000 0.000000 0.300000 0.100000 100.000000 0.000000 -32909.904990 70.721093 6.724179
19 300.000000 -1.000000 0.000000 0.200000 0.100000 110.000000 0.000000 -32854.630751 78.642981 7.464820
18 300.000000 -1.000000 0.000000 0.300000 0.100000 100.000000 0.000000 -32877.326734 68.188395 7.002565
18 300.000000 -1.000000 0.000000 0.300000 0.100000 100.000000 0.000000 -32898.290962 59.886740 6.448678
17 300.000000 -1.000000 0.000000 0.400000 0.100000 90.000000 0.000000 -32724.109958 59.969072 6.778240
17 300.000000 -1.000000 0.000000 0.400000 0.100000 90.000000 0.000000 -32853.687662 37.839817 7.687439
15 300.000000 -1.000000 0.100000 0.500000 0.100000 70.000000 0.000000 -32817.747838 23.858059 6.547960
15 300.000000 -1.000000 0.100000 0.500000 0.100000 70.000000 0.000000 -32921.190557 31.684732 6.390027
15 300.000000 -1.000000 0.100000 0.500000 0.100000 70.000000 0.000000 -32897.244853 19.857429 6.568987
15 300.000000 -1.000000 0.100000 0.500000 0.100000 70.000000 0.000000 -32983.214792 21.096407 6.519635
15 300.000000 -1.000000 0.100000 0.500000 0.100000 70.000000 0.000000 -32806.166998 9.598106 6.495816
15 300.000000 -1.000000 0.100000 0.500000 0.100000 70.000000 0.000000 -32673.281502 6.560109 7.109917
12 300.000000 -1.000000 0.400000 0.500000 0.100000 40.000000 0.000000 -32878.502093 7.817584 6.637619
12 300.000000 -1.000000 0.400000 0.500000 0.100000 40.000000 0.000000 -32893.345056 10.066423 7.463791
13 300.000000 -1.000000 0.300000 0.500000 0.100000 50.000000 0.000000 -32902.396681 2.718331 6.456687
8 300.000000 1.000000 0.300000 0.500000 0.100000 50.000000 0.000000 -32746.880194 10.630222 6.838331
8 300.000000 1.000000 0.300000 0.500000 0.100000 50.000000 0.000000 -32797.973604 20.623260 6.415134
7 300.000000 1.000000 0.200000 0.500000 0.100000 60.000000 0.000000 -32861.560914 19.149700 7.143525
7 300.000000 1.000000 0.200000 0.500000 0.100000 60.000000 0.000000 -32864.215471 8.285301 6.548342
14 300.000000 -1.000000 0.200000 0.500000 0.100000 60.000000 0.000000 -32789.720444 6.855821 6.425418
13 300.000000 -1.000000 0.300000 0.500000 0.100000 50.000000 0.000000 -32753.466206 14.624012 6.405299
15 300.000000 -1.000000 0.100000 0.500000 0.100000 70.000000 0.000000 -32741.906642 18.607851 6.769091
15 300.000000 -1.000000 0.100000 0.500000 0.100000 70.000000 0.000000 -32878.937513 16.122078 6.771004
14 300.000000 -1.000000 0.200000 0.500000 0.100000 60.000000 0.000000 -32927.608019 14.158131 6.524205
14 300.000000 -1.000000 0.200000 0.500000 0.100000 60.000000 0.000000 -32746.417370 0.741959 6.682990
12 300.000000 -1.000000 0.400000 0.500000 0.100000 40.000000 0.000000 -32929.142566 7.317386 7.849294
12 300.000000 -1.000000 0.400000 0.500000 0.100000 40.000000 0.000000 -33086.601494 2.984656 7.752878
11 300.000000 -1.000000 0.500000 0.500000 0.100000 30.000000 0.000000 -32846.301952 -1.905935 6.630446
9 300.000000 1.000000 0.400000 0.500000 0.100000 40.000000 0.000000 -32692.486171 6.218433 6.848165
8 300.000000 1.000000 0.300000 0.500000 0.100000 50.000000 0.000000 -32625.839854 2.412273 6.540325
10 300.000000 1.000000 0.500000 0.500000 0.100000 30.000000 0.000000 -32824.346734 5.376203 6.851955
9 300.000000 1.000000 0.400000 0.500000 0.100000 40.000000 0.000000 -33029.063105 3.611817 6.550709
9 300.000000 1.000000 0.400000 0.500000 0.100000 40.000000 0.000000 -32781.355424 3.824291 7.827833
8 300.000000 1.000000 0.300000 0.500000 0.100000 50.000000 0.000000 -32935.398097 2.931708 7.574957
12 300.000000 -1.000000 0.400000 0.500000 0.100000 40.000000 0.000000 -32952.189436 10.421966 6.607883
12 300.000000 -1.000000 0.400000 0.500000 0.100000 40.000000 0.000000 -32989.615275 1.064551 7.749964
11 300.000000 -1.000000 0.500000 0.500000 0.100000 30.000000 0.000000 -32755.869868 1.587019 6.392977
8 300.000000 1.000000 0.300000 0.500000 0.100000 50.000000 0.000000 -32736.900243 9.475527 8.247414
7 300.000000 1.000000 0.200000 0.500000 0.100000 60.000000 0.000000 -32869.357991 3.867098 6.956626
9 300.000000 1.000000 0.400000 0.500000 0.100000 40.000000 0.000000 -32674.296272 -3.421295 8.281798
11 300.000000 -1.000000 0.500000 0.500000 0.100000 30.000000 0.000000 -32914.061333 -3.516263 7.323863
9 300.000000 1.000000 0.400000 0.500000 0.100000 40.000000 0.000000 -32865.438704 -3.000146 6.959764
11 300.000000 -1.000000 0.500000 0.500000 0.100000 30.000000 0.000000 -32901.920941 -1.307316 8.243160
14 300.000000 -1.000000 0.200000 0.500000 0.100000 60.000000 0.000000 -32964.561252 -0.437970 6.958498
12 300.000000 -1.000000 0.400000 0.500000 0.100000 40.000000 0.000000 -32743.520477 3.714177 7.287051
13 300.000000 -1.000000 0.300000 0.500000 0.100000 50.000000 0.000000 -32930.632979 0.306295 6.398321
12 300.000000 -1.000000 0.400000 0.500000 0.100000 40.000000 0.000000 -32796.012252 3.382232 8.209659
12 300.000000 -1.000000 0.400000 0.500000 0.100000 40.000000 0.000000 -32812.289590 4.675170 6.573206
8 300.000000 1.000000 0.300000 0.500000 0.100000 50.000000 0.000000 -32993.234402 2.378847 8.045955
9 300.000000 1.000000 0.400000 0.500000 0.100000 40.000000 0.000000 -32841.345617 6.101245 6.809487
14 300.000000 -1.000000 0.200000 0.500000 0.100000 60.000000 0.000000 -32590.081884 13.365599 7.831197
14 300.000000 -1.000000 0.200000 0.500000 0.100000 60.000000 0.000000 -32906.241320 5.652862 6.524560
13 300.000000 -1.000000 0.300000 0.500000 0.100000 50.000000 0.000000 -32867.790514 7.841444 6.487851
13 300.000000 -1.000000 0.300000 0.500000 0.100000 50.000000 0.000000 -32910.306824 10.680547 6.413984
14 300.000000 -1.000000 0.200000 0.500000 0.100000 60.000000 0.000000 -32778.413435 9.424612 6.533808
15 300.000000 -1.000000 0.100000 0.500000 0.100000 70.000000 0.000000 -32943.864164 20.708988 7.017643
15 300.000000 -1.000000 0.100000 0.500000 0.100000 70.000000 0.000000 -32837.761605 33.948541 6.802051
16 300.000000 -1.000000 0.000000 0.500000 0.100000 80.000000 0.000000 -32769.173839 27.658767 6.673363
15 300.000000 -1.000000 0.100000 0.500000 0.100000 70.000000 0.000000 -32751.683217 15.810630 6.828173
15 300.000000 -1.000000 0.100000 0.500000 0.100000 70.000000 0.000000 -32758.755160 14.634853 6.423968
14 300.000000 -1.000000 0.200000 0.500000 0.100000 60.000000 0.000000 -32768.924131 13.435720 7.564710
13 300.000000 -1.000000 0.300000 0.500000 0.100000 50.000000 0.000000 -32771.115428 9.906908 7.018424
13 300.000000 -1.000000 0.300000 0.500000 0.100000 50.000000 0.000000 -32804.296857 6.723826 6.568847
14 300.000000 -1.000000 0.200000 0.500000 0.100000 60.000000 0.000000 -32959.028777 12.668712 6.600173
15 300.000000 -1.000000 0.100000 0.500000 0.100000 70.000000 0.000000 -32894.984639 32.174550 7.043858
15 300.000000 -1.000000 0.100000 0.500000 0.100000 70.000000 0.000000 -32759.107072 14.842199 6.778455
15 300.000000 -1.000000 0.100000 0.500000 0.100000 70.000000 0.000000 -32881.161119 6.666975 6.500701
15 300.000000 -1.000000 0.100000 0.500000 0.100000 70.000000 0.000000 -32728.726369 33.675229 6.543728
15 300.000000 -1.000000 0.100000 0.500000 0.100000 70.000000 0.000000 -32714.203545 23.788218 6.896065
14 300.000000 -1.000000 0.200000 0.500000 0.100000 60.000000 0.000000 -33009.334369 26.192802 7.860437
15 300.000000 -1.000000 0.100000 0.500000 0.100000 70.000000 0.000000 -32830.782532 8.239682 8.202991
15 300.000000 -1.000000 0.100000 0.500000 0.100000 70.000000 0.000000 -32940.825179 11.001528 7.403132
14 300.000000 -1.000000 0.200000 0.500000 0.100000 60.000000 0.000000 -32772.514456 15.993523 6.847249
14 300.000000 -1.000000 0.200000 0.500000 0.100000 60.000000 0.000000 -32964.255161 19.164030 6.540424
15 300.000000 -1.000000 0.100000 0.500000 0.100000 70.000000 0.000000 -32757.063883 13.022805 6.948934
14 300.000000 -1.000000 0.200000 0.500000 0.100000 60.000000 0.000000 -32915.159461 9.294043 7.390557
8 300.000000 1.000000 0.300000 0.500000 0.100000 50.000000 0.000000 -32951.877166 5.952396 6.505501
13 300.000000 -1.000000 0.300000 0.500000 0.100000 50.000000 0.000000 -32911.959788 2.324004 6.412544
12 300.000000 -1.000000 0.400000 0.500000 0.100000 40.000000 0.000000 -32860.573875 4.264548 6.537486
13 300.000000 -1.000000 0.300000 0.500000 0.100000 50.000000 0.000000 -32911.148687 6.168788 6.937565
12 300.000000 -1.000000 0.400000 0.500000 0.100000 40.000000 0.000000 -32779.172871 10.613357 6.797776
13 300.000000 -1.000000 0.300000 0.500000 0.100000 50.000000 0.000000 -32864.768445 2.380627 7.346044
12 300.000000 -1.000000 0.400000 0.500000 0.100000 40.000000 0.000000 -32872.264621 0.867762 7.560295
10 300.000000 1.000000 0.500000 0.500000 0.100000 30.000000 0.000000 -32611.739937 2.932380 6.392193
13 300.000000 -1.000000 0.300000 0.500000 0.100000 50.000000 0.000000 -32802.480585 3.566696 7.130400
12 300.000000 -1.000000 0.400000 0.500000 0.100000 40.000000 0.000000 -32952.742802 3.932880 7.041656
7 300.000000 1.000000 0.200000 0.500000 0.100000 60.000000 0.000000 -32802.712913 16.030848 6.769425
7 300.000000 1.000000 0.200000 0.500000 0.100000 60.000000 0.000000 -32864.797073 16.035116 8.275656
7 300.000000 1.000000 0.200000 0.500000 0.100000 60.000000 0.000000 -32817.290218 16.272656 6.391477
7 300.000000 1.000000 0.200000 0.500000 0.100000 60.000000 0.000000 -32747.906816 9.419091 6.449087
7 300.000000 1.000000 0.200000 0.500000 0.100000 60.000000 0.000000 -32973.347763 -1.087623 6.994399
10 300.000000 1.000000 0.500000 0.500000 0.100000 30.000000 0.000000 -32722.248710 -4.163814 7.114676
12 300.000000 -1.000000 0.400000 0.500000 0.100000 40.000000 0.000000 -32889.083336 2.362014 7.609575
11 300.000000 -1.000000 0.500000 0.500000 0.100000 30.000000 0.000000 -32778.630264 -6.489808 7.893883
11 300.000000 -1.000000 0.500000 0.500000 0.100000 30.000000 0.000000 -33000.782780 -2.114781 6.632605
10 300.000000 1.000000 0.500000 0.500000 0.100000 30.000000 0.000000 -32950.275309 -8.403523 7.780065
10 300.000000 1.000000 0.500000 0.500000 0.100000 30.000000 0.000000 -32879.456181 -2.012834 6.412386
7 300.000000 1.000000 0.200000 0.500000 0.100000 60.000000 0.000000 -32749.140447 10.772599 6.390100
8 300.000000 1.000000 0.300000 0.500000 0.100000 50.000000 0.000000 -33004.994217 4.464985 8.266772
10 300.000000 1.000000 0.500000 0.500000 0.100000 30.000000 0.000000 -32842.484848 -4.869523 6.856714
12 300.000000 -1.000000 0.400000 0.500000 0.100000 40.000000 0.000000 -32828.035934 4.243769 6.419829
13 300.000000 -1.000000 0.300000 0.500000 0.100000 50.000000 0.000000 -32931.383605 7.538690 8.141528
12 300.000000 -1.000000 0.400000 0.500000 0.100000 40.000000 0.000000 -32887.728802 2.619315 6.637547
10 300.000000 1.000000 0.500000 0.500000 0.100000 30.000000 0.000000 -32986.710627 -0.350368 6.460906
9 300.000000 1.000000 0.400000 0.500000 0.100000 40.000000 0.000000 -32862.028523 0.062599 6.606306
9 300.000000 1.000000 0.400000 0.500000 0.100000 40.000000 0.000000 -32881.103231 4.493065 7.396092
11 300.000000 -1.000000 0.500000 0.500000 0.100000 30.000000 0.000000 -32790.555066 -4.099456 6.494524
11 300.000000 -1.000000 0.500000 0.500000 0.100000 30.000000 0.000000 -32859.484695 0.225771 6.541583
9 300.000000 1.000000 0.400000 0.500000 0.100000 40.000000 0.000000 -32808.124214 3.496616 7.665140
9 300.000000 1.000000 0.400000 0.500000 0.100000 40.000000 0.000000 -32889.248564 6.854535 7.371953
9 300.000000 1.000000 0.400000 0.500000 0.100000 40.000000 0.000000 -32867.733773 -2.273731 6.389710
9 300.000000 1.000000 0.400000 0.500000 0.100000 40.000000 0.000000 -32882.416614 3.759552 7.471010
8 300.000000 1.000000 0.300000 0.500000 0.100000 50.000000 0.000000 -32895.186035 15.552716 8.225077
8 300.000000 1.000000 0.300000 0.500000 0.100000 50.000000 0.000000 -32916.603617 7.305969 6.421214
8 300.000000 1.000000 0.300000 0.500000 0.100000 50.000000 0.000000 -32944.712176 11.668090 6.736260
7 300.000000 1.000000 0.200000 0.500000 0.100000 60.000000 0.000000 -32777.216908 11.879245 6.537253
7 300.000000 1.000000 0.200000 0.500000 0.100000 60.000000 0.000000 -32918.658025 19.961285 6.729463
8 300.000000 1.000000 0.300000 0.500000 0.100000 50.000000 0.000000 -32824.223719 4.272308 6.637329
8 300.000000 1.000000 0.300000 0.500000 0.100000 50.000000 0.000000 -32797.786224 14.664985 6.399251
7 300.000000 1.000000 0.200000 0.500000 0.100000 60.000000 0.000000 -32761.150260 11.161407 6.904587
8 300.000000 1.000000 0.300000 0.500000 0.100000 50.000000 0.000000 -32881.517628 15.086373 7.303346
9 300.000000 1.000000 0.400000 0.500000 0.100000 40.000000 0.000000 -32935.835078 11.881557 8.051724
7 300.000000 1.000000 0.200000 0.500000 0.100000 60.000000 0.000000 -32866.198306 19.713806 7.053610
7 300.000000 1.000000 0.200000 0.500000 0.100000 60.000000 0.000000 -32928.247451 15.891671 6.404473
7 300.000000 1.000000 0.200000 0.500000 0.100000 60.000000 0.000000 -32916.136102 16.209727 6.763214
8 300.000000 1.000000 0.300000 0.500000 0.100000 50.000000 0.000000 -32816.829302 4.099050 6.484216
8 300.000000 1.000000 0.300000 0.500000 0.100000 50.000000 0.000000 -32785.523573 13.387129 8.283474
8 300.000000 1.000000 0.300000 0.500000 0.100000 50.000000 0.000000 -32788.521128 7.331091 6.694602
7 300.000000 1.000000 0.200000 0.500000 0.100000 60.000000 0.000000 -32846.728755 21.049504 7.434665
7 300.000000 1.000000 0.200000 0.500000 0.100000 60.000000 0.000000 -32900.453454 26.591210 6.579077
7 300.000000 1.000000 0.200000 0.500000 0.100000 60.000000 0.000000 -33002.723974 13.022937 6.399940
9 300.000000 1.000000 0.400000 0.500000 0.100000 40.000000 0.000000 -32754.165505 8.483360 6.437835
11 300.000000 -1.000000 0.500000 0.500000 0.100000 30.000000 0.000000 -32886.529671 1.220541 6.625921
12 300.000000 -1.000000 0.400000 0.500000 0.100000 40.000000 0.000000 -32753.063062 2.413876 6.578556
9 300.000000 1.000000 0.400000 0.500000 0.100000 40.000000 0.000000 -32744.906846 1.308677 8.112134
13 300.000000 -1.000000 0.300000 0.500000 0.100000 50.000000 0.000000 -32769.619431 -0.062610 8.162212
13 300.000000 -1.000000 0.300000 0.500000 0.100000 50.000000 0.000000 -32836.163305 9.585582 6.685286
8 300.000000 1.000000 0.300000 0.500000 0.100000 50.000000 0.000000 -32819.522461 8.360688 7.822559
7 300.000000 1.000000 0.200000 0.500000 0.100000 60.000000 0.000000 -32880.278334 16.212471 6.393677
7 300.000000 1.000000 0.200000 0.500000 0.100000 60.000000 0.000000 -32925.686298 10.749317 6.389800
8 300.000000 1.000000 0.300000 0.500000 0.100000 50.000000 0.000000 -32988.873393 11.094894 6.837959
8 300.000000 1.000000 0.300000 0.500000 0.100000 50.000000 0.000000 -32729.540593 5.211483 6.395856
8 300.000000 1.000000 0.300000 0.500000 0.100000 50.000000 0.000000 -33035.309966 12.412781 6.417293
8 300.000000 1.000000 0.300000 0.500000 0.100000 50.000000 0.000000 -32909.499779 4.998799 6.620017
11 300.000000 -1.000000 0.500000 0.500000 0.100000 30.000000 0.000000 -32847.717051 10.527974 6.633581
7 300.000000 1.000000 0.200000 0.500000 0.100000 60.000000 0.000000 -32678.031979 4.620645 6.433768
10 300.000000 1.000000 0.500000 0.500000 0.100000 30.000000 0.000000 -32909.026101 -2.902055 7.730848
9 300.000000 1.000000 0.400000 0.500000 0.100000 40.000000 0.000000 -32802.671986 5.339835 6.771314
9 300.000000 1.000000 0.400000 0.500000 0.100000 40.000000 0.000000 -32860.847828 2.978955 6.475196
7 300.000000 1.000000 0.200000 0.500000 0.100000 60.000000 0.000000 -32839.392072 9.162039 6.425743
7 300.000000 1.000000 0.200000 0.500000 0.100000 60.000000 0.000000 -32717.783644 13.255272 6.622499
8 300.000000 1.000000 0.300000 0.500000 0.100000 50.000000 0.000000 -32928.811573 10.798300 6.617897
6 300.000000 1.000000 0.100000 0.500000 0.100000 70.000000 0.000000 -32807.768512 23.527237 7.627262
6 300.000000 1.000000 0.100000 0.500000 0.100000 70.000000 0.000000 -32844.389656 22.688652 8.157458
6 300.000000 1.000000 0.100000 0.500000 0.100000 70.000000 0.000000 -32772.554328 16.026178 8.244018
7 300.000000 1.000000 0.200000 0.500000 0.100000 60.000000 0.000000 -32865.532038 19.554398 7.133150
6 300.000000 1.000000 0.100000 0.500000 0.100000 70.000000 0.000000 -32943.943931 24.901056 8.136915
7 300.000000 1.000000 0.200000 0.500000 0.100000 60.000000 0.000000 -32762.990783 10.876551 5.615990
9 300.000000 1.000000 0.400000 0.500000 0.100000 40.000000 0.000000 -32825.518098 4.225442 6.407909
12 300.000000 -1.000000 0.400000 0.500000 0.100000 40.000000 0.000000 -32726.018201 4.115458 8.165413
8 300.000000 1.000000 0.300000 0.500000 0.100000 50.000000 0.000000 -32783.652155 -0.780044 6.995109
10 300.000000 1.000000 0.500000 0.500000 0.100000 30.000000 0.000000 -32748.497166 -2.074652 6.520155
9 300.000000 1.000000 0.400000 0.500000 0.100000 40.000000 0.000000 -32929.068370 4.587243 6.918645
11 300.000000 -1.000000 0.500000 0.500000 0.100000 30.000000 0.000000 -32870.296869 0.165749 8.105447
12 300.000000 -1.000000 0.400000 0.500000 0.100000 40.000000 0.000000 -32743.466542 5.352091 6.397711
13 300.000000 -1.000000 0.300000 0.500000 0.100000 50.000000 0.000000 -32892.847991 6.358643 8.054077
14 300.000000 -1.000000 0.200000 0.500000 0.100000 60.000000 0.000000 -32885.903953 11.728925 6.398758
14 300.000000 -1.000000 0.200000 0.500000 0.100000 60.000000 0.000000 -32790.033403 2.876573 6.409975
8 300.000000 1.000000 0.300000 0.500000 0.100000 50.000000 0.000000 -32802.215951 13.158400 6.448589
7 300.000000 1.000000 0.200000 0.500000 0.100000 60.000000 0.000000 -32883.020596 7.399941 6.393466
9 300.000000 1.000000 0.400000 0.500000 0.100000 40.000000 0.000000 -32798.793031 9.618984 6.445959
7 300.000000 1.000000 0.200000 0.500000 0.100000 60.000000 0.000000 -32958.119874 13.263895 7.090644
8 300.000000 1.000000 0.300000 0.500000 0.100000 50.000000 0.000000 -32815.682187 4.888812 7.352378
9 300.000000 1.000000 0.400000 0.500000 0.100000 40.000000 0.000000 -32792.434328 -3.801550 6.575170
10 300.000000 1.000000 0.500000 0.500000 0.100000 30.000000 0.000000 -32899.722918 -3.901580 7.626826
10 300.000000 1.000000 0.500000 0.500000 0.100000 30.000000 0.000000 -32917.211190 1.536051 6.395252
10 300.000000 1.000000 0.500000 0.500000 0.100000 30.000000 0.000000 -32962.209120 1.886861 7.577573
10 300.000000 1.000000 0.500000 0.500000 0.100000 30.000000 0.000000 -32751.161230 6.661954 6.654489
13 300.000000 -1.000000 0.300000 0.500000 0.100000 50.000000 0.000000 -32881.020145 13.541527 6.882122
10 300.000000 1.000000 0.500000 0.500000 0.100000 30.000000 0.000000 -32967.166946 3.572960 6.707461
12 300.000000 -1.000000 0.400000 0.500000 0.100000 40.000000 0.000000 -32934.880922 3.931730 6.409576
12 300.000000 -1.000000 0.400000 0.500000 0.100000 40.000000 0.000000 -32950.641651 5.201018 6.551645
12 300.000000 -1.000000 0.400000 0.500000 0.100000 40.000000 0.000000 -32840.663978 -4.351615 6.414598
11 300.000000 -1.000000 0.500000 0.500000 0.100000 30.000000 0.000000 -33005.345749 5.843405 7.562376
12 300.000000 -1.000000 0.400000 0.500000 0.100000 40.000000 0.000000 -32855.127939 0.308985 6.637846
12 300.000000 -1.000000 0.400000 0.500000 0.100000 40.000000 0.000000 -32907.291300 3.919491 6.391392
9 300.000000 1.000000 0.400000 0.500000 0.100000 40.000000 0.000000 -32761.497817 -6.153175 7.076708
10 300.000000 1.000000 0.500000 0.500000 0.100000 30.000000 0.000000 -32918.405658 2.046738 7.025054
9 300.000000 1.000000 0.400000 0.500000 0.100000 40.000000 0.000000 -32856.115801 11.937169 7.115537
7 300.000000 1.000000 0.200000 0.500000 0.100000 60.000000 0.000000 -32904.923084 10.488799 6.482996
7 300.000000 1.000000 0.200000 0.500000 0.100000 60.000000 0.000000 -32998.984622 11.605371 7.940668
7 300.000000 1.000000 0.200000 0.500000 0.100000 60.000000 0.000000 -32958.151895 16.178974 6.936103
7 300.000000 1.000000 0.200000 0.500000 0.100000 60.000000 0.000000 -32774.440894 4.375848 6.524693
14 300.000000 -1.000000 0.200000 0.500000 0.100000 60.000000 0.000000 -32799.575601 15.619547 6.412350
15 300.000000 -1.000000 0.100000 0.500000 0.100000 70.000000 0.000000 -32851.586389 24.386845 6.615986
14 300.000000 -1.000000 0.200000 0.500000 0.100000 60.000000 0.000000 -32905.650891 5.549793 6.418283
12 300.000000 -1.000000 0.400000 0.500000 0.100000 40.000000 0.000000 -33000.626555 -3.932869 7.702079
12 300.000000 -1.000000 0.400000 0.500000 0.100000 40.000000 0.000000 -32989.496016 12.987164 8.271104
15 300.000000 -1.000000 0.100000 0.500000 0.100000 70.000000 0.000000 -32857.020960 23.747813 6.903384
14 300.000000 -1.000000 0.200000 0.500000 0.100000 60.000000 0.000000 -32849.531591 13.675759 7.488044
12 300.000000 -1.000000 0.400000 0.500000 0.100000 40.000000 0.000000 -32931.019383 -3.872733 7.923061
12 300.000000 -1.000000 0.400000 0.500000 0.100000 40.000000 0.000000 -32840.198612 -4.643216 7.944832
8 300.000000 1.000000 0.300000 0.500000 0.100000 50.000000 0.000000 -32859.768838 7.926703 7.164123
9 300.000000 1.000000 0.400000 0.500000 0.100000 40.000000 0.000000 -32956.837498 4.153487 6.440965
12 300.000000 -1.000000 0.400000 0.500000 0.100000 40.000000 0.000000 -32865.080344 3.327655 6.559003
9 300.000000 1.000000 0.400000 0.500000 0.100000 40.000000 0.000000 -32805.719125 8.569255 6.909342
8 300.000000 1.000000 0.300000 0.500000 0.100000 50.000000 0.000000 -32871.096323 8.065868 7.082945
8 300.000000 1.000000 0.300000 0.500000 0.100000 50.000000 0.000000 -32890.388013 13.182282 7.874530
8 300.000000 1.000000 0.300000 0.500000 0.100000 50.000000 0.000000 -32823.352879 3.295837 7.635178
9 300.000000 1.000000 0.400000 0.500000 0.100000 40.000000 0.000000 -32882.546860 3.434483 6.671435
9 300.000000 1.000000 0.400000 0.500000 0.100000 40.000000 0.000000 -32845.183549 2.574193 7.073015
12 300.000000 -1.000000 0.400000 0.500000 0.100000 40.000000 0.000000 -33020.513188 1.280900 6.450692
8 300.000000 1.000000 0.300000 0.500000 0.100000 50.000000 0.000000 -32886.025932 6.826240 7.933561
13 300.000000 -1.000000 0.300000 0.500000 0.100000 50.000000 0.000000 -32782.316076 11.214178 8.195818
14 300.000000 -1.000000 0.200000 0.500000 0.100000 60.000000 0.000000 -32786.365478 12.094313 6.512621
13 300.000000 -1.000000 0.300000 0.500000 0.100000 50.000000 0.000000 -32871.186692 12.359072 6.552387
14 300.000000 -1.000000 0.200000 0.500000 0.100000 60.000000 0.000000 -32928.134370 12.519629 6.390004
14 300.000000 -1.000000 0.200000 0.500000 0.100000 60.000000 0.000000 -32870.160966 6.810884 7.798219
12 300.000000 -1.000000 0.400000 0.500000 0.100000 40.000000 0.000000 -32855.375552 2.932384 7.532726
13 300.000000 -1.000000 0.300000 0.500000 0.100000 50.000000 0.000000 -32834.617676 6.976788 7.408451
12 300.000000 -1.000000 0.400000 0.500000 0.100000 40.000000 0.000000 -32903.318282 6.558745 6.607452
9 300.000000 1.000000 0.400000 0.500000 0.100000 40.000000 0.000000 -32936.258870 7.372604 6.517315
7 300.000000 1.000000 0.200000 0.500000 0.100000 60.000000 0.000000 -32860.924766 9.423971 8.191014
8 300.000000 1.000000 0.300000 0.500000 0.100000 50.000000 0.000000 -32916.643366 6.624185 8.194039
9 300.000000 1.000000 0.400000 0.500000 0.100000 40.000000 0.000000 -32812.049815 6.966906 7.875132
10 300.000000 1.000000 0.500000 0.500000 0.100000 30.000000 0.000000 -32891.826509 5.738344 7.109646
14 300.000000 -1.000000 0.200000 0.500000 0.100000 60.000000 0.000000 -32716.968798 7.504566 6.390660
12 300.000000 -1.000000 0.400000 0.500000 0.100000 40.000000 0.000000 -32886.279653 1.665950 7.991210
11 300.000000 -1.000000 0.500000 0.500000 0.100000 30.000000 0.000000 -32853.792727 1.327485 6.619683
14 300.000000 -1.000000 0.200000 0.500000 0.100000 60.000000 0.000000 -32773.733156 21.774319 6.750133
15 300.000000 -1.000000 0.100000 0.500000 0.100000 70.000000 0.000000 -32930.802182 17.133252 6.803995
13 300.000000 -1.000000 0.300000 0.500000 0.100000 50.000000 0.000000 -33009.097939 6.869056 6.559957
13 300.000000 -1.000000 0.300000 0.500000 0.100000 50.000000 0.000000 -32823.903350 1.653036 7.438833
11 300.000000 -1.000000 0.500000 0.500000 0.100000 30.000000 0.000000 -32990.446704 -6.443341 7.889468
10 300.000000 1.000000 0.500000 0.500000 0.100000 30.000000 0.000000 -32807.877999 -8.457596 6.785029
10 300.000000 1.000000 0.500000 0.500000 0.100000 30.000000 0.000000 -32855.634089 -11.031083 6.886581
11 300.000000 -1.000000 0.500000 0.500000 0.100000 30.000000 0.000000 -32648.635648 -5.492776 6.545400
11 300.000000 -1.000000 0.500000 0.500000 0.100000 30.000000 0.000000 -32787.235746 10.726427 7.053113
8 300.000000 1.000000 0.300000 0.500000 0.100000 50.000000 0.000000 -32768.345278 7.545288 6.472573
7 300.000000 1.000000 0.200000 0.500000 0.100000 60.000000 0.000000 -32888.080644 8.159413 6.728595
9 300.000000 1.000000 0.400000 0.500000 0.100000 40.000000 0.000000 -32931.161044 7.471275 7.313944
8 300.000000 1.000000 0.300000 0.500000 0.100000 50.000000 0.000000 -32904.842751 10.388404 7.013677
7 300.000000 1.000000 0.200000 0.500000 0.100000 60.000000 0.000000 -32786.529592 18.510525 7.007722
7 300.000000 1.000000 0.200000 0.500000 0.100000 60.000000 0.000000 -32916.429385 12.551302 6.739470
7 300.000000 1.000000 0.200000 0.500000 0.100000 60.000000 0.000000 -32940.146786 11.443086 8.260041
8 300.000000 1.000000 0.300000 0.500000 0.100000 50.000000 0.000000 -32924.352733 10.519418 7.936290
9 300.000000 1.000000 0.400000 0.500000 0.100000 40.000000 0.000000 -32658.334898 0.596534 8.241735
8 300.000000 1.000000 0.300000 0.500000 0.100000 50.000000 0.000000 -32768.144762 4.975645 6.421361
9 300.000000 1.000000 0.400000 0.500000 0.100000 40.000000 0.000000 -32836.408289 -0.592127 6.582602
9 300.000000 1.000000 0.400000 0.500000 0.100000 40.000000 0.000000 -32806.342510 14.187150 6.507951
7 300.000000 1.000000 0.200000 0.500000 0.100000 60.000000 0.000000 -32829.608959 21.285032 5.148360
6 300.000000 1.000000 0.100000 0.500000 0.100000 70.000000 0.000000 -32829.563623 19.485310 7.483781
7 300.000000 1.000000 0.200000 0.500000 0.100000 60.000000 0.000000 -32747.475440 5.489519 6.400242
10 300.000000 1.000000 0.500000 0.500000 0.100000 30.000000 0.000000 -32735.048936 -7.954991 6.630980
11 300.000000 -1.000000 0.500000 0.500000 0.100000 30.000000 0.000000 -32723.970469 -10.907636 7.748905
11 300.000000 -1.000000 0.500000 0.500000 0.100000 30.000000 0.000000 -32794.895502 -0.518947 6.459722
10 300.000000 1.000000 0.500000 0.500000 0.100000 30.000000 0.000000 -32877.012585 -0.917794 6.744461
9 300.000000 1.000000 0.400000 0.500000 0.100000 40.000000 0.000000 -32722.297552 -0.772379 6.495418
9 300.000000 1.000000 0.400000 0.500000 0.100000 40.000000 0.000000 -32877.495756 2.881093 7.420544
9 300.000000 1.000000 0.400000 0.500000 0.100000 40.000000 0.000000 -32860.918821 -1.433365 7.953980
11 300.000000 -1.000000 0.500000 0.500000 0.100000 30.000000 0.000000 -32842.020809 -2.325325 8.244768
10 300.000000 1.000000 0.500000 0.500000 0.100000 30.000000 0.000000 -32816.101945 4.744479 7.406577
8 300.000000 1.000000 0.300000 0.500000 0.100000 50.000000 0.000000 -32888.642172 0.254913 6.691572
12 300.000000 -1.000000 0.400000 0.500000 0.100000 40.000000 0.000000 -32698.446478 -2.689029 6.433895
12 300.000000 -1.000000 0.400000 0.500000 0.100000 40.000000 0.000000 -32888.212883 -0.794960 6.564649
12 300.000000 -1.000000 0.400000 0.500000 0.100000 40.000000 0.000000 -32866.029766 5.189364 6.535612
12 300.000000 -1.000000 0.400000 0.500000 0.100000 40.000000 0.000000 -32680.570499 7.202068 6.814067
13 300.000000 -1.000000 0.300000 0.500000 0.100000 50.000000 0.000000 -32916.102920 3.503853 6.468058
11 300.000000 -1.000000 0.500000 0.500000 0.100000 30.000000 0.000000 -33033.242878 -4.143387 7.121265
11 300.000000 -1.000000 0.500000 0.500000 0.100000 30.000000 0.000000 -32834.250909 2.776958 7.107639
11 300.000000 -1.000000 0.500000 0.500000 0.100000 30.000000 0.000000 -32830.561295 0.167206 8.095811
10 300.000000 1.000000 0.500000 0.500000 0.100000 30.000000 0.000000 -32899.336742 -0.666651 6.686969
12 300.000000 -1.000000 0.400000 0.500000 0.100000 40.000000 0.000000 -32725.545155 10.163172 6.786212
13 300.000000 -1.000000 0.300000 0.500000 0.100000 50.000000 0.000000 -32851.391159 8.862898 7.203103
13 300.000000 -1.000000 0.300000 0.500000 0.100000 50.000000 0.000000 -32837.258108 9.134480 6.955318
15 300.000000 -1.000000 0.100000 0.500000 0.100000 70.000000 0.000000 -32926.490185 27.251835 6.663952
15 300.000000 -1.000000 0.100000 0.500000 0.100000 70.000000 0.000000 -32920.848765 24.854548 7.473532
15 300.000000 -1.000000 0.100000 0.500000 0.100000 70.000000 0.000000 -32920.668902 25.789954 6.704401
15 300.000000 -1.000000 0.100000 0.500000 0.100000 70.000000 0.000000 -32935.919318 24.293821 6.623544
15 300.000000 -1.000000 0.100000 0.500000 0.100000 70.000000 0.000000 -32868.678506 20.339258 6.672627
14 300.000000 -1.000000 0.200000 0.500000 0.100000 60.000000 0.000000 -32750.679968 13.770778 6.487621
14 300.000000 -1.000000 0.200000 0.500000 0.100000 60.000000 0.000000 -32817.383437 16.519362 6.750222
17 300.000000 -1.000000 0.000000 0.400000 0.100000 90.000000 0.000000 -32868.926165 57.293826 7.086669
17 300.000000 -1.000000 0.000000 0.400000 0.100000 90.000000 0.000000 -32820.915098 54.649641 6.779987
16 300.000000 -1.000000 0.000000 0.500000 0.100000 80.000000 0.000000 -32886.581299 41.455895 8.160157
16 300.000000 -1.000000 0.000000 0.500000 0.100000 80.000000 0.000000 -32739.949262 31.183038 6.392407
17 300.000000 -1.000000 0.000000 0.400000 0.100000 90.000000 0.000000 -32781.654214 57.256168 6.419201
16 300.000000 -1.000000 0.000000 0.500000 0.100000 80.000000 0.000000 -32842.389038 53.004726 6.421054
17 300.000000 -1.000000 0.000000 0.400000 0.100000 90.000000 0.000000 -32734.528579 60.010320 7.410889
16 300.000000 -1.000000 0.000000 0.500000 0.100000 80.000000 0.000000 -32832.446388 32.796298 6.486478
15 300.000000 -1.000000 0.100000 0.500000 0.100000 70.000000 0.000000 -32893.151943 16.073820 6.417465
15 300.000000 -1.000000 0.100000 0.500000 0.100000 70.000000 0.000000 -32804.277391 25.988585 6.390627
15 300.000000 -1.000000 0.100000 0.500000 0.100000 70.000000 0.000000 -32667.259748 27.023471 7.190962
15 300.000000 -1.000000 0.100000 0.500000 0.100000 70.000000 0.000000 -32856.714847 15.722749 6.902205
14 300.000000 -1.000000 0.200000 0.500000 0.100000 60.000000 0.000000 -33006.775745 20.441496 8.126888
15 300.000000 -1.000000 0.100000 0.500000 0.100000 70.000000 0.000000 -32926.530220 46.478857 7.613837
16 300.000000 -1.000000 0.000000 0.500000 0.100000 80.000000 0.000000 -32765.121600 68.042007 7.078348
16 300.000000 -1.000000 0.000000 0.500000 0.100000 80.000000 0.000000 -32792.010181 47.618280 7.477957
16 300.000000 -1.000000 0.000000 0.500000 0.100000 80.000000 0.000000 -32732.651364 53.698145 8.036373
16 300.000000 -1.000000 0.000000 0.500000 0.100000 80.000000 0.000000 -32847.229735 47.918061 6.395896
19 300.000000 -1.000000 0.000000 0.200000 0.100000 110.000000 0.000000 -32763.560997 103.214288 6.778088
19 300.000000 -1.000000 0.000000 0.200000 0.100000 110.000000 0.000000 -32667.074304 64.963916 7.340465
16 300.000000 -1.000000 0.000000 0.500000 0.100000 80.000000 0.000000 -32674.489698 58.710217 7.191959
19 300.000000 -1.000000 0.000000 0.200000 0.100000 110.000000 0.000000 -32742.315282 115.454788 6.436525
19 300.000000 -1.000000 0.000000 0.200000 0.100000 110.000000 0.000000 -32733.475599 27.520861 7.144059
16 300.000000 -1.000000 0.000000 0.500000 0.100000 80.000000 0.000000 -32806.565008 49.829040 6.440814
18 300.000000 -1.000000 0.000000 0.300000 0.100000 100.000000 0.000000 -32721.350379 59.844349 6.692404
17 300.000000 -1.000000 0.000000 0.400000 0.100000 90.000000 0.000000 -32805.894688 50.936897 6.975493
18 300.000000 -1.000000 0.000000 0.300000 0.100000 100.000000 0.000000 -32953.021992 99.008175 8.199744
18 300.000000 -1.000000 0.000000 0.300000 0.100000 100.000000 0.000000 -32736.073337 78.437844 6.428351
17 300.000000 -1.000000 0.000000 0.400000 0.100000 90.000000 0.000000 -32801.568112 77.183922 6.392436
19 300.000000 -1.000000 0.000000 0.200000 0.100000 110.000000 0.000000 -32784.142333 144.636988 7.726783
19 300.000000 -1.000000 0.000000 0.200000 0.100000 110.000000 0.000000 -32780.235189 128.714425 7.904338
19 300.000000 -1.000000 0.000000 0.200000 0.100000 110.000000 0.000000 -32813.085999 41.257281 6.407089
16 300.000000 -1.000000 0.000000 0.500000 0.100000 80.000000 0.000000 -32931.784326 46.352096 7.456746
16 300.000000 -1.000000 0.000000 0.500000 0.100000 80.000000 0.000000 -32874.386951 72.036046 6.948897
18 300.000000 -1.000000 0.000000 0.300000 0.100000 100.000000 0.000000 -32807.789038 79.306848 3.063808
18 300.000000 -1.000000 0.000000 0.300000 0.100000 100.000000 0.000000 -32852.162832 67.238315 7.412103
19 300.000000 -1.000000 0.000000 0.200000 0.100000 110.000000 0.000000 -32826.718323 61.915908 6.852585
16 300.000000 -1.000000 0.000000 0.500000 0.100000 80.000000 0.000000 -32778.677015 67.416110 7.242124
16 300.000000 -1.000000 0.000000 0.500000 0.100000 80.000000 0.000000 -32772.395951 49.917603 1.779937
17 300.000000 -1.000000 0.000000 0.400000 0.100000 90.000000 0.000000 -32858.937926 65.297375 4.219612
17 300.000000 -1.000000 0.000000 0.400000 0.100000 90.000000 0.000000 -32821.680875 69.946798 7.508807
17 300.000000 -1.000000 0.000000 0.400000 0.100000 90.000000 0.000000 -32646.496053 79.655582 6.731533
17 300.000000 -1.000000 0.000000 0.400000 0.100000 90.000000 0.000000 -32865.416036 55.759365 0.364407
16 300.000000 -1.000000 0.000000 0.500000 0.100000 80.000000 0.000000 -32871.096510 49.737211 4.089959
18 300.000000 -1.000000 0.000000 0.300000 0.100000 100.000000 0.000000 -32894.334938 63.368418 6.446669
19 300.000000 -1.000000 0.000000 0.200000 0.100000 110.000000 0.000000 -32801.535340 72.316805 6.532971
17 300.000000 -1.000000 0.000000 0.400000 0.100000 90.000000 0.000000 -32749.215996 74.151969 7.984660
17 300.000000 -1.000000 0.000000 0.400000 0.100000 90.000000 0.000000 -32816.601023 74.022312 7.839019
18 300.000000 -1.000000 0.000000 0.300000 0.100000 100.000000 0.000000 -32903.954499 28.248948 7.185953
15 300.000000 -1.000000 0.100000 0.500000 0.100000 70.000000 0.000000 -32841.255472 14.100909 7.071511
15 300.000000 -1.000000 0.100000 0.500000 0.100000 70.000000 0.000000 -32721.995973 21.147663 7.177984
15 300.000000 -1.000000 0.100000 0.500000 0.100000 70.000000 0.000000 -32932.501392 9.505704 7.900470
14 300.000000 -1.000000 0.200000 0.500000 0.100000 60.000000 0.000000 -32882.751884 15.071036 6.461481
15 300.000000 -1.000000 0.100000 0.500000 0.100000 70.000000 0.000000 -32660.932827 44.485050 6.720959
15 300.000000 -1.000000 0.100000 0.500000 0.100000 70.000000 0.000000 -32761.815538 29.213158 6.620672
15 300.000000 -1.000000 0.100000 0.500000 0.100000 70.000000 0.000000 -32823.983354 31.932810 6.717771
15 300.000000 -1.000000 0.100000 0.500000 0.100000 70.000000 0.000000 -32804.626672 31.306285 6.627878
15 300.000000 -1.000000 0.100000 0.500000 0.100000 70.000000 0.000000 -32858.840240 31.459937 7.910563
17 300.000000 -1.000000 0.000000 0.400000 0.100000 90.000000 0.000000 -32920.365088 50.754965 6.678636
17 300.000000 -1.000000 0.000000 0.400000 0.100000 90.000000 0.000000 -32639.551229 70.388700 7.162455
19 300.000000 -1.000000 0.000000 0.200000 0.100000 110.000000 0.000000 -32862.510551 84.078091 6.552945
18 300.000000 -1.000000 0.000000 0.300000 0.100000 100.000000 0.000000 -32909.017579 41.254087 7.081631
16 300.000000 -1.000000 0.000000 0.500000 0.100000 80.000000 0.000000 -32880.968701 37.119645 7.540512
16 300.000000 -1.000000 0.000000 0.500000 0.100000 80.000000 0.000000 -32754.437540 27.904736 6.603551
16 300.000000 -1.000000 0.000000 0.500000 0.100000 80.000000 0.000000 -32716.739770 48.649312 6.816620
17 300.000000 -1.000000 0.000000 0.400000 0.100000 90.000000 0.000000 -32638.239785 36.777574 6.753331
17 300.000000 -1.000000 0.000000 0.400000 0.100000 90.000000 0.000000 -32827.555462 50.636998 6.520979
17 300.000000 -1.000000 0.000000 0.400000 0.100000 90.000000 0.000000 -32818.600365 27.630323 6.684715
15 300.000000 -1.000000 0.100000 0.500000 0.100000 70.000000 0.000000 -32768.970187 6.030069 7.059454
10 300.000000 1.000000 0.500000 0.500000 0.100000 30.000000 0.000000 -32969.635514 -1.286395 6.456836
9 300.000000 1.000000 0.400000 0.500000 0.100000 40.000000 0.000000 -32887.459607 8.221634 6.530621
8 300.000000 1.000000 0.300000 0.500000 0.100000 50.000000 0.000000 -32728.089394 8.671963 7.097925
8 300.000000 1.000000 0.300000 0.500000 0.100000 50.000000 0.000000 -32928.408299 6.866713 7.570773
13 300.000000 -1.000000 0.300000 0.500000 0.100000 50.000000 0.000000 -33015.384161 1.882085 7.587586
13 300.000000 -1.000000 0.300000 0.500000 0.100000 50.000000 0.000000 -32818.237259 15.910056 6.525662
15 300.000000 -1.000000 0.100000 0.500000 0.100000 70.000000 0.000000 -32757.235355 29.181582 6.630180
15 300.000000 -1.000000 0.100000 0.500000 0.100000 70.000000 0.000000 -32900.213555 23.474701 6.477562
15 300.000000 -1.000000 0.100000 0.500000 0.100000 70.000000 0.000000 -32899.949623 30.536416 7.342645
15 300.000000 -1.000000 0.100000 0.500000 0.100000 70.000000 0.000000 -32769.720380 24.155289 6.405442
14 300.000000 -1.000000 0.200000 0.500000 0.100000 60.000000 0.000000 -32844.035313 11.384892 7.776347
13 300.000000 -1.000000 0.300000 0.500000 0.100000 50.000000 0.000000 -32949.206297 8.465839 7.871885
15 300.000000 -1.000000 0.100000 0.500000 0.100000 70.000000 0.000000 -32751.613470 39.035545 8.276070
15 300.000000 -1.000000 0.100000 0.500000 0.100000 70.000000 0.000000 -32875.531636 21.815223 6.602701
15 300.000000 -1.000000 0.100000 0.500000 0.100000 70.000000 0.000000 -32835.251303 11.972687 7.686880
12 300.000000 -1.000000 0.400000 0.500000 0.100000 40.000000 0.000000 -32987.811993 7.163617 7.218410
14 300.000000 -1.000000 0.200000 0.500000 0.100000 60.000000 0.000000 -32976.294158 20.853299 8.043560
15 300.000000 -1.000000 0.100000 0.500000 0.100000 70.000000 0.000000 -32736.457245 38.751927 7.570244
15 300.000000 -1.000000 0.100000 0.500000 0.100000 70.000000 0.000000 -32885.524197 36.811744 6.902523
16 300.000000 -1.000000 0.000000 0.500000 0.100000 80.000000 0.000000 -32803.989572 55.021691 6.399269
17 300.000000 -1.000000 0.000000 0.400000 0.100000 90.000000 0.000000 -32882.226198 78.592855 6.548498
18 300.000000 -1.000000 0.000000 0.300000 0.100000 100.000000 0.000000 -32770.608747 62.800707 6.837673
18 300.000000 -1.000000 0.000000 0.300000 0.100000 100.000000 0.000000 -32765.746690 73.937634 6.496353
17 300.000000 -1.000000 0.000000 0.400000 0.100000 90.000000 0.000000 -32751.222344 64.711666 6.391566
16 300.000000 -1.000000 0.000000 0.500000 0.100000 80.000000 0.000000 -32851.515039 27.411871 6.768250
16 300.000000 -1.000000 0.000000 0.500000 0.100000 80.000000 0.000000 -32786.401973 34.160597 7.066335
17 300.000000 -1.000000 0.000000 0.400000 0.100000 90.000000 0.000000 -33040.071161 50.745007 6.697333
16 300.000000 -1.000000 0.000000 0.500000 0.100000 80.000000 0.000000 -32932.437609 20.727702 6.484485
15 300.000000 -1.000000 0.100000 0.500000 0.100000 70.000000 0.000000 -32719.063404 16.773120 6.842515
14 300.000000 -1.000000 0.200000 0.500000 0.100000 60.000000 0.000000 -32808.749724 27.904324 6.502689
15 300.000000 -1.000000 0.100000 0.500000 0.100000 70.000000 0.000000 -32932.871897 20.381625 7.097654
14 300.000000 -1.000000 0.200000 0.500000 0.100000 60.000000 0.000000 -32934.044909 9.850998 6.810357
14 300.000000 -1.000000 0.200000 0.500000 0.100000 60.000000 0.000000 -32960.018691 13.034673 6.801235
15 300.000000 -1.000000 0.100000 0.500000 0.100000 70.000000 0.000000 -32785.888524 46.867520 6.939295
