50.000000 0.500000 0.500000 0.500000 0.000000 0.000000 0.000000 -37658.029512 -6.318714
75.000000 0.500000 0.500000 0.500000 0.000000 0.000000 0.000000 -37391.272429 -3.853967
100.000000 0.500000 0.500000 0.500000 0.000000 0.000000 0.000000 -37089.990403 3.196702
125.000000 0.500000 0.500000 0.500000 0.000000 0.000000 0.000000 -36659.346392 -7.797562
150.000000 0.500000 0.500000 0.500000 0.000000 0.000000 0.000000 -36269.425761 -0.014938
175.000000 0.500000 0.500000 0.500000 0.000000 0.000000 0.000000 -35654.323960 -2.479685
200.000000 0.500000 0.500000 0.500000 0.000000 0.000000 0.000000 -34839.007357 -2.390057
225.000000 0.500000 0.500000 0.500000 0.000000 0.000000 0.000000 -34033.602752 -4.346917
250.000000 0.500000 0.500000 0.500000 0.000000 0.000000 0.000000 -32925.240842 0.687141
275.000000 0.500000 0.500000 0.500000 0.000000 0.000000 0.000000 -31776.965310 -2.270554
300.000000 0.500000 0.500000 0.500000 0.000000 0.000000 0.000000 -31620.385120 6.049833
300.000000 0.500000 0.500000 0.500000 0.000000 0.000000 0.000000 -31637.915600 -11.412524
300.000000 0.500000 0.500000 0.500000 0.000000 0.000000 0.000000 -31686.533223 -7.110421
300.000000 0.500000 0.500000 0.500000 0.000000 0.000000 0.000000 -31654.762901 -1.986735
300.000000 0.500000 0.500000 0.500000 0.000000 0.000000 0.000000 -31676.457905 3.405832
300.000000 0.500000 0.500000 0.500000 0.000000 0.000000 0.000000 -31761.834527 4.869742
300.000000 0.500000 0.500000 0.500000 0.000000 0.000000 0.000000 -31832.473793 2.868069
300.000000 0.500000 0.500000 0.500000 0.000000 0.000000 0.000000 -31788.220503 2.300430
300.000000 0.500000 0.500000 0.500000 0.000000 0.000000 0.000000 -31759.539017 -5.377629
300.000000 0.500000 0.500000 0.500000 0.000000 0.000000 0.000000 -31735.683733 0.537763
