300.000000 0.000000 0.000000 0.000000 0.000000 0.000000 0.000000 -39826.494956 825.440167
300.000000 0.002000 0.002000 0.002000 0.000000 0.000000 0.000000 -39832.437723 861.067935
300.000000 0.004000 0.004000 0.004000 0.000000 0.000000 0.000000 -39842.712019 805.115753
300.000000 0.006000 0.006000 0.006000 0.000000 0.000000 0.000000 -39807.918948 736.490226
300.000000 0.008000 0.008000 0.008000 0.000000 0.000000 0.000000 -39813.079193 828.165274
300.000000 0.010000 0.010000 0.010000 0.000000 0.000000 0.000000 -39908.577315 669.739386
300.000000 0.012000 0.012000 0.012000 0.000000 0.000000 0.000000 -39796.753723 685.516523
300.000000 0.014000 0.014000 0.014000 0.000000 0.000000 0.000000 -39834.682666 776.629332
300.000000 0.016000 0.016000 0.016000 0.000000 0.000000 0.000000 -39840.505162 805.024508
300.000000 0.018000 0.018000 0.018000 0.000000 0.000000 0.000000 -39756.851945 829.857290
300.000000 0.020000 0.020000 0.020000 0.000000 0.000000 0.000000 -39711.034169 786.181720
300.000000 0.022000 0.022000 0.022000 0.000000 0.000000 0.000000 -39794.154056 811.458405
300.000000 0.024000 0.024000 0.024000 0.000000 0.000000 0.000000 -39750.295324 749.714887
300.000000 0.026000 0.026000 0.026000 0.000000 0.000000 0.000000 -39911.805281 850.701486
300.000000 0.028000 0.028000 0.028000 0.000000 0.000000 0.000000 -39993.065722 907.757207
300.000000 0.030000 0.030000 0.030000 0.000000 0.000000 0.000000 -39967.389707 713.182344
300.000000 0.032000 0.032000 0.032000 0.000000 0.000000 0.000000 -39914.082499 665.143099
300.000000 0.034000 0.034000 0.034000 0.000000 0.000000 0.000000 -39823.032973 76.318566
300.000000 0.036000 0.036000 0.036000 0.000000 0.000000 0.000000 -39859.229474 109.626760
300.000000 0.038000 0.038000 0.038000 0.000000 0.000000 0.000000 -39936.264819 100.070876
300.000000 0.040000 0.040000 0.040000 0.000000 0.000000 0.000000 -39967.386696 77.350802
300.000000 0.042000 0.042000 0.042000 0.000000 0.000000 0.000000 -40027.511594 54.039773
300.000000 0.044000 0.044000 0.044000 0.000000 0.000000 0.000000 -39927.431015 62.263975
300.000000 0.046000 0.046000 0.046000 0.000000 0.000000 0.000000 -39929.369315 59.970403
300.000000 0.048000 0.048000 0.048000 0.000000 0.000000 0.000000 -39999.430598 49.893137
300.000000 0.050000 0.050000 0.050000 0.000000 0.000000 0.000000 -39974.086322 61.496470
300.000000 0.052000 0.052000 0.052000 0.000000 0.000000 0.000000 -39987.958168 70.567178
300.000000 0.054000 0.054000 0.054000 0.000000 0.000000 0.000000 -39833.981154 77.684912
300.000000 0.056000 0.056000 0.056000 0.000000 0.000000 0.000000 -39883.959184 75.731649
300.000000 0.058000 0.058000 0.058000 0.000000 0.000000 0.000000 -40035.392665 172.909842
300.000000 0.060000 0.060000 0.060000 0.000000 0.000000 0.000000 -39923.567355 78.408697
300.000000 0.062000 0.062000 0.062000 0.000000 0.000000 0.000000 -39906.901023 59.424223
300.000000 0.064000 0.064000 0.064000 0.000000 0.000000 0.000000 -39905.312747 68.686366
300.000000 0.066000 0.066000 0.066000 0.000000 0.000000 0.000000 -39958.905316 114.981424
300.000000 0.068000 0.068000 0.068000 0.000000 0.000000 0.000000 -39801.453085 107.325284
300.000000 0.070000 0.070000 0.070000 0.000000 0.000000 0.000000 -40019.623818 19.229224
300.000000 0.072000 0.072000 0.072000 0.000000 0.000000 0.000000 -39841.981409 95.174860
300.000000 0.074000 0.074000 0.074000 0.000000 0.000000 0.000000 -39845.782339 56.530276
300.000000 0.076000 0.076000 0.076000 0.000000 0.000000 0.000000 -39838.711534 31.174068
300.000000 0.078000 0.078000 0.078000 0.000000 0.000000 0.000000 -39712.438455 54.317322
300.000000 0.080000 0.080000 0.080000 0.000000 0.000000 0.000000 -39835.793810 41.070650
300.000000 0.082000 0.082000 0.082000 0.000000 0.000000 0.000000 -39824.000171 70.631631
300.000000 0.084000 0.084000 0.084000 0.000000 0.000000 0.000000 -39911.530666 45.528793
300.000000 0.086000 0.086000 0.086000 0.000000 0.000000 0.000000 -39859.846468 52.024841
300.000000 0.088000 0.088000 0.088000 0.000000 0.000000 0.000000 -39940.220695 49.122987
300.000000 0.090000 0.090000 0.090000 0.000000 0.000000 0.000000 -39894.497270 58.794677
300.000000 0.092000 0.092000 0.092000 0.000000 0.000000 0.000000 -39925.905623 48.991629
300.000000 0.094000 0.094000 0.094000 0.000000 0.000000 0.000000 -39887.098929 77.712950
300.000000 0.096000 0.096000 0.096000 0.000000 0.000000 0.000000 -39720.540530 58.723917
300.000000 0.098000 0.098000 0.098000 0.000000 0.000000 0.000000 -39854.291754 60.788616
300.000000 0.100000 0.100000 0.100000 0.000000 0.000000 0.000000 -39963.759283 64.554734
300.000000 0.102000 0.102000 0.102000 0.000000 0.000000 0.000000 -39959.680794 47.946720
300.000000 0.104000 0.104000 0.104000 0.000000 0.000000 0.000000 -39796.373558 62.624931
300.000000 0.106000 0.106000 0.106000 0.000000 0.000000 0.000000 -39757.992689 32.197880
300.000000 0.108000 0.108000 0.108000 0.000000 0.000000 0.000000 -39759.680609 32.708314
300.000000 0.110000 0.110000 0.110000 0.000000 0.000000 0.000000 -39882.796014 63.676861
300.000000 0.112000 0.112000 0.112000 0.000000 0.000000 0.000000 -39693.446572 64.173284
300.000000 0.114000 0.114000 0.114000 0.000000 0.000000 0.000000 -39829.899316 23.977415
300.000000 0.116000 0.116000 0.116000 0.000000 0.000000 0.000000 -39888.664086 30.880524
300.000000 0.118000 0.118000 0.118000 0.000000 0.000000 0.000000 -39865.310608 26.548226
300.000000 0.120000 0.120000 0.120000 0.000000 0.000000 0.000000 -39824.802299 48.108547
300.000000 0.122000 0.122000 0.122000 0.000000 0.000000 0.000000 -39645.567012 21.599696
300.000000 0.124000 0.124000 0.124000 0.000000 0.000000 0.000000 -39717.956071 47.263093
300.000000 0.126000 0.126000 0.126000 0.000000 0.000000 0.000000 -39691.205410 50.025987
300.000000 0.128000 0.128000 0.128000 0.000000 0.000000 0.000000 -39849.582787 36.072748
300.000000 0.130000 0.130000 0.130000 0.000000 0.000000 0.000000 -39864.174759 23.426662
300.000000 0.132000 0.132000 0.132000 0.000000 0.000000 0.000000 -40021.894493 59.665811
300.000000 0.134000 0.134000 0.134000 0.000000 0.000000 0.000000 -39961.234238 25.698364
300.000000 0.136000 0.136000 0.136000 0.000000 0.000000 0.000000 -39885.115600 40.505391
300.000000 0.138000 0.138000 0.138000 0.000000 0.000000 0.000000 -39875.288043 15.057165
300.000000 0.140000 0.140000 0.140000 0.000000 0.000000 0.000000 -39886.222128 29.534873
300.000000 0.142000 0.142000 0.142000 0.000000 0.000000 0.000000 -39833.254720 29.954992
300.000000 0.144000 0.144000 0.144000 0.000000 0.000000 0.000000 -39658.742615 29.905716
300.000000 0.146000 0.146000 0.146000 0.000000 0.000000 0.000000 -39839.793885 38.633788
300.000000 0.148000 0.148000 0.148000 0.000000 0.000000 0.000000 -39992.990308 37.120244
300.000000 0.150000 0.150000 0.150000 0.000000 0.000000 0.000000 -39692.199123 51.552781
300.000000 0.152000 0.152000 0.152000 0.000000 0.000000 0.000000 -39898.426085 17.580566
300.000000 0.154000 0.154000 0.154000 0.000000 0.000000 0.000000 -39687.345482 57.096345
300.000000 0.156000 0.156000 0.156000 0.000000 0.000000 0.000000 -39724.600514 35.927481
300.000000 0.158000 0.158000 0.158000 0.000000 0.000000 0.000000 -39644.367021 36.543898
300.000000 0.160000 0.160000 0.160000 0.000000 0.000000 0.000000 -39734.445744 23.635321
300.000000 0.162000 0.162000 0.162000 0.000000 0.000000 0.000000 -39675.975741 31.255448
300.000000 0.164000 0.164000 0.164000 0.000000 0.000000 0.000000 -39927.459502 24.320195
300.000000 0.166000 0.166000 0.166000 0.000000 0.000000 0.000000 -39987.575732 7.596743
300.000000 0.168000 0.168000 0.168000 0.000000 0.000000 0.000000 -39968.600816 29.560411
300.000000 0.170000 0.170000 0.170000 0.000000 0.000000 0.000000 -39944.478362 27.759607
300.000000 0.172000 0.172000 0.172000 0.000000 0.000000 0.000000 -39907.479896 31.905100
300.000000 0.174000 0.174000 0.174000 0.000000 0.000000 0.000000 -39984.461975 44.645766
300.000000 0.176000 0.176000 0.176000 0.000000 0.000000 0.000000 -40068.833216 25.702067
300.000000 0.178000 0.178000 0.178000 0.000000 0.000000 0.000000 -39936.506506 28.356529
300.000000 0.180000 0.180000 0.180000 0.000000 0.000000 0.000000 -39941.860853 38.173671
300.000000 0.182000 0.182000 0.182000 0.000000 0.000000 0.000000 -39949.469174 22.339905
300.000000 0.184000 0.184000 0.184000 0.000000 0.000000 0.000000 -39943.107526 21.234334
300.000000 0.186000 0.186000 0.186000 0.000000 0.000000 0.000000 -39873.886854 14.574877
300.000000 0.188000 0.188000 0.188000 0.000000 0.000000 0.000000 -39976.202821 29.781250
300.000000 0.190000 0.190000 0.190000 0.000000 0.000000 0.000000 -39948.897111 30.262588
300.000000 0.192000 0.192000 0.192000 0.000000 0.000000 0.000000 -39918.070638 25.669672
300.000000 0.194000 0.194000 0.194000 0.000000 0.000000 0.000000 -39914.167801 26.430752
300.000000 0.196000 0.196000 0.196000 0.000000 0.000000 0.000000 -39874.726769 15.079857
300.000000 0.198000 0.198000 0.198000 0.000000 0.000000 0.000000 -39858.719000 18.388268
300.000000 0.200000 0.200000 0.200000 0.000000 0.000000 0.000000 -39814.969498 35.926651
300.000000 0.202000 0.202000 0.202000 0.000000 0.000000 0.000000 -39797.063331 26.272846
300.000000 0.204000 0.204000 0.204000 0.000000 0.000000 0.000000 -39843.397201 30.391093
300.000000 0.206000 0.206000 0.206000 0.000000 0.000000 0.000000 -39811.911238 50.534377
300.000000 0.208000 0.208000 0.208000 0.000000 0.000000 0.000000 -39882.091365 18.593144
300.000000 0.210000 0.210000 0.210000 0.000000 0.000000 0.000000 -39733.348595 15.086657
300.000000 0.212000 0.212000 0.212000 0.000000 0.000000 0.000000 -39831.647994 25.247707
300.000000 0.214000 0.214000 0.214000 0.000000 0.000000 0.000000 -39903.051341 14.576918
300.000000 0.216000 0.216000 0.216000 0.000000 0.000000 0.000000 -39958.770353 16.689567
300.000000 0.218000 0.218000 0.218000 0.000000 0.000000 0.000000 -39870.397440 32.418773
300.000000 0.220000 0.220000 0.220000 0.000000 0.000000 0.000000 -39927.924775 28.110606
300.000000 0.222000 0.222000 0.222000 0.000000 0.000000 0.000000 -39870.716482 15.220567
300.000000 0.224000 0.224000 0.224000 0.000000 0.000000 0.000000 -39871.208109 17.492955
300.000000 0.226000 0.226000 0.226000 0.000000 0.000000 0.000000 -39864.272295 22.682633
300.000000 0.228000 0.228000 0.228000 0.000000 0.000000 0.000000 -39951.495425 15.973888
300.000000 0.230000 0.230000 0.230000 0.000000 0.000000 0.000000 -39803.845237 7.382337
300.000000 0.232000 0.232000 0.232000 0.000000 0.000000 0.000000 -40050.478023 17.771385
300.000000 0.234000 0.234000 0.234000 0.000000 0.000000 0.000000 -39959.314054 10.750969
300.000000 0.236000 0.236000 0.236000 0.000000 0.000000 0.000000 -39889.601408 17.564615
300.000000 0.238000 0.238000 0.238000 0.000000 0.000000 0.000000 -39852.386529 11.190378
300.000000 0.240000 0.240000 0.240000 0.000000 0.000000 0.000000 -40001.106968 7.723049
300.000000 0.242000 0.242000 0.242000 0.000000 0.000000 0.000000 -39796.248069 11.714645
300.000000 0.244000 0.244000 0.244000 0.000000 0.000000 0.000000 -39957.987285 22.293934
300.000000 0.246000 0.246000 0.246000 0.000000 0.000000 0.000000 -39972.359463 21.320633
300.000000 0.248000 0.248000 0.248000 0.000000 0.000000 0.000000 -39864.331933 19.090925
300.000000 0.250000 0.250000 0.250000 0.000000 0.000000 0.000000 -39886.672086 16.222507
300.000000 0.252000 0.252000 0.252000 0.000000 0.000000 0.000000 -39942.218257 29.383835
300.000000 0.254000 0.254000 0.254000 0.000000 0.000000 0.000000 -39971.655547 28.645374
300.000000 0.256000 0.256000 0.256000 0.000000 0.000000 0.000000 -39855.486552 21.583155
300.000000 0.258000 0.258000 0.258000 0.000000 0.000000 0.000000 -40023.285033 7.766258
300.000000 0.260000 0.260000 0.260000 0.000000 0.000000 0.000000 -39959.727579 12.430283
300.000000 0.262000 0.262000 0.262000 0.000000 0.000000 0.000000 -40003.104918 6.042668
300.000000 0.264000 0.264000 0.264000 0.000000 0.000000 0.000000 -39910.428395 20.479336
300.000000 0.266000 0.266000 0.266000 0.000000 0.000000 0.000000 -39955.505711 13.133646
300.000000 0.268000 0.268000 0.268000 0.000000 0.000000 0.000000 -40010.813431 20.598545
300.000000 0.270000 0.270000 0.270000 0.000000 0.000000 0.000000 -39909.491946 12.292678
300.000000 0.272000 0.272000 0.272000 0.000000 0.000000 0.000000 -39903.696493 7.010497
300.000000 0.274000 0.274000 0.274000 0.000000 0.000000 0.000000 -40020.113091 2.564248
300.000000 0.276000 0.276000 0.276000 0.000000 0.000000 0.000000 -39960.547930 33.832096
300.000000 0.278000 0.278000 0.278000 0.000000 0.000000 0.000000 -40047.200936 12.076467
300.000000 0.280000 0.280000 0.280000 0.000000 0.000000 0.000000 -39931.215406 5.202355
300.000000 0.282000 0.282000 0.282000 0.000000 0.000000 0.000000 -39900.147119 19.598810
300.000000 0.284000 0.284000 0.284000 0.000000 0.000000 0.000000 -40059.021920 8.495692
300.000000 0.286000 0.286000 0.286000 0.000000 0.000000 0.000000 -39898.619464 2.607534
300.000000 0.288000 0.288000 0.288000 0.000000 0.000000 0.000000 -39878.426746 12.061366
300.000000 0.290000 0.290000 0.290000 0.000000 0.000000 0.000000 -39900.634282 18.590432
300.000000 0.292000 0.292000 0.292000 0.000000 0.000000 0.000000 -39989.995038 8.929516
300.000000 0.294000 0.294000 0.294000 0.000000 0.000000 0.000000 -39781.902182 22.472271
300.000000 0.296000 0.296000 0.296000 0.000000 0.000000 0.000000 -39924.097786 16.649291
300.000000 0.298000 0.298000 0.298000 0.000000 0.000000 0.000000 -39782.197827 15.931307
300.000000 0.300000 0.300000 0.300000 0.000000 0.000000 0.000000 -39831.073707 5.677095
300.000000 0.302000 0.302000 0.302000 0.000000 0.000000 0.000000 -39842.905436 15.246287
300.000000 0.304000 0.304000 0.304000 0.000000 0.000000 0.000000 -39814.489045 24.227282
300.000000 0.306000 0.306000 0.306000 0.000000 0.000000 0.000000 -39738.408753 23.782469
300.000000 0.308000 0.308000 0.308000 0.000000 0.000000 0.000000 -39813.517623 20.470423
300.000000 0.310000 0.310000 0.310000 0.000000 0.000000 0.000000 -39812.561946 -4.427440
300.000000 0.312000 0.312000 0.312000 0.000000 0.000000 0.000000 -39927.477450 -1.253106
300.000000 0.314000 0.314000 0.314000 0.000000 0.000000 0.000000 -39723.750872 3.147767
300.000000 0.316000 0.316000 0.316000 0.000000 0.000000 0.000000 -39745.811273 11.393919
300.000000 0.318000 0.318000 0.318000 0.000000 0.000000 0.000000 -39760.667564 15.142909
300.000000 0.320000 0.320000 0.320000 0.000000 0.000000 0.000000 -39717.733895 6.728061
300.000000 0.322000 0.322000 0.322000 0.000000 0.000000 0.000000 -39932.909989 -0.286819
300.000000 0.324000 0.324000 0.324000 0.000000 0.000000 0.000000 -39906.407716 7.064114
300.000000 0.326000 0.326000 0.326000 0.000000 0.000000 0.000000 -39901.982392 2.733267
300.000000 0.328000 0.328000 0.328000 0.000000 0.000000 0.000000 -39862.178283 12.849823
300.000000 0.330000 0.330000 0.330000 0.000000 0.000000 0.000000 -39810.154542 -1.472850
300.000000 0.332000 0.332000 0.332000 0.000000 0.000000 0.000000 -39939.440461 18.171346
300.000000 0.334000 0.334000 0.334000 0.000000 0.000000 0.000000 -39928.655065 11.846410
300.000000 0.336000 0.336000 0.336000 0.000000 0.000000 0.000000 -39749.469859 3.066006
300.000000 0.338000 0.338000 0.338000 0.000000 0.000000 0.000000 -39801.206527 19.020066
300.000000 0.340000 0.340000 0.340000 0.000000 0.000000 0.000000 -39877.318936 17.981248
300.000000 0.342000 0.342000 0.342000 0.000000 0.000000 0.000000 -39855.902803 9.740893
300.000000 0.344000 0.344000 0.344000 0.000000 0.000000 0.000000 -39982.146622 -0.916119
300.000000 0.346000 0.346000 0.346000 0.000000 0.000000 0.000000 -39994.303725 -2.527645
300.000000 0.348000 0.348000 0.348000 0.000000 0.000000 0.000000 -39958.312878 -3.730447
300.000000 0.350000 0.350000 0.350000 0.000000 0.000000 0.000000 -39886.445828 10.413911
300.000000 0.352000 0.352000 0.352000 0.000000 0.000000 0.000000 -39776.471962 6.855061
300.000000 0.354000 0.354000 0.354000 0.000000 0.000000 0.000000 -39881.952038 10.718956
300.000000 0.356000 0.356000 0.356000 0.000000 0.000000 0.000000 -39792.187277 7.762584
300.000000 0.358000 0.358000 0.358000 0.000000 0.000000 0.000000 -39797.887853 3.146089
300.000000 0.360000 0.360000 0.360000 0.000000 0.000000 0.000000 -39730.854214 0.879946
300.000000 0.362000 0.362000 0.362000 0.000000 0.000000 0.000000 -39768.100437 13.242433
300.000000 0.364000 0.364000 0.364000 0.000000 0.000000 0.000000 -39884.078126 10.161417
300.000000 0.366000 0.366000 0.366000 0.000000 0.000000 0.000000 -39746.857816 7.728742
300.000000 0.368000 0.368000 0.368000 0.000000 0.000000 0.000000 -39901.911898 17.365726
300.000000 0.370000 0.370000 0.370000 0.000000 0.000000 0.000000 -39903.256701 6.240291
300.000000 0.372000 0.372000 0.372000 0.000000 0.000000 0.000000 -39866.516637 6.152602
300.000000 0.374000 0.374000 0.374000 0.000000 0.000000 0.000000 -39757.261447 5.035170
300.000000 0.376000 0.376000 0.376000 0.000000 0.000000 0.000000 -39880.427871 5.033285
300.000000 0.378000 0.378000 0.378000 0.000000 0.000000 0.000000 -39932.460308 2.442390
300.000000 0.380000 0.380000 0.380000 0.000000 0.000000 0.000000 -39866.241659 10.343052
300.000000 0.382000 0.382000 0.382000 0.000000 0.000000 0.000000 -39879.086496 -2.178467
300.000000 0.384000 0.384000 0.384000 0.000000 0.000000 0.000000 -39868.204910 6.551406
300.000000 0.386000 0.386000 0.386000 0.000000 0.000000 0.000000 -39961.210314 -0.288794
300.000000 0.388000 0.388000 0.388000 0.000000 0.000000 0.000000 -39923.462694 -0.060414
300.000000 0.390000 0.390000 0.390000 0.000000 0.000000 0.000000 -39964.998779 12.556734
300.000000 0.392000 0.392000 0.392000 0.000000 0.000000 0.000000 -39899.055740 8.261446
300.000000 0.394000 0.394000 0.394000 0.000000 0.000000 0.000000 -39921.944112 0.560609
300.000000 0.396000 0.396000 0.396000 0.000000 0.000000 0.000000 -39921.187716 9.882773
300.000000 0.398000 0.398000 0.398000 0.000000 0.000000 0.000000 -39739.132927 0.577013
300.000000 0.400000 0.400000 0.400000 0.000000 0.000000 0.000000 -39752.661874 6.053382
300.000000 0.402000 0.402000 0.402000 0.000000 0.000000 0.000000 -39867.873359 18.612300
300.000000 0.404000 0.404000 0.404000 0.000000 0.000000 0.000000 -39744.477037 3.292776
300.000000 0.406000 0.406000 0.406000 0.000000 0.000000 0.000000 -39830.929878 -5.108559
300.000000 0.408000 0.408000 0.408000 0.000000 0.000000 0.000000 -39782.580728 6.699928
300.000000 0.410000 0.410000 0.410000 0.000000 0.000000 0.000000 -39822.630129 6.365372
300.000000 0.412000 0.412000 0.412000 0.000000 0.000000 0.000000 -39795.637400 7.365199
300.000000 0.414000 0.414000 0.414000 0.000000 0.000000 0.000000 -39778.028868 11.589354
300.000000 0.416000 0.416000 0.416000 0.000000 0.000000 0.000000 -39739.463816 -5.904763
300.000000 0.418000 0.418000 0.418000 0.000000 0.000000 0.000000 -39810.668797 2.417595
300.000000 0.420000 0.420000 0.420000 0.000000 0.000000 0.000000 -39808.348371 -0.450291
300.000000 0.422000 0.422000 0.422000 0.000000 0.000000 0.000000 -39865.625153 3.044148
300.000000 0.424000 0.424000 0.424000 0.000000 0.000000 0.000000 -39923.671540 3.559757
300.000000 0.426000 0.426000 0.426000 0.000000 0.000000 0.000000 -40040.173392 -1.982600
300.000000 0.428000 0.428000 0.428000 0.000000 0.000000 0.000000 -39942.675814 12.482919
300.000000 0.430000 0.430000 0.430000 0.000000 0.000000 0.000000 -39773.751891 0.699397
300.000000 0.432000 0.432000 0.432000 0.000000 0.000000 0.000000 -39958.119907 5.659264
300.000000 0.434000 0.434000 0.434000 0.000000 0.000000 0.000000 -39624.895856 8.662417
300.000000 0.436000 0.436000 0.436000 0.000000 0.000000 0.000000 -39736.740996 9.954297
300.000000 0.438000 0.438000 0.438000 0.000000 0.000000 0.000000 -39735.209212 4.488848
300.000000 0.440000 0.440000 0.440000 0.000000 0.000000 0.000000 -39871.488967 1.745463
300.000000 0.442000 0.442000 0.442000 0.000000 0.000000 0.000000 -39773.496838 -2.306111
300.000000 0.444000 0.444000 0.444000 0.000000 0.000000 0.000000 -39807.944163 1.034135
300.000000 0.446000 0.446000 0.446000 0.000000 0.000000 0.000000 -39745.494516 0.465510
300.000000 0.448000 0.448000 0.448000 0.000000 0.000000 0.000000 -39856.160952 3.623588
300.000000 0.450000 0.450000 0.450000 0.000000 0.000000 0.000000 -39723.955777 -1.191880
300.000000 0.452000 0.452000 0.452000 0.000000 0.000000 0.000000 -39748.632671 -1.524072
300.000000 0.454000 0.454000 0.454000 0.000000 0.000000 0.000000 -39765.221572 2.382776
300.000000 0.456000 0.456000 0.456000 0.000000 0.000000 0.000000 -39770.785845 9.047614
300.000000 0.458000 0.458000 0.458000 0.000000 0.000000 0.000000 -39811.405706 3.167460
300.000000 0.460000 0.460000 0.460000 0.000000 0.000000 0.000000 -39932.502274 4.320536
300.000000 0.462000 0.462000 0.462000 0.000000 0.000000 0.000000 -39887.652479 3.508383
300.000000 0.464000 0.464000 0.464000 0.000000 0.000000 0.000000 -39909.578006 -9.467556
300.000000 0.466000 0.466000 0.466000 0.000000 0.000000 0.000000 -39919.703551 -3.940639
300.000000 0.468000 0.468000 0.468000 0.000000 0.000000 0.000000 -39706.875262 -2.963296
300.000000 0.470000 0.470000 0.470000 0.000000 0.000000 0.000000 -39812.158964 2.445271
300.000000 0.472000 0.472000 0.472000 0.000000 0.000000 0.000000 -39929.435704 -4.547302
300.000000 0.474000 0.474000 0.474000 0.000000 0.000000 0.000000 -39920.265336 2.674353
300.000000 0.476000 0.476000 0.476000 0.000000 0.000000 0.000000 -39735.543014 0.391379
300.000000 0.478000 0.478000 0.478000 0.000000 0.000000 0.000000 -39788.471147 -0.029955
300.000000 0.480000 0.480000 0.480000 0.000000 0.000000 0.000000 -39598.323888 -2.263706
300.000000 0.482000 0.482000 0.482000 0.000000 0.000000 0.000000 -39649.763461 -7.799519
300.000000 0.484000 0.484000 0.484000 0.000000 0.000000 0.000000 -39688.630109 -5.672804
300.000000 0.486000 0.486000 0.486000 0.000000 0.000000 0.000000 -39736.883748 18.725227
300.000000 0.488000 0.488000 0.488000 0.000000 0.000000 0.000000 -39828.308322 15.672107
300.000000 0.490000 0.490000 0.490000 0.000000 0.000000 0.000000 -39886.175517 5.971913
300.000000 0.492000 0.492000 0.492000 0.000000 0.000000 0.000000 -39899.381292 -1.587173
300.000000 0.494000 0.494000 0.494000 0.000000 0.000000 0.000000 -39906.056684 2.207906
300.000000 0.496000 0.496000 0.496000 0.000000 0.000000 0.000000 -40003.242483 -11.559540
300.000000 0.498000 0.498000 0.498000 0.000000 0.000000 0.000000 -39842.692856 3.069685
