300.000000 0.500000 0.500000 0.500000 0.000000 0.000000 0.000000 -33620.677642 -3.107075
300.000000 0.500000 0.500000 0.500000 0.000000 0.000000 0.000000 -33627.956711 4.600860
300.000000 0.500000 0.500000 0.500000 0.000000 0.000000 0.000000 -33650.390559 4.526171
300.000000 0.500000 0.500000 0.500000 0.000000 0.000000 0.000000 -33451.590011 1.508724
300.000000 0.500000 0.500000 0.500000 0.000000 0.000000 0.000000 -33582.277309 -11.173518
300.000000 0.500000 0.500000 0.500000 0.000000 0.000000 0.000000 -33431.122213 -10.889699
300.000000 0.500000 0.500000 0.500000 0.000000 0.000000 0.000000 -33727.324411 -11.502151
300.000000 0.500000 0.500000 0.500000 0.000000 0.000000 0.000000 -33607.422145 -14.295531
300.000000 0.500000 0.500000 0.500000 0.000000 0.000000 0.000000 -33698.705764 -3.211640
300.000000 0.500000 0.500000 0.500000 0.000000 0.000000 0.000000 -33690.838662 1.971797
300.000000 0.500000 0.500000 0.500000 0.000000 0.000000 0.000000 -33531.558684 8.395076
300.000000 0.500000 0.500000 0.500000 0.000000 0.000000 0.000000 -33520.586098 -10.755258
300.000000 0.500000 0.500000 0.500000 0.000000 0.000000 0.000000 -33516.092749 -8.305449
300.000000 0.500000 0.500000 0.500000 0.000000 0.000000 0.000000 -33638.399354 -1.971797
300.000000 0.500000 0.500000 0.500000 0.000000 0.000000 0.000000 -33560.158119 -13.085564
300.000000 0.500000 0.500000 0.500000 0.000000 0.000000 0.000000 -33549.008028 -4.272228
300.000000 0.500000 0.500000 0.500000 0.000000 0.000000 0.000000 -33569.786575 4.317041
300.000000 0.500000 0.500000 0.500000 0.000000 0.000000 0.000000 -33667.563947 -17.492232
300.000000 0.500000 0.500000 0.500000 0.000000 0.000000 0.000000 -33678.465170 3.211640
300.000000 0.500000 0.500000 0.500000 0.000000 0.000000 0.000000 -33560.902430 16.416707
300.000000 0.500000 0.500000 0.500000 0.000000 0.000000 0.000000 -33620.571603 -2.464747
300.000000 0.500000 0.500000 0.500000 0.000000 0.000000 0.000000 -33628.082983 -6.751912
300.000000 0.500000 0.500000 0.500000 0.000000 0.000000 0.000000 -33432.428882 -13.025813
300.000000 0.500000 0.500000 0.500000 0.000000 0.000000 0.000000 -33470.425279 -7.976816
300.000000 0.500000 0.500000 0.500000 0.000000 0.000000 0.000000 -33576.505592 -14.265655
300.000000 0.500000 0.500000 0.500000 0.000000 0.000000 0.000000 -33656.706531 -17.178537
300.000000 0.500000 0.500000 0.500000 0.000000 0.000000 0.000000 -33555.187823 11.532027
300.000000 0.500000 0.500000 0.500000 0.000000 0.000000 0.000000 -33676.720052 5.004183
300.000000 0.500000 0.500000 0.500000 0.000000 0.000000 0.000000 -33755.007691 7.752749
300.000000 0.500000 0.500000 0.500000 0.000000 0.000000 0.000000 -33663.030278 4.122849
