50.000000 0.500000 0.500000 0.500000 0.000000 0.000000 0.000000 -39721.546124 -19.090583
58.333333 0.500000 0.500000 0.500000 0.000000 0.000000 0.000000 -39581.223627 -15.102175
66.666667 0.500000 0.500000 0.500000 0.000000 0.000000 0.000000 -39562.372957 -12.069790
75.000000 0.500000 0.500000 0.500000 0.000000 0.000000 0.000000 -39460.676126 -20.300550
83.333333 0.500000 0.500000 0.500000 0.000000 0.000000 0.000000 -39358.798319 -12.458174
91.666667 0.500000 0.500000 0.500000 0.000000 0.000000 0.000000 -39233.721923 -6.871415
100.000000 0.500000 0.500000 0.500000 0.000000 0.000000 0.000000 -39065.675274 -8.798399
108.333333 0.500000 0.500000 0.500000 0.000000 0.000000 0.000000 -38940.095054 -1.404159
116.666667 0.500000 0.500000 0.500000 0.000000 0.000000 0.000000 -38777.503911 6.542782
125.000000 0.500000 0.500000 0.500000 0.000000 0.000000 0.000000 -38618.238127 10.770196
133.333333 0.500000 0.500000 0.500000 0.000000 0.000000 0.000000 -38463.971813 6.468093
141.666667 0.500000 0.500000 0.500000 0.000000 0.000000 0.000000 -38334.966162 17.820865
150.000000 0.500000 0.500000 0.500000 0.000000 0.000000 0.000000 -38249.706263 16.058198
158.333333 0.500000 0.500000 0.500000 0.000000 0.000000 0.000000 -38063.435704 -1.195029
166.666667 0.500000 0.500000 0.500000 0.000000 0.000000 0.000000 -37961.658844 0.089627
175.000000 0.500000 0.500000 0.500000 0.000000 0.000000 0.000000 -37734.157221 3.077199
183.333333 0.500000 0.500000 0.500000 0.000000 0.000000 0.000000 -37458.399948 7.349426
191.666667 0.500000 0.500000 0.500000 0.000000 0.000000 0.000000 -37286.871728 10.710445
200.000000 0.500000 0.500000 0.500000 0.000000 0.000000 0.000000 -37029.220277 16.162763
208.333333 0.500000 0.500000 0.500000 0.000000 0.000000 0.000000 -36829.793432 14.041587
216.666667 0.500000 0.500000 0.500000 0.000000 0.000000 0.000000 -36480.562537 3.450645
225.000000 0.500000 0.500000 0.500000 0.000000 0.000000 0.000000 -36123.579053 9.201721
233.333333 0.500000 0.500000 0.500000 0.000000 0.000000 0.000000 -35697.450220 -5.452318
241.666667 0.500000 0.500000 0.500000 0.000000 0.000000 0.000000 -35391.604599 4.944431
250.000000 0.500000 0.500000 0.500000 0.000000 0.000000 0.000000 -34934.672108 -2.524498
258.333333 0.500000 0.500000 0.500000 0.000000 0.000000 0.000000 -34517.973047 0.866396
266.666667 0.500000 0.500000 0.500000 0.000000 0.000000 0.000000 -34064.497561 13.444073
275.000000 0.500000 0.500000 0.500000 0.000000 0.000000 0.000000 -33710.991900 -14.564412
283.333333 0.500000 0.500000 0.500000 0.000000 0.000000 0.000000 -33418.384080 -15.176864
291.666667 0.500000 0.500000 0.500000 0.000000 0.000000 0.000000 -32883.158801 0.074689
300.000000 0.500000 0.500000 0.500000 0.000000 0.000000 0.000000 -33123.054260 0.926147
300.000000 0.500000 0.500000 0.500000 0.000000 0.000000 0.000000 -33358.150100 5.422443
300.000000 0.500000 0.500000 0.500000 0.000000 0.000000 0.000000 -33328.870119 -14.952796
300.000000 0.500000 0.500000 0.500000 0.000000 0.000000 0.000000 -33523.578857 -0.418260
300.000000 0.500000 0.500000 0.500000 0.000000 0.000000 0.000000 -33547.034563 -17.731238
300.000000 0.500000 0.500000 0.500000 0.000000 0.000000 0.000000 -33734.130070 -12.741993
300.000000 0.500000 0.500000 0.500000 0.000000 0.000000 0.000000 -33705.352208 13.324570
300.000000 0.500000 0.500000 0.500000 0.000000 0.000000 0.000000 -33696.097241 -7.274737
300.000000 0.500000 0.500000 0.500000 0.000000 0.000000 0.000000 -33784.871348 -4.750239
300.000000 0.500000 0.500000 0.500000 0.000000 0.000000 0.000000 -33671.044106 3.853967
300.000000 0.500000 0.500000 0.500000 0.000000 0.000000 0.000000 -33639.618002 -13.010875
300.000000 0.500000 0.500000 0.500000 0.000000 0.000000 0.000000 -33667.639322 -3.898781
300.000000 0.500000 0.500000 0.500000 0.000000 0.000000 0.000000 -33673.572641 5.736138
300.000000 0.500000 0.500000 0.500000 0.000000 0.000000 0.000000 -33747.976184 8.634082
300.000000 0.500000 0.500000 0.500000 0.000000 0.000000 0.000000 -33721.756571 10.605880
300.000000 0.500000 0.500000 0.500000 0.000000 0.000000 0.000000 -33575.421595 -12.502988
300.000000 0.500000 0.500000 0.500000 0.000000 0.000000 0.000000 -33713.211546 32.893164
300.000000 0.500000 0.500000 0.500000 0.000000 0.000000 0.000000 -33716.742520 -6.079708
300.000000 0.500000 0.500000 0.500000 0.000000 0.000000 0.000000 -33698.118890 -0.298757
300.000000 0.500000 0.500000 0.500000 0.000000 0.000000 0.000000 -33643.484112 6.975980
300.000000 0.500000 0.500000 0.500000 0.000000 0.000000 0.000000 -33558.567158 -6.692161
300.000000 0.500000 0.500000 0.500000 0.000000 0.000000 0.000000 -33765.029699 -3.764340
300.000000 0.500000 0.500000 0.500000 0.000000 0.000000 0.000000 -33605.137420 15.834130
300.000000 0.500000 0.500000 0.500000 0.000000 0.000000 0.000000 -33605.745379 21.256573
300.000000 0.500000 0.500000 0.500000 0.000000 0.000000 0.000000 -33458.535368 7.319551
300.000000 0.500000 0.500000 0.500000 0.000000 0.000000 0.000000 -33482.197652 6.318714
300.000000 0.500000 0.500000 0.500000 0.000000 0.000000 0.000000 -33554.363230 8.380139
300.000000 0.500000 0.500000 0.500000 0.000000 0.000000 0.000000 -33548.263088 15.311305
300.000000 0.500000 0.500000 0.500000 0.000000 0.000000 0.000000 -33643.892618 8.484704
300.000000 0.500000 0.500000 0.500000 0.000000 0.000000 0.000000 -33654.977386 -11.263145
