300.000000 0.000000 0.000000 0.000000 0.000000 0.000000 0.000000 -38664.691814 944.853800
300.000000 0.002000 0.002000 0.002000 0.000000 0.000000 0.000000 -38805.158735 942.599383
300.000000 0.004000 0.004000 0.004000 0.000000 0.000000 0.000000 -38688.422965 936.601827
300.000000 0.006000 0.006000 0.006000 0.000000 0.000000 0.000000 -38788.159422 914.000875
300.000000 0.008000 0.008000 0.008000 0.000000 0.000000 0.000000 -38778.059714 952.886996
300.000000 0.010000 0.010000 0.010000 0.000000 0.000000 0.000000 -38834.776311 909.956117
300.000000 0.012000 0.012000 0.012000 0.000000 0.000000 0.000000 -38804.790417 905.117888
300.000000 0.014000 0.014000 0.014000 0.000000 0.000000 0.000000 -38825.253214 874.646795
300.000000 0.016000 0.016000 0.016000 0.000000 0.000000 0.000000 -38803.117815 876.521754
300.000000 0.018000 0.018000 0.018000 0.000000 0.000000 0.000000 -38583.582136 839.102895
300.000000 0.020000 0.020000 0.020000 0.000000 0.000000 0.000000 -38552.620533 938.564175
300.000000 0.022000 0.022000 0.022000 0.000000 0.000000 0.000000 -38700.372434 952.890066
300.000000 0.024000 0.024000 0.024000 0.000000 0.000000 0.000000 -38649.817877 915.675218
300.000000 0.026000 0.026000 0.026000 0.000000 0.000000 0.000000 -38644.953160 836.950629
300.000000 0.028000 0.028000 0.028000 0.000000 0.000000 0.000000 -38736.469901 884.863433
300.000000 0.030000 0.030000 0.030000 0.000000 0.000000 0.000000 -38569.421257 886.431964
300.000000 0.032000 0.032000 0.032000 0.000000 0.000000 0.000000 -38694.059214 701.064462
300.000000 0.034000 0.034000 0.034000 0.000000 0.000000 0.000000 -38671.466956 127.518581
300.000000 0.036000 0.036000 0.036000 0.000000 0.000000 0.000000 -38740.030816 105.151442
300.000000 0.038000 0.038000 0.038000 0.000000 0.000000 0.000000 -38799.507876 124.137780
300.000000 0.040000 0.040000 0.040000 0.000000 0.000000 0.000000 -38783.268502 44.874531
300.000000 0.042000 0.042000 0.042000 0.000000 0.000000 0.000000 -38664.726587 100.433796
300.000000 0.044000 0.044000 0.044000 0.000000 0.000000 0.000000 -38903.013562 51.802125
300.000000 0.046000 0.046000 0.046000 0.000000 0.000000 0.000000 -38702.698368 60.234082
300.000000 0.048000 0.048000 0.048000 0.000000 0.000000 0.000000 -38740.477562 33.623314
300.000000 0.050000 0.050000 0.050000 0.000000 0.000000 0.000000 -38855.625189 32.281809
300.000000 0.052000 0.052000 0.052000 0.000000 0.000000 0.000000 -38922.728278 75.782997
300.000000 0.054000 0.054000 0.054000 0.000000 0.000000 0.000000 -38821.571982 55.426365
300.000000 0.056000 0.056000 0.056000 0.000000 0.000000 0.000000 -38858.080313 54.162293
300.000000 0.058000 0.058000 0.058000 0.000000 0.000000 0.000000 -38803.048499 37.195810
300.000000 0.060000 0.060000 0.060000 0.000000 0.000000 0.000000 -38868.455546 31.755601
300.000000 0.062000 0.062000 0.062000 0.000000 0.000000 0.000000 -38828.746122 48.129289
300.000000 0.064000 0.064000 0.064000 0.000000 0.000000 0.000000 -38830.988637 52.303111
300.000000 0.066000 0.066000 0.066000 0.000000 0.000000 0.000000 -38703.238599 64.370440
300.000000 0.068000 0.068000 0.068000 0.000000 0.000000 0.000000 -38653.083140 81.007369
300.000000 0.070000 0.070000 0.070000 0.000000 0.000000 0.000000 -38637.627071 47.822982
300.000000 0.072000 0.072000 0.072000 0.000000 0.000000 0.000000 -38779.174325 52.670607
300.000000 0.074000 0.074000 0.074000 0.000000 0.000000 0.000000 -38669.606363 55.383321
300.000000 0.076000 0.076000 0.076000 0.000000 0.000000 0.000000 -38658.520361 64.698295
300.000000 0.078000 0.078000 0.078000 0.000000 0.000000 0.000000 -38805.302695 111.471839
300.000000 0.080000 0.080000 0.080000 0.000000 0.000000 0.000000 -38762.013026 33.445018
300.000000 0.082000 0.082000 0.082000 0.000000 0.000000 0.000000 -38718.347191 33.475612
300.000000 0.084000 0.084000 0.084000 0.000000 0.000000 0.000000 -38674.455483 25.922250
300.000000 0.086000 0.086000 0.086000 0.000000 0.000000 0.000000 -38682.104663 74.417583
300.000000 0.088000 0.088000 0.088000 0.000000 0.000000 0.000000 -38838.527435 20.525035
300.000000 0.090000 0.090000 0.090000 0.000000 0.000000 0.000000 -38778.936760 28.647558
300.000000 0.092000 0.092000 0.092000 0.000000 0.000000 0.000000 -38663.709570 34.262833
300.000000 0.094000 0.094000 0.094000 0.000000 0.000000 0.000000 -38510.997563 49.322964
300.000000 0.096000 0.096000 0.096000 0.000000 0.000000 0.000000 -38600.102034 61.131595
300.000000 0.098000 0.098000 0.098000 0.000000 0.000000 0.000000 -38609.557110 51.050894
300.000000 0.100000 0.100000 0.100000 0.000000 0.000000 0.000000 -38723.813304 27.482501
300.000000 0.102000 0.102000 0.102000 0.000000 0.000000 0.000000 -38571.373069 83.515580
300.000000 0.104000 0.104000 0.104000 0.000000 0.000000 0.000000 -38713.388975 18.995507
300.000000 0.106000 0.106000 0.106000 0.000000 0.000000 0.000000 -38650.923614 40.968464
300.000000 0.108000 0.108000 0.108000 0.000000 0.000000 0.000000 -38672.951257 47.184955
300.000000 0.110000 0.110000 0.110000 0.000000 0.000000 0.000000 -38669.194508 31.629612
300.000000 0.112000 0.112000 0.112000 0.000000 0.000000 0.000000 -38639.187210 53.569200
300.000000 0.114000 0.114000 0.114000 0.000000 0.000000 0.000000 -38543.310629 33.689432
300.000000 0.116000 0.116000 0.116000 0.000000 0.000000 0.000000 -38726.834689 57.947913
300.000000 0.118000 0.118000 0.118000 0.000000 0.000000 0.000000 -38778.181619 40.777948
300.000000 0.120000 0.120000 0.120000 0.000000 0.000000 0.000000 -38759.751793 29.667035
300.000000 0.122000 0.122000 0.122000 0.000000 0.000000 0.000000 -38717.128224 53.099535
300.000000 0.124000 0.124000 0.124000 0.000000 0.000000 0.000000 -38756.046923 33.580478
300.000000 0.126000 0.126000 0.126000 0.000000 0.000000 0.000000 -38795.058824 42.729203
300.000000 0.128000 0.128000 0.128000 0.000000 0.000000 0.000000 -38785.762277 35.426314
300.000000 0.130000 0.130000 0.130000 0.000000 0.000000 0.000000 -38723.278272 30.266792
300.000000 0.132000 0.132000 0.132000 0.000000 0.000000 0.000000 -38609.120044 17.831969
300.000000 0.134000 0.134000 0.134000 0.000000 0.000000 0.000000 -38720.233497 52.287890
300.000000 0.136000 0.136000 0.136000 0.000000 0.000000 0.000000 -38712.997554 54.850708
300.000000 0.138000 0.138000 0.138000 0.000000 0.000000 0.000000 -38815.595498 43.050801
300.000000 0.140000 0.140000 0.140000 0.000000 0.000000 0.000000 -38731.582872 44.019917
300.000000 0.142000 0.142000 0.142000 0.000000 0.000000 0.000000 -38757.419136 24.173152
300.000000 0.144000 0.144000 0.144000 0.000000 0.000000 0.000000 -38599.926317 40.748553
300.000000 0.146000 0.146000 0.146000 0.000000 0.000000 0.000000 -38640.666948 20.592466
300.000000 0.148000 0.148000 0.148000 0.000000 0.000000 0.000000 -38810.211962 61.127836
300.000000 0.150000 0.150000 0.150000 0.000000 0.000000 0.000000 -38626.151400 45.467179
300.000000 0.152000 0.152000 0.152000 0.000000 0.000000 0.000000 -38612.527600 41.007909
300.000000 0.154000 0.154000 0.154000 0.000000 0.000000 0.000000 -38866.461899 33.706535
300.000000 0.156000 0.156000 0.156000 0.000000 0.000000 0.000000 -38633.153668 32.001143
300.000000 0.158000 0.158000 0.158000 0.000000 0.000000 0.000000 -38690.777743 40.446113
300.000000 0.160000 0.160000 0.160000 0.000000 0.000000 0.000000 -38692.527502 23.545248
300.000000 0.162000 0.162000 0.162000 0.000000 0.000000 0.000000 -38767.921676 36.566107
300.000000 0.164000 0.164000 0.164000 0.000000 0.000000 0.000000 -38707.226135 40.719606
300.000000 0.166000 0.166000 0.166000 0.000000 0.000000 0.000000 -38589.746606 27.901069
300.000000 0.168000 0.168000 0.168000 0.000000 0.000000 0.000000 -38765.309677 47.200670
300.000000 0.170000 0.170000 0.170000 0.000000 0.000000 0.000000 -38702.215603 34.806700
300.000000 0.172000 0.172000 0.172000 0.000000 0.000000 0.000000 -38659.889229 36.056728
300.000000 0.174000 0.174000 0.174000 0.000000 0.000000 0.000000 -38700.621034 12.982494
300.000000 0.176000 0.176000 0.176000 0.000000 0.000000 0.000000 -38700.188636 44.397312
300.000000 0.178000 0.178000 0.178000 0.000000 0.000000 0.000000 -38727.083486 14.667252
300.000000 0.180000 0.180000 0.180000 0.000000 0.000000 0.000000 -38577.887751 15.447002
300.000000 0.182000 0.182000 0.182000 0.000000 0.000000 0.000000 -38670.088499 25.689480
300.000000 0.184000 0.184000 0.184000 0.000000 0.000000 0.000000 -38604.002111 39.761667
300.000000 0.186000 0.186000 0.186000 0.000000 0.000000 0.000000 -38665.063822 16.089372
300.000000 0.188000 0.188000 0.188000 0.000000 0.000000 0.000000 -38473.022092 40.547162
300.000000 0.190000 0.190000 0.190000 0.000000 0.000000 0.000000 -38514.345380 19.560828
300.000000 0.192000 0.192000 0.192000 0.000000 0.000000 0.000000 -38607.942703 39.920722
300.000000 0.194000 0.194000 0.194000 0.000000 0.000000 0.000000 -38555.920199 21.824801
300.000000 0.196000 0.196000 0.196000 0.000000 0.000000 0.000000 -38613.517184 29.577851
300.000000 0.198000 0.198000 0.198000 0.000000 0.000000 0.000000 -38555.052483 28.927615
300.000000 0.200000 0.200000 0.200000 0.000000 0.000000 0.000000 -38568.268248 30.346931
300.000000 0.202000 0.202000 0.202000 0.000000 0.000000 0.000000 -38693.320923 20.204955
300.000000 0.204000 0.204000 0.204000 0.000000 0.000000 0.000000 -38802.619548 16.804061
300.000000 0.206000 0.206000 0.206000 0.000000 0.000000 0.000000 -38828.120472 23.989485
300.000000 0.208000 0.208000 0.208000 0.000000 0.000000 0.000000 -38714.171870 30.645486
300.000000 0.210000 0.210000 0.210000 0.000000 0.000000 0.000000 -38562.050733 20.042546
300.000000 0.212000 0.212000 0.212000 0.000000 0.000000 0.000000 -38706.805649 50.801383
300.000000 0.214000 0.214000 0.214000 0.000000 0.000000 0.000000 -38695.070130 30.270835
300.000000 0.216000 0.216000 0.216000 0.000000 0.000000 0.000000 -38705.040595 32.779713
300.000000 0.218000 0.218000 0.218000 0.000000 0.000000 0.000000 -38797.839144 28.479943
300.000000 0.220000 0.220000 0.220000 0.000000 0.000000 0.000000 -38786.689549 25.456983
300.000000 0.222000 0.222000 0.222000 0.000000 0.000000 0.000000 -38639.391871 13.753056
300.000000 0.224000 0.224000 0.224000 0.000000 0.000000 0.000000 -38599.406465 20.411925
300.000000 0.226000 0.226000 0.226000 0.000000 0.000000 0.000000 -38681.740046 21.240068
300.000000 0.228000 0.228000 0.228000 0.000000 0.000000 0.000000 -38640.751684 35.338587
300.000000 0.230000 0.230000 0.230000 0.000000 0.000000 0.000000 -38587.728761 25.397835
300.000000 0.232000 0.232000 0.232000 0.000000 0.000000 0.000000 -38680.068186 16.936770
300.000000 0.234000 0.234000 0.234000 0.000000 0.000000 0.000000 -38611.616098 21.993721
300.000000 0.236000 0.236000 0.236000 0.000000 0.000000 0.000000 -38562.061217 13.494180
300.000000 0.238000 0.238000 0.238000 0.000000 0.000000 0.000000 -38700.809225 15.639008
300.000000 0.240000 0.240000 0.240000 0.000000 0.000000 0.000000 -38834.876525 28.214212
300.000000 0.242000 0.242000 0.242000 0.000000 0.000000 0.000000 -38820.889522 12.160359
300.000000 0.244000 0.244000 0.244000 0.000000 0.000000 0.000000 -38782.262883 12.864587
300.000000 0.246000 0.246000 0.246000 0.000000 0.000000 0.000000 -38776.222571 -0.960380
300.000000 0.248000 0.248000 0.248000 0.000000 0.000000 0.000000 -38851.703932 32.529288
300.000000 0.250000 0.250000 0.250000 0.000000 0.000000 0.000000 -38792.988613 17.539806
300.000000 0.252000 0.252000 0.252000 0.000000 0.000000 0.000000 -38654.004010 36.439398
300.000000 0.254000 0.254000 0.254000 0.000000 0.000000 0.000000 -38732.065187 18.660049
300.000000 0.256000 0.256000 0.256000 0.000000 0.000000 0.000000 -38688.808210 25.607445
300.000000 0.258000 0.258000 0.258000 0.000000 0.000000 0.000000 -38824.439908 25.816632
300.000000 0.260000 0.260000 0.260000 0.000000 0.000000 0.000000 -38677.353150 27.332347
300.000000 0.262000 0.262000 0.262000 0.000000 0.000000 0.000000 -38817.286765 28.359588
300.000000 0.264000 0.264000 0.264000 0.000000 0.000000 0.000000 -38784.807648 22.280310
300.000000 0.266000 0.266000 0.266000 0.000000 0.000000 0.000000 -38649.928002 -0.492882
300.000000 0.268000 0.268000 0.268000 0.000000 0.000000 0.000000 -38658.215941 18.780196
300.000000 0.270000 0.270000 0.270000 0.000000 0.000000 0.000000 -38657.932658 11.397406
300.000000 0.272000 0.272000 0.272000 0.000000 0.000000 0.000000 -38647.367506 26.581935
300.000000 0.274000 0.274000 0.274000 0.000000 0.000000 0.000000 -38713.184652 23.866711
300.000000 0.276000 0.276000 0.276000 0.000000 0.000000 0.000000 -38740.967208 20.161318
300.000000 0.278000 0.278000 0.278000 0.000000 0.000000 0.000000 -38765.499068 22.065983
300.000000 0.280000 0.280000 0.280000 0.000000 0.000000 0.000000 -38612.316812 18.683012
300.000000 0.282000 0.282000 0.282000 0.000000 0.000000 0.000000 -38809.554995 4.379455
300.000000 0.284000 0.284000 0.284000 0.000000 0.000000 0.000000 -38679.720552 12.864165
300.000000 0.286000 0.286000 0.286000 0.000000 0.000000 0.000000 -38741.123639 22.671213
300.000000 0.288000 0.288000 0.288000 0.000000 0.000000 0.000000 -38638.008284 25.876865
300.000000 0.290000 0.290000 0.290000 0.000000 0.000000 0.000000 -38686.657946 10.511571
300.000000 0.292000 0.292000 0.292000 0.000000 0.000000 0.000000 -38678.554823 15.139458
300.000000 0.294000 0.294000 0.294000 0.000000 0.000000 0.000000 -38709.063271 14.102574
300.000000 0.296000 0.296000 0.296000 0.000000 0.000000 0.000000 -38668.263114 9.587991
300.000000 0.298000 0.298000 0.298000 0.000000 0.000000 0.000000 -38705.945171 5.690226
300.000000 0.300000 0.300000 0.300000 0.000000 0.000000 0.000000 -38757.773220 18.689481
300.000000 0.302000 0.302000 0.302000 0.000000 0.000000 0.000000 -38911.511174 13.645964
300.000000 0.304000 0.304000 0.304000 0.000000 0.000000 0.000000 -38789.248129 9.953609
300.000000 0.306000 0.306000 0.306000 0.000000 0.000000 0.000000 -38715.373657 9.632968
300.000000 0.308000 0.308000 0.308000 0.000000 0.000000 0.000000 -38705.655196 12.647187
300.000000 0.310000 0.310000 0.310000 0.000000 0.000000 0.000000 -38634.460827 12.272256
300.000000 0.312000 0.312000 0.312000 0.000000 0.000000 0.000000 -38717.457069 7.653212
300.000000 0.314000 0.314000 0.314000 0.000000 0.000000 0.000000 -38711.134156 10.690899
300.000000 0.316000 0.316000 0.316000 0.000000 0.000000 0.000000 -38805.530410 10.143503
300.000000 0.318000 0.318000 0.318000 0.000000 0.000000 0.000000 -38810.409308 5.010778
300.000000 0.320000 0.320000 0.320000 0.000000 0.000000 0.000000 -38777.270653 12.901812
300.000000 0.322000 0.322000 0.322000 0.000000 0.000000 0.000000 -38824.314894 10.019346
300.000000 0.324000 0.324000 0.324000 0.000000 0.000000 0.000000 -38797.206323 13.972874
300.000000 0.326000 0.326000 0.326000 0.000000 0.000000 0.000000 -38765.451942 20.915886
300.000000 0.328000 0.328000 0.328000 0.000000 0.000000 0.000000 -38643.192694 7.337819
300.000000 0.330000 0.330000 0.330000 0.000000 0.000000 0.000000 -38616.907575 10.769586
300.000000 0.332000 0.332000 0.332000 0.000000 0.000000 0.000000 -38720.475618 3.329890
300.000000 0.334000 0.334000 0.334000 0.000000 0.000000 0.000000 -38610.719223 19.029616
300.000000 0.336000 0.336000 0.336000 0.000000 0.000000 0.000000 -38842.652851 2.769290
300.000000 0.338000 0.338000 0.338000 0.000000 0.000000 0.000000 -38726.881547 12.497519
300.000000 0.340000 0.340000 0.340000 0.000000 0.000000 0.000000 -38796.040592 0.894793
300.000000 0.342000 0.342000 0.342000 0.000000 0.000000 0.000000 -38771.057389 13.207009
300.000000 0.344000 0.344000 0.344000 0.000000 0.000000 0.000000 -38653.289602 14.894638
300.000000 0.346000 0.346000 0.346000 0.000000 0.000000 0.000000 -38835.382312 4.508810
300.000000 0.348000 0.348000 0.348000 0.000000 0.000000 0.000000 -38704.249588 19.946614
300.000000 0.350000 0.350000 0.350000 0.000000 0.000000 0.000000 -38734.572642 10.798431
300.000000 0.352000 0.352000 0.352000 0.000000 0.000000 0.000000 -38736.130975 4.433704
300.000000 0.354000 0.354000 0.354000 0.000000 0.000000 0.000000 -38646.982300 6.573239
300.000000 0.356000 0.356000 0.356000 0.000000 0.000000 0.000000 -38647.222360 13.052362
300.000000 0.358000 0.358000 0.358000 0.000000 0.000000 0.000000 -38658.625423 13.334148
300.000000 0.360000 0.360000 0.360000 0.000000 0.000000 0.000000 -38765.423201 3.485333
300.000000 0.362000 0.362000 0.362000 0.000000 0.000000 0.000000 -38768.998970 6.591922
300.000000 0.364000 0.364000 0.364000 0.000000 0.000000 0.000000 -38807.570073 9.590396
300.000000 0.366000 0.366000 0.366000 0.000000 0.000000 0.000000 -38815.829148 7.296877
300.000000 0.368000 0.368000 0.368000 0.000000 0.000000 0.000000 -38854.905699 9.448352
300.000000 0.370000 0.370000 0.370000 0.000000 0.000000 0.000000 -38681.012987 -0.267401
300.000000 0.372000 0.372000 0.372000 0.000000 0.000000 0.000000 -38664.810218 6.124942
300.000000 0.374000 0.374000 0.374000 0.000000 0.000000 0.000000 -38733.240594 -0.914150
300.000000 0.376000 0.376000 0.376000 0.000000 0.000000 0.000000 -38721.420604 1.087670
300.000000 0.378000 0.378000 0.378000 0.000000 0.000000 0.000000 -38737.765529 4.395641
300.000000 0.380000 0.380000 0.380000 0.000000 0.000000 0.000000 -38740.275876 25.686102
300.000000 0.382000 0.382000 0.382000 0.000000 0.000000 0.000000 -38681.485018 3.824224
300.000000 0.384000 0.384000 0.384000 0.000000 0.000000 0.000000 -38713.342430 -6.867279
300.000000 0.386000 0.386000 0.386000 0.000000 0.000000 0.000000 -38618.231912 9.108691
300.000000 0.388000 0.388000 0.388000 0.000000 0.000000 0.000000 -38666.139011 6.996212
300.000000 0.390000 0.390000 0.390000 0.000000 0.000000 0.000000 -38715.554463 13.118766
300.000000 0.392000 0.392000 0.392000 0.000000 0.000000 0.000000 -38728.415764 8.266809
300.000000 0.394000 0.394000 0.394000 0.000000 0.000000 0.000000 -38658.511605 14.772219
300.000000 0.396000 0.396000 0.396000 0.000000 0.000000 0.000000 -38666.556551 5.436185
300.000000 0.398000 0.398000 0.398000 0.000000 0.000000 0.000000 -38767.613435 19.209028
300.000000 0.400000 0.400000 0.400000 0.000000 0.000000 0.000000 -38572.248805 8.090435
300.000000 0.402000 0.402000 0.402000 0.000000 0.000000 0.000000 -38848.178431 6.855315
300.000000 0.404000 0.404000 0.404000 0.000000 0.000000 0.000000 -38784.141241 3.409420
300.000000 0.406000 0.406000 0.406000 0.000000 0.000000 0.000000 -38804.373254 -4.435123
300.000000 0.408000 0.408000 0.408000 0.000000 0.000000 0.000000 -38707.629388 -0.122262
300.000000 0.410000 0.410000 0.410000 0.000000 0.000000 0.000000 -38738.094582 -5.561532
300.000000 0.412000 0.412000 0.412000 0.000000 0.000000 0.000000 -38662.401361 5.220117
300.000000 0.414000 0.414000 0.414000 0.000000 0.000000 0.000000 -38607.774970 10.650961
300.000000 0.416000 0.416000 0.416000 0.000000 0.000000 0.000000 -38674.989188 2.906380
300.000000 0.418000 0.418000 0.418000 0.000000 0.000000 0.000000 -38581.136729 6.935113
300.000000 0.420000 0.420000 0.420000 0.000000 0.000000 0.000000 -38597.336883 10.830386
300.000000 0.422000 0.422000 0.422000 0.000000 0.000000 0.000000 -38653.959287 -1.576115
300.000000 0.424000 0.424000 0.424000 0.000000 0.000000 0.000000 -38683.008145 -1.138294
300.000000 0.426000 0.426000 0.426000 0.000000 0.000000 0.000000 -38523.842496 8.369598
300.000000 0.428000 0.428000 0.428000 0.000000 0.000000 0.000000 -38450.468862 13.100555
300.000000 0.430000 0.430000 0.430000 0.000000 0.000000 0.000000 -38637.160234 8.056065
300.000000 0.432000 0.432000 0.432000 0.000000 0.000000 0.000000 -38607.686799 10.227507
300.000000 0.434000 0.434000 0.434000 0.000000 0.000000 0.000000 -38607.467885 -1.911555
300.000000 0.436000 0.436000 0.436000 0.000000 0.000000 0.000000 -38721.816007 6.798674
300.000000 0.438000 0.438000 0.438000 0.000000 0.000000 0.000000 -38729.892892 3.968204
300.000000 0.440000 0.440000 0.440000 0.000000 0.000000 0.000000 -38659.957891 -3.988577
300.000000 0.442000 0.442000 0.442000 0.000000 0.000000 0.000000 -38727.563897 -5.737659
300.000000 0.444000 0.444000 0.444000 0.000000 0.000000 0.000000 -38761.351274 10.178547
300.000000 0.446000 0.446000 0.446000 0.000000 0.000000 0.000000 -38797.368485 0.526160
300.000000 0.448000 0.448000 0.448000 0.000000 0.000000 0.000000 -38702.365539 0.027296
300.000000 0.450000 0.450000 0.450000 0.000000 0.000000 0.000000 -38724.973072 -2.043469
300.000000 0.452000 0.452000 0.452000 0.000000 0.000000 0.000000 -38561.999018 13.511122
300.000000 0.454000 0.454000 0.454000 0.000000 0.000000 0.000000 -38686.553651 3.369084
300.000000 0.456000 0.456000 0.456000 0.000000 0.000000 0.000000 -38745.858281 -2.050854
300.000000 0.458000 0.458000 0.458000 0.000000 0.000000 0.000000 -38679.702641 3.651402
300.000000 0.460000 0.460000 0.460000 0.000000 0.000000 0.000000 -38704.172754 -4.544414
300.000000 0.462000 0.462000 0.462000 0.000000 0.000000 0.000000 -38672.679093 -2.442113
300.000000 0.464000 0.464000 0.464000 0.000000 0.000000 0.000000 -38593.675041 2.777290
300.000000 0.466000 0.466000 0.466000 0.000000 0.000000 0.000000 -38651.481373 6.177967
300.000000 0.468000 0.468000 0.468000 0.000000 0.000000 0.000000 -38623.288775 2.237898
300.000000 0.470000 0.470000 0.470000 0.000000 0.000000 0.000000 -38546.299086 -9.519582
300.000000 0.472000 0.472000 0.472000 0.000000 0.000000 0.000000 -38652.474842 12.180597
300.000000 0.474000 0.474000 0.474000 0.000000 0.000000 0.000000 -38676.276461 6.451058
300.000000 0.476000 0.476000 0.476000 0.000000 0.000000 0.000000 -38656.920892 10.585810
300.000000 0.478000 0.478000 0.478000 0.000000 0.000000 0.000000 -38581.172510 -0.713139
300.000000 0.480000 0.480000 0.480000 0.000000 0.000000 0.000000 -38569.061384 4.139432
300.000000 0.482000 0.482000 0.482000 0.000000 0.000000 0.000000 -38575.949998 -2.561449
300.000000 0.484000 0.484000 0.484000 0.000000 0.000000 0.000000 -38600.284438 2.610047
300.000000 0.486000 0.486000 0.486000 0.000000 0.000000 0.000000 -38623.571919 -6.254245
300.000000 0.488000 0.488000 0.488000 0.000000 0.000000 0.000000 -38688.316813 5.518269
300.000000 0.490000 0.490000 0.490000 0.000000 0.000000 0.000000 -38765.413629 2.857997
300.000000 0.492000 0.492000 0.492000 0.000000 0.000000 0.000000 -38520.703848 -10.667425
300.000000 0.494000 0.494000 0.494000 0.000000 0.000000 0.000000 -38769.237557 5.083818
300.000000 0.496000 0.496000 0.496000 0.000000 0.000000 0.000000 -38805.059892 6.133499
300.000000 0.498000 0.498000 0.498000 0.000000 0.000000 0.000000 -38758.809051 4.299619
