12 300.000000 -1.000000 0.400000 0.500000 0.100000 40.000000 0.000000 -32827.002613 3.369977 7.868131
11 300.000000 -1.000000 0.500000 0.500000 0.100000 30.000000 0.000000 -32661.929435 6.113663 6.932478
8 300.000000 1.000000 0.300000 0.500000 0.100000 50.000000 0.000000 -32824.307268 11.117937 6.632817
7 300.000000 1.000000 0.200000 0.500000 0.100000 60.000000 0.000000 -32818.807780 5.816312 8.203807
10 300.000000 1.000000 0.500000 0.500000 0.100000 30.000000 0.000000 -32733.806402 -4.578470 8.018534
9 300.000000 1.000000 0.400000 0.500000 0.100000 40.000000 0.000000 -32949.765458 -3.927613 8.104507
12 300.000000 -1.000000 0.400000 0.500000 0.100000 40.000000 0.000000 -32793.874793 7.040418 6.787579
14 300.000000 -1.000000 0.200000 0.500000 0.100000 60.000000 0.000000 -33039.202653 14.794565 6.427120
14 300.000000 -1.000000 0.200000 0.500000 0.100000 60.000000 0.000000 -32865.446746 14.305573 6.425229
14 300.000000 -1.000000 0.200000 0.500000 0.100000 60.000000 0.000000 -32789.429587 5.126795 7.228996
12 300.000000 -1.000000 0.400000 0.500000 0.100000 40.000000 0.000000 -32962.072026 -2.518081 6.407418
13 300.000000 -1.000000 0.300000 0.500000 0.100000 50.000000 0.000000 -32717.001759 4.998120 6.390301
8 300.000000 1.000000 0.300000 0.500000 0.100000 50.000000 0.000000 -32942.141737 1.972432 6.442458
11 300.000000 -1.000000 0.500000 0.500000 0.100000 30.000000 0.000000 -32761.595940 1.198945 6.466491
11 300.000000 -1.000000 0.500000 0.500000 0.100000 30.000000 0.000000 -32926.850311 11.565834 6.835384
8 300.000000 1.000000 0.300000 0.500000 0.100000 50.000000 0.000000 -32929.752626 9.759822 6.403477
7 300.000000 1.000000 0.200000 0.500000 0.100000 60.000000 0.000000 -32883.859831 12.611814 6.472936
7 300.000000 1.000000 0.200000 0.500000 0.100000 60.000000 0.000000 -32800.201440 21.374335 6.543305
6 300.000000 1.000000 0.100000 0.500000 0.100000 70.000000 0.000000 -32840.042839 28.769812 6.405805
6 300.000000 1.000000 0.100000 0.500000 0.100000 70.000000 0.000000 -32766.402629 30.996052 6.574980
5 300.000000 1.000000 0.000000 0.500000 0.100000 80.000000 0.000000 -32726.221357 70.065631 6.543103
4 300.000000 1.000000 0.000000 0.400000 0.100000 90.000000 0.000000 -32867.573673 45.854732 6.497740
4 300.000000 1.000000 0.000000 0.400000 0.100000 90.000000 0.000000 -32785.173331 54.052317 6.441839
4 300.000000 1.000000 0.000000 0.400000 0.100000 90.000000 0.000000 -32898.528706 50.853973 6.919014
5 300.000000 1.000000 0.000000 0.500000 0.100000 80.000000 0.000000 -32855.028574 51.565149 6.433340
5 300.000000 1.000000 0.000000 0.500000 0.100000 80.000000 0.000000 -32792.160270 40.391660 7.496419
5 300.000000 1.000000 0.000000 0.500000 0.100000 80.000000 0.000000 -32863.574147 32.510659 7.035930
5 300.000000 1.000000 0.000000 0.500000 0.100000 80.000000 0.000000 -32881.240616 40.217889 6.394328
5 300.000000 1.000000 0.000000 0.500000 0.100000 80.000000 0.000000 -32729.639991 55.504554 7.941074
5 300.000000 1.000000 0.000000 0.500000 0.100000 80.000000 0.000000 -32725.672047 49.640286 7.258181
5 300.000000 1.000000 0.000000 0.500000 0.100000 80.000000 0.000000 -32888.924592 61.953067 6.995190
4 300.000000 1.000000 0.000000 0.400000 0.100000 90.000000 0.000000 -32941.693833 63.248528 7.636042
1 300.000000 1.000000 0.000000 0.100000 0.100000 120.000000 0.000000 -32985.943835 146.118889 6.478792
1 300.000000 1.000000 0.000000 0.100000 0.100000 120.000000 0.000000 -32930.263656 139.230500 7.449921
1 300.000000 1.000000 0.000000 0.100000 0.100000 120.000000 0.000000 -32861.596028 147.602777 6.391902
1 300.000000 1.000000 0.000000 0.100000 0.100000 120.000000 0.000000 -32883.893076 151.630451 7.153442
1 300.000000 1.000000 0.000000 0.100000 0.100000 120.000000 0.000000 -32835.361429 136.239085 6.801993
1 300.000000 1.000000 0.000000 0.100000 0.100000 120.000000 0.000000 -32838.054170 150.540603 6.415918
1 300.000000 1.000000 0.000000 0.100000 0.100000 120.000000 0.000000 -32781.621220 144.087249 6.434099
1 300.000000 1.000000 0.000000 0.100000 0.100000 120.000000 0.000000 -32766.783982 128.705503 7.045859
1 300.000000 1.000000 0.000000 0.100000 0.100000 120.000000 0.000000 -32888.833979 138.853012 7.339287
1 300.000000 1.000000 0.000000 0.100000 0.100000 120.000000 0.000000 -33004.400543 146.282660 7.260657
1 300.000000 1.000000 0.000000 0.100000 0.100000 120.000000 0.000000 -32898.726050 124.910328 6.500386
2 300.000000 1.000000 0.000000 0.200000 0.100000 110.000000 0.000000 -32660.399396 134.907143 6.860569
2 300.000000 1.000000 0.000000 0.200000 0.100000 110.000000 0.000000 -32862.176021 96.781355 6.849980
2 300.000000 1.000000 0.000000 0.200000 0.100000 110.000000 0.000000 -32812.044930 122.010445 0.485255
2 300.000000 1.000000 0.000000 0.200000 0.100000 110.000000 0.000000 -32996.864458 83.988336 7.614876
3 300.000000 1.000000 0.000000 0.300000 0.100000 100.000000 0.000000 -33030.094916 62.974290 7.021966
2 300.000000 1.000000 0.000000 0.200000 0.100000 110.000000 0.000000 -32931.186181 117.561921 6.424389
2 300.000000 1.000000 0.000000 0.200000 0.100000 110.000000 0.000000 -32874.484452 92.109054 6.435392
2 300.000000 1.000000 0.000000 0.200000 0.100000 110.000000 0.000000 -32844.289441 67.413594 6.415857
4 300.000000 1.000000 0.000000 0.400000 0.100000 90.000000 0.000000 -32896.443571 56.337217 6.401561
5 300.000000 1.000000 0.000000 0.500000 0.100000 80.000000 0.000000 -32859.416861 69.575850 6.400460
4 300.000000 1.000000 0.000000 0.400000 0.100000 90.000000 0.000000 -32873.773334 69.359054 6.692924
3 300.000000 1.000000 0.000000 0.300000 0.100000 100.000000 0.000000 -32879.743688 70.457834 6.422965
3 300.000000 1.000000 0.000000 0.300000 0.100000 100.000000 0.000000 -32802.039728 73.591975 6.531775
4 300.000000 1.000000 0.000000 0.400000 0.100000 90.000000 0.000000 -32775.093165 74.054518 6.559172
5 300.000000 1.000000 0.000000 0.500000 0.100000 80.000000 0.000000 -32838.811223 27.897357 6.804337
6 300.000000 1.000000 0.100000 0.500000 0.100000 70.000000 0.000000 -32894.647575 42.091426 6.430075
5 300.000000 1.000000 0.000000 0.500000 0.100000 80.000000 0.000000 -32972.169521 80.316271 6.930228
3 300.000000 1.000000 0.000000 0.300000 0.100000 100.000000 0.000000 -32905.449472 76.908000 6.459348
2 300.000000 1.000000 0.000000 0.200000 0.100000 110.000000 0.000000 -32778.994814 64.766957 6.440744
3 300.000000 1.000000 0.000000 0.300000 0.100000 100.000000 0.000000 -32785.755822 52.300797 6.401710
4 300.000000 1.000000 0.000000 0.400000 0.100000 90.000000 0.000000 -32872.166132 46.292596 6.389796
5 300.000000 1.000000 0.000000 0.500000 0.100000 80.000000 0.000000 -32742.894700 40.562769 6.411214
5 300.000000 1.000000 0.000000 0.500000 0.100000 80.000000 0.000000 -32801.516454 52.119727 6.487322
5 300.000000 1.000000 0.000000 0.500000 0.100000 80.000000 0.000000 -32743.209403 47.893516 6.484807
5 300.000000 1.000000 0.000000 0.500000 0.100000 80.000000 0.000000 -32817.429294 53.375699 6.501316
3 300.000000 1.000000 0.000000 0.300000 0.100000 100.000000 0.000000 -32946.912750 92.369432 6.496103
3 300.000000 1.000000 0.000000 0.300000 0.100000 100.000000 0.000000 -32786.207867 68.542074 6.486527
3 300.000000 1.000000 0.000000 0.300000 0.100000 100.000000 0.000000 -32780.152811 63.854972 7.000701
4 300.000000 1.000000 0.000000 0.400000 0.100000 90.000000 0.000000 -32820.327555 59.003552 6.390382
5 300.000000 1.000000 0.000000 0.500000 0.100000 80.000000 0.000000 -32803.339053 53.007985 6.394461
4 300.000000 1.000000 0.000000 0.400000 0.100000 90.000000 0.000000 -32952.832557 45.072750 6.581109
5 300.000000 1.000000 0.000000 0.500000 0.100000 80.000000 0.000000 -32781.553513 49.783185 6.713809
4 300.000000 1.000000 0.000000 0.400000 0.100000 90.000000 0.000000 -32761.347975 61.962286 6.404798
3 300.000000 1.000000 0.000000 0.300000 0.100000 100.000000 0.000000 -32802.011751 92.848124 6.841289
4 300.000000 1.000000 0.000000 0.400000 0.100000 90.000000 0.000000 -32809.880473 61.218463 7.159359
4 300.000000 1.000000 0.000000 0.400000 0.100000 90.000000 0.000000 -32848.668510 66.257891 7.226244
5 300.000000 1.000000 0.000000 0.500000 0.100000 80.000000 0.000000 -32900.420385 52.365317 6.599828
5 300.000000 1.000000 0.000000 0.500000 0.100000 80.000000 0.000000 -32744.412613 66.915569 6.411797
5 300.000000 1.000000 0.000000 0.500000 0.100000 80.000000 0.000000 -32899.243802 45.629507 7.113352
4 300.000000 1.000000 0.000000 0.400000 0.100000 90.000000 0.000000 -32920.879536 69.437135 6.532323
1 300.000000 1.000000 0.000000 0.100000 0.100000 120.000000 0.000000 -32887.345795 167.839233 8.251097
1 300.000000 1.000000 0.000000 0.100000 0.100000 120.000000 0.000000 -32895.338071 138.252375 7.758934
1 300.000000 1.000000 0.000000 0.100000 0.100000 120.000000 0.000000 -32984.456218 124.968806 0.725377
1 300.000000 1.000000 0.000000 0.100000 0.100000 120.000000 0.000000 -32826.703781 150.865910 6.846682
1 300.000000 1.000000 0.000000 0.100000 0.100000 120.000000 0.000000 -32827.754818 146.526394 6.461481
0 300.000000 1.000000 0.000000 0.000000 0.100000 130.000000 0.000000 -32854.739448 159.478953 7.539721
0 300.000000 1.000000 0.000000 0.000000 0.100000 130.000000 0.000000 -32903.149834 179.082648 6.578829
0 300.000000 1.000000 0.000000 0.000000 0.100000 130.000000 0.000000 -32881.732111 185.115401 6.620675
0 300.000000 1.000000 0.000000 0.000000 0.100000 130.000000 0.000000 -32901.725383 181.232629 3.727684
0 300.000000 1.000000 0.000000 0.000000 0.100000 130.000000 0.000000 -32745.119711 154.757545 3.131552
0 300.000000 1.000000 0.000000 0.000000 0.100000 130.000000 0.000000 -32744.058833 172.376996 7.273454
0 300.000000 1.000000 0.000000 0.000000 0.100000 130.000000 0.000000 -32925.197017 172.176954 5.910946
0 300.000000 1.000000 0.000000 0.000000 0.100000 130.000000 0.000000 -32836.409810 176.562852 5.768983
0 300.000000 1.000000 0.000000 0.000000 0.100000 130.000000 0.000000 -32809.459212 170.831522 7.165852
0 300.000000 1.000000 0.000000 0.000000 0.100000 130.000000 0.000000 -33097.804627 182.703622 3.071691
0 300.000000 1.000000 0.000000 0.000000 0.100000 130.000000 0.000000 -32797.474273 175.446593 6.983375
0 300.000000 1.000000 0.000000 0.000000 0.100000 130.000000 0.000000 -32786.301993 171.957490 6.913230
0 300.000000 1.000000 0.000000 0.000000 0.100000 130.000000 0.000000 -32924.801588 191.677784 4.570602
0 300.000000 1.000000 0.000000 0.000000 0.100000 130.000000 0.000000 -32875.120570 171.907959 6.899881
0 300.000000 1.000000 0.000000 0.000000 0.100000 130.000000 0.000000 -32881.766519 151.161365 6.832213
0 300.000000 1.000000 0.000000 0.000000 0.100000 130.000000 0.000000 -32726.313528 175.132535 6.758232
0 300.000000 1.000000 0.000000 0.000000 0.100000 130.000000 0.000000 -32704.301780 146.602147 6.988981
0 300.000000 1.000000 0.000000 0.000000 0.100000 130.000000 0.000000 -32831.221564 186.651883 5.726233
0 300.000000 1.000000 0.000000 0.000000 0.100000 130.000000 0.000000 -32935.172716 180.178123 6.886966
0 300.000000 1.000000 0.000000 0.000000 0.100000 130.000000 0.000000 -32872.143832 195.293088 7.037248
0 300.000000 1.000000 0.000000 0.000000 0.100000 130.000000 0.000000 -32927.178622 164.037633 6.392568
0 300.000000 1.000000 0.000000 0.000000 0.100000 130.000000 0.000000 -32799.358093 170.620699 4.767407
0 300.000000 1.000000 0.000000 0.000000 0.100000 130.000000 0.000000 -32748.302188 187.457236 6.971318
0 300.000000 1.000000 0.000000 0.000000 0.100000 130.000000 0.000000 -33014.588822 175.021515 7.334400
0 300.000000 1.000000 0.000000 0.000000 0.100000 130.000000 0.000000 -33041.780714 179.084472 7.054994
0 300.000000 1.000000 0.000000 0.000000 0.100000 130.000000 0.000000 -32821.277327 186.293101 6.769636
0 300.000000 1.000000 0.000000 0.000000 0.100000 130.000000 0.000000 -32951.450204 186.144018 3.652803
0 300.000000 1.000000 0.000000 0.000000 0.100000 130.000000 0.000000 -32776.946507 180.286779 7.157460
0 300.000000 1.000000 0.000000 0.000000 0.100000 130.000000 0.000000 -32756.393638 188.142756 6.101482
0 300.000000 1.000000 0.000000 0.000000 0.100000 130.000000 0.000000 -32865.949726 175.297627 5.410890
0 300.000000 1.000000 0.000000 0.000000 0.100000 130.000000 0.000000 -32895.386353 174.457124 7.444865
0 300.000000 1.000000 0.000000 0.000000 0.100000 130.000000 0.000000 -32873.299477 189.679506 6.975932
0 300.000000 1.000000 0.000000 0.000000 0.100000 130.000000 0.000000 -32934.657149 193.102073 5.415343
0 300.000000 1.000000 0.000000 0.000000 0.100000 130.000000 0.000000 -32926.388996 179.139751 7.481696
0 300.000000 1.000000 0.000000 0.000000 0.100000 130.000000 0.000000 -32793.321454 185.837062 7.341588
0 300.000000 1.000000 0.000000 0.000000 0.100000 130.000000 0.000000 -33000.063169 184.468325 7.377832
0 300.000000 1.000000 0.000000 0.000000 0.100000 130.000000 0.000000 -32869.173905 175.529944 7.258218
0 300.000000 1.000000 0.000000 0.000000 0.100000 130.000000 0.000000 -32895.263763 172.191415 6.546890
0 300.000000 1.000000 0.000000 0.000000 0.100000 130.000000 0.000000 -32950.372379 175.098804 4.745567
0 300.000000 1.000000 0.000000 0.000000 0.100000 130.000000 0.000000 -32858.670941 175.299819 6.857813
0 300.000000 1.000000 0.000000 0.000000 0.100000 130.000000 0.000000 -32811.098280 182.446664 7.471002
0 300.000000 1.000000 0.000000 0.000000 0.100000 130.000000 0.000000 -32848.403959 167.673106 6.586146
0 300.000000 1.000000 0.000000 0.000000 0.100000 130.000000 0.000000 -32781.697615 173.023655 7.480374
1 300.000000 1.000000 0.000000 0.100000 0.100000 120.000000 0.000000 -32862.448111 139.727717 5.856132
1 300.000000 1.000000 0.000000 0.100000 0.100000 120.000000 0.000000 -32852.149822 183.804139 7.181590
0 300.000000 1.000000 0.000000 0.000000 0.100000 130.000000 0.000000 -32952.520468 191.455492 6.429640
0 300.000000 1.000000 0.000000 0.000000 0.100000 130.000000 0.000000 -32932.134238 188.190175 2.867751
0 300.000000 1.000000 0.000000 0.000000 0.100000 130.000000 0.000000 -33032.540510 160.102080 7.656587
0 300.000000 1.000000 0.000000 0.000000 0.100000 130.000000 0.000000 -32981.954084 193.471743 6.650820
0 300.000000 1.000000 0.000000 0.000000 0.100000 130.000000 0.000000 -32944.192026 184.496658 6.422726
0 300.000000 1.000000 0.000000 0.000000 0.100000 130.000000 0.000000 -32890.416233 194.177402 8.054201
0 300.000000 1.000000 0.000000 0.000000 0.100000 130.000000 0.000000 -32690.032180 172.911864 1.080852
0 300.000000 1.000000 0.000000 0.000000 0.100000 130.000000 0.000000 -32933.945235 175.134575 6.434511
0 300.000000 1.000000 0.000000 0.000000 0.100000 130.000000 0.000000 -32845.423133 158.381925 8.006362
0 300.000000 1.000000 0.000000 0.000000 0.100000 130.000000 0.000000 -32874.848869 181.878470 6.964318
0 300.000000 1.000000 0.000000 0.000000 0.100000 130.000000 0.000000 -33007.523772 179.038984 7.628613
0 300.000000 1.000000 0.000000 0.000000 0.100000 130.000000 0.000000 -32771.812450 177.179826 8.283473
0 300.000000 1.000000 0.000000 0.000000 0.100000 130.000000 0.000000 -32932.913041 189.110389 5.477648
0 300.000000 1.000000 0.000000 0.000000 0.100000 130.000000 0.000000 -32909.343134 161.085898 6.094535
0 300.000000 1.000000 0.000000 0.000000 0.100000 130.000000 0.000000 -32703.654696 173.470928 6.389712
0 300.000000 1.000000 0.000000 0.000000 0.100000 130.000000 0.000000 -32812.224458 153.305492 8.069974
0 300.000000 1.000000 0.000000 0.000000 0.100000 130.000000 0.000000 -32918.961679 160.108825 6.592680
0 300.000000 1.000000 0.000000 0.000000 0.100000 130.000000 0.000000 -32769.011216 136.277236 6.390143
1 300.000000 1.000000 0.000000 0.100000 0.100000 120.000000 0.000000 -32666.488759 139.214260 7.200242
2 300.000000 1.000000 0.000000 0.200000 0.100000 110.000000 0.000000 -32888.579017 122.926661 7.441262
2 300.000000 1.000000 0.000000 0.200000 0.100000 110.000000 0.000000 -32778.793032 117.358130 0.702374
2 300.000000 1.000000 0.000000 0.200000 0.100000 110.000000 0.000000 -32832.541072 82.890056 0.019654
3 300.000000 1.000000 0.000000 0.300000 0.100000 100.000000 0.000000 -32703.554505 73.268821 5.528170
3 300.000000 1.000000 0.000000 0.300000 0.100000 100.000000 0.000000 -32841.767727 90.097965 4.284104
3 300.000000 1.000000 0.000000 0.300000 0.100000 100.000000 0.000000 -32813.402786 67.668232 7.345120
4 300.000000 1.000000 0.000000 0.400000 0.100000 90.000000 0.000000 -32973.875144 72.196521 5.319215
4 300.000000 1.000000 0.000000 0.400000 0.100000 90.000000 0.000000 -32786.507130 57.564619 8.213440
4 300.000000 1.000000 0.000000 0.400000 0.100000 90.000000 0.000000 -32851.278891 68.166239 7.305223
4 300.000000 1.000000 0.000000 0.400000 0.100000 90.000000 0.000000 -32851.577887 57.926614 8.283333
4 300.000000 1.000000 0.000000 0.400000 0.100000 90.000000 0.000000 -32740.880043 74.072614 2.258688
4 300.000000 1.000000 0.000000 0.400000 0.100000 90.000000 0.000000 -32789.974101 64.440310 7.770464
4 300.000000 1.000000 0.000000 0.400000 0.100000 90.000000 0.000000 -32912.551681 62.300584 8.008986
4 300.000000 1.000000 0.000000 0.400000 0.100000 90.000000 0.000000 -32790.242421 34.184014 0.278470
6 300.000000 1.000000 0.100000 0.500000 0.100000 70.000000 0.000000 -32742.140827 32.802165 7.042405
5 300.000000 1.000000 0.000000 0.500000 0.100000 80.000000 0.000000 -32686.365731 61.546664 8.275355
5 300.000000 1.000000 0.000000 0.500000 0.100000 80.000000 0.000000 -32742.469782 45.285925 5.983896
5 300.000000 1.000000 0.000000 0.500000 0.100000 80.000000 0.000000 -32604.325079 63.952449 7.547425
3 300.000000 1.000000 0.000000 0.300000 0.100000 100.000000 0.000000 -32905.611577 70.190342 5.647314
4 300.000000 1.000000 0.000000 0.400000 0.100000 90.000000 0.000000 -32804.965757 51.887018 7.853421
5 300.000000 1.000000 0.000000 0.500000 0.100000 80.000000 0.000000 -32836.002603 48.714430 6.417979
5 300.000000 1.000000 0.000000 0.500000 0.100000 80.000000 0.000000 -32850.126789 60.809451 0.030327
3 300.000000 1.000000 0.000000 0.300000 0.100000 100.000000 0.000000 -32700.678872 49.600657 0.038353
3 300.000000 1.000000 0.000000 0.300000 0.100000 100.000000 0.000000 -32848.788015 50.378415 7.061418
4 300.000000 1.000000 0.000000 0.400000 0.100000 90.000000 0.000000 -32791.058995 70.328948 6.389727
3 300.000000 1.000000 0.000000 0.300000 0.100000 100.000000 0.000000 -32834.017725 55.913154 6.394206
4 300.000000 1.000000 0.000000 0.400000 0.100000 90.000000 0.000000 -32691.423404 73.952333 6.454823
4 300.000000 1.000000 0.000000 0.400000 0.100000 90.000000 0.000000 -32714.111736 51.878151 6.188840
5 300.000000 1.000000 0.000000 0.500000 0.100000 80.000000 0.000000 -32827.751214 35.594050 0.036971
4 300.000000 1.000000 0.000000 0.400000 0.100000 90.000000 0.000000 -32905.375058 54.079996 1.220041
4 300.000000 1.000000 0.000000 0.400000 0.100000 90.000000 0.000000 -32763.868539 56.892112 2.404161
3 300.000000 1.000000 0.000000 0.300000 0.100000 100.000000 0.000000 -32872.954459 94.754916 0.213133
4 300.000000 1.000000 0.000000 0.400000 0.100000 90.000000 0.000000 -32772.473092 54.423282 7.607950
5 300.000000 1.000000 0.000000 0.500000 0.100000 80.000000 0.000000 -32827.227457 73.192083 2.388255
4 300.000000 1.000000 0.000000 0.400000 0.100000 90.000000 0.000000 -32768.896855 64.716177 7.529767
4 300.000000 1.000000 0.000000 0.400000 0.100000 90.000000 0.000000 -32768.745802 65.560148 3.781331
5 300.000000 1.000000 0.000000 0.500000 0.100000 80.000000 0.000000 -32765.525851 54.172184 4.295422
5 300.000000 1.000000 0.000000 0.500000 0.100000 80.000000 0.000000 -32795.431355 39.824443 7.691688
4 300.000000 1.000000 0.000000 0.400000 0.100000 90.000000 0.000000 -32869.348090 88.957823 7.648825
2 300.000000 1.000000 0.000000 0.200000 0.100000 110.000000 0.000000 -32872.346223 106.917342 6.748563
3 300.000000 1.000000 0.000000 0.300000 0.100000 100.000000 0.000000 -32890.458463 49.056347 6.757686
4 300.000000 1.000000 0.000000 0.400000 0.100000 90.000000 0.000000 -32672.478363 30.565428 6.930857
4 300.000000 1.000000 0.000000 0.400000 0.100000 90.000000 0.000000 -32794.660339 78.443934 6.458970
3 300.000000 1.000000 0.000000 0.300000 0.100000 100.000000 0.000000 -32825.265172 34.828115 8.144329
3 300.000000 1.000000 0.000000 0.300000 0.100000 100.000000 0.000000 -32892.773713 55.682600 7.087893
3 300.000000 1.000000 0.000000 0.300000 0.100000 100.000000 0.000000 -32953.814479 80.333433 6.544845
4 300.000000 1.000000 0.000000 0.400000 0.100000 90.000000 0.000000 -32902.322550 44.757352 7.083363
4 300.000000 1.000000 0.000000 0.400000 0.100000 90.000000 0.000000 -32820.590521 64.173407 7.576102
4 300.000000 1.000000 0.000000 0.400000 0.100000 90.000000 0.000000 -32916.089240 56.093726 6.502848
5 300.000000 1.000000 0.000000 0.500000 0.100000 80.000000 0.000000 -32778.249655 59.733805 6.934014
5 300.000000 1.000000 0.000000 0.500000 0.100000 80.000000 0.000000 -32746.210738 41.761376 6.712544
5 300.000000 1.000000 0.000000 0.500000 0.100000 80.000000 0.000000 -32828.845575 52.753244 6.622034
3 300.000000 1.000000 0.000000 0.300000 0.100000 100.000000 0.000000 -32864.835585 66.888156 7.909420
4 300.000000 1.000000 0.000000 0.400000 0.100000 90.000000 0.000000 -32991.901633 28.819587 6.550234
6 300.000000 1.000000 0.100000 0.500000 0.100000 70.000000 0.000000 -32947.291857 14.015111 7.112807
6 300.000000 1.000000 0.100000 0.500000 0.100000 70.000000 0.000000 -32819.295520 32.271268 6.428224
6 300.000000 1.000000 0.100000 0.500000 0.100000 70.000000 0.000000 -32766.363588 19.071790 6.479523
6 300.000000 1.000000 0.100000 0.500000 0.100000 70.000000 0.000000 -32868.666461 16.680111 6.392233
6 300.000000 1.000000 0.100000 0.500000 0.100000 70.000000 0.000000 -32924.972301 46.205040 6.766861
3 300.000000 1.000000 0.000000 0.300000 0.100000 100.000000 0.000000 -32875.750625 53.714436 8.085750
4 300.000000 1.000000 0.000000 0.400000 0.100000 90.000000 0.000000 -32881.867260 64.941768 6.396624
4 300.000000 1.000000 0.000000 0.400000 0.100000 90.000000 0.000000 -32802.047782 73.735507 6.863541
4 300.000000 1.000000 0.000000 0.400000 0.100000 90.000000 0.000000 -32815.537741 71.482202 7.403064
5 300.000000 1.000000 0.000000 0.500000 0.100000 80.000000 0.000000 -32814.599569 47.149906 6.405477
5 300.000000 1.000000 0.000000 0.500000 0.100000 80.000000 0.000000 -32717.554662 50.869784 6.391525
3 300.000000 1.000000 0.000000 0.300000 0.100000 100.000000 0.000000 -32898.485247 81.406002 7.491229
2 300.000000 1.000000 0.000000 0.200000 0.100000 110.000000 0.000000 -32853.988148 132.878175 6.742123
2 300.000000 1.000000 0.000000 0.200000 0.100000 110.000000 0.000000 -32913.651842 71.446471 6.393956
5 300.000000 1.000000 0.000000 0.500000 0.100000 80.000000 0.000000 -32770.926365 28.275866 7.266027
6 300.000000 1.000000 0.100000 0.500000 0.100000 70.000000 0.000000 -32894.783455 18.306491 7.869184
7 300.000000 1.000000 0.200000 0.500000 0.100000 60.000000 0.000000 -32724.580669 13.747749 6.609899
7 300.000000 1.000000 0.200000 0.500000 0.100000 60.000000 0.000000 -32703.108608 19.405656 6.735688
6 300.000000 1.000000 0.100000 0.500000 0.100000 70.000000 0.000000 -32689.814217 8.809359 7.080967
7 300.000000 1.000000 0.200000 0.500000 0.100000 60.000000 0.000000 -32774.839037 4.880983 6.525258
8 300.000000 1.000000 0.300000 0.500000 0.100000 50.000000 0.000000 -32907.130688 5.918392 7.424709
8 300.000000 1.000000 0.300000 0.500000 0.100000 50.000000 0.000000 -32890.320887 15.756540 6.570178
8 300.000000 1.000000 0.300000 0.500000 0.100000 50.000000 0.000000 -32924.564194 11.335925 8.241637
8 300.000000 1.000000 0.300000 0.500000 0.100000 50.000000 0.000000 -32706.716007 -3.314184 7.191236
10 300.000000 1.000000 0.500000 0.500000 0.100000 30.000000 0.000000 -32871.049229 1.020785 7.942527
11 300.000000 -1.000000 0.500000 0.500000 0.100000 30.000000 0.000000 -32895.528128 0.098957 6.525551
10 300.000000 1.000000 0.500000 0.500000 0.100000 30.000000 0.000000 -32863.313005 -0.304385 7.504059
12 300.000000 -1.000000 0.400000 0.500000 0.100000 40.000000 0.000000 -32877.742798 9.628366 8.105875
14 300.000000 -1.000000 0.200000 0.500000 0.100000 60.000000 0.000000 -32993.770309 17.168313 6.752037
14 300.000000 -1.000000 0.200000 0.500000 0.100000 60.000000 0.000000 -32817.850750 21.279161 6.395895
15 300.000000 -1.000000 0.100000 0.500000 0.100000 70.000000 0.000000 -32829.304808 14.134990 6.525760
14 300.000000 -1.000000 0.200000 0.500000 0.100000 60.000000 0.000000 -32702.915342 8.145061 6.428286
11 300.000000 -1.000000 0.500000 0.500000 0.100000 30.000000 0.000000 -32832.902056 7.808779 6.596623
7 300.000000 1.000000 0.200000 0.500000 0.100000 60.000000 0.000000 -32939.976239 11.499001 7.091697
6 300.000000 1.000000 0.100000 0.500000 0.100000 70.000000 0.000000 -32843.461683 15.400235 6.390431
7 300.000000 1.000000 0.200000 0.500000 0.100000 60.000000 0.000000 -32854.768380 6.110269 6.826282
8 300.000000 1.000000 0.300000 0.500000 0.100000 50.000000 0.000000 -32770.118014 -0.292055 6.709938
9 300.000000 1.000000 0.400000 0.500000 0.100000 40.000000 0.000000 -32787.646819 2.574960 7.422164
8 300.000000 1.000000 0.300000 0.500000 0.100000 50.000000 0.000000 -32702.764227 10.635624 6.399765
7 300.000000 1.000000 0.200000 0.500000 0.100000 60.000000 0.000000 -32831.544799 4.686313 6.395986
9 300.000000 1.000000 0.400000 0.500000 0.100000 40.000000 0.000000 -32787.654197 0.784923 6.751816
10 300.000000 1.000000 0.500000 0.500000 0.100000 30.000000 0.000000 -32656.150320 -1.799881 7.606355
10 300.000000 1.000000 0.500000 0.500000 0.100000 30.000000 0.000000 -32914.927195 -4.034071 8.094275
10 300.000000 1.000000 0.500000 0.500000 0.100000 30.000000 0.000000 -32782.398289 5.335758 6.389788
10 300.000000 1.000000 0.500000 0.500000 0.100000 30.000000 0.000000 -33094.455590 4.797107 6.400275
15 300.000000 -1.000000 0.100000 0.500000 0.100000 70.000000 0.000000 -32920.782331 17.957427 6.608207
14 300.000000 -1.000000 0.200000 0.500000 0.100000 60.000000 0.000000 -32741.132668 14.992368 6.390472
15 300.000000 -1.000000 0.100000 0.500000 0.100000 70.000000 0.000000 -32970.460597 23.117261 6.390861
15 300.000000 -1.000000 0.100000 0.500000 0.100000 70.000000 0.000000 -32866.011886 20.114161 6.752819
14 300.000000 -1.000000 0.200000 0.500000 0.100000 60.000000 0.000000 -32829.205142 2.430372 6.865154
13 300.000000 -1.000000 0.300000 0.500000 0.100000 50.000000 0.000000 -32880.448913 6.515412 6.926774
14 300.000000 -1.000000 0.200000 0.500000 0.100000 60.000000 0.000000 -32794.566974 10.420918 6.925687
13 300.000000 -1.000000 0.300000 0.500000 0.100000 50.000000 0.000000 -32746.006984 -1.918113 6.389719
9 300.000000 1.000000 0.400000 0.500000 0.100000 40.000000 0.000000 -32901.907207 2.624722 6.449428
9 300.000000 1.000000 0.400000 0.500000 0.100000 40.000000 0.000000 -32897.941684 0.468180 7.270327
11 300.000000 -1.000000 0.500000 0.500000 0.100000 30.000000 0.000000 -32841.246167 6.743212 6.590844
8 300.000000 1.000000 0.300000 0.500000 0.100000 50.000000 0.000000 -32906.812658 1.730294 6.579641
9 300.000000 1.000000 0.400000 0.500000 0.100000 40.000000 0.000000 -33016.068392 0.001639 8.247457
10 300.000000 1.000000 0.500000 0.500000 0.100000 30.000000 0.000000 -32964.347057 -2.959270 6.392778
9 300.000000 1.000000 0.400000 0.500000 0.100000 40.000000 0.000000 -32814.235788 3.536523 6.455385
9 300.000000 1.000000 0.400000 0.500000 0.100000 40.000000 0.000000 -32880.073214 -0.521310 6.809630
11 300.000000 -1.000000 0.500000 0.500000 0.100000 30.000000 0.000000 -32867.756651 -6.396825 6.623967
12 300.000000 -1.000000 0.400000 0.500000 0.100000 40.000000 0.000000 -33111.009737 3.458833 6.829073
11 300.000000 -1.000000 0.500000 0.500000 0.100000 30.000000 0.000000 -32865.984903 -1.511080 8.067425
10 300.000000 1.000000 0.500000 0.500000 0.100000 30.000000 0.000000 -32955.310023 -6.635909 6.448493
11 300.000000 -1.000000 0.500000 0.500000 0.100000 30.000000 0.000000 -32836.018511 3.891773 6.396373
12 300.000000 -1.000000 0.400000 0.500000 0.100000 40.000000 0.000000 -32931.732371 3.102116 7.971719
13 300.000000 -1.000000 0.300000 0.500000 0.100000 50.000000 0.000000 -32829.396748 11.506043 6.428903
13 300.000000 -1.000000 0.300000 0.500000 0.100000 50.000000 0.000000 -32863.907879 4.551150 6.877052
10 300.000000 1.000000 0.500000 0.500000 0.100000 30.000000 0.000000 -32834.944701 3.742673 7.613827
8 300.000000 1.000000 0.300000 0.500000 0.100000 50.000000 0.000000 -32770.613998 -2.651726 6.412320
10 300.000000 1.000000 0.500000 0.500000 0.100000 30.000000 0.000000 -32799.866088 -2.006026 6.412868
9 300.000000 1.000000 0.400000 0.500000 0.100000 40.000000 0.000000 -32741.840946 11.067981 6.427451
7 300.000000 1.000000 0.200000 0.500000 0.100000 60.000000 0.000000 -32817.758874 4.468721 7.667221
12 300.000000 -1.000000 0.400000 0.500000 0.100000 40.000000 0.000000 -32865.826809 16.887962 6.682279
14 300.000000 -1.000000 0.200000 0.500000 0.100000 60.000000 0.000000 -32931.062436 11.590979 7.246485
13 300.000000 -1.000000 0.300000 0.500000 0.100000 50.000000 0.000000 -32809.906334 9.990475 7.308820
14 300.000000 -1.000000 0.200000 0.500000 0.100000 60.000000 0.000000 -32868.743892 6.719424 6.392401
13 300.000000 -1.000000 0.300000 0.500000 0.100000 50.000000 0.000000 -32908.624817 8.862749 6.450592
13 300.000000 -1.000000 0.300000 0.500000 0.100000 50.000000 0.000000 -32966.559060 2.797983 7.116640
11 300.000000 -1.000000 0.500000 0.500000 0.100000 30.000000 0.000000 -32812.017829 -0.951873 7.974435
10 300.000000 1.000000 0.500000 0.500000 0.100000 30.000000 0.000000 -32988.686150 -4.114510 6.389730
10 300.000000 1.000000 0.500000 0.500000 0.100000 30.000000 0.000000 -32964.122352 -2.462392 6.415292
8 300.000000 1.000000 0.300000 0.500000 0.100000 50.000000 0.000000 -32926.647808 8.350682 6.397787
8 300.000000 1.000000 0.300000 0.500000 0.100000 50.000000 0.000000 -32966.886269 5.884329 6.647462
10 300.000000 1.000000 0.500000 0.500000 0.100000 30.000000 0.000000 -32878.961061 7.096008 6.863455
8 300.000000 1.000000 0.300000 0.500000 0.100000 50.000000 0.000000 -32795.030325 6.074507 6.758352
10 300.000000 1.000000 0.500000 0.500000 0.100000 30.000000 0.000000 -32865.659184 -0.761104 7.330591
12 300.000000 -1.000000 0.400000 0.500000 0.100000 40.000000 0.000000 -32843.958183 2.777991 6.617821
11 300.000000 -1.000000 0.500000 0.500000 0.100000 30.000000 0.000000 -32605.123768 -5.107333 6.926481
9 300.000000 1.000000 0.400000 0.500000 0.100000 40.000000 0.000000 -32816.606759 6.600783 6.390398
8 300.000000 1.000000 0.300000 0.500000 0.100000 50.000000 0.000000 -32818.366590 7.530429 6.822566
6 300.000000 1.000000 0.100000 0.500000 0.100000 70.000000 0.000000 -32868.810308 11.561091 7.043497
8 300.000000 1.000000 0.300000 0.500000 0.100000 50.000000 0.000000 -32906.701506 14.118935 6.483911
6 300.000000 1.000000 0.100000 0.500000 0.100000 70.000000 0.000000 -32881.519856 15.829589 8.156186
6 300.000000 1.000000 0.100000 0.500000 0.100000 70.000000 0.000000 -32675.702815 27.632518 6.513410
7 300.000000 1.000000 0.200000 0.500000 0.100000 60.000000 0.000000 -32756.148300 8.800748 7.029595
8 300.000000 1.000000 0.300000 0.500000 0.100000 50.000000 0.000000 -32879.722728 5.987839 6.453946
7 300.000000 1.000000 0.200000 0.500000 0.100000 60.000000 0.000000 -32842.378590 17.289500 8.009970
7 300.000000 1.000000 0.200000 0.500000 0.100000 60.000000 0.000000 -32750.196079 11.811648 8.056856
7 300.000000 1.000000 0.200000 0.500000 0.100000 60.000000 0.000000 -32863.616712 9.873178 8.042671
7 300.000000 1.000000 0.200000 0.500000 0.100000 60.000000 0.000000 -32794.217329 16.632207 6.503697
6 300.000000 1.000000 0.100000 0.500000 0.100000 70.000000 0.000000 -32893.688339 40.069000 8.262672
6 300.000000 1.000000 0.100000 0.500000 0.100000 70.000000 0.000000 -32933.226654 33.907398 8.038715
6 300.000000 1.000000 0.100000 0.500000 0.100000 70.000000 0.000000 -32685.664515 24.841543 7.032383
7 300.000000 1.000000 0.200000 0.500000 0.100000 60.000000 0.000000 -32723.422261 16.671213 7.252589
6 300.000000 1.000000 0.100000 0.500000 0.100000 70.000000 0.000000 -32902.060180 19.896404 6.405217
7 300.000000 1.000000 0.200000 0.500000 0.100000 60.000000 0.000000 -32855.713409 17.133421 6.870714
6 300.000000 1.000000 0.100000 0.500000 0.100000 70.000000 0.000000 -32648.043356 16.582739 7.294991
6 300.000000 1.000000 0.100000 0.500000 0.100000 70.000000 0.000000 -32739.015576 8.140681 6.444768
9 300.000000 1.000000 0.400000 0.500000 0.100000 40.000000 0.000000 -33022.520170 10.032782 6.398805
8 300.000000 1.000000 0.300000 0.500000 0.100000 50.000000 0.000000 -32874.149026 5.379199 6.398949
8 300.000000 1.000000 0.300000 0.500000 0.100000 50.000000 0.000000 -32820.415632 9.844199 7.920090
10 300.000000 1.000000 0.500000 0.500000 0.100000 30.000000 0.000000 -32867.161709 -6.767434 7.195495
9 300.000000 1.000000 0.400000 0.500000 0.100000 40.000000 0.000000 -32903.633313 5.649706 6.506098
9 300.000000 1.000000 0.400000 0.500000 0.100000 40.000000 0.000000 -32780.522426 -2.469681 7.508789
10 300.000000 1.000000 0.500000 0.500000 0.100000 30.000000 0.000000 -32843.065055 10.454005 8.283474
8 300.000000 1.000000 0.300000 0.500000 0.100000 50.000000 0.000000 -32966.416334 2.698244 7.171006
10 300.000000 1.000000 0.500000 0.500000 0.100000 30.000000 0.000000 -32804.583956 2.586394 7.711047
7 300.000000 1.000000 0.200000 0.500000 0.100000 60.000000 0.000000 -32930.486478 7.051635 7.400350
7 300.000000 1.000000 0.200000 0.500000 0.100000 60.000000 0.000000 -32765.071645 8.502822 6.389722
9 300.000000 1.000000 0.400000 0.500000 0.100000 40.000000 0.000000 -32957.074810 -2.144955 7.415178
8 300.000000 1.000000 0.300000 0.500000 0.100000 50.000000 0.000000 -32925.108287 9.505996 6.390351
9 300.000000 1.000000 0.400000 0.500000 0.100000 40.000000 0.000000 -32866.664944 5.039187 7.828560
13 300.000000 -1.000000 0.300000 0.500000 0.100000 50.000000 0.000000 -32784.467853 12.212865 6.464046
15 300.000000 -1.000000 0.100000 0.500000 0.100000 70.000000 0.000000 -32887.043130 3.865222 6.995952
12 300.000000 -1.000000 0.400000 0.500000 0.100000 40.000000 0.000000 -32816.177402 -5.032739 6.555107
10 300.000000 1.000000 0.500000 0.500000 0.100000 30.000000 0.000000 -32984.298554 1.167851 6.749900
9 300.000000 1.000000 0.400000 0.500000 0.100000 40.000000 0.000000 -32986.044601 4.744750 6.389932
8 300.000000 1.000000 0.300000 0.500000 0.100000 50.000000 0.000000 -32867.004207 6.815033 6.389887
12 300.000000 -1.000000 0.400000 0.500000 0.100000 40.000000 0.000000 -32874.505851 -5.952868 6.944830
11 300.000000 -1.000000 0.500000 0.500000 0.100000 30.000000 0.000000 -32682.980700 -1.312576 6.825286
11 300.000000 -1.000000 0.500000 0.500000 0.100000 30.000000 0.000000 -32825.051456 -6.628817 8.283393
10 300.000000 1.000000 0.500000 0.500000 0.100000 30.000000 0.000000 -32920.728381 3.451096 6.403070
8 300.000000 1.000000 0.300000 0.500000 0.100000 50.000000 0.000000 -32901.440391 2.421138 6.673580
9 300.000000 1.000000 0.400000 0.500000 0.100000 40.000000 0.000000 -32705.584510 12.302287 6.390375
7 300.000000 1.000000 0.200000 0.500000 0.100000 60.000000 0.000000 -32865.709075 31.931915 6.694123
5 300.000000 1.000000 0.000000 0.500000 0.100000 80.000000 0.000000 -32884.860270 28.392526 6.563726
6 300.000000 1.000000 0.100000 0.500000 0.100000 70.000000 0.000000 -32919.148509 16.169290 8.181117
6 300.000000 1.000000 0.100000 0.500000 0.100000 70.000000 0.000000 -32763.388184 19.463055 6.935300
7 300.000000 1.000000 0.200000 0.500000 0.100000 60.000000 0.000000 -32785.179279 13.452372 7.108773
7 300.000000 1.000000 0.200000 0.500000 0.100000 60.000000 0.000000 -32977.207403 14.813303 6.959963
7 300.000000 1.000000 0.200000 0.500000 0.100000 60.000000 0.000000 -32825.275434 23.580560 6.637966
7 300.000000 1.000000 0.200000 0.500000 0.100000 60.000000 0.000000 -32881.577386 10.034175 6.392418
8 300.000000 1.000000 0.300000 0.500000 0.100000 50.000000 0.000000 -32939.258373 5.869505 7.896185
9 300.000000 1.000000 0.400000 0.500000 0.100000 40.000000 0.000000 -32866.954800 5.259950 8.246858
9 300.000000 1.000000 0.400000 0.500000 0.100000 40.000000 0.000000 -32763.834217 -4.146220 7.999582
10 300.000000 1.000000 0.500000 0.500000 0.100000 30.000000 0.000000 -32804.317764 -1.703672 6.714263
9 300.000000 1.000000 0.400000 0.500000 0.100000 40.000000 0.000000 -32939.001547 4.839979 6.612654
7 300.000000 1.000000 0.200000 0.500000 0.100000 60.000000 0.000000 -32923.544470 10.171902 6.970258
8 300.000000 1.000000 0.300000 0.500000 0.100000 50.000000 0.000000 -32899.934188 3.752243 7.547511
9 300.000000 1.000000 0.400000 0.500000 0.100000 40.000000 0.000000 -32881.163498 -3.757114 6.650266
11 300.000000 -1.000000 0.500000 0.500000 0.100000 30.000000 0.000000 -32918.505879 0.100474 6.413770
12 300.000000 -1.000000 0.400000 0.500000 0.100000 40.000000 0.000000 -32986.963112 -0.074515 6.536166
11 300.000000 -1.000000 0.500000 0.500000 0.100000 30.000000 0.000000 -32750.255275 2.673896 6.686008
12 300.000000 -1.000000 0.400000 0.500000 0.100000 40.000000 0.000000 -32866.345309 -0.624833 7.445185
11 300.000000 -1.000000 0.500000 0.500000 0.100000 30.000000 0.000000 -32861.432719 0.185880 6.561279
10 300.000000 1.000000 0.500000 0.500000 0.100000 30.000000 0.000000 -32909.091517 -5.504632 6.503661
10 300.000000 1.000000 0.500000 0.500000 0.100000 30.000000 0.000000 -32882.307402 -4.520261 6.411573
11 300.000000 -1.000000 0.500000 0.500000 0.100000 30.000000 0.000000 -32900.267147 2.589613 6.725348
9 300.000000 1.000000 0.400000 0.500000 0.100000 40.000000 0.000000 -32921.134188 -0.391846 7.630029
11 300.000000 -1.000000 0.500000 0.500000 0.100000 30.000000 0.000000 -32882.881702 5.053382 7.161915
12 300.000000 -1.000000 0.400000 0.500000 0.100000 40.000000 0.000000 -32812.864986 -3.277344 7.599344
10 300.000000 1.000000 0.500000 0.500000 0.100000 30.000000 0.000000 -32826.259452 2.705270 7.141074
10 300.000000 1.000000 0.500000 0.500000 0.100000 30.000000 0.000000 -32853.798987 11.925510 6.649879
7 300.000000 1.000000 0.200000 0.500000 0.100000 60.000000 0.000000 -32714.090961 10.828319 6.391743
7 300.000000 1.000000 0.200000 0.500000 0.100000 60.000000 0.000000 -32789.649023 2.112642 6.827496
8 300.000000 1.000000 0.300000 0.500000 0.100000 50.000000 0.000000 -32851.674529 4.932802 6.651381
10 300.000000 1.000000 0.500000 0.500000 0.100000 30.000000 0.000000 -32820.520023 4.692488 6.461868
8 300.000000 1.000000 0.300000 0.500000 0.100000 50.000000 0.000000 -32806.121391 17.125216 7.170192
7 300.000000 1.000000 0.200000 0.500000 0.100000 60.000000 0.000000 -32936.279387 9.158483 6.557893
9 300.000000 1.000000 0.400000 0.500000 0.100000 40.000000 0.000000 -32979.962904 8.290901 8.271467
7 300.000000 1.000000 0.200000 0.500000 0.100000 60.000000 0.000000 -32785.141572 24.791546 6.406887
6 300.000000 1.000000 0.100000 0.500000 0.100000 70.000000 0.000000 -32965.758613 18.429728 6.932572
6 300.000000 1.000000 0.100000 0.500000 0.100000 70.000000 0.000000 -32847.744488 19.731950 6.486599
6 300.000000 1.000000 0.100000 0.500000 0.100000 70.000000 0.000000 -32750.209927 15.085696 6.416192
8 300.000000 1.000000 0.300000 0.500000 0.100000 50.000000 0.000000 -32993.402453 13.786238 7.128051
5 300.000000 1.000000 0.000000 0.500000 0.100000 80.000000 0.000000 -32755.292703 47.050837 6.435566
3 300.000000 1.000000 0.000000 0.300000 0.100000 100.000000 0.000000 -32636.702649 69.900566 7.265661
4 300.000000 1.000000 0.000000 0.400000 0.100000 90.000000 0.000000 -32777.177148 43.253915 7.537382
4 300.000000 1.000000 0.000000 0.400000 0.100000 90.000000 0.000000 -32824.296652 64.004307 6.765044
3 300.000000 1.000000 0.000000 0.300000 0.100000 100.000000 0.000000 -32841.937292 51.496110 8.281353
5 300.000000 1.000000 0.000000 0.500000 0.100000 80.000000 0.000000 -32767.354273 45.305362 6.716142
5 300.000000 1.000000 0.000000 0.500000 0.100000 80.000000 0.000000 -32757.850034 52.519213 4.503049
4 300.000000 1.000000 0.000000 0.400000 0.100000 90.000000 0.000000 -32828.361032 60.584132 7.256034
3 300.000000 1.000000 0.000000 0.300000 0.100000 100.000000 0.000000 -32766.043629 63.983245 4.742088
5 300.000000 1.000000 0.000000 0.500000 0.100000 80.000000 0.000000 -32842.729691 58.888232 6.824515
4 300.000000 1.000000 0.000000 0.400000 0.100000 90.000000 0.000000 -32735.622718 66.125419 7.230070
3 300.000000 1.000000 0.000000 0.300000 0.100000 100.000000 0.000000 -32830.106376 77.180250 6.247739
4 300.000000 1.000000 0.000000 0.400000 0.100000 90.000000 0.000000 -32860.102625 68.829088 7.012061
4 300.000000 1.000000 0.000000 0.400000 0.100000 90.000000 0.000000 -32710.631066 60.391837 7.217790
5 300.000000 1.000000 0.000000 0.500000 0.100000 80.000000 0.000000 -32774.336079 59.626197 6.715345
5 300.000000 1.000000 0.000000 0.500000 0.100000 80.000000 0.000000 -32912.188270 55.482147 7.227101
5 300.000000 1.000000 0.000000 0.500000 0.100000 80.000000 0.000000 -32914.553771 49.282032 7.923705
4 300.000000 1.000000 0.000000 0.400000 0.100000 90.000000 0.000000 -32833.801460 65.236746 6.908180
4 300.000000 1.000000 0.000000 0.400000 0.100000 90.000000 0.000000 -32962.176956 30.410573 6.401506
4 300.000000 1.000000 0.000000 0.400000 0.100000 90.000000 0.000000 -32880.860189 22.710072 6.396905
6 300.000000 1.000000 0.100000 0.500000 0.100000 70.000000 0.000000 -32837.332190 36.566131 6.420822
4 300.000000 1.000000 0.000000 0.400000 0.100000 90.000000 0.000000 -32848.558829 56.232881 6.591369
4 300.000000 1.000000 0.000000 0.400000 0.100000 90.000000 0.000000 -32922.113850 51.386673 6.633549
5 300.000000 1.000000 0.000000 0.500000 0.100000 80.000000 0.000000 -32729.287357 66.807873 7.478768
3 300.000000 1.000000 0.000000 0.300000 0.100000 100.000000 0.000000 -32881.198828 89.205461 6.827421
2 300.000000 1.000000 0.000000 0.200000 0.100000 110.000000 0.000000 -32880.651843 105.568560 6.391702
2 300.000000 1.000000 0.000000 0.200000 0.100000 110.000000 0.000000 -32763.410015 121.601297 6.413796
2 300.000000 1.000000 0.000000 0.200000 0.100000 110.000000 0.000000 -32878.355041 30.268228 6.437058
3 300.000000 1.000000 0.000000 0.300000 0.100000 100.000000 0.000000 -32774.012485 83.062851 7.576541
3 300.000000 1.000000 0.000000 0.300000 0.100000 100.000000 0.000000 -32854.055159 47.201366 6.427469
5 300.000000 1.000000 0.000000 0.500000 0.100000 80.000000 0.000000 -32816.413782 56.311321 6.390048
4 300.000000 1.000000 0.000000 0.400000 0.100000 90.000000 0.000000 -32790.258432 71.636919 6.733561
2 300.000000 1.000000 0.000000 0.200000 0.100000 110.000000 0.000000 -32981.248635 75.600666 6.740139
3 300.000000 1.000000 0.000000 0.300000 0.100000 100.000000 0.000000 -32857.287987 56.848110 6.708533
4 300.000000 1.000000 0.000000 0.400000 0.100000 90.000000 0.000000 -32838.462587 51.152587 6.711203
5 300.000000 1.000000 0.000000 0.500000 0.100000 80.000000 0.000000 -32617.959692 40.845373 7.024493
6 300.000000 1.000000 0.100000 0.500000 0.100000 70.000000 0.000000 -32893.403352 17.290487 7.507897
7 300.000000 1.000000 0.200000 0.500000 0.100000 60.000000 0.000000 -32889.591014 16.531989 8.214148
6 300.000000 1.000000 0.100000 0.500000 0.100000 70.000000 0.000000 -32791.543358 28.014291 6.393784
6 300.000000 1.000000 0.100000 0.500000 0.100000 70.000000 0.000000 -32841.419028 17.220332 6.517403
7 300.000000 1.000000 0.200000 0.500000 0.100000 60.000000 0.000000 -32825.714942 20.441624 6.507152
7 300.000000 1.000000 0.200000 0.500000 0.100000 60.000000 0.000000 -32724.729823 12.381303 6.874093
8 300.000000 1.000000 0.300000 0.500000 0.100000 50.000000 0.000000 -33024.903024 -1.839434 6.917610
9 300.000000 1.000000 0.400000 0.500000 0.100000 40.000000 0.000000 -32840.217155 0.251434 6.765949
10 300.000000 1.000000 0.500000 0.500000 0.100000 30.000000 0.000000 -32912.316097 -5.576088 6.404268
11 300.000000 -1.000000 0.500000 0.500000 0.100000 30.000000 0.000000 -32749.974487 -10.143060 6.641422
10 300.000000 1.000000 0.500000 0.500000 0.100000 30.000000 0.000000 -33006.373732 1.190351 6.602493
13 300.000000 -1.000000 0.300000 0.500000 0.100000 50.000000 0.000000 -32745.898952 9.559352 6.434080
