300.000000 0.000000 0.000000 0.000000 0.000000 0.000000 0.000000 -33810.579467 920.043872
300.000000 0.002000 0.002000 0.002000 0.000000 0.000000 0.000000 -33925.783814 926.791111
300.000000 0.004000 0.004000 0.004000 0.000000 0.000000 0.000000 -33766.939586 856.545554
300.000000 0.006000 0.006000 0.006000 0.000000 0.000000 0.000000 -33943.124491 725.070608
300.000000 0.008000 0.008000 0.008000 0.000000 0.000000 0.000000 -33817.408552 829.560519
300.000000 0.010000 0.010000 0.010000 0.000000 0.000000 0.000000 -33881.085846 984.522194
300.000000 0.012000 0.012000 0.012000 0.000000 0.000000 0.000000 -33831.985249 940.123690
300.000000 0.014000 0.014000 0.014000 0.000000 0.000000 0.000000 -33801.473990 902.642524
300.000000 0.016000 0.016000 0.016000 0.000000 0.000000 0.000000 -33686.407862 911.243663
300.000000 0.018000 0.018000 0.018000 0.000000 0.000000 0.000000 -33896.756358 869.546420
300.000000 0.020000 0.020000 0.020000 0.000000 0.000000 0.000000 -33929.756254 864.365708
300.000000 0.022000 0.022000 0.022000 0.000000 0.000000 0.000000 -33807.576710 875.112615
300.000000 0.024000 0.024000 0.024000 0.000000 0.000000 0.000000 -33824.884347 956.538567
300.000000 0.026000 0.026000 0.026000 0.000000 0.000000 0.000000 -33780.911203 793.583982
300.000000 0.028000 0.028000 0.028000 0.000000 0.000000 0.000000 -33720.069853 759.025945
300.000000 0.030000 0.030000 0.030000 0.000000 0.000000 0.000000 -33801.654076 766.342555
300.000000 0.032000 0.032000 0.032000 0.000000 0.000000 0.000000 -33746.546079 756.285329
300.000000 0.034000 0.034000 0.034000 0.000000 0.000000 0.000000 -33650.044768 814.789010
300.000000 0.036000 0.036000 0.036000 0.000000 0.000000 0.000000 -33590.074350 752.992224
300.000000 0.038000 0.038000 0.038000 0.000000 0.000000 0.000000 -33804.315111 768.073583
300.000000 0.040000 0.040000 0.040000 0.000000 0.000000 0.000000 -33825.223544 822.825927
300.000000 0.042000 0.042000 0.042000 0.000000 0.000000 0.000000 -33941.015677 778.264610
300.000000 0.044000 0.044000 0.044000 0.000000 0.000000 0.000000 -33919.181549 767.491223
300.000000 0.046000 0.046000 0.046000 0.000000 0.000000 0.000000 -33848.184252 754.500129
300.000000 0.048000 0.048000 0.048000 0.000000 0.000000 0.000000 -33811.557156 766.616678
300.000000 0.050000 0.050000 0.050000 0.000000 0.000000 0.000000 -33788.658927 725.987750
300.000000 0.052000 0.052000 0.052000 0.000000 0.000000 0.000000 -33935.605115 758.803604
300.000000 0.054000 0.054000 0.054000 0.000000 0.000000 0.000000 -33834.289810 743.990237
300.000000 0.056000 0.056000 0.056000 0.000000 0.000000 0.000000 -33842.441652 664.574119
300.000000 0.058000 0.058000 0.058000 0.000000 0.000000 0.000000 -33784.177698 697.442986
300.000000 0.060000 0.060000 0.060000 0.000000 0.000000 0.000000 -33713.927868 678.886233
300.000000 0.062000 0.062000 0.062000 0.000000 0.000000 0.000000 -33835.618012 711.251607
300.000000 0.064000 0.064000 0.064000 0.000000 0.000000 0.000000 -33925.147161 738.280644
300.000000 0.066000 0.066000 0.066000 0.000000 0.000000 0.000000 -33839.619153 585.720690
300.000000 0.068000 0.068000 0.068000 0.000000 0.000000 0.000000 -33858.615755 132.743001
300.000000 0.070000 0.070000 0.070000 0.000000 0.000000 0.000000 -33782.982546 91.700530
300.000000 0.072000 0.072000 0.072000 0.000000 0.000000 0.000000 -33967.082251 159.726968
300.000000 0.074000 0.074000 0.074000 0.000000 0.000000 0.000000 -33847.732800 78.100247
300.000000 0.076000 0.076000 0.076000 0.000000 0.000000 0.000000 -33780.822824 87.620314
300.000000 0.078000 0.078000 0.078000 0.000000 0.000000 0.000000 -33881.832384 87.392411
300.000000 0.080000 0.080000 0.080000 0.000000 0.000000 0.000000 -33963.402599 40.804617
300.000000 0.082000 0.082000 0.082000 0.000000 0.000000 0.000000 -33955.214576 53.057690
300.000000 0.084000 0.084000 0.084000 0.000000 0.000000 0.000000 -33889.872018 48.985466
300.000000 0.086000 0.086000 0.086000 0.000000 0.000000 0.000000 -33821.584515 59.102539
300.000000 0.088000 0.088000 0.088000 0.000000 0.000000 0.000000 -33926.192468 73.246771
300.000000 0.090000 0.090000 0.090000 0.000000 0.000000 0.000000 -33876.052719 61.503353
300.000000 0.092000 0.092000 0.092000 0.000000 0.000000 0.000000 -33776.518179 42.660981
300.000000 0.094000 0.094000 0.094000 0.000000 0.000000 0.000000 -33849.486430 60.268745
300.000000 0.096000 0.096000 0.096000 0.000000 0.000000 0.000000 -33912.072017 47.018859
300.000000 0.098000 0.098000 0.098000 0.000000 0.000000 0.000000 -33856.782391 36.305543
300.000000 0.100000 0.100000 0.100000 0.000000 0.000000 0.000000 -33818.681825 46.589495
300.000000 0.102000 0.102000 0.102000 0.000000 0.000000 0.000000 -33800.645246 39.076141
300.000000 0.104000 0.104000 0.104000 0.000000 0.000000 0.000000 -33869.749257 37.243404
300.000000 0.106000 0.106000 0.106000 0.000000 0.000000 0.000000 -33900.924717 55.250227
300.000000 0.108000 0.108000 0.108000 0.000000 0.000000 0.000000 -33979.703821 56.200161
300.000000 0.110000 0.110000 0.110000 0.000000 0.000000 0.000000 -33908.494795 42.653254
300.000000 0.112000 0.112000 0.112000 0.000000 0.000000 0.000000 -33857.855887 37.241408
300.000000 0.114000 0.114000 0.114000 0.000000 0.000000 0.000000 -33886.369076 19.281683
300.000000 0.116000 0.116000 0.116000 0.000000 0.000000 0.000000 -33787.925452 23.662255
300.000000 0.118000 0.118000 0.118000 0.000000 0.000000 0.000000 -33895.785533 58.389420
300.000000 0.120000 0.120000 0.120000 0.000000 0.000000 0.000000 -33821.864595 45.089709
300.000000 0.122000 0.122000 0.122000 0.000000 0.000000 0.000000 -33786.808520 19.757139
300.000000 0.124000 0.124000 0.124000 0.000000 0.000000 0.000000 -33815.004148 16.682111
300.000000 0.126000 0.126000 0.126000 0.000000 0.000000 0.000000 -33972.897396 66.749468
300.000000 0.128000 0.128000 0.128000 0.000000 0.000000 0.000000 -33920.092018 24.228587
300.000000 0.130000 0.130000 0.130000 0.000000 0.000000 0.000000 -33962.046330 42.259486
300.000000 0.132000 0.132000 0.132000 0.000000 0.000000 0.000000 -33918.533924 35.950250
300.000000 0.134000 0.134000 0.134000 0.000000 0.000000 0.000000 -33949.659275 27.375639
300.000000 0.136000 0.136000 0.136000 0.000000 0.000000 0.000000 -33854.517467 17.349013
300.000000 0.138000 0.138000 0.138000 0.000000 0.000000 0.000000 -33915.895002 28.205193
300.000000 0.140000 0.140000 0.140000 0.000000 0.000000 0.000000 -33810.079376 38.259355
300.000000 0.142000 0.142000 0.142000 0.000000 0.000000 0.000000 -33864.039007 54.166018
300.000000 0.144000 0.144000 0.144000 0.000000 0.000000 0.000000 -33859.241558 33.431925
300.000000 0.146000 0.146000 0.146000 0.000000 0.000000 0.000000 -33809.601660 35.013315
300.000000 0.148000 0.148000 0.148000 0.000000 0.000000 0.000000 -33805.524391 16.065887
300.000000 0.150000 0.150000 0.150000 0.000000 0.000000 0.000000 -33799.695598 56.210436
300.000000 0.152000 0.152000 0.152000 0.000000 0.000000 0.000000 -33912.965892 26.347913
300.000000 0.154000 0.154000 0.154000 0.000000 0.000000 0.000000 -33934.959490 27.817970
300.000000 0.156000 0.156000 0.156000 0.000000 0.000000 0.000000 -33870.468307 27.169129
300.000000 0.158000 0.158000 0.158000 0.000000 0.000000 0.000000 -33907.199951 40.556722
300.000000 0.160000 0.160000 0.160000 0.000000 0.000000 0.000000 -33924.192391 24.234849
300.000000 0.162000 0.162000 0.162000 0.000000 0.000000 0.000000 -33807.483871 32.803680
300.000000 0.164000 0.164000 0.164000 0.000000 0.000000 0.000000 -33956.849824 33.286141
300.000000 0.166000 0.166000 0.166000 0.000000 0.000000 0.000000 -33949.288385 32.137045
300.000000 0.168000 0.168000 0.168000 0.000000 0.000000 0.000000 -33846.002305 27.994445
300.000000 0.170000 0.170000 0.170000 0.000000 0.000000 0.000000 -33914.728926 33.505456
300.000000 0.172000 0.172000 0.172000 0.000000 0.000000 0.000000 -33913.432205 29.831774
300.000000 0.174000 0.174000 0.174000 0.000000 0.000000 0.000000 -33932.546079 32.785261
300.000000 0.176000 0.176000 0.176000 0.000000 0.000000 0.000000 -33900.216693 22.531151
300.000000 0.178000 0.178000 0.178000 0.000000 0.000000 0.000000 -34010.487569 21.482812
300.000000 0.180000 0.180000 0.180000 0.000000 0.000000 0.000000 -33876.912493 25.950100
300.000000 0.182000 0.182000 0.182000 0.000000 0.000000 0.000000 -33909.723467 11.785954
300.000000 0.184000 0.184000 0.184000 0.000000 0.000000 0.000000 -33943.794650 27.006561
300.000000 0.186000 0.186000 0.186000 0.000000 0.000000 0.000000 -33945.498125 13.518557
300.000000 0.188000 0.188000 0.188000 0.000000 0.000000 0.000000 -33966.288387 31.877280
300.000000 0.190000 0.190000 0.190000 0.000000 0.000000 0.000000 -33924.363294 26.657088
300.000000 0.192000 0.192000 0.192000 0.000000 0.000000 0.000000 -33897.448930 20.080477
300.000000 0.194000 0.194000 0.194000 0.000000 0.000000 0.000000 -33823.391188 24.893487
300.000000 0.196000 0.196000 0.196000 0.000000 0.000000 0.000000 -33899.754705 23.674148
300.000000 0.198000 0.198000 0.198000 0.000000 0.000000 0.000000 -33820.128609 26.333903
300.000000 0.200000 0.200000 0.200000 0.000000 0.000000 0.000000 -33840.996907 20.383605
300.000000 0.202000 0.202000 0.202000 0.000000 0.000000 0.000000 -33747.327132 39.768095
300.000000 0.204000 0.204000 0.204000 0.000000 0.000000 0.000000 -33801.176755 33.838159
300.000000 0.206000 0.206000 0.206000 0.000000 0.000000 0.000000 -33761.459676 14.648738
300.000000 0.208000 0.208000 0.208000 0.000000 0.000000 0.000000 -33919.672598 9.254954
300.000000 0.210000 0.210000 0.210000 0.000000 0.000000 0.000000 -33920.946741 24.005423
300.000000 0.212000 0.212000 0.212000 0.000000 0.000000 0.000000 -33846.381520 13.452660
300.000000 0.214000 0.214000 0.214000 0.000000 0.000000 0.000000 -33955.584816 17.901361
300.000000 0.216000 0.216000 0.216000 0.000000 0.000000 0.000000 -33954.553850 17.439082
300.000000 0.218000 0.218000 0.218000 0.000000 0.000000 0.000000 -33869.186775 10.731127
300.000000 0.220000 0.220000 0.220000 0.000000 0.000000 0.000000 -33959.045033 36.772510
300.000000 0.222000 0.222000 0.222000 0.000000 0.000000 0.000000 -33747.479408 29.878216
300.000000 0.224000 0.224000 0.224000 0.000000 0.000000 0.000000 -33902.571514 12.448624
300.000000 0.226000 0.226000 0.226000 0.000000 0.000000 0.000000 -33853.038117 22.174618
300.000000 0.228000 0.228000 0.228000 0.000000 0.000000 0.000000 -33799.464724 17.331553
300.000000 0.230000 0.230000 0.230000 0.000000 0.000000 0.000000 -33884.764419 24.772732
300.000000 0.232000 0.232000 0.232000 0.000000 0.000000 0.000000 -33775.931423 16.855908
300.000000 0.234000 0.234000 0.234000 0.000000 0.000000 0.000000 -33820.007495 9.119214
300.000000 0.236000 0.236000 0.236000 0.000000 0.000000 0.000000 -33811.538073 9.498504
300.000000 0.238000 0.238000 0.238000 0.000000 0.000000 0.000000 -33676.528197 19.840158
300.000000 0.240000 0.240000 0.240000 0.000000 0.000000 0.000000 -33808.328246 9.778762
300.000000 0.242000 0.242000 0.242000 0.000000 0.000000 0.000000 -33876.051640 24.605725
300.000000 0.244000 0.244000 0.244000 0.000000 0.000000 0.000000 -33855.990391 12.519218
300.000000 0.246000 0.246000 0.246000 0.000000 0.000000 0.000000 -33745.386677 23.340487
300.000000 0.248000 0.248000 0.248000 0.000000 0.000000 0.000000 -33810.280285 13.626681
300.000000 0.250000 0.250000 0.250000 0.000000 0.000000 0.000000 -33814.760561 7.348753
300.000000 0.252000 0.252000 0.252000 0.000000 0.000000 0.000000 -33895.901731 11.347164
300.000000 0.254000 0.254000 0.254000 0.000000 0.000000 0.000000 -33950.228098 11.372572
300.000000 0.256000 0.256000 0.256000 0.000000 0.000000 0.000000 -34043.924353 29.081197
300.000000 0.258000 0.258000 0.258000 0.000000 0.000000 0.000000 -33871.771323 21.526634
300.000000 0.260000 0.260000 0.260000 0.000000 0.000000 0.000000 -33857.358895 20.631794
300.000000 0.262000 0.262000 0.262000 0.000000 0.000000 0.000000 -33882.344496 16.069026
300.000000 0.264000 0.264000 0.264000 0.000000 0.000000 0.000000 -34052.807798 17.328615
300.000000 0.266000 0.266000 0.266000 0.000000 0.000000 0.000000 -34011.417120 18.811965
300.000000 0.268000 0.268000 0.268000 0.000000 0.000000 0.000000 -33912.943575 17.104259
300.000000 0.270000 0.270000 0.270000 0.000000 0.000000 0.000000 -33940.668299 21.938329
300.000000 0.272000 0.272000 0.272000 0.000000 0.000000 0.000000 -33922.503295 19.302027
300.000000 0.274000 0.274000 0.274000 0.000000 0.000000 0.000000 -33869.897850 17.828123
300.000000 0.276000 0.276000 0.276000 0.000000 0.000000 0.000000 -34031.219026 11.466111
300.000000 0.278000 0.278000 0.278000 0.000000 0.000000 0.000000 -33808.220792 15.189232
300.000000 0.280000 0.280000 0.280000 0.000000 0.000000 0.000000 -33993.592047 23.099268
300.000000 0.282000 0.282000 0.282000 0.000000 0.000000 0.000000 -33827.491197 18.994174
300.000000 0.284000 0.284000 0.284000 0.000000 0.000000 0.000000 -33898.006685 46.544633
300.000000 0.286000 0.286000 0.286000 0.000000 0.000000 0.000000 -33779.438210 26.238658
300.000000 0.288000 0.288000 0.288000 0.000000 0.000000 0.000000 -33751.063748 10.026350
300.000000 0.290000 0.290000 0.290000 0.000000 0.000000 0.000000 -33985.933046 16.035975
300.000000 0.292000 0.292000 0.292000 0.000000 0.000000 0.000000 -33878.750364 -1.371708
300.000000 0.294000 0.294000 0.294000 0.000000 0.000000 0.000000 -33943.198627 13.982793
300.000000 0.296000 0.296000 0.296000 0.000000 0.000000 0.000000 -33860.100661 22.891122
300.000000 0.298000 0.298000 0.298000 0.000000 0.000000 0.000000 -33795.961540 10.819129
300.000000 0.300000 0.300000 0.300000 0.000000 0.000000 0.000000 -33857.733463 22.567238
300.000000 0.302000 0.302000 0.302000 0.000000 0.000000 0.000000 -33854.527963 12.064006
300.000000 0.304000 0.304000 0.304000 0.000000 0.000000 0.000000 -33782.954463 17.743068
300.000000 0.306000 0.306000 0.306000 0.000000 0.000000 0.000000 -33916.110248 3.613688
300.000000 0.308000 0.308000 0.308000 0.000000 0.000000 0.000000 -33783.381291 12.852924
300.000000 0.310000 0.310000 0.310000 0.000000 0.000000 0.000000 -33731.868088 -4.746414
300.000000 0.312000 0.312000 0.312000 0.000000 0.000000 0.000000 -33884.867925 10.287660
300.000000 0.314000 0.314000 0.314000 0.000000 0.000000 0.000000 -33869.236939 4.001429
300.000000 0.316000 0.316000 0.316000 0.000000 0.000000 0.000000 -33817.621129 11.255869
300.000000 0.318000 0.318000 0.318000 0.000000 0.000000 0.000000 -33982.734202 9.460841
300.000000 0.320000 0.320000 0.320000 0.000000 0.000000 0.000000 -33975.606687 5.810992
300.000000 0.322000 0.322000 0.322000 0.000000 0.000000 0.000000 -33835.189899 19.256628
300.000000 0.324000 0.324000 0.324000 0.000000 0.000000 0.000000 -34106.254731 10.751828
300.000000 0.326000 0.326000 0.326000 0.000000 0.000000 0.000000 -33924.389194 13.364756
300.000000 0.328000 0.328000 0.328000 0.000000 0.000000 0.000000 -33831.249996 9.594639
300.000000 0.330000 0.330000 0.330000 0.000000 0.000000 0.000000 -33756.253700 11.001887
300.000000 0.332000 0.332000 0.332000 0.000000 0.000000 0.000000 -33775.167513 13.520058
300.000000 0.334000 0.334000 0.334000 0.000000 0.000000 0.000000 -33762.040671 7.304745
300.000000 0.336000 0.336000 0.336000 0.000000 0.000000 0.000000 -33869.554314 11.273935
300.000000 0.338000 0.338000 0.338000 0.000000 0.000000 0.000000 -33806.340651 12.296927
300.000000 0.340000 0.340000 0.340000 0.000000 0.000000 0.000000 -33761.869753 10.815070
300.000000 0.342000 0.342000 0.342000 0.000000 0.000000 0.000000 -33798.200563 10.587985
300.000000 0.344000 0.344000 0.344000 0.000000 0.000000 0.000000 -33840.939049 10.311618
300.000000 0.346000 0.346000 0.346000 0.000000 0.000000 0.000000 -33861.381626 19.625006
300.000000 0.348000 0.348000 0.348000 0.000000 0.000000 0.000000 -33745.774879 25.215173
300.000000 0.350000 0.350000 0.350000 0.000000 0.000000 0.000000 -33822.850506 11.677253
300.000000 0.352000 0.352000 0.352000 0.000000 0.000000 0.000000 -33744.064637 12.501066
300.000000 0.354000 0.354000 0.354000 0.000000 0.000000 0.000000 -33773.087476 9.172771
300.000000 0.356000 0.356000 0.356000 0.000000 0.000000 0.000000 -33861.946213 5.817130
300.000000 0.358000 0.358000 0.358000 0.000000 0.000000 0.000000 -33874.012411 8.759846
300.000000 0.360000 0.360000 0.360000 0.000000 0.000000 0.000000 -33943.308383 3.081259
300.000000 0.362000 0.362000 0.362000 0.000000 0.000000 0.000000 -33843.340744 22.246912
300.000000 0.364000 0.364000 0.364000 0.000000 0.000000 0.000000 -33996.762140 6.784136
300.000000 0.366000 0.366000 0.366000 0.000000 0.000000 0.000000 -33869.683151 7.894151
300.000000 0.368000 0.368000 0.368000 0.000000 0.000000 0.000000 -33835.250113 8.798035
300.000000 0.370000 0.370000 0.370000 0.000000 0.000000 0.000000 -33752.279620 8.595450
300.000000 0.372000 0.372000 0.372000 0.000000 0.000000 0.000000 -33803.807375 -1.484561
300.000000 0.374000 0.374000 0.374000 0.000000 0.000000 0.000000 -33713.152790 1.911535
300.000000 0.376000 0.376000 0.376000 0.000000 0.000000 0.000000 -33763.152228 -1.419121
300.000000 0.378000 0.378000 0.378000 0.000000 0.000000 0.000000 -33915.996058 6.849701
300.000000 0.380000 0.380000 0.380000 0.000000 0.000000 0.000000 -33869.968194 9.287065
300.000000 0.382000 0.382000 0.382000 0.000000 0.000000 0.000000 -33870.908198 12.898118
300.000000 0.384000 0.384000 0.384000 0.000000 0.000000 0.000000 -33838.352458 10.958793
300.000000 0.386000 0.386000 0.386000 0.000000 0.000000 0.000000 -33853.330086 26.554987
300.000000 0.388000 0.388000 0.388000 0.000000 0.000000 0.000000 -33825.605966 -0.924039
300.000000 0.390000 0.390000 0.390000 0.000000 0.000000 0.000000 -33937.793964 8.639958
300.000000 0.392000 0.392000 0.392000 0.000000 0.000000 0.000000 -33813.787540 14.214301
300.000000 0.394000 0.394000 0.394000 0.000000 0.000000 0.000000 -33821.020716 9.884979
300.000000 0.396000 0.396000 0.396000 0.000000 0.000000 0.000000 -33749.243479 6.161386
300.000000 0.398000 0.398000 0.398000 0.000000 0.000000 0.000000 -33815.453634 0.963327
300.000000 0.400000 0.400000 0.400000 0.000000 0.000000 0.000000 -33851.433729 8.922481
300.000000 0.402000 0.402000 0.402000 0.000000 0.000000 0.000000 -33980.944831 3.540016
300.000000 0.404000 0.404000 0.404000 0.000000 0.000000 0.000000 -33864.226529 10.027031
300.000000 0.406000 0.406000 0.406000 0.000000 0.000000 0.000000 -33872.057873 13.841537
300.000000 0.408000 0.408000 0.408000 0.000000 0.000000 0.000000 -33819.089232 9.084130
300.000000 0.410000 0.410000 0.410000 0.000000 0.000000 0.000000 -33878.578714 8.979097
300.000000 0.412000 0.412000 0.412000 0.000000 0.000000 0.000000 -33767.795758 10.643119
300.000000 0.414000 0.414000 0.414000 0.000000 0.000000 0.000000 -33758.027438 -1.962120
300.000000 0.416000 0.416000 0.416000 0.000000 0.000000 0.000000 -33902.485060 3.349020
300.000000 0.418000 0.418000 0.418000 0.000000 0.000000 0.000000 -33863.916959 10.172420
300.000000 0.420000 0.420000 0.420000 0.000000 0.000000 0.000000 -33848.644861 0.266051
300.000000 0.422000 0.422000 0.422000 0.000000 0.000000 0.000000 -33804.342821 -6.360958
300.000000 0.424000 0.424000 0.424000 0.000000 0.000000 0.000000 -33891.323074 8.645091
300.000000 0.426000 0.426000 0.426000 0.000000 0.000000 0.000000 -33938.948202 -5.652931
300.000000 0.428000 0.428000 0.428000 0.000000 0.000000 0.000000 -33797.013071 0.926786
300.000000 0.430000 0.430000 0.430000 0.000000 0.000000 0.000000 -33716.433463 -0.756474
300.000000 0.432000 0.432000 0.432000 0.000000 0.000000 0.000000 -33799.642999 5.230449
300.000000 0.434000 0.434000 0.434000 0.000000 0.000000 0.000000 -33924.409861 2.545967
300.000000 0.436000 0.436000 0.436000 0.000000 0.000000 0.000000 -33914.209008 9.072797
300.000000 0.438000 0.438000 0.438000 0.000000 0.000000 0.000000 -34016.566244 6.762492
300.000000 0.440000 0.440000 0.440000 0.000000 0.000000 0.000000 -33912.487831 2.154296
300.000000 0.442000 0.442000 0.442000 0.000000 0.000000 0.000000 -33948.713582 -5.695944
300.000000 0.444000 0.444000 0.444000 0.000000 0.000000 0.000000 -33949.221069 5.860651
300.000000 0.446000 0.446000 0.446000 0.000000 0.000000 0.000000 -33910.923546 1.494187
300.000000 0.448000 0.448000 0.448000 0.000000 0.000000 0.000000 -33953.766764 1.732854
300.000000 0.450000 0.450000 0.450000 0.000000 0.000000 0.000000 -33838.523530 7.372479
300.000000 0.452000 0.452000 0.452000 0.000000 0.000000 0.000000 -33921.919549 -10.777986
300.000000 0.454000 0.454000 0.454000 0.000000 0.000000 0.000000 -33882.649793 -5.240955
300.000000 0.456000 0.456000 0.456000 0.000000 0.000000 0.000000 -34009.221744 8.071861
300.000000 0.458000 0.458000 0.458000 0.000000 0.000000 0.000000 -33958.500801 -3.728864
300.000000 0.460000 0.460000 0.460000 0.000000 0.000000 0.000000 -33964.008015 1.603208
300.000000 0.462000 0.462000 0.462000 0.000000 0.000000 0.000000 -33883.319880 -3.472016
300.000000 0.464000 0.464000 0.464000 0.000000 0.000000 0.000000 -33928.033932 4.172441
300.000000 0.466000 0.466000 0.466000 0.000000 0.000000 0.000000 -33828.215297 3.287630
300.000000 0.468000 0.468000 0.468000 0.000000 0.000000 0.000000 -33842.447578 2.319106
300.000000 0.470000 0.470000 0.470000 0.000000 0.000000 0.000000 -33837.491819 3.724201
300.000000 0.472000 0.472000 0.472000 0.000000 0.000000 0.000000 -33875.898349 5.442114
300.000000 0.474000 0.474000 0.474000 0.000000 0.000000 0.000000 -33813.366072 5.101948
300.000000 0.476000 0.476000 0.476000 0.000000 0.000000 0.000000 -33751.566482 8.109115
300.000000 0.478000 0.478000 0.478000 0.000000 0.000000 0.000000 -33836.122733 3.166542
300.000000 0.480000 0.480000 0.480000 0.000000 0.000000 0.000000 -33934.669734 5.717738
300.000000 0.482000 0.482000 0.482000 0.000000 0.000000 0.000000 -33946.932970 4.451386
300.000000 0.484000 0.484000 0.484000 0.000000 0.000000 0.000000 -33966.102587 5.438915
300.000000 0.486000 0.486000 0.486000 0.000000 0.000000 0.000000 -33885.195821 13.658773
300.000000 0.488000 0.488000 0.488000 0.000000 0.000000 0.000000 -33894.483592 -5.514047
300.000000 0.490000 0.490000 0.490000 0.000000 0.000000 0.000000 -33916.146659 -2.335897
300.000000 0.492000 0.492000 0.492000 0.000000 0.000000 0.000000 -33930.952207 -10.720199
300.000000 0.494000 0.494000 0.494000 0.000000 0.000000 0.000000 -33896.108927 -4.345927
300.000000 0.496000 0.496000 0.496000 0.000000 0.000000 0.000000 -33910.818764 4.342923
300.000000 0.498000 0.498000 0.498000 0.000000 0.000000 0.000000 -34005.905451 2.805913
