300.000000 0.000000 0.000000 0.000000 0.000000 0.000000 0.000000 -39433.019204 695.970118
300.000000 0.002000 0.002000 0.002000 0.000000 0.000000 0.000000 -39323.525995 883.123224
300.000000 0.004000 0.004000 0.004000 0.000000 0.000000 0.000000 -39490.373397 889.083870
300.000000 0.006000 0.006000 0.006000 0.000000 0.000000 0.000000 -39339.565792 676.080738
300.000000 0.008000 0.008000 0.008000 0.000000 0.000000 0.000000 -39288.372909 702.557777
300.000000 0.010000 0.010000 0.010000 0.000000 0.000000 0.000000 -39435.632168 824.342450
300.000000 0.012000 0.012000 0.012000 0.000000 0.000000 0.000000 -39333.370556 800.833802
300.000000 0.014000 0.014000 0.014000 0.000000 0.000000 0.000000 -39349.629621 857.209737
300.000000 0.016000 0.016000 0.016000 0.000000 0.000000 0.000000 -39384.979605 754.895394
300.000000 0.018000 0.018000 0.018000 0.000000 0.000000 0.000000 -39339.496991 682.954954
300.000000 0.020000 0.020000 0.020000 0.000000 0.000000 0.000000 -39185.104806 662.547069
300.000000 0.022000 0.022000 0.022000 0.000000 0.000000 0.000000 -39148.715147 737.872980
300.000000 0.024000 0.024000 0.024000 0.000000 0.000000 0.000000 -39199.902214 669.837657
300.000000 0.026000 0.026000 0.026000 0.000000 0.000000 0.000000 -39183.547582 235.424707
300.000000 0.028000 0.028000 0.028000 0.000000 0.000000 0.000000 -39283.447271 305.326608
300.000000 0.030000 0.030000 0.030000 0.000000 0.000000 0.000000 -39468.868290 115.830995
300.000000 0.032000 0.032000 0.032000 0.000000 0.000000 0.000000 -39242.090800 182.519508
300.000000 0.034000 0.034000 0.034000 0.000000 0.000000 0.000000 -39328.239040 155.768628
300.000000 0.036000 0.036000 0.036000 0.000000 0.000000 0.000000 -39342.534067 151.684742
300.000000 0.038000 0.038000 0.038000 0.000000 0.000000 0.000000 -39271.682242 173.577514
300.000000 0.040000 0.040000 0.040000 0.000000 0.000000 0.000000 -39178.272138 73.535844
300.000000 0.042000 0.042000 0.042000 0.000000 0.000000 0.000000 -39407.457441 209.718318
300.000000 0.044000 0.044000 0.044000 0.000000 0.000000 0.000000 -39198.170769 109.313873
300.000000 0.046000 0.046000 0.046000 0.000000 0.000000 0.000000 -39429.354317 118.248349
300.000000 0.048000 0.048000 0.048000 0.000000 0.000000 0.000000 -39463.321899 137.129294
300.000000 0.050000 0.050000 0.050000 0.000000 0.000000 0.000000 -39165.087092 118.866283
300.000000 0.052000 0.052000 0.052000 0.000000 0.000000 0.000000 -39416.415705 80.885798
300.000000 0.054000 0.054000 0.054000 0.000000 0.000000 0.000000 -39428.962197 93.547004
300.000000 0.056000 0.056000 0.056000 0.000000 0.000000 0.000000 -39378.838464 95.888523
300.000000 0.058000 0.058000 0.058000 0.000000 0.000000 0.000000 -39396.295994 102.683260
300.000000 0.060000 0.060000 0.060000 0.000000 0.000000 0.000000 -39387.765193 72.961957
300.000000 0.062000 0.062000 0.062000 0.000000 0.000000 0.000000 -39507.425909 80.164659
300.000000 0.064000 0.064000 0.064000 0.000000 0.000000 0.000000 -39513.761314 84.200123
300.000000 0.066000 0.066000 0.066000 0.000000 0.000000 0.000000 -39543.782932 97.942690
300.000000 0.068000 0.068000 0.068000 0.000000 0.000000 0.000000 -39436.210423 83.270711
300.000000 0.070000 0.070000 0.070000 0.000000 0.000000 0.000000 -39408.947522 80.870182
300.000000 0.072000 0.072000 0.072000 0.000000 0.000000 0.000000 -39409.000338 107.793430
300.000000 0.074000 0.074000 0.074000 0.000000 0.000000 0.000000 -39349.806219 116.836582
300.000000 0.076000 0.076000 0.076000 0.000000 0.000000 0.000000 -39441.253251 90.273061
300.000000 0.078000 0.078000 0.078000 0.000000 0.000000 0.000000 -39386.049548 66.648025
300.000000 0.080000 0.080000 0.080000 0.000000 0.000000 0.000000 -39355.077224 54.223295
300.000000 0.082000 0.082000 0.082000 0.000000 0.000000 0.000000 -39266.396325 80.904693
300.000000 0.084000 0.084000 0.084000 0.000000 0.000000 0.000000 -39148.973044 62.856455
300.000000 0.086000 0.086000 0.086000 0.000000 0.000000 0.000000 -39234.625107 75.532731
300.000000 0.088000 0.088000 0.088000 0.000000 0.000000 0.000000 -39258.308165 91.740831
300.000000 0.090000 0.090000 0.090000 0.000000 0.000000 0.000000 -39106.789335 116.092661
300.000000 0.092000 0.092000 0.092000 0.000000 0.000000 0.000000 -39201.738433 73.837346
300.000000 0.094000 0.094000 0.094000 0.000000 0.000000 0.000000 -39294.342426 43.109452
300.000000 0.096000 0.096000 0.096000 0.000000 0.000000 0.000000 -39264.326635 54.175655
300.000000 0.098000 0.098000 0.098000 0.000000 0.000000 0.000000 -39182.966370 93.309543
300.000000 0.100000 0.100000 0.100000 0.000000 0.000000 0.000000 -39253.288802 100.487034
300.000000 0.102000 0.102000 0.102000 0.000000 0.000000 0.000000 -39320.442627 50.081175
300.000000 0.104000 0.104000 0.104000 0.000000 0.000000 0.000000 -39336.551160 83.956734
300.000000 0.106000 0.106000 0.106000 0.000000 0.000000 0.000000 -39344.860572 81.381632
300.000000 0.108000 0.108000 0.108000 0.000000 0.000000 0.000000 -39255.434426 74.631914
300.000000 0.110000 0.110000 0.110000 0.000000 0.000000 0.000000 -39216.459533 59.773752
300.000000 0.112000 0.112000 0.112000 0.000000 0.000000 0.000000 -39349.703210 59.350718
300.000000 0.114000 0.114000 0.114000 0.000000 0.000000 0.000000 -39224.260954 61.489730
300.000000 0.116000 0.116000 0.116000 0.000000 0.000000 0.000000 -39207.761993 51.828821
300.000000 0.118000 0.118000 0.118000 0.000000 0.000000 0.000000 -39265.930566 59.093578
300.000000 0.120000 0.120000 0.120000 0.000000 0.000000 0.000000 -39356.197158 44.451077
300.000000 0.122000 0.122000 0.122000 0.000000 0.000000 0.000000 -39302.454562 43.317529
300.000000 0.124000 0.124000 0.124000 0.000000 0.000000 0.000000 -39435.682703 68.113274
300.000000 0.126000 0.126000 0.126000 0.000000 0.000000 0.000000 -39411.360934 42.718876
300.000000 0.128000 0.128000 0.128000 0.000000 0.000000 0.000000 -39403.537564 69.605207
300.000000 0.130000 0.130000 0.130000 0.000000 0.000000 0.000000 -39309.077480 28.766089
300.000000 0.132000 0.132000 0.132000 0.000000 0.000000 0.000000 -39276.579610 38.845946
300.000000 0.134000 0.134000 0.134000 0.000000 0.000000 0.000000 -39391.147173 39.475227
300.000000 0.136000 0.136000 0.136000 0.000000 0.000000 0.000000 -39381.981329 49.761573
300.000000 0.138000 0.138000 0.138000 0.000000 0.000000 0.000000 -39436.437033 60.676193
300.000000 0.140000 0.140000 0.140000 0.000000 0.000000 0.000000 -39353.817952 44.981192
300.000000 0.142000 0.142000 0.142000 0.000000 0.000000 0.000000 -39354.153951 63.910430
300.000000 0.144000 0.144000 0.144000 0.000000 0.000000 0.000000 -39291.220643 35.851923
300.000000 0.146000 0.146000 0.146000 0.000000 0.000000 0.000000 -39360.692773 50.479876
300.000000 0.148000 0.148000 0.148000 0.000000 0.000000 0.000000 -39451.210104 65.901531
300.000000 0.150000 0.150000 0.150000 0.000000 0.000000 0.000000 -39441.806491 54.259553
300.000000 0.152000 0.152000 0.152000 0.000000 0.000000 0.000000 -39525.247128 51.468079
300.000000 0.154000 0.154000 0.154000 0.000000 0.000000 0.000000 -39456.839237 77.628459
300.000000 0.156000 0.156000 0.156000 0.000000 0.000000 0.000000 -39524.012502 65.721139
300.000000 0.158000 0.158000 0.158000 0.000000 0.000000 0.000000 -39447.938187 57.380772
300.000000 0.160000 0.160000 0.160000 0.000000 0.000000 0.000000 -39378.015227 56.042558
300.000000 0.162000 0.162000 0.162000 0.000000 0.000000 0.000000 -39386.326089 52.925081
300.000000 0.164000 0.164000 0.164000 0.000000 0.000000 0.000000 -39488.279784 54.169612
300.000000 0.166000 0.166000 0.166000 0.000000 0.000000 0.000000 -39520.554513 75.964867
300.000000 0.168000 0.168000 0.168000 0.000000 0.000000 0.000000 -39434.157332 46.715109
300.000000 0.170000 0.170000 0.170000 0.000000 0.000000 0.000000 -39342.195051 44.229524
300.000000 0.172000 0.172000 0.172000 0.000000 0.000000 0.000000 -39490.051989 37.490238
300.000000 0.174000 0.174000 0.174000 0.000000 0.000000 0.000000 -39501.388650 32.253882
300.000000 0.176000 0.176000 0.176000 0.000000 0.000000 0.000000 -39542.571290 39.613020
300.000000 0.178000 0.178000 0.178000 0.000000 0.000000 0.000000 -39415.872277 57.246562
300.000000 0.180000 0.180000 0.180000 0.000000 0.000000 0.000000 -39559.534303 46.906315
300.000000 0.182000 0.182000 0.182000 0.000000 0.000000 0.000000 -39527.367470 60.468374
300.000000 0.184000 0.184000 0.184000 0.000000 0.000000 0.000000 -39451.979567 67.769389
300.000000 0.186000 0.186000 0.186000 0.000000 0.000000 0.000000 -39389.751649 53.540425
300.000000 0.188000 0.188000 0.188000 0.000000 0.000000 0.000000 -39411.236112 40.603980
300.000000 0.190000 0.190000 0.190000 0.000000 0.000000 0.000000 -39334.430885 18.963975
300.000000 0.192000 0.192000 0.192000 0.000000 0.000000 0.000000 -39334.292701 50.022444
300.000000 0.194000 0.194000 0.194000 0.000000 0.000000 0.000000 -39209.779486 56.504235
300.000000 0.196000 0.196000 0.196000 0.000000 0.000000 0.000000 -39168.152789 32.571440
300.000000 0.198000 0.198000 0.198000 0.000000 0.000000 0.000000 -39229.316516 50.579263
300.000000 0.200000 0.200000 0.200000 0.000000 0.000000 0.000000 -39361.250081 27.627430
300.000000 0.202000 0.202000 0.202000 0.000000 0.000000 0.000000 -39325.061547 41.486347
300.000000 0.204000 0.204000 0.204000 0.000000 0.000000 0.000000 -39341.716104 33.676254
300.000000 0.206000 0.206000 0.206000 0.000000 0.000000 0.000000 -39382.412321 29.434526
300.000000 0.208000 0.208000 0.208000 0.000000 0.000000 0.000000 -39494.040348 46.840325
300.000000 0.210000 0.210000 0.210000 0.000000 0.000000 0.000000 -39372.760134 37.416912
300.000000 0.212000 0.212000 0.212000 0.000000 0.000000 0.000000 -39217.355804 31.333200
300.000000 0.214000 0.214000 0.214000 0.000000 0.000000 0.000000 -39334.231813 32.875408
300.000000 0.216000 0.216000 0.216000 0.000000 0.000000 0.000000 -39306.795924 42.719019
300.000000 0.218000 0.218000 0.218000 0.000000 0.000000 0.000000 -39207.042876 32.426449
300.000000 0.220000 0.220000 0.220000 0.000000 0.000000 0.000000 -39226.423408 44.286107
300.000000 0.222000 0.222000 0.222000 0.000000 0.000000 0.000000 -39116.385093 40.865991
300.000000 0.224000 0.224000 0.224000 0.000000 0.000000 0.000000 -39227.254745 40.410524
300.000000 0.226000 0.226000 0.226000 0.000000 0.000000 0.000000 -39285.168790 27.859263
300.000000 0.228000 0.228000 0.228000 0.000000 0.000000 0.000000 -39225.385528 24.211751
300.000000 0.230000 0.230000 0.230000 0.000000 0.000000 0.000000 -39234.949435 33.936896
300.000000 0.232000 0.232000 0.232000 0.000000 0.000000 0.000000 -39334.876394 41.917425
300.000000 0.234000 0.234000 0.234000 0.000000 0.000000 0.000000 -39336.441191 29.544229
300.000000 0.236000 0.236000 0.236000 0.000000 0.000000 0.000000 -39205.891409 43.169011
300.000000 0.238000 0.238000 0.238000 0.000000 0.000000 0.000000 -39209.545019 40.102160
300.000000 0.240000 0.240000 0.240000 0.000000 0.000000 0.000000 -39375.603302 25.713773
300.000000 0.242000 0.242000 0.242000 0.000000 0.000000 0.000000 -39401.787276 39.317012
300.000000 0.244000 0.244000 0.244000 0.000000 0.000000 0.000000 -39162.615330 49.648460
300.000000 0.246000 0.246000 0.246000 0.000000 0.000000 0.000000 -39278.968204 29.682113
300.000000 0.248000 0.248000 0.248000 0.000000 0.000000 0.000000 -39223.000725 35.629030
300.000000 0.250000 0.250000 0.250000 0.000000 0.000000 0.000000 -39307.173438 26.582682
300.000000 0.252000 0.252000 0.252000 0.000000 0.000000 0.000000 -39165.691008 35.601848
300.000000 0.254000 0.254000 0.254000 0.000000 0.000000 0.000000 -39309.376270 31.577513
300.000000 0.256000 0.256000 0.256000 0.000000 0.000000 0.000000 -39266.165014 17.223039
300.000000 0.258000 0.258000 0.258000 0.000000 0.000000 0.000000 -39223.556322 14.845108
300.000000 0.260000 0.260000 0.260000 0.000000 0.000000 0.000000 -39244.035476 30.013106
300.000000 0.262000 0.262000 0.262000 0.000000 0.000000 0.000000 -39325.646372 33.254241
300.000000 0.264000 0.264000 0.264000 0.000000 0.000000 0.000000 -39299.603041 32.925761
300.000000 0.266000 0.266000 0.266000 0.000000 0.000000 0.000000 -39218.598339 38.214303
300.000000 0.268000 0.268000 0.268000 0.000000 0.000000 0.000000 -39266.797669 24.505845
300.000000 0.270000 0.270000 0.270000 0.000000 0.000000 0.000000 -39368.169764 23.306146
300.000000 0.272000 0.272000 0.272000 0.000000 0.000000 0.000000 -39442.309726 7.174189
300.000000 0.274000 0.274000 0.274000 0.000000 0.000000 0.000000 -39280.128797 17.328748
300.000000 0.276000 0.276000 0.276000 0.000000 0.000000 0.000000 -39397.909052 14.320898
300.000000 0.278000 0.278000 0.278000 0.000000 0.000000 0.000000 -39349.136791 25.502693
300.000000 0.280000 0.280000 0.280000 0.000000 0.000000 0.000000 -39338.338031 17.234692
300.000000 0.282000 0.282000 0.282000 0.000000 0.000000 0.000000 -39104.927176 38.708036
300.000000 0.284000 0.284000 0.284000 0.000000 0.000000 0.000000 -39246.807398 28.596223
300.000000 0.286000 0.286000 0.286000 0.000000 0.000000 0.000000 -39178.695194 20.897358
300.000000 0.288000 0.288000 0.288000 0.000000 0.000000 0.000000 -39190.467167 27.782025
300.000000 0.290000 0.290000 0.290000 0.000000 0.000000 0.000000 -39308.867102 22.101503
300.000000 0.292000 0.292000 0.292000 0.000000 0.000000 0.000000 -39291.618326 33.412922
300.000000 0.294000 0.294000 0.294000 0.000000 0.000000 0.000000 -39382.691761 41.081664
300.000000 0.296000 0.296000 0.296000 0.000000 0.000000 0.000000 -39233.063828 6.531806
300.000000 0.298000 0.298000 0.298000 0.000000 0.000000 0.000000 -39285.642254 14.019771
300.000000 0.300000 0.300000 0.300000 0.000000 0.000000 0.000000 -39443.800271 14.383300
300.000000 0.302000 0.302000 0.302000 0.000000 0.000000 0.000000 -39374.911482 17.214813
300.000000 0.304000 0.304000 0.304000 0.000000 0.000000 0.000000 -39317.966602 14.940618
300.000000 0.306000 0.306000 0.306000 0.000000 0.000000 0.000000 -39345.625756 7.125811
300.000000 0.308000 0.308000 0.308000 0.000000 0.000000 0.000000 -39401.751222 -6.051007
300.000000 0.310000 0.310000 0.310000 0.000000 0.000000 0.000000 -39297.141541 17.316865
300.000000 0.312000 0.312000 0.312000 0.000000 0.000000 0.000000 -39497.669931 13.399298
300.000000 0.314000 0.314000 0.314000 0.000000 0.000000 0.000000 -39423.695947 14.451537
300.000000 0.316000 0.316000 0.316000 0.000000 0.000000 0.000000 -39386.542362 35.654749
300.000000 0.318000 0.318000 0.318000 0.000000 0.000000 0.000000 -39264.224996 4.820293
300.000000 0.320000 0.320000 0.320000 0.000000 0.000000 0.000000 -39234.392436 17.002379
300.000000 0.322000 0.322000 0.322000 0.000000 0.000000 0.000000 -39308.796134 10.588813
300.000000 0.324000 0.324000 0.324000 0.000000 0.000000 0.000000 -39418.063029 9.168336
300.000000 0.326000 0.326000 0.326000 0.000000 0.000000 0.000000 -39453.772578 31.005916
300.000000 0.328000 0.328000 0.328000 0.000000 0.000000 0.000000 -39314.825797 6.782854
300.000000 0.330000 0.330000 0.330000 0.000000 0.000000 0.000000 -39331.501789 0.652957
300.000000 0.332000 0.332000 0.332000 0.000000 0.000000 0.000000 -39350.377850 9.539922
300.000000 0.334000 0.334000 0.334000 0.000000 0.000000 0.000000 -39309.431961 14.111631
300.000000 0.336000 0.336000 0.336000 0.000000 0.000000 0.000000 -39460.640450 15.241558
300.000000 0.338000 0.338000 0.338000 0.000000 0.000000 0.000000 -39450.814671 9.532774
300.000000 0.340000 0.340000 0.340000 0.000000 0.000000 0.000000 -39449.324993 13.586126
300.000000 0.342000 0.342000 0.342000 0.000000 0.000000 0.000000 -39402.864481 21.146428
300.000000 0.344000 0.344000 0.344000 0.000000 0.000000 0.000000 -39381.824516 -0.193539
300.000000 0.346000 0.346000 0.346000 0.000000 0.000000 0.000000 -39429.531325 4.115340
300.000000 0.348000 0.348000 0.348000 0.000000 0.000000 0.000000 -39280.921829 7.368748
300.000000 0.350000 0.350000 0.350000 0.000000 0.000000 0.000000 -39399.700694 29.690120
300.000000 0.352000 0.352000 0.352000 0.000000 0.000000 0.000000 -39250.190353 8.386291
300.000000 0.354000 0.354000 0.354000 0.000000 0.000000 0.000000 -39188.624726 14.312160
300.000000 0.356000 0.356000 0.356000 0.000000 0.000000 0.000000 -39319.637572 24.651319
300.000000 0.358000 0.358000 0.358000 0.000000 0.000000 0.000000 -39272.755346 13.193609
300.000000 0.360000 0.360000 0.360000 0.000000 0.000000 0.000000 -39307.428744 9.006801
300.000000 0.362000 0.362000 0.362000 0.000000 0.000000 0.000000 -39137.892531 13.931358
300.000000 0.364000 0.364000 0.364000 0.000000 0.000000 0.000000 -39299.116835 14.450943
300.000000 0.366000 0.366000 0.366000 0.000000 0.000000 0.000000 -39254.708510 18.900088
300.000000 0.368000 0.368000 0.368000 0.000000 0.000000 0.000000 -39346.178301 5.846619
300.000000 0.370000 0.370000 0.370000 0.000000 0.000000 0.000000 -39563.099917 6.127613
300.000000 0.372000 0.372000 0.372000 0.000000 0.000000 0.000000 -39436.873583 14.272144
300.000000 0.374000 0.374000 0.374000 0.000000 0.000000 0.000000 -39349.910715 3.078636
300.000000 0.376000 0.376000 0.376000 0.000000 0.000000 0.000000 -39429.632407 10.351802
300.000000 0.378000 0.378000 0.378000 0.000000 0.000000 0.000000 -39273.155015 8.504611
300.000000 0.380000 0.380000 0.380000 0.000000 0.000000 0.000000 -39560.230860 7.068531
300.000000 0.382000 0.382000 0.382000 0.000000 0.000000 0.000000 -39428.815444 10.300013
300.000000 0.384000 0.384000 0.384000 0.000000 0.000000 0.000000 -39451.830040 4.037370
300.000000 0.386000 0.386000 0.386000 0.000000 0.000000 0.000000 -39518.514371 -0.436550
300.000000 0.388000 0.388000 0.388000 0.000000 0.000000 0.000000 -39319.126151 5.064842
300.000000 0.390000 0.390000 0.390000 0.000000 0.000000 0.000000 -39277.557281 14.303466
300.000000 0.392000 0.392000 0.392000 0.000000 0.000000 0.000000 -39250.233370 11.268375
300.000000 0.394000 0.394000 0.394000 0.000000 0.000000 0.000000 -39232.480343 5.009984
300.000000 0.396000 0.396000 0.396000 0.000000 0.000000 0.000000 -39321.429280 0.746778
300.000000 0.398000 0.398000 0.398000 0.000000 0.000000 0.000000 -39244.619486 -0.982416
300.000000 0.400000 0.400000 0.400000 0.000000 0.000000 0.000000 -39177.521903 19.116134
300.000000 0.402000 0.402000 0.402000 0.000000 0.000000 0.000000 -39085.054459 10.715430
300.000000 0.404000 0.404000 0.404000 0.000000 0.000000 0.000000 -39183.848521 12.072450
300.000000 0.406000 0.406000 0.406000 0.000000 0.000000 0.000000 -39215.538724 6.007157
300.000000 0.408000 0.408000 0.408000 0.000000 0.000000 0.000000 -39320.865456 10.997904
300.000000 0.410000 0.410000 0.410000 0.000000 0.000000 0.000000 -39165.197147 -8.006431
300.000000 0.412000 0.412000 0.412000 0.000000 0.000000 0.000000 -39215.301494 4.399994
300.000000 0.414000 0.414000 0.414000 0.000000 0.000000 0.000000 -39396.019641 -0.403993
300.000000 0.416000 0.416000 0.416000 0.000000 0.000000 0.000000 -39383.525289 4.996445
300.000000 0.418000 0.418000 0.418000 0.000000 0.000000 0.000000 -39588.134126 7.552657
300.000000 0.420000 0.420000 0.420000 0.000000 0.000000 0.000000 -39356.578177 9.957961
300.000000 0.422000 0.422000 0.422000 0.000000 0.000000 0.000000 -39397.284932 -0.181804
300.000000 0.424000 0.424000 0.424000 0.000000 0.000000 0.000000 -39319.683076 0.278791
300.000000 0.426000 0.426000 0.426000 0.000000 0.000000 0.000000 -39287.300164 5.035186
300.000000 0.428000 0.428000 0.428000 0.000000 0.000000 0.000000 -39377.875745 -7.524079
300.000000 0.430000 0.430000 0.430000 0.000000 0.000000 0.000000 -39481.338717 10.470659
300.000000 0.432000 0.432000 0.432000 0.000000 0.000000 0.000000 -39302.843974 11.708173
300.000000 0.434000 0.434000 0.434000 0.000000 0.000000 0.000000 -39324.076149 -2.082146
300.000000 0.436000 0.436000 0.436000 0.000000 0.000000 0.000000 -39281.055066 -6.060817
300.000000 0.438000 0.438000 0.438000 0.000000 0.000000 0.000000 -39308.917055 -9.845951
300.000000 0.440000 0.440000 0.440000 0.000000 0.000000 0.000000 -39288.630834 1.401591
300.000000 0.442000 0.442000 0.442000 0.000000 0.000000 0.000000 -39188.495296 6.849097
300.000000 0.444000 0.444000 0.444000 0.000000 0.000000 0.000000 -39211.177909 -1.595888
300.000000 0.446000 0.446000 0.446000 0.000000 0.000000 0.000000 -39246.396622 -5.550745
300.000000 0.448000 0.448000 0.448000 0.000000 0.000000 0.000000 -39284.329914 1.115659
300.000000 0.450000 0.450000 0.450000 0.000000 0.000000 0.000000 -39232.976306 -5.061868
300.000000 0.452000 0.452000 0.452000 0.000000 0.000000 0.000000 -39189.882779 -5.425672
300.000000 0.454000 0.454000 0.454000 0.000000 0.000000 0.000000 -39350.858718 7.645289
300.000000 0.456000 0.456000 0.456000 0.000000 0.000000 0.000000 -39285.015357 -24.380226
300.000000 0.458000 0.458000 0.458000 0.000000 0.000000 0.000000 -39161.072806 -1.110722
300.000000 0.460000 0.460000 0.460000 0.000000 0.000000 0.000000 -39168.775159 -7.974027
300.000000 0.462000 0.462000 0.462000 0.000000 0.000000 0.000000 -39320.363532 -3.728095
300.000000 0.464000 0.464000 0.464000 0.000000 0.000000 0.000000 -39278.735551 0.967672
300.000000 0.466000 0.466000 0.466000 0.000000 0.000000 0.000000 -39311.888793 -8.008188
300.000000 0.468000 0.468000 0.468000 0.000000 0.000000 0.000000 -39336.797334 -5.393095
300.000000 0.470000 0.470000 0.470000 0.000000 0.000000 0.000000 -39247.164582 -12.490984
300.000000 0.472000 0.472000 0.472000 0.000000 0.000000 0.000000 -39347.229600 -1.685301
300.000000 0.474000 0.474000 0.474000 0.000000 0.000000 0.000000 -39396.972510 3.835867
300.000000 0.476000 0.476000 0.476000 0.000000 0.000000 0.000000 -39219.129871 1.971824
300.000000 0.478000 0.478000 0.478000 0.000000 0.000000 0.000000 -39255.883005 0.752575
300.000000 0.480000 0.480000 0.480000 0.000000 0.000000 0.000000 -39308.849656 -1.785309
300.000000 0.482000 0.482000 0.482000 0.000000 0.000000 0.000000 -39144.928744 -1.147587
300.000000 0.484000 0.484000 0.484000 0.000000 0.000000 0.000000 -39226.765504 7.705709
300.000000 0.486000 0.486000 0.486000 0.000000 0.000000 0.000000 -39311.942391 2.347069
300.000000 0.488000 0.488000 0.488000 0.000000 0.000000 0.000000 -39342.869484 -11.220641
300.000000 0.490000 0.490000 0.490000 0.000000 0.000000 0.000000 -39368.252090 -13.703689
300.000000 0.492000 0.492000 0.492000 0.000000 0.000000 0.000000 -39388.999770 -7.090172
300.000000 0.494000 0.494000 0.494000 0.000000 0.000000 0.000000 -39313.632432 -7.491506
300.000000 0.496000 0.496000 0.496000 0.000000 0.000000 0.000000 -39351.278100 -2.681282
300.000000 0.498000 0.498000 0.498000 0.000000 0.000000 0.000000 -39268.319504 -2.484017
