300.000000 0.000000 0.000000 0.000000 0.000000 0.000000 0.000000 -32907.030824 842.766498
300.000000 0.002000 0.002000 0.002000 0.000000 0.000000 0.000000 -32892.573311 819.996586
300.000000 0.004000 0.004000 0.004000 0.000000 0.000000 0.000000 -32945.761691 893.272270
300.000000 0.006000 0.006000 0.006000 0.000000 0.000000 0.000000 -33076.075730 832.104958
300.000000 0.008000 0.008000 0.008000 0.000000 0.000000 0.000000 -33037.183367 912.622233
300.000000 0.010000 0.010000 0.010000 0.000000 0.000000 0.000000 -32895.065785 899.808829
300.000000 0.012000 0.012000 0.012000 0.000000 0.000000 0.000000 -32933.126542 889.499443
300.000000 0.014000 0.014000 0.014000 0.000000 0.000000 0.000000 -32795.401036 860.130375
300.000000 0.016000 0.016000 0.016000 0.000000 0.000000 0.000000 -32831.244524 833.928798
300.000000 0.018000 0.018000 0.018000 0.000000 0.000000 0.000000 -32821.424794 936.847807
300.000000 0.020000 0.020000 0.020000 0.000000 0.000000 0.000000 -32781.050745 922.390230
300.000000 0.022000 0.022000 0.022000 0.000000 0.000000 0.000000 -32857.694171 873.716630
300.000000 0.024000 0.024000 0.024000 0.000000 0.000000 0.000000 -32993.986594 924.336337
300.000000 0.026000 0.026000 0.026000 0.000000 0.000000 0.000000 -32960.814525 888.073196
300.000000 0.028000 0.028000 0.028000 0.000000 0.000000 0.000000 -32938.392402 903.297236
300.000000 0.030000 0.030000 0.030000 0.000000 0.000000 0.000000 -32866.360101 920.080119
300.000000 0.032000 0.032000 0.032000 0.000000 0.000000 0.000000 -32990.008554 899.789871
300.000000 0.034000 0.034000 0.034000 0.000000 0.000000 0.000000 -32984.605594 886.077553
300.000000 0.036000 0.036000 0.036000 0.000000 0.000000 0.000000 -32930.629300 890.910878
300.000000 0.038000 0.038000 0.038000 0.000000 0.000000 0.000000 -32951.143961 944.356905
300.000000 0.040000 0.040000 0.040000 0.000000 0.000000 0.000000 -32855.256599 751.606988
300.000000 0.042000 0.042000 0.042000 0.000000 0.000000 0.000000 -32902.131035 670.897520
300.000000 0.044000 0.044000 0.044000 0.000000 0.000000 0.000000 -32951.939326 717.371289
300.000000 0.046000 0.046000 0.046000 0.000000 0.000000 0.000000 -32887.447290 700.612248
300.000000 0.048000 0.048000 0.048000 0.000000 0.000000 0.000000 -32914.593016 637.572033
300.000000 0.050000 0.050000 0.050000 0.000000 0.000000 0.000000 -32912.420471 159.615666
300.000000 0.052000 0.052000 0.052000 0.000000 0.000000 0.000000 -32964.593080 106.892871
300.000000 0.054000 0.054000 0.054000 0.000000 0.000000 0.000000 -33036.474410 66.633596
300.000000 0.056000 0.056000 0.056000 0.000000 0.000000 0.000000 -33055.349705 49.178974
300.000000 0.058000 0.058000 0.058000 0.000000 0.000000 0.000000 -33029.031305 66.839146
300.000000 0.060000 0.060000 0.060000 0.000000 0.000000 0.000000 -32970.316459 88.316565
300.000000 0.062000 0.062000 0.062000 0.000000 0.000000 0.000000 -32945.924908 55.985588
300.000000 0.064000 0.064000 0.064000 0.000000 0.000000 0.000000 -33030.887043 50.396362
300.000000 0.066000 0.066000 0.066000 0.000000 0.000000 0.000000 -32934.747670 55.999245
300.000000 0.068000 0.068000 0.068000 0.000000 0.000000 0.000000 -33018.649770 68.444118
300.000000 0.070000 0.070000 0.070000 0.000000 0.000000 0.000000 -32823.592588 74.223042
300.000000 0.072000 0.072000 0.072000 0.000000 0.000000 0.000000 -32880.760430 87.336890
300.000000 0.074000 0.074000 0.074000 0.000000 0.000000 0.000000 -32897.457073 65.649088
300.000000 0.076000 0.076000 0.076000 0.000000 0.000000 0.000000 -32813.054008 66.741388
300.000000 0.078000 0.078000 0.078000 0.000000 0.000000 0.000000 -32991.467349 47.400892
300.000000 0.080000 0.080000 0.080000 0.000000 0.000000 0.000000 -32961.428612 63.352467
300.000000 0.082000 0.082000 0.082000 0.000000 0.000000 0.000000 -33002.927619 81.021396
300.000000 0.084000 0.084000 0.084000 0.000000 0.000000 0.000000 -32868.320329 72.420466
300.000000 0.086000 0.086000 0.086000 0.000000 0.000000 0.000000 -32940.686392 34.661288
300.000000 0.088000 0.088000 0.088000 0.000000 0.000000 0.000000 -32977.066246 47.206111
300.000000 0.090000 0.090000 0.090000 0.000000 0.000000 0.000000 -32905.765983 51.452102
300.000000 0.092000 0.092000 0.092000 0.000000 0.000000 0.000000 -32933.345992 93.411607
300.000000 0.094000 0.094000 0.094000 0.000000 0.000000 0.000000 -32971.335490 57.043526
300.000000 0.096000 0.096000 0.096000 0.000000 0.000000 0.000000 -33032.394901 74.640563
300.000000 0.098000 0.098000 0.098000 0.000000 0.000000 0.000000 -33069.660812 63.294824
300.000000 0.100000 0.100000 0.100000 0.000000 0.000000 0.000000 -32931.575326 49.359385
300.000000 0.102000 0.102000 0.102000 0.000000 0.000000 0.000000 -33060.923536 47.990974
300.000000 0.104000 0.104000 0.104000 0.000000 0.000000 0.000000 -33013.351586 46.097017
300.000000 0.106000 0.106000 0.106000 0.000000 0.000000 0.000000 -32831.193354 46.452549
300.000000 0.108000 0.108000 0.108000 0.000000 0.000000 0.000000 -33023.721737 42.193762
300.000000 0.110000 0.110000 0.110000 0.000000 0.000000 0.000000 -32918.428142 48.042141
300.000000 0.112000 0.112000 0.112000 0.000000 0.000000 0.000000 -33021.472560 57.992251
300.000000 0.114000 0.114000 0.114000 0.000000 0.000000 0.000000 -32933.003108 78.956592
300.000000 0.116000 0.116000 0.116000 0.000000 0.000000 0.000000 -32908.314073 46.691058
300.000000 0.118000 0.118000 0.118000 0.000000 0.000000 0.000000 -33005.836045 38.827485
300.000000 0.120000 0.120000 0.120000 0.000000 0.000000 0.000000 -32994.280979 52.378997
300.000000 0.122000 0.122000 0.122000 0.000000 0.000000 0.000000 -33126.193767 24.131069
300.000000 0.124000 0.124000 0.124000 0.000000 0.000000 0.000000 -33031.646081 66.253635
300.000000 0.126000 0.126000 0.126000 0.000000 0.000000 0.000000 -32969.463934 57.488595
300.000000 0.128000 0.128000 0.128000 0.000000 0.000000 0.000000 -32934.954203 33.108995
300.000000 0.130000 0.130000 0.130000 0.000000 0.000000 0.000000 -33013.796967 44.430305
300.000000 0.132000 0.132000 0.132000 0.000000 0.000000 0.000000 -32926.015599 35.992974
300.000000 0.134000 0.134000 0.134000 0.000000 0.000000 0.000000 -33226.550955 43.109302
300.000000 0.136000 0.136000 0.136000 0.000000 0.000000 0.000000 -33046.527291 47.221735
300.000000 0.138000 0.138000 0.138000 0.000000 0.000000 0.000000 -33021.746898 43.370954
300.000000 0.140000 0.140000 0.140000 0.000000 0.000000 0.000000 -32925.639706 57.855429
300.000000 0.142000 0.142000 0.142000 0.000000 0.000000 0.000000 -32898.112650 52.855190
300.000000 0.144000 0.144000 0.144000 0.000000 0.000000 0.000000 -32917.282808 32.914466
300.000000 0.146000 0.146000 0.146000 0.000000 0.000000 0.000000 -32946.588793 57.984531
300.000000 0.148000 0.148000 0.148000 0.000000 0.000000 0.000000 -32961.797441 37.808889
300.000000 0.150000 0.150000 0.150000 0.000000 0.000000 0.000000 -32955.639650 53.391672
300.000000 0.152000 0.152000 0.152000 0.000000 0.000000 0.000000 -32910.256067 50.117869
300.000000 0.154000 0.154000 0.154000 0.000000 0.000000 0.000000 -32852.546738 44.627268
300.000000 0.156000 0.156000 0.156000 0.000000 0.000000 0.000000 -32971.997376 51.047343
300.000000 0.158000 0.158000 0.158000 0.000000 0.000000 0.000000 -32965.357768 38.550935
300.000000 0.160000 0.160000 0.160000 0.000000 0.000000 0.000000 -33110.987743 33.245306
300.000000 0.162000 0.162000 0.162000 0.000000 0.000000 0.000000 -32949.508474 33.777721
300.000000 0.164000 0.164000 0.164000 0.000000 0.000000 0.000000 -32940.552896 62.891382
300.000000 0.166000 0.166000 0.166000 0.000000 0.000000 0.000000 -32985.063592 41.300622
300.000000 0.168000 0.168000 0.168000 0.000000 0.000000 0.000000 -32964.061248 25.859527
300.000000 0.170000 0.170000 0.170000 0.000000 0.000000 0.000000 -32988.916728 31.890408
300.000000 0.172000 0.172000 0.172000 0.000000 0.000000 0.000000 -32941.158477 15.729851
300.000000 0.174000 0.174000 0.174000 0.000000 0.000000 0.000000 -33038.178560 43.526865
300.000000 0.176000 0.176000 0.176000 0.000000 0.000000 0.000000 -32926.811518 29.772618
300.000000 0.178000 0.178000 0.178000 0.000000 0.000000 0.000000 -33028.504596 10.798928
300.000000 0.180000 0.180000 0.180000 0.000000 0.000000 0.000000 -33077.202328 7.264560
300.000000 0.182000 0.182000 0.182000 0.000000 0.000000 0.000000 -32960.796730 37.503530
300.000000 0.184000 0.184000 0.184000 0.000000 0.000000 0.000000 -32983.864194 19.560385
300.000000 0.186000 0.186000 0.186000 0.000000 0.000000 0.000000 -32909.939922 22.710756
300.000000 0.188000 0.188000 0.188000 0.000000 0.000000 0.000000 -32925.431470 24.036831
300.000000 0.190000 0.190000 0.190000 0.000000 0.000000 0.000000 -32976.063925 17.918416
300.000000 0.192000 0.192000 0.192000 0.000000 0.000000 0.000000 -33052.326853 15.669442
300.000000 0.194000 0.194000 0.194000 0.000000 0.000000 0.000000 -33080.763411 31.884455
300.000000 0.196000 0.196000 0.196000 0.000000 0.000000 0.000000 -33081.754571 29.897388
300.000000 0.198000 0.198000 0.198000 0.000000 0.000000 0.000000 -33128.483921 6.414771
300.000000 0.200000 0.200000 0.200000 0.000000 0.000000 0.000000 -32994.128935 22.511506
300.000000 0.202000 0.202000 0.202000 0.000000 0.000000 0.000000 -33100.294047 18.081768
300.000000 0.204000 0.204000 0.204000 0.000000 0.000000 0.000000 -33118.284350 15.501485
300.000000 0.206000 0.206000 0.206000 0.000000 0.000000 0.000000 -32913.311857 28.690919
300.000000 0.208000 0.208000 0.208000 0.000000 0.000000 0.000000 -33018.052225 39.561210
300.000000 0.210000 0.210000 0.210000 0.000000 0.000000 0.000000 -33027.717169 26.292459
300.000000 0.212000 0.212000 0.212000 0.000000 0.000000 0.000000 -33076.846197 31.712048
300.000000 0.214000 0.214000 0.214000 0.000000 0.000000 0.000000 -33062.580475 11.721355
300.000000 0.216000 0.216000 0.216000 0.000000 0.000000 0.000000 -33132.262005 32.367004
300.000000 0.218000 0.218000 0.218000 0.000000 0.000000 0.000000 -33055.179466 15.723310
300.000000 0.220000 0.220000 0.220000 0.000000 0.000000 0.000000 -33048.533804 18.467455
300.000000 0.222000 0.222000 0.222000 0.000000 0.000000 0.000000 -33015.515658 33.412457
300.000000 0.224000 0.224000 0.224000 0.000000 0.000000 0.000000 -33037.471820 30.444248
300.000000 0.226000 0.226000 0.226000 0.000000 0.000000 0.000000 -33040.120979 26.898250
300.000000 0.228000 0.228000 0.228000 0.000000 0.000000 0.000000 -32952.062794 26.795392
300.000000 0.230000 0.230000 0.230000 0.000000 0.000000 0.000000 -32982.746938 24.357420
300.000000 0.232000 0.232000 0.232000 0.000000 0.000000 0.000000 -32843.203674 32.951389
300.000000 0.234000 0.234000 0.234000 0.000000 0.000000 0.000000 -32922.254573 30.931398
300.000000 0.236000 0.236000 0.236000 0.000000 0.000000 0.000000 -33079.300579 20.581072
300.000000 0.238000 0.238000 0.238000 0.000000 0.000000 0.000000 -32899.400166 23.200136
300.000000 0.240000 0.240000 0.240000 0.000000 0.000000 0.000000 -32999.396701 18.969949
300.000000 0.242000 0.242000 0.242000 0.000000 0.000000 0.000000 -33002.171647 30.373784
300.000000 0.244000 0.244000 0.244000 0.000000 0.000000 0.000000 -32936.218106 26.371097
300.000000 0.246000 0.246000 0.246000 0.000000 0.000000 0.000000 -32952.087511 23.209500
300.000000 0.248000 0.248000 0.248000 0.000000 0.000000 0.000000 -32883.099260 14.833971
300.000000 0.250000 0.250000 0.250000 0.000000 0.000000 0.000000 -32894.733583 19.828010
300.000000 0.252000 0.252000 0.252000 0.000000 0.000000 0.000000 -32837.894120 33.951383
300.000000 0.254000 0.254000 0.254000 0.000000 0.000000 0.000000 -32884.002046 20.994338
300.000000 0.256000 0.256000 0.256000 0.000000 0.000000 0.000000 -32880.333277 12.555947
300.000000 0.258000 0.258000 0.258000 0.000000 0.000000 0.000000 -32949.096133 34.055088
300.000000 0.260000 0.260000 0.260000 0.000000 0.000000 0.000000 -32928.878047 27.379944
300.000000 0.262000 0.262000 0.262000 0.000000 0.000000 0.000000 -32958.848123 26.497916
300.000000 0.264000 0.264000 0.264000 0.000000 0.000000 0.000000 -32833.916420 1.126342
300.000000 0.266000 0.266000 0.266000 0.000000 0.000000 0.000000 -32921.725471 4.895101
300.000000 0.268000 0.268000 0.268000 0.000000 0.000000 0.000000 -32913.652185 21.153143
300.000000 0.270000 0.270000 0.270000 0.000000 0.000000 0.000000 -32914.183683 22.551337
300.000000 0.272000 0.272000 0.272000 0.000000 0.000000 0.000000 -32861.482198 5.997110
300.000000 0.274000 0.274000 0.274000 0.000000 0.000000 0.000000 -32868.325034 15.903455
300.000000 0.276000 0.276000 0.276000 0.000000 0.000000 0.000000 -32834.175506 10.901084
300.000000 0.278000 0.278000 0.278000 0.000000 0.000000 0.000000 -33042.671491 17.099283
300.000000 0.280000 0.280000 0.280000 0.000000 0.000000 0.000000 -33067.695527 21.416910
300.000000 0.282000 0.282000 0.282000 0.000000 0.000000 0.000000 -33029.452589 15.447544
300.000000 0.284000 0.284000 0.284000 0.000000 0.000000 0.000000 -33059.042310 22.021600
300.000000 0.286000 0.286000 0.286000 0.000000 0.000000 0.000000 -33021.189428 21.459861
300.000000 0.288000 0.288000 0.288000 0.000000 0.000000 0.000000 -33007.126371 15.961531
300.000000 0.290000 0.290000 0.290000 0.000000 0.000000 0.000000 -32812.396132 14.134618
300.000000 0.292000 0.292000 0.292000 0.000000 0.000000 0.000000 -32921.577074 23.152860
300.000000 0.294000 0.294000 0.294000 0.000000 0.000000 0.000000 -33007.338130 15.103472
300.000000 0.296000 0.296000 0.296000 0.000000 0.000000 0.000000 -32959.352803 20.285316
300.000000 0.298000 0.298000 0.298000 0.000000 0.000000 0.000000 -32962.196116 17.928638
300.000000 0.300000 0.300000 0.300000 0.000000 0.000000 0.000000 -32878.694395 12.685437
300.000000 0.302000 0.302000 0.302000 0.000000 0.000000 0.000000 -32944.600228 6.257008
300.000000 0.304000 0.304000 0.304000 0.000000 0.000000 0.000000 -32816.095554 19.634152
300.000000 0.306000 0.306000 0.306000 0.000000 0.000000 0.000000 -32885.780114 6.253219
300.000000 0.308000 0.308000 0.308000 0.000000 0.000000 0.000000 -32884.188778 28.047753
300.000000 0.310000 0.310000 0.310000 0.000000 0.000000 0.000000 -33008.736164 11.003260
300.000000 0.312000 0.312000 0.312000 0.000000 0.000000 0.000000 -32856.476510 17.460523
300.000000 0.314000 0.314000 0.314000 0.000000 0.000000 0.000000 -32846.978101 -1.570085
300.000000 0.316000 0.316000 0.316000 0.000000 0.000000 0.000000 -32864.609050 4.954000
300.000000 0.318000 0.318000 0.318000 0.000000 0.000000 0.000000 -32861.828460 16.987777
300.000000 0.320000 0.320000 0.320000 0.000000 0.000000 0.000000 -32863.983884 24.960194
300.000000 0.322000 0.322000 0.322000 0.000000 0.000000 0.000000 -32946.122256 6.822417
300.000000 0.324000 0.324000 0.324000 0.000000 0.000000 0.000000 -32947.498602 15.656681
300.000000 0.326000 0.326000 0.326000 0.000000 0.000000 0.000000 -32813.196903 4.824118
300.000000 0.328000 0.328000 0.328000 0.000000 0.000000 0.000000 -32862.790534 14.662448
300.000000 0.330000 0.330000 0.330000 0.000000 0.000000 0.000000 -32826.673438 9.418768
300.000000 0.332000 0.332000 0.332000 0.000000 0.000000 0.000000 -32859.622389 21.767102
300.000000 0.334000 0.334000 0.334000 0.000000 0.000000 0.000000 -32912.714463 10.867764
300.000000 0.336000 0.336000 0.336000 0.000000 0.000000 0.000000 -32925.261947 -2.388079
300.000000 0.338000 0.338000 0.338000 0.000000 0.000000 0.000000 -33004.825827 17.300914
300.000000 0.340000 0.340000 0.340000 0.000000 0.000000 0.000000 -33084.389925 22.687318
300.000000 0.342000 0.342000 0.342000 0.000000 0.000000 0.000000 -33074.823205 10.327075
300.000000 0.344000 0.344000 0.344000 0.000000 0.000000 0.000000 -32911.010976 11.089736
300.000000 0.346000 0.346000 0.346000 0.000000 0.000000 0.000000 -32987.721041 18.653506
300.000000 0.348000 0.348000 0.348000 0.000000 0.000000 0.000000 -33028.952229 10.670720
300.000000 0.350000 0.350000 0.350000 0.000000 0.000000 0.000000 -33125.490975 22.469005
300.000000 0.352000 0.352000 0.352000 0.000000 0.000000 0.000000 -33047.883277 19.966476
300.000000 0.354000 0.354000 0.354000 0.000000 0.000000 0.000000 -33056.314151 12.196028
300.000000 0.356000 0.356000 0.356000 0.000000 0.000000 0.000000 -32986.745637 0.583498
300.000000 0.358000 0.358000 0.358000 0.000000 0.000000 0.000000 -32945.043574 0.384668
300.000000 0.360000 0.360000 0.360000 0.000000 0.000000 0.000000 -33030.672893 17.389923
300.000000 0.362000 0.362000 0.362000 0.000000 0.000000 0.000000 -32997.414010 7.142298
300.000000 0.364000 0.364000 0.364000 0.000000 0.000000 0.000000 -33008.448866 12.688552
300.000000 0.366000 0.366000 0.366000 0.000000 0.000000 0.000000 -32944.249172 3.245678
300.000000 0.368000 0.368000 0.368000 0.000000 0.000000 0.000000 -32999.572119 19.966282
300.000000 0.370000 0.370000 0.370000 0.000000 0.000000 0.000000 -32981.347711 8.211615
300.000000 0.372000 0.372000 0.372000 0.000000 0.000000 0.000000 -33128.284726 7.334424
300.000000 0.374000 0.374000 0.374000 0.000000 0.000000 0.000000 -32912.732322 7.497820
300.000000 0.376000 0.376000 0.376000 0.000000 0.000000 0.000000 -33080.303115 13.538284
300.000000 0.378000 0.378000 0.378000 0.000000 0.000000 0.000000 -32944.103120 8.564347
300.000000 0.380000 0.380000 0.380000 0.000000 0.000000 0.000000 -32978.350498 0.953301
300.000000 0.382000 0.382000 0.382000 0.000000 0.000000 0.000000 -32936.520016 19.493705
300.000000 0.384000 0.384000 0.384000 0.000000 0.000000 0.000000 -32877.439515 5.864331
300.000000 0.386000 0.386000 0.386000 0.000000 0.000000 0.000000 -33002.986061 8.793193
300.000000 0.388000 0.388000 0.388000 0.000000 0.000000 0.000000 -32890.716752 -3.102271
300.000000 0.390000 0.390000 0.390000 0.000000 0.000000 0.000000 -33033.251858 7.256301
300.000000 0.392000 0.392000 0.392000 0.000000 0.000000 0.000000 -32934.203642 1.117452
300.000000 0.394000 0.394000 0.394000 0.000000 0.000000 0.000000 -32805.646514 -2.176871
300.000000 0.396000 0.396000 0.396000 0.000000 0.000000 0.000000 -32919.231239 8.145858
300.000000 0.398000 0.398000 0.398000 0.000000 0.000000 0.000000 -32953.516376 8.962611
300.000000 0.400000 0.400000 0.400000 0.000000 0.000000 0.000000 -32966.306456 7.023995
300.000000 0.402000 0.402000 0.402000 0.000000 0.000000 0.000000 -32859.392377 3.782785
300.000000 0.404000 0.404000 0.404000 0.000000 0.000000 0.000000 -32953.350839 15.322256
300.000000 0.406000 0.406000 0.406000 0.000000 0.000000 0.000000 -32967.452635 5.685213
300.000000 0.408000 0.408000 0.408000 0.000000 0.000000 0.000000 -33054.279758 9.251155
300.000000 0.410000 0.410000 0.410000 0.000000 0.000000 0.000000 -32917.888699 3.334603
300.000000 0.412000 0.412000 0.412000 0.000000 0.000000 0.000000 -33034.677197 7.345136
300.000000 0.414000 0.414000 0.414000 0.000000 0.000000 0.000000 -33056.423170 9.164718
300.000000 0.416000 0.416000 0.416000 0.000000 0.000000 0.000000 -33035.553528 14.033721
300.000000 0.418000 0.418000 0.418000 0.000000 0.000000 0.000000 -33033.265166 7.213415
300.000000 0.420000 0.420000 0.420000 0.000000 0.000000 0.000000 -33091.541108 10.304518
300.000000 0.422000 0.422000 0.422000 0.000000 0.000000 0.000000 -32997.377055 4.959168
300.000000 0.424000 0.424000 0.424000 0.000000 0.000000 0.000000 -33039.977108 -4.465101
300.000000 0.426000 0.426000 0.426000 0.000000 0.000000 0.000000 -33009.528029 22.451922
300.000000 0.428000 0.428000 0.428000 0.000000 0.000000 0.000000 -33057.824851 7.508408
300.000000 0.430000 0.430000 0.430000 0.000000 0.000000 0.000000 -32879.763918 3.005442
300.000000 0.432000 0.432000 0.432000 0.000000 0.000000 0.000000 -32799.529736 -3.648775
300.000000 0.434000 0.434000 0.434000 0.000000 0.000000 0.000000 -32909.292861 17.302993
300.000000 0.436000 0.436000 0.436000 0.000000 0.000000 0.000000 -32881.073263 -0.562742
300.000000 0.438000 0.438000 0.438000 0.000000 0.000000 0.000000 -32936.925267 -0.912048
300.000000 0.440000 0.440000 0.440000 0.000000 0.000000 0.000000 -32973.945170 -3.661793
300.000000 0.442000 0.442000 0.442000 0.000000 0.000000 0.000000 -32953.456081 -4.289734
300.000000 0.444000 0.444000 0.444000 0.000000 0.000000 0.000000 -32823.528104 2.089977
300.000000 0.446000 0.446000 0.446000 0.000000 0.000000 0.000000 -32874.870927 11.761046
300.000000 0.448000 0.448000 0.448000 0.000000 0.000000 0.000000 -32892.401480 8.351873
300.000000 0.450000 0.450000 0.450000 0.000000 0.000000 0.000000 -32928.774052 8.233666
300.000000 0.452000 0.452000 0.452000 0.000000 0.000000 0.000000 -33047.440866 0.354523
300.000000 0.454000 0.454000 0.454000 0.000000 0.000000 0.000000 -32942.765318 5.192750
300.000000 0.456000 0.456000 0.456000 0.000000 0.000000 0.000000 -32971.658512 -1.911145
300.000000 0.458000 0.458000 0.458000 0.000000 0.000000 0.000000 -33040.079822 -0.886524
300.000000 0.460000 0.460000 0.460000 0.000000 0.000000 0.000000 -32950.087894 3.175763
300.000000 0.462000 0.462000 0.462000 0.000000 0.000000 0.000000 -32854.196100 4.037440
300.000000 0.464000 0.464000 0.464000 0.000000 0.000000 0.000000 -32930.678145 7.982436
300.000000 0.466000 0.466000 0.466000 0.000000 0.000000 0.000000 -32980.210628 1.605492
300.000000 0.468000 0.468000 0.468000 0.000000 0.000000 0.000000 -33066.469605 -8.385585
300.000000 0.470000 0.470000 0.470000 0.000000 0.000000 0.000000 -32970.027799 1.251897
300.000000 0.472000 0.472000 0.472000 0.000000 0.000000 0.000000 -32916.876148 11.962803
300.000000 0.474000 0.474000 0.474000 0.000000 0.000000 0.000000 -32878.163286 9.599719
300.000000 0.476000 0.476000 0.476000 0.000000 0.000000 0.000000 -32921.177440 0.476898
300.000000 0.478000 0.478000 0.478000 0.000000 0.000000 0.000000 -32970.997221 4.865212
300.000000 0.480000 0.480000 0.480000 0.000000 0.000000 0.000000 -32966.289499 0.714443
300.000000 0.482000 0.482000 0.482000 0.000000 0.000000 0.000000 -32839.552037 7.037733
300.000000 0.484000 0.484000 0.484000 0.000000 0.000000 0.000000 -32834.303114 -21.164971
300.000000 0.486000 0.486000 0.486000 0.000000 0.000000 0.000000 -32936.917028 4.034271
300.000000 0.488000 0.488000 0.488000 0.000000 0.000000 0.000000 -32938.256011 2.098329
300.000000 0.490000 0.490000 0.490000 0.000000 0.000000 0.000000 -32861.040697 -0.428022
300.000000 0.492000 0.492000 0.492000 0.000000 0.000000 0.000000 -32953.657716 -2.868201
300.000000 0.494000 0.494000 0.494000 0.000000 0.000000 0.000000 -32975.948918 -3.843416
300.000000 0.496000 0.496000 0.496000 0.000000 0.000000 0.000000 -32953.797865 -4.822051
300.000000 0.498000 0.498000 0.498000 0.000000 0.000000 0.000000 -33023.370076 -7.407125
