9 300.000000 1.000000 0.400000 0.500000 0.100000 40.000000 0.000000 -32905.753686 -2.053519 6.882987
9 300.000000 1.000000 0.400000 0.500000 0.100000 40.000000 0.000000 -32816.870743 0.960931 7.004946
11 300.000000 -1.000000 0.500000 0.500000 0.100000 30.000000 0.000000 -32919.713114 2.427145 7.544557
12 300.000000 -1.000000 0.400000 0.500000 0.100000 40.000000 0.000000 -32908.705303 2.337475 7.038809
11 300.000000 -1.000000 0.500000 0.500000 0.100000 30.000000 0.000000 -32835.226906 -4.432699 6.748609
10 300.000000 1.000000 0.500000 0.500000 0.100000 30.000000 0.000000 -32851.239053 -0.480894 6.610330
10 300.000000 1.000000 0.500000 0.500000 0.100000 30.000000 0.000000 -32849.409706 2.988531 6.472642
9 300.000000 1.000000 0.400000 0.500000 0.100000 40.000000 0.000000 -32811.610763 6.842369 6.648667
8 300.000000 1.000000 0.300000 0.500000 0.100000 50.000000 0.000000 -32909.089865 3.869918 6.421860
8 300.000000 1.000000 0.300000 0.500000 0.100000 50.000000 0.000000 -32727.597619 11.728924 6.509645
7 300.000000 1.000000 0.200000 0.500000 0.100000 60.000000 0.000000 -32837.787498 3.907993 6.480969
9 300.000000 1.000000 0.400000 0.500000 0.100000 40.000000 0.000000 -32867.680963 10.146800 6.684890
10 300.000000 1.000000 0.500000 0.500000 0.100000 30.000000 0.000000 -32715.746090 2.296056 6.971779
8 300.000000 1.000000 0.300000 0.500000 0.100000 50.000000 0.000000 -32820.409779 13.666563 6.718740
7 300.000000 1.000000 0.200000 0.500000 0.100000 60.000000 0.000000 -32893.108094 15.072764 6.447112
9 300.000000 1.000000 0.400000 0.500000 0.100000 40.000000 0.000000 -32854.336359 1.924665 8.275735
8 300.000000 1.000000 0.300000 0.500000 0.100000 50.000000 0.000000 -32787.037513 8.511418 6.472704
8 300.000000 1.000000 0.300000 0.500000 0.100000 50.000000 0.000000 -32715.840316 9.316865 6.864941
8 300.000000 1.000000 0.300000 0.500000 0.100000 50.000000 0.000000 -32901.079476 11.264894 6.574582
10 300.000000 1.000000 0.500000 0.500000 0.100000 30.000000 0.000000 -32947.384926 -5.734136 7.004640
11 300.000000 -1.000000 0.500000 0.500000 0.100000 30.000000 0.000000 -32941.990240 -4.390720 7.114017
10 300.000000 1.000000 0.500000 0.500000 0.100000 30.000000 0.000000 -32790.275566 -4.351848 7.345116
10 300.000000 1.000000 0.500000 0.500000 0.100000 30.000000 0.000000 -32926.212171 -1.107188 7.172601
10 300.000000 1.000000 0.500000 0.500000 0.100000 30.000000 0.000000 -32965.194436 6.865400 7.114515
12 300.000000 -1.000000 0.400000 0.500000 0.100000 40.000000 0.000000 -32898.662775 3.254898 6.774070
11 300.000000 -1.000000 0.500000 0.500000 0.100000 30.000000 0.000000 -32885.373731 -2.825893 6.553150
12 300.000000 -1.000000 0.400000 0.500000 0.100000 40.000000 0.000000 -32947.666909 3.675674 6.389879
7 300.000000 1.000000 0.200000 0.500000 0.100000 60.000000 0.000000 -32813.769283 3.515155 6.450634
7 300.000000 1.000000 0.200000 0.500000 0.100000 60.000000 0.000000 -32848.647237 4.999781 6.445521
7 300.000000 1.000000 0.200000 0.500000 0.100000 60.000000 0.000000 -32873.399231 14.550473 6.936737
8 300.000000 1.000000 0.300000 0.500000 0.100000 50.000000 0.000000 -32947.927467 4.584573 6.417762
10 300.000000 1.000000 0.500000 0.500000 0.100000 30.000000 0.000000 -33074.754440 -3.644929 8.277284
8 300.000000 1.000000 0.300000 0.500000 0.100000 50.000000 0.000000 -32931.672794 7.588038 6.415569
8 300.000000 1.000000 0.300000 0.500000 0.100000 50.000000 0.000000 -32785.246802 3.045541 6.390355
11 300.000000 -1.000000 0.500000 0.500000 0.100000 30.000000 0.000000 -32623.358042 -6.093083 6.422121
10 300.000000 1.000000 0.500000 0.500000 0.100000 30.000000 0.000000 -32950.032448 1.424981 6.769069
8 300.000000 1.000000 0.300000 0.500000 0.100000 50.000000 0.000000 -32893.123589 2.540310 6.523329
7 300.000000 1.000000 0.200000 0.500000 0.100000 60.000000 0.000000 -32813.542974 7.727319 6.798333
10 300.000000 1.000000 0.500000 0.500000 0.100000 30.000000 0.000000 -32789.111974 -1.072966 7.902780
10 300.000000 1.000000 0.500000 0.500000 0.100000 30.000000 0.000000 -32804.062929 3.222463 7.959074
8 300.000000 1.000000 0.300000 0.500000 0.100000 50.000000 0.000000 -32789.731717 2.588535 7.070769
10 300.000000 1.000000 0.500000 0.500000 0.100000 30.000000 0.000000 -32805.664212 -7.458417 7.675046
11 300.000000 -1.000000 0.500000 0.500000 0.100000 30.000000 0.000000 -32885.526960 5.322336 6.488414
10 300.000000 1.000000 0.500000 0.500000 0.100000 30.000000 0.000000 -32791.958201 3.704625 7.356160
13 300.000000 -1.000000 0.300000 0.500000 0.100000 50.000000 0.000000 -32705.620410 3.755945 6.554822
12 300.000000 -1.000000 0.400000 0.500000 0.100000 40.000000 0.000000 -32736.683162 -1.702487 7.549102
12 300.000000 -1.000000 0.400000 0.500000 0.100000 40.000000 0.000000 -32888.954000 1.402747 6.415427
10 300.000000 1.000000 0.500000 0.500000 0.100000 30.000000 0.000000 -32869.820823 4.936487 7.970045
8 300.000000 1.000000 0.300000 0.500000 0.100000 50.000000 0.000000 -32917.871752 0.996950 6.410869
9 300.000000 1.000000 0.400000 0.500000 0.100000 40.000000 0.000000 -32890.090509 -2.202763 6.452419
10 300.000000 1.000000 0.500000 0.500000 0.100000 30.000000 0.000000 -32753.823950 2.573236 6.401308
10 300.000000 1.000000 0.500000 0.500000 0.100000 30.000000 0.000000 -32922.424879 0.380958 6.480060
9 300.000000 1.000000 0.400000 0.500000 0.100000 40.000000 0.000000 -33045.644175 -4.605438 6.456791
9 300.000000 1.000000 0.400000 0.500000 0.100000 40.000000 0.000000 -32745.129938 -1.516614 6.852356
11 300.000000 -1.000000 0.500000 0.500000 0.100000 30.000000 0.000000 -32973.950618 -4.599540 6.395733
9 300.000000 1.000000 0.400000 0.500000 0.100000 40.000000 0.000000 -32930.440860 -0.086265 8.282253
8 300.000000 1.000000 0.300000 0.500000 0.100000 50.000000 0.000000 -32791.978059 9.985728 7.619014
9 300.000000 1.000000 0.400000 0.500000 0.100000 40.000000 0.000000 -32715.843861 4.973085 6.902050
9 300.000000 1.000000 0.400000 0.500000 0.100000 40.000000 0.000000 -32855.312689 0.745460 7.712427
9 300.000000 1.000000 0.400000 0.500000 0.100000 40.000000 0.000000 -32969.972604 9.551599 8.272463
9 300.000000 1.000000 0.400000 0.500000 0.100000 40.000000 0.000000 -32774.833662 2.018521 6.600333
8 300.000000 1.000000 0.300000 0.500000 0.100000 50.000000 0.000000 -32807.579006 -0.951434 7.246849
11 300.000000 -1.000000 0.500000 0.500000 0.100000 30.000000 0.000000 -32817.797307 2.502359 7.193736
9 300.000000 1.000000 0.400000 0.500000 0.100000 40.000000 0.000000 -32889.039130 -0.165294 7.975699
9 300.000000 1.000000 0.400000 0.500000 0.100000 40.000000 0.000000 -32802.372368 3.802663 7.227642
10 300.000000 1.000000 0.500000 0.500000 0.100000 30.000000 0.000000 -33006.316617 -3.845270 6.501060
12 300.000000 -1.000000 0.400000 0.500000 0.100000 40.000000 0.000000 -32801.550830 11.326505 6.737093
14 300.000000 -1.000000 0.200000 0.500000 0.100000 60.000000 0.000000 -32713.539868 11.942639 6.454905
14 300.000000 -1.000000 0.200000 0.500000 0.100000 60.000000 0.000000 -32748.213940 20.864935 7.655680
15 300.000000 -1.000000 0.100000 0.500000 0.100000 70.000000 0.000000 -32802.981993 28.852686 7.662425
15 300.000000 -1.000000 0.100000 0.500000 0.100000 70.000000 0.000000 -32695.910035 42.522143 7.167022
18 300.000000 -1.000000 0.000000 0.300000 0.100000 100.000000 0.000000 -32803.079300 63.049402 6.643124
18 300.000000 -1.000000 0.000000 0.300000 0.100000 100.000000 0.000000 -33032.544411 31.751176 6.808723
16 300.000000 -1.000000 0.000000 0.500000 0.100000 80.000000 0.000000 -32772.702523 61.810985 6.736666
19 300.000000 -1.000000 0.000000 0.200000 0.100000 110.000000 0.000000 -32795.505455 57.243277 6.450452
16 300.000000 -1.000000 0.000000 0.500000 0.100000 80.000000 0.000000 -32873.937510 42.254873 6.492962
16 300.000000 -1.000000 0.000000 0.500000 0.100000 80.000000 0.000000 -32835.791015 43.941890 7.181083
16 300.000000 -1.000000 0.000000 0.500000 0.100000 80.000000 0.000000 -32720.320584 55.640065 6.574471
19 300.000000 -1.000000 0.000000 0.200000 0.100000 110.000000 0.000000 -32923.717150 48.363899 6.487757
17 300.000000 -1.000000 0.000000 0.400000 0.100000 90.000000 0.000000 -32938.891688 60.679774 7.424062
17 300.000000 -1.000000 0.000000 0.400000 0.100000 90.000000 0.000000 -32915.890041 61.698525 7.206913
16 300.000000 -1.000000 0.000000 0.500000 0.100000 80.000000 0.000000 -32945.307041 33.834537 7.146155
15 300.000000 -1.000000 0.100000 0.500000 0.100000 70.000000 0.000000 -32896.602427 20.024697 6.740617
14 300.000000 -1.000000 0.200000 0.500000 0.100000 60.000000 0.000000 -32788.670202 16.070968 6.420341
15 300.000000 -1.000000 0.100000 0.500000 0.100000 70.000000 0.000000 -32834.817012 28.445796 7.474419
15 300.000000 -1.000000 0.100000 0.500000 0.100000 70.000000 0.000000 -32885.704243 16.767683 6.657410
15 300.000000 -1.000000 0.100000 0.500000 0.100000 70.000000 0.000000 -32839.652346 44.742803 7.635629
17 300.000000 -1.000000 0.000000 0.400000 0.100000 90.000000 0.000000 -32806.551595 83.614698 6.426095
17 300.000000 -1.000000 0.000000 0.400000 0.100000 90.000000 0.000000 -32880.803855 30.630935 7.375505
15 300.000000 -1.000000 0.100000 0.500000 0.100000 70.000000 0.000000 -33079.599096 17.161307 6.730142
15 300.000000 -1.000000 0.100000 0.500000 0.100000 70.000000 0.000000 -32834.503114 24.290896 6.421998
15 300.000000 -1.000000 0.100000 0.500000 0.100000 70.000000 0.000000 -32942.399396 19.011938 6.396470
15 300.000000 -1.000000 0.100000 0.500000 0.100000 70.000000 0.000000 -32886.609694 32.973227 7.249807
15 300.000000 -1.000000 0.100000 0.500000 0.100000 70.000000 0.000000 -32865.332221 37.321962 6.720091
16 300.000000 -1.000000 0.000000 0.500000 0.100000 80.000000 0.000000 -32895.343583 48.763215 6.973395
16 300.000000 -1.000000 0.000000 0.500000 0.100000 80.000000 0.000000 -32723.539154 48.873622 6.395746
17 300.000000 -1.000000 0.000000 0.400000 0.100000 90.000000 0.000000 -32780.646865 49.000380 6.637875
16 300.000000 -1.000000 0.000000 0.500000 0.100000 80.000000 0.000000 -32798.614362 47.679888 7.513954
16 300.000000 -1.000000 0.000000 0.500000 0.100000 80.000000 0.000000 -32788.238224 52.295169 7.618454
15 300.000000 -1.000000 0.100000 0.500000 0.100000 70.000000 0.000000 -32891.119773 6.038855 7.248947
13 300.000000 -1.000000 0.300000 0.500000 0.100000 50.000000 0.000000 -32928.229080 13.944173 6.504598
14 300.000000 -1.000000 0.200000 0.500000 0.100000 60.000000 0.000000 -32870.763007 5.336418 7.066636
14 300.000000 -1.000000 0.200000 0.500000 0.100000 60.000000 0.000000 -32870.924006 27.086586 7.052327
14 300.000000 -1.000000 0.200000 0.500000 0.100000 60.000000 0.000000 -32742.438352 11.932135 7.995541
13 300.000000 -1.000000 0.300000 0.500000 0.100000 50.000000 0.000000 -32889.288401 3.814321 6.706720
11 300.000000 -1.000000 0.500000 0.500000 0.100000 30.000000 0.000000 -32912.756525 2.399086 6.497796
9 300.000000 1.000000 0.400000 0.500000 0.100000 40.000000 0.000000 -32781.250923 3.827463 6.566281
11 300.000000 -1.000000 0.500000 0.500000 0.100000 30.000000 0.000000 -32807.208034 2.529548 6.486846
12 300.000000 -1.000000 0.400000 0.500000 0.100000 40.000000 0.000000 -32766.004347 6.598108 7.028295
13 300.000000 -1.000000 0.300000 0.500000 0.100000 50.000000 0.000000 -32802.177384 10.825483 6.901208
13 300.000000 -1.000000 0.300000 0.500000 0.100000 50.000000 0.000000 -32813.009774 3.896027 6.392177
12 300.000000 -1.000000 0.400000 0.500000 0.100000 40.000000 0.000000 -32919.465458 3.174731 6.430567
10 300.000000 1.000000 0.500000 0.500000 0.100000 30.000000 0.000000 -32947.411453 1.626341 6.601756
11 300.000000 -1.000000 0.500000 0.500000 0.100000 30.000000 0.000000 -32837.121581 2.087471 7.179553
14 300.000000 -1.000000 0.200000 0.500000 0.100000 60.000000 0.000000 -32885.577607 27.506009 6.408666
15 300.000000 -1.000000 0.100000 0.500000 0.100000 70.000000 0.000000 -32867.469185 31.918873 6.641999
14 300.000000 -1.000000 0.200000 0.500000 0.100000 60.000000 0.000000 -32860.763240 13.994398 7.138483
15 300.000000 -1.000000 0.100000 0.500000 0.100000 70.000000 0.000000 -32766.183825 12.901891 6.797809
14 300.000000 -1.000000 0.200000 0.500000 0.100000 60.000000 0.000000 -32849.072435 13.628423 6.439303
15 300.000000 -1.000000 0.100000 0.500000 0.100000 70.000000 0.000000 -32867.030763 13.882849 6.796528
13 300.000000 -1.000000 0.300000 0.500000 0.100000 50.000000 0.000000 -32772.792432 5.561956 6.431530
13 300.000000 -1.000000 0.300000 0.500000 0.100000 50.000000 0.000000 -32817.368949 19.671285 6.447835
15 300.000000 -1.000000 0.100000 0.500000 0.100000 70.000000 0.000000 -32831.178456 24.094731 6.910259
15 300.000000 -1.000000 0.100000 0.500000 0.100000 70.000000 0.000000 -32882.944935 18.171946 7.169289
14 300.000000 -1.000000 0.200000 0.500000 0.100000 60.000000 0.000000 -32758.523191 16.252766 6.521150
15 300.000000 -1.000000 0.100000 0.500000 0.100000 70.000000 0.000000 -32886.997644 20.094912 6.461305
15 300.000000 -1.000000 0.100000 0.500000 0.100000 70.000000 0.000000 -32729.762172 7.958338 6.639905
12 300.000000 -1.000000 0.400000 0.500000 0.100000 40.000000 0.000000 -32903.864943 3.059917 8.104889
13 300.000000 -1.000000 0.300000 0.500000 0.100000 50.000000 0.000000 -32892.654030 5.536250 7.095468
13 300.000000 -1.000000 0.300000 0.500000 0.100000 50.000000 0.000000 -32918.968718 4.581048 7.023890
10 300.000000 1.000000 0.500000 0.500000 0.100000 30.000000 0.000000 -32856.654734 -13.325009 6.590446
11 300.000000 -1.000000 0.500000 0.500000 0.100000 30.000000 0.000000 -32669.615862 0.212579 6.557204
11 300.000000 -1.000000 0.500000 0.500000 0.100000 30.000000 0.000000 -32830.849443 1.541085 7.367598
10 300.000000 1.000000 0.500000 0.500000 0.100000 30.000000 0.000000 -32901.312209 -0.759287 6.931701
10 300.000000 1.000000 0.500000 0.500000 0.100000 30.000000 0.000000 -32937.220579 7.331655 6.494403
12 300.000000 -1.000000 0.400000 0.500000 0.100000 40.000000 0.000000 -32911.670738 1.012009 6.543410
12 300.000000 -1.000000 0.400000 0.500000 0.100000 40.000000 0.000000 -32804.877562 4.966109 6.666394
12 300.000000 -1.000000 0.400000 0.500000 0.100000 40.000000 0.000000 -32816.610351 2.442097 6.942807
13 300.000000 -1.000000 0.300000 0.500000 0.100000 50.000000 0.000000 -32971.006986 1.844943 6.675758
9 300.000000 1.000000 0.400000 0.500000 0.100000 40.000000 0.000000 -32682.700411 4.465438 7.230116
8 300.000000 1.000000 0.300000 0.500000 0.100000 50.000000 0.000000 -32800.202750 2.389866 7.450272
9 300.000000 1.000000 0.400000 0.500000 0.100000 40.000000 0.000000 -32814.062224 8.459829 8.192287
9 300.000000 1.000000 0.400000 0.500000 0.100000 40.000000 0.000000 -32900.493308 -1.144342 7.580650
9 300.000000 1.000000 0.400000 0.500000 0.100000 40.000000 0.000000 -32840.815369 -1.828639 6.627898
11 300.000000 -1.000000 0.500000 0.500000 0.100000 30.000000 0.000000 -33037.864640 1.029508 6.977046
11 300.000000 -1.000000 0.500000 0.500000 0.100000 30.000000 0.000000 -32921.322031 3.170843 6.453678
12 300.000000 -1.000000 0.400000 0.500000 0.100000 40.000000 0.000000 -33008.258607 1.719754 6.395655
13 300.000000 -1.000000 0.300000 0.500000 0.100000 50.000000 0.000000 -33008.726830 14.872793 7.655722
14 300.000000 -1.000000 0.200000 0.500000 0.100000 60.000000 0.000000 -32795.071547 13.054954 8.241864
13 300.000000 -1.000000 0.300000 0.500000 0.100000 50.000000 0.000000 -32796.816948 9.986106 6.395036
13 300.000000 -1.000000 0.300000 0.500000 0.100000 50.000000 0.000000 -32871.426210 2.823875 6.673276
12 300.000000 -1.000000 0.400000 0.500000 0.100000 40.000000 0.000000 -32887.357525 2.545904 7.536932
10 300.000000 1.000000 0.500000 0.500000 0.100000 30.000000 0.000000 -32929.810374 6.325146 6.706696
7 300.000000 1.000000 0.200000 0.500000 0.100000 60.000000 0.000000 -32838.172976 12.595586 6.501915
7 300.000000 1.000000 0.200000 0.500000 0.100000 60.000000 0.000000 -32736.677443 2.514833 6.390233
10 300.000000 1.000000 0.500000 0.500000 0.100000 30.000000 0.000000 -33024.297006 -10.583510 6.587569
10 300.000000 1.000000 0.500000 0.500000 0.100000 30.000000 0.000000 -32761.010121 -0.858871 7.144346
11 300.000000 -1.000000 0.500000 0.500000 0.100000 30.000000 0.000000 -32894.799521 -4.975640 7.132759
11 300.000000 -1.000000 0.500000 0.500000 0.100000 30.000000 0.000000 -32877.464649 -1.922966 7.392595
9 300.000000 1.000000 0.400000 0.500000 0.100000 40.000000 0.000000 -32795.083932 -1.410772 6.425733
9 300.000000 1.000000 0.400000 0.500000 0.100000 40.000000 0.000000 -32843.672341 3.879073 6.817590
11 300.000000 -1.000000 0.500000 0.500000 0.100000 30.000000 0.000000 -32846.653434 4.690784 7.911189
12 300.000000 -1.000000 0.400000 0.500000 0.100000 40.000000 0.000000 -32849.456106 2.105715 6.681715
13 300.000000 -1.000000 0.300000 0.500000 0.100000 50.000000 0.000000 -32851.882298 4.193687 7.232254
12 300.000000 -1.000000 0.400000 0.500000 0.100000 40.000000 0.000000 -32912.107365 0.994895 6.434561
12 300.000000 -1.000000 0.400000 0.500000 0.100000 40.000000 0.000000 -32825.139682 5.473863 6.933419
14 300.000000 -1.000000 0.200000 0.500000 0.100000 60.000000 0.000000 -32936.376667 15.461877 7.428242
14 300.000000 -1.000000 0.200000 0.500000 0.100000 60.000000 0.000000 -32873.414683 9.629576 6.955747
14 300.000000 -1.000000 0.200000 0.500000 0.100000 60.000000 0.000000 -32870.787004 12.255795 6.504363
14 300.000000 -1.000000 0.200000 0.500000 0.100000 60.000000 0.000000 -32896.908179 25.401890 7.401050
14 300.000000 -1.000000 0.200000 0.500000 0.100000 60.000000 0.000000 -32999.023386 12.376460 7.040020
14 300.000000 -1.000000 0.200000 0.500000 0.100000 60.000000 0.000000 -32859.440992 15.867394 6.935462
14 300.000000 -1.000000 0.200000 0.500000 0.100000 60.000000 0.000000 -32892.238287 8.391935 7.033434
13 300.000000 -1.000000 0.300000 0.500000 0.100000 50.000000 0.000000 -32951.360378 8.306230 6.936412
13 300.000000 -1.000000 0.300000 0.500000 0.100000 50.000000 0.000000 -32884.401332 6.358964 7.133334
14 300.000000 -1.000000 0.200000 0.500000 0.100000 60.000000 0.000000 -32845.160542 15.642619 7.964026
15 300.000000 -1.000000 0.100000 0.500000 0.100000 70.000000 0.000000 -32737.557094 14.578680 6.856717
13 300.000000 -1.000000 0.300000 0.500000 0.100000 50.000000 0.000000 -32817.341986 7.597983 8.173545
15 300.000000 -1.000000 0.100000 0.500000 0.100000 70.000000 0.000000 -32923.397216 5.759602 7.171127
8 300.000000 1.000000 0.300000 0.500000 0.100000 50.000000 0.000000 -33035.670547 0.299387 6.874997
9 300.000000 1.000000 0.400000 0.500000 0.100000 40.000000 0.000000 -32909.903576 3.963115 7.106658
8 300.000000 1.000000 0.300000 0.500000 0.100000 50.000000 0.000000 -32892.994300 4.917198 6.641184
9 300.000000 1.000000 0.400000 0.500000 0.100000 40.000000 0.000000 -32814.384246 4.294538 6.712951
9 300.000000 1.000000 0.400000 0.500000 0.100000 40.000000 0.000000 -32697.362821 -3.445349 6.913719
13 300.000000 -1.000000 0.300000 0.500000 0.100000 50.000000 0.000000 -33001.655968 8.489586 7.963606
12 300.000000 -1.000000 0.400000 0.500000 0.100000 40.000000 0.000000 -33012.412255 4.536070 7.057201
13 300.000000 -1.000000 0.300000 0.500000 0.100000 50.000000 0.000000 -32890.103314 5.061693 7.010803
14 300.000000 -1.000000 0.200000 0.500000 0.100000 60.000000 0.000000 -32892.680160 1.799377 6.582659
14 300.000000 -1.000000 0.200000 0.500000 0.100000 60.000000 0.000000 -32825.475076 15.521375 7.783450
14 300.000000 -1.000000 0.200000 0.500000 0.100000 60.000000 0.000000 -32832.510881 9.432670 6.737793
13 300.000000 -1.000000 0.300000 0.500000 0.100000 50.000000 0.000000 -33016.048875 2.155974 7.288672
13 300.000000 -1.000000 0.300000 0.500000 0.100000 50.000000 0.000000 -32952.362333 -0.446109 7.125574
12 300.000000 -1.000000 0.400000 0.500000 0.100000 40.000000 0.000000 -32752.411308 4.695027 7.121986
13 300.000000 -1.000000 0.300000 0.500000 0.100000 50.000000 0.000000 -32791.498089 4.857241 6.608526
8 300.000000 1.000000 0.300000 0.500000 0.100000 50.000000 0.000000 -32820.217370 7.504385 6.638260
8 300.000000 1.000000 0.300000 0.500000 0.100000 50.000000 0.000000 -32795.444823 -2.814025 6.654712
11 300.000000 -1.000000 0.500000 0.500000 0.100000 30.000000 0.000000 -32841.126511 -0.856963 6.414323
10 300.000000 1.000000 0.500000 0.500000 0.100000 30.000000 0.000000 -32795.938492 2.481164 6.529500
12 300.000000 -1.000000 0.400000 0.500000 0.100000 40.000000 0.000000 -32983.456984 -0.029651 6.717125
12 300.000000 -1.000000 0.400000 0.500000 0.100000 40.000000 0.000000 -32888.680603 -4.271709 6.432565
11 300.000000 -1.000000 0.500000 0.500000 0.100000 30.000000 0.000000 -32938.400182 1.315163 6.390154
13 300.000000 -1.000000 0.300000 0.500000 0.100000 50.000000 0.000000 -32817.224285 8.535764 6.497994
12 300.000000 -1.000000 0.400000 0.500000 0.100000 40.000000 0.000000 -32976.184796 11.756741 6.487899
11 300.000000 -1.000000 0.500000 0.500000 0.100000 30.000000 0.000000 -32821.627064 -4.454687 6.519878
10 300.000000 1.000000 0.500000 0.500000 0.100000 30.000000 0.000000 -32799.067033 1.459051 7.339532
12 300.000000 -1.000000 0.400000 0.500000 0.100000 40.000000 0.000000 -32772.534364 -2.320058 6.524649
12 300.000000 -1.000000 0.400000 0.500000 0.100000 40.000000 0.000000 -32925.869655 6.525444 6.427180
11 300.000000 -1.000000 0.500000 0.500000 0.100000 30.000000 0.000000 -32843.530956 3.522645 6.699606
12 300.000000 -1.000000 0.400000 0.500000 0.100000 40.000000 0.000000 -32896.208960 2.615854 6.811359
7 300.000000 1.000000 0.200000 0.500000 0.100000 60.000000 0.000000 -32828.629484 7.491548 6.775583
8 300.000000 1.000000 0.300000 0.500000 0.100000 50.000000 0.000000 -32789.718465 -1.185332 7.226748
10 300.000000 1.000000 0.500000 0.500000 0.100000 30.000000 0.000000 -32750.403100 7.289243 6.542044
7 300.000000 1.000000 0.200000 0.500000 0.100000 60.000000 0.000000 -32789.263162 23.232234 6.503164
6 300.000000 1.000000 0.100000 0.500000 0.100000 70.000000 0.000000 -32877.963077 24.531167 6.567445
6 300.000000 1.000000 0.100000 0.500000 0.100000 70.000000 0.000000 -32618.975007 38.711593 6.607113
6 300.000000 1.000000 0.100000 0.500000 0.100000 70.000000 0.000000 -32796.085410 21.212622 6.812191
6 300.000000 1.000000 0.100000 0.500000 0.100000 70.000000 0.000000 -32817.786320 32.128847 8.157558
6 300.000000 1.000000 0.100000 0.500000 0.100000 70.000000 0.000000 -32802.960630 29.531133 6.705062
6 300.000000 1.000000 0.100000 0.500000 0.100000 70.000000 0.000000 -32770.436312 36.199851 7.398803
6 300.000000 1.000000 0.100000 0.500000 0.100000 70.000000 0.000000 -32797.517377 23.922356 7.176470
6 300.000000 1.000000 0.100000 0.500000 0.100000 70.000000 0.000000 -32869.818339 28.743281 6.399763
5 300.000000 1.000000 0.000000 0.500000 0.100000 80.000000 0.000000 -32778.186050 34.763674 6.475152
4 300.000000 1.000000 0.000000 0.400000 0.100000 90.000000 0.000000 -32946.109037 74.923248 6.394763
3 300.000000 1.000000 0.000000 0.300000 0.100000 100.000000 0.000000 -32832.362478 56.948317 6.766466
5 300.000000 1.000000 0.000000 0.500000 0.100000 80.000000 0.000000 -32661.892709 13.771096 7.823715
6 300.000000 1.000000 0.100000 0.500000 0.100000 70.000000 0.000000 -32780.910130 36.808326 6.503699
3 300.000000 1.000000 0.000000 0.300000 0.100000 100.000000 0.000000 -32792.198120 64.456232 1.124227
4 300.000000 1.000000 0.000000 0.400000 0.100000 90.000000 0.000000 -32855.070223 67.893553 8.210529
4 300.000000 1.000000 0.000000 0.400000 0.100000 90.000000 0.000000 -32786.280950 76.313841 2.334226
4 300.000000 1.000000 0.000000 0.400000 0.100000 90.000000 0.000000 -32932.250941 45.038426 3.186270
5 300.000000 1.000000 0.000000 0.500000 0.100000 80.000000 0.000000 -32812.416991 56.338020 5.899480
4 300.000000 1.000000 0.000000 0.400000 0.100000 90.000000 0.000000 -32749.524143 77.717453 8.038813
3 300.000000 1.000000 0.000000 0.300000 0.100000 100.000000 0.000000 -32792.389145 31.834262 8.140011
6 300.000000 1.000000 0.100000 0.500000 0.100000 70.000000 0.000000 -32822.641634 43.244360 8.275949
6 300.000000 1.000000 0.100000 0.500000 0.100000 70.000000 0.000000 -32789.966088 34.301296 3.590341
6 300.000000 1.000000 0.100000 0.500000 0.100000 70.000000 0.000000 -32866.552750 21.701506 8.268640
5 300.000000 1.000000 0.000000 0.500000 0.100000 80.000000 0.000000 -32738.459085 57.347336 5.560788
3 300.000000 1.000000 0.000000 0.300000 0.100000 100.000000 0.000000 -32860.073993 94.971077 7.396297
2 300.000000 1.000000 0.000000 0.200000 0.100000 110.000000 0.000000 -32869.586184 124.704893 7.409816
2 300.000000 1.000000 0.000000 0.200000 0.100000 110.000000 0.000000 -32884.061785 134.104686 8.268729
2 300.000000 1.000000 0.000000 0.200000 0.100000 110.000000 0.000000 -32803.109112 67.755869 4.934209
4 300.000000 1.000000 0.000000 0.400000 0.100000 90.000000 0.000000 -32736.563125 74.437354 3.188750
3 300.000000 1.000000 0.000000 0.300000 0.100000 100.000000 0.000000 -32785.569467 75.232463 2.819302
4 300.000000 1.000000 0.000000 0.400000 0.100000 90.000000 0.000000 -32854.204624 67.624423 1.236973
3 300.000000 1.000000 0.000000 0.300000 0.100000 100.000000 0.000000 -32732.518932 61.635583 2.629235
2 300.000000 1.000000 0.000000 0.200000 0.100000 110.000000 0.000000 -32756.046052 92.447962 7.440845
4 300.000000 1.000000 0.000000 0.400000 0.100000 90.000000 0.000000 -32717.121057 74.021307 4.202604
3 300.000000 1.000000 0.000000 0.300000 0.100000 100.000000 0.000000 -32795.257540 75.961472 0.000856
3 300.000000 1.000000 0.000000 0.300000 0.100000 100.000000 0.000000 -32850.475910 72.167677 1.648534
3 300.000000 1.000000 0.000000 0.300000 0.100000 100.000000 0.000000 -32904.064965 35.295032 7.599002
6 300.000000 1.000000 0.100000 0.500000 0.100000 70.000000 0.000000 -32913.608394 13.551450 6.453390
7 300.000000 1.000000 0.200000 0.500000 0.100000 60.000000 0.000000 -32619.406774 3.210071 6.397945
10 300.000000 1.000000 0.500000 0.500000 0.100000 30.000000 0.000000 -32986.188355 -4.913624 7.106352
10 300.000000 1.000000 0.500000 0.500000 0.100000 30.000000 0.000000 -32913.303654 -6.068149 6.450739
12 300.000000 -1.000000 0.400000 0.500000 0.100000 40.000000 0.000000 -32957.050038 -2.097603 6.976287
11 300.000000 -1.000000 0.500000 0.500000 0.100000 30.000000 0.000000 -32791.827198 0.887321 6.515804
10 300.000000 1.000000 0.500000 0.500000 0.100000 30.000000 0.000000 -32891.689582 -6.980053 6.964862
9 300.000000 1.000000 0.400000 0.500000 0.100000 40.000000 0.000000 -32893.599648 7.598817 7.286937
7 300.000000 1.000000 0.200000 0.500000 0.100000 60.000000 0.000000 -32891.888260 8.072377 8.088039
8 300.000000 1.000000 0.300000 0.500000 0.100000 50.000000 0.000000 -32856.043319 10.881093 8.252166
7 300.000000 1.000000 0.200000 0.500000 0.100000 60.000000 0.000000 -32751.044547 13.274499 8.280844
6 300.000000 1.000000 0.100000 0.500000 0.100000 70.000000 0.000000 -32764.829128 12.578523 8.237088
7 300.000000 1.000000 0.200000 0.500000 0.100000 60.000000 0.000000 -32864.320003 9.237478 6.644622
7 300.000000 1.000000 0.200000 0.500000 0.100000 60.000000 0.000000 -32756.042030 14.582564 6.502848
8 300.000000 1.000000 0.300000 0.500000 0.100000 50.000000 0.000000 -32913.209442 12.125532 6.963775
8 300.000000 1.000000 0.300000 0.500000 0.100000 50.000000 0.000000 -32917.107349 2.193185 6.819740
8 300.000000 1.000000 0.300000 0.500000 0.100000 50.000000 0.000000 -32972.143797 10.131697 7.018939
8 300.000000 1.000000 0.300000 0.500000 0.100000 50.000000 0.000000 -32891.469809 5.336492 6.407716
8 300.000000 1.000000 0.300000 0.500000 0.100000 50.000000 0.000000 -32845.809550 5.926624 6.401220
7 300.000000 1.000000 0.200000 0.500000 0.100000 60.000000 0.000000 -32739.552649 23.440255 6.403907
6 300.000000 1.000000 0.100000 0.500000 0.100000 70.000000 0.000000 -32871.877946 26.673392 6.988093
6 300.000000 1.000000 0.100000 0.500000 0.100000 70.000000 0.000000 -32894.945015 21.185371 6.709683
6 300.000000 1.000000 0.100000 0.500000 0.100000 70.000000 0.000000 -32879.565182 23.423006 8.140398
4 300.000000 1.000000 0.000000 0.400000 0.100000 90.000000 0.000000 -32781.556230 55.382880 6.594290
4 300.000000 1.000000 0.000000 0.400000 0.100000 90.000000 0.000000 -32922.211227 73.778222 6.966503
3 300.000000 1.000000 0.000000 0.300000 0.100000 100.000000 0.000000 -33023.925350 69.573392 6.747317
2 300.000000 1.000000 0.000000 0.200000 0.100000 110.000000 0.000000 -32704.232890 113.580339 6.808550
2 300.000000 1.000000 0.000000 0.200000 0.100000 110.000000 0.000000 -32890.247008 44.095832 6.646858
2 300.000000 1.000000 0.000000 0.200000 0.100000 110.000000 0.000000 -32839.540853 117.052245 6.399799
2 300.000000 1.000000 0.000000 0.200000 0.100000 110.000000 0.000000 -32876.532447 128.245338 3.858099
2 300.000000 1.000000 0.000000 0.200000 0.100000 110.000000 0.000000 -32832.201716 69.061562 7.985806
3 300.000000 1.000000 0.000000 0.300000 0.100000 100.000000 0.000000 -32822.933921 75.356287 6.390644
4 300.000000 1.000000 0.000000 0.400000 0.100000 90.000000 0.000000 -32705.222147 52.068148 6.390139
2 300.000000 1.000000 0.000000 0.200000 0.100000 110.000000 0.000000 -32849.770298 78.514755 6.959184
2 300.000000 1.000000 0.000000 0.200000 0.100000 110.000000 0.000000 -32871.769017 135.192515 6.429809
0 300.000000 1.000000 0.000000 0.000000 0.100000 130.000000 0.000000 -32796.404043 195.349850 7.688397
0 300.000000 1.000000 0.000000 0.000000 0.100000 130.000000 0.000000 -32831.968951 159.089954 7.294571
0 300.000000 1.000000 0.000000 0.000000 0.100000 130.000000 0.000000 -32810.350028 188.223582 7.138102
0 300.000000 1.000000 0.000000 0.000000 0.100000 130.000000 0.000000 -32933.271723 169.687924 8.260871
0 300.000000 1.000000 0.000000 0.000000 0.100000 130.000000 0.000000 -32878.899065 147.443410 7.434037
0 300.000000 1.000000 0.000000 0.000000 0.100000 130.000000 0.000000 -32825.177285 180.520159 6.522352
0 300.000000 1.000000 0.000000 0.000000 0.100000 130.000000 0.000000 -32941.975262 181.581695 5.250703
0 300.000000 1.000000 0.000000 0.000000 0.100000 130.000000 0.000000 -32919.890408 161.810573 7.202783
0 300.000000 1.000000 0.000000 0.000000 0.100000 130.000000 0.000000 -32704.070122 160.145800 7.392192
0 300.000000 1.000000 0.000000 0.000000 0.100000 130.000000 0.000000 -32982.518773 180.993436 7.094549
0 300.000000 1.000000 0.000000 0.000000 0.100000 130.000000 0.000000 -32912.959375 185.149747 6.232797
0 300.000000 1.000000 0.000000 0.000000 0.100000 130.000000 0.000000 -32797.778819 191.264224 7.324719
0 300.000000 1.000000 0.000000 0.000000 0.100000 130.000000 0.000000 -32836.512089 172.964970 4.020796
0 300.000000 1.000000 0.000000 0.000000 0.100000 130.000000 0.000000 -32949.218485 187.330758 6.284066
0 300.000000 1.000000 0.000000 0.000000 0.100000 130.000000 0.000000 -32882.288061 179.118911 5.958992
0 300.000000 1.000000 0.000000 0.000000 0.100000 130.000000 0.000000 -32903.492637 181.263950 7.451434
0 300.000000 1.000000 0.000000 0.000000 0.100000 130.000000 0.000000 -32813.235998 184.889607 6.266569
0 300.000000 1.000000 0.000000 0.000000 0.100000 130.000000 0.000000 -32982.900703 171.451710 2.944719
0 300.000000 1.000000 0.000000 0.000000 0.100000 130.000000 0.000000 -32970.744189 172.373340 7.976594
0 300.000000 1.000000 0.000000 0.000000 0.100000 130.000000 0.000000 -32891.189556 155.335742 6.586650
0 300.000000 1.000000 0.000000 0.000000 0.100000 130.000000 0.000000 -32891.366133 168.715263 4.686029
0 300.000000 1.000000 0.000000 0.000000 0.100000 130.000000 0.000000 -32767.060469 186.030951 5.466893
0 300.000000 1.000000 0.000000 0.000000 0.100000 130.000000 0.000000 -32895.395310 175.746683 6.580135
0 300.000000 1.000000 0.000000 0.000000 0.100000 130.000000 0.000000 -32809.381016 145.514425 8.177209
0 300.000000 1.000000 0.000000 0.000000 0.100000 130.000000 0.000000 -32901.922250 167.418187 5.220151
0 300.000000 1.000000 0.000000 0.000000 0.100000 130.000000 0.000000 -32854.952163 181.559364 5.795451
0 300.000000 1.000000 0.000000 0.000000 0.100000 130.000000 0.000000 -32934.149650 168.622695 5.128518
0 300.000000 1.000000 0.000000 0.000000 0.100000 130.000000 0.000000 -32938.618281 186.303331 6.576003
0 300.000000 1.000000 0.000000 0.000000 0.100000 130.000000 0.000000 -32786.656855 164.297052 8.186025
0 300.000000 1.000000 0.000000 0.000000 0.100000 130.000000 0.000000 -32900.720404 164.482733 2.937127
0 300.000000 1.000000 0.000000 0.000000 0.100000 130.000000 0.000000 -32843.022473 172.096503 8.033492
0 300.000000 1.000000 0.000000 0.000000 0.100000 130.000000 0.000000 -32901.814262 148.853223 6.404898
1 300.000000 1.000000 0.000000 0.100000 0.100000 120.000000 0.000000 -32790.698651 129.817474 7.471646
2 300.000000 1.000000 0.000000 0.200000 0.100000 110.000000 0.000000 -32865.961068 91.502078 7.589204
2 300.000000 1.000000 0.000000 0.200000 0.100000 110.000000 0.000000 -32904.820986 99.118012 6.558065
2 300.000000 1.000000 0.000000 0.200000 0.100000 110.000000 0.000000 -32804.475981 115.326331 6.611891
2 300.000000 1.000000 0.000000 0.200000 0.100000 110.000000 0.000000 -32813.725572 98.300717 6.433626
2 300.000000 1.000000 0.000000 0.200000 0.100000 110.000000 0.000000 -32870.609694 127.043418 6.808855
2 300.000000 1.000000 0.000000 0.200000 0.100000 110.000000 0.000000 -32948.940184 130.753950 6.441116
2 300.000000 1.000000 0.000000 0.200000 0.100000 110.000000 0.000000 -32849.923166 78.268565 4.152187
2 300.000000 1.000000 0.000000 0.200000 0.100000 110.000000 0.000000 -32844.304256 87.745129 0.071441
2 300.000000 1.000000 0.000000 0.200000 0.100000 110.000000 0.000000 -32767.805094 83.336754 6.445002
4 300.000000 1.000000 0.000000 0.400000 0.100000 90.000000 0.000000 -32863.166433 67.696262 5.218221
3 300.000000 1.000000 0.000000 0.300000 0.100000 100.000000 0.000000 -32875.375916 92.077196 6.776553
2 300.000000 1.000000 0.000000 0.200000 0.100000 110.000000 0.000000 -32826.551499 51.787575 7.112935
4 300.000000 1.000000 0.000000 0.400000 0.100000 90.000000 0.000000 -32776.648912 50.634364 7.326292
4 300.000000 1.000000 0.000000 0.400000 0.100000 90.000000 0.000000 -32881.761004 47.511044 6.457210
4 300.000000 1.000000 0.000000 0.400000 0.100000 90.000000 0.000000 -32797.997600 50.313076 6.469489
4 300.000000 1.000000 0.000000 0.400000 0.100000 90.000000 0.000000 -32822.580830 70.034017 6.650930
3 300.000000 1.000000 0.000000 0.300000 0.100000 100.000000 0.000000 -32816.217277 80.687296 7.789539
4 300.000000 1.000000 0.000000 0.400000 0.100000 90.000000 0.000000 -32670.126555 54.333124 6.470189
3 300.000000 1.000000 0.000000 0.300000 0.100000 100.000000 0.000000 -32771.116037 72.776652 6.400756
3 300.000000 1.000000 0.000000 0.300000 0.100000 100.000000 0.000000 -32940.357897 94.059568 7.355104
3 300.000000 1.000000 0.000000 0.300000 0.100000 100.000000 0.000000 -32884.683028 77.484402 8.241877
2 300.000000 1.000000 0.000000 0.200000 0.100000 110.000000 0.000000 -33013.071771 129.270498 7.475283
2 300.000000 1.000000 0.000000 0.200000 0.100000 110.000000 0.000000 -33050.621836 129.855333 6.394344
1 300.000000 1.000000 0.000000 0.100000 0.100000 120.000000 0.000000 -32880.627239 130.894569 6.790202
1 300.000000 1.000000 0.000000 0.100000 0.100000 120.000000 0.000000 -33032.668368 125.975475 6.605554
1 300.000000 1.000000 0.000000 0.100000 0.100000 120.000000 0.000000 -32620.507528 127.267566 6.497763
1 300.000000 1.000000 0.000000 0.100000 0.100000 120.000000 0.000000 -32789.315760 136.297325 6.593863
1 300.000000 1.000000 0.000000 0.100000 0.100000 120.000000 0.000000 -32829.377807 152.012136 6.513968
1 300.000000 1.000000 0.000000 0.100000 0.100000 120.000000 0.000000 -32896.148348 139.270485 7.420457
1 300.000000 1.000000 0.000000 0.100000 0.100000 120.000000 0.000000 -32812.229803 115.132570 7.138818
2 300.000000 1.000000 0.000000 0.200000 0.100000 110.000000 0.000000 -32974.446534 134.515612 6.460026
2 300.000000 1.000000 0.000000 0.200000 0.100000 110.000000 0.000000 -32855.476732 110.773395 6.514918
2 300.000000 1.000000 0.000000 0.200000 0.100000 110.000000 0.000000 -32794.209032 131.711510 6.650859
2 300.000000 1.000000 0.000000 0.200000 0.100000 110.000000 0.000000 -32835.173486 100.596565 8.239027
2 300.000000 1.000000 0.000000 0.200000 0.100000 110.000000 0.000000 -32898.821304 74.209495 6.524096
3 300.000000 1.000000 0.000000 0.300000 0.100000 100.000000 0.000000 -32618.441782 61.325443 6.891911
3 300.000000 1.000000 0.000000 0.300000 0.100000 100.000000 0.000000 -32839.580975 42.194397 6.618540
4 300.000000 1.000000 0.000000 0.400000 0.100000 90.000000 0.000000 -32856.444882 57.350724 6.722333
4 300.000000 1.000000 0.000000 0.400000 0.100000 90.000000 0.000000 -32853.787182 66.535742 6.466728
3 300.000000 1.000000 0.000000 0.300000 0.100000 100.000000 0.000000 -32918.425074 51.988232 6.616896
3 300.000000 1.000000 0.000000 0.300000 0.100000 100.000000 0.000000 -32651.919985 68.572483 7.172477
3 300.000000 1.000000 0.000000 0.300000 0.100000 100.000000 0.000000 -32838.350851 48.017163 7.230400
3 300.000000 1.000000 0.000000 0.300000 0.100000 100.000000 0.000000 -32895.555384 58.275082 6.583742
5 300.000000 1.000000 0.000000 0.500000 0.100000 80.000000 0.000000 -32772.723331 62.261798 7.689243
4 300.000000 1.000000 0.000000 0.400000 0.100000 90.000000 0.000000 -32771.262146 39.879216 7.119572
6 300.000000 1.000000 0.100000 0.500000 0.100000 70.000000 0.000000 -32894.607705 33.257131 6.897242
4 300.000000 1.000000 0.000000 0.400000 0.100000 90.000000 0.000000 -32775.527030 58.285181 6.390730
2 300.000000 1.000000 0.000000 0.200000 0.100000 110.000000 0.000000 -32913.885590 122.857456 6.789532
1 300.000000 1.000000 0.000000 0.100000 0.100000 120.000000 0.000000 -32849.908579 128.693491 6.391461
1 300.000000 1.000000 0.000000 0.100000 0.100000 120.000000 0.000000 -32873.958503 140.835266 6.413093
1 300.000000 1.000000 0.000000 0.100000 0.100000 120.000000 0.000000 -32856.999700 139.816968 7.375734
1 300.000000 1.000000 0.000000 0.100000 0.100000 120.000000 0.000000 -32833.555437 136.188351 6.762158
1 300.000000 1.000000 0.000000 0.100000 0.100000 120.000000 0.000000 -32754.908011 138.828386 7.173988
1 300.000000 1.000000 0.000000 0.100000 0.100000 120.000000 0.000000 -32830.336917 139.588645 6.596201
1 300.000000 1.000000 0.000000 0.100000 0.100000 120.000000 0.000000 -32829.501736 142.231498 6.547822
1 300.000000 1.000000 0.000000 0.100000 0.100000 120.000000 0.000000 -32949.374620 129.306119 7.124856
1 300.000000 1.000000 0.000000 0.100000 0.100000 120.000000 0.000000 -32939.142193 139.122516 6.404783
1 300.000000 1.000000 0.000000 0.100000 0.100000 120.000000 0.000000 -32937.812528 134.730815 7.597501
1 300.000000 1.000000 0.000000 0.100000 0.100000 120.000000 0.000000 -32890.303990 131.405897 6.539113
1 300.000000 1.000000 0.000000 0.100000 0.100000 120.000000 0.000000 -32882.452096 131.484227 6.391844
1 300.000000 1.000000 0.000000 0.100000 0.100000 120.000000 0.000000 -32787.919539 148.237538 6.535061
1 300.000000 1.000000 0.000000 0.100000 0.100000 120.000000 0.000000 -32909.255199 132.547197 6.833860
1 300.000000 1.000000 0.000000 0.100000 0.100000 120.000000 0.000000 -32997.450374 141.474708 6.228637
2 300.000000 1.000000 0.000000 0.200000 0.100000 110.000000 0.000000 -32863.044685 105.001847 0.953737
2 300.000000 1.000000 0.000000 0.200000 0.100000 110.000000 0.000000 -32875.878092 53.441607 4.327114
5 300.000000 1.000000 0.000000 0.500000 0.100000 80.000000 0.000000 -32962.111727 59.012895 6.906494
5 300.000000 1.000000 0.000000 0.500000 0.100000 80.000000 0.000000 -32894.816171 44.140091 7.653393
5 300.000000 1.000000 0.000000 0.500000 0.100000 80.000000 0.000000 -32922.249374 33.444553 7.134953
5 300.000000 1.000000 0.000000 0.500000 0.100000 80.000000 0.000000 -32927.056092 37.288347 4.474798
5 300.000000 1.000000 0.000000 0.500000 0.100000 80.000000 0.000000 -32958.562479 53.317607 6.959643
4 300.000000 1.000000 0.000000 0.400000 0.100000 90.000000 0.000000 -32827.556647 70.859984 4.763114
4 300.000000 1.000000 0.000000 0.400000 0.100000 90.000000 0.000000 -32908.753453 66.716452 5.355447
4 300.000000 1.000000 0.000000 0.400000 0.100000 90.000000 0.000000 -32806.086985 24.092223 8.274590
6 300.000000 1.000000 0.100000 0.500000 0.100000 70.000000 0.000000 -32764.365380 28.594446 8.219188
6 300.000000 1.000000 0.100000 0.500000 0.100000 70.000000 0.000000 -32935.018435 26.380686 6.937342
7 300.000000 1.000000 0.200000 0.500000 0.100000 60.000000 0.000000 -32887.517438 22.234978 7.916812
7 300.000000 1.000000 0.200000 0.500000 0.100000 60.000000 0.000000 -32772.394686 24.033808 6.642561
7 300.000000 1.000000 0.200000 0.500000 0.100000 60.000000 0.000000 -32853.826474 24.331167 6.453959
6 300.000000 1.000000 0.100000 0.500000 0.100000 70.000000 0.000000 -32706.229381 28.222599 6.397371
6 300.000000 1.000000 0.100000 0.500000 0.100000 70.000000 0.000000 -32892.236271 25.696266 8.148510
9 300.000000 1.000000 0.400000 0.500000 0.100000 40.000000 0.000000 -32818.530387 5.140654 6.707067
13 300.000000 -1.000000 0.300000 0.500000 0.100000 50.000000 0.000000 -32949.247589 9.660700 7.079221
12 300.000000 -1.000000 0.400000 0.500000 0.100000 40.000000 0.000000 -32904.518410 -6.131925 6.426146
11 300.000000 -1.000000 0.500000 0.500000 0.100000 30.000000 0.000000 -32971.626997 4.174182 6.888222
11 300.000000 -1.000000 0.500000 0.500000 0.100000 30.000000 0.000000 -32852.162318 0.365096 6.733373
13 300.000000 -1.000000 0.300000 0.500000 0.100000 50.000000 0.000000 -32798.327517 15.208944 7.680109
14 300.000000 -1.000000 0.200000 0.500000 0.100000 60.000000 0.000000 -32711.115359 8.535678 6.747334
14 300.000000 -1.000000 0.200000 0.500000 0.100000 60.000000 0.000000 -32872.658558 14.222329 8.035925
15 300.000000 -1.000000 0.100000 0.500000 0.100000 70.000000 0.000000 -32959.445872 20.917754 6.776290
15 300.000000 -1.000000 0.100000 0.500000 0.100000 70.000000 0.000000 -32874.744292 21.704992 6.474505
15 300.000000 -1.000000 0.100000 0.500000 0.100000 70.000000 0.000000 -32884.431474 7.321681 7.178125
12 300.000000 -1.000000 0.400000 0.500000 0.100000 40.000000 0.000000 -33024.346899 1.432523 7.473324
11 300.000000 -1.000000 0.500000 0.500000 0.100000 30.000000 0.000000 -32555.236409 -1.307617 6.615548
10 300.000000 1.000000 0.500000 0.500000 0.100000 30.000000 0.000000 -32889.368667 -2.464510 6.393166
11 300.000000 -1.000000 0.500000 0.500000 0.100000 30.000000 0.000000 -32681.803376 2.982053 7.727134
14 300.000000 -1.000000 0.200000 0.500000 0.100000 60.000000 0.000000 -32890.157215 4.614590 8.126917
12 300.000000 -1.000000 0.400000 0.500000 0.100000 40.000000 0.000000 -32881.640883 5.473421 7.296682
12 300.000000 -1.000000 0.400000 0.500000 0.100000 40.000000 0.000000 -33024.408233 -3.183265 8.270199
11 300.000000 -1.000000 0.500000 0.500000 0.100000 30.000000 0.000000 -32942.184624 6.597009 6.520467
8 300.000000 1.000000 0.300000 0.500000 0.100000 50.000000 0.000000 -32826.302435 -2.349052 7.173193
10 300.000000 1.000000 0.500000 0.500000 0.100000 30.000000 0.000000 -32800.479594 -3.493322 6.974796
11 300.000000 -1.000000 0.500000 0.500000 0.100000 30.000000 0.000000 -32908.071813 -0.129120 6.418911
11 300.000000 -1.000000 0.500000 0.500000 0.100000 30.000000 0.000000 -32824.439710 -0.150967 7.393390
12 300.000000 -1.000000 0.400000 0.500000 0.100000 40.000000 0.000000 -32890.235165 4.022244 6.390654
10 300.000000 1.000000 0.500000 0.500000 0.100000 30.000000 0.000000 -32915.056036 -2.071702 6.505975
9 300.000000 1.000000 0.400000 0.500000 0.100000 40.000000 0.000000 -32815.190091 2.099470 6.491687
11 300.000000 -1.000000 0.500000 0.500000 0.100000 30.000000 0.000000 -33014.730325 -8.329474 7.949300
10 300.000000 1.000000 0.500000 0.500000 0.100000 30.000000 0.000000 -32779.808668 6.900791 7.459058
12 300.000000 -1.000000 0.400000 0.500000 0.100000 40.000000 0.000000 -32851.523054 7.618229 7.787283
13 300.000000 -1.000000 0.300000 0.500000 0.100000 50.000000 0.000000 -32854.726863 5.731855 6.543001
11 300.000000 -1.000000 0.500000 0.500000 0.100000 30.000000 0.000000 -32860.732286 0.162962 6.729572
13 300.000000 -1.000000 0.300000 0.500000 0.100000 50.000000 0.000000 -32915.936647 5.277758 6.449481
