300.000000 0.000000 0.000000 0.000000 0.000000 0.000000 0.000000 -41204.690524 851.271810
300.000000 0.002000 0.002000 0.002000 0.000000 0.000000 0.000000 -41364.077311 818.109561
300.000000 0.004000 0.004000 0.004000 0.000000 0.000000 0.000000 -41344.389738 662.831407
300.000000 0.006000 0.006000 0.006000 0.000000 0.000000 0.000000 -41258.405835 621.563780
300.000000 0.008000 0.008000 0.008000 0.000000 0.000000 0.000000 -41230.014340 171.063526
300.000000 0.010000 0.010000 0.010000 0.000000 0.000000 0.000000 -41253.497160 126.355845
300.000000 0.012000 0.012000 0.012000 0.000000 0.000000 0.000000 -41269.724190 67.806079
300.000000 0.014000 0.014000 0.014000 0.000000 0.000000 0.000000 -41371.925438 88.485337
300.000000 0.016000 0.016000 0.016000 0.000000 0.000000 0.000000 -41411.484872 123.519807
300.000000 0.018000 0.018000 0.018000 0.000000 0.000000 0.000000 -41395.127641 38.384286
300.000000 0.020000 0.020000 0.020000 0.000000 0.000000 0.000000 -41314.206546 116.902012
300.000000 0.022000 0.022000 0.022000 0.000000 0.000000 0.000000 -41307.000880 50.887187
300.000000 0.024000 0.024000 0.024000 0.000000 0.000000 0.000000 -41340.157724 59.057198
300.000000 0.026000 0.026000 0.026000 0.000000 0.000000 0.000000 -41404.069848 46.079917
300.000000 0.028000 0.028000 0.028000 0.000000 0.000000 0.000000 -41338.638387 120.363066
300.000000 0.030000 0.030000 0.030000 0.000000 0.000000 0.000000 -41234.881899 59.436198
300.000000 0.032000 0.032000 0.032000 0.000000 0.000000 0.000000 -41157.376832 34.386005
300.000000 0.034000 0.034000 0.034000 0.000000 0.000000 0.000000 -41141.896699 36.733544
300.000000 0.036000 0.036000 0.036000 0.000000 0.000000 0.000000 -41098.782502 111.496389
300.000000 0.038000 0.038000 0.038000 0.000000 0.000000 0.000000 -41126.173616 54.356456
300.000000 0.040000 0.040000 0.040000 0.000000 0.000000 0.000000 -41244.826141 46.358396
300.000000 0.042000 0.042000 0.042000 0.000000 0.000000 0.000000 -41241.804873 62.955988
300.000000 0.044000 0.044000 0.044000 0.000000 0.000000 0.000000 -41246.613420 78.131612
300.000000 0.046000 0.046000 0.046000 0.000000 0.000000 0.000000 -41254.750654 56.379939
300.000000 0.048000 0.048000 0.048000 0.000000 0.000000 0.000000 -41197.564300 29.881396
300.000000 0.050000 0.050000 0.050000 0.000000 0.000000 0.000000 -41238.583558 11.003876
300.000000 0.052000 0.052000 0.052000 0.000000 0.000000 0.000000 -41238.578499 53.960589
300.000000 0.054000 0.054000 0.054000 0.000000 0.000000 0.000000 -41405.718201 53.642381
300.000000 0.056000 0.056000 0.056000 0.000000 0.000000 0.000000 -41487.999012 22.712859
300.000000 0.058000 0.058000 0.058000 0.000000 0.000000 0.000000 -41452.709176 36.886341
300.000000 0.060000 0.060000 0.060000 0.000000 0.000000 0.000000 -41462.887891 35.990631
300.000000 0.062000 0.062000 0.062000 0.000000 0.000000 0.000000 -41470.542527 34.921066
300.000000 0.064000 0.064000 0.064000 0.000000 0.000000 0.000000 -41241.560830 34.635093
300.000000 0.066000 0.066000 0.066000 0.000000 0.000000 0.000000 -41467.710968 56.909446
300.000000 0.068000 0.068000 0.068000 0.000000 0.000000 0.000000 -41306.724914 48.075852
300.000000 0.070000 0.070000 0.070000 0.000000 0.000000 0.000000 -41310.765856 33.087653
300.000000 0.072000 0.072000 0.072000 0.000000 0.000000 0.000000 -41233.082772 36.121034
300.000000 0.074000 0.074000 0.074000 0.000000 0.000000 0.000000 -41258.498187 38.741477
300.000000 0.076000 0.076000 0.076000 0.000000 0.000000 0.000000 -41354.712225 23.208302
300.000000 0.078000 0.078000 0.078000 0.000000 0.000000 0.000000 -41237.140156 27.920621
300.000000 0.080000 0.080000 0.080000 0.000000 0.000000 0.000000 -41320.081833 46.401442
300.000000 0.082000 0.082000 0.082000 0.000000 0.000000 0.000000 -41303.731247 6.998023
300.000000 0.084000 0.084000 0.084000 0.000000 0.000000 0.000000 -41248.252124 35.651496
300.000000 0.086000 0.086000 0.086000 0.000000 0.000000 0.000000 -41186.227103 13.635255
300.000000 0.088000 0.088000 0.088000 0.000000 0.000000 0.000000 -41334.296673 58.804977
300.000000 0.090000 0.090000 0.090000 0.000000 0.000000 0.000000 -41325.340081 44.529119
300.000000 0.092000 0.092000 0.092000 0.000000 0.000000 0.000000 -41237.571978 17.473464
300.000000 0.094000 0.094000 0.094000 0.000000 0.000000 0.000000 -41226.004097 25.586301
300.000000 0.096000 0.096000 0.096000 0.000000 0.000000 0.000000 -41082.956548 23.291160
300.000000 0.098000 0.098000 0.098000 0.000000 0.000000 0.000000 -41168.626551 9.703454
300.000000 0.100000 0.100000 0.100000 0.000000 0.000000 0.000000 -41294.235979 33.569149
300.000000 0.102000 0.102000 0.102000 0.000000 0.000000 0.000000 -41228.634780 25.284974
300.000000 0.104000 0.104000 0.104000 0.000000 0.000000 0.000000 -41367.150974 17.434355
300.000000 0.106000 0.106000 0.106000 0.000000 0.000000 0.000000 -41336.831318 32.374420
300.000000 0.108000 0.108000 0.108000 0.000000 0.000000 0.000000 -41206.571572 33.213953
300.000000 0.110000 0.110000 0.110000 0.000000 0.000000 0.000000 -41433.195204 25.627900
300.000000 0.112000 0.112000 0.112000 0.000000 0.000000 0.000000 -41375.639288 19.816087
300.000000 0.114000 0.114000 0.114000 0.000000 0.000000 0.000000 -41374.784888 38.330496
300.000000 0.116000 0.116000 0.116000 0.000000 0.000000 0.000000 -41300.926077 19.238754
300.000000 0.118000 0.118000 0.118000 0.000000 0.000000 0.000000 -41288.565711 34.808094
300.000000 0.120000 0.120000 0.120000 0.000000 0.000000 0.000000 -41370.464639 20.520525
300.000000 0.122000 0.122000 0.122000 0.000000 0.000000 0.000000 -41236.631225 15.498809
300.000000 0.124000 0.124000 0.124000 0.000000 0.000000 0.000000 -41241.093460 26.269135
300.000000 0.126000 0.126000 0.126000 0.000000 0.000000 0.000000 -41254.316131 14.000436
300.000000 0.128000 0.128000 0.128000 0.000000 0.000000 0.000000 -41264.570241 20.513736
300.000000 0.130000 0.130000 0.130000 0.000000 0.000000 0.000000 -41347.081424 13.154758
300.000000 0.132000 0.132000 0.132000 0.000000 0.000000 0.000000 -41342.425167 33.501626
300.000000 0.134000 0.134000 0.134000 0.000000 0.000000 0.000000 -41188.968376 26.207730
300.000000 0.136000 0.136000 0.136000 0.000000 0.000000 0.000000 -41270.606131 23.423261
300.000000 0.138000 0.138000 0.138000 0.000000 0.000000 0.000000 -41302.405716 12.682847
300.000000 0.140000 0.140000 0.140000 0.000000 0.000000 0.000000 -41275.074837 16.619400
300.000000 0.142000 0.142000 0.142000 0.000000 0.000000 0.000000 -41137.840686 7.738081
300.000000 0.144000 0.144000 0.144000 0.000000 0.000000 0.000000 -41237.701440 11.284184
300.000000 0.146000 0.146000 0.146000 0.000000 0.000000 0.000000 -41205.818584 5.928472
300.000000 0.148000 0.148000 0.148000 0.000000 0.000000 0.000000 -41314.823713 26.304942
300.000000 0.150000 0.150000 0.150000 0.000000 0.000000 0.000000 -41303.924095 27.314498
300.000000 0.152000 0.152000 0.152000 0.000000 0.000000 0.000000 -41250.280183 21.744470
300.000000 0.154000 0.154000 0.154000 0.000000 0.000000 0.000000 -41210.106147 13.349555
300.000000 0.156000 0.156000 0.156000 0.000000 0.000000 0.000000 -41311.554379 18.768023
300.000000 0.158000 0.158000 0.158000 0.000000 0.000000 0.000000 -41215.809471 2.064291
300.000000 0.160000 0.160000 0.160000 0.000000 0.000000 0.000000 -41232.994524 17.868022
300.000000 0.162000 0.162000 0.162000 0.000000 0.000000 0.000000 -41088.067552 30.092336
300.000000 0.164000 0.164000 0.164000 0.000000 0.000000 0.000000 -41233.506258 7.414652
300.000000 0.166000 0.166000 0.166000 0.000000 0.000000 0.000000 -41215.585980 32.804234
300.000000 0.168000 0.168000 0.168000 0.000000 0.000000 0.000000 -41221.847744 21.629373
300.000000 0.170000 0.170000 0.170000 0.000000 0.000000 0.000000 -41267.668055 13.428366
300.000000 0.172000 0.172000 0.172000 0.000000 0.000000 0.000000 -41159.610522 10.690295
300.000000 0.174000 0.174000 0.174000 0.000000 0.000000 0.000000 -41292.113029 17.775905
300.000000 0.176000 0.176000 0.176000 0.000000 0.000000 0.000000 -41264.399098 20.979915
300.000000 0.178000 0.178000 0.178000 0.000000 0.000000 0.000000 -41452.560480 7.420598
300.000000 0.180000 0.180000 0.180000 0.000000 0.000000 0.000000 -41402.054657 13.356479
300.000000 0.182000 0.182000 0.182000 0.000000 0.000000 0.000000 -41430.526524 21.027257
300.000000 0.184000 0.184000 0.184000 0.000000 0.000000 0.000000 -41318.628584 9.781110
300.000000 0.186000 0.186000 0.186000 0.000000 0.000000 0.000000 -41388.898402 9.151771
300.000000 0.188000 0.188000 0.188000 0.000000 0.000000 0.000000 -41369.563405 16.635701
300.000000 0.190000 0.190000 0.190000 0.000000 0.000000 0.000000 -41325.020745 24.582839
300.000000 0.192000 0.192000 0.192000 0.000000 0.000000 0.000000 -41314.869775 10.784204
300.000000 0.194000 0.194000 0.194000 0.000000 0.000000 0.000000 -41362.164384 10.543054
300.000000 0.196000 0.196000 0.196000 0.000000 0.000000 0.000000 -41345.348353 20.236816
300.000000 0.198000 0.198000 0.198000 0.000000 0.000000 0.000000 -41317.155089 12.922213
300.000000 0.200000 0.200000 0.200000 0.000000 0.000000 0.000000 -41209.704929 12.383106
300.000000 0.202000 0.202000 0.202000 0.000000 0.000000 0.000000 -41387.411597 17.752639
300.000000 0.204000 0.204000 0.204000 0.000000 0.000000 0.000000 -41368.924936 23.854937
300.000000 0.206000 0.206000 0.206000 0.000000 0.000000 0.000000 -41264.762477 8.932176
300.000000 0.208000 0.208000 0.208000 0.000000 0.000000 0.000000 -41369.865470 15.212488
300.000000 0.210000 0.210000 0.210000 0.000000 0.000000 0.000000 -41352.462078 27.977346
300.000000 0.212000 0.212000 0.212000 0.000000 0.000000 0.000000 -41358.526222 5.534100
300.000000 0.214000 0.214000 0.214000 0.000000 0.000000 0.000000 -41364.056615 16.683686
300.000000 0.216000 0.216000 0.216000 0.000000 0.000000 0.000000 -41299.443089 19.588198
300.000000 0.218000 0.218000 0.218000 0.000000 0.000000 0.000000 -41282.365573 15.526738
300.000000 0.220000 0.220000 0.220000 0.000000 0.000000 0.000000 -41180.914940 2.947423
300.000000 0.222000 0.222000 0.222000 0.000000 0.000000 0.000000 -41200.300778 12.331876
300.000000 0.224000 0.224000 0.224000 0.000000 0.000000 0.000000 -41195.757592 11.906913
300.000000 0.226000 0.226000 0.226000 0.000000 0.000000 0.000000 -41139.204479 6.522923
300.000000 0.228000 0.228000 0.228000 0.000000 0.000000 0.000000 -41308.970128 10.609795
300.000000 0.230000 0.230000 0.230000 0.000000 0.000000 0.000000 -41230.544948 26.737540
300.000000 0.232000 0.232000 0.232000 0.000000 0.000000 0.000000 -41216.071253 9.770262
300.000000 0.234000 0.234000 0.234000 0.000000 0.000000 0.000000 -41250.122378 5.866944
300.000000 0.236000 0.236000 0.236000 0.000000 0.000000 0.000000 -41251.151083 13.543440
300.000000 0.238000 0.238000 0.238000 0.000000 0.000000 0.000000 -41363.466703 3.014232
300.000000 0.240000 0.240000 0.240000 0.000000 0.000000 0.000000 -41348.519229 15.601867
300.000000 0.242000 0.242000 0.242000 0.000000 0.000000 0.000000 -41305.871718 3.258792
300.000000 0.244000 0.244000 0.244000 0.000000 0.000000 0.000000 -41432.405448 8.076513
300.000000 0.246000 0.246000 0.246000 0.000000 0.000000 0.000000 -41352.093766 16.898803
300.000000 0.248000 0.248000 0.248000 0.000000 0.000000 0.000000 -41423.147420 3.900648
300.000000 0.250000 0.250000 0.250000 0.000000 0.000000 0.000000 -41308.456561 20.786709
300.000000 0.252000 0.252000 0.252000 0.000000 0.000000 0.000000 -41406.925900 7.188038
300.000000 0.254000 0.254000 0.254000 0.000000 0.000000 0.000000 -41225.245302 16.931511
300.000000 0.256000 0.256000 0.256000 0.000000 0.000000 0.000000 -41304.635333 16.803733
300.000000 0.258000 0.258000 0.258000 0.000000 0.000000 0.000000 -41188.518520 1.781312
300.000000 0.260000 0.260000 0.260000 0.000000 0.000000 0.000000 -41196.671982 8.552679
300.000000 0.262000 0.262000 0.262000 0.000000 0.000000 0.000000 -41131.787197 14.844200
300.000000 0.264000 0.264000 0.264000 0.000000 0.000000 0.000000 -41211.169590 6.371771
300.000000 0.266000 0.266000 0.266000 0.000000 0.000000 0.000000 -41313.236836 13.085710
300.000000 0.268000 0.268000 0.268000 0.000000 0.000000 0.000000 -41249.889302 15.546349
300.000000 0.270000 0.270000 0.270000 0.000000 0.000000 0.000000 -41470.619433 -0.661621
300.000000 0.272000 0.272000 0.272000 0.000000 0.000000 0.000000 -41305.505644 4.033070
300.000000 0.274000 0.274000 0.274000 0.000000 0.000000 0.000000 -41363.355351 10.421029
300.000000 0.276000 0.276000 0.276000 0.000000 0.000000 0.000000 -41171.274449 17.230185
300.000000 0.278000 0.278000 0.278000 0.000000 0.000000 0.000000 -41206.128443 8.022440
300.000000 0.280000 0.280000 0.280000 0.000000 0.000000 0.000000 -41326.606953 16.922598
300.000000 0.282000 0.282000 0.282000 0.000000 0.000000 0.000000 -41263.010549 16.393414
300.000000 0.284000 0.284000 0.284000 0.000000 0.000000 0.000000 -41260.715429 5.592693
300.000000 0.286000 0.286000 0.286000 0.000000 0.000000 0.000000 -41244.444472 2.149131
300.000000 0.288000 0.288000 0.288000 0.000000 0.000000 0.000000 -41348.092375 13.836382
300.000000 0.290000 0.290000 0.290000 0.000000 0.000000 0.000000 -41402.605414 5.416957
300.000000 0.292000 0.292000 0.292000 0.000000 0.000000 0.000000 -41260.127467 3.940506
300.000000 0.294000 0.294000 0.294000 0.000000 0.000000 0.000000 -41358.732852 6.893669
300.000000 0.296000 0.296000 0.296000 0.000000 0.000000 0.000000 -41313.104128 20.812509
300.000000 0.298000 0.298000 0.298000 0.000000 0.000000 0.000000 -41461.725055 17.717491
300.000000 0.300000 0.300000 0.300000 0.000000 0.000000 0.000000 -41416.722403 14.006972
300.000000 0.302000 0.302000 0.302000 0.000000 0.000000 0.000000 -41364.347559 5.812848
300.000000 0.304000 0.304000 0.304000 0.000000 0.000000 0.000000 -41373.073431 11.551413
300.000000 0.306000 0.306000 0.306000 0.000000 0.000000 0.000000 -41196.760304 2.532730
300.000000 0.308000 0.308000 0.308000 0.000000 0.000000 0.000000 -41315.932909 5.662158
300.000000 0.310000 0.310000 0.310000 0.000000 0.000000 0.000000 -41313.560162 2.360106
300.000000 0.312000 0.312000 0.312000 0.000000 0.000000 0.000000 -41285.206986 -3.685933
300.000000 0.314000 0.314000 0.314000 0.000000 0.000000 0.000000 -41340.700017 14.786807
300.000000 0.316000 0.316000 0.316000 0.000000 0.000000 0.000000 -41462.999670 2.774141
300.000000 0.318000 0.318000 0.318000 0.000000 0.000000 0.000000 -41607.141083 4.060516
300.000000 0.320000 0.320000 0.320000 0.000000 0.000000 0.000000 -41463.478067 8.595907
300.000000 0.322000 0.322000 0.322000 0.000000 0.000000 0.000000 -41398.819051 -1.174732
300.000000 0.324000 0.324000 0.324000 0.000000 0.000000 0.000000 -41366.199933 5.301532
300.000000 0.326000 0.326000 0.326000 0.000000 0.000000 0.000000 -41311.359235 8.871880
300.000000 0.328000 0.328000 0.328000 0.000000 0.000000 0.000000 -41354.711205 2.940268
300.000000 0.330000 0.330000 0.330000 0.000000 0.000000 0.000000 -41354.715117 3.663464
300.000000 0.332000 0.332000 0.332000 0.000000 0.000000 0.000000 -41383.974604 6.693854
300.000000 0.334000 0.334000 0.334000 0.000000 0.000000 0.000000 -41200.495473 9.990567
300.000000 0.336000 0.336000 0.336000 0.000000 0.000000 0.000000 -41382.917741 1.654547
300.000000 0.338000 0.338000 0.338000 0.000000 0.000000 0.000000 -41247.711101 7.084797
300.000000 0.340000 0.340000 0.340000 0.000000 0.000000 0.000000 -41339.849248 0.375914
300.000000 0.342000 0.342000 0.342000 0.000000 0.000000 0.000000 -41295.163430 4.941206
300.000000 0.344000 0.344000 0.344000 0.000000 0.000000 0.000000 -41318.767264 4.653010
300.000000 0.346000 0.346000 0.346000 0.000000 0.000000 0.000000 -41394.360440 9.563853
300.000000 0.348000 0.348000 0.348000 0.000000 0.000000 0.000000 -41259.004517 4.696233
300.000000 0.350000 0.350000 0.350000 0.000000 0.000000 0.000000 -41382.406333 2.479175
300.000000 0.352000 0.352000 0.352000 0.000000 0.000000 0.000000 -41336.766400 0.465967
300.000000 0.354000 0.354000 0.354000 0.000000 0.000000 0.000000 -41308.760493 10.035436
300.000000 0.356000 0.356000 0.356000 0.000000 0.000000 0.000000 -41254.368710 -7.450546
300.000000 0.358000 0.358000 0.358000 0.000000 0.000000 0.000000 -41256.950500 8.313468
300.000000 0.360000 0.360000 0.360000 0.000000 0.000000 0.000000 -41268.064609 12.260265
300.000000 0.362000 0.362000 0.362000 0.000000 0.000000 0.000000 -41349.215821 6.953767
300.000000 0.364000 0.364000 0.364000 0.000000 0.000000 0.000000 -41361.334256 5.254245
300.000000 0.366000 0.366000 0.366000 0.000000 0.000000 0.000000 -41401.092399 4.373131
300.000000 0.368000 0.368000 0.368000 0.000000 0.000000 0.000000 -41321.811555 7.552269
300.000000 0.370000 0.370000 0.370000 0.000000 0.000000 0.000000 -41288.831064 10.364023
300.000000 0.372000 0.372000 0.372000 0.000000 0.000000 0.000000 -41373.577944 16.360685
300.000000 0.374000 0.374000 0.374000 0.000000 0.000000 0.000000 -41335.273885 2.731679
300.000000 0.376000 0.376000 0.376000 0.000000 0.000000 0.000000 -41408.319535 5.050612
300.000000 0.378000 0.378000 0.378000 0.000000 0.000000 0.000000 -41398.909768 8.185811
300.000000 0.380000 0.380000 0.380000 0.000000 0.000000 0.000000 -41367.212055 2.789753
300.000000 0.382000 0.382000 0.382000 0.000000 0.000000 0.000000 -41403.844181 11.462223
300.000000 0.384000 0.384000 0.384000 0.000000 0.000000 0.000000 -41410.965417 8.514345
300.000000 0.386000 0.386000 0.386000 0.000000 0.000000 0.000000 -41267.697122 0.777561
300.000000 0.388000 0.388000 0.388000 0.000000 0.000000 0.000000 -41345.409960 -2.342871
300.000000 0.390000 0.390000 0.390000 0.000000 0.000000 0.000000 -41372.478775 3.232220
300.000000 0.392000 0.392000 0.392000 0.000000 0.000000 0.000000 -41186.788185 6.473157
300.000000 0.394000 0.394000 0.394000 0.000000 0.000000 0.000000 -41163.461184 3.135873
300.000000 0.396000 0.396000 0.396000 0.000000 0.000000 0.000000 -41298.627405 5.116776
300.000000 0.398000 0.398000 0.398000 0.000000 0.000000 0.000000 -41291.842586 8.513629
300.000000 0.400000 0.400000 0.400000 0.000000 0.000000 0.000000 -41242.711888 19.789087
300.000000 0.402000 0.402000 0.402000 0.000000 0.000000 0.000000 -41290.407909 0.072784
300.000000 0.404000 0.404000 0.404000 0.000000 0.000000 0.000000 -41313.671007 6.873814
300.000000 0.406000 0.406000 0.406000 0.000000 0.000000 0.000000 -41274.894370 -0.640119
300.000000 0.408000 0.408000 0.408000 0.000000 0.000000 0.000000 -41373.756048 4.009228
300.000000 0.410000 0.410000 0.410000 0.000000 0.000000 0.000000 -41315.801696 -3.137763
300.000000 0.412000 0.412000 0.412000 0.000000 0.000000 0.000000 -41265.444950 2.550369
300.000000 0.414000 0.414000 0.414000 0.000000 0.000000 0.000000 -41275.672295 5.945851
300.000000 0.416000 0.416000 0.416000 0.000000 0.000000 0.000000 -41278.155993 2.321247
300.000000 0.418000 0.418000 0.418000 0.000000 0.000000 0.000000 -41370.909373 5.103790
300.000000 0.420000 0.420000 0.420000 0.000000 0.000000 0.000000 -41389.386088 2.837572
300.000000 0.422000 0.422000 0.422000 0.000000 0.000000 0.000000 -41338.372703 7.103458
300.000000 0.424000 0.424000 0.424000 0.000000 0.000000 0.000000 -41371.771798 0.023007
300.000000 0.426000 0.426000 0.426000 0.000000 0.000000 0.000000 -41436.846166 7.533336
300.000000 0.428000 0.428000 0.428000 0.000000 0.000000 0.000000 -41478.242092 0.469082
300.000000 0.430000 0.430000 0.430000 0.000000 0.000000 0.000000 -41370.652453 2.295672
300.000000 0.432000 0.432000 0.432000 0.000000 0.000000 0.000000 -41322.182290 7.045392
300.000000 0.434000 0.434000 0.434000 0.000000 0.000000 0.000000 -41273.703509 -2.002767
300.000000 0.436000 0.436000 0.436000 0.000000 0.000000 0.000000 -41335.340731 -0.010786
300.000000 0.438000 0.438000 0.438000 0.000000 0.000000 0.000000 -41350.222024 6.855163
300.000000 0.440000 0.440000 0.440000 0.000000 0.000000 0.000000 -41278.487455 -2.952498
300.000000 0.442000 0.442000 0.442000 0.000000 0.000000 0.000000 -41316.007610 1.502650
300.000000 0.444000 0.444000 0.444000 0.000000 0.000000 0.000000 -41290.355315 3.412155
300.000000 0.446000 0.446000 0.446000 0.000000 0.000000 0.000000 -41318.686865 -0.279334
300.000000 0.448000 0.448000 0.448000 0.000000 0.000000 0.000000 -41368.601124 -1.664215
300.000000 0.450000 0.450000 0.450000 0.000000 0.000000 0.000000 -41303.166350 6.688083
300.000000 0.452000 0.452000 0.452000 0.000000 0.000000 0.000000 -41354.773256 2.679679
300.000000 0.454000 0.454000 0.454000 0.000000 0.000000 0.000000 -41390.998957 1.466305
300.000000 0.456000 0.456000 0.456000 0.000000 0.000000 0.000000 -41282.713232 -0.509926
300.000000 0.458000 0.458000 0.458000 0.000000 0.000000 0.000000 -41372.155779 1.088547
300.000000 0.460000 0.460000 0.460000 0.000000 0.000000 0.000000 -41247.617652 6.368278
300.000000 0.462000 0.462000 0.462000 0.000000 0.000000 0.000000 -41347.298917 -1.223849
300.000000 0.464000 0.464000 0.464000 0.000000 0.000000 0.000000 -41120.233144 7.360471
300.000000 0.466000 0.466000 0.466000 0.000000 0.000000 0.000000 -41458.287757 -2.386382
300.000000 0.468000 0.468000 0.468000 0.000000 0.000000 0.000000 -41221.241788 -3.306860
300.000000 0.470000 0.470000 0.470000 0.000000 0.000000 0.000000 -41243.506177 8.894895
300.000000 0.472000 0.472000 0.472000 0.000000 0.000000 0.000000 -41283.216598 0.537435
300.000000 0.474000 0.474000 0.474000 0.000000 0.000000 0.000000 -41111.779674 -2.801235
300.000000 0.476000 0.476000 0.476000 0.000000 0.000000 0.000000 -41303.216857 0.164738
300.000000 0.478000 0.478000 0.478000 0.000000 0.000000 0.000000 -41254.280939 0.956363
300.000000 0.480000 0.480000 0.480000 0.000000 0.000000 0.000000 -41330.409594 -3.857491
300.000000 0.482000 0.482000 0.482000 0.000000 0.000000 0.000000 -41231.169294 4.084065
300.000000 0.484000 0.484000 0.484000 0.000000 0.000000 0.000000 -41386.974485 -3.803449
300.000000 0.486000 0.486000 0.486000 0.000000 0.000000 0.000000 -41292.917774 1.961481
300.000000 0.488000 0.488000 0.488000 0.000000 0.000000 0.000000 -41243.191561 -1.363987
300.000000 0.490000 0.490000 0.490000 0.000000 0.000000 0.000000 -41223.560046 -6.382771
300.000000 0.492000 0.492000 0.492000 0.000000 0.000000 0.000000 -41373.617600 1.154490
300.000000 0.494000 0.494000 0.494000 0.000000 0.000000 0.000000 -41571.038834 0.579413
300.000000 0.496000 0.496000 0.496000 0.000000 0.000000 0.000000 -41500.009007 5.459556
300.000000 0.498000 0.498000 0.498000 0.000000 0.000000 0.000000 -41388.817620 5.592546
