14 300.000000 -1.000000 0.200000 0.500000 0.100000 60.000000 0.000000 -32985.260929 15.752968 7.547243
14 300.000000 -1.000000 0.200000 0.500000 0.100000 60.000000 0.000000 -32815.606551 10.175155 6.428339
12 300.000000 -1.000000 0.400000 0.500000 0.100000 40.000000 0.000000 -32848.701817 2.334173 7.904934
10 300.000000 1.000000 0.500000 0.500000 0.100000 30.000000 0.000000 -32853.561463 -2.070505 6.531060
9 300.000000 1.000000 0.400000 0.500000 0.100000 40.000000 0.000000 -32940.031985 0.900157 6.898271
8 300.000000 1.000000 0.300000 0.500000 0.100000 50.000000 0.000000 -32916.654306 0.812485 6.406466
10 300.000000 1.000000 0.500000 0.500000 0.100000 30.000000 0.000000 -32989.159478 -2.782244 7.354541
9 300.000000 1.000000 0.400000 0.500000 0.100000 40.000000 0.000000 -32823.744974 1.148128 6.430394
9 300.000000 1.000000 0.400000 0.500000 0.100000 40.000000 0.000000 -32830.894038 1.067483 7.282829
11 300.000000 -1.000000 0.500000 0.500000 0.100000 30.000000 0.000000 -32906.949832 10.492100 7.273441
14 300.000000 -1.000000 0.200000 0.500000 0.100000 60.000000 0.000000 -32721.966052 20.146318 6.485458
14 300.000000 -1.000000 0.200000 0.500000 0.100000 60.000000 0.000000 -32973.912173 19.198202 7.069702
17 300.000000 -1.000000 0.000000 0.400000 0.100000 90.000000 0.000000 -32918.466172 62.050149 6.414145
16 300.000000 -1.000000 0.000000 0.500000 0.100000 80.000000 0.000000 -32670.629996 23.701599 6.541868
13 300.000000 -1.000000 0.300000 0.500000 0.100000 50.000000 0.000000 -32687.099881 8.459313 7.046115
12 300.000000 -1.000000 0.400000 0.500000 0.100000 40.000000 0.000000 -32831.313785 5.899882 6.436446
13 300.000000 -1.000000 0.300000 0.500000 0.100000 50.000000 0.000000 -32898.468263 5.640151 6.698639
10 300.000000 1.000000 0.500000 0.500000 0.100000 30.000000 0.000000 -32831.158676 -6.495793 6.417358
10 300.000000 1.000000 0.500000 0.500000 0.100000 30.000000 0.000000 -32796.821868 -9.138700 6.392856
10 300.000000 1.000000 0.500000 0.500000 0.100000 30.000000 0.000000 -32938.042805 -1.149244 6.682184
10 300.000000 1.000000 0.500000 0.500000 0.100000 30.000000 0.000000 -32721.777987 2.217178 7.469225
12 300.000000 -1.000000 0.400000 0.500000 0.100000 40.000000 0.000000 -32763.094452 12.411956 6.921013
12 300.000000 -1.000000 0.400000 0.500000 0.100000 40.000000 0.000000 -32948.745139 -0.003476 7.060823
12 300.000000 -1.000000 0.400000 0.500000 0.100000 40.000000 0.000000 -32798.308233 3.716180 6.669092
8 300.000000 1.000000 0.300000 0.500000 0.100000 50.000000 0.000000 -32915.397661 -1.653245 7.749577
10 300.000000 1.000000 0.500000 0.500000 0.100000 30.000000 0.000000 -32939.599847 1.349143 8.161267
10 300.000000 1.000000 0.500000 0.500000 0.100000 30.000000 0.000000 -32909.400490 3.662135 6.643394
11 300.000000 -1.000000 0.500000 0.500000 0.100000 30.000000 0.000000 -33013.454626 -6.510168 6.517993
11 300.000000 -1.000000 0.500000 0.500000 0.100000 30.000000 0.000000 -32896.864877 10.400262 6.810469
8 300.000000 1.000000 0.300000 0.500000 0.100000 50.000000 0.000000 -32684.811352 2.177785 8.237879
10 300.000000 1.000000 0.500000 0.500000 0.100000 30.000000 0.000000 -33006.284741 2.607628 7.244247
12 300.000000 -1.000000 0.400000 0.500000 0.100000 40.000000 0.000000 -32824.722144 5.896037 8.076949
11 300.000000 -1.000000 0.500000 0.500000 0.100000 30.000000 0.000000 -32648.882096 -0.543544 7.737030
9 300.000000 1.000000 0.400000 0.500000 0.100000 40.000000 0.000000 -32834.702726 3.173438 8.097720
11 300.000000 -1.000000 0.500000 0.500000 0.100000 30.000000 0.000000 -32828.736150 3.768399 8.023792
12 300.000000 -1.000000 0.400000 0.500000 0.100000 40.000000 0.000000 -32816.473237 3.022292 6.510898
14 300.000000 -1.000000 0.200000 0.500000 0.100000 60.000000 0.000000 -32931.463097 13.356571 7.980117
15 300.000000 -1.000000 0.100000 0.500000 0.100000 70.000000 0.000000 -32793.739025 12.000323 6.824136
14 300.000000 -1.000000 0.200000 0.500000 0.100000 60.000000 0.000000 -32820.403291 17.164848 6.809375
15 300.000000 -1.000000 0.100000 0.500000 0.100000 70.000000 0.000000 -32914.208266 22.398178 6.611220
15 300.000000 -1.000000 0.100000 0.500000 0.100000 70.000000 0.000000 -32955.918505 25.991389 7.134085
15 300.000000 -1.000000 0.100000 0.500000 0.100000 70.000000 0.000000 -32948.327673 51.139410 6.669747
16 300.000000 -1.000000 0.000000 0.500000 0.100000 80.000000 0.000000 -32783.935206 55.929717 7.704632
16 300.000000 -1.000000 0.000000 0.500000 0.100000 80.000000 0.000000 -32893.524942 50.623496 6.493352
17 300.000000 -1.000000 0.000000 0.400000 0.100000 90.000000 0.000000 -32760.473217 78.417318 8.031121
19 300.000000 -1.000000 0.000000 0.200000 0.100000 110.000000 0.000000 -32791.150737 78.851787 8.225749
17 300.000000 -1.000000 0.000000 0.400000 0.100000 90.000000 0.000000 -32812.602927 56.415098 8.281844
16 300.000000 -1.000000 0.000000 0.500000 0.100000 80.000000 0.000000 -32713.730772 58.068934 7.194695
16 300.000000 -1.000000 0.000000 0.500000 0.100000 80.000000 0.000000 -32727.496533 25.941427 7.078389
15 300.000000 -1.000000 0.100000 0.500000 0.100000 70.000000 0.000000 -33140.327714 18.019353 6.462936
14 300.000000 -1.000000 0.200000 0.500000 0.100000 60.000000 0.000000 -32874.978084 8.716778 6.454110
12 300.000000 -1.000000 0.400000 0.500000 0.100000 40.000000 0.000000 -32894.243322 4.821801 8.283473
13 300.000000 -1.000000 0.300000 0.500000 0.100000 50.000000 0.000000 -32926.340765 9.142819 7.988684
13 300.000000 -1.000000 0.300000 0.500000 0.100000 50.000000 0.000000 -32908.301048 2.704850 6.618454
12 300.000000 -1.000000 0.400000 0.500000 0.100000 40.000000 0.000000 -32906.490970 6.725857 6.638672
14 300.000000 -1.000000 0.200000 0.500000 0.100000 60.000000 0.000000 -32872.168139 14.906862 7.109043
13 300.000000 -1.000000 0.300000 0.500000 0.100000 50.000000 0.000000 -32807.242464 5.278999 6.468604
14 300.000000 -1.000000 0.200000 0.500000 0.100000 60.000000 0.000000 -32901.796119 21.126291 6.643739
15 300.000000 -1.000000 0.100000 0.500000 0.100000 70.000000 0.000000 -32760.837517 13.785246 6.402412
14 300.000000 -1.000000 0.200000 0.500000 0.100000 60.000000 0.000000 -32858.936878 6.279388 8.224723
10 300.000000 1.000000 0.500000 0.500000 0.100000 30.000000 0.000000 -32919.689804 0.707839 7.219204
11 300.000000 -1.000000 0.500000 0.500000 0.100000 30.000000 0.000000 -32824.254048 -0.667213 6.397014
9 300.000000 1.000000 0.400000 0.500000 0.100000 40.000000 0.000000 -32780.415101 4.690979 6.687083
11 300.000000 -1.000000 0.500000 0.500000 0.100000 30.000000 0.000000 -32964.696066 -2.511767 6.886168
10 300.000000 1.000000 0.500000 0.500000 0.100000 30.000000 0.000000 -32911.984303 9.438882 8.119648
9 300.000000 1.000000 0.400000 0.500000 0.100000 40.000000 0.000000 -32857.159267 0.593162 7.819862
9 300.000000 1.000000 0.400000 0.500000 0.100000 40.000000 0.000000 -32908.199217 14.532810 6.406918
9 300.000000 1.000000 0.400000 0.500000 0.100000 40.000000 0.000000 -32923.116861 5.649621 7.144731
8 300.000000 1.000000 0.300000 0.500000 0.100000 50.000000 0.000000 -32777.951781 9.220905 6.398830
7 300.000000 1.000000 0.200000 0.500000 0.100000 60.000000 0.000000 -32896.786648 5.936354 6.615030
13 300.000000 -1.000000 0.300000 0.500000 0.100000 50.000000 0.000000 -32965.484513 4.399577 6.394265
13 300.000000 -1.000000 0.300000 0.500000 0.100000 50.000000 0.000000 -32714.002437 9.581223 6.801154
14 300.000000 -1.000000 0.200000 0.500000 0.100000 60.000000 0.000000 -32734.489979 12.440652 6.682368
14 300.000000 -1.000000 0.200000 0.500000 0.100000 60.000000 0.000000 -32889.321679 10.089070 7.322198
14 300.000000 -1.000000 0.200000 0.500000 0.100000 60.000000 0.000000 -32906.070922 13.157854 8.211414
14 300.000000 -1.000000 0.200000 0.500000 0.100000 60.000000 0.000000 -32777.420041 4.292938 8.138284
12 300.000000 -1.000000 0.400000 0.500000 0.100000 40.000000 0.000000 -32808.883931 -2.388518 8.230133
10 300.000000 1.000000 0.500000 0.500000 0.100000 30.000000 0.000000 -32892.597383 -6.364976 8.277526
12 300.000000 -1.000000 0.400000 0.500000 0.100000 40.000000 0.000000 -32869.422715 4.376177 6.416457
13 300.000000 -1.000000 0.300000 0.500000 0.100000 50.000000 0.000000 -32810.469818 3.190364 6.456592
10 300.000000 1.000000 0.500000 0.500000 0.100000 30.000000 0.000000 -33018.790733 -1.680917 6.394420
11 300.000000 -1.000000 0.500000 0.500000 0.100000 30.000000 0.000000 -32925.157624 -0.515346 6.758158
13 300.000000 -1.000000 0.300000 0.500000 0.100000 50.000000 0.000000 -32775.347388 5.487669 6.807147
10 300.000000 1.000000 0.500000 0.500000 0.100000 30.000000 0.000000 -32955.053442 -1.248767 6.978025
9 300.000000 1.000000 0.400000 0.500000 0.100000 40.000000 0.000000 -32826.289478 11.098807 6.817467
8 300.000000 1.000000 0.300000 0.500000 0.100000 50.000000 0.000000 -32954.463663 11.279342 7.576542
10 300.000000 1.000000 0.500000 0.500000 0.100000 30.000000 0.000000 -32887.259045 5.330691 6.854180
11 300.000000 -1.000000 0.500000 0.500000 0.100000 30.000000 0.000000 -32814.488315 -5.056097 6.603051
10 300.000000 1.000000 0.500000 0.500000 0.100000 30.000000 0.000000 -32907.196437 -7.006536 8.279512
12 300.000000 -1.000000 0.400000 0.500000 0.100000 40.000000 0.000000 -32880.349464 4.483776 6.421063
14 300.000000 -1.000000 0.200000 0.500000 0.100000 60.000000 0.000000 -32773.311298 11.478520 7.076952
14 300.000000 -1.000000 0.200000 0.500000 0.100000 60.000000 0.000000 -32927.978559 21.903156 6.829229
14 300.000000 -1.000000 0.200000 0.500000 0.100000 60.000000 0.000000 -32820.392413 15.745014 7.645789
14 300.000000 -1.000000 0.200000 0.500000 0.100000 60.000000 0.000000 -32698.901691 4.735213 6.482054
11 300.000000 -1.000000 0.500000 0.500000 0.100000 30.000000 0.000000 -32762.681985 -5.437284 6.443435
11 300.000000 -1.000000 0.500000 0.500000 0.100000 30.000000 0.000000 -32965.089716 -3.146914 6.680473
10 300.000000 1.000000 0.500000 0.500000 0.100000 30.000000 0.000000 -32883.457091 -1.312023 6.391330
8 300.000000 1.000000 0.300000 0.500000 0.100000 50.000000 0.000000 -32917.506636 4.895552 6.493190
8 300.000000 1.000000 0.300000 0.500000 0.100000 50.000000 0.000000 -32835.467432 6.990034 6.651774
7 300.000000 1.000000 0.200000 0.500000 0.100000 60.000000 0.000000 -32938.324427 6.410383 6.846648
8 300.000000 1.000000 0.300000 0.500000 0.100000 50.000000 0.000000 -32891.517501 5.873723 6.987771
8 300.000000 1.000000 0.300000 0.500000 0.100000 50.000000 0.000000 -32865.926242 -5.537670 6.443005
10 300.000000 1.000000 0.500000 0.500000 0.100000 30.000000 0.000000 -32796.392505 -0.124411 6.443580
11 300.000000 -1.000000 0.500000 0.500000 0.100000 30.000000 0.000000 -32923.368311 3.155347 6.485786
8 300.000000 1.000000 0.300000 0.500000 0.100000 50.000000 0.000000 -32824.514752 4.587692 6.851798
8 300.000000 1.000000 0.300000 0.500000 0.100000 50.000000 0.000000 -32885.039765 10.133302 6.794664
9 300.000000 1.000000 0.400000 0.500000 0.100000 40.000000 0.000000 -32872.804872 -0.075755 6.439220
8 300.000000 1.000000 0.300000 0.500000 0.100000 50.000000 0.000000 -32745.318161 5.499424 6.482873
10 300.000000 1.000000 0.500000 0.500000 0.100000 30.000000 0.000000 -32750.709488 10.276558 6.905347
9 300.000000 1.000000 0.400000 0.500000 0.100000 40.000000 0.000000 -32809.545636 5.165832 7.435471
11 300.000000 -1.000000 0.500000 0.500000 0.100000 30.000000 0.000000 -32789.919862 1.647311 6.391508
9 300.000000 1.000000 0.400000 0.500000 0.100000 40.000000 0.000000 -32894.479713 -0.758903 6.807350
10 300.000000 1.000000 0.500000 0.500000 0.100000 30.000000 0.000000 -32648.403208 -5.353544 6.445009
10 300.000000 1.000000 0.500000 0.500000 0.100000 30.000000 0.000000 -32928.848544 -3.746793 6.461260
11 300.000000 -1.000000 0.500000 0.500000 0.100000 30.000000 0.000000 -32915.011803 -2.133161 7.858561
10 300.000000 1.000000 0.500000 0.500000 0.100000 30.000000 0.000000 -32786.856447 4.339454 7.070036
8 300.000000 1.000000 0.300000 0.500000 0.100000 50.000000 0.000000 -32870.304993 9.820184 7.488232
9 300.000000 1.000000 0.400000 0.500000 0.100000 40.000000 0.000000 -32874.374942 1.019762 7.488272
13 300.000000 -1.000000 0.300000 0.500000 0.100000 50.000000 0.000000 -32897.508004 7.720021 6.880138
8 300.000000 1.000000 0.300000 0.500000 0.100000 50.000000 0.000000 -32931.200849 1.891888 7.403743
13 300.000000 -1.000000 0.300000 0.500000 0.100000 50.000000 0.000000 -32859.507228 6.131457 6.743987
9 300.000000 1.000000 0.400000 0.500000 0.100000 40.000000 0.000000 -32822.061435 7.157441 6.844000
11 300.000000 -1.000000 0.500000 0.500000 0.100000 30.000000 0.000000 -32767.151252 -10.567991 6.722388
10 300.000000 1.000000 0.500000 0.500000 0.100000 30.000000 0.000000 -32856.808270 1.745077 7.030760
13 300.000000 -1.000000 0.300000 0.500000 0.100000 50.000000 0.000000 -32837.685821 15.317125 6.422231
14 300.000000 -1.000000 0.200000 0.500000 0.100000 60.000000 0.000000 -32936.596796 13.728246 6.545458
15 300.000000 -1.000000 0.100000 0.500000 0.100000 70.000000 0.000000 -32788.869830 28.031923 6.399434
15 300.000000 -1.000000 0.100000 0.500000 0.100000 70.000000 0.000000 -32861.853868 17.352903 7.329450
15 300.000000 -1.000000 0.100000 0.500000 0.100000 70.000000 0.000000 -32819.427580 47.625268 8.126559
17 300.000000 -1.000000 0.000000 0.400000 0.100000 90.000000 0.000000 -32768.693608 72.472313 7.102261
17 300.000000 -1.000000 0.000000 0.400000 0.100000 90.000000 0.000000 -32843.584806 48.431674 7.126300
16 300.000000 -1.000000 0.000000 0.500000 0.100000 80.000000 0.000000 -32867.080228 31.838001 7.005456
16 300.000000 -1.000000 0.000000 0.500000 0.100000 80.000000 0.000000 -32778.690385 48.856491 7.543199
16 300.000000 -1.000000 0.000000 0.500000 0.100000 80.000000 0.000000 -32801.912713 62.204363 6.421329
16 300.000000 -1.000000 0.000000 0.500000 0.100000 80.000000 0.000000 -32829.628410 36.765526 8.124335
16 300.000000 -1.000000 0.000000 0.500000 0.100000 80.000000 0.000000 -32778.946227 67.518218 7.448071
18 300.000000 -1.000000 0.000000 0.300000 0.100000 100.000000 0.000000 -32932.783928 89.748645 8.162102
18 300.000000 -1.000000 0.000000 0.300000 0.100000 100.000000 0.000000 -32819.835389 89.731257 7.786223
19 300.000000 -1.000000 0.000000 0.200000 0.100000 110.000000 0.000000 -32871.542246 94.807657 7.514925
19 300.000000 -1.000000 0.000000 0.200000 0.100000 110.000000 0.000000 -32774.424860 91.710506 6.853907
19 300.000000 -1.000000 0.000000 0.200000 0.100000 110.000000 0.000000 -32866.692962 84.635067 7.572280
19 300.000000 -1.000000 0.000000 0.200000 0.100000 110.000000 0.000000 -32879.587508 36.098678 6.805811
17 300.000000 -1.000000 0.000000 0.400000 0.100000 90.000000 0.000000 -32822.486279 83.380674 2.968331
18 300.000000 -1.000000 0.000000 0.300000 0.100000 100.000000 0.000000 -32772.412244 64.522778 1.530801
18 300.000000 -1.000000 0.000000 0.300000 0.100000 100.000000 0.000000 -32765.729656 69.961095 7.273589
16 300.000000 -1.000000 0.000000 0.500000 0.100000 80.000000 0.000000 -32727.384557 55.517071 4.213342
18 300.000000 -1.000000 0.000000 0.300000 0.100000 100.000000 0.000000 -32799.308433 93.662501 4.329588
19 300.000000 -1.000000 0.000000 0.200000 0.100000 110.000000 0.000000 -32754.206480 82.737380 8.278199
19 300.000000 -1.000000 0.000000 0.200000 0.100000 110.000000 0.000000 -32941.889816 122.382003 7.812067
19 300.000000 -1.000000 0.000000 0.200000 0.100000 110.000000 0.000000 -32939.644103 111.016862 7.669614
20 300.000000 -1.000000 0.000000 0.100000 0.100000 120.000000 0.000000 -32705.743182 176.521223 7.410125
21 300.000000 -1.000000 0.000000 0.000000 0.100000 130.000000 0.000000 -32919.558256 155.932239 6.460702
21 300.000000 -1.000000 0.000000 0.000000 0.100000 130.000000 0.000000 -32861.249901 166.746786 7.047376
20 300.000000 -1.000000 0.000000 0.100000 0.100000 120.000000 0.000000 -32853.486117 131.986748 7.535733
20 300.000000 -1.000000 0.000000 0.100000 0.100000 120.000000 0.000000 -32802.935512 163.766277 8.118484
21 300.000000 -1.000000 0.000000 0.000000 0.100000 130.000000 0.000000 -32923.251230 146.881891 7.201369
20 300.000000 -1.000000 0.000000 0.100000 0.100000 120.000000 0.000000 -32988.463510 131.793181 7.197279
20 300.000000 -1.000000 0.000000 0.100000 0.100000 120.000000 0.000000 -32888.182170 148.189488 6.702274
20 300.000000 -1.000000 0.000000 0.100000 0.100000 120.000000 0.000000 -32903.074091 136.835095 6.604211
20 300.000000 -1.000000 0.000000 0.100000 0.100000 120.000000 0.000000 -32919.756614 130.891183 7.950993
20 300.000000 -1.000000 0.000000 0.100000 0.100000 120.000000 0.000000 -32746.862496 142.974456 1.348258
20 300.000000 -1.000000 0.000000 0.100000 0.100000 120.000000 0.000000 -32856.646597 134.391685 8.143621
19 300.000000 -1.000000 0.000000 0.200000 0.100000 110.000000 0.000000 -32986.607604 86.668897 6.538366
18 300.000000 -1.000000 0.000000 0.300000 0.100000 100.000000 0.000000 -32716.182515 26.837008 6.543056
15 300.000000 -1.000000 0.100000 0.500000 0.100000 70.000000 0.000000 -32738.779682 29.805524 6.790187
15 300.000000 -1.000000 0.100000 0.500000 0.100000 70.000000 0.000000 -32763.425706 21.720239 7.355745
17 300.000000 -1.000000 0.000000 0.400000 0.100000 90.000000 0.000000 -32640.724613 54.895336 6.966566
16 300.000000 -1.000000 0.000000 0.500000 0.100000 80.000000 0.000000 -32907.316674 34.515471 7.633455
16 300.000000 -1.000000 0.000000 0.500000 0.100000 80.000000 0.000000 -32848.355113 50.059635 6.621450
16 300.000000 -1.000000 0.000000 0.500000 0.100000 80.000000 0.000000 -32661.351594 50.142406 6.774780
16 300.000000 -1.000000 0.000000 0.500000 0.100000 80.000000 0.000000 -32835.752211 55.007402 7.911947
18 300.000000 -1.000000 0.000000 0.300000 0.100000 100.000000 0.000000 -32784.469561 38.774544 6.711131
17 300.000000 -1.000000 0.000000 0.400000 0.100000 90.000000 0.000000 -32876.885078 68.155545 6.843210
16 300.000000 -1.000000 0.000000 0.500000 0.100000 80.000000 0.000000 -32983.010521 38.203220 6.412870
15 300.000000 -1.000000 0.100000 0.500000 0.100000 70.000000 0.000000 -32882.505929 13.684051 7.754675
13 300.000000 -1.000000 0.300000 0.500000 0.100000 50.000000 0.000000 -32869.626524 7.957986 6.389977
12 300.000000 -1.000000 0.400000 0.500000 0.100000 40.000000 0.000000 -32901.415417 8.666222 5.202758
8 300.000000 1.000000 0.300000 0.500000 0.100000 50.000000 0.000000 -32814.781310 9.997375 7.142382
8 300.000000 1.000000 0.300000 0.500000 0.100000 50.000000 0.000000 -32783.137851 3.246433 6.648355
10 300.000000 1.000000 0.500000 0.500000 0.100000 30.000000 0.000000 -32826.185106 4.666881 6.477405
8 300.000000 1.000000 0.300000 0.500000 0.100000 50.000000 0.000000 -32832.766235 8.475429 7.072818
10 300.000000 1.000000 0.500000 0.500000 0.100000 30.000000 0.000000 -32774.538583 0.084246 8.202516
8 300.000000 1.000000 0.300000 0.500000 0.100000 50.000000 0.000000 -32727.556869 5.732113 6.789301
7 300.000000 1.000000 0.200000 0.500000 0.100000 60.000000 0.000000 -32990.657085 24.931038 8.132993
5 300.000000 1.000000 0.000000 0.500000 0.100000 80.000000 0.000000 -32930.089810 22.357910 6.398978
6 300.000000 1.000000 0.100000 0.500000 0.100000 70.000000 0.000000 -32782.994746 26.286417 7.224882
7 300.000000 1.000000 0.200000 0.500000 0.100000 60.000000 0.000000 -32881.451084 9.556412 7.217852
7 300.000000 1.000000 0.200000 0.500000 0.100000 60.000000 0.000000 -32865.182702 10.003300 7.488580
7 300.000000 1.000000 0.200000 0.500000 0.100000 60.000000 0.000000 -32792.253626 15.163416 8.102827
7 300.000000 1.000000 0.200000 0.500000 0.100000 60.000000 0.000000 -32821.038117 21.717829 6.434032
6 300.000000 1.000000 0.100000 0.500000 0.100000 70.000000 0.000000 -33021.617520 23.965810 4.751190
6 300.000000 1.000000 0.100000 0.500000 0.100000 70.000000 0.000000 -32885.315501 35.476106 0.182406
6 300.000000 1.000000 0.100000 0.500000 0.100000 70.000000 0.000000 -33002.482525 24.146963 0.415287
6 300.000000 1.000000 0.100000 0.500000 0.100000 70.000000 0.000000 -32851.939064 26.953367 7.324339
6 300.000000 1.000000 0.100000 0.500000 0.100000 70.000000 0.000000 -32798.308224 33.311207 8.269033
6 300.000000 1.000000 0.100000 0.500000 0.100000 70.000000 0.000000 -32883.760975 25.444156 7.036213
6 300.000000 1.000000 0.100000 0.500000 0.100000 70.000000 0.000000 -32916.048398 17.193436 7.123297
7 300.000000 1.000000 0.200000 0.500000 0.100000 60.000000 0.000000 -32936.774771 11.892357 6.657653
7 300.000000 1.000000 0.200000 0.500000 0.100000 60.000000 0.000000 -32786.757054 10.163287 6.427360
8 300.000000 1.000000 0.300000 0.500000 0.100000 50.000000 0.000000 -32767.926478 26.153835 6.523810
7 300.000000 1.000000 0.200000 0.500000 0.100000 60.000000 0.000000 -32837.497208 17.228861 7.050748
6 300.000000 1.000000 0.100000 0.500000 0.100000 70.000000 0.000000 -32886.808356 26.008276 8.163886
7 300.000000 1.000000 0.200000 0.500000 0.100000 60.000000 0.000000 -32776.420282 26.810626 6.456381
6 300.000000 1.000000 0.100000 0.500000 0.100000 70.000000 0.000000 -32821.812547 31.373717 7.611730
6 300.000000 1.000000 0.100000 0.500000 0.100000 70.000000 0.000000 -32634.824541 35.693623 6.399397
6 300.000000 1.000000 0.100000 0.500000 0.100000 70.000000 0.000000 -32907.480221 41.575382 6.449093
2 300.000000 1.000000 0.000000 0.200000 0.100000 110.000000 0.000000 -32848.007106 133.411231 6.508620
1 300.000000 1.000000 0.000000 0.100000 0.100000 120.000000 0.000000 -32790.818506 132.801476 6.497743
1 300.000000 1.000000 0.000000 0.100000 0.100000 120.000000 0.000000 -32886.273421 139.441724 6.469291
1 300.000000 1.000000 0.000000 0.100000 0.100000 120.000000 0.000000 -32893.440159 121.901586 6.391976
2 300.000000 1.000000 0.000000 0.200000 0.100000 110.000000 0.000000 -32820.149216 105.537462 7.152529
2 300.000000 1.000000 0.000000 0.200000 0.100000 110.000000 0.000000 -32902.985148 124.607611 7.654846
2 300.000000 1.000000 0.000000 0.200000 0.100000 110.000000 0.000000 -32815.258548 88.522933 7.454399
3 300.000000 1.000000 0.000000 0.300000 0.100000 100.000000 0.000000 -32882.734605 91.199338 6.460692
2 300.000000 1.000000 0.000000 0.200000 0.100000 110.000000 0.000000 -32892.586603 118.090106 6.701988
2 300.000000 1.000000 0.000000 0.200000 0.100000 110.000000 0.000000 -32843.802105 106.146025 7.372336
2 300.000000 1.000000 0.000000 0.200000 0.100000 110.000000 0.000000 -32778.132788 86.621945 6.703499
2 300.000000 1.000000 0.000000 0.200000 0.100000 110.000000 0.000000 -32847.522964 61.766904 7.820370
3 300.000000 1.000000 0.000000 0.300000 0.100000 100.000000 0.000000 -33031.237709 89.346234 6.435341
3 300.000000 1.000000 0.000000 0.300000 0.100000 100.000000 0.000000 -32713.865359 73.622040 6.448327
3 300.000000 1.000000 0.000000 0.300000 0.100000 100.000000 0.000000 -32863.783256 86.722085 6.558713
2 300.000000 1.000000 0.000000 0.200000 0.100000 110.000000 0.000000 -32709.835675 123.730571 8.235170
2 300.000000 1.000000 0.000000 0.200000 0.100000 110.000000 0.000000 -32729.663635 42.773907 7.111792
5 300.000000 1.000000 0.000000 0.500000 0.100000 80.000000 0.000000 -32804.164134 46.696432 6.399540
4 300.000000 1.000000 0.000000 0.400000 0.100000 90.000000 0.000000 -32724.853229 79.931898 6.666826
3 300.000000 1.000000 0.000000 0.300000 0.100000 100.000000 0.000000 -32877.425993 31.238317 7.230435
6 300.000000 1.000000 0.100000 0.500000 0.100000 70.000000 0.000000 -32896.502318 30.338852 6.415177
7 300.000000 1.000000 0.200000 0.500000 0.100000 60.000000 0.000000 -32753.601468 13.386173 8.235573
6 300.000000 1.000000 0.100000 0.500000 0.100000 70.000000 0.000000 -32634.908780 7.011491 8.183459
7 300.000000 1.000000 0.200000 0.500000 0.100000 60.000000 0.000000 -32759.259818 11.171551 7.009054
7 300.000000 1.000000 0.200000 0.500000 0.100000 60.000000 0.000000 -32794.349505 6.911542 8.196751
7 300.000000 1.000000 0.200000 0.500000 0.100000 60.000000 0.000000 -32772.406925 2.321072 6.418899
8 300.000000 1.000000 0.300000 0.500000 0.100000 50.000000 0.000000 -32891.934485 5.839462 6.389905
9 300.000000 1.000000 0.400000 0.500000 0.100000 40.000000 0.000000 -32902.546517 11.568203 7.511835
10 300.000000 1.000000 0.500000 0.500000 0.100000 30.000000 0.000000 -32736.797112 5.165852 6.511961
12 300.000000 -1.000000 0.400000 0.500000 0.100000 40.000000 0.000000 -32773.272561 2.606408 6.842340
12 300.000000 -1.000000 0.400000 0.500000 0.100000 40.000000 0.000000 -32839.601581 5.480115 6.417782
11 300.000000 -1.000000 0.500000 0.500000 0.100000 30.000000 0.000000 -32932.577130 -4.552052 6.959477
11 300.000000 -1.000000 0.500000 0.500000 0.100000 30.000000 0.000000 -32897.521993 -1.611305 6.842539
11 300.000000 -1.000000 0.500000 0.500000 0.100000 30.000000 0.000000 -32875.492634 2.662045 6.745467
12 300.000000 -1.000000 0.400000 0.500000 0.100000 40.000000 0.000000 -32735.440436 1.637659 6.858017
10 300.000000 1.000000 0.500000 0.500000 0.100000 30.000000 0.000000 -32719.657439 -2.068731 6.430058
10 300.000000 1.000000 0.500000 0.500000 0.100000 30.000000 0.000000 -32929.969605 -3.425510 8.275839
10 300.000000 1.000000 0.500000 0.500000 0.100000 30.000000 0.000000 -32764.998479 4.840593 6.794405
10 300.000000 1.000000 0.500000 0.500000 0.100000 30.000000 0.000000 -32829.581481 -2.753896 6.547175
12 300.000000 -1.000000 0.400000 0.500000 0.100000 40.000000 0.000000 -32928.715342 6.896182 6.440745
14 300.000000 -1.000000 0.200000 0.500000 0.100000 60.000000 0.000000 -32860.458238 18.991625 6.861779
14 300.000000 -1.000000 0.200000 0.500000 0.100000 60.000000 0.000000 -32915.207115 6.348745 7.411071
14 300.000000 -1.000000 0.200000 0.500000 0.100000 60.000000 0.000000 -32594.344738 16.489215 6.683733
15 300.000000 -1.000000 0.100000 0.500000 0.100000 70.000000 0.000000 -32773.156278 16.643218 6.402764
15 300.000000 -1.000000 0.100000 0.500000 0.100000 70.000000 0.000000 -32944.516864 14.647525 7.991119
13 300.000000 -1.000000 0.300000 0.500000 0.100000 50.000000 0.000000 -32863.282182 2.397608 7.612010
12 300.000000 -1.000000 0.400000 0.500000 0.100000 40.000000 0.000000 -32905.250031 1.004899 6.395663
12 300.000000 -1.000000 0.400000 0.500000 0.100000 40.000000 0.000000 -32925.984947 2.837303 7.640029
11 300.000000 -1.000000 0.500000 0.500000 0.100000 30.000000 0.000000 -32892.281515 3.333803 7.007341
12 300.000000 -1.000000 0.400000 0.500000 0.100000 40.000000 0.000000 -32820.849505 -0.586118 7.007322
12 300.000000 -1.000000 0.400000 0.500000 0.100000 40.000000 0.000000 -32906.366317 10.003933 6.389767
15 300.000000 -1.000000 0.100000 0.500000 0.100000 70.000000 0.000000 -32920.362535 17.795054 7.328983
14 300.000000 -1.000000 0.200000 0.500000 0.100000 60.000000 0.000000 -32868.093331 6.999683 6.768229
14 300.000000 -1.000000 0.200000 0.500000 0.100000 60.000000 0.000000 -32855.015282 23.646091 8.141725
15 300.000000 -1.000000 0.100000 0.500000 0.100000 70.000000 0.000000 -32770.404651 33.247916 7.632336
15 300.000000 -1.000000 0.100000 0.500000 0.100000 70.000000 0.000000 -32740.925614 45.551215 6.676123
18 300.000000 -1.000000 0.000000 0.300000 0.100000 100.000000 0.000000 -32681.950402 80.785666 6.667702
18 300.000000 -1.000000 0.000000 0.300000 0.100000 100.000000 0.000000 -32816.810702 66.454037 0.004054
18 300.000000 -1.000000 0.000000 0.300000 0.100000 100.000000 0.000000 -32928.131355 74.074503 6.474195
17 300.000000 -1.000000 0.000000 0.400000 0.100000 90.000000 0.000000 -32882.602932 60.094965 6.400821
18 300.000000 -1.000000 0.000000 0.300000 0.100000 100.000000 0.000000 -32914.427490 84.007574 4.683398
19 300.000000 -1.000000 0.000000 0.200000 0.100000 110.000000 0.000000 -32842.528822 84.810857 7.089421
18 300.000000 -1.000000 0.000000 0.300000 0.100000 100.000000 0.000000 -32649.856276 99.132695 7.817636
18 300.000000 -1.000000 0.000000 0.300000 0.100000 100.000000 0.000000 -32830.622042 72.959344 6.407756
17 300.000000 -1.000000 0.000000 0.400000 0.100000 90.000000 0.000000 -32981.300976 67.407968 6.410120
18 300.000000 -1.000000 0.000000 0.300000 0.100000 100.000000 0.000000 -32799.262664 84.300690 7.808099
18 300.000000 -1.000000 0.000000 0.300000 0.100000 100.000000 0.000000 -32853.947537 73.494009 6.663768
16 300.000000 -1.000000 0.000000 0.500000 0.100000 80.000000 0.000000 -32789.099754 75.000817 7.232604
17 300.000000 -1.000000 0.000000 0.400000 0.100000 90.000000 0.000000 -32795.827757 46.317560 6.539713
16 300.000000 -1.000000 0.000000 0.500000 0.100000 80.000000 0.000000 -32736.222509 38.489188 8.022153
16 300.000000 -1.000000 0.000000 0.500000 0.100000 80.000000 0.000000 -32886.093568 31.995857 6.444162
15 300.000000 -1.000000 0.100000 0.500000 0.100000 70.000000 0.000000 -32920.933908 24.232186 7.793126
15 300.000000 -1.000000 0.100000 0.500000 0.100000 70.000000 0.000000 -32871.857211 9.995414 7.729405
15 300.000000 -1.000000 0.100000 0.500000 0.100000 70.000000 0.000000 -32764.756292 14.288791 6.933168
14 300.000000 -1.000000 0.200000 0.500000 0.100000 60.000000 0.000000 -32852.732648 12.176243 7.931115
13 300.000000 -1.000000 0.300000 0.500000 0.100000 50.000000 0.000000 -32760.638991 15.022168 6.546993
14 300.000000 -1.000000 0.200000 0.500000 0.100000 60.000000 0.000000 -32961.013736 9.879965 6.770732
14 300.000000 -1.000000 0.200000 0.500000 0.100000 60.000000 0.000000 -32764.348491 19.816799 8.269357
17 300.000000 -1.000000 0.000000 0.400000 0.100000 90.000000 0.000000 -32836.905629 66.579266 7.285877
18 300.000000 -1.000000 0.000000 0.300000 0.100000 100.000000 0.000000 -32802.967771 78.118403 7.141878
18 300.000000 -1.000000 0.000000 0.300000 0.100000 100.000000 0.000000 -32776.753419 57.522200 7.096843
17 300.000000 -1.000000 0.000000 0.400000 0.100000 90.000000 0.000000 -32911.344788 60.861817 6.810798
17 300.000000 -1.000000 0.000000 0.400000 0.100000 90.000000 0.000000 -32753.076983 72.224044 7.689302
16 300.000000 -1.000000 0.000000 0.500000 0.100000 80.000000 0.000000 -32942.052970 61.737612 6.586908
17 300.000000 -1.000000 0.000000 0.400000 0.100000 90.000000 0.000000 -32761.230964 71.349148 7.999644
18 300.000000 -1.000000 0.000000 0.300000 0.100000 100.000000 0.000000 -32785.609704 83.374474 6.717033
18 300.000000 -1.000000 0.000000 0.300000 0.100000 100.000000 0.000000 -32835.866070 87.601740 6.540690
18 300.000000 -1.000000 0.000000 0.300000 0.100000 100.000000 0.000000 -32888.555465 78.383508 3.703783
18 300.000000 -1.000000 0.000000 0.300000 0.100000 100.000000 0.000000 -32875.011811 75.375923 3.571313
18 300.000000 -1.000000 0.000000 0.300000 0.100000 100.000000 0.000000 -32821.006472 71.331157 6.651933
18 300.000000 -1.000000 0.000000 0.300000 0.100000 100.000000 0.000000 -32835.977415 78.820615 2.543025
18 300.000000 -1.000000 0.000000 0.300000 0.100000 100.000000 0.000000 -32833.141428 97.174427 5.080673
18 300.000000 -1.000000 0.000000 0.300000 0.100000 100.000000 0.000000 -32881.591355 51.498973 8.083070
16 300.000000 -1.000000 0.000000 0.500000 0.100000 80.000000 0.000000 -32925.683223 62.706456 6.979537
17 300.000000 -1.000000 0.000000 0.400000 0.100000 90.000000 0.000000 -32894.821046 67.772515 8.232976
17 300.000000 -1.000000 0.000000 0.400000 0.100000 90.000000 0.000000 -32754.048945 53.252399 6.403422
16 300.000000 -1.000000 0.000000 0.500000 0.100000 80.000000 0.000000 -32892.621962 53.060370 6.395614
18 300.000000 -1.000000 0.000000 0.300000 0.100000 100.000000 0.000000 -32713.314365 79.566743 8.282679
18 300.000000 -1.000000 0.000000 0.300000 0.100000 100.000000 0.000000 -32801.434292 81.997848 8.257229
17 300.000000 -1.000000 0.000000 0.400000 0.100000 90.000000 0.000000 -32915.998370 54.384232 6.759422
17 300.000000 -1.000000 0.000000 0.400000 0.100000 90.000000 0.000000 -32849.116641 53.571799 6.446268
16 300.000000 -1.000000 0.000000 0.500000 0.100000 80.000000 0.000000 -32866.108666 58.747667 7.871109
18 300.000000 -1.000000 0.000000 0.300000 0.100000 100.000000 0.000000 -32880.243415 81.223383 6.390577
18 300.000000 -1.000000 0.000000 0.300000 0.100000 100.000000 0.000000 -32843.367092 39.408164 6.424342
18 300.000000 -1.000000 0.000000 0.300000 0.100000 100.000000 0.000000 -32699.454472 70.286119 7.931788
17 300.000000 -1.000000 0.000000 0.400000 0.100000 90.000000 0.000000 -32961.725898 76.203096 7.709733
18 300.000000 -1.000000 0.000000 0.300000 0.100000 100.000000 0.000000 -32859.529902 61.521560 6.858292
17 300.000000 -1.000000 0.000000 0.400000 0.100000 90.000000 0.000000 -32832.402917 63.650399 6.468195
16 300.000000 -1.000000 0.000000 0.500000 0.100000 80.000000 0.000000 -32817.578349 69.998533 7.046231
18 300.000000 -1.000000 0.000000 0.300000 0.100000 100.000000 0.000000 -32919.754812 43.237428 6.598556
18 300.000000 -1.000000 0.000000 0.300000 0.100000 100.000000 0.000000 -32985.057859 39.817714 6.946403
19 300.000000 -1.000000 0.000000 0.200000 0.100000 110.000000 0.000000 -32721.681552 128.165564 6.720726
20 300.000000 -1.000000 0.000000 0.100000 0.100000 120.000000 0.000000 -32779.094741 166.906854 8.261076
20 300.000000 -1.000000 0.000000 0.100000 0.100000 120.000000 0.000000 -32801.553097 132.831571 8.241403
19 300.000000 -1.000000 0.000000 0.200000 0.100000 110.000000 0.000000 -33034.919987 109.484248 6.442533
19 300.000000 -1.000000 0.000000 0.200000 0.100000 110.000000 0.000000 -32665.828967 36.875867 7.267935
16 300.000000 -1.000000 0.000000 0.500000 0.100000 80.000000 0.000000 -32833.084624 45.563609 8.264991
16 300.000000 -1.000000 0.000000 0.500000 0.100000 80.000000 0.000000 -32742.144272 36.577761 6.931706
16 300.000000 -1.000000 0.000000 0.500000 0.100000 80.000000 0.000000 -32787.543734 43.159464 6.618861
17 300.000000 -1.000000 0.000000 0.400000 0.100000 90.000000 0.000000 -32766.408247 62.551132 6.659138
17 300.000000 -1.000000 0.000000 0.400000 0.100000 90.000000 0.000000 -32808.384801 31.481846 7.609269
16 300.000000 -1.000000 0.000000 0.500000 0.100000 80.000000 0.000000 -32794.206549 36.992607 6.434057
15 300.000000 -1.000000 0.100000 0.500000 0.100000 70.000000 0.000000 -32913.740095 22.285974 7.472090
15 300.000000 -1.000000 0.100000 0.500000 0.100000 70.000000 0.000000 -32616.235344 23.658522 6.871848
14 300.000000 -1.000000 0.200000 0.500000 0.100000 60.000000 0.000000 -32836.604085 11.149362 6.918193
14 300.000000 -1.000000 0.200000 0.500000 0.100000 60.000000 0.000000 -32865.731174 13.746976 6.959542
15 300.000000 -1.000000 0.100000 0.500000 0.100000 70.000000 0.000000 -32838.214184 36.966446 6.796287
15 300.000000 -1.000000 0.100000 0.500000 0.100000 70.000000 0.000000 -32855.804427 18.961253 6.662012
14 300.000000 -1.000000 0.200000 0.500000 0.100000 60.000000 0.000000 -32704.128879 15.374046 6.394361
14 300.000000 -1.000000 0.200000 0.500000 0.100000 60.000000 0.000000 -32837.475010 40.379146 6.670419
16 300.000000 -1.000000 0.000000 0.500000 0.100000 80.000000 0.000000 -32697.372476 51.037241 6.591958
19 300.000000 -1.000000 0.000000 0.200000 0.100000 110.000000 0.000000 -32674.793322 114.024286 6.392507
19 300.000000 -1.000000 0.000000 0.200000 0.100000 110.000000 0.000000 -32854.083604 124.227178 6.392071
19 300.000000 -1.000000 0.000000 0.200000 0.100000 110.000000 0.000000 -32890.824899 97.013433 7.434627
18 300.000000 -1.000000 0.000000 0.300000 0.100000 100.000000 0.000000 -32871.000942 66.950359 6.762952
17 300.000000 -1.000000 0.000000 0.400000 0.100000 90.000000 0.000000 -32852.293824 54.646420 6.408072
17 300.000000 -1.000000 0.000000 0.400000 0.100000 90.000000 0.000000 -32795.492302 60.224642 6.455586
17 300.000000 -1.000000 0.000000 0.400000 0.100000 90.000000 0.000000 -32901.042979 23.461396 6.783047
14 300.000000 -1.000000 0.200000 0.500000 0.100000 60.000000 0.000000 -32976.484376 27.320706 6.461231
15 300.000000 -1.000000 0.100000 0.500000 0.100000 70.000000 0.000000 -32972.203636 24.572416 6.404049
15 300.000000 -1.000000 0.100000 0.500000 0.100000 70.000000 0.000000 -32690.930780 28.106028 6.934625
16 300.000000 -1.000000 0.000000 0.500000 0.100000 80.000000 0.000000 -32965.410325 62.868903 8.276220
19 300.000000 -1.000000 0.000000 0.200000 0.100000 110.000000 0.000000 -32843.155364 72.502525 8.118956
17 300.000000 -1.000000 0.000000 0.400000 0.100000 90.000000 0.000000 -32781.516742 26.712087 6.977355
15 300.000000 -1.000000 0.100000 0.500000 0.100000 70.000000 0.000000 -32879.978715 10.119964 7.498910
15 300.000000 -1.000000 0.100000 0.500000 0.100000 70.000000 0.000000 -32778.844185 5.244591 6.389915
12 300.000000 -1.000000 0.400000 0.500000 0.100000 40.000000 0.000000 -32885.887192 -2.042590 6.925200
13 300.000000 -1.000000 0.300000 0.500000 0.100000 50.000000 0.000000 -32826.400342 20.000032 8.280040
13 300.000000 -1.000000 0.300000 0.500000 0.100000 50.000000 0.000000 -32876.486734 8.724454 6.407185
14 300.000000 -1.000000 0.200000 0.500000 0.100000 60.000000 0.000000 -32789.143950 11.627173 6.415089
13 300.000000 -1.000000 0.300000 0.500000 0.100000 50.000000 0.000000 -32973.015444 1.628931 7.770081
10 300.000000 1.000000 0.500000 0.500000 0.100000 30.000000 0.000000 -32824.703466 5.087117 7.198288
7 300.000000 1.000000 0.200000 0.500000 0.100000 60.000000 0.000000 -33006.217228 9.359958 8.251751
7 300.000000 1.000000 0.200000 0.500000 0.100000 60.000000 0.000000 -32976.485038 4.396236 6.678276
9 300.000000 1.000000 0.400000 0.500000 0.100000 40.000000 0.000000 -32758.218225 4.298372 7.061248
7 300.000000 1.000000 0.200000 0.500000 0.100000 60.000000 0.000000 -32779.424648 24.402646 7.709839
7 300.000000 1.000000 0.200000 0.500000 0.100000 60.000000 0.000000 -32945.660049 17.794995 7.045866
7 300.000000 1.000000 0.200000 0.500000 0.100000 60.000000 0.000000 -32860.809797 10.798172 6.818823
8 300.000000 1.000000 0.300000 0.500000 0.100000 50.000000 0.000000 -32933.957163 1.047835 7.698499
9 300.000000 1.000000 0.400000 0.500000 0.100000 40.000000 0.000000 -32929.481874 11.376458 6.597834
14 300.000000 -1.000000 0.200000 0.500000 0.100000 60.000000 0.000000 -33029.067181 13.930270 7.290489
14 300.000000 -1.000000 0.200000 0.500000 0.100000 60.000000 0.000000 -32888.198009 19.637681 7.223028
15 300.000000 -1.000000 0.100000 0.500000 0.100000 70.000000 0.000000 -32962.706366 15.188047 8.278534
15 300.000000 -1.000000 0.100000 0.500000 0.100000 70.000000 0.000000 -32900.907782 32.917336 7.210600
16 300.000000 -1.000000 0.000000 0.500000 0.100000 80.000000 0.000000 -32875.054318 40.327243 6.669703
17 300.000000 -1.000000 0.000000 0.400000 0.100000 90.000000 0.000000 -32736.873814 24.716074 6.399223
15 300.000000 -1.000000 0.100000 0.500000 0.100000 70.000000 0.000000 -32769.243992 21.403033 6.420673
15 300.000000 -1.000000 0.100000 0.500000 0.100000 70.000000 0.000000 -32735.137699 19.342287 6.822041
13 300.000000 -1.000000 0.300000 0.500000 0.100000 50.000000 0.000000 -32876.143366 9.089201 7.902472
13 300.000000 -1.000000 0.300000 0.500000 0.100000 50.000000 0.000000 -32804.166732 2.018124 6.889743
13 300.000000 -1.000000 0.300000 0.500000 0.100000 50.000000 0.000000 -32779.121964 2.443372 7.045500
13 300.000000 -1.000000 0.300000 0.500000 0.100000 50.000000 0.000000 -33016.634339 5.830551 6.409494
11 300.000000 -1.000000 0.500000 0.500000 0.100000 30.000000 0.000000 -32886.586562 3.898998 6.847804
12 300.000000 -1.000000 0.400000 0.500000 0.100000 40.000000 0.000000 -32847.924187 5.288706 6.469603
12 300.000000 -1.000000 0.400000 0.500000 0.100000 40.000000 0.000000 -32693.824711 2.335089 6.564214
12 300.000000 -1.000000 0.400000 0.500000 0.100000 40.000000 0.000000 -32881.562746 5.327388 7.494533
12 300.000000 -1.000000 0.400000 0.500000 0.100000 40.000000 0.000000 -32755.171775 4.919629 6.392592
11 300.000000 -1.000000 0.500000 0.500000 0.100000 30.000000 0.000000 -32875.925002 0.676168 7.363107
12 300.000000 -1.000000 0.400000 0.500000 0.100000 40.000000 0.000000 -32799.316473 -7.552344 6.420283
10 300.000000 1.000000 0.500000 0.500000 0.100000 30.000000 0.000000 -32816.222827 -4.227346 6.962312
10 300.000000 1.000000 0.500000 0.500000 0.100000 30.000000 0.000000 -32890.893287 -5.360101 7.233810
9 300.000000 1.000000 0.400000 0.500000 0.100000 40.000000 0.000000 -32914.181115 0.874246 6.394375
10 300.000000 1.000000 0.500000 0.500000 0.100000 30.000000 0.000000 -32739.496253 -1.007778 6.770390
10 300.000000 1.000000 0.500000 0.500000 0.100000 30.000000 0.000000 -33037.958779 3.374979 6.662370
12 300.000000 -1.000000 0.400000 0.500000 0.100000 40.000000 0.000000 -32898.272739 4.320998 7.219891
13 300.000000 -1.000000 0.300000 0.500000 0.100000 50.000000 0.000000 -32879.771459 4.204955 6.891263
13 300.000000 -1.000000 0.300000 0.500000 0.100000 50.000000 0.000000 -33004.523444 0.363088 7.821410
9 300.000000 1.000000 0.400000 0.500000 0.100000 40.000000 0.000000 -32861.722004 2.510214 8.001430
10 300.000000 1.000000 0.500000 0.500000 0.100000 30.000000 0.000000 -32887.803197 1.752899 7.071004
8 300.000000 1.000000 0.300000 0.500000 0.100000 50.000000 0.000000 -33003.159887 -2.146187 6.613929
10 300.000000 1.000000 0.500000 0.500000 0.100000 30.000000 0.000000 -32813.919248 -2.070735 7.153440
8 300.000000 1.000000 0.300000 0.500000 0.100000 50.000000 0.000000 -32839.327210 10.541046 7.188679
7 300.000000 1.000000 0.200000 0.500000 0.100000 60.000000 0.000000 -32767.897560 20.878220 6.971777
6 300.000000 1.000000 0.100000 0.500000 0.100000 70.000000 0.000000 -32812.841405 16.516500 6.531816
7 300.000000 1.000000 0.200000 0.500000 0.100000 60.000000 0.000000 -32719.414687 0.026647 7.050452
11 300.000000 -1.000000 0.500000 0.500000 0.100000 30.000000 0.000000 -32940.066899 -2.972498 8.157915
11 300.000000 -1.000000 0.500000 0.500000 0.100000 30.000000 0.000000 -32924.925987 5.389742 6.394913
12 300.000000 -1.000000 0.400000 0.500000 0.100000 40.000000 0.000000 -32789.526953 1.161220 7.481115
9 300.000000 1.000000 0.400000 0.500000 0.100000 40.000000 0.000000 -32936.454662 0.419691 7.082865
9 300.000000 1.000000 0.400000 0.500000 0.100000 40.000000 0.000000 -33042.948737 4.249883 6.868138
9 300.000000 1.000000 0.400000 0.500000 0.100000 40.000000 0.000000 -32807.055522 5.339399 8.111120
13 300.000000 -1.000000 0.300000 0.500000 0.100000 50.000000 0.000000 -32821.079249 -2.355909 7.747164
10 300.000000 1.000000 0.500000 0.500000 0.100000 30.000000 0.000000 -32999.165653 2.285801 7.323357
11 300.000000 -1.000000 0.500000 0.500000 0.100000 30.000000 0.000000 -32943.400415 -1.428938 6.402448
11 300.000000 -1.000000 0.500000 0.500000 0.100000 30.000000 0.000000 -32877.744393 -11.387472 6.473787
10 300.000000 1.000000 0.500000 0.500000 0.100000 30.000000 0.000000 -32889.052721 3.032914 7.333274
11 300.000000 -1.000000 0.500000 0.500000 0.100000 30.000000 0.000000 -32834.074469 -1.136258 6.390671
10 300.000000 1.000000 0.500000 0.500000 0.100000 30.000000 0.000000 -32837.344426 -1.641503 6.456692
11 300.000000 -1.000000 0.500000 0.500000 0.100000 30.000000 0.000000 -32938.619359 1.276919 6.849930
13 300.000000 -1.000000 0.300000 0.500000 0.100000 50.000000 0.000000 -32824.257801 15.354092 7.080396
13 300.000000 -1.000000 0.300000 0.500000 0.100000 50.000000 0.000000 -32786.826225 6.080675 7.787145
12 300.000000 -1.000000 0.400000 0.500000 0.100000 40.000000 0.000000 -32744.335459 -3.144219 8.105813
12 300.000000 -1.000000 0.400000 0.500000 0.100000 40.000000 0.000000 -32898.069222 -1.599523 7.914526
9 300.000000 1.000000 0.400000 0.500000 0.100000 40.000000 0.000000 -32964.598154 2.106125 7.329963
9 300.000000 1.000000 0.400000 0.500000 0.100000 40.000000 0.000000 -32826.035296 1.581836 6.497754
10 300.000000 1.000000 0.500000 0.500000 0.100000 30.000000 0.000000 -32954.784298 -1.802126 6.394473
13 300.000000 -1.000000 0.300000 0.500000 0.100000 50.000000 0.000000 -32952.758066 9.407426 6.789207
14 300.000000 -1.000000 0.200000 0.500000 0.100000 60.000000 0.000000 -32790.765723 12.558914 7.229817
14 300.000000 -1.000000 0.200000 0.500000 0.100000 60.000000 0.000000 -32828.737538 7.320961 7.441705
13 300.000000 -1.000000 0.300000 0.500000 0.100000 50.000000 0.000000 -32866.475764 3.839573 7.979895
13 300.000000 -1.000000 0.300000 0.500000 0.100000 50.000000 0.000000 -32848.903996 19.258086 1.307532
14 300.000000 -1.000000 0.200000 0.500000 0.100000 60.000000 0.000000 -32736.665912 39.033424 0.759042
15 300.000000 -1.000000 0.100000 0.500000 0.100000 70.000000 0.000000 -32928.333170 31.280187 5.627541
15 300.000000 -1.000000 0.100000 0.500000 0.100000 70.000000 0.000000 -32848.755295 17.696945 6.679075
14 300.000000 -1.000000 0.200000 0.500000 0.100000 60.000000 0.000000 -32851.190165 11.909340 6.889709
