300.000000 0.000000 0.000000 0.000000 0.000000 0.000000 0.000000 -34908.129257 930.369527
300.000000 0.002000 0.002000 0.002000 0.000000 0.000000 0.000000 -34934.138487 953.387887
300.000000 0.004000 0.004000 0.004000 0.000000 0.000000 0.000000 -34883.366934 832.377078
300.000000 0.006000 0.006000 0.006000 0.000000 0.000000 0.000000 -34881.083530 975.083056
300.000000 0.008000 0.008000 0.008000 0.000000 0.000000 0.000000 -34823.189869 847.338862
300.000000 0.010000 0.010000 0.010000 0.000000 0.000000 0.000000 -34861.467612 736.264123
300.000000 0.012000 0.012000 0.012000 0.000000 0.000000 0.000000 -34808.071606 753.804189
300.000000 0.014000 0.014000 0.014000 0.000000 0.000000 0.000000 -34862.394224 702.990105
300.000000 0.016000 0.016000 0.016000 0.000000 0.000000 0.000000 -34825.134280 682.823941
300.000000 0.018000 0.018000 0.018000 0.000000 0.000000 0.000000 -34916.027475 162.133043
300.000000 0.020000 0.020000 0.020000 0.000000 0.000000 0.000000 -34860.963383 224.478336
300.000000 0.022000 0.022000 0.022000 0.000000 0.000000 0.000000 -34832.925240 169.080916
300.000000 0.024000 0.024000 0.024000 0.000000 0.000000 0.000000 -34873.804080 151.601627
300.000000 0.026000 0.026000 0.026000 0.000000 0.000000 0.000000 -34951.138332 202.439800
300.000000 0.028000 0.028000 0.028000 0.000000 0.000000 0.000000 -34855.062843 108.221032
300.000000 0.030000 0.030000 0.030000 0.000000 0.000000 0.000000 -34852.099659 167.620649
300.000000 0.032000 0.032000 0.032000 0.000000 0.000000 0.000000 -34810.345844 51.590141
300.000000 0.034000 0.034000 0.034000 0.000000 0.000000 0.000000 -34636.500302 47.483537
300.000000 0.036000 0.036000 0.036000 0.000000 0.000000 0.000000 -34661.561498 52.504239
300.000000 0.038000 0.038000 0.038000 0.000000 0.000000 0.000000 -34744.324362 142.728266
300.000000 0.040000 0.040000 0.040000 0.000000 0.000000 0.000000 -34781.639719 129.796176
300.000000 0.042000 0.042000 0.042000 0.000000 0.000000 0.000000 -34750.658886 56.702685
300.000000 0.044000 0.044000 0.044000 0.000000 0.000000 0.000000 -34691.381100 86.216974
300.000000 0.046000 0.046000 0.046000 0.000000 0.000000 0.000000 -34596.046288 76.523693
300.000000 0.048000 0.048000 0.048000 0.000000 0.000000 0.000000 -34748.651521 118.136578
300.000000 0.050000 0.050000 0.050000 0.000000 0.000000 0.000000 -34718.288327 74.794014
300.000000 0.052000 0.052000 0.052000 0.000000 0.000000 0.000000 -34730.353216 59.059737
300.000000 0.054000 0.054000 0.054000 0.000000 0.000000 0.000000 -34818.479279 107.965706
300.000000 0.056000 0.056000 0.056000 0.000000 0.000000 0.000000 -34848.428827 46.482196
300.000000 0.058000 0.058000 0.058000 0.000000 0.000000 0.000000 -34727.668154 75.885117
300.000000 0.060000 0.060000 0.060000 0.000000 0.000000 0.000000 -34838.798779 50.832611
300.000000 0.062000 0.062000 0.062000 0.000000 0.000000 0.000000 -34782.846766 101.825498
300.000000 0.064000 0.064000 0.064000 0.000000 0.000000 0.000000 -34801.929287 50.080632
300.000000 0.066000 0.066000 0.066000 0.000000 0.000000 0.000000 -34846.189917 80.294070
300.000000 0.068000 0.068000 0.068000 0.000000 0.000000 0.000000 -34871.517204 74.102317
300.000000 0.070000 0.070000 0.070000 0.000000 0.000000 0.000000 -34853.765133 63.437494
300.000000 0.072000 0.072000 0.072000 0.000000 0.000000 0.000000 -34632.613808 88.965748
300.000000 0.074000 0.074000 0.074000 0.000000 0.000000 0.000000 -34852.582968 81.877127
300.000000 0.076000 0.076000 0.076000 0.000000 0.000000 0.000000 -34745.760487 83.482359
300.000000 0.078000 0.078000 0.078000 0.000000 0.000000 0.000000 -34766.374646 79.243262
300.000000 0.080000 0.080000 0.080000 0.000000 0.000000 0.000000 -34889.802908 41.768476
300.000000 0.082000 0.082000 0.082000 0.000000 0.000000 0.000000 -34896.647817 86.710496
300.000000 0.084000 0.084000 0.084000 0.000000 0.000000 0.000000 -34970.149004 82.047036
300.000000 0.086000 0.086000 0.086000 0.000000 0.000000 0.000000 -34937.980684 67.363749
300.000000 0.088000 0.088000 0.088000 0.000000 0.000000 0.000000 -34960.666271 64.251009
300.000000 0.090000 0.090000 0.090000 0.000000 0.000000 0.000000 -34952.168065 38.274765
300.000000 0.092000 0.092000 0.092000 0.000000 0.000000 0.000000 -34816.728975 60.775347
300.000000 0.094000 0.094000 0.094000 0.000000 0.000000 0.000000 -34817.634999 78.158919
300.000000 0.096000 0.096000 0.096000 0.000000 0.000000 0.000000 -34828.380122 50.610935
300.000000 0.098000 0.098000 0.098000 0.000000 0.000000 0.000000 -34885.766324 55.901694
300.000000 0.100000 0.100000 0.100000 0.000000 0.000000 0.000000 -34840.903533 55.350247
300.000000 0.102000 0.102000 0.102000 0.000000 0.000000 0.000000 -34865.430291 59.809178
300.000000 0.104000 0.104000 0.104000 0.000000 0.000000 0.000000 -34792.936565 83.208961
300.000000 0.106000 0.106000 0.106000 0.000000 0.000000 0.000000 -34844.609545 56.759469
300.000000 0.108000 0.108000 0.108000 0.000000 0.000000 0.000000 -34854.314782 35.744054
300.000000 0.110000 0.110000 0.110000 0.000000 0.000000 0.000000 -34871.603601 31.328157
300.000000 0.112000 0.112000 0.112000 0.000000 0.000000 0.000000 -34859.572151 37.249038
300.000000 0.114000 0.114000 0.114000 0.000000 0.000000 0.000000 -34759.626334 61.853570
300.000000 0.116000 0.116000 0.116000 0.000000 0.000000 0.000000 -34813.333045 32.028842
300.000000 0.118000 0.118000 0.118000 0.000000 0.000000 0.000000 -34876.054384 32.753925
300.000000 0.120000 0.120000 0.120000 0.000000 0.000000 0.000000 -34739.642482 58.106105
300.000000 0.122000 0.122000 0.122000 0.000000 0.000000 0.000000 -34837.547907 27.243336
300.000000 0.124000 0.124000 0.124000 0.000000 0.000000 0.000000 -34894.801218 36.048613
300.000000 0.126000 0.126000 0.126000 0.000000 0.000000 0.000000 -34833.798885 13.990474
300.000000 0.128000 0.128000 0.128000 0.000000 0.000000 0.000000 -34876.736793 35.985310
300.000000 0.130000 0.130000 0.130000 0.000000 0.000000 0.000000 -34841.569632 39.778526
300.000000 0.132000 0.132000 0.132000 0.000000 0.000000 0.000000 -34839.202729 25.285459
300.000000 0.134000 0.134000 0.134000 0.000000 0.000000 0.000000 -34714.342475 23.881451
300.000000 0.136000 0.136000 0.136000 0.000000 0.000000 0.000000 -34998.533037 39.629497
300.000000 0.138000 0.138000 0.138000 0.000000 0.000000 0.000000 -34955.751236 25.138723
300.000000 0.140000 0.140000 0.140000 0.000000 0.000000 0.000000 -34867.004146 20.913759
300.000000 0.142000 0.142000 0.142000 0.000000 0.000000 0.000000 -34849.575892 28.655899
300.000000 0.144000 0.144000 0.144000 0.000000 0.000000 0.000000 -34884.790779 30.190197
300.000000 0.146000 0.146000 0.146000 0.000000 0.000000 0.000000 -34848.210045 39.560844
300.000000 0.148000 0.148000 0.148000 0.000000 0.000000 0.000000 -34890.772680 27.767634
300.000000 0.150000 0.150000 0.150000 0.000000 0.000000 0.000000 -34829.393610 40.804896
300.000000 0.152000 0.152000 0.152000 0.000000 0.000000 0.000000 -34791.344495 41.902692
300.000000 0.154000 0.154000 0.154000 0.000000 0.000000 0.000000 -34833.047092 36.270881
300.000000 0.156000 0.156000 0.156000 0.000000 0.000000 0.000000 -34823.031086 25.438916
300.000000 0.158000 0.158000 0.158000 0.000000 0.000000 0.000000 -34776.230071 33.160122
300.000000 0.160000 0.160000 0.160000 0.000000 0.000000 0.000000 -34849.448724 46.204248
300.000000 0.162000 0.162000 0.162000 0.000000 0.000000 0.000000 -34854.449065 44.064642
300.000000 0.164000 0.164000 0.164000 0.000000 0.000000 0.000000 -34835.059947 46.464697
300.000000 0.166000 0.166000 0.166000 0.000000 0.000000 0.000000 -34817.280794 21.407603
300.000000 0.168000 0.168000 0.168000 0.000000 0.000000 0.000000 -34876.210433 8.481380
300.000000 0.170000 0.170000 0.170000 0.000000 0.000000 0.000000 -34856.344183 15.325450
300.000000 0.172000 0.172000 0.172000 0.000000 0.000000 0.000000 -34857.236960 23.111701
300.000000 0.174000 0.174000 0.174000 0.000000 0.000000 0.000000 -34792.165073 12.288770
300.000000 0.176000 0.176000 0.176000 0.000000 0.000000 0.000000 -34817.516529 20.964206
300.000000 0.178000 0.178000 0.178000 0.000000 0.000000 0.000000 -34846.129920 6.150777
300.000000 0.180000 0.180000 0.180000 0.000000 0.000000 0.000000 -34729.999706 22.774347
300.000000 0.182000 0.182000 0.182000 0.000000 0.000000 0.000000 -34795.044159 17.728571
300.000000 0.184000 0.184000 0.184000 0.000000 0.000000 0.000000 -34804.031376 20.389290
300.000000 0.186000 0.186000 0.186000 0.000000 0.000000 0.000000 -34815.631735 25.071992
300.000000 0.188000 0.188000 0.188000 0.000000 0.000000 0.000000 -34717.840982 22.132666
300.000000 0.190000 0.190000 0.190000 0.000000 0.000000 0.000000 -34725.643561 23.403018
300.000000 0.192000 0.192000 0.192000 0.000000 0.000000 0.000000 -34848.829042 18.970115
300.000000 0.194000 0.194000 0.194000 0.000000 0.000000 0.000000 -34750.848139 17.101005
300.000000 0.196000 0.196000 0.196000 0.000000 0.000000 0.000000 -34827.391407 13.056781
300.000000 0.198000 0.198000 0.198000 0.000000 0.000000 0.000000 -34806.681202 16.124559
300.000000 0.200000 0.200000 0.200000 0.000000 0.000000 0.000000 -34771.430556 17.504851
300.000000 0.202000 0.202000 0.202000 0.000000 0.000000 0.000000 -34757.465665 17.601801
300.000000 0.204000 0.204000 0.204000 0.000000 0.000000 0.000000 -34821.151350 43.757397
300.000000 0.206000 0.206000 0.206000 0.000000 0.000000 0.000000 -34789.948140 15.901012
300.000000 0.208000 0.208000 0.208000 0.000000 0.000000 0.000000 -34801.478202 20.495616
300.000000 0.210000 0.210000 0.210000 0.000000 0.000000 0.000000 -34785.631807 12.168084
300.000000 0.212000 0.212000 0.212000 0.000000 0.000000 0.000000 -34886.598929 20.276371
300.000000 0.214000 0.214000 0.214000 0.000000 0.000000 0.000000 -34789.071378 37.459466
300.000000 0.216000 0.216000 0.216000 0.000000 0.000000 0.000000 -34814.170561 33.570406
300.000000 0.218000 0.218000 0.218000 0.000000 0.000000 0.000000 -34802.263119 15.641519
300.000000 0.220000 0.220000 0.220000 0.000000 0.000000 0.000000 -34883.638390 17.135660
300.000000 0.222000 0.222000 0.222000 0.000000 0.000000 0.000000 -34914.068274 18.999799
300.000000 0.224000 0.224000 0.224000 0.000000 0.000000 0.000000 -34922.113618 22.475903
300.000000 0.226000 0.226000 0.226000 0.000000 0.000000 0.000000 -34798.732525 25.500792
300.000000 0.228000 0.228000 0.228000 0.000000 0.000000 0.000000 -34890.924387 20.659090
300.000000 0.230000 0.230000 0.230000 0.000000 0.000000 0.000000 -34909.594191 9.096788
300.000000 0.232000 0.232000 0.232000 0.000000 0.000000 0.000000 -34913.504165 21.424034
300.000000 0.234000 0.234000 0.234000 0.000000 0.000000 0.000000 -34906.091746 16.493786
300.000000 0.236000 0.236000 0.236000 0.000000 0.000000 0.000000 -34833.188166 11.560946
300.000000 0.238000 0.238000 0.238000 0.000000 0.000000 0.000000 -34836.866910 20.018138
300.000000 0.240000 0.240000 0.240000 0.000000 0.000000 0.000000 -34803.308932 19.841253
300.000000 0.242000 0.242000 0.242000 0.000000 0.000000 0.000000 -34861.495955 11.981087
300.000000 0.244000 0.244000 0.244000 0.000000 0.000000 0.000000 -34894.379060 6.874478
300.000000 0.246000 0.246000 0.246000 0.000000 0.000000 0.000000 -35016.728083 16.541025
300.000000 0.248000 0.248000 0.248000 0.000000 0.000000 0.000000 -34921.972628 27.963609
300.000000 0.250000 0.250000 0.250000 0.000000 0.000000 0.000000 -34950.676494 13.932588
300.000000 0.252000 0.252000 0.252000 0.000000 0.000000 0.000000 -35011.816096 21.284206
300.000000 0.254000 0.254000 0.254000 0.000000 0.000000 0.000000 -34852.514810 7.864176
300.000000 0.256000 0.256000 0.256000 0.000000 0.000000 0.000000 -34958.176323 21.813864
300.000000 0.258000 0.258000 0.258000 0.000000 0.000000 0.000000 -34917.719181 5.604427
300.000000 0.260000 0.260000 0.260000 0.000000 0.000000 0.000000 -34937.365223 2.855100
300.000000 0.262000 0.262000 0.262000 0.000000 0.000000 0.000000 -34784.508599 17.325576
300.000000 0.264000 0.264000 0.264000 0.000000 0.000000 0.000000 -34886.284421 2.419481
300.000000 0.266000 0.266000 0.266000 0.000000 0.000000 0.000000 -34811.174259 13.981590
300.000000 0.268000 0.268000 0.268000 0.000000 0.000000 0.000000 -34796.738249 14.709686
300.000000 0.270000 0.270000 0.270000 0.000000 0.000000 0.000000 -34881.510095 5.790803
300.000000 0.272000 0.272000 0.272000 0.000000 0.000000 0.000000 -34922.076556 0.527163
300.000000 0.274000 0.274000 0.274000 0.000000 0.000000 0.000000 -34847.714659 13.047324
300.000000 0.276000 0.276000 0.276000 0.000000 0.000000 0.000000 -34858.047549 7.696293
300.000000 0.278000 0.278000 0.278000 0.000000 0.000000 0.000000 -34939.561567 16.496508
300.000000 0.280000 0.280000 0.280000 0.000000 0.000000 0.000000 -34804.508753 17.746228
300.000000 0.282000 0.282000 0.282000 0.000000 0.000000 0.000000 -34855.830919 30.797068
300.000000 0.284000 0.284000 0.284000 0.000000 0.000000 0.000000 -34920.021571 13.145784
300.000000 0.286000 0.286000 0.286000 0.000000 0.000000 0.000000 -34772.274207 23.424401
300.000000 0.288000 0.288000 0.288000 0.000000 0.000000 0.000000 -34899.090586 7.055625
300.000000 0.290000 0.290000 0.290000 0.000000 0.000000 0.000000 -34891.462589 22.417714
300.000000 0.292000 0.292000 0.292000 0.000000 0.000000 0.000000 -34963.368064 23.158183
300.000000 0.294000 0.294000 0.294000 0.000000 0.000000 0.000000 -34959.845331 13.321072
300.000000 0.296000 0.296000 0.296000 0.000000 0.000000 0.000000 -34854.322248 23.100430
300.000000 0.298000 0.298000 0.298000 0.000000 0.000000 0.000000 -34831.477172 4.217869
300.000000 0.300000 0.300000 0.300000 0.000000 0.000000 0.000000 -34885.261956 13.936522
300.000000 0.302000 0.302000 0.302000 0.000000 0.000000 0.000000 -34892.102384 14.269519
300.000000 0.304000 0.304000 0.304000 0.000000 0.000000 0.000000 -34899.113602 -0.904027
300.000000 0.306000 0.306000 0.306000 0.000000 0.000000 0.000000 -34873.037516 14.641586
300.000000 0.308000 0.308000 0.308000 0.000000 0.000000 0.000000 -34901.051766 10.740534
300.000000 0.310000 0.310000 0.310000 0.000000 0.000000 0.000000 -34744.932524 4.105665
300.000000 0.312000 0.312000 0.312000 0.000000 0.000000 0.000000 -34870.470412 10.409938
300.000000 0.314000 0.314000 0.314000 0.000000 0.000000 0.000000 -34781.152909 -2.179320
300.000000 0.316000 0.316000 0.316000 0.000000 0.000000 0.000000 -34890.092307 8.003134
300.000000 0.318000 0.318000 0.318000 0.000000 0.000000 0.000000 -34844.680797 -2.581479
300.000000 0.320000 0.320000 0.320000 0.000000 0.000000 0.000000 -34706.661077 5.957327
300.000000 0.322000 0.322000 0.322000 0.000000 0.000000 0.000000 -34742.501189 11.183992
300.000000 0.324000 0.324000 0.324000 0.000000 0.000000 0.000000 -34738.301758 18.699589
300.000000 0.326000 0.326000 0.326000 0.000000 0.000000 0.000000 -34792.338181 20.955431
300.000000 0.328000 0.328000 0.328000 0.000000 0.000000 0.000000 -34764.344102 11.115526
300.000000 0.330000 0.330000 0.330000 0.000000 0.000000 0.000000 -34827.188126 8.262736
300.000000 0.332000 0.332000 0.332000 0.000000 0.000000 0.000000 -34733.424799 12.349917
300.000000 0.334000 0.334000 0.334000 0.000000 0.000000 0.000000 -34731.268871 -0.763405
300.000000 0.336000 0.336000 0.336000 0.000000 0.000000 0.000000 -34650.060252 -1.139508
300.000000 0.338000 0.338000 0.338000 0.000000 0.000000 0.000000 -34599.295117 17.710306
300.000000 0.340000 0.340000 0.340000 0.000000 0.000000 0.000000 -34727.600450 3.869880
300.000000 0.342000 0.342000 0.342000 0.000000 0.000000 0.000000 -34746.224870 7.745195
300.000000 0.344000 0.344000 0.344000 0.000000 0.000000 0.000000 -34777.043491 17.018944
300.000000 0.346000 0.346000 0.346000 0.000000 0.000000 0.000000 -34846.419441 6.886403
300.000000 0.348000 0.348000 0.348000 0.000000 0.000000 0.000000 -34911.408952 1.711720
300.000000 0.350000 0.350000 0.350000 0.000000 0.000000 0.000000 -34845.482414 11.678885
300.000000 0.352000 0.352000 0.352000 0.000000 0.000000 0.000000 -34938.731091 6.314645
300.000000 0.354000 0.354000 0.354000 0.000000 0.000000 0.000000 -35040.076732 10.302816
300.000000 0.356000 0.356000 0.356000 0.000000 0.000000 0.000000 -34766.955799 4.656078
300.000000 0.358000 0.358000 0.358000 0.000000 0.000000 0.000000 -34904.971198 -2.348252
300.000000 0.360000 0.360000 0.360000 0.000000 0.000000 0.000000 -34791.906834 5.679926
300.000000 0.362000 0.362000 0.362000 0.000000 0.000000 0.000000 -34887.170812 8.933781
300.000000 0.364000 0.364000 0.364000 0.000000 0.000000 0.000000 -34874.005549 0.784698
300.000000 0.366000 0.366000 0.366000 0.000000 0.000000 0.000000 -34795.329379 -1.584256
300.000000 0.368000 0.368000 0.368000 0.000000 0.000000 0.000000 -34768.661408 -6.554433
300.000000 0.370000 0.370000 0.370000 0.000000 0.000000 0.000000 -34890.070001 8.620095
300.000000 0.372000 0.372000 0.372000 0.000000 0.000000 0.000000 -34946.101136 11.784563
300.000000 0.374000 0.374000 0.374000 0.000000 0.000000 0.000000 -34955.063441 4.349307
300.000000 0.376000 0.376000 0.376000 0.000000 0.000000 0.000000 -34878.815824 5.048642
300.000000 0.378000 0.378000 0.378000 0.000000 0.000000 0.000000 -34951.030355 5.663504
300.000000 0.380000 0.380000 0.380000 0.000000 0.000000 0.000000 -34824.132649 10.182534
300.000000 0.382000 0.382000 0.382000 0.000000 0.000000 0.000000 -34868.942468 5.945499
300.000000 0.384000 0.384000 0.384000 0.000000 0.000000 0.000000 -34824.963440 1.444143
300.000000 0.386000 0.386000 0.386000 0.000000 0.000000 0.000000 -34787.871757 15.987378
300.000000 0.388000 0.388000 0.388000 0.000000 0.000000 0.000000 -34828.744772 7.230643
300.000000 0.390000 0.390000 0.390000 0.000000 0.000000 0.000000 -34877.286473 2.543701
300.000000 0.392000 0.392000 0.392000 0.000000 0.000000 0.000000 -34746.247498 11.748265
300.000000 0.394000 0.394000 0.394000 0.000000 0.000000 0.000000 -34747.911139 13.057929
300.000000 0.396000 0.396000 0.396000 0.000000 0.000000 0.000000 -34728.928061 4.083988
300.000000 0.398000 0.398000 0.398000 0.000000 0.000000 0.000000 -34790.448046 4.230742
300.000000 0.400000 0.400000 0.400000 0.000000 0.000000 0.000000 -34818.051877 1.076593
300.000000 0.402000 0.402000 0.402000 0.000000 0.000000 0.000000 -34832.909244 9.103064
300.000000 0.404000 0.404000 0.404000 0.000000 0.000000 0.000000 -34820.676270 9.620212
300.000000 0.406000 0.406000 0.406000 0.000000 0.000000 0.000000 -34938.179850 8.188543
300.000000 0.408000 0.408000 0.408000 0.000000 0.000000 0.000000 -34993.220637 4.973443
300.000000 0.410000 0.410000 0.410000 0.000000 0.000000 0.000000 -34964.570440 -3.877428
300.000000 0.412000 0.412000 0.412000 0.000000 0.000000 0.000000 -34959.250700 14.017991
300.000000 0.414000 0.414000 0.414000 0.000000 0.000000 0.000000 -34938.842582 -4.820437
300.000000 0.416000 0.416000 0.416000 0.000000 0.000000 0.000000 -34907.947719 8.804882
300.000000 0.418000 0.418000 0.418000 0.000000 0.000000 0.000000 -34867.100077 14.363587
300.000000 0.420000 0.420000 0.420000 0.000000 0.000000 0.000000 -34802.432062 -2.045813
300.000000 0.422000 0.422000 0.422000 0.000000 0.000000 0.000000 -34788.543334 1.726815
300.000000 0.424000 0.424000 0.424000 0.000000 0.000000 0.000000 -34763.976789 18.916396
300.000000 0.426000 0.426000 0.426000 0.000000 0.000000 0.000000 -34667.449814 7.964088
300.000000 0.428000 0.428000 0.428000 0.000000 0.000000 0.000000 -34696.383440 2.202614
300.000000 0.430000 0.430000 0.430000 0.000000 0.000000 0.000000 -34762.305382 3.837259
300.000000 0.432000 0.432000 0.432000 0.000000 0.000000 0.000000 -34762.485236 7.448573
300.000000 0.434000 0.434000 0.434000 0.000000 0.000000 0.000000 -34700.808035 0.598329
300.000000 0.436000 0.436000 0.436000 0.000000 0.000000 0.000000 -34798.034223 -1.431667
300.000000 0.438000 0.438000 0.438000 0.000000 0.000000 0.000000 -34790.834304 9.690878
300.000000 0.440000 0.440000 0.440000 0.000000 0.000000 0.000000 -34797.752151 3.528460
300.000000 0.442000 0.442000 0.442000 0.000000 0.000000 0.000000 -34769.270754 8.449223
300.000000 0.444000 0.444000 0.444000 0.000000 0.000000 0.000000 -34820.355680 0.806050
300.000000 0.446000 0.446000 0.446000 0.000000 0.000000 0.000000 -34763.048161 2.290445
300.000000 0.448000 0.448000 0.448000 0.000000 0.000000 0.000000 -34830.017009 -3.740488
300.000000 0.450000 0.450000 0.450000 0.000000 0.000000 0.000000 -34793.265619 3.657827
300.000000 0.452000 0.452000 0.452000 0.000000 0.000000 0.000000 -34973.751212 -5.839372
300.000000 0.454000 0.454000 0.454000 0.000000 0.000000 0.000000 -34892.613630 -3.338321
300.000000 0.456000 0.456000 0.456000 0.000000 0.000000 0.000000 -34880.065727 1.521376
300.000000 0.458000 0.458000 0.458000 0.000000 0.000000 0.000000 -34884.523152 9.430807
300.000000 0.460000 0.460000 0.460000 0.000000 0.000000 0.000000 -34850.605186 4.576985
300.000000 0.462000 0.462000 0.462000 0.000000 0.000000 0.000000 -34815.679258 2.509486
300.000000 0.464000 0.464000 0.464000 0.000000 0.000000 0.000000 -34804.169814 7.828377
300.000000 0.466000 0.466000 0.466000 0.000000 0.000000 0.000000 -34894.277658 10.520999
300.000000 0.468000 0.468000 0.468000 0.000000 0.000000 0.000000 -34798.704684 20.159600
300.000000 0.470000 0.470000 0.470000 0.000000 0.000000 0.000000 -34769.841341 -2.664445
300.000000 0.472000 0.472000 0.472000 0.000000 0.000000 0.000000 -34884.668795 -6.896822
300.000000 0.474000 0.474000 0.474000 0.000000 0.000000 0.000000 -34659.807408 4.420666
300.000000 0.476000 0.476000 0.476000 0.000000 0.000000 0.000000 -34583.742003 6.123574
300.000000 0.478000 0.478000 0.478000 0.000000 0.000000 0.000000 -34755.137749 2.358176
300.000000 0.480000 0.480000 0.480000 0.000000 0.000000 0.000000 -34895.974114 -2.904819
300.000000 0.482000 0.482000 0.482000 0.000000 0.000000 0.000000 -34693.734094 14.064877
300.000000 0.484000 0.484000 0.484000 0.000000 0.000000 0.000000 -34808.107587 2.442506
300.000000 0.486000 0.486000 0.486000 0.000000 0.000000 0.000000 -34805.607335 4.835791
300.000000 0.488000 0.488000 0.488000 0.000000 0.000000 0.000000 -34752.769463 -1.644043
300.000000 0.490000 0.490000 0.490000 0.000000 0.000000 0.000000 -34965.094325 -14.090143
300.000000 0.492000 0.492000 0.492000 0.000000 0.000000 0.000000 -34974.581215 -4.913471
300.000000 0.494000 0.494000 0.494000 0.000000 0.000000 0.000000 -34879.345515 -5.540688
300.000000 0.496000 0.496000 0.496000 0.000000 0.000000 0.000000 -34991.831742 -6.037297
300.000000 0.498000 0.498000 0.498000 0.000000 0.000000 0.000000 -34994.204468 1.438191
