50.000000 0.500000 0.500000 0.500000 0.000000 0.000000 0.000000 -40511.338404 3.077199
58.333333 0.500000 0.500000 0.500000 0.000000 0.000000 0.000000 -40414.508893 -4.003346
66.666667 0.500000 0.500000 0.500000 0.000000 0.000000 0.000000 -40371.220022 -2.390057
75.000000 0.500000 0.500000 0.500000 0.000000 0.000000 0.000000 -40254.743332 -4.107911
83.333333 0.500000 0.500000 0.500000 0.000000 0.000000 0.000000 -40181.364632 -1.209967
91.666667 0.500000 0.500000 0.500000 0.000000 0.000000 0.000000 -40054.842546 -11.636592
100.000000 0.500000 0.500000 0.500000 0.000000 0.000000 0.000000 -39923.357152 -1.837357
108.333333 0.500000 0.500000 0.500000 0.000000 0.000000 0.000000 -39824.988072 7.932003
116.666667 0.500000 0.500000 0.500000 0.000000 0.000000 0.000000 -39676.266957 2.957696
125.000000 0.500000 0.500000 0.500000 0.000000 0.000000 0.000000 -39557.085224 6.199211
133.333333 0.500000 0.500000 0.500000 0.000000 0.000000 0.000000 -39326.507977 1.747729
141.666667 0.500000 0.500000 0.500000 0.000000 0.000000 0.000000 -39185.424805 -13.220005
150.000000 0.500000 0.500000 0.500000 0.000000 0.000000 0.000000 -39037.260782 3.077199
158.333333 0.500000 0.500000 0.500000 0.000000 0.000000 0.000000 -38820.307292 4.302103
166.666667 0.500000 0.500000 0.500000 0.000000 0.000000 0.000000 -38554.885748 3.047323
175.000000 0.500000 0.500000 0.500000 0.000000 0.000000 0.000000 -38473.567970 -17.835803
183.333333 0.500000 0.500000 0.500000 0.000000 0.000000 0.000000 -38193.003040 0.179254
191.666667 0.500000 0.500000 0.500000 0.000000 0.000000 0.000000 -38050.996945 -1.658102
200.000000 0.500000 0.500000 0.500000 0.000000 0.000000 0.000000 -37768.098310 -0.492949
208.333333 0.500000 0.500000 0.500000 0.000000 0.000000 0.000000 -37450.831937 -11.054015
216.666667 0.500000 0.500000 0.500000 0.000000 0.000000 0.000000 -37227.869796 -9.485540
225.000000 0.500000 0.500000 0.500000 0.000000 0.000000 0.000000 -36858.444156 -8.783461
233.333333 0.500000 0.500000 0.500000 0.000000 0.000000 0.000000 -36463.456324 -0.985899
241.666667 0.500000 0.500000 0.500000 0.000000 0.000000 0.000000 -36110.533574 -13.070626
250.000000 0.500000 0.500000 0.500000 0.000000 0.000000 0.000000 -35741.742734 1.195029
258.333333 0.500000 0.500000 0.500000 0.000000 0.000000 0.000000 -35344.177553 6.542782
266.666667 0.500000 0.500000 0.500000 0.000000 0.000000 0.000000 -34922.128535 4.048160
275.000000 0.500000 0.500000 0.500000 0.000000 0.000000 0.000000 -34479.594039 11.322897
283.333333 0.500000 0.500000 0.500000 0.000000 0.000000 0.000000 -33948.617749 0.911209
291.666667 0.500000 0.500000 0.500000 0.000000 0.000000 0.000000 -33559.227836 30.264101
300.000000 0.500000 0.500000 0.500000 0.000000 0.000000 0.000000 -33669.402442 -11.128705
300.000000 0.500000 0.500000 0.500000 0.000000 0.000000 0.000000 -33916.763342 24.423399
300.000000 0.500000 0.500000 0.500000 0.000000 0.000000 0.000000 -34227.576506 7.200048
300.000000 0.500000 0.500000 0.500000 0.000000 0.000000 0.000000 -34198.636787 -9.590105
300.000000 0.500000 0.500000 0.500000 0.000000 0.000000 0.000000 -34209.558001 -6.094646
300.000000 0.500000 0.500000 0.500000 0.000000 0.000000 0.000000 -34343.155101 22.063217
300.000000 0.500000 0.500000 0.500000 0.000000 0.000000 0.000000 -34291.687208 14.415033
300.000000 0.500000 0.500000 0.500000 0.000000 0.000000 0.000000 -34126.076028 -2.957696
300.000000 0.500000 0.500000 0.500000 0.000000 0.000000 0.000000 -34271.304994 3.913719
300.000000 0.500000 0.500000 0.500000 0.000000 0.000000 0.000000 -34365.290310 11.681405
300.000000 0.500000 0.500000 0.500000 0.000000 0.000000 0.000000 -34190.030930 0.403322
300.000000 0.500000 0.500000 0.500000 0.000000 0.000000 0.000000 -34289.890093 11.950287
300.000000 0.500000 0.500000 0.500000 0.000000 0.000000 0.000000 -34280.482311 -8.693834
300.000000 0.500000 0.500000 0.500000 0.000000 0.000000 0.000000 -34236.165463 -7.558556
300.000000 0.500000 0.500000 0.500000 0.000000 0.000000 0.000000 -34322.431431 17.880617
300.000000 0.500000 0.500000 0.500000 0.000000 0.000000 0.000000 -34276.566217 0.253944
300.000000 0.500000 0.500000 0.500000 0.000000 0.000000 0.000000 -34275.286302 -0.746893
300.000000 0.500000 0.500000 0.500000 0.000000 0.000000 0.000000 -34362.086181 25.409297
300.000000 0.500000 0.500000 0.500000 0.000000 0.000000 0.000000 -34306.591008 9.545292
300.000000 0.500000 0.500000 0.500000 0.000000 0.000000 0.000000 -34189.382070 11.576840
300.000000 0.500000 0.500000 0.500000 0.000000 0.000000 0.000000 -34204.690270 12.532863
300.000000 0.500000 0.500000 0.500000 0.000000 0.000000 0.000000 -34124.327345 8.096319
300.000000 0.500000 0.500000 0.500000 0.000000 0.000000 0.000000 -34233.881599 2.464747
300.000000 0.500000 0.500000 0.500000 0.000000 0.000000 0.000000 -34201.976343 -19.329589
300.000000 0.500000 0.500000 0.500000 0.000000 0.000000 0.000000 -34091.395153 -11.950287
300.000000 0.500000 0.500000 0.500000 0.000000 0.000000 0.000000 -34231.615766 5.556883
300.000000 0.500000 0.500000 0.500000 0.000000 0.000000 0.000000 -34227.929852 -11.203394
300.000000 0.500000 0.500000 0.500000 0.000000 0.000000 0.000000 -34091.295820 11.785970
300.000000 0.500000 0.500000 0.500000 0.000000 0.000000 0.000000 -34208.889704 -1.837357
300.000000 0.500000 0.500000 0.500000 0.000000 0.000000 0.000000 -34184.857801 3.346080
