300.000000 0.500000 0.500000 0.500000 0.000000 0.000000 0.000000 -34169.442529 8.873088
300.000000 0.500000 0.500000 0.500000 0.000000 0.000000 0.000000 -34315.029742 -2.808317
300.000000 0.500000 0.500000 0.500000 0.000000 0.000000 0.000000 -34280.156845 -0.448136
300.000000 0.500000 0.500000 0.500000 0.000000 0.000000 0.000000 -34318.738737 -9.619981
300.000000 0.500000 0.500000 0.500000 0.000000 0.000000 0.000000 -34197.844868 0.448136
300.000000 0.500000 0.500000 0.500000 0.000000 0.000000 0.000000 -34331.127911 6.393403
300.000000 0.500000 0.500000 0.500000 0.000000 0.000000 0.000000 -34194.066538 1.523662
300.000000 0.500000 0.500000 0.500000 0.000000 0.000000 0.000000 -34182.438130 13.757768
300.000000 0.500000 0.500000 0.500000 0.000000 0.000000 0.000000 -34102.887236 -4.451482
300.000000 0.500000 0.500000 0.500000 0.000000 0.000000 0.000000 -34139.122731 -1.717854
300.000000 0.500000 0.500000 0.500000 0.000000 0.000000 0.000000 -34237.513869 22.093093
300.000000 0.500000 0.500000 0.500000 0.000000 0.000000 0.000000 -34217.325615 1.568475
300.000000 0.500000 0.500000 0.500000 0.000000 0.000000 0.000000 -34296.656599 -8.305449
300.000000 0.500000 0.500000 0.500000 0.000000 0.000000 0.000000 -34148.600555 -3.540272
300.000000 0.500000 0.500000 0.500000 0.000000 0.000000 0.000000 -34202.196716 11.875598
300.000000 0.500000 0.500000 0.500000 0.000000 0.000000 0.000000 -34216.837290 18.029995
300.000000 0.500000 0.500000 0.500000 0.000000 0.000000 0.000000 -34150.677238 1.882170
300.000000 0.500000 0.500000 0.500000 0.000000 0.000000 0.000000 -34267.240324 20.524618
300.000000 0.500000 0.500000 0.500000 0.000000 0.000000 0.000000 -34319.323472 6.468093
300.000000 0.500000 0.500000 0.500000 0.000000 0.000000 0.000000 -34342.870439 8.514579
300.000000 0.500000 0.500000 0.500000 0.000000 0.000000 0.000000 -34274.995231 -4.556047
300.000000 0.500000 0.500000 0.500000 0.000000 0.000000 0.000000 -34206.902229 4.212476
300.000000 0.500000 0.500000 0.500000 0.000000 0.000000 0.000000 -34216.498023 8.335325
300.000000 0.500000 0.500000 0.500000 0.000000 0.000000 0.000000 -34219.121980 7.737811
300.000000 0.500000 0.500000 0.500000 0.000000 0.000000 0.000000 -34201.202823 7.409178
300.000000 0.500000 0.500000 0.500000 0.000000 0.000000 0.000000 -34364.539509 2.270554
300.000000 0.500000 0.500000 0.500000 0.000000 0.000000 0.000000 -34264.130273 3.077199
300.000000 0.500000 0.500000 0.500000 0.000000 0.000000 0.000000 -34254.336552 2.390057
300.000000 0.500000 0.500000 0.500000 0.000000 0.000000 0.000000 -34109.361557 -1.687978
300.000000 0.500000 0.500000 0.500000 0.000000 0.000000 0.000000 -34200.280337 8.559393
