50.000000 0.500000 0.500000 0.500000 0.000000 0.000000 0.000000 -37277.572684 0.044814
75.000000 0.500000 0.500000 0.500000 0.000000 0.000000 0.000000 -37024.398572 2.390057
100.000000 0.500000 0.500000 0.500000 0.000000 0.000000 0.000000 -36590.980152 3.898781
125.000000 0.500000 0.500000 0.500000 0.000000 0.000000 0.000000 -36173.823444 3.256453
150.000000 0.500000 0.500000 0.500000 0.000000 0.000000 0.000000 -35760.023363 -9.052342
175.000000 0.500000 0.500000 0.500000 0.000000 0.000000 0.000000 -35219.396458 -1.493786
200.000000 0.500000 0.500000 0.500000 0.000000 0.000000 0.000000 -34532.082145 -12.592615
225.000000 0.500000 0.500000 0.500000 0.000000 0.000000 0.000000 -33654.276833 1.000837
250.000000 0.500000 0.500000 0.500000 0.000000 0.000000 0.000000 -32796.353081 -3.614962
275.000000 0.500000 0.500000 0.500000 0.000000 0.000000 0.000000 -31797.082527 -1.986735
300.000000 0.500000 0.500000 0.500000 0.000000 0.000000 0.000000 -31385.912427 -0.552701
300.000000 0.500000 0.500000 0.500000 0.000000 0.000000 0.000000 -31413.928073 -10.800072
300.000000 0.500000 0.500000 0.500000 0.000000 0.000000 0.000000 -31343.165935 -8.514579
300.000000 0.500000 0.500000 0.500000 0.000000 0.000000 0.000000 -31312.790683 -7.603370
300.000000 0.500000 0.500000 0.500000 0.000000 0.000000 0.000000 -31470.978905 -6.781788
300.000000 0.500000 0.500000 0.500000 0.000000 0.000000 0.000000 -31413.514331 -7.483867
300.000000 0.500000 0.500000 0.500000 0.000000 0.000000 0.000000 -31591.903484 -1.090464
300.000000 0.500000 0.500000 0.500000 0.000000 0.000000 0.000000 -31488.280820 4.839866
300.000000 0.500000 0.500000 0.500000 0.000000 0.000000 0.000000 -31601.331953 -3.988408
300.000000 0.500000 0.500000 0.500000 0.000000 0.000000 0.000000 -31391.084534 -2.539436
