300.000000 0.500000 0.500000 0.500000 0.000000 0.000000 0.000000 -31432.913193 -14.459847
300.000000 0.500000 0.500000 0.500000 0.000000 0.000000 0.000000 -31603.671121 -12.159417
300.000000 0.500000 0.500000 0.500000 0.000000 0.000000 0.000000 -31422.658295 -4.287165
300.000000 0.500000 0.500000 0.500000 0.000000 0.000000 0.000000 -31531.478318 -5.317878
300.000000 0.500000 0.500000 0.500000 0.000000 0.000000 0.000000 -31515.403286 -7.379302
300.000000 0.500000 0.500000 0.500000 0.000000 0.000000 0.000000 -31570.280077 -8.992591
300.000000 0.500000 0.500000 0.500000 0.000000 0.000000 0.000000 -31277.793598 -20.300550
300.000000 0.500000 0.500000 0.500000 0.000000 0.000000 0.000000 -31472.354654 5.840703
300.000000 0.500000 0.500000 0.500000 0.000000 0.000000 0.000000 -31400.941595 -9.216659
300.000000 0.500000 0.500000 0.500000 0.000000 0.000000 0.000000 -31425.025493 -11.651530
300.000000 0.500000 0.500000 0.500000 0.000000 0.000000 0.000000 -31329.846200 -8.843212
300.000000 0.500000 0.500000 0.500000 0.000000 0.000000 0.000000 -31522.333315 -19.090583
300.000000 0.500000 0.500000 0.500000 0.000000 0.000000 0.000000 -31485.376615 -12.054852
300.000000 0.500000 0.500000 0.500000 0.000000 0.000000 0.000000 -31415.579019 -12.069790
300.000000 0.500000 0.500000 0.500000 0.000000 0.000000 0.000000 -31500.664492 -3.555210
300.000000 0.500000 0.500000 0.500000 0.000000 0.000000 0.000000 -31509.461082 -2.300430
300.000000 0.500000 0.500000 0.500000 0.000000 0.000000 0.000000 -31441.725114 -0.388384
300.000000 0.500000 0.500000 0.500000 0.000000 0.000000 0.000000 -31339.822238 -14.952796
300.000000 0.500000 0.500000 0.500000 0.000000 0.000000 0.000000 -31527.992195 -4.511233
300.000000 0.500000 0.500000 0.500000 0.000000 0.000000 0.000000 -31454.079292 -2.061424
300.000000 0.500000 0.500000 0.500000 0.000000 0.000000 0.000000 -31368.064040 2.883007
300.000000 0.500000 0.500000 0.500000 0.000000 0.000000 0.000000 -31416.530593 3.540272
300.000000 0.500000 0.500000 0.500000 0.000000 0.000000 0.000000 -31528.268867 2.897945
300.000000 0.500000 0.500000 0.500000 0.000000 0.000000 0.000000 -31439.334226 -8.171009
300.000000 0.500000 0.500000 0.500000 0.000000 0.000000 0.000000 -31531.762984 -17.537046
300.000000 0.500000 0.500000 0.500000 0.000000 0.000000 0.000000 -31384.513058 -13.429135
300.000000 0.500000 0.500000 0.500000 0.000000 0.000000 0.000000 -31435.900677 -6.826601
300.000000 0.500000 0.500000 0.500000 0.000000 0.000000 0.000000 -31418.563542 0.687141
300.000000 0.500000 0.500000 0.500000 0.000000 0.000000 0.000000 -31615.746702 -11.681405
300.000000 0.500000 0.500000 0.500000 0.000000 0.000000 0.000000 -31423.624967 7.917065
