7 300.000000 1.000000 0.200000 0.500000 0.100000 60.000000 0.000000 -32782.985478 17.839643 7.154584
7 300.000000 1.000000 0.200000 0.500000 0.100000 60.000000 0.000000 -32719.361610 7.832618 6.390576
14 300.000000 -1.000000 0.200000 0.500000 0.100000 60.000000 0.000000 -32878.206381 17.445708 7.066697
14 300.000000 -1.000000 0.200000 0.500000 0.100000 60.000000 0.000000 -32712.526166 11.941934 6.568319
14 300.000000 -1.000000 0.200000 0.500000 0.100000 60.000000 0.000000 -32880.002077 7.979927 6.394576
12 300.000000 -1.000000 0.400000 0.500000 0.100000 40.000000 0.000000 -32776.493872 -2.763316 6.534789
12 300.000000 -1.000000 0.400000 0.500000 0.100000 40.000000 0.000000 -32883.017964 -0.441583 6.419569
12 300.000000 -1.000000 0.400000 0.500000 0.100000 40.000000 0.000000 -32717.204620 1.632507 6.595528
11 300.000000 -1.000000 0.500000 0.500000 0.100000 30.000000 0.000000 -32801.381891 -0.463173 6.402283
11 300.000000 -1.000000 0.500000 0.500000 0.100000 30.000000 0.000000 -32861.887332 -4.651231 7.741680
10 300.000000 1.000000 0.500000 0.500000 0.100000 30.000000 0.000000 -32893.821325 -3.189857 6.404885
11 300.000000 -1.000000 0.500000 0.500000 0.100000 30.000000 0.000000 -32825.955392 4.594472 7.397673
13 300.000000 -1.000000 0.300000 0.500000 0.100000 50.000000 0.000000 -32818.098064 5.049754 6.447623
10 300.000000 1.000000 0.500000 0.500000 0.100000 30.000000 0.000000 -32896.028835 4.114249 6.508680
9 300.000000 1.000000 0.400000 0.500000 0.100000 40.000000 0.000000 -32752.861377 6.496902 6.400603
12 300.000000 -1.000000 0.400000 0.500000 0.100000 40.000000 0.000000 -32854.620525 4.438728 7.098419
12 300.000000 -1.000000 0.400000 0.500000 0.100000 40.000000 0.000000 -32961.500648 5.782425 6.452023
13 300.000000 -1.000000 0.300000 0.500000 0.100000 50.000000 0.000000 -32898.726728 13.407844 6.903882
15 300.000000 -1.000000 0.100000 0.500000 0.100000 70.000000 0.000000 -32851.480740 13.655152 6.710666
13 300.000000 -1.000000 0.300000 0.500000 0.100000 50.000000 0.000000 -32772.664591 4.641068 6.405039
13 300.000000 -1.000000 0.300000 0.500000 0.100000 50.000000 0.000000 -32756.518191 11.356610 7.658031
13 300.000000 -1.000000 0.300000 0.500000 0.100000 50.000000 0.000000 -32856.200915 11.860081 6.738250
13 300.000000 -1.000000 0.300000 0.500000 0.100000 50.000000 0.000000 -32946.059550 7.893677 6.422766
13 300.000000 -1.000000 0.300000 0.500000 0.100000 50.000000 0.000000 -32751.033283 4.133173 6.490633
11 300.000000 -1.000000 0.500000 0.500000 0.100000 30.000000 0.000000 -32971.048442 -11.814465 8.037586
10 300.000000 1.000000 0.500000 0.500000 0.100000 30.000000 0.000000 -32819.902126 0.824637 7.182552
9 300.000000 1.000000 0.400000 0.500000 0.100000 40.000000 0.000000 -32970.464476 4.548323 6.484835
8 300.000000 1.000000 0.300000 0.500000 0.100000 50.000000 0.000000 -32842.161928 10.980978 7.112696
8 300.000000 1.000000 0.300000 0.500000 0.100000 50.000000 0.000000 -32860.237390 1.984135 7.103128
8 300.000000 1.000000 0.300000 0.500000 0.100000 50.000000 0.000000 -32858.794718 11.508629 6.520298
7 300.000000 1.000000 0.200000 0.500000 0.100000 60.000000 0.000000 -32742.754371 12.314800 7.171657
8 300.000000 1.000000 0.300000 0.500000 0.100000 50.000000 0.000000 -32712.822933 17.674653 8.242231
7 300.000000 1.000000 0.200000 0.500000 0.100000 60.000000 0.000000 -32731.444086 34.440422 8.158571
6 300.000000 1.000000 0.100000 0.500000 0.100000 70.000000 0.000000 -32789.997532 22.433360 7.169712
6 300.000000 1.000000 0.100000 0.500000 0.100000 70.000000 0.000000 -32682.529873 25.362787 7.916819
7 300.000000 1.000000 0.200000 0.500000 0.100000 60.000000 0.000000 -32847.655392 11.500892 6.982019
7 300.000000 1.000000 0.200000 0.500000 0.100000 60.000000 0.000000 -32710.420461 6.282088 7.380073
9 300.000000 1.000000 0.400000 0.500000 0.100000 40.000000 0.000000 -32809.210848 -0.391968 7.405274
11 300.000000 -1.000000 0.500000 0.500000 0.100000 30.000000 0.000000 -32761.977155 -0.446917 7.753998
13 300.000000 -1.000000 0.300000 0.500000 0.100000 50.000000 0.000000 -32790.013061 15.153741 6.414302
15 300.000000 -1.000000 0.100000 0.500000 0.100000 70.000000 0.000000 -32884.281621 19.014731 6.610102
13 300.000000 -1.000000 0.300000 0.500000 0.100000 50.000000 0.000000 -32914.246714 7.444443 6.407247
12 300.000000 -1.000000 0.400000 0.500000 0.100000 40.000000 0.000000 -32799.631240 11.124002 7.224891
14 300.000000 -1.000000 0.200000 0.500000 0.100000 60.000000 0.000000 -32969.092313 14.773503 7.054946
12 300.000000 -1.000000 0.400000 0.500000 0.100000 40.000000 0.000000 -32856.376170 8.708770 7.231829
13 300.000000 -1.000000 0.300000 0.500000 0.100000 50.000000 0.000000 -32993.697034 6.104563 7.106700
13 300.000000 -1.000000 0.300000 0.500000 0.100000 50.000000 0.000000 -32826.392360 2.748328 8.280912
12 300.000000 -1.000000 0.400000 0.500000 0.100000 40.000000 0.000000 -32975.071588 -0.401230 6.711807
13 300.000000 -1.000000 0.300000 0.500000 0.100000 50.000000 0.000000 -32869.917402 10.560530 7.004608
13 300.000000 -1.000000 0.300000 0.500000 0.100000 50.000000 0.000000 -32785.651995 11.886783 6.433642
13 300.000000 -1.000000 0.300000 0.500000 0.100000 50.000000 0.000000 -32811.178995 3.416229 6.421131
13 300.000000 -1.000000 0.300000 0.500000 0.100000 50.000000 0.000000 -32821.428827 4.439929 7.196793
12 300.000000 -1.000000 0.400000 0.500000 0.100000 40.000000 0.000000 -32793.542910 4.282675 8.277191
12 300.000000 -1.000000 0.400000 0.500000 0.100000 40.000000 0.000000 -32674.127567 -0.244984 7.452370
12 300.000000 -1.000000 0.400000 0.500000 0.100000 40.000000 0.000000 -32842.222394 6.145858 7.055142
14 300.000000 -1.000000 0.200000 0.500000 0.100000 60.000000 0.000000 -32737.388982 6.741337 7.547647
14 300.000000 -1.000000 0.200000 0.500000 0.100000 60.000000 0.000000 -32899.842697 13.168225 6.793850
14 300.000000 -1.000000 0.200000 0.500000 0.100000 60.000000 0.000000 -32889.000498 10.512934 6.748841
13 300.000000 -1.000000 0.300000 0.500000 0.100000 50.000000 0.000000 -32803.085699 6.004301 6.418105
7 300.000000 1.000000 0.200000 0.500000 0.100000 60.000000 0.000000 -32864.982896 10.939282 6.942060
8 300.000000 1.000000 0.300000 0.500000 0.100000 50.000000 0.000000 -32869.432608 8.770794 6.938794
13 300.000000 -1.000000 0.300000 0.500000 0.100000 50.000000 0.000000 -32919.836174 15.844378 7.819763
15 300.000000 -1.000000 0.100000 0.500000 0.100000 70.000000 0.000000 -32740.709316 34.524376 6.640609
15 300.000000 -1.000000 0.100000 0.500000 0.100000 70.000000 0.000000 -32848.707356 24.772144 6.852737
15 300.000000 -1.000000 0.100000 0.500000 0.100000 70.000000 0.000000 -32824.292883 40.320169 6.953061
18 300.000000 -1.000000 0.000000 0.300000 0.100000 100.000000 0.000000 -32721.519832 61.056210 6.780242
19 300.000000 -1.000000 0.000000 0.200000 0.100000 110.000000 0.000000 -32918.009864 51.898394 6.404191
16 300.000000 -1.000000 0.000000 0.500000 0.100000 80.000000 0.000000 -32674.680174 53.017299 6.945238
17 300.000000 -1.000000 0.000000 0.400000 0.100000 90.000000 0.000000 -32775.727842 75.150337 6.753281
18 300.000000 -1.000000 0.000000 0.300000 0.100000 100.000000 0.000000 -32851.833122 38.834114 7.340812
16 300.000000 -1.000000 0.000000 0.500000 0.100000 80.000000 0.000000 -32841.795121 49.368406 6.506071
16 300.000000 -1.000000 0.000000 0.500000 0.100000 80.000000 0.000000 -32824.686901 52.330028 6.561209
19 300.000000 -1.000000 0.000000 0.200000 0.100000 110.000000 0.000000 -32903.384720 101.063649 8.246367
20 300.000000 -1.000000 0.000000 0.100000 0.100000 120.000000 0.000000 -32881.887804 120.654453 6.411185
20 300.000000 -1.000000 0.000000 0.100000 0.100000 120.000000 0.000000 -32717.947875 149.213618 6.584971
20 300.000000 -1.000000 0.000000 0.100000 0.100000 120.000000 0.000000 -32874.689672 142.481866 6.313002
20 300.000000 -1.000000 0.000000 0.100000 0.100000 120.000000 0.000000 -32843.895122 187.783351 7.275429
21 300.000000 -1.000000 0.000000 0.000000 0.100000 130.000000 0.000000 -32820.474186 148.599925 7.086821
21 300.000000 -1.000000 0.000000 0.000000 0.100000 130.000000 0.000000 -32858.113249 152.650338 6.390325
20 300.000000 -1.000000 0.000000 0.100000 0.100000 120.000000 0.000000 -32849.439593 124.868685 7.159396
20 300.000000 -1.000000 0.000000 0.100000 0.100000 120.000000 0.000000 -32845.702140 133.856925 7.322615
20 300.000000 -1.000000 0.000000 0.100000 0.100000 120.000000 0.000000 -32870.003267 134.137009 7.480001
20 300.000000 -1.000000 0.000000 0.100000 0.100000 120.000000 0.000000 -32838.295467 145.880684 7.297642
20 300.000000 -1.000000 0.000000 0.100000 0.100000 120.000000 0.000000 -32847.181913 133.268054 8.234404
20 300.000000 -1.000000 0.000000 0.100000 0.100000 120.000000 0.000000 -32773.435887 141.991058 7.198984
20 300.000000 -1.000000 0.000000 0.100000 0.100000 120.000000 0.000000 -32840.479934 133.550726 7.267677
20 300.000000 -1.000000 0.000000 0.100000 0.100000 120.000000 0.000000 -32913.480664 150.061238 7.877826
20 300.000000 -1.000000 0.000000 0.100000 0.100000 120.000000 0.000000 -32977.707325 137.242384 7.932512
20 300.000000 -1.000000 0.000000 0.100000 0.100000 120.000000 0.000000 -32850.258863 119.287275 6.861335
19 300.000000 -1.000000 0.000000 0.200000 0.100000 110.000000 0.000000 -32752.341288 83.022493 7.687925
18 300.000000 -1.000000 0.000000 0.300000 0.100000 100.000000 0.000000 -32912.621026 63.846221 6.794685
20 300.000000 -1.000000 0.000000 0.100000 0.100000 120.000000 0.000000 -32823.212424 165.274764 3.405674
21 300.000000 -1.000000 0.000000 0.000000 0.100000 130.000000 0.000000 -32874.633447 185.196834 8.134057
21 300.000000 -1.000000 0.000000 0.000000 0.100000 130.000000 0.000000 -32914.127411 157.217785 8.107526
20 300.000000 -1.000000 0.000000 0.100000 0.100000 120.000000 0.000000 -32736.143173 150.292065 6.516089
19 300.000000 -1.000000 0.000000 0.200000 0.100000 110.000000 0.000000 -32708.172049 109.051799 6.770953
19 300.000000 -1.000000 0.000000 0.200000 0.100000 110.000000 0.000000 -32782.158713 121.158536 6.429024
19 300.000000 -1.000000 0.000000 0.200000 0.100000 110.000000 0.000000 -32892.270790 99.706230 8.032025
19 300.000000 -1.000000 0.000000 0.200000 0.100000 110.000000 0.000000 -32926.109286 89.078270 6.776945
19 300.000000 -1.000000 0.000000 0.200000 0.100000 110.000000 0.000000 -32744.558995 108.303152 6.918626
19 300.000000 -1.000000 0.000000 0.200000 0.100000 110.000000 0.000000 -32900.623889 112.507785 7.591221
19 300.000000 -1.000000 0.000000 0.200000 0.100000 110.000000 0.000000 -32805.476828 84.949817 6.395381
17 300.000000 -1.000000 0.000000 0.400000 0.100000 90.000000 0.000000 -32804.459044 71.041613 7.033274
17 300.000000 -1.000000 0.000000 0.400000 0.100000 90.000000 0.000000 -32769.756092 39.440684 6.435642
19 300.000000 -1.000000 0.000000 0.200000 0.100000 110.000000 0.000000 -32851.074596 125.150529 6.697441
19 300.000000 -1.000000 0.000000 0.200000 0.100000 110.000000 0.000000 -32917.271889 79.386933 6.539475
17 300.000000 -1.000000 0.000000 0.400000 0.100000 90.000000 0.000000 -32860.069587 66.253093 7.261456
17 300.000000 -1.000000 0.000000 0.400000 0.100000 90.000000 0.000000 -32797.718723 44.510241 6.572101
16 300.000000 -1.000000 0.000000 0.500000 0.100000 80.000000 0.000000 -32845.385852 26.049410 7.227141
15 300.000000 -1.000000 0.100000 0.500000 0.100000 70.000000 0.000000 -32892.910780 13.934130 8.015545
15 300.000000 -1.000000 0.100000 0.500000 0.100000 70.000000 0.000000 -32848.630708 13.773902 6.711266
14 300.000000 -1.000000 0.200000 0.500000 0.100000 60.000000 0.000000 -32812.418079 7.973612 6.409204
14 300.000000 -1.000000 0.200000 0.500000 0.100000 60.000000 0.000000 -32844.225590 7.072512 6.606446
13 300.000000 -1.000000 0.300000 0.500000 0.100000 50.000000 0.000000 -32844.638334 4.713221 6.856698
9 300.000000 1.000000 0.400000 0.500000 0.100000 40.000000 0.000000 -32865.000843 5.954466 6.985316
8 300.000000 1.000000 0.300000 0.500000 0.100000 50.000000 0.000000 -32718.066383 7.327516 6.663165
13 300.000000 -1.000000 0.300000 0.500000 0.100000 50.000000 0.000000 -32846.935841 -1.518386 7.151434
11 300.000000 -1.000000 0.500000 0.500000 0.100000 30.000000 0.000000 -32868.274244 1.881749 6.479310
8 300.000000 1.000000 0.300000 0.500000 0.100000 50.000000 0.000000 -32786.177950 7.233520 7.521010
13 300.000000 -1.000000 0.300000 0.500000 0.100000 50.000000 0.000000 -32733.075418 3.371070 6.684886
12 300.000000 -1.000000 0.400000 0.500000 0.100000 40.000000 0.000000 -32819.856394 -2.175408 6.427969
10 300.000000 1.000000 0.500000 0.500000 0.100000 30.000000 0.000000 -32976.691739 11.237701 6.651620
8 300.000000 1.000000 0.300000 0.500000 0.100000 50.000000 0.000000 -32974.932144 0.687729 7.448346
9 300.000000 1.000000 0.400000 0.500000 0.100000 40.000000 0.000000 -32889.606229 1.948372 6.407277
11 300.000000 -1.000000 0.500000 0.500000 0.100000 30.000000 0.000000 -32827.969116 3.396879 6.629588
13 300.000000 -1.000000 0.300000 0.500000 0.100000 50.000000 0.000000 -32929.141559 9.727759 6.899583
14 300.000000 -1.000000 0.200000 0.500000 0.100000 60.000000 0.000000 -32689.349230 8.630095 6.393484
14 300.000000 -1.000000 0.200000 0.500000 0.100000 60.000000 0.000000 -32974.331780 11.393100 6.605732
14 300.000000 -1.000000 0.200000 0.500000 0.100000 60.000000 0.000000 -32683.309606 21.221876 6.789500
14 300.000000 -1.000000 0.200000 0.500000 0.100000 60.000000 0.000000 -32850.936079 9.334597 6.392816
14 300.000000 -1.000000 0.200000 0.500000 0.100000 60.000000 0.000000 -32838.774669 15.217678 7.554308
15 300.000000 -1.000000 0.100000 0.500000 0.100000 70.000000 0.000000 -32842.234000 34.814651 7.011955
15 300.000000 -1.000000 0.100000 0.500000 0.100000 70.000000 0.000000 -32882.872085 21.103106 6.911748
14 300.000000 -1.000000 0.200000 0.500000 0.100000 60.000000 0.000000 -32790.413238 15.517922 8.122468
14 300.000000 -1.000000 0.200000 0.500000 0.100000 60.000000 0.000000 -32856.559653 12.243771 6.394801
14 300.000000 -1.000000 0.200000 0.500000 0.100000 60.000000 0.000000 -32852.972070 22.930362 6.680699
14 300.000000 -1.000000 0.200000 0.500000 0.100000 60.000000 0.000000 -32774.469434 11.244604 7.705674
13 300.000000 -1.000000 0.300000 0.500000 0.100000 50.000000 0.000000 -32933.319525 10.241916 6.410978
12 300.000000 -1.000000 0.400000 0.500000 0.100000 40.000000 0.000000 -32736.145711 2.901742 6.856621
11 300.000000 -1.000000 0.500000 0.500000 0.100000 30.000000 0.000000 -32939.534467 -0.355497 7.886625
10 300.000000 1.000000 0.500000 0.500000 0.100000 30.000000 0.000000 -32815.155924 1.363589 6.603020
6 300.000000 1.000000 0.100000 0.500000 0.100000 70.000000 0.000000 -32902.213328 28.461431 6.508535
6 300.000000 1.000000 0.100000 0.500000 0.100000 70.000000 0.000000 -32804.416521 28.911288 5.751844
6 300.000000 1.000000 0.100000 0.500000 0.100000 70.000000 0.000000 -32807.734333 8.684406 7.131772
8 300.000000 1.000000 0.300000 0.500000 0.100000 50.000000 0.000000 -32862.712609 16.244441 6.783593
6 300.000000 1.000000 0.100000 0.500000 0.100000 70.000000 0.000000 -32854.185628 23.312283 6.392223
7 300.000000 1.000000 0.200000 0.500000 0.100000 60.000000 0.000000 -32911.846396 9.094021 6.390383
8 300.000000 1.000000 0.300000 0.500000 0.100000 50.000000 0.000000 -32904.735070 3.978349 6.821223
10 300.000000 1.000000 0.500000 0.500000 0.100000 30.000000 0.000000 -32829.390711 -3.151986 7.674404
11 300.000000 -1.000000 0.500000 0.500000 0.100000 30.000000 0.000000 -32886.954727 1.351532 6.498320
10 300.000000 1.000000 0.500000 0.500000 0.100000 30.000000 0.000000 -32909.236524 -3.506350 7.634498
10 300.000000 1.000000 0.500000 0.500000 0.100000 30.000000 0.000000 -32881.170945 6.570618 6.448212
8 300.000000 1.000000 0.300000 0.500000 0.100000 50.000000 0.000000 -32906.902940 2.701017 6.426498
10 300.000000 1.000000 0.500000 0.500000 0.100000 30.000000 0.000000 -32910.068758 -1.754117 6.463912
10 300.000000 1.000000 0.500000 0.500000 0.100000 30.000000 0.000000 -32780.439943 5.281840 6.589722
7 300.000000 1.000000 0.200000 0.500000 0.100000 60.000000 0.000000 -32957.835925 15.153234 6.814991
7 300.000000 1.000000 0.200000 0.500000 0.100000 60.000000 0.000000 -32803.318650 13.168932 6.791569
7 300.000000 1.000000 0.200000 0.500000 0.100000 60.000000 0.000000 -32835.192777 18.507097 6.645925
9 300.000000 1.000000 0.400000 0.500000 0.100000 40.000000 0.000000 -32801.024680 0.704769 6.482510
11 300.000000 -1.000000 0.500000 0.500000 0.100000 30.000000 0.000000 -32868.853523 3.438950 6.474083
11 300.000000 -1.000000 0.500000 0.500000 0.100000 30.000000 0.000000 -32862.987218 6.199730 6.462955
13 300.000000 -1.000000 0.300000 0.500000 0.100000 50.000000 0.000000 -32888.007930 4.003261 7.968059
14 300.000000 -1.000000 0.200000 0.500000 0.100000 60.000000 0.000000 -32726.590553 17.538914 7.697632
14 300.000000 -1.000000 0.200000 0.500000 0.100000 60.000000 0.000000 -32784.201899 18.394779 6.526955
14 300.000000 -1.000000 0.200000 0.500000 0.100000 60.000000 0.000000 -32787.362057 7.800989 6.677332
14 300.000000 -1.000000 0.200000 0.500000 0.100000 60.000000 0.000000 -32811.882785 4.136680 7.555392
13 300.000000 -1.000000 0.300000 0.500000 0.100000 50.000000 0.000000 -32820.880351 1.980237 6.969881
11 300.000000 -1.000000 0.500000 0.500000 0.100000 30.000000 0.000000 -32814.311950 3.195569 7.711299
9 300.000000 1.000000 0.400000 0.500000 0.100000 40.000000 0.000000 -32855.682321 -5.844446 6.398145
10 300.000000 1.000000 0.500000 0.500000 0.100000 30.000000 0.000000 -32742.434921 -1.460385 7.211843
7 300.000000 1.000000 0.200000 0.500000 0.100000 60.000000 0.000000 -32830.916608 6.989832 6.505837
7 300.000000 1.000000 0.200000 0.500000 0.100000 60.000000 0.000000 -32953.368425 9.144215 7.069193
9 300.000000 1.000000 0.400000 0.500000 0.100000 40.000000 0.000000 -32648.544782 -6.111144 6.389727
9 300.000000 1.000000 0.400000 0.500000 0.100000 40.000000 0.000000 -32881.407491 1.949677 6.506193
8 300.000000 1.000000 0.300000 0.500000 0.100000 50.000000 0.000000 -32760.861617 3.750138 6.404797
8 300.000000 1.000000 0.300000 0.500000 0.100000 50.000000 0.000000 -33002.122130 5.560176 7.405664
10 300.000000 1.000000 0.500000 0.500000 0.100000 30.000000 0.000000 -32925.953422 -0.621735 6.735347
10 300.000000 1.000000 0.500000 0.500000 0.100000 30.000000 0.000000 -32742.997290 -4.904746 6.685807
12 300.000000 -1.000000 0.400000 0.500000 0.100000 40.000000 0.000000 -33000.585249 -1.874801 8.280582
10 300.000000 1.000000 0.500000 0.500000 0.100000 30.000000 0.000000 -32835.294267 0.607934 7.509610
14 300.000000 -1.000000 0.200000 0.500000 0.100000 60.000000 0.000000 -32893.502803 5.092902 7.323043
10 300.000000 1.000000 0.500000 0.500000 0.100000 30.000000 0.000000 -32884.300937 0.606888 6.488252
11 300.000000 -1.000000 0.500000 0.500000 0.100000 30.000000 0.000000 -32835.434873 7.632233 6.520574
12 300.000000 -1.000000 0.400000 0.500000 0.100000 40.000000 0.000000 -32987.226949 -0.648758 7.077961
10 300.000000 1.000000 0.500000 0.500000 0.100000 30.000000 0.000000 -32938.557072 -2.467953 7.942843
10 300.000000 1.000000 0.500000 0.500000 0.100000 30.000000 0.000000 -32985.214231 2.143891 6.392944
9 300.000000 1.000000 0.400000 0.500000 0.100000 40.000000 0.000000 -32821.822830 5.169929 7.405329
9 300.000000 1.000000 0.400000 0.500000 0.100000 40.000000 0.000000 -32810.216261 3.903695 7.461246
12 300.000000 -1.000000 0.400000 0.500000 0.100000 40.000000 0.000000 -32849.013558 3.803635 7.125650
9 300.000000 1.000000 0.400000 0.500000 0.100000 40.000000 0.000000 -32834.992963 1.468663 6.431507
7 300.000000 1.000000 0.200000 0.500000 0.100000 60.000000 0.000000 -32795.053145 12.178052 6.730078
9 300.000000 1.000000 0.400000 0.500000 0.100000 40.000000 0.000000 -32812.121360 2.612980 6.414509
10 300.000000 1.000000 0.500000 0.500000 0.100000 30.000000 0.000000 -32919.744285 2.019287 7.194527
11 300.000000 -1.000000 0.500000 0.500000 0.100000 30.000000 0.000000 -32900.120337 1.514263 6.419164
12 300.000000 -1.000000 0.400000 0.500000 0.100000 40.000000 0.000000 -32750.409223 2.951435 6.818486
14 300.000000 -1.000000 0.200000 0.500000 0.100000 60.000000 0.000000 -32920.700925 18.702395 7.947099
15 300.000000 -1.000000 0.100000 0.500000 0.100000 70.000000 0.000000 -32721.801506 1.327548 6.396833
12 300.000000 -1.000000 0.400000 0.500000 0.100000 40.000000 0.000000 -32906.659937 -0.519248 6.395949
9 300.000000 1.000000 0.400000 0.500000 0.100000 40.000000 0.000000 -32804.294068 4.094181 7.785075
9 300.000000 1.000000 0.400000 0.500000 0.100000 40.000000 0.000000 -32848.720467 -8.241450 6.751360
11 300.000000 -1.000000 0.500000 0.500000 0.100000 30.000000 0.000000 -32844.040389 -6.423247 6.511490
11 300.000000 -1.000000 0.500000 0.500000 0.100000 30.000000 0.000000 -32787.167768 2.678214 6.852366
11 300.000000 -1.000000 0.500000 0.500000 0.100000 30.000000 0.000000 -32817.850317 -3.873774 6.426647
12 300.000000 -1.000000 0.400000 0.500000 0.100000 40.000000 0.000000 -32762.364405 0.636864 6.420544
8 300.000000 1.000000 0.300000 0.500000 0.100000 50.000000 0.000000 -32862.546631 6.187336 6.848580
9 300.000000 1.000000 0.400000 0.500000 0.100000 40.000000 0.000000 -32856.708289 6.115291 6.390995
7 300.000000 1.000000 0.200000 0.500000 0.100000 60.000000 0.000000 -32766.276017 20.068781 6.448746
7 300.000000 1.000000 0.200000 0.500000 0.100000 60.000000 0.000000 -32863.162908 18.012023 7.033049
9 300.000000 1.000000 0.400000 0.500000 0.100000 40.000000 0.000000 -32954.023767 -0.473753 6.932951
10 300.000000 1.000000 0.500000 0.500000 0.100000 30.000000 0.000000 -32862.583105 -2.472792 8.134761
11 300.000000 -1.000000 0.500000 0.500000 0.100000 30.000000 0.000000 -32745.639662 -6.046845 7.066721
9 300.000000 1.000000 0.400000 0.500000 0.100000 40.000000 0.000000 -32802.382457 3.278286 6.434681
10 300.000000 1.000000 0.500000 0.500000 0.100000 30.000000 0.000000 -32788.967256 -1.289702 6.705526
11 300.000000 -1.000000 0.500000 0.500000 0.100000 30.000000 0.000000 -32873.468053 -7.765350 6.389715
10 300.000000 1.000000 0.500000 0.500000 0.100000 30.000000 0.000000 -32936.623414 4.627576 7.120253
12 300.000000 -1.000000 0.400000 0.500000 0.100000 40.000000 0.000000 -32935.271934 2.550414 6.504391
10 300.000000 1.000000 0.500000 0.500000 0.100000 30.000000 0.000000 -32756.991051 7.972337 7.484029
13 300.000000 -1.000000 0.300000 0.500000 0.100000 50.000000 0.000000 -32960.768033 18.704519 7.447434
15 300.000000 -1.000000 0.100000 0.500000 0.100000 70.000000 0.000000 -32825.474599 11.883535 6.882247
13 300.000000 -1.000000 0.300000 0.500000 0.100000 50.000000 0.000000 -32761.522595 6.200718 8.165206
13 300.000000 -1.000000 0.300000 0.500000 0.100000 50.000000 0.000000 -32841.268058 1.100859 6.496333
11 300.000000 -1.000000 0.500000 0.500000 0.100000 30.000000 0.000000 -32766.981284 5.928531 7.179951
11 300.000000 -1.000000 0.500000 0.500000 0.100000 30.000000 0.000000 -32736.833956 1.968757 7.486990
12 300.000000 -1.000000 0.400000 0.500000 0.100000 40.000000 0.000000 -32888.517272 2.085281 7.108943
10 300.000000 1.000000 0.500000 0.500000 0.100000 30.000000 0.000000 -32973.440192 -0.973528 8.036126
10 300.000000 1.000000 0.500000 0.500000 0.100000 30.000000 0.000000 -32808.674470 5.118790 8.278920
9 300.000000 1.000000 0.400000 0.500000 0.100000 40.000000 0.000000 -32928.797644 1.244730 6.595047
9 300.000000 1.000000 0.400000 0.500000 0.100000 40.000000 0.000000 -32914.083406 7.125116 6.855765
8 300.000000 1.000000 0.300000 0.500000 0.100000 50.000000 0.000000 -32803.329822 14.216299 6.415726
6 300.000000 1.000000 0.100000 0.500000 0.100000 70.000000 0.000000 -32868.896837 29.329245 8.022794
6 300.000000 1.000000 0.100000 0.500000 0.100000 70.000000 0.000000 -32868.927341 13.051726 6.425672
10 300.000000 1.000000 0.500000 0.500000 0.100000 30.000000 0.000000 -32755.267550 1.284919 7.089289
8 300.000000 1.000000 0.300000 0.500000 0.100000 50.000000 0.000000 -32890.086850 8.743234 6.824121
7 300.000000 1.000000 0.200000 0.500000 0.100000 60.000000 0.000000 -32860.222791 12.626615 6.689483
7 300.000000 1.000000 0.200000 0.500000 0.100000 60.000000 0.000000 -32834.225177 19.483073 7.097443
7 300.000000 1.000000 0.200000 0.500000 0.100000 60.000000 0.000000 -32847.744348 2.708032 7.045689
9 300.000000 1.000000 0.400000 0.500000 0.100000 40.000000 0.000000 -32886.644330 13.384673 6.178708
7 300.000000 1.000000 0.200000 0.500000 0.100000 60.000000 0.000000 -32838.109637 15.006232 6.547710
8 300.000000 1.000000 0.300000 0.500000 0.100000 50.000000 0.000000 -32733.844374 7.660140 6.468750
7 300.000000 1.000000 0.200000 0.500000 0.100000 60.000000 0.000000 -33003.482819 9.852476 6.390418
7 300.000000 1.000000 0.200000 0.500000 0.100000 60.000000 0.000000 -32801.238941 5.565345 6.415151
11 300.000000 -1.000000 0.500000 0.500000 0.100000 30.000000 0.000000 -32972.183074 -5.594778 6.719679
10 300.000000 1.000000 0.500000 0.500000 0.100000 30.000000 0.000000 -32868.091852 11.045869 6.390825
13 300.000000 -1.000000 0.300000 0.500000 0.100000 50.000000 0.000000 -32768.471258 4.986449 7.279085
13 300.000000 -1.000000 0.300000 0.500000 0.100000 50.000000 0.000000 -32817.793214 -1.806175 7.082108
11 300.000000 -1.000000 0.500000 0.500000 0.100000 30.000000 0.000000 -32898.194848 6.601852 6.410534
7 300.000000 1.000000 0.200000 0.500000 0.100000 60.000000 0.000000 -32835.876354 6.408468 6.966450
6 300.000000 1.000000 0.100000 0.500000 0.100000 70.000000 0.000000 -32921.695317 21.405665 6.975579
7 300.000000 1.000000 0.200000 0.500000 0.100000 60.000000 0.000000 -32805.751248 14.120597 6.837321
8 300.000000 1.000000 0.300000 0.500000 0.100000 50.000000 0.000000 -32995.523428 10.817769 6.668215
7 300.000000 1.000000 0.200000 0.500000 0.100000 60.000000 0.000000 -32883.920398 5.084162 6.520647
8 300.000000 1.000000 0.300000 0.500000 0.100000 50.000000 0.000000 -32820.073322 13.994376 7.408269
7 300.000000 1.000000 0.200000 0.500000 0.100000 60.000000 0.000000 -32739.131908 12.238397 6.411123
9 300.000000 1.000000 0.400000 0.500000 0.100000 40.000000 0.000000 -32846.492170 -2.081532 7.043453
9 300.000000 1.000000 0.400000 0.500000 0.100000 40.000000 0.000000 -32867.158590 2.477547 6.391439
8 300.000000 1.000000 0.300000 0.500000 0.100000 50.000000 0.000000 -33004.417253 7.974072 7.346127
9 300.000000 1.000000 0.400000 0.500000 0.100000 40.000000 0.000000 -32845.426187 5.129124 7.345720
8 300.000000 1.000000 0.300000 0.500000 0.100000 50.000000 0.000000 -32883.769538 3.466851 6.485973
11 300.000000 -1.000000 0.500000 0.500000 0.100000 30.000000 0.000000 -32847.059711 2.566987 7.613432
11 300.000000 -1.000000 0.500000 0.500000 0.100000 30.000000 0.000000 -32791.763970 0.899358 6.670278
8 300.000000 1.000000 0.300000 0.500000 0.100000 50.000000 0.000000 -32864.313554 11.302219 8.282893
8 300.000000 1.000000 0.300000 0.500000 0.100000 50.000000 0.000000 -32743.111616 -1.074186 7.868607
9 300.000000 1.000000 0.400000 0.500000 0.100000 40.000000 0.000000 -32893.733238 2.350471 6.504186
8 300.000000 1.000000 0.300000 0.500000 0.100000 50.000000 0.000000 -32836.794428 6.922579 6.394017
7 300.000000 1.000000 0.200000 0.500000 0.100000 60.000000 0.000000 -32879.038532 19.337374 7.024713
7 300.000000 1.000000 0.200000 0.500000 0.100000 60.000000 0.000000 -32907.143196 4.112058 6.395704
7 300.000000 1.000000 0.200000 0.500000 0.100000 60.000000 0.000000 -32774.682770 15.292642 6.603548
6 300.000000 1.000000 0.100000 0.500000 0.100000 70.000000 0.000000 -32886.436315 9.811546 6.587735
7 300.000000 1.000000 0.200000 0.500000 0.100000 60.000000 0.000000 -32789.711046 18.304915 6.851657
6 300.000000 1.000000 0.100000 0.500000 0.100000 70.000000 0.000000 -32887.626062 11.446045 6.500178
7 300.000000 1.000000 0.200000 0.500000 0.100000 60.000000 0.000000 -32910.040609 8.606602 6.428047
9 300.000000 1.000000 0.400000 0.500000 0.100000 40.000000 0.000000 -32936.621512 7.047825 6.982218
7 300.000000 1.000000 0.200000 0.500000 0.100000 60.000000 0.000000 -32825.032376 10.193350 7.013762
8 300.000000 1.000000 0.300000 0.500000 0.100000 50.000000 0.000000 -32904.121720 6.730298 8.242203
9 300.000000 1.000000 0.400000 0.500000 0.100000 40.000000 0.000000 -32810.212887 -7.531067 7.709077
11 300.000000 -1.000000 0.500000 0.500000 0.100000 30.000000 0.000000 -32746.708254 -3.953002 6.574769
10 300.000000 1.000000 0.500000 0.500000 0.100000 30.000000 0.000000 -32978.251248 -4.020330 7.864577
11 300.000000 -1.000000 0.500000 0.500000 0.100000 30.000000 0.000000 -32733.971967 3.827835 6.863549
14 300.000000 -1.000000 0.200000 0.500000 0.100000 60.000000 0.000000 -32927.063394 19.050243 8.151890
14 300.000000 -1.000000 0.200000 0.500000 0.100000 60.000000 0.000000 -32720.456196 16.116977 7.050708
14 300.000000 -1.000000 0.200000 0.500000 0.100000 60.000000 0.000000 -32834.655080 14.368344 6.561901
14 300.000000 -1.000000 0.200000 0.500000 0.100000 60.000000 0.000000 -32987.406129 9.286470 6.822315
12 300.000000 -1.000000 0.400000 0.500000 0.100000 40.000000 0.000000 -32758.527486 -2.824805 6.615184
10 300.000000 1.000000 0.500000 0.500000 0.100000 30.000000 0.000000 -32763.916349 -2.670738 6.721163
9 300.000000 1.000000 0.400000 0.500000 0.100000 40.000000 0.000000 -32725.451518 -0.432300 6.616107
10 300.000000 1.000000 0.500000 0.500000 0.100000 30.000000 0.000000 -32898.215413 1.100142 6.651592
12 300.000000 -1.000000 0.400000 0.500000 0.100000 40.000000 0.000000 -32810.852692 7.011848 6.601279
12 300.000000 -1.000000 0.400000 0.500000 0.100000 40.000000 0.000000 -32801.155192 3.650410 6.489011
12 300.000000 -1.000000 0.400000 0.500000 0.100000 40.000000 0.000000 -32755.277333 2.890556 7.917564
11 300.000000 -1.000000 0.500000 0.500000 0.100000 30.000000 0.000000 -32902.493496 0.495550 6.824334
12 300.000000 -1.000000 0.400000 0.500000 0.100000 40.000000 0.000000 -32842.385050 13.259708 7.972758
15 300.000000 -1.000000 0.100000 0.500000 0.100000 70.000000 0.000000 -32860.645265 45.307202 6.470150
15 300.000000 -1.000000 0.100000 0.500000 0.100000 70.000000 0.000000 -32889.373393 19.826693 7.267754
15 300.000000 -1.000000 0.100000 0.500000 0.100000 70.000000 0.000000 -32782.914003 29.754998 6.868762
15 300.000000 -1.000000 0.100000 0.500000 0.100000 70.000000 0.000000 -32719.853230 10.620011 7.801031
14 300.000000 -1.000000 0.200000 0.500000 0.100000 60.000000 0.000000 -32875.386566 11.859287 7.309638
14 300.000000 -1.000000 0.200000 0.500000 0.100000 60.000000 0.000000 -32881.722484 18.815103 6.633107
14 300.000000 -1.000000 0.200000 0.500000 0.100000 60.000000 0.000000 -32729.155711 9.725076 7.191567
14 300.000000 -1.000000 0.200000 0.500000 0.100000 60.000000 0.000000 -32971.611878 22.611808 6.872871
14 300.000000 -1.000000 0.200000 0.500000 0.100000 60.000000 0.000000 -32912.838161 14.005569 6.604407
14 300.000000 -1.000000 0.200000 0.500000 0.100000 60.000000 0.000000 -32790.909607 10.426781 7.539489
15 300.000000 -1.000000 0.100000 0.500000 0.100000 70.000000 0.000000 -32791.020528 22.412252 6.620374
15 300.000000 -1.000000 0.100000 0.500000 0.100000 70.000000 0.000000 -32871.794472 35.850119 6.892056
15 300.000000 -1.000000 0.100000 0.500000 0.100000 70.000000 0.000000 -32724.725878 25.867495 7.275871
15 300.000000 -1.000000 0.100000 0.500000 0.100000 70.000000 0.000000 -32958.346282 12.492330 7.367773
14 300.000000 -1.000000 0.200000 0.500000 0.100000 60.000000 0.000000 -32901.489567 9.949105 6.393020
13 300.000000 -1.000000 0.300000 0.500000 0.100000 50.000000 0.000000 -32789.465452 3.613318 6.462203
9 300.000000 1.000000 0.400000 0.500000 0.100000 40.000000 0.000000 -32923.313621 3.732328 6.396318
8 300.000000 1.000000 0.300000 0.500000 0.100000 50.000000 0.000000 -32834.602036 1.386424 7.057745
13 300.000000 -1.000000 0.300000 0.500000 0.100000 50.000000 0.000000 -32802.600574 2.086759 6.949024
12 300.000000 -1.000000 0.400000 0.500000 0.100000 40.000000 0.000000 -32810.221256 5.714573 7.572742
12 300.000000 -1.000000 0.400000 0.500000 0.100000 40.000000 0.000000 -32746.000427 5.982613 6.496246
13 300.000000 -1.000000 0.300000 0.500000 0.100000 50.000000 0.000000 -32811.092273 17.259125 6.709388
15 300.000000 -1.000000 0.100000 0.500000 0.100000 70.000000 0.000000 -32783.244876 27.052747 6.406038
15 300.000000 -1.000000 0.100000 0.500000 0.100000 70.000000 0.000000 -32896.020603 26.940990 6.512991
17 300.000000 -1.000000 0.000000 0.400000 0.100000 90.000000 0.000000 -32864.697897 53.079216 6.398523
16 300.000000 -1.000000 0.000000 0.500000 0.100000 80.000000 0.000000 -32650.307435 49.835102 6.389995
16 300.000000 -1.000000 0.000000 0.500000 0.100000 80.000000 0.000000 -32904.392277 59.181331 6.425192
16 300.000000 -1.000000 0.000000 0.500000 0.100000 80.000000 0.000000 -32870.107130 32.876265 7.185327
16 300.000000 -1.000000 0.000000 0.500000 0.100000 80.000000 0.000000 -32776.297555 47.364460 6.463376
17 300.000000 -1.000000 0.000000 0.400000 0.100000 90.000000 0.000000 -32991.483764 44.081555 6.389933
17 300.000000 -1.000000 0.000000 0.400000 0.100000 90.000000 0.000000 -32816.446628 45.085054 7.282334
16 300.000000 -1.000000 0.000000 0.500000 0.100000 80.000000 0.000000 -32916.814279 54.630299 6.903055
17 300.000000 -1.000000 0.000000 0.400000 0.100000 90.000000 0.000000 -32776.055655 64.666742 6.433242
18 300.000000 -1.000000 0.000000 0.300000 0.100000 100.000000 0.000000 -32840.136422 91.833615 6.412370
17 300.000000 -1.000000 0.000000 0.400000 0.100000 90.000000 0.000000 -32930.778321 56.671195 6.757074
17 300.000000 -1.000000 0.000000 0.400000 0.100000 90.000000 0.000000 -32743.384390 46.497301 6.406651
17 300.000000 -1.000000 0.000000 0.400000 0.100000 90.000000 0.000000 -32964.941226 82.252952 7.404081
18 300.000000 -1.000000 0.000000 0.300000 0.100000 100.000000 0.000000 -32791.579008 53.113548 6.916577
16 300.000000 -1.000000 0.000000 0.500000 0.100000 80.000000 0.000000 -32783.318590 50.265901 6.450017
17 300.000000 -1.000000 0.000000 0.400000 0.100000 90.000000 0.000000 -32841.384192 52.068448 6.958578
16 300.000000 -1.000000 0.000000 0.500000 0.100000 80.000000 0.000000 -32813.990354 38.017853 7.333507
16 300.000000 -1.000000 0.000000 0.500000 0.100000 80.000000 0.000000 -32915.866575 66.863697 6.417610
17 300.000000 -1.000000 0.000000 0.400000 0.100000 90.000000 0.000000 -32811.312924 60.990080 6.886272
16 300.000000 -1.000000 0.000000 0.500000 0.100000 80.000000 0.000000 -32840.323807 54.784542 6.601345
17 300.000000 -1.000000 0.000000 0.400000 0.100000 90.000000 0.000000 -32765.841577 74.590424 6.991570
18 300.000000 -1.000000 0.000000 0.300000 0.100000 100.000000 0.000000 -32862.475112 82.675069 6.425392
17 300.000000 -1.000000 0.000000 0.400000 0.100000 90.000000 0.000000 -32840.770984 43.906698 8.264321
16 300.000000 -1.000000 0.000000 0.500000 0.100000 80.000000 0.000000 -32760.049240 62.060385 6.426596
17 300.000000 -1.000000 0.000000 0.400000 0.100000 90.000000 0.000000 -32707.369791 51.645174 7.335030
16 300.000000 -1.000000 0.000000 0.500000 0.100000 80.000000 0.000000 -32842.002167 34.814191 6.438470
16 300.000000 -1.000000 0.000000 0.500000 0.100000 80.000000 0.000000 -32702.444165 41.360400 8.277011
15 300.000000 -1.000000 0.100000 0.500000 0.100000 70.000000 0.000000 -32901.572644 18.942045 6.412967
15 300.000000 -1.000000 0.100000 0.500000 0.100000 70.000000 0.000000 -32956.369388 18.658164 6.450226
14 300.000000 -1.000000 0.200000 0.500000 0.100000 60.000000 0.000000 -32907.838182 19.148594 7.253945
14 300.000000 -1.000000 0.200000 0.500000 0.100000 60.000000 0.000000 -32832.372608 21.849563 6.396564
14 300.000000 -1.000000 0.200000 0.500000 0.100000 60.000000 0.000000 -32786.337610 16.096776 6.667705
14 300.000000 -1.000000 0.200000 0.500000 0.100000 60.000000 0.000000 -32927.026951 9.346128 7.580596
14 300.000000 -1.000000 0.200000 0.500000 0.100000 60.000000 0.000000 -32857.676664 19.176603 6.537709
15 300.000000 -1.000000 0.100000 0.500000 0.100000 70.000000 0.000000 -32844.931993 25.319337 6.511266
16 300.000000 -1.000000 0.000000 0.500000 0.100000 80.000000 0.000000 -32795.329974 59.402680 6.991272
18 300.000000 -1.000000 0.000000 0.300000 0.100000 100.000000 0.000000 -32900.070613 72.257643 6.539972
18 300.000000 -1.000000 0.000000 0.300000 0.100000 100.000000 0.000000 -32867.537709 46.082539 6.405827
16 300.000000 -1.000000 0.000000 0.500000 0.100000 80.000000 0.000000 -32742.933804 50.657690 7.892889
18 300.000000 -1.000000 0.000000 0.300000 0.100000 100.000000 0.000000 -32720.015790 30.845712 6.392494
17 300.000000 -1.000000 0.000000 0.400000 0.100000 90.000000 0.000000 -32773.391848 56.738286 6.498434
16 300.000000 -1.000000 0.000000 0.500000 0.100000 80.000000 0.000000 -32743.966609 39.730262 8.264247
16 300.000000 -1.000000 0.000000 0.500000 0.100000 80.000000 0.000000 -32830.093852 49.234961 6.834926
17 300.000000 -1.000000 0.000000 0.400000 0.100000 90.000000 0.000000 -32863.048995 68.166259 6.614539
17 300.000000 -1.000000 0.000000 0.400000 0.100000 90.000000 0.000000 -32750.631408 41.392427 7.000444
18 300.000000 -1.000000 0.000000 0.300000 0.100000 100.000000 0.000000 -32818.175133 60.884259 7.850205
17 300.000000 -1.000000 0.000000 0.400000 0.100000 90.000000 0.000000 -32864.084904 61.772340 6.858545
17 300.000000 -1.000000 0.000000 0.400000 0.100000 90.000000 0.000000 -32873.438309 61.283255 6.435020
17 300.000000 -1.000000 0.000000 0.400000 0.100000 90.000000 0.000000 -32843.329048 61.701369 6.394404
17 300.000000 -1.000000 0.000000 0.400000 0.100000 90.000000 0.000000 -32758.150612 73.052471 6.504338
19 300.000000 -1.000000 0.000000 0.200000 0.100000 110.000000 0.000000 -32799.145880 88.111825 6.425121
19 300.000000 -1.000000 0.000000 0.200000 0.100000 110.000000 0.000000 -32869.367837 132.300829 6.405767
19 300.000000 -1.000000 0.000000 0.200000 0.100000 110.000000 0.000000 -32845.252384 76.095681 7.697097
18 300.000000 -1.000000 0.000000 0.300000 0.100000 100.000000 0.000000 -32765.749324 83.194380 6.767986
18 300.000000 -1.000000 0.000000 0.300000 0.100000 100.000000 0.000000 -32949.536115 71.557260 6.403416
18 300.000000 -1.000000 0.000000 0.300000 0.100000 100.000000 0.000000 -32829.384157 107.589629 7.335043
19 300.000000 -1.000000 0.000000 0.200000 0.100000 110.000000 0.000000 -32888.399164 111.571766 6.577064
19 300.000000 -1.000000 0.000000 0.200000 0.100000 110.000000 0.000000 -32833.705013 127.273502 6.390144
19 300.000000 -1.000000 0.000000 0.200000 0.100000 110.000000 0.000000 -32896.673999 62.391411 6.414668
16 300.000000 -1.000000 0.000000 0.500000 0.100000 80.000000 0.000000 -32772.373730 55.768372 6.489344
16 300.000000 -1.000000 0.000000 0.500000 0.100000 80.000000 0.000000 -32762.445951 47.738092 6.792615
16 300.000000 -1.000000 0.000000 0.500000 0.100000 80.000000 0.000000 -32887.901874 47.474483 6.402446
17 300.000000 -1.000000 0.000000 0.400000 0.100000 90.000000 0.000000 -32743.917417 31.438627 6.399048
16 300.000000 -1.000000 0.000000 0.500000 0.100000 80.000000 0.000000 -32799.021140 15.278916 6.487253
13 300.000000 -1.000000 0.300000 0.500000 0.100000 50.000000 0.000000 -32851.266723 6.856093 6.677426
13 300.000000 -1.000000 0.300000 0.500000 0.100000 50.000000 0.000000 -32789.713625 0.406375 6.395515
11 300.000000 -1.000000 0.500000 0.500000 0.100000 30.000000 0.000000 -32901.142864 -3.914010 6.554183
11 300.000000 -1.000000 0.500000 0.500000 0.100000 30.000000 0.000000 -32856.458334 -0.907125 6.795421
8 300.000000 1.000000 0.300000 0.500000 0.100000 50.000000 0.000000 -32881.035494 -0.324484 6.665915
10 300.000000 1.000000 0.500000 0.500000 0.100000 30.000000 0.000000 -33014.964421 -0.554727 7.304466
11 300.000000 -1.000000 0.500000 0.500000 0.100000 30.000000 0.000000 -32798.286993 -3.792105 6.615346
12 300.000000 -1.000000 0.400000 0.500000 0.100000 40.000000 0.000000 -32769.102260 -0.926425 7.619060
11 300.000000 -1.000000 0.500000 0.500000 0.100000 30.000000 0.000000 -32886.510099 9.271512 6.481448
14 300.000000 -1.000000 0.200000 0.500000 0.100000 60.000000 0.000000 -32849.551726 2.903132 6.398899
13 300.000000 -1.000000 0.300000 0.500000 0.100000 50.000000 0.000000 -32841.337439 2.774629 7.610433
8 300.000000 1.000000 0.300000 0.500000 0.100000 50.000000 0.000000 -32752.359548 10.403351 6.821306
8 300.000000 1.000000 0.300000 0.500000 0.100000 50.000000 0.000000 -32899.043141 4.080036 6.820519
8 300.000000 1.000000 0.300000 0.500000 0.100000 50.000000 0.000000 -33028.284080 9.228888 8.033682
13 300.000000 -1.000000 0.300000 0.500000 0.100000 50.000000 0.000000 -32892.722071 6.651299 6.500708
13 300.000000 -1.000000 0.300000 0.500000 0.100000 50.000000 0.000000 -32934.571776 2.639309 6.402497
12 300.000000 -1.000000 0.400000 0.500000 0.100000 40.000000 0.000000 -32858.633745 -2.369263 6.389763
13 300.000000 -1.000000 0.300000 0.500000 0.100000 50.000000 0.000000 -32799.615678 6.553652 7.070169
13 300.000000 -1.000000 0.300000 0.500000 0.100000 50.000000 0.000000 -32858.358388 4.427045 6.447940
11 300.000000 -1.000000 0.500000 0.500000 0.100000 30.000000 0.000000 -32903.118827 6.767612 6.468103
13 300.000000 -1.000000 0.300000 0.500000 0.100000 50.000000 0.000000 -32836.913813 6.253666 7.714461
11 300.000000 -1.000000 0.500000 0.500000 0.100000 30.000000 0.000000 -32829.909244 4.636437 6.544408
7 300.000000 1.000000 0.200000 0.500000 0.100000 60.000000 0.000000 -32791.284342 4.982294 7.216663
10 300.000000 1.000000 0.500000 0.500000 0.100000 30.000000 0.000000 -33031.119914 -0.091383 7.750576
13 300.000000 -1.000000 0.300000 0.500000 0.100000 50.000000 0.000000 -32836.633394 7.502285 6.859604
12 300.000000 -1.000000 0.400000 0.500000 0.100000 40.000000 0.000000 -32744.828340 10.338219 6.486780
12 300.000000 -1.000000 0.400000 0.500000 0.100000 40.000000 0.000000 -32830.692484 7.217355 6.416253
12 300.000000 -1.000000 0.400000 0.500000 0.100000 40.000000 0.000000 -32888.700473 7.335148 7.016678
8 300.000000 1.000000 0.300000 0.500000 0.100000 50.000000 0.000000 -32947.028045 5.570377 6.776153
8 300.000000 1.000000 0.300000 0.500000 0.100000 50.000000 0.000000 -32787.361924 9.041288 6.427076
9 300.000000 1.000000 0.400000 0.500000 0.100000 40.000000 0.000000 -32883.577990 6.634167 7.249958
7 300.000000 1.000000 0.200000 0.500000 0.100000 60.000000 0.000000 -32862.491763 10.424928 6.391941
9 300.000000 1.000000 0.400000 0.500000 0.100000 40.000000 0.000000 -32901.011510 3.653778 7.658195
12 300.000000 -1.000000 0.400000 0.500000 0.100000 40.000000 0.000000 -32892.226910 6.912654 6.734923
13 300.000000 -1.000000 0.300000 0.500000 0.100000 50.000000 0.000000 -32810.171775 0.114217 6.460411
9 300.000000 1.000000 0.400000 0.500000 0.100000 40.000000 0.000000 -33033.719735 6.897897 6.628558
8 300.000000 1.000000 0.300000 0.500000 0.100000 50.000000 0.000000 -32979.397628 9.784484 6.877915
8 300.000000 1.000000 0.300000 0.500000 0.100000 50.000000 0.000000 -32837.753475 3.569006 6.395233
8 300.000000 1.000000 0.300000 0.500000 0.100000 50.000000 0.000000 -32860.965514 7.670620 6.392533
9 300.000000 1.000000 0.400000 0.500000 0.100000 40.000000 0.000000 -32898.393714 -2.434295 6.582667
9 300.000000 1.000000 0.400000 0.500000 0.100000 40.000000 0.000000 -32845.416673 4.243328 6.796489
8 300.000000 1.000000 0.300000 0.500000 0.100000 50.000000 0.000000 -32771.303170 7.967603 8.274715
7 300.000000 1.000000 0.200000 0.500000 0.100000 60.000000 0.000000 -32790.462861 11.816030 6.428836
8 300.000000 1.000000 0.300000 0.500000 0.100000 50.000000 0.000000 -32844.963638 4.523188 6.464238
8 300.000000 1.000000 0.300000 0.500000 0.100000 50.000000 0.000000 -32836.277109 7.931574 6.623327
8 300.000000 1.000000 0.300000 0.500000 0.100000 50.000000 0.000000 -32779.436517 2.451582 6.417749
13 300.000000 -1.000000 0.300000 0.500000 0.100000 50.000000 0.000000 -32962.843724 6.589226 7.960546
13 300.000000 -1.000000 0.300000 0.500000 0.100000 50.000000 0.000000 -32991.697746 4.479071 7.580671
8 300.000000 1.000000 0.300000 0.500000 0.100000 50.000000 0.000000 -32982.481615 10.683434 7.558465
8 300.000000 1.000000 0.300000 0.500000 0.100000 50.000000 0.000000 -32794.979744 4.351791 7.148781
9 300.000000 1.000000 0.400000 0.500000 0.100000 40.000000 0.000000 -32904.404512 5.663886 6.924864
9 300.000000 1.000000 0.400000 0.500000 0.100000 40.000000 0.000000 -32859.333693 -4.690442 6.561481
