300.000000 0.000000 0.000000 0.000000 0.000000 0.000000 0.000000 -40634.889102 766.833511
300.000000 0.002000 0.002000 0.002000 0.000000 0.000000 0.000000 -40550.447314 885.372567
300.000000 0.004000 0.004000 0.004000 0.000000 0.000000 0.000000 -40534.222300 798.953192
300.000000 0.006000 0.006000 0.006000 0.000000 0.000000 0.000000 -40681.047900 836.469571
300.000000 0.008000 0.008000 0.008000 0.000000 0.000000 0.000000 -40632.417293 707.678249
300.000000 0.010000 0.010000 0.010000 0.000000 0.000000 0.000000 -40650.912453 721.491404
300.000000 0.012000 0.012000 0.012000 0.000000 0.000000 0.000000 -40602.026930 909.038555
300.000000 0.014000 0.014000 0.014000 0.000000 0.000000 0.000000 -40661.816235 674.712301
300.000000 0.016000 0.016000 0.016000 0.000000 0.000000 0.000000 -40611.675806 719.638448
300.000000 0.018000 0.018000 0.018000 0.000000 0.000000 0.000000 -40592.645561 675.258418
300.000000 0.020000 0.020000 0.020000 0.000000 0.000000 0.000000 -40522.129643 765.258280
300.000000 0.022000 0.022000 0.022000 0.000000 0.000000 0.000000 -40539.700494 578.077874
300.000000 0.024000 0.024000 0.024000 0.000000 0.000000 0.000000 -40628.000909 170.180489
300.000000 0.026000 0.026000 0.026000 0.000000 0.000000 0.000000 -40501.793160 75.442179
300.000000 0.028000 0.028000 0.028000 0.000000 0.000000 0.000000 -40517.686571 97.767333
300.000000 0.030000 0.030000 0.030000 0.000000 0.000000 0.000000 -40591.924236 68.938316
300.000000 0.032000 0.032000 0.032000 0.000000 0.000000 0.000000 -40654.321107 94.686191
300.000000 0.034000 0.034000 0.034000 0.000000 0.000000 0.000000 -40635.788038 85.790194
300.000000 0.036000 0.036000 0.036000 0.000000 0.000000 0.000000 -40622.286083 122.972208
300.000000 0.038000 0.038000 0.038000 0.000000 0.000000 0.000000 -40553.334478 82.566625
300.000000 0.040000 0.040000 0.040000 0.000000 0.000000 0.000000 -40503.023452 83.884549
300.000000 0.042000 0.042000 0.042000 0.000000 0.000000 0.000000 -40580.521941 166.868882
300.000000 0.044000 0.044000 0.044000 0.000000 0.000000 0.000000 -40697.498910 109.079058
300.000000 0.046000 0.046000 0.046000 0.000000 0.000000 0.000000 -40586.943852 174.702941
300.000000 0.048000 0.048000 0.048000 0.000000 0.000000 0.000000 -40419.576895 87.880568
300.000000 0.050000 0.050000 0.050000 0.000000 0.000000 0.000000 -40586.511367 110.891770
300.000000 0.052000 0.052000 0.052000 0.000000 0.000000 0.000000 -40439.661830 93.229551
300.000000 0.054000 0.054000 0.054000 0.000000 0.000000 0.000000 -40564.984608 150.305469
300.000000 0.056000 0.056000 0.056000 0.000000 0.000000 0.000000 -40584.890910 67.914573
300.000000 0.058000 0.058000 0.058000 0.000000 0.000000 0.000000 -40600.765248 91.004585
300.000000 0.060000 0.060000 0.060000 0.000000 0.000000 0.000000 -40532.780486 116.265656
300.000000 0.062000 0.062000 0.062000 0.000000 0.000000 0.000000 -40761.535380 111.493249
300.000000 0.064000 0.064000 0.064000 0.000000 0.000000 0.000000 -40761.806015 85.032346
300.000000 0.066000 0.066000 0.066000 0.000000 0.000000 0.000000 -40717.843547 58.944802
300.000000 0.068000 0.068000 0.068000 0.000000 0.000000 0.000000 -40679.460620 54.530807
300.000000 0.070000 0.070000 0.070000 0.000000 0.000000 0.000000 -40690.123567 76.383873
300.000000 0.072000 0.072000 0.072000 0.000000 0.000000 0.000000 -40652.868462 35.162948
300.000000 0.074000 0.074000 0.074000 0.000000 0.000000 0.000000 -40540.692094 68.223753
300.000000 0.076000 0.076000 0.076000 0.000000 0.000000 0.000000 -40655.469845 56.616757
300.000000 0.078000 0.078000 0.078000 0.000000 0.000000 0.000000 -40469.964564 49.992190
300.000000 0.080000 0.080000 0.080000 0.000000 0.000000 0.000000 -40515.486821 67.435257
300.000000 0.082000 0.082000 0.082000 0.000000 0.000000 0.000000 -40523.563074 41.247921
300.000000 0.084000 0.084000 0.084000 0.000000 0.000000 0.000000 -40491.181870 54.415847
300.000000 0.086000 0.086000 0.086000 0.000000 0.000000 0.000000 -40581.305116 56.327979
300.000000 0.088000 0.088000 0.088000 0.000000 0.000000 0.000000 -40532.570832 61.265342
300.000000 0.090000 0.090000 0.090000 0.000000 0.000000 0.000000 -40610.182919 87.895188
300.000000 0.092000 0.092000 0.092000 0.000000 0.000000 0.000000 -40728.812758 48.791540
300.000000 0.094000 0.094000 0.094000 0.000000 0.000000 0.000000 -40546.415951 65.611636
300.000000 0.096000 0.096000 0.096000 0.000000 0.000000 0.000000 -40565.783056 72.030290
300.000000 0.098000 0.098000 0.098000 0.000000 0.000000 0.000000 -40570.418548 60.503527
300.000000 0.100000 0.100000 0.100000 0.000000 0.000000 0.000000 -40515.045445 34.234816
300.000000 0.102000 0.102000 0.102000 0.000000 0.000000 0.000000 -40584.358627 69.214757
300.000000 0.104000 0.104000 0.104000 0.000000 0.000000 0.000000 -40542.030970 62.051860
300.000000 0.106000 0.106000 0.106000 0.000000 0.000000 0.000000 -40769.693508 75.873596
300.000000 0.108000 0.108000 0.108000 0.000000 0.000000 0.000000 -40620.167153 54.915171
300.000000 0.110000 0.110000 0.110000 0.000000 0.000000 0.000000 -40583.313312 46.001883
300.000000 0.112000 0.112000 0.112000 0.000000 0.000000 0.000000 -40641.997588 49.468753
300.000000 0.114000 0.114000 0.114000 0.000000 0.000000 0.000000 -40660.017114 47.812798
300.000000 0.116000 0.116000 0.116000 0.000000 0.000000 0.000000 -40747.878667 69.506892
300.000000 0.118000 0.118000 0.118000 0.000000 0.000000 0.000000 -40703.725455 56.661621
300.000000 0.120000 0.120000 0.120000 0.000000 0.000000 0.000000 -40744.473303 51.263081
300.000000 0.122000 0.122000 0.122000 0.000000 0.000000 0.000000 -40617.730949 59.761221
300.000000 0.124000 0.124000 0.124000 0.000000 0.000000 0.000000 -40566.367619 45.079254
300.000000 0.126000 0.126000 0.126000 0.000000 0.000000 0.000000 -40432.042813 33.421732
300.000000 0.128000 0.128000 0.128000 0.000000 0.000000 0.000000 -40595.561559 61.175190
300.000000 0.130000 0.130000 0.130000 0.000000 0.000000 0.000000 -40600.452169 35.268148
300.000000 0.132000 0.132000 0.132000 0.000000 0.000000 0.000000 -40491.834242 21.030635
300.000000 0.134000 0.134000 0.134000 0.000000 0.000000 0.000000 -40581.130793 32.271697
300.000000 0.136000 0.136000 0.136000 0.000000 0.000000 0.000000 -40728.747924 46.859695
300.000000 0.138000 0.138000 0.138000 0.000000 0.000000 0.000000 -40615.475886 32.002228
300.000000 0.140000 0.140000 0.140000 0.000000 0.000000 0.000000 -40641.883620 49.131419
300.000000 0.142000 0.142000 0.142000 0.000000 0.000000 0.000000 -40520.651675 36.148092
300.000000 0.144000 0.144000 0.144000 0.000000 0.000000 0.000000 -40662.104639 44.066552
300.000000 0.146000 0.146000 0.146000 0.000000 0.000000 0.000000 -40515.455876 55.969765
300.000000 0.148000 0.148000 0.148000 0.000000 0.000000 0.000000 -40486.530187 45.154420
300.000000 0.150000 0.150000 0.150000 0.000000 0.000000 0.000000 -40515.033798 36.342103
300.000000 0.152000 0.152000 0.152000 0.000000 0.000000 0.000000 -40615.325004 51.337129
300.000000 0.154000 0.154000 0.154000 0.000000 0.000000 0.000000 -40710.578971 26.046449
300.000000 0.156000 0.156000 0.156000 0.000000 0.000000 0.000000 -40509.121448 19.979217
300.000000 0.158000 0.158000 0.158000 0.000000 0.000000 0.000000 -40649.781698 29.812791
300.000000 0.160000 0.160000 0.160000 0.000000 0.000000 0.000000 -40701.583610 33.707179
300.000000 0.162000 0.162000 0.162000 0.000000 0.000000 0.000000 -40646.476501 33.123681
300.000000 0.164000 0.164000 0.164000 0.000000 0.000000 0.000000 -40546.425805 32.755503
300.000000 0.166000 0.166000 0.166000 0.000000 0.000000 0.000000 -40628.478328 49.938244
300.000000 0.168000 0.168000 0.168000 0.000000 0.000000 0.000000 -40661.067652 49.612020
300.000000 0.170000 0.170000 0.170000 0.000000 0.000000 0.000000 -40680.017428 31.189071
300.000000 0.172000 0.172000 0.172000 0.000000 0.000000 0.000000 -40593.022089 37.019797
300.000000 0.174000 0.174000 0.174000 0.000000 0.000000 0.000000 -40520.383411 67.673787
300.000000 0.176000 0.176000 0.176000 0.000000 0.000000 0.000000 -40435.943746 30.127356
300.000000 0.178000 0.178000 0.178000 0.000000 0.000000 0.000000 -40628.022558 45.468377
300.000000 0.180000 0.180000 0.180000 0.000000 0.000000 0.000000 -40574.253333 35.311663
300.000000 0.182000 0.182000 0.182000 0.000000 0.000000 0.000000 -40679.552788 34.125383
300.000000 0.184000 0.184000 0.184000 0.000000 0.000000 0.000000 -40416.906415 50.506849
300.000000 0.186000 0.186000 0.186000 0.000000 0.000000 0.000000 -40533.012615 63.299992
300.000000 0.188000 0.188000 0.188000 0.000000 0.000000 0.000000 -40517.556162 34.017891
300.000000 0.190000 0.190000 0.190000 0.000000 0.000000 0.000000 -40603.546031 37.697395
300.000000 0.192000 0.192000 0.192000 0.000000 0.000000 0.000000 -40527.842181 24.639989
300.000000 0.194000 0.194000 0.194000 0.000000 0.000000 0.000000 -40620.853024 32.276043
300.000000 0.196000 0.196000 0.196000 0.000000 0.000000 0.000000 -40623.817206 20.518567
300.000000 0.198000 0.198000 0.198000 0.000000 0.000000 0.000000 -40527.504178 27.965364
300.000000 0.200000 0.200000 0.200000 0.000000 0.000000 0.000000 -40529.527794 23.623023
300.000000 0.202000 0.202000 0.202000 0.000000 0.000000 0.000000 -40530.474610 20.081796
300.000000 0.204000 0.204000 0.204000 0.000000 0.000000 0.000000 -40610.823543 49.873027
300.000000 0.206000 0.206000 0.206000 0.000000 0.000000 0.000000 -40631.538203 33.551289
300.000000 0.208000 0.208000 0.208000 0.000000 0.000000 0.000000 -40697.735723 42.890403
300.000000 0.210000 0.210000 0.210000 0.000000 0.000000 0.000000 -40501.171969 33.742301
300.000000 0.212000 0.212000 0.212000 0.000000 0.000000 0.000000 -40545.179900 33.029367
300.000000 0.214000 0.214000 0.214000 0.000000 0.000000 0.000000 -40443.854989 25.130646
300.000000 0.216000 0.216000 0.216000 0.000000 0.000000 0.000000 -40406.245290 19.399108
300.000000 0.218000 0.218000 0.218000 0.000000 0.000000 0.000000 -40455.780436 27.265714
300.000000 0.220000 0.220000 0.220000 0.000000 0.000000 0.000000 -40369.272582 36.059718
300.000000 0.222000 0.222000 0.222000 0.000000 0.000000 0.000000 -40508.934667 23.294184
300.000000 0.224000 0.224000 0.224000 0.000000 0.000000 0.000000 -40536.752109 30.025062
300.000000 0.226000 0.226000 0.226000 0.000000 0.000000 0.000000 -40434.516054 24.429318
300.000000 0.228000 0.228000 0.228000 0.000000 0.000000 0.000000 -40592.315251 26.624085
300.000000 0.230000 0.230000 0.230000 0.000000 0.000000 0.000000 -40533.096336 35.978290
300.000000 0.232000 0.232000 0.232000 0.000000 0.000000 0.000000 -40587.387747 33.197644
300.000000 0.234000 0.234000 0.234000 0.000000 0.000000 0.000000 -40500.950642 21.034448
300.000000 0.236000 0.236000 0.236000 0.000000 0.000000 0.000000 -40533.526760 22.839488
300.000000 0.238000 0.238000 0.238000 0.000000 0.000000 0.000000 -40457.183899 30.277113
300.000000 0.240000 0.240000 0.240000 0.000000 0.000000 0.000000 -40387.843908 8.730395
300.000000 0.242000 0.242000 0.242000 0.000000 0.000000 0.000000 -40506.110578 9.726618
300.000000 0.244000 0.244000 0.244000 0.000000 0.000000 0.000000 -40553.872150 7.126152
300.000000 0.246000 0.246000 0.246000 0.000000 0.000000 0.000000 -40442.777801 10.705551
300.000000 0.248000 0.248000 0.248000 0.000000 0.000000 0.000000 -40554.030507 19.455985
300.000000 0.250000 0.250000 0.250000 0.000000 0.000000 0.000000 -40582.864421 13.020915
300.000000 0.252000 0.252000 0.252000 0.000000 0.000000 0.000000 -40462.829204 23.279608
300.000000 0.254000 0.254000 0.254000 0.000000 0.000000 0.000000 -40630.026088 20.478865
300.000000 0.256000 0.256000 0.256000 0.000000 0.000000 0.000000 -40585.116960 13.359077
300.000000 0.258000 0.258000 0.258000 0.000000 0.000000 0.000000 -40539.223581 8.933828
300.000000 0.260000 0.260000 0.260000 0.000000 0.000000 0.000000 -40632.038868 16.128416
300.000000 0.262000 0.262000 0.262000 0.000000 0.000000 0.000000 -40679.511509 15.787894
300.000000 0.264000 0.264000 0.264000 0.000000 0.000000 0.000000 -40626.036571 3.946297
300.000000 0.266000 0.266000 0.266000 0.000000 0.000000 0.000000 -40442.973062 24.634706
300.000000 0.268000 0.268000 0.268000 0.000000 0.000000 0.000000 -40535.103893 31.618897
300.000000 0.270000 0.270000 0.270000 0.000000 0.000000 0.000000 -40655.314639 11.667567
300.000000 0.272000 0.272000 0.272000 0.000000 0.000000 0.000000 -40538.239683 15.541642
300.000000 0.274000 0.274000 0.274000 0.000000 0.000000 0.000000 -40623.753021 23.721824
300.000000 0.276000 0.276000 0.276000 0.000000 0.000000 0.000000 -40662.882292 17.900954
300.000000 0.278000 0.278000 0.278000 0.000000 0.000000 0.000000 -40672.015074 17.833431
300.000000 0.280000 0.280000 0.280000 0.000000 0.000000 0.000000 -40631.566770 18.041098
300.000000 0.282000 0.282000 0.282000 0.000000 0.000000 0.000000 -40663.039158 26.099113
300.000000 0.284000 0.284000 0.284000 0.000000 0.000000 0.000000 -40692.005124 14.200941
300.000000 0.286000 0.286000 0.286000 0.000000 0.000000 0.000000 -40645.256985 25.247348
300.000000 0.288000 0.288000 0.288000 0.000000 0.000000 0.000000 -40637.278886 5.864970
300.000000 0.290000 0.290000 0.290000 0.000000 0.000000 0.000000 -40567.371628 14.582700
300.000000 0.292000 0.292000 0.292000 0.000000 0.000000 0.000000 -40581.768957 10.604420
300.000000 0.294000 0.294000 0.294000 0.000000 0.000000 0.000000 -40547.887470 20.540882
300.000000 0.296000 0.296000 0.296000 0.000000 0.000000 0.000000 -40681.934090 24.413658
300.000000 0.298000 0.298000 0.298000 0.000000 0.000000 0.000000 -40878.301568 10.951279
300.000000 0.300000 0.300000 0.300000 0.000000 0.000000 0.000000 -40767.476687 20.091021
300.000000 0.302000 0.302000 0.302000 0.000000 0.000000 0.000000 -40712.827059 34.833492
300.000000 0.304000 0.304000 0.304000 0.000000 0.000000 0.000000 -40563.274547 21.054455
300.000000 0.306000 0.306000 0.306000 0.000000 0.000000 0.000000 -40513.219563 12.517344
300.000000 0.308000 0.308000 0.308000 0.000000 0.000000 0.000000 -40539.463934 16.083136
300.000000 0.310000 0.310000 0.310000 0.000000 0.000000 0.000000 -40541.166317 10.381920
300.000000 0.312000 0.312000 0.312000 0.000000 0.000000 0.000000 -40522.122757 9.811248
300.000000 0.314000 0.314000 0.314000 0.000000 0.000000 0.000000 -40507.528341 22.482536
300.000000 0.316000 0.316000 0.316000 0.000000 0.000000 0.000000 -40632.794080 4.385780
300.000000 0.318000 0.318000 0.318000 0.000000 0.000000 0.000000 -40463.092732 32.964927
300.000000 0.320000 0.320000 0.320000 0.000000 0.000000 0.000000 -40531.418948 15.272864
300.000000 0.322000 0.322000 0.322000 0.000000 0.000000 0.000000 -40577.030187 11.349657
300.000000 0.324000 0.324000 0.324000 0.000000 0.000000 0.000000 -40626.544212 18.030458
300.000000 0.326000 0.326000 0.326000 0.000000 0.000000 0.000000 -40464.799678 4.533403
300.000000 0.328000 0.328000 0.328000 0.000000 0.000000 0.000000 -40543.428689 12.777595
300.000000 0.330000 0.330000 0.330000 0.000000 0.000000 0.000000 -40602.570977 18.969776
300.000000 0.332000 0.332000 0.332000 0.000000 0.000000 0.000000 -40478.461003 14.361583
300.000000 0.334000 0.334000 0.334000 0.000000 0.000000 0.000000 -40435.368390 5.155430
300.000000 0.336000 0.336000 0.336000 0.000000 0.000000 0.000000 -40513.167342 16.456899
300.000000 0.338000 0.338000 0.338000 0.000000 0.000000 0.000000 -40618.300607 4.970366
300.000000 0.340000 0.340000 0.340000 0.000000 0.000000 0.000000 -40538.711771 3.445843
300.000000 0.342000 0.342000 0.342000 0.000000 0.000000 0.000000 -40648.676798 18.102460
300.000000 0.344000 0.344000 0.344000 0.000000 0.000000 0.000000 -40609.038467 9.174619
300.000000 0.346000 0.346000 0.346000 0.000000 0.000000 0.000000 -40441.934881 12.942896
300.000000 0.348000 0.348000 0.348000 0.000000 0.000000 0.000000 -40520.293501 8.504526
300.000000 0.350000 0.350000 0.350000 0.000000 0.000000 0.000000 -40575.050408 8.025016
300.000000 0.352000 0.352000 0.352000 0.000000 0.000000 0.000000 -40389.190631 21.841839
300.000000 0.354000 0.354000 0.354000 0.000000 0.000000 0.000000 -40412.013508 16.249031
300.000000 0.356000 0.356000 0.356000 0.000000 0.000000 0.000000 -40490.749133 23.571034
300.000000 0.358000 0.358000 0.358000 0.000000 0.000000 0.000000 -40464.175830 7.478263
300.000000 0.360000 0.360000 0.360000 0.000000 0.000000 0.000000 -40495.996952 11.812540
300.000000 0.362000 0.362000 0.362000 0.000000 0.000000 0.000000 -40611.492734 7.622306
300.000000 0.364000 0.364000 0.364000 0.000000 0.000000 0.000000 -40750.741140 5.795430
300.000000 0.366000 0.366000 0.366000 0.000000 0.000000 0.000000 -40561.728342 4.472067
300.000000 0.368000 0.368000 0.368000 0.000000 0.000000 0.000000 -40675.671408 5.366242
300.000000 0.370000 0.370000 0.370000 0.000000 0.000000 0.000000 -40698.401235 10.142493
300.000000 0.372000 0.372000 0.372000 0.000000 0.000000 0.000000 -40689.719351 15.540950
300.000000 0.374000 0.374000 0.374000 0.000000 0.000000 0.000000 -40606.217716 2.124066
300.000000 0.376000 0.376000 0.376000 0.000000 0.000000 0.000000 -40573.451489 -1.837238
300.000000 0.378000 0.378000 0.378000 0.000000 0.000000 0.000000 -40804.351840 -1.743662
300.000000 0.380000 0.380000 0.380000 0.000000 0.000000 0.000000 -40703.980278 3.436037
300.000000 0.382000 0.382000 0.382000 0.000000 0.000000 0.000000 -40780.078459 3.228532
300.000000 0.384000 0.384000 0.384000 0.000000 0.000000 0.000000 -40643.514654 1.654016
300.000000 0.386000 0.386000 0.386000 0.000000 0.000000 0.000000 -40656.011288 4.472989
300.000000 0.388000 0.388000 0.388000 0.000000 0.000000 0.000000 -40685.663816 1.077740
300.000000 0.390000 0.390000 0.390000 0.000000 0.000000 0.000000 -40644.108647 1.116051
300.000000 0.392000 0.392000 0.392000 0.000000 0.000000 0.000000 -40760.064712 -0.983559
300.000000 0.394000 0.394000 0.394000 0.000000 0.000000 0.000000 -40502.129008 -0.358366
300.000000 0.396000 0.396000 0.396000 0.000000 0.000000 0.000000 -40566.630141 12.179332
300.000000 0.398000 0.398000 0.398000 0.000000 0.000000 0.000000 -40648.139706 9.258190
300.000000 0.400000 0.400000 0.400000 0.000000 0.000000 0.000000 -40614.734590 4.604543
300.000000 0.402000 0.402000 0.402000 0.000000 0.000000 0.000000 -40400.684188 13.078979
300.000000 0.404000 0.404000 0.404000 0.000000 0.000000 0.000000 -40383.317134 8.349639
300.000000 0.406000 0.406000 0.406000 0.000000 0.000000 0.000000 -40462.316286 4.783879
300.000000 0.408000 0.408000 0.408000 0.000000 0.000000 0.000000 -40550.606016 9.185227
300.000000 0.410000 0.410000 0.410000 0.000000 0.000000 0.000000 -40542.464764 16.920313
300.000000 0.412000 0.412000 0.412000 0.000000 0.000000 0.000000 -40619.578799 11.521270
300.000000 0.414000 0.414000 0.414000 0.000000 0.000000 0.000000 -40533.449464 11.870534
300.000000 0.416000 0.416000 0.416000 0.000000 0.000000 0.000000 -40337.708325 9.571094
300.000000 0.418000 0.418000 0.418000 0.000000 0.000000 0.000000 -40523.775702 1.197890
300.000000 0.420000 0.420000 0.420000 0.000000 0.000000 0.000000 -40484.914205 22.157078
300.000000 0.422000 0.422000 0.422000 0.000000 0.000000 0.000000 -40619.229174 10.034001
300.000000 0.424000 0.424000 0.424000 0.000000 0.000000 0.000000 -40604.856855 8.074633
300.000000 0.426000 0.426000 0.426000 0.000000 0.000000 0.000000 -40619.311303 4.934233
300.000000 0.428000 0.428000 0.428000 0.000000 0.000000 0.000000 -40488.720775 -8.610557
300.000000 0.430000 0.430000 0.430000 0.000000 0.000000 0.000000 -40649.361200 2.635853
300.000000 0.432000 0.432000 0.432000 0.000000 0.000000 0.000000 -40606.147229 -0.258399
300.000000 0.434000 0.434000 0.434000 0.000000 0.000000 0.000000 -40718.205335 1.643258
300.000000 0.436000 0.436000 0.436000 0.000000 0.000000 0.000000 -40750.751982 4.923461
300.000000 0.438000 0.438000 0.438000 0.000000 0.000000 0.000000 -40722.004219 1.169310
300.000000 0.440000 0.440000 0.440000 0.000000 0.000000 0.000000 -40745.542388 2.048462
300.000000 0.442000 0.442000 0.442000 0.000000 0.000000 0.000000 -40708.663412 2.242696
300.000000 0.444000 0.444000 0.444000 0.000000 0.000000 0.000000 -40646.646663 -2.045927
300.000000 0.446000 0.446000 0.446000 0.000000 0.000000 0.000000 -40659.608172 1.404444
300.000000 0.448000 0.448000 0.448000 0.000000 0.000000 0.000000 -40656.573389 8.267973
300.000000 0.450000 0.450000 0.450000 0.000000 0.000000 0.000000 -40602.503727 15.259437
300.000000 0.452000 0.452000 0.452000 0.000000 0.000000 0.000000 -40473.783282 8.622777
300.000000 0.454000 0.454000 0.454000 0.000000 0.000000 0.000000 -40568.962181 11.244776
300.000000 0.456000 0.456000 0.456000 0.000000 0.000000 0.000000 -40491.525640 20.998049
300.000000 0.458000 0.458000 0.458000 0.000000 0.000000 0.000000 -40633.406309 0.092193
300.000000 0.460000 0.460000 0.460000 0.000000 0.000000 0.000000 -40764.886953 5.313404
300.000000 0.462000 0.462000 0.462000 0.000000 0.000000 0.000000 -40684.066101 7.746345
300.000000 0.464000 0.464000 0.464000 0.000000 0.000000 0.000000 -40604.705986 10.037004
300.000000 0.466000 0.466000 0.466000 0.000000 0.000000 0.000000 -40586.151448 -0.657495
300.000000 0.468000 0.468000 0.468000 0.000000 0.000000 0.000000 -40701.095025 -5.726037
300.000000 0.470000 0.470000 0.470000 0.000000 0.000000 0.000000 -40676.723328 7.760059
300.000000 0.472000 0.472000 0.472000 0.000000 0.000000 0.000000 -40647.934291 4.297229
300.000000 0.474000 0.474000 0.474000 0.000000 0.000000 0.000000 -40561.310168 3.561461
300.000000 0.476000 0.476000 0.476000 0.000000 0.000000 0.000000 -40612.795200 -0.701685
300.000000 0.478000 0.478000 0.478000 0.000000 0.000000 0.000000 -40566.490223 1.147846
300.000000 0.480000 0.480000 0.480000 0.000000 0.000000 0.000000 -40595.706950 -6.156752
300.000000 0.482000 0.482000 0.482000 0.000000 0.000000 0.000000 -40537.753478 0.248030
300.000000 0.484000 0.484000 0.484000 0.000000 0.000000 0.000000 -40515.500492 4.334271
300.000000 0.486000 0.486000 0.486000 0.000000 0.000000 0.000000 -40612.403560 -4.485760
300.000000 0.488000 0.488000 0.488000 0.000000 0.000000 0.000000 -40607.822422 5.387500
300.000000 0.490000 0.490000 0.490000 0.000000 0.000000 0.000000 -40565.386773 8.256557
300.000000 0.492000 0.492000 0.492000 0.000000 0.000000 0.000000 -40614.214462 -2.785342
300.000000 0.494000 0.494000 0.494000 0.000000 0.000000 0.000000 -40716.842832 -2.424290
300.000000 0.496000 0.496000 0.496000 0.000000 0.000000 0.000000 -40562.642324 -5.369314
300.000000 0.498000 0.498000 0.498000 0.000000 0.000000 0.000000 -40598.792269 5.028372
