50.000000 0.500000 0.500000 0.500000 0.000000 0.000000 0.000000 -34448.145711 -2.815786
75.000000 0.500000 0.500000 0.500000 0.000000 0.000000 0.000000 -34235.987070 -11.046546
100.000000 0.500000 0.500000 0.500000 0.000000 0.000000 0.000000 -33906.350049 -3.144419
125.000000 0.500000 0.500000 0.500000 0.000000 0.000000 0.000000 -33477.161655 1.665571
150.000000 0.500000 0.500000 0.500000 0.000000 0.000000 0.000000 -33103.613953 2.763504
175.000000 0.500000 0.500000 0.500000 0.000000 0.000000 0.000000 -32596.245519 0.388384
200.000000 0.500000 0.500000 0.500000 0.000000 0.000000 0.000000 -31925.890533 -4.018284
225.000000 0.500000 0.500000 0.500000 0.000000 0.000000 0.000000 -31206.877925 -1.755198
250.000000 0.500000 0.500000 0.500000 0.000000 0.000000 0.000000 -30255.217535 -9.672263
275.000000 0.500000 0.500000 0.500000 0.000000 0.000000 0.000000 -29257.092878 2.427402
300.000000 0.500000 0.500000 0.500000 0.000000 0.000000 0.000000 -28875.927857 -7.932003
300.000000 0.500000 0.500000 0.500000 0.000000 0.000000 0.000000 -29121.509731 -4.675550
300.000000 0.500000 0.500000 0.500000 0.000000 0.000000 0.000000 -29108.560998 -1.912046
300.000000 0.500000 0.500000 0.500000 0.000000 0.000000 0.000000 -29062.359536 -3.928657
300.000000 0.500000 0.500000 0.500000 0.000000 0.000000 0.000000 -29294.330466 -10.650693
300.000000 0.500000 0.500000 0.500000 0.000000 0.000000 0.000000 -29074.983332 -1.874701
300.000000 0.500000 0.500000 0.500000 0.000000 0.000000 0.000000 -29091.925602 -0.672204
300.000000 0.500000 0.500000 0.500000 0.000000 0.000000 0.000000 -29135.835523 3.861436
300.000000 0.500000 0.500000 0.500000 0.000000 0.000000 0.000000 -29037.658290 -7.722873
300.000000 0.500000 0.500000 0.500000 0.000000 0.000000 0.000000 -29206.604057 -13.533700
