300.000000 0.000000 0.000000 0.000000 0.000000 0.000000 0.000000 -33338.662826 787.510185
300.000000 0.002000 0.002000 0.002000 0.000000 0.000000 0.000000 -33206.803246 839.395011
300.000000 0.004000 0.004000 0.004000 0.000000 0.000000 0.000000 -33278.980060 772.864857
300.000000 0.006000 0.006000 0.006000 0.000000 0.000000 0.000000 -33206.956020 833.626209
300.000000 0.008000 0.008000 0.008000 0.000000 0.000000 0.000000 -33097.292169 894.272719
300.000000 0.010000 0.010000 0.010000 0.000000 0.000000 0.000000 -33148.209215 901.974636
300.000000 0.012000 0.012000 0.012000 0.000000 0.000000 0.000000 -33335.233640 850.342871
300.000000 0.014000 0.014000 0.014000 0.000000 0.000000 0.000000 -33201.206829 659.477569
300.000000 0.016000 0.016000 0.016000 0.000000 0.000000 0.000000 -33159.550632 665.876249
300.000000 0.018000 0.018000 0.018000 0.000000 0.000000 0.000000 -33142.983797 634.573370
300.000000 0.020000 0.020000 0.020000 0.000000 0.000000 0.000000 -33225.219934 186.407102
300.000000 0.022000 0.022000 0.022000 0.000000 0.000000 0.000000 -33221.775458 192.359237
300.000000 0.024000 0.024000 0.024000 0.000000 0.000000 0.000000 -33220.721803 120.625295
300.000000 0.026000 0.026000 0.026000 0.000000 0.000000 0.000000 -33075.701985 237.593240
300.000000 0.028000 0.028000 0.028000 0.000000 0.000000 0.000000 -33181.770721 120.719854
300.000000 0.030000 0.030000 0.030000 0.000000 0.000000 0.000000 -32993.608366 122.025444
300.000000 0.032000 0.032000 0.032000 0.000000 0.000000 0.000000 -33011.411997 148.993533
300.000000 0.034000 0.034000 0.034000 0.000000 0.000000 0.000000 -33187.627884 124.776540
300.000000 0.036000 0.036000 0.036000 0.000000 0.000000 0.000000 -33282.289141 166.752570
300.000000 0.038000 0.038000 0.038000 0.000000 0.000000 0.000000 -33221.577286 137.537895
300.000000 0.040000 0.040000 0.040000 0.000000 0.000000 0.000000 -33198.278977 141.069676
300.000000 0.042000 0.042000 0.042000 0.000000 0.000000 0.000000 -33145.133458 158.420147
300.000000 0.044000 0.044000 0.044000 0.000000 0.000000 0.000000 -33217.710713 90.481069
300.000000 0.046000 0.046000 0.046000 0.000000 0.000000 0.000000 -33340.290970 88.378201
300.000000 0.048000 0.048000 0.048000 0.000000 0.000000 0.000000 -33361.538550 89.352195
300.000000 0.050000 0.050000 0.050000 0.000000 0.000000 0.000000 -33143.263380 119.824991
300.000000 0.052000 0.052000 0.052000 0.000000 0.000000 0.000000 -33121.208297 79.749266
300.000000 0.054000 0.054000 0.054000 0.000000 0.000000 0.000000 -33074.470042 102.978826
300.000000 0.056000 0.056000 0.056000 0.000000 0.000000 0.000000 -33157.548593 82.848370
300.000000 0.058000 0.058000 0.058000 0.000000 0.000000 0.000000 -33152.418499 98.475550
300.000000 0.060000 0.060000 0.060000 0.000000 0.000000 0.000000 -33251.453085 101.114379
300.000000 0.062000 0.062000 0.062000 0.000000 0.000000 0.000000 -33108.583104 119.759681
300.000000 0.064000 0.064000 0.064000 0.000000 0.000000 0.000000 -33159.400088 125.100615
300.000000 0.066000 0.066000 0.066000 0.000000 0.000000 0.000000 -33245.414279 81.825532
300.000000 0.068000 0.068000 0.068000 0.000000 0.000000 0.000000 -33303.422194 79.632485
300.000000 0.070000 0.070000 0.070000 0.000000 0.000000 0.000000 -33279.558210 91.983086
300.000000 0.072000 0.072000 0.072000 0.000000 0.000000 0.000000 -33283.223776 60.740991
300.000000 0.074000 0.074000 0.074000 0.000000 0.000000 0.000000 -33341.218963 80.381757
300.000000 0.076000 0.076000 0.076000 0.000000 0.000000 0.000000 -33209.445865 54.125410
300.000000 0.078000 0.078000 0.078000 0.000000 0.000000 0.000000 -33199.405291 79.251326
300.000000 0.080000 0.080000 0.080000 0.000000 0.000000 0.000000 -33214.048670 98.947052
300.000000 0.082000 0.082000 0.082000 0.000000 0.000000 0.000000 -33073.276712 54.969258
300.000000 0.084000 0.084000 0.084000 0.000000 0.000000 0.000000 -33207.074903 43.958736
300.000000 0.086000 0.086000 0.086000 0.000000 0.000000 0.000000 -33134.328931 80.830661
300.000000 0.088000 0.088000 0.088000 0.000000 0.000000 0.000000 -33177.185913 73.770331
300.000000 0.090000 0.090000 0.090000 0.000000 0.000000 0.000000 -33249.359750 72.526241
300.000000 0.092000 0.092000 0.092000 0.000000 0.000000 0.000000 -33378.434552 75.731315
300.000000 0.094000 0.094000 0.094000 0.000000 0.000000 0.000000 -33352.365109 99.097407
300.000000 0.096000 0.096000 0.096000 0.000000 0.000000 0.000000 -33377.514913 25.444930
300.000000 0.098000 0.098000 0.098000 0.000000 0.000000 0.000000 -33300.823956 80.643756
300.000000 0.100000 0.100000 0.100000 0.000000 0.000000 0.000000 -33133.129290 70.548469
300.000000 0.102000 0.102000 0.102000 0.000000 0.000000 0.000000 -33299.610559 38.262453
300.000000 0.104000 0.104000 0.104000 0.000000 0.000000 0.000000 -33185.029246 44.788516
300.000000 0.106000 0.106000 0.106000 0.000000 0.000000 0.000000 -33184.929752 87.183997
300.000000 0.108000 0.108000 0.108000 0.000000 0.000000 0.000000 -33133.705854 47.721570
300.000000 0.110000 0.110000 0.110000 0.000000 0.000000 0.000000 -33182.331794 68.260909
300.000000 0.112000 0.112000 0.112000 0.000000 0.000000 0.000000 -33325.950847 38.753368
300.000000 0.114000 0.114000 0.114000 0.000000 0.000000 0.000000 -33270.704862 46.818951
300.000000 0.116000 0.116000 0.116000 0.000000 0.000000 0.000000 -33140.155787 83.600865
300.000000 0.118000 0.118000 0.118000 0.000000 0.000000 0.000000 -33079.622341 55.483714
300.000000 0.120000 0.120000 0.120000 0.000000 0.000000 0.000000 -33240.721873 52.062885
300.000000 0.122000 0.122000 0.122000 0.000000 0.000000 0.000000 -33240.584834 61.085607
300.000000 0.124000 0.124000 0.124000 0.000000 0.000000 0.000000 -33360.033682 63.643941
300.000000 0.126000 0.126000 0.126000 0.000000 0.000000 0.000000 -33301.856694 31.203449
300.000000 0.128000 0.128000 0.128000 0.000000 0.000000 0.000000 -33280.141641 29.671386
300.000000 0.130000 0.130000 0.130000 0.000000 0.000000 0.000000 -33173.325750 39.155056
300.000000 0.132000 0.132000 0.132000 0.000000 0.000000 0.000000 -33164.452620 44.463103
300.000000 0.134000 0.134000 0.134000 0.000000 0.000000 0.000000 -33072.823448 56.620988
300.000000 0.136000 0.136000 0.136000 0.000000 0.000000 0.000000 -33090.488750 51.151072
300.000000 0.138000 0.138000 0.138000 0.000000 0.000000 0.000000 -33260.821123 44.718829
300.000000 0.140000 0.140000 0.140000 0.000000 0.000000 0.000000 -33209.924392 45.743599
300.000000 0.142000 0.142000 0.142000 0.000000 0.000000 0.000000 -33147.962125 31.536317
300.000000 0.144000 0.144000 0.144000 0.000000 0.000000 0.000000 -33223.754036 68.364311
300.000000 0.146000 0.146000 0.146000 0.000000 0.000000 0.000000 -33278.716614 42.930411
300.000000 0.148000 0.148000 0.148000 0.000000 0.000000 0.000000 -33073.671157 36.466822
300.000000 0.150000 0.150000 0.150000 0.000000 0.000000 0.000000 -33326.758936 48.844531
300.000000 0.152000 0.152000 0.152000 0.000000 0.000000 0.000000 -33327.913919 47.559716
300.000000 0.154000 0.154000 0.154000 0.000000 0.000000 0.000000 -33197.772257 42.553199
300.000000 0.156000 0.156000 0.156000 0.000000 0.000000 0.000000 -33216.319296 16.341914
300.000000 0.158000 0.158000 0.158000 0.000000 0.000000 0.000000 -33097.366480 50.660150
300.000000 0.160000 0.160000 0.160000 0.000000 0.000000 0.000000 -33226.446779 47.903517
300.000000 0.162000 0.162000 0.162000 0.000000 0.000000 0.000000 -33158.798014 33.541798
300.000000 0.164000 0.164000 0.164000 0.000000 0.000000 0.000000 -33300.518465 60.580588
300.000000 0.166000 0.166000 0.166000 0.000000 0.000000 0.000000 -33264.990476 37.113999
300.000000 0.168000 0.168000 0.168000 0.000000 0.000000 0.000000 -33349.597163 24.902581
300.000000 0.170000 0.170000 0.170000 0.000000 0.000000 0.000000 -33179.802539 39.256085
300.000000 0.172000 0.172000 0.172000 0.000000 0.000000 0.000000 -33162.655136 13.312208
300.000000 0.174000 0.174000 0.174000 0.000000 0.000000 0.000000 -33286.980525 44.899511
300.000000 0.176000 0.176000 0.176000 0.000000 0.000000 0.000000 -33169.243589 31.657912
300.000000 0.178000 0.178000 0.178000 0.000000 0.000000 0.000000 -33196.293163 37.425731
300.000000 0.180000 0.180000 0.180000 0.000000 0.000000 0.000000 -33196.515609 29.010534
300.000000 0.182000 0.182000 0.182000 0.000000 0.000000 0.000000 -33148.475363 17.645076
300.000000 0.184000 0.184000 0.184000 0.000000 0.000000 0.000000 -33115.593747 33.589079
300.000000 0.186000 0.186000 0.186000 0.000000 0.000000 0.000000 -33239.004987 34.156982
300.000000 0.188000 0.188000 0.188000 0.000000 0.000000 0.000000 -33366.140762 31.207208
300.000000 0.190000 0.190000 0.190000 0.000000 0.000000 0.000000 -33342.515223 47.070405
300.000000 0.192000 0.192000 0.192000 0.000000 0.000000 0.000000 -33334.214509 33.907328
300.000000 0.194000 0.194000 0.194000 0.000000 0.000000 0.000000 -33336.792337 21.904288
300.000000 0.196000 0.196000 0.196000 0.000000 0.000000 0.000000 -33119.605474 27.793495
300.000000 0.198000 0.198000 0.198000 0.000000 0.000000 0.000000 -33191.939951 31.840795
300.000000 0.200000 0.200000 0.200000 0.000000 0.000000 0.000000 -33138.287778 39.191527
300.000000 0.202000 0.202000 0.202000 0.000000 0.000000 0.000000 -33071.639305 38.107211
300.000000 0.204000 0.204000 0.204000 0.000000 0.000000 0.000000 -33084.200707 15.250131
300.000000 0.206000 0.206000 0.206000 0.000000 0.000000 0.000000 -33183.030325 17.865901
300.000000 0.208000 0.208000 0.208000 0.000000 0.000000 0.000000 -33403.899745 22.233243
300.000000 0.210000 0.210000 0.210000 0.000000 0.000000 0.000000 -33291.896866 20.336178
300.000000 0.212000 0.212000 0.212000 0.000000 0.000000 0.000000 -33354.600799 21.241646
300.000000 0.214000 0.214000 0.214000 0.000000 0.000000 0.000000 -33366.725789 40.649914
300.000000 0.216000 0.216000 0.216000 0.000000 0.000000 0.000000 -33346.372194 25.108587
300.000000 0.218000 0.218000 0.218000 0.000000 0.000000 0.000000 -33245.744589 23.837202
300.000000 0.220000 0.220000 0.220000 0.000000 0.000000 0.000000 -33295.462803 26.192294
300.000000 0.222000 0.222000 0.222000 0.000000 0.000000 0.000000 -33248.179490 24.908083
300.000000 0.224000 0.224000 0.224000 0.000000 0.000000 0.000000 -33320.682658 28.352313
300.000000 0.226000 0.226000 0.226000 0.000000 0.000000 0.000000 -33211.802588 27.770278
300.000000 0.228000 0.228000 0.228000 0.000000 0.000000 0.000000 -33258.537065 11.023322
300.000000 0.230000 0.230000 0.230000 0.000000 0.000000 0.000000 -33299.779829 21.771597
300.000000 0.232000 0.232000 0.232000 0.000000 0.000000 0.000000 -33262.559470 5.023955
300.000000 0.234000 0.234000 0.234000 0.000000 0.000000 0.000000 -33264.998584 21.579142
300.000000 0.236000 0.236000 0.236000 0.000000 0.000000 0.000000 -33179.709883 30.673827
300.000000 0.238000 0.238000 0.238000 0.000000 0.000000 0.000000 -33222.821470 23.263246
300.000000 0.240000 0.240000 0.240000 0.000000 0.000000 0.000000 -33183.265637 21.198701
300.000000 0.242000 0.242000 0.242000 0.000000 0.000000 0.000000 -33156.985057 17.820623
300.000000 0.244000 0.244000 0.244000 0.000000 0.000000 0.000000 -33169.063447 12.499917
300.000000 0.246000 0.246000 0.246000 0.000000 0.000000 0.000000 -33209.472438 22.806028
300.000000 0.248000 0.248000 0.248000 0.000000 0.000000 0.000000 -33297.380188 30.859521
300.000000 0.250000 0.250000 0.250000 0.000000 0.000000 0.000000 -33198.304131 21.967475
300.000000 0.252000 0.252000 0.252000 0.000000 0.000000 0.000000 -33180.716060 20.709446
300.000000 0.254000 0.254000 0.254000 0.000000 0.000000 0.000000 -33306.331160 27.370847
300.000000 0.256000 0.256000 0.256000 0.000000 0.000000 0.000000 -33116.495216 17.684948
300.000000 0.258000 0.258000 0.258000 0.000000 0.000000 0.000000 -33204.804002 17.141340
300.000000 0.260000 0.260000 0.260000 0.000000 0.000000 0.000000 -33170.689920 34.514359
300.000000 0.262000 0.262000 0.262000 0.000000 0.000000 0.000000 -33091.964810 20.894419
300.000000 0.264000 0.264000 0.264000 0.000000 0.000000 0.000000 -33285.396044 13.696086
300.000000 0.266000 0.266000 0.266000 0.000000 0.000000 0.000000 -33340.339734 16.033375
300.000000 0.268000 0.268000 0.268000 0.000000 0.000000 0.000000 -33369.038750 22.278793
300.000000 0.270000 0.270000 0.270000 0.000000 0.000000 0.000000 -33301.187665 27.715721
300.000000 0.272000 0.272000 0.272000 0.000000 0.000000 0.000000 -33165.332243 19.314575
300.000000 0.274000 0.274000 0.274000 0.000000 0.000000 0.000000 -33112.425685 17.354556
300.000000 0.276000 0.276000 0.276000 0.000000 0.000000 0.000000 -33142.402022 12.752371
300.000000 0.278000 0.278000 0.278000 0.000000 0.000000 0.000000 -33243.367836 25.222126
300.000000 0.280000 0.280000 0.280000 0.000000 0.000000 0.000000 -33163.346126 22.792507
300.000000 0.282000 0.282000 0.282000 0.000000 0.000000 0.000000 -33087.544003 8.600932
300.000000 0.284000 0.284000 0.284000 0.000000 0.000000 0.000000 -33152.920066 10.248315
300.000000 0.286000 0.286000 0.286000 0.000000 0.000000 0.000000 -33072.556902 22.972112
300.000000 0.288000 0.288000 0.288000 0.000000 0.000000 0.000000 -33267.236233 1.290094
300.000000 0.290000 0.290000 0.290000 0.000000 0.000000 0.000000 -33115.121824 42.290863
300.000000 0.292000 0.292000 0.292000 0.000000 0.000000 0.000000 -33039.941325 35.553550
300.000000 0.294000 0.294000 0.294000 0.000000 0.000000 0.000000 -33163.959853 20.553486
300.000000 0.296000 0.296000 0.296000 0.000000 0.000000 0.000000 -33191.770303 20.822675
300.000000 0.298000 0.298000 0.298000 0.000000 0.000000 0.000000 -33250.460529 9.912997
300.000000 0.300000 0.300000 0.300000 0.000000 0.000000 0.000000 -33197.799410 27.508668
300.000000 0.302000 0.302000 0.302000 0.000000 0.000000 0.000000 -33116.230952 23.118900
300.000000 0.304000 0.304000 0.304000 0.000000 0.000000 0.000000 -33159.428994 20.988012
300.000000 0.306000 0.306000 0.306000 0.000000 0.000000 0.000000 -33176.958532 22.899061
300.000000 0.308000 0.308000 0.308000 0.000000 0.000000 0.000000 -33128.187275 26.685004
300.000000 0.310000 0.310000 0.310000 0.000000 0.000000 0.000000 -33072.468067 0.865145
300.000000 0.312000 0.312000 0.312000 0.000000 0.000000 0.000000 -33202.071062 24.646313
300.000000 0.314000 0.314000 0.314000 0.000000 0.000000 0.000000 -33028.150177 14.906025
300.000000 0.316000 0.316000 0.316000 0.000000 0.000000 0.000000 -33265.396951 6.002242
300.000000 0.318000 0.318000 0.318000 0.000000 0.000000 0.000000 -33287.501753 26.667257
300.000000 0.320000 0.320000 0.320000 0.000000 0.000000 0.000000 -33202.688926 28.269174
300.000000 0.322000 0.322000 0.322000 0.000000 0.000000 0.000000 -33192.197036 -5.611570
300.000000 0.324000 0.324000 0.324000 0.000000 0.000000 0.000000 -33218.283522 20.693125
300.000000 0.326000 0.326000 0.326000 0.000000 0.000000 0.000000 -33169.582690 14.458421
300.000000 0.328000 0.328000 0.328000 0.000000 0.000000 0.000000 -33241.140522 14.292340
300.000000 0.330000 0.330000 0.330000 0.000000 0.000000 0.000000 -33145.123065 6.379035
300.000000 0.332000 0.332000 0.332000 0.000000 0.000000 0.000000 -33137.319388 13.916095
300.000000 0.334000 0.334000 0.334000 0.000000 0.000000 0.000000 -33205.021748 12.876431
300.000000 0.336000 0.336000 0.336000 0.000000 0.000000 0.000000 -33230.535947 3.019608
300.000000 0.338000 0.338000 0.338000 0.000000 0.000000 0.000000 -33150.305491 1.454616
300.000000 0.340000 0.340000 0.340000 0.000000 0.000000 0.000000 -33311.196571 4.466560
300.000000 0.342000 0.342000 0.342000 0.000000 0.000000 0.000000 -33308.190148 14.380614
300.000000 0.344000 0.344000 0.344000 0.000000 0.000000 0.000000 -33290.539593 21.947324
300.000000 0.346000 0.346000 0.346000 0.000000 0.000000 0.000000 -33242.743359 7.046629
300.000000 0.348000 0.348000 0.348000 0.000000 0.000000 0.000000 -33304.293209 25.949946
300.000000 0.350000 0.350000 0.350000 0.000000 0.000000 0.000000 -33198.635315 9.917655
300.000000 0.352000 0.352000 0.352000 0.000000 0.000000 0.000000 -33167.853218 6.184861
300.000000 0.354000 0.354000 0.354000 0.000000 0.000000 0.000000 -33142.188678 7.578170
300.000000 0.356000 0.356000 0.356000 0.000000 0.000000 0.000000 -33246.106108 3.222524
300.000000 0.358000 0.358000 0.358000 0.000000 0.000000 0.000000 -33347.797556 11.112251
300.000000 0.360000 0.360000 0.360000 0.000000 0.000000 0.000000 -33195.258524 25.263500
300.000000 0.362000 0.362000 0.362000 0.000000 0.000000 0.000000 -33053.870235 7.247819
300.000000 0.364000 0.364000 0.364000 0.000000 0.000000 0.000000 -33129.369995 15.248365
300.000000 0.366000 0.366000 0.366000 0.000000 0.000000 0.000000 -33165.199504 11.238615
300.000000 0.368000 0.368000 0.368000 0.000000 0.000000 0.000000 -33196.772476 -1.847841
300.000000 0.370000 0.370000 0.370000 0.000000 0.000000 0.000000 -33161.658297 3.594100
300.000000 0.372000 0.372000 0.372000 0.000000 0.000000 0.000000 -33049.507900 -2.889161
300.000000 0.374000 0.374000 0.374000 0.000000 0.000000 0.000000 -33019.800367 12.948315
300.000000 0.376000 0.376000 0.376000 0.000000 0.000000 0.000000 -33113.179078 -6.986625
300.000000 0.378000 0.378000 0.378000 0.000000 0.000000 0.000000 -33253.037854 2.104047
300.000000 0.380000 0.380000 0.380000 0.000000 0.000000 0.000000 -33179.755310 6.883965
300.000000 0.382000 0.382000 0.382000 0.000000 0.000000 0.000000 -33065.324198 3.349713
300.000000 0.384000 0.384000 0.384000 0.000000 0.000000 0.000000 -33181.096432 13.896035
300.000000 0.386000 0.386000 0.386000 0.000000 0.000000 0.000000 -33093.739400 7.381182
300.000000 0.388000 0.388000 0.388000 0.000000 0.000000 0.000000 -33111.941047 -12.276893
300.000000 0.390000 0.390000 0.390000 0.000000 0.000000 0.000000 -33113.812188 20.508254
300.000000 0.392000 0.392000 0.392000 0.000000 0.000000 0.000000 -33156.141360 -5.788436
300.000000 0.394000 0.394000 0.394000 0.000000 0.000000 0.000000 -33023.196249 -4.373708
300.000000 0.396000 0.396000 0.396000 0.000000 0.000000 0.000000 -33029.767251 -8.546348
300.000000 0.398000 0.398000 0.398000 0.000000 0.000000 0.000000 -33242.338342 5.723076
300.000000 0.400000 0.400000 0.400000 0.000000 0.000000 0.000000 -33162.773652 -0.711735
300.000000 0.402000 0.402000 0.402000 0.000000 0.000000 0.000000 -33127.625206 8.474750
300.000000 0.404000 0.404000 0.404000 0.000000 0.000000 0.000000 -33151.202132 1.497983
300.000000 0.406000 0.406000 0.406000 0.000000 0.000000 0.000000 -33266.590717 -4.752012
300.000000 0.408000 0.408000 0.408000 0.000000 0.000000 0.000000 -33239.980472 -13.107135
300.000000 0.410000 0.410000 0.410000 0.000000 0.000000 0.000000 -33292.329886 6.166367
300.000000 0.412000 0.412000 0.412000 0.000000 0.000000 0.000000 -33184.155263 6.769376
300.000000 0.414000 0.414000 0.414000 0.000000 0.000000 0.000000 -33120.831194 6.990603
300.000000 0.416000 0.416000 0.416000 0.000000 0.000000 0.000000 -33180.555565 3.476339
300.000000 0.418000 0.418000 0.418000 0.000000 0.000000 0.000000 -33221.674024 1.047668
300.000000 0.420000 0.420000 0.420000 0.000000 0.000000 0.000000 -33223.905329 10.626825
300.000000 0.422000 0.422000 0.422000 0.000000 0.000000 0.000000 -33268.885602 14.171184
300.000000 0.424000 0.424000 0.424000 0.000000 0.000000 0.000000 -33165.616101 -4.164874
300.000000 0.426000 0.426000 0.426000 0.000000 0.000000 0.000000 -33295.295492 -2.055984
300.000000 0.428000 0.428000 0.428000 0.000000 0.000000 0.000000 -33187.379754 5.389686
300.000000 0.430000 0.430000 0.430000 0.000000 0.000000 0.000000 -33033.403132 5.894447
300.000000 0.432000 0.432000 0.432000 0.000000 0.000000 0.000000 -33132.391892 4.926093
300.000000 0.434000 0.434000 0.434000 0.000000 0.000000 0.000000 -33199.107024 16.166358
300.000000 0.436000 0.436000 0.436000 0.000000 0.000000 0.000000 -33241.943598 -1.372241
300.000000 0.438000 0.438000 0.438000 0.000000 0.000000 0.000000 -33264.469416 -5.411771
300.000000 0.440000 0.440000 0.440000 0.000000 0.000000 0.000000 -33389.028866 1.851481
300.000000 0.442000 0.442000 0.442000 0.000000 0.000000 0.000000 -33326.353784 -7.884327
300.000000 0.444000 0.444000 0.444000 0.000000 0.000000 0.000000 -33325.339270 -9.855279
300.000000 0.446000 0.446000 0.446000 0.000000 0.000000 0.000000 -33258.742399 -3.561445
300.000000 0.448000 0.448000 0.448000 0.000000 0.000000 0.000000 -33361.519656 -0.579689
300.000000 0.450000 0.450000 0.450000 0.000000 0.000000 0.000000 -33324.991719 5.242551
300.000000 0.452000 0.452000 0.452000 0.000000 0.000000 0.000000 -33246.160751 -1.974865
300.000000 0.454000 0.454000 0.454000 0.000000 0.000000 0.000000 -33275.369418 7.019859
300.000000 0.456000 0.456000 0.456000 0.000000 0.000000 0.000000 -33293.881087 -4.519271
300.000000 0.458000 0.458000 0.458000 0.000000 0.000000 0.000000 -33263.507089 -9.645532
300.000000 0.460000 0.460000 0.460000 0.000000 0.000000 0.000000 -33228.328310 -0.504236
300.000000 0.462000 0.462000 0.462000 0.000000 0.000000 0.000000 -33341.098994 -4.289131
300.000000 0.464000 0.464000 0.464000 0.000000 0.000000 0.000000 -33259.677914 -7.960751
300.000000 0.466000 0.466000 0.466000 0.000000 0.000000 0.000000 -33134.358386 3.394090
300.000000 0.468000 0.468000 0.468000 0.000000 0.000000 0.000000 -33170.106166 0.976789
300.000000 0.470000 0.470000 0.470000 0.000000 0.000000 0.000000 -33159.451644 0.328535
300.000000 0.472000 0.472000 0.472000 0.000000 0.000000 0.000000 -33311.862481 -7.961890
300.000000 0.474000 0.474000 0.474000 0.000000 0.000000 0.000000 -33324.072706 -5.824787
300.000000 0.476000 0.476000 0.476000 0.000000 0.000000 0.000000 -33210.881741 3.510210
300.000000 0.478000 0.478000 0.478000 0.000000 0.000000 0.000000 -33227.122556 -0.890143
300.000000 0.480000 0.480000 0.480000 0.000000 0.000000 0.000000 -33104.217962 -9.796452
300.000000 0.482000 0.482000 0.482000 0.000000 0.000000 0.000000 -33191.499015 -1.243998
300.000000 0.484000 0.484000 0.484000 0.000000 0.000000 0.000000 -33105.383281 -10.611134
300.000000 0.486000 0.486000 0.486000 0.000000 0.000000 0.000000 -33218.136615 3.521303
300.000000 0.488000 0.488000 0.488000 0.000000 0.000000 0.000000 -33221.871773 -6.494771
300.000000 0.490000 0.490000 0.490000 0.000000 0.000000 0.000000 -33196.503261 -7.227117
300.000000 0.492000 0.492000 0.492000 0.000000 0.000000 0.000000 -33233.491731 4.702009
300.000000 0.494000 0.494000 0.494000 0.000000 0.000000 0.000000 -33295.196428 1.698152
300.000000 0.496000 0.496000 0.496000 0.000000 0.000000 0.000000 -33270.385302 4.490228
300.000000 0.498000 0.498000 0.498000 0.000000 0.000000 0.000000 -33199.998554 -8.605086
