300.000000 0.000000 0.000000 0.000000 0.000000 0.000000 0.000000 -28362.543738 945.918292
300.000000 0.002000 0.002000 0.002000 0.000000 0.000000 0.000000 -28404.961711 891.573866
300.000000 0.004000 0.004000 0.004000 0.000000 0.000000 0.000000 -28366.997053 678.405343
300.000000 0.006000 0.006000 0.006000 0.000000 0.000000 0.000000 -28424.524871 756.829722
300.000000 0.008000 0.008000 0.008000 0.000000 0.000000 0.000000 -28491.318756 689.789018
300.000000 0.010000 0.010000 0.010000 0.000000 0.000000 0.000000 -28504.641554 709.110301
300.000000 0.012000 0.012000 0.012000 0.000000 0.000000 0.000000 -28466.457574 819.885413
300.000000 0.014000 0.014000 0.014000 0.000000 0.000000 0.000000 -28501.864084 697.785734
300.000000 0.016000 0.016000 0.016000 0.000000 0.000000 0.000000 -28519.639979 609.669422
300.000000 0.018000 0.018000 0.018000 0.000000 0.000000 0.000000 -28453.826872 664.660356
300.000000 0.020000 0.020000 0.020000 0.000000 0.000000 0.000000 -28419.259496 662.908390
300.000000 0.022000 0.022000 0.022000 0.000000 0.000000 0.000000 -28384.723403 160.457218
300.000000 0.024000 0.024000 0.024000 0.000000 0.000000 0.000000 -28307.701343 147.819251
300.000000 0.026000 0.026000 0.026000 0.000000 0.000000 0.000000 -28419.592957 134.813608
300.000000 0.028000 0.028000 0.028000 0.000000 0.000000 0.000000 -28406.957312 125.151904
300.000000 0.030000 0.030000 0.030000 0.000000 0.000000 0.000000 -28399.945775 121.400777
300.000000 0.032000 0.032000 0.032000 0.000000 0.000000 0.000000 -28356.046199 145.180223
300.000000 0.034000 0.034000 0.034000 0.000000 0.000000 0.000000 -28404.644896 162.863864
300.000000 0.036000 0.036000 0.036000 0.000000 0.000000 0.000000 -28470.870504 175.946096
300.000000 0.038000 0.038000 0.038000 0.000000 0.000000 0.000000 -28386.269175 138.044504
300.000000 0.040000 0.040000 0.040000 0.000000 0.000000 0.000000 -28552.201053 90.962344
300.000000 0.042000 0.042000 0.042000 0.000000 0.000000 0.000000 -28562.008043 133.499347
300.000000 0.044000 0.044000 0.044000 0.000000 0.000000 0.000000 -28496.965445 101.742025
300.000000 0.046000 0.046000 0.046000 0.000000 0.000000 0.000000 -28656.345255 135.227001
300.000000 0.048000 0.048000 0.048000 0.000000 0.000000 0.000000 -28538.084968 92.386416
300.000000 0.050000 0.050000 0.050000 0.000000 0.000000 0.000000 -28533.674218 88.300988
300.000000 0.052000 0.052000 0.052000 0.000000 0.000000 0.000000 -28561.545782 110.771237
300.000000 0.054000 0.054000 0.054000 0.000000 0.000000 0.000000 -28463.778196 82.581418
300.000000 0.056000 0.056000 0.056000 0.000000 0.000000 0.000000 -28600.762212 116.165184
300.000000 0.058000 0.058000 0.058000 0.000000 0.000000 0.000000 -28621.958571 57.081382
300.000000 0.060000 0.060000 0.060000 0.000000 0.000000 0.000000 -28569.781604 86.301773
300.000000 0.062000 0.062000 0.062000 0.000000 0.000000 0.000000 -28549.465792 70.842775
300.000000 0.064000 0.064000 0.064000 0.000000 0.000000 0.000000 -28491.247283 71.041448
300.000000 0.066000 0.066000 0.066000 0.000000 0.000000 0.000000 -28450.512796 53.559069
300.000000 0.068000 0.068000 0.068000 0.000000 0.000000 0.000000 -28626.322749 81.399007
300.000000 0.070000 0.070000 0.070000 0.000000 0.000000 0.000000 -28459.338808 51.143299
300.000000 0.072000 0.072000 0.072000 0.000000 0.000000 0.000000 -28453.176267 63.057849
300.000000 0.074000 0.074000 0.074000 0.000000 0.000000 0.000000 -28508.787941 42.554773
300.000000 0.076000 0.076000 0.076000 0.000000 0.000000 0.000000 -28395.254281 35.180525
300.000000 0.078000 0.078000 0.078000 0.000000 0.000000 0.000000 -28433.473797 42.240012
300.000000 0.080000 0.080000 0.080000 0.000000 0.000000 0.000000 -28454.345815 71.441133
300.000000 0.082000 0.082000 0.082000 0.000000 0.000000 0.000000 -28420.300864 41.110912
300.000000 0.084000 0.084000 0.084000 0.000000 0.000000 0.000000 -28432.936070 51.007696
300.000000 0.086000 0.086000 0.086000 0.000000 0.000000 0.000000 -28433.873121 62.254138
300.000000 0.088000 0.088000 0.088000 0.000000 0.000000 0.000000 -28487.241338 37.149406
300.000000 0.090000 0.090000 0.090000 0.000000 0.000000 0.000000 -28487.036192 42.589187
300.000000 0.092000 0.092000 0.092000 0.000000 0.000000 0.000000 -28407.247862 85.776236
300.000000 0.094000 0.094000 0.094000 0.000000 0.000000 0.000000 -28536.300633 81.376639
300.000000 0.096000 0.096000 0.096000 0.000000 0.000000 0.000000 -28601.817593 62.581125
300.000000 0.098000 0.098000 0.098000 0.000000 0.000000 0.000000 -28525.792392 47.392790
300.000000 0.100000 0.100000 0.100000 0.000000 0.000000 0.000000 -28534.199072 53.425691
300.000000 0.102000 0.102000 0.102000 0.000000 0.000000 0.000000 -28624.020767 73.482141
300.000000 0.104000 0.104000 0.104000 0.000000 0.000000 0.000000 -28530.115163 32.596061
300.000000 0.106000 0.106000 0.106000 0.000000 0.000000 0.000000 -28589.326267 53.355288
300.000000 0.108000 0.108000 0.108000 0.000000 0.000000 0.000000 -28363.082588 41.684176
300.000000 0.110000 0.110000 0.110000 0.000000 0.000000 0.000000 -28352.261809 37.211791
300.000000 0.112000 0.112000 0.112000 0.000000 0.000000 0.000000 -28528.929771 29.979503
300.000000 0.114000 0.114000 0.114000 0.000000 0.000000 0.000000 -28481.611715 16.526244
300.000000 0.116000 0.116000 0.116000 0.000000 0.000000 0.000000 -28521.386572 20.425483
300.000000 0.118000 0.118000 0.118000 0.000000 0.000000 0.000000 -28529.528980 18.266048
300.000000 0.120000 0.120000 0.120000 0.000000 0.000000 0.000000 -28534.502793 10.166939
300.000000 0.122000 0.122000 0.122000 0.000000 0.000000 0.000000 -28560.360857 40.970769
300.000000 0.124000 0.124000 0.124000 0.000000 0.000000 0.000000 -28484.733628 44.407577
300.000000 0.126000 0.126000 0.126000 0.000000 0.000000 0.000000 -28502.428944 61.865521
300.000000 0.128000 0.128000 0.128000 0.000000 0.000000 0.000000 -28521.096463 18.382561
300.000000 0.130000 0.130000 0.130000 0.000000 0.000000 0.000000 -28527.561378 53.123307
300.000000 0.132000 0.132000 0.132000 0.000000 0.000000 0.000000 -28501.239925 65.851620
300.000000 0.134000 0.134000 0.134000 0.000000 0.000000 0.000000 -28494.367908 41.363714
300.000000 0.136000 0.136000 0.136000 0.000000 0.000000 0.000000 -28405.198143 44.396742
300.000000 0.138000 0.138000 0.138000 0.000000 0.000000 0.000000 -28454.648515 47.522452
300.000000 0.140000 0.140000 0.140000 0.000000 0.000000 0.000000 -28604.581953 78.046018
300.000000 0.142000 0.142000 0.142000 0.000000 0.000000 0.000000 -28563.850171 32.573812
300.000000 0.144000 0.144000 0.144000 0.000000 0.000000 0.000000 -28596.387949 29.285395
300.000000 0.146000 0.146000 0.146000 0.000000 0.000000 0.000000 -28620.923598 77.606621
300.000000 0.148000 0.148000 0.148000 0.000000 0.000000 0.000000 -28617.535999 50.199407
300.000000 0.150000 0.150000 0.150000 0.000000 0.000000 0.000000 -28633.050490 43.743652
300.000000 0.152000 0.152000 0.152000 0.000000 0.000000 0.000000 -28621.111133 60.654208
300.000000 0.154000 0.154000 0.154000 0.000000 0.000000 0.000000 -28600.318775 34.008375
300.000000 0.156000 0.156000 0.156000 0.000000 0.000000 0.000000 -28513.087120 30.476707
300.000000 0.158000 0.158000 0.158000 0.000000 0.000000 0.000000 -28616.034798 21.794856
300.000000 0.160000 0.160000 0.160000 0.000000 0.000000 0.000000 -28611.091796 25.068741
300.000000 0.162000 0.162000 0.162000 0.000000 0.000000 0.000000 -28542.023380 30.731863
300.000000 0.164000 0.164000 0.164000 0.000000 0.000000 0.000000 -28548.381330 24.082561
300.000000 0.166000 0.166000 0.166000 0.000000 0.000000 0.000000 -28625.895304 29.546454
300.000000 0.168000 0.168000 0.168000 0.000000 0.000000 0.000000 -28453.559064 42.584269
300.000000 0.170000 0.170000 0.170000 0.000000 0.000000 0.000000 -28463.690199 43.542726
300.000000 0.172000 0.172000 0.172000 0.000000 0.000000 0.000000 -28495.403613 38.458670
300.000000 0.174000 0.174000 0.174000 0.000000 0.000000 0.000000 -28442.047277 29.698352
300.000000 0.176000 0.176000 0.176000 0.000000 0.000000 0.000000 -28429.667049 23.913436
300.000000 0.178000 0.178000 0.178000 0.000000 0.000000 0.000000 -28430.686368 41.053085
300.000000 0.180000 0.180000 0.180000 0.000000 0.000000 0.000000 -28404.175041 36.226808
300.000000 0.182000 0.182000 0.182000 0.000000 0.000000 0.000000 -28458.782280 34.675178
300.000000 0.184000 0.184000 0.184000 0.000000 0.000000 0.000000 -28311.672038 17.304884
300.000000 0.186000 0.186000 0.186000 0.000000 0.000000 0.000000 -28335.435548 42.880708
300.000000 0.188000 0.188000 0.188000 0.000000 0.000000 0.000000 -28415.009841 40.389800
300.000000 0.190000 0.190000 0.190000 0.000000 0.000000 0.000000 -28474.776545 25.545821
300.000000 0.192000 0.192000 0.192000 0.000000 0.000000 0.000000 -28375.005628 38.474277
300.000000 0.194000 0.194000 0.194000 0.000000 0.000000 0.000000 -28474.856132 28.567586
300.000000 0.196000 0.196000 0.196000 0.000000 0.000000 0.000000 -28506.926594 19.580578
300.000000 0.198000 0.198000 0.198000 0.000000 0.000000 0.000000 -28479.496505 31.279456
300.000000 0.200000 0.200000 0.200000 0.000000 0.000000 0.000000 -28461.364384 10.684654
300.000000 0.202000 0.202000 0.202000 0.000000 0.000000 0.000000 -28606.988087 15.959335
300.000000 0.204000 0.204000 0.204000 0.000000 0.000000 0.000000 -28433.327295 20.504789
300.000000 0.206000 0.206000 0.206000 0.000000 0.000000 0.000000 -28513.217402 18.008491
300.000000 0.208000 0.208000 0.208000 0.000000 0.000000 0.000000 -28603.751169 27.035204
300.000000 0.210000 0.210000 0.210000 0.000000 0.000000 0.000000 -28536.873886 20.205425
300.000000 0.212000 0.212000 0.212000 0.000000 0.000000 0.000000 -28501.968239 20.622827
300.000000 0.214000 0.214000 0.214000 0.000000 0.000000 0.000000 -28497.340336 17.800760
300.000000 0.216000 0.216000 0.216000 0.000000 0.000000 0.000000 -28428.769920 14.677434
300.000000 0.218000 0.218000 0.218000 0.000000 0.000000 0.000000 -28575.593236 22.309215
300.000000 0.220000 0.220000 0.220000 0.000000 0.000000 0.000000 -28534.807414 12.223874
300.000000 0.222000 0.222000 0.222000 0.000000 0.000000 0.000000 -28567.246393 14.254762
300.000000 0.224000 0.224000 0.224000 0.000000 0.000000 0.000000 -28509.987433 26.768089
300.000000 0.226000 0.226000 0.226000 0.000000 0.000000 0.000000 -28581.968450 10.220130
300.000000 0.228000 0.228000 0.228000 0.000000 0.000000 0.000000 -28672.123392 24.179577
300.000000 0.230000 0.230000 0.230000 0.000000 0.000000 0.000000 -28532.538492 10.889720
300.000000 0.232000 0.232000 0.232000 0.000000 0.000000 0.000000 -28504.006200 9.121612
300.000000 0.234000 0.234000 0.234000 0.000000 0.000000 0.000000 -28524.067964 14.796711
300.000000 0.236000 0.236000 0.236000 0.000000 0.000000 0.000000 -28402.559653 26.957090
300.000000 0.238000 0.238000 0.238000 0.000000 0.000000 0.000000 -28439.938521 15.232703
300.000000 0.240000 0.240000 0.240000 0.000000 0.000000 0.000000 -28329.499435 15.660254
300.000000 0.242000 0.242000 0.242000 0.000000 0.000000 0.000000 -28399.507599 22.457594
300.000000 0.244000 0.244000 0.244000 0.000000 0.000000 0.000000 -28380.928808 18.465140
300.000000 0.246000 0.246000 0.246000 0.000000 0.000000 0.000000 -28366.893896 17.552142
300.000000 0.248000 0.248000 0.248000 0.000000 0.000000 0.000000 -28385.841491 19.961875
300.000000 0.250000 0.250000 0.250000 0.000000 0.000000 0.000000 -28428.664095 14.402352
300.000000 0.252000 0.252000 0.252000 0.000000 0.000000 0.000000 -28460.932242 20.774403
300.000000 0.254000 0.254000 0.254000 0.000000 0.000000 0.000000 -28456.418766 27.171444
300.000000 0.256000 0.256000 0.256000 0.000000 0.000000 0.000000 -28445.208286 19.538274
300.000000 0.258000 0.258000 0.258000 0.000000 0.000000 0.000000 -28447.050928 1.018743
300.000000 0.260000 0.260000 0.260000 0.000000 0.000000 0.000000 -28455.429461 18.680854
300.000000 0.262000 0.262000 0.262000 0.000000 0.000000 0.000000 -28409.913454 21.252609
300.000000 0.264000 0.264000 0.264000 0.000000 0.000000 0.000000 -28456.435675 20.949050
300.000000 0.266000 0.266000 0.266000 0.000000 0.000000 0.000000 -28532.572505 16.941873
300.000000 0.268000 0.268000 0.268000 0.000000 0.000000 0.000000 -28450.674201 13.315470
300.000000 0.270000 0.270000 0.270000 0.000000 0.000000 0.000000 -28422.586660 24.874630
300.000000 0.272000 0.272000 0.272000 0.000000 0.000000 0.000000 -28416.136730 18.222470
300.000000 0.274000 0.274000 0.274000 0.000000 0.000000 0.000000 -28459.352490 13.116483
300.000000 0.276000 0.276000 0.276000 0.000000 0.000000 0.000000 -28449.275216 15.945151
300.000000 0.278000 0.278000 0.278000 0.000000 0.000000 0.000000 -28371.552988 14.608901
300.000000 0.280000 0.280000 0.280000 0.000000 0.000000 0.000000 -28414.888044 13.604244
300.000000 0.282000 0.282000 0.282000 0.000000 0.000000 0.000000 -28457.691442 15.026150
300.000000 0.284000 0.284000 0.284000 0.000000 0.000000 0.000000 -28402.050301 20.590270
300.000000 0.286000 0.286000 0.286000 0.000000 0.000000 0.000000 -28405.275619 18.344215
300.000000 0.288000 0.288000 0.288000 0.000000 0.000000 0.000000 -28405.324184 17.076454
300.000000 0.290000 0.290000 0.290000 0.000000 0.000000 0.000000 -28445.568828 20.097289
300.000000 0.292000 0.292000 0.292000 0.000000 0.000000 0.000000 -28532.477568 22.205848
300.000000 0.294000 0.294000 0.294000 0.000000 0.000000 0.000000 -28535.726154 14.142944
300.000000 0.296000 0.296000 0.296000 0.000000 0.000000 0.000000 -28442.316839 18.768454
300.000000 0.298000 0.298000 0.298000 0.000000 0.000000 0.000000 -28264.581124 15.026273
300.000000 0.300000 0.300000 0.300000 0.000000 0.000000 0.000000 -28349.543304 14.935833
300.000000 0.302000 0.302000 0.302000 0.000000 0.000000 0.000000 -28357.920837 6.073077
300.000000 0.304000 0.304000 0.304000 0.000000 0.000000 0.000000 -28331.552983 4.356602
300.000000 0.306000 0.306000 0.306000 0.000000 0.000000 0.000000 -28273.452211 18.793807
300.000000 0.308000 0.308000 0.308000 0.000000 0.000000 0.000000 -28438.057951 5.122155
300.000000 0.310000 0.310000 0.310000 0.000000 0.000000 0.000000 -28453.194369 -1.593246
300.000000 0.312000 0.312000 0.312000 0.000000 0.000000 0.000000 -28535.188010 18.483644
300.000000 0.314000 0.314000 0.314000 0.000000 0.000000 0.000000 -28592.830550 10.646544
300.000000 0.316000 0.316000 0.316000 0.000000 0.000000 0.000000 -28477.693017 5.906361
300.000000 0.318000 0.318000 0.318000 0.000000 0.000000 0.000000 -28441.426522 14.336620
300.000000 0.320000 0.320000 0.320000 0.000000 0.000000 0.000000 -28481.231781 0.982858
300.000000 0.322000 0.322000 0.322000 0.000000 0.000000 0.000000 -28599.163362 14.246625
300.000000 0.324000 0.324000 0.324000 0.000000 0.000000 0.000000 -28492.755626 7.751527
300.000000 0.326000 0.326000 0.326000 0.000000 0.000000 0.000000 -28498.158887 10.790030
300.000000 0.328000 0.328000 0.328000 0.000000 0.000000 0.000000 -28406.254493 12.497118
300.000000 0.330000 0.330000 0.330000 0.000000 0.000000 0.000000 -28459.325351 0.848248
300.000000 0.332000 0.332000 0.332000 0.000000 0.000000 0.000000 -28381.528653 7.588128
300.000000 0.334000 0.334000 0.334000 0.000000 0.000000 0.000000 -28380.906526 15.413897
300.000000 0.336000 0.336000 0.336000 0.000000 0.000000 0.000000 -28449.112430 4.771075
300.000000 0.338000 0.338000 0.338000 0.000000 0.000000 0.000000 -28390.509925 0.811472
300.000000 0.340000 0.340000 0.340000 0.000000 0.000000 0.000000 -28470.746136 11.597973
300.000000 0.342000 0.342000 0.342000 0.000000 0.000000 0.000000 -28372.084327 19.930837
300.000000 0.344000 0.344000 0.344000 0.000000 0.000000 0.000000 -28386.002693 18.871999
300.000000 0.346000 0.346000 0.346000 0.000000 0.000000 0.000000 -28487.032767 9.052949
300.000000 0.348000 0.348000 0.348000 0.000000 0.000000 0.000000 -28450.672845 6.543464
300.000000 0.350000 0.350000 0.350000 0.000000 0.000000 0.000000 -28398.240111 11.947403
300.000000 0.352000 0.352000 0.352000 0.000000 0.000000 0.000000 -28449.321773 8.667015
300.000000 0.354000 0.354000 0.354000 0.000000 0.000000 0.000000 -28431.911644 7.911500
300.000000 0.356000 0.356000 0.356000 0.000000 0.000000 0.000000 -28305.831468 17.745711
300.000000 0.358000 0.358000 0.358000 0.000000 0.000000 0.000000 -28510.831081 9.285581
300.000000 0.360000 0.360000 0.360000 0.000000 0.000000 0.000000 -28442.306976 13.988867
300.000000 0.362000 0.362000 0.362000 0.000000 0.000000 0.000000 -28411.434975 -2.019077
300.000000 0.364000 0.364000 0.364000 0.000000 0.000000 0.000000 -28394.794587 -2.302108
300.000000 0.366000 0.366000 0.366000 0.000000 0.000000 0.000000 -28432.766518 1.909811
300.000000 0.368000 0.368000 0.368000 0.000000 0.000000 0.000000 -28494.254547 2.238333
300.000000 0.370000 0.370000 0.370000 0.000000 0.000000 0.000000 -28450.358577 7.084172
300.000000 0.372000 0.372000 0.372000 0.000000 0.000000 0.000000 -28465.292720 15.161228
300.000000 0.374000 0.374000 0.374000 0.000000 0.000000 0.000000 -28363.204551 1.702766
300.000000 0.376000 0.376000 0.376000 0.000000 0.000000 0.000000 -28453.608207 -0.101572
300.000000 0.378000 0.378000 0.378000 0.000000 0.000000 0.000000 -28477.276051 11.978864
300.000000 0.380000 0.380000 0.380000 0.000000 0.000000 0.000000 -28527.449709 8.419930
300.000000 0.382000 0.382000 0.382000 0.000000 0.000000 0.000000 -28424.232504 6.964011
300.000000 0.384000 0.384000 0.384000 0.000000 0.000000 0.000000 -28392.390602 9.361925
300.000000 0.386000 0.386000 0.386000 0.000000 0.000000 0.000000 -28365.325732 9.099196
300.000000 0.388000 0.388000 0.388000 0.000000 0.000000 0.000000 -28367.919819 4.707893
300.000000 0.390000 0.390000 0.390000 0.000000 0.000000 0.000000 -28286.010386 -2.081603
300.000000 0.392000 0.392000 0.392000 0.000000 0.000000 0.000000 -28338.164952 11.586134
300.000000 0.394000 0.394000 0.394000 0.000000 0.000000 0.000000 -28349.368037 1.739411
300.000000 0.396000 0.396000 0.396000 0.000000 0.000000 0.000000 -28317.476441 13.587198
300.000000 0.398000 0.398000 0.398000 0.000000 0.000000 0.000000 -28450.109936 -1.411287
300.000000 0.400000 0.400000 0.400000 0.000000 0.000000 0.000000 -28495.450969 10.653121
300.000000 0.402000 0.402000 0.402000 0.000000 0.000000 0.000000 -28475.830344 -5.387743
300.000000 0.404000 0.404000 0.404000 0.000000 0.000000 0.000000 -28450.034844 9.131913
300.000000 0.406000 0.406000 0.406000 0.000000 0.000000 0.000000 -28529.917027 19.537446
300.000000 0.408000 0.408000 0.408000 0.000000 0.000000 0.000000 -28447.966276 22.435268
300.000000 0.410000 0.410000 0.410000 0.000000 0.000000 0.000000 -28415.043697 7.818734
300.000000 0.412000 0.412000 0.412000 0.000000 0.000000 0.000000 -28428.113403 3.113083
300.000000 0.414000 0.414000 0.414000 0.000000 0.000000 0.000000 -28502.314016 0.829491
300.000000 0.416000 0.416000 0.416000 0.000000 0.000000 0.000000 -28525.630445 -0.549964
300.000000 0.418000 0.418000 0.418000 0.000000 0.000000 0.000000 -28525.784284 9.100714
300.000000 0.420000 0.420000 0.420000 0.000000 0.000000 0.000000 -28539.879431 2.550059
300.000000 0.422000 0.422000 0.422000 0.000000 0.000000 0.000000 -28529.110962 2.104372
300.000000 0.424000 0.424000 0.424000 0.000000 0.000000 0.000000 -28616.799654 -3.555091
300.000000 0.426000 0.426000 0.426000 0.000000 0.000000 0.000000 -28574.791792 -3.716208
300.000000 0.428000 0.428000 0.428000 0.000000 0.000000 0.000000 -28531.508168 12.141740
300.000000 0.430000 0.430000 0.430000 0.000000 0.000000 0.000000 -28540.588399 8.269657
300.000000 0.432000 0.432000 0.432000 0.000000 0.000000 0.000000 -28522.809715 -0.311564
300.000000 0.434000 0.434000 0.434000 0.000000 0.000000 0.000000 -28499.504303 5.787592
300.000000 0.436000 0.436000 0.436000 0.000000 0.000000 0.000000 -28317.871058 -10.312503
300.000000 0.438000 0.438000 0.438000 0.000000 0.000000 0.000000 -28521.795032 9.266788
300.000000 0.440000 0.440000 0.440000 0.000000 0.000000 0.000000 -28558.546581 5.330543
300.000000 0.442000 0.442000 0.442000 0.000000 0.000000 0.000000 -28586.796716 8.306329
300.000000 0.444000 0.444000 0.444000 0.000000 0.000000 0.000000 -28528.248555 4.588813
300.000000 0.446000 0.446000 0.446000 0.000000 0.000000 0.000000 -28533.063501 0.310534
300.000000 0.448000 0.448000 0.448000 0.000000 0.000000 0.000000 -28514.432978 -1.031250
300.000000 0.450000 0.450000 0.450000 0.000000 0.000000 0.000000 -28516.911463 1.328224
300.000000 0.452000 0.452000 0.452000 0.000000 0.000000 0.000000 -28351.868944 1.600715
300.000000 0.454000 0.454000 0.454000 0.000000 0.000000 0.000000 -28423.989200 7.245544
300.000000 0.456000 0.456000 0.456000 0.000000 0.000000 0.000000 -28545.074534 4.912164
300.000000 0.458000 0.458000 0.458000 0.000000 0.000000 0.000000 -28495.989651 2.891535
300.000000 0.460000 0.460000 0.460000 0.000000 0.000000 0.000000 -28571.100893 2.862284
300.000000 0.462000 0.462000 0.462000 0.000000 0.000000 0.000000 -28438.159836 -2.326106
300.000000 0.464000 0.464000 0.464000 0.000000 0.000000 0.000000 -28518.867345 10.171614
300.000000 0.466000 0.466000 0.466000 0.000000 0.000000 0.000000 -28487.013479 4.274902
300.000000 0.468000 0.468000 0.468000 0.000000 0.000000 0.000000 -28452.616306 0.370174
300.000000 0.470000 0.470000 0.470000 0.000000 0.000000 0.000000 -28449.346246 0.839120
300.000000 0.472000 0.472000 0.472000 0.000000 0.000000 0.000000 -28435.135901 2.127324
300.000000 0.474000 0.474000 0.474000 0.000000 0.000000 0.000000 -28609.720830 5.746138
300.000000 0.476000 0.476000 0.476000 0.000000 0.000000 0.000000 -28493.984134 -0.208306
300.000000 0.478000 0.478000 0.478000 0.000000 0.000000 0.000000 -28523.024559 0.138183
300.000000 0.480000 0.480000 0.480000 0.000000 0.000000 0.000000 -28531.980532 -1.385190
300.000000 0.482000 0.482000 0.482000 0.000000 0.000000 0.000000 -28388.218807 3.584599
300.000000 0.484000 0.484000 0.484000 0.000000 0.000000 0.000000 -28382.673817 3.313500
300.000000 0.486000 0.486000 0.486000 0.000000 0.000000 0.000000 -28427.257723 2.538528
300.000000 0.488000 0.488000 0.488000 0.000000 0.000000 0.000000 -28471.900933 -5.324133
300.000000 0.490000 0.490000 0.490000 0.000000 0.000000 0.000000 -28467.113114 -1.214232
300.000000 0.492000 0.492000 0.492000 0.000000 0.000000 0.000000 -28529.463730 3.350950
300.000000 0.494000 0.494000 0.494000 0.000000 0.000000 0.000000 -28658.658541 4.394896
300.000000 0.496000 0.496000 0.496000 0.000000 0.000000 0.000000 -28576.499998 -2.278111
300.000000 0.498000 0.498000 0.498000 0.000000 0.000000 0.000000 -28497.993175 -0.708156
