300.000000 0.500000 0.500000 0.500000 0.000000 0.000000 0.000000 -30193.968628 -7.140296
300.000000 0.500000 0.500000 0.500000 0.000000 0.000000 0.000000 -30157.298417 1.478848
300.000000 0.500000 0.500000 0.500000 0.000000 0.000000 0.000000 -30104.395203 -17.686424
300.000000 0.500000 0.500000 0.500000 0.000000 0.000000 0.000000 -30070.030923 -14.997610
300.000000 0.500000 0.500000 0.500000 0.000000 0.000000 0.000000 -30090.329459 -4.376793
300.000000 0.500000 0.500000 0.500000 0.000000 0.000000 0.000000 -30146.969282 7.439054
300.000000 0.500000 0.500000 0.500000 0.000000 0.000000 0.000000 -29996.157392 -3.226577
300.000000 0.500000 0.500000 0.500000 0.000000 0.000000 0.000000 -30032.452770 2.195865
300.000000 0.500000 0.500000 0.500000 0.000000 0.000000 0.000000 -30008.706433 9.052342
300.000000 0.500000 0.500000 0.500000 0.000000 0.000000 0.000000 -30095.126904 11.203394
300.000000 0.500000 0.500000 0.500000 0.000000 0.000000 0.000000 -30027.118204 1.344407
300.000000 0.500000 0.500000 0.500000 0.000000 0.000000 0.000000 -30046.526669 0.717017
300.000000 0.500000 0.500000 0.500000 0.000000 0.000000 0.000000 -30186.500326 11.875598
300.000000 0.500000 0.500000 0.500000 0.000000 0.000000 0.000000 -30195.811017 -5.751076
300.000000 0.500000 0.500000 0.500000 0.000000 0.000000 0.000000 -30319.757388 -11.337835
300.000000 0.500000 0.500000 0.500000 0.000000 0.000000 0.000000 -30120.506326 -13.040750
300.000000 0.500000 0.500000 0.500000 0.000000 0.000000 0.000000 -30208.486199 0.911209
300.000000 0.500000 0.500000 0.500000 0.000000 0.000000 0.000000 -30078.453468 -0.657266
300.000000 0.500000 0.500000 0.500000 0.000000 0.000000 0.000000 -30149.954330 24.722156
300.000000 0.500000 0.500000 0.500000 0.000000 0.000000 0.000000 -30083.963875 6.557720
300.000000 0.500000 0.500000 0.500000 0.000000 0.000000 0.000000 -30115.328067 3.764340
300.000000 0.500000 0.500000 0.500000 0.000000 0.000000 0.000000 -30221.602295 19.299713
300.000000 0.500000 0.500000 0.500000 0.000000 0.000000 0.000000 -30246.148056 20.688934
300.000000 0.500000 0.500000 0.500000 0.000000 0.000000 0.000000 -30208.493740 2.240679
300.000000 0.500000 0.500000 0.500000 0.000000 0.000000 0.000000 -30348.002996 2.688815
300.000000 0.500000 0.500000 0.500000 0.000000 0.000000 0.000000 -30318.214966 3.196702
300.000000 0.500000 0.500000 0.500000 0.000000 0.000000 0.000000 -30250.425783 6.826601
300.000000 0.500000 0.500000 0.500000 0.000000 0.000000 0.000000 -30307.923628 1.493786
300.000000 0.500000 0.500000 0.500000 0.000000 0.000000 0.000000 -30241.023611 0.313695
300.000000 0.500000 0.500000 0.500000 0.000000 0.000000 0.000000 -30329.064928 2.524498
