50.000000 0.500000 0.500000 0.500000 0.000000 0.000000 0.000000 -35476.120741 8.417483
58.333333 0.500000 0.500000 0.500000 0.000000 0.000000 0.000000 -35491.466601 -4.645674
66.666667 0.500000 0.500000 0.500000 0.000000 0.000000 0.000000 -35462.398024 -3.174295
75.000000 0.500000 0.500000 0.500000 0.000000 0.000000 0.000000 -35389.308388 4.802522
83.333333 0.500000 0.500000 0.500000 0.000000 0.000000 0.000000 -35328.046779 -6.692161
91.666667 0.500000 0.500000 0.500000 0.000000 0.000000 0.000000 -35216.927799 -10.202557
100.000000 0.500000 0.500000 0.500000 0.000000 0.000000 0.000000 -35117.521281 -5.579290
108.333333 0.500000 0.500000 0.500000 0.000000 0.000000 0.000000 -34988.531385 -3.928657
116.666667 0.500000 0.500000 0.500000 0.000000 0.000000 0.000000 -34850.279827 2.629063
125.000000 0.500000 0.500000 0.500000 0.000000 0.000000 0.000000 -34705.414809 3.122012
133.333333 0.500000 0.500000 0.500000 0.000000 0.000000 0.000000 -34578.621967 -4.630736
141.666667 0.500000 0.500000 0.500000 0.000000 0.000000 0.000000 -34482.330467 -13.854864
150.000000 0.500000 0.500000 0.500000 0.000000 0.000000 0.000000 -34310.474642 -4.892149
158.333333 0.500000 0.500000 0.500000 0.000000 0.000000 0.000000 -34187.413216 -11.382648
166.666667 0.500000 0.500000 0.500000 0.000000 0.000000 0.000000 -34085.202436 -8.223291
175.000000 0.500000 0.500000 0.500000 0.000000 0.000000 0.000000 -33848.306702 -0.156848
183.333333 0.500000 0.500000 0.500000 0.000000 0.000000 0.000000 -33654.837175 5.101279
191.666667 0.500000 0.500000 0.500000 0.000000 0.000000 0.000000 -33476.488816 -0.298757
200.000000 0.500000 0.500000 0.500000 0.000000 0.000000 0.000000 -33269.102339 -0.761831
208.333333 0.500000 0.500000 0.500000 0.000000 0.000000 0.000000 -33024.813693 -14.967734
216.666667 0.500000 0.500000 0.500000 0.000000 0.000000 0.000000 -32727.981376 -8.365201
225.000000 0.500000 0.500000 0.500000 0.000000 0.000000 0.000000 -32476.583826 5.034058
233.333333 0.500000 0.500000 0.500000 0.000000 0.000000 0.000000 -32073.605348 4.122849
241.666667 0.500000 0.500000 0.500000 0.000000 0.000000 0.000000 -31816.168074 2.524498
250.000000 0.500000 0.500000 0.500000 0.000000 0.000000 0.000000 -31596.455166 13.772706
258.333333 0.500000 0.500000 0.500000 0.000000 0.000000 0.000000 -31202.082777 26.738767
266.666667 0.500000 0.500000 0.500000 0.000000 0.000000 0.000000 -30783.375959 -17.298040
275.000000 0.500000 0.500000 0.500000 0.000000 0.000000 0.000000 -30549.505024 -18.478131
283.333333 0.500000 0.500000 0.500000 0.000000 0.000000 0.000000 -30272.438792 -0.403322
291.666667 0.500000 0.500000 0.500000 0.000000 0.000000 0.000000 -29926.374284 -4.197538
300.000000 0.500000 0.500000 0.500000 0.000000 0.000000 0.000000 -29870.416530 -8.888026
300.000000 0.500000 0.500000 0.500000 0.000000 0.000000 0.000000 -29841.156606 -21.077318
300.000000 0.500000 0.500000 0.500000 0.000000 0.000000 0.000000 -29957.452409 -0.283819
300.000000 0.500000 0.500000 0.500000 0.000000 0.000000 0.000000 -29970.967786 -10.904637
300.000000 0.500000 0.500000 0.500000 0.000000 0.000000 0.000000 -30180.016655 15.251554
300.000000 0.500000 0.500000 0.500000 0.000000 0.000000 0.000000 -30057.887202 -14.250717
300.000000 0.500000 0.500000 0.500000 0.000000 0.000000 0.000000 -30170.984044 0.926147
300.000000 0.500000 0.500000 0.500000 0.000000 0.000000 0.000000 -30210.888415 0.746893
300.000000 0.500000 0.500000 0.500000 0.000000 0.000000 0.000000 -30224.273424 -4.137787
300.000000 0.500000 0.500000 0.500000 0.000000 0.000000 0.000000 -30258.454965 7.722873
300.000000 0.500000 0.500000 0.500000 0.000000 0.000000 0.000000 -30125.591268 19.538719
300.000000 0.500000 0.500000 0.500000 0.000000 0.000000 0.000000 -30150.229091 -6.946104
300.000000 0.500000 0.500000 0.500000 0.000000 0.000000 0.000000 -30152.692696 3.614962
300.000000 0.500000 0.500000 0.500000 0.000000 0.000000 0.000000 -30179.248342 4.645674
300.000000 0.500000 0.500000 0.500000 0.000000 0.000000 0.000000 -30134.675971 2.673877
300.000000 0.500000 0.500000 0.500000 0.000000 0.000000 0.000000 -30098.608489 -0.567639
300.000000 0.500000 0.500000 0.500000 0.000000 0.000000 0.000000 -30256.343329 -2.927820
300.000000 0.500000 0.500000 0.500000 0.000000 0.000000 0.000000 -30263.622933 -5.258126
300.000000 0.500000 0.500000 0.500000 0.000000 0.000000 0.000000 -30346.339397 17.790989
300.000000 0.500000 0.500000 0.500000 0.000000 0.000000 0.000000 -30193.319018 2.121176
300.000000 0.500000 0.500000 0.500000 0.000000 0.000000 0.000000 -30096.465518 -6.497968
300.000000 0.500000 0.500000 0.500000 0.000000 0.000000 0.000000 -30144.995269 -12.637428
300.000000 0.500000 0.500000 0.500000 0.000000 0.000000 0.000000 -30212.346535 19.329589
300.000000 0.500000 0.500000 0.500000 0.000000 0.000000 0.000000 -30192.967958 36.000239
300.000000 0.500000 0.500000 0.500000 0.000000 0.000000 0.000000 -30256.308909 -2.838193
300.000000 0.500000 0.500000 0.500000 0.000000 0.000000 0.000000 -30214.494719 11.711281
300.000000 0.500000 0.500000 0.500000 0.000000 0.000000 0.000000 -30145.677720 -7.125359
300.000000 0.500000 0.500000 0.500000 0.000000 0.000000 0.000000 -30085.322945 1.150215
300.000000 0.500000 0.500000 0.500000 0.000000 0.000000 0.000000 -30219.432083 -2.419933
300.000000 0.500000 0.500000 0.500000 0.000000 0.000000 0.000000 -30274.906715 -26.230880
