300.000000 0.000000 0.000000 0.000000 0.000000 0.000000 0.000000 -34297.184951 874.444532
300.000000 0.002000 0.002000 0.002000 0.000000 0.000000 0.000000 -34228.215979 869.045288
300.000000 0.004000 0.004000 0.004000 0.000000 0.000000 0.000000 -34232.518340 944.701659
300.000000 0.006000 0.006000 0.006000 0.000000 0.000000 0.000000 -34165.236660 874.955516
300.000000 0.008000 0.008000 0.008000 0.000000 0.000000 0.000000 -34175.983935 839.513822
300.000000 0.010000 0.010000 0.010000 0.000000 0.000000 0.000000 -34164.079082 810.845737
300.000000 0.012000 0.012000 0.012000 0.000000 0.000000 0.000000 -34126.715524 822.081939
300.000000 0.014000 0.014000 0.014000 0.000000 0.000000 0.000000 -34196.575948 748.994132
300.000000 0.016000 0.016000 0.016000 0.000000 0.000000 0.000000 -33986.689847 638.860670
300.000000 0.018000 0.018000 0.018000 0.000000 0.000000 0.000000 -34082.473969 699.848734
300.000000 0.020000 0.020000 0.020000 0.000000 0.000000 0.000000 -34170.402003 762.508960
300.000000 0.022000 0.022000 0.022000 0.000000 0.000000 0.000000 -34066.921865 192.868627
300.000000 0.024000 0.024000 0.024000 0.000000 0.000000 0.000000 -33997.829922 240.899243
300.000000 0.026000 0.026000 0.026000 0.000000 0.000000 0.000000 -34059.908952 155.803612
300.000000 0.028000 0.028000 0.028000 0.000000 0.000000 0.000000 -34067.003683 194.436635
300.000000 0.030000 0.030000 0.030000 0.000000 0.000000 0.000000 -34157.144217 167.245472
300.000000 0.032000 0.032000 0.032000 0.000000 0.000000 0.000000 -34157.094124 95.928961
300.000000 0.034000 0.034000 0.034000 0.000000 0.000000 0.000000 -34176.317792 109.258063
300.000000 0.036000 0.036000 0.036000 0.000000 0.000000 0.000000 -34237.440768 110.327524
300.000000 0.038000 0.038000 0.038000 0.000000 0.000000 0.000000 -34072.891067 175.353090
300.000000 0.040000 0.040000 0.040000 0.000000 0.000000 0.000000 -34163.278323 79.138099
300.000000 0.042000 0.042000 0.042000 0.000000 0.000000 0.000000 -34073.787099 95.750939
300.000000 0.044000 0.044000 0.044000 0.000000 0.000000 0.000000 -34080.986267 77.906636
300.000000 0.046000 0.046000 0.046000 0.000000 0.000000 0.000000 -34070.752301 92.982598
300.000000 0.048000 0.048000 0.048000 0.000000 0.000000 0.000000 -34108.553468 116.516582
300.000000 0.050000 0.050000 0.050000 0.000000 0.000000 0.000000 -34163.334952 84.587822
300.000000 0.052000 0.052000 0.052000 0.000000 0.000000 0.000000 -34129.969518 94.521933
300.000000 0.054000 0.054000 0.054000 0.000000 0.000000 0.000000 -34269.334303 119.700342
300.000000 0.056000 0.056000 0.056000 0.000000 0.000000 0.000000 -34186.931829 99.450192
300.000000 0.058000 0.058000 0.058000 0.000000 0.000000 0.000000 -34174.848145 104.770909
300.000000 0.060000 0.060000 0.060000 0.000000 0.000000 0.000000 -34233.230441 117.341231
300.000000 0.062000 0.062000 0.062000 0.000000 0.000000 0.000000 -34098.185770 71.667031
300.000000 0.064000 0.064000 0.064000 0.000000 0.000000 0.000000 -34149.972338 81.042072
300.000000 0.066000 0.066000 0.066000 0.000000 0.000000 0.000000 -34123.892921 63.340004
300.000000 0.068000 0.068000 0.068000 0.000000 0.000000 0.000000 -34177.874470 89.134162
300.000000 0.070000 0.070000 0.070000 0.000000 0.000000 0.000000 -34150.882750 117.569634
300.000000 0.072000 0.072000 0.072000 0.000000 0.000000 0.000000 -34238.906961 109.700361
300.000000 0.074000 0.074000 0.074000 0.000000 0.000000 0.000000 -34149.868931 77.859330
300.000000 0.076000 0.076000 0.076000 0.000000 0.000000 0.000000 -34124.814743 54.758798
300.000000 0.078000 0.078000 0.078000 0.000000 0.000000 0.000000 -34166.973828 68.125956
300.000000 0.080000 0.080000 0.080000 0.000000 0.000000 0.000000 -34167.098078 69.005040
300.000000 0.082000 0.082000 0.082000 0.000000 0.000000 0.000000 -33968.338511 62.269293
300.000000 0.084000 0.084000 0.084000 0.000000 0.000000 0.000000 -34162.028460 114.630560
300.000000 0.086000 0.086000 0.086000 0.000000 0.000000 0.000000 -34149.449355 65.607695
300.000000 0.088000 0.088000 0.088000 0.000000 0.000000 0.000000 -34122.799266 49.655685
300.000000 0.090000 0.090000 0.090000 0.000000 0.000000 0.000000 -34153.053765 62.217300
300.000000 0.092000 0.092000 0.092000 0.000000 0.000000 0.000000 -34199.038142 60.428194
300.000000 0.094000 0.094000 0.094000 0.000000 0.000000 0.000000 -34231.372508 47.445306
300.000000 0.096000 0.096000 0.096000 0.000000 0.000000 0.000000 -34119.291962 31.276060
300.000000 0.098000 0.098000 0.098000 0.000000 0.000000 0.000000 -34195.140290 16.410158
300.000000 0.100000 0.100000 0.100000 0.000000 0.000000 0.000000 -34206.150457 31.238828
300.000000 0.102000 0.102000 0.102000 0.000000 0.000000 0.000000 -34329.763849 34.039339
300.000000 0.104000 0.104000 0.104000 0.000000 0.000000 0.000000 -34147.285689 47.141446
300.000000 0.106000 0.106000 0.106000 0.000000 0.000000 0.000000 -34078.851938 46.334992
300.000000 0.108000 0.108000 0.108000 0.000000 0.000000 0.000000 -34071.574102 44.304809
300.000000 0.110000 0.110000 0.110000 0.000000 0.000000 0.000000 -34101.686626 44.197379
300.000000 0.112000 0.112000 0.112000 0.000000 0.000000 0.000000 -34142.874400 10.242975
300.000000 0.114000 0.114000 0.114000 0.000000 0.000000 0.000000 -34185.857322 23.799088
300.000000 0.116000 0.116000 0.116000 0.000000 0.000000 0.000000 -34177.905667 23.374818
300.000000 0.118000 0.118000 0.118000 0.000000 0.000000 0.000000 -34168.939473 33.276927
300.000000 0.120000 0.120000 0.120000 0.000000 0.000000 0.000000 -34120.150960 48.235248
300.000000 0.122000 0.122000 0.122000 0.000000 0.000000 0.000000 -34241.393152 91.561665
300.000000 0.124000 0.124000 0.124000 0.000000 0.000000 0.000000 -34185.163402 50.908876
300.000000 0.126000 0.126000 0.126000 0.000000 0.000000 0.000000 -34165.094842 38.558702
300.000000 0.128000 0.128000 0.128000 0.000000 0.000000 0.000000 -34169.897550 34.242953
300.000000 0.130000 0.130000 0.130000 0.000000 0.000000 0.000000 -34093.306017 27.164262
300.000000 0.132000 0.132000 0.132000 0.000000 0.000000 0.000000 -34281.044978 31.602520
300.000000 0.134000 0.134000 0.134000 0.000000 0.000000 0.000000 -34229.509140 38.898956
300.000000 0.136000 0.136000 0.136000 0.000000 0.000000 0.000000 -34210.177390 47.669353
300.000000 0.138000 0.138000 0.138000 0.000000 0.000000 0.000000 -34214.206058 39.492738
300.000000 0.140000 0.140000 0.140000 0.000000 0.000000 0.000000 -34286.356655 37.404106
300.000000 0.142000 0.142000 0.142000 0.000000 0.000000 0.000000 -34260.577412 35.402172
300.000000 0.144000 0.144000 0.144000 0.000000 0.000000 0.000000 -34239.258213 47.413178
300.000000 0.146000 0.146000 0.146000 0.000000 0.000000 0.000000 -34279.361745 38.845415
300.000000 0.148000 0.148000 0.148000 0.000000 0.000000 0.000000 -34158.004529 21.836796
300.000000 0.150000 0.150000 0.150000 0.000000 0.000000 0.000000 -34181.490012 20.376758
300.000000 0.152000 0.152000 0.152000 0.000000 0.000000 0.000000 -34272.723846 44.467177
300.000000 0.154000 0.154000 0.154000 0.000000 0.000000 0.000000 -34249.322519 16.809464
300.000000 0.156000 0.156000 0.156000 0.000000 0.000000 0.000000 -34342.180582 17.947550
300.000000 0.158000 0.158000 0.158000 0.000000 0.000000 0.000000 -34212.984265 29.770081
300.000000 0.160000 0.160000 0.160000 0.000000 0.000000 0.000000 -34339.465726 27.119592
300.000000 0.162000 0.162000 0.162000 0.000000 0.000000 0.000000 -34419.322074 30.819839
300.000000 0.164000 0.164000 0.164000 0.000000 0.000000 0.000000 -34304.213523 35.884103
300.000000 0.166000 0.166000 0.166000 0.000000 0.000000 0.000000 -34212.099094 33.824549
300.000000 0.168000 0.168000 0.168000 0.000000 0.000000 0.000000 -34239.499829 32.816379
300.000000 0.170000 0.170000 0.170000 0.000000 0.000000 0.000000 -34098.531750 5.328173
300.000000 0.172000 0.172000 0.172000 0.000000 0.000000 0.000000 -34203.192633 24.330118
300.000000 0.174000 0.174000 0.174000 0.000000 0.000000 0.000000 -34236.580765 30.610117
300.000000 0.176000 0.176000 0.176000 0.000000 0.000000 0.000000 -34302.980638 35.425792
300.000000 0.178000 0.178000 0.178000 0.000000 0.000000 0.000000 -34286.888796 21.941479
300.000000 0.180000 0.180000 0.180000 0.000000 0.000000 0.000000 -34295.967039 32.083129
300.000000 0.182000 0.182000 0.182000 0.000000 0.000000 0.000000 -34240.042551 29.176218
300.000000 0.184000 0.184000 0.184000 0.000000 0.000000 0.000000 -34193.118977 24.525103
300.000000 0.186000 0.186000 0.186000 0.000000 0.000000 0.000000 -34179.658703 34.863766
300.000000 0.188000 0.188000 0.188000 0.000000 0.000000 0.000000 -34096.587233 18.378456
300.000000 0.190000 0.190000 0.190000 0.000000 0.000000 0.000000 -34097.891569 28.707785
300.000000 0.192000 0.192000 0.192000 0.000000 0.000000 0.000000 -34196.003157 29.169906
300.000000 0.194000 0.194000 0.194000 0.000000 0.000000 0.000000 -34233.704581 30.029280
300.000000 0.196000 0.196000 0.196000 0.000000 0.000000 0.000000 -34213.438073 29.980985
300.000000 0.198000 0.198000 0.198000 0.000000 0.000000 0.000000 -34239.248857 8.097934
300.000000 0.200000 0.200000 0.200000 0.000000 0.000000 0.000000 -34160.373124 36.325001
300.000000 0.202000 0.202000 0.202000 0.000000 0.000000 0.000000 -34203.063525 30.316400
300.000000 0.204000 0.204000 0.204000 0.000000 0.000000 0.000000 -34050.488108 30.696841
300.000000 0.206000 0.206000 0.206000 0.000000 0.000000 0.000000 -34173.189617 14.837763
300.000000 0.208000 0.208000 0.208000 0.000000 0.000000 0.000000 -34125.628456 23.871781
300.000000 0.210000 0.210000 0.210000 0.000000 0.000000 0.000000 -34025.142294 29.247661
300.000000 0.212000 0.212000 0.212000 0.000000 0.000000 0.000000 -34220.849027 15.718151
300.000000 0.214000 0.214000 0.214000 0.000000 0.000000 0.000000 -33954.190121 19.804126
300.000000 0.216000 0.216000 0.216000 0.000000 0.000000 0.000000 -34133.540762 28.182305
300.000000 0.218000 0.218000 0.218000 0.000000 0.000000 0.000000 -34088.795504 17.345486
300.000000 0.220000 0.220000 0.220000 0.000000 0.000000 0.000000 -34170.738131 21.302069
300.000000 0.222000 0.222000 0.222000 0.000000 0.000000 0.000000 -34152.395373 8.630439
300.000000 0.224000 0.224000 0.224000 0.000000 0.000000 0.000000 -34194.340193 18.793175
300.000000 0.226000 0.226000 0.226000 0.000000 0.000000 0.000000 -34265.147961 32.489150
300.000000 0.228000 0.228000 0.228000 0.000000 0.000000 0.000000 -34280.724618 13.644653
300.000000 0.230000 0.230000 0.230000 0.000000 0.000000 0.000000 -34302.883312 9.523471
300.000000 0.232000 0.232000 0.232000 0.000000 0.000000 0.000000 -34310.877948 14.115104
300.000000 0.234000 0.234000 0.234000 0.000000 0.000000 0.000000 -34218.396760 15.539610
300.000000 0.236000 0.236000 0.236000 0.000000 0.000000 0.000000 -34193.343387 15.575739
300.000000 0.238000 0.238000 0.238000 0.000000 0.000000 0.000000 -34109.929367 21.084546
300.000000 0.240000 0.240000 0.240000 0.000000 0.000000 0.000000 -34269.975446 18.305116
300.000000 0.242000 0.242000 0.242000 0.000000 0.000000 0.000000 -34245.222521 15.804910
300.000000 0.244000 0.244000 0.244000 0.000000 0.000000 0.000000 -34228.584596 22.090005
300.000000 0.246000 0.246000 0.246000 0.000000 0.000000 0.000000 -34160.222790 10.141726
300.000000 0.248000 0.248000 0.248000 0.000000 0.000000 0.000000 -34271.089685 26.730269
300.000000 0.250000 0.250000 0.250000 0.000000 0.000000 0.000000 -34138.899380 10.973102
300.000000 0.252000 0.252000 0.252000 0.000000 0.000000 0.000000 -34303.111255 12.053597
300.000000 0.254000 0.254000 0.254000 0.000000 0.000000 0.000000 -34165.278858 17.075048
300.000000 0.256000 0.256000 0.256000 0.000000 0.000000 0.000000 -34178.213655 17.626610
300.000000 0.258000 0.258000 0.258000 0.000000 0.000000 0.000000 -34060.817188 18.506489
300.000000 0.260000 0.260000 0.260000 0.000000 0.000000 0.000000 -34029.951740 15.113882
300.000000 0.262000 0.262000 0.262000 0.000000 0.000000 0.000000 -34158.930535 14.460363
300.000000 0.264000 0.264000 0.264000 0.000000 0.000000 0.000000 -34137.154028 10.412165
300.000000 0.266000 0.266000 0.266000 0.000000 0.000000 0.000000 -34170.924731 17.222179
300.000000 0.268000 0.268000 0.268000 0.000000 0.000000 0.000000 -34212.860751 25.315270
300.000000 0.270000 0.270000 0.270000 0.000000 0.000000 0.000000 -34134.916315 11.816411
300.000000 0.272000 0.272000 0.272000 0.000000 0.000000 0.000000 -34134.683899 16.963010
300.000000 0.274000 0.274000 0.274000 0.000000 0.000000 0.000000 -34104.302440 8.777835
300.000000 0.276000 0.276000 0.276000 0.000000 0.000000 0.000000 -34116.349688 10.797923
300.000000 0.278000 0.278000 0.278000 0.000000 0.000000 0.000000 -34183.420747 21.354076
300.000000 0.280000 0.280000 0.280000 0.000000 0.000000 0.000000 -34155.440549 15.750190
300.000000 0.282000 0.282000 0.282000 0.000000 0.000000 0.000000 -34042.891581 32.605123
300.000000 0.284000 0.284000 0.284000 0.000000 0.000000 0.000000 -34169.408353 7.193497
300.000000 0.286000 0.286000 0.286000 0.000000 0.000000 0.000000 -34076.695447 12.976594
300.000000 0.288000 0.288000 0.288000 0.000000 0.000000 0.000000 -34050.908626 14.750722
300.000000 0.290000 0.290000 0.290000 0.000000 0.000000 0.000000 -34099.235412 20.796373
300.000000 0.292000 0.292000 0.292000 0.000000 0.000000 0.000000 -34038.570351 21.130185
300.000000 0.294000 0.294000 0.294000 0.000000 0.000000 0.000000 -33921.868167 24.632745
300.000000 0.296000 0.296000 0.296000 0.000000 0.000000 0.000000 -34120.325635 12.323004
300.000000 0.298000 0.298000 0.298000 0.000000 0.000000 0.000000 -34205.062304 25.627182
300.000000 0.300000 0.300000 0.300000 0.000000 0.000000 0.000000 -34262.170604 27.137733
300.000000 0.302000 0.302000 0.302000 0.000000 0.000000 0.000000 -34185.521640 36.844928
300.000000 0.304000 0.304000 0.304000 0.000000 0.000000 0.000000 -34188.317824 26.316557
300.000000 0.306000 0.306000 0.306000 0.000000 0.000000 0.000000 -34322.125270 17.930264
300.000000 0.308000 0.308000 0.308000 0.000000 0.000000 0.000000 -34271.033296 21.235921
300.000000 0.310000 0.310000 0.310000 0.000000 0.000000 0.000000 -34168.298529 11.582713
300.000000 0.312000 0.312000 0.312000 0.000000 0.000000 0.000000 -34107.220000 12.251746
300.000000 0.314000 0.314000 0.314000 0.000000 0.000000 0.000000 -34155.183824 12.625326
300.000000 0.316000 0.316000 0.316000 0.000000 0.000000 0.000000 -33970.269444 18.661784
300.000000 0.318000 0.318000 0.318000 0.000000 0.000000 0.000000 -33948.606910 11.339234
300.000000 0.320000 0.320000 0.320000 0.000000 0.000000 0.000000 -34061.991683 14.906510
300.000000 0.322000 0.322000 0.322000 0.000000 0.000000 0.000000 -34116.534635 13.823527
300.000000 0.324000 0.324000 0.324000 0.000000 0.000000 0.000000 -34255.372975 10.039004
300.000000 0.326000 0.326000 0.326000 0.000000 0.000000 0.000000 -34294.349659 5.861154
300.000000 0.328000 0.328000 0.328000 0.000000 0.000000 0.000000 -34213.817600 15.675151
300.000000 0.330000 0.330000 0.330000 0.000000 0.000000 0.000000 -34265.579007 11.704307
300.000000 0.332000 0.332000 0.332000 0.000000 0.000000 0.000000 -34092.512385 5.969096
300.000000 0.334000 0.334000 0.334000 0.000000 0.000000 0.000000 -34240.930826 15.163725
300.000000 0.336000 0.336000 0.336000 0.000000 0.000000 0.000000 -34271.604910 2.617991
300.000000 0.338000 0.338000 0.338000 0.000000 0.000000 0.000000 -34157.615608 3.225268
300.000000 0.340000 0.340000 0.340000 0.000000 0.000000 0.000000 -34160.247939 10.980935
300.000000 0.342000 0.342000 0.342000 0.000000 0.000000 0.000000 -34150.868135 17.147224
300.000000 0.344000 0.344000 0.344000 0.000000 0.000000 0.000000 -34170.366996 21.089591
300.000000 0.346000 0.346000 0.346000 0.000000 0.000000 0.000000 -34244.747657 12.538541
300.000000 0.348000 0.348000 0.348000 0.000000 0.000000 0.000000 -34221.603308 20.354470
300.000000 0.350000 0.350000 0.350000 0.000000 0.000000 0.000000 -34156.643616 10.442031
300.000000 0.352000 0.352000 0.352000 0.000000 0.000000 0.000000 -34189.300830 7.846334
300.000000 0.354000 0.354000 0.354000 0.000000 0.000000 0.000000 -34185.055205 9.278478
300.000000 0.356000 0.356000 0.356000 0.000000 0.000000 0.000000 -34241.174578 7.471471
300.000000 0.358000 0.358000 0.358000 0.000000 0.000000 0.000000 -34284.473478 15.840565
300.000000 0.360000 0.360000 0.360000 0.000000 0.000000 0.000000 -34158.164638 13.432729
300.000000 0.362000 0.362000 0.362000 0.000000 0.000000 0.000000 -34250.400904 3.689359
300.000000 0.364000 0.364000 0.364000 0.000000 0.000000 0.000000 -34167.268732 9.570923
300.000000 0.366000 0.366000 0.366000 0.000000 0.000000 0.000000 -34131.930509 16.049619
300.000000 0.368000 0.368000 0.368000 0.000000 0.000000 0.000000 -34141.274096 8.394487
300.000000 0.370000 0.370000 0.370000 0.000000 0.000000 0.000000 -34158.286949 16.901518
300.000000 0.372000 0.372000 0.372000 0.000000 0.000000 0.000000 -34185.902261 0.306226
300.000000 0.374000 0.374000 0.374000 0.000000 0.000000 0.000000 -34190.505146 17.482190
300.000000 0.376000 0.376000 0.376000 0.000000 0.000000 0.000000 -34126.083841 3.595974
300.000000 0.378000 0.378000 0.378000 0.000000 0.000000 0.000000 -34254.784652 13.093800
300.000000 0.380000 0.380000 0.380000 0.000000 0.000000 0.000000 -34178.400173 3.651302
300.000000 0.382000 0.382000 0.382000 0.000000 0.000000 0.000000 -34119.095946 4.998408
300.000000 0.384000 0.384000 0.384000 0.000000 0.000000 0.000000 -34130.515775 1.366641
300.000000 0.386000 0.386000 0.386000 0.000000 0.000000 0.000000 -34148.096788 7.752586
300.000000 0.388000 0.388000 0.388000 0.000000 0.000000 0.000000 -34081.626372 1.781591
300.000000 0.390000 0.390000 0.390000 0.000000 0.000000 0.000000 -33955.041059 1.017054
300.000000 0.392000 0.392000 0.392000 0.000000 0.000000 0.000000 -34023.954851 9.335749
300.000000 0.394000 0.394000 0.394000 0.000000 0.000000 0.000000 -33971.521886 6.236433
300.000000 0.396000 0.396000 0.396000 0.000000 0.000000 0.000000 -33997.536475 8.178719
300.000000 0.398000 0.398000 0.398000 0.000000 0.000000 0.000000 -34004.979928 -1.068282
300.000000 0.400000 0.400000 0.400000 0.000000 0.000000 0.000000 -34162.904713 -4.667171
300.000000 0.402000 0.402000 0.402000 0.000000 0.000000 0.000000 -34121.097985 0.624113
300.000000 0.404000 0.404000 0.404000 0.000000 0.000000 0.000000 -34242.492831 8.972455
300.000000 0.406000 0.406000 0.406000 0.000000 0.000000 0.000000 -34079.230480 13.306869
300.000000 0.408000 0.408000 0.408000 0.000000 0.000000 0.000000 -34123.619688 6.223858
300.000000 0.410000 0.410000 0.410000 0.000000 0.000000 0.000000 -34075.650783 4.044754
300.000000 0.412000 0.412000 0.412000 0.000000 0.000000 0.000000 -34132.870914 9.252979
300.000000 0.414000 0.414000 0.414000 0.000000 0.000000 0.000000 -34126.344611 -3.573486
300.000000 0.416000 0.416000 0.416000 0.000000 0.000000 0.000000 -34072.880901 8.255112
300.000000 0.418000 0.418000 0.418000 0.000000 0.000000 0.000000 -34290.523403 18.376166
300.000000 0.420000 0.420000 0.420000 0.000000 0.000000 0.000000 -34209.471616 6.892837
300.000000 0.422000 0.422000 0.422000 0.000000 0.000000 0.000000 -34220.938425 23.240930
300.000000 0.424000 0.424000 0.424000 0.000000 0.000000 0.000000 -34193.491030 9.188866
300.000000 0.426000 0.426000 0.426000 0.000000 0.000000 0.000000 -34199.964773 7.496620
300.000000 0.428000 0.428000 0.428000 0.000000 0.000000 0.000000 -34214.908043 -4.446139
300.000000 0.430000 0.430000 0.430000 0.000000 0.000000 0.000000 -34045.962359 1.835702
300.000000 0.432000 0.432000 0.432000 0.000000 0.000000 0.000000 -34160.540134 1.587123
300.000000 0.434000 0.434000 0.434000 0.000000 0.000000 0.000000 -34184.717296 3.135752
300.000000 0.436000 0.436000 0.436000 0.000000 0.000000 0.000000 -34233.674895 21.959350
300.000000 0.438000 0.438000 0.438000 0.000000 0.000000 0.000000 -34249.995813 -0.994648
300.000000 0.440000 0.440000 0.440000 0.000000 0.000000 0.000000 -34262.709935 10.123738
300.000000 0.442000 0.442000 0.442000 0.000000 0.000000 0.000000 -34271.620957 8.702369
300.000000 0.444000 0.444000 0.444000 0.000000 0.000000 0.000000 -34261.954687 6.762747
300.000000 0.446000 0.446000 0.446000 0.000000 0.000000 0.000000 -34137.689439 -12.217704
300.000000 0.448000 0.448000 0.448000 0.000000 0.000000 0.000000 -34056.115382 4.734643
300.000000 0.450000 0.450000 0.450000 0.000000 0.000000 0.000000 -34065.707253 11.176526
300.000000 0.452000 0.452000 0.452000 0.000000 0.000000 0.000000 -34102.963586 -2.296316
300.000000 0.454000 0.454000 0.454000 0.000000 0.000000 0.000000 -34020.737013 0.956695
300.000000 0.456000 0.456000 0.456000 0.000000 0.000000 0.000000 -34165.131773 6.583006
300.000000 0.458000 0.458000 0.458000 0.000000 0.000000 0.000000 -34127.048732 6.914230
300.000000 0.460000 0.460000 0.460000 0.000000 0.000000 0.000000 -34080.334994 -4.177875
300.000000 0.462000 0.462000 0.462000 0.000000 0.000000 0.000000 -34165.466819 15.051641
300.000000 0.464000 0.464000 0.464000 0.000000 0.000000 0.000000 -34275.281650 7.447448
300.000000 0.466000 0.466000 0.466000 0.000000 0.000000 0.000000 -34205.328570 -7.708987
300.000000 0.468000 0.468000 0.468000 0.000000 0.000000 0.000000 -34110.576246 8.717915
300.000000 0.470000 0.470000 0.470000 0.000000 0.000000 0.000000 -34225.870534 2.050916
300.000000 0.472000 0.472000 0.472000 0.000000 0.000000 0.000000 -34129.991081 -2.155923
300.000000 0.474000 0.474000 0.474000 0.000000 0.000000 0.000000 -34155.303314 1.987380
300.000000 0.476000 0.476000 0.476000 0.000000 0.000000 0.000000 -34177.341446 -4.192322
300.000000 0.478000 0.478000 0.478000 0.000000 0.000000 0.000000 -34062.052141 3.961980
300.000000 0.480000 0.480000 0.480000 0.000000 0.000000 0.000000 -34099.266472 -0.078672
300.000000 0.482000 0.482000 0.482000 0.000000 0.000000 0.000000 -34057.652397 9.216440
300.000000 0.484000 0.484000 0.484000 0.000000 0.000000 0.000000 -33994.812366 -5.127041
300.000000 0.486000 0.486000 0.486000 0.000000 0.000000 0.000000 -34094.945828 4.284927
300.000000 0.488000 0.488000 0.488000 0.000000 0.000000 0.000000 -34085.254570 -0.426468
300.000000 0.490000 0.490000 0.490000 0.000000 0.000000 0.000000 -34144.470661 6.740223
300.000000 0.492000 0.492000 0.492000 0.000000 0.000000 0.000000 -34184.833982 4.499778
300.000000 0.494000 0.494000 0.494000 0.000000 0.000000 0.000000 -34060.688841 0.829645
300.000000 0.496000 0.496000 0.496000 0.000000 0.000000 0.000000 -33954.618499 -5.265952
300.000000 0.498000 0.498000 0.498000 0.000000 0.000000 0.000000 -34165.223077 11.941927
