300.000000 0.500000 0.500000 0.500000 0.000000 0.000000 0.000000 -32193.535835 3.331142
300.000000 0.500000 0.500000 0.500000 0.000000 0.000000 0.000000 -32103.638008 -22.137906
300.000000 0.500000 0.500000 0.500000 0.000000 0.000000 0.000000 -32018.430537 -0.403322
300.000000 0.500000 0.500000 0.500000 0.000000 0.000000 0.000000 -32201.795639 -4.959369
300.000000 0.500000 0.500000 0.500000 0.000000 0.000000 0.000000 -32197.100644 -10.292185
300.000000 0.500000 0.500000 0.500000 0.000000 0.000000 0.000000 -31970.988161 -13.772706
300.000000 0.500000 0.500000 0.500000 0.000000 0.000000 0.000000 -32135.029334 1.344407
300.000000 0.500000 0.500000 0.500000 0.000000 0.000000 0.000000 -32111.597844 1.180091
300.000000 0.500000 0.500000 0.500000 0.000000 0.000000 0.000000 -32120.526118 -14.683915
300.000000 0.500000 0.500000 0.500000 0.000000 0.000000 0.000000 -32161.901302 -18.029995
300.000000 0.500000 0.500000 0.500000 0.000000 0.000000 0.000000 -32107.983524 -8.051506
300.000000 0.500000 0.500000 0.500000 0.000000 0.000000 0.000000 -32143.250116 -10.949450
300.000000 0.500000 0.500000 0.500000 0.000000 0.000000 0.000000 -32073.662204 -9.709608
300.000000 0.500000 0.500000 0.500000 0.000000 0.000000 0.000000 -31977.667003 -6.975980
300.000000 0.500000 0.500000 0.500000 0.000000 0.000000 0.000000 -32073.801795 -0.926147
300.000000 0.500000 0.500000 0.500000 0.000000 0.000000 0.000000 -31995.777071 -7.782624
300.000000 0.500000 0.500000 0.500000 0.000000 0.000000 0.000000 -31958.556012 3.495459
300.000000 0.500000 0.500000 0.500000 0.000000 0.000000 0.000000 -31993.572891 5.885516
300.000000 0.500000 0.500000 0.500000 0.000000 0.000000 0.000000 -32153.689126 -13.249880
300.000000 0.500000 0.500000 0.500000 0.000000 0.000000 0.000000 -32086.519397 0.582576
300.000000 0.500000 0.500000 0.500000 0.000000 0.000000 0.000000 -32122.952747 -10.112930
300.000000 0.500000 0.500000 0.500000 0.000000 0.000000 0.000000 -32131.220662 -2.165989
300.000000 0.500000 0.500000 0.500000 0.000000 0.000000 0.000000 -32187.590961 1.941922
300.000000 0.500000 0.500000 0.500000 0.000000 0.000000 0.000000 -32089.279575 -13.294694
300.000000 0.500000 0.500000 0.500000 0.000000 0.000000 0.000000 -32236.680192 -11.382648
300.000000 0.500000 0.500000 0.500000 0.000000 0.000000 0.000000 -32204.099045 -16.297204
300.000000 0.500000 0.500000 0.500000 0.000000 0.000000 0.000000 -32022.297634 -3.734465
300.000000 0.500000 0.500000 0.500000 0.000000 0.000000 0.000000 -32014.857180 -17.312978
300.000000 0.500000 0.500000 0.500000 0.000000 0.000000 0.000000 -32067.436006 -1.971797
300.000000 0.500000 0.500000 0.500000 0.000000 0.000000 0.000000 -32042.042099 -3.898781
