50.000000 0.500000 0.500000 0.500000 0.000000 0.000000 0.000000 -38006.332527 -6.468093
75.000000 0.500000 0.500000 0.500000 0.000000 0.000000 0.000000 -37717.019606 -0.985899
100.000000 0.500000 0.500000 0.500000 0.000000 0.000000 0.000000 -37340.182520 9.112094
125.000000 0.500000 0.500000 0.500000 0.000000 0.000000 0.000000 -36986.359210 -4.481358
150.000000 0.500000 0.500000 0.500000 0.000000 0.000000 0.000000 -36554.625588 0.134441
175.000000 0.500000 0.500000 0.500000 0.000000 0.000000 0.000000 -35830.036665 4.541109
200.000000 0.500000 0.500000 0.500000 0.000000 0.000000 0.000000 -35210.653883 -3.719527
225.000000 0.500000 0.500000 0.500000 0.000000 0.000000 0.000000 -34348.333455 -11.397586
250.000000 0.500000 0.500000 0.500000 0.000000 0.000000 0.000000 -33243.415977 -0.612452
275.000000 0.500000 0.500000 0.500000 0.000000 0.000000 0.000000 -32200.462617 7.110421
300.000000 0.500000 0.500000 0.500000 0.000000 0.000000 0.000000 -31779.658069 8.305449
300.000000 0.500000 0.500000 0.500000 0.000000 0.000000 0.000000 -32154.407058 4.974307
300.000000 0.500000 0.500000 0.500000 0.000000 0.000000 0.000000 -32028.417969 4.630736
300.000000 0.500000 0.500000 0.500000 0.000000 0.000000 0.000000 -31980.940173 -9.978489
300.000000 0.500000 0.500000 0.500000 0.000000 0.000000 0.000000 -32156.215829 -4.287165
300.000000 0.500000 0.500000 0.500000 0.000000 0.000000 0.000000 -32189.601057 -2.195865
300.000000 0.500000 0.500000 0.500000 0.000000 0.000000 0.000000 -32057.118601 -4.556047
300.000000 0.500000 0.500000 0.500000 0.000000 0.000000 0.000000 -32109.495843 0.328633
300.000000 0.500000 0.500000 0.500000 0.000000 0.000000 0.000000 -32086.864785 -10.800072
300.000000 0.500000 0.500000 0.500000 0.000000 0.000000 0.000000 -32192.413789 -4.257290
