300.000000 0.000000 0.000000 0.000000 0.000000 0.000000 0.000000 -31543.357427 962.260749
300.000000 0.002000 0.002000 0.002000 0.000000 0.000000 0.000000 -31518.761272 790.687389
300.000000 0.004000 0.004000 0.004000 0.000000 0.000000 0.000000 -31570.952688 725.979522
300.000000 0.006000 0.006000 0.006000 0.000000 0.000000 0.000000 -31644.494754 708.828492
300.000000 0.008000 0.008000 0.008000 0.000000 0.000000 0.000000 -31564.457575 835.184750
300.000000 0.010000 0.010000 0.010000 0.000000 0.000000 0.000000 -31459.492458 837.157811
300.000000 0.012000 0.012000 0.012000 0.000000 0.000000 0.000000 -31559.668302 732.460068
300.000000 0.014000 0.014000 0.014000 0.000000 0.000000 0.000000 -31596.882428 732.693021
300.000000 0.016000 0.016000 0.016000 0.000000 0.000000 0.000000 -31498.709645 725.507104
300.000000 0.018000 0.018000 0.018000 0.000000 0.000000 0.000000 -31508.057505 799.541328
300.000000 0.020000 0.020000 0.020000 0.000000 0.000000 0.000000 -31508.977654 681.226433
300.000000 0.022000 0.022000 0.022000 0.000000 0.000000 0.000000 -31557.768998 701.711211
300.000000 0.024000 0.024000 0.024000 0.000000 0.000000 0.000000 -31546.195376 692.169003
300.000000 0.026000 0.026000 0.026000 0.000000 0.000000 0.000000 -31649.279288 120.644267
300.000000 0.028000 0.028000 0.028000 0.000000 0.000000 0.000000 -31499.403944 208.289362
300.000000 0.030000 0.030000 0.030000 0.000000 0.000000 0.000000 -31537.559888 143.348005
300.000000 0.032000 0.032000 0.032000 0.000000 0.000000 0.000000 -31520.089039 105.195252
300.000000 0.034000 0.034000 0.034000 0.000000 0.000000 0.000000 -31468.254093 64.622644
300.000000 0.036000 0.036000 0.036000 0.000000 0.000000 0.000000 -31535.399550 57.508372
300.000000 0.038000 0.038000 0.038000 0.000000 0.000000 0.000000 -31595.368164 116.553285
300.000000 0.040000 0.040000 0.040000 0.000000 0.000000 0.000000 -31630.562092 69.870465
300.000000 0.042000 0.042000 0.042000 0.000000 0.000000 0.000000 -31500.649502 91.426233
300.000000 0.044000 0.044000 0.044000 0.000000 0.000000 0.000000 -31636.723626 100.597577
300.000000 0.046000 0.046000 0.046000 0.000000 0.000000 0.000000 -31498.113781 92.451587
300.000000 0.048000 0.048000 0.048000 0.000000 0.000000 0.000000 -31575.823383 56.603989
300.000000 0.050000 0.050000 0.050000 0.000000 0.000000 0.000000 -31516.874659 80.866548
300.000000 0.052000 0.052000 0.052000 0.000000 0.000000 0.000000 -31599.096545 150.280915
300.000000 0.054000 0.054000 0.054000 0.000000 0.000000 0.000000 -31491.673913 146.218050
300.000000 0.056000 0.056000 0.056000 0.000000 0.000000 0.000000 -31498.925834 97.063115
300.000000 0.058000 0.058000 0.058000 0.000000 0.000000 0.000000 -31399.342676 72.724894
300.000000 0.060000 0.060000 0.060000 0.000000 0.000000 0.000000 -31422.453397 88.663884
300.000000 0.062000 0.062000 0.062000 0.000000 0.000000 0.000000 -31517.889712 157.876626
300.000000 0.064000 0.064000 0.064000 0.000000 0.000000 0.000000 -31518.850665 52.645666
300.000000 0.066000 0.066000 0.066000 0.000000 0.000000 0.000000 -31455.176653 65.987574
300.000000 0.068000 0.068000 0.068000 0.000000 0.000000 0.000000 -31442.904178 52.237141
300.000000 0.070000 0.070000 0.070000 0.000000 0.000000 0.000000 -31408.961717 24.970773
300.000000 0.072000 0.072000 0.072000 0.000000 0.000000 0.000000 -31545.760529 29.363523
300.000000 0.074000 0.074000 0.074000 0.000000 0.000000 0.000000 -31530.926300 62.899817
300.000000 0.076000 0.076000 0.076000 0.000000 0.000000 0.000000 -31588.039624 38.863517
300.000000 0.078000 0.078000 0.078000 0.000000 0.000000 0.000000 -31520.162594 37.143901
300.000000 0.080000 0.080000 0.080000 0.000000 0.000000 0.000000 -31661.181739 38.401041
300.000000 0.082000 0.082000 0.082000 0.000000 0.000000 0.000000 -31615.783905 71.139164
300.000000 0.084000 0.084000 0.084000 0.000000 0.000000 0.000000 -31619.124151 57.070356
300.000000 0.086000 0.086000 0.086000 0.000000 0.000000 0.000000 -31659.315151 39.469511
300.000000 0.088000 0.088000 0.088000 0.000000 0.000000 0.000000 -31574.342616 42.266857
300.000000 0.090000 0.090000 0.090000 0.000000 0.000000 0.000000 -31511.317498 54.479030
300.000000 0.092000 0.092000 0.092000 0.000000 0.000000 0.000000 -31545.369458 94.213311
300.000000 0.094000 0.094000 0.094000 0.000000 0.000000 0.000000 -31521.908212 71.252981
300.000000 0.096000 0.096000 0.096000 0.000000 0.000000 0.000000 -31525.101248 38.236535
300.000000 0.098000 0.098000 0.098000 0.000000 0.000000 0.000000 -31521.860478 21.821833
300.000000 0.100000 0.100000 0.100000 0.000000 0.000000 0.000000 -31597.106083 38.853765
300.000000 0.102000 0.102000 0.102000 0.000000 0.000000 0.000000 -31589.628999 41.619855
300.000000 0.104000 0.104000 0.104000 0.000000 0.000000 0.000000 -31561.906241 46.165178
300.000000 0.106000 0.106000 0.106000 0.000000 0.000000 0.000000 -31540.371251 29.560463
300.000000 0.108000 0.108000 0.108000 0.000000 0.000000 0.000000 -31574.320020 39.011436
300.000000 0.110000 0.110000 0.110000 0.000000 0.000000 0.000000 -31638.291405 28.838732
300.000000 0.112000 0.112000 0.112000 0.000000 0.000000 0.000000 -31540.633889 45.424325
300.000000 0.114000 0.114000 0.114000 0.000000 0.000000 0.000000 -31576.336903 31.464196
300.000000 0.116000 0.116000 0.116000 0.000000 0.000000 0.000000 -31540.191905 19.673978
300.000000 0.118000 0.118000 0.118000 0.000000 0.000000 0.000000 -31514.108915 25.602300
300.000000 0.120000 0.120000 0.120000 0.000000 0.000000 0.000000 -31523.721004 33.395338
300.000000 0.122000 0.122000 0.122000 0.000000 0.000000 0.000000 -31537.104510 28.070895
300.000000 0.124000 0.124000 0.124000 0.000000 0.000000 0.000000 -31476.914488 26.455859
300.000000 0.126000 0.126000 0.126000 0.000000 0.000000 0.000000 -31551.586133 19.061876
300.000000 0.128000 0.128000 0.128000 0.000000 0.000000 0.000000 -31541.762927 17.221369
300.000000 0.130000 0.130000 0.130000 0.000000 0.000000 0.000000 -31457.160446 31.184877
300.000000 0.132000 0.132000 0.132000 0.000000 0.000000 0.000000 -31499.079437 34.663363
300.000000 0.134000 0.134000 0.134000 0.000000 0.000000 0.000000 -31484.977693 33.782554
300.000000 0.136000 0.136000 0.136000 0.000000 0.000000 0.000000 -31519.542479 18.690176
300.000000 0.138000 0.138000 0.138000 0.000000 0.000000 0.000000 -31645.535781 22.985807
300.000000 0.140000 0.140000 0.140000 0.000000 0.000000 0.000000 -31574.602463 21.789104
300.000000 0.142000 0.142000 0.142000 0.000000 0.000000 0.000000 -31633.335892 22.249177
300.000000 0.144000 0.144000 0.144000 0.000000 0.000000 0.000000 -31700.358687 35.972478
300.000000 0.146000 0.146000 0.146000 0.000000 0.000000 0.000000 -31425.796690 25.014434
300.000000 0.148000 0.148000 0.148000 0.000000 0.000000 0.000000 -31476.809772 27.014264
300.000000 0.150000 0.150000 0.150000 0.000000 0.000000 0.000000 -31411.760745 34.019470
300.000000 0.152000 0.152000 0.152000 0.000000 0.000000 0.000000 -31530.518229 27.162025
300.000000 0.154000 0.154000 0.154000 0.000000 0.000000 0.000000 -31577.218480 19.893811
300.000000 0.156000 0.156000 0.156000 0.000000 0.000000 0.000000 -31408.919004 42.254151
300.000000 0.158000 0.158000 0.158000 0.000000 0.000000 0.000000 -31393.360979 29.229510
300.000000 0.160000 0.160000 0.160000 0.000000 0.000000 0.000000 -31426.636583 17.706402
300.000000 0.162000 0.162000 0.162000 0.000000 0.000000 0.000000 -31417.752577 15.738052
300.000000 0.164000 0.164000 0.164000 0.000000 0.000000 0.000000 -31446.243231 24.507832
300.000000 0.166000 0.166000 0.166000 0.000000 0.000000 0.000000 -31473.523995 27.534265
300.000000 0.168000 0.168000 0.168000 0.000000 0.000000 0.000000 -31472.560701 19.924094
300.000000 0.170000 0.170000 0.170000 0.000000 0.000000 0.000000 -31519.074670 29.007060
300.000000 0.172000 0.172000 0.172000 0.000000 0.000000 0.000000 -31418.709556 18.196976
300.000000 0.174000 0.174000 0.174000 0.000000 0.000000 0.000000 -31395.107934 24.371180
300.000000 0.176000 0.176000 0.176000 0.000000 0.000000 0.000000 -31573.245394 15.269798
300.000000 0.178000 0.178000 0.178000 0.000000 0.000000 0.000000 -31392.260200 17.101413
300.000000 0.180000 0.180000 0.180000 0.000000 0.000000 0.000000 -31526.639249 26.460581
300.000000 0.182000 0.182000 0.182000 0.000000 0.000000 0.000000 -31607.458913 13.052986
300.000000 0.184000 0.184000 0.184000 0.000000 0.000000 0.000000 -31574.023207 12.908411
300.000000 0.186000 0.186000 0.186000 0.000000 0.000000 0.000000 -31751.861837 32.212990
300.000000 0.188000 0.188000 0.188000 0.000000 0.000000 0.000000 -31716.211367 7.398328
300.000000 0.190000 0.190000 0.190000 0.000000 0.000000 0.000000 -31812.094747 14.893449
300.000000 0.192000 0.192000 0.192000 0.000000 0.000000 0.000000 -31641.107852 22.002938
300.000000 0.194000 0.194000 0.194000 0.000000 0.000000 0.000000 -31627.537094 20.579642
300.000000 0.196000 0.196000 0.196000 0.000000 0.000000 0.000000 -31465.212757 9.588795
300.000000 0.198000 0.198000 0.198000 0.000000 0.000000 0.000000 -31557.600198 8.126863
300.000000 0.200000 0.200000 0.200000 0.000000 0.000000 0.000000 -31504.391940 21.180244
300.000000 0.202000 0.202000 0.202000 0.000000 0.000000 0.000000 -31565.628052 13.919949
300.000000 0.204000 0.204000 0.204000 0.000000 0.000000 0.000000 -31566.870252 16.920834
300.000000 0.206000 0.206000 0.206000 0.000000 0.000000 0.000000 -31445.126442 14.045463
300.000000 0.208000 0.208000 0.208000 0.000000 0.000000 0.000000 -31540.377997 5.235292
300.000000 0.210000 0.210000 0.210000 0.000000 0.000000 0.000000 -31500.402363 6.151423
300.000000 0.212000 0.212000 0.212000 0.000000 0.000000 0.000000 -31518.329452 3.885910
300.000000 0.214000 0.214000 0.214000 0.000000 0.000000 0.000000 -31544.376269 3.031600
300.000000 0.216000 0.216000 0.216000 0.000000 0.000000 0.000000 -31658.242013 8.801088
300.000000 0.218000 0.218000 0.218000 0.000000 0.000000 0.000000 -31695.503876 16.945494
300.000000 0.220000 0.220000 0.220000 0.000000 0.000000 0.000000 -31764.011414 6.953991
300.000000 0.222000 0.222000 0.222000 0.000000 0.000000 0.000000 -31566.869309 10.993427
300.000000 0.224000 0.224000 0.224000 0.000000 0.000000 0.000000 -31447.898866 9.629589
300.000000 0.226000 0.226000 0.226000 0.000000 0.000000 0.000000 -31548.471130 15.840363
300.000000 0.228000 0.228000 0.228000 0.000000 0.000000 0.000000 -31488.848841 7.635299
300.000000 0.230000 0.230000 0.230000 0.000000 0.000000 0.000000 -31595.652746 8.195309
300.000000 0.232000 0.232000 0.232000 0.000000 0.000000 0.000000 -31575.956963 20.207590
300.000000 0.234000 0.234000 0.234000 0.000000 0.000000 0.000000 -31483.933245 12.697761
300.000000 0.236000 0.236000 0.236000 0.000000 0.000000 0.000000 -31479.861248 18.178710
300.000000 0.238000 0.238000 0.238000 0.000000 0.000000 0.000000 -31352.271387 17.439389
300.000000 0.240000 0.240000 0.240000 0.000000 0.000000 0.000000 -31349.283567 5.054197
300.000000 0.242000 0.242000 0.242000 0.000000 0.000000 0.000000 -31475.449458 8.276786
300.000000 0.244000 0.244000 0.244000 0.000000 0.000000 0.000000 -31536.632333 19.322673
300.000000 0.246000 0.246000 0.246000 0.000000 0.000000 0.000000 -31523.044793 5.012503
300.000000 0.248000 0.248000 0.248000 0.000000 0.000000 0.000000 -31546.014830 11.962388
300.000000 0.250000 0.250000 0.250000 0.000000 0.000000 0.000000 -31573.317616 5.127082
300.000000 0.252000 0.252000 0.252000 0.000000 0.000000 0.000000 -31629.454797 26.984870
300.000000 0.254000 0.254000 0.254000 0.000000 0.000000 0.000000 -31695.511804 7.293132
300.000000 0.256000 0.256000 0.256000 0.000000 0.000000 0.000000 -31454.660578 0.632697
300.000000 0.258000 0.258000 0.258000 0.000000 0.000000 0.000000 -31410.164952 4.038584
300.000000 0.260000 0.260000 0.260000 0.000000 0.000000 0.000000 -31509.772130 3.697083
300.000000 0.262000 0.262000 0.262000 0.000000 0.000000 0.000000 -31432.326258 21.325215
300.000000 0.264000 0.264000 0.264000 0.000000 0.000000 0.000000 -31491.326774 14.444524
300.000000 0.266000 0.266000 0.266000 0.000000 0.000000 0.000000 -31563.186706 19.997540
300.000000 0.268000 0.268000 0.268000 0.000000 0.000000 0.000000 -31488.965209 18.437799
300.000000 0.270000 0.270000 0.270000 0.000000 0.000000 0.000000 -31400.184675 33.203456
300.000000 0.272000 0.272000 0.272000 0.000000 0.000000 0.000000 -31414.601890 6.696124
300.000000 0.274000 0.274000 0.274000 0.000000 0.000000 0.000000 -31476.874285 7.528657
300.000000 0.276000 0.276000 0.276000 0.000000 0.000000 0.000000 -31360.306316 22.450431
300.000000 0.278000 0.278000 0.278000 0.000000 0.000000 0.000000 -31488.647725 4.075610
300.000000 0.280000 0.280000 0.280000 0.000000 0.000000 0.000000 -31475.812066 3.885903
300.000000 0.282000 0.282000 0.282000 0.000000 0.000000 0.000000 -31450.385146 21.479853
300.000000 0.284000 0.284000 0.284000 0.000000 0.000000 0.000000 -31382.538481 11.339057
300.000000 0.286000 0.286000 0.286000 0.000000 0.000000 0.000000 -31329.179700 18.752586
300.000000 0.288000 0.288000 0.288000 0.000000 0.000000 0.000000 -31390.838519 19.746273
300.000000 0.290000 0.290000 0.290000 0.000000 0.000000 0.000000 -31472.683592 -0.204519
300.000000 0.292000 0.292000 0.292000 0.000000 0.000000 0.000000 -31402.299038 2.435437
300.000000 0.294000 0.294000 0.294000 0.000000 0.000000 0.000000 -31492.628563 8.423948
300.000000 0.296000 0.296000 0.296000 0.000000 0.000000 0.000000 -31446.513087 12.858000
300.000000 0.298000 0.298000 0.298000 0.000000 0.000000 0.000000 -31515.196017 3.164574
300.000000 0.300000 0.300000 0.300000 0.000000 0.000000 0.000000 -31504.893215 14.226943
300.000000 0.302000 0.302000 0.302000 0.000000 0.000000 0.000000 -31416.023970 18.234120
300.000000 0.304000 0.304000 0.304000 0.000000 0.000000 0.000000 -31515.577728 2.900160
300.000000 0.306000 0.306000 0.306000 0.000000 0.000000 0.000000 -31483.009502 8.909488
300.000000 0.308000 0.308000 0.308000 0.000000 0.000000 0.000000 -31468.412597 9.419623
300.000000 0.310000 0.310000 0.310000 0.000000 0.000000 0.000000 -31414.100758 13.511184
300.000000 0.312000 0.312000 0.312000 0.000000 0.000000 0.000000 -31397.551178 12.513923
300.000000 0.314000 0.314000 0.314000 0.000000 0.000000 0.000000 -31448.222800 19.560948
300.000000 0.316000 0.316000 0.316000 0.000000 0.000000 0.000000 -31440.161695 1.386732
300.000000 0.318000 0.318000 0.318000 0.000000 0.000000 0.000000 -31579.195652 8.959127
300.000000 0.320000 0.320000 0.320000 0.000000 0.000000 0.000000 -31598.807228 8.035035
300.000000 0.322000 0.322000 0.322000 0.000000 0.000000 0.000000 -31497.412891 3.123504
300.000000 0.324000 0.324000 0.324000 0.000000 0.000000 0.000000 -31537.424735 4.715766
300.000000 0.326000 0.326000 0.326000 0.000000 0.000000 0.000000 -31514.898343 6.002576
300.000000 0.328000 0.328000 0.328000 0.000000 0.000000 0.000000 -31568.362671 6.438841
300.000000 0.330000 0.330000 0.330000 0.000000 0.000000 0.000000 -31555.511616 1.251427
300.000000 0.332000 0.332000 0.332000 0.000000 0.000000 0.000000 -31476.158388 10.480240
300.000000 0.334000 0.334000 0.334000 0.000000 0.000000 0.000000 -31492.934246 10.983309
300.000000 0.336000 0.336000 0.336000 0.000000 0.000000 0.000000 -31511.971450 0.761838
300.000000 0.338000 0.338000 0.338000 0.000000 0.000000 0.000000 -31449.877272 10.319207
300.000000 0.340000 0.340000 0.340000 0.000000 0.000000 0.000000 -31387.698328 8.872836
300.000000 0.342000 0.342000 0.342000 0.000000 0.000000 0.000000 -31601.351691 3.349302
300.000000 0.344000 0.344000 0.344000 0.000000 0.000000 0.000000 -31510.667394 3.210628
300.000000 0.346000 0.346000 0.346000 0.000000 0.000000 0.000000 -31424.528737 5.683302
300.000000 0.348000 0.348000 0.348000 0.000000 0.000000 0.000000 -31481.438518 12.820305
300.000000 0.350000 0.350000 0.350000 0.000000 0.000000 0.000000 -31508.018133 -0.629339
300.000000 0.352000 0.352000 0.352000 0.000000 0.000000 0.000000 -31383.049527 6.906954
300.000000 0.354000 0.354000 0.354000 0.000000 0.000000 0.000000 -31402.534849 -0.293682
300.000000 0.356000 0.356000 0.356000 0.000000 0.000000 0.000000 -31405.119019 5.590408
300.000000 0.358000 0.358000 0.358000 0.000000 0.000000 0.000000 -31448.485251 8.284713
300.000000 0.360000 0.360000 0.360000 0.000000 0.000000 0.000000 -31339.728017 5.116332
300.000000 0.362000 0.362000 0.362000 0.000000 0.000000 0.000000 -31476.459889 8.305199
300.000000 0.364000 0.364000 0.364000 0.000000 0.000000 0.000000 -31471.981278 -2.403805
300.000000 0.366000 0.366000 0.366000 0.000000 0.000000 0.000000 -31603.835083 -0.010953
300.000000 0.368000 0.368000 0.368000 0.000000 0.000000 0.000000 -31531.569444 4.206520
300.000000 0.370000 0.370000 0.370000 0.000000 0.000000 0.000000 -31578.875694 -6.242307
300.000000 0.372000 0.372000 0.372000 0.000000 0.000000 0.000000 -31555.697206 6.707321
300.000000 0.374000 0.374000 0.374000 0.000000 0.000000 0.000000 -31516.669540 2.053142
300.000000 0.376000 0.376000 0.376000 0.000000 0.000000 0.000000 -31556.132779 4.112994
300.000000 0.378000 0.378000 0.378000 0.000000 0.000000 0.000000 -31686.845008 2.904941
300.000000 0.380000 0.380000 0.380000 0.000000 0.000000 0.000000 -31533.543123 5.355122
300.000000 0.382000 0.382000 0.382000 0.000000 0.000000 0.000000 -31507.751893 11.514308
300.000000 0.384000 0.384000 0.384000 0.000000 0.000000 0.000000 -31578.670107 0.340853
300.000000 0.386000 0.386000 0.386000 0.000000 0.000000 0.000000 -31621.320850 2.996706
300.000000 0.388000 0.388000 0.388000 0.000000 0.000000 0.000000 -31622.956385 2.266422
300.000000 0.390000 0.390000 0.390000 0.000000 0.000000 0.000000 -31516.032729 5.167817
300.000000 0.392000 0.392000 0.392000 0.000000 0.000000 0.000000 -31595.443494 1.946669
300.000000 0.394000 0.394000 0.394000 0.000000 0.000000 0.000000 -31633.014224 -5.796420
300.000000 0.396000 0.396000 0.396000 0.000000 0.000000 0.000000 -31629.437131 5.937500
300.000000 0.398000 0.398000 0.398000 0.000000 0.000000 0.000000 -31496.837863 0.088712
300.000000 0.400000 0.400000 0.400000 0.000000 0.000000 0.000000 -31507.688207 15.040077
300.000000 0.402000 0.402000 0.402000 0.000000 0.000000 0.000000 -31520.818412 -0.010043
300.000000 0.404000 0.404000 0.404000 0.000000 0.000000 0.000000 -31632.120169 16.087459
300.000000 0.406000 0.406000 0.406000 0.000000 0.000000 0.000000 -31638.467726 0.253247
300.000000 0.408000 0.408000 0.408000 0.000000 0.000000 0.000000 -31641.798872 -3.999311
300.000000 0.410000 0.410000 0.410000 0.000000 0.000000 0.000000 -31575.120051 -1.653070
300.000000 0.412000 0.412000 0.412000 0.000000 0.000000 0.000000 -31572.029061 -6.969442
300.000000 0.414000 0.414000 0.414000 0.000000 0.000000 0.000000 -31406.926650 5.877931
300.000000 0.416000 0.416000 0.416000 0.000000 0.000000 0.000000 -31475.641577 1.671422
300.000000 0.418000 0.418000 0.418000 0.000000 0.000000 0.000000 -31421.957226 -0.187343
300.000000 0.420000 0.420000 0.420000 0.000000 0.000000 0.000000 -31489.901482 7.528333
300.000000 0.422000 0.422000 0.422000 0.000000 0.000000 0.000000 -31470.006771 4.178136
300.000000 0.424000 0.424000 0.424000 0.000000 0.000000 0.000000 -31450.844185 -1.237060
300.000000 0.426000 0.426000 0.426000 0.000000 0.000000 0.000000 -31464.983520 0.752380
300.000000 0.428000 0.428000 0.428000 0.000000 0.000000 0.000000 -31320.868946 5.456569
300.000000 0.430000 0.430000 0.430000 0.000000 0.000000 0.000000 -31366.820720 3.453544
300.000000 0.432000 0.432000 0.432000 0.000000 0.000000 0.000000 -31497.223129 6.725331
300.000000 0.434000 0.434000 0.434000 0.000000 0.000000 0.000000 -31477.805910 -11.166196
300.000000 0.436000 0.436000 0.436000 0.000000 0.000000 0.000000 -31319.295754 2.201174
300.000000 0.438000 0.438000 0.438000 0.000000 0.000000 0.000000 -31445.271608 -0.108635
300.000000 0.440000 0.440000 0.440000 0.000000 0.000000 0.000000 -31439.242426 5.187638
300.000000 0.442000 0.442000 0.442000 0.000000 0.000000 0.000000 -31493.460288 -0.950269
300.000000 0.444000 0.444000 0.444000 0.000000 0.000000 0.000000 -31529.718649 5.789009
300.000000 0.446000 0.446000 0.446000 0.000000 0.000000 0.000000 -31535.909219 -4.813425
300.000000 0.448000 0.448000 0.448000 0.000000 0.000000 0.000000 -31469.961945 1.323724
300.000000 0.450000 0.450000 0.450000 0.000000 0.000000 0.000000 -31500.749608 -0.032118
300.000000 0.452000 0.452000 0.452000 0.000000 0.000000 0.000000 -31438.397241 -1.813410
300.000000 0.454000 0.454000 0.454000 0.000000 0.000000 0.000000 -31487.124678 2.403900
300.000000 0.456000 0.456000 0.456000 0.000000 0.000000 0.000000 -31525.134215 1.419212
300.000000 0.458000 0.458000 0.458000 0.000000 0.000000 0.000000 -31472.334389 -0.325332
300.000000 0.460000 0.460000 0.460000 0.000000 0.000000 0.000000 -31562.524391 -8.910369
300.000000 0.462000 0.462000 0.462000 0.000000 0.000000 0.000000 -31488.097343 0.203214
300.000000 0.464000 0.464000 0.464000 0.000000 0.000000 0.000000 -31574.575029 11.926844
300.000000 0.466000 0.466000 0.466000 0.000000 0.000000 0.000000 -31601.307283 1.304428
300.000000 0.468000 0.468000 0.468000 0.000000 0.000000 0.000000 -31462.507599 -5.995991
300.000000 0.470000 0.470000 0.470000 0.000000 0.000000 0.000000 -31560.900610 -3.452300
300.000000 0.472000 0.472000 0.472000 0.000000 0.000000 0.000000 -31502.070914 -10.386681
300.000000 0.474000 0.474000 0.474000 0.000000 0.000000 0.000000 -31472.359420 -2.012155
300.000000 0.476000 0.476000 0.476000 0.000000 0.000000 0.000000 -31433.126575 3.483373
300.000000 0.478000 0.478000 0.478000 0.000000 0.000000 0.000000 -31356.071382 -6.196154
300.000000 0.480000 0.480000 0.480000 0.000000 0.000000 0.000000 -31420.478368 -1.647645
300.000000 0.482000 0.482000 0.482000 0.000000 0.000000 0.000000 -31484.794738 -5.949772
300.000000 0.484000 0.484000 0.484000 0.000000 0.000000 0.000000 -31511.227979 -10.643376
300.000000 0.486000 0.486000 0.486000 0.000000 0.000000 0.000000 -31422.968178 7.232399
300.000000 0.488000 0.488000 0.488000 0.000000 0.000000 0.000000 -31608.132697 -2.238321
300.000000 0.490000 0.490000 0.490000 0.000000 0.000000 0.000000 -31554.601371 -3.291267
300.000000 0.492000 0.492000 0.492000 0.000000 0.000000 0.000000 -31574.465176 0.401053
300.000000 0.494000 0.494000 0.494000 0.000000 0.000000 0.000000 -31475.989359 5.856284
300.000000 0.496000 0.496000 0.496000 0.000000 0.000000 0.000000 -31486.968488 4.839809
300.000000 0.498000 0.498000 0.498000 0.000000 0.000000 0.000000 -31390.937171 -10.167448
