300.000000 0.000000 0.000000 0.000000 0.000000 0.000000 0.000000 -33925.002467 879.955661
300.000000 0.002000 0.002000 0.002000 0.000000 0.000000 0.000000 -33840.801595 956.780551
300.000000 0.004000 0.004000 0.004000 0.000000 0.000000 0.000000 -33830.216033 926.740731
300.000000 0.006000 0.006000 0.006000 0.000000 0.000000 0.000000 -33914.524988 887.463474
300.000000 0.008000 0.008000 0.008000 0.000000 0.000000 0.000000 -33967.272901 914.549358
300.000000 0.010000 0.010000 0.010000 0.000000 0.000000 0.000000 -33884.692918 952.341202
300.000000 0.012000 0.012000 0.012000 0.000000 0.000000 0.000000 -33882.230106 961.436314
300.000000 0.014000 0.014000 0.014000 0.000000 0.000000 0.000000 -33691.937273 921.380019
300.000000 0.016000 0.016000 0.016000 0.000000 0.000000 0.000000 -33898.283935 889.822146
300.000000 0.018000 0.018000 0.018000 0.000000 0.000000 0.000000 -33891.417195 970.513793
300.000000 0.020000 0.020000 0.020000 0.000000 0.000000 0.000000 -33987.377538 769.775303
300.000000 0.022000 0.022000 0.022000 0.000000 0.000000 0.000000 -34005.200160 798.806320
300.000000 0.024000 0.024000 0.024000 0.000000 0.000000 0.000000 -34016.272736 912.597616
300.000000 0.026000 0.026000 0.026000 0.000000 0.000000 0.000000 -33941.121627 901.676432
300.000000 0.028000 0.028000 0.028000 0.000000 0.000000 0.000000 -33875.402501 925.433183
300.000000 0.030000 0.030000 0.030000 0.000000 0.000000 0.000000 -33746.119789 832.145369
300.000000 0.032000 0.032000 0.032000 0.000000 0.000000 0.000000 -33913.814643 749.496073
300.000000 0.034000 0.034000 0.034000 0.000000 0.000000 0.000000 -33852.012253 660.327850
300.000000 0.036000 0.036000 0.036000 0.000000 0.000000 0.000000 -33864.453506 653.006987
300.000000 0.038000 0.038000 0.038000 0.000000 0.000000 0.000000 -33899.532770 731.831273
300.000000 0.040000 0.040000 0.040000 0.000000 0.000000 0.000000 -33982.118245 112.879393
300.000000 0.042000 0.042000 0.042000 0.000000 0.000000 0.000000 -33941.531656 115.331016
300.000000 0.044000 0.044000 0.044000 0.000000 0.000000 0.000000 -33978.678731 154.325908
300.000000 0.046000 0.046000 0.046000 0.000000 0.000000 0.000000 -33992.768206 88.397963
300.000000 0.048000 0.048000 0.048000 0.000000 0.000000 0.000000 -34042.898260 99.987925
300.000000 0.050000 0.050000 0.050000 0.000000 0.000000 0.000000 -33994.810419 72.577882
300.000000 0.052000 0.052000 0.052000 0.000000 0.000000 0.000000 -34077.440682 146.834364
300.000000 0.054000 0.054000 0.054000 0.000000 0.000000 0.000000 -33977.535309 124.233511
300.000000 0.056000 0.056000 0.056000 0.000000 0.000000 0.000000 -33959.556263 62.348168
300.000000 0.058000 0.058000 0.058000 0.000000 0.000000 0.000000 -33886.792149 78.804118
300.000000 0.060000 0.060000 0.060000 0.000000 0.000000 0.000000 -33834.615431 104.275657
300.000000 0.062000 0.062000 0.062000 0.000000 0.000000 0.000000 -33972.911815 77.896566
300.000000 0.064000 0.064000 0.064000 0.000000 0.000000 0.000000 -34029.601151 98.693189
300.000000 0.066000 0.066000 0.066000 0.000000 0.000000 0.000000 -33970.967475 90.262398
300.000000 0.068000 0.068000 0.068000 0.000000 0.000000 0.000000 -33973.556867 87.894664
300.000000 0.070000 0.070000 0.070000 0.000000 0.000000 0.000000 -34098.337163 55.583173
300.000000 0.072000 0.072000 0.072000 0.000000 0.000000 0.000000 -33880.130759 52.040037
300.000000 0.074000 0.074000 0.074000 0.000000 0.000000 0.000000 -34058.291579 53.946709
300.000000 0.076000 0.076000 0.076000 0.000000 0.000000 0.000000 -33975.782786 64.348337
300.000000 0.078000 0.078000 0.078000 0.000000 0.000000 0.000000 -34007.779645 77.192255
300.000000 0.080000 0.080000 0.080000 0.000000 0.000000 0.000000 -34044.689867 55.890875
300.000000 0.082000 0.082000 0.082000 0.000000 0.000000 0.000000 -34162.688412 44.526615
300.000000 0.084000 0.084000 0.084000 0.000000 0.000000 0.000000 -34146.894016 67.061535
300.000000 0.086000 0.086000 0.086000 0.000000 0.000000 0.000000 -33993.864054 44.120997
300.000000 0.088000 0.088000 0.088000 0.000000 0.000000 0.000000 -34017.397478 67.248241
300.000000 0.090000 0.090000 0.090000 0.000000 0.000000 0.000000 -34044.234261 22.889086
300.000000 0.092000 0.092000 0.092000 0.000000 0.000000 0.000000 -34076.491496 59.586666
300.000000 0.094000 0.094000 0.094000 0.000000 0.000000 0.000000 -34009.362723 43.761010
300.000000 0.096000 0.096000 0.096000 0.000000 0.000000 0.000000 -34078.633825 46.318336
300.000000 0.098000 0.098000 0.098000 0.000000 0.000000 0.000000 -33989.720829 52.085574
300.000000 0.100000 0.100000 0.100000 0.000000 0.000000 0.000000 -33954.549872 39.141131
300.000000 0.102000 0.102000 0.102000 0.000000 0.000000 0.000000 -33956.068292 32.541624
300.000000 0.104000 0.104000 0.104000 0.000000 0.000000 0.000000 -33993.748508 48.758188
300.000000 0.106000 0.106000 0.106000 0.000000 0.000000 0.000000 -33936.768331 30.977440
300.000000 0.108000 0.108000 0.108000 0.000000 0.000000 0.000000 -34045.430384 43.721567
300.000000 0.110000 0.110000 0.110000 0.000000 0.000000 0.000000 -33905.547956 57.351244
300.000000 0.112000 0.112000 0.112000 0.000000 0.000000 0.000000 -33921.097174 30.962430
300.000000 0.114000 0.114000 0.114000 0.000000 0.000000 0.000000 -33931.370166 55.191163
300.000000 0.116000 0.116000 0.116000 0.000000 0.000000 0.000000 -33922.637438 48.915192
300.000000 0.118000 0.118000 0.118000 0.000000 0.000000 0.000000 -33932.331247 49.540479
300.000000 0.120000 0.120000 0.120000 0.000000 0.000000 0.000000 -33965.014198 28.699734
300.000000 0.122000 0.122000 0.122000 0.000000 0.000000 0.000000 -33865.400778 37.985353
300.000000 0.124000 0.124000 0.124000 0.000000 0.000000 0.000000 -33819.181475 37.907140
300.000000 0.126000 0.126000 0.126000 0.000000 0.000000 0.000000 -34005.810701 38.869562
300.000000 0.128000 0.128000 0.128000 0.000000 0.000000 0.000000 -33913.275234 41.117077
300.000000 0.130000 0.130000 0.130000 0.000000 0.000000 0.000000 -34059.539068 39.218781
300.000000 0.132000 0.132000 0.132000 0.000000 0.000000 0.000000 -33950.695719 41.838122
300.000000 0.134000 0.134000 0.134000 0.000000 0.000000 0.000000 -33976.455393 25.201654
300.000000 0.136000 0.136000 0.136000 0.000000 0.000000 0.000000 -34058.981247 36.428532
300.000000 0.138000 0.138000 0.138000 0.000000 0.000000 0.000000 -34091.345939 20.042637
300.000000 0.140000 0.140000 0.140000 0.000000 0.000000 0.000000 -34080.577419 32.363528
300.000000 0.142000 0.142000 0.142000 0.000000 0.000000 0.000000 -34041.834339 50.092874
300.000000 0.144000 0.144000 0.144000 0.000000 0.000000 0.000000 -33936.008301 36.283499
300.000000 0.146000 0.146000 0.146000 0.000000 0.000000 0.000000 -34004.493713 53.225314
300.000000 0.148000 0.148000 0.148000 0.000000 0.000000 0.000000 -33870.197616 17.227412
300.000000 0.150000 0.150000 0.150000 0.000000 0.000000 0.000000 -34008.379390 35.983161
300.000000 0.152000 0.152000 0.152000 0.000000 0.000000 0.000000 -33929.118216 24.592892
300.000000 0.154000 0.154000 0.154000 0.000000 0.000000 0.000000 -34036.154547 11.753241
300.000000 0.156000 0.156000 0.156000 0.000000 0.000000 0.000000 -33807.077520 18.056026
300.000000 0.158000 0.158000 0.158000 0.000000 0.000000 0.000000 -33910.720525 32.606378
300.000000 0.160000 0.160000 0.160000 0.000000 0.000000 0.000000 -33939.084330 18.748075
300.000000 0.162000 0.162000 0.162000 0.000000 0.000000 0.000000 -33815.305975 25.989686
300.000000 0.164000 0.164000 0.164000 0.000000 0.000000 0.000000 -33929.877288 34.078106
300.000000 0.166000 0.166000 0.166000 0.000000 0.000000 0.000000 -33880.337395 43.068657
300.000000 0.168000 0.168000 0.168000 0.000000 0.000000 0.000000 -33814.152159 32.394337
300.000000 0.170000 0.170000 0.170000 0.000000 0.000000 0.000000 -33841.589216 50.956613
300.000000 0.172000 0.172000 0.172000 0.000000 0.000000 0.000000 -33849.826874 28.000504
300.000000 0.174000 0.174000 0.174000 0.000000 0.000000 0.000000 -33798.601178 40.091022
300.000000 0.176000 0.176000 0.176000 0.000000 0.000000 0.000000 -33787.275589 29.589891
300.000000 0.178000 0.178000 0.178000 0.000000 0.000000 0.000000 -33857.262873 11.980632
300.000000 0.180000 0.180000 0.180000 0.000000 0.000000 0.000000 -33977.972432 27.979962
300.000000 0.182000 0.182000 0.182000 0.000000 0.000000 0.000000 -33917.993923 27.972786
300.000000 0.184000 0.184000 0.184000 0.000000 0.000000 0.000000 -34014.913083 38.187159
300.000000 0.186000 0.186000 0.186000 0.000000 0.000000 0.000000 -33880.464101 37.891053
300.000000 0.188000 0.188000 0.188000 0.000000 0.000000 0.000000 -33912.369457 26.817088
300.000000 0.190000 0.190000 0.190000 0.000000 0.000000 0.000000 -33957.113746 27.721544
300.000000 0.192000 0.192000 0.192000 0.000000 0.000000 0.000000 -33825.619342 15.518817
300.000000 0.194000 0.194000 0.194000 0.000000 0.000000 0.000000 -33766.753314 19.385418
300.000000 0.196000 0.196000 0.196000 0.000000 0.000000 0.000000 -33889.329613 36.059194
300.000000 0.198000 0.198000 0.198000 0.000000 0.000000 0.000000 -33947.057131 0.683320
300.000000 0.200000 0.200000 0.200000 0.000000 0.000000 0.000000 -33858.604920 45.779965
300.000000 0.202000 0.202000 0.202000 0.000000 0.000000 0.000000 -33921.163603 31.499851
300.000000 0.204000 0.204000 0.204000 0.000000 0.000000 0.000000 -33898.682289 14.097642
300.000000 0.206000 0.206000 0.206000 0.000000 0.000000 0.000000 -33927.525140 22.536989
300.000000 0.208000 0.208000 0.208000 0.000000 0.000000 0.000000 -33900.625088 10.538146
300.000000 0.210000 0.210000 0.210000 0.000000 0.000000 0.000000 -33871.276841 19.057455
300.000000 0.212000 0.212000 0.212000 0.000000 0.000000 0.000000 -34037.052484 10.508031
300.000000 0.214000 0.214000 0.214000 0.000000 0.000000 0.000000 -33858.101152 25.780454
300.000000 0.216000 0.216000 0.216000 0.000000 0.000000 0.000000 -33819.908220 15.483323
300.000000 0.218000 0.218000 0.218000 0.000000 0.000000 0.000000 -33877.183900 18.729833
300.000000 0.220000 0.220000 0.220000 0.000000 0.000000 0.000000 -33852.268529 11.545859
300.000000 0.222000 0.222000 0.222000 0.000000 0.000000 0.000000 -33856.687928 11.938860
300.000000 0.224000 0.224000 0.224000 0.000000 0.000000 0.000000 -33832.745202 6.790222
300.000000 0.226000 0.226000 0.226000 0.000000 0.000000 0.000000 -33875.614538 8.562153
300.000000 0.228000 0.228000 0.228000 0.000000 0.000000 0.000000 -33927.758114 13.210030
300.000000 0.230000 0.230000 0.230000 0.000000 0.000000 0.000000 -33892.063949 23.229814
300.000000 0.232000 0.232000 0.232000 0.000000 0.000000 0.000000 -33952.362456 16.102268
300.000000 0.234000 0.234000 0.234000 0.000000 0.000000 0.000000 -33899.994615 7.790002
300.000000 0.236000 0.236000 0.236000 0.000000 0.000000 0.000000 -34009.354514 16.903755
300.000000 0.238000 0.238000 0.238000 0.000000 0.000000 0.000000 -33964.115260 15.411625
300.000000 0.240000 0.240000 0.240000 0.000000 0.000000 0.000000 -33776.583576 11.652979
300.000000 0.242000 0.242000 0.242000 0.000000 0.000000 0.000000 -33922.750750 16.388462
300.000000 0.244000 0.244000 0.244000 0.000000 0.000000 0.000000 -33929.611676 16.466561
300.000000 0.246000 0.246000 0.246000 0.000000 0.000000 0.000000 -33870.005328 19.911181
300.000000 0.248000 0.248000 0.248000 0.000000 0.000000 0.000000 -34020.221003 15.761438
300.000000 0.250000 0.250000 0.250000 0.000000 0.000000 0.000000 -33998.548402 21.615622
300.000000 0.252000 0.252000 0.252000 0.000000 0.000000 0.000000 -33796.656172 11.242426
300.000000 0.254000 0.254000 0.254000 0.000000 0.000000 0.000000 -33849.973773 15.413157
300.000000 0.256000 0.256000 0.256000 0.000000 0.000000 0.000000 -33894.350764 5.623356
300.000000 0.258000 0.258000 0.258000 0.000000 0.000000 0.000000 -33794.591231 11.183142
300.000000 0.260000 0.260000 0.260000 0.000000 0.000000 0.000000 -33893.413515 14.221559
300.000000 0.262000 0.262000 0.262000 0.000000 0.000000 0.000000 -33856.020110 12.081274
300.000000 0.264000 0.264000 0.264000 0.000000 0.000000 0.000000 -33929.267146 18.885361
300.000000 0.266000 0.266000 0.266000 0.000000 0.000000 0.000000 -34088.105244 30.359312
300.000000 0.268000 0.268000 0.268000 0.000000 0.000000 0.000000 -33944.342871 7.227452
300.000000 0.270000 0.270000 0.270000 0.000000 0.000000 0.000000 -34045.059288 13.698920
300.000000 0.272000 0.272000 0.272000 0.000000 0.000000 0.000000 -33935.605796 13.727866
300.000000 0.274000 0.274000 0.274000 0.000000 0.000000 0.000000 -34072.100807 9.389754
300.000000 0.276000 0.276000 0.276000 0.000000 0.000000 0.000000 -33852.871959 4.956370
300.000000 0.278000 0.278000 0.278000 0.000000 0.000000 0.000000 -33981.853592 23.688138
300.000000 0.280000 0.280000 0.280000 0.000000 0.000000 0.000000 -34034.237484 17.062138
300.000000 0.282000 0.282000 0.282000 0.000000 0.000000 0.000000 -33897.344167 24.355521
300.000000 0.284000 0.284000 0.284000 0.000000 0.000000 0.000000 -33837.148678 24.146858
300.000000 0.286000 0.286000 0.286000 0.000000 0.000000 0.000000 -33822.742473 11.777659
300.000000 0.288000 0.288000 0.288000 0.000000 0.000000 0.000000 -33957.778411 7.348501
300.000000 0.290000 0.290000 0.290000 0.000000 0.000000 0.000000 -33906.777671 25.306872
300.000000 0.292000 0.292000 0.292000 0.000000 0.000000 0.000000 -33842.252520 17.071734
300.000000 0.294000 0.294000 0.294000 0.000000 0.000000 0.000000 -34036.577479 18.802332
300.000000 0.296000 0.296000 0.296000 0.000000 0.000000 0.000000 -33942.402918 -0.099528
300.000000 0.298000 0.298000 0.298000 0.000000 0.000000 0.000000 -33918.490833 13.312075
300.000000 0.300000 0.300000 0.300000 0.000000 0.000000 0.000000 -33798.935565 5.927649
300.000000 0.302000 0.302000 0.302000 0.000000 0.000000 0.000000 -33825.437059 3.648543
300.000000 0.304000 0.304000 0.304000 0.000000 0.000000 0.000000 -33910.141530 6.705879
300.000000 0.306000 0.306000 0.306000 0.000000 0.000000 0.000000 -33937.801830 3.896934
300.000000 0.308000 0.308000 0.308000 0.000000 0.000000 0.000000 -33999.576761 16.585963
300.000000 0.310000 0.310000 0.310000 0.000000 0.000000 0.000000 -34160.800473 6.546452
300.000000 0.312000 0.312000 0.312000 0.000000 0.000000 0.000000 -33954.429060 16.127253
300.000000 0.314000 0.314000 0.314000 0.000000 0.000000 0.000000 -33998.496211 12.733133
300.000000 0.316000 0.316000 0.316000 0.000000 0.000000 0.000000 -33735.709012 20.903988
300.000000 0.318000 0.318000 0.318000 0.000000 0.000000 0.000000 -33747.933144 -5.505911
300.000000 0.320000 0.320000 0.320000 0.000000 0.000000 0.000000 -33754.042874 18.563351
300.000000 0.322000 0.322000 0.322000 0.000000 0.000000 0.000000 -33833.127214 7.549251
300.000000 0.324000 0.324000 0.324000 0.000000 0.000000 0.000000 -33823.112675 12.431333
300.000000 0.326000 0.326000 0.326000 0.000000 0.000000 0.000000 -33856.100049 9.005255
300.000000 0.328000 0.328000 0.328000 0.000000 0.000000 0.000000 -33874.081393 20.284124
300.000000 0.330000 0.330000 0.330000 0.000000 0.000000 0.000000 -33809.194846 12.370306
300.000000 0.332000 0.332000 0.332000 0.000000 0.000000 0.000000 -33843.008070 5.540283
300.000000 0.334000 0.334000 0.334000 0.000000 0.000000 0.000000 -33893.698827 7.089419
300.000000 0.336000 0.336000 0.336000 0.000000 0.000000 0.000000 -33891.243335 17.808114
300.000000 0.338000 0.338000 0.338000 0.000000 0.000000 0.000000 -33741.603662 12.840112
300.000000 0.340000 0.340000 0.340000 0.000000 0.000000 0.000000 -33852.535150 -1.431170
300.000000 0.342000 0.342000 0.342000 0.000000 0.000000 0.000000 -33956.459959 8.692014
300.000000 0.344000 0.344000 0.344000 0.000000 0.000000 0.000000 -33889.124549 6.976183
300.000000 0.346000 0.346000 0.346000 0.000000 0.000000 0.000000 -33993.788017 20.498912
300.000000 0.348000 0.348000 0.348000 0.000000 0.000000 0.000000 -33899.702717 4.165174
300.000000 0.350000 0.350000 0.350000 0.000000 0.000000 0.000000 -34016.194888 9.237732
300.000000 0.352000 0.352000 0.352000 0.000000 0.000000 0.000000 -34060.077947 7.128953
300.000000 0.354000 0.354000 0.354000 0.000000 0.000000 0.000000 -34064.700825 10.138645
300.000000 0.356000 0.356000 0.356000 0.000000 0.000000 0.000000 -33999.263358 5.208846
300.000000 0.358000 0.358000 0.358000 0.000000 0.000000 0.000000 -33981.709042 12.924055
300.000000 0.360000 0.360000 0.360000 0.000000 0.000000 0.000000 -33948.215489 0.048983
300.000000 0.362000 0.362000 0.362000 0.000000 0.000000 0.000000 -33975.086691 12.242542
300.000000 0.364000 0.364000 0.364000 0.000000 0.000000 0.000000 -33909.743288 16.845113
300.000000 0.366000 0.366000 0.366000 0.000000 0.000000 0.000000 -33912.473818 13.281266
300.000000 0.368000 0.368000 0.368000 0.000000 0.000000 0.000000 -33915.534907 -7.550780
300.000000 0.370000 0.370000 0.370000 0.000000 0.000000 0.000000 -33929.756958 12.448255
300.000000 0.372000 0.372000 0.372000 0.000000 0.000000 0.000000 -33914.714190 8.697966
300.000000 0.374000 0.374000 0.374000 0.000000 0.000000 0.000000 -33914.130045 -5.710780
300.000000 0.376000 0.376000 0.376000 0.000000 0.000000 0.000000 -34007.759933 2.421862
300.000000 0.378000 0.378000 0.378000 0.000000 0.000000 0.000000 -33899.024142 0.334720
300.000000 0.380000 0.380000 0.380000 0.000000 0.000000 0.000000 -33832.983152 7.429525
300.000000 0.382000 0.382000 0.382000 0.000000 0.000000 0.000000 -33938.225580 12.747445
300.000000 0.384000 0.384000 0.384000 0.000000 0.000000 0.000000 -33913.508350 14.413616
300.000000 0.386000 0.386000 0.386000 0.000000 0.000000 0.000000 -33957.703858 2.877993
300.000000 0.388000 0.388000 0.388000 0.000000 0.000000 0.000000 -33960.446242 -4.877401
300.000000 0.390000 0.390000 0.390000 0.000000 0.000000 0.000000 -33860.250583 3.005104
300.000000 0.392000 0.392000 0.392000 0.000000 0.000000 0.000000 -33947.629644 8.136022
300.000000 0.394000 0.394000 0.394000 0.000000 0.000000 0.000000 -33855.620912 8.477952
300.000000 0.396000 0.396000 0.396000 0.000000 0.000000 0.000000 -33801.439312 -2.157520
300.000000 0.398000 0.398000 0.398000 0.000000 0.000000 0.000000 -33877.788263 -11.154492
300.000000 0.400000 0.400000 0.400000 0.000000 0.000000 0.000000 -33854.450642 6.198403
300.000000 0.402000 0.402000 0.402000 0.000000 0.000000 0.000000 -33924.075250 6.196001
300.000000 0.404000 0.404000 0.404000 0.000000 0.000000 0.000000 -33946.372532 7.849720
300.000000 0.406000 0.406000 0.406000 0.000000 0.000000 0.000000 -33810.679638 3.968690
300.000000 0.408000 0.408000 0.408000 0.000000 0.000000 0.000000 -33956.386445 7.034339
300.000000 0.410000 0.410000 0.410000 0.000000 0.000000 0.000000 -33988.128091 1.072984
300.000000 0.412000 0.412000 0.412000 0.000000 0.000000 0.000000 -33886.646848 5.956017
300.000000 0.414000 0.414000 0.414000 0.000000 0.000000 0.000000 -33829.362242 0.921281
300.000000 0.416000 0.416000 0.416000 0.000000 0.000000 0.000000 -33863.596987 5.816328
300.000000 0.418000 0.418000 0.418000 0.000000 0.000000 0.000000 -33894.257293 7.651885
300.000000 0.420000 0.420000 0.420000 0.000000 0.000000 0.000000 -33881.958946 -4.244086
300.000000 0.422000 0.422000 0.422000 0.000000 0.000000 0.000000 -33873.143702 -2.334150
300.000000 0.424000 0.424000 0.424000 0.000000 0.000000 0.000000 -33900.510797 -0.005628
300.000000 0.426000 0.426000 0.426000 0.000000 0.000000 0.000000 -33829.953562 7.806208
300.000000 0.428000 0.428000 0.428000 0.000000 0.000000 0.000000 -34035.003979 11.062564
300.000000 0.430000 0.430000 0.430000 0.000000 0.000000 0.000000 -33713.581337 5.118162
300.000000 0.432000 0.432000 0.432000 0.000000 0.000000 0.000000 -33804.488802 1.862957
300.000000 0.434000 0.434000 0.434000 0.000000 0.000000 0.000000 -33681.643911 -1.030575
300.000000 0.436000 0.436000 0.436000 0.000000 0.000000 0.000000 -33733.126793 2.900976
300.000000 0.438000 0.438000 0.438000 0.000000 0.000000 0.000000 -33854.553387 5.223497
300.000000 0.440000 0.440000 0.440000 0.000000 0.000000 0.000000 -33759.555647 -1.002764
300.000000 0.442000 0.442000 0.442000 0.000000 0.000000 0.000000 -33772.267971 -10.386041
300.000000 0.444000 0.444000 0.444000 0.000000 0.000000 0.000000 -33773.467923 -7.937673
300.000000 0.446000 0.446000 0.446000 0.000000 0.000000 0.000000 -33881.866511 -2.270231
300.000000 0.448000 0.448000 0.448000 0.000000 0.000000 0.000000 -33952.700978 -6.492776
300.000000 0.450000 0.450000 0.450000 0.000000 0.000000 0.000000 -33851.861326 1.377408
300.000000 0.452000 0.452000 0.452000 0.000000 0.000000 0.000000 -33788.041498 4.463580
300.000000 0.454000 0.454000 0.454000 0.000000 0.000000 0.000000 -33958.809772 4.919276
300.000000 0.456000 0.456000 0.456000 0.000000 0.000000 0.000000 -34013.137399 -4.547970
300.000000 0.458000 0.458000 0.458000 0.000000 0.000000 0.000000 -33822.174787 2.942325
300.000000 0.460000 0.460000 0.460000 0.000000 0.000000 0.000000 -33969.512007 3.755344
300.000000 0.462000 0.462000 0.462000 0.000000 0.000000 0.000000 -33828.067772 1.218875
300.000000 0.464000 0.464000 0.464000 0.000000 0.000000 0.000000 -33831.447945 6.898074
300.000000 0.466000 0.466000 0.466000 0.000000 0.000000 0.000000 -33922.461677 -1.052821
300.000000 0.468000 0.468000 0.468000 0.000000 0.000000 0.000000 -34011.428382 3.279343
300.000000 0.470000 0.470000 0.470000 0.000000 0.000000 0.000000 -34008.111305 9.938010
300.000000 0.472000 0.472000 0.472000 0.000000 0.000000 0.000000 -33994.875446 -2.988520
300.000000 0.474000 0.474000 0.474000 0.000000 0.000000 0.000000 -33901.570077 -0.778651
300.000000 0.476000 0.476000 0.476000 0.000000 0.000000 0.000000 -33959.564661 2.512905
300.000000 0.478000 0.478000 0.478000 0.000000 0.000000 0.000000 -33937.673202 3.638242
300.000000 0.480000 0.480000 0.480000 0.000000 0.000000 0.000000 -33828.760455 -6.042044
300.000000 0.482000 0.482000 0.482000 0.000000 0.000000 0.000000 -33901.272092 -1.386522
300.000000 0.484000 0.484000 0.484000 0.000000 0.000000 0.000000 -33985.644915 10.404250
300.000000 0.486000 0.486000 0.486000 0.000000 0.000000 0.000000 -33951.726119 -5.391483
300.000000 0.488000 0.488000 0.488000 0.000000 0.000000 0.000000 -33888.433980 -10.087697
300.000000 0.490000 0.490000 0.490000 0.000000 0.000000 0.000000 -33989.161686 -4.636080
300.000000 0.492000 0.492000 0.492000 0.000000 0.000000 0.000000 -33936.050601 4.083079
300.000000 0.494000 0.494000 0.494000 0.000000 0.000000 0.000000 -33921.414452 5.849975
300.000000 0.496000 0.496000 0.496000 0.000000 0.000000 0.000000 -33976.292577 -2.230282
300.000000 0.498000 0.498000 0.498000 0.000000 0.000000 0.000000 -33996.402763 1.893732
