4 300.000000 1.000000 0.000000 0.400000 0.100000 90.000000 0.000000 -32833.056759 50.287121 6.568579
5 300.000000 1.000000 0.000000 0.500000 0.100000 80.000000 0.000000 -32867.504492 45.874940 6.644895
5 300.000000 1.000000 0.000000 0.500000 0.100000 80.000000 0.000000 -32821.353545 55.946476 7.430352
4 300.000000 1.000000 0.000000 0.400000 0.100000 90.000000 0.000000 -32891.474400 64.693626 7.046859
4 300.000000 1.000000 0.000000 0.400000 0.100000 90.000000 0.000000 -32830.008065 66.510315 7.024304
3 300.000000 1.000000 0.000000 0.300000 0.100000 100.000000 0.000000 -32961.050121 86.455346 6.405757
3 300.000000 1.000000 0.000000 0.300000 0.100000 100.000000 0.000000 -32850.656387 59.429476 7.187470
5 300.000000 1.000000 0.000000 0.500000 0.100000 80.000000 0.000000 -32903.343524 67.538063 6.443712
4 300.000000 1.000000 0.000000 0.400000 0.100000 90.000000 0.000000 -32784.578690 54.005271 6.408479
3 300.000000 1.000000 0.000000 0.300000 0.100000 100.000000 0.000000 -32800.378682 75.096826 6.489079
4 300.000000 1.000000 0.000000 0.400000 0.100000 90.000000 0.000000 -32815.194143 58.320903 6.902712
4 300.000000 1.000000 0.000000 0.400000 0.100000 90.000000 0.000000 -32668.601516 77.534159 6.408643
3 300.000000 1.000000 0.000000 0.300000 0.100000 100.000000 0.000000 -32840.818835 93.614596 6.390070
2 300.000000 1.000000 0.000000 0.200000 0.100000 110.000000 0.000000 -32885.057647 129.203314 6.446703
2 300.000000 1.000000 0.000000 0.200000 0.100000 110.000000 0.000000 -32773.943589 126.093153 6.428545
2 300.000000 1.000000 0.000000 0.200000 0.100000 110.000000 0.000000 -32809.071929 127.000569 7.380136
2 300.000000 1.000000 0.000000 0.200000 0.100000 110.000000 0.000000 -32908.657435 93.072764 7.092668
2 300.000000 1.000000 0.000000 0.200000 0.100000 110.000000 0.000000 -32948.533936 44.302389 7.557394
3 300.000000 1.000000 0.000000 0.300000 0.100000 100.000000 0.000000 -32965.126764 58.238489 6.399406
4 300.000000 1.000000 0.000000 0.400000 0.100000 90.000000 0.000000 -32814.781931 34.371361 7.227514
6 300.000000 1.000000 0.100000 0.500000 0.100000 70.000000 0.000000 -32826.931660 22.649189 6.518744
6 300.000000 1.000000 0.100000 0.500000 0.100000 70.000000 0.000000 -32976.822808 15.014914 6.572166
7 300.000000 1.000000 0.200000 0.500000 0.100000 60.000000 0.000000 -32722.333196 8.566336 8.214961
8 300.000000 1.000000 0.300000 0.500000 0.100000 50.000000 0.000000 -32796.775309 4.006354 6.671689
9 300.000000 1.000000 0.400000 0.500000 0.100000 40.000000 0.000000 -32842.426600 8.613275 6.542026
8 300.000000 1.000000 0.300000 0.500000 0.100000 50.000000 0.000000 -32740.624393 5.121963 6.460586
8 300.000000 1.000000 0.300000 0.500000 0.100000 50.000000 0.000000 -32887.596987 3.547303 7.206753
8 300.000000 1.000000 0.300000 0.500000 0.100000 50.000000 0.000000 -32865.841676 9.903087 7.403773
12 300.000000 -1.000000 0.400000 0.500000 0.100000 40.000000 0.000000 -32911.075780 -0.025696 7.664749
12 300.000000 -1.000000 0.400000 0.500000 0.100000 40.000000 0.000000 -32919.771277 6.693032 6.544889
13 300.000000 -1.000000 0.300000 0.500000 0.100000 50.000000 0.000000 -32906.515260 12.965065 7.416749
14 300.000000 -1.000000 0.200000 0.500000 0.100000 60.000000 0.000000 -32685.336576 9.934315 6.591564
13 300.000000 -1.000000 0.300000 0.500000 0.100000 50.000000 0.000000 -32725.853911 18.663387 8.282344
17 300.000000 -1.000000 0.000000 0.400000 0.100000 90.000000 0.000000 -32990.952063 56.809704 6.852031
17 300.000000 -1.000000 0.000000 0.400000 0.100000 90.000000 0.000000 -32813.251463 40.847970 7.150954
16 300.000000 -1.000000 0.000000 0.500000 0.100000 80.000000 0.000000 -32724.349028 45.426600 6.545207
16 300.000000 -1.000000 0.000000 0.500000 0.100000 80.000000 0.000000 -32855.308106 40.697010 6.400652
16 300.000000 -1.000000 0.000000 0.500000 0.100000 80.000000 0.000000 -32800.372864 49.501416 6.947668
19 300.000000 -1.000000 0.000000 0.200000 0.100000 110.000000 0.000000 -32935.387232 83.106640 7.622285
18 300.000000 -1.000000 0.000000 0.300000 0.100000 100.000000 0.000000 -32726.607156 73.069216 6.412501
19 300.000000 -1.000000 0.000000 0.200000 0.100000 110.000000 0.000000 -32733.413274 85.209928 6.391134
18 300.000000 -1.000000 0.000000 0.300000 0.100000 100.000000 0.000000 -32747.300743 59.237399 3.381705
17 300.000000 -1.000000 0.000000 0.400000 0.100000 90.000000 0.000000 -32807.555892 75.503178 8.170897
18 300.000000 -1.000000 0.000000 0.300000 0.100000 100.000000 0.000000 -32880.049610 70.629449 4.495087
17 300.000000 -1.000000 0.000000 0.400000 0.100000 90.000000 0.000000 -32837.890537 45.674740 7.938296
18 300.000000 -1.000000 0.000000 0.300000 0.100000 100.000000 0.000000 -32798.121952 61.454041 6.389761
19 300.000000 -1.000000 0.000000 0.200000 0.100000 110.000000 0.000000 -32804.490597 68.775526 6.517167
18 300.000000 -1.000000 0.000000 0.300000 0.100000 100.000000 0.000000 -32882.345408 69.334605 6.660608
19 300.000000 -1.000000 0.000000 0.200000 0.100000 110.000000 0.000000 -32937.372325 125.542796 6.428367
19 300.000000 -1.000000 0.000000 0.200000 0.100000 110.000000 0.000000 -32895.229604 87.081708 8.266494
19 300.000000 -1.000000 0.000000 0.200000 0.100000 110.000000 0.000000 -32908.866207 45.546390 6.434092
16 300.000000 -1.000000 0.000000 0.500000 0.100000 80.000000 0.000000 -32765.012564 55.962665 7.747564
17 300.000000 -1.000000 0.000000 0.400000 0.100000 90.000000 0.000000 -32783.982127 57.100162 6.570635
18 300.000000 -1.000000 0.000000 0.300000 0.100000 100.000000 0.000000 -32815.288100 66.680078 6.427633
19 300.000000 -1.000000 0.000000 0.200000 0.100000 110.000000 0.000000 -32741.546028 121.555962 6.421741
20 300.000000 -1.000000 0.000000 0.100000 0.100000 120.000000 0.000000 -32791.176821 64.752180 8.271180
17 300.000000 -1.000000 0.000000 0.400000 0.100000 90.000000 0.000000 -32740.944278 65.131960 6.452647
19 300.000000 -1.000000 0.000000 0.200000 0.100000 110.000000 0.000000 -32950.560960 66.722875 7.083572
16 300.000000 -1.000000 0.000000 0.500000 0.100000 80.000000 0.000000 -32760.158983 56.334981 6.508876
16 300.000000 -1.000000 0.000000 0.500000 0.100000 80.000000 0.000000 -32761.632257 32.908744 7.907978
15 300.000000 -1.000000 0.100000 0.500000 0.100000 70.000000 0.000000 -32766.398121 33.318089 7.633120
16 300.000000 -1.000000 0.000000 0.500000 0.100000 80.000000 0.000000 -32953.407566 55.364841 6.778607
17 300.000000 -1.000000 0.000000 0.400000 0.100000 90.000000 0.000000 -32774.920357 49.850847 8.255017
18 300.000000 -1.000000 0.000000 0.300000 0.100000 100.000000 0.000000 -32877.744954 75.138275 7.933652
18 300.000000 -1.000000 0.000000 0.300000 0.100000 100.000000 0.000000 -32912.602469 88.595565 7.418082
18 300.000000 -1.000000 0.000000 0.300000 0.100000 100.000000 0.000000 -32850.825017 57.116535 7.534217
18 300.000000 -1.000000 0.000000 0.300000 0.100000 100.000000 0.000000 -32864.758750 57.451741 6.776766
17 300.000000 -1.000000 0.000000 0.400000 0.100000 90.000000 0.000000 -32741.535272 68.420942 6.426428
18 300.000000 -1.000000 0.000000 0.300000 0.100000 100.000000 0.000000 -32813.147464 88.345299 6.683348
18 300.000000 -1.000000 0.000000 0.300000 0.100000 100.000000 0.000000 -32746.456724 55.894217 7.752463
16 300.000000 -1.000000 0.000000 0.500000 0.100000 80.000000 0.000000 -32636.558857 35.085607 6.929446
15 300.000000 -1.000000 0.100000 0.500000 0.100000 70.000000 0.000000 -32739.251859 4.624711 7.687109
12 300.000000 -1.000000 0.400000 0.500000 0.100000 40.000000 0.000000 -33018.419776 3.502345 6.624133
11 300.000000 -1.000000 0.500000 0.500000 0.100000 30.000000 0.000000 -32947.264778 -3.625488 7.074031
11 300.000000 -1.000000 0.500000 0.500000 0.100000 30.000000 0.000000 -32809.877546 -3.533096 6.931269
11 300.000000 -1.000000 0.500000 0.500000 0.100000 30.000000 0.000000 -32917.936547 0.092000 7.469310
12 300.000000 -1.000000 0.400000 0.500000 0.100000 40.000000 0.000000 -32900.605211 6.083172 7.679809
14 300.000000 -1.000000 0.200000 0.500000 0.100000 60.000000 0.000000 -32751.088741 29.049285 8.277300
15 300.000000 -1.000000 0.100000 0.500000 0.100000 70.000000 0.000000 -32790.639888 8.998464 7.389414
12 300.000000 -1.000000 0.400000 0.500000 0.100000 40.000000 0.000000 -33023.214711 -2.063465 6.396262
11 300.000000 -1.000000 0.500000 0.500000 0.100000 30.000000 0.000000 -32790.074879 1.082783 6.878185
9 300.000000 1.000000 0.400000 0.500000 0.100000 40.000000 0.000000 -32825.421691 1.877150 6.855932
10 300.000000 1.000000 0.500000 0.500000 0.100000 30.000000 0.000000 -32880.400107 -0.870647 7.399766
11 300.000000 -1.000000 0.500000 0.500000 0.100000 30.000000 0.000000 -32858.534214 -3.087142 7.506704
12 300.000000 -1.000000 0.400000 0.500000 0.100000 40.000000 0.000000 -32870.057125 4.658529 8.222086
14 300.000000 -1.000000 0.200000 0.500000 0.100000 60.000000 0.000000 -32834.610692 14.161552 6.682493
13 300.000000 -1.000000 0.300000 0.500000 0.100000 50.000000 0.000000 -32835.964328 3.856651 7.258538
8 300.000000 1.000000 0.300000 0.500000 0.100000 50.000000 0.000000 -32782.885687 4.994137 7.291873
9 300.000000 1.000000 0.400000 0.500000 0.100000 40.000000 0.000000 -32847.837035 -4.675977 6.767443
9 300.000000 1.000000 0.400000 0.500000 0.100000 40.000000 0.000000 -32959.896332 10.806278 6.518001
9 300.000000 1.000000 0.400000 0.500000 0.100000 40.000000 0.000000 -32880.015173 6.538147 7.609052
8 300.000000 1.000000 0.300000 0.500000 0.100000 50.000000 0.000000 -32823.599254 6.999851 7.855832
8 300.000000 1.000000 0.300000 0.500000 0.100000 50.000000 0.000000 -32962.377177 12.979619 6.435449
7 300.000000 1.000000 0.200000 0.500000 0.100000 60.000000 0.000000 -32995.405065 6.487284 6.896440
7 300.000000 1.000000 0.200000 0.500000 0.100000 60.000000 0.000000 -32830.093353 9.143239 7.587075
8 300.000000 1.000000 0.300000 0.500000 0.100000 50.000000 0.000000 -32930.573992 -1.333543 8.101846
10 300.000000 1.000000 0.500000 0.500000 0.100000 30.000000 0.000000 -32913.142805 4.212499 7.020133
15 300.000000 -1.000000 0.100000 0.500000 0.100000 70.000000 0.000000 -32893.593618 10.567299 6.872918
9 300.000000 1.000000 0.400000 0.500000 0.100000 40.000000 0.000000 -32810.378576 -9.061677 7.065933
10 300.000000 1.000000 0.500000 0.500000 0.100000 30.000000 0.000000 -32778.246534 -4.097970 6.764006
9 300.000000 1.000000 0.400000 0.500000 0.100000 40.000000 0.000000 -32858.761249 5.141263 6.410874
13 300.000000 -1.000000 0.300000 0.500000 0.100000 50.000000 0.000000 -32848.412443 8.040249 7.759918
14 300.000000 -1.000000 0.200000 0.500000 0.100000 60.000000 0.000000 -32815.113865 14.190875 7.359658
12 300.000000 -1.000000 0.400000 0.500000 0.100000 40.000000 0.000000 -32808.406657 4.085070 6.710787
11 300.000000 -1.000000 0.500000 0.500000 0.100000 30.000000 0.000000 -32881.214977 3.119296 8.161891
12 300.000000 -1.000000 0.400000 0.500000 0.100000 40.000000 0.000000 -32868.562199 -0.459161 7.965992
12 300.000000 -1.000000 0.400000 0.500000 0.100000 40.000000 0.000000 -32755.711163 6.353462 6.481452
15 300.000000 -1.000000 0.100000 0.500000 0.100000 70.000000 0.000000 -32907.201828 12.307574 7.838936
15 300.000000 -1.000000 0.100000 0.500000 0.100000 70.000000 0.000000 -32883.915079 13.524032 8.223979
14 300.000000 -1.000000 0.200000 0.500000 0.100000 60.000000 0.000000 -32831.900381 6.751598 8.160079
12 300.000000 -1.000000 0.400000 0.500000 0.100000 40.000000 0.000000 -32863.460790 0.354716 8.282699
10 300.000000 1.000000 0.500000 0.500000 0.100000 30.000000 0.000000 -32888.596160 3.333427 8.243531
13 300.000000 -1.000000 0.300000 0.500000 0.100000 50.000000 0.000000 -32787.488421 0.483060 8.199838
8 300.000000 1.000000 0.300000 0.500000 0.100000 50.000000 0.000000 -32874.923830 8.847977 7.168676
10 300.000000 1.000000 0.500000 0.500000 0.100000 30.000000 0.000000 -32835.065990 -0.065453 6.413865
11 300.000000 -1.000000 0.500000 0.500000 0.100000 30.000000 0.000000 -32960.574576 -1.573134 7.466224
10 300.000000 1.000000 0.500000 0.500000 0.100000 30.000000 0.000000 -32780.024972 -4.004847 7.351434
10 300.000000 1.000000 0.500000 0.500000 0.100000 30.000000 0.000000 -32894.990154 10.365876 6.451996
7 300.000000 1.000000 0.200000 0.500000 0.100000 60.000000 0.000000 -32805.197954 17.229556 7.658923
6 300.000000 1.000000 0.100000 0.500000 0.100000 70.000000 0.000000 -32873.825714 31.093306 8.201235
5 300.000000 1.000000 0.000000 0.500000 0.100000 80.000000 0.000000 -32947.905041 49.529738 6.648208
5 300.000000 1.000000 0.000000 0.500000 0.100000 80.000000 0.000000 -32678.287464 62.670643 7.520850
5 300.000000 1.000000 0.000000 0.500000 0.100000 80.000000 0.000000 -32769.375544 52.965045 7.565429
5 300.000000 1.000000 0.000000 0.500000 0.100000 80.000000 0.000000 -32739.535533 50.355230 6.575462
4 300.000000 1.000000 0.000000 0.400000 0.100000 90.000000 0.000000 -32963.626803 42.005213 6.493492
5 300.000000 1.000000 0.000000 0.500000 0.100000 80.000000 0.000000 -32884.181761 55.106417 7.388443
4 300.000000 1.000000 0.000000 0.400000 0.100000 90.000000 0.000000 -32839.183126 42.331637 7.358595
2 300.000000 1.000000 0.000000 0.200000 0.100000 110.000000 0.000000 -32925.656708 135.463767 5.769228
2 300.000000 1.000000 0.000000 0.200000 0.100000 110.000000 0.000000 -32685.916763 65.200733 2.037242
2 300.000000 1.000000 0.000000 0.200000 0.100000 110.000000 0.000000 -32982.433140 135.223193 6.627657
2 300.000000 1.000000 0.000000 0.200000 0.100000 110.000000 0.000000 -32919.285855 105.672102 6.402865
2 300.000000 1.000000 0.000000 0.200000 0.100000 110.000000 0.000000 -32970.530050 67.683673 8.213403
3 300.000000 1.000000 0.000000 0.300000 0.100000 100.000000 0.000000 -32765.781093 68.389445 7.921323
3 300.000000 1.000000 0.000000 0.300000 0.100000 100.000000 0.000000 -32887.623066 76.498380 7.946850
3 300.000000 1.000000 0.000000 0.300000 0.100000 100.000000 0.000000 -32767.476889 39.307155 6.032562
3 300.000000 1.000000 0.000000 0.300000 0.100000 100.000000 0.000000 -32777.025990 92.435723 0.390480
3 300.000000 1.000000 0.000000 0.300000 0.100000 100.000000 0.000000 -32888.225995 75.824611 8.076103
3 300.000000 1.000000 0.000000 0.300000 0.100000 100.000000 0.000000 -32767.827873 104.200345 8.119448
2 300.000000 1.000000 0.000000 0.200000 0.100000 110.000000 0.000000 -32994.120697 123.387640 0.034968
1 300.000000 1.000000 0.000000 0.100000 0.100000 120.000000 0.000000 -32860.638263 176.724415 0.061471
1 300.000000 1.000000 0.000000 0.100000 0.100000 120.000000 0.000000 -32771.705238 123.043134 5.737929
1 300.000000 1.000000 0.000000 0.100000 0.100000 120.000000 0.000000 -32871.756116 145.409877 8.057089
1 300.000000 1.000000 0.000000 0.100000 0.100000 120.000000 0.000000 -32827.918420 143.921700 0.004811
1 300.000000 1.000000 0.000000 0.100000 0.100000 120.000000 0.000000 -32897.709826 136.652398 2.664408
2 300.000000 1.000000 0.000000 0.200000 0.100000 110.000000 0.000000 -32783.670881 86.640984 8.157510
3 300.000000 1.000000 0.000000 0.300000 0.100000 100.000000 0.000000 -32915.427277 93.495284 7.477820
3 300.000000 1.000000 0.000000 0.300000 0.100000 100.000000 0.000000 -32895.730053 73.284989 6.755831
4 300.000000 1.000000 0.000000 0.400000 0.100000 90.000000 0.000000 -32797.490099 38.066732 7.300977
5 300.000000 1.000000 0.000000 0.500000 0.100000 80.000000 0.000000 -32973.045453 60.836812 6.746357
3 300.000000 1.000000 0.000000 0.300000 0.100000 100.000000 0.000000 -32799.486610 57.880291 7.527008
5 300.000000 1.000000 0.000000 0.500000 0.100000 80.000000 0.000000 -32988.253262 56.710593 7.788398
5 300.000000 1.000000 0.000000 0.500000 0.100000 80.000000 0.000000 -32676.860502 38.396878 6.390247
4 300.000000 1.000000 0.000000 0.400000 0.100000 90.000000 0.000000 -32829.400756 71.857589 6.080233
3 300.000000 1.000000 0.000000 0.300000 0.100000 100.000000 0.000000 -32785.641125 84.106931 7.946594
3 300.000000 1.000000 0.000000 0.300000 0.100000 100.000000 0.000000 -32874.204112 79.087380 3.524691
2 300.000000 1.000000 0.000000 0.200000 0.100000 110.000000 0.000000 -32802.314646 122.686686 6.495902
1 300.000000 1.000000 0.000000 0.100000 0.100000 120.000000 0.000000 -32813.980153 156.878266 7.560132
1 300.000000 1.000000 0.000000 0.100000 0.100000 120.000000 0.000000 -32940.071228 144.001085 4.121963
1 300.000000 1.000000 0.000000 0.100000 0.100000 120.000000 0.000000 -32848.052274 151.467284 7.302556
1 300.000000 1.000000 0.000000 0.100000 0.100000 120.000000 0.000000 -32824.472801 194.020208 8.112320
0 300.000000 1.000000 0.000000 0.000000 0.100000 130.000000 0.000000 -32764.976982 161.973616 0.187321
1 300.000000 1.000000 0.000000 0.100000 0.100000 120.000000 0.000000 -32901.071602 136.738696 3.047624
1 300.000000 1.000000 0.000000 0.100000 0.100000 120.000000 0.000000 -32864.444438 123.052999 5.121104
1 300.000000 1.000000 0.000000 0.100000 0.100000 120.000000 0.000000 -32807.234015 144.506214 0.432912
1 300.000000 1.000000 0.000000 0.100000 0.100000 120.000000 0.000000 -32731.029536 147.267892 8.092437
1 300.000000 1.000000 0.000000 0.100000 0.100000 120.000000 0.000000 -32869.969887 139.082668 3.046890
1 300.000000 1.000000 0.000000 0.100000 0.100000 120.000000 0.000000 -32998.067441 142.600593 5.866093
1 300.000000 1.000000 0.000000 0.100000 0.100000 120.000000 0.000000 -32724.380973 129.567946 6.396885
1 300.000000 1.000000 0.000000 0.100000 0.100000 120.000000 0.000000 -32902.334169 133.435956 6.392758
1 300.000000 1.000000 0.000000 0.100000 0.100000 120.000000 0.000000 -32863.403854 137.668361 7.528163
1 300.000000 1.000000 0.000000 0.100000 0.100000 120.000000 0.000000 -32842.162043 130.069696 6.602402
1 300.000000 1.000000 0.000000 0.100000 0.100000 120.000000 0.000000 -32942.601642 122.061349 6.431437
2 300.000000 1.000000 0.000000 0.200000 0.100000 110.000000 0.000000 -32809.505445 87.536056 6.390074
3 300.000000 1.000000 0.000000 0.300000 0.100000 100.000000 0.000000 -32920.868006 63.264528 6.414908
3 300.000000 1.000000 0.000000 0.300000 0.100000 100.000000 0.000000 -32840.659970 65.889297 6.561996
2 300.000000 1.000000 0.000000 0.200000 0.100000 110.000000 0.000000 -32785.654608 122.937371 6.390341
2 300.000000 1.000000 0.000000 0.200000 0.100000 110.000000 0.000000 -32748.453894 129.737063 6.390209
1 300.000000 1.000000 0.000000 0.100000 0.100000 120.000000 0.000000 -32853.951419 141.920975 6.424838
1 300.000000 1.000000 0.000000 0.100000 0.100000 120.000000 0.000000 -32789.092691 140.699750 6.390418
1 300.000000 1.000000 0.000000 0.100000 0.100000 120.000000 0.000000 -32675.719960 147.830283 6.457788
1 300.000000 1.000000 0.000000 0.100000 0.100000 120.000000 0.000000 -32831.829787 142.950237 7.569312
1 300.000000 1.000000 0.000000 0.100000 0.100000 120.000000 0.000000 -32768.237493 129.654183 6.408983
2 300.000000 1.000000 0.000000 0.200000 0.100000 110.000000 0.000000 -32833.484044 116.130992 6.510241
1 300.000000 1.000000 0.000000 0.100000 0.100000 120.000000 0.000000 -32955.112726 144.698970 6.775867
1 300.000000 1.000000 0.000000 0.100000 0.100000 120.000000 0.000000 -32789.181059 140.104894 6.810455
1 300.000000 1.000000 0.000000 0.100000 0.100000 120.000000 0.000000 -32882.138538 133.541742 7.302044
1 300.000000 1.000000 0.000000 0.100000 0.100000 120.000000 0.000000 -33029.425265 148.910278 6.688577
1 300.000000 1.000000 0.000000 0.100000 0.100000 120.000000 0.000000 -32850.909579 148.816225 6.425598
0 300.000000 1.000000 0.000000 0.000000 0.100000 130.000000 0.000000 -32779.016981 166.268682 6.635726
0 300.000000 1.000000 0.000000 0.000000 0.100000 130.000000 0.000000 -32700.112960 165.059488 7.172061
0 300.000000 1.000000 0.000000 0.000000 0.100000 130.000000 0.000000 -32843.290498 168.963235 5.696653
0 300.000000 1.000000 0.000000 0.000000 0.100000 130.000000 0.000000 -32760.659002 158.639101 3.300057
0 300.000000 1.000000 0.000000 0.000000 0.100000 130.000000 0.000000 -32939.158709 170.162347 6.600895
0 300.000000 1.000000 0.000000 0.000000 0.100000 130.000000 0.000000 -32947.222306 153.989714 6.824498
0 300.000000 1.000000 0.000000 0.000000 0.100000 130.000000 0.000000 -32822.777803 163.708329 6.846581
0 300.000000 1.000000 0.000000 0.000000 0.100000 130.000000 0.000000 -32916.142914 178.001547 6.421447
0 300.000000 1.000000 0.000000 0.000000 0.100000 130.000000 0.000000 -32878.401223 163.459560 6.938786
0 300.000000 1.000000 0.000000 0.000000 0.100000 130.000000 0.000000 -32905.353504 188.308023 5.627992
0 300.000000 1.000000 0.000000 0.000000 0.100000 130.000000 0.000000 -32887.031368 179.084316 7.888150
0 300.000000 1.000000 0.000000 0.000000 0.100000 130.000000 0.000000 -32787.884703 194.440280 6.619549
1 300.000000 1.000000 0.000000 0.100000 0.100000 120.000000 0.000000 -32894.127407 131.343691 7.432571
1 300.000000 1.000000 0.000000 0.100000 0.100000 120.000000 0.000000 -32872.600242 133.701897 0.024629
1 300.000000 1.000000 0.000000 0.100000 0.100000 120.000000 0.000000 -32697.035687 140.180343 3.168410
1 300.000000 1.000000 0.000000 0.100000 0.100000 120.000000 0.000000 -32727.845479 136.227470 0.370662
1 300.000000 1.000000 0.000000 0.100000 0.100000 120.000000 0.000000 -32879.099254 180.016140 6.930729
0 300.000000 1.000000 0.000000 0.000000 0.100000 130.000000 0.000000 -32797.483985 196.379843 6.287555
0 300.000000 1.000000 0.000000 0.000000 0.100000 130.000000 0.000000 -32919.649899 180.974522 7.390485
0 300.000000 1.000000 0.000000 0.000000 0.100000 130.000000 0.000000 -32912.799182 179.091271 6.924377
0 300.000000 1.000000 0.000000 0.000000 0.100000 130.000000 0.000000 -32777.875356 188.127905 7.444293
0 300.000000 1.000000 0.000000 0.000000 0.100000 130.000000 0.000000 -33038.319549 159.148435 2.790658
0 300.000000 1.000000 0.000000 0.000000 0.100000 130.000000 0.000000 -33013.159856 186.429262 7.480987
0 300.000000 1.000000 0.000000 0.000000 0.100000 130.000000 0.000000 -32805.906452 169.516028 7.336063
0 300.000000 1.000000 0.000000 0.000000 0.100000 130.000000 0.000000 -33012.765294 181.963182 6.573936
0 300.000000 1.000000 0.000000 0.000000 0.100000 130.000000 0.000000 -32867.881762 168.352026 5.123980
0 300.000000 1.000000 0.000000 0.000000 0.100000 130.000000 0.000000 -32927.858632 180.544342 3.781025
0 300.000000 1.000000 0.000000 0.000000 0.100000 130.000000 0.000000 -32843.736477 190.930582 3.838972
0 300.000000 1.000000 0.000000 0.000000 0.100000 130.000000 0.000000 -32874.105229 187.040097 6.881745
0 300.000000 1.000000 0.000000 0.000000 0.100000 130.000000 0.000000 -32918.941519 184.879457 6.832275
0 300.000000 1.000000 0.000000 0.000000 0.100000 130.000000 0.000000 -32760.079082 167.590117 3.895159
1 300.000000 1.000000 0.000000 0.100000 0.100000 120.000000 0.000000 -32893.462357 151.008773 5.327475
1 300.000000 1.000000 0.000000 0.100000 0.100000 120.000000 0.000000 -32749.574427 185.904930 7.216757
0 300.000000 1.000000 0.000000 0.000000 0.100000 130.000000 0.000000 -32882.033526 171.288150 3.342095
0 300.000000 1.000000 0.000000 0.000000 0.100000 130.000000 0.000000 -32800.672582 171.127931 5.807648
1 300.000000 1.000000 0.000000 0.100000 0.100000 120.000000 0.000000 -32877.459491 150.278927 7.481914
1 300.000000 1.000000 0.000000 0.100000 0.100000 120.000000 0.000000 -32871.470322 171.109268 6.635115
0 300.000000 1.000000 0.000000 0.000000 0.100000 130.000000 0.000000 -32897.112503 175.333235 3.440181
0 300.000000 1.000000 0.000000 0.000000 0.100000 130.000000 0.000000 -32841.293856 184.034957 7.361838
0 300.000000 1.000000 0.000000 0.000000 0.100000 130.000000 0.000000 -32926.136774 184.369313 7.667618
0 300.000000 1.000000 0.000000 0.000000 0.100000 130.000000 0.000000 -32887.191826 170.108776 7.639998
0 300.000000 1.000000 0.000000 0.000000 0.100000 130.000000 0.000000 -32920.344831 181.301728 7.653291
0 300.000000 1.000000 0.000000 0.000000 0.100000 130.000000 0.000000 -32667.138481 163.361142 7.095519
0 300.000000 1.000000 0.000000 0.000000 0.100000 130.000000 0.000000 -32830.703453 136.756683 7.300112
0 300.000000 1.000000 0.000000 0.000000 0.100000 130.000000 0.000000 -32964.047157 138.156322 7.679789
0 300.000000 1.000000 0.000000 0.000000 0.100000 130.000000 0.000000 -32664.749517 182.178781 2.870244
0 300.000000 1.000000 0.000000 0.000000 0.100000 130.000000 0.000000 -32787.889038 146.468708 7.657014
1 300.000000 1.000000 0.000000 0.100000 0.100000 120.000000 0.000000 -32864.814194 121.213197 6.804423
1 300.000000 1.000000 0.000000 0.100000 0.100000 120.000000 0.000000 -32810.252815 163.615663 7.280335
1 300.000000 1.000000 0.000000 0.100000 0.100000 120.000000 0.000000 -32871.806730 133.129966 8.101981
1 300.000000 1.000000 0.000000 0.100000 0.100000 120.000000 0.000000 -32801.041012 154.595187 6.519217
1 300.000000 1.000000 0.000000 0.100000 0.100000 120.000000 0.000000 -32868.012044 161.231923 6.805667
0 300.000000 1.000000 0.000000 0.000000 0.100000 130.000000 0.000000 -32798.050961 175.850894 7.354600
0 300.000000 1.000000 0.000000 0.000000 0.100000 130.000000 0.000000 -32955.079511 188.883711 8.278038
0 300.000000 1.000000 0.000000 0.000000 0.100000 130.000000 0.000000 -32881.803686 198.241853 7.123875
0 300.000000 1.000000 0.000000 0.000000 0.100000 130.000000 0.000000 -32806.198264 175.932206 7.433892
0 300.000000 1.000000 0.000000 0.000000 0.100000 130.000000 0.000000 -32996.669225 180.187884 1.411108
0 300.000000 1.000000 0.000000 0.000000 0.100000 130.000000 0.000000 -32861.925209 180.459250 8.172669
0 300.000000 1.000000 0.000000 0.000000 0.100000 130.000000 0.000000 -32710.791022 177.646655 6.880619
0 300.000000 1.000000 0.000000 0.000000 0.100000 130.000000 0.000000 -32864.073004 178.674063 5.883532
0 300.000000 1.000000 0.000000 0.000000 0.100000 130.000000 0.000000 -32764.067266 164.827036 6.878862
0 300.000000 1.000000 0.000000 0.000000 0.100000 130.000000 0.000000 -32926.138526 173.192149 4.070989
0 300.000000 1.000000 0.000000 0.000000 0.100000 130.000000 0.000000 -32856.238158 166.326974 7.634285
0 300.000000 1.000000 0.000000 0.000000 0.100000 130.000000 0.000000 -32894.753391 171.513577 6.695779
0 300.000000 1.000000 0.000000 0.000000 0.100000 130.000000 0.000000 -32821.966628 188.423075 5.356788
0 300.000000 1.000000 0.000000 0.000000 0.100000 130.000000 0.000000 -32909.354831 171.910642 7.036550
0 300.000000 1.000000 0.000000 0.000000 0.100000 130.000000 0.000000 -32929.798354 172.952474 5.428801
0 300.000000 1.000000 0.000000 0.000000 0.100000 130.000000 0.000000 -32956.441687 174.022824 6.394008
0 300.000000 1.000000 0.000000 0.000000 0.100000 130.000000 0.000000 -32802.368052 180.149368 5.411754
0 300.000000 1.000000 0.000000 0.000000 0.100000 130.000000 0.000000 -33078.333088 184.750663 6.931209
0 300.000000 1.000000 0.000000 0.000000 0.100000 130.000000 0.000000 -32852.368316 190.116658 6.879786
0 300.000000 1.000000 0.000000 0.000000 0.100000 130.000000 0.000000 -32923.550677 181.610795 6.880200
0 300.000000 1.000000 0.000000 0.000000 0.100000 130.000000 0.000000 -33028.084541 184.045191 3.732229
0 300.000000 1.000000 0.000000 0.000000 0.100000 130.000000 0.000000 -32857.409916 181.707607 4.743918
0 300.000000 1.000000 0.000000 0.000000 0.100000 130.000000 0.000000 -32835.192066 183.401369 6.245018
0 300.000000 1.000000 0.000000 0.000000 0.100000 130.000000 0.000000 -32860.142242 183.528981 7.235089
0 300.000000 1.000000 0.000000 0.000000 0.100000 130.000000 0.000000 -32926.664362 175.030691 6.394972
0 300.000000 1.000000 0.000000 0.000000 0.100000 130.000000 0.000000 -32880.446909 192.007744 7.119359
0 300.000000 1.000000 0.000000 0.000000 0.100000 130.000000 0.000000 -32809.203053 179.196114 6.946009
0 300.000000 1.000000 0.000000 0.000000 0.100000 130.000000 0.000000 -32888.167291 156.917143 7.952409
0 300.000000 1.000000 0.000000 0.000000 0.100000 130.000000 0.000000 -32816.098951 175.502639 5.165768
0 300.000000 1.000000 0.000000 0.000000 0.100000 130.000000 0.000000 -32757.409549 167.229903 6.646475
0 300.000000 1.000000 0.000000 0.000000 0.100000 130.000000 0.000000 -32864.057189 178.726002 4.812781
0 300.000000 1.000000 0.000000 0.000000 0.100000 130.000000 0.000000 -32740.576398 181.606826 7.128770
0 300.000000 1.000000 0.000000 0.000000 0.100000 130.000000 0.000000 -32948.277762 156.309782 8.276973
0 300.000000 1.000000 0.000000 0.000000 0.100000 130.000000 0.000000 -32909.525381 154.461569 7.811302
1 300.000000 1.000000 0.000000 0.100000 0.100000 120.000000 0.000000 -32766.381597 150.136965 5.380941
1 300.000000 1.000000 0.000000 0.100000 0.100000 120.000000 0.000000 -32828.484586 141.343901 4.200017
1 300.000000 1.000000 0.000000 0.100000 0.100000 120.000000 0.000000 -32765.552344 132.520501 2.291121
1 300.000000 1.000000 0.000000 0.100000 0.100000 120.000000 0.000000 -32892.210467 130.837412 8.208627
1 300.000000 1.000000 0.000000 0.100000 0.100000 120.000000 0.000000 -32786.106487 133.580524 7.651573
1 300.000000 1.000000 0.000000 0.100000 0.100000 120.000000 0.000000 -32758.154194 138.034480 7.841950
1 300.000000 1.000000 0.000000 0.100000 0.100000 120.000000 0.000000 -32845.399871 167.635278 6.855377
1 300.000000 1.000000 0.000000 0.100000 0.100000 120.000000 0.000000 -32946.381179 127.309097 6.399035
1 300.000000 1.000000 0.000000 0.100000 0.100000 120.000000 0.000000 -32875.414663 168.205564 7.352740
0 300.000000 1.000000 0.000000 0.000000 0.100000 130.000000 0.000000 -32882.361573 183.581135 7.266716
0 300.000000 1.000000 0.000000 0.000000 0.100000 130.000000 0.000000 -32973.752889 142.070233 7.235126
1 300.000000 1.000000 0.000000 0.100000 0.100000 120.000000 0.000000 -32865.032449 125.456799 6.476752
1 300.000000 1.000000 0.000000 0.100000 0.100000 120.000000 0.000000 -32923.383778 130.510894 6.405406
1 300.000000 1.000000 0.000000 0.100000 0.100000 120.000000 0.000000 -32830.923888 136.165514 8.003127
1 300.000000 1.000000 0.000000 0.100000 0.100000 120.000000 0.000000 -32918.277338 122.279125 6.552470
1 300.000000 1.000000 0.000000 0.100000 0.100000 120.000000 0.000000 -33011.179088 155.684823 7.531586
0 300.000000 1.000000 0.000000 0.000000 0.100000 130.000000 0.000000 -32794.762588 141.595687 6.656277
1 300.000000 1.000000 0.000000 0.100000 0.100000 120.000000 0.000000 -32901.897677 143.776316 6.569499
1 300.000000 1.000000 0.000000 0.100000 0.100000 120.000000 0.000000 -32913.955422 157.644756 7.541810
1 300.000000 1.000000 0.000000 0.100000 0.100000 120.000000 0.000000 -32918.339729 139.513240 6.604313
1 300.000000 1.000000 0.000000 0.100000 0.100000 120.000000 0.000000 -32996.799383 151.568845 7.439622
1 300.000000 1.000000 0.000000 0.100000 0.100000 120.000000 0.000000 -32768.313771 146.472089 7.075968
1 300.000000 1.000000 0.000000 0.100000 0.100000 120.000000 0.000000 -32847.043682 132.645729 6.497483
1 300.000000 1.000000 0.000000 0.100000 0.100000 120.000000 0.000000 -32979.206885 124.414966 6.857289
1 300.000000 1.000000 0.000000 0.100000 0.100000 120.000000 0.000000 -32803.742054 128.486017 7.014676
1 300.000000 1.000000 0.000000 0.100000 0.100000 120.000000 0.000000 -32906.907384 133.817487 6.327762
1 300.000000 1.000000 0.000000 0.100000 0.100000 120.000000 0.000000 -32779.518962 135.004103 7.389815
1 300.000000 1.000000 0.000000 0.100000 0.100000 120.000000 0.000000 -32734.810362 122.066704 6.449592
1 300.000000 1.000000 0.000000 0.100000 0.100000 120.000000 0.000000 -32896.106545 133.945957 6.421310
1 300.000000 1.000000 0.000000 0.100000 0.100000 120.000000 0.000000 -32819.470371 132.054164 6.505459
1 300.000000 1.000000 0.000000 0.100000 0.100000 120.000000 0.000000 -32707.887888 130.436162 6.586562
1 300.000000 1.000000 0.000000 0.100000 0.100000 120.000000 0.000000 -32748.938467 134.640233 8.249267
2 300.000000 1.000000 0.000000 0.200000 0.100000 110.000000 0.000000 -32972.759374 110.159235 3.313031
2 300.000000 1.000000 0.000000 0.200000 0.100000 110.000000 0.000000 -32821.160036 128.160603 7.011080
2 300.000000 1.000000 0.000000 0.200000 0.100000 110.000000 0.000000 -32786.381094 128.450095 6.893913
2 300.000000 1.000000 0.000000 0.200000 0.100000 110.000000 0.000000 -32808.353099 94.281358 8.213716
2 300.000000 1.000000 0.000000 0.200000 0.100000 110.000000 0.000000 -32910.496953 103.437205 2.341928
2 300.000000 1.000000 0.000000 0.200000 0.100000 110.000000 0.000000 -32812.605156 100.765989 6.448153
2 300.000000 1.000000 0.000000 0.200000 0.100000 110.000000 0.000000 -32885.540325 73.029309 6.402166
4 300.000000 1.000000 0.000000 0.400000 0.100000 90.000000 0.000000 -32888.144458 60.547076 8.253074
4 300.000000 1.000000 0.000000 0.400000 0.100000 90.000000 0.000000 -32709.871183 58.336754 6.767984
2 300.000000 1.000000 0.000000 0.200000 0.100000 110.000000 0.000000 -32903.427052 80.885760 6.526072
2 300.000000 1.000000 0.000000 0.200000 0.100000 110.000000 0.000000 -32843.095073 78.738446 7.850760
2 300.000000 1.000000 0.000000 0.200000 0.100000 110.000000 0.000000 -32853.087313 133.086603 6.412000
1 300.000000 1.000000 0.000000 0.100000 0.100000 120.000000 0.000000 -32895.293436 138.114440 8.143926
1 300.000000 1.000000 0.000000 0.100000 0.100000 120.000000 0.000000 -32840.604688 143.272899 8.083921
0 300.000000 1.000000 0.000000 0.000000 0.100000 130.000000 0.000000 -32915.067130 184.816726 6.448200
0 300.000000 1.000000 0.000000 0.000000 0.100000 130.000000 0.000000 -32958.606983 182.563422 8.137641
0 300.000000 1.000000 0.000000 0.000000 0.100000 130.000000 0.000000 -32803.439845 155.925908 8.191261
0 300.000000 1.000000 0.000000 0.000000 0.100000 130.000000 0.000000 -32902.804797 185.202640 6.309227
0 300.000000 1.000000 0.000000 0.000000 0.100000 130.000000 0.000000 -32809.592445 152.577815 8.148628
1 300.000000 1.000000 0.000000 0.100000 0.100000 120.000000 0.000000 -32866.563790 144.388034 1.439064
1 300.000000 1.000000 0.000000 0.100000 0.100000 120.000000 0.000000 -32878.145480 147.306122 6.878168
1 300.000000 1.000000 0.000000 0.100000 0.100000 120.000000 0.000000 -32961.286551 133.618382 6.522258
1 300.000000 1.000000 0.000000 0.100000 0.100000 120.000000 0.000000 -32809.617678 138.578334 7.526962
1 300.000000 1.000000 0.000000 0.100000 0.100000 120.000000 0.000000 -32795.465371 135.135281 6.422519
1 300.000000 1.000000 0.000000 0.100000 0.100000 120.000000 0.000000 -32755.353867 132.346618 6.391722
1 300.000000 1.000000 0.000000 0.100000 0.100000 120.000000 0.000000 -32895.924987 138.961398 7.628702
1 300.000000 1.000000 0.000000 0.100000 0.100000 120.000000 0.000000 -32895.773245 157.357565 7.249732
0 300.000000 1.000000 0.000000 0.000000 0.100000 130.000000 0.000000 -32912.862598 175.455377 8.143106
0 300.000000 1.000000 0.000000 0.000000 0.100000 130.000000 0.000000 -33067.927834 193.548820 7.885272
0 300.000000 1.000000 0.000000 0.000000 0.100000 130.000000 0.000000 -32775.988719 185.874630 8.220866
0 300.000000 1.000000 0.000000 0.000000 0.100000 130.000000 0.000000 -32867.926647 188.973321 6.502432
0 300.000000 1.000000 0.000000 0.000000 0.100000 130.000000 0.000000 -32750.360415 175.848384 5.371140
0 300.000000 1.000000 0.000000 0.000000 0.100000 130.000000 0.000000 -32854.982586 184.500350 7.519876
0 300.000000 1.000000 0.000000 0.000000 0.100000 130.000000 0.000000 -32847.685343 195.684684 6.633649
0 300.000000 1.000000 0.000000 0.000000 0.100000 130.000000 0.000000 -32833.330013 179.043873 6.414366
0 300.000000 1.000000 0.000000 0.000000 0.100000 130.000000 0.000000 -32892.205195 168.969164 1.380304
0 300.000000 1.000000 0.000000 0.000000 0.100000 130.000000 0.000000 -33013.596703 166.307926 6.529553
0 300.000000 1.000000 0.000000 0.000000 0.100000 130.000000 0.000000 -32973.008441 152.521252 6.594755
1 300.000000 1.000000 0.000000 0.100000 0.100000 120.000000 0.000000 -32792.463046 133.315725 8.233252
0 300.000000 1.000000 0.000000 0.000000 0.100000 130.000000 0.000000 -32808.120292 159.790729 4.581152
0 300.000000 1.000000 0.000000 0.000000 0.100000 130.000000 0.000000 -32855.256996 162.702862 4.758144
0 300.000000 1.000000 0.000000 0.000000 0.100000 130.000000 0.000000 -32925.467752 189.555401 6.113634
0 300.000000 1.000000 0.000000 0.000000 0.100000 130.000000 0.000000 -32884.094545 174.010682 6.778696
0 300.000000 1.000000 0.000000 0.000000 0.100000 130.000000 0.000000 -32821.661107 180.243692 6.004331
0 300.000000 1.000000 0.000000 0.000000 0.100000 130.000000 0.000000 -32878.810674 177.931791 5.015318
0 300.000000 1.000000 0.000000 0.000000 0.100000 130.000000 0.000000 -32944.929429 182.631807 6.390450
0 300.000000 1.000000 0.000000 0.000000 0.100000 130.000000 0.000000 -32853.906480 162.222611 5.282122
1 300.000000 1.000000 0.000000 0.100000 0.100000 120.000000 0.000000 -32819.439178 157.632623 3.162330
1 300.000000 1.000000 0.000000 0.100000 0.100000 120.000000 0.000000 -32764.865655 141.266851 5.154678
1 300.000000 1.000000 0.000000 0.100000 0.100000 120.000000 0.000000 -32806.154077 145.303331 8.266949
1 300.000000 1.000000 0.000000 0.100000 0.100000 120.000000 0.000000 -32918.003157 139.501131 6.068128
1 300.000000 1.000000 0.000000 0.100000 0.100000 120.000000 0.000000 -32743.106848 127.956656 1.496282
2 300.000000 1.000000 0.000000 0.200000 0.100000 110.000000 0.000000 -32796.688203 123.170453 5.888462
2 300.000000 1.000000 0.000000 0.200000 0.100000 110.000000 0.000000 -32750.612546 124.717043 7.978247
2 300.000000 1.000000 0.000000 0.200000 0.100000 110.000000 0.000000 -32742.010261 42.205540 6.597230
5 300.000000 1.000000 0.000000 0.500000 0.100000 80.000000 0.000000 -32891.634148 63.311809 3.274968
2 300.000000 1.000000 0.000000 0.200000 0.100000 110.000000 0.000000 -32810.783743 91.441204 1.650310
2 300.000000 1.000000 0.000000 0.200000 0.100000 110.000000 0.000000 -32775.554838 134.500053 2.321748
2 300.000000 1.000000 0.000000 0.200000 0.100000 110.000000 0.000000 -32866.657153 131.130128 3.154719
1 300.000000 1.000000 0.000000 0.100000 0.100000 120.000000 0.000000 -32921.676169 138.613910 1.148959
1 300.000000 1.000000 0.000000 0.100000 0.100000 120.000000 0.000000 -33000.026344 132.360771 7.850654
1 300.000000 1.000000 0.000000 0.100000 0.100000 120.000000 0.000000 -33070.742233 131.641164 8.109801
2 300.000000 1.000000 0.000000 0.200000 0.100000 110.000000 0.000000 -32940.886239 120.695004 1.436653
2 300.000000 1.000000 0.000000 0.200000 0.100000 110.000000 0.000000 -32880.194248 123.194205 6.748692
2 300.000000 1.000000 0.000000 0.200000 0.100000 110.000000 0.000000 -32836.788589 94.967270 3.612574
2 300.000000 1.000000 0.000000 0.200000 0.100000 110.000000 0.000000 -32785.188692 120.543440 1.234696
2 300.000000 1.000000 0.000000 0.200000 0.100000 110.000000 0.000000 -32737.349219 87.002866 5.375387
3 300.000000 1.000000 0.000000 0.300000 0.100000 100.000000 0.000000 -32755.624830 92.094253 6.467851
3 300.000000 1.000000 0.000000 0.300000 0.100000 100.000000 0.000000 -32779.186011 33.258341 7.290946
5 300.000000 1.000000 0.000000 0.500000 0.100000 80.000000 0.000000 -32846.245398 69.099038 3.864761
4 300.000000 1.000000 0.000000 0.400000 0.100000 90.000000 0.000000 -32910.580429 71.775477 5.261306
4 300.000000 1.000000 0.000000 0.400000 0.100000 90.000000 0.000000 -32661.946017 60.535142 6.739529
4 300.000000 1.000000 0.000000 0.400000 0.100000 90.000000 0.000000 -32734.809058 35.393491 6.497559
4 300.000000 1.000000 0.000000 0.400000 0.100000 90.000000 0.000000 -32851.020048 63.114041 6.960008
3 300.000000 1.000000 0.000000 0.300000 0.100000 100.000000 0.000000 -32884.120437 70.236313 6.439196
3 300.000000 1.000000 0.000000 0.300000 0.100000 100.000000 0.000000 -32909.169633 45.861850 6.489519
5 300.000000 1.000000 0.000000 0.500000 0.100000 80.000000 0.000000 -32839.848200 30.771258 7.686641
4 300.000000 1.000000 0.000000 0.400000 0.100000 90.000000 0.000000 -32927.371986 15.302559 7.286232
7 300.000000 1.000000 0.200000 0.500000 0.100000 60.000000 0.000000 -32821.649191 14.982384 6.520775
7 300.000000 1.000000 0.200000 0.500000 0.100000 60.000000 0.000000 -32859.979676 27.632072 6.448106
6 300.000000 1.000000 0.100000 0.500000 0.100000 70.000000 0.000000 -32819.952936 8.215650 7.791717
6 300.000000 1.000000 0.100000 0.500000 0.100000 70.000000 0.000000 -32909.406702 21.200090 8.197545
6 300.000000 1.000000 0.100000 0.500000 0.100000 70.000000 0.000000 -32868.276499 18.503569 7.520486
6 300.000000 1.000000 0.100000 0.500000 0.100000 70.000000 0.000000 -32683.400585 25.412166 8.191444
7 300.000000 1.000000 0.200000 0.500000 0.100000 60.000000 0.000000 -32838.892026 15.920040 8.069296
7 300.000000 1.000000 0.200000 0.500000 0.100000 60.000000 0.000000 -33006.999808 26.692222 6.768288
5 300.000000 1.000000 0.000000 0.500000 0.100000 80.000000 0.000000 -32804.960679 54.106639 6.679167
3 300.000000 1.000000 0.000000 0.300000 0.100000 100.000000 0.000000 -32720.613221 72.034932 7.391104
2 300.000000 1.000000 0.000000 0.200000 0.100000 110.000000 0.000000 -32758.411241 114.484815 6.543184
2 300.000000 1.000000 0.000000 0.200000 0.100000 110.000000 0.000000 -32812.287236 72.556059 7.529925
2 300.000000 1.000000 0.000000 0.200000 0.100000 110.000000 0.000000 -32834.914166 59.784786 6.449164
2 300.000000 1.000000 0.000000 0.200000 0.100000 110.000000 0.000000 -32964.369258 120.436895 7.400098
2 300.000000 1.000000 0.000000 0.200000 0.100000 110.000000 0.000000 -32865.353964 75.683812 0.992713
2 300.000000 1.000000 0.000000 0.200000 0.100000 110.000000 0.000000 -32879.098059 112.493780 8.124884
2 300.000000 1.000000 0.000000 0.200000 0.100000 110.000000 0.000000 -32929.069187 43.541599 5.088770
3 300.000000 1.000000 0.000000 0.300000 0.100000 100.000000 0.000000 -32920.117684 66.550816 5.842328
3 300.000000 1.000000 0.000000 0.300000 0.100000 100.000000 0.000000 -32914.393616 40.463483 6.713560
4 300.000000 1.000000 0.000000 0.400000 0.100000 90.000000 0.000000 -32943.750857 55.271150 7.639283
5 300.000000 1.000000 0.000000 0.500000 0.100000 80.000000 0.000000 -32863.632653 59.555579 6.600258
4 300.000000 1.000000 0.000000 0.400000 0.100000 90.000000 0.000000 -32856.273201 55.014826 7.637080
4 300.000000 1.000000 0.000000 0.400000 0.100000 90.000000 0.000000 -32910.204596 62.807821 6.756875
3 300.000000 1.000000 0.000000 0.300000 0.100000 100.000000 0.000000 -32825.593073 39.379072 7.140559
6 300.000000 1.000000 0.100000 0.500000 0.100000 70.000000 0.000000 -32803.881280 12.732078 7.468596
7 300.000000 1.000000 0.200000 0.500000 0.100000 60.000000 0.000000 -32798.778350 7.109342 6.499168
8 300.000000 1.000000 0.300000 0.500000 0.100000 50.000000 0.000000 -32747.230510 6.599599 6.844764
7 300.000000 1.000000 0.200000 0.500000 0.100000 60.000000 0.000000 -32899.985899 5.310854 6.457013
9 300.000000 1.000000 0.400000 0.500000 0.100000 40.000000 0.000000 -32793.068616 5.817737 6.539173
8 300.000000 1.000000 0.300000 0.500000 0.100000 50.000000 0.000000 -32959.565319 5.610439 6.516614
10 300.000000 1.000000 0.500000 0.500000 0.100000 30.000000 0.000000 -32756.903024 2.090178 6.821651
11 300.000000 -1.000000 0.500000 0.500000 0.100000 30.000000 0.000000 -32882.844438 -0.594031 7.556989
10 300.000000 1.000000 0.500000 0.500000 0.100000 30.000000 0.000000 -32912.204249 -2.664698 6.406450
12 300.000000 -1.000000 0.400000 0.500000 0.100000 40.000000 0.000000 -32947.127561 6.733922 6.730393
13 300.000000 -1.000000 0.300000 0.500000 0.100000 50.000000 0.000000 -32849.521675 2.997708 8.139364
13 300.000000 -1.000000 0.300000 0.500000 0.100000 50.000000 0.000000 -32888.781362 7.632556 7.256569
14 300.000000 -1.000000 0.200000 0.500000 0.100000 60.000000 0.000000 -32945.280601 3.430350 6.691166
13 300.000000 -1.000000 0.300000 0.500000 0.100000 50.000000 0.000000 -33089.948159 4.043008 7.103820
14 300.000000 -1.000000 0.200000 0.500000 0.100000 60.000000 0.000000 -32823.228405 13.937440 7.506960
12 300.000000 -1.000000 0.400000 0.500000 0.100000 40.000000 0.000000 -32789.876231 0.957637 7.178395
12 300.000000 -1.000000 0.400000 0.500000 0.100000 40.000000 0.000000 -32804.524643 7.414294 8.246976
12 300.000000 -1.000000 0.400000 0.500000 0.100000 40.000000 0.000000 -32890.007135 4.258719 7.688966
8 300.000000 1.000000 0.300000 0.500000 0.100000 50.000000 0.000000 -32745.222336 4.075528 8.010288
9 300.000000 1.000000 0.400000 0.500000 0.100000 40.000000 0.000000 -32811.603895 -5.847605 7.454351
11 300.000000 -1.000000 0.500000 0.500000 0.100000 30.000000 0.000000 -32922.564640 -0.309138 6.890154
12 300.000000 -1.000000 0.400000 0.500000 0.100000 40.000000 0.000000 -32898.833133 7.543600 7.276575
7 300.000000 1.000000 0.200000 0.500000 0.100000 60.000000 0.000000 -32863.618345 8.312810 6.454348
