300.000000 0.000000 0.000000 0.000000 0.000000 0.000000 0.000000 -37096.239637 834.507101
300.000000 0.002000 0.002000 0.002000 0.000000 0.000000 0.000000 -37137.398179 758.275821
300.000000 0.004000 0.004000 0.004000 0.000000 0.000000 0.000000 -37217.215166 728.769912
300.000000 0.006000 0.006000 0.006000 0.000000 0.000000 0.000000 -37160.705791 698.486564
300.000000 0.008000 0.008000 0.008000 0.000000 0.000000 0.000000 -37046.508958 635.798114
300.000000 0.010000 0.010000 0.010000 0.000000 0.000000 0.000000 -37172.418455 175.212108
300.000000 0.012000 0.012000 0.012000 0.000000 0.000000 0.000000 -37173.402892 312.710392
300.000000 0.014000 0.014000 0.014000 0.000000 0.000000 0.000000 -37226.460701 83.316058
300.000000 0.016000 0.016000 0.016000 0.000000 0.000000 0.000000 -37271.196347 138.347211
300.000000 0.018000 0.018000 0.018000 0.000000 0.000000 0.000000 -37131.246935 56.186607
300.000000 0.020000 0.020000 0.020000 0.000000 0.000000 0.000000 -37175.207566 168.128280
300.000000 0.022000 0.022000 0.022000 0.000000 0.000000 0.000000 -37177.438701 99.518361
300.000000 0.024000 0.024000 0.024000 0.000000 0.000000 0.000000 -37179.184999 92.442013
300.000000 0.026000 0.026000 0.026000 0.000000 0.000000 0.000000 -37113.920699 150.466421
300.000000 0.028000 0.028000 0.028000 0.000000 0.000000 0.000000 -37112.686998 88.076699
300.000000 0.030000 0.030000 0.030000 0.000000 0.000000 0.000000 -37203.603703 76.112273
300.000000 0.032000 0.032000 0.032000 0.000000 0.000000 0.000000 -37259.075347 94.762748
300.000000 0.034000 0.034000 0.034000 0.000000 0.000000 0.000000 -37179.517714 75.545805
300.000000 0.036000 0.036000 0.036000 0.000000 0.000000 0.000000 -37167.106036 92.243486
300.000000 0.038000 0.038000 0.038000 0.000000 0.000000 0.000000 -37222.619773 103.940255
300.000000 0.040000 0.040000 0.040000 0.000000 0.000000 0.000000 -37152.396512 78.157674
300.000000 0.042000 0.042000 0.042000 0.000000 0.000000 0.000000 -37282.970849 53.674123
300.000000 0.044000 0.044000 0.044000 0.000000 0.000000 0.000000 -37233.159900 76.180412
300.000000 0.046000 0.046000 0.046000 0.000000 0.000000 0.000000 -37154.396580 48.305372
300.000000 0.048000 0.048000 0.048000 0.000000 0.000000 0.000000 -37153.167181 62.018494
300.000000 0.050000 0.050000 0.050000 0.000000 0.000000 0.000000 -37175.194762 46.040740
300.000000 0.052000 0.052000 0.052000 0.000000 0.000000 0.000000 -37127.459334 49.223630
300.000000 0.054000 0.054000 0.054000 0.000000 0.000000 0.000000 -37160.020174 58.009903
300.000000 0.056000 0.056000 0.056000 0.000000 0.000000 0.000000 -37122.758233 54.919690
300.000000 0.058000 0.058000 0.058000 0.000000 0.000000 0.000000 -37148.676038 22.689214
300.000000 0.060000 0.060000 0.060000 0.000000 0.000000 0.000000 -37263.236636 43.649244
300.000000 0.062000 0.062000 0.062000 0.000000 0.000000 0.000000 -37192.736332 51.625741
300.000000 0.064000 0.064000 0.064000 0.000000 0.000000 0.000000 -37189.600713 65.074849
300.000000 0.066000 0.066000 0.066000 0.000000 0.000000 0.000000 -37299.631474 33.905384
300.000000 0.068000 0.068000 0.068000 0.000000 0.000000 0.000000 -37172.539789 31.015077
300.000000 0.070000 0.070000 0.070000 0.000000 0.000000 0.000000 -37237.473249 93.290022
300.000000 0.072000 0.072000 0.072000 0.000000 0.000000 0.000000 -37178.895099 48.807774
300.000000 0.074000 0.074000 0.074000 0.000000 0.000000 0.000000 -37128.862036 92.880256
300.000000 0.076000 0.076000 0.076000 0.000000 0.000000 0.000000 -37187.127000 68.681060
300.000000 0.078000 0.078000 0.078000 0.000000 0.000000 0.000000 -37172.295307 46.722720
300.000000 0.080000 0.080000 0.080000 0.000000 0.000000 0.000000 -37215.246734 38.467600
300.000000 0.082000 0.082000 0.082000 0.000000 0.000000 0.000000 -37240.866125 35.402564
300.000000 0.084000 0.084000 0.084000 0.000000 0.000000 0.000000 -37187.821237 43.740403
300.000000 0.086000 0.086000 0.086000 0.000000 0.000000 0.000000 -37136.856780 57.523427
300.000000 0.088000 0.088000 0.088000 0.000000 0.000000 0.000000 -37359.673384 32.204356
300.000000 0.090000 0.090000 0.090000 0.000000 0.000000 0.000000 -37205.940801 48.670315
300.000000 0.092000 0.092000 0.092000 0.000000 0.000000 0.000000 -37347.455729 48.114551
300.000000 0.094000 0.094000 0.094000 0.000000 0.000000 0.000000 -37244.916733 61.880663
300.000000 0.096000 0.096000 0.096000 0.000000 0.000000 0.000000 -37258.629647 28.650867
300.000000 0.098000 0.098000 0.098000 0.000000 0.000000 0.000000 -37092.386813 64.826283
300.000000 0.100000 0.100000 0.100000 0.000000 0.000000 0.000000 -37249.942896 44.162277
300.000000 0.102000 0.102000 0.102000 0.000000 0.000000 0.000000 -37298.130920 58.722729
300.000000 0.104000 0.104000 0.104000 0.000000 0.000000 0.000000 -37156.877009 26.169908
300.000000 0.106000 0.106000 0.106000 0.000000 0.000000 0.000000 -37163.611380 19.876946
300.000000 0.108000 0.108000 0.108000 0.000000 0.000000 0.000000 -37248.249552 50.621422
300.000000 0.110000 0.110000 0.110000 0.000000 0.000000 0.000000 -37116.644439 25.548930
300.000000 0.112000 0.112000 0.112000 0.000000 0.000000 0.000000 -37256.480563 27.901937
300.000000 0.114000 0.114000 0.114000 0.000000 0.000000 0.000000 -37207.269973 24.605722
300.000000 0.116000 0.116000 0.116000 0.000000 0.000000 0.000000 -37129.901468 40.285481
300.000000 0.118000 0.118000 0.118000 0.000000 0.000000 0.000000 -37176.395286 27.949832
300.000000 0.120000 0.120000 0.120000 0.000000 0.000000 0.000000 -37156.955365 43.999556
300.000000 0.122000 0.122000 0.122000 0.000000 0.000000 0.000000 -37139.230431 24.671823
300.000000 0.124000 0.124000 0.124000 0.000000 0.000000 0.000000 -37173.308632 27.602024
300.000000 0.126000 0.126000 0.126000 0.000000 0.000000 0.000000 -37216.351152 33.502078
300.000000 0.128000 0.128000 0.128000 0.000000 0.000000 0.000000 -37280.516492 27.669414
300.000000 0.130000 0.130000 0.130000 0.000000 0.000000 0.000000 -37282.854069 54.483865
300.000000 0.132000 0.132000 0.132000 0.000000 0.000000 0.000000 -37294.655515 43.703361
300.000000 0.134000 0.134000 0.134000 0.000000 0.000000 0.000000 -37214.476511 22.050565
300.000000 0.136000 0.136000 0.136000 0.000000 0.000000 0.000000 -37216.988062 33.708610
300.000000 0.138000 0.138000 0.138000 0.000000 0.000000 0.000000 -37250.574886 25.765491
300.000000 0.140000 0.140000 0.140000 0.000000 0.000000 0.000000 -37046.691334 27.055952
300.000000 0.142000 0.142000 0.142000 0.000000 0.000000 0.000000 -37131.112104 27.152042
300.000000 0.144000 0.144000 0.144000 0.000000 0.000000 0.000000 -37018.663640 33.732187
300.000000 0.146000 0.146000 0.146000 0.000000 0.000000 0.000000 -37083.014099 18.989416
300.000000 0.148000 0.148000 0.148000 0.000000 0.000000 0.000000 -37122.659880 23.715253
300.000000 0.150000 0.150000 0.150000 0.000000 0.000000 0.000000 -37114.357047 37.235923
300.000000 0.152000 0.152000 0.152000 0.000000 0.000000 0.000000 -37131.886204 46.038778
300.000000 0.154000 0.154000 0.154000 0.000000 0.000000 0.000000 -36965.764476 39.688772
300.000000 0.156000 0.156000 0.156000 0.000000 0.000000 0.000000 -37134.795215 31.187426
300.000000 0.158000 0.158000 0.158000 0.000000 0.000000 0.000000 -37037.342682 27.652363
300.000000 0.160000 0.160000 0.160000 0.000000 0.000000 0.000000 -37205.322781 38.421619
300.000000 0.162000 0.162000 0.162000 0.000000 0.000000 0.000000 -37103.939983 25.642985
300.000000 0.164000 0.164000 0.164000 0.000000 0.000000 0.000000 -37207.877272 36.056753
300.000000 0.166000 0.166000 0.166000 0.000000 0.000000 0.000000 -37020.325103 29.921868
300.000000 0.168000 0.168000 0.168000 0.000000 0.000000 0.000000 -37066.623057 22.306651
300.000000 0.170000 0.170000 0.170000 0.000000 0.000000 0.000000 -37167.428667 13.945224
300.000000 0.172000 0.172000 0.172000 0.000000 0.000000 0.000000 -37232.750003 23.836042
300.000000 0.174000 0.174000 0.174000 0.000000 0.000000 0.000000 -37202.935775 18.072926
300.000000 0.176000 0.176000 0.176000 0.000000 0.000000 0.000000 -37240.462422 33.757466
300.000000 0.178000 0.178000 0.178000 0.000000 0.000000 0.000000 -37294.324624 26.874506
300.000000 0.180000 0.180000 0.180000 0.000000 0.000000 0.000000 -37463.713164 15.796482
300.000000 0.182000 0.182000 0.182000 0.000000 0.000000 0.000000 -37231.732330 26.978274
300.000000 0.184000 0.184000 0.184000 0.000000 0.000000 0.000000 -37319.772107 13.312710
300.000000 0.186000 0.186000 0.186000 0.000000 0.000000 0.000000 -37434.248745 8.881415
300.000000 0.188000 0.188000 0.188000 0.000000 0.000000 0.000000 -37263.491498 20.722183
300.000000 0.190000 0.190000 0.190000 0.000000 0.000000 0.000000 -37225.861295 21.722080
300.000000 0.192000 0.192000 0.192000 0.000000 0.000000 0.000000 -37272.379264 26.252987
300.000000 0.194000 0.194000 0.194000 0.000000 0.000000 0.000000 -37157.557467 31.082722
300.000000 0.196000 0.196000 0.196000 0.000000 0.000000 0.000000 -37243.583167 23.164666
300.000000 0.198000 0.198000 0.198000 0.000000 0.000000 0.000000 -37222.743197 27.793660
300.000000 0.200000 0.200000 0.200000 0.000000 0.000000 0.000000 -37085.956600 26.581942
300.000000 0.202000 0.202000 0.202000 0.000000 0.000000 0.000000 -36983.808673 9.224602
300.000000 0.204000 0.204000 0.204000 0.000000 0.000000 0.000000 -37145.039541 21.745166
300.000000 0.206000 0.206000 0.206000 0.000000 0.000000 0.000000 -37083.886531 26.093497
300.000000 0.208000 0.208000 0.208000 0.000000 0.000000 0.000000 -37041.055193 26.437416
300.000000 0.210000 0.210000 0.210000 0.000000 0.000000 0.000000 -37100.858441 12.688047
300.000000 0.212000 0.212000 0.212000 0.000000 0.000000 0.000000 -37132.605776 11.105596
300.000000 0.214000 0.214000 0.214000 0.000000 0.000000 0.000000 -37157.414708 18.183290
300.000000 0.216000 0.216000 0.216000 0.000000 0.000000 0.000000 -37257.445666 25.805575
300.000000 0.218000 0.218000 0.218000 0.000000 0.000000 0.000000 -37265.283173 19.803538
300.000000 0.220000 0.220000 0.220000 0.000000 0.000000 0.000000 -37192.872226 22.504951
300.000000 0.222000 0.222000 0.222000 0.000000 0.000000 0.000000 -37085.877241 11.828231
300.000000 0.224000 0.224000 0.224000 0.000000 0.000000 0.000000 -37097.537479 14.257556
300.000000 0.226000 0.226000 0.226000 0.000000 0.000000 0.000000 -37204.017100 20.260119
300.000000 0.228000 0.228000 0.228000 0.000000 0.000000 0.000000 -37189.440312 11.799208
300.000000 0.230000 0.230000 0.230000 0.000000 0.000000 0.000000 -37132.451485 28.752555
300.000000 0.232000 0.232000 0.232000 0.000000 0.000000 0.000000 -37177.508144 20.701091
300.000000 0.234000 0.234000 0.234000 0.000000 0.000000 0.000000 -37018.746545 6.937543
300.000000 0.236000 0.236000 0.236000 0.000000 0.000000 0.000000 -37224.862027 28.159721
300.000000 0.238000 0.238000 0.238000 0.000000 0.000000 0.000000 -37323.736044 14.618105
300.000000 0.240000 0.240000 0.240000 0.000000 0.000000 0.000000 -37142.186348 16.079074
300.000000 0.242000 0.242000 0.242000 0.000000 0.000000 0.000000 -37175.636393 23.692400
300.000000 0.244000 0.244000 0.244000 0.000000 0.000000 0.000000 -37215.490257 6.113248
300.000000 0.246000 0.246000 0.246000 0.000000 0.000000 0.000000 -37138.695527 35.492879
300.000000 0.248000 0.248000 0.248000 0.000000 0.000000 0.000000 -37176.293787 13.643416
300.000000 0.250000 0.250000 0.250000 0.000000 0.000000 0.000000 -37225.314036 7.658765
300.000000 0.252000 0.252000 0.252000 0.000000 0.000000 0.000000 -37245.337733 13.917808
300.000000 0.254000 0.254000 0.254000 0.000000 0.000000 0.000000 -36972.320595 23.935932
300.000000 0.256000 0.256000 0.256000 0.000000 0.000000 0.000000 -37246.947924 15.099672
300.000000 0.258000 0.258000 0.258000 0.000000 0.000000 0.000000 -37163.460415 15.344248
300.000000 0.260000 0.260000 0.260000 0.000000 0.000000 0.000000 -37135.112730 19.292311
300.000000 0.262000 0.262000 0.262000 0.000000 0.000000 0.000000 -37124.802722 14.636206
300.000000 0.264000 0.264000 0.264000 0.000000 0.000000 0.000000 -37061.530514 11.217782
300.000000 0.266000 0.266000 0.266000 0.000000 0.000000 0.000000 -37170.040428 13.759114
300.000000 0.268000 0.268000 0.268000 0.000000 0.000000 0.000000 -37165.009711 6.811508
300.000000 0.270000 0.270000 0.270000 0.000000 0.000000 0.000000 -37151.258935 28.222524
300.000000 0.272000 0.272000 0.272000 0.000000 0.000000 0.000000 -37161.299920 16.862169
300.000000 0.274000 0.274000 0.274000 0.000000 0.000000 0.000000 -36969.355005 19.789270
300.000000 0.276000 0.276000 0.276000 0.000000 0.000000 0.000000 -37159.065601 22.918090
300.000000 0.278000 0.278000 0.278000 0.000000 0.000000 0.000000 -37175.280593 18.484321
300.000000 0.280000 0.280000 0.280000 0.000000 0.000000 0.000000 -37144.447431 28.526823
300.000000 0.282000 0.282000 0.282000 0.000000 0.000000 0.000000 -37216.412456 9.075581
300.000000 0.284000 0.284000 0.284000 0.000000 0.000000 0.000000 -37246.169025 14.610457
300.000000 0.286000 0.286000 0.286000 0.000000 0.000000 0.000000 -37284.129471 31.743324
300.000000 0.288000 0.288000 0.288000 0.000000 0.000000 0.000000 -37139.286697 20.636239
300.000000 0.290000 0.290000 0.290000 0.000000 0.000000 0.000000 -37049.979950 10.574199
300.000000 0.292000 0.292000 0.292000 0.000000 0.000000 0.000000 -37127.753403 16.841276
300.000000 0.294000 0.294000 0.294000 0.000000 0.000000 0.000000 -37045.736637 8.329921
300.000000 0.296000 0.296000 0.296000 0.000000 0.000000 0.000000 -36967.306938 6.085721
300.000000 0.298000 0.298000 0.298000 0.000000 0.000000 0.000000 -37157.605633 13.412007
300.000000 0.300000 0.300000 0.300000 0.000000 0.000000 0.000000 -37124.621694 12.582424
300.000000 0.302000 0.302000 0.302000 0.000000 0.000000 0.000000 -37025.601509 13.270129
300.000000 0.304000 0.304000 0.304000 0.000000 0.000000 0.000000 -37257.037080 3.743235
300.000000 0.306000 0.306000 0.306000 0.000000 0.000000 0.000000 -37200.445381 15.174702
300.000000 0.308000 0.308000 0.308000 0.000000 0.000000 0.000000 -37206.255529 14.117286
300.000000 0.310000 0.310000 0.310000 0.000000 0.000000 0.000000 -37097.205063 13.251902
300.000000 0.312000 0.312000 0.312000 0.000000 0.000000 0.000000 -37118.074798 8.285424
300.000000 0.314000 0.314000 0.314000 0.000000 0.000000 0.000000 -37195.340315 13.882042
300.000000 0.316000 0.316000 0.316000 0.000000 0.000000 0.000000 -37212.231034 17.761752
300.000000 0.318000 0.318000 0.318000 0.000000 0.000000 0.000000 -37139.557141 4.903182
300.000000 0.320000 0.320000 0.320000 0.000000 0.000000 0.000000 -37174.170378 14.097020
300.000000 0.322000 0.322000 0.322000 0.000000 0.000000 0.000000 -37247.405643 5.720621
300.000000 0.324000 0.324000 0.324000 0.000000 0.000000 0.000000 -37297.872010 13.398637
300.000000 0.326000 0.326000 0.326000 0.000000 0.000000 0.000000 -37236.900582 11.862941
300.000000 0.328000 0.328000 0.328000 0.000000 0.000000 0.000000 -37170.712919 7.008455
300.000000 0.330000 0.330000 0.330000 0.000000 0.000000 0.000000 -37231.004336 11.180048
300.000000 0.332000 0.332000 0.332000 0.000000 0.000000 0.000000 -37200.792525 20.488177
300.000000 0.334000 0.334000 0.334000 0.000000 0.000000 0.000000 -37301.115747 15.825636
300.000000 0.336000 0.336000 0.336000 0.000000 0.000000 0.000000 -37162.083656 11.403561
300.000000 0.338000 0.338000 0.338000 0.000000 0.000000 0.000000 -37076.698571 12.605103
300.000000 0.340000 0.340000 0.340000 0.000000 0.000000 0.000000 -37185.728471 21.640455
300.000000 0.342000 0.342000 0.342000 0.000000 0.000000 0.000000 -37253.289817 23.531417
300.000000 0.344000 0.344000 0.344000 0.000000 0.000000 0.000000 -37313.410639 23.965590
300.000000 0.346000 0.346000 0.346000 0.000000 0.000000 0.000000 -37058.827200 21.576782
300.000000 0.348000 0.348000 0.348000 0.000000 0.000000 0.000000 -37160.788512 13.171545
300.000000 0.350000 0.350000 0.350000 0.000000 0.000000 0.000000 -37216.997106 21.097228
300.000000 0.352000 0.352000 0.352000 0.000000 0.000000 0.000000 -37219.080461 9.420729
300.000000 0.354000 0.354000 0.354000 0.000000 0.000000 0.000000 -37120.928249 12.111888
300.000000 0.356000 0.356000 0.356000 0.000000 0.000000 0.000000 -37178.153211 2.301594
300.000000 0.358000 0.358000 0.358000 0.000000 0.000000 0.000000 -37311.761994 9.733865
300.000000 0.360000 0.360000 0.360000 0.000000 0.000000 0.000000 -37185.371789 11.602570
300.000000 0.362000 0.362000 0.362000 0.000000 0.000000 0.000000 -37176.868953 -3.384515
300.000000 0.364000 0.364000 0.364000 0.000000 0.000000 0.000000 -37259.309075 0.429632
300.000000 0.366000 0.366000 0.366000 0.000000 0.000000 0.000000 -37231.740212 12.369460
300.000000 0.368000 0.368000 0.368000 0.000000 0.000000 0.000000 -37306.809827 4.848166
300.000000 0.370000 0.370000 0.370000 0.000000 0.000000 0.000000 -37195.072728 12.839561
300.000000 0.372000 0.372000 0.372000 0.000000 0.000000 0.000000 -37249.633914 19.103944
300.000000 0.374000 0.374000 0.374000 0.000000 0.000000 0.000000 -37223.068281 13.175279
300.000000 0.376000 0.376000 0.376000 0.000000 0.000000 0.000000 -37085.589248 18.085529
300.000000 0.378000 0.378000 0.378000 0.000000 0.000000 0.000000 -37212.673590 12.101601
300.000000 0.380000 0.380000 0.380000 0.000000 0.000000 0.000000 -37247.713680 -0.603246
300.000000 0.382000 0.382000 0.382000 0.000000 0.000000 0.000000 -37166.456566 11.061968
300.000000 0.384000 0.384000 0.384000 0.000000 0.000000 0.000000 -37113.651638 5.155228
300.000000 0.386000 0.386000 0.386000 0.000000 0.000000 0.000000 -37145.264025 -0.514543
300.000000 0.388000 0.388000 0.388000 0.000000 0.000000 0.000000 -37186.116754 1.749182
300.000000 0.390000 0.390000 0.390000 0.000000 0.000000 0.000000 -37066.246863 8.852620
300.000000 0.392000 0.392000 0.392000 0.000000 0.000000 0.000000 -37031.077267 10.372753
300.000000 0.394000 0.394000 0.394000 0.000000 0.000000 0.000000 -37035.862502 7.107756
300.000000 0.396000 0.396000 0.396000 0.000000 0.000000 0.000000 -37138.555707 11.835999
300.000000 0.398000 0.398000 0.398000 0.000000 0.000000 0.000000 -37199.020489 9.069452
300.000000 0.400000 0.400000 0.400000 0.000000 0.000000 0.000000 -37343.398048 15.016654
300.000000 0.402000 0.402000 0.402000 0.000000 0.000000 0.000000 -37214.114802 7.753297
300.000000 0.404000 0.404000 0.404000 0.000000 0.000000 0.000000 -37256.070092 18.966437
300.000000 0.406000 0.406000 0.406000 0.000000 0.000000 0.000000 -37173.797257 0.278425
300.000000 0.408000 0.408000 0.408000 0.000000 0.000000 0.000000 -37119.689751 10.948693
300.000000 0.410000 0.410000 0.410000 0.000000 0.000000 0.000000 -37251.018469 7.607664
300.000000 0.412000 0.412000 0.412000 0.000000 0.000000 0.000000 -37250.406757 8.515983
300.000000 0.414000 0.414000 0.414000 0.000000 0.000000 0.000000 -37228.786849 6.148504
300.000000 0.416000 0.416000 0.416000 0.000000 0.000000 0.000000 -37216.425451 16.804190
300.000000 0.418000 0.418000 0.418000 0.000000 0.000000 0.000000 -37283.319500 4.893427
300.000000 0.420000 0.420000 0.420000 0.000000 0.000000 0.000000 -37053.894332 4.221469
300.000000 0.422000 0.422000 0.422000 0.000000 0.000000 0.000000 -37040.357227 -4.022915
300.000000 0.424000 0.424000 0.424000 0.000000 0.000000 0.000000 -37039.105812 15.196362
300.000000 0.426000 0.426000 0.426000 0.000000 0.000000 0.000000 -37135.595887 13.993236
300.000000 0.428000 0.428000 0.428000 0.000000 0.000000 0.000000 -37121.285877 10.505351
300.000000 0.430000 0.430000 0.430000 0.000000 0.000000 0.000000 -37013.355709 1.683783
300.000000 0.432000 0.432000 0.432000 0.000000 0.000000 0.000000 -37034.814522 2.874371
300.000000 0.434000 0.434000 0.434000 0.000000 0.000000 0.000000 -37115.933607 5.916696
300.000000 0.436000 0.436000 0.436000 0.000000 0.000000 0.000000 -37238.093497 5.314527
300.000000 0.438000 0.438000 0.438000 0.000000 0.000000 0.000000 -37110.233895 0.245449
300.000000 0.440000 0.440000 0.440000 0.000000 0.000000 0.000000 -37189.676010 7.826411
300.000000 0.442000 0.442000 0.442000 0.000000 0.000000 0.000000 -37121.478499 7.879330
300.000000 0.444000 0.444000 0.444000 0.000000 0.000000 0.000000 -37122.740462 -3.649003
300.000000 0.446000 0.446000 0.446000 0.000000 0.000000 0.000000 -37136.511821 5.599061
300.000000 0.448000 0.448000 0.448000 0.000000 0.000000 0.000000 -37237.535391 5.691624
300.000000 0.450000 0.450000 0.450000 0.000000 0.000000 0.000000 -37287.581660 8.818984
300.000000 0.452000 0.452000 0.452000 0.000000 0.000000 0.000000 -37153.206552 19.736087
300.000000 0.454000 0.454000 0.454000 0.000000 0.000000 0.000000 -37174.011037 13.978732
300.000000 0.456000 0.456000 0.456000 0.000000 0.000000 0.000000 -37182.412263 8.637753
300.000000 0.458000 0.458000 0.458000 0.000000 0.000000 0.000000 -37128.381082 2.219654
300.000000 0.460000 0.460000 0.460000 0.000000 0.000000 0.000000 -37030.209275 -2.761638
300.000000 0.462000 0.462000 0.462000 0.000000 0.000000 0.000000 -37020.041287 -3.122024
300.000000 0.464000 0.464000 0.464000 0.000000 0.000000 0.000000 -37093.904221 2.645245
300.000000 0.466000 0.466000 0.466000 0.000000 0.000000 0.000000 -37081.315255 7.500430
300.000000 0.468000 0.468000 0.468000 0.000000 0.000000 0.000000 -37130.012133 6.319907
300.000000 0.470000 0.470000 0.470000 0.000000 0.000000 0.000000 -37029.160196 8.114625
300.000000 0.472000 0.472000 0.472000 0.000000 0.000000 0.000000 -37186.229651 7.808108
300.000000 0.474000 0.474000 0.474000 0.000000 0.000000 0.000000 -37184.603199 -3.854886
300.000000 0.476000 0.476000 0.476000 0.000000 0.000000 0.000000 -37242.516886 6.172483
300.000000 0.478000 0.478000 0.478000 0.000000 0.000000 0.000000 -37221.413432 9.995489
300.000000 0.480000 0.480000 0.480000 0.000000 0.000000 0.000000 -37293.920231 1.444474
300.000000 0.482000 0.482000 0.482000 0.000000 0.000000 0.000000 -37173.765755 3.096141
300.000000 0.484000 0.484000 0.484000 0.000000 0.000000 0.000000 -37222.937875 7.164116
300.000000 0.486000 0.486000 0.486000 0.000000 0.000000 0.000000 -37287.254449 2.895631
300.000000 0.488000 0.488000 0.488000 0.000000 0.000000 0.000000 -37212.103831 2.161510
300.000000 0.490000 0.490000 0.490000 0.000000 0.000000 0.000000 -37070.118699 8.135459
300.000000 0.492000 0.492000 0.492000 0.000000 0.000000 0.000000 -37133.794734 7.886933
300.000000 0.494000 0.494000 0.494000 0.000000 0.000000 0.000000 -37212.503764 7.123137
300.000000 0.496000 0.496000 0.496000 0.000000 0.000000 0.000000 -37101.379268 6.923051
300.000000 0.498000 0.498000 0.498000 0.000000 0.000000 0.000000 -37109.784563 -11.687581
