1 300.000000 1.000000 0.000000 0.100000 0.100000 120.000000 0.000000 -32789.966120 138.293354 7.937610
1 300.000000 1.000000 0.000000 0.100000 0.100000 120.000000 0.000000 -32809.929946 159.342211 6.401666
1 300.000000 1.000000 0.000000 0.100000 0.100000 120.000000 0.000000 -32759.294337 136.473988 6.519376
0 300.000000 1.000000 0.000000 0.000000 0.100000 130.000000 0.000000 -32784.474583 153.588124 6.747501
0 300.000000 1.000000 0.000000 0.000000 0.100000 130.000000 0.000000 -32986.769034 169.589052 7.055308
0 300.000000 1.000000 0.000000 0.000000 0.100000 130.000000 0.000000 -32794.044114 174.811729 7.643375
1 300.000000 1.000000 0.000000 0.100000 0.100000 120.000000 0.000000 -32987.746018 137.029569 6.633963
1 300.000000 1.000000 0.000000 0.100000 0.100000 120.000000 0.000000 -32799.971947 144.411758 7.278578
1 300.000000 1.000000 0.000000 0.100000 0.100000 120.000000 0.000000 -32870.243838 145.659219 7.413822
1 300.000000 1.000000 0.000000 0.100000 0.100000 120.000000 0.000000 -32808.087456 149.291636 7.375901
1 300.000000 1.000000 0.000000 0.100000 0.100000 120.000000 0.000000 -32705.674710 140.936271 5.357815
1 300.000000 1.000000 0.000000 0.100000 0.100000 120.000000 0.000000 -32779.208545 147.727040 8.283227
1 300.000000 1.000000 0.000000 0.100000 0.100000 120.000000 0.000000 -32848.861595 137.450424 8.218716
1 300.000000 1.000000 0.000000 0.100000 0.100000 120.000000 0.000000 -32840.270184 159.601579 6.250680
1 300.000000 1.000000 0.000000 0.100000 0.100000 120.000000 0.000000 -32829.525240 143.732523 4.879348
1 300.000000 1.000000 0.000000 0.100000 0.100000 120.000000 0.000000 -33048.923019 133.798374 8.199550
1 300.000000 1.000000 0.000000 0.100000 0.100000 120.000000 0.000000 -32801.810605 141.853245 8.237142
1 300.000000 1.000000 0.000000 0.100000 0.100000 120.000000 0.000000 -32952.352896 124.051745 6.546634
2 300.000000 1.000000 0.000000 0.200000 0.100000 110.000000 0.000000 -32806.210228 118.137870 6.599636
1 300.000000 1.000000 0.000000 0.100000 0.100000 120.000000 0.000000 -32882.288410 153.051507 6.421250
1 300.000000 1.000000 0.000000 0.100000 0.100000 120.000000 0.000000 -32820.370540 134.890471 6.571026
1 300.000000 1.000000 0.000000 0.100000 0.100000 120.000000 0.000000 -32852.887725 145.117414 6.540570
1 300.000000 1.000000 0.000000 0.100000 0.100000 120.000000 0.000000 -32749.823732 135.870604 5.969202
2 300.000000 1.000000 0.000000 0.200000 0.100000 110.000000 0.000000 -32889.824398 86.218212 8.046856
2 300.000000 1.000000 0.000000 0.200000 0.100000 110.000000 0.000000 -32895.118360 86.091887 7.168585
2 300.000000 1.000000 0.000000 0.200000 0.100000 110.000000 0.000000 -32967.783536 87.070296 6.400072
3 300.000000 1.000000 0.000000 0.300000 0.100000 100.000000 0.000000 -32787.659186 71.939397 6.717099
3 300.000000 1.000000 0.000000 0.300000 0.100000 100.000000 0.000000 -32759.085341 70.681523 6.776314
3 300.000000 1.000000 0.000000 0.300000 0.100000 100.000000 0.000000 -32827.754133 83.385893 6.809265
3 300.000000 1.000000 0.000000 0.300000 0.100000 100.000000 0.000000 -32929.381583 75.737437 5.946180
4 300.000000 1.000000 0.000000 0.400000 0.100000 90.000000 0.000000 -32997.280577 64.934854 6.874652
5 300.000000 1.000000 0.000000 0.500000 0.100000 80.000000 0.000000 -32842.782245 63.124558 2.693280
3 300.000000 1.000000 0.000000 0.300000 0.100000 100.000000 0.000000 -32849.307450 64.088858 8.263136
5 300.000000 1.000000 0.000000 0.500000 0.100000 80.000000 0.000000 -32862.259690 34.743444 6.573834
6 300.000000 1.000000 0.100000 0.500000 0.100000 70.000000 0.000000 -32850.299795 24.462849 1.007884
6 300.000000 1.000000 0.100000 0.500000 0.100000 70.000000 0.000000 -32809.477267 42.290677 2.506492
6 300.000000 1.000000 0.100000 0.500000 0.100000 70.000000 0.000000 -32812.233567 37.038045 7.256335
6 300.000000 1.000000 0.100000 0.500000 0.100000 70.000000 0.000000 -32871.556026 8.882038 7.122721
9 300.000000 1.000000 0.400000 0.500000 0.100000 40.000000 0.000000 -32909.969489 10.831054 7.928535
6 300.000000 1.000000 0.100000 0.500000 0.100000 70.000000 0.000000 -32826.753155 26.983160 6.674689
6 300.000000 1.000000 0.100000 0.500000 0.100000 70.000000 0.000000 -32806.360123 34.319145 6.389817
6 300.000000 1.000000 0.100000 0.500000 0.100000 70.000000 0.000000 -32796.914585 26.439016 7.256518
5 300.000000 1.000000 0.000000 0.500000 0.100000 80.000000 0.000000 -32865.927660 59.835490 0.846710
4 300.000000 1.000000 0.000000 0.400000 0.100000 90.000000 0.000000 -32861.443098 71.163637 0.883688
3 300.000000 1.000000 0.000000 0.300000 0.100000 100.000000 0.000000 -32839.681228 52.614487 6.452208
6 300.000000 1.000000 0.100000 0.500000 0.100000 70.000000 0.000000 -32812.414100 36.101939 6.793620
6 300.000000 1.000000 0.100000 0.500000 0.100000 70.000000 0.000000 -32733.400659 35.959535 6.712070
6 300.000000 1.000000 0.100000 0.500000 0.100000 70.000000 0.000000 -32904.717820 29.128657 6.400631
6 300.000000 1.000000 0.100000 0.500000 0.100000 70.000000 0.000000 -32776.325913 14.049889 7.253071
7 300.000000 1.000000 0.200000 0.500000 0.100000 60.000000 0.000000 -32904.485499 12.164904 6.650361
14 300.000000 -1.000000 0.200000 0.500000 0.100000 60.000000 0.000000 -32792.209155 29.967109 6.737312
17 300.000000 -1.000000 0.000000 0.400000 0.100000 90.000000 0.000000 -32817.681740 46.089093 6.397186
16 300.000000 -1.000000 0.000000 0.500000 0.100000 80.000000 0.000000 -32748.507807 74.409306 7.590854
18 300.000000 -1.000000 0.000000 0.300000 0.100000 100.000000 0.000000 -32927.383422 74.485500 6.486890
18 300.000000 -1.000000 0.000000 0.300000 0.100000 100.000000 0.000000 -32970.903931 70.622610 6.508221
18 300.000000 -1.000000 0.000000 0.300000 0.100000 100.000000 0.000000 -32812.200602 71.550411 6.393473
18 300.000000 -1.000000 0.000000 0.300000 0.100000 100.000000 0.000000 -32897.678102 77.977145 6.485786
19 300.000000 -1.000000 0.000000 0.200000 0.100000 110.000000 0.000000 -32778.927587 62.189187 7.318683
18 300.000000 -1.000000 0.000000 0.300000 0.100000 100.000000 0.000000 -32784.873006 71.707456 0.010636
16 300.000000 -1.000000 0.000000 0.500000 0.100000 80.000000 0.000000 -32897.043739 59.635817 6.420875
16 300.000000 -1.000000 0.000000 0.500000 0.100000 80.000000 0.000000 -32758.488665 59.972454 6.390244
19 300.000000 -1.000000 0.000000 0.200000 0.100000 110.000000 0.000000 -32720.165522 97.767475 6.845067
18 300.000000 -1.000000 0.000000 0.300000 0.100000 100.000000 0.000000 -32719.089073 76.289338 6.390018
17 300.000000 -1.000000 0.000000 0.400000 0.100000 90.000000 0.000000 -32956.444238 61.031073 7.222908
17 300.000000 -1.000000 0.000000 0.400000 0.100000 90.000000 0.000000 -32761.594489 53.123057 6.634812
17 300.000000 -1.000000 0.000000 0.400000 0.100000 90.000000 0.000000 -32901.514548 69.869338 7.383525
18 300.000000 -1.000000 0.000000 0.300000 0.100000 100.000000 0.000000 -32906.730302 47.730929 6.451386
17 300.000000 -1.000000 0.000000 0.400000 0.100000 90.000000 0.000000 -32775.354508 80.928982 6.610791
19 300.000000 -1.000000 0.000000 0.200000 0.100000 110.000000 0.000000 -32957.283373 82.294957 6.482806
17 300.000000 -1.000000 0.000000 0.400000 0.100000 90.000000 0.000000 -32857.983954 71.775976 7.032566
17 300.000000 -1.000000 0.000000 0.400000 0.100000 90.000000 0.000000 -32872.155147 60.817762 7.582239
17 300.000000 -1.000000 0.000000 0.400000 0.100000 90.000000 0.000000 -32725.463851 66.218249 6.525703
17 300.000000 -1.000000 0.000000 0.400000 0.100000 90.000000 0.000000 -32890.565691 71.987829 6.393515
18 300.000000 -1.000000 0.000000 0.300000 0.100000 100.000000 0.000000 -32824.011812 46.578692 6.473727
17 300.000000 -1.000000 0.000000 0.400000 0.100000 90.000000 0.000000 -32795.488721 71.403012 6.508860
17 300.000000 -1.000000 0.000000 0.400000 0.100000 90.000000 0.000000 -32806.286626 75.940601 7.659185
18 300.000000 -1.000000 0.000000 0.300000 0.100000 100.000000 0.000000 -32818.215559 86.167080 6.884660
18 300.000000 -1.000000 0.000000 0.300000 0.100000 100.000000 0.000000 -32772.844554 31.671048 7.035722
15 300.000000 -1.000000 0.100000 0.500000 0.100000 70.000000 0.000000 -32870.533972 21.127876 6.395789
14 300.000000 -1.000000 0.200000 0.500000 0.100000 60.000000 0.000000 -32834.060391 17.350061 6.413980
15 300.000000 -1.000000 0.100000 0.500000 0.100000 70.000000 0.000000 -32797.821727 22.482962 6.391063
14 300.000000 -1.000000 0.200000 0.500000 0.100000 60.000000 0.000000 -32826.738664 17.804039 8.240304
15 300.000000 -1.000000 0.100000 0.500000 0.100000 70.000000 0.000000 -32876.687712 18.142079 6.910489
15 300.000000 -1.000000 0.100000 0.500000 0.100000 70.000000 0.000000 -32884.177278 28.646710 7.236672
15 300.000000 -1.000000 0.100000 0.500000 0.100000 70.000000 0.000000 -32728.661714 14.396790 8.043463
13 300.000000 -1.000000 0.300000 0.500000 0.100000 50.000000 0.000000 -32883.131104 6.447881 6.459009
14 300.000000 -1.000000 0.200000 0.500000 0.100000 60.000000 0.000000 -32716.472761 9.359288 7.139646
13 300.000000 -1.000000 0.300000 0.500000 0.100000 50.000000 0.000000 -32816.373461 -1.072583 6.462174
12 300.000000 -1.000000 0.400000 0.500000 0.100000 40.000000 0.000000 -32804.428904 5.903463 7.168586
13 300.000000 -1.000000 0.300000 0.500000 0.100000 50.000000 0.000000 -32911.437078 -0.679025 6.463679
11 300.000000 -1.000000 0.500000 0.500000 0.100000 30.000000 0.000000 -32784.436177 6.856103 0.796878
12 300.000000 -1.000000 0.400000 0.500000 0.100000 40.000000 0.000000 -32813.196198 0.499284 7.965548
11 300.000000 -1.000000 0.500000 0.500000 0.100000 30.000000 0.000000 -32799.216050 6.047005 7.901728
9 300.000000 1.000000 0.400000 0.500000 0.100000 40.000000 0.000000 -32799.053281 4.867352 6.990875
9 300.000000 1.000000 0.400000 0.500000 0.100000 40.000000 0.000000 -32846.023261 -4.264023 8.221841
11 300.000000 -1.000000 0.500000 0.500000 0.100000 30.000000 0.000000 -32985.866440 0.790522 6.391686
7 300.000000 1.000000 0.200000 0.500000 0.100000 60.000000 0.000000 -32834.903740 24.907486 7.434936
6 300.000000 1.000000 0.100000 0.500000 0.100000 70.000000 0.000000 -32711.076188 22.321248 7.748762
6 300.000000 1.000000 0.100000 0.500000 0.100000 70.000000 0.000000 -32934.376381 21.745779 7.578151
6 300.000000 1.000000 0.100000 0.500000 0.100000 70.000000 0.000000 -32767.631315 20.964332 7.687464
6 300.000000 1.000000 0.100000 0.500000 0.100000 70.000000 0.000000 -32899.115896 26.084971 7.050530
6 300.000000 1.000000 0.100000 0.500000 0.100000 70.000000 0.000000 -32785.197197 35.279469 7.336156
6 300.000000 1.000000 0.100000 0.500000 0.100000 70.000000 0.000000 -32786.844660 51.970855 6.780868
5 300.000000 1.000000 0.000000 0.500000 0.100000 80.000000 0.000000 -32841.562946 57.988478 6.868927
4 300.000000 1.000000 0.000000 0.400000 0.100000 90.000000 0.000000 -32998.875775 27.283677 7.097010
5 300.000000 1.000000 0.000000 0.500000 0.100000 80.000000 0.000000 -32765.482658 37.239113 7.176811
3 300.000000 1.000000 0.000000 0.300000 0.100000 100.000000 0.000000 -32780.755637 68.060065 6.389712
3 300.000000 1.000000 0.000000 0.300000 0.100000 100.000000 0.000000 -32805.973886 79.815934 6.665973
4 300.000000 1.000000 0.000000 0.400000 0.100000 90.000000 0.000000 -33053.267612 63.721206 6.153641
4 300.000000 1.000000 0.000000 0.400000 0.100000 90.000000 0.000000 -32881.670188 70.079142 2.952887
4 300.000000 1.000000 0.000000 0.400000 0.100000 90.000000 0.000000 -33088.019820 67.153423 2.370229
5 300.000000 1.000000 0.000000 0.500000 0.100000 80.000000 0.000000 -32711.191475 56.966858 8.249245
4 300.000000 1.000000 0.000000 0.400000 0.100000 90.000000 0.000000 -32830.569921 67.978181 8.099045
3 300.000000 1.000000 0.000000 0.300000 0.100000 100.000000 0.000000 -32921.974967 68.011545 6.619613
3 300.000000 1.000000 0.000000 0.300000 0.100000 100.000000 0.000000 -32816.271244 50.890294 6.883045
4 300.000000 1.000000 0.000000 0.400000 0.100000 90.000000 0.000000 -32696.310863 62.524916 6.944975
5 300.000000 1.000000 0.000000 0.500000 0.100000 80.000000 0.000000 -32892.067797 43.950703 6.671149
5 300.000000 1.000000 0.000000 0.500000 0.100000 80.000000 0.000000 -32822.091989 55.790487 7.896264
5 300.000000 1.000000 0.000000 0.500000 0.100000 80.000000 0.000000 -32912.227138 32.228965 6.455740
5 300.000000 1.000000 0.000000 0.500000 0.100000 80.000000 0.000000 -32909.508756 51.042134 6.441478
3 300.000000 1.000000 0.000000 0.300000 0.100000 100.000000 0.000000 -33013.460901 47.555863 7.359578
5 300.000000 1.000000 0.000000 0.500000 0.100000 80.000000 0.000000 -32827.769997 50.604482 8.269426
4 300.000000 1.000000 0.000000 0.400000 0.100000 90.000000 0.000000 -32688.367145 30.794281 8.070434
5 300.000000 1.000000 0.000000 0.500000 0.100000 80.000000 0.000000 -32983.621242 34.065672 6.052178
5 300.000000 1.000000 0.000000 0.500000 0.100000 80.000000 0.000000 -32849.237131 46.620031 8.247963
5 300.000000 1.000000 0.000000 0.500000 0.100000 80.000000 0.000000 -32834.508197 60.691846 0.034008
5 300.000000 1.000000 0.000000 0.500000 0.100000 80.000000 0.000000 -32965.305714 45.824743 7.890337
5 300.000000 1.000000 0.000000 0.500000 0.100000 80.000000 0.000000 -32865.405704 41.825606 3.731410
3 300.000000 1.000000 0.000000 0.300000 0.100000 100.000000 0.000000 -32921.183240 63.783277 8.259720
4 300.000000 1.000000 0.000000 0.400000 0.100000 90.000000 0.000000 -32866.265734 57.753250 0.938146
5 300.000000 1.000000 0.000000 0.500000 0.100000 80.000000 0.000000 -32871.909668 30.754955 8.249804
4 300.000000 1.000000 0.000000 0.400000 0.100000 90.000000 0.000000 -32737.297809 65.789918 7.675497
5 300.000000 1.000000 0.000000 0.500000 0.100000 80.000000 0.000000 -32826.424433 55.539215 7.516301
3 300.000000 1.000000 0.000000 0.300000 0.100000 100.000000 0.000000 -32938.754584 65.509551 6.577709
2 300.000000 1.000000 0.000000 0.200000 0.100000 110.000000 0.000000 -32871.019081 90.222294 8.048609
2 300.000000 1.000000 0.000000 0.200000 0.100000 110.000000 0.000000 -32950.096807 133.424211 5.065769
2 300.000000 1.000000 0.000000 0.200000 0.100000 110.000000 0.000000 -32894.408729 82.518395 6.883049
2 300.000000 1.000000 0.000000 0.200000 0.100000 110.000000 0.000000 -32818.933452 78.926876 6.389995
3 300.000000 1.000000 0.000000 0.300000 0.100000 100.000000 0.000000 -32869.991087 70.217967 6.811535
5 300.000000 1.000000 0.000000 0.500000 0.100000 80.000000 0.000000 -32850.718234 42.640517 6.756263
6 300.000000 1.000000 0.100000 0.500000 0.100000 70.000000 0.000000 -32785.289317 19.187684 7.065454
7 300.000000 1.000000 0.200000 0.500000 0.100000 60.000000 0.000000 -32834.491049 5.939018 7.436022
9 300.000000 1.000000 0.400000 0.500000 0.100000 40.000000 0.000000 -32885.590479 0.277717 6.575277
11 300.000000 -1.000000 0.500000 0.500000 0.100000 30.000000 0.000000 -32777.443473 -4.786021 6.426400
11 300.000000 -1.000000 0.500000 0.500000 0.100000 30.000000 0.000000 -32848.528821 -1.288701 8.274203
9 300.000000 1.000000 0.400000 0.500000 0.100000 40.000000 0.000000 -32838.580988 0.406877 6.389783
9 300.000000 1.000000 0.400000 0.500000 0.100000 40.000000 0.000000 -32886.149067 7.627863 7.402461
6 300.000000 1.000000 0.100000 0.500000 0.100000 70.000000 0.000000 -32819.617457 33.693324 6.415776
6 300.000000 1.000000 0.100000 0.500000 0.100000 70.000000 0.000000 -32796.994052 29.847974 8.226182
6 300.000000 1.000000 0.100000 0.500000 0.100000 70.000000 0.000000 -32914.627211 41.821343 6.558293
6 300.000000 1.000000 0.100000 0.500000 0.100000 70.000000 0.000000 -32742.945708 15.957416 6.643998
6 300.000000 1.000000 0.100000 0.500000 0.100000 70.000000 0.000000 -32961.813239 23.671686 7.120295
5 300.000000 1.000000 0.000000 0.500000 0.100000 80.000000 0.000000 -32997.346553 42.498954 6.452695
5 300.000000 1.000000 0.000000 0.500000 0.100000 80.000000 0.000000 -32877.855309 58.337750 7.290493
4 300.000000 1.000000 0.000000 0.400000 0.100000 90.000000 0.000000 -32834.081562 47.381002 6.425740
5 300.000000 1.000000 0.000000 0.500000 0.100000 80.000000 0.000000 -32873.905238 39.206508 6.406435
6 300.000000 1.000000 0.100000 0.500000 0.100000 70.000000 0.000000 -32810.450017 22.203883 6.398346
8 300.000000 1.000000 0.300000 0.500000 0.100000 50.000000 0.000000 -32822.864118 6.541204 6.982687
9 300.000000 1.000000 0.400000 0.500000 0.100000 40.000000 0.000000 -32745.829251 25.713699 7.337450
6 300.000000 1.000000 0.100000 0.500000 0.100000 70.000000 0.000000 -32846.318645 23.744649 7.354815
6 300.000000 1.000000 0.100000 0.500000 0.100000 70.000000 0.000000 -32890.398548 15.259561 6.458747
6 300.000000 1.000000 0.100000 0.500000 0.100000 70.000000 0.000000 -32919.162133 41.324201 6.433992
6 300.000000 1.000000 0.100000 0.500000 0.100000 70.000000 0.000000 -32752.163755 29.801674 6.857504
6 300.000000 1.000000 0.100000 0.500000 0.100000 70.000000 0.000000 -32847.482943 49.084629 7.793952
6 300.000000 1.000000 0.100000 0.500000 0.100000 70.000000 0.000000 -32878.923438 1.462404 6.806940
9 300.000000 1.000000 0.400000 0.500000 0.100000 40.000000 0.000000 -32845.262649 -3.611389 6.518611
11 300.000000 -1.000000 0.500000 0.500000 0.100000 30.000000 0.000000 -32991.155399 3.181294 6.875484
10 300.000000 1.000000 0.500000 0.500000 0.100000 30.000000 0.000000 -32955.678775 -11.118536 7.372961
11 300.000000 -1.000000 0.500000 0.500000 0.100000 30.000000 0.000000 -32866.772271 3.536739 6.561326
12 300.000000 -1.000000 0.400000 0.500000 0.100000 40.000000 0.000000 -33025.633280 4.002496 6.495218
11 300.000000 -1.000000 0.500000 0.500000 0.100000 30.000000 0.000000 -32839.848580 4.742523 8.030944
10 300.000000 1.000000 0.500000 0.500000 0.100000 30.000000 0.000000 -32798.165156 -3.312229 6.944399
9 300.000000 1.000000 0.400000 0.500000 0.100000 40.000000 0.000000 -32903.630795 21.833325 7.404786
6 300.000000 1.000000 0.100000 0.500000 0.100000 70.000000 0.000000 -32808.651219 43.852383 7.022999
5 300.000000 1.000000 0.000000 0.500000 0.100000 80.000000 0.000000 -32660.023419 46.406382 6.745447
5 300.000000 1.000000 0.000000 0.500000 0.100000 80.000000 0.000000 -32722.249162 59.546526 6.421745
4 300.000000 1.000000 0.000000 0.400000 0.100000 90.000000 0.000000 -32851.524629 50.151585 7.606354
5 300.000000 1.000000 0.000000 0.500000 0.100000 80.000000 0.000000 -32891.544832 26.199145 7.364815
2 300.000000 1.000000 0.000000 0.200000 0.100000 110.000000 0.000000 -32881.189719 116.673219 6.398123
2 300.000000 1.000000 0.000000 0.200000 0.100000 110.000000 0.000000 -33011.470679 138.247803 0.337620
2 300.000000 1.000000 0.000000 0.200000 0.100000 110.000000 0.000000 -32940.596400 130.609628 7.449708
2 300.000000 1.000000 0.000000 0.200000 0.100000 110.000000 0.000000 -32537.576639 135.832389 8.229340
1 300.000000 1.000000 0.000000 0.100000 0.100000 120.000000 0.000000 -32809.810514 136.962305 8.216930
2 300.000000 1.000000 0.000000 0.200000 0.100000 110.000000 0.000000 -32883.134664 131.956383 8.282085
2 300.000000 1.000000 0.000000 0.200000 0.100000 110.000000 0.000000 -32930.208645 117.227219 0.092057
2 300.000000 1.000000 0.000000 0.200000 0.100000 110.000000 0.000000 -32837.257329 117.419872 6.188116
2 300.000000 1.000000 0.000000 0.200000 0.100000 110.000000 0.000000 -32863.821587 116.888368 7.778403
2 300.000000 1.000000 0.000000 0.200000 0.100000 110.000000 0.000000 -32845.255785 103.359821 7.848358
2 300.000000 1.000000 0.000000 0.200000 0.100000 110.000000 0.000000 -32750.602043 109.061913 4.646221
2 300.000000 1.000000 0.000000 0.200000 0.100000 110.000000 0.000000 -32968.084245 100.707045 0.051296
2 300.000000 1.000000 0.000000 0.200000 0.100000 110.000000 0.000000 -32845.078379 128.455044 7.613758
2 300.000000 1.000000 0.000000 0.200000 0.100000 110.000000 0.000000 -32856.310446 71.472268 0.962104
4 300.000000 1.000000 0.000000 0.400000 0.100000 90.000000 0.000000 -32848.332222 58.083292 6.581932
4 300.000000 1.000000 0.000000 0.400000 0.100000 90.000000 0.000000 -32856.878071 62.664784 1.299931
3 300.000000 1.000000 0.000000 0.300000 0.100000 100.000000 0.000000 -32852.024143 88.336733 6.397579
3 300.000000 1.000000 0.000000 0.300000 0.100000 100.000000 0.000000 -32835.483449 65.394130 7.509946
3 300.000000 1.000000 0.000000 0.300000 0.100000 100.000000 0.000000 -32815.194885 62.591367 7.874335
3 300.000000 1.000000 0.000000 0.300000 0.100000 100.000000 0.000000 -32721.971258 48.898670 6.518942
4 300.000000 1.000000 0.000000 0.400000 0.100000 90.000000 0.000000 -32813.764464 69.650381 6.442992
2 300.000000 1.000000 0.000000 0.200000 0.100000 110.000000 0.000000 -32711.306219 117.203921 6.569369
2 300.000000 1.000000 0.000000 0.200000 0.100000 110.000000 0.000000 -32866.693570 127.829833 6.490906
2 300.000000 1.000000 0.000000 0.200000 0.100000 110.000000 0.000000 -32922.926872 81.279158 6.944959
3 300.000000 1.000000 0.000000 0.300000 0.100000 100.000000 0.000000 -32858.531401 88.701626 7.872274
3 300.000000 1.000000 0.000000 0.300000 0.100000 100.000000 0.000000 -32784.132226 57.169455 7.940815
5 300.000000 1.000000 0.000000 0.500000 0.100000 80.000000 0.000000 -32727.152059 51.754614 8.253254
2 300.000000 1.000000 0.000000 0.200000 0.100000 110.000000 0.000000 -32883.378939 133.009320 1.546671
1 300.000000 1.000000 0.000000 0.100000 0.100000 120.000000 0.000000 -32709.534747 113.974895 7.632079
2 300.000000 1.000000 0.000000 0.200000 0.100000 110.000000 0.000000 -32800.578009 90.269427 8.282847
3 300.000000 1.000000 0.000000 0.300000 0.100000 100.000000 0.000000 -32897.977230 67.873111 6.761781
3 300.000000 1.000000 0.000000 0.300000 0.100000 100.000000 0.000000 -32871.856702 53.261600 6.383236
4 300.000000 1.000000 0.000000 0.400000 0.100000 90.000000 0.000000 -32840.022005 68.857482 1.872250
4 300.000000 1.000000 0.000000 0.400000 0.100000 90.000000 0.000000 -32888.997435 63.753091 5.120784
3 300.000000 1.000000 0.000000 0.300000 0.100000 100.000000 0.000000 -32810.048716 91.713938 1.807779
2 300.000000 1.000000 0.000000 0.200000 0.100000 110.000000 0.000000 -32755.645528 52.896140 7.714426
5 300.000000 1.000000 0.000000 0.500000 0.100000 80.000000 0.000000 -32845.230849 55.296591 1.358146
5 300.000000 1.000000 0.000000 0.500000 0.100000 80.000000 0.000000 -32924.461668 48.515940 4.759630
3 300.000000 1.000000 0.000000 0.300000 0.100000 100.000000 0.000000 -32882.567969 67.641950 2.186602
3 300.000000 1.000000 0.000000 0.300000 0.100000 100.000000 0.000000 -32790.925873 55.428967 4.460453
3 300.000000 1.000000 0.000000 0.300000 0.100000 100.000000 0.000000 -32874.317253 73.380980 7.979475
5 300.000000 1.000000 0.000000 0.500000 0.100000 80.000000 0.000000 -32898.450084 69.575106 6.584022
3 300.000000 1.000000 0.000000 0.300000 0.100000 100.000000 0.000000 -32750.021354 78.062287 6.785564
2 300.000000 1.000000 0.000000 0.200000 0.100000 110.000000 0.000000 -32973.817078 74.436313 6.774720
4 300.000000 1.000000 0.000000 0.400000 0.100000 90.000000 0.000000 -32807.552861 46.480752 6.784576
3 300.000000 1.000000 0.000000 0.300000 0.100000 100.000000 0.000000 -32787.498845 90.738984 6.392586
2 300.000000 1.000000 0.000000 0.200000 0.100000 110.000000 0.000000 -32765.832222 121.615241 7.857482
2 300.000000 1.000000 0.000000 0.200000 0.100000 110.000000 0.000000 -32901.000201 79.825042 6.421029
2 300.000000 1.000000 0.000000 0.200000 0.100000 110.000000 0.000000 -32823.640500 128.808089 6.392247
2 300.000000 1.000000 0.000000 0.200000 0.100000 110.000000 0.000000 -32844.670114 89.512572 7.346276
2 300.000000 1.000000 0.000000 0.200000 0.100000 110.000000 0.000000 -32840.898121 72.865772 8.004763
4 300.000000 1.000000 0.000000 0.400000 0.100000 90.000000 0.000000 -32890.780697 47.351304 6.613692
5 300.000000 1.000000 0.000000 0.500000 0.100000 80.000000 0.000000 -32908.522586 49.462813 6.389837
5 300.000000 1.000000 0.000000 0.500000 0.100000 80.000000 0.000000 -32796.411201 73.323288 7.203065
3 300.000000 1.000000 0.000000 0.300000 0.100000 100.000000 0.000000 -32772.268034 69.693175 6.611231
5 300.000000 1.000000 0.000000 0.500000 0.100000 80.000000 0.000000 -32874.296800 62.221321 7.203589
5 300.000000 1.000000 0.000000 0.500000 0.100000 80.000000 0.000000 -32842.175046 45.780785 6.435007
4 300.000000 1.000000 0.000000 0.400000 0.100000 90.000000 0.000000 -32851.767905 83.028032 6.390378
4 300.000000 1.000000 0.000000 0.400000 0.100000 90.000000 0.000000 -32756.063755 24.443501 6.483460
6 300.000000 1.000000 0.100000 0.500000 0.100000 70.000000 0.000000 -32821.396614 29.251514 6.440058
6 300.000000 1.000000 0.100000 0.500000 0.100000 70.000000 0.000000 -32987.648385 34.635434 7.310108
3 300.000000 1.000000 0.000000 0.300000 0.100000 100.000000 0.000000 -32797.734278 77.155664 6.410696
3 300.000000 1.000000 0.000000 0.300000 0.100000 100.000000 0.000000 -32824.010481 76.378399 6.390577
3 300.000000 1.000000 0.000000 0.300000 0.100000 100.000000 0.000000 -32924.240029 47.428726 6.391815
5 300.000000 1.000000 0.000000 0.500000 0.100000 80.000000 0.000000 -32807.350890 39.209349 6.899898
4 300.000000 1.000000 0.000000 0.400000 0.100000 90.000000 0.000000 -33030.753881 87.452724 6.555192
2 300.000000 1.000000 0.000000 0.200000 0.100000 110.000000 0.000000 -32865.641450 75.182087 6.432396
3 300.000000 1.000000 0.000000 0.300000 0.100000 100.000000 0.000000 -32780.014007 27.802673 6.932864
6 300.000000 1.000000 0.100000 0.500000 0.100000 70.000000 0.000000 -32870.112942 25.183910 7.261013
6 300.000000 1.000000 0.100000 0.500000 0.100000 70.000000 0.000000 -32822.069696 8.307319 5.626512
8 300.000000 1.000000 0.300000 0.500000 0.100000 50.000000 0.000000 -32796.225013 5.878461 8.100040
12 300.000000 -1.000000 0.400000 0.500000 0.100000 40.000000 0.000000 -32897.758889 0.738906 6.173285
12 300.000000 -1.000000 0.400000 0.500000 0.100000 40.000000 0.000000 -32894.309544 3.719202 6.409310
9 300.000000 1.000000 0.400000 0.500000 0.100000 40.000000 0.000000 -32956.706368 5.625304 6.785299
13 300.000000 -1.000000 0.300000 0.500000 0.100000 50.000000 0.000000 -32811.046145 6.571399 6.389714
11 300.000000 -1.000000 0.500000 0.500000 0.100000 30.000000 0.000000 -32839.773764 6.489334 6.721962
12 300.000000 -1.000000 0.400000 0.500000 0.100000 40.000000 0.000000 -32618.526171 0.933422 7.003051
13 300.000000 -1.000000 0.300000 0.500000 0.100000 50.000000 0.000000 -32699.081597 4.665393 7.498209
14 300.000000 -1.000000 0.200000 0.500000 0.100000 60.000000 0.000000 -32635.429497 23.206709 6.510603
13 300.000000 -1.000000 0.300000 0.500000 0.100000 50.000000 0.000000 -32840.253505 10.044561 7.692436
12 300.000000 -1.000000 0.400000 0.500000 0.100000 40.000000 0.000000 -32776.212639 -0.730467 7.567019
9 300.000000 1.000000 0.400000 0.500000 0.100000 40.000000 0.000000 -32888.030805 -0.838630 8.074358
11 300.000000 -1.000000 0.500000 0.500000 0.100000 30.000000 0.000000 -32845.741461 -1.270081 8.014196
12 300.000000 -1.000000 0.400000 0.500000 0.100000 40.000000 0.000000 -32768.613382 1.741922 6.430535
12 300.000000 -1.000000 0.400000 0.500000 0.100000 40.000000 0.000000 -32807.725226 9.448623 6.597894
14 300.000000 -1.000000 0.200000 0.500000 0.100000 60.000000 0.000000 -32707.319916 15.356773 6.467503
15 300.000000 -1.000000 0.100000 0.500000 0.100000 70.000000 0.000000 -32723.608403 16.204388 6.408961
14 300.000000 -1.000000 0.200000 0.500000 0.100000 60.000000 0.000000 -32747.606908 5.443717 6.586982
11 300.000000 -1.000000 0.500000 0.500000 0.100000 30.000000 0.000000 -32848.553318 -1.918311 6.427579
11 300.000000 -1.000000 0.500000 0.500000 0.100000 30.000000 0.000000 -32749.444951 -5.441458 7.035533
10 300.000000 1.000000 0.500000 0.500000 0.100000 30.000000 0.000000 -32906.110458 6.591707 6.633970
10 300.000000 1.000000 0.500000 0.500000 0.100000 30.000000 0.000000 -32816.020353 2.484504 7.226435
13 300.000000 -1.000000 0.300000 0.500000 0.100000 50.000000 0.000000 -33039.514472 -3.568500 7.237331
11 300.000000 -1.000000 0.500000 0.500000 0.100000 30.000000 0.000000 -32929.664566 6.184919 6.534033
10 300.000000 1.000000 0.500000 0.500000 0.100000 30.000000 0.000000 -32883.884444 -7.389655 6.608706
11 300.000000 -1.000000 0.500000 0.500000 0.100000 30.000000 0.000000 -32914.133198 -0.766890 6.444611
11 300.000000 -1.000000 0.500000 0.500000 0.100000 30.000000 0.000000 -32873.250730 -3.756813 7.122193
9 300.000000 1.000000 0.400000 0.500000 0.100000 40.000000 0.000000 -32810.905018 2.604948 8.250776
11 300.000000 -1.000000 0.500000 0.500000 0.100000 30.000000 0.000000 -32820.280650 2.878050 6.605846
9 300.000000 1.000000 0.400000 0.500000 0.100000 40.000000 0.000000 -32788.662801 2.365200 6.437629
8 300.000000 1.000000 0.300000 0.500000 0.100000 50.000000 0.000000 -32854.549353 4.649754 8.273188
6 300.000000 1.000000 0.100000 0.500000 0.100000 70.000000 0.000000 -32906.970785 7.748179 6.733878
8 300.000000 1.000000 0.300000 0.500000 0.100000 50.000000 0.000000 -32728.243782 14.570510 6.475015
4 300.000000 1.000000 0.000000 0.400000 0.100000 90.000000 0.000000 -32869.997036 63.403132 6.498345
3 300.000000 1.000000 0.000000 0.300000 0.100000 100.000000 0.000000 -32708.723429 53.432200 6.421633
5 300.000000 1.000000 0.000000 0.500000 0.100000 80.000000 0.000000 -32899.688547 54.382989 6.399058
5 300.000000 1.000000 0.000000 0.500000 0.100000 80.000000 0.000000 -32735.366782 44.446824 8.128972
4 300.000000 1.000000 0.000000 0.400000 0.100000 90.000000 0.000000 -32876.260880 33.558391 7.763205
6 300.000000 1.000000 0.100000 0.500000 0.100000 70.000000 0.000000 -32751.183454 18.667154 6.457055
7 300.000000 1.000000 0.200000 0.500000 0.100000 60.000000 0.000000 -32914.688887 6.465135 7.072228
9 300.000000 1.000000 0.400000 0.500000 0.100000 40.000000 0.000000 -32815.974499 4.812162 7.740340
9 300.000000 1.000000 0.400000 0.500000 0.100000 40.000000 0.000000 -32994.965472 3.316275 6.419263
10 300.000000 1.000000 0.500000 0.500000 0.100000 30.000000 0.000000 -32981.761035 0.243266 8.063998
11 300.000000 -1.000000 0.500000 0.500000 0.100000 30.000000 0.000000 -32783.847200 0.030997 7.464722
14 300.000000 -1.000000 0.200000 0.500000 0.100000 60.000000 0.000000 -32800.498547 8.839695 7.381374
11 300.000000 -1.000000 0.500000 0.500000 0.100000 30.000000 0.000000 -32910.628043 4.993886 1.475835
11 300.000000 -1.000000 0.500000 0.500000 0.100000 30.000000 0.000000 -32904.730402 0.645106 6.848762
11 300.000000 -1.000000 0.500000 0.500000 0.100000 30.000000 0.000000 -32794.509962 0.979686 6.465794
11 300.000000 -1.000000 0.500000 0.500000 0.100000 30.000000 0.000000 -32957.303779 0.909608 7.250604
13 300.000000 -1.000000 0.300000 0.500000 0.100000 50.000000 0.000000 -32880.959402 3.620242 7.891464
10 300.000000 1.000000 0.500000 0.500000 0.100000 30.000000 0.000000 -32884.368786 -0.079352 7.074328
7 300.000000 1.000000 0.200000 0.500000 0.100000 60.000000 0.000000 -32866.304495 7.451063 7.191483
7 300.000000 1.000000 0.200000 0.500000 0.100000 60.000000 0.000000 -32832.108272 8.003201 6.476047
8 300.000000 1.000000 0.300000 0.500000 0.100000 50.000000 0.000000 -32863.915650 2.088930 7.738395
12 300.000000 -1.000000 0.400000 0.500000 0.100000 40.000000 0.000000 -33027.876248 6.983893 6.443046
12 300.000000 -1.000000 0.400000 0.500000 0.100000 40.000000 0.000000 -32822.796106 3.422197 6.735708
12 300.000000 -1.000000 0.400000 0.500000 0.100000 40.000000 0.000000 -32863.900297 6.015146 6.611448
12 300.000000 -1.000000 0.400000 0.500000 0.100000 40.000000 0.000000 -33010.946805 -2.048322 7.642706
13 300.000000 -1.000000 0.300000 0.500000 0.100000 50.000000 0.000000 -32990.200995 5.764901 6.403016
14 300.000000 -1.000000 0.200000 0.500000 0.100000 60.000000 0.000000 -32822.682932 19.204073 6.389867
15 300.000000 -1.000000 0.100000 0.500000 0.100000 70.000000 0.000000 -32806.322542 13.787659 7.296444
15 300.000000 -1.000000 0.100000 0.500000 0.100000 70.000000 0.000000 -32866.539452 30.472693 6.253624
14 300.000000 -1.000000 0.200000 0.500000 0.100000 60.000000 0.000000 -32857.070314 7.623637 7.266906
14 300.000000 -1.000000 0.200000 0.500000 0.100000 60.000000 0.000000 -32828.290016 13.815355 8.171995
15 300.000000 -1.000000 0.100000 0.500000 0.100000 70.000000 0.000000 -32953.089896 30.893496 0.631746
19 300.000000 -1.000000 0.000000 0.200000 0.100000 110.000000 0.000000 -32902.745632 73.153709 6.459085
18 300.000000 -1.000000 0.000000 0.300000 0.100000 100.000000 0.000000 -32727.958648 64.480104 7.957566
17 300.000000 -1.000000 0.000000 0.400000 0.100000 90.000000 0.000000 -32593.642260 72.298401 7.225864
18 300.000000 -1.000000 0.000000 0.300000 0.100000 100.000000 0.000000 -32824.454116 66.394830 6.233190
17 300.000000 -1.000000 0.000000 0.400000 0.100000 90.000000 0.000000 -32883.760174 71.710950 6.894474
17 300.000000 -1.000000 0.000000 0.400000 0.100000 90.000000 0.000000 -32843.037379 56.794749 7.214141
17 300.000000 -1.000000 0.000000 0.400000 0.100000 90.000000 0.000000 -32999.904556 68.644211 7.643921
18 300.000000 -1.000000 0.000000 0.300000 0.100000 100.000000 0.000000 -32887.725796 80.688678 0.659503
17 300.000000 -1.000000 0.000000 0.400000 0.100000 90.000000 0.000000 -32758.543734 53.768648 3.485679
19 300.000000 -1.000000 0.000000 0.200000 0.100000 110.000000 0.000000 -32789.317638 86.130544 1.811947
19 300.000000 -1.000000 0.000000 0.200000 0.100000 110.000000 0.000000 -32723.764017 79.980380 7.444545
19 300.000000 -1.000000 0.000000 0.200000 0.100000 110.000000 0.000000 -32872.065283 102.056002 5.698469
19 300.000000 -1.000000 0.000000 0.200000 0.100000 110.000000 0.000000 -33051.563877 45.193899 0.090286
17 300.000000 -1.000000 0.000000 0.400000 0.100000 90.000000 0.000000 -32968.379336 46.813310 0.287806
16 300.000000 -1.000000 0.000000 0.500000 0.100000 80.000000 0.000000 -32840.465230 68.733491 7.659910
16 300.000000 -1.000000 0.000000 0.500000 0.100000 80.000000 0.000000 -32679.707739 53.021037 0.195565
18 300.000000 -1.000000 0.000000 0.300000 0.100000 100.000000 0.000000 -32771.132353 97.707569 2.505561
19 300.000000 -1.000000 0.000000 0.200000 0.100000 110.000000 0.000000 -32707.781682 123.131112 8.017928
19 300.000000 -1.000000 0.000000 0.200000 0.100000 110.000000 0.000000 -32915.166607 124.546731 7.952596
19 300.000000 -1.000000 0.000000 0.200000 0.100000 110.000000 0.000000 -32948.141043 65.625397 7.431476
18 300.000000 -1.000000 0.000000 0.300000 0.100000 100.000000 0.000000 -32806.625405 67.990272 6.203686
19 300.000000 -1.000000 0.000000 0.200000 0.100000 110.000000 0.000000 -32850.165758 69.357410 8.246880
18 300.000000 -1.000000 0.000000 0.300000 0.100000 100.000000 0.000000 -32979.988394 77.772523 8.153879
17 300.000000 -1.000000 0.000000 0.400000 0.100000 90.000000 0.000000 -32875.112043 69.168392 5.075811
17 300.000000 -1.000000 0.000000 0.400000 0.100000 90.000000 0.000000 -32759.376481 57.854477 2.069106
17 300.000000 -1.000000 0.000000 0.400000 0.100000 90.000000 0.000000 -32836.721298 45.551036 8.282993
16 300.000000 -1.000000 0.000000 0.500000 0.100000 80.000000 0.000000 -32878.968177 61.053303 8.211564
17 300.000000 -1.000000 0.000000 0.400000 0.100000 90.000000 0.000000 -33076.654184 51.858769 6.533673
18 300.000000 -1.000000 0.000000 0.300000 0.100000 100.000000 0.000000 -32846.895209 47.964294 6.808426
18 300.000000 -1.000000 0.000000 0.300000 0.100000 100.000000 0.000000 -32792.181399 90.554852 6.731969
19 300.000000 -1.000000 0.000000 0.200000 0.100000 110.000000 0.000000 -32794.687373 67.528568 6.484081
18 300.000000 -1.000000 0.000000 0.300000 0.100000 100.000000 0.000000 -32683.183684 44.165767 6.686175
18 300.000000 -1.000000 0.000000 0.300000 0.100000 100.000000 0.000000 -32818.668682 74.759746 6.552821
18 300.000000 -1.000000 0.000000 0.300000 0.100000 100.000000 0.000000 -32813.908373 51.165953 8.018999
16 300.000000 -1.000000 0.000000 0.500000 0.100000 80.000000 0.000000 -32757.987767 70.527841 6.468969
19 300.000000 -1.000000 0.000000 0.200000 0.100000 110.000000 0.000000 -32947.038809 83.867433 2.003683
18 300.000000 -1.000000 0.000000 0.300000 0.100000 100.000000 0.000000 -32783.126278 65.100623 6.910579
18 300.000000 -1.000000 0.000000 0.300000 0.100000 100.000000 0.000000 -32896.712242 77.283901 6.469972
18 300.000000 -1.000000 0.000000 0.300000 0.100000 100.000000 0.000000 -32824.981475 69.843379 6.413381
17 300.000000 -1.000000 0.000000 0.400000 0.100000 90.000000 0.000000 -32866.984501 80.155729 6.523644
19 300.000000 -1.000000 0.000000 0.200000 0.100000 110.000000 0.000000 -32941.688224 66.386239 7.747398
19 300.000000 -1.000000 0.000000 0.200000 0.100000 110.000000 0.000000 -32708.505284 55.335231 6.935971
17 300.000000 -1.000000 0.000000 0.400000 0.100000 90.000000 0.000000 -32914.517276 48.432618 6.447198
17 300.000000 -1.000000 0.000000 0.400000 0.100000 90.000000 0.000000 -32785.553968 62.825629 6.840774
17 300.000000 -1.000000 0.000000 0.400000 0.100000 90.000000 0.000000 -32825.428850 72.776544 6.780350
16 300.000000 -1.000000 0.000000 0.500000 0.100000 80.000000 0.000000 -32975.831077 46.971885 6.449055
16 300.000000 -1.000000 0.000000 0.500000 0.100000 80.000000 0.000000 -32873.854322 45.307262 6.786411
19 300.000000 -1.000000 0.000000 0.200000 0.100000 110.000000 0.000000 -32935.827303 82.482458 6.601901
17 300.000000 -1.000000 0.000000 0.400000 0.100000 90.000000 0.000000 -32838.140315 59.442144 6.463319
18 300.000000 -1.000000 0.000000 0.300000 0.100000 100.000000 0.000000 -32948.460821 48.047364 7.084050
16 300.000000 -1.000000 0.000000 0.500000 0.100000 80.000000 0.000000 -32883.813050 49.311378 6.809336
16 300.000000 -1.000000 0.000000 0.500000 0.100000 80.000000 0.000000 -32722.285837 35.383475 6.451248
16 300.000000 -1.000000 0.000000 0.500000 0.100000 80.000000 0.000000 -32739.840747 45.409474 6.579906
18 300.000000 -1.000000 0.000000 0.300000 0.100000 100.000000 0.000000 -32809.208149 74.423286 7.441631
18 300.000000 -1.000000 0.000000 0.300000 0.100000 100.000000 0.000000 -32673.726562 56.908759 6.510885
16 300.000000 -1.000000 0.000000 0.500000 0.100000 80.000000 0.000000 -32795.225183 66.659109 6.424103
17 300.000000 -1.000000 0.000000 0.400000 0.100000 90.000000 0.000000 -32784.617420 35.470370 6.406660
16 300.000000 -1.000000 0.000000 0.500000 0.100000 80.000000 0.000000 -32837.296298 29.843790 6.772394
15 300.000000 -1.000000 0.100000 0.500000 0.100000 70.000000 0.000000 -32774.846611 5.959833 6.635217
12 300.000000 -1.000000 0.400000 0.500000 0.100000 40.000000 0.000000 -32773.877516 10.549210 6.696265
14 300.000000 -1.000000 0.200000 0.500000 0.100000 60.000000 0.000000 -32984.567766 14.005199 6.425093
14 300.000000 -1.000000 0.200000 0.500000 0.100000 60.000000 0.000000 -32844.851592 24.900852 6.948289
15 300.000000 -1.000000 0.100000 0.500000 0.100000 70.000000 0.000000 -32708.701887 16.766469 8.282293
14 300.000000 -1.000000 0.200000 0.500000 0.100000 60.000000 0.000000 -32980.474336 21.556033 8.263474
15 300.000000 -1.000000 0.100000 0.500000 0.100000 70.000000 0.000000 -32743.560069 32.386839 7.626002
17 300.000000 -1.000000 0.000000 0.400000 0.100000 90.000000 0.000000 -32743.933243 67.192151 6.001299
18 300.000000 -1.000000 0.000000 0.300000 0.100000 100.000000 0.000000 -32744.451246 87.356490 8.277867
18 300.000000 -1.000000 0.000000 0.300000 0.100000 100.000000 0.000000 -32884.885194 73.520325 7.319084
18 300.000000 -1.000000 0.000000 0.300000 0.100000 100.000000 0.000000 -32908.858712 53.004388 3.009996
17 300.000000 -1.000000 0.000000 0.400000 0.100000 90.000000 0.000000 -32935.411386 73.189721 6.769712
18 300.000000 -1.000000 0.000000 0.300000 0.100000 100.000000 0.000000 -32797.223641 59.879571 8.134053
18 300.000000 -1.000000 0.000000 0.300000 0.100000 100.000000 0.000000 -32752.842493 72.256472 7.425574
19 300.000000 -1.000000 0.000000 0.200000 0.100000 110.000000 0.000000 -32890.921645 74.982617 5.308328
18 300.000000 -1.000000 0.000000 0.300000 0.100000 100.000000 0.000000 -32728.991852 64.165967 1.770075
19 300.000000 -1.000000 0.000000 0.200000 0.100000 110.000000 0.000000 -32870.405934 120.367027 1.312027
20 300.000000 -1.000000 0.000000 0.100000 0.100000 120.000000 0.000000 -32797.346800 119.160282 6.714921
20 300.000000 -1.000000 0.000000 0.100000 0.100000 120.000000 0.000000 -32730.170834 126.393267 7.357175
20 300.000000 -1.000000 0.000000 0.100000 0.100000 120.000000 0.000000 -32732.923738 127.176850 6.506603
20 300.000000 -1.000000 0.000000 0.100000 0.100000 120.000000 0.000000 -32844.565921 146.146549 4.570774
20 300.000000 -1.000000 0.000000 0.100000 0.100000 120.000000 0.000000 -32910.746645 145.128550 3.963530
20 300.000000 -1.000000 0.000000 0.100000 0.100000 120.000000 0.000000 -32612.484924 133.975357 6.379733
20 300.000000 -1.000000 0.000000 0.100000 0.100000 120.000000 0.000000 -32867.584837 157.136112 5.410821
20 300.000000 -1.000000 0.000000 0.100000 0.100000 120.000000 0.000000 -32865.948295 156.833101 3.665827
20 300.000000 -1.000000 0.000000 0.100000 0.100000 120.000000 0.000000 -32931.552376 145.656378 7.312058
20 300.000000 -1.000000 0.000000 0.100000 0.100000 120.000000 0.000000 -32731.749446 146.023777 4.372247
20 300.000000 -1.000000 0.000000 0.100000 0.100000 120.000000 0.000000 -32787.122464 135.528419 4.248517
20 300.000000 -1.000000 0.000000 0.100000 0.100000 120.000000 0.000000 -32916.094672 124.848166 0.640900
20 300.000000 -1.000000 0.000000 0.100000 0.100000 120.000000 0.000000 -32953.629923 153.155877 8.067360
20 300.000000 -1.000000 0.000000 0.100000 0.100000 120.000000 0.000000 -32889.060253 158.967379 7.385481
20 300.000000 -1.000000 0.000000 0.100000 0.100000 120.000000 0.000000 -32811.737144 130.419686 6.419047
20 300.000000 -1.000000 0.000000 0.100000 0.100000 120.000000 0.000000 -32904.298177 129.375839 6.590981
20 300.000000 -1.000000 0.000000 0.100000 0.100000 120.000000 0.000000 -32971.784174 154.000875 6.404482
20 300.000000 -1.000000 0.000000 0.100000 0.100000 120.000000 0.000000 -32806.977461 134.377202 6.486175
20 300.000000 -1.000000 0.000000 0.100000 0.100000 120.000000 0.000000 -32867.169809 130.314487 7.376011
20 300.000000 -1.000000 0.000000 0.100000 0.100000 120.000000 0.000000 -32859.080401 117.355077 7.396944
19 300.000000 -1.000000 0.000000 0.200000 0.100000 110.000000 0.000000 -32954.576493 115.688262 6.508744
19 300.000000 -1.000000 0.000000 0.200000 0.100000 110.000000 0.000000 -32827.557504 136.676138 6.390614
20 300.000000 -1.000000 0.000000 0.100000 0.100000 120.000000 0.000000 -33024.872745 131.353372 7.138296
20 300.000000 -1.000000 0.000000 0.100000 0.100000 120.000000 0.000000 -32848.836456 131.960024 6.713377
20 300.000000 -1.000000 0.000000 0.100000 0.100000 120.000000 0.000000 -32853.117621 187.755643 5.551502
21 300.000000 -1.000000 0.000000 0.000000 0.100000 130.000000 0.000000 -32765.421071 190.165243 7.747584
21 300.000000 -1.000000 0.000000 0.000000 0.100000 130.000000 0.000000 -32856.964703 174.561277 7.641497
21 300.000000 -1.000000 0.000000 0.000000 0.100000 130.000000 0.000000 -32794.336936 198.016709 7.721605
21 300.000000 -1.000000 0.000000 0.000000 0.100000 130.000000 0.000000 -32858.617561 185.941904 8.282211
21 300.000000 -1.000000 0.000000 0.000000 0.100000 130.000000 0.000000 -32889.480768 171.942811 7.920161
21 300.000000 -1.000000 0.000000 0.000000 0.100000 130.000000 0.000000 -32956.431222 177.745763 7.093950
21 300.000000 -1.000000 0.000000 0.000000 0.100000 130.000000 0.000000 -32878.900540 157.451155 7.336413
21 300.000000 -1.000000 0.000000 0.000000 0.100000 130.000000 0.000000 -32882.749983 156.584092 5.979844
21 300.000000 -1.000000 0.000000 0.000000 0.100000 130.000000 0.000000 -32860.267555 166.499777 6.898433
21 300.000000 -1.000000 0.000000 0.000000 0.100000 130.000000 0.000000 -32985.721715 169.755043 3.095070
21 300.000000 -1.000000 0.000000 0.000000 0.100000 130.000000 0.000000 -32862.825702 189.740884 3.603259
21 300.000000 -1.000000 0.000000 0.000000 0.100000 130.000000 0.000000 -32773.342842 133.734257 0.304246
21 300.000000 -1.000000 0.000000 0.000000 0.100000 130.000000 0.000000 -32901.914929 167.008680 0.005645
21 300.000000 -1.000000 0.000000 0.000000 0.100000 130.000000 0.000000 -32816.311474 170.460999 8.045568
21 300.000000 -1.000000 0.000000 0.000000 0.100000 130.000000 0.000000 -32790.923228 167.058246 2.774541
21 300.000000 -1.000000 0.000000 0.000000 0.100000 130.000000 0.000000 -32696.287264 169.360192 8.267978
21 300.000000 -1.000000 0.000000 0.000000 0.100000 130.000000 0.000000 -32902.596616 191.606656 5.825885
21 300.000000 -1.000000 0.000000 0.000000 0.100000 130.000000 0.000000 -32704.810040 161.076859 5.233519
21 300.000000 -1.000000 0.000000 0.000000 0.100000 130.000000 0.000000 -33000.330401 163.320595 6.495628
