300.000000 0.000000 0.000000 0.000000 0.000000 0.000000 0.000000 -38041.595296 866.777197
300.000000 0.002000 0.002000 0.002000 0.000000 0.000000 0.000000 -38116.017274 845.776711
300.000000 0.004000 0.004000 0.004000 0.000000 0.000000 0.000000 -38033.643106 783.760942
300.000000 0.006000 0.006000 0.006000 0.000000 0.000000 0.000000 -37919.178584 872.485050
300.000000 0.008000 0.008000 0.008000 0.000000 0.000000 0.000000 -37956.866650 852.993956
300.000000 0.010000 0.010000 0.010000 0.000000 0.000000 0.000000 -38030.101623 876.490344
300.000000 0.012000 0.012000 0.012000 0.000000 0.000000 0.000000 -38084.341100 675.685523
300.000000 0.014000 0.014000 0.014000 0.000000 0.000000 0.000000 -38053.674616 759.908834
300.000000 0.016000 0.016000 0.016000 0.000000 0.000000 0.000000 -38049.249252 779.103598
300.000000 0.018000 0.018000 0.018000 0.000000 0.000000 0.000000 -38066.300832 723.879723
300.000000 0.020000 0.020000 0.020000 0.000000 0.000000 0.000000 -38114.167151 743.623303
300.000000 0.022000 0.022000 0.022000 0.000000 0.000000 0.000000 -38045.095795 690.231248
300.000000 0.024000 0.024000 0.024000 0.000000 0.000000 0.000000 -38044.511100 670.996776
300.000000 0.026000 0.026000 0.026000 0.000000 0.000000 0.000000 -37942.510255 645.350895
300.000000 0.028000 0.028000 0.028000 0.000000 0.000000 0.000000 -38001.473432 73.810255
300.000000 0.030000 0.030000 0.030000 0.000000 0.000000 0.000000 -37908.046470 53.095546
300.000000 0.032000 0.032000 0.032000 0.000000 0.000000 0.000000 -38028.082628 125.456502
300.000000 0.034000 0.034000 0.034000 0.000000 0.000000 0.000000 -37847.550063 105.621364
300.000000 0.036000 0.036000 0.036000 0.000000 0.000000 0.000000 -37954.119153 110.226828
300.000000 0.038000 0.038000 0.038000 0.000000 0.000000 0.000000 -37696.585463 112.388515
300.000000 0.040000 0.040000 0.040000 0.000000 0.000000 0.000000 -37960.413792 85.025408
300.000000 0.042000 0.042000 0.042000 0.000000 0.000000 0.000000 -37821.107457 69.831223
300.000000 0.044000 0.044000 0.044000 0.000000 0.000000 0.000000 -37926.259463 108.397504
300.000000 0.046000 0.046000 0.046000 0.000000 0.000000 0.000000 -37852.506815 102.291444
300.000000 0.048000 0.048000 0.048000 0.000000 0.000000 0.000000 -37918.643261 42.395343
300.000000 0.050000 0.050000 0.050000 0.000000 0.000000 0.000000 -37771.964790 59.564147
300.000000 0.052000 0.052000 0.052000 0.000000 0.000000 0.000000 -37912.219968 100.990195
300.000000 0.054000 0.054000 0.054000 0.000000 0.000000 0.000000 -37906.601510 74.352573
300.000000 0.056000 0.056000 0.056000 0.000000 0.000000 0.000000 -38045.714128 60.139804
300.000000 0.058000 0.058000 0.058000 0.000000 0.000000 0.000000 -37937.820299 34.894538
300.000000 0.060000 0.060000 0.060000 0.000000 0.000000 0.000000 -37830.133696 120.703351
300.000000 0.062000 0.062000 0.062000 0.000000 0.000000 0.000000 -38039.818157 95.205433
300.000000 0.064000 0.064000 0.064000 0.000000 0.000000 0.000000 -37904.720454 46.652858
300.000000 0.066000 0.066000 0.066000 0.000000 0.000000 0.000000 -37984.271158 41.655390
300.000000 0.068000 0.068000 0.068000 0.000000 0.000000 0.000000 -37921.117376 65.040860
300.000000 0.070000 0.070000 0.070000 0.000000 0.000000 0.000000 -37953.579775 29.175323
300.000000 0.072000 0.072000 0.072000 0.000000 0.000000 0.000000 -37940.038332 25.664367
300.000000 0.074000 0.074000 0.074000 0.000000 0.000000 0.000000 -38077.525456 65.263127
300.000000 0.076000 0.076000 0.076000 0.000000 0.000000 0.000000 -38051.853575 40.677418
300.000000 0.078000 0.078000 0.078000 0.000000 0.000000 0.000000 -37946.777638 86.297748
300.000000 0.080000 0.080000 0.080000 0.000000 0.000000 0.000000 -37867.244528 70.222492
300.000000 0.082000 0.082000 0.082000 0.000000 0.000000 0.000000 -37931.098228 23.119139
300.000000 0.084000 0.084000 0.084000 0.000000 0.000000 0.000000 -37917.599860 41.640758
300.000000 0.086000 0.086000 0.086000 0.000000 0.000000 0.000000 -37753.402769 49.963911
300.000000 0.088000 0.088000 0.088000 0.000000 0.000000 0.000000 -37876.107309 26.482527
300.000000 0.090000 0.090000 0.090000 0.000000 0.000000 0.000000 -37906.288323 47.663565
300.000000 0.092000 0.092000 0.092000 0.000000 0.000000 0.000000 -38009.690768 42.583057
300.000000 0.094000 0.094000 0.094000 0.000000 0.000000 0.000000 -38015.133098 39.807195
300.000000 0.096000 0.096000 0.096000 0.000000 0.000000 0.000000 -38185.847623 53.475885
300.000000 0.098000 0.098000 0.098000 0.000000 0.000000 0.000000 -38006.008184 41.496256
300.000000 0.100000 0.100000 0.100000 0.000000 0.000000 0.000000 -38093.958413 20.704276
300.000000 0.102000 0.102000 0.102000 0.000000 0.000000 0.000000 -37918.622629 20.425617
300.000000 0.104000 0.104000 0.104000 0.000000 0.000000 0.000000 -37781.608775 44.276455
300.000000 0.106000 0.106000 0.106000 0.000000 0.000000 0.000000 -37850.310668 27.424925
300.000000 0.108000 0.108000 0.108000 0.000000 0.000000 0.000000 -37870.961645 37.093604
300.000000 0.110000 0.110000 0.110000 0.000000 0.000000 0.000000 -37857.197890 33.289442
300.000000 0.112000 0.112000 0.112000 0.000000 0.000000 0.000000 -37983.690368 44.232282
300.000000 0.114000 0.114000 0.114000 0.000000 0.000000 0.000000 -38137.553740 28.194020
300.000000 0.116000 0.116000 0.116000 0.000000 0.000000 0.000000 -37985.764228 49.814452
300.000000 0.118000 0.118000 0.118000 0.000000 0.000000 0.000000 -37911.828751 24.437826
300.000000 0.120000 0.120000 0.120000 0.000000 0.000000 0.000000 -37965.015546 33.583577
300.000000 0.122000 0.122000 0.122000 0.000000 0.000000 0.000000 -37952.323742 15.982839
300.000000 0.124000 0.124000 0.124000 0.000000 0.000000 0.000000 -37961.044909 52.176514
300.000000 0.126000 0.126000 0.126000 0.000000 0.000000 0.000000 -37959.885386 32.687202
300.000000 0.128000 0.128000 0.128000 0.000000 0.000000 0.000000 -37898.772298 68.202365
300.000000 0.130000 0.130000 0.130000 0.000000 0.000000 0.000000 -37869.745657 50.135825
300.000000 0.132000 0.132000 0.132000 0.000000 0.000000 0.000000 -37869.899760 24.125598
300.000000 0.134000 0.134000 0.134000 0.000000 0.000000 0.000000 -37913.707654 46.538196
300.000000 0.136000 0.136000 0.136000 0.000000 0.000000 0.000000 -37964.310551 40.262718
300.000000 0.138000 0.138000 0.138000 0.000000 0.000000 0.000000 -38016.396531 43.881449
300.000000 0.140000 0.140000 0.140000 0.000000 0.000000 0.000000 -38033.192956 27.294055
300.000000 0.142000 0.142000 0.142000 0.000000 0.000000 0.000000 -38004.939171 45.849828
300.000000 0.144000 0.144000 0.144000 0.000000 0.000000 0.000000 -38021.789920 39.140318
300.000000 0.146000 0.146000 0.146000 0.000000 0.000000 0.000000 -37918.785293 21.229280
300.000000 0.148000 0.148000 0.148000 0.000000 0.000000 0.000000 -38106.811176 14.120722
300.000000 0.150000 0.150000 0.150000 0.000000 0.000000 0.000000 -38148.526445 23.685054
300.000000 0.152000 0.152000 0.152000 0.000000 0.000000 0.000000 -38107.179285 19.442616
300.000000 0.154000 0.154000 0.154000 0.000000 0.000000 0.000000 -38126.638485 24.696055
300.000000 0.156000 0.156000 0.156000 0.000000 0.000000 0.000000 -38173.758546 39.319829
300.000000 0.158000 0.158000 0.158000 0.000000 0.000000 0.000000 -38051.402664 21.473679
300.000000 0.160000 0.160000 0.160000 0.000000 0.000000 0.000000 -38213.030865 23.510999
300.000000 0.162000 0.162000 0.162000 0.000000 0.000000 0.000000 -38130.956121 36.394939
300.000000 0.164000 0.164000 0.164000 0.000000 0.000000 0.000000 -38216.221582 15.723336
300.000000 0.166000 0.166000 0.166000 0.000000 0.000000 0.000000 -38060.989367 35.778450
300.000000 0.168000 0.168000 0.168000 0.000000 0.000000 0.000000 -37982.019007 32.877855
300.000000 0.170000 0.170000 0.170000 0.000000 0.000000 0.000000 -38002.756395 31.594706
300.000000 0.172000 0.172000 0.172000 0.000000 0.000000 0.000000 -37982.763797 20.504424
300.000000 0.174000 0.174000 0.174000 0.000000 0.000000 0.000000 -38039.709360 31.975877
300.000000 0.176000 0.176000 0.176000 0.000000 0.000000 0.000000 -38036.202500 28.959982
300.000000 0.178000 0.178000 0.178000 0.000000 0.000000 0.000000 -38053.573172 29.964091
300.000000 0.180000 0.180000 0.180000 0.000000 0.000000 0.000000 -38136.818579 15.518223
300.000000 0.182000 0.182000 0.182000 0.000000 0.000000 0.000000 -37992.461515 22.932211
300.000000 0.184000 0.184000 0.184000 0.000000 0.000000 0.000000 -37896.757945 10.752105
300.000000 0.186000 0.186000 0.186000 0.000000 0.000000 0.000000 -37878.297495 14.567070
300.000000 0.188000 0.188000 0.188000 0.000000 0.000000 0.000000 -37907.334484 12.740987
300.000000 0.190000 0.190000 0.190000 0.000000 0.000000 0.000000 -37901.264886 16.045442
300.000000 0.192000 0.192000 0.192000 0.000000 0.000000 0.000000 -38079.530033 29.800307
300.000000 0.194000 0.194000 0.194000 0.000000 0.000000 0.000000 -38059.399248 13.976475
300.000000 0.196000 0.196000 0.196000 0.000000 0.000000 0.000000 -38109.003872 22.019699
300.000000 0.198000 0.198000 0.198000 0.000000 0.000000 0.000000 -38076.328591 15.567400
300.000000 0.200000 0.200000 0.200000 0.000000 0.000000 0.000000 -37965.914083 16.100901
300.000000 0.202000 0.202000 0.202000 0.000000 0.000000 0.000000 -38024.417104 18.281880
300.000000 0.204000 0.204000 0.204000 0.000000 0.000000 0.000000 -38024.669770 12.019514
300.000000 0.206000 0.206000 0.206000 0.000000 0.000000 0.000000 -37971.133812 8.934514
300.000000 0.208000 0.208000 0.208000 0.000000 0.000000 0.000000 -37964.987188 16.115764
300.000000 0.210000 0.210000 0.210000 0.000000 0.000000 0.000000 -38092.976264 11.241834
300.000000 0.212000 0.212000 0.212000 0.000000 0.000000 0.000000 -37936.688606 11.232451
300.000000 0.214000 0.214000 0.214000 0.000000 0.000000 0.000000 -38106.491366 27.460232
300.000000 0.216000 0.216000 0.216000 0.000000 0.000000 0.000000 -38049.621339 13.835624
300.000000 0.218000 0.218000 0.218000 0.000000 0.000000 0.000000 -37977.761527 31.046705
300.000000 0.220000 0.220000 0.220000 0.000000 0.000000 0.000000 -37935.763515 29.801816
300.000000 0.222000 0.222000 0.222000 0.000000 0.000000 0.000000 -37919.448857 3.583406
300.000000 0.224000 0.224000 0.224000 0.000000 0.000000 0.000000 -37825.336723 10.954384
300.000000 0.226000 0.226000 0.226000 0.000000 0.000000 0.000000 -37879.546987 13.648703
300.000000 0.228000 0.228000 0.228000 0.000000 0.000000 0.000000 -37864.038569 21.078613
300.000000 0.230000 0.230000 0.230000 0.000000 0.000000 0.000000 -38004.385794 23.600351
300.000000 0.232000 0.232000 0.232000 0.000000 0.000000 0.000000 -37961.920453 19.864962
300.000000 0.234000 0.234000 0.234000 0.000000 0.000000 0.000000 -37914.497884 15.772491
300.000000 0.236000 0.236000 0.236000 0.000000 0.000000 0.000000 -37928.674230 18.788703
300.000000 0.238000 0.238000 0.238000 0.000000 0.000000 0.000000 -38021.624538 18.391909
300.000000 0.240000 0.240000 0.240000 0.000000 0.000000 0.000000 -37839.700707 24.866239
300.000000 0.242000 0.242000 0.242000 0.000000 0.000000 0.000000 -37885.416738 9.443240
300.000000 0.244000 0.244000 0.244000 0.000000 0.000000 0.000000 -37930.196327 18.480733
300.000000 0.246000 0.246000 0.246000 0.000000 0.000000 0.000000 -37884.181752 13.639098
300.000000 0.248000 0.248000 0.248000 0.000000 0.000000 0.000000 -37884.715324 3.131297
300.000000 0.250000 0.250000 0.250000 0.000000 0.000000 0.000000 -37936.774826 13.415133
300.000000 0.252000 0.252000 0.252000 0.000000 0.000000 0.000000 -37859.126684 27.851403
300.000000 0.254000 0.254000 0.254000 0.000000 0.000000 0.000000 -37859.269673 19.334250
300.000000 0.256000 0.256000 0.256000 0.000000 0.000000 0.000000 -37972.290467 11.921241
300.000000 0.258000 0.258000 0.258000 0.000000 0.000000 0.000000 -37909.610278 11.036472
300.000000 0.260000 0.260000 0.260000 0.000000 0.000000 0.000000 -37985.768677 16.745431
300.000000 0.262000 0.262000 0.262000 0.000000 0.000000 0.000000 -37970.244442 25.671729
300.000000 0.264000 0.264000 0.264000 0.000000 0.000000 0.000000 -38072.550362 13.963247
300.000000 0.266000 0.266000 0.266000 0.000000 0.000000 0.000000 -38016.526696 21.691478
300.000000 0.268000 0.268000 0.268000 0.000000 0.000000 0.000000 -37916.583144 7.293764
300.000000 0.270000 0.270000 0.270000 0.000000 0.000000 0.000000 -37982.950976 8.379082
300.000000 0.272000 0.272000 0.272000 0.000000 0.000000 0.000000 -37840.482783 12.952772
300.000000 0.274000 0.274000 0.274000 0.000000 0.000000 0.000000 -37892.536196 8.695886
300.000000 0.276000 0.276000 0.276000 0.000000 0.000000 0.000000 -37998.152507 8.438351
300.000000 0.278000 0.278000 0.278000 0.000000 0.000000 0.000000 -38026.876413 10.116906
300.000000 0.280000 0.280000 0.280000 0.000000 0.000000 0.000000 -38032.260880 7.479176
300.000000 0.282000 0.282000 0.282000 0.000000 0.000000 0.000000 -37828.320131 9.691658
300.000000 0.284000 0.284000 0.284000 0.000000 0.000000 0.000000 -37786.888903 5.939654
300.000000 0.286000 0.286000 0.286000 0.000000 0.000000 0.000000 -37852.309232 5.623253
300.000000 0.288000 0.288000 0.288000 0.000000 0.000000 0.000000 -37898.485949 9.773322
300.000000 0.290000 0.290000 0.290000 0.000000 0.000000 0.000000 -37917.436257 16.164213
300.000000 0.292000 0.292000 0.292000 0.000000 0.000000 0.000000 -37916.837565 12.196868
300.000000 0.294000 0.294000 0.294000 0.000000 0.000000 0.000000 -37998.471691 18.473717
300.000000 0.296000 0.296000 0.296000 0.000000 0.000000 0.000000 -37970.489243 6.653397
300.000000 0.298000 0.298000 0.298000 0.000000 0.000000 0.000000 -38021.913399 -1.328474
300.000000 0.300000 0.300000 0.300000 0.000000 0.000000 0.000000 -38111.874431 9.964712
300.000000 0.302000 0.302000 0.302000 0.000000 0.000000 0.000000 -38084.835686 8.032693
300.000000 0.304000 0.304000 0.304000 0.000000 0.000000 0.000000 -38072.087070 15.145201
300.000000 0.306000 0.306000 0.306000 0.000000 0.000000 0.000000 -37909.929735 17.771898
300.000000 0.308000 0.308000 0.308000 0.000000 0.000000 0.000000 -37924.647396 2.895244
300.000000 0.310000 0.310000 0.310000 0.000000 0.000000 0.000000 -37953.761455 4.312162
300.000000 0.312000 0.312000 0.312000 0.000000 0.000000 0.000000 -37914.409556 2.755320
300.000000 0.314000 0.314000 0.314000 0.000000 0.000000 0.000000 -38100.443452 10.592369
300.000000 0.316000 0.316000 0.316000 0.000000 0.000000 0.000000 -38131.327117 -2.297554
300.000000 0.318000 0.318000 0.318000 0.000000 0.000000 0.000000 -38030.191444 10.159156
300.000000 0.320000 0.320000 0.320000 0.000000 0.000000 0.000000 -38009.330122 11.324453
300.000000 0.322000 0.322000 0.322000 0.000000 0.000000 0.000000 -38059.739385 7.255198
300.000000 0.324000 0.324000 0.324000 0.000000 0.000000 0.000000 -37939.022852 7.138483
300.000000 0.326000 0.326000 0.326000 0.000000 0.000000 0.000000 -37816.785942 7.897938
300.000000 0.328000 0.328000 0.328000 0.000000 0.000000 0.000000 -37944.082980 9.943711
300.000000 0.330000 0.330000 0.330000 0.000000 0.000000 0.000000 -37877.143865 9.820285
300.000000 0.332000 0.332000 0.332000 0.000000 0.000000 0.000000 -37899.505620 12.285292
300.000000 0.334000 0.334000 0.334000 0.000000 0.000000 0.000000 -37944.478751 8.133034
300.000000 0.336000 0.336000 0.336000 0.000000 0.000000 0.000000 -37977.841333 9.471125
300.000000 0.338000 0.338000 0.338000 0.000000 0.000000 0.000000 -37834.316165 6.479733
300.000000 0.340000 0.340000 0.340000 0.000000 0.000000 0.000000 -37765.494534 4.330087
300.000000 0.342000 0.342000 0.342000 0.000000 0.000000 0.000000 -37885.812151 10.195080
300.000000 0.344000 0.344000 0.344000 0.000000 0.000000 0.000000 -37904.843555 9.293237
300.000000 0.346000 0.346000 0.346000 0.000000 0.000000 0.000000 -37944.383921 5.048681
300.000000 0.348000 0.348000 0.348000 0.000000 0.000000 0.000000 -37916.051835 13.432449
300.000000 0.350000 0.350000 0.350000 0.000000 0.000000 0.000000 -37949.054351 2.938901
300.000000 0.352000 0.352000 0.352000 0.000000 0.000000 0.000000 -37906.457412 16.184088
300.000000 0.354000 0.354000 0.354000 0.000000 0.000000 0.000000 -37936.409699 9.355712
300.000000 0.356000 0.356000 0.356000 0.000000 0.000000 0.000000 -37886.284417 0.113298
300.000000 0.358000 0.358000 0.358000 0.000000 0.000000 0.000000 -37935.766714 1.026255
300.000000 0.360000 0.360000 0.360000 0.000000 0.000000 0.000000 -37863.180157 11.053051
300.000000 0.362000 0.362000 0.362000 0.000000 0.000000 0.000000 -37962.610417 7.112738
300.000000 0.364000 0.364000 0.364000 0.000000 0.000000 0.000000 -37818.508042 7.829877
300.000000 0.366000 0.366000 0.366000 0.000000 0.000000 0.000000 -38028.530733 12.859977
300.000000 0.368000 0.368000 0.368000 0.000000 0.000000 0.000000 -38037.864627 -9.346876
300.000000 0.370000 0.370000 0.370000 0.000000 0.000000 0.000000 -37987.319250 12.061237
300.000000 0.372000 0.372000 0.372000 0.000000 0.000000 0.000000 -37945.806878 1.108753
300.000000 0.374000 0.374000 0.374000 0.000000 0.000000 0.000000 -38002.246126 10.597347
300.000000 0.376000 0.376000 0.376000 0.000000 0.000000 0.000000 -38000.434250 11.974796
300.000000 0.378000 0.378000 0.378000 0.000000 0.000000 0.000000 -38054.339037 11.632048
300.000000 0.380000 0.380000 0.380000 0.000000 0.000000 0.000000 -38066.457964 5.328410
300.000000 0.382000 0.382000 0.382000 0.000000 0.000000 0.000000 -38069.478632 14.603595
300.000000 0.384000 0.384000 0.384000 0.000000 0.000000 0.000000 -38056.700235 2.858346
300.000000 0.386000 0.386000 0.386000 0.000000 0.000000 0.000000 -38002.240778 9.428066
300.000000 0.388000 0.388000 0.388000 0.000000 0.000000 0.000000 -38097.994710 6.321044
300.000000 0.390000 0.390000 0.390000 0.000000 0.000000 0.000000 -37897.552023 13.429181
300.000000 0.392000 0.392000 0.392000 0.000000 0.000000 0.000000 -37747.542619 5.585904
300.000000 0.394000 0.394000 0.394000 0.000000 0.000000 0.000000 -37888.858925 -0.828112
300.000000 0.396000 0.396000 0.396000 0.000000 0.000000 0.000000 -37786.654972 13.308596
300.000000 0.398000 0.398000 0.398000 0.000000 0.000000 0.000000 -38016.501114 1.337719
300.000000 0.400000 0.400000 0.400000 0.000000 0.000000 0.000000 -38004.886364 4.076973
300.000000 0.402000 0.402000 0.402000 0.000000 0.000000 0.000000 -38094.831137 7.480029
300.000000 0.404000 0.404000 0.404000 0.000000 0.000000 0.000000 -38028.352524 4.633916
300.000000 0.406000 0.406000 0.406000 0.000000 0.000000 0.000000 -37989.199417 1.874594
300.000000 0.408000 0.408000 0.408000 0.000000 0.000000 0.000000 -38049.479468 3.439027
300.000000 0.410000 0.410000 0.410000 0.000000 0.000000 0.000000 -38040.171665 0.170133
300.000000 0.412000 0.412000 0.412000 0.000000 0.000000 0.000000 -37984.153399 -0.281637
300.000000 0.414000 0.414000 0.414000 0.000000 0.000000 0.000000 -37953.508394 8.016370
300.000000 0.416000 0.416000 0.416000 0.000000 0.000000 0.000000 -37862.511806 8.541444
300.000000 0.418000 0.418000 0.418000 0.000000 0.000000 0.000000 -37879.028301 -0.925058
300.000000 0.420000 0.420000 0.420000 0.000000 0.000000 0.000000 -37829.101549 -1.460977
300.000000 0.422000 0.422000 0.422000 0.000000 0.000000 0.000000 -37738.886341 15.589517
300.000000 0.424000 0.424000 0.424000 0.000000 0.000000 0.000000 -37826.927350 6.185421
300.000000 0.426000 0.426000 0.426000 0.000000 0.000000 0.000000 -37957.583410 -3.320185
300.000000 0.428000 0.428000 0.428000 0.000000 0.000000 0.000000 -37901.733282 6.040650
300.000000 0.430000 0.430000 0.430000 0.000000 0.000000 0.000000 -37934.064433 2.327827
300.000000 0.432000 0.432000 0.432000 0.000000 0.000000 0.000000 -37942.094169 4.052035
300.000000 0.434000 0.434000 0.434000 0.000000 0.000000 0.000000 -38010.392767 1.436880
300.000000 0.436000 0.436000 0.436000 0.000000 0.000000 0.000000 -37741.340656 7.265345
300.000000 0.438000 0.438000 0.438000 0.000000 0.000000 0.000000 -37845.970466 1.755527
300.000000 0.440000 0.440000 0.440000 0.000000 0.000000 0.000000 -37885.307163 6.931630
300.000000 0.442000 0.442000 0.442000 0.000000 0.000000 0.000000 -38025.857280 4.534291
300.000000 0.444000 0.444000 0.444000 0.000000 0.000000 0.000000 -37893.658384 8.298348
300.000000 0.446000 0.446000 0.446000 0.000000 0.000000 0.000000 -37766.076126 7.775494
300.000000 0.448000 0.448000 0.448000 0.000000 0.000000 0.000000 -37863.069512 4.817845
300.000000 0.450000 0.450000 0.450000 0.000000 0.000000 0.000000 -37715.816919 -3.791629
300.000000 0.452000 0.452000 0.452000 0.000000 0.000000 0.000000 -37850.485087 2.917615
300.000000 0.454000 0.454000 0.454000 0.000000 0.000000 0.000000 -38012.469650 2.524659
300.000000 0.456000 0.456000 0.456000 0.000000 0.000000 0.000000 -38081.025326 2.646433
300.000000 0.458000 0.458000 0.458000 0.000000 0.000000 0.000000 -38056.743521 -1.961629
300.000000 0.460000 0.460000 0.460000 0.000000 0.000000 0.000000 -38097.422424 -1.343019
300.000000 0.462000 0.462000 0.462000 0.000000 0.000000 0.000000 -38181.782046 0.284610
300.000000 0.464000 0.464000 0.464000 0.000000 0.000000 0.000000 -37997.312404 2.304813
300.000000 0.466000 0.466000 0.466000 0.000000 0.000000 0.000000 -38000.217191 -2.124648
300.000000 0.468000 0.468000 0.468000 0.000000 0.000000 0.000000 -38155.924041 0.737953
300.000000 0.470000 0.470000 0.470000 0.000000 0.000000 0.000000 -37949.667392 -1.579458
300.000000 0.472000 0.472000 0.472000 0.000000 0.000000 0.000000 -37965.505143 -0.059318
300.000000 0.474000 0.474000 0.474000 0.000000 0.000000 0.000000 -38016.688733 2.168973
300.000000 0.476000 0.476000 0.476000 0.000000 0.000000 0.000000 -38012.601306 -3.793757
300.000000 0.478000 0.478000 0.478000 0.000000 0.000000 0.000000 -38026.706308 0.715363
300.000000 0.480000 0.480000 0.480000 0.000000 0.000000 0.000000 -38126.541227 10.859271
300.000000 0.482000 0.482000 0.482000 0.000000 0.000000 0.000000 -38114.701310 2.138432
300.000000 0.484000 0.484000 0.484000 0.000000 0.000000 0.000000 -38067.401679 -6.442108
300.000000 0.486000 0.486000 0.486000 0.000000 0.000000 0.000000 -37998.126324 4.606049
300.000000 0.488000 0.488000 0.488000 0.000000 0.000000 0.000000 -37947.795867 3.440824
300.000000 0.490000 0.490000 0.490000 0.000000 0.000000 0.000000 -38048.284356 -5.027385
300.000000 0.492000 0.492000 0.492000 0.000000 0.000000 0.000000 -38047.011406 -11.100053
300.000000 0.494000 0.494000 0.494000 0.000000 0.000000 0.000000 -38024.542873 0.569223
300.000000 0.496000 0.496000 0.496000 0.000000 0.000000 0.000000 -38006.239405 -0.620139
300.000000 0.498000 0.498000 0.498000 0.000000 0.000000 0.000000 -38078.572672 -1.390887
