50.000000 0.500000 0.500000 0.500000 0.000000 0.000000 0.000000 -32931.612982 -8.275574
75.000000 0.500000 0.500000 0.500000 0.000000 0.000000 0.000000 -32778.456330 -7.849845
100.000000 0.500000 0.500000 0.500000 0.000000 0.000000 0.000000 -32508.010282 -10.964388
125.000000 0.500000 0.500000 0.500000 0.000000 0.000000 0.000000 -32118.182415 -11.390117
150.000000 0.500000 0.500000 0.500000 0.000000 0.000000 0.000000 -31694.844424 1.583413
175.000000 0.500000 0.500000 0.500000 0.000000 0.000000 0.000000 -31282.571214 -3.928657
200.000000 0.500000 0.500000 0.500000 0.000000 0.000000 0.000000 -30821.644786 -7.999223
225.000000 0.500000 0.500000 0.500000 0.000000 0.000000 0.000000 -30112.261786 3.913719
250.000000 0.500000 0.500000 0.500000 0.000000 0.000000 0.000000 -29058.801116 -5.892985
275.000000 0.500000 0.500000 0.500000 0.000000 0.000000 0.000000 -28202.303259 -1.986735
300.000000 0.500000 0.500000 0.500000 0.000000 0.000000 0.000000 -27653.937242 4.122849
300.000000 0.500000 0.500000 0.500000 0.000000 0.000000 0.000000 -27893.041997 -9.784297
300.000000 0.500000 0.500000 0.500000 0.000000 0.000000 0.000000 -27994.358188 -1.717854
300.000000 0.500000 0.500000 0.500000 0.000000 0.000000 0.000000 -27963.117175 -4.369324
300.000000 0.500000 0.500000 0.500000 0.000000 0.000000 0.000000 -27857.526542 0.619921
300.000000 0.500000 0.500000 0.500000 0.000000 0.000000 0.000000 -27877.988034 -1.254780
300.000000 0.500000 0.500000 0.500000 0.000000 0.000000 0.000000 -27877.523029 -0.761831
300.000000 0.500000 0.500000 0.500000 0.000000 0.000000 0.000000 -27845.111111 1.299594
300.000000 0.500000 0.500000 0.500000 0.000000 0.000000 0.000000 -27864.164172 -2.793380
300.000000 0.500000 0.500000 0.500000 0.000000 0.000000 0.000000 -27672.056446 -11.285552
