300.000000 0.000000 0.000000 0.000000 0.000000 0.000000 0.000000 -33029.735641 817.961180
300.000000 0.002000 0.002000 0.002000 0.000000 0.000000 0.000000 -33108.088811 907.367946
300.000000 0.004000 0.004000 0.004000 0.000000 0.000000 0.000000 -33082.730230 924.630841
300.000000 0.006000 0.006000 0.006000 0.000000 0.000000 0.000000 -32980.541758 892.413054
300.000000 0.008000 0.008000 0.008000 0.000000 0.000000 0.000000 -32921.213887 641.020316
300.000000 0.010000 0.010000 0.010000 0.000000 0.000000 0.000000 -32876.668027 621.434070
300.000000 0.012000 0.012000 0.012000 0.000000 0.000000 0.000000 -32805.309949 217.643731
300.000000 0.014000 0.014000 0.014000 0.000000 0.000000 0.000000 -32887.316847 57.993501
300.000000 0.016000 0.016000 0.016000 0.000000 0.000000 0.000000 -32938.092688 73.977281
300.000000 0.018000 0.018000 0.018000 0.000000 0.000000 0.000000 -32914.833562 104.133855
300.000000 0.020000 0.020000 0.020000 0.000000 0.000000 0.000000 -32916.015018 110.598816
300.000000 0.022000 0.022000 0.022000 0.000000 0.000000 0.000000 -32861.133318 263.169460
300.000000 0.024000 0.024000 0.024000 0.000000 0.000000 0.000000 -32876.843036 40.764862
300.000000 0.026000 0.026000 0.026000 0.000000 0.000000 0.000000 -32925.446841 93.142223
300.000000 0.028000 0.028000 0.028000 0.000000 0.000000 0.000000 -32831.155343 119.891301
300.000000 0.030000 0.030000 0.030000 0.000000 0.000000 0.000000 -32975.433078 85.915796
300.000000 0.032000 0.032000 0.032000 0.000000 0.000000 0.000000 -32957.350143 69.082573
300.000000 0.034000 0.034000 0.034000 0.000000 0.000000 0.000000 -32976.709241 59.634648
300.000000 0.036000 0.036000 0.036000 0.000000 0.000000 0.000000 -33026.151466 96.361056
300.000000 0.038000 0.038000 0.038000 0.000000 0.000000 0.000000 -32968.603732 176.025047
300.000000 0.040000 0.040000 0.040000 0.000000 0.000000 0.000000 -33016.513538 60.676796
300.000000 0.042000 0.042000 0.042000 0.000000 0.000000 0.000000 -33014.200032 40.282387
300.000000 0.044000 0.044000 0.044000 0.000000 0.000000 0.000000 -33176.736698 113.345907
300.000000 0.046000 0.046000 0.046000 0.000000 0.000000 0.000000 -33181.528004 50.118673
300.000000 0.048000 0.048000 0.048000 0.000000 0.000000 0.000000 -33160.392827 27.593949
300.000000 0.050000 0.050000 0.050000 0.000000 0.000000 0.000000 -33185.222327 41.375352
300.000000 0.052000 0.052000 0.052000 0.000000 0.000000 0.000000 -33117.572690 35.131466
300.000000 0.054000 0.054000 0.054000 0.000000 0.000000 0.000000 -33019.529917 47.369881
300.000000 0.056000 0.056000 0.056000 0.000000 0.000000 0.000000 -33033.114108 68.001917
300.000000 0.058000 0.058000 0.058000 0.000000 0.000000 0.000000 -32989.764946 35.898740
300.000000 0.060000 0.060000 0.060000 0.000000 0.000000 0.000000 -33005.967754 13.447049
300.000000 0.062000 0.062000 0.062000 0.000000 0.000000 0.000000 -32967.825705 39.015295
300.000000 0.064000 0.064000 0.064000 0.000000 0.000000 0.000000 -33031.078397 82.611218
300.000000 0.066000 0.066000 0.066000 0.000000 0.000000 0.000000 -33133.737382 38.127081
300.000000 0.068000 0.068000 0.068000 0.000000 0.000000 0.000000 -33032.763082 19.031721
300.000000 0.070000 0.070000 0.070000 0.000000 0.000000 0.000000 -33147.693832 27.804029
300.000000 0.072000 0.072000 0.072000 0.000000 0.000000 0.000000 -33052.643924 41.901071
300.000000 0.074000 0.074000 0.074000 0.000000 0.000000 0.000000 -33239.118280 25.866371
300.000000 0.076000 0.076000 0.076000 0.000000 0.000000 0.000000 -33116.415931 34.240283
300.000000 0.078000 0.078000 0.078000 0.000000 0.000000 0.000000 -33098.116866 40.263981
300.000000 0.080000 0.080000 0.080000 0.000000 0.000000 0.000000 -32947.723222 35.713901
300.000000 0.082000 0.082000 0.082000 0.000000 0.000000 0.000000 -33043.811056 22.252371
300.000000 0.084000 0.084000 0.084000 0.000000 0.000000 0.000000 -33061.440485 36.585427
300.000000 0.086000 0.086000 0.086000 0.000000 0.000000 0.000000 -33017.551780 19.508220
300.000000 0.088000 0.088000 0.088000 0.000000 0.000000 0.000000 -32919.810029 23.665255
300.000000 0.090000 0.090000 0.090000 0.000000 0.000000 0.000000 -32939.680738 16.037666
300.000000 0.092000 0.092000 0.092000 0.000000 0.000000 0.000000 -32881.295574 41.409831
300.000000 0.094000 0.094000 0.094000 0.000000 0.000000 0.000000 -33102.329198 34.456170
300.000000 0.096000 0.096000 0.096000 0.000000 0.000000 0.000000 -33097.930215 22.340332
300.000000 0.098000 0.098000 0.098000 0.000000 0.000000 0.000000 -33057.016434 31.308239
300.000000 0.100000 0.100000 0.100000 0.000000 0.000000 0.000000 -33040.657729 23.077151
300.000000 0.102000 0.102000 0.102000 0.000000 0.000000 0.000000 -33025.916930 13.388203
300.000000 0.104000 0.104000 0.104000 0.000000 0.000000 0.000000 -33042.371355 15.547523
300.000000 0.106000 0.106000 0.106000 0.000000 0.000000 0.000000 -33186.138628 29.273044
300.000000 0.108000 0.108000 0.108000 0.000000 0.000000 0.000000 -33090.685995 34.676058
300.000000 0.110000 0.110000 0.110000 0.000000 0.000000 0.000000 -33086.340547 16.397167
300.000000 0.112000 0.112000 0.112000 0.000000 0.000000 0.000000 -33123.727292 13.482534
300.000000 0.114000 0.114000 0.114000 0.000000 0.000000 0.000000 -33119.929234 17.795698
300.000000 0.116000 0.116000 0.116000 0.000000 0.000000 0.000000 -33134.561447 31.293865
300.000000 0.118000 0.118000 0.118000 0.000000 0.000000 0.000000 -33060.227715 19.593295
300.000000 0.120000 0.120000 0.120000 0.000000 0.000000 0.000000 -33154.739008 26.753488
300.000000 0.122000 0.122000 0.122000 0.000000 0.000000 0.000000 -33096.963229 23.737794
300.000000 0.124000 0.124000 0.124000 0.000000 0.000000 0.000000 -33024.192001 25.115983
300.000000 0.126000 0.126000 0.126000 0.000000 0.000000 0.000000 -32966.885588 19.099809
300.000000 0.128000 0.128000 0.128000 0.000000 0.000000 0.000000 -33160.295539 7.919400
300.000000 0.130000 0.130000 0.130000 0.000000 0.000000 0.000000 -33153.245974 35.041803
300.000000 0.132000 0.132000 0.132000 0.000000 0.000000 0.000000 -33081.818321 29.121776
300.000000 0.134000 0.134000 0.134000 0.000000 0.000000 0.000000 -33105.909010 12.231795
300.000000 0.136000 0.136000 0.136000 0.000000 0.000000 0.000000 -33204.813518 23.071268
300.000000 0.138000 0.138000 0.138000 0.000000 0.000000 0.000000 -33191.556426 11.977076
300.000000 0.140000 0.140000 0.140000 0.000000 0.000000 0.000000 -33139.016967 2.273109
300.000000 0.142000 0.142000 0.142000 0.000000 0.000000 0.000000 -33091.910050 12.819352
300.000000 0.144000 0.144000 0.144000 0.000000 0.000000 0.000000 -33025.420193 6.093142
300.000000 0.146000 0.146000 0.146000 0.000000 0.000000 0.000000 -33061.757108 4.371993
300.000000 0.148000 0.148000 0.148000 0.000000 0.000000 0.000000 -33080.285146 9.138366
300.000000 0.150000 0.150000 0.150000 0.000000 0.000000 0.000000 -33085.986900 19.674601
300.000000 0.152000 0.152000 0.152000 0.000000 0.000000 0.000000 -33138.835322 40.883079
300.000000 0.154000 0.154000 0.154000 0.000000 0.000000 0.000000 -33081.519374 20.392879
300.000000 0.156000 0.156000 0.156000 0.000000 0.000000 0.000000 -32958.578958 8.345866
300.000000 0.158000 0.158000 0.158000 0.000000 0.000000 0.000000 -32934.464321 16.805736
300.000000 0.160000 0.160000 0.160000 0.000000 0.000000 0.000000 -33019.032557 7.489742
300.000000 0.162000 0.162000 0.162000 0.000000 0.000000 0.000000 -32973.081967 5.611124
300.000000 0.164000 0.164000 0.164000 0.000000 0.000000 0.000000 -32965.918362 24.501487
300.000000 0.166000 0.166000 0.166000 0.000000 0.000000 0.000000 -32947.876358 11.952962
300.000000 0.168000 0.168000 0.168000 0.000000 0.000000 0.000000 -33064.077262 3.535418
300.000000 0.170000 0.170000 0.170000 0.000000 0.000000 0.000000 -33067.816826 29.745782
300.000000 0.172000 0.172000 0.172000 0.000000 0.000000 0.000000 -32979.047734 14.250131
300.000000 0.174000 0.174000 0.174000 0.000000 0.000000 0.000000 -33046.911870 24.691184
300.000000 0.176000 0.176000 0.176000 0.000000 0.000000 0.000000 -33140.187353 15.121870
300.000000 0.178000 0.178000 0.178000 0.000000 0.000000 0.000000 -32948.368851 25.319320
300.000000 0.180000 0.180000 0.180000 0.000000 0.000000 0.000000 -33027.893225 15.211899
300.000000 0.182000 0.182000 0.182000 0.000000 0.000000 0.000000 -32988.848516 9.073298
300.000000 0.184000 0.184000 0.184000 0.000000 0.000000 0.000000 -32953.803940 18.155257
300.000000 0.186000 0.186000 0.186000 0.000000 0.000000 0.000000 -33064.981272 23.455157
300.000000 0.188000 0.188000 0.188000 0.000000 0.000000 0.000000 -32999.178071 18.400209
300.000000 0.190000 0.190000 0.190000 0.000000 0.000000 0.000000 -32966.339544 20.688655
300.000000 0.192000 0.192000 0.192000 0.000000 0.000000 0.000000 -32822.954903 8.682424
300.000000 0.194000 0.194000 0.194000 0.000000 0.000000 0.000000 -32937.297023 15.995420
300.000000 0.196000 0.196000 0.196000 0.000000 0.000000 0.000000 -32905.747855 19.488557
300.000000 0.198000 0.198000 0.198000 0.000000 0.000000 0.000000 -32934.869535 25.530537
300.000000 0.200000 0.200000 0.200000 0.000000 0.000000 0.000000 -32942.019376 13.898095
300.000000 0.202000 0.202000 0.202000 0.000000 0.000000 0.000000 -33157.845769 15.518754
300.000000 0.204000 0.204000 0.204000 0.000000 0.000000 0.000000 -33103.668634 3.989096
300.000000 0.206000 0.206000 0.206000 0.000000 0.000000 0.000000 -33148.741181 11.058559
300.000000 0.208000 0.208000 0.208000 0.000000 0.000000 0.000000 -33022.092040 30.018158
300.000000 0.210000 0.210000 0.210000 0.000000 0.000000 0.000000 -33062.034887 12.973005
300.000000 0.212000 0.212000 0.212000 0.000000 0.000000 0.000000 -32998.047294 17.062267
300.000000 0.214000 0.214000 0.214000 0.000000 0.000000 0.000000 -32954.209605 1.976424
300.000000 0.216000 0.216000 0.216000 0.000000 0.000000 0.000000 -32982.392078 6.010378
300.000000 0.218000 0.218000 0.218000 0.000000 0.000000 0.000000 -32971.148936 15.480142
300.000000 0.220000 0.220000 0.220000 0.000000 0.000000 0.000000 -33050.384032 14.750446
300.000000 0.222000 0.222000 0.222000 0.000000 0.000000 0.000000 -33105.007569 10.712009
300.000000 0.224000 0.224000 0.224000 0.000000 0.000000 0.000000 -32958.427444 5.146005
300.000000 0.226000 0.226000 0.226000 0.000000 0.000000 0.000000 -33005.497479 12.837608
300.000000 0.228000 0.228000 0.228000 0.000000 0.000000 0.000000 -33086.964842 8.721093
300.000000 0.230000 0.230000 0.230000 0.000000 0.000000 0.000000 -33052.910463 20.910302
300.000000 0.232000 0.232000 0.232000 0.000000 0.000000 0.000000 -32994.679016 17.458143
300.000000 0.234000 0.234000 0.234000 0.000000 0.000000 0.000000 -33105.095776 9.259494
300.000000 0.236000 0.236000 0.236000 0.000000 0.000000 0.000000 -33100.027522 7.413646
300.000000 0.238000 0.238000 0.238000 0.000000 0.000000 0.000000 -33169.693025 1.057221
300.000000 0.240000 0.240000 0.240000 0.000000 0.000000 0.000000 -33127.936764 20.075517
300.000000 0.242000 0.242000 0.242000 0.000000 0.000000 0.000000 -33035.740567 1.265002
300.000000 0.244000 0.244000 0.244000 0.000000 0.000000 0.000000 -33096.241440 23.982445
300.000000 0.246000 0.246000 0.246000 0.000000 0.000000 0.000000 -33117.985501 15.167820
300.000000 0.248000 0.248000 0.248000 0.000000 0.000000 0.000000 -33164.427188 11.930392
300.000000 0.250000 0.250000 0.250000 0.000000 0.000000 0.000000 -33068.889520 12.758257
300.000000 0.252000 0.252000 0.252000 0.000000 0.000000 0.000000 -33076.908589 9.579179
300.000000 0.254000 0.254000 0.254000 0.000000 0.000000 0.000000 -33138.906245 23.732855
300.000000 0.256000 0.256000 0.256000 0.000000 0.000000 0.000000 -33137.680586 14.120037
300.000000 0.258000 0.258000 0.258000 0.000000 0.000000 0.000000 -33006.572051 21.475247
300.000000 0.260000 0.260000 0.260000 0.000000 0.000000 0.000000 -32989.931371 4.212923
300.000000 0.262000 0.262000 0.262000 0.000000 0.000000 0.000000 -33058.627468 19.192380
300.000000 0.264000 0.264000 0.264000 0.000000 0.000000 0.000000 -32898.613104 2.285174
300.000000 0.266000 0.266000 0.266000 0.000000 0.000000 0.000000 -33017.866349 6.783709
300.000000 0.268000 0.268000 0.268000 0.000000 0.000000 0.000000 -33015.280260 9.486984
300.000000 0.270000 0.270000 0.270000 0.000000 0.000000 0.000000 -33143.829595 6.657614
300.000000 0.272000 0.272000 0.272000 0.000000 0.000000 0.000000 -33051.067675 1.435012
300.000000 0.274000 0.274000 0.274000 0.000000 0.000000 0.000000 -32951.279039 10.226750
300.000000 0.276000 0.276000 0.276000 0.000000 0.000000 0.000000 -32976.219557 3.173142
300.000000 0.278000 0.278000 0.278000 0.000000 0.000000 0.000000 -33100.418172 11.921794
300.000000 0.280000 0.280000 0.280000 0.000000 0.000000 0.000000 -33002.506474 9.586096
300.000000 0.282000 0.282000 0.282000 0.000000 0.000000 0.000000 -33040.607927 8.724418
300.000000 0.284000 0.284000 0.284000 0.000000 0.000000 0.000000 -32999.105551 10.787478
300.000000 0.286000 0.286000 0.286000 0.000000 0.000000 0.000000 -33058.475106 -7.452576
300.000000 0.288000 0.288000 0.288000 0.000000 0.000000 0.000000 -33080.607724 7.786360
300.000000 0.290000 0.290000 0.290000 0.000000 0.000000 0.000000 -32986.639277 9.300696
300.000000 0.292000 0.292000 0.292000 0.000000 0.000000 0.000000 -33119.255635 7.879211
300.000000 0.294000 0.294000 0.294000 0.000000 0.000000 0.000000 -33159.676829 2.838457
300.000000 0.296000 0.296000 0.296000 0.000000 0.000000 0.000000 -33128.609109 2.749041
300.000000 0.298000 0.298000 0.298000 0.000000 0.000000 0.000000 -33078.724898 10.877068
300.000000 0.300000 0.300000 0.300000 0.000000 0.000000 0.000000 -33031.079710 10.365002
300.000000 0.302000 0.302000 0.302000 0.000000 0.000000 0.000000 -33135.512228 20.427800
300.000000 0.304000 0.304000 0.304000 0.000000 0.000000 0.000000 -33006.119247 2.610661
300.000000 0.306000 0.306000 0.306000 0.000000 0.000000 0.000000 -33014.942416 7.811124
300.000000 0.308000 0.308000 0.308000 0.000000 0.000000 0.000000 -33040.272111 1.975762
300.000000 0.310000 0.310000 0.310000 0.000000 0.000000 0.000000 -33011.040526 6.579723
300.000000 0.312000 0.312000 0.312000 0.000000 0.000000 0.000000 -32962.169663 2.271272
300.000000 0.314000 0.314000 0.314000 0.000000 0.000000 0.000000 -33061.826143 0.278038
300.000000 0.316000 0.316000 0.316000 0.000000 0.000000 0.000000 -33095.687001 1.915719
300.000000 0.318000 0.318000 0.318000 0.000000 0.000000 0.000000 -33061.994427 9.707555
300.000000 0.320000 0.320000 0.320000 0.000000 0.000000 0.000000 -33085.983827 4.194451
300.000000 0.322000 0.322000 0.322000 0.000000 0.000000 0.000000 -33079.919838 12.184930
300.000000 0.324000 0.324000 0.324000 0.000000 0.000000 0.000000 -33064.301232 5.985392
300.000000 0.326000 0.326000 0.326000 0.000000 0.000000 0.000000 -33135.688362 13.195033
300.000000 0.328000 0.328000 0.328000 0.000000 0.000000 0.000000 -33149.028614 -0.179458
300.000000 0.330000 0.330000 0.330000 0.000000 0.000000 0.000000 -33204.834290 10.078708
300.000000 0.332000 0.332000 0.332000 0.000000 0.000000 0.000000 -33123.986618 8.112123
300.000000 0.334000 0.334000 0.334000 0.000000 0.000000 0.000000 -33133.007389 -1.436901
300.000000 0.336000 0.336000 0.336000 0.000000 0.000000 0.000000 -33100.667969 2.078808
300.000000 0.338000 0.338000 0.338000 0.000000 0.000000 0.000000 -32967.417546 7.527652
300.000000 0.340000 0.340000 0.340000 0.000000 0.000000 0.000000 -33045.722744 17.524751
300.000000 0.342000 0.342000 0.342000 0.000000 0.000000 0.000000 -33003.842978 3.544216
300.000000 0.344000 0.344000 0.344000 0.000000 0.000000 0.000000 -33100.734143 7.042316
300.000000 0.346000 0.346000 0.346000 0.000000 0.000000 0.000000 -33019.567577 4.430809
300.000000 0.348000 0.348000 0.348000 0.000000 0.000000 0.000000 -32945.389966 9.153934
300.000000 0.350000 0.350000 0.350000 0.000000 0.000000 0.000000 -32963.768308 5.296959
300.000000 0.352000 0.352000 0.352000 0.000000 0.000000 0.000000 -32936.843421 1.858865
300.000000 0.354000 0.354000 0.354000 0.000000 0.000000 0.000000 -33045.852094 15.924016
300.000000 0.356000 0.356000 0.356000 0.000000 0.000000 0.000000 -32948.730034 -5.781940
300.000000 0.358000 0.358000 0.358000 0.000000 0.000000 0.000000 -33014.807831 4.736706
300.000000 0.360000 0.360000 0.360000 0.000000 0.000000 0.000000 -33048.619134 3.940256
300.000000 0.362000 0.362000 0.362000 0.000000 0.000000 0.000000 -32958.182664 5.115157
300.000000 0.364000 0.364000 0.364000 0.000000 0.000000 0.000000 -33082.140918 16.111656
300.000000 0.366000 0.366000 0.366000 0.000000 0.000000 0.000000 -32988.771173 5.437409
300.000000 0.368000 0.368000 0.368000 0.000000 0.000000 0.000000 -33029.894669 10.383385
300.000000 0.370000 0.370000 0.370000 0.000000 0.000000 0.000000 -33096.947672 -4.696335
300.000000 0.372000 0.372000 0.372000 0.000000 0.000000 0.000000 -33147.665061 -1.541087
300.000000 0.374000 0.374000 0.374000 0.000000 0.000000 0.000000 -33064.820534 4.442814
300.000000 0.376000 0.376000 0.376000 0.000000 0.000000 0.000000 -33021.361488 5.429048
300.000000 0.378000 0.378000 0.378000 0.000000 0.000000 0.000000 -33122.045045 5.623124
300.000000 0.380000 0.380000 0.380000 0.000000 0.000000 0.000000 -33054.208797 2.971242
300.000000 0.382000 0.382000 0.382000 0.000000 0.000000 0.000000 -33060.769938 2.092531
300.000000 0.384000 0.384000 0.384000 0.000000 0.000000 0.000000 -32976.485031 1.727500
300.000000 0.386000 0.386000 0.386000 0.000000 0.000000 0.000000 -33157.344390 16.541239
300.000000 0.388000 0.388000 0.388000 0.000000 0.000000 0.000000 -33071.439464 4.033573
300.000000 0.390000 0.390000 0.390000 0.000000 0.000000 0.000000 -33067.186022 -2.729258
300.000000 0.392000 0.392000 0.392000 0.000000 0.000000 0.000000 -33092.996795 0.477361
300.000000 0.394000 0.394000 0.394000 0.000000 0.000000 0.000000 -33164.238222 2.610183
300.000000 0.396000 0.396000 0.396000 0.000000 0.000000 0.000000 -33304.142453 5.990543
300.000000 0.398000 0.398000 0.398000 0.000000 0.000000 0.000000 -33209.876623 4.830302
300.000000 0.400000 0.400000 0.400000 0.000000 0.000000 0.000000 -33111.840021 -0.883776
300.000000 0.402000 0.402000 0.402000 0.000000 0.000000 0.000000 -33131.093753 -6.985157
300.000000 0.404000 0.404000 0.404000 0.000000 0.000000 0.000000 -33281.048561 9.665380
300.000000 0.406000 0.406000 0.406000 0.000000 0.000000 0.000000 -33210.519836 3.825694
300.000000 0.408000 0.408000 0.408000 0.000000 0.000000 0.000000 -33276.270476 5.675397
300.000000 0.410000 0.410000 0.410000 0.000000 0.000000 0.000000 -33132.378254 -3.649387
300.000000 0.412000 0.412000 0.412000 0.000000 0.000000 0.000000 -33067.256797 13.415159
300.000000 0.414000 0.414000 0.414000 0.000000 0.000000 0.000000 -33018.754949 3.558144
300.000000 0.416000 0.416000 0.416000 0.000000 0.000000 0.000000 -33219.278708 4.447283
300.000000 0.418000 0.418000 0.418000 0.000000 0.000000 0.000000 -33128.908833 7.385850
300.000000 0.420000 0.420000 0.420000 0.000000 0.000000 0.000000 -33140.546868 0.930253
300.000000 0.422000 0.422000 0.422000 0.000000 0.000000 0.000000 -33203.076394 3.219539
300.000000 0.424000 0.424000 0.424000 0.000000 0.000000 0.000000 -33167.242701 11.981125
300.000000 0.426000 0.426000 0.426000 0.000000 0.000000 0.000000 -33119.028268 6.297557
300.000000 0.428000 0.428000 0.428000 0.000000 0.000000 0.000000 -33219.060818 1.832969
300.000000 0.430000 0.430000 0.430000 0.000000 0.000000 0.000000 -33044.544602 8.438158
300.000000 0.432000 0.432000 0.432000 0.000000 0.000000 0.000000 -33140.103050 -1.391522
300.000000 0.434000 0.434000 0.434000 0.000000 0.000000 0.000000 -33235.603644 2.952519
300.000000 0.436000 0.436000 0.436000 0.000000 0.000000 0.000000 -33173.649291 10.075720
300.000000 0.438000 0.438000 0.438000 0.000000 0.000000 0.000000 -33151.636726 -0.651343
300.000000 0.440000 0.440000 0.440000 0.000000 0.000000 0.000000 -33162.349052 2.239926
300.000000 0.442000 0.442000 0.442000 0.000000 0.000000 0.000000 -33013.969206 11.863435
300.000000 0.444000 0.444000 0.444000 0.000000 0.000000 0.000000 -33070.873640 -4.883492
300.000000 0.446000 0.446000 0.446000 0.000000 0.000000 0.000000 -33063.388718 3.505045
300.000000 0.448000 0.448000 0.448000 0.000000 0.000000 0.000000 -33127.004806 3.331495
300.000000 0.450000 0.450000 0.450000 0.000000 0.000000 0.000000 -33166.818320 -0.492467
300.000000 0.452000 0.452000 0.452000 0.000000 0.000000 0.000000 -33030.369742 0.836426
300.000000 0.454000 0.454000 0.454000 0.000000 0.000000 0.000000 -33038.832311 3.962389
300.000000 0.456000 0.456000 0.456000 0.000000 0.000000 0.000000 -33044.781152 8.534241
300.000000 0.458000 0.458000 0.458000 0.000000 0.000000 0.000000 -33062.674454 2.271208
300.000000 0.460000 0.460000 0.460000 0.000000 0.000000 0.000000 -33048.312853 -2.292367
300.000000 0.462000 0.462000 0.462000 0.000000 0.000000 0.000000 -32938.490349 -4.183544
300.000000 0.464000 0.464000 0.464000 0.000000 0.000000 0.000000 -32977.295714 3.399827
300.000000 0.466000 0.466000 0.466000 0.000000 0.000000 0.000000 -33084.765266 4.032957
300.000000 0.468000 0.468000 0.468000 0.000000 0.000000 0.000000 -33051.621135 -6.296128
300.000000 0.470000 0.470000 0.470000 0.000000 0.000000 0.000000 -33201.107935 -0.563135
300.000000 0.472000 0.472000 0.472000 0.000000 0.000000 0.000000 -33007.443074 4.597389
300.000000 0.474000 0.474000 0.474000 0.000000 0.000000 0.000000 -33146.281144 2.779906
300.000000 0.476000 0.476000 0.476000 0.000000 0.000000 0.000000 -33209.236451 1.340189
300.000000 0.478000 0.478000 0.478000 0.000000 0.000000 0.000000 -33178.721417 -9.979599
300.000000 0.480000 0.480000 0.480000 0.000000 0.000000 0.000000 -33293.102626 4.945572
300.000000 0.482000 0.482000 0.482000 0.000000 0.000000 0.000000 -33107.780582 4.344979
300.000000 0.484000 0.484000 0.484000 0.000000 0.000000 0.000000 -33182.117162 -1.291136
300.000000 0.486000 0.486000 0.486000 0.000000 0.000000 0.000000 -33051.127436 3.990342
300.000000 0.488000 0.488000 0.488000 0.000000 0.000000 0.000000 -33180.363450 -11.469698
300.000000 0.490000 0.490000 0.490000 0.000000 0.000000 0.000000 -33118.525518 0.428950
300.000000 0.492000 0.492000 0.492000 0.000000 0.000000 0.000000 -33146.748745 7.836392
300.000000 0.494000 0.494000 0.494000 0.000000 0.000000 0.000000 -33053.350920 4.779261
300.000000 0.496000 0.496000 0.496000 0.000000 0.000000 0.000000 -33107.587418 -8.768336
300.000000 0.498000 0.498000 0.498000 0.000000 0.000000 0.000000 -33067.076981 -4.691164
