300.000000 0.000000 0.000000 0.000000 0.000000 0.000000 0.000000 -34495.830403 667.645787
300.000000 0.002000 0.002000 0.002000 0.000000 0.000000 0.000000 -34460.340880 675.823190
300.000000 0.004000 0.004000 0.004000 0.000000 0.000000 0.000000 -34510.607803 723.047474
300.000000 0.006000 0.006000 0.006000 0.000000 0.000000 0.000000 -34606.981322 765.929030
300.000000 0.008000 0.008000 0.008000 0.000000 0.000000 0.000000 -34588.854203 793.136527
300.000000 0.010000 0.010000 0.010000 0.000000 0.000000 0.000000 -34588.944329 758.410633
300.000000 0.012000 0.012000 0.012000 0.000000 0.000000 0.000000 -34525.025908 883.336461
300.000000 0.014000 0.014000 0.014000 0.000000 0.000000 0.000000 -34448.268051 746.502903
300.000000 0.016000 0.016000 0.016000 0.000000 0.000000 0.000000 -34439.949244 683.338067
300.000000 0.018000 0.018000 0.018000 0.000000 0.000000 0.000000 -34458.640682 721.715554
300.000000 0.020000 0.020000 0.020000 0.000000 0.000000 0.000000 -34299.018031 730.034752
300.000000 0.022000 0.022000 0.022000 0.000000 0.000000 0.000000 -34403.203806 728.852501
300.000000 0.024000 0.024000 0.024000 0.000000 0.000000 0.000000 -34324.440684 684.107880
300.000000 0.026000 0.026000 0.026000 0.000000 0.000000 0.000000 -34496.347694 699.496089
300.000000 0.028000 0.028000 0.028000 0.000000 0.000000 0.000000 -34531.949857 711.623824
300.000000 0.030000 0.030000 0.030000 0.000000 0.000000 0.000000 -34545.665814 752.699630
300.000000 0.032000 0.032000 0.032000 0.000000 0.000000 0.000000 -34518.846828 334.747988
300.000000 0.034000 0.034000 0.034000 0.000000 0.000000 0.000000 -34512.413477 81.827615
300.000000 0.036000 0.036000 0.036000 0.000000 0.000000 0.000000 -34615.019334 77.582259
300.000000 0.038000 0.038000 0.038000 0.000000 0.000000 0.000000 -34565.341563 205.981328
300.000000 0.040000 0.040000 0.040000 0.000000 0.000000 0.000000 -34549.523076 114.537810
300.000000 0.042000 0.042000 0.042000 0.000000 0.000000 0.000000 -34564.491654 75.454128
300.000000 0.044000 0.044000 0.044000 0.000000 0.000000 0.000000 -34443.586528 71.475783
300.000000 0.046000 0.046000 0.046000 0.000000 0.000000 0.000000 -34526.661907 94.517337
300.000000 0.048000 0.048000 0.048000 0.000000 0.000000 0.000000 -34395.098163 102.397856
300.000000 0.050000 0.050000 0.050000 0.000000 0.000000 0.000000 -34431.451049 117.572206
300.000000 0.052000 0.052000 0.052000 0.000000 0.000000 0.000000 -34557.341380 101.068557
300.000000 0.054000 0.054000 0.054000 0.000000 0.000000 0.000000 -34612.845503 26.971092
300.000000 0.056000 0.056000 0.056000 0.000000 0.000000 0.000000 -34605.744333 40.905736
300.000000 0.058000 0.058000 0.058000 0.000000 0.000000 0.000000 -34608.397320 66.356702
300.000000 0.060000 0.060000 0.060000 0.000000 0.000000 0.000000 -34618.146202 69.661745
300.000000 0.062000 0.062000 0.062000 0.000000 0.000000 0.000000 -34589.170457 30.477645
300.000000 0.064000 0.064000 0.064000 0.000000 0.000000 0.000000 -34456.795998 39.353091
300.000000 0.066000 0.066000 0.066000 0.000000 0.000000 0.000000 -34469.893950 66.156870
300.000000 0.068000 0.068000 0.068000 0.000000 0.000000 0.000000 -34412.614522 72.663151
300.000000 0.070000 0.070000 0.070000 0.000000 0.000000 0.000000 -34507.778329 71.631183
300.000000 0.072000 0.072000 0.072000 0.000000 0.000000 0.000000 -34470.311204 35.059977
300.000000 0.074000 0.074000 0.074000 0.000000 0.000000 0.000000 -34452.987761 87.287519
300.000000 0.076000 0.076000 0.076000 0.000000 0.000000 0.000000 -34437.838853 30.154118
300.000000 0.078000 0.078000 0.078000 0.000000 0.000000 0.000000 -34364.782510 51.867329
300.000000 0.080000 0.080000 0.080000 0.000000 0.000000 0.000000 -34525.444876 112.688204
300.000000 0.082000 0.082000 0.082000 0.000000 0.000000 0.000000 -34480.781750 35.207147
300.000000 0.084000 0.084000 0.084000 0.000000 0.000000 0.000000 -34541.543930 62.996247
300.000000 0.086000 0.086000 0.086000 0.000000 0.000000 0.000000 -34578.440416 60.266016
300.000000 0.088000 0.088000 0.088000 0.000000 0.000000 0.000000 -34536.515662 48.435472
300.000000 0.090000 0.090000 0.090000 0.000000 0.000000 0.000000 -34611.231937 17.914445
300.000000 0.092000 0.092000 0.092000 0.000000 0.000000 0.000000 -34532.443202 20.828517
300.000000 0.094000 0.094000 0.094000 0.000000 0.000000 0.000000 -34631.887922 27.942003
300.000000 0.096000 0.096000 0.096000 0.000000 0.000000 0.000000 -34424.771114 35.977121
300.000000 0.098000 0.098000 0.098000 0.000000 0.000000 0.000000 -34558.024475 23.290424
300.000000 0.100000 0.100000 0.100000 0.000000 0.000000 0.000000 -34516.277741 33.717075
300.000000 0.102000 0.102000 0.102000 0.000000 0.000000 0.000000 -34566.073791 24.432293
300.000000 0.104000 0.104000 0.104000 0.000000 0.000000 0.000000 -34484.632626 33.038380
300.000000 0.106000 0.106000 0.106000 0.000000 0.000000 0.000000 -34434.134593 28.431205
300.000000 0.108000 0.108000 0.108000 0.000000 0.000000 0.000000 -34505.125333 56.894166
300.000000 0.110000 0.110000 0.110000 0.000000 0.000000 0.000000 -34562.629528 31.640352
300.000000 0.112000 0.112000 0.112000 0.000000 0.000000 0.000000 -34378.907394 37.911522
300.000000 0.114000 0.114000 0.114000 0.000000 0.000000 0.000000 -34507.287281 40.345012
300.000000 0.116000 0.116000 0.116000 0.000000 0.000000 0.000000 -34412.110112 31.103000
300.000000 0.118000 0.118000 0.118000 0.000000 0.000000 0.000000 -34503.316096 19.907008
300.000000 0.120000 0.120000 0.120000 0.000000 0.000000 0.000000 -34515.029445 12.766734
300.000000 0.122000 0.122000 0.122000 0.000000 0.000000 0.000000 -34436.450401 18.317672
300.000000 0.124000 0.124000 0.124000 0.000000 0.000000 0.000000 -34445.977640 17.039964
300.000000 0.126000 0.126000 0.126000 0.000000 0.000000 0.000000 -34404.213992 14.029264
300.000000 0.128000 0.128000 0.128000 0.000000 0.000000 0.000000 -34497.541117 31.176726
300.000000 0.130000 0.130000 0.130000 0.000000 0.000000 0.000000 -34595.153599 30.736580
300.000000 0.132000 0.132000 0.132000 0.000000 0.000000 0.000000 -34615.599399 15.731012
300.000000 0.134000 0.134000 0.134000 0.000000 0.000000 0.000000 -34526.622001 18.119184
300.000000 0.136000 0.136000 0.136000 0.000000 0.000000 0.000000 -34454.832147 46.374334
300.000000 0.138000 0.138000 0.138000 0.000000 0.000000 0.000000 -34525.332519 28.498245
300.000000 0.140000 0.140000 0.140000 0.000000 0.000000 0.000000 -34547.105332 34.185667
300.000000 0.142000 0.142000 0.142000 0.000000 0.000000 0.000000 -34434.084162 25.587765
300.000000 0.144000 0.144000 0.144000 0.000000 0.000000 0.000000 -34513.921079 34.810185
300.000000 0.146000 0.146000 0.146000 0.000000 0.000000 0.000000 -34351.428625 23.875794
300.000000 0.148000 0.148000 0.148000 0.000000 0.000000 0.000000 -34477.974005 37.363476
300.000000 0.150000 0.150000 0.150000 0.000000 0.000000 0.000000 -34473.206756 13.838397
300.000000 0.152000 0.152000 0.152000 0.000000 0.000000 0.000000 -34560.252524 53.569826
300.000000 0.154000 0.154000 0.154000 0.000000 0.000000 0.000000 -34463.241968 17.431096
300.000000 0.156000 0.156000 0.156000 0.000000 0.000000 0.000000 -34527.621221 25.568418
300.000000 0.158000 0.158000 0.158000 0.000000 0.000000 0.000000 -34482.655543 18.667133
300.000000 0.160000 0.160000 0.160000 0.000000 0.000000 0.000000 -34463.467339 14.576975
300.000000 0.162000 0.162000 0.162000 0.000000 0.000000 0.000000 -34459.121615 11.896259
300.000000 0.164000 0.164000 0.164000 0.000000 0.000000 0.000000 -34531.086241 8.488896
300.000000 0.166000 0.166000 0.166000 0.000000 0.000000 0.000000 -34510.823530 18.627484
300.000000 0.168000 0.168000 0.168000 0.000000 0.000000 0.000000 -34531.826771 18.641270
300.000000 0.170000 0.170000 0.170000 0.000000 0.000000 0.000000 -34492.388578 13.184542
300.000000 0.172000 0.172000 0.172000 0.000000 0.000000 0.000000 -34501.693408 29.828054
300.000000 0.174000 0.174000 0.174000 0.000000 0.000000 0.000000 -34538.344921 11.837711
300.000000 0.176000 0.176000 0.176000 0.000000 0.000000 0.000000 -34549.684994 29.986627
300.000000 0.178000 0.178000 0.178000 0.000000 0.000000 0.000000 -34535.307038 24.494492
300.000000 0.180000 0.180000 0.180000 0.000000 0.000000 0.000000 -34526.155018 4.633546
300.000000 0.182000 0.182000 0.182000 0.000000 0.000000 0.000000 -34541.958046 16.421200
300.000000 0.184000 0.184000 0.184000 0.000000 0.000000 0.000000 -34445.010867 9.844111
300.000000 0.186000 0.186000 0.186000 0.000000 0.000000 0.000000 -34509.635361 16.208649
300.000000 0.188000 0.188000 0.188000 0.000000 0.000000 0.000000 -34503.153028 19.276767
300.000000 0.190000 0.190000 0.190000 0.000000 0.000000 0.000000 -34429.076835 10.579742
300.000000 0.192000 0.192000 0.192000 0.000000 0.000000 0.000000 -34396.866206 12.443384
300.000000 0.194000 0.194000 0.194000 0.000000 0.000000 0.000000 -34444.596334 17.230970
300.000000 0.196000 0.196000 0.196000 0.000000 0.000000 0.000000 -34544.734717 3.785074
300.000000 0.198000 0.198000 0.198000 0.000000 0.000000 0.000000 -34411.532262 11.951786
300.000000 0.200000 0.200000 0.200000 0.000000 0.000000 0.000000 -34503.069877 8.943628
300.000000 0.202000 0.202000 0.202000 0.000000 0.000000 0.000000 -34520.281453 32.427693
300.000000 0.204000 0.204000 0.204000 0.000000 0.000000 0.000000 -34494.715041 3.491067
300.000000 0.206000 0.206000 0.206000 0.000000 0.000000 0.000000 -34365.129367 14.807114
300.000000 0.208000 0.208000 0.208000 0.000000 0.000000 0.000000 -34580.365657 10.165386
300.000000 0.210000 0.210000 0.210000 0.000000 0.000000 0.000000 -34539.572898 28.990201
300.000000 0.212000 0.212000 0.212000 0.000000 0.000000 0.000000 -34510.682208 24.869241
300.000000 0.214000 0.214000 0.214000 0.000000 0.000000 0.000000 -34513.359887 18.514569
300.000000 0.216000 0.216000 0.216000 0.000000 0.000000 0.000000 -34545.037069 11.506965
300.000000 0.218000 0.218000 0.218000 0.000000 0.000000 0.000000 -34524.486847 19.915701
300.000000 0.220000 0.220000 0.220000 0.000000 0.000000 0.000000 -34411.428057 15.568231
300.000000 0.222000 0.222000 0.222000 0.000000 0.000000 0.000000 -34293.748623 7.814267
300.000000 0.224000 0.224000 0.224000 0.000000 0.000000 0.000000 -34442.608301 11.911066
300.000000 0.226000 0.226000 0.226000 0.000000 0.000000 0.000000 -34425.746704 15.779978
300.000000 0.228000 0.228000 0.228000 0.000000 0.000000 0.000000 -34446.454168 14.512715
300.000000 0.230000 0.230000 0.230000 0.000000 0.000000 0.000000 -34515.066559 21.921204
300.000000 0.232000 0.232000 0.232000 0.000000 0.000000 0.000000 -34372.349477 16.563948
300.000000 0.234000 0.234000 0.234000 0.000000 0.000000 0.000000 -34410.508631 6.416491
300.000000 0.236000 0.236000 0.236000 0.000000 0.000000 0.000000 -34383.019194 16.073402
300.000000 0.238000 0.238000 0.238000 0.000000 0.000000 0.000000 -34484.470503 13.854398
300.000000 0.240000 0.240000 0.240000 0.000000 0.000000 0.000000 -34492.347699 23.077732
300.000000 0.242000 0.242000 0.242000 0.000000 0.000000 0.000000 -34479.851232 12.010329
300.000000 0.244000 0.244000 0.244000 0.000000 0.000000 0.000000 -34551.800358 9.320915
300.000000 0.246000 0.246000 0.246000 0.000000 0.000000 0.000000 -34468.812065 6.875493
300.000000 0.248000 0.248000 0.248000 0.000000 0.000000 0.000000 -34432.379422 9.314195
300.000000 0.250000 0.250000 0.250000 0.000000 0.000000 0.000000 -34586.567755 5.679882
300.000000 0.252000 0.252000 0.252000 0.000000 0.000000 0.000000 -34541.859363 14.961468
300.000000 0.254000 0.254000 0.254000 0.000000 0.000000 0.000000 -34648.520400 21.714841
300.000000 0.256000 0.256000 0.256000 0.000000 0.000000 0.000000 -34551.654496 28.228496
300.000000 0.258000 0.258000 0.258000 0.000000 0.000000 0.000000 -34450.219702 28.567966
300.000000 0.260000 0.260000 0.260000 0.000000 0.000000 0.000000 -34438.692254 3.798621
300.000000 0.262000 0.262000 0.262000 0.000000 0.000000 0.000000 -34491.477533 0.496087
300.000000 0.264000 0.264000 0.264000 0.000000 0.000000 0.000000 -34589.123694 4.980746
300.000000 0.266000 0.266000 0.266000 0.000000 0.000000 0.000000 -34526.956450 9.589755
300.000000 0.268000 0.268000 0.268000 0.000000 0.000000 0.000000 -34651.086337 3.962114
300.000000 0.270000 0.270000 0.270000 0.000000 0.000000 0.000000 -34478.169014 22.537073
300.000000 0.272000 0.272000 0.272000 0.000000 0.000000 0.000000 -34520.926971 12.655005
300.000000 0.274000 0.274000 0.274000 0.000000 0.000000 0.000000 -34440.621035 2.119093
300.000000 0.276000 0.276000 0.276000 0.000000 0.000000 0.000000 -34518.286450 24.520017
300.000000 0.278000 0.278000 0.278000 0.000000 0.000000 0.000000 -34465.502688 13.539065
300.000000 0.280000 0.280000 0.280000 0.000000 0.000000 0.000000 -34514.158139 7.699725
300.000000 0.282000 0.282000 0.282000 0.000000 0.000000 0.000000 -34542.167757 18.972560
300.000000 0.284000 0.284000 0.284000 0.000000 0.000000 0.000000 -34546.389485 11.942975
300.000000 0.286000 0.286000 0.286000 0.000000 0.000000 0.000000 -34519.645689 4.442921
300.000000 0.288000 0.288000 0.288000 0.000000 0.000000 0.000000 -34465.652807 8.240714
300.000000 0.290000 0.290000 0.290000 0.000000 0.000000 0.000000 -34527.760297 7.099037
300.000000 0.292000 0.292000 0.292000 0.000000 0.000000 0.000000 -34459.102679 8.160957
300.000000 0.294000 0.294000 0.294000 0.000000 0.000000 0.000000 -34577.674481 3.581204
300.000000 0.296000 0.296000 0.296000 0.000000 0.000000 0.000000 -34410.141648 8.096954
300.000000 0.298000 0.298000 0.298000 0.000000 0.000000 0.000000 -34354.360336 15.650265
300.000000 0.300000 0.300000 0.300000 0.000000 0.000000 0.000000 -34404.014014 12.595613
300.000000 0.302000 0.302000 0.302000 0.000000 0.000000 0.000000 -34501.928221 4.222875
300.000000 0.304000 0.304000 0.304000 0.000000 0.000000 0.000000 -34376.289285 7.970049
300.000000 0.306000 0.306000 0.306000 0.000000 0.000000 0.000000 -34439.210122 10.286929
300.000000 0.308000 0.308000 0.308000 0.000000 0.000000 0.000000 -34473.138723 6.842880
300.000000 0.310000 0.310000 0.310000 0.000000 0.000000 0.000000 -34369.845455 11.422886
300.000000 0.312000 0.312000 0.312000 0.000000 0.000000 0.000000 -34441.501447 8.464618
300.000000 0.314000 0.314000 0.314000 0.000000 0.000000 0.000000 -34568.871040 5.603303
300.000000 0.316000 0.316000 0.316000 0.000000 0.000000 0.000000 -34559.861344 3.226067
300.000000 0.318000 0.318000 0.318000 0.000000 0.000000 0.000000 -34566.148541 4.691409
300.000000 0.320000 0.320000 0.320000 0.000000 0.000000 0.000000 -34464.249154 20.756909
300.000000 0.322000 0.322000 0.322000 0.000000 0.000000 0.000000 -34463.769129 2.199831
300.000000 0.324000 0.324000 0.324000 0.000000 0.000000 0.000000 -34337.177984 13.717611
300.000000 0.326000 0.326000 0.326000 0.000000 0.000000 0.000000 -34459.184962 11.156328
300.000000 0.328000 0.328000 0.328000 0.000000 0.000000 0.000000 -34553.151528 2.188968
300.000000 0.330000 0.330000 0.330000 0.000000 0.000000 0.000000 -34447.485803 3.881138
300.000000 0.332000 0.332000 0.332000 0.000000 0.000000 0.000000 -34428.317678 4.273239
300.000000 0.334000 0.334000 0.334000 0.000000 0.000000 0.000000 -34374.980552 2.641844
300.000000 0.336000 0.336000 0.336000 0.000000 0.000000 0.000000 -34416.626752 5.122637
300.000000 0.338000 0.338000 0.338000 0.000000 0.000000 0.000000 -34431.453868 11.175154
300.000000 0.340000 0.340000 0.340000 0.000000 0.000000 0.000000 -34566.785826 2.554307
300.000000 0.342000 0.342000 0.342000 0.000000 0.000000 0.000000 -34425.362131 12.590791
300.000000 0.344000 0.344000 0.344000 0.000000 0.000000 0.000000 -34528.468041 1.211780
300.000000 0.346000 0.346000 0.346000 0.000000 0.000000 0.000000 -34450.282728 5.327297
300.000000 0.348000 0.348000 0.348000 0.000000 0.000000 0.000000 -34552.615989 -1.680693
300.000000 0.350000 0.350000 0.350000 0.000000 0.000000 0.000000 -34448.846642 2.047783
300.000000 0.352000 0.352000 0.352000 0.000000 0.000000 0.000000 -34408.324528 3.972154
300.000000 0.354000 0.354000 0.354000 0.000000 0.000000 0.000000 -34449.059454 7.298073
300.000000 0.356000 0.356000 0.356000 0.000000 0.000000 0.000000 -34398.261755 6.769889
300.000000 0.358000 0.358000 0.358000 0.000000 0.000000 0.000000 -34324.321025 3.233653
300.000000 0.360000 0.360000 0.360000 0.000000 0.000000 0.000000 -34432.775988 -0.079142
300.000000 0.362000 0.362000 0.362000 0.000000 0.000000 0.000000 -34396.002852 16.072582
300.000000 0.364000 0.364000 0.364000 0.000000 0.000000 0.000000 -34449.368984 5.245410
300.000000 0.366000 0.366000 0.366000 0.000000 0.000000 0.000000 -34488.334004 0.827142
300.000000 0.368000 0.368000 0.368000 0.000000 0.000000 0.000000 -34392.858078 4.323261
300.000000 0.370000 0.370000 0.370000 0.000000 0.000000 0.000000 -34459.020775 12.427444
300.000000 0.372000 0.372000 0.372000 0.000000 0.000000 0.000000 -34448.943650 12.884433
300.000000 0.374000 0.374000 0.374000 0.000000 0.000000 0.000000 -34491.894522 8.382115
300.000000 0.376000 0.376000 0.376000 0.000000 0.000000 0.000000 -34516.218715 13.067722
300.000000 0.378000 0.378000 0.378000 0.000000 0.000000 0.000000 -34530.854794 9.006856
300.000000 0.380000 0.380000 0.380000 0.000000 0.000000 0.000000 -34516.752399 1.802065
300.000000 0.382000 0.382000 0.382000 0.000000 0.000000 0.000000 -34527.838321 5.017749
300.000000 0.384000 0.384000 0.384000 0.000000 0.000000 0.000000 -34527.209076 9.832529
300.000000 0.386000 0.386000 0.386000 0.000000 0.000000 0.000000 -34512.167872 4.753131
300.000000 0.388000 0.388000 0.388000 0.000000 0.000000 0.000000 -34491.757937 0.430053
300.000000 0.390000 0.390000 0.390000 0.000000 0.000000 0.000000 -34456.553671 4.116233
300.000000 0.392000 0.392000 0.392000 0.000000 0.000000 0.000000 -34389.125007 5.114172
300.000000 0.394000 0.394000 0.394000 0.000000 0.000000 0.000000 -34357.560186 -0.379869
300.000000 0.396000 0.396000 0.396000 0.000000 0.000000 0.000000 -34370.582781 8.165634
300.000000 0.398000 0.398000 0.398000 0.000000 0.000000 0.000000 -34332.587061 8.557690
300.000000 0.400000 0.400000 0.400000 0.000000 0.000000 0.000000 -34322.119927 -0.097322
300.000000 0.402000 0.402000 0.402000 0.000000 0.000000 0.000000 -34466.608110 -1.675011
300.000000 0.404000 0.404000 0.404000 0.000000 0.000000 0.000000 -34520.265396 -4.962192
300.000000 0.406000 0.406000 0.406000 0.000000 0.000000 0.000000 -34603.412900 2.531942
300.000000 0.408000 0.408000 0.408000 0.000000 0.000000 0.000000 -34443.552337 -0.983135
300.000000 0.410000 0.410000 0.410000 0.000000 0.000000 0.000000 -34535.096955 -5.540425
300.000000 0.412000 0.412000 0.412000 0.000000 0.000000 0.000000 -34396.941323 4.555743
300.000000 0.414000 0.414000 0.414000 0.000000 0.000000 0.000000 -34587.372640 -4.197577
300.000000 0.416000 0.416000 0.416000 0.000000 0.000000 0.000000 -34578.277373 4.844701
300.000000 0.418000 0.418000 0.418000 0.000000 0.000000 0.000000 -34435.638757 1.211593
300.000000 0.420000 0.420000 0.420000 0.000000 0.000000 0.000000 -34469.680459 4.031458
300.000000 0.422000 0.422000 0.422000 0.000000 0.000000 0.000000 -34476.728837 13.575094
300.000000 0.424000 0.424000 0.424000 0.000000 0.000000 0.000000 -34594.093994 -2.963392
300.000000 0.426000 0.426000 0.426000 0.000000 0.000000 0.000000 -34577.449573 -0.613661
300.000000 0.428000 0.428000 0.428000 0.000000 0.000000 0.000000 -34354.543746 -3.372422
300.000000 0.430000 0.430000 0.430000 0.000000 0.000000 0.000000 -34472.725864 1.565648
300.000000 0.432000 0.432000 0.432000 0.000000 0.000000 0.000000 -34396.723937 8.645838
300.000000 0.434000 0.434000 0.434000 0.000000 0.000000 0.000000 -34454.692689 3.929534
300.000000 0.436000 0.436000 0.436000 0.000000 0.000000 0.000000 -34399.125107 -0.505568
300.000000 0.438000 0.438000 0.438000 0.000000 0.000000 0.000000 -34428.174475 -1.091838
300.000000 0.440000 0.440000 0.440000 0.000000 0.000000 0.000000 -34441.997137 1.862440
300.000000 0.442000 0.442000 0.442000 0.000000 0.000000 0.000000 -34536.636221 -2.003808
300.000000 0.444000 0.444000 0.444000 0.000000 0.000000 0.000000 -34410.815773 12.187972
300.000000 0.446000 0.446000 0.446000 0.000000 0.000000 0.000000 -34347.892078 -2.556850
300.000000 0.448000 0.448000 0.448000 0.000000 0.000000 0.000000 -34467.906317 -3.063597
300.000000 0.450000 0.450000 0.450000 0.000000 0.000000 0.000000 -34425.695434 -1.393563
300.000000 0.452000 0.452000 0.452000 0.000000 0.000000 0.000000 -34537.271148 0.524640
300.000000 0.454000 0.454000 0.454000 0.000000 0.000000 0.000000 -34445.943542 1.528686
300.000000 0.456000 0.456000 0.456000 0.000000 0.000000 0.000000 -34437.195739 5.306359
300.000000 0.458000 0.458000 0.458000 0.000000 0.000000 0.000000 -34506.203780 -5.181482
300.000000 0.460000 0.460000 0.460000 0.000000 0.000000 0.000000 -34586.843403 8.010037
300.000000 0.462000 0.462000 0.462000 0.000000 0.000000 0.000000 -34532.242842 21.114552
300.000000 0.464000 0.464000 0.464000 0.000000 0.000000 0.000000 -34486.883478 -1.714468
300.000000 0.466000 0.466000 0.466000 0.000000 0.000000 0.000000 -34508.351105 -5.732725
300.000000 0.468000 0.468000 0.468000 0.000000 0.000000 0.000000 -34586.248177 2.055457
300.000000 0.470000 0.470000 0.470000 0.000000 0.000000 0.000000 -34465.949590 -2.474833
300.000000 0.472000 0.472000 0.472000 0.000000 0.000000 0.000000 -34482.276478 -1.440318
300.000000 0.474000 0.474000 0.474000 0.000000 0.000000 0.000000 -34459.788515 2.535936
300.000000 0.476000 0.476000 0.476000 0.000000 0.000000 0.000000 -34474.903592 11.550985
300.000000 0.478000 0.478000 0.478000 0.000000 0.000000 0.000000 -34527.929200 -1.096131
300.000000 0.480000 0.480000 0.480000 0.000000 0.000000 0.000000 -34570.383395 -0.445787
300.000000 0.482000 0.482000 0.482000 0.000000 0.000000 0.000000 -34614.391436 5.118692
300.000000 0.484000 0.484000 0.484000 0.000000 0.000000 0.000000 -34682.788453 3.420911
300.000000 0.486000 0.486000 0.486000 0.000000 0.000000 0.000000 -34492.056460 5.038764
300.000000 0.488000 0.488000 0.488000 0.000000 0.000000 0.000000 -34506.865125 -1.745647
300.000000 0.490000 0.490000 0.490000 0.000000 0.000000 0.000000 -34413.978441 3.136897
300.000000 0.492000 0.492000 0.492000 0.000000 0.000000 0.000000 -34362.947642 0.971258
300.000000 0.494000 0.494000 0.494000 0.000000 0.000000 0.000000 -34402.740705 -4.741880
300.000000 0.496000 0.496000 0.496000 0.000000 0.000000 0.000000 -34603.424704 -14.081822
300.000000 0.498000 0.498000 0.498000 0.000000 0.000000 0.000000 -34680.643773 6.840048
