300.000000 0.000000 0.000000 0.000000 0.000000 0.000000 0.000000 -32397.462123 752.481262
300.000000 0.002000 0.002000 0.002000 0.000000 0.000000 0.000000 -32422.039388 724.016591
300.000000 0.004000 0.004000 0.004000 0.000000 0.000000 0.000000 -32464.204680 711.037165
300.000000 0.006000 0.006000 0.006000 0.000000 0.000000 0.000000 -32307.413554 49.377671
300.000000 0.008000 0.008000 0.008000 0.000000 0.000000 0.000000 -32353.040769 130.021115
300.000000 0.010000 0.010000 0.010000 0.000000 0.000000 0.000000 -32309.906689 35.667727
300.000000 0.012000 0.012000 0.012000 0.000000 0.000000 0.000000 -32398.027773 212.670932
300.000000 0.014000 0.014000 0.014000 0.000000 0.000000 0.000000 -32418.019031 139.555547
300.000000 0.016000 0.016000 0.016000 0.000000 0.000000 0.000000 -32467.972268 92.593398
300.000000 0.018000 0.018000 0.018000 0.000000 0.000000 0.000000 -32453.497794 41.058891
300.000000 0.020000 0.020000 0.020000 0.000000 0.000000 0.000000 -32377.358109 78.775446
300.000000 0.022000 0.022000 0.022000 0.000000 0.000000 0.000000 -32340.983598 31.153697
300.000000 0.024000 0.024000 0.024000 0.000000 0.000000 0.000000 -32319.646469 53.262109
300.000000 0.026000 0.026000 0.026000 0.000000 0.000000 0.000000 -32512.860637 37.459999
300.000000 0.028000 0.028000 0.028000 0.000000 0.000000 0.000000 -32276.217004 52.874111
300.000000 0.030000 0.030000 0.030000 0.000000 0.000000 0.000000 -32350.695688 36.053528
300.000000 0.032000 0.032000 0.032000 0.000000 0.000000 0.000000 -32534.395989 57.297761
300.000000 0.034000 0.034000 0.034000 0.000000 0.000000 0.000000 -32404.059705 70.424280
300.000000 0.036000 0.036000 0.036000 0.000000 0.000000 0.000000 -32468.505893 44.406697
300.000000 0.038000 0.038000 0.038000 0.000000 0.000000 0.000000 -32444.380796 65.197098
300.000000 0.040000 0.040000 0.040000 0.000000 0.000000 0.000000 -32426.481409 124.351114
300.000000 0.042000 0.042000 0.042000 0.000000 0.000000 0.000000 -32500.532753 43.587014
300.000000 0.044000 0.044000 0.044000 0.000000 0.000000 0.000000 -32474.904306 25.686864
300.000000 0.046000 0.046000 0.046000 0.000000 0.000000 0.000000 -32364.300042 32.694962
300.000000 0.048000 0.048000 0.048000 0.000000 0.000000 0.000000 -32315.169073 29.141122
300.000000 0.050000 0.050000 0.050000 0.000000 0.000000 0.000000 -32446.764868 59.564299
300.000000 0.052000 0.052000 0.052000 0.000000 0.000000 0.000000 -32359.485121 23.782010
300.000000 0.054000 0.054000 0.054000 0.000000 0.000000 0.000000 -32325.981143 22.461341
300.000000 0.056000 0.056000 0.056000 0.000000 0.000000 0.000000 -32232.472894 45.198464
300.000000 0.058000 0.058000 0.058000 0.000000 0.000000 0.000000 -32346.409317 23.862631
300.000000 0.060000 0.060000 0.060000 0.000000 0.000000 0.000000 -32343.049226 22.626029
300.000000 0.062000 0.062000 0.062000 0.000000 0.000000 0.000000 -32426.070159 56.866734
300.000000 0.064000 0.064000 0.064000 0.000000 0.000000 0.000000 -32329.111480 31.054825
300.000000 0.066000 0.066000 0.066000 0.000000 0.000000 0.000000 -32382.545105 34.656824
300.000000 0.068000 0.068000 0.068000 0.000000 0.000000 0.000000 -32324.457809 16.430927
300.000000 0.070000 0.070000 0.070000 0.000000 0.000000 0.000000 -32364.370933 25.198048
300.000000 0.072000 0.072000 0.072000 0.000000 0.000000 0.000000 -32364.038091 54.816096
300.000000 0.074000 0.074000 0.074000 0.000000 0.000000 0.000000 -32453.622650 16.455425
300.000000 0.076000 0.076000 0.076000 0.000000 0.000000 0.000000 -32340.354608 21.958031
300.000000 0.078000 0.078000 0.078000 0.000000 0.000000 0.000000 -32399.465433 35.218159
300.000000 0.080000 0.080000 0.080000 0.000000 0.000000 0.000000 -32377.727825 33.189974
300.000000 0.082000 0.082000 0.082000 0.000000 0.000000 0.000000 -32297.398979 30.625516
300.000000 0.084000 0.084000 0.084000 0.000000 0.000000 0.000000 -32435.320872 55.056647
300.000000 0.086000 0.086000 0.086000 0.000000 0.000000 0.000000 -32479.540233 11.180430
300.000000 0.088000 0.088000 0.088000 0.000000 0.000000 0.000000 -32450.194097 22.188088
300.000000 0.090000 0.090000 0.090000 0.000000 0.000000 0.000000 -32446.250236 39.821667
300.000000 0.092000 0.092000 0.092000 0.000000 0.000000 0.000000 -32442.467645 38.514545
300.000000 0.094000 0.094000 0.094000 0.000000 0.000000 0.000000 -32535.876745 19.420507
300.000000 0.096000 0.096000 0.096000 0.000000 0.000000 0.000000 -32379.062396 25.303295
300.000000 0.098000 0.098000 0.098000 0.000000 0.000000 0.000000 -32450.781350 23.246557
300.000000 0.100000 0.100000 0.100000 0.000000 0.000000 0.000000 -32479.295008 24.872885
300.000000 0.102000 0.102000 0.102000 0.000000 0.000000 0.000000 -32464.143778 19.900946
300.000000 0.104000 0.104000 0.104000 0.000000 0.000000 0.000000 -32491.121114 14.367550
300.000000 0.106000 0.106000 0.106000 0.000000 0.000000 0.000000 -32446.571742 44.399476
300.000000 0.108000 0.108000 0.108000 0.000000 0.000000 0.000000 -32531.251419 19.309522
300.000000 0.110000 0.110000 0.110000 0.000000 0.000000 0.000000 -32446.411445 35.938299
300.000000 0.112000 0.112000 0.112000 0.000000 0.000000 0.000000 -32383.798850 27.512369
300.000000 0.114000 0.114000 0.114000 0.000000 0.000000 0.000000 -32459.346392 33.106635
300.000000 0.116000 0.116000 0.116000 0.000000 0.000000 0.000000 -32406.815720 29.917992
300.000000 0.118000 0.118000 0.118000 0.000000 0.000000 0.000000 -32512.503825 22.880887
300.000000 0.120000 0.120000 0.120000 0.000000 0.000000 0.000000 -32458.782835 29.127420
300.000000 0.122000 0.122000 0.122000 0.000000 0.000000 0.000000 -32460.493226 11.348078
300.000000 0.124000 0.124000 0.124000 0.000000 0.000000 0.000000 -32454.002357 21.412890
300.000000 0.126000 0.126000 0.126000 0.000000 0.000000 0.000000 -32358.058633 21.148647
300.000000 0.128000 0.128000 0.128000 0.000000 0.000000 0.000000 -32319.723036 19.368963
300.000000 0.130000 0.130000 0.130000 0.000000 0.000000 0.000000 -32484.996031 16.477356
300.000000 0.132000 0.132000 0.132000 0.000000 0.000000 0.000000 -32335.075323 36.826763
300.000000 0.134000 0.134000 0.134000 0.000000 0.000000 0.000000 -32451.801296 38.542282
300.000000 0.136000 0.136000 0.136000 0.000000 0.000000 0.000000 -32314.229380 32.409273
300.000000 0.138000 0.138000 0.138000 0.000000 0.000000 0.000000 -32356.148878 22.677905
300.000000 0.140000 0.140000 0.140000 0.000000 0.000000 0.000000 -32374.459201 40.627731
300.000000 0.142000 0.142000 0.142000 0.000000 0.000000 0.000000 -32229.849020 31.343399
300.000000 0.144000 0.144000 0.144000 0.000000 0.000000 0.000000 -32309.847257 34.719846
300.000000 0.146000 0.146000 0.146000 0.000000 0.000000 0.000000 -32336.178143 29.499226
300.000000 0.148000 0.148000 0.148000 0.000000 0.000000 0.000000 -32332.999231 25.226255
300.000000 0.150000 0.150000 0.150000 0.000000 0.000000 0.000000 -32299.594984 11.453801
300.000000 0.152000 0.152000 0.152000 0.000000 0.000000 0.000000 -32354.195938 30.702141
300.000000 0.154000 0.154000 0.154000 0.000000 0.000000 0.000000 -32303.391855 20.899257
300.000000 0.156000 0.156000 0.156000 0.000000 0.000000 0.000000 -32268.030680 15.858251
300.000000 0.158000 0.158000 0.158000 0.000000 0.000000 0.000000 -32223.121132 7.503139
300.000000 0.160000 0.160000 0.160000 0.000000 0.000000 0.000000 -32235.968522 15.088053
300.000000 0.162000 0.162000 0.162000 0.000000 0.000000 0.000000 -32168.533881 10.861116
300.000000 0.164000 0.164000 0.164000 0.000000 0.000000 0.000000 -32282.534745 9.277493
300.000000 0.166000 0.166000 0.166000 0.000000 0.000000 0.000000 -32305.303354 13.861263
300.000000 0.168000 0.168000 0.168000 0.000000 0.000000 0.000000 -32365.868285 28.895059
300.000000 0.170000 0.170000 0.170000 0.000000 0.000000 0.000000 -32578.924685 30.486544
300.000000 0.172000 0.172000 0.172000 0.000000 0.000000 0.000000 -32358.763837 17.066707
300.000000 0.174000 0.174000 0.174000 0.000000 0.000000 0.000000 -32438.245191 30.468176
300.000000 0.176000 0.176000 0.176000 0.000000 0.000000 0.000000 -32362.419670 8.629271
300.000000 0.178000 0.178000 0.178000 0.000000 0.000000 0.000000 -32546.201425 5.964109
300.000000 0.180000 0.180000 0.180000 0.000000 0.000000 0.000000 -32452.338885 11.260494
300.000000 0.182000 0.182000 0.182000 0.000000 0.000000 0.000000 -32415.745500 26.504283
300.000000 0.184000 0.184000 0.184000 0.000000 0.000000 0.000000 -32318.419325 9.086015
300.000000 0.186000 0.186000 0.186000 0.000000 0.000000 0.000000 -32355.581608 23.702460
300.000000 0.188000 0.188000 0.188000 0.000000 0.000000 0.000000 -32348.648161 20.826227
300.000000 0.190000 0.190000 0.190000 0.000000 0.000000 0.000000 -32339.058596 38.701670
300.000000 0.192000 0.192000 0.192000 0.000000 0.000000 0.000000 -32484.520294 17.382383
300.000000 0.194000 0.194000 0.194000 0.000000 0.000000 0.000000 -32460.236842 17.595133
300.000000 0.196000 0.196000 0.196000 0.000000 0.000000 0.000000 -32486.708328 11.676363
300.000000 0.198000 0.198000 0.198000 0.000000 0.000000 0.000000 -32408.707138 11.131593
300.000000 0.200000 0.200000 0.200000 0.000000 0.000000 0.000000 -32372.565286 9.546550
300.000000 0.202000 0.202000 0.202000 0.000000 0.000000 0.000000 -32375.054507 16.142165
300.000000 0.204000 0.204000 0.204000 0.000000 0.000000 0.000000 -32473.310136 9.449967
300.000000 0.206000 0.206000 0.206000 0.000000 0.000000 0.000000 -32416.680238 3.424444
300.000000 0.208000 0.208000 0.208000 0.000000 0.000000 0.000000 -32538.412012 8.905613
300.000000 0.210000 0.210000 0.210000 0.000000 0.000000 0.000000 -32377.877083 17.450322
300.000000 0.212000 0.212000 0.212000 0.000000 0.000000 0.000000 -32355.822791 12.533435
300.000000 0.214000 0.214000 0.214000 0.000000 0.000000 0.000000 -32446.152687 7.956313
300.000000 0.216000 0.216000 0.216000 0.000000 0.000000 0.000000 -32424.333825 11.468816
300.000000 0.218000 0.218000 0.218000 0.000000 0.000000 0.000000 -32348.585735 10.883955
300.000000 0.220000 0.220000 0.220000 0.000000 0.000000 0.000000 -32329.699883 5.844140
300.000000 0.222000 0.222000 0.222000 0.000000 0.000000 0.000000 -32342.952691 8.604807
300.000000 0.224000 0.224000 0.224000 0.000000 0.000000 0.000000 -32405.181574 14.672972
300.000000 0.226000 0.226000 0.226000 0.000000 0.000000 0.000000 -32445.517050 8.901484
300.000000 0.228000 0.228000 0.228000 0.000000 0.000000 0.000000 -32384.634448 14.893327
300.000000 0.230000 0.230000 0.230000 0.000000 0.000000 0.000000 -32440.714400 20.960776
300.000000 0.232000 0.232000 0.232000 0.000000 0.000000 0.000000 -32497.393322 10.012764
300.000000 0.234000 0.234000 0.234000 0.000000 0.000000 0.000000 -32420.884017 16.471813
300.000000 0.236000 0.236000 0.236000 0.000000 0.000000 0.000000 -32437.551304 -0.817481
300.000000 0.238000 0.238000 0.238000 0.000000 0.000000 0.000000 -32510.315943 -2.685517
300.000000 0.240000 0.240000 0.240000 0.000000 0.000000 0.000000 -32474.942948 17.326468
300.000000 0.242000 0.242000 0.242000 0.000000 0.000000 0.000000 -32445.946915 9.377520
300.000000 0.244000 0.244000 0.244000 0.000000 0.000000 0.000000 -32313.193704 7.790545
300.000000 0.246000 0.246000 0.246000 0.000000 0.000000 0.000000 -32378.652369 9.935947
300.000000 0.248000 0.248000 0.248000 0.000000 0.000000 0.000000 -32480.925404 20.972004
300.000000 0.250000 0.250000 0.250000 0.000000 0.000000 0.000000 -32383.713213 13.348103
300.000000 0.252000 0.252000 0.252000 0.000000 0.000000 0.000000 -32420.696808 14.308839
300.000000 0.254000 0.254000 0.254000 0.000000 0.000000 0.000000 -32470.568651 14.857299
300.000000 0.256000 0.256000 0.256000 0.000000 0.000000 0.000000 -32505.854463 6.930322
300.000000 0.258000 0.258000 0.258000 0.000000 0.000000 0.000000 -32472.592883 14.402962
300.000000 0.260000 0.260000 0.260000 0.000000 0.000000 0.000000 -32448.816392 9.028251
300.000000 0.262000 0.262000 0.262000 0.000000 0.000000 0.000000 -32476.182876 6.602181
300.000000 0.264000 0.264000 0.264000 0.000000 0.000000 0.000000 -32402.483775 1.933607
300.000000 0.266000 0.266000 0.266000 0.000000 0.000000 0.000000 -32352.558502 6.947140
300.000000 0.268000 0.268000 0.268000 0.000000 0.000000 0.000000 -32441.864669 4.136695
300.000000 0.270000 0.270000 0.270000 0.000000 0.000000 0.000000 -32329.780656 7.519870
300.000000 0.272000 0.272000 0.272000 0.000000 0.000000 0.000000 -32400.889877 7.453800
300.000000 0.274000 0.274000 0.274000 0.000000 0.000000 0.000000 -32469.830304 8.008273
300.000000 0.276000 0.276000 0.276000 0.000000 0.000000 0.000000 -32453.159366 3.165962
300.000000 0.278000 0.278000 0.278000 0.000000 0.000000 0.000000 -32420.783596 0.795603
300.000000 0.280000 0.280000 0.280000 0.000000 0.000000 0.000000 -32394.562336 -0.169603
300.000000 0.282000 0.282000 0.282000 0.000000 0.000000 0.000000 -32413.066548 2.676493
300.000000 0.284000 0.284000 0.284000 0.000000 0.000000 0.000000 -32358.960583 16.323471
300.000000 0.286000 0.286000 0.286000 0.000000 0.000000 0.000000 -32344.249099 8.168062
300.000000 0.288000 0.288000 0.288000 0.000000 0.000000 0.000000 -32359.856381 13.880984
300.000000 0.290000 0.290000 0.290000 0.000000 0.000000 0.000000 -32438.662350 10.523772
300.000000 0.292000 0.292000 0.292000 0.000000 0.000000 0.000000 -32506.895402 9.068559
300.000000 0.294000 0.294000 0.294000 0.000000 0.000000 0.000000 -32375.322897 16.128296
300.000000 0.296000 0.296000 0.296000 0.000000 0.000000 0.000000 -32448.498360 12.796517
300.000000 0.298000 0.298000 0.298000 0.000000 0.000000 0.000000 -32368.725240 2.009117
300.000000 0.300000 0.300000 0.300000 0.000000 0.000000 0.000000 -32348.179874 1.897889
300.000000 0.302000 0.302000 0.302000 0.000000 0.000000 0.000000 -32284.425734 14.780698
300.000000 0.304000 0.304000 0.304000 0.000000 0.000000 0.000000 -32415.875726 7.031159
300.000000 0.306000 0.306000 0.306000 0.000000 0.000000 0.000000 -32473.127726 8.194983
300.000000 0.308000 0.308000 0.308000 0.000000 0.000000 0.000000 -32435.118140 6.572464
300.000000 0.310000 0.310000 0.310000 0.000000 0.000000 0.000000 -32586.924073 0.402187
300.000000 0.312000 0.312000 0.312000 0.000000 0.000000 0.000000 -32514.448675 -0.468268
300.000000 0.314000 0.314000 0.314000 0.000000 0.000000 0.000000 -32326.902023 6.465717
300.000000 0.316000 0.316000 0.316000 0.000000 0.000000 0.000000 -32426.301992 8.577360
300.000000 0.318000 0.318000 0.318000 0.000000 0.000000 0.000000 -32426.199885 5.396086
300.000000 0.320000 0.320000 0.320000 0.000000 0.000000 0.000000 -32441.770150 3.021524
300.000000 0.322000 0.322000 0.322000 0.000000 0.000000 0.000000 -32469.931260 -2.376089
300.000000 0.324000 0.324000 0.324000 0.000000 0.000000 0.000000 -32398.480873 6.328172
300.000000 0.326000 0.326000 0.326000 0.000000 0.000000 0.000000 -32373.030417 9.092079
300.000000 0.328000 0.328000 0.328000 0.000000 0.000000 0.000000 -32350.972898 -5.126457
300.000000 0.330000 0.330000 0.330000 0.000000 0.000000 0.000000 -32434.547988 0.522836
300.000000 0.332000 0.332000 0.332000 0.000000 0.000000 0.000000 -32330.561658 14.821851
300.000000 0.334000 0.334000 0.334000 0.000000 0.000000 0.000000 -32289.287369 0.470224
300.000000 0.336000 0.336000 0.336000 0.000000 0.000000 0.000000 -32238.574736 8.108361
300.000000 0.338000 0.338000 0.338000 0.000000 0.000000 0.000000 -32371.229540 3.022241
300.000000 0.340000 0.340000 0.340000 0.000000 0.000000 0.000000 -32277.010390 3.050520
300.000000 0.342000 0.342000 0.342000 0.000000 0.000000 0.000000 -32334.338869 8.496697
300.000000 0.344000 0.344000 0.344000 0.000000 0.000000 0.000000 -32340.341283 4.540758
300.000000 0.346000 0.346000 0.346000 0.000000 0.000000 0.000000 -32424.896915 4.722662
300.000000 0.348000 0.348000 0.348000 0.000000 0.000000 0.000000 -32532.246155 3.115736
300.000000 0.350000 0.350000 0.350000 0.000000 0.000000 0.000000 -32415.623672 2.508238
300.000000 0.352000 0.352000 0.352000 0.000000 0.000000 0.000000 -32381.908431 3.060267
300.000000 0.354000 0.354000 0.354000 0.000000 0.000000 0.000000 -32407.225826 1.141081
300.000000 0.356000 0.356000 0.356000 0.000000 0.000000 0.000000 -32365.982538 4.701499
300.000000 0.358000 0.358000 0.358000 0.000000 0.000000 0.000000 -32427.770323 -6.784420
300.000000 0.360000 0.360000 0.360000 0.000000 0.000000 0.000000 -32474.891552 -1.440959
300.000000 0.362000 0.362000 0.362000 0.000000 0.000000 0.000000 -32484.787631 3.589048
300.000000 0.364000 0.364000 0.364000 0.000000 0.000000 0.000000 -32439.820970 8.470803
300.000000 0.366000 0.366000 0.366000 0.000000 0.000000 0.000000 -32395.245245 5.482036
300.000000 0.368000 0.368000 0.368000 0.000000 0.000000 0.000000 -32515.753844 2.045333
300.000000 0.370000 0.370000 0.370000 0.000000 0.000000 0.000000 -32390.458415 6.825324
300.000000 0.372000 0.372000 0.372000 0.000000 0.000000 0.000000 -32441.130926 12.369824
300.000000 0.374000 0.374000 0.374000 0.000000 0.000000 0.000000 -32338.742355 2.688309
300.000000 0.376000 0.376000 0.376000 0.000000 0.000000 0.000000 -32496.288715 10.073101
300.000000 0.378000 0.378000 0.378000 0.000000 0.000000 0.000000 -32466.091840 0.494635
300.000000 0.380000 0.380000 0.380000 0.000000 0.000000 0.000000 -32457.445817 1.181454
300.000000 0.382000 0.382000 0.382000 0.000000 0.000000 0.000000 -32352.114698 -2.913104
300.000000 0.384000 0.384000 0.384000 0.000000 0.000000 0.000000 -32421.778987 4.195539
300.000000 0.386000 0.386000 0.386000 0.000000 0.000000 0.000000 -32441.861169 -2.270360
300.000000 0.388000 0.388000 0.388000 0.000000 0.000000 0.000000 -32441.120131 0.861125
300.000000 0.390000 0.390000 0.390000 0.000000 0.000000 0.000000 -32398.190944 5.444646
300.000000 0.392000 0.392000 0.392000 0.000000 0.000000 0.000000 -32503.191089 2.364130
300.000000 0.394000 0.394000 0.394000 0.000000 0.000000 0.000000 -32453.400920 -2.215968
300.000000 0.396000 0.396000 0.396000 0.000000 0.000000 0.000000 -32289.322613 2.355479
300.000000 0.398000 0.398000 0.398000 0.000000 0.000000 0.000000 -32445.891198 -3.975979
300.000000 0.400000 0.400000 0.400000 0.000000 0.000000 0.000000 -32408.895507 -0.136040
300.000000 0.402000 0.402000 0.402000 0.000000 0.000000 0.000000 -32350.931996 5.287853
300.000000 0.404000 0.404000 0.404000 0.000000 0.000000 0.000000 -32373.802991 -3.651946
300.000000 0.406000 0.406000 0.406000 0.000000 0.000000 0.000000 -32480.741588 9.389436
300.000000 0.408000 0.408000 0.408000 0.000000 0.000000 0.000000 -32511.050928 -0.171480
300.000000 0.410000 0.410000 0.410000 0.000000 0.000000 0.000000 -32293.822230 -4.633638
300.000000 0.412000 0.412000 0.412000 0.000000 0.000000 0.000000 -32455.715034 -9.258051
300.000000 0.414000 0.414000 0.414000 0.000000 0.000000 0.000000 -32492.814471 -7.339231
300.000000 0.416000 0.416000 0.416000 0.000000 0.000000 0.000000 -32456.447442 3.725072
300.000000 0.418000 0.418000 0.418000 0.000000 0.000000 0.000000 -32363.527699 1.163101
300.000000 0.420000 0.420000 0.420000 0.000000 0.000000 0.000000 -32321.168642 2.159715
300.000000 0.422000 0.422000 0.422000 0.000000 0.000000 0.000000 -32399.184030 -7.247243
300.000000 0.424000 0.424000 0.424000 0.000000 0.000000 0.000000 -32479.893371 3.017773
300.000000 0.426000 0.426000 0.426000 0.000000 0.000000 0.000000 -32528.652185 -0.680827
300.000000 0.428000 0.428000 0.428000 0.000000 0.000000 0.000000 -32461.734340 -1.852744
300.000000 0.430000 0.430000 0.430000 0.000000 0.000000 0.000000 -32336.680110 6.573891
300.000000 0.432000 0.432000 0.432000 0.000000 0.000000 0.000000 -32434.217088 -3.829951
300.000000 0.434000 0.434000 0.434000 0.000000 0.000000 0.000000 -32365.224531 3.076142
300.000000 0.436000 0.436000 0.436000 0.000000 0.000000 0.000000 -32349.915169 11.360226
300.000000 0.438000 0.438000 0.438000 0.000000 0.000000 0.000000 -32277.903712 -0.354143
300.000000 0.440000 0.440000 0.440000 0.000000 0.000000 0.000000 -32370.756126 5.731005
300.000000 0.442000 0.442000 0.442000 0.000000 0.000000 0.000000 -32440.158948 -4.624389
300.000000 0.444000 0.444000 0.444000 0.000000 0.000000 0.000000 -32370.040525 -0.686488
300.000000 0.446000 0.446000 0.446000 0.000000 0.000000 0.000000 -32316.896897 8.955663
300.000000 0.448000 0.448000 0.448000 0.000000 0.000000 0.000000 -32320.656255 -2.672151
300.000000 0.450000 0.450000 0.450000 0.000000 0.000000 0.000000 -32243.868021 2.546582
300.000000 0.452000 0.452000 0.452000 0.000000 0.000000 0.000000 -32362.174574 3.491659
300.000000 0.454000 0.454000 0.454000 0.000000 0.000000 0.000000 -32351.400986 -0.103695
300.000000 0.456000 0.456000 0.456000 0.000000 0.000000 0.000000 -32343.057255 3.799212
300.000000 0.458000 0.458000 0.458000 0.000000 0.000000 0.000000 -32290.269200 -0.002680
300.000000 0.460000 0.460000 0.460000 0.000000 0.000000 0.000000 -32492.677416 3.144607
300.000000 0.462000 0.462000 0.462000 0.000000 0.000000 0.000000 -32364.269270 4.679387
300.000000 0.464000 0.464000 0.464000 0.000000 0.000000 0.000000 -32395.868243 0.338758
300.000000 0.466000 0.466000 0.466000 0.000000 0.000000 0.000000 -32420.085464 0.037135
300.000000 0.468000 0.468000 0.468000 0.000000 0.000000 0.000000 -32452.359054 5.129545
300.000000 0.470000 0.470000 0.470000 0.000000 0.000000 0.000000 -32293.514939 7.445780
300.000000 0.472000 0.472000 0.472000 0.000000 0.000000 0.000000 -32342.215000 -4.921972
300.000000 0.474000 0.474000 0.474000 0.000000 0.000000 0.000000 -32402.301785 8.790767
300.000000 0.476000 0.476000 0.476000 0.000000 0.000000 0.000000 -32377.017856 -0.994517
300.000000 0.478000 0.478000 0.478000 0.000000 0.000000 0.000000 -32413.350420 0.584279
300.000000 0.480000 0.480000 0.480000 0.000000 0.000000 0.000000 -32414.254823 -3.655646
300.000000 0.482000 0.482000 0.482000 0.000000 0.000000 0.000000 -32460.773457 -3.605153
300.000000 0.484000 0.484000 0.484000 0.000000 0.000000 0.000000 -32321.401712 -7.238404
300.000000 0.486000 0.486000 0.486000 0.000000 0.000000 0.000000 -32311.836621 -0.345162
300.000000 0.488000 0.488000 0.488000 0.000000 0.000000 0.000000 -32318.949839 5.681029
300.000000 0.490000 0.490000 0.490000 0.000000 0.000000 0.000000 -32386.459634 2.549860
300.000000 0.492000 0.492000 0.492000 0.000000 0.000000 0.000000 -32437.778002 0.065581
300.000000 0.494000 0.494000 0.494000 0.000000 0.000000 0.000000 -32324.271933 4.208763
300.000000 0.496000 0.496000 0.496000 0.000000 0.000000 0.000000 -32453.235818 1.642382
300.000000 0.498000 0.498000 0.498000 0.000000 0.000000 0.000000 -32389.238460 -1.086583
