16 300.000000 -1.000000 0.000000 0.500000 0.100000 80.000000 0.000000 -32904.050512 38.207784 6.727980
17 300.000000 -1.000000 0.000000 0.400000 0.100000 90.000000 0.000000 -32757.356913 61.876444 6.609676
17 300.000000 -1.000000 0.000000 0.400000 0.100000 90.000000 0.000000 -32913.847798 52.322257 6.389847
19 300.000000 -1.000000 0.000000 0.200000 0.100000 110.000000 0.000000 -32696.978891 59.041660 6.963734
17 300.000000 -1.000000 0.000000 0.400000 0.100000 90.000000 0.000000 -32825.854503 51.876236 6.401101
17 300.000000 -1.000000 0.000000 0.400000 0.100000 90.000000 0.000000 -32853.355011 38.450111 6.430071
16 300.000000 -1.000000 0.000000 0.500000 0.100000 80.000000 0.000000 -32907.138425 57.889312 6.696678
19 300.000000 -1.000000 0.000000 0.200000 0.100000 110.000000 0.000000 -32803.796156 122.384267 7.129250
19 300.000000 -1.000000 0.000000 0.200000 0.100000 110.000000 0.000000 -32886.597221 107.342183 6.940492
19 300.000000 -1.000000 0.000000 0.200000 0.100000 110.000000 0.000000 -32853.114386 34.648187 6.399757
17 300.000000 -1.000000 0.000000 0.400000 0.100000 90.000000 0.000000 -32932.932740 62.717328 6.635940
17 300.000000 -1.000000 0.000000 0.400000 0.100000 90.000000 0.000000 -32867.357186 71.951991 6.556244
18 300.000000 -1.000000 0.000000 0.300000 0.100000 100.000000 0.000000 -32995.405553 96.829798 6.721536
19 300.000000 -1.000000 0.000000 0.200000 0.100000 110.000000 0.000000 -32740.609964 93.151155 7.857570
19 300.000000 -1.000000 0.000000 0.200000 0.100000 110.000000 0.000000 -32853.478473 116.052598 6.862975
19 300.000000 -1.000000 0.000000 0.200000 0.100000 110.000000 0.000000 -32746.052052 89.937738 6.429761
19 300.000000 -1.000000 0.000000 0.200000 0.100000 110.000000 0.000000 -32890.738325 66.781765 6.747979
19 300.000000 -1.000000 0.000000 0.200000 0.100000 110.000000 0.000000 -32845.315668 62.444413 6.451886
17 300.000000 -1.000000 0.000000 0.400000 0.100000 90.000000 0.000000 -32908.333006 57.229684 7.603279
16 300.000000 -1.000000 0.000000 0.500000 0.100000 80.000000 0.000000 -32840.373307 49.549857 6.498384
17 300.000000 -1.000000 0.000000 0.400000 0.100000 90.000000 0.000000 -32919.448238 71.162431 6.449519
19 300.000000 -1.000000 0.000000 0.200000 0.100000 110.000000 0.000000 -32925.049382 58.544010 7.047346
18 300.000000 -1.000000 0.000000 0.300000 0.100000 100.000000 0.000000 -32769.153892 72.164832 6.493636
17 300.000000 -1.000000 0.000000 0.400000 0.100000 90.000000 0.000000 -32717.208748 64.717358 6.447734
17 300.000000 -1.000000 0.000000 0.400000 0.100000 90.000000 0.000000 -32805.044922 52.038500 6.467142
16 300.000000 -1.000000 0.000000 0.500000 0.100000 80.000000 0.000000 -32728.949975 36.248965 6.481501
16 300.000000 -1.000000 0.000000 0.500000 0.100000 80.000000 0.000000 -32734.265830 55.397022 6.409203
16 300.000000 -1.000000 0.000000 0.500000 0.100000 80.000000 0.000000 -32941.227775 36.075947 6.728088
16 300.000000 -1.000000 0.000000 0.500000 0.100000 80.000000 0.000000 -32734.579152 31.830621 6.511527
15 300.000000 -1.000000 0.100000 0.500000 0.100000 70.000000 0.000000 -32789.047698 22.778960 7.776644
15 300.000000 -1.000000 0.100000 0.500000 0.100000 70.000000 0.000000 -32791.614184 24.915333 7.102490
15 300.000000 -1.000000 0.100000 0.500000 0.100000 70.000000 0.000000 -32860.222395 12.211780 7.270166
13 300.000000 -1.000000 0.300000 0.500000 0.100000 50.000000 0.000000 -32963.240428 9.790979 7.215042
14 300.000000 -1.000000 0.200000 0.500000 0.100000 60.000000 0.000000 -32951.373580 3.320197 8.010997
12 300.000000 -1.000000 0.400000 0.500000 0.100000 40.000000 0.000000 -32904.344257 0.271139 7.254081
10 300.000000 1.000000 0.500000 0.500000 0.100000 30.000000 0.000000 -32906.169101 -6.640485 7.548318
11 300.000000 -1.000000 0.500000 0.500000 0.100000 30.000000 0.000000 -32922.646789 2.652233 6.710680
7 300.000000 1.000000 0.200000 0.500000 0.100000 60.000000 0.000000 -32834.978120 10.800945 8.253790
8 300.000000 1.000000 0.300000 0.500000 0.100000 50.000000 0.000000 -32770.807620 6.742942 8.268646
11 300.000000 -1.000000 0.500000 0.500000 0.100000 30.000000 0.000000 -32699.917422 -1.344680 6.682225
12 300.000000 -1.000000 0.400000 0.500000 0.100000 40.000000 0.000000 -32978.718141 2.363110 7.705851
12 300.000000 -1.000000 0.400000 0.500000 0.100000 40.000000 0.000000 -32729.779543 2.826165 6.391581
12 300.000000 -1.000000 0.400000 0.500000 0.100000 40.000000 0.000000 -32926.406040 3.211980 6.862966
12 300.000000 -1.000000 0.400000 0.500000 0.100000 40.000000 0.000000 -32772.034975 3.861615 6.520663
7 300.000000 1.000000 0.200000 0.500000 0.100000 60.000000 0.000000 -32842.192084 9.737010 6.546499
10 300.000000 1.000000 0.500000 0.500000 0.100000 30.000000 0.000000 -32918.741045 -0.411911 6.428897
12 300.000000 -1.000000 0.400000 0.500000 0.100000 40.000000 0.000000 -32880.167096 12.966979 7.069628
14 300.000000 -1.000000 0.200000 0.500000 0.100000 60.000000 0.000000 -32807.446728 4.604472 7.025514
13 300.000000 -1.000000 0.300000 0.500000 0.100000 50.000000 0.000000 -32836.581448 11.574589 7.178415
12 300.000000 -1.000000 0.400000 0.500000 0.100000 40.000000 0.000000 -32908.148307 4.250692 8.223886
13 300.000000 -1.000000 0.300000 0.500000 0.100000 50.000000 0.000000 -32839.873438 1.792342 8.247239
11 300.000000 -1.000000 0.500000 0.500000 0.100000 30.000000 0.000000 -32871.011538 -0.145913 6.867677
11 300.000000 -1.000000 0.500000 0.500000 0.100000 30.000000 0.000000 -32905.845565 3.298044 6.901729
11 300.000000 -1.000000 0.500000 0.500000 0.100000 30.000000 0.000000 -32892.511322 -6.853111 8.238156
11 300.000000 -1.000000 0.500000 0.500000 0.100000 30.000000 0.000000 -32878.662036 0.138742 7.129845
11 300.000000 -1.000000 0.500000 0.500000 0.100000 30.000000 0.000000 -32841.486639 1.207647 6.395535
9 300.000000 1.000000 0.400000 0.500000 0.100000 40.000000 0.000000 -32870.499606 -1.188945 7.312842
10 300.000000 1.000000 0.500000 0.500000 0.100000 30.000000 0.000000 -32825.649174 0.847518 7.368269
11 300.000000 -1.000000 0.500000 0.500000 0.100000 30.000000 0.000000 -32857.818243 -2.732163 6.394523
13 300.000000 -1.000000 0.300000 0.500000 0.100000 50.000000 0.000000 -32860.695673 12.037510 7.195476
14 300.000000 -1.000000 0.200000 0.500000 0.100000 60.000000 0.000000 -32928.089383 18.233539 6.947478
13 300.000000 -1.000000 0.300000 0.500000 0.100000 50.000000 0.000000 -32934.928379 7.292818 7.160418
13 300.000000 -1.000000 0.300000 0.500000 0.100000 50.000000 0.000000 -33012.720798 8.524542 6.712375
13 300.000000 -1.000000 0.300000 0.500000 0.100000 50.000000 0.000000 -32767.360651 5.532881 7.296685
8 300.000000 1.000000 0.300000 0.500000 0.100000 50.000000 0.000000 -32952.766574 10.907794 6.399090
8 300.000000 1.000000 0.300000 0.500000 0.100000 50.000000 0.000000 -32820.920503 16.089457 6.632040
8 300.000000 1.000000 0.300000 0.500000 0.100000 50.000000 0.000000 -32911.782274 2.922636 6.391862
8 300.000000 1.000000 0.300000 0.500000 0.100000 50.000000 0.000000 -32801.634483 12.141252 8.202404
8 300.000000 1.000000 0.300000 0.500000 0.100000 50.000000 0.000000 -33004.951529 4.158364 7.532634
11 300.000000 -1.000000 0.500000 0.500000 0.100000 30.000000 0.000000 -32992.260765 1.400918 6.943549
11 300.000000 -1.000000 0.500000 0.500000 0.100000 30.000000 0.000000 -32799.818952 -7.493739 7.353252
12 300.000000 -1.000000 0.400000 0.500000 0.100000 40.000000 0.000000 -32730.672205 0.686481 6.632566
11 300.000000 -1.000000 0.500000 0.500000 0.100000 30.000000 0.000000 -32857.072606 8.769631 8.182654
15 300.000000 -1.000000 0.100000 0.500000 0.100000 70.000000 0.000000 -32876.283430 35.141864 7.670227
15 300.000000 -1.000000 0.100000 0.500000 0.100000 70.000000 0.000000 -32635.000959 15.347170 7.468428
13 300.000000 -1.000000 0.300000 0.500000 0.100000 50.000000 0.000000 -32740.833379 4.255349 6.422179
11 300.000000 -1.000000 0.500000 0.500000 0.100000 30.000000 0.000000 -32848.620193 0.287461 6.394338
11 300.000000 -1.000000 0.500000 0.500000 0.100000 30.000000 0.000000 -32863.943250 -0.703162 6.423134
10 300.000000 1.000000 0.500000 0.500000 0.100000 30.000000 0.000000 -32963.972884 -0.495598 7.401128
10 300.000000 1.000000 0.500000 0.500000 0.100000 30.000000 0.000000 -32889.734304 2.987386 8.230606
7 300.000000 1.000000 0.200000 0.500000 0.100000 60.000000 0.000000 -32737.632378 3.721298 6.694204
7 300.000000 1.000000 0.200000 0.500000 0.100000 60.000000 0.000000 -32825.819297 7.332569 6.625464
7 300.000000 1.000000 0.200000 0.500000 0.100000 60.000000 0.000000 -32737.322170 16.490666 6.481761
7 300.000000 1.000000 0.200000 0.500000 0.100000 60.000000 0.000000 -32876.205833 11.484789 6.759776
7 300.000000 1.000000 0.200000 0.500000 0.100000 60.000000 0.000000 -32840.103318 15.614831 7.166339
7 300.000000 1.000000 0.200000 0.500000 0.100000 60.000000 0.000000 -32762.355692 26.700180 6.408069
7 300.000000 1.000000 0.200000 0.500000 0.100000 60.000000 0.000000 -32725.298257 24.973103 7.537894
6 300.000000 1.000000 0.100000 0.500000 0.100000 70.000000 0.000000 -32686.205667 11.690041 7.094003
7 300.000000 1.000000 0.200000 0.500000 0.100000 60.000000 0.000000 -32914.948017 14.640409 8.282571
8 300.000000 1.000000 0.300000 0.500000 0.100000 50.000000 0.000000 -32852.185736 4.365177 7.843478
9 300.000000 1.000000 0.400000 0.500000 0.100000 40.000000 0.000000 -32806.674270 -0.987869 8.244143
10 300.000000 1.000000 0.500000 0.500000 0.100000 30.000000 0.000000 -32807.018613 -3.168736 7.943478
11 300.000000 -1.000000 0.500000 0.500000 0.100000 30.000000 0.000000 -32735.693914 -7.631875 6.807347
10 300.000000 1.000000 0.500000 0.500000 0.100000 30.000000 0.000000 -32930.450373 -5.849678 6.787306
13 300.000000 -1.000000 0.300000 0.500000 0.100000 50.000000 0.000000 -32875.587502 11.787594 6.393164
13 300.000000 -1.000000 0.300000 0.500000 0.100000 50.000000 0.000000 -32880.838867 7.211685 6.691345
9 300.000000 1.000000 0.400000 0.500000 0.100000 40.000000 0.000000 -32783.837367 -1.226490 6.461881
12 300.000000 -1.000000 0.400000 0.500000 0.100000 40.000000 0.000000 -32915.825058 4.546623 6.428942
12 300.000000 -1.000000 0.400000 0.500000 0.100000 40.000000 0.000000 -32800.591651 -1.923698 6.749540
10 300.000000 1.000000 0.500000 0.500000 0.100000 30.000000 0.000000 -32806.169280 -3.109163 7.262412
12 300.000000 -1.000000 0.400000 0.500000 0.100000 40.000000 0.000000 -32748.949851 12.463905 6.638513
13 300.000000 -1.000000 0.300000 0.500000 0.100000 50.000000 0.000000 -32921.816417 2.421324 6.437099
8 300.000000 1.000000 0.300000 0.500000 0.100000 50.000000 0.000000 -32974.494016 0.955206 6.535011
9 300.000000 1.000000 0.400000 0.500000 0.100000 40.000000 0.000000 -32820.187349 2.497829 6.406646
11 300.000000 -1.000000 0.500000 0.500000 0.100000 30.000000 0.000000 -32966.027852 -3.097545 7.461890
11 300.000000 -1.000000 0.500000 0.500000 0.100000 30.000000 0.000000 -32864.473006 2.408462 7.333493
13 300.000000 -1.000000 0.300000 0.500000 0.100000 50.000000 0.000000 -32790.452729 2.192762 8.276205
11 300.000000 -1.000000 0.500000 0.500000 0.100000 30.000000 0.000000 -32708.690581 8.368950 8.273852
14 300.000000 -1.000000 0.200000 0.500000 0.100000 60.000000 0.000000 -32801.115914 30.309989 6.412900
16 300.000000 -1.000000 0.000000 0.500000 0.100000 80.000000 0.000000 -32792.902750 56.751897 6.660645
17 300.000000 -1.000000 0.000000 0.400000 0.100000 90.000000 0.000000 -32765.288715 49.228331 6.474726
17 300.000000 -1.000000 0.000000 0.400000 0.100000 90.000000 0.000000 -32753.000583 40.994084 6.410731
17 300.000000 -1.000000 0.000000 0.400000 0.100000 90.000000 0.000000 -32737.962479 51.662714 6.392912
16 300.000000 -1.000000 0.000000 0.500000 0.100000 80.000000 0.000000 -32806.962685 67.186119 6.503927
16 300.000000 -1.000000 0.000000 0.500000 0.100000 80.000000 0.000000 -32873.017842 51.998278 6.393770
16 300.000000 -1.000000 0.000000 0.500000 0.100000 80.000000 0.000000 -32820.707515 35.669262 7.764077
17 300.000000 -1.000000 0.000000 0.400000 0.100000 90.000000 0.000000 -32822.750432 71.879631 6.437535
18 300.000000 -1.000000 0.000000 0.300000 0.100000 100.000000 0.000000 -32893.894135 44.747927 6.727905
16 300.000000 -1.000000 0.000000 0.500000 0.100000 80.000000 0.000000 -32883.230677 61.803272 6.402662
17 300.000000 -1.000000 0.000000 0.400000 0.100000 90.000000 0.000000 -32778.223115 56.256550 6.499842
17 300.000000 -1.000000 0.000000 0.400000 0.100000 90.000000 0.000000 -32704.475858 36.077511 6.633093
17 300.000000 -1.000000 0.000000 0.400000 0.100000 90.000000 0.000000 -32898.073584 51.778575 6.920527
16 300.000000 -1.000000 0.000000 0.500000 0.100000 80.000000 0.000000 -32858.570506 46.324147 7.053725
16 300.000000 -1.000000 0.000000 0.500000 0.100000 80.000000 0.000000 -32948.858151 54.222211 7.672628
16 300.000000 -1.000000 0.000000 0.500000 0.100000 80.000000 0.000000 -32816.712219 54.810930 6.981133
16 300.000000 -1.000000 0.000000 0.500000 0.100000 80.000000 0.000000 -32842.885378 52.066723 6.390185
17 300.000000 -1.000000 0.000000 0.400000 0.100000 90.000000 0.000000 -32936.422337 49.243231 7.329073
17 300.000000 -1.000000 0.000000 0.400000 0.100000 90.000000 0.000000 -32928.681874 44.318145 2.899444
17 300.000000 -1.000000 0.000000 0.400000 0.100000 90.000000 0.000000 -32695.788155 29.829694 6.391515
15 300.000000 -1.000000 0.100000 0.500000 0.100000 70.000000 0.000000 -32939.515252 16.163512 6.505386
14 300.000000 -1.000000 0.200000 0.500000 0.100000 60.000000 0.000000 -32872.835423 22.205518 8.247793
14 300.000000 -1.000000 0.200000 0.500000 0.100000 60.000000 0.000000 -32724.343893 12.999530 6.706291
15 300.000000 -1.000000 0.100000 0.500000 0.100000 70.000000 0.000000 -32847.063884 28.007475 7.209798
15 300.000000 -1.000000 0.100000 0.500000 0.100000 70.000000 0.000000 -32777.996503 23.642031 7.386556
14 300.000000 -1.000000 0.200000 0.500000 0.100000 60.000000 0.000000 -32926.122772 18.599036 7.289529
15 300.000000 -1.000000 0.100000 0.500000 0.100000 70.000000 0.000000 -32709.574588 26.744917 6.515491
15 300.000000 -1.000000 0.100000 0.500000 0.100000 70.000000 0.000000 -33021.138967 19.330162 6.873764
14 300.000000 -1.000000 0.200000 0.500000 0.100000 60.000000 0.000000 -32937.212969 11.289853 6.389724
14 300.000000 -1.000000 0.200000 0.500000 0.100000 60.000000 0.000000 -33002.189319 14.164783 7.225034
13 300.000000 -1.000000 0.300000 0.500000 0.100000 50.000000 0.000000 -33047.165662 10.242343 6.395909
8 300.000000 1.000000 0.300000 0.500000 0.100000 50.000000 0.000000 -32941.455991 9.966251 7.226693
7 300.000000 1.000000 0.200000 0.500000 0.100000 60.000000 0.000000 -32798.713696 12.424566 7.252276
7 300.000000 1.000000 0.200000 0.500000 0.100000 60.000000 0.000000 -32940.836527 9.022043 8.283454
14 300.000000 -1.000000 0.200000 0.500000 0.100000 60.000000 0.000000 -32917.959510 2.494611 6.492572
13 300.000000 -1.000000 0.300000 0.500000 0.100000 50.000000 0.000000 -32858.847960 4.922794 6.477747
14 300.000000 -1.000000 0.200000 0.500000 0.100000 60.000000 0.000000 -32727.706120 27.420409 7.538520
15 300.000000 -1.000000 0.100000 0.500000 0.100000 70.000000 0.000000 -32744.189223 9.861279 6.476362
15 300.000000 -1.000000 0.100000 0.500000 0.100000 70.000000 0.000000 -32764.930575 28.274729 6.521070
15 300.000000 -1.000000 0.100000 0.500000 0.100000 70.000000 0.000000 -32885.465250 25.733797 7.146932
15 300.000000 -1.000000 0.100000 0.500000 0.100000 70.000000 0.000000 -32923.730704 24.826572 6.441984
15 300.000000 -1.000000 0.100000 0.500000 0.100000 70.000000 0.000000 -32917.629145 16.659952 8.160062
16 300.000000 -1.000000 0.000000 0.500000 0.100000 80.000000 0.000000 -32767.592568 28.429028 6.530741
15 300.000000 -1.000000 0.100000 0.500000 0.100000 70.000000 0.000000 -32915.648718 14.413786 7.423280
15 300.000000 -1.000000 0.100000 0.500000 0.100000 70.000000 0.000000 -32816.298906 23.286821 7.598151
15 300.000000 -1.000000 0.100000 0.500000 0.100000 70.000000 0.000000 -32907.084333 28.895733 6.665976
14 300.000000 -1.000000 0.200000 0.500000 0.100000 60.000000 0.000000 -32801.300075 20.668746 6.444955
15 300.000000 -1.000000 0.100000 0.500000 0.100000 70.000000 0.000000 -32960.499026 3.054497 6.690088
12 300.000000 -1.000000 0.400000 0.500000 0.100000 40.000000 0.000000 -32980.607503 4.264476 6.530642
13 300.000000 -1.000000 0.300000 0.500000 0.100000 50.000000 0.000000 -32909.905779 12.028864 6.426967
14 300.000000 -1.000000 0.200000 0.500000 0.100000 60.000000 0.000000 -32663.826744 9.031659 7.299642
11 300.000000 -1.000000 0.500000 0.500000 0.100000 30.000000 0.000000 -32934.029605 0.633824 6.603126
12 300.000000 -1.000000 0.400000 0.500000 0.100000 40.000000 0.000000 -32879.533280 6.087949 7.247679
11 300.000000 -1.000000 0.500000 0.500000 0.100000 30.000000 0.000000 -32956.189049 0.291747 6.390301
11 300.000000 -1.000000 0.500000 0.500000 0.100000 30.000000 0.000000 -32638.414297 -8.943492 6.782610
11 300.000000 -1.000000 0.500000 0.500000 0.100000 30.000000 0.000000 -32797.537894 -3.713488 7.146802
9 300.000000 1.000000 0.400000 0.500000 0.100000 40.000000 0.000000 -32837.999553 -5.485874 7.062947
9 300.000000 1.000000 0.400000 0.500000 0.100000 40.000000 0.000000 -32881.487134 -2.734455 6.394829
12 300.000000 -1.000000 0.400000 0.500000 0.100000 40.000000 0.000000 -32786.493005 1.858146 6.582919
9 300.000000 1.000000 0.400000 0.500000 0.100000 40.000000 0.000000 -32881.807676 9.580484 6.404519
10 300.000000 1.000000 0.500000 0.500000 0.100000 30.000000 0.000000 -32810.614305 -4.096932 6.392964
10 300.000000 1.000000 0.500000 0.500000 0.100000 30.000000 0.000000 -32928.357917 0.685016 7.119340
9 300.000000 1.000000 0.400000 0.500000 0.100000 40.000000 0.000000 -32874.883333 2.188626 6.905635
13 300.000000 -1.000000 0.300000 0.500000 0.100000 50.000000 0.000000 -32823.103962 0.835961 7.132098
11 300.000000 -1.000000 0.500000 0.500000 0.100000 30.000000 0.000000 -32884.147398 -3.310320 8.278800
9 300.000000 1.000000 0.400000 0.500000 0.100000 40.000000 0.000000 -32817.455122 -2.433989 6.271886
10 300.000000 1.000000 0.500000 0.500000 0.100000 30.000000 0.000000 -33086.965024 -3.420592 6.479599
11 300.000000 -1.000000 0.500000 0.500000 0.100000 30.000000 0.000000 -32930.758856 0.967080 6.982475
11 300.000000 -1.000000 0.500000 0.500000 0.100000 30.000000 0.000000 -32780.214080 1.374405 6.446168
13 300.000000 -1.000000 0.300000 0.500000 0.100000 50.000000 0.000000 -32942.994204 13.773123 6.390690
14 300.000000 -1.000000 0.200000 0.500000 0.100000 60.000000 0.000000 -32703.265770 15.244761 7.061781
12 300.000000 -1.000000 0.400000 0.500000 0.100000 40.000000 0.000000 -32947.675724 5.526732 6.825082
14 300.000000 -1.000000 0.200000 0.500000 0.100000 60.000000 0.000000 -32996.468814 12.355983 6.400344
11 300.000000 -1.000000 0.500000 0.500000 0.100000 30.000000 0.000000 -32938.576906 7.331571 6.898416
8 300.000000 1.000000 0.300000 0.500000 0.100000 50.000000 0.000000 -32885.597767 12.204362 6.885522
8 300.000000 1.000000 0.300000 0.500000 0.100000 50.000000 0.000000 -32886.639401 1.188077 6.902296
11 300.000000 -1.000000 0.500000 0.500000 0.100000 30.000000 0.000000 -32925.571645 -1.217014 6.431574
12 300.000000 -1.000000 0.400000 0.500000 0.100000 40.000000 0.000000 -32596.414922 -1.546127 6.390278
10 300.000000 1.000000 0.500000 0.500000 0.100000 30.000000 0.000000 -32881.126200 -0.538479 6.575242
9 300.000000 1.000000 0.400000 0.500000 0.100000 40.000000 0.000000 -32849.713561 6.136733 6.390404
10 300.000000 1.000000 0.500000 0.500000 0.100000 30.000000 0.000000 -32842.997825 3.262472 6.389836
9 300.000000 1.000000 0.400000 0.500000 0.100000 40.000000 0.000000 -33016.171977 3.731295 6.513777
9 300.000000 1.000000 0.400000 0.500000 0.100000 40.000000 0.000000 -32695.104945 4.861967 6.555089
8 300.000000 1.000000 0.300000 0.500000 0.100000 50.000000 0.000000 -32901.022049 2.938716 6.746464
10 300.000000 1.000000 0.500000 0.500000 0.100000 30.000000 0.000000 -32773.962446 -6.400347 6.454254
11 300.000000 -1.000000 0.500000 0.500000 0.100000 30.000000 0.000000 -32816.503055 -0.256844 8.046761
10 300.000000 1.000000 0.500000 0.500000 0.100000 30.000000 0.000000 -32839.951162 -3.701234 6.474263
8 300.000000 1.000000 0.300000 0.500000 0.100000 50.000000 0.000000 -32822.955889 1.981728 7.932443
10 300.000000 1.000000 0.500000 0.500000 0.100000 30.000000 0.000000 -32819.109408 -2.155885 8.264363
12 300.000000 -1.000000 0.400000 0.500000 0.100000 40.000000 0.000000 -32785.324193 0.338573 6.457303
8 300.000000 1.000000 0.300000 0.500000 0.100000 50.000000 0.000000 -32961.715456 10.025267 7.181640
8 300.000000 1.000000 0.300000 0.500000 0.100000 50.000000 0.000000 -32780.849511 8.054269 6.396782
8 300.000000 1.000000 0.300000 0.500000 0.100000 50.000000 0.000000 -32596.394453 0.612809 6.875589
11 300.000000 -1.000000 0.500000 0.500000 0.100000 30.000000 0.000000 -32809.952228 -0.243717 6.718050
9 300.000000 1.000000 0.400000 0.500000 0.100000 40.000000 0.000000 -32914.809289 -10.880685 6.541453
10 300.000000 1.000000 0.500000 0.500000 0.100000 30.000000 0.000000 -32903.714470 0.677298 7.899854
9 300.000000 1.000000 0.400000 0.500000 0.100000 40.000000 0.000000 -32925.721484 4.984544 6.753467
12 300.000000 -1.000000 0.400000 0.500000 0.100000 40.000000 0.000000 -32675.714751 8.036141 6.615221
11 300.000000 -1.000000 0.500000 0.500000 0.100000 30.000000 0.000000 -32776.723249 -2.191258 7.724390
12 300.000000 -1.000000 0.400000 0.500000 0.100000 40.000000 0.000000 -32993.962007 2.840929 7.588184
9 300.000000 1.000000 0.400000 0.500000 0.100000 40.000000 0.000000 -33073.570980 -1.653314 7.051172
9 300.000000 1.000000 0.400000 0.500000 0.100000 40.000000 0.000000 -32744.172396 8.325964 7.449315
7 300.000000 1.000000 0.200000 0.500000 0.100000 60.000000 0.000000 -32938.480623 17.728960 6.603896
12 300.000000 -1.000000 0.400000 0.500000 0.100000 40.000000 0.000000 -32901.626090 2.011593 6.462447
11 300.000000 -1.000000 0.500000 0.500000 0.100000 30.000000 0.000000 -32878.795885 1.424058 6.440519
11 300.000000 -1.000000 0.500000 0.500000 0.100000 30.000000 0.000000 -32994.854115 1.604384 7.143654
13 300.000000 -1.000000 0.300000 0.500000 0.100000 50.000000 0.000000 -32782.835518 5.815719 6.740210
12 300.000000 -1.000000 0.400000 0.500000 0.100000 40.000000 0.000000 -32809.651167 0.367754 6.784220
11 300.000000 -1.000000 0.500000 0.500000 0.100000 30.000000 0.000000 -32883.291986 -1.424020 8.283472
10 300.000000 1.000000 0.500000 0.500000 0.100000 30.000000 0.000000 -32698.869733 5.641342 6.512744
11 300.000000 -1.000000 0.500000 0.500000 0.100000 30.000000 0.000000 -32812.104116 2.471014 6.562959
12 300.000000 -1.000000 0.400000 0.500000 0.100000 40.000000 0.000000 -32802.053686 9.796406 6.807113
13 300.000000 -1.000000 0.300000 0.500000 0.100000 50.000000 0.000000 -32864.176751 3.034830 6.673102
12 300.000000 -1.000000 0.400000 0.500000 0.100000 40.000000 0.000000 -33044.226143 -2.032135 6.428926
13 300.000000 -1.000000 0.300000 0.500000 0.100000 50.000000 0.000000 -32824.940901 4.386825 6.395224
12 300.000000 -1.000000 0.400000 0.500000 0.100000 40.000000 0.000000 -32920.634349 11.288018 6.964968
13 300.000000 -1.000000 0.300000 0.500000 0.100000 50.000000 0.000000 -32847.448395 17.633260 6.844468
16 300.000000 -1.000000 0.000000 0.500000 0.100000 80.000000 0.000000 -32759.567944 68.001343 7.322211
16 300.000000 -1.000000 0.000000 0.500000 0.100000 80.000000 0.000000 -32849.012481 41.700936 7.739805
16 300.000000 -1.000000 0.000000 0.500000 0.100000 80.000000 0.000000 -32738.113213 51.984743 7.009641
19 300.000000 -1.000000 0.000000 0.200000 0.100000 110.000000 0.000000 -32850.774653 110.411209 6.995770
19 300.000000 -1.000000 0.000000 0.200000 0.100000 110.000000 0.000000 -32915.219301 85.305565 7.048531
18 300.000000 -1.000000 0.000000 0.300000 0.100000 100.000000 0.000000 -32771.791101 67.168638 7.589283
18 300.000000 -1.000000 0.000000 0.300000 0.100000 100.000000 0.000000 -32909.111033 84.377840 7.188840
18 300.000000 -1.000000 0.000000 0.300000 0.100000 100.000000 0.000000 -32728.069883 81.099057 7.714616
18 300.000000 -1.000000 0.000000 0.300000 0.100000 100.000000 0.000000 -32835.100914 81.907541 7.031543
17 300.000000 -1.000000 0.000000 0.400000 0.100000 90.000000 0.000000 -32813.722565 47.581601 6.789359
16 300.000000 -1.000000 0.000000 0.500000 0.100000 80.000000 0.000000 -32808.280127 30.794114 6.545528
17 300.000000 -1.000000 0.000000 0.400000 0.100000 90.000000 0.000000 -32800.993680 74.201332 6.456576
19 300.000000 -1.000000 0.000000 0.200000 0.100000 110.000000 0.000000 -32802.651581 88.899457 7.320072
17 300.000000 -1.000000 0.000000 0.400000 0.100000 90.000000 0.000000 -32928.928095 16.183188 7.031866
13 300.000000 -1.000000 0.300000 0.500000 0.100000 50.000000 0.000000 -32901.635458 12.524412 7.130768
13 300.000000 -1.000000 0.300000 0.500000 0.100000 50.000000 0.000000 -32891.390963 0.366996 7.501102
9 300.000000 1.000000 0.400000 0.500000 0.100000 40.000000 0.000000 -32784.421911 20.966571 6.436209
6 300.000000 1.000000 0.100000 0.500000 0.100000 70.000000 0.000000 -32851.756700 53.494211 6.960117
4 300.000000 1.000000 0.000000 0.400000 0.100000 90.000000 0.000000 -32745.122239 35.280604 6.469048
5 300.000000 1.000000 0.000000 0.500000 0.100000 80.000000 0.000000 -32814.080746 49.895211 6.558226
4 300.000000 1.000000 0.000000 0.400000 0.100000 90.000000 0.000000 -32834.057620 55.219825 7.903800
4 300.000000 1.000000 0.000000 0.400000 0.100000 90.000000 0.000000 -32835.609428 74.176882 7.531359
4 300.000000 1.000000 0.000000 0.400000 0.100000 90.000000 0.000000 -32807.445038 38.649426 6.538059
3 300.000000 1.000000 0.000000 0.300000 0.100000 100.000000 0.000000 -32965.573257 86.112088 6.738179
3 300.000000 1.000000 0.000000 0.300000 0.100000 100.000000 0.000000 -32790.931277 83.345631 4.035170
4 300.000000 1.000000 0.000000 0.400000 0.100000 90.000000 0.000000 -32882.543857 53.616100 6.563533
5 300.000000 1.000000 0.000000 0.500000 0.100000 80.000000 0.000000 -32753.850037 33.519150 7.787277
6 300.000000 1.000000 0.100000 0.500000 0.100000 70.000000 0.000000 -32716.574530 14.931762 7.970220
7 300.000000 1.000000 0.200000 0.500000 0.100000 60.000000 0.000000 -32859.411993 3.637180 8.278036
8 300.000000 1.000000 0.300000 0.500000 0.100000 50.000000 0.000000 -32779.372013 1.733610 7.920126
8 300.000000 1.000000 0.300000 0.500000 0.100000 50.000000 0.000000 -32934.320942 4.906825 7.399226
8 300.000000 1.000000 0.300000 0.500000 0.100000 50.000000 0.000000 -32885.621086 3.679838 6.501841
7 300.000000 1.000000 0.200000 0.500000 0.100000 60.000000 0.000000 -32750.905830 7.637378 6.557025
8 300.000000 1.000000 0.300000 0.500000 0.100000 50.000000 0.000000 -32743.679018 2.801821 7.158773
9 300.000000 1.000000 0.400000 0.500000 0.100000 40.000000 0.000000 -32917.887079 0.524880 6.971952
10 300.000000 1.000000 0.500000 0.500000 0.100000 30.000000 0.000000 -32891.019142 -5.735139 6.398804
10 300.000000 1.000000 0.500000 0.500000 0.100000 30.000000 0.000000 -32947.075430 1.651402 6.401472
10 300.000000 1.000000 0.500000 0.500000 0.100000 30.000000 0.000000 -32905.367087 2.158858 7.327274
14 300.000000 -1.000000 0.200000 0.500000 0.100000 60.000000 0.000000 -32666.362227 22.116404 6.725112
14 300.000000 -1.000000 0.200000 0.500000 0.100000 60.000000 0.000000 -32829.537854 5.635041 6.453935
13 300.000000 -1.000000 0.300000 0.500000 0.100000 50.000000 0.000000 -32861.127427 10.364926 6.996880
13 300.000000 -1.000000 0.300000 0.500000 0.100000 50.000000 0.000000 -32991.509859 11.718618 6.846862
13 300.000000 -1.000000 0.300000 0.500000 0.100000 50.000000 0.000000 -32955.016254 6.193905 6.501318
13 300.000000 -1.000000 0.300000 0.500000 0.100000 50.000000 0.000000 -32930.830590 -0.989712 6.390777
13 300.000000 -1.000000 0.300000 0.500000 0.100000 50.000000 0.000000 -32846.000243 8.554548 6.577628
13 300.000000 -1.000000 0.300000 0.500000 0.100000 50.000000 0.000000 -32965.952135 11.317799 8.122255
14 300.000000 -1.000000 0.200000 0.500000 0.100000 60.000000 0.000000 -32844.163479 23.740871 8.116617
15 300.000000 -1.000000 0.100000 0.500000 0.100000 70.000000 0.000000 -32710.621236 32.419375 6.972054
15 300.000000 -1.000000 0.100000 0.500000 0.100000 70.000000 0.000000 -32838.710886 12.049793 7.879643
14 300.000000 -1.000000 0.200000 0.500000 0.100000 60.000000 0.000000 -32847.819304 12.682030 7.461537
15 300.000000 -1.000000 0.100000 0.500000 0.100000 70.000000 0.000000 -32790.958226 47.932237 6.436087
19 300.000000 -1.000000 0.000000 0.200000 0.100000 110.000000 0.000000 -32790.208570 85.539429 7.048274
19 300.000000 -1.000000 0.000000 0.200000 0.100000 110.000000 0.000000 -32906.002905 112.688137 6.447143
19 300.000000 -1.000000 0.000000 0.200000 0.100000 110.000000 0.000000 -32844.065612 119.068463 8.171072
19 300.000000 -1.000000 0.000000 0.200000 0.100000 110.000000 0.000000 -32808.234790 90.186637 7.458459
18 300.000000 -1.000000 0.000000 0.300000 0.100000 100.000000 0.000000 -32957.512844 80.163762 7.954099
17 300.000000 -1.000000 0.000000 0.400000 0.100000 90.000000 0.000000 -32710.922927 46.215281 7.227047
17 300.000000 -1.000000 0.000000 0.400000 0.100000 90.000000 0.000000 -32768.292888 46.038729 8.283470
18 300.000000 -1.000000 0.000000 0.300000 0.100000 100.000000 0.000000 -32749.205067 51.253603 7.913113
17 300.000000 -1.000000 0.000000 0.400000 0.100000 90.000000 0.000000 -32787.373653 78.609324 6.717638
19 300.000000 -1.000000 0.000000 0.200000 0.100000 110.000000 0.000000 -32848.508820 34.371883 6.514807
15 300.000000 -1.000000 0.100000 0.500000 0.100000 70.000000 0.000000 -32858.964072 17.509474 7.014327
15 300.000000 -1.000000 0.100000 0.500000 0.100000 70.000000 0.000000 -32825.339536 22.490853 7.518117
15 300.000000 -1.000000 0.100000 0.500000 0.100000 70.000000 0.000000 -32839.010562 28.266649 7.134797
15 300.000000 -1.000000 0.100000 0.500000 0.100000 70.000000 0.000000 -32852.825117 -1.748347 6.587008
10 300.000000 1.000000 0.500000 0.500000 0.100000 30.000000 0.000000 -33021.665941 1.255356 8.090220
10 300.000000 1.000000 0.500000 0.500000 0.100000 30.000000 0.000000 -32788.890316 3.335795 6.655729
9 300.000000 1.000000 0.400000 0.500000 0.100000 40.000000 0.000000 -32870.631444 8.810613 6.552490
8 300.000000 1.000000 0.300000 0.500000 0.100000 50.000000 0.000000 -32821.357523 6.872092 6.423190
7 300.000000 1.000000 0.200000 0.500000 0.100000 60.000000 0.000000 -32803.692521 4.068705 7.342743
8 300.000000 1.000000 0.300000 0.500000 0.100000 50.000000 0.000000 -32877.071330 4.809665 8.063132
14 300.000000 -1.000000 0.200000 0.500000 0.100000 60.000000 0.000000 -32844.113685 17.920927 6.583777
13 300.000000 -1.000000 0.300000 0.500000 0.100000 50.000000 0.000000 -32762.461965 4.491486 7.205741
10 300.000000 1.000000 0.500000 0.500000 0.100000 30.000000 0.000000 -32962.058128 -6.953378 6.893963
9 300.000000 1.000000 0.400000 0.500000 0.100000 40.000000 0.000000 -33023.593585 -3.127793 6.613426
13 300.000000 -1.000000 0.300000 0.500000 0.100000 50.000000 0.000000 -32895.220451 1.405303 7.127435
12 300.000000 -1.000000 0.400000 0.500000 0.100000 40.000000 0.000000 -32906.690276 1.637653 6.409039
10 300.000000 1.000000 0.500000 0.500000 0.100000 30.000000 0.000000 -32871.135041 -2.973631 6.601945
12 300.000000 -1.000000 0.400000 0.500000 0.100000 40.000000 0.000000 -32918.954898 2.564682 6.980828
12 300.000000 -1.000000 0.400000 0.500000 0.100000 40.000000 0.000000 -32911.744804 4.247287 6.399446
13 300.000000 -1.000000 0.300000 0.500000 0.100000 50.000000 0.000000 -32855.685435 5.397112 6.413762
12 300.000000 -1.000000 0.400000 0.500000 0.100000 40.000000 0.000000 -32854.801442 8.691913 7.378102
12 300.000000 -1.000000 0.400000 0.500000 0.100000 40.000000 0.000000 -32898.587659 -0.225981 7.101653
9 300.000000 1.000000 0.400000 0.500000 0.100000 40.000000 0.000000 -32956.048276 8.250731 6.390914
8 300.000000 1.000000 0.300000 0.500000 0.100000 50.000000 0.000000 -32814.367353 15.627767 6.979526
9 300.000000 1.000000 0.400000 0.500000 0.100000 40.000000 0.000000 -32845.451208 5.568058 8.207513
9 300.000000 1.000000 0.400000 0.500000 0.100000 40.000000 0.000000 -32770.601506 -5.803987 6.408804
10 300.000000 1.000000 0.500000 0.500000 0.100000 30.000000 0.000000 -32791.358933 -6.865236 6.452248
10 300.000000 1.000000 0.500000 0.500000 0.100000 30.000000 0.000000 -32815.835466 2.141437 7.904464
8 300.000000 1.000000 0.300000 0.500000 0.100000 50.000000 0.000000 -32870.768510 10.736433 6.882699
8 300.000000 1.000000 0.300000 0.500000 0.100000 50.000000 0.000000 -32903.947907 7.606985 6.633696
9 300.000000 1.000000 0.400000 0.500000 0.100000 40.000000 0.000000 -32821.609802 0.674873 7.049895
11 300.000000 -1.000000 0.500000 0.500000 0.100000 30.000000 0.000000 -32807.553343 1.131779 8.281344
10 300.000000 1.000000 0.500000 0.500000 0.100000 30.000000 0.000000 -32937.498469 -16.141552 6.505758
11 300.000000 -1.000000 0.500000 0.500000 0.100000 30.000000 0.000000 -32889.765805 -1.088037 6.391169
12 300.000000 -1.000000 0.400000 0.500000 0.100000 40.000000 0.000000 -32895.067066 -1.976681 6.392271
9 300.000000 1.000000 0.400000 0.500000 0.100000 40.000000 0.000000 -32820.881480 2.844344 7.145286
11 300.000000 -1.000000 0.500000 0.500000 0.100000 30.000000 0.000000 -32860.375263 5.429176 6.484507
8 300.000000 1.000000 0.300000 0.500000 0.100000 50.000000 0.000000 -33031.368753 7.631961 6.396729
8 300.000000 1.000000 0.300000 0.500000 0.100000 50.000000 0.000000 -32972.904273 2.172069 6.469940
10 300.000000 1.000000 0.500000 0.500000 0.100000 30.000000 0.000000 -32782.430638 -2.581890 7.498162
10 300.000000 1.000000 0.500000 0.500000 0.100000 30.000000 0.000000 -32781.705264 7.563624 6.404953
13 300.000000 -1.000000 0.300000 0.500000 0.100000 50.000000 0.000000 -32913.369252 9.810607 6.413475
8 300.000000 1.000000 0.300000 0.500000 0.100000 50.000000 0.000000 -32734.265617 8.029230 7.014133
7 300.000000 1.000000 0.200000 0.500000 0.100000 60.000000 0.000000 -32872.379559 15.797821 6.389932
7 300.000000 1.000000 0.200000 0.500000 0.100000 60.000000 0.000000 -32620.758882 12.990178 6.817614
9 300.000000 1.000000 0.400000 0.500000 0.100000 40.000000 0.000000 -32876.200658 -5.684841 6.412972
10 300.000000 1.000000 0.500000 0.500000 0.100000 30.000000 0.000000 -32978.383468 0.205896 6.389713
10 300.000000 1.000000 0.500000 0.500000 0.100000 30.000000 0.000000 -32806.322016 -1.635087 6.787372
13 300.000000 -1.000000 0.300000 0.500000 0.100000 50.000000 0.000000 -32968.184501 1.409477 6.416809
9 300.000000 1.000000 0.400000 0.500000 0.100000 40.000000 0.000000 -32877.252597 3.333310 6.414114
9 300.000000 1.000000 0.400000 0.500000 0.100000 40.000000 0.000000 -32850.203374 -9.594901 6.389938
10 300.000000 1.000000 0.500000 0.500000 0.100000 30.000000 0.000000 -33020.576725 -2.821818 6.456950
13 300.000000 -1.000000 0.300000 0.500000 0.100000 50.000000 0.000000 -32942.663179 3.792690 6.646038
13 300.000000 -1.000000 0.300000 0.500000 0.100000 50.000000 0.000000 -32906.719059 2.643633 6.493511
11 300.000000 -1.000000 0.500000 0.500000 0.100000 30.000000 0.000000 -32875.819674 -2.812904 6.485862
9 300.000000 1.000000 0.400000 0.500000 0.100000 40.000000 0.000000 -32825.548072 4.567437 6.511138
8 300.000000 1.000000 0.300000 0.500000 0.100000 50.000000 0.000000 -32887.837092 3.513481 7.553459
10 300.000000 1.000000 0.500000 0.500000 0.100000 30.000000 0.000000 -32807.856451 0.835884 7.151417
10 300.000000 1.000000 0.500000 0.500000 0.100000 30.000000 0.000000 -32849.725020 -2.515402 6.389826
10 300.000000 1.000000 0.500000 0.500000 0.100000 30.000000 0.000000 -32915.108880 -0.413071 7.410594
11 300.000000 -1.000000 0.500000 0.500000 0.100000 30.000000 0.000000 -32907.459729 -6.736619 7.713149
10 300.000000 1.000000 0.500000 0.500000 0.100000 30.000000 0.000000 -32860.762045 1.401905 6.843448
12 300.000000 -1.000000 0.400000 0.500000 0.100000 40.000000 0.000000 -32772.793878 -0.386322 7.904526
9 300.000000 1.000000 0.400000 0.500000 0.100000 40.000000 0.000000 -32789.209959 12.946972 7.010115
7 300.000000 1.000000 0.200000 0.500000 0.100000 60.000000 0.000000 -32918.375123 10.882142 7.440269
7 300.000000 1.000000 0.200000 0.500000 0.100000 60.000000 0.000000 -32568.322939 1.479087 6.498375
8 300.000000 1.000000 0.300000 0.500000 0.100000 50.000000 0.000000 -32874.647084 7.026808 8.063331
8 300.000000 1.000000 0.300000 0.500000 0.100000 50.000000 0.000000 -32817.458321 9.950785 7.203471
7 300.000000 1.000000 0.200000 0.500000 0.100000 60.000000 0.000000 -32872.646106 14.637003 6.871642
7 300.000000 1.000000 0.200000 0.500000 0.100000 60.000000 0.000000 -32970.211791 5.255006 6.676868
7 300.000000 1.000000 0.200000 0.500000 0.100000 60.000000 0.000000 -32914.403618 2.861240 6.433175
8 300.000000 1.000000 0.300000 0.500000 0.100000 50.000000 0.000000 -32897.953589 5.751099 6.688268
10 300.000000 1.000000 0.500000 0.500000 0.100000 30.000000 0.000000 -32890.675242 -4.899326 6.969608
10 300.000000 1.000000 0.500000 0.500000 0.100000 30.000000 0.000000 -32834.846513 -3.612678 7.933999
10 300.000000 1.000000 0.500000 0.500000 0.100000 30.000000 0.000000 -32861.625734 8.791590 8.266696
12 300.000000 -1.000000 0.400000 0.500000 0.100000 40.000000 0.000000 -32894.096833 6.677301 7.353652
9 300.000000 1.000000 0.400000 0.500000 0.100000 40.000000 0.000000 -32778.317088 2.162686 7.066004
7 300.000000 1.000000 0.200000 0.500000 0.100000 60.000000 0.000000 -32746.217402 24.607490 6.682849
6 300.000000 1.000000 0.100000 0.500000 0.100000 70.000000 0.000000 -32932.653253 29.156063 6.748727
6 300.000000 1.000000 0.100000 0.500000 0.100000 70.000000 0.000000 -32803.470346 12.245028 6.407627
7 300.000000 1.000000 0.200000 0.500000 0.100000 60.000000 0.000000 -32799.013669 6.402870 7.285064
8 300.000000 1.000000 0.300000 0.500000 0.100000 50.000000 0.000000 -32891.636260 7.085543 6.404775
9 300.000000 1.000000 0.400000 0.500000 0.100000 40.000000 0.000000 -32865.896264 -1.886750 7.014378
9 300.000000 1.000000 0.400000 0.500000 0.100000 40.000000 0.000000 -32824.415399 0.716370 7.069891
10 300.000000 1.000000 0.500000 0.500000 0.100000 30.000000 0.000000 -33000.740070 1.695537 7.157337
8 300.000000 1.000000 0.300000 0.500000 0.100000 50.000000 0.000000 -32759.998207 -0.184005 7.572791
12 300.000000 -1.000000 0.400000 0.500000 0.100000 40.000000 0.000000 -32821.998293 -0.143846 8.264405
12 300.000000 -1.000000 0.400000 0.500000 0.100000 40.000000 0.000000 -32838.578006 -4.160930 6.512069
10 300.000000 1.000000 0.500000 0.500000 0.100000 30.000000 0.000000 -32674.200329 -3.169717 6.477821
12 300.000000 -1.000000 0.400000 0.500000 0.100000 40.000000 0.000000 -32863.094668 8.799557 6.799426
12 300.000000 -1.000000 0.400000 0.500000 0.100000 40.000000 0.000000 -32930.197460 11.287929 6.708678
14 300.000000 -1.000000 0.200000 0.500000 0.100000 60.000000 0.000000 -32845.343707 17.252930 6.765808
14 300.000000 -1.000000 0.200000 0.500000 0.100000 60.000000 0.000000 -32694.944901 9.770151 6.865048
14 300.000000 -1.000000 0.200000 0.500000 0.100000 60.000000 0.000000 -32798.486856 11.786178 7.039863
13 300.000000 -1.000000 0.300000 0.500000 0.100000 50.000000 0.000000 -32809.454667 3.438279 6.918147
12 300.000000 -1.000000 0.400000 0.500000 0.100000 40.000000 0.000000 -32737.483067 4.803534 6.476869
12 300.000000 -1.000000 0.400000 0.500000 0.100000 40.000000 0.000000 -32860.297825 3.846873 7.377934
7 300.000000 1.000000 0.200000 0.500000 0.100000 60.000000 0.000000 -33021.772074 15.792121 7.473369
7 300.000000 1.000000 0.200000 0.500000 0.100000 60.000000 0.000000 -32710.703764 13.835023 7.294255
6 300.000000 1.000000 0.100000 0.500000 0.100000 70.000000 0.000000 -32855.372417 14.017844 6.426213
7 300.000000 1.000000 0.200000 0.500000 0.100000 60.000000 0.000000 -32719.310260 18.550762 6.248602
8 300.000000 1.000000 0.300000 0.500000 0.100000 50.000000 0.000000 -32939.361014 14.390537 6.522312
8 300.000000 1.000000 0.300000 0.500000 0.100000 50.000000 0.000000 -32810.376252 7.523817 7.133454
8 300.000000 1.000000 0.300000 0.500000 0.100000 50.000000 0.000000 -32763.458357 7.886856 6.687878
8 300.000000 1.000000 0.300000 0.500000 0.100000 50.000000 0.000000 -32873.164915 4.406780 6.393648
8 300.000000 1.000000 0.300000 0.500000 0.100000 50.000000 0.000000 -32741.888597 -1.850310 6.690612
12 300.000000 -1.000000 0.400000 0.500000 0.100000 40.000000 0.000000 -32899.525765 -0.814058 6.391285
10 300.000000 1.000000 0.500000 0.500000 0.100000 30.000000 0.000000 -32847.580643 4.098386 6.715799
9 300.000000 1.000000 0.400000 0.500000 0.100000 40.000000 0.000000 -32748.567249 3.272694 6.458737
8 300.000000 1.000000 0.300000 0.500000 0.100000 50.000000 0.000000 -32921.997237 3.873876 6.443493
9 300.000000 1.000000 0.400000 0.500000 0.100000 40.000000 0.000000 -32895.753319 2.694455 6.472331
10 300.000000 1.000000 0.500000 0.500000 0.100000 30.000000 0.000000 -32822.147696 -1.234413 6.524759
12 300.000000 -1.000000 0.400000 0.500000 0.100000 40.000000 0.000000 -32797.426443 -1.194799 6.487209
12 300.000000 -1.000000 0.400000 0.500000 0.100000 40.000000 0.000000 -32893.376813 4.114765 6.492576
9 300.000000 1.000000 0.400000 0.500000 0.100000 40.000000 0.000000 -32899.411163 1.715816 6.403563
7 300.000000 1.000000 0.200000 0.500000 0.100000 60.000000 0.000000 -32774.987409 25.118201 6.626859
7 300.000000 1.000000 0.200000 0.500000 0.100000 60.000000 0.000000 -32748.297097 31.725258 8.275801
7 300.000000 1.000000 0.200000 0.500000 0.100000 60.000000 0.000000 -32817.531154 15.105672 6.629947
7 300.000000 1.000000 0.200000 0.500000 0.100000 60.000000 0.000000 -32901.868506 12.990271 7.582979
7 300.000000 1.000000 0.200000 0.500000 0.100000 60.000000 0.000000 -32773.207893 12.995550 6.587177
9 300.000000 1.000000 0.400000 0.500000 0.100000 40.000000 0.000000 -32913.050166 6.136977 6.601155
11 300.000000 -1.000000 0.500000 0.500000 0.100000 30.000000 0.000000 -32939.144413 -4.505856 6.610732
12 300.000000 -1.000000 0.400000 0.500000 0.100000 40.000000 0.000000 -32682.890530 1.295381 7.103100
13 300.000000 -1.000000 0.300000 0.500000 0.100000 50.000000 0.000000 -32818.212542 5.781449 7.911410
12 300.000000 -1.000000 0.400000 0.500000 0.100000 40.000000 0.000000 -33070.485536 -1.849199 6.410318
9 300.000000 1.000000 0.400000 0.500000 0.100000 40.000000 0.000000 -32754.674535 13.206915 7.501126
7 300.000000 1.000000 0.200000 0.500000 0.100000 60.000000 0.000000 -32878.769240 13.657027 6.393317
8 300.000000 1.000000 0.300000 0.500000 0.100000 50.000000 0.000000 -32817.785793 3.386867 6.817525
11 300.000000 -1.000000 0.500000 0.500000 0.100000 30.000000 0.000000 -32755.104552 4.750376 6.440756
10 300.000000 1.000000 0.500000 0.500000 0.100000 30.000000 0.000000 -33003.718771 -4.166158 7.871395
11 300.000000 -1.000000 0.500000 0.500000 0.100000 30.000000 0.000000 -32921.769316 -8.601041 6.726324
12 300.000000 -1.000000 0.400000 0.500000 0.100000 40.000000 0.000000 -32756.392072 3.309651 8.136173
10 300.000000 1.000000 0.500000 0.500000 0.100000 30.000000 0.000000 -32863.659727 -2.145456 7.766958
10 300.000000 1.000000 0.500000 0.500000 0.100000 30.000000 0.000000 -32858.610082 5.233920 7.887123
9 300.000000 1.000000 0.400000 0.500000 0.100000 40.000000 0.000000 -32921.014431 1.236395 6.390060
10 300.000000 1.000000 0.500000 0.500000 0.100000 30.000000 0.000000 -32853.961924 4.618268 6.820186
11 300.000000 -1.000000 0.500000 0.500000 0.100000 30.000000 0.000000 -32836.499438 4.704256 6.973469
8 300.000000 1.000000 0.300000 0.500000 0.100000 50.000000 0.000000 -32816.835745 17.618854 6.554812
6 300.000000 1.000000 0.100000 0.500000 0.100000 70.000000 0.000000 -32812.386025 19.393822 6.644625
6 300.000000 1.000000 0.100000 0.500000 0.100000 70.000000 0.000000 -32867.761443 33.106804 7.127549
6 300.000000 1.000000 0.100000 0.500000 0.100000 70.000000 0.000000 -33021.547677 27.562175 6.400397
6 300.000000 1.000000 0.100000 0.500000 0.100000 70.000000 0.000000 -32689.460007 12.915099 7.898237
6 300.000000 1.000000 0.100000 0.500000 0.100000 70.000000 0.000000 -32813.006342 39.127571 6.566979
6 300.000000 1.000000 0.100000 0.500000 0.100000 70.000000 0.000000 -32936.895056 37.490602 6.724055
