300.000000 0.000000 0.000000 0.000000 0.000000 0.000000 0.000000 -37476.556283 714.114113
300.000000 0.002000 0.002000 0.002000 0.000000 0.000000 0.000000 -37505.334102 764.653196
300.000000 0.004000 0.004000 0.004000 0.000000 0.000000 0.000000 -37480.938871 627.293956
300.000000 0.006000 0.006000 0.006000 0.000000 0.000000 0.000000 -37590.282230 612.692284
300.000000 0.008000 0.008000 0.008000 0.000000 0.000000 0.000000 -37559.780633 229.062993
300.000000 0.010000 0.010000 0.010000 0.000000 0.000000 0.000000 -37515.563318 216.419442
300.000000 0.012000 0.012000 0.012000 0.000000 0.000000 0.000000 -37564.295339 141.863476
300.000000 0.014000 0.014000 0.014000 0.000000 0.000000 0.000000 -37495.212483 211.619388
300.000000 0.016000 0.016000 0.016000 0.000000 0.000000 0.000000 -37525.341365 143.830578
300.000000 0.018000 0.018000 0.018000 0.000000 0.000000 0.000000 -37595.175258 119.011014
300.000000 0.020000 0.020000 0.020000 0.000000 0.000000 0.000000 -37584.535368 107.086673
300.000000 0.022000 0.022000 0.022000 0.000000 0.000000 0.000000 -37511.002264 80.260472
300.000000 0.024000 0.024000 0.024000 0.000000 0.000000 0.000000 -37560.507701 95.709157
300.000000 0.026000 0.026000 0.026000 0.000000 0.000000 0.000000 -37581.033421 120.546074
300.000000 0.028000 0.028000 0.028000 0.000000 0.000000 0.000000 -37461.931953 60.375935
300.000000 0.030000 0.030000 0.030000 0.000000 0.000000 0.000000 -37342.082496 40.961201
300.000000 0.032000 0.032000 0.032000 0.000000 0.000000 0.000000 -37342.966091 63.815451
300.000000 0.034000 0.034000 0.034000 0.000000 0.000000 0.000000 -37470.944817 57.671515
300.000000 0.036000 0.036000 0.036000 0.000000 0.000000 0.000000 -37481.462470 49.216452
300.000000 0.038000 0.038000 0.038000 0.000000 0.000000 0.000000 -37370.839718 28.311417
300.000000 0.040000 0.040000 0.040000 0.000000 0.000000 0.000000 -37406.100297 60.825180
300.000000 0.042000 0.042000 0.042000 0.000000 0.000000 0.000000 -37545.663094 15.240015
300.000000 0.044000 0.044000 0.044000 0.000000 0.000000 0.000000 -37419.409510 23.797966
300.000000 0.046000 0.046000 0.046000 0.000000 0.000000 0.000000 -37514.764226 52.133831
300.000000 0.048000 0.048000 0.048000 0.000000 0.000000 0.000000 -37621.106501 32.696015
300.000000 0.050000 0.050000 0.050000 0.000000 0.000000 0.000000 -37511.318912 21.048402
300.000000 0.052000 0.052000 0.052000 0.000000 0.000000 0.000000 -37525.371106 20.910654
300.000000 0.054000 0.054000 0.054000 0.000000 0.000000 0.000000 -37516.677644 29.364357
300.000000 0.056000 0.056000 0.056000 0.000000 0.000000 0.000000 -37467.682130 22.853635
300.000000 0.058000 0.058000 0.058000 0.000000 0.000000 0.000000 -37418.310295 25.135160
300.000000 0.060000 0.060000 0.060000 0.000000 0.000000 0.000000 -37520.758470 53.974687
300.000000 0.062000 0.062000 0.062000 0.000000 0.000000 0.000000 -37419.085997 64.902991
300.000000 0.064000 0.064000 0.064000 0.000000 0.000000 0.000000 -37301.794177 28.156285
300.000000 0.066000 0.066000 0.066000 0.000000 0.000000 0.000000 -37412.686686 37.944035
300.000000 0.068000 0.068000 0.068000 0.000000 0.000000 0.000000 -37249.033429 27.259703
300.000000 0.070000 0.070000 0.070000 0.000000 0.000000 0.000000 -37175.604282 21.313380
300.000000 0.072000 0.072000 0.072000 0.000000 0.000000 0.000000 -37342.460152 41.434632
300.000000 0.074000 0.074000 0.074000 0.000000 0.000000 0.000000 -37453.321024 16.906131
300.000000 0.076000 0.076000 0.076000 0.000000 0.000000 0.000000 -37414.022717 36.073091
300.000000 0.078000 0.078000 0.078000 0.000000 0.000000 0.000000 -37473.194712 15.931255
300.000000 0.080000 0.080000 0.080000 0.000000 0.000000 0.000000 -37291.256366 18.899358
300.000000 0.082000 0.082000 0.082000 0.000000 0.000000 0.000000 -37414.964129 27.684387
300.000000 0.084000 0.084000 0.084000 0.000000 0.000000 0.000000 -37421.400806 21.185754
300.000000 0.086000 0.086000 0.086000 0.000000 0.000000 0.000000 -37335.502137 21.644554
300.000000 0.088000 0.088000 0.088000 0.000000 0.000000 0.000000 -37350.828702 29.120999
300.000000 0.090000 0.090000 0.090000 0.000000 0.000000 0.000000 -37410.263252 18.839681
300.000000 0.092000 0.092000 0.092000 0.000000 0.000000 0.000000 -37379.769467 15.560750
300.000000 0.094000 0.094000 0.094000 0.000000 0.000000 0.000000 -37423.925854 19.311511
300.000000 0.096000 0.096000 0.096000 0.000000 0.000000 0.000000 -37449.731651 23.453872
300.000000 0.098000 0.098000 0.098000 0.000000 0.000000 0.000000 -37450.164220 24.856894
300.000000 0.100000 0.100000 0.100000 0.000000 0.000000 0.000000 -37432.645238 16.157598
300.000000 0.102000 0.102000 0.102000 0.000000 0.000000 0.000000 -37419.612767 11.805207
300.000000 0.104000 0.104000 0.104000 0.000000 0.000000 0.000000 -37319.592634 9.717494
300.000000 0.106000 0.106000 0.106000 0.000000 0.000000 0.000000 -37320.030802 28.816293
300.000000 0.108000 0.108000 0.108000 0.000000 0.000000 0.000000 -37471.703927 40.964024
300.000000 0.110000 0.110000 0.110000 0.000000 0.000000 0.000000 -37381.651278 20.660587
300.000000 0.112000 0.112000 0.112000 0.000000 0.000000 0.000000 -37376.086434 34.137664
300.000000 0.114000 0.114000 0.114000 0.000000 0.000000 0.000000 -37459.243467 35.784312
300.000000 0.116000 0.116000 0.116000 0.000000 0.000000 0.000000 -37368.563344 7.764642
300.000000 0.118000 0.118000 0.118000 0.000000 0.000000 0.000000 -37352.292572 50.055420
300.000000 0.120000 0.120000 0.120000 0.000000 0.000000 0.000000 -37293.119756 34.880065
300.000000 0.122000 0.122000 0.122000 0.000000 0.000000 0.000000 -37375.776127 13.244349
300.000000 0.124000 0.124000 0.124000 0.000000 0.000000 0.000000 -37262.457879 34.773892
300.000000 0.126000 0.126000 0.126000 0.000000 0.000000 0.000000 -37387.877918 16.369508
300.000000 0.128000 0.128000 0.128000 0.000000 0.000000 0.000000 -37429.105532 16.551514
300.000000 0.130000 0.130000 0.130000 0.000000 0.000000 0.000000 -37378.035857 22.431934
300.000000 0.132000 0.132000 0.132000 0.000000 0.000000 0.000000 -37373.729224 34.458708
300.000000 0.134000 0.134000 0.134000 0.000000 0.000000 0.000000 -37400.238072 15.371978
300.000000 0.136000 0.136000 0.136000 0.000000 0.000000 0.000000 -37356.116145 18.615036
300.000000 0.138000 0.138000 0.138000 0.000000 0.000000 0.000000 -37376.930355 17.880274
300.000000 0.140000 0.140000 0.140000 0.000000 0.000000 0.000000 -37344.958057 27.391264
300.000000 0.142000 0.142000 0.142000 0.000000 0.000000 0.000000 -37462.290810 32.129776
300.000000 0.144000 0.144000 0.144000 0.000000 0.000000 0.000000 -37321.646137 16.678272
300.000000 0.146000 0.146000 0.146000 0.000000 0.000000 0.000000 -37325.829625 14.369979
300.000000 0.148000 0.148000 0.148000 0.000000 0.000000 0.000000 -37421.982860 7.376794
300.000000 0.150000 0.150000 0.150000 0.000000 0.000000 0.000000 -37484.552575 25.747431
300.000000 0.152000 0.152000 0.152000 0.000000 0.000000 0.000000 -37377.512752 9.725025
300.000000 0.154000 0.154000 0.154000 0.000000 0.000000 0.000000 -37383.400676 11.270734
300.000000 0.156000 0.156000 0.156000 0.000000 0.000000 0.000000 -37351.807971 11.993932
300.000000 0.158000 0.158000 0.158000 0.000000 0.000000 0.000000 -37386.986515 20.296301
300.000000 0.160000 0.160000 0.160000 0.000000 0.000000 0.000000 -37413.417330 18.671234
300.000000 0.162000 0.162000 0.162000 0.000000 0.000000 0.000000 -37421.583813 16.011905
300.000000 0.164000 0.164000 0.164000 0.000000 0.000000 0.000000 -37473.694199 13.007446
300.000000 0.166000 0.166000 0.166000 0.000000 0.000000 0.000000 -37503.220291 19.043636
300.000000 0.168000 0.168000 0.168000 0.000000 0.000000 0.000000 -37458.193436 16.341882
300.000000 0.170000 0.170000 0.170000 0.000000 0.000000 0.000000 -37582.238540 12.516861
300.000000 0.172000 0.172000 0.172000 0.000000 0.000000 0.000000 -37478.119101 9.114966
300.000000 0.174000 0.174000 0.174000 0.000000 0.000000 0.000000 -37340.591465 5.343952
300.000000 0.176000 0.176000 0.176000 0.000000 0.000000 0.000000 -37389.761809 16.385076
300.000000 0.178000 0.178000 0.178000 0.000000 0.000000 0.000000 -37400.678903 4.269380
300.000000 0.180000 0.180000 0.180000 0.000000 0.000000 0.000000 -37501.162176 10.847472
300.000000 0.182000 0.182000 0.182000 0.000000 0.000000 0.000000 -37453.748540 28.306571
300.000000 0.184000 0.184000 0.184000 0.000000 0.000000 0.000000 -37404.200189 27.144460
300.000000 0.186000 0.186000 0.186000 0.000000 0.000000 0.000000 -37393.118860 23.433321
300.000000 0.188000 0.188000 0.188000 0.000000 0.000000 0.000000 -37416.651151 16.106018
300.000000 0.190000 0.190000 0.190000 0.000000 0.000000 0.000000 -37458.391129 1.729196
300.000000 0.192000 0.192000 0.192000 0.000000 0.000000 0.000000 -37518.066394 17.968029
300.000000 0.194000 0.194000 0.194000 0.000000 0.000000 0.000000 -37512.856388 15.666927
300.000000 0.196000 0.196000 0.196000 0.000000 0.000000 0.000000 -37425.177219 8.717864
300.000000 0.198000 0.198000 0.198000 0.000000 0.000000 0.000000 -37463.875785 1.260551
300.000000 0.200000 0.200000 0.200000 0.000000 0.000000 0.000000 -37417.218777 17.206223
300.000000 0.202000 0.202000 0.202000 0.000000 0.000000 0.000000 -37497.322953 16.500396
300.000000 0.204000 0.204000 0.204000 0.000000 0.000000 0.000000 -37420.778931 17.541748
300.000000 0.206000 0.206000 0.206000 0.000000 0.000000 0.000000 -37413.607242 11.293852
300.000000 0.208000 0.208000 0.208000 0.000000 0.000000 0.000000 -37391.396776 21.838628
300.000000 0.210000 0.210000 0.210000 0.000000 0.000000 0.000000 -37501.280049 9.967353
300.000000 0.212000 0.212000 0.212000 0.000000 0.000000 0.000000 -37559.180393 10.639784
300.000000 0.214000 0.214000 0.214000 0.000000 0.000000 0.000000 -37534.922631 12.438578
300.000000 0.216000 0.216000 0.216000 0.000000 0.000000 0.000000 -37434.243377 11.878329
300.000000 0.218000 0.218000 0.218000 0.000000 0.000000 0.000000 -37524.469437 9.368896
300.000000 0.220000 0.220000 0.220000 0.000000 0.000000 0.000000 -37427.982250 13.064945
300.000000 0.222000 0.222000 0.222000 0.000000 0.000000 0.000000 -37486.867041 4.989281
300.000000 0.224000 0.224000 0.224000 0.000000 0.000000 0.000000 -37496.347062 18.338002
300.000000 0.226000 0.226000 0.226000 0.000000 0.000000 0.000000 -37441.947512 4.356538
300.000000 0.228000 0.228000 0.228000 0.000000 0.000000 0.000000 -37402.367969 17.947979
300.000000 0.230000 0.230000 0.230000 0.000000 0.000000 0.000000 -37506.623127 19.875277
300.000000 0.232000 0.232000 0.232000 0.000000 0.000000 0.000000 -37459.115285 7.231200
300.000000 0.234000 0.234000 0.234000 0.000000 0.000000 0.000000 -37590.586718 7.123872
300.000000 0.236000 0.236000 0.236000 0.000000 0.000000 0.000000 -37511.854615 2.244814
300.000000 0.238000 0.238000 0.238000 0.000000 0.000000 0.000000 -37527.214343 6.013121
300.000000 0.240000 0.240000 0.240000 0.000000 0.000000 0.000000 -37425.955864 4.083667
300.000000 0.242000 0.242000 0.242000 0.000000 0.000000 0.000000 -37419.229046 3.046442
300.000000 0.244000 0.244000 0.244000 0.000000 0.000000 0.000000 -37466.097849 0.282085
300.000000 0.246000 0.246000 0.246000 0.000000 0.000000 0.000000 -37442.938392 11.716398
300.000000 0.248000 0.248000 0.248000 0.000000 0.000000 0.000000 -37417.073144 18.627384
300.000000 0.250000 0.250000 0.250000 0.000000 0.000000 0.000000 -37447.938009 20.978998
300.000000 0.252000 0.252000 0.252000 0.000000 0.000000 0.000000 -37451.313158 14.917911
300.000000 0.254000 0.254000 0.254000 0.000000 0.000000 0.000000 -37535.952957 -3.911393
300.000000 0.256000 0.256000 0.256000 0.000000 0.000000 0.000000 -37444.321464 17.226252
300.000000 0.258000 0.258000 0.258000 0.000000 0.000000 0.000000 -37314.737612 7.562080
300.000000 0.260000 0.260000 0.260000 0.000000 0.000000 0.000000 -37186.808097 15.082678
300.000000 0.262000 0.262000 0.262000 0.000000 0.000000 0.000000 -37295.894135 3.052352
300.000000 0.264000 0.264000 0.264000 0.000000 0.000000 0.000000 -37259.884023 0.690299
300.000000 0.266000 0.266000 0.266000 0.000000 0.000000 0.000000 -37362.837784 10.449601
300.000000 0.268000 0.268000 0.268000 0.000000 0.000000 0.000000 -37287.300705 2.857048
300.000000 0.270000 0.270000 0.270000 0.000000 0.000000 0.000000 -37302.851963 4.769542
300.000000 0.272000 0.272000 0.272000 0.000000 0.000000 0.000000 -37265.782790 3.218232
300.000000 0.274000 0.274000 0.274000 0.000000 0.000000 0.000000 -37273.143988 6.436234
300.000000 0.276000 0.276000 0.276000 0.000000 0.000000 0.000000 -37262.147278 13.920053
300.000000 0.278000 0.278000 0.278000 0.000000 0.000000 0.000000 -37290.653712 6.474113
300.000000 0.280000 0.280000 0.280000 0.000000 0.000000 0.000000 -37309.639773 1.171975
300.000000 0.282000 0.282000 0.282000 0.000000 0.000000 0.000000 -37360.316875 2.787786
300.000000 0.284000 0.284000 0.284000 0.000000 0.000000 0.000000 -37472.025089 -0.332982
300.000000 0.286000 0.286000 0.286000 0.000000 0.000000 0.000000 -37453.905362 14.084411
300.000000 0.288000 0.288000 0.288000 0.000000 0.000000 0.000000 -37456.377520 8.075951
300.000000 0.290000 0.290000 0.290000 0.000000 0.000000 0.000000 -37507.055693 3.525165
300.000000 0.292000 0.292000 0.292000 0.000000 0.000000 0.000000 -37331.176389 11.090142
300.000000 0.294000 0.294000 0.294000 0.000000 0.000000 0.000000 -37547.262983 11.177172
300.000000 0.296000 0.296000 0.296000 0.000000 0.000000 0.000000 -37552.653006 13.335278
300.000000 0.298000 0.298000 0.298000 0.000000 0.000000 0.000000 -37518.202748 7.113394
300.000000 0.300000 0.300000 0.300000 0.000000 0.000000 0.000000 -37461.473759 -0.853338
300.000000 0.302000 0.302000 0.302000 0.000000 0.000000 0.000000 -37636.589217 17.659733
300.000000 0.304000 0.304000 0.304000 0.000000 0.000000 0.000000 -37492.127561 17.636380
300.000000 0.306000 0.306000 0.306000 0.000000 0.000000 0.000000 -37491.110529 3.467099
300.000000 0.308000 0.308000 0.308000 0.000000 0.000000 0.000000 -37576.406746 6.153768
300.000000 0.310000 0.310000 0.310000 0.000000 0.000000 0.000000 -37406.239861 15.204520
300.000000 0.312000 0.312000 0.312000 0.000000 0.000000 0.000000 -37473.277575 6.819465
300.000000 0.314000 0.314000 0.314000 0.000000 0.000000 0.000000 -37654.267443 -1.501544
300.000000 0.316000 0.316000 0.316000 0.000000 0.000000 0.000000 -37443.463041 -0.518072
300.000000 0.318000 0.318000 0.318000 0.000000 0.000000 0.000000 -37636.683983 1.278289
300.000000 0.320000 0.320000 0.320000 0.000000 0.000000 0.000000 -37558.021646 8.069824
300.000000 0.322000 0.322000 0.322000 0.000000 0.000000 0.000000 -37580.487152 21.594508
300.000000 0.324000 0.324000 0.324000 0.000000 0.000000 0.000000 -37432.289365 15.773164
300.000000 0.326000 0.326000 0.326000 0.000000 0.000000 0.000000 -37529.103372 3.477840
300.000000 0.328000 0.328000 0.328000 0.000000 0.000000 0.000000 -37378.035547 13.397759
300.000000 0.330000 0.330000 0.330000 0.000000 0.000000 0.000000 -37429.772566 6.336457
300.000000 0.332000 0.332000 0.332000 0.000000 0.000000 0.000000 -37543.364794 3.707403
300.000000 0.334000 0.334000 0.334000 0.000000 0.000000 0.000000 -37385.943895 0.328260
300.000000 0.336000 0.336000 0.336000 0.000000 0.000000 0.000000 -37337.034167 -1.666902
300.000000 0.338000 0.338000 0.338000 0.000000 0.000000 0.000000 -37370.009810 18.380788
300.000000 0.340000 0.340000 0.340000 0.000000 0.000000 0.000000 -37343.610682 9.082451
300.000000 0.342000 0.342000 0.342000 0.000000 0.000000 0.000000 -37437.960035 13.828686
300.000000 0.344000 0.344000 0.344000 0.000000 0.000000 0.000000 -37568.833946 6.348183
300.000000 0.346000 0.346000 0.346000 0.000000 0.000000 0.000000 -37411.461888 3.619530
300.000000 0.348000 0.348000 0.348000 0.000000 0.000000 0.000000 -37368.411888 2.131570
300.000000 0.350000 0.350000 0.350000 0.000000 0.000000 0.000000 -37363.508803 7.882779
300.000000 0.352000 0.352000 0.352000 0.000000 0.000000 0.000000 -37302.437334 -0.088600
300.000000 0.354000 0.354000 0.354000 0.000000 0.000000 0.000000 -37328.050784 4.063894
300.000000 0.356000 0.356000 0.356000 0.000000 0.000000 0.000000 -37382.486601 5.000120
300.000000 0.358000 0.358000 0.358000 0.000000 0.000000 0.000000 -37358.298476 3.711220
300.000000 0.360000 0.360000 0.360000 0.000000 0.000000 0.000000 -37469.825420 6.768707
300.000000 0.362000 0.362000 0.362000 0.000000 0.000000 0.000000 -37413.992309 5.101483
300.000000 0.364000 0.364000 0.364000 0.000000 0.000000 0.000000 -37348.332602 2.755633
300.000000 0.366000 0.366000 0.366000 0.000000 0.000000 0.000000 -37351.020469 -3.948653
300.000000 0.368000 0.368000 0.368000 0.000000 0.000000 0.000000 -37425.758456 0.749748
300.000000 0.370000 0.370000 0.370000 0.000000 0.000000 0.000000 -37343.556004 5.528248
300.000000 0.372000 0.372000 0.372000 0.000000 0.000000 0.000000 -37297.327398 2.193987
300.000000 0.374000 0.374000 0.374000 0.000000 0.000000 0.000000 -37296.731318 5.203065
300.000000 0.376000 0.376000 0.376000 0.000000 0.000000 0.000000 -37410.554647 8.258257
300.000000 0.378000 0.378000 0.378000 0.000000 0.000000 0.000000 -37485.874971 2.090755
300.000000 0.380000 0.380000 0.380000 0.000000 0.000000 0.000000 -37477.512554 6.674817
300.000000 0.382000 0.382000 0.382000 0.000000 0.000000 0.000000 -37488.942981 -4.545049
300.000000 0.384000 0.384000 0.384000 0.000000 0.000000 0.000000 -37482.498964 0.119418
300.000000 0.386000 0.386000 0.386000 0.000000 0.000000 0.000000 -37492.973027 1.937292
300.000000 0.388000 0.388000 0.388000 0.000000 0.000000 0.000000 -37450.395476 3.706272
300.000000 0.390000 0.390000 0.390000 0.000000 0.000000 0.000000 -37356.451557 6.730475
300.000000 0.392000 0.392000 0.392000 0.000000 0.000000 0.000000 -37514.138307 11.387441
300.000000 0.394000 0.394000 0.394000 0.000000 0.000000 0.000000 -37497.364721 0.684443
300.000000 0.396000 0.396000 0.396000 0.000000 0.000000 0.000000 -37477.058593 9.713146
300.000000 0.398000 0.398000 0.398000 0.000000 0.000000 0.000000 -37520.257351 10.934733
300.000000 0.400000 0.400000 0.400000 0.000000 0.000000 0.000000 -37523.710975 6.446536
300.000000 0.402000 0.402000 0.402000 0.000000 0.000000 0.000000 -37463.659819 0.061149
300.000000 0.404000 0.404000 0.404000 0.000000 0.000000 0.000000 -37572.685834 -4.270679
300.000000 0.406000 0.406000 0.406000 0.000000 0.000000 0.000000 -37612.577252 -4.072445
300.000000 0.408000 0.408000 0.408000 0.000000 0.000000 0.000000 -37638.827950 -5.396650
300.000000 0.410000 0.410000 0.410000 0.000000 0.000000 0.000000 -37397.584671 -5.038595
300.000000 0.412000 0.412000 0.412000 0.000000 0.000000 0.000000 -37380.791841 -8.552591
300.000000 0.414000 0.414000 0.414000 0.000000 0.000000 0.000000 -37484.067404 8.634743
300.000000 0.416000 0.416000 0.416000 0.000000 0.000000 0.000000 -37432.100656 0.844631
300.000000 0.418000 0.418000 0.418000 0.000000 0.000000 0.000000 -37305.624247 4.599921
300.000000 0.420000 0.420000 0.420000 0.000000 0.000000 0.000000 -37286.799920 -1.096075
300.000000 0.422000 0.422000 0.422000 0.000000 0.000000 0.000000 -37274.619510 8.332831
300.000000 0.424000 0.424000 0.424000 0.000000 0.000000 0.000000 -37347.169395 -0.472540
300.000000 0.426000 0.426000 0.426000 0.000000 0.000000 0.000000 -37421.739927 3.184178
300.000000 0.428000 0.428000 0.428000 0.000000 0.000000 0.000000 -37389.921894 3.649333
300.000000 0.430000 0.430000 0.430000 0.000000 0.000000 0.000000 -37430.751483 -3.111667
300.000000 0.432000 0.432000 0.432000 0.000000 0.000000 0.000000 -37383.575561 -0.471872
300.000000 0.434000 0.434000 0.434000 0.000000 0.000000 0.000000 -37517.058665 1.694081
300.000000 0.436000 0.436000 0.436000 0.000000 0.000000 0.000000 -37455.596017 2.256759
300.000000 0.438000 0.438000 0.438000 0.000000 0.000000 0.000000 -37474.660248 -6.341268
300.000000 0.440000 0.440000 0.440000 0.000000 0.000000 0.000000 -37505.486196 3.535543
300.000000 0.442000 0.442000 0.442000 0.000000 0.000000 0.000000 -37300.122370 0.467609
300.000000 0.444000 0.444000 0.444000 0.000000 0.000000 0.000000 -37376.013591 1.307058
300.000000 0.446000 0.446000 0.446000 0.000000 0.000000 0.000000 -37409.544370 4.493840
300.000000 0.448000 0.448000 0.448000 0.000000 0.000000 0.000000 -37543.942213 5.027377
300.000000 0.450000 0.450000 0.450000 0.000000 0.000000 0.000000 -37463.138880 -1.563653
300.000000 0.452000 0.452000 0.452000 0.000000 0.000000 0.000000 -37472.386799 -3.604943
300.000000 0.454000 0.454000 0.454000 0.000000 0.000000 0.000000 -37463.207959 6.175067
300.000000 0.456000 0.456000 0.456000 0.000000 0.000000 0.000000 -37550.638793 1.481172
300.000000 0.458000 0.458000 0.458000 0.000000 0.000000 0.000000 -37571.285381 6.209853
300.000000 0.460000 0.460000 0.460000 0.000000 0.000000 0.000000 -37542.905573 0.776268
300.000000 0.462000 0.462000 0.462000 0.000000 0.000000 0.000000 -37530.152086 -2.452899
300.000000 0.464000 0.464000 0.464000 0.000000 0.000000 0.000000 -37444.064010 0.877858
300.000000 0.466000 0.466000 0.466000 0.000000 0.000000 0.000000 -37504.750263 -4.779835
300.000000 0.468000 0.468000 0.468000 0.000000 0.000000 0.000000 -37514.256513 2.878158
300.000000 0.470000 0.470000 0.470000 0.000000 0.000000 0.000000 -37417.475480 2.703567
300.000000 0.472000 0.472000 0.472000 0.000000 0.000000 0.000000 -37427.839317 -0.874873
300.000000 0.474000 0.474000 0.474000 0.000000 0.000000 0.000000 -37424.820073 -3.510048
300.000000 0.476000 0.476000 0.476000 0.000000 0.000000 0.000000 -37447.981780 2.049034
300.000000 0.478000 0.478000 0.478000 0.000000 0.000000 0.000000 -37478.611089 -4.043152
300.000000 0.480000 0.480000 0.480000 0.000000 0.000000 0.000000 -37496.248052 -10.069948
300.000000 0.482000 0.482000 0.482000 0.000000 0.000000 0.000000 -37531.519220 2.962825
300.000000 0.484000 0.484000 0.484000 0.000000 0.000000 0.000000 -37395.661597 2.855915
300.000000 0.486000 0.486000 0.486000 0.000000 0.000000 0.000000 -37344.235241 -4.965738
300.000000 0.488000 0.488000 0.488000 0.000000 0.000000 0.000000 -37410.018602 -6.658451
300.000000 0.490000 0.490000 0.490000 0.000000 0.000000 0.000000 -37359.010389 1.894479
300.000000 0.492000 0.492000 0.492000 0.000000 0.000000 0.000000 -37468.737066 0.761495
300.000000 0.494000 0.494000 0.494000 0.000000 0.000000 0.000000 -37631.514969 2.461224
300.000000 0.496000 0.496000 0.496000 0.000000 0.000000 0.000000 -37575.954976 -2.509828
300.000000 0.498000 0.498000 0.498000 0.000000 0.000000 0.000000 -37474.749325 1.450612
