300.000000 0.000000 0.000000 0.000000 0.000000 0.000000 0.000000 -37697.069142 985.747111
300.000000 0.002000 0.002000 0.002000 0.000000 0.000000 0.000000 -37671.353664 912.907507
300.000000 0.004000 0.004000 0.004000 0.000000 0.000000 0.000000 -37777.148441 858.962814
300.000000 0.006000 0.006000 0.006000 0.000000 0.000000 0.000000 -37788.197507 877.589757
300.000000 0.008000 0.008000 0.008000 0.000000 0.000000 0.000000 -37725.245724 809.881340
300.000000 0.010000 0.010000 0.010000 0.000000 0.000000 0.000000 -37739.282224 933.238440
300.000000 0.012000 0.012000 0.012000 0.000000 0.000000 0.000000 -37857.754624 997.983520
300.000000 0.014000 0.014000 0.014000 0.000000 0.000000 0.000000 -37740.584134 927.604185
300.000000 0.016000 0.016000 0.016000 0.000000 0.000000 0.000000 -37859.233892 866.852190
300.000000 0.018000 0.018000 0.018000 0.000000 0.000000 0.000000 -37829.714162 976.629837
300.000000 0.020000 0.020000 0.020000 0.000000 0.000000 0.000000 -37765.166940 933.787628
300.000000 0.022000 0.022000 0.022000 0.000000 0.000000 0.000000 -37822.387703 868.290565
300.000000 0.024000 0.024000 0.024000 0.000000 0.000000 0.000000 -37873.096862 752.078519
300.000000 0.026000 0.026000 0.026000 0.000000 0.000000 0.000000 -37940.367434 759.022736
300.000000 0.028000 0.028000 0.028000 0.000000 0.000000 0.000000 -37942.938757 687.334950
300.000000 0.030000 0.030000 0.030000 0.000000 0.000000 0.000000 -37936.335438 739.663435
300.000000 0.032000 0.032000 0.032000 0.000000 0.000000 0.000000 -37797.419680 720.536316
300.000000 0.034000 0.034000 0.034000 0.000000 0.000000 0.000000 -37886.528061 737.524179
300.000000 0.036000 0.036000 0.036000 0.000000 0.000000 0.000000 -37820.354301 730.043182
300.000000 0.038000 0.038000 0.038000 0.000000 0.000000 0.000000 -37732.935357 649.570560
300.000000 0.040000 0.040000 0.040000 0.000000 0.000000 0.000000 -37657.012256 621.570990
300.000000 0.042000 0.042000 0.042000 0.000000 0.000000 0.000000 -37660.512367 169.478214
300.000000 0.044000 0.044000 0.044000 0.000000 0.000000 0.000000 -37691.976124 185.575244
300.000000 0.046000 0.046000 0.046000 0.000000 0.000000 0.000000 -37655.956262 105.652653
300.000000 0.048000 0.048000 0.048000 0.000000 0.000000 0.000000 -37556.659345 114.121797
300.000000 0.050000 0.050000 0.050000 0.000000 0.000000 0.000000 -37706.964238 98.168610
300.000000 0.052000 0.052000 0.052000 0.000000 0.000000 0.000000 -37529.610638 60.374894
300.000000 0.054000 0.054000 0.054000 0.000000 0.000000 0.000000 -37716.598150 90.291324
300.000000 0.056000 0.056000 0.056000 0.000000 0.000000 0.000000 -37774.241786 97.558905
300.000000 0.058000 0.058000 0.058000 0.000000 0.000000 0.000000 -37702.365528 47.369638
300.000000 0.060000 0.060000 0.060000 0.000000 0.000000 0.000000 -37768.990593 43.658806
300.000000 0.062000 0.062000 0.062000 0.000000 0.000000 0.000000 -37945.209641 52.430068
300.000000 0.064000 0.064000 0.064000 0.000000 0.000000 0.000000 -37785.195933 76.589368
300.000000 0.066000 0.066000 0.066000 0.000000 0.000000 0.000000 -37797.212393 93.825134
300.000000 0.068000 0.068000 0.068000 0.000000 0.000000 0.000000 -37833.467416 85.466471
300.000000 0.070000 0.070000 0.070000 0.000000 0.000000 0.000000 -37700.430641 45.087004
300.000000 0.072000 0.072000 0.072000 0.000000 0.000000 0.000000 -37853.820468 55.921435
300.000000 0.074000 0.074000 0.074000 0.000000 0.000000 0.000000 -37769.252356 52.830565
300.000000 0.076000 0.076000 0.076000 0.000000 0.000000 0.000000 -37831.775218 45.387590
300.000000 0.078000 0.078000 0.078000 0.000000 0.000000 0.000000 -37742.381552 61.418459
300.000000 0.080000 0.080000 0.080000 0.000000 0.000000 0.000000 -37745.849094 92.185413
300.000000 0.082000 0.082000 0.082000 0.000000 0.000000 0.000000 -37661.010849 66.342757
300.000000 0.084000 0.084000 0.084000 0.000000 0.000000 0.000000 -37727.390275 27.911264
300.000000 0.086000 0.086000 0.086000 0.000000 0.000000 0.000000 -37684.420496 46.696373
300.000000 0.088000 0.088000 0.088000 0.000000 0.000000 0.000000 -37897.848990 59.556372
300.000000 0.090000 0.090000 0.090000 0.000000 0.000000 0.000000 -37939.636674 45.443576
300.000000 0.092000 0.092000 0.092000 0.000000 0.000000 0.000000 -37717.814056 45.994405
300.000000 0.094000 0.094000 0.094000 0.000000 0.000000 0.000000 -37844.557860 74.032360
300.000000 0.096000 0.096000 0.096000 0.000000 0.000000 0.000000 -37884.688793 89.905650
300.000000 0.098000 0.098000 0.098000 0.000000 0.000000 0.000000 -37824.758526 41.420204
300.000000 0.100000 0.100000 0.100000 0.000000 0.000000 0.000000 -37855.072330 52.086250
300.000000 0.102000 0.102000 0.102000 0.000000 0.000000 0.000000 -37856.876804 82.857118
300.000000 0.104000 0.104000 0.104000 0.000000 0.000000 0.000000 -37685.591960 29.365861
300.000000 0.106000 0.106000 0.106000 0.000000 0.000000 0.000000 -37488.800788 46.219099
300.000000 0.108000 0.108000 0.108000 0.000000 0.000000 0.000000 -37632.034044 56.499279
300.000000 0.110000 0.110000 0.110000 0.000000 0.000000 0.000000 -37642.223850 38.402041
300.000000 0.112000 0.112000 0.112000 0.000000 0.000000 0.000000 -37754.141908 74.503747
300.000000 0.114000 0.114000 0.114000 0.000000 0.000000 0.000000 -37792.272562 32.558592
300.000000 0.116000 0.116000 0.116000 0.000000 0.000000 0.000000 -37773.394242 44.312959
300.000000 0.118000 0.118000 0.118000 0.000000 0.000000 0.000000 -37764.008078 55.976087
300.000000 0.120000 0.120000 0.120000 0.000000 0.000000 0.000000 -37757.919861 35.944527
300.000000 0.122000 0.122000 0.122000 0.000000 0.000000 0.000000 -37788.242428 34.799155
300.000000 0.124000 0.124000 0.124000 0.000000 0.000000 0.000000 -37751.627647 39.451170
300.000000 0.126000 0.126000 0.126000 0.000000 0.000000 0.000000 -37714.946441 38.738614
300.000000 0.128000 0.128000 0.128000 0.000000 0.000000 0.000000 -37746.180818 40.683376
300.000000 0.130000 0.130000 0.130000 0.000000 0.000000 0.000000 -37740.792319 32.417207
300.000000 0.132000 0.132000 0.132000 0.000000 0.000000 0.000000 -37671.873533 40.435952
300.000000 0.134000 0.134000 0.134000 0.000000 0.000000 0.000000 -37544.120082 31.458023
300.000000 0.136000 0.136000 0.136000 0.000000 0.000000 0.000000 -37666.684088 43.305340
300.000000 0.138000 0.138000 0.138000 0.000000 0.000000 0.000000 -37696.860921 22.538614
300.000000 0.140000 0.140000 0.140000 0.000000 0.000000 0.000000 -37603.476796 27.867941
300.000000 0.142000 0.142000 0.142000 0.000000 0.000000 0.000000 -37733.133857 36.034959
300.000000 0.144000 0.144000 0.144000 0.000000 0.000000 0.000000 -37793.970920 10.360413
300.000000 0.146000 0.146000 0.146000 0.000000 0.000000 0.000000 -37885.682004 26.940365
300.000000 0.148000 0.148000 0.148000 0.000000 0.000000 0.000000 -37944.384788 29.071468
300.000000 0.150000 0.150000 0.150000 0.000000 0.000000 0.000000 -37725.144340 11.544399
300.000000 0.152000 0.152000 0.152000 0.000000 0.000000 0.000000 -37750.206187 36.194233
300.000000 0.154000 0.154000 0.154000 0.000000 0.000000 0.000000 -37717.553110 38.849165
300.000000 0.156000 0.156000 0.156000 0.000000 0.000000 0.000000 -37720.751051 25.801033
300.000000 0.158000 0.158000 0.158000 0.000000 0.000000 0.000000 -37773.042521 10.678297
300.000000 0.160000 0.160000 0.160000 0.000000 0.000000 0.000000 -37719.338275 51.770101
300.000000 0.162000 0.162000 0.162000 0.000000 0.000000 0.000000 -37838.409296 25.357853
300.000000 0.164000 0.164000 0.164000 0.000000 0.000000 0.000000 -37835.491452 50.383549
300.000000 0.166000 0.166000 0.166000 0.000000 0.000000 0.000000 -37641.862034 23.447710
300.000000 0.168000 0.168000 0.168000 0.000000 0.000000 0.000000 -37766.116477 30.978386
300.000000 0.170000 0.170000 0.170000 0.000000 0.000000 0.000000 -37851.985618 19.402621
300.000000 0.172000 0.172000 0.172000 0.000000 0.000000 0.000000 -37739.440768 16.677954
300.000000 0.174000 0.174000 0.174000 0.000000 0.000000 0.000000 -37719.146398 41.043695
300.000000 0.176000 0.176000 0.176000 0.000000 0.000000 0.000000 -37813.716415 33.806791
300.000000 0.178000 0.178000 0.178000 0.000000 0.000000 0.000000 -37855.875512 19.798381
300.000000 0.180000 0.180000 0.180000 0.000000 0.000000 0.000000 -37822.610508 29.647493
300.000000 0.182000 0.182000 0.182000 0.000000 0.000000 0.000000 -37828.880447 35.240988
300.000000 0.184000 0.184000 0.184000 0.000000 0.000000 0.000000 -37801.280640 21.138578
300.000000 0.186000 0.186000 0.186000 0.000000 0.000000 0.000000 -37818.082036 18.088037
300.000000 0.188000 0.188000 0.188000 0.000000 0.000000 0.000000 -37891.472028 20.693224
300.000000 0.190000 0.190000 0.190000 0.000000 0.000000 0.000000 -37841.664893 19.980334
300.000000 0.192000 0.192000 0.192000 0.000000 0.000000 0.000000 -37660.228784 29.974826
300.000000 0.194000 0.194000 0.194000 0.000000 0.000000 0.000000 -37619.283602 21.526045
300.000000 0.196000 0.196000 0.196000 0.000000 0.000000 0.000000 -37725.978639 24.512196
300.000000 0.198000 0.198000 0.198000 0.000000 0.000000 0.000000 -37580.496202 36.195395
300.000000 0.200000 0.200000 0.200000 0.000000 0.000000 0.000000 -37705.805181 11.827553
300.000000 0.202000 0.202000 0.202000 0.000000 0.000000 0.000000 -37676.001216 24.855510
300.000000 0.204000 0.204000 0.204000 0.000000 0.000000 0.000000 -37900.387841 3.364717
300.000000 0.206000 0.206000 0.206000 0.000000 0.000000 0.000000 -37942.657685 17.526786
300.000000 0.208000 0.208000 0.208000 0.000000 0.000000 0.000000 -37792.341754 26.078037
300.000000 0.210000 0.210000 0.210000 0.000000 0.000000 0.000000 -37743.241733 34.568706
300.000000 0.212000 0.212000 0.212000 0.000000 0.000000 0.000000 -37732.946580 29.983047
300.000000 0.214000 0.214000 0.214000 0.000000 0.000000 0.000000 -37792.267714 28.055306
300.000000 0.216000 0.216000 0.216000 0.000000 0.000000 0.000000 -37737.632344 25.948478
300.000000 0.218000 0.218000 0.218000 0.000000 0.000000 0.000000 -37731.023873 4.068141
300.000000 0.220000 0.220000 0.220000 0.000000 0.000000 0.000000 -37582.066474 24.010215
300.000000 0.222000 0.222000 0.222000 0.000000 0.000000 0.000000 -37708.907571 9.522810
300.000000 0.224000 0.224000 0.224000 0.000000 0.000000 0.000000 -37652.063539 13.601468
300.000000 0.226000 0.226000 0.226000 0.000000 0.000000 0.000000 -37822.775418 18.861123
300.000000 0.228000 0.228000 0.228000 0.000000 0.000000 0.000000 -37807.573154 25.812539
300.000000 0.230000 0.230000 0.230000 0.000000 0.000000 0.000000 -37807.305739 16.694743
300.000000 0.232000 0.232000 0.232000 0.000000 0.000000 0.000000 -37742.330311 4.365907
300.000000 0.234000 0.234000 0.234000 0.000000 0.000000 0.000000 -37659.228766 29.853841
300.000000 0.236000 0.236000 0.236000 0.000000 0.000000 0.000000 -37664.004596 16.350111
300.000000 0.238000 0.238000 0.238000 0.000000 0.000000 0.000000 -37659.999926 10.561071
300.000000 0.240000 0.240000 0.240000 0.000000 0.000000 0.000000 -37608.273459 11.235030
300.000000 0.242000 0.242000 0.242000 0.000000 0.000000 0.000000 -37604.680899 23.848584
300.000000 0.244000 0.244000 0.244000 0.000000 0.000000 0.000000 -37732.881451 14.672299
300.000000 0.246000 0.246000 0.246000 0.000000 0.000000 0.000000 -37675.407705 20.866227
300.000000 0.248000 0.248000 0.248000 0.000000 0.000000 0.000000 -37794.550173 12.608779
300.000000 0.250000 0.250000 0.250000 0.000000 0.000000 0.000000 -37681.793942 20.998080
300.000000 0.252000 0.252000 0.252000 0.000000 0.000000 0.000000 -37805.662052 35.955834
300.000000 0.254000 0.254000 0.254000 0.000000 0.000000 0.000000 -37738.538128 15.476246
300.000000 0.256000 0.256000 0.256000 0.000000 0.000000 0.000000 -37842.925895 17.050991
300.000000 0.258000 0.258000 0.258000 0.000000 0.000000 0.000000 -37852.697563 24.164286
300.000000 0.260000 0.260000 0.260000 0.000000 0.000000 0.000000 -37678.933366 18.005885
300.000000 0.262000 0.262000 0.262000 0.000000 0.000000 0.000000 -37761.869310 12.858289
300.000000 0.264000 0.264000 0.264000 0.000000 0.000000 0.000000 -37772.600112 2.405397
300.000000 0.266000 0.266000 0.266000 0.000000 0.000000 0.000000 -37730.998819 8.895039
300.000000 0.268000 0.268000 0.268000 0.000000 0.000000 0.000000 -37676.024317 13.699752
300.000000 0.270000 0.270000 0.270000 0.000000 0.000000 0.000000 -37817.464125 15.575031
300.000000 0.272000 0.272000 0.272000 0.000000 0.000000 0.000000 -37740.367961 18.204833
300.000000 0.274000 0.274000 0.274000 0.000000 0.000000 0.000000 -37682.383279 7.328486
300.000000 0.276000 0.276000 0.276000 0.000000 0.000000 0.000000 -37568.906734 22.700735
300.000000 0.278000 0.278000 0.278000 0.000000 0.000000 0.000000 -37650.558876 27.806329
300.000000 0.280000 0.280000 0.280000 0.000000 0.000000 0.000000 -37692.023188 26.873409
300.000000 0.282000 0.282000 0.282000 0.000000 0.000000 0.000000 -37776.124436 18.109109
300.000000 0.284000 0.284000 0.284000 0.000000 0.000000 0.000000 -37783.460243 36.492536
300.000000 0.286000 0.286000 0.286000 0.000000 0.000000 0.000000 -37730.272300 27.566972
300.000000 0.288000 0.288000 0.288000 0.000000 0.000000 0.000000 -37655.843160 7.115626
300.000000 0.290000 0.290000 0.290000 0.000000 0.000000 0.000000 -37749.177056 14.915156
300.000000 0.292000 0.292000 0.292000 0.000000 0.000000 0.000000 -37787.912531 4.943779
300.000000 0.294000 0.294000 0.294000 0.000000 0.000000 0.000000 -37839.291144 13.442499
300.000000 0.296000 0.296000 0.296000 0.000000 0.000000 0.000000 -37900.775043 4.891587
300.000000 0.298000 0.298000 0.298000 0.000000 0.000000 0.000000 -37877.862759 5.208490
300.000000 0.300000 0.300000 0.300000 0.000000 0.000000 0.000000 -37866.876515 14.867236
300.000000 0.302000 0.302000 0.302000 0.000000 0.000000 0.000000 -37823.052874 13.049912
300.000000 0.304000 0.304000 0.304000 0.000000 0.000000 0.000000 -37824.385731 13.713903
300.000000 0.306000 0.306000 0.306000 0.000000 0.000000 0.000000 -37788.544342 5.109064
300.000000 0.308000 0.308000 0.308000 0.000000 0.000000 0.000000 -37648.899481 12.647241
300.000000 0.310000 0.310000 0.310000 0.000000 0.000000 0.000000 -37785.048301 -0.579977
300.000000 0.312000 0.312000 0.312000 0.000000 0.000000 0.000000 -37826.849871 13.004741
300.000000 0.314000 0.314000 0.314000 0.000000 0.000000 0.000000 -37736.690069 8.952608
300.000000 0.316000 0.316000 0.316000 0.000000 0.000000 0.000000 -37755.029741 7.222804
300.000000 0.318000 0.318000 0.318000 0.000000 0.000000 0.000000 -37814.373415 12.641163
300.000000 0.320000 0.320000 0.320000 0.000000 0.000000 0.000000 -37723.496645 1.424341
300.000000 0.322000 0.322000 0.322000 0.000000 0.000000 0.000000 -37659.604714 19.904173
300.000000 0.324000 0.324000 0.324000 0.000000 0.000000 0.000000 -37678.364017 16.115246
300.000000 0.326000 0.326000 0.326000 0.000000 0.000000 0.000000 -37717.864313 8.721354
300.000000 0.328000 0.328000 0.328000 0.000000 0.000000 0.000000 -37787.397565 1.973815
300.000000 0.330000 0.330000 0.330000 0.000000 0.000000 0.000000 -37811.407092 15.480568
300.000000 0.332000 0.332000 0.332000 0.000000 0.000000 0.000000 -37722.701365 21.691891
300.000000 0.334000 0.334000 0.334000 0.000000 0.000000 0.000000 -37762.436734 11.841167
300.000000 0.336000 0.336000 0.336000 0.000000 0.000000 0.000000 -37806.724081 7.153137
300.000000 0.338000 0.338000 0.338000 0.000000 0.000000 0.000000 -37717.604880 17.935295
300.000000 0.340000 0.340000 0.340000 0.000000 0.000000 0.000000 -37511.703021 5.206700
300.000000 0.342000 0.342000 0.342000 0.000000 0.000000 0.000000 -37669.069043 8.029247
300.000000 0.344000 0.344000 0.344000 0.000000 0.000000 0.000000 -37531.710380 -1.035946
300.000000 0.346000 0.346000 0.346000 0.000000 0.000000 0.000000 -37747.055396 -5.897969
300.000000 0.348000 0.348000 0.348000 0.000000 0.000000 0.000000 -37680.179704 5.233795
300.000000 0.350000 0.350000 0.350000 0.000000 0.000000 0.000000 -37734.966019 19.098130
300.000000 0.352000 0.352000 0.352000 0.000000 0.000000 0.000000 -37712.236049 6.792710
300.000000 0.354000 0.354000 0.354000 0.000000 0.000000 0.000000 -37779.122156 8.719609
300.000000 0.356000 0.356000 0.356000 0.000000 0.000000 0.000000 -37776.493617 2.391313
300.000000 0.358000 0.358000 0.358000 0.000000 0.000000 0.000000 -37833.712636 3.846811
300.000000 0.360000 0.360000 0.360000 0.000000 0.000000 0.000000 -37686.755516 0.809906
300.000000 0.362000 0.362000 0.362000 0.000000 0.000000 0.000000 -37680.762566 7.590095
300.000000 0.364000 0.364000 0.364000 0.000000 0.000000 0.000000 -37734.061374 10.299596
300.000000 0.366000 0.366000 0.366000 0.000000 0.000000 0.000000 -37665.553297 13.940372
300.000000 0.368000 0.368000 0.368000 0.000000 0.000000 0.000000 -37593.279280 19.662950
300.000000 0.370000 0.370000 0.370000 0.000000 0.000000 0.000000 -37739.547548 20.447549
300.000000 0.372000 0.372000 0.372000 0.000000 0.000000 0.000000 -37659.475456 0.277610
300.000000 0.374000 0.374000 0.374000 0.000000 0.000000 0.000000 -37753.970548 2.746055
300.000000 0.376000 0.376000 0.376000 0.000000 0.000000 0.000000 -37697.781243 13.677905
300.000000 0.378000 0.378000 0.378000 0.000000 0.000000 0.000000 -37770.273890 6.846916
300.000000 0.380000 0.380000 0.380000 0.000000 0.000000 0.000000 -37810.335642 -1.429466
300.000000 0.382000 0.382000 0.382000 0.000000 0.000000 0.000000 -37830.666871 -0.075264
300.000000 0.384000 0.384000 0.384000 0.000000 0.000000 0.000000 -37795.055560 11.885776
300.000000 0.386000 0.386000 0.386000 0.000000 0.000000 0.000000 -37706.878100 6.901036
300.000000 0.388000 0.388000 0.388000 0.000000 0.000000 0.000000 -37891.657510 14.548268
300.000000 0.390000 0.390000 0.390000 0.000000 0.000000 0.000000 -37716.672942 2.169646
300.000000 0.392000 0.392000 0.392000 0.000000 0.000000 0.000000 -37688.833835 -2.174036
300.000000 0.394000 0.394000 0.394000 0.000000 0.000000 0.000000 -37691.652347 8.798390
300.000000 0.396000 0.396000 0.396000 0.000000 0.000000 0.000000 -37632.704569 -1.259878
300.000000 0.398000 0.398000 0.398000 0.000000 0.000000 0.000000 -37723.876339 7.444348
300.000000 0.400000 0.400000 0.400000 0.000000 0.000000 0.000000 -37784.315848 11.980272
300.000000 0.402000 0.402000 0.402000 0.000000 0.000000 0.000000 -37889.048415 14.926489
300.000000 0.404000 0.404000 0.404000 0.000000 0.000000 0.000000 -37760.790958 0.555182
300.000000 0.406000 0.406000 0.406000 0.000000 0.000000 0.000000 -37794.608944 -3.718644
300.000000 0.408000 0.408000 0.408000 0.000000 0.000000 0.000000 -37843.052969 -3.088318
300.000000 0.410000 0.410000 0.410000 0.000000 0.000000 0.000000 -37623.168000 2.155759
300.000000 0.412000 0.412000 0.412000 0.000000 0.000000 0.000000 -37745.532054 5.107832
300.000000 0.414000 0.414000 0.414000 0.000000 0.000000 0.000000 -37794.914748 0.451317
300.000000 0.416000 0.416000 0.416000 0.000000 0.000000 0.000000 -37768.373280 -8.783772
300.000000 0.418000 0.418000 0.418000 0.000000 0.000000 0.000000 -37705.364386 7.808146
300.000000 0.420000 0.420000 0.420000 0.000000 0.000000 0.000000 -37732.673302 0.876980
300.000000 0.422000 0.422000 0.422000 0.000000 0.000000 0.000000 -37816.952725 4.825252
300.000000 0.424000 0.424000 0.424000 0.000000 0.000000 0.000000 -37647.646268 8.620565
300.000000 0.426000 0.426000 0.426000 0.000000 0.000000 0.000000 -37781.338432 1.113360
300.000000 0.428000 0.428000 0.428000 0.000000 0.000000 0.000000 -37832.106135 -3.767851
300.000000 0.430000 0.430000 0.430000 0.000000 0.000000 0.000000 -37754.205051 -0.782195
300.000000 0.432000 0.432000 0.432000 0.000000 0.000000 0.000000 -37868.304963 0.728691
300.000000 0.434000 0.434000 0.434000 0.000000 0.000000 0.000000 -37729.104949 -7.138221
300.000000 0.436000 0.436000 0.436000 0.000000 0.000000 0.000000 -37871.925438 -8.305332
300.000000 0.438000 0.438000 0.438000 0.000000 0.000000 0.000000 -37797.311159 -7.128423
300.000000 0.440000 0.440000 0.440000 0.000000 0.000000 0.000000 -37886.963995 -2.581609
300.000000 0.442000 0.442000 0.442000 0.000000 0.000000 0.000000 -37798.098086 -5.987524
300.000000 0.444000 0.444000 0.444000 0.000000 0.000000 0.000000 -37740.552278 -7.823675
300.000000 0.446000 0.446000 0.446000 0.000000 0.000000 0.000000 -37701.847535 -4.590449
300.000000 0.448000 0.448000 0.448000 0.000000 0.000000 0.000000 -37751.813111 1.159187
300.000000 0.450000 0.450000 0.450000 0.000000 0.000000 0.000000 -37638.465216 -7.309682
300.000000 0.452000 0.452000 0.452000 0.000000 0.000000 0.000000 -37688.184615 2.458281
300.000000 0.454000 0.454000 0.454000 0.000000 0.000000 0.000000 -37688.657888 -4.617496
300.000000 0.456000 0.456000 0.456000 0.000000 0.000000 0.000000 -37818.262976 -2.603176
300.000000 0.458000 0.458000 0.458000 0.000000 0.000000 0.000000 -37762.554419 -2.723448
300.000000 0.460000 0.460000 0.460000 0.000000 0.000000 0.000000 -37918.061402 4.113612
300.000000 0.462000 0.462000 0.462000 0.000000 0.000000 0.000000 -37890.219239 -8.134580
300.000000 0.464000 0.464000 0.464000 0.000000 0.000000 0.000000 -37850.402794 -4.855731
300.000000 0.466000 0.466000 0.466000 0.000000 0.000000 0.000000 -37883.386752 -1.506268
300.000000 0.468000 0.468000 0.468000 0.000000 0.000000 0.000000 -37892.458739 -4.510683
300.000000 0.470000 0.470000 0.470000 0.000000 0.000000 0.000000 -37835.911538 -6.922922
300.000000 0.472000 0.472000 0.472000 0.000000 0.000000 0.000000 -37841.470537 -2.709402
300.000000 0.474000 0.474000 0.474000 0.000000 0.000000 0.000000 -37935.144611 -8.035112
300.000000 0.476000 0.476000 0.476000 0.000000 0.000000 0.000000 -37872.837954 -7.166924
300.000000 0.478000 0.478000 0.478000 0.000000 0.000000 0.000000 -37898.892319 1.995556
300.000000 0.480000 0.480000 0.480000 0.000000 0.000000 0.000000 -37809.843174 -14.590412
300.000000 0.482000 0.482000 0.482000 0.000000 0.000000 0.000000 -37855.751116 -5.372010
300.000000 0.484000 0.484000 0.484000 0.000000 0.000000 0.000000 -37869.396980 -10.064804
300.000000 0.486000 0.486000 0.486000 0.000000 0.000000 0.000000 -37938.408650 -10.418214
300.000000 0.488000 0.488000 0.488000 0.000000 0.000000 0.000000 -37885.258114 -16.447093
300.000000 0.490000 0.490000 0.490000 0.000000 0.000000 0.000000 -37797.593747 -7.055791
300.000000 0.492000 0.492000 0.492000 0.000000 0.000000 0.000000 -37757.336266 -1.916109
300.000000 0.494000 0.494000 0.494000 0.000000 0.000000 0.000000 -37884.461195 0.271943
300.000000 0.496000 0.496000 0.496000 0.000000 0.000000 0.000000 -37814.259640 0.062376
300.000000 0.498000 0.498000 0.498000 0.000000 0.000000 0.000000 -37783.341457 0.423141
