300.000000 0.000000 0.000000 0.000000 0.000000 0.000000 0.000000 -32263.162976 825.470849
300.000000 0.002000 0.002000 0.002000 0.000000 0.000000 0.000000 -32300.128490 667.610448
300.000000 0.004000 0.004000 0.004000 0.000000 0.000000 0.000000 -32163.158820 705.673398
300.000000 0.006000 0.006000 0.006000 0.000000 0.000000 0.000000 -32093.718617 718.082513
300.000000 0.008000 0.008000 0.008000 0.000000 0.000000 0.000000 -32114.674632 603.707538
300.000000 0.010000 0.010000 0.010000 0.000000 0.000000 0.000000 -32273.224907 745.168996
300.000000 0.012000 0.012000 0.012000 0.000000 0.000000 0.000000 -32199.361829 757.360480
300.000000 0.014000 0.014000 0.014000 0.000000 0.000000 0.000000 -32102.606996 903.040538
300.000000 0.016000 0.016000 0.016000 0.000000 0.000000 0.000000 -32179.892362 667.501585
300.000000 0.018000 0.018000 0.018000 0.000000 0.000000 0.000000 -32248.700645 651.854782
300.000000 0.020000 0.020000 0.020000 0.000000 0.000000 0.000000 -32132.799167 556.655107
300.000000 0.022000 0.022000 0.022000 0.000000 0.000000 0.000000 -32252.687029 201.772144
300.000000 0.024000 0.024000 0.024000 0.000000 0.000000 0.000000 -32157.794573 360.845818
300.000000 0.026000 0.026000 0.026000 0.000000 0.000000 0.000000 -32301.194545 201.982279
300.000000 0.028000 0.028000 0.028000 0.000000 0.000000 0.000000 -32232.746814 102.423952
300.000000 0.030000 0.030000 0.030000 0.000000 0.000000 0.000000 -32145.829859 122.802938
300.000000 0.032000 0.032000 0.032000 0.000000 0.000000 0.000000 -32279.205712 138.742418
300.000000 0.034000 0.034000 0.034000 0.000000 0.000000 0.000000 -32258.299228 125.256739
300.000000 0.036000 0.036000 0.036000 0.000000 0.000000 0.000000 -32238.859022 92.725252
300.000000 0.038000 0.038000 0.038000 0.000000 0.000000 0.000000 -32206.844777 154.632823
300.000000 0.040000 0.040000 0.040000 0.000000 0.000000 0.000000 -32251.410271 117.159928
300.000000 0.042000 0.042000 0.042000 0.000000 0.000000 0.000000 -32057.745476 136.172744
300.000000 0.044000 0.044000 0.044000 0.000000 0.000000 0.000000 -32301.121056 84.823289
300.000000 0.046000 0.046000 0.046000 0.000000 0.000000 0.000000 -32303.336989 107.092313
300.000000 0.048000 0.048000 0.048000 0.000000 0.000000 0.000000 -32228.946978 42.841471
300.000000 0.050000 0.050000 0.050000 0.000000 0.000000 0.000000 -32245.011076 90.441737
300.000000 0.052000 0.052000 0.052000 0.000000 0.000000 0.000000 -32307.531138 89.928035
300.000000 0.054000 0.054000 0.054000 0.000000 0.000000 0.000000 -32381.011124 94.979733
300.000000 0.056000 0.056000 0.056000 0.000000 0.000000 0.000000 -32325.881250 78.491909
300.000000 0.058000 0.058000 0.058000 0.000000 0.000000 0.000000 -32287.276816 86.657755
300.000000 0.060000 0.060000 0.060000 0.000000 0.000000 0.000000 -32223.187476 66.995413
300.000000 0.062000 0.062000 0.062000 0.000000 0.000000 0.000000 -32328.289993 64.637300
300.000000 0.064000 0.064000 0.064000 0.000000 0.000000 0.000000 -32195.129934 67.236917
300.000000 0.066000 0.066000 0.066000 0.000000 0.000000 0.000000 -32194.980996 30.793949
300.000000 0.068000 0.068000 0.068000 0.000000 0.000000 0.000000 -32157.787097 67.526905
300.000000 0.070000 0.070000 0.070000 0.000000 0.000000 0.000000 -32240.810482 85.190363
300.000000 0.072000 0.072000 0.072000 0.000000 0.000000 0.000000 -32181.181606 63.750691
300.000000 0.074000 0.074000 0.074000 0.000000 0.000000 0.000000 -32144.733275 33.058494
300.000000 0.076000 0.076000 0.076000 0.000000 0.000000 0.000000 -32229.250780 56.018008
300.000000 0.078000 0.078000 0.078000 0.000000 0.000000 0.000000 -32241.024938 86.460110
300.000000 0.080000 0.080000 0.080000 0.000000 0.000000 0.000000 -32237.250925 59.582429
300.000000 0.082000 0.082000 0.082000 0.000000 0.000000 0.000000 -32121.564451 74.547645
300.000000 0.084000 0.084000 0.084000 0.000000 0.000000 0.000000 -32318.131814 50.810842
300.000000 0.086000 0.086000 0.086000 0.000000 0.000000 0.000000 -32249.968133 122.614922
300.000000 0.088000 0.088000 0.088000 0.000000 0.000000 0.000000 -32289.065444 29.218248
300.000000 0.090000 0.090000 0.090000 0.000000 0.000000 0.000000 -32276.394283 68.225587
300.000000 0.092000 0.092000 0.092000 0.000000 0.000000 0.000000 -32239.412260 40.690657
300.000000 0.094000 0.094000 0.094000 0.000000 0.000000 0.000000 -32349.262502 96.838110
300.000000 0.096000 0.096000 0.096000 0.000000 0.000000 0.000000 -32436.940061 48.072490
300.000000 0.098000 0.098000 0.098000 0.000000 0.000000 0.000000 -32316.618456 56.260401
300.000000 0.100000 0.100000 0.100000 0.000000 0.000000 0.000000 -32359.439548 67.689528
300.000000 0.102000 0.102000 0.102000 0.000000 0.000000 0.000000 -32160.248355 50.914565
300.000000 0.104000 0.104000 0.104000 0.000000 0.000000 0.000000 -32242.814409 70.318772
300.000000 0.106000 0.106000 0.106000 0.000000 0.000000 0.000000 -32264.667372 45.185700
300.000000 0.108000 0.108000 0.108000 0.000000 0.000000 0.000000 -32203.658964 75.838328
300.000000 0.110000 0.110000 0.110000 0.000000 0.000000 0.000000 -32110.933458 63.083920
300.000000 0.112000 0.112000 0.112000 0.000000 0.000000 0.000000 -32213.019744 33.861034
300.000000 0.114000 0.114000 0.114000 0.000000 0.000000 0.000000 -32254.785517 56.885261
300.000000 0.116000 0.116000 0.116000 0.000000 0.000000 0.000000 -32256.714435 51.980677
300.000000 0.118000 0.118000 0.118000 0.000000 0.000000 0.000000 -32322.136941 70.380078
300.000000 0.120000 0.120000 0.120000 0.000000 0.000000 0.000000 -32194.846975 50.572671
300.000000 0.122000 0.122000 0.122000 0.000000 0.000000 0.000000 -32392.785426 45.668526
300.000000 0.124000 0.124000 0.124000 0.000000 0.000000 0.000000 -32211.065775 46.552586
300.000000 0.126000 0.126000 0.126000 0.000000 0.000000 0.000000 -32260.904869 50.364601
300.000000 0.128000 0.128000 0.128000 0.000000 0.000000 0.000000 -32194.042499 25.628041
300.000000 0.130000 0.130000 0.130000 0.000000 0.000000 0.000000 -32251.593909 33.909152
300.000000 0.132000 0.132000 0.132000 0.000000 0.000000 0.000000 -32180.239432 51.365743
300.000000 0.134000 0.134000 0.134000 0.000000 0.000000 0.000000 -32212.017567 48.112312
300.000000 0.136000 0.136000 0.136000 0.000000 0.000000 0.000000 -32294.358683 63.672051
300.000000 0.138000 0.138000 0.138000 0.000000 0.000000 0.000000 -32312.449267 51.954892
300.000000 0.140000 0.140000 0.140000 0.000000 0.000000 0.000000 -32191.250420 44.557085
300.000000 0.142000 0.142000 0.142000 0.000000 0.000000 0.000000 -32360.032495 39.023971
300.000000 0.144000 0.144000 0.144000 0.000000 0.000000 0.000000 -32207.226970 29.750608
300.000000 0.146000 0.146000 0.146000 0.000000 0.000000 0.000000 -32238.200078 33.388062
300.000000 0.148000 0.148000 0.148000 0.000000 0.000000 0.000000 -32188.988656 51.297941
300.000000 0.150000 0.150000 0.150000 0.000000 0.000000 0.000000 -32190.936725 32.042159
300.000000 0.152000 0.152000 0.152000 0.000000 0.000000 0.000000 -32198.523897 40.910368
300.000000 0.154000 0.154000 0.154000 0.000000 0.000000 0.000000 -32336.575885 28.891546
300.000000 0.156000 0.156000 0.156000 0.000000 0.000000 0.000000 -32305.883759 25.460919
300.000000 0.158000 0.158000 0.158000 0.000000 0.000000 0.000000 -32164.996986 36.752422
300.000000 0.160000 0.160000 0.160000 0.000000 0.000000 0.000000 -32188.425648 32.565863
300.000000 0.162000 0.162000 0.162000 0.000000 0.000000 0.000000 -32186.893181 28.319134
300.000000 0.164000 0.164000 0.164000 0.000000 0.000000 0.000000 -32160.992422 45.976890
300.000000 0.166000 0.166000 0.166000 0.000000 0.000000 0.000000 -32189.578894 58.257811
300.000000 0.168000 0.168000 0.168000 0.000000 0.000000 0.000000 -32266.410385 37.727925
300.000000 0.170000 0.170000 0.170000 0.000000 0.000000 0.000000 -32090.422135 40.521455
300.000000 0.172000 0.172000 0.172000 0.000000 0.000000 0.000000 -32191.963848 37.246925
300.000000 0.174000 0.174000 0.174000 0.000000 0.000000 0.000000 -32138.010800 39.294312
300.000000 0.176000 0.176000 0.176000 0.000000 0.000000 0.000000 -32283.043288 27.918539
300.000000 0.178000 0.178000 0.178000 0.000000 0.000000 0.000000 -32199.106469 28.641138
300.000000 0.180000 0.180000 0.180000 0.000000 0.000000 0.000000 -32191.473196 30.790770
300.000000 0.182000 0.182000 0.182000 0.000000 0.000000 0.000000 -32200.371525 40.347331
300.000000 0.184000 0.184000 0.184000 0.000000 0.000000 0.000000 -32203.696714 30.045338
300.000000 0.186000 0.186000 0.186000 0.000000 0.000000 0.000000 -32179.211821 30.825341
300.000000 0.188000 0.188000 0.188000 0.000000 0.000000 0.000000 -32267.370828 24.656733
300.000000 0.190000 0.190000 0.190000 0.000000 0.000000 0.000000 -32273.842955 30.251135
300.000000 0.192000 0.192000 0.192000 0.000000 0.000000 0.000000 -32210.474911 41.716356
300.000000 0.194000 0.194000 0.194000 0.000000 0.000000 0.000000 -32155.854688 22.003938
300.000000 0.196000 0.196000 0.196000 0.000000 0.000000 0.000000 -32062.897797 35.606816
300.000000 0.198000 0.198000 0.198000 0.000000 0.000000 0.000000 -32135.035606 22.817137
300.000000 0.200000 0.200000 0.200000 0.000000 0.000000 0.000000 -32206.299535 39.807301
300.000000 0.202000 0.202000 0.202000 0.000000 0.000000 0.000000 -32240.678933 33.187396
300.000000 0.204000 0.204000 0.204000 0.000000 0.000000 0.000000 -32293.186573 48.747717
300.000000 0.206000 0.206000 0.206000 0.000000 0.000000 0.000000 -32186.063396 19.367748
300.000000 0.208000 0.208000 0.208000 0.000000 0.000000 0.000000 -32375.052417 35.498207
300.000000 0.210000 0.210000 0.210000 0.000000 0.000000 0.000000 -32326.254652 34.554244
300.000000 0.212000 0.212000 0.212000 0.000000 0.000000 0.000000 -32234.542215 27.366832
300.000000 0.214000 0.214000 0.214000 0.000000 0.000000 0.000000 -32220.288600 21.070561
300.000000 0.216000 0.216000 0.216000 0.000000 0.000000 0.000000 -32263.534853 26.963625
300.000000 0.218000 0.218000 0.218000 0.000000 0.000000 0.000000 -32349.600813 12.585328
300.000000 0.220000 0.220000 0.220000 0.000000 0.000000 0.000000 -32363.262580 36.679550
300.000000 0.222000 0.222000 0.222000 0.000000 0.000000 0.000000 -32330.186498 8.202771
300.000000 0.224000 0.224000 0.224000 0.000000 0.000000 0.000000 -32394.590636 18.512972
300.000000 0.226000 0.226000 0.226000 0.000000 0.000000 0.000000 -32179.669176 40.642327
300.000000 0.228000 0.228000 0.228000 0.000000 0.000000 0.000000 -32344.234051 23.280679
300.000000 0.230000 0.230000 0.230000 0.000000 0.000000 0.000000 -32315.343154 12.724773
300.000000 0.232000 0.232000 0.232000 0.000000 0.000000 0.000000 -32327.115106 27.320395
300.000000 0.234000 0.234000 0.234000 0.000000 0.000000 0.000000 -32125.204838 17.091833
300.000000 0.236000 0.236000 0.236000 0.000000 0.000000 0.000000 -32238.613087 28.639070
300.000000 0.238000 0.238000 0.238000 0.000000 0.000000 0.000000 -32226.883682 17.604128
300.000000 0.240000 0.240000 0.240000 0.000000 0.000000 0.000000 -32234.587444 28.846088
300.000000 0.242000 0.242000 0.242000 0.000000 0.000000 0.000000 -32386.336050 21.695613
300.000000 0.244000 0.244000 0.244000 0.000000 0.000000 0.000000 -32266.365709 14.405777
300.000000 0.246000 0.246000 0.246000 0.000000 0.000000 0.000000 -32264.438792 13.565460
300.000000 0.248000 0.248000 0.248000 0.000000 0.000000 0.000000 -32215.621806 22.844925
300.000000 0.250000 0.250000 0.250000 0.000000 0.000000 0.000000 -32177.942575 21.936282
300.000000 0.252000 0.252000 0.252000 0.000000 0.000000 0.000000 -32298.964472 19.577108
300.000000 0.254000 0.254000 0.254000 0.000000 0.000000 0.000000 -32371.229252 19.321048
300.000000 0.256000 0.256000 0.256000 0.000000 0.000000 0.000000 -32307.959822 26.396458
300.000000 0.258000 0.258000 0.258000 0.000000 0.000000 0.000000 -32360.278499 15.369812
300.000000 0.260000 0.260000 0.260000 0.000000 0.000000 0.000000 -32236.328200 18.940692
300.000000 0.262000 0.262000 0.262000 0.000000 0.000000 0.000000 -32276.473018 28.079012
300.000000 0.264000 0.264000 0.264000 0.000000 0.000000 0.000000 -32367.342736 8.196626
300.000000 0.266000 0.266000 0.266000 0.000000 0.000000 0.000000 -32330.255473 18.557820
300.000000 0.268000 0.268000 0.268000 0.000000 0.000000 0.000000 -32131.018208 17.063010
300.000000 0.270000 0.270000 0.270000 0.000000 0.000000 0.000000 -32181.182635 23.322128
300.000000 0.272000 0.272000 0.272000 0.000000 0.000000 0.000000 -32297.259820 13.447708
300.000000 0.274000 0.274000 0.274000 0.000000 0.000000 0.000000 -32278.059098 28.781852
300.000000 0.276000 0.276000 0.276000 0.000000 0.000000 0.000000 -32494.969756 8.545565
300.000000 0.278000 0.278000 0.278000 0.000000 0.000000 0.000000 -32356.980826 13.685651
300.000000 0.280000 0.280000 0.280000 0.000000 0.000000 0.000000 -32344.675026 14.686342
300.000000 0.282000 0.282000 0.282000 0.000000 0.000000 0.000000 -32478.582788 12.286242
300.000000 0.284000 0.284000 0.284000 0.000000 0.000000 0.000000 -32421.295519 6.973875
300.000000 0.286000 0.286000 0.286000 0.000000 0.000000 0.000000 -32287.584755 14.738399
300.000000 0.288000 0.288000 0.288000 0.000000 0.000000 0.000000 -32319.079864 23.038610
300.000000 0.290000 0.290000 0.290000 0.000000 0.000000 0.000000 -32279.183840 10.232710
300.000000 0.292000 0.292000 0.292000 0.000000 0.000000 0.000000 -32377.486584 27.304781
300.000000 0.294000 0.294000 0.294000 0.000000 0.000000 0.000000 -32322.251679 16.019558
300.000000 0.296000 0.296000 0.296000 0.000000 0.000000 0.000000 -32258.048840 20.186210
300.000000 0.298000 0.298000 0.298000 0.000000 0.000000 0.000000 -32257.607174 6.668245
300.000000 0.300000 0.300000 0.300000 0.000000 0.000000 0.000000 -32302.985826 10.869808
300.000000 0.302000 0.302000 0.302000 0.000000 0.000000 0.000000 -32300.355485 13.496341
300.000000 0.304000 0.304000 0.304000 0.000000 0.000000 0.000000 -32229.562243 14.943095
300.000000 0.306000 0.306000 0.306000 0.000000 0.000000 0.000000 -32139.476965 15.337146
300.000000 0.308000 0.308000 0.308000 0.000000 0.000000 0.000000 -32188.856089 12.235638
300.000000 0.310000 0.310000 0.310000 0.000000 0.000000 0.000000 -32178.561803 1.304346
300.000000 0.312000 0.312000 0.312000 0.000000 0.000000 0.000000 -32255.587555 27.091057
300.000000 0.314000 0.314000 0.314000 0.000000 0.000000 0.000000 -32156.474366 23.146583
300.000000 0.316000 0.316000 0.316000 0.000000 0.000000 0.000000 -32211.769297 23.910282
300.000000 0.318000 0.318000 0.318000 0.000000 0.000000 0.000000 -32323.820561 16.327595
300.000000 0.320000 0.320000 0.320000 0.000000 0.000000 0.000000 -32263.724672 16.236878
300.000000 0.322000 0.322000 0.322000 0.000000 0.000000 0.000000 -32250.778047 13.036926
300.000000 0.324000 0.324000 0.324000 0.000000 0.000000 0.000000 -32172.064771 24.867176
300.000000 0.326000 0.326000 0.326000 0.000000 0.000000 0.000000 -32342.743241 10.157631
300.000000 0.328000 0.328000 0.328000 0.000000 0.000000 0.000000 -32195.831576 10.784939
300.000000 0.330000 0.330000 0.330000 0.000000 0.000000 0.000000 -32177.381523 18.723910
300.000000 0.332000 0.332000 0.332000 0.000000 0.000000 0.000000 -32119.361194 5.729130
300.000000 0.334000 0.334000 0.334000 0.000000 0.000000 0.000000 -32154.810157 5.751126
300.000000 0.336000 0.336000 0.336000 0.000000 0.000000 0.000000 -32201.286733 14.518898
300.000000 0.338000 0.338000 0.338000 0.000000 0.000000 0.000000 -32265.875142 22.584599
300.000000 0.340000 0.340000 0.340000 0.000000 0.000000 0.000000 -32324.815970 18.902680
300.000000 0.342000 0.342000 0.342000 0.000000 0.000000 0.000000 -32307.287576 7.057429
300.000000 0.344000 0.344000 0.344000 0.000000 0.000000 0.000000 -32282.847011 2.998877
300.000000 0.346000 0.346000 0.346000 0.000000 0.000000 0.000000 -32362.293875 20.531750
300.000000 0.348000 0.348000 0.348000 0.000000 0.000000 0.000000 -32310.972898 -4.669353
300.000000 0.350000 0.350000 0.350000 0.000000 0.000000 0.000000 -32353.134178 -1.082375
300.000000 0.352000 0.352000 0.352000 0.000000 0.000000 0.000000 -32278.869960 -3.224898
300.000000 0.354000 0.354000 0.354000 0.000000 0.000000 0.000000 -32234.605113 -1.092702
300.000000 0.356000 0.356000 0.356000 0.000000 0.000000 0.000000 -32283.711816 2.137803
300.000000 0.358000 0.358000 0.358000 0.000000 0.000000 0.000000 -32286.032716 8.847047
300.000000 0.360000 0.360000 0.360000 0.000000 0.000000 0.000000 -32220.569064 -3.092100
300.000000 0.362000 0.362000 0.362000 0.000000 0.000000 0.000000 -32276.617566 9.629334
300.000000 0.364000 0.364000 0.364000 0.000000 0.000000 0.000000 -32244.683484 0.906657
300.000000 0.366000 0.366000 0.366000 0.000000 0.000000 0.000000 -32166.568892 5.924051
300.000000 0.368000 0.368000 0.368000 0.000000 0.000000 0.000000 -32228.180884 -0.719559
300.000000 0.370000 0.370000 0.370000 0.000000 0.000000 0.000000 -32266.974204 2.624971
300.000000 0.372000 0.372000 0.372000 0.000000 0.000000 0.000000 -32179.689268 16.622551
300.000000 0.374000 0.374000 0.374000 0.000000 0.000000 0.000000 -32197.745748 13.170096
300.000000 0.376000 0.376000 0.376000 0.000000 0.000000 0.000000 -32200.982109 12.259158
300.000000 0.378000 0.378000 0.378000 0.000000 0.000000 0.000000 -32203.676674 24.248929
300.000000 0.380000 0.380000 0.380000 0.000000 0.000000 0.000000 -32230.894162 -0.412577
300.000000 0.382000 0.382000 0.382000 0.000000 0.000000 0.000000 -32159.779636 2.171896
300.000000 0.384000 0.384000 0.384000 0.000000 0.000000 0.000000 -32310.201774 12.385008
300.000000 0.386000 0.386000 0.386000 0.000000 0.000000 0.000000 -32217.481372 4.415655
300.000000 0.388000 0.388000 0.388000 0.000000 0.000000 0.000000 -32393.614378 1.179958
300.000000 0.390000 0.390000 0.390000 0.000000 0.000000 0.000000 -32277.243687 6.111476
300.000000 0.392000 0.392000 0.392000 0.000000 0.000000 0.000000 -32375.740852 8.797119
300.000000 0.394000 0.394000 0.394000 0.000000 0.000000 0.000000 -32299.432554 12.551596
300.000000 0.396000 0.396000 0.396000 0.000000 0.000000 0.000000 -32146.654521 4.130985
300.000000 0.398000 0.398000 0.398000 0.000000 0.000000 0.000000 -32221.203746 21.326568
300.000000 0.400000 0.400000 0.400000 0.000000 0.000000 0.000000 -32184.530306 7.552214
300.000000 0.402000 0.402000 0.402000 0.000000 0.000000 0.000000 -32284.919006 -8.574371
300.000000 0.404000 0.404000 0.404000 0.000000 0.000000 0.000000 -32302.493094 0.738898
300.000000 0.406000 0.406000 0.406000 0.000000 0.000000 0.000000 -32244.746763 4.517299
300.000000 0.408000 0.408000 0.408000 0.000000 0.000000 0.000000 -32404.454892 0.856851
300.000000 0.410000 0.410000 0.410000 0.000000 0.000000 0.000000 -32310.054881 2.105239
300.000000 0.412000 0.412000 0.412000 0.000000 0.000000 0.000000 -32291.036478 -3.425188
300.000000 0.414000 0.414000 0.414000 0.000000 0.000000 0.000000 -32400.078224 -0.422584
300.000000 0.416000 0.416000 0.416000 0.000000 0.000000 0.000000 -32252.559192 -11.054497
300.000000 0.418000 0.418000 0.418000 0.000000 0.000000 0.000000 -32427.958486 -4.530978
300.000000 0.420000 0.420000 0.420000 0.000000 0.000000 0.000000 -32170.684479 8.373588
300.000000 0.422000 0.422000 0.422000 0.000000 0.000000 0.000000 -32193.678370 -0.033879
300.000000 0.424000 0.424000 0.424000 0.000000 0.000000 0.000000 -32388.787009 5.557743
300.000000 0.426000 0.426000 0.426000 0.000000 0.000000 0.000000 -32109.397407 4.522918
300.000000 0.428000 0.428000 0.428000 0.000000 0.000000 0.000000 -32152.717511 7.615468
300.000000 0.430000 0.430000 0.430000 0.000000 0.000000 0.000000 -32199.072274 -3.020401
300.000000 0.432000 0.432000 0.432000 0.000000 0.000000 0.000000 -32289.134305 4.765508
300.000000 0.434000 0.434000 0.434000 0.000000 0.000000 0.000000 -32221.178554 -4.637370
300.000000 0.436000 0.436000 0.436000 0.000000 0.000000 0.000000 -32324.292599 6.673725
300.000000 0.438000 0.438000 0.438000 0.000000 0.000000 0.000000 -32329.733649 -5.886505
300.000000 0.440000 0.440000 0.440000 0.000000 0.000000 0.000000 -32224.991014 2.420836
300.000000 0.442000 0.442000 0.442000 0.000000 0.000000 0.000000 -32221.130139 1.266523
300.000000 0.444000 0.444000 0.444000 0.000000 0.000000 0.000000 -32365.166533 5.470192
300.000000 0.446000 0.446000 0.446000 0.000000 0.000000 0.000000 -32294.316227 -7.515007
300.000000 0.448000 0.448000 0.448000 0.000000 0.000000 0.000000 -32398.479118 -0.087807
300.000000 0.450000 0.450000 0.450000 0.000000 0.000000 0.000000 -32222.010545 5.245268
300.000000 0.452000 0.452000 0.452000 0.000000 0.000000 0.000000 -32276.209289 1.633857
300.000000 0.454000 0.454000 0.454000 0.000000 0.000000 0.000000 -32294.024415 -10.940871
300.000000 0.456000 0.456000 0.456000 0.000000 0.000000 0.000000 -32238.276898 7.306679
300.000000 0.458000 0.458000 0.458000 0.000000 0.000000 0.000000 -32164.970210 3.518894
300.000000 0.460000 0.460000 0.460000 0.000000 0.000000 0.000000 -32256.212932 2.434652
300.000000 0.462000 0.462000 0.462000 0.000000 0.000000 0.000000 -32176.713497 3.900846
300.000000 0.464000 0.464000 0.464000 0.000000 0.000000 0.000000 -32369.889964 -0.695857
300.000000 0.466000 0.466000 0.466000 0.000000 0.000000 0.000000 -32281.737430 0.876212
300.000000 0.468000 0.468000 0.468000 0.000000 0.000000 0.000000 -32254.849288 1.514467
300.000000 0.470000 0.470000 0.470000 0.000000 0.000000 0.000000 -32373.503880 1.066855
300.000000 0.472000 0.472000 0.472000 0.000000 0.000000 0.000000 -32267.613198 -2.182350
300.000000 0.474000 0.474000 0.474000 0.000000 0.000000 0.000000 -32148.122235 -1.939989
300.000000 0.476000 0.476000 0.476000 0.000000 0.000000 0.000000 -32198.474369 2.598086
300.000000 0.478000 0.478000 0.478000 0.000000 0.000000 0.000000 -32083.775002 1.107072
300.000000 0.480000 0.480000 0.480000 0.000000 0.000000 0.000000 -32257.389750 -2.653327
300.000000 0.482000 0.482000 0.482000 0.000000 0.000000 0.000000 -32245.257224 -5.231999
300.000000 0.484000 0.484000 0.484000 0.000000 0.000000 0.000000 -32352.578445 3.353379
300.000000 0.486000 0.486000 0.486000 0.000000 0.000000 0.000000 -32216.770273 -7.784581
300.000000 0.488000 0.488000 0.488000 0.000000 0.000000 0.000000 -32275.554781 -0.153947
300.000000 0.490000 0.490000 0.490000 0.000000 0.000000 0.000000 -32271.984079 -12.527889
300.000000 0.492000 0.492000 0.492000 0.000000 0.000000 0.000000 -32246.792015 0.440483
300.000000 0.494000 0.494000 0.494000 0.000000 0.000000 0.000000 -32139.410379 3.620625
300.000000 0.496000 0.496000 0.496000 0.000000 0.000000 0.000000 -32181.841133 6.212245
300.000000 0.498000 0.498000 0.498000 0.000000 0.000000 0.000000 -32119.151516 -12.753518
