300.000000 0.000000 0.000000 0.000000 0.000000 0.000000 0.000000 -31576.569092 766.678122
300.000000 0.002000 0.002000 0.002000 0.000000 0.000000 0.000000 -31576.455559 793.921129
300.000000 0.004000 0.004000 0.004000 0.000000 0.000000 0.000000 -31446.908454 674.544284
300.000000 0.006000 0.006000 0.006000 0.000000 0.000000 0.000000 -31433.966386 554.924738
300.000000 0.008000 0.008000 0.008000 0.000000 0.000000 0.000000 -31364.109572 51.708142
300.000000 0.010000 0.010000 0.010000 0.000000 0.000000 0.000000 -31352.102888 87.330723
300.000000 0.012000 0.012000 0.012000 0.000000 0.000000 0.000000 -31332.314596 77.659148
300.000000 0.014000 0.014000 0.014000 0.000000 0.000000 0.000000 -31353.702272 63.876943
300.000000 0.016000 0.016000 0.016000 0.000000 0.000000 0.000000 -31474.030784 251.186907
300.000000 0.018000 0.018000 0.018000 0.000000 0.000000 0.000000 -31430.144186 56.100747
300.000000 0.020000 0.020000 0.020000 0.000000 0.000000 0.000000 -31448.444856 41.379810
300.000000 0.022000 0.022000 0.022000 0.000000 0.000000 0.000000 -31519.935119 65.878532
300.000000 0.024000 0.024000 0.024000 0.000000 0.000000 0.000000 -31524.078346 129.895836
300.000000 0.026000 0.026000 0.026000 0.000000 0.000000 0.000000 -31629.247689 81.102422
300.000000 0.028000 0.028000 0.028000 0.000000 0.000000 0.000000 -31510.341950 101.473668
300.000000 0.030000 0.030000 0.030000 0.000000 0.000000 0.000000 -31480.721739 52.358755
300.000000 0.032000 0.032000 0.032000 0.000000 0.000000 0.000000 -31355.441041 52.069428
300.000000 0.034000 0.034000 0.034000 0.000000 0.000000 0.000000 -31401.062743 50.824594
300.000000 0.036000 0.036000 0.036000 0.000000 0.000000 0.000000 -31476.388603 124.920107
300.000000 0.038000 0.038000 0.038000 0.000000 0.000000 0.000000 -31542.553434 101.261047
300.000000 0.040000 0.040000 0.040000 0.000000 0.000000 0.000000 -31521.295879 49.443605
300.000000 0.042000 0.042000 0.042000 0.000000 0.000000 0.000000 -31448.746982 59.632514
300.000000 0.044000 0.044000 0.044000 0.000000 0.000000 0.000000 -31536.372986 50.700964
300.000000 0.046000 0.046000 0.046000 0.000000 0.000000 0.000000 -31554.018604 54.978089
300.000000 0.048000 0.048000 0.048000 0.000000 0.000000 0.000000 -31474.917518 59.492530
300.000000 0.050000 0.050000 0.050000 0.000000 0.000000 0.000000 -31441.363104 35.237290
300.000000 0.052000 0.052000 0.052000 0.000000 0.000000 0.000000 -31450.906345 83.987860
300.000000 0.054000 0.054000 0.054000 0.000000 0.000000 0.000000 -31490.854075 52.144393
300.000000 0.056000 0.056000 0.056000 0.000000 0.000000 0.000000 -31660.822714 62.955482
300.000000 0.058000 0.058000 0.058000 0.000000 0.000000 0.000000 -31544.737617 41.275145
300.000000 0.060000 0.060000 0.060000 0.000000 0.000000 0.000000 -31569.597291 29.961446
300.000000 0.062000 0.062000 0.062000 0.000000 0.000000 0.000000 -31478.163215 62.837008
300.000000 0.064000 0.064000 0.064000 0.000000 0.000000 0.000000 -31463.033856 23.994206
300.000000 0.066000 0.066000 0.066000 0.000000 0.000000 0.000000 -31507.406870 30.151364
300.000000 0.068000 0.068000 0.068000 0.000000 0.000000 0.000000 -31616.080487 37.849710
300.000000 0.070000 0.070000 0.070000 0.000000 0.000000 0.000000 -31440.580186 34.585571
300.000000 0.072000 0.072000 0.072000 0.000000 0.000000 0.000000 -31460.676860 30.848833
300.000000 0.074000 0.074000 0.074000 0.000000 0.000000 0.000000 -31429.248868 13.655914
300.000000 0.076000 0.076000 0.076000 0.000000 0.000000 0.000000 -31377.819042 47.984738
300.000000 0.078000 0.078000 0.078000 0.000000 0.000000 0.000000 -31413.683577 18.097487
300.000000 0.080000 0.080000 0.080000 0.000000 0.000000 0.000000 -31445.586618 27.380606
300.000000 0.082000 0.082000 0.082000 0.000000 0.000000 0.000000 -31449.254176 23.815632
300.000000 0.084000 0.084000 0.084000 0.000000 0.000000 0.000000 -31380.187907 66.632380
300.000000 0.086000 0.086000 0.086000 0.000000 0.000000 0.000000 -31383.933809 26.775586
300.000000 0.088000 0.088000 0.088000 0.000000 0.000000 0.000000 -31410.802823 26.927713
300.000000 0.090000 0.090000 0.090000 0.000000 0.000000 0.000000 -31455.429067 23.476035
300.000000 0.092000 0.092000 0.092000 0.000000 0.000000 0.000000 -31485.722692 28.820500
300.000000 0.094000 0.094000 0.094000 0.000000 0.000000 0.000000 -31614.998303 46.868367
300.000000 0.096000 0.096000 0.096000 0.000000 0.000000 0.000000 -31481.343936 19.619113
300.000000 0.098000 0.098000 0.098000 0.000000 0.000000 0.000000 -31566.507181 7.564168
300.000000 0.100000 0.100000 0.100000 0.000000 0.000000 0.000000 -31459.797135 11.706610
300.000000 0.102000 0.102000 0.102000 0.000000 0.000000 0.000000 -31408.964940 23.575360
300.000000 0.104000 0.104000 0.104000 0.000000 0.000000 0.000000 -31575.273002 36.740240
300.000000 0.106000 0.106000 0.106000 0.000000 0.000000 0.000000 -31424.432513 18.394659
300.000000 0.108000 0.108000 0.108000 0.000000 0.000000 0.000000 -31468.934875 18.396260
300.000000 0.110000 0.110000 0.110000 0.000000 0.000000 0.000000 -31428.123652 22.961706
300.000000 0.112000 0.112000 0.112000 0.000000 0.000000 0.000000 -31576.727878 33.088854
300.000000 0.114000 0.114000 0.114000 0.000000 0.000000 0.000000 -31633.073101 26.680358
300.000000 0.116000 0.116000 0.116000 0.000000 0.000000 0.000000 -31576.105499 18.114567
300.000000 0.118000 0.118000 0.118000 0.000000 0.000000 0.000000 -31559.571810 25.906336
300.000000 0.120000 0.120000 0.120000 0.000000 0.000000 0.000000 -31590.724619 23.985859
300.000000 0.122000 0.122000 0.122000 0.000000 0.000000 0.000000 -31414.721203 28.952650
300.000000 0.124000 0.124000 0.124000 0.000000 0.000000 0.000000 -31442.419654 25.782162
300.000000 0.126000 0.126000 0.126000 0.000000 0.000000 0.000000 -31529.695548 10.332218
300.000000 0.128000 0.128000 0.128000 0.000000 0.000000 0.000000 -31617.916862 23.519279
300.000000 0.130000 0.130000 0.130000 0.000000 0.000000 0.000000 -31657.195332 15.363219
300.000000 0.132000 0.132000 0.132000 0.000000 0.000000 0.000000 -31556.141792 27.495652
300.000000 0.134000 0.134000 0.134000 0.000000 0.000000 0.000000 -31617.229970 17.333601
300.000000 0.136000 0.136000 0.136000 0.000000 0.000000 0.000000 -31643.079769 27.490839
300.000000 0.138000 0.138000 0.138000 0.000000 0.000000 0.000000 -31463.656685 14.623678
300.000000 0.140000 0.140000 0.140000 0.000000 0.000000 0.000000 -31413.756339 14.637184
300.000000 0.142000 0.142000 0.142000 0.000000 0.000000 0.000000 -31580.109724 16.495243
300.000000 0.144000 0.144000 0.144000 0.000000 0.000000 0.000000 -31361.051650 8.551105
300.000000 0.146000 0.146000 0.146000 0.000000 0.000000 0.000000 -31419.278624 8.931834
300.000000 0.148000 0.148000 0.148000 0.000000 0.000000 0.000000 -31536.101478 14.063459
300.000000 0.150000 0.150000 0.150000 0.000000 0.000000 0.000000 -31660.608065 15.394543
300.000000 0.152000 0.152000 0.152000 0.000000 0.000000 0.000000 -31573.424019 15.806423
300.000000 0.154000 0.154000 0.154000 0.000000 0.000000 0.000000 -31536.450103 15.202689
300.000000 0.156000 0.156000 0.156000 0.000000 0.000000 0.000000 -31568.209888 8.605179
300.000000 0.158000 0.158000 0.158000 0.000000 0.000000 0.000000 -31493.023697 13.256617
300.000000 0.160000 0.160000 0.160000 0.000000 0.000000 0.000000 -31602.689963 11.365509
300.000000 0.162000 0.162000 0.162000 0.000000 0.000000 0.000000 -31528.771463 9.913704
300.000000 0.164000 0.164000 0.164000 0.000000 0.000000 0.000000 -31575.874331 23.995944
300.000000 0.166000 0.166000 0.166000 0.000000 0.000000 0.000000 -31617.051342 12.489240
300.000000 0.168000 0.168000 0.168000 0.000000 0.000000 0.000000 -31543.426828 27.283824
300.000000 0.170000 0.170000 0.170000 0.000000 0.000000 0.000000 -31543.046696 17.130439
300.000000 0.172000 0.172000 0.172000 0.000000 0.000000 0.000000 -31548.411340 18.910229
300.000000 0.174000 0.174000 0.174000 0.000000 0.000000 0.000000 -31362.418704 0.332980
300.000000 0.176000 0.176000 0.176000 0.000000 0.000000 0.000000 -31505.987772 17.329295
300.000000 0.178000 0.178000 0.178000 0.000000 0.000000 0.000000 -31513.418556 17.099962
300.000000 0.180000 0.180000 0.180000 0.000000 0.000000 0.000000 -31520.377090 7.127399
300.000000 0.182000 0.182000 0.182000 0.000000 0.000000 0.000000 -31707.242480 14.168294
300.000000 0.184000 0.184000 0.184000 0.000000 0.000000 0.000000 -31624.274431 21.270134
300.000000 0.186000 0.186000 0.186000 0.000000 0.000000 0.000000 -31534.851722 9.631797
300.000000 0.188000 0.188000 0.188000 0.000000 0.000000 0.000000 -31494.064755 14.262323
300.000000 0.190000 0.190000 0.190000 0.000000 0.000000 0.000000 -31618.466967 6.786015
300.000000 0.192000 0.192000 0.192000 0.000000 0.000000 0.000000 -31581.123132 27.922056
300.000000 0.194000 0.194000 0.194000 0.000000 0.000000 0.000000 -31581.077144 8.273893
300.000000 0.196000 0.196000 0.196000 0.000000 0.000000 0.000000 -31627.370240 13.394745
300.000000 0.198000 0.198000 0.198000 0.000000 0.000000 0.000000 -31631.917822 11.198990
300.000000 0.200000 0.200000 0.200000 0.000000 0.000000 0.000000 -31489.193848 20.389130
300.000000 0.202000 0.202000 0.202000 0.000000 0.000000 0.000000 -31590.486493 15.411840
300.000000 0.204000 0.204000 0.204000 0.000000 0.000000 0.000000 -31641.695506 21.750410
300.000000 0.206000 0.206000 0.206000 0.000000 0.000000 0.000000 -31659.527719 9.286130
300.000000 0.208000 0.208000 0.208000 0.000000 0.000000 0.000000 -31707.355078 4.927740
300.000000 0.210000 0.210000 0.210000 0.000000 0.000000 0.000000 -31628.078990 12.860575
300.000000 0.212000 0.212000 0.212000 0.000000 0.000000 0.000000 -31706.479873 13.815826
300.000000 0.214000 0.214000 0.214000 0.000000 0.000000 0.000000 -31603.146119 14.666326
300.000000 0.216000 0.216000 0.216000 0.000000 0.000000 0.000000 -31572.481818 14.612282
300.000000 0.218000 0.218000 0.218000 0.000000 0.000000 0.000000 -31561.148585 18.536706
300.000000 0.220000 0.220000 0.220000 0.000000 0.000000 0.000000 -31558.449075 19.235045
300.000000 0.222000 0.222000 0.222000 0.000000 0.000000 0.000000 -31453.046478 11.142034
300.000000 0.224000 0.224000 0.224000 0.000000 0.000000 0.000000 -31435.817901 9.418638
300.000000 0.226000 0.226000 0.226000 0.000000 0.000000 0.000000 -31549.367468 22.672570
300.000000 0.228000 0.228000 0.228000 0.000000 0.000000 0.000000 -31529.369250 12.440659
300.000000 0.230000 0.230000 0.230000 0.000000 0.000000 0.000000 -31606.811512 10.184039
300.000000 0.232000 0.232000 0.232000 0.000000 0.000000 0.000000 -31523.888489 11.935838
300.000000 0.234000 0.234000 0.234000 0.000000 0.000000 0.000000 -31610.755865 9.789880
300.000000 0.236000 0.236000 0.236000 0.000000 0.000000 0.000000 -31466.962509 12.424299
300.000000 0.238000 0.238000 0.238000 0.000000 0.000000 0.000000 -31529.128332 12.086451
300.000000 0.240000 0.240000 0.240000 0.000000 0.000000 0.000000 -31468.575846 10.715333
300.000000 0.242000 0.242000 0.242000 0.000000 0.000000 0.000000 -31521.774971 7.556884
300.000000 0.244000 0.244000 0.244000 0.000000 0.000000 0.000000 -31506.741690 13.513997
300.000000 0.246000 0.246000 0.246000 0.000000 0.000000 0.000000 -31527.019331 14.001160
300.000000 0.248000 0.248000 0.248000 0.000000 0.000000 0.000000 -31437.641911 10.335345
300.000000 0.250000 0.250000 0.250000 0.000000 0.000000 0.000000 -31386.655178 13.510590
300.000000 0.252000 0.252000 0.252000 0.000000 0.000000 0.000000 -31420.154305 14.680841
300.000000 0.254000 0.254000 0.254000 0.000000 0.000000 0.000000 -31357.321544 14.608111
300.000000 0.256000 0.256000 0.256000 0.000000 0.000000 0.000000 -31522.471126 10.328776
300.000000 0.258000 0.258000 0.258000 0.000000 0.000000 0.000000 -31573.316807 12.481367
300.000000 0.260000 0.260000 0.260000 0.000000 0.000000 0.000000 -31522.228824 8.843954
300.000000 0.262000 0.262000 0.262000 0.000000 0.000000 0.000000 -31562.842023 5.150699
300.000000 0.264000 0.264000 0.264000 0.000000 0.000000 0.000000 -31504.156882 9.732146
300.000000 0.266000 0.266000 0.266000 0.000000 0.000000 0.000000 -31464.761026 5.687874
300.000000 0.268000 0.268000 0.268000 0.000000 0.000000 0.000000 -31495.948787 11.111153
300.000000 0.270000 0.270000 0.270000 0.000000 0.000000 0.000000 -31464.635045 16.479633
300.000000 0.272000 0.272000 0.272000 0.000000 0.000000 0.000000 -31446.990457 1.892917
300.000000 0.274000 0.274000 0.274000 0.000000 0.000000 0.000000 -31556.980086 8.276267
300.000000 0.276000 0.276000 0.276000 0.000000 0.000000 0.000000 -31404.734291 9.535547
300.000000 0.278000 0.278000 0.278000 0.000000 0.000000 0.000000 -31552.018253 8.904243
300.000000 0.280000 0.280000 0.280000 0.000000 0.000000 0.000000 -31564.754529 12.136491
300.000000 0.282000 0.282000 0.282000 0.000000 0.000000 0.000000 -31420.561103 12.523318
300.000000 0.284000 0.284000 0.284000 0.000000 0.000000 0.000000 -31483.335694 6.062860
300.000000 0.286000 0.286000 0.286000 0.000000 0.000000 0.000000 -31481.853326 8.768771
300.000000 0.288000 0.288000 0.288000 0.000000 0.000000 0.000000 -31515.040464 11.556997
300.000000 0.290000 0.290000 0.290000 0.000000 0.000000 0.000000 -31493.532000 9.382378
300.000000 0.292000 0.292000 0.292000 0.000000 0.000000 0.000000 -31585.827160 -0.414297
300.000000 0.294000 0.294000 0.294000 0.000000 0.000000 0.000000 -31484.419249 2.475803
300.000000 0.296000 0.296000 0.296000 0.000000 0.000000 0.000000 -31487.964806 4.697522
300.000000 0.298000 0.298000 0.298000 0.000000 0.000000 0.000000 -31464.787355 5.192360
300.000000 0.300000 0.300000 0.300000 0.000000 0.000000 0.000000 -31561.354191 2.792857
300.000000 0.302000 0.302000 0.302000 0.000000 0.000000 0.000000 -31465.194037 7.147694
300.000000 0.304000 0.304000 0.304000 0.000000 0.000000 0.000000 -31513.542321 11.979829
300.000000 0.306000 0.306000 0.306000 0.000000 0.000000 0.000000 -31544.097737 11.135650
300.000000 0.308000 0.308000 0.308000 0.000000 0.000000 0.000000 -31444.789361 14.169868
300.000000 0.310000 0.310000 0.310000 0.000000 0.000000 0.000000 -31469.022410 1.197747
300.000000 0.312000 0.312000 0.312000 0.000000 0.000000 0.000000 -31486.884610 2.496261
300.000000 0.314000 0.314000 0.314000 0.000000 0.000000 0.000000 -31484.056899 12.570431
300.000000 0.316000 0.316000 0.316000 0.000000 0.000000 0.000000 -31473.347557 4.544814
300.000000 0.318000 0.318000 0.318000 0.000000 0.000000 0.000000 -31417.530208 3.788620
300.000000 0.320000 0.320000 0.320000 0.000000 0.000000 0.000000 -31476.428168 5.431643
300.000000 0.322000 0.322000 0.322000 0.000000 0.000000 0.000000 -31522.643901 9.000305
300.000000 0.324000 0.324000 0.324000 0.000000 0.000000 0.000000 -31340.466145 8.165894
300.000000 0.326000 0.326000 0.326000 0.000000 0.000000 0.000000 -31450.523926 17.466405
300.000000 0.328000 0.328000 0.328000 0.000000 0.000000 0.000000 -31372.285536 3.818053
300.000000 0.330000 0.330000 0.330000 0.000000 0.000000 0.000000 -31399.550744 14.430231
300.000000 0.332000 0.332000 0.332000 0.000000 0.000000 0.000000 -31388.513490 12.436904
300.000000 0.334000 0.334000 0.334000 0.000000 0.000000 0.000000 -31436.809729 4.454593
300.000000 0.336000 0.336000 0.336000 0.000000 0.000000 0.000000 -31445.912460 14.157158
300.000000 0.338000 0.338000 0.338000 0.000000 0.000000 0.000000 -31500.155359 6.923986
300.000000 0.340000 0.340000 0.340000 0.000000 0.000000 0.000000 -31542.223875 8.131676
300.000000 0.342000 0.342000 0.342000 0.000000 0.000000 0.000000 -31484.228503 -1.228072
300.000000 0.344000 0.344000 0.344000 0.000000 0.000000 0.000000 -31374.660809 13.756437
300.000000 0.346000 0.346000 0.346000 0.000000 0.000000 0.000000 -31424.276276 13.688739
300.000000 0.348000 0.348000 0.348000 0.000000 0.000000 0.000000 -31457.509852 3.207538
300.000000 0.350000 0.350000 0.350000 0.000000 0.000000 0.000000 -31446.741685 7.981876
300.000000 0.352000 0.352000 0.352000 0.000000 0.000000 0.000000 -31403.636101 1.059698
300.000000 0.354000 0.354000 0.354000 0.000000 0.000000 0.000000 -31472.203433 -0.998409
300.000000 0.356000 0.356000 0.356000 0.000000 0.000000 0.000000 -31346.121985 11.379341
300.000000 0.358000 0.358000 0.358000 0.000000 0.000000 0.000000 -31458.591600 -2.672306
300.000000 0.360000 0.360000 0.360000 0.000000 0.000000 0.000000 -31536.717274 0.893832
300.000000 0.362000 0.362000 0.362000 0.000000 0.000000 0.000000 -31411.002485 8.838280
300.000000 0.364000 0.364000 0.364000 0.000000 0.000000 0.000000 -31489.571348 5.195340
300.000000 0.366000 0.366000 0.366000 0.000000 0.000000 0.000000 -31529.444065 2.430299
300.000000 0.368000 0.368000 0.368000 0.000000 0.000000 0.000000 -31293.323272 -2.059151
300.000000 0.370000 0.370000 0.370000 0.000000 0.000000 0.000000 -31418.513175 3.858752
300.000000 0.372000 0.372000 0.372000 0.000000 0.000000 0.000000 -31346.035406 15.194411
300.000000 0.374000 0.374000 0.374000 0.000000 0.000000 0.000000 -31428.940519 5.652605
300.000000 0.376000 0.376000 0.376000 0.000000 0.000000 0.000000 -31474.613949 2.364758
300.000000 0.378000 0.378000 0.378000 0.000000 0.000000 0.000000 -31376.382356 1.538699
300.000000 0.380000 0.380000 0.380000 0.000000 0.000000 0.000000 -31555.962236 5.333379
300.000000 0.382000 0.382000 0.382000 0.000000 0.000000 0.000000 -31375.059041 13.835999
300.000000 0.384000 0.384000 0.384000 0.000000 0.000000 0.000000 -31431.797753 3.393194
300.000000 0.386000 0.386000 0.386000 0.000000 0.000000 0.000000 -31522.873687 1.017557
300.000000 0.388000 0.388000 0.388000 0.000000 0.000000 0.000000 -31574.977401 2.491244
300.000000 0.390000 0.390000 0.390000 0.000000 0.000000 0.000000 -31383.475879 -1.190370
300.000000 0.392000 0.392000 0.392000 0.000000 0.000000 0.000000 -31482.618889 7.027633
300.000000 0.394000 0.394000 0.394000 0.000000 0.000000 0.000000 -31489.923356 -0.574401
300.000000 0.396000 0.396000 0.396000 0.000000 0.000000 0.000000 -31543.776304 4.190840
300.000000 0.398000 0.398000 0.398000 0.000000 0.000000 0.000000 -31410.469255 2.041947
300.000000 0.400000 0.400000 0.400000 0.000000 0.000000 0.000000 -31386.533353 1.664092
300.000000 0.402000 0.402000 0.402000 0.000000 0.000000 0.000000 -31491.087096 3.447789
300.000000 0.404000 0.404000 0.404000 0.000000 0.000000 0.000000 -31483.696069 3.339622
300.000000 0.406000 0.406000 0.406000 0.000000 0.000000 0.000000 -31402.417788 3.674184
300.000000 0.408000 0.408000 0.408000 0.000000 0.000000 0.000000 -31428.123190 2.271893
300.000000 0.410000 0.410000 0.410000 0.000000 0.000000 0.000000 -31461.841762 8.433569
300.000000 0.412000 0.412000 0.412000 0.000000 0.000000 0.000000 -31473.608114 -4.356333
300.000000 0.414000 0.414000 0.414000 0.000000 0.000000 0.000000 -31362.280703 -1.899548
300.000000 0.416000 0.416000 0.416000 0.000000 0.000000 0.000000 -31528.255034 -4.498195
300.000000 0.418000 0.418000 0.418000 0.000000 0.000000 0.000000 -31448.940819 3.510181
300.000000 0.420000 0.420000 0.420000 0.000000 0.000000 0.000000 -31512.284901 2.229559
300.000000 0.422000 0.422000 0.422000 0.000000 0.000000 0.000000 -31440.732942 8.760089
300.000000 0.424000 0.424000 0.424000 0.000000 0.000000 0.000000 -31396.505708 5.193461
300.000000 0.426000 0.426000 0.426000 0.000000 0.000000 0.000000 -31419.538490 8.135247
300.000000 0.428000 0.428000 0.428000 0.000000 0.000000 0.000000 -31460.681412 2.581352
300.000000 0.430000 0.430000 0.430000 0.000000 0.000000 0.000000 -31454.850516 4.829108
300.000000 0.432000 0.432000 0.432000 0.000000 0.000000 0.000000 -31415.273646 -4.766867
300.000000 0.434000 0.434000 0.434000 0.000000 0.000000 0.000000 -31486.872843 8.826661
300.000000 0.436000 0.436000 0.436000 0.000000 0.000000 0.000000 -31387.895262 1.020502
300.000000 0.438000 0.438000 0.438000 0.000000 0.000000 0.000000 -31460.853379 7.386358
300.000000 0.440000 0.440000 0.440000 0.000000 0.000000 0.000000 -31451.790795 -2.215884
300.000000 0.442000 0.442000 0.442000 0.000000 0.000000 0.000000 -31479.870362 9.642300
300.000000 0.444000 0.444000 0.444000 0.000000 0.000000 0.000000 -31590.893475 -5.859735
300.000000 0.446000 0.446000 0.446000 0.000000 0.000000 0.000000 -31428.986806 4.143291
300.000000 0.448000 0.448000 0.448000 0.000000 0.000000 0.000000 -31533.632780 7.358814
300.000000 0.450000 0.450000 0.450000 0.000000 0.000000 0.000000 -31524.642322 3.314633
300.000000 0.452000 0.452000 0.452000 0.000000 0.000000 0.000000 -31574.333068 -12.728114
300.000000 0.454000 0.454000 0.454000 0.000000 0.000000 0.000000 -31546.842497 -5.631493
300.000000 0.456000 0.456000 0.456000 0.000000 0.000000 0.000000 -31513.048101 0.289859
300.000000 0.458000 0.458000 0.458000 0.000000 0.000000 0.000000 -31589.422764 -4.771088
300.000000 0.460000 0.460000 0.460000 0.000000 0.000000 0.000000 -31591.918653 -3.524091
300.000000 0.462000 0.462000 0.462000 0.000000 0.000000 0.000000 -31589.004975 -1.208695
300.000000 0.464000 0.464000 0.464000 0.000000 0.000000 0.000000 -31508.457511 -0.120004
300.000000 0.466000 0.466000 0.466000 0.000000 0.000000 0.000000 -31546.011668 5.589029
300.000000 0.468000 0.468000 0.468000 0.000000 0.000000 0.000000 -31446.696569 -0.057055
300.000000 0.470000 0.470000 0.470000 0.000000 0.000000 0.000000 -31458.163188 7.703026
300.000000 0.472000 0.472000 0.472000 0.000000 0.000000 0.000000 -31548.781004 -5.950864
300.000000 0.474000 0.474000 0.474000 0.000000 0.000000 0.000000 -31528.545874 -5.703665
300.000000 0.476000 0.476000 0.476000 0.000000 0.000000 0.000000 -31550.836618 8.612040
300.000000 0.478000 0.478000 0.478000 0.000000 0.000000 0.000000 -31573.139150 -5.325294
300.000000 0.480000 0.480000 0.480000 0.000000 0.000000 0.000000 -31486.234890 -3.617860
300.000000 0.482000 0.482000 0.482000 0.000000 0.000000 0.000000 -31592.226460 3.994341
300.000000 0.484000 0.484000 0.484000 0.000000 0.000000 0.000000 -31488.790930 1.435688
300.000000 0.486000 0.486000 0.486000 0.000000 0.000000 0.000000 -31633.012379 1.290876
300.000000 0.488000 0.488000 0.488000 0.000000 0.000000 0.000000 -31511.270744 -2.264848
300.000000 0.490000 0.490000 0.490000 0.000000 0.000000 0.000000 -31554.860224 -11.242164
300.000000 0.492000 0.492000 0.492000 0.000000 0.000000 0.000000 -31600.939998 -1.402740
300.000000 0.494000 0.494000 0.494000 0.000000 0.000000 0.000000 -31506.117453 0.520644
300.000000 0.496000 0.496000 0.496000 0.000000 0.000000 0.000000 -31522.405610 -1.238809
300.000000 0.498000 0.498000 0.498000 0.000000 0.000000 0.000000 -31465.993497 2.293966
