300.000000 0.000000 0.000000 0.000000 0.000000 0.000000 0.000000 -39263.614091 892.538755
300.000000 0.002000 0.002000 0.002000 0.000000 0.000000 0.000000 -39339.747738 817.186526
300.000000 0.004000 0.004000 0.004000 0.000000 0.000000 0.000000 -39384.015244 712.185985
300.000000 0.006000 0.006000 0.006000 0.000000 0.000000 0.000000 -39429.679398 824.906884
300.000000 0.008000 0.008000 0.008000 0.000000 0.000000 0.000000 -39389.643120 752.151423
300.000000 0.010000 0.010000 0.010000 0.000000 0.000000 0.000000 -39317.656025 893.825766
300.000000 0.012000 0.012000 0.012000 0.000000 0.000000 0.000000 -39424.012695 748.877448
300.000000 0.014000 0.014000 0.014000 0.000000 0.000000 0.000000 -39393.872807 804.890557
300.000000 0.016000 0.016000 0.016000 0.000000 0.000000 0.000000 -39284.997504 948.197087
300.000000 0.018000 0.018000 0.018000 0.000000 0.000000 0.000000 -39456.201460 700.117302
300.000000 0.020000 0.020000 0.020000 0.000000 0.000000 0.000000 -39400.566701 742.116997
300.000000 0.022000 0.022000 0.022000 0.000000 0.000000 0.000000 -39412.875291 944.099981
300.000000 0.024000 0.024000 0.024000 0.000000 0.000000 0.000000 -39436.942559 764.904925
300.000000 0.026000 0.026000 0.026000 0.000000 0.000000 0.000000 -39294.162636 630.224672
300.000000 0.028000 0.028000 0.028000 0.000000 0.000000 0.000000 -39235.997775 689.095329
300.000000 0.030000 0.030000 0.030000 0.000000 0.000000 0.000000 -39236.481933 671.496740
300.000000 0.032000 0.032000 0.032000 0.000000 0.000000 0.000000 -39232.268711 754.992208
300.000000 0.034000 0.034000 0.034000 0.000000 0.000000 0.000000 -39212.963361 647.099693
300.000000 0.036000 0.036000 0.036000 0.000000 0.000000 0.000000 -39448.425779 674.588766
300.000000 0.038000 0.038000 0.038000 0.000000 0.000000 0.000000 -39373.636991 663.844187
300.000000 0.040000 0.040000 0.040000 0.000000 0.000000 0.000000 -39258.818681 640.834804
300.000000 0.042000 0.042000 0.042000 0.000000 0.000000 0.000000 -39275.921726 610.190324
300.000000 0.044000 0.044000 0.044000 0.000000 0.000000 0.000000 -39229.504394 138.829490
300.000000 0.046000 0.046000 0.046000 0.000000 0.000000 0.000000 -39289.486408 108.241867
300.000000 0.048000 0.048000 0.048000 0.000000 0.000000 0.000000 -39294.884419 90.819633
300.000000 0.050000 0.050000 0.050000 0.000000 0.000000 0.000000 -39300.712751 63.970606
300.000000 0.052000 0.052000 0.052000 0.000000 0.000000 0.000000 -39306.962435 86.341400
300.000000 0.054000 0.054000 0.054000 0.000000 0.000000 0.000000 -39383.960966 67.648452
300.000000 0.056000 0.056000 0.056000 0.000000 0.000000 0.000000 -39347.872954 57.697088
300.000000 0.058000 0.058000 0.058000 0.000000 0.000000 0.000000 -39285.795240 146.515028
300.000000 0.060000 0.060000 0.060000 0.000000 0.000000 0.000000 -39292.020715 75.973488
300.000000 0.062000 0.062000 0.062000 0.000000 0.000000 0.000000 -39336.982226 69.178973
300.000000 0.064000 0.064000 0.064000 0.000000 0.000000 0.000000 -39327.818124 88.783152
300.000000 0.066000 0.066000 0.066000 0.000000 0.000000 0.000000 -39218.780606 84.389175
300.000000 0.068000 0.068000 0.068000 0.000000 0.000000 0.000000 -39242.281448 76.109340
300.000000 0.070000 0.070000 0.070000 0.000000 0.000000 0.000000 -39205.286748 100.911902
300.000000 0.072000 0.072000 0.072000 0.000000 0.000000 0.000000 -39170.391550 85.734452
300.000000 0.074000 0.074000 0.074000 0.000000 0.000000 0.000000 -39136.106817 111.115338
300.000000 0.076000 0.076000 0.076000 0.000000 0.000000 0.000000 -39114.225230 63.391040
300.000000 0.078000 0.078000 0.078000 0.000000 0.000000 0.000000 -39063.034426 65.228982
300.000000 0.080000 0.080000 0.080000 0.000000 0.000000 0.000000 -39115.189804 112.513272
300.000000 0.082000 0.082000 0.082000 0.000000 0.000000 0.000000 -39238.380179 77.408940
300.000000 0.084000 0.084000 0.084000 0.000000 0.000000 0.000000 -39203.517871 86.187278
300.000000 0.086000 0.086000 0.086000 0.000000 0.000000 0.000000 -39155.249572 57.843981
300.000000 0.088000 0.088000 0.088000 0.000000 0.000000 0.000000 -39336.767041 80.927551
300.000000 0.090000 0.090000 0.090000 0.000000 0.000000 0.000000 -39241.730350 79.506848
300.000000 0.092000 0.092000 0.092000 0.000000 0.000000 0.000000 -39288.824365 67.318013
300.000000 0.094000 0.094000 0.094000 0.000000 0.000000 0.000000 -39253.499956 78.590890
300.000000 0.096000 0.096000 0.096000 0.000000 0.000000 0.000000 -39270.506041 86.962210
300.000000 0.098000 0.098000 0.098000 0.000000 0.000000 0.000000 -39337.310587 87.866174
300.000000 0.100000 0.100000 0.100000 0.000000 0.000000 0.000000 -39380.562836 57.885220
300.000000 0.102000 0.102000 0.102000 0.000000 0.000000 0.000000 -39322.199828 54.850498
300.000000 0.104000 0.104000 0.104000 0.000000 0.000000 0.000000 -39308.681772 38.016806
300.000000 0.106000 0.106000 0.106000 0.000000 0.000000 0.000000 -39225.349817 35.109534
300.000000 0.108000 0.108000 0.108000 0.000000 0.000000 0.000000 -39424.476270 39.039239
300.000000 0.110000 0.110000 0.110000 0.000000 0.000000 0.000000 -39401.467869 44.965438
300.000000 0.112000 0.112000 0.112000 0.000000 0.000000 0.000000 -39289.483510 59.345856
300.000000 0.114000 0.114000 0.114000 0.000000 0.000000 0.000000 -39313.457748 31.158279
300.000000 0.116000 0.116000 0.116000 0.000000 0.000000 0.000000 -39433.240449 69.358338
300.000000 0.118000 0.118000 0.118000 0.000000 0.000000 0.000000 -39420.831251 37.257743
300.000000 0.120000 0.120000 0.120000 0.000000 0.000000 0.000000 -39291.455046 38.303235
300.000000 0.122000 0.122000 0.122000 0.000000 0.000000 0.000000 -39307.808633 39.532178
300.000000 0.124000 0.124000 0.124000 0.000000 0.000000 0.000000 -39355.806074 33.594386
300.000000 0.126000 0.126000 0.126000 0.000000 0.000000 0.000000 -39334.939898 69.600288
300.000000 0.128000 0.128000 0.128000 0.000000 0.000000 0.000000 -39357.343261 43.957299
300.000000 0.130000 0.130000 0.130000 0.000000 0.000000 0.000000 -39312.826636 44.068337
300.000000 0.132000 0.132000 0.132000 0.000000 0.000000 0.000000 -39455.477511 39.060728
300.000000 0.134000 0.134000 0.134000 0.000000 0.000000 0.000000 -39377.675545 41.558398
300.000000 0.136000 0.136000 0.136000 0.000000 0.000000 0.000000 -39351.932691 24.056552
300.000000 0.138000 0.138000 0.138000 0.000000 0.000000 0.000000 -39267.041458 32.040841
300.000000 0.140000 0.140000 0.140000 0.000000 0.000000 0.000000 -39393.935540 39.768862
300.000000 0.142000 0.142000 0.142000 0.000000 0.000000 0.000000 -39238.387909 51.207694
300.000000 0.144000 0.144000 0.144000 0.000000 0.000000 0.000000 -39243.230780 23.834395
300.000000 0.146000 0.146000 0.146000 0.000000 0.000000 0.000000 -39180.541714 26.835941
300.000000 0.148000 0.148000 0.148000 0.000000 0.000000 0.000000 -39097.894057 34.554811
300.000000 0.150000 0.150000 0.150000 0.000000 0.000000 0.000000 -39082.180133 29.820275
300.000000 0.152000 0.152000 0.152000 0.000000 0.000000 0.000000 -39108.627321 20.200381
300.000000 0.154000 0.154000 0.154000 0.000000 0.000000 0.000000 -39249.298418 15.574339
300.000000 0.156000 0.156000 0.156000 0.000000 0.000000 0.000000 -39350.630714 36.772589
300.000000 0.158000 0.158000 0.158000 0.000000 0.000000 0.000000 -39170.220056 26.515708
300.000000 0.160000 0.160000 0.160000 0.000000 0.000000 0.000000 -39309.081762 10.757367
300.000000 0.162000 0.162000 0.162000 0.000000 0.000000 0.000000 -39179.997045 23.385575
300.000000 0.164000 0.164000 0.164000 0.000000 0.000000 0.000000 -39208.082080 36.703765
300.000000 0.166000 0.166000 0.166000 0.000000 0.000000 0.000000 -39371.176822 25.388404
300.000000 0.168000 0.168000 0.168000 0.000000 0.000000 0.000000 -39307.801314 8.277695
300.000000 0.170000 0.170000 0.170000 0.000000 0.000000 0.000000 -39355.766163 10.015653
300.000000 0.172000 0.172000 0.172000 0.000000 0.000000 0.000000 -39322.045569 25.877807
300.000000 0.174000 0.174000 0.174000 0.000000 0.000000 0.000000 -39219.748989 36.661262
300.000000 0.176000 0.176000 0.176000 0.000000 0.000000 0.000000 -39234.974668 22.515120
300.000000 0.178000 0.178000 0.178000 0.000000 0.000000 0.000000 -39174.206712 23.360735
300.000000 0.180000 0.180000 0.180000 0.000000 0.000000 0.000000 -39301.023947 19.771226
300.000000 0.182000 0.182000 0.182000 0.000000 0.000000 0.000000 -39298.731045 27.432217
300.000000 0.184000 0.184000 0.184000 0.000000 0.000000 0.000000 -39231.051845 30.762119
300.000000 0.186000 0.186000 0.186000 0.000000 0.000000 0.000000 -39255.691710 30.050157
300.000000 0.188000 0.188000 0.188000 0.000000 0.000000 0.000000 -39311.728685 32.460872
300.000000 0.190000 0.190000 0.190000 0.000000 0.000000 0.000000 -39200.428896 4.546903
300.000000 0.192000 0.192000 0.192000 0.000000 0.000000 0.000000 -39309.307897 10.977597
300.000000 0.194000 0.194000 0.194000 0.000000 0.000000 0.000000 -39291.605341 29.158652
300.000000 0.196000 0.196000 0.196000 0.000000 0.000000 0.000000 -39217.824495 23.341753
300.000000 0.198000 0.198000 0.198000 0.000000 0.000000 0.000000 -39192.314309 40.718289
300.000000 0.200000 0.200000 0.200000 0.000000 0.000000 0.000000 -39286.579330 18.354473
300.000000 0.202000 0.202000 0.202000 0.000000 0.000000 0.000000 -39371.868654 33.650228
300.000000 0.204000 0.204000 0.204000 0.000000 0.000000 0.000000 -39299.770973 32.731282
300.000000 0.206000 0.206000 0.206000 0.000000 0.000000 0.000000 -39264.544418 29.579849
300.000000 0.208000 0.208000 0.208000 0.000000 0.000000 0.000000 -39203.885574 17.339962
300.000000 0.210000 0.210000 0.210000 0.000000 0.000000 0.000000 -39206.538099 31.840449
300.000000 0.212000 0.212000 0.212000 0.000000 0.000000 0.000000 -39385.020252 29.905019
300.000000 0.214000 0.214000 0.214000 0.000000 0.000000 0.000000 -39286.098633 23.360128
300.000000 0.216000 0.216000 0.216000 0.000000 0.000000 0.000000 -39223.773455 18.950391
300.000000 0.218000 0.218000 0.218000 0.000000 0.000000 0.000000 -39319.931007 28.348659
300.000000 0.220000 0.220000 0.220000 0.000000 0.000000 0.000000 -39160.153205 10.684729
300.000000 0.222000 0.222000 0.222000 0.000000 0.000000 0.000000 -39312.701145 15.289362
300.000000 0.224000 0.224000 0.224000 0.000000 0.000000 0.000000 -39278.778713 36.806073
300.000000 0.226000 0.226000 0.226000 0.000000 0.000000 0.000000 -39211.771953 27.351019
300.000000 0.228000 0.228000 0.228000 0.000000 0.000000 0.000000 -39045.172115 11.592930
300.000000 0.230000 0.230000 0.230000 0.000000 0.000000 0.000000 -39294.474101 34.068242
300.000000 0.232000 0.232000 0.232000 0.000000 0.000000 0.000000 -39290.750997 20.807521
300.000000 0.234000 0.234000 0.234000 0.000000 0.000000 0.000000 -39278.581857 19.706520
300.000000 0.236000 0.236000 0.236000 0.000000 0.000000 0.000000 -39210.638348 16.198251
300.000000 0.238000 0.238000 0.238000 0.000000 0.000000 0.000000 -39160.358199 13.741556
300.000000 0.240000 0.240000 0.240000 0.000000 0.000000 0.000000 -39270.388392 37.929332
300.000000 0.242000 0.242000 0.242000 0.000000 0.000000 0.000000 -39323.949720 11.759638
300.000000 0.244000 0.244000 0.244000 0.000000 0.000000 0.000000 -39324.002499 16.583289
300.000000 0.246000 0.246000 0.246000 0.000000 0.000000 0.000000 -39248.916040 16.286085
300.000000 0.248000 0.248000 0.248000 0.000000 0.000000 0.000000 -39270.824742 14.148558
300.000000 0.250000 0.250000 0.250000 0.000000 0.000000 0.000000 -39326.128329 7.662584
300.000000 0.252000 0.252000 0.252000 0.000000 0.000000 0.000000 -39406.459040 -4.461241
300.000000 0.254000 0.254000 0.254000 0.000000 0.000000 0.000000 -39257.322654 10.633559
300.000000 0.256000 0.256000 0.256000 0.000000 0.000000 0.000000 -39223.882814 22.746357
300.000000 0.258000 0.258000 0.258000 0.000000 0.000000 0.000000 -39463.401835 25.457647
300.000000 0.260000 0.260000 0.260000 0.000000 0.000000 0.000000 -39346.696023 10.160387
300.000000 0.262000 0.262000 0.262000 0.000000 0.000000 0.000000 -39292.977978 11.105485
300.000000 0.264000 0.264000 0.264000 0.000000 0.000000 0.000000 -39434.195427 3.791877
300.000000 0.266000 0.266000 0.266000 0.000000 0.000000 0.000000 -39237.824326 11.161597
300.000000 0.268000 0.268000 0.268000 0.000000 0.000000 0.000000 -39236.446477 3.638699
300.000000 0.270000 0.270000 0.270000 0.000000 0.000000 0.000000 -39287.722785 8.699132
300.000000 0.272000 0.272000 0.272000 0.000000 0.000000 0.000000 -39277.179225 16.992229
300.000000 0.274000 0.274000 0.274000 0.000000 0.000000 0.000000 -39266.422198 14.581333
300.000000 0.276000 0.276000 0.276000 0.000000 0.000000 0.000000 -39354.430069 14.177802
300.000000 0.278000 0.278000 0.278000 0.000000 0.000000 0.000000 -39214.690994 16.123195
300.000000 0.280000 0.280000 0.280000 0.000000 0.000000 0.000000 -39401.838164 8.565199
300.000000 0.282000 0.282000 0.282000 0.000000 0.000000 0.000000 -39395.611623 11.310833
300.000000 0.284000 0.284000 0.284000 0.000000 0.000000 0.000000 -39241.711121 12.698097
300.000000 0.286000 0.286000 0.286000 0.000000 0.000000 0.000000 -39284.845553 4.653634
300.000000 0.288000 0.288000 0.288000 0.000000 0.000000 0.000000 -39261.779072 13.861539
300.000000 0.290000 0.290000 0.290000 0.000000 0.000000 0.000000 -39274.893674 21.231622
300.000000 0.292000 0.292000 0.292000 0.000000 0.000000 0.000000 -39162.740833 11.895495
300.000000 0.294000 0.294000 0.294000 0.000000 0.000000 0.000000 -39274.159388 6.755415
300.000000 0.296000 0.296000 0.296000 0.000000 0.000000 0.000000 -39302.024188 0.713956
300.000000 0.298000 0.298000 0.298000 0.000000 0.000000 0.000000 -39240.332997 16.794944
300.000000 0.300000 0.300000 0.300000 0.000000 0.000000 0.000000 -39284.672456 18.389517
300.000000 0.302000 0.302000 0.302000 0.000000 0.000000 0.000000 -39303.486010 9.197694
300.000000 0.304000 0.304000 0.304000 0.000000 0.000000 0.000000 -39366.415098 6.069887
300.000000 0.306000 0.306000 0.306000 0.000000 0.000000 0.000000 -39301.374805 10.142016
300.000000 0.308000 0.308000 0.308000 0.000000 0.000000 0.000000 -39247.073211 5.944303
300.000000 0.310000 0.310000 0.310000 0.000000 0.000000 0.000000 -39168.106464 27.997179
300.000000 0.312000 0.312000 0.312000 0.000000 0.000000 0.000000 -39278.528727 13.566242
300.000000 0.314000 0.314000 0.314000 0.000000 0.000000 0.000000 -39258.661460 7.494090
300.000000 0.316000 0.316000 0.316000 0.000000 0.000000 0.000000 -39209.057717 7.727794
300.000000 0.318000 0.318000 0.318000 0.000000 0.000000 0.000000 -39237.842619 19.937982
300.000000 0.320000 0.320000 0.320000 0.000000 0.000000 0.000000 -39303.724513 11.202682
300.000000 0.322000 0.322000 0.322000 0.000000 0.000000 0.000000 -39314.619438 18.646647
300.000000 0.324000 0.324000 0.324000 0.000000 0.000000 0.000000 -39336.963815 11.857804
300.000000 0.326000 0.326000 0.326000 0.000000 0.000000 0.000000 -39282.844980 -0.363978
300.000000 0.328000 0.328000 0.328000 0.000000 0.000000 0.000000 -39362.628914 22.251896
300.000000 0.330000 0.330000 0.330000 0.000000 0.000000 0.000000 -39212.107487 4.088874
300.000000 0.332000 0.332000 0.332000 0.000000 0.000000 0.000000 -39236.615597 1.983458
300.000000 0.334000 0.334000 0.334000 0.000000 0.000000 0.000000 -39284.747262 7.653167
300.000000 0.336000 0.336000 0.336000 0.000000 0.000000 0.000000 -39245.654076 3.881103
300.000000 0.338000 0.338000 0.338000 0.000000 0.000000 0.000000 -39280.203761 6.906711
300.000000 0.340000 0.340000 0.340000 0.000000 0.000000 0.000000 -39383.175479 18.763040
300.000000 0.342000 0.342000 0.342000 0.000000 0.000000 0.000000 -39325.258071 14.255312
300.000000 0.344000 0.344000 0.344000 0.000000 0.000000 0.000000 -39368.357082 14.757142
300.000000 0.346000 0.346000 0.346000 0.000000 0.000000 0.000000 -39277.084573 14.424564
300.000000 0.348000 0.348000 0.348000 0.000000 0.000000 0.000000 -39312.930448 9.633218
300.000000 0.350000 0.350000 0.350000 0.000000 0.000000 0.000000 -39298.301950 17.816511
300.000000 0.352000 0.352000 0.352000 0.000000 0.000000 0.000000 -39212.121904 5.998450
300.000000 0.354000 0.354000 0.354000 0.000000 0.000000 0.000000 -39335.341540 -1.741091
300.000000 0.356000 0.356000 0.356000 0.000000 0.000000 0.000000 -39237.150809 8.372545
300.000000 0.358000 0.358000 0.358000 0.000000 0.000000 0.000000 -39315.694439 3.516063
300.000000 0.360000 0.360000 0.360000 0.000000 0.000000 0.000000 -39365.113642 -1.322263
300.000000 0.362000 0.362000 0.362000 0.000000 0.000000 0.000000 -39308.279232 9.695708
300.000000 0.364000 0.364000 0.364000 0.000000 0.000000 0.000000 -39352.774130 8.634463
300.000000 0.366000 0.366000 0.366000 0.000000 0.000000 0.000000 -39256.270823 14.626273
300.000000 0.368000 0.368000 0.368000 0.000000 0.000000 0.000000 -39182.413948 -1.621196
300.000000 0.370000 0.370000 0.370000 0.000000 0.000000 0.000000 -39191.721398 3.694896
300.000000 0.372000 0.372000 0.372000 0.000000 0.000000 0.000000 -39233.092464 5.659051
300.000000 0.374000 0.374000 0.374000 0.000000 0.000000 0.000000 -39307.029945 6.411824
300.000000 0.376000 0.376000 0.376000 0.000000 0.000000 0.000000 -39239.695700 10.110448
300.000000 0.378000 0.378000 0.378000 0.000000 0.000000 0.000000 -39131.765818 9.683167
300.000000 0.380000 0.380000 0.380000 0.000000 0.000000 0.000000 -39240.033257 7.761194
300.000000 0.382000 0.382000 0.382000 0.000000 0.000000 0.000000 -39184.584276 20.168824
300.000000 0.384000 0.384000 0.384000 0.000000 0.000000 0.000000 -39233.419185 -4.146095
300.000000 0.386000 0.386000 0.386000 0.000000 0.000000 0.000000 -39235.750294 -4.603633
300.000000 0.388000 0.388000 0.388000 0.000000 0.000000 0.000000 -39258.006731 -2.044725
300.000000 0.390000 0.390000 0.390000 0.000000 0.000000 0.000000 -39198.778542 6.934244
300.000000 0.392000 0.392000 0.392000 0.000000 0.000000 0.000000 -39200.705998 5.741655
300.000000 0.394000 0.394000 0.394000 0.000000 0.000000 0.000000 -39178.464226 -1.063722
300.000000 0.396000 0.396000 0.396000 0.000000 0.000000 0.000000 -39232.768140 7.689094
300.000000 0.398000 0.398000 0.398000 0.000000 0.000000 0.000000 -39251.768675 -0.876887
300.000000 0.400000 0.400000 0.400000 0.000000 0.000000 0.000000 -39274.851405 3.424013
300.000000 0.402000 0.402000 0.402000 0.000000 0.000000 0.000000 -39254.251911 11.928156
300.000000 0.404000 0.404000 0.404000 0.000000 0.000000 0.000000 -39293.451579 -8.609250
300.000000 0.406000 0.406000 0.406000 0.000000 0.000000 0.000000 -39254.354332 7.270545
300.000000 0.408000 0.408000 0.408000 0.000000 0.000000 0.000000 -39292.811147 17.448239
300.000000 0.410000 0.410000 0.410000 0.000000 0.000000 0.000000 -39292.707515 2.378976
300.000000 0.412000 0.412000 0.412000 0.000000 0.000000 0.000000 -39291.011280 2.118270
300.000000 0.414000 0.414000 0.414000 0.000000 0.000000 0.000000 -39253.879396 11.098842
300.000000 0.416000 0.416000 0.416000 0.000000 0.000000 0.000000 -39336.555512 6.510538
300.000000 0.418000 0.418000 0.418000 0.000000 0.000000 0.000000 -39218.081231 4.574079
300.000000 0.420000 0.420000 0.420000 0.000000 0.000000 0.000000 -39204.282963 5.326383
300.000000 0.422000 0.422000 0.422000 0.000000 0.000000 0.000000 -39185.623557 3.676937
300.000000 0.424000 0.424000 0.424000 0.000000 0.000000 0.000000 -39109.923351 0.457846
300.000000 0.426000 0.426000 0.426000 0.000000 0.000000 0.000000 -39196.794858 -4.011669
300.000000 0.428000 0.428000 0.428000 0.000000 0.000000 0.000000 -39117.840746 8.154242
300.000000 0.430000 0.430000 0.430000 0.000000 0.000000 0.000000 -39202.796843 5.623785
300.000000 0.432000 0.432000 0.432000 0.000000 0.000000 0.000000 -39254.840495 -0.199399
300.000000 0.434000 0.434000 0.434000 0.000000 0.000000 0.000000 -39126.932176 -7.941967
300.000000 0.436000 0.436000 0.436000 0.000000 0.000000 0.000000 -39135.321397 -7.744311
300.000000 0.438000 0.438000 0.438000 0.000000 0.000000 0.000000 -39168.608255 -7.311504
300.000000 0.440000 0.440000 0.440000 0.000000 0.000000 0.000000 -39187.631769 11.178805
300.000000 0.442000 0.442000 0.442000 0.000000 0.000000 0.000000 -39210.048352 5.316164
300.000000 0.444000 0.444000 0.444000 0.000000 0.000000 0.000000 -39283.703414 -0.086065
300.000000 0.446000 0.446000 0.446000 0.000000 0.000000 0.000000 -39229.757104 6.474176
300.000000 0.448000 0.448000 0.448000 0.000000 0.000000 0.000000 -39211.982371 9.503844
300.000000 0.450000 0.450000 0.450000 0.000000 0.000000 0.000000 -39224.579569 3.901845
300.000000 0.452000 0.452000 0.452000 0.000000 0.000000 0.000000 -39068.967970 5.595780
300.000000 0.454000 0.454000 0.454000 0.000000 0.000000 0.000000 -39325.541317 6.680590
300.000000 0.456000 0.456000 0.456000 0.000000 0.000000 0.000000 -39352.130204 -1.760563
300.000000 0.458000 0.458000 0.458000 0.000000 0.000000 0.000000 -39392.349323 0.794214
300.000000 0.460000 0.460000 0.460000 0.000000 0.000000 0.000000 -39387.321910 -3.497123
300.000000 0.462000 0.462000 0.462000 0.000000 0.000000 0.000000 -39419.664404 -6.940798
300.000000 0.464000 0.464000 0.464000 0.000000 0.000000 0.000000 -39376.950296 -3.536481
300.000000 0.466000 0.466000 0.466000 0.000000 0.000000 0.000000 -39381.053316 7.255641
300.000000 0.468000 0.468000 0.468000 0.000000 0.000000 0.000000 -39469.052552 -3.334454
300.000000 0.470000 0.470000 0.470000 0.000000 0.000000 0.000000 -39346.062181 6.795850
300.000000 0.472000 0.472000 0.472000 0.000000 0.000000 0.000000 -39370.064564 0.019018
300.000000 0.474000 0.474000 0.474000 0.000000 0.000000 0.000000 -39242.215255 2.118177
300.000000 0.476000 0.476000 0.476000 0.000000 0.000000 0.000000 -39300.106365 3.652285
300.000000 0.478000 0.478000 0.478000 0.000000 0.000000 0.000000 -39418.234221 -14.234791
300.000000 0.480000 0.480000 0.480000 0.000000 0.000000 0.000000 -39232.315859 -8.228180
300.000000 0.482000 0.482000 0.482000 0.000000 0.000000 0.000000 -39293.436727 -3.089573
300.000000 0.484000 0.484000 0.484000 0.000000 0.000000 0.000000 -39367.900221 4.433403
300.000000 0.486000 0.486000 0.486000 0.000000 0.000000 0.000000 -39166.214968 -2.889252
300.000000 0.488000 0.488000 0.488000 0.000000 0.000000 0.000000 -39315.270739 -8.764978
300.000000 0.490000 0.490000 0.490000 0.000000 0.000000 0.000000 -39395.117552 -2.525702
300.000000 0.492000 0.492000 0.492000 0.000000 0.000000 0.000000 -39361.025505 -0.613436
300.000000 0.494000 0.494000 0.494000 0.000000 0.000000 0.000000 -39367.154673 15.506473
300.000000 0.496000 0.496000 0.496000 0.000000 0.000000 0.000000 -39335.227409 -7.080686
300.000000 0.498000 0.498000 0.498000 0.000000 0.000000 0.000000 -39246.328221 -2.757271
