300.000000 0.000000 0.000000 0.000000 0.000000 0.000000 0.000000 -35477.893363 840.134728
300.000000 0.002000 0.002000 0.002000 0.000000 0.000000 0.000000 -35422.788457 974.525933
300.000000 0.004000 0.004000 0.004000 0.000000 0.000000 0.000000 -35375.106955 814.022531
300.000000 0.006000 0.006000 0.006000 0.000000 0.000000 0.000000 -35309.332414 923.377464
300.000000 0.008000 0.008000 0.008000 0.000000 0.000000 0.000000 -35476.601100 659.667384
300.000000 0.010000 0.010000 0.010000 0.000000 0.000000 0.000000 -35324.895497 702.588917
300.000000 0.012000 0.012000 0.012000 0.000000 0.000000 0.000000 -35338.521374 681.539608
300.000000 0.014000 0.014000 0.014000 0.000000 0.000000 0.000000 -35213.735949 623.314188
300.000000 0.016000 0.016000 0.016000 0.000000 0.000000 0.000000 -35345.642955 129.062006
300.000000 0.018000 0.018000 0.018000 0.000000 0.000000 0.000000 -35538.425129 182.491782
300.000000 0.020000 0.020000 0.020000 0.000000 0.000000 0.000000 -35507.567934 158.485356
300.000000 0.022000 0.022000 0.022000 0.000000 0.000000 0.000000 -35448.699178 159.276217
300.000000 0.024000 0.024000 0.024000 0.000000 0.000000 0.000000 -35537.435347 124.989270
300.000000 0.026000 0.026000 0.026000 0.000000 0.000000 0.000000 -35465.384819 116.505466
300.000000 0.028000 0.028000 0.028000 0.000000 0.000000 0.000000 -35397.456069 105.127939
300.000000 0.030000 0.030000 0.030000 0.000000 0.000000 0.000000 -35592.916894 104.953264
300.000000 0.032000 0.032000 0.032000 0.000000 0.000000 0.000000 -35575.991303 147.530256
300.000000 0.034000 0.034000 0.034000 0.000000 0.000000 0.000000 -35721.522771 132.490336
300.000000 0.036000 0.036000 0.036000 0.000000 0.000000 0.000000 -35604.236425 110.369673
300.000000 0.038000 0.038000 0.038000 0.000000 0.000000 0.000000 -35495.633713 181.529499
300.000000 0.040000 0.040000 0.040000 0.000000 0.000000 0.000000 -35599.418863 155.593064
300.000000 0.042000 0.042000 0.042000 0.000000 0.000000 0.000000 -35495.589944 136.761696
300.000000 0.044000 0.044000 0.044000 0.000000 0.000000 0.000000 -35523.167961 111.431280
300.000000 0.046000 0.046000 0.046000 0.000000 0.000000 0.000000 -35567.216053 145.971303
300.000000 0.048000 0.048000 0.048000 0.000000 0.000000 0.000000 -35522.975959 121.914121
300.000000 0.050000 0.050000 0.050000 0.000000 0.000000 0.000000 -35531.152163 152.539540
300.000000 0.052000 0.052000 0.052000 0.000000 0.000000 0.000000 -35486.759351 87.194396
300.000000 0.054000 0.054000 0.054000 0.000000 0.000000 0.000000 -35478.825637 154.671429
300.000000 0.056000 0.056000 0.056000 0.000000 0.000000 0.000000 -35556.396641 67.091074
300.000000 0.058000 0.058000 0.058000 0.000000 0.000000 0.000000 -35591.885856 84.386366
300.000000 0.060000 0.060000 0.060000 0.000000 0.000000 0.000000 -35575.570336 93.800714
300.000000 0.062000 0.062000 0.062000 0.000000 0.000000 0.000000 -35509.260560 96.279013
300.000000 0.064000 0.064000 0.064000 0.000000 0.000000 0.000000 -35647.207898 124.914639
300.000000 0.066000 0.066000 0.066000 0.000000 0.000000 0.000000 -35543.598579 90.947745
300.000000 0.068000 0.068000 0.068000 0.000000 0.000000 0.000000 -35631.533182 64.310541
300.000000 0.070000 0.070000 0.070000 0.000000 0.000000 0.000000 -35677.931357 119.785736
300.000000 0.072000 0.072000 0.072000 0.000000 0.000000 0.000000 -35597.114146 64.969176
300.000000 0.074000 0.074000 0.074000 0.000000 0.000000 0.000000 -35563.877006 92.559200
300.000000 0.076000 0.076000 0.076000 0.000000 0.000000 0.000000 -35499.592654 73.668965
300.000000 0.078000 0.078000 0.078000 0.000000 0.000000 0.000000 -35603.359934 91.215389
300.000000 0.080000 0.080000 0.080000 0.000000 0.000000 0.000000 -35546.352287 64.439023
300.000000 0.082000 0.082000 0.082000 0.000000 0.000000 0.000000 -35642.371842 70.131326
300.000000 0.084000 0.084000 0.084000 0.000000 0.000000 0.000000 -35595.642208 61.342106
300.000000 0.086000 0.086000 0.086000 0.000000 0.000000 0.000000 -35536.793043 98.535260
300.000000 0.088000 0.088000 0.088000 0.000000 0.000000 0.000000 -35609.641374 70.433092
300.000000 0.090000 0.090000 0.090000 0.000000 0.000000 0.000000 -35602.210165 74.239327
300.000000 0.092000 0.092000 0.092000 0.000000 0.000000 0.000000 -35622.334930 133.312093
300.000000 0.094000 0.094000 0.094000 0.000000 0.000000 0.000000 -35574.618966 67.110791
300.000000 0.096000 0.096000 0.096000 0.000000 0.000000 0.000000 -35405.896183 75.103209
300.000000 0.098000 0.098000 0.098000 0.000000 0.000000 0.000000 -35416.942400 71.712581
300.000000 0.100000 0.100000 0.100000 0.000000 0.000000 0.000000 -35432.030319 112.101949
300.000000 0.102000 0.102000 0.102000 0.000000 0.000000 0.000000 -35452.288425 66.972315
300.000000 0.104000 0.104000 0.104000 0.000000 0.000000 0.000000 -35421.671168 84.569874
300.000000 0.106000 0.106000 0.106000 0.000000 0.000000 0.000000 -35405.058565 71.788607
300.000000 0.108000 0.108000 0.108000 0.000000 0.000000 0.000000 -35686.001992 89.295630
300.000000 0.110000 0.110000 0.110000 0.000000 0.000000 0.000000 -35481.784145 71.915618
300.000000 0.112000 0.112000 0.112000 0.000000 0.000000 0.000000 -35541.401616 65.029184
300.000000 0.114000 0.114000 0.114000 0.000000 0.000000 0.000000 -35561.697151 82.880399
300.000000 0.116000 0.116000 0.116000 0.000000 0.000000 0.000000 -35459.035951 99.802112
300.000000 0.118000 0.118000 0.118000 0.000000 0.000000 0.000000 -35555.767041 88.508213
300.000000 0.120000 0.120000 0.120000 0.000000 0.000000 0.000000 -35571.792880 83.467545
300.000000 0.122000 0.122000 0.122000 0.000000 0.000000 0.000000 -35495.893199 57.764564
300.000000 0.124000 0.124000 0.124000 0.000000 0.000000 0.000000 -35638.544393 71.640234
300.000000 0.126000 0.126000 0.126000 0.000000 0.000000 0.000000 -35550.677433 78.552826
300.000000 0.128000 0.128000 0.128000 0.000000 0.000000 0.000000 -35502.932229 55.175253
300.000000 0.130000 0.130000 0.130000 0.000000 0.000000 0.000000 -35552.206735 77.445705
300.000000 0.132000 0.132000 0.132000 0.000000 0.000000 0.000000 -35557.671911 63.370999
300.000000 0.134000 0.134000 0.134000 0.000000 0.000000 0.000000 -35671.315100 54.245652
300.000000 0.136000 0.136000 0.136000 0.000000 0.000000 0.000000 -35475.108388 64.991674
300.000000 0.138000 0.138000 0.138000 0.000000 0.000000 0.000000 -35446.150808 66.964621
300.000000 0.140000 0.140000 0.140000 0.000000 0.000000 0.000000 -35533.148866 42.354895
300.000000 0.142000 0.142000 0.142000 0.000000 0.000000 0.000000 -35657.230230 62.634364
300.000000 0.144000 0.144000 0.144000 0.000000 0.000000 0.000000 -35647.810854 46.991089
300.000000 0.146000 0.146000 0.146000 0.000000 0.000000 0.000000 -35651.738841 68.847448
300.000000 0.148000 0.148000 0.148000 0.000000 0.000000 0.000000 -35590.363633 38.776303
300.000000 0.150000 0.150000 0.150000 0.000000 0.000000 0.000000 -35513.156692 40.726926
300.000000 0.152000 0.152000 0.152000 0.000000 0.000000 0.000000 -35565.925461 49.640535
300.000000 0.154000 0.154000 0.154000 0.000000 0.000000 0.000000 -35578.839974 39.376246
300.000000 0.156000 0.156000 0.156000 0.000000 0.000000 0.000000 -35637.630759 45.212413
300.000000 0.158000 0.158000 0.158000 0.000000 0.000000 0.000000 -35628.780712 51.189391
300.000000 0.160000 0.160000 0.160000 0.000000 0.000000 0.000000 -35540.511010 43.505145
300.000000 0.162000 0.162000 0.162000 0.000000 0.000000 0.000000 -35614.781302 41.929432
300.000000 0.164000 0.164000 0.164000 0.000000 0.000000 0.000000 -35478.829049 53.066930
300.000000 0.166000 0.166000 0.166000 0.000000 0.000000 0.000000 -35510.166017 54.281873
300.000000 0.168000 0.168000 0.168000 0.000000 0.000000 0.000000 -35548.023093 36.442052
300.000000 0.170000 0.170000 0.170000 0.000000 0.000000 0.000000 -35422.990981 43.809306
300.000000 0.172000 0.172000 0.172000 0.000000 0.000000 0.000000 -35459.535722 53.564622
300.000000 0.174000 0.174000 0.174000 0.000000 0.000000 0.000000 -35608.848921 30.589157
300.000000 0.176000 0.176000 0.176000 0.000000 0.000000 0.000000 -35563.193280 38.745943
300.000000 0.178000 0.178000 0.178000 0.000000 0.000000 0.000000 -35684.419592 31.021890
300.000000 0.180000 0.180000 0.180000 0.000000 0.000000 0.000000 -35629.986738 33.898063
300.000000 0.182000 0.182000 0.182000 0.000000 0.000000 0.000000 -35622.541631 78.924355
300.000000 0.184000 0.184000 0.184000 0.000000 0.000000 0.000000 -35519.704413 47.201234
300.000000 0.186000 0.186000 0.186000 0.000000 0.000000 0.000000 -35618.918642 29.305679
300.000000 0.188000 0.188000 0.188000 0.000000 0.000000 0.000000 -35468.466449 38.988061
300.000000 0.190000 0.190000 0.190000 0.000000 0.000000 0.000000 -35496.578547 40.234228
300.000000 0.192000 0.192000 0.192000 0.000000 0.000000 0.000000 -35496.559757 26.632116
300.000000 0.194000 0.194000 0.194000 0.000000 0.000000 0.000000 -35617.103737 25.244211
300.000000 0.196000 0.196000 0.196000 0.000000 0.000000 0.000000 -35591.495589 24.837307
300.000000 0.198000 0.198000 0.198000 0.000000 0.000000 0.000000 -35551.758898 17.100299
300.000000 0.200000 0.200000 0.200000 0.000000 0.000000 0.000000 -35589.084287 49.116459
300.000000 0.202000 0.202000 0.202000 0.000000 0.000000 0.000000 -35564.406125 48.154485
300.000000 0.204000 0.204000 0.204000 0.000000 0.000000 0.000000 -35727.213310 53.157582
300.000000 0.206000 0.206000 0.206000 0.000000 0.000000 0.000000 -35592.215991 44.069503
300.000000 0.208000 0.208000 0.208000 0.000000 0.000000 0.000000 -35674.875594 47.456976
300.000000 0.210000 0.210000 0.210000 0.000000 0.000000 0.000000 -35611.000107 53.114882
300.000000 0.212000 0.212000 0.212000 0.000000 0.000000 0.000000 -35509.202387 37.564932
300.000000 0.214000 0.214000 0.214000 0.000000 0.000000 0.000000 -35668.991842 36.715340
300.000000 0.216000 0.216000 0.216000 0.000000 0.000000 0.000000 -35707.408168 21.017870
300.000000 0.218000 0.218000 0.218000 0.000000 0.000000 0.000000 -35630.212711 31.959749
300.000000 0.220000 0.220000 0.220000 0.000000 0.000000 0.000000 -35527.790567 19.295802
300.000000 0.222000 0.222000 0.222000 0.000000 0.000000 0.000000 -35562.882432 68.406762
300.000000 0.224000 0.224000 0.224000 0.000000 0.000000 0.000000 -35432.114870 46.208573
300.000000 0.226000 0.226000 0.226000 0.000000 0.000000 0.000000 -35404.933203 29.377194
300.000000 0.228000 0.228000 0.228000 0.000000 0.000000 0.000000 -35465.988885 52.315248
300.000000 0.230000 0.230000 0.230000 0.000000 0.000000 0.000000 -35477.998611 30.360062
300.000000 0.232000 0.232000 0.232000 0.000000 0.000000 0.000000 -35422.487234 16.969435
300.000000 0.234000 0.234000 0.234000 0.000000 0.000000 0.000000 -35448.038231 45.077832
300.000000 0.236000 0.236000 0.236000 0.000000 0.000000 0.000000 -35503.077116 41.317745
300.000000 0.238000 0.238000 0.238000 0.000000 0.000000 0.000000 -35660.854433 28.564474
300.000000 0.240000 0.240000 0.240000 0.000000 0.000000 0.000000 -35485.978270 17.787421
300.000000 0.242000 0.242000 0.242000 0.000000 0.000000 0.000000 -35504.302870 25.591043
300.000000 0.244000 0.244000 0.244000 0.000000 0.000000 0.000000 -35577.678058 22.513213
300.000000 0.246000 0.246000 0.246000 0.000000 0.000000 0.000000 -35434.326341 26.708712
300.000000 0.248000 0.248000 0.248000 0.000000 0.000000 0.000000 -35426.201816 30.472374
300.000000 0.250000 0.250000 0.250000 0.000000 0.000000 0.000000 -35466.626335 19.694371
300.000000 0.252000 0.252000 0.252000 0.000000 0.000000 0.000000 -35406.714457 26.312164
300.000000 0.254000 0.254000 0.254000 0.000000 0.000000 0.000000 -35419.958190 48.736145
300.000000 0.256000 0.256000 0.256000 0.000000 0.000000 0.000000 -35376.918825 34.156031
300.000000 0.258000 0.258000 0.258000 0.000000 0.000000 0.000000 -35505.859630 28.703930
300.000000 0.260000 0.260000 0.260000 0.000000 0.000000 0.000000 -35422.280624 23.846580
300.000000 0.262000 0.262000 0.262000 0.000000 0.000000 0.000000 -35508.314026 34.078306
300.000000 0.264000 0.264000 0.264000 0.000000 0.000000 0.000000 -35397.220085 27.457155
300.000000 0.266000 0.266000 0.266000 0.000000 0.000000 0.000000 -35600.600884 27.204942
300.000000 0.268000 0.268000 0.268000 0.000000 0.000000 0.000000 -35520.730040 26.547225
300.000000 0.270000 0.270000 0.270000 0.000000 0.000000 0.000000 -35621.604704 21.906624
300.000000 0.272000 0.272000 0.272000 0.000000 0.000000 0.000000 -35664.185231 30.077700
300.000000 0.274000 0.274000 0.274000 0.000000 0.000000 0.000000 -35489.576229 16.835025
300.000000 0.276000 0.276000 0.276000 0.000000 0.000000 0.000000 -35471.599147 25.737942
300.000000 0.278000 0.278000 0.278000 0.000000 0.000000 0.000000 -35552.056937 27.088070
300.000000 0.280000 0.280000 0.280000 0.000000 0.000000 0.000000 -35555.517768 15.689719
300.000000 0.282000 0.282000 0.282000 0.000000 0.000000 0.000000 -35617.022618 31.254423
300.000000 0.284000 0.284000 0.284000 0.000000 0.000000 0.000000 -35539.339975 36.051710
300.000000 0.286000 0.286000 0.286000 0.000000 0.000000 0.000000 -35582.091019 40.280180
300.000000 0.288000 0.288000 0.288000 0.000000 0.000000 0.000000 -35633.991402 36.736243
300.000000 0.290000 0.290000 0.290000 0.000000 0.000000 0.000000 -35647.545329 31.555789
300.000000 0.292000 0.292000 0.292000 0.000000 0.000000 0.000000 -35561.962058 31.853818
300.000000 0.294000 0.294000 0.294000 0.000000 0.000000 0.000000 -35573.060292 27.179431
300.000000 0.296000 0.296000 0.296000 0.000000 0.000000 0.000000 -35534.698024 31.009572
300.000000 0.298000 0.298000 0.298000 0.000000 0.000000 0.000000 -35507.310461 19.099079
300.000000 0.300000 0.300000 0.300000 0.000000 0.000000 0.000000 -35513.629759 13.401394
300.000000 0.302000 0.302000 0.302000 0.000000 0.000000 0.000000 -35467.579266 5.229563
300.000000 0.304000 0.304000 0.304000 0.000000 0.000000 0.000000 -35506.642134 2.278034
300.000000 0.306000 0.306000 0.306000 0.000000 0.000000 0.000000 -35630.881366 13.532407
300.000000 0.308000 0.308000 0.308000 0.000000 0.000000 0.000000 -35512.038490 4.934328
300.000000 0.310000 0.310000 0.310000 0.000000 0.000000 0.000000 -35520.579748 12.827463
300.000000 0.312000 0.312000 0.312000 0.000000 0.000000 0.000000 -35648.193882 19.802812
300.000000 0.314000 0.314000 0.314000 0.000000 0.000000 0.000000 -35573.257609 15.067538
300.000000 0.316000 0.316000 0.316000 0.000000 0.000000 0.000000 -35375.917066 12.666437
300.000000 0.318000 0.318000 0.318000 0.000000 0.000000 0.000000 -35419.604947 6.353928
300.000000 0.320000 0.320000 0.320000 0.000000 0.000000 0.000000 -35455.490370 10.001152
300.000000 0.322000 0.322000 0.322000 0.000000 0.000000 0.000000 -35386.122828 21.411383
300.000000 0.324000 0.324000 0.324000 0.000000 0.000000 0.000000 -35416.536192 13.052258
300.000000 0.326000 0.326000 0.326000 0.000000 0.000000 0.000000 -35620.203894 10.088748
300.000000 0.328000 0.328000 0.328000 0.000000 0.000000 0.000000 -35677.289914 12.566460
300.000000 0.330000 0.330000 0.330000 0.000000 0.000000 0.000000 -35547.797424 5.807911
300.000000 0.332000 0.332000 0.332000 0.000000 0.000000 0.000000 -35526.756661 17.344837
300.000000 0.334000 0.334000 0.334000 0.000000 0.000000 0.000000 -35419.826610 16.595070
300.000000 0.336000 0.336000 0.336000 0.000000 0.000000 0.000000 -35580.211729 33.466558
300.000000 0.338000 0.338000 0.338000 0.000000 0.000000 0.000000 -35630.374923 24.562467
300.000000 0.340000 0.340000 0.340000 0.000000 0.000000 0.000000 -35545.582680 4.839077
300.000000 0.342000 0.342000 0.342000 0.000000 0.000000 0.000000 -35515.660668 22.145936
300.000000 0.344000 0.344000 0.344000 0.000000 0.000000 0.000000 -35587.517053 9.524897
300.000000 0.346000 0.346000 0.346000 0.000000 0.000000 0.000000 -35532.880245 24.573949
300.000000 0.348000 0.348000 0.348000 0.000000 0.000000 0.000000 -35549.239446 31.162613
300.000000 0.350000 0.350000 0.350000 0.000000 0.000000 0.000000 -35598.277561 8.818667
300.000000 0.352000 0.352000 0.352000 0.000000 0.000000 0.000000 -35541.823236 -1.296162
300.000000 0.354000 0.354000 0.354000 0.000000 0.000000 0.000000 -35642.819845 10.794873
300.000000 0.356000 0.356000 0.356000 0.000000 0.000000 0.000000 -35615.468028 19.647531
300.000000 0.358000 0.358000 0.358000 0.000000 0.000000 0.000000 -35435.648647 16.092326
300.000000 0.360000 0.360000 0.360000 0.000000 0.000000 0.000000 -35497.411686 12.604742
300.000000 0.362000 0.362000 0.362000 0.000000 0.000000 0.000000 -35619.498702 20.557774
300.000000 0.364000 0.364000 0.364000 0.000000 0.000000 0.000000 -35657.957131 14.913574
300.000000 0.366000 0.366000 0.366000 0.000000 0.000000 0.000000 -35563.497742 11.084075
300.000000 0.368000 0.368000 0.368000 0.000000 0.000000 0.000000 -35620.889841 20.683872
300.000000 0.370000 0.370000 0.370000 0.000000 0.000000 0.000000 -35512.580403 20.395615
300.000000 0.372000 0.372000 0.372000 0.000000 0.000000 0.000000 -35639.248092 7.184423
300.000000 0.374000 0.374000 0.374000 0.000000 0.000000 0.000000 -35565.004035 15.643870
300.000000 0.376000 0.376000 0.376000 0.000000 0.000000 0.000000 -35524.071290 2.912191
300.000000 0.378000 0.378000 0.378000 0.000000 0.000000 0.000000 -35575.995611 9.321295
300.000000 0.380000 0.380000 0.380000 0.000000 0.000000 0.000000 -35550.985770 6.909785
300.000000 0.382000 0.382000 0.382000 0.000000 0.000000 0.000000 -35516.182759 6.132938
300.000000 0.384000 0.384000 0.384000 0.000000 0.000000 0.000000 -35508.496364 13.061787
300.000000 0.386000 0.386000 0.386000 0.000000 0.000000 0.000000 -35557.587352 8.512972
300.000000 0.388000 0.388000 0.388000 0.000000 0.000000 0.000000 -35544.886982 13.811227
300.000000 0.390000 0.390000 0.390000 0.000000 0.000000 0.000000 -35530.942421 21.985491
300.000000 0.392000 0.392000 0.392000 0.000000 0.000000 0.000000 -35526.656865 4.989534
300.000000 0.394000 0.394000 0.394000 0.000000 0.000000 0.000000 -35525.222436 26.514215
300.000000 0.396000 0.396000 0.396000 0.000000 0.000000 0.000000 -35486.582748 15.879632
300.000000 0.398000 0.398000 0.398000 0.000000 0.000000 0.000000 -35677.612197 18.393664
300.000000 0.400000 0.400000 0.400000 0.000000 0.000000 0.000000 -35644.931188 4.258920
300.000000 0.402000 0.402000 0.402000 0.000000 0.000000 0.000000 -35569.282535 19.583801
300.000000 0.404000 0.404000 0.404000 0.000000 0.000000 0.000000 -35543.867342 12.871674
300.000000 0.406000 0.406000 0.406000 0.000000 0.000000 0.000000 -35493.456726 9.116570
300.000000 0.408000 0.408000 0.408000 0.000000 0.000000 0.000000 -35390.674983 6.482609
300.000000 0.410000 0.410000 0.410000 0.000000 0.000000 0.000000 -35429.792433 3.510542
300.000000 0.412000 0.412000 0.412000 0.000000 0.000000 0.000000 -35514.055485 4.564333
300.000000 0.414000 0.414000 0.414000 0.000000 0.000000 0.000000 -35510.864827 4.609887
300.000000 0.416000 0.416000 0.416000 0.000000 0.000000 0.000000 -35502.075479 -9.330165
300.000000 0.418000 0.418000 0.418000 0.000000 0.000000 0.000000 -35425.304297 8.087960
300.000000 0.420000 0.420000 0.420000 0.000000 0.000000 0.000000 -35531.382007 8.931155
300.000000 0.422000 0.422000 0.422000 0.000000 0.000000 0.000000 -35594.917118 0.312070
300.000000 0.424000 0.424000 0.424000 0.000000 0.000000 0.000000 -35579.135312 11.866310
300.000000 0.426000 0.426000 0.426000 0.000000 0.000000 0.000000 -35605.637765 -4.922894
300.000000 0.428000 0.428000 0.428000 0.000000 0.000000 0.000000 -35510.644939 6.550354
300.000000 0.430000 0.430000 0.430000 0.000000 0.000000 0.000000 -35537.360123 11.735782
300.000000 0.432000 0.432000 0.432000 0.000000 0.000000 0.000000 -35472.722282 2.735387
300.000000 0.434000 0.434000 0.434000 0.000000 0.000000 0.000000 -35701.856929 10.260103
300.000000 0.436000 0.436000 0.436000 0.000000 0.000000 0.000000 -35607.670075 1.535404
300.000000 0.438000 0.438000 0.438000 0.000000 0.000000 0.000000 -35708.995592 -1.823863
300.000000 0.440000 0.440000 0.440000 0.000000 0.000000 0.000000 -35563.900937 -4.384789
300.000000 0.442000 0.442000 0.442000 0.000000 0.000000 0.000000 -35582.072901 0.782030
300.000000 0.444000 0.444000 0.444000 0.000000 0.000000 0.000000 -35451.318012 -0.217578
300.000000 0.446000 0.446000 0.446000 0.000000 0.000000 0.000000 -35490.990039 -2.987942
300.000000 0.448000 0.448000 0.448000 0.000000 0.000000 0.000000 -35414.684385 -2.373123
300.000000 0.450000 0.450000 0.450000 0.000000 0.000000 0.000000 -35385.988888 -4.518316
300.000000 0.452000 0.452000 0.452000 0.000000 0.000000 0.000000 -35592.570477 0.603265
300.000000 0.454000 0.454000 0.454000 0.000000 0.000000 0.000000 -35533.763404 -3.871812
300.000000 0.456000 0.456000 0.456000 0.000000 0.000000 0.000000 -35459.199805 -3.020191
300.000000 0.458000 0.458000 0.458000 0.000000 0.000000 0.000000 -35413.646726 8.562777
300.000000 0.460000 0.460000 0.460000 0.000000 0.000000 0.000000 -35364.827531 2.094325
300.000000 0.462000 0.462000 0.462000 0.000000 0.000000 0.000000 -35412.236955 4.915504
300.000000 0.464000 0.464000 0.464000 0.000000 0.000000 0.000000 -35503.288041 1.470689
300.000000 0.466000 0.466000 0.466000 0.000000 0.000000 0.000000 -35526.000412 -4.791331
300.000000 0.468000 0.468000 0.468000 0.000000 0.000000 0.000000 -35492.080772 -2.991354
300.000000 0.470000 0.470000 0.470000 0.000000 0.000000 0.000000 -35435.143345 -11.233268
300.000000 0.472000 0.472000 0.472000 0.000000 0.000000 0.000000 -35593.074289 -0.066586
300.000000 0.474000 0.474000 0.474000 0.000000 0.000000 0.000000 -35580.630844 -4.024527
300.000000 0.476000 0.476000 0.476000 0.000000 0.000000 0.000000 -35566.364500 -3.320608
300.000000 0.478000 0.478000 0.478000 0.000000 0.000000 0.000000 -35633.298065 -2.621708
300.000000 0.480000 0.480000 0.480000 0.000000 0.000000 0.000000 -35689.055674 2.806332
300.000000 0.482000 0.482000 0.482000 0.000000 0.000000 0.000000 -35588.850938 3.273133
300.000000 0.484000 0.484000 0.484000 0.000000 0.000000 0.000000 -35691.598769 -4.031248
300.000000 0.486000 0.486000 0.486000 0.000000 0.000000 0.000000 -35738.635339 3.217661
300.000000 0.488000 0.488000 0.488000 0.000000 0.000000 0.000000 -35639.186856 -5.844074
300.000000 0.490000 0.490000 0.490000 0.000000 0.000000 0.000000 -35489.318785 10.072538
300.000000 0.492000 0.492000 0.492000 0.000000 0.000000 0.000000 -35448.781511 -1.873891
300.000000 0.494000 0.494000 0.494000 0.000000 0.000000 0.000000 -35604.075064 -10.578833
300.000000 0.496000 0.496000 0.496000 0.000000 0.000000 0.000000 -35507.357176 4.935072
300.000000 0.498000 0.498000 0.498000 0.000000 0.000000 0.000000 -35551.513937 5.705023
