300.000000 0.000000 0.000000 0.000000 0.000000 0.000000 0.000000 -37264.597337 848.496584
300.000000 0.002000 0.002000 0.002000 0.000000 0.000000 0.000000 -37356.531404 870.723771
300.000000 0.004000 0.004000 0.004000 0.000000 0.000000 0.000000 -37186.091178 869.078209
300.000000 0.006000 0.006000 0.006000 0.000000 0.000000 0.000000 -37191.396176 796.225070
300.000000 0.008000 0.008000 0.008000 0.000000 0.000000 0.000000 -37301.932256 911.264703
300.000000 0.010000 0.010000 0.010000 0.000000 0.000000 0.000000 -37306.325677 868.862437
300.000000 0.012000 0.012000 0.012000 0.000000 0.000000 0.000000 -37134.491004 921.013254
300.000000 0.014000 0.014000 0.014000 0.000000 0.000000 0.000000 -37376.241544 934.786596
300.000000 0.016000 0.016000 0.016000 0.000000 0.000000 0.000000 -37197.724610 901.059870
300.000000 0.018000 0.018000 0.018000 0.000000 0.000000 0.000000 -37200.287745 928.241160
300.000000 0.020000 0.020000 0.020000 0.000000 0.000000 0.000000 -37187.353319 920.481917
300.000000 0.022000 0.022000 0.022000 0.000000 0.000000 0.000000 -37240.349345 880.412948
300.000000 0.024000 0.024000 0.024000 0.000000 0.000000 0.000000 -37194.344654 954.148292
300.000000 0.026000 0.026000 0.026000 0.000000 0.000000 0.000000 -37242.414427 918.012331
300.000000 0.028000 0.028000 0.028000 0.000000 0.000000 0.000000 -37270.432156 898.486873
300.000000 0.030000 0.030000 0.030000 0.000000 0.000000 0.000000 -37234.178200 781.251724
300.000000 0.032000 0.032000 0.032000 0.000000 0.000000 0.000000 -37173.280940 775.821624
300.000000 0.034000 0.034000 0.034000 0.000000 0.000000 0.000000 -37259.534794 754.666244
300.000000 0.036000 0.036000 0.036000 0.000000 0.000000 0.000000 -37219.162047 736.590748
300.000000 0.038000 0.038000 0.038000 0.000000 0.000000 0.000000 -37245.832216 707.065061
300.000000 0.040000 0.040000 0.040000 0.000000 0.000000 0.000000 -37201.646265 746.144768
300.000000 0.042000 0.042000 0.042000 0.000000 0.000000 0.000000 -37278.091895 948.938681
300.000000 0.044000 0.044000 0.044000 0.000000 0.000000 0.000000 -37306.953932 862.175035
300.000000 0.046000 0.046000 0.046000 0.000000 0.000000 0.000000 -37302.787347 759.590792
300.000000 0.048000 0.048000 0.048000 0.000000 0.000000 0.000000 -37110.523038 755.017670
300.000000 0.050000 0.050000 0.050000 0.000000 0.000000 0.000000 -37298.095995 730.099751
300.000000 0.052000 0.052000 0.052000 0.000000 0.000000 0.000000 -37163.931125 764.262965
300.000000 0.054000 0.054000 0.054000 0.000000 0.000000 0.000000 -37217.179177 700.269950
300.000000 0.056000 0.056000 0.056000 0.000000 0.000000 0.000000 -37209.536786 697.990439
300.000000 0.058000 0.058000 0.058000 0.000000 0.000000 0.000000 -37224.417472 726.114862
300.000000 0.060000 0.060000 0.060000 0.000000 0.000000 0.000000 -37293.858446 772.955766
300.000000 0.062000 0.062000 0.062000 0.000000 0.000000 0.000000 -37327.751949 748.497537
300.000000 0.064000 0.064000 0.064000 0.000000 0.000000 0.000000 -37281.149306 729.834577
300.000000 0.066000 0.066000 0.066000 0.000000 0.000000 0.000000 -37322.665075 728.511106
300.000000 0.068000 0.068000 0.068000 0.000000 0.000000 0.000000 -37372.485387 725.487645
300.000000 0.070000 0.070000 0.070000 0.000000 0.000000 0.000000 -37308.318270 716.513389
300.000000 0.072000 0.072000 0.072000 0.000000 0.000000 0.000000 -37288.924390 637.109310
300.000000 0.074000 0.074000 0.074000 0.000000 0.000000 0.000000 -37297.626429 634.173018
300.000000 0.076000 0.076000 0.076000 0.000000 0.000000 0.000000 -37204.376954 207.929441
300.000000 0.078000 0.078000 0.078000 0.000000 0.000000 0.000000 -37265.522552 221.044935
300.000000 0.080000 0.080000 0.080000 0.000000 0.000000 0.000000 -37290.042375 143.435786
300.000000 0.082000 0.082000 0.082000 0.000000 0.000000 0.000000 -37275.625325 109.712248
300.000000 0.084000 0.084000 0.084000 0.000000 0.000000 0.000000 -37195.722916 110.594336
300.000000 0.086000 0.086000 0.086000 0.000000 0.000000 0.000000 -37294.606175 118.505968
300.000000 0.088000 0.088000 0.088000 0.000000 0.000000 0.000000 -37374.217838 156.636349
300.000000 0.090000 0.090000 0.090000 0.000000 0.000000 0.000000 -37381.492660 128.118079
300.000000 0.092000 0.092000 0.092000 0.000000 0.000000 0.000000 -37292.601204 96.355886
300.000000 0.094000 0.094000 0.094000 0.000000 0.000000 0.000000 -37414.681190 86.713745
300.000000 0.096000 0.096000 0.096000 0.000000 0.000000 0.000000 -37363.719387 105.577515
300.000000 0.098000 0.098000 0.098000 0.000000 0.000000 0.000000 -37340.820388 87.493270
300.000000 0.100000 0.100000 0.100000 0.000000 0.000000 0.000000 -37376.840116 144.389995
300.000000 0.102000 0.102000 0.102000 0.000000 0.000000 0.000000 -37407.130215 100.603843
300.000000 0.104000 0.104000 0.104000 0.000000 0.000000 0.000000 -37265.835021 98.427000
300.000000 0.106000 0.106000 0.106000 0.000000 0.000000 0.000000 -37156.657687 113.704724
300.000000 0.108000 0.108000 0.108000 0.000000 0.000000 0.000000 -37189.120293 130.030560
300.000000 0.110000 0.110000 0.110000 0.000000 0.000000 0.000000 -37324.946466 88.731981
300.000000 0.112000 0.112000 0.112000 0.000000 0.000000 0.000000 -37326.419395 127.832203
300.000000 0.114000 0.114000 0.114000 0.000000 0.000000 0.000000 -37413.277411 106.720127
300.000000 0.116000 0.116000 0.116000 0.000000 0.000000 0.000000 -37411.694411 126.603400
300.000000 0.118000 0.118000 0.118000 0.000000 0.000000 0.000000 -37349.266272 125.046044
300.000000 0.120000 0.120000 0.120000 0.000000 0.000000 0.000000 -37420.783003 81.420314
300.000000 0.122000 0.122000 0.122000 0.000000 0.000000 0.000000 -37380.473613 97.359105
300.000000 0.124000 0.124000 0.124000 0.000000 0.000000 0.000000 -37302.534018 104.719156
300.000000 0.126000 0.126000 0.126000 0.000000 0.000000 0.000000 -37319.296309 89.440843
300.000000 0.128000 0.128000 0.128000 0.000000 0.000000 0.000000 -37115.143400 72.568017
300.000000 0.130000 0.130000 0.130000 0.000000 0.000000 0.000000 -37162.271185 99.126567
300.000000 0.132000 0.132000 0.132000 0.000000 0.000000 0.000000 -37225.735347 68.662681
300.000000 0.134000 0.134000 0.134000 0.000000 0.000000 0.000000 -37198.714251 86.062237
300.000000 0.136000 0.136000 0.136000 0.000000 0.000000 0.000000 -37205.818518 103.685900
300.000000 0.138000 0.138000 0.138000 0.000000 0.000000 0.000000 -37198.647872 98.587965
300.000000 0.140000 0.140000 0.140000 0.000000 0.000000 0.000000 -37276.522151 78.646338
300.000000 0.142000 0.142000 0.142000 0.000000 0.000000 0.000000 -37218.418228 74.358928
300.000000 0.144000 0.144000 0.144000 0.000000 0.000000 0.000000 -37240.838068 69.372791
300.000000 0.146000 0.146000 0.146000 0.000000 0.000000 0.000000 -37256.590655 80.654615
300.000000 0.148000 0.148000 0.148000 0.000000 0.000000 0.000000 -37207.532916 81.583196
300.000000 0.150000 0.150000 0.150000 0.000000 0.000000 0.000000 -37194.821333 75.786299
300.000000 0.152000 0.152000 0.152000 0.000000 0.000000 0.000000 -37139.506886 92.085831
300.000000 0.154000 0.154000 0.154000 0.000000 0.000000 0.000000 -37180.281137 94.868479
300.000000 0.156000 0.156000 0.156000 0.000000 0.000000 0.000000 -37235.504844 88.954111
300.000000 0.158000 0.158000 0.158000 0.000000 0.000000 0.000000 -37195.303450 80.213282
300.000000 0.160000 0.160000 0.160000 0.000000 0.000000 0.000000 -37231.904844 107.583449
300.000000 0.162000 0.162000 0.162000 0.000000 0.000000 0.000000 -37352.461536 58.362588
300.000000 0.164000 0.164000 0.164000 0.000000 0.000000 0.000000 -37318.578445 61.614126
300.000000 0.166000 0.166000 0.166000 0.000000 0.000000 0.000000 -37364.032581 59.777210
300.000000 0.168000 0.168000 0.168000 0.000000 0.000000 0.000000 -37416.534789 73.456977
300.000000 0.170000 0.170000 0.170000 0.000000 0.000000 0.000000 -37363.527915 95.713331
300.000000 0.172000 0.172000 0.172000 0.000000 0.000000 0.000000 -37274.494209 87.232014
300.000000 0.174000 0.174000 0.174000 0.000000 0.000000 0.000000 -37267.512843 73.487259
300.000000 0.176000 0.176000 0.176000 0.000000 0.000000 0.000000 -37205.378210 82.294144
300.000000 0.178000 0.178000 0.178000 0.000000 0.000000 0.000000 -37225.710741 67.977752
300.000000 0.180000 0.180000 0.180000 0.000000 0.000000 0.000000 -37171.218128 35.356387
300.000000 0.182000 0.182000 0.182000 0.000000 0.000000 0.000000 -37273.834917 30.284899
300.000000 0.184000 0.184000 0.184000 0.000000 0.000000 0.000000 -37210.350958 52.360607
300.000000 0.186000 0.186000 0.186000 0.000000 0.000000 0.000000 -37300.481787 49.298025
300.000000 0.188000 0.188000 0.188000 0.000000 0.000000 0.000000 -37240.534590 45.209194
300.000000 0.190000 0.190000 0.190000 0.000000 0.000000 0.000000 -37366.497225 45.158080
300.000000 0.192000 0.192000 0.192000 0.000000 0.000000 0.000000 -37411.652459 37.088181
300.000000 0.194000 0.194000 0.194000 0.000000 0.000000 0.000000 -37481.312601 36.945633
300.000000 0.196000 0.196000 0.196000 0.000000 0.000000 0.000000 -37310.618753 18.463969
300.000000 0.198000 0.198000 0.198000 0.000000 0.000000 0.000000 -37185.003481 31.314367
300.000000 0.200000 0.200000 0.200000 0.000000 0.000000 0.000000 -37315.224089 12.974365
300.000000 0.202000 0.202000 0.202000 0.000000 0.000000 0.000000 -37421.426638 37.218614
300.000000 0.204000 0.204000 0.204000 0.000000 0.000000 0.000000 -37346.057326 42.056241
300.000000 0.206000 0.206000 0.206000 0.000000 0.000000 0.000000 -37505.107944 19.749746
300.000000 0.208000 0.208000 0.208000 0.000000 0.000000 0.000000 -37307.490306 32.306873
300.000000 0.210000 0.210000 0.210000 0.000000 0.000000 0.000000 -37408.321405 37.634802
300.000000 0.212000 0.212000 0.212000 0.000000 0.000000 0.000000 -37371.925312 22.799910
300.000000 0.214000 0.214000 0.214000 0.000000 0.000000 0.000000 -37311.441061 41.278048
300.000000 0.216000 0.216000 0.216000 0.000000 0.000000 0.000000 -37269.864754 33.812488
300.000000 0.218000 0.218000 0.218000 0.000000 0.000000 0.000000 -37414.893139 36.763734
300.000000 0.220000 0.220000 0.220000 0.000000 0.000000 0.000000 -37309.776616 34.488978
300.000000 0.222000 0.222000 0.222000 0.000000 0.000000 0.000000 -37459.114702 31.930898
300.000000 0.224000 0.224000 0.224000 0.000000 0.000000 0.000000 -37339.381588 27.205723
300.000000 0.226000 0.226000 0.226000 0.000000 0.000000 0.000000 -37302.611028 19.950087
300.000000 0.228000 0.228000 0.228000 0.000000 0.000000 0.000000 -37148.309083 23.092220
300.000000 0.230000 0.230000 0.230000 0.000000 0.000000 0.000000 -37132.433840 34.873941
300.000000 0.232000 0.232000 0.232000 0.000000 0.000000 0.000000 -37286.051307 33.788995
300.000000 0.234000 0.234000 0.234000 0.000000 0.000000 0.000000 -37153.892762 23.996942
300.000000 0.236000 0.236000 0.236000 0.000000 0.000000 0.000000 -37336.221315 16.831737
300.000000 0.238000 0.238000 0.238000 0.000000 0.000000 0.000000 -37284.785693 39.942113
300.000000 0.240000 0.240000 0.240000 0.000000 0.000000 0.000000 -37325.525187 23.211519
300.000000 0.242000 0.242000 0.242000 0.000000 0.000000 0.000000 -37199.919401 31.191919
300.000000 0.244000 0.244000 0.244000 0.000000 0.000000 0.000000 -37250.182940 25.217999
300.000000 0.246000 0.246000 0.246000 0.000000 0.000000 0.000000 -37140.700203 24.912153
300.000000 0.248000 0.248000 0.248000 0.000000 0.000000 0.000000 -37120.134883 26.203335
300.000000 0.250000 0.250000 0.250000 0.000000 0.000000 0.000000 -37325.303082 34.163559
300.000000 0.252000 0.252000 0.252000 0.000000 0.000000 0.000000 -37356.244409 19.544067
300.000000 0.254000 0.254000 0.254000 0.000000 0.000000 0.000000 -37215.930601 19.203585
300.000000 0.256000 0.256000 0.256000 0.000000 0.000000 0.000000 -37208.409343 12.099844
300.000000 0.258000 0.258000 0.258000 0.000000 0.000000 0.000000 -37245.919366 24.346940
300.000000 0.260000 0.260000 0.260000 0.000000 0.000000 0.000000 -37242.320202 36.078896
300.000000 0.262000 0.262000 0.262000 0.000000 0.000000 0.000000 -37268.377035 30.882639
300.000000 0.264000 0.264000 0.264000 0.000000 0.000000 0.000000 -37281.303948 14.883715
300.000000 0.266000 0.266000 0.266000 0.000000 0.000000 0.000000 -37223.959693 28.284280
300.000000 0.268000 0.268000 0.268000 0.000000 0.000000 0.000000 -37200.819388 27.977576
300.000000 0.270000 0.270000 0.270000 0.000000 0.000000 0.000000 -37228.044916 19.626787
300.000000 0.272000 0.272000 0.272000 0.000000 0.000000 0.000000 -37201.844072 17.163358
300.000000 0.274000 0.274000 0.274000 0.000000 0.000000 0.000000 -37310.708026 23.410020
300.000000 0.276000 0.276000 0.276000 0.000000 0.000000 0.000000 -37364.388539 11.515908
300.000000 0.278000 0.278000 0.278000 0.000000 0.000000 0.000000 -37228.833372 28.748468
300.000000 0.280000 0.280000 0.280000 0.000000 0.000000 0.000000 -37218.308268 20.228121
300.000000 0.282000 0.282000 0.282000 0.000000 0.000000 0.000000 -37301.793475 31.651297
300.000000 0.284000 0.284000 0.284000 0.000000 0.000000 0.000000 -37301.497795 14.238664
300.000000 0.286000 0.286000 0.286000 0.000000 0.000000 0.000000 -37313.903634 16.649408
300.000000 0.288000 0.288000 0.288000 0.000000 0.000000 0.000000 -37231.869428 17.848674
300.000000 0.290000 0.290000 0.290000 0.000000 0.000000 0.000000 -37213.110885 17.129650
300.000000 0.292000 0.292000 0.292000 0.000000 0.000000 0.000000 -37214.114343 17.417992
300.000000 0.294000 0.294000 0.294000 0.000000 0.000000 0.000000 -37141.008180 16.577597
300.000000 0.296000 0.296000 0.296000 0.000000 0.000000 0.000000 -37208.291447 25.625472
300.000000 0.298000 0.298000 0.298000 0.000000 0.000000 0.000000 -37404.907824 21.238647
300.000000 0.300000 0.300000 0.300000 0.000000 0.000000 0.000000 -37241.984865 13.115691
300.000000 0.302000 0.302000 0.302000 0.000000 0.000000 0.000000 -37211.658594 34.952105
300.000000 0.304000 0.304000 0.304000 0.000000 0.000000 0.000000 -37255.585702 15.107717
300.000000 0.306000 0.306000 0.306000 0.000000 0.000000 0.000000 -37333.466713 24.291247
300.000000 0.308000 0.308000 0.308000 0.000000 0.000000 0.000000 -37398.903924 22.604720
300.000000 0.310000 0.310000 0.310000 0.000000 0.000000 0.000000 -37311.328575 14.057131
300.000000 0.312000 0.312000 0.312000 0.000000 0.000000 0.000000 -37331.772390 21.575263
300.000000 0.314000 0.314000 0.314000 0.000000 0.000000 0.000000 -37352.146024 9.462424
300.000000 0.316000 0.316000 0.316000 0.000000 0.000000 0.000000 -37198.129602 14.333895
300.000000 0.318000 0.318000 0.318000 0.000000 0.000000 0.000000 -37139.559520 11.360378
300.000000 0.320000 0.320000 0.320000 0.000000 0.000000 0.000000 -37082.630313 19.591441
300.000000 0.322000 0.322000 0.322000 0.000000 0.000000 0.000000 -37253.527089 11.730892
300.000000 0.324000 0.324000 0.324000 0.000000 0.000000 0.000000 -37271.216479 22.421953
300.000000 0.326000 0.326000 0.326000 0.000000 0.000000 0.000000 -37213.184514 12.892529
300.000000 0.328000 0.328000 0.328000 0.000000 0.000000 0.000000 -37211.391623 19.229956
300.000000 0.330000 0.330000 0.330000 0.000000 0.000000 0.000000 -37162.163797 27.142700
300.000000 0.332000 0.332000 0.332000 0.000000 0.000000 0.000000 -37203.081771 22.644808
300.000000 0.334000 0.334000 0.334000 0.000000 0.000000 0.000000 -37263.887084 27.587162
300.000000 0.336000 0.336000 0.336000 0.000000 0.000000 0.000000 -37100.966921 26.045546
300.000000 0.338000 0.338000 0.338000 0.000000 0.000000 0.000000 -37227.730980 22.211197
300.000000 0.340000 0.340000 0.340000 0.000000 0.000000 0.000000 -37252.256685 27.568695
300.000000 0.342000 0.342000 0.342000 0.000000 0.000000 0.000000 -37237.730971 16.102670
300.000000 0.344000 0.344000 0.344000 0.000000 0.000000 0.000000 -37161.694925 11.667145
300.000000 0.346000 0.346000 0.346000 0.000000 0.000000 0.000000 -37187.722473 12.538062
300.000000 0.348000 0.348000 0.348000 0.000000 0.000000 0.000000 -37308.982141 29.251809
300.000000 0.350000 0.350000 0.350000 0.000000 0.000000 0.000000 -37351.721555 18.300690
300.000000 0.352000 0.352000 0.352000 0.000000 0.000000 0.000000 -37263.208363 15.199649
300.000000 0.354000 0.354000 0.354000 0.000000 0.000000 0.000000 -37192.179546 6.607958
300.000000 0.356000 0.356000 0.356000 0.000000 0.000000 0.000000 -37216.517713 7.640468
300.000000 0.358000 0.358000 0.358000 0.000000 0.000000 0.000000 -37267.023493 8.538824
300.000000 0.360000 0.360000 0.360000 0.000000 0.000000 0.000000 -37217.210842 3.273894
300.000000 0.362000 0.362000 0.362000 0.000000 0.000000 0.000000 -37278.979541 5.802700
300.000000 0.364000 0.364000 0.364000 0.000000 0.000000 0.000000 -37392.919653 17.562245
300.000000 0.366000 0.366000 0.366000 0.000000 0.000000 0.000000 -37472.250061 26.600786
300.000000 0.368000 0.368000 0.368000 0.000000 0.000000 0.000000 -37397.184324 18.265259
300.000000 0.370000 0.370000 0.370000 0.000000 0.000000 0.000000 -37357.245515 -1.518589
300.000000 0.372000 0.372000 0.372000 0.000000 0.000000 0.000000 -37258.426213 18.559788
300.000000 0.374000 0.374000 0.374000 0.000000 0.000000 0.000000 -37396.176091 14.192341
300.000000 0.376000 0.376000 0.376000 0.000000 0.000000 0.000000 -37257.662113 15.264151
300.000000 0.378000 0.378000 0.378000 0.000000 0.000000 0.000000 -37357.493425 9.821053
300.000000 0.380000 0.380000 0.380000 0.000000 0.000000 0.000000 -37338.388344 31.778946
300.000000 0.382000 0.382000 0.382000 0.000000 0.000000 0.000000 -37401.320149 8.923933
300.000000 0.384000 0.384000 0.384000 0.000000 0.000000 0.000000 -37335.261840 10.451641
300.000000 0.386000 0.386000 0.386000 0.000000 0.000000 0.000000 -37335.415289 7.218770
300.000000 0.388000 0.388000 0.388000 0.000000 0.000000 0.000000 -37227.530716 6.429698
300.000000 0.390000 0.390000 0.390000 0.000000 0.000000 0.000000 -37385.648251 2.856491
300.000000 0.392000 0.392000 0.392000 0.000000 0.000000 0.000000 -37307.901911 5.425630
300.000000 0.394000 0.394000 0.394000 0.000000 0.000000 0.000000 -37381.379843 9.272684
300.000000 0.396000 0.396000 0.396000 0.000000 0.000000 0.000000 -37345.006422 14.354869
300.000000 0.398000 0.398000 0.398000 0.000000 0.000000 0.000000 -37306.438919 11.096855
300.000000 0.400000 0.400000 0.400000 0.000000 0.000000 0.000000 -37091.003222 2.748988
300.000000 0.402000 0.402000 0.402000 0.000000 0.000000 0.000000 -37183.191761 3.895727
300.000000 0.404000 0.404000 0.404000 0.000000 0.000000 0.000000 -37193.540163 8.281326
300.000000 0.406000 0.406000 0.406000 0.000000 0.000000 0.000000 -37180.673252 1.382430
300.000000 0.408000 0.408000 0.408000 0.000000 0.000000 0.000000 -37227.834132 11.541725
300.000000 0.410000 0.410000 0.410000 0.000000 0.000000 0.000000 -37311.206277 7.753575
300.000000 0.412000 0.412000 0.412000 0.000000 0.000000 0.000000 -37306.737302 4.495737
300.000000 0.414000 0.414000 0.414000 0.000000 0.000000 0.000000 -37347.194230 15.298671
300.000000 0.416000 0.416000 0.416000 0.000000 0.000000 0.000000 -37360.809098 14.517534
300.000000 0.418000 0.418000 0.418000 0.000000 0.000000 0.000000 -37341.018652 2.626547
300.000000 0.420000 0.420000 0.420000 0.000000 0.000000 0.000000 -37356.660450 20.094397
300.000000 0.422000 0.422000 0.422000 0.000000 0.000000 0.000000 -37218.438879 17.809424
300.000000 0.424000 0.424000 0.424000 0.000000 0.000000 0.000000 -37184.611796 -5.240825
300.000000 0.426000 0.426000 0.426000 0.000000 0.000000 0.000000 -37160.276745 13.021495
300.000000 0.428000 0.428000 0.428000 0.000000 0.000000 0.000000 -37294.935553 3.866632
300.000000 0.430000 0.430000 0.430000 0.000000 0.000000 0.000000 -37225.893554 3.653581
300.000000 0.432000 0.432000 0.432000 0.000000 0.000000 0.000000 -37140.696938 2.715559
300.000000 0.434000 0.434000 0.434000 0.000000 0.000000 0.000000 -37275.768049 -2.207650
300.000000 0.436000 0.436000 0.436000 0.000000 0.000000 0.000000 -37221.962788 8.402459
300.000000 0.438000 0.438000 0.438000 0.000000 0.000000 0.000000 -37270.690095 9.523638
300.000000 0.440000 0.440000 0.440000 0.000000 0.000000 0.000000 -37158.623264 6.065245
300.000000 0.442000 0.442000 0.442000 0.000000 0.000000 0.000000 -37379.593599 17.815620
300.000000 0.444000 0.444000 0.444000 0.000000 0.000000 0.000000 -37318.187208 1.317803
300.000000 0.446000 0.446000 0.446000 0.000000 0.000000 0.000000 -37218.753188 3.699557
300.000000 0.448000 0.448000 0.448000 0.000000 0.000000 0.000000 -37329.737159 -1.208372
300.000000 0.450000 0.450000 0.450000 0.000000 0.000000 0.000000 -37355.111442 1.539408
300.000000 0.452000 0.452000 0.452000 0.000000 0.000000 0.000000 -37156.348556 5.749571
300.000000 0.454000 0.454000 0.454000 0.000000 0.000000 0.000000 -37331.327355 -0.659037
300.000000 0.456000 0.456000 0.456000 0.000000 0.000000 0.000000 -37243.080729 -5.925584
300.000000 0.458000 0.458000 0.458000 0.000000 0.000000 0.000000 -37252.201556 -6.469836
300.000000 0.460000 0.460000 0.460000 0.000000 0.000000 0.000000 -37359.269587 3.215608
300.000000 0.462000 0.462000 0.462000 0.000000 0.000000 0.000000 -37262.964550 3.223578
300.000000 0.464000 0.464000 0.464000 0.000000 0.000000 0.000000 -37294.295384 -8.266206
300.000000 0.466000 0.466000 0.466000 0.000000 0.000000 0.000000 -37272.215125 3.843224
300.000000 0.468000 0.468000 0.468000 0.000000 0.000000 0.000000 -37328.014429 5.935911
300.000000 0.470000 0.470000 0.470000 0.000000 0.000000 0.000000 -37287.624295 12.532276
300.000000 0.472000 0.472000 0.472000 0.000000 0.000000 0.000000 -37187.541981 -14.043579
300.000000 0.474000 0.474000 0.474000 0.000000 0.000000 0.000000 -37093.326491 10.258664
300.000000 0.476000 0.476000 0.476000 0.000000 0.000000 0.000000 -37244.228414 -3.765549
300.000000 0.478000 0.478000 0.478000 0.000000 0.000000 0.000000 -37293.892966 4.302243
300.000000 0.480000 0.480000 0.480000 0.000000 0.000000 0.000000 -37414.275454 5.211513
300.000000 0.482000 0.482000 0.482000 0.000000 0.000000 0.000000 -37386.673685 -1.564376
300.000000 0.484000 0.484000 0.484000 0.000000 0.000000 0.000000 -37423.476772 -5.164865
300.000000 0.486000 0.486000 0.486000 0.000000 0.000000 0.000000 -37286.349807 7.318523
300.000000 0.488000 0.488000 0.488000 0.000000 0.000000 0.000000 -37345.377443 -0.547907
300.000000 0.490000 0.490000 0.490000 0.000000 0.000000 0.000000 -37310.787863 -1.806525
300.000000 0.492000 0.492000 0.492000 0.000000 0.000000 0.000000 -37309.141118 0.519262
300.000000 0.494000 0.494000 0.494000 0.000000 0.000000 0.000000 -37221.988721 -1.743509
300.000000 0.496000 0.496000 0.496000 0.000000 0.000000 0.000000 -37214.748238 5.205032
300.000000 0.498000 0.498000 0.498000 0.000000 0.000000 0.000000 -37308.014062 1.324214
