300.000000 0.000000 0.000000 0.000000 0.000000 0.000000 0.000000 -37500.445641 891.039997
300.000000 0.002000 0.002000 0.002000 0.000000 0.000000 0.000000 -37520.785805 884.513740
300.000000 0.004000 0.004000 0.004000 0.000000 0.000000 0.000000 -37432.482577 892.809584
300.000000 0.006000 0.006000 0.006000 0.000000 0.000000 0.000000 -37405.820625 930.501559
300.000000 0.008000 0.008000 0.008000 0.000000 0.000000 0.000000 -37382.687068 952.596544
300.000000 0.010000 0.010000 0.010000 0.000000 0.000000 0.000000 -37450.628774 925.029160
300.000000 0.012000 0.012000 0.012000 0.000000 0.000000 0.000000 -37435.720306 854.472294
300.000000 0.014000 0.014000 0.014000 0.000000 0.000000 0.000000 -37443.511797 963.828898
300.000000 0.016000 0.016000 0.016000 0.000000 0.000000 0.000000 -37392.898532 821.134627
300.000000 0.018000 0.018000 0.018000 0.000000 0.000000 0.000000 -37560.778679 782.197978
300.000000 0.020000 0.020000 0.020000 0.000000 0.000000 0.000000 -37529.457095 879.564014
300.000000 0.022000 0.022000 0.022000 0.000000 0.000000 0.000000 -37565.258362 936.577673
300.000000 0.024000 0.024000 0.024000 0.000000 0.000000 0.000000 -37542.448023 970.208810
300.000000 0.026000 0.026000 0.026000 0.000000 0.000000 0.000000 -37475.484678 938.519826
300.000000 0.028000 0.028000 0.028000 0.000000 0.000000 0.000000 -37438.375427 888.088398
300.000000 0.030000 0.030000 0.030000 0.000000 0.000000 0.000000 -37540.526700 856.996531
300.000000 0.032000 0.032000 0.032000 0.000000 0.000000 0.000000 -37460.407378 931.923962
300.000000 0.034000 0.034000 0.034000 0.000000 0.000000 0.000000 -37341.271685 925.508561
300.000000 0.036000 0.036000 0.036000 0.000000 0.000000 0.000000 -37392.621246 913.008844
300.000000 0.038000 0.038000 0.038000 0.000000 0.000000 0.000000 -37408.349960 722.989383
300.000000 0.040000 0.040000 0.040000 0.000000 0.000000 0.000000 -37516.304464 690.301327
300.000000 0.042000 0.042000 0.042000 0.000000 0.000000 0.000000 -37544.785375 124.800135
300.000000 0.044000 0.044000 0.044000 0.000000 0.000000 0.000000 -37623.903507 76.605601
300.000000 0.046000 0.046000 0.046000 0.000000 0.000000 0.000000 -37466.479687 79.763815
300.000000 0.048000 0.048000 0.048000 0.000000 0.000000 0.000000 -37456.268912 77.605857
300.000000 0.050000 0.050000 0.050000 0.000000 0.000000 0.000000 -37530.336139 102.655788
300.000000 0.052000 0.052000 0.052000 0.000000 0.000000 0.000000 -37606.905430 45.014532
300.000000 0.054000 0.054000 0.054000 0.000000 0.000000 0.000000 -37594.635343 74.758099
300.000000 0.056000 0.056000 0.056000 0.000000 0.000000 0.000000 -37565.242999 58.902169
300.000000 0.058000 0.058000 0.058000 0.000000 0.000000 0.000000 -37549.062516 129.528093
300.000000 0.060000 0.060000 0.060000 0.000000 0.000000 0.000000 -37564.257027 45.621803
300.000000 0.062000 0.062000 0.062000 0.000000 0.000000 0.000000 -37519.404097 46.952703
300.000000 0.064000 0.064000 0.064000 0.000000 0.000000 0.000000 -37552.939154 46.585894
300.000000 0.066000 0.066000 0.066000 0.000000 0.000000 0.000000 -37560.446987 79.495551
300.000000 0.068000 0.068000 0.068000 0.000000 0.000000 0.000000 -37626.103910 59.541600
300.000000 0.070000 0.070000 0.070000 0.000000 0.000000 0.000000 -37571.930347 77.006464
300.000000 0.072000 0.072000 0.072000 0.000000 0.000000 0.000000 -37526.897740 54.353155
300.000000 0.074000 0.074000 0.074000 0.000000 0.000000 0.000000 -37725.725883 61.871530
300.000000 0.076000 0.076000 0.076000 0.000000 0.000000 0.000000 -37576.357104 69.497467
300.000000 0.078000 0.078000 0.078000 0.000000 0.000000 0.000000 -37678.636320 106.947836
300.000000 0.080000 0.080000 0.080000 0.000000 0.000000 0.000000 -37548.861849 65.601944
300.000000 0.082000 0.082000 0.082000 0.000000 0.000000 0.000000 -37545.202319 70.162687
300.000000 0.084000 0.084000 0.084000 0.000000 0.000000 0.000000 -37521.137147 46.915366
300.000000 0.086000 0.086000 0.086000 0.000000 0.000000 0.000000 -37663.204160 103.280794
300.000000 0.088000 0.088000 0.088000 0.000000 0.000000 0.000000 -37713.546967 95.264362
300.000000 0.090000 0.090000 0.090000 0.000000 0.000000 0.000000 -37673.824136 52.991312
300.000000 0.092000 0.092000 0.092000 0.000000 0.000000 0.000000 -37508.503296 36.363536
300.000000 0.094000 0.094000 0.094000 0.000000 0.000000 0.000000 -37827.206512 70.289216
300.000000 0.096000 0.096000 0.096000 0.000000 0.000000 0.000000 -37668.489735 68.144190
300.000000 0.098000 0.098000 0.098000 0.000000 0.000000 0.000000 -37608.186003 48.137467
300.000000 0.100000 0.100000 0.100000 0.000000 0.000000 0.000000 -37596.995597 27.640815
300.000000 0.102000 0.102000 0.102000 0.000000 0.000000 0.000000 -37581.158983 28.818425
300.000000 0.104000 0.104000 0.104000 0.000000 0.000000 0.000000 -37570.607955 48.072825
300.000000 0.106000 0.106000 0.106000 0.000000 0.000000 0.000000 -37474.268171 35.717011
300.000000 0.108000 0.108000 0.108000 0.000000 0.000000 0.000000 -37430.172421 28.825231
300.000000 0.110000 0.110000 0.110000 0.000000 0.000000 0.000000 -37566.664899 34.234922
300.000000 0.112000 0.112000 0.112000 0.000000 0.000000 0.000000 -37522.613438 75.056919
300.000000 0.114000 0.114000 0.114000 0.000000 0.000000 0.000000 -37582.375554 50.286808
300.000000 0.116000 0.116000 0.116000 0.000000 0.000000 0.000000 -37614.611234 54.568128
300.000000 0.118000 0.118000 0.118000 0.000000 0.000000 0.000000 -37526.320656 35.384231
300.000000 0.120000 0.120000 0.120000 0.000000 0.000000 0.000000 -37454.423746 42.115196
300.000000 0.122000 0.122000 0.122000 0.000000 0.000000 0.000000 -37527.361438 31.592675
300.000000 0.124000 0.124000 0.124000 0.000000 0.000000 0.000000 -37482.930875 40.426897
300.000000 0.126000 0.126000 0.126000 0.000000 0.000000 0.000000 -37434.363090 56.742515
300.000000 0.128000 0.128000 0.128000 0.000000 0.000000 0.000000 -37444.007933 41.248475
300.000000 0.130000 0.130000 0.130000 0.000000 0.000000 0.000000 -37510.428623 46.958348
300.000000 0.132000 0.132000 0.132000 0.000000 0.000000 0.000000 -37409.034674 58.623909
300.000000 0.134000 0.134000 0.134000 0.000000 0.000000 0.000000 -37409.473449 60.855402
300.000000 0.136000 0.136000 0.136000 0.000000 0.000000 0.000000 -37581.927166 23.839327
300.000000 0.138000 0.138000 0.138000 0.000000 0.000000 0.000000 -37633.034020 47.372924
300.000000 0.140000 0.140000 0.140000 0.000000 0.000000 0.000000 -37507.293578 24.929954
300.000000 0.142000 0.142000 0.142000 0.000000 0.000000 0.000000 -37684.166118 33.338536
300.000000 0.144000 0.144000 0.144000 0.000000 0.000000 0.000000 -37548.942183 24.740319
300.000000 0.146000 0.146000 0.146000 0.000000 0.000000 0.000000 -37555.756153 30.098609
300.000000 0.148000 0.148000 0.148000 0.000000 0.000000 0.000000 -37481.831681 36.813693
300.000000 0.150000 0.150000 0.150000 0.000000 0.000000 0.000000 -37576.292903 24.823260
300.000000 0.152000 0.152000 0.152000 0.000000 0.000000 0.000000 -37556.195604 19.997829
300.000000 0.154000 0.154000 0.154000 0.000000 0.000000 0.000000 -37539.474422 21.668921
300.000000 0.156000 0.156000 0.156000 0.000000 0.000000 0.000000 -37578.425099 30.113969
300.000000 0.158000 0.158000 0.158000 0.000000 0.000000 0.000000 -37576.879881 34.096206
300.000000 0.160000 0.160000 0.160000 0.000000 0.000000 0.000000 -37535.656835 19.915882
300.000000 0.162000 0.162000 0.162000 0.000000 0.000000 0.000000 -37561.422716 25.928712
300.000000 0.164000 0.164000 0.164000 0.000000 0.000000 0.000000 -37596.768547 20.730215
300.000000 0.166000 0.166000 0.166000 0.000000 0.000000 0.000000 -37599.353206 19.417251
300.000000 0.168000 0.168000 0.168000 0.000000 0.000000 0.000000 -37634.228554 19.132608
300.000000 0.170000 0.170000 0.170000 0.000000 0.000000 0.000000 -37461.521243 27.157072
300.000000 0.172000 0.172000 0.172000 0.000000 0.000000 0.000000 -37572.307454 26.569684
300.000000 0.174000 0.174000 0.174000 0.000000 0.000000 0.000000 -37714.036478 17.779140
300.000000 0.176000 0.176000 0.176000 0.000000 0.000000 0.000000 -37659.855667 32.957593
300.000000 0.178000 0.178000 0.178000 0.000000 0.000000 0.000000 -37647.052247 32.101880
300.000000 0.180000 0.180000 0.180000 0.000000 0.000000 0.000000 -37606.375237 25.830540
300.000000 0.182000 0.182000 0.182000 0.000000 0.000000 0.000000 -37640.200617 23.673531
300.000000 0.184000 0.184000 0.184000 0.000000 0.000000 0.000000 -37485.093757 20.209704
300.000000 0.186000 0.186000 0.186000 0.000000 0.000000 0.000000 -37616.112814 37.580811
300.000000 0.188000 0.188000 0.188000 0.000000 0.000000 0.000000 -37526.969480 30.271548
300.000000 0.190000 0.190000 0.190000 0.000000 0.000000 0.000000 -37635.395418 29.777370
300.000000 0.192000 0.192000 0.192000 0.000000 0.000000 0.000000 -37572.037137 38.616770
300.000000 0.194000 0.194000 0.194000 0.000000 0.000000 0.000000 -37485.506168 23.756241
300.000000 0.196000 0.196000 0.196000 0.000000 0.000000 0.000000 -37500.389832 20.800378
300.000000 0.198000 0.198000 0.198000 0.000000 0.000000 0.000000 -37510.221204 37.899131
300.000000 0.200000 0.200000 0.200000 0.000000 0.000000 0.000000 -37507.275361 13.117307
300.000000 0.202000 0.202000 0.202000 0.000000 0.000000 0.000000 -37430.582403 18.548025
300.000000 0.204000 0.204000 0.204000 0.000000 0.000000 0.000000 -37468.424167 26.018067
300.000000 0.206000 0.206000 0.206000 0.000000 0.000000 0.000000 -37467.923984 31.355273
300.000000 0.208000 0.208000 0.208000 0.000000 0.000000 0.000000 -37528.007023 34.724262
300.000000 0.210000 0.210000 0.210000 0.000000 0.000000 0.000000 -37630.502797 16.919746
300.000000 0.212000 0.212000 0.212000 0.000000 0.000000 0.000000 -37559.596421 28.638141
300.000000 0.214000 0.214000 0.214000 0.000000 0.000000 0.000000 -37566.638551 30.450213
300.000000 0.216000 0.216000 0.216000 0.000000 0.000000 0.000000 -37622.745767 18.598857
300.000000 0.218000 0.218000 0.218000 0.000000 0.000000 0.000000 -37612.307246 2.957747
300.000000 0.220000 0.220000 0.220000 0.000000 0.000000 0.000000 -37612.504366 13.392923
300.000000 0.222000 0.222000 0.222000 0.000000 0.000000 0.000000 -37410.372927 24.429311
300.000000 0.224000 0.224000 0.224000 0.000000 0.000000 0.000000 -37396.715841 18.633775
300.000000 0.226000 0.226000 0.226000 0.000000 0.000000 0.000000 -37375.045515 15.813977
300.000000 0.228000 0.228000 0.228000 0.000000 0.000000 0.000000 -37284.647159 13.809921
300.000000 0.230000 0.230000 0.230000 0.000000 0.000000 0.000000 -37483.640072 24.455017
300.000000 0.232000 0.232000 0.232000 0.000000 0.000000 0.000000 -37434.624490 12.233437
300.000000 0.234000 0.234000 0.234000 0.000000 0.000000 0.000000 -37505.118495 9.604411
300.000000 0.236000 0.236000 0.236000 0.000000 0.000000 0.000000 -37609.743454 12.751635
300.000000 0.238000 0.238000 0.238000 0.000000 0.000000 0.000000 -37618.864934 32.145153
300.000000 0.240000 0.240000 0.240000 0.000000 0.000000 0.000000 -37566.406807 19.469811
300.000000 0.242000 0.242000 0.242000 0.000000 0.000000 0.000000 -37685.616829 38.117498
300.000000 0.244000 0.244000 0.244000 0.000000 0.000000 0.000000 -37660.525865 -1.083280
300.000000 0.246000 0.246000 0.246000 0.000000 0.000000 0.000000 -37775.121383 9.731555
300.000000 0.248000 0.248000 0.248000 0.000000 0.000000 0.000000 -37605.585541 19.584133
300.000000 0.250000 0.250000 0.250000 0.000000 0.000000 0.000000 -37743.418687 31.238593
300.000000 0.252000 0.252000 0.252000 0.000000 0.000000 0.000000 -37774.745077 20.942874
300.000000 0.254000 0.254000 0.254000 0.000000 0.000000 0.000000 -37758.188984 16.819591
300.000000 0.256000 0.256000 0.256000 0.000000 0.000000 0.000000 -37729.851296 10.243962
300.000000 0.258000 0.258000 0.258000 0.000000 0.000000 0.000000 -37597.562980 13.648545
300.000000 0.260000 0.260000 0.260000 0.000000 0.000000 0.000000 -37572.927793 15.420654
300.000000 0.262000 0.262000 0.262000 0.000000 0.000000 0.000000 -37656.986683 7.587482
300.000000 0.264000 0.264000 0.264000 0.000000 0.000000 0.000000 -37678.415632 22.375383
300.000000 0.266000 0.266000 0.266000 0.000000 0.000000 0.000000 -37715.405708 5.602874
300.000000 0.268000 0.268000 0.268000 0.000000 0.000000 0.000000 -37595.364016 20.330329
300.000000 0.270000 0.270000 0.270000 0.000000 0.000000 0.000000 -37769.917516 25.760099
300.000000 0.272000 0.272000 0.272000 0.000000 0.000000 0.000000 -37687.545284 17.673661
300.000000 0.274000 0.274000 0.274000 0.000000 0.000000 0.000000 -37711.471458 9.736226
300.000000 0.276000 0.276000 0.276000 0.000000 0.000000 0.000000 -37639.637012 10.028475
300.000000 0.278000 0.278000 0.278000 0.000000 0.000000 0.000000 -37696.517776 18.928153
300.000000 0.280000 0.280000 0.280000 0.000000 0.000000 0.000000 -37611.640548 11.607434
300.000000 0.282000 0.282000 0.282000 0.000000 0.000000 0.000000 -37721.888322 17.874354
300.000000 0.284000 0.284000 0.284000 0.000000 0.000000 0.000000 -37760.084044 9.131157
300.000000 0.286000 0.286000 0.286000 0.000000 0.000000 0.000000 -37669.737587 7.728190
300.000000 0.288000 0.288000 0.288000 0.000000 0.000000 0.000000 -37586.588953 22.577432
300.000000 0.290000 0.290000 0.290000 0.000000 0.000000 0.000000 -37642.177012 15.687911
300.000000 0.292000 0.292000 0.292000 0.000000 0.000000 0.000000 -37603.871528 2.573881
300.000000 0.294000 0.294000 0.294000 0.000000 0.000000 0.000000 -37512.237209 15.722796
300.000000 0.296000 0.296000 0.296000 0.000000 0.000000 0.000000 -37621.938638 6.853303
300.000000 0.298000 0.298000 0.298000 0.000000 0.000000 0.000000 -37629.538620 9.707899
300.000000 0.300000 0.300000 0.300000 0.000000 0.000000 0.000000 -37629.882666 13.961218
300.000000 0.302000 0.302000 0.302000 0.000000 0.000000 0.000000 -37695.481439 23.860356
300.000000 0.304000 0.304000 0.304000 0.000000 0.000000 0.000000 -37746.900179 11.027497
300.000000 0.306000 0.306000 0.306000 0.000000 0.000000 0.000000 -37604.762434 10.215333
300.000000 0.308000 0.308000 0.308000 0.000000 0.000000 0.000000 -37491.679565 25.065171
300.000000 0.310000 0.310000 0.310000 0.000000 0.000000 0.000000 -37501.927655 1.432442
300.000000 0.312000 0.312000 0.312000 0.000000 0.000000 0.000000 -37553.783847 1.147663
300.000000 0.314000 0.314000 0.314000 0.000000 0.000000 0.000000 -37415.366773 28.933282
300.000000 0.316000 0.316000 0.316000 0.000000 0.000000 0.000000 -37494.339018 19.538778
300.000000 0.318000 0.318000 0.318000 0.000000 0.000000 0.000000 -37503.940093 16.896941
300.000000 0.320000 0.320000 0.320000 0.000000 0.000000 0.000000 -37624.406891 11.178320
300.000000 0.322000 0.322000 0.322000 0.000000 0.000000 0.000000 -37409.054397 8.484523
300.000000 0.324000 0.324000 0.324000 0.000000 0.000000 0.000000 -37484.299837 5.874592
300.000000 0.326000 0.326000 0.326000 0.000000 0.000000 0.000000 -37508.929613 15.575507
300.000000 0.328000 0.328000 0.328000 0.000000 0.000000 0.000000 -37497.053093 14.744993
300.000000 0.330000 0.330000 0.330000 0.000000 0.000000 0.000000 -37477.430931 16.377302
300.000000 0.332000 0.332000 0.332000 0.000000 0.000000 0.000000 -37521.165752 14.736703
300.000000 0.334000 0.334000 0.334000 0.000000 0.000000 0.000000 -37400.128311 13.597500
300.000000 0.336000 0.336000 0.336000 0.000000 0.000000 0.000000 -37386.678428 -3.061404
300.000000 0.338000 0.338000 0.338000 0.000000 0.000000 0.000000 -37544.501884 11.811304
300.000000 0.340000 0.340000 0.340000 0.000000 0.000000 0.000000 -37508.886134 11.333116
300.000000 0.342000 0.342000 0.342000 0.000000 0.000000 0.000000 -37607.447035 16.608761
300.000000 0.344000 0.344000 0.344000 0.000000 0.000000 0.000000 -37510.048219 -2.737076
300.000000 0.346000 0.346000 0.346000 0.000000 0.000000 0.000000 -37431.518300 10.191053
300.000000 0.348000 0.348000 0.348000 0.000000 0.000000 0.000000 -37563.142630 5.866297
300.000000 0.350000 0.350000 0.350000 0.000000 0.000000 0.000000 -37506.771486 -1.042364
300.000000 0.352000 0.352000 0.352000 0.000000 0.000000 0.000000 -37637.858512 14.895815
300.000000 0.354000 0.354000 0.354000 0.000000 0.000000 0.000000 -37655.815860 13.788598
300.000000 0.356000 0.356000 0.356000 0.000000 0.000000 0.000000 -37657.932638 18.125344
300.000000 0.358000 0.358000 0.358000 0.000000 0.000000 0.000000 -37540.456477 19.768657
300.000000 0.360000 0.360000 0.360000 0.000000 0.000000 0.000000 -37685.204783 10.114182
300.000000 0.362000 0.362000 0.362000 0.000000 0.000000 0.000000 -37580.055160 3.592960
300.000000 0.364000 0.364000 0.364000 0.000000 0.000000 0.000000 -37700.408934 9.200433
300.000000 0.366000 0.366000 0.366000 0.000000 0.000000 0.000000 -37702.380524 12.496032
300.000000 0.368000 0.368000 0.368000 0.000000 0.000000 0.000000 -37637.882078 6.027732
300.000000 0.370000 0.370000 0.370000 0.000000 0.000000 0.000000 -37614.581646 1.579369
300.000000 0.372000 0.372000 0.372000 0.000000 0.000000 0.000000 -37704.167903 -4.981375
300.000000 0.374000 0.374000 0.374000 0.000000 0.000000 0.000000 -37657.828426 18.895341
300.000000 0.376000 0.376000 0.376000 0.000000 0.000000 0.000000 -37644.487870 2.279102
300.000000 0.378000 0.378000 0.378000 0.000000 0.000000 0.000000 -37624.253388 1.599359
300.000000 0.380000 0.380000 0.380000 0.000000 0.000000 0.000000 -37577.553973 4.842324
300.000000 0.382000 0.382000 0.382000 0.000000 0.000000 0.000000 -37572.581549 -1.826373
300.000000 0.384000 0.384000 0.384000 0.000000 0.000000 0.000000 -37537.819465 7.092952
300.000000 0.386000 0.386000 0.386000 0.000000 0.000000 0.000000 -37544.177147 7.198656
300.000000 0.388000 0.388000 0.388000 0.000000 0.000000 0.000000 -37516.734064 -0.265679
300.000000 0.390000 0.390000 0.390000 0.000000 0.000000 0.000000 -37645.364245 6.486200
300.000000 0.392000 0.392000 0.392000 0.000000 0.000000 0.000000 -37780.240009 2.313434
300.000000 0.394000 0.394000 0.394000 0.000000 0.000000 0.000000 -37718.910973 12.858415
300.000000 0.396000 0.396000 0.396000 0.000000 0.000000 0.000000 -37771.668790 -0.705523
300.000000 0.398000 0.398000 0.398000 0.000000 0.000000 0.000000 -37758.141402 1.775561
300.000000 0.400000 0.400000 0.400000 0.000000 0.000000 0.000000 -37764.609623 -1.039950
300.000000 0.402000 0.402000 0.402000 0.000000 0.000000 0.000000 -37638.954022 11.366159
300.000000 0.404000 0.404000 0.404000 0.000000 0.000000 0.000000 -37663.914952 3.177152
300.000000 0.406000 0.406000 0.406000 0.000000 0.000000 0.000000 -37678.468012 -10.825839
300.000000 0.408000 0.408000 0.408000 0.000000 0.000000 0.000000 -37633.821855 5.211142
300.000000 0.410000 0.410000 0.410000 0.000000 0.000000 0.000000 -37444.728902 -5.295883
300.000000 0.412000 0.412000 0.412000 0.000000 0.000000 0.000000 -37560.838261 -3.771453
300.000000 0.414000 0.414000 0.414000 0.000000 0.000000 0.000000 -37554.509491 -7.899844
300.000000 0.416000 0.416000 0.416000 0.000000 0.000000 0.000000 -37424.819069 1.449995
300.000000 0.418000 0.418000 0.418000 0.000000 0.000000 0.000000 -37516.832794 0.877805
300.000000 0.420000 0.420000 0.420000 0.000000 0.000000 0.000000 -37448.865755 11.148713
300.000000 0.422000 0.422000 0.422000 0.000000 0.000000 0.000000 -37659.008161 -11.262824
300.000000 0.424000 0.424000 0.424000 0.000000 0.000000 0.000000 -37581.966289 -2.593869
300.000000 0.426000 0.426000 0.426000 0.000000 0.000000 0.000000 -37643.824051 5.298632
300.000000 0.428000 0.428000 0.428000 0.000000 0.000000 0.000000 -37440.708433 16.742076
300.000000 0.430000 0.430000 0.430000 0.000000 0.000000 0.000000 -37560.884019 -0.864009
300.000000 0.432000 0.432000 0.432000 0.000000 0.000000 0.000000 -37574.493985 8.650155
300.000000 0.434000 0.434000 0.434000 0.000000 0.000000 0.000000 -37570.137582 6.014862
300.000000 0.436000 0.436000 0.436000 0.000000 0.000000 0.000000 -37567.894103 4.543237
300.000000 0.438000 0.438000 0.438000 0.000000 0.000000 0.000000 -37476.553243 1.443941
300.000000 0.440000 0.440000 0.440000 0.000000 0.000000 0.000000 -37453.775108 -6.531777
300.000000 0.442000 0.442000 0.442000 0.000000 0.000000 0.000000 -37475.170739 10.325263
300.000000 0.444000 0.444000 0.444000 0.000000 0.000000 0.000000 -37533.814695 -4.946506
300.000000 0.446000 0.446000 0.446000 0.000000 0.000000 0.000000 -37550.073169 -7.807831
300.000000 0.448000 0.448000 0.448000 0.000000 0.000000 0.000000 -37497.695518 1.967164
300.000000 0.450000 0.450000 0.450000 0.000000 0.000000 0.000000 -37540.757551 10.081899
300.000000 0.452000 0.452000 0.452000 0.000000 0.000000 0.000000 -37579.900249 9.944794
300.000000 0.454000 0.454000 0.454000 0.000000 0.000000 0.000000 -37583.662656 -2.320187
300.000000 0.456000 0.456000 0.456000 0.000000 0.000000 0.000000 -37706.407060 0.795560
300.000000 0.458000 0.458000 0.458000 0.000000 0.000000 0.000000 -37553.171310 -1.564142
300.000000 0.460000 0.460000 0.460000 0.000000 0.000000 0.000000 -37656.069152 -8.164480
300.000000 0.462000 0.462000 0.462000 0.000000 0.000000 0.000000 -37554.381542 5.732347
300.000000 0.464000 0.464000 0.464000 0.000000 0.000000 0.000000 -37573.065001 -8.400505
300.000000 0.466000 0.466000 0.466000 0.000000 0.000000 0.000000 -37545.329505 6.819545
300.000000 0.468000 0.468000 0.468000 0.000000 0.000000 0.000000 -37561.069181 -0.129428
300.000000 0.470000 0.470000 0.470000 0.000000 0.000000 0.000000 -37713.968009 -3.958638
300.000000 0.472000 0.472000 0.472000 0.000000 0.000000 0.000000 -37568.305358 0.945052
300.000000 0.474000 0.474000 0.474000 0.000000 0.000000 0.000000 -37570.395218 -0.026362
300.000000 0.476000 0.476000 0.476000 0.000000 0.000000 0.000000 -37521.757997 0.686224
300.000000 0.478000 0.478000 0.478000 0.000000 0.000000 0.000000 -37495.418887 4.732243
300.000000 0.480000 0.480000 0.480000 0.000000 0.000000 0.000000 -37643.708759 0.435572
300.000000 0.482000 0.482000 0.482000 0.000000 0.000000 0.000000 -37622.625857 -0.132282
300.000000 0.484000 0.484000 0.484000 0.000000 0.000000 0.000000 -37549.927400 8.248361
300.000000 0.486000 0.486000 0.486000 0.000000 0.000000 0.000000 -37565.716871 -25.228410
300.000000 0.488000 0.488000 0.488000 0.000000 0.000000 0.000000 -37513.616136 -8.570389
300.000000 0.490000 0.490000 0.490000 0.000000 0.000000 0.000000 -37539.026698 5.406801
300.000000 0.492000 0.492000 0.492000 0.000000 0.000000 0.000000 -37418.114972 -0.435913
300.000000 0.494000 0.494000 0.494000 0.000000 0.000000 0.000000 -37482.048358 3.765731
300.000000 0.496000 0.496000 0.496000 0.000000 0.000000 0.000000 -37539.004519 -6.593324
300.000000 0.498000 0.498000 0.498000 0.000000 0.000000 0.000000 -37636.412570 -0.861364
