50.000000 0.500000 0.500000 0.500000 0.000000 0.000000 0.000000 -35482.994277 -6.296307
58.333333 0.500000 0.500000 0.500000 0.000000 0.000000 0.000000 -35463.131509 -1.590882
66.666667 0.500000 0.500000 0.500000 0.000000 0.000000 0.000000 -35452.748742 -4.809990
75.000000 0.500000 0.500000 0.500000 0.000000 0.000000 0.000000 -35425.954965 -5.429912
83.333333 0.500000 0.500000 0.500000 0.000000 0.000000 0.000000 -35357.224200 -8.985122
91.666667 0.500000 0.500000 0.500000 0.000000 0.000000 0.000000 -35256.262577 1.717854
100.000000 0.500000 0.500000 0.500000 0.000000 0.000000 0.000000 -35136.365599 1.448972
108.333333 0.500000 0.500000 0.500000 0.000000 0.000000 0.000000 -35049.374455 -7.528681
116.666667 0.500000 0.500000 0.500000 0.000000 0.000000 0.000000 -34935.369514 -3.144419
125.000000 0.500000 0.500000 0.500000 0.000000 0.000000 0.000000 -34726.174119 -9.418320
133.333333 0.500000 0.500000 0.500000 0.000000 0.000000 0.000000 -34647.924431 -0.836520
141.666667 0.500000 0.500000 0.500000 0.000000 0.000000 0.000000 -34561.586059 -11.606716
150.000000 0.500000 0.500000 0.500000 0.000000 0.000000 0.000000 -34390.398646 1.090464
158.333333 0.500000 0.500000 0.500000 0.000000 0.000000 0.000000 -34241.063408 -2.666408
166.666667 0.500000 0.500000 0.500000 0.000000 0.000000 0.000000 -34104.143033 -15.998446
175.000000 0.500000 0.500000 0.500000 0.000000 0.000000 0.000000 -33925.662896 3.107075
183.333333 0.500000 0.500000 0.500000 0.000000 0.000000 0.000000 -33717.815286 4.406668
191.666667 0.500000 0.500000 0.500000 0.000000 0.000000 0.000000 -33556.561490 -6.610002
200.000000 0.500000 0.500000 0.500000 0.000000 0.000000 0.000000 -33341.617559 2.629063
208.333333 0.500000 0.500000 0.500000 0.000000 0.000000 0.000000 -33162.970063 -3.555210
216.666667 0.500000 0.500000 0.500000 0.000000 0.000000 0.000000 -32889.063713 -5.213313
225.000000 0.500000 0.500000 0.500000 0.000000 0.000000 0.000000 -32539.196500 -8.439890
233.333333 0.500000 0.500000 0.500000 0.000000 0.000000 0.000000 -32239.481964 0.074689
241.666667 0.500000 0.500000 0.500000 0.000000 0.000000 0.000000 -31823.892798 -9.829111
250.000000 0.500000 0.500000 0.500000 0.000000 0.000000 0.000000 -31610.241159 -9.485540
258.333333 0.500000 0.500000 0.500000 0.000000 0.000000 0.000000 -31129.061767 4.466420
266.666667 0.500000 0.500000 0.500000 0.000000 0.000000 0.000000 -30716.920196 1.015774
275.000000 0.500000 0.500000 0.500000 0.000000 0.000000 0.000000 -30296.519391 15.998446
283.333333 0.500000 0.500000 0.500000 0.000000 0.000000 0.000000 -30096.684863 -3.256453
291.666667 0.500000 0.500000 0.500000 0.000000 0.000000 0.000000 -29861.329143 -1.254780
300.000000 0.500000 0.500000 0.500000 0.000000 0.000000 0.000000 -29789.447077 21.898901
300.000000 0.500000 0.500000 0.500000 0.000000 0.000000 0.000000 -30011.123284 -16.312141
300.000000 0.500000 0.500000 0.500000 0.000000 0.000000 0.000000 -30009.566493 1.209967
300.000000 0.500000 0.500000 0.500000 0.000000 0.000000 0.000000 -30136.255696 -6.393403
300.000000 0.500000 0.500000 0.500000 0.000000 0.000000 0.000000 -30162.787601 -10.127868
300.000000 0.500000 0.500000 0.500000 0.000000 0.000000 0.000000 -30125.520308 -6.244025
300.000000 0.500000 0.500000 0.500000 0.000000 0.000000 0.000000 -30253.113976 12.219168
300.000000 0.500000 0.500000 0.500000 0.000000 0.000000 0.000000 -30129.666870 -23.183556
300.000000 0.500000 0.500000 0.500000 0.000000 0.000000 0.000000 -30069.357242 -0.268881
300.000000 0.500000 0.500000 0.500000 0.000000 0.000000 0.000000 -30068.801600 0.941085
300.000000 0.500000 0.500000 0.500000 0.000000 0.000000 0.000000 -30076.721114 -0.970961
300.000000 0.500000 0.500000 0.500000 0.000000 0.000000 0.000000 -30279.098983 -0.985899
300.000000 0.500000 0.500000 0.500000 0.000000 0.000000 0.000000 -30269.600027 -6.781788
300.000000 0.500000 0.500000 0.500000 0.000000 0.000000 0.000000 -30158.738862 -6.707098
300.000000 0.500000 0.500000 0.500000 0.000000 0.000000 0.000000 -30075.949510 18.164436
300.000000 0.500000 0.500000 0.500000 0.000000 0.000000 0.000000 -30042.364679 -16.162763
300.000000 0.500000 0.500000 0.500000 0.000000 0.000000 0.000000 -30124.885051 -1.852294
300.000000 0.500000 0.500000 0.500000 0.000000 0.000000 0.000000 -30094.758734 -7.887189
300.000000 0.500000 0.500000 0.500000 0.000000 0.000000 0.000000 -30234.334931 -5.004183
300.000000 0.500000 0.500000 0.500000 0.000000 0.000000 0.000000 -30154.292993 -1.523662
300.000000 0.500000 0.500000 0.500000 0.000000 0.000000 0.000000 -30196.150720 -2.569312
300.000000 0.500000 0.500000 0.500000 0.000000 0.000000 0.000000 -30200.333715 -15.251554
300.000000 0.500000 0.500000 0.500000 0.000000 0.000000 0.000000 -30206.285988 -11.397586
300.000000 0.500000 0.500000 0.500000 0.000000 0.000000 0.000000 -30113.686690 -13.070626
300.000000 0.500000 0.500000 0.500000 0.000000 0.000000 0.000000 -30119.258819 13.055688
300.000000 0.500000 0.500000 0.500000 0.000000 0.000000 0.000000 -30014.015925 -5.571821
300.000000 0.500000 0.500000 0.500000 0.000000 0.000000 0.000000 -30157.330328 -29.233389
300.000000 0.500000 0.500000 0.500000 0.000000 0.000000 0.000000 -30109.502121 -1.702916
300.000000 0.500000 0.500000 0.500000 0.000000 0.000000 0.000000 -30014.075304 1.389221
300.000000 0.500000 0.500000 0.500000 0.000000 0.000000 0.000000 -30255.269448 3.465583
