300.000000 0.500000 0.500000 0.500000 0.000000 0.000000 0.000000 -30174.967518 -0.956023
300.000000 0.500000 0.500000 0.500000 0.000000 0.000000 0.000000 -30087.120000 -3.719527
300.000000 0.500000 0.500000 0.500000 0.000000 0.000000 0.000000 -30009.116632 -24.766969
300.000000 0.500000 0.500000 0.500000 0.000000 0.000000 0.000000 -30076.445456 13.115440
300.000000 0.500000 0.500000 0.500000 0.000000 0.000000 0.000000 -30183.770045 3.764340
300.000000 0.500000 0.500000 0.500000 0.000000 0.000000 0.000000 -30213.925322 -7.976816
300.000000 0.500000 0.500000 0.500000 0.000000 0.000000 0.000000 -30268.107546 8.708772
300.000000 0.500000 0.500000 0.500000 0.000000 0.000000 0.000000 -30333.849776 6.393403
300.000000 0.500000 0.500000 0.500000 0.000000 0.000000 0.000000 -30169.173963 -2.942758
300.000000 0.500000 0.500000 0.500000 0.000000 0.000000 0.000000 -30165.392292 -5.497132
300.000000 0.500000 0.500000 0.500000 0.000000 0.000000 0.000000 -30203.231376 16.476458
300.000000 0.500000 0.500000 0.500000 0.000000 0.000000 0.000000 -30212.765625 7.483867
300.000000 0.500000 0.500000 0.500000 0.000000 0.000000 0.000000 -30234.896339 -7.707935
300.000000 0.500000 0.500000 0.500000 0.000000 0.000000 0.000000 -30079.647949 9.112094
300.000000 0.500000 0.500000 0.500000 0.000000 0.000000 0.000000 -30167.392361 -1.926984
300.000000 0.500000 0.500000 0.500000 0.000000 0.000000 0.000000 -30204.870952 1.941922
300.000000 0.500000 0.500000 0.500000 0.000000 0.000000 0.000000 -30226.572699 -1.732792
300.000000 0.500000 0.500000 0.500000 0.000000 0.000000 0.000000 -30223.678678 -13.414197
300.000000 0.500000 0.500000 0.500000 0.000000 0.000000 0.000000 -30118.815554 4.048160
300.000000 0.500000 0.500000 0.500000 0.000000 0.000000 0.000000 -30107.829736 6.692161
300.000000 0.500000 0.500000 0.500000 0.000000 0.000000 0.000000 -30189.710061 -5.019120
300.000000 0.500000 0.500000 0.500000 0.000000 0.000000 0.000000 -30242.111587 16.371893
300.000000 0.500000 0.500000 0.500000 0.000000 0.000000 0.000000 -30204.418819 16.132887
300.000000 0.500000 0.500000 0.500000 0.000000 0.000000 0.000000 -30142.378581 8.693834
300.000000 0.500000 0.500000 0.500000 0.000000 0.000000 0.000000 -30113.881976 -11.098829
300.000000 0.500000 0.500000 0.500000 0.000000 0.000000 0.000000 -30109.003160 3.525335
300.000000 0.500000 0.500000 0.500000 0.000000 0.000000 0.000000 -30158.782480 -14.280593
300.000000 0.500000 0.500000 0.500000 0.000000 0.000000 0.000000 -30243.506279 -7.946941
300.000000 0.500000 0.500000 0.500000 0.000000 0.000000 0.000000 -30125.173917 1.135277
300.000000 0.500000 0.500000 0.500000 0.000000 0.000000 0.000000 -30181.958596 -0.089627
