300.000000 0.000000 0.000000 0.000000 0.000000 0.000000 0.000000 -32628.510914 866.293772
300.000000 0.002000 0.002000 0.002000 0.000000 0.000000 0.000000 -32647.741398 810.410724
300.000000 0.004000 0.004000 0.004000 0.000000 0.000000 0.000000 -32732.514343 972.831092
300.000000 0.006000 0.006000 0.006000 0.000000 0.000000 0.000000 -32676.197393 889.318148
300.000000 0.008000 0.008000 0.008000 0.000000 0.000000 0.000000 -32718.543221 885.622634
300.000000 0.010000 0.010000 0.010000 0.000000 0.000000 0.000000 -32645.955680 830.313357
300.000000 0.012000 0.012000 0.012000 0.000000 0.000000 0.000000 -32644.171960 818.158204
300.000000 0.014000 0.014000 0.014000 0.000000 0.000000 0.000000 -32507.784828 927.719600
300.000000 0.016000 0.016000 0.016000 0.000000 0.000000 0.000000 -32550.960849 951.463220
300.000000 0.018000 0.018000 0.018000 0.000000 0.000000 0.000000 -32397.720657 751.649834
300.000000 0.020000 0.020000 0.020000 0.000000 0.000000 0.000000 -32545.451226 767.963995
300.000000 0.022000 0.022000 0.022000 0.000000 0.000000 0.000000 -32469.996928 717.732064
300.000000 0.024000 0.024000 0.024000 0.000000 0.000000 0.000000 -32523.577000 855.412725
300.000000 0.026000 0.026000 0.026000 0.000000 0.000000 0.000000 -32549.182508 824.687761
300.000000 0.028000 0.028000 0.028000 0.000000 0.000000 0.000000 -32557.210980 763.078376
300.000000 0.030000 0.030000 0.030000 0.000000 0.000000 0.000000 -32639.655032 732.564183
300.000000 0.032000 0.032000 0.032000 0.000000 0.000000 0.000000 -32738.094071 767.870330
300.000000 0.034000 0.034000 0.034000 0.000000 0.000000 0.000000 -32587.543405 762.301193
300.000000 0.036000 0.036000 0.036000 0.000000 0.000000 0.000000 -32603.009359 785.599683
300.000000 0.038000 0.038000 0.038000 0.000000 0.000000 0.000000 -32587.930909 726.018785
300.000000 0.040000 0.040000 0.040000 0.000000 0.000000 0.000000 -32462.836210 931.365135
300.000000 0.042000 0.042000 0.042000 0.000000 0.000000 0.000000 -32522.740054 737.093591
300.000000 0.044000 0.044000 0.044000 0.000000 0.000000 0.000000 -32569.470917 745.574696
300.000000 0.046000 0.046000 0.046000 0.000000 0.000000 0.000000 -32476.850899 672.964619
300.000000 0.048000 0.048000 0.048000 0.000000 0.000000 0.000000 -32689.360697 183.420650
300.000000 0.050000 0.050000 0.050000 0.000000 0.000000 0.000000 -32632.546650 98.511509
300.000000 0.052000 0.052000 0.052000 0.000000 0.000000 0.000000 -32550.036300 174.120932
300.000000 0.054000 0.054000 0.054000 0.000000 0.000000 0.000000 -32664.374309 138.129803
300.000000 0.056000 0.056000 0.056000 0.000000 0.000000 0.000000 -32603.973789 112.743917
300.000000 0.058000 0.058000 0.058000 0.000000 0.000000 0.000000 -32570.702882 107.570030
300.000000 0.060000 0.060000 0.060000 0.000000 0.000000 0.000000 -32692.668909 125.705446
300.000000 0.062000 0.062000 0.062000 0.000000 0.000000 0.000000 -32719.378225 112.173493
300.000000 0.064000 0.064000 0.064000 0.000000 0.000000 0.000000 -32659.257051 99.809580
300.000000 0.066000 0.066000 0.066000 0.000000 0.000000 0.000000 -32689.080370 92.812703
300.000000 0.068000 0.068000 0.068000 0.000000 0.000000 0.000000 -32702.364893 135.166224
300.000000 0.070000 0.070000 0.070000 0.000000 0.000000 0.000000 -32635.930607 95.249418
300.000000 0.072000 0.072000 0.072000 0.000000 0.000000 0.000000 -32541.657896 124.437279
300.000000 0.074000 0.074000 0.074000 0.000000 0.000000 0.000000 -32459.566839 111.046256
300.000000 0.076000 0.076000 0.076000 0.000000 0.000000 0.000000 -32508.110010 109.482858
300.000000 0.078000 0.078000 0.078000 0.000000 0.000000 0.000000 -32617.616229 136.040247
300.000000 0.080000 0.080000 0.080000 0.000000 0.000000 0.000000 -32504.444578 72.697010
300.000000 0.082000 0.082000 0.082000 0.000000 0.000000 0.000000 -32597.869520 53.835912
300.000000 0.084000 0.084000 0.084000 0.000000 0.000000 0.000000 -32544.815889 69.644349
300.000000 0.086000 0.086000 0.086000 0.000000 0.000000 0.000000 -32529.218124 71.377559
300.000000 0.088000 0.088000 0.088000 0.000000 0.000000 0.000000 -32690.348505 108.608294
300.000000 0.090000 0.090000 0.090000 0.000000 0.000000 0.000000 -32686.187369 68.311796
300.000000 0.092000 0.092000 0.092000 0.000000 0.000000 0.000000 -32746.787652 86.737629
300.000000 0.094000 0.094000 0.094000 0.000000 0.000000 0.000000 -32493.129101 75.075600
300.000000 0.096000 0.096000 0.096000 0.000000 0.000000 0.000000 -32563.153739 82.120205
300.000000 0.098000 0.098000 0.098000 0.000000 0.000000 0.000000 -32475.137070 83.061139
300.000000 0.100000 0.100000 0.100000 0.000000 0.000000 0.000000 -32499.294415 81.254113
300.000000 0.102000 0.102000 0.102000 0.000000 0.000000 0.000000 -32552.177242 92.355102
300.000000 0.104000 0.104000 0.104000 0.000000 0.000000 0.000000 -32433.438744 85.855218
300.000000 0.106000 0.106000 0.106000 0.000000 0.000000 0.000000 -32502.387498 66.886052
300.000000 0.108000 0.108000 0.108000 0.000000 0.000000 0.000000 -32600.880043 61.903702
300.000000 0.110000 0.110000 0.110000 0.000000 0.000000 0.000000 -32583.022127 80.409711
300.000000 0.112000 0.112000 0.112000 0.000000 0.000000 0.000000 -32529.748701 89.733427
300.000000 0.114000 0.114000 0.114000 0.000000 0.000000 0.000000 -32479.430520 90.030380
300.000000 0.116000 0.116000 0.116000 0.000000 0.000000 0.000000 -32458.476586 56.153022
300.000000 0.118000 0.118000 0.118000 0.000000 0.000000 0.000000 -32588.902636 81.479634
300.000000 0.120000 0.120000 0.120000 0.000000 0.000000 0.000000 -32587.825512 76.067484
300.000000 0.122000 0.122000 0.122000 0.000000 0.000000 0.000000 -32608.691351 58.119111
300.000000 0.124000 0.124000 0.124000 0.000000 0.000000 0.000000 -32541.035669 71.838937
300.000000 0.126000 0.126000 0.126000 0.000000 0.000000 0.000000 -32527.850305 71.309753
300.000000 0.128000 0.128000 0.128000 0.000000 0.000000 0.000000 -32518.436936 72.118967
300.000000 0.130000 0.130000 0.130000 0.000000 0.000000 0.000000 -32459.377446 62.092218
300.000000 0.132000 0.132000 0.132000 0.000000 0.000000 0.000000 -32535.043466 75.365483
300.000000 0.134000 0.134000 0.134000 0.000000 0.000000 0.000000 -32552.987531 37.910306
300.000000 0.136000 0.136000 0.136000 0.000000 0.000000 0.000000 -32576.640392 78.550585
300.000000 0.138000 0.138000 0.138000 0.000000 0.000000 0.000000 -32643.301059 79.274210
300.000000 0.140000 0.140000 0.140000 0.000000 0.000000 0.000000 -32585.372078 62.022684
300.000000 0.142000 0.142000 0.142000 0.000000 0.000000 0.000000 -32723.145926 93.732417
300.000000 0.144000 0.144000 0.144000 0.000000 0.000000 0.000000 -32610.512533 48.770404
300.000000 0.146000 0.146000 0.146000 0.000000 0.000000 0.000000 -32713.830366 46.502792
300.000000 0.148000 0.148000 0.148000 0.000000 0.000000 0.000000 -32658.875516 52.988511
300.000000 0.150000 0.150000 0.150000 0.000000 0.000000 0.000000 -32662.746246 63.292386
300.000000 0.152000 0.152000 0.152000 0.000000 0.000000 0.000000 -32749.041160 71.454039
300.000000 0.154000 0.154000 0.154000 0.000000 0.000000 0.000000 -32605.541263 67.226397
300.000000 0.156000 0.156000 0.156000 0.000000 0.000000 0.000000 -32648.092241 29.428487
300.000000 0.158000 0.158000 0.158000 0.000000 0.000000 0.000000 -32613.429304 39.803352
300.000000 0.160000 0.160000 0.160000 0.000000 0.000000 0.000000 -32622.736834 79.686901
300.000000 0.162000 0.162000 0.162000 0.000000 0.000000 0.000000 -32607.970707 29.934748
300.000000 0.164000 0.164000 0.164000 0.000000 0.000000 0.000000 -32654.689977 44.287082
300.000000 0.166000 0.166000 0.166000 0.000000 0.000000 0.000000 -32651.891602 80.719763
300.000000 0.168000 0.168000 0.168000 0.000000 0.000000 0.000000 -32600.567586 72.824779
300.000000 0.170000 0.170000 0.170000 0.000000 0.000000 0.000000 -32607.856581 58.520324
300.000000 0.172000 0.172000 0.172000 0.000000 0.000000 0.000000 -32648.945470 51.512983
300.000000 0.174000 0.174000 0.174000 0.000000 0.000000 0.000000 -32518.496850 52.853782
300.000000 0.176000 0.176000 0.176000 0.000000 0.000000 0.000000 -32471.984881 53.302097
300.000000 0.178000 0.178000 0.178000 0.000000 0.000000 0.000000 -32555.262949 50.606419
300.000000 0.180000 0.180000 0.180000 0.000000 0.000000 0.000000 -32566.742840 46.986661
300.000000 0.182000 0.182000 0.182000 0.000000 0.000000 0.000000 -32726.854236 46.756423
300.000000 0.184000 0.184000 0.184000 0.000000 0.000000 0.000000 -32691.740626 48.342291
300.000000 0.186000 0.186000 0.186000 0.000000 0.000000 0.000000 -32701.345744 39.163745
300.000000 0.188000 0.188000 0.188000 0.000000 0.000000 0.000000 -32669.375127 36.406271
300.000000 0.190000 0.190000 0.190000 0.000000 0.000000 0.000000 -32626.449149 47.955691
300.000000 0.192000 0.192000 0.192000 0.000000 0.000000 0.000000 -32678.207495 31.359239
300.000000 0.194000 0.194000 0.194000 0.000000 0.000000 0.000000 -32692.824102 31.011491
300.000000 0.196000 0.196000 0.196000 0.000000 0.000000 0.000000 -32723.402267 53.740256
300.000000 0.198000 0.198000 0.198000 0.000000 0.000000 0.000000 -32557.887656 18.228422
300.000000 0.200000 0.200000 0.200000 0.000000 0.000000 0.000000 -32630.362254 53.541451
300.000000 0.202000 0.202000 0.202000 0.000000 0.000000 0.000000 -32636.744314 16.505502
300.000000 0.204000 0.204000 0.204000 0.000000 0.000000 0.000000 -32597.084748 35.252802
300.000000 0.206000 0.206000 0.206000 0.000000 0.000000 0.000000 -32562.690843 32.406889
300.000000 0.208000 0.208000 0.208000 0.000000 0.000000 0.000000 -32591.975502 29.268603
300.000000 0.210000 0.210000 0.210000 0.000000 0.000000 0.000000 -32512.719633 15.071086
300.000000 0.212000 0.212000 0.212000 0.000000 0.000000 0.000000 -32537.352695 18.235975
300.000000 0.214000 0.214000 0.214000 0.000000 0.000000 0.000000 -32535.266660 22.670089
300.000000 0.216000 0.216000 0.216000 0.000000 0.000000 0.000000 -32568.568216 27.807846
300.000000 0.218000 0.218000 0.218000 0.000000 0.000000 0.000000 -32449.576086 30.882948
300.000000 0.220000 0.220000 0.220000 0.000000 0.000000 0.000000 -32489.587361 27.048665
300.000000 0.222000 0.222000 0.222000 0.000000 0.000000 0.000000 -32515.274160 45.364510
300.000000 0.224000 0.224000 0.224000 0.000000 0.000000 0.000000 -32506.790989 43.207225
300.000000 0.226000 0.226000 0.226000 0.000000 0.000000 0.000000 -32556.694300 46.178941
300.000000 0.228000 0.228000 0.228000 0.000000 0.000000 0.000000 -32617.935184 29.319691
300.000000 0.230000 0.230000 0.230000 0.000000 0.000000 0.000000 -32551.716434 48.175983
300.000000 0.232000 0.232000 0.232000 0.000000 0.000000 0.000000 -32586.738906 23.290816
300.000000 0.234000 0.234000 0.234000 0.000000 0.000000 0.000000 -32519.018837 42.525399
300.000000 0.236000 0.236000 0.236000 0.000000 0.000000 0.000000 -32523.035697 25.110391
300.000000 0.238000 0.238000 0.238000 0.000000 0.000000 0.000000 -32587.754985 32.609670
300.000000 0.240000 0.240000 0.240000 0.000000 0.000000 0.000000 -32439.584411 32.863854
300.000000 0.242000 0.242000 0.242000 0.000000 0.000000 0.000000 -32515.787566 23.934645
300.000000 0.244000 0.244000 0.244000 0.000000 0.000000 0.000000 -32440.879100 21.898724
300.000000 0.246000 0.246000 0.246000 0.000000 0.000000 0.000000 -32615.585444 30.407687
300.000000 0.248000 0.248000 0.248000 0.000000 0.000000 0.000000 -32588.709628 17.428259
300.000000 0.250000 0.250000 0.250000 0.000000 0.000000 0.000000 -32529.010535 36.525980
300.000000 0.252000 0.252000 0.252000 0.000000 0.000000 0.000000 -32554.745606 38.298185
300.000000 0.254000 0.254000 0.254000 0.000000 0.000000 0.000000 -32578.233916 17.130070
300.000000 0.256000 0.256000 0.256000 0.000000 0.000000 0.000000 -32514.174977 19.539721
300.000000 0.258000 0.258000 0.258000 0.000000 0.000000 0.000000 -32506.054137 22.745360
300.000000 0.260000 0.260000 0.260000 0.000000 0.000000 0.000000 -32590.376090 23.288568
300.000000 0.262000 0.262000 0.262000 0.000000 0.000000 0.000000 -32649.293573 23.556055
300.000000 0.264000 0.264000 0.264000 0.000000 0.000000 0.000000 -32597.928962 9.479545
300.000000 0.266000 0.266000 0.266000 0.000000 0.000000 0.000000 -32560.784561 27.957787
300.000000 0.268000 0.268000 0.268000 0.000000 0.000000 0.000000 -32545.857565 13.188573
300.000000 0.270000 0.270000 0.270000 0.000000 0.000000 0.000000 -32495.261757 26.902795
300.000000 0.272000 0.272000 0.272000 0.000000 0.000000 0.000000 -32513.789313 16.805656
300.000000 0.274000 0.274000 0.274000 0.000000 0.000000 0.000000 -32491.466325 32.095204
300.000000 0.276000 0.276000 0.276000 0.000000 0.000000 0.000000 -32598.193278 27.446489
300.000000 0.278000 0.278000 0.278000 0.000000 0.000000 0.000000 -32459.023421 27.662865
300.000000 0.280000 0.280000 0.280000 0.000000 0.000000 0.000000 -32605.133504 26.888696
300.000000 0.282000 0.282000 0.282000 0.000000 0.000000 0.000000 -32642.463513 18.313980
300.000000 0.284000 0.284000 0.284000 0.000000 0.000000 0.000000 -32698.158320 22.117254
300.000000 0.286000 0.286000 0.286000 0.000000 0.000000 0.000000 -32596.304877 3.301694
300.000000 0.288000 0.288000 0.288000 0.000000 0.000000 0.000000 -32465.473857 14.856189
300.000000 0.290000 0.290000 0.290000 0.000000 0.000000 0.000000 -32524.700454 10.691244
300.000000 0.292000 0.292000 0.292000 0.000000 0.000000 0.000000 -32717.747592 28.259676
300.000000 0.294000 0.294000 0.294000 0.000000 0.000000 0.000000 -32730.740546 14.980631
300.000000 0.296000 0.296000 0.296000 0.000000 0.000000 0.000000 -32705.935011 25.279281
300.000000 0.298000 0.298000 0.298000 0.000000 0.000000 0.000000 -32498.658839 22.461157
300.000000 0.300000 0.300000 0.300000 0.000000 0.000000 0.000000 -32550.376321 11.607719
300.000000 0.302000 0.302000 0.302000 0.000000 0.000000 0.000000 -32626.048736 11.267070
300.000000 0.304000 0.304000 0.304000 0.000000 0.000000 0.000000 -32746.080522 9.279904
300.000000 0.306000 0.306000 0.306000 0.000000 0.000000 0.000000 -32658.542939 12.455393
300.000000 0.308000 0.308000 0.308000 0.000000 0.000000 0.000000 -32608.093094 12.686753
300.000000 0.310000 0.310000 0.310000 0.000000 0.000000 0.000000 -32578.345563 11.772371
300.000000 0.312000 0.312000 0.312000 0.000000 0.000000 0.000000 -32561.549693 12.349546
300.000000 0.314000 0.314000 0.314000 0.000000 0.000000 0.000000 -32453.067309 7.904951
300.000000 0.316000 0.316000 0.316000 0.000000 0.000000 0.000000 -32467.705252 14.378666
300.000000 0.318000 0.318000 0.318000 0.000000 0.000000 0.000000 -32550.180270 15.451981
300.000000 0.320000 0.320000 0.320000 0.000000 0.000000 0.000000 -32645.070088 12.466485
300.000000 0.322000 0.322000 0.322000 0.000000 0.000000 0.000000 -32640.597438 9.503797
300.000000 0.324000 0.324000 0.324000 0.000000 0.000000 0.000000 -32678.231869 19.140944
300.000000 0.326000 0.326000 0.326000 0.000000 0.000000 0.000000 -32562.170805 12.648179
300.000000 0.328000 0.328000 0.328000 0.000000 0.000000 0.000000 -32609.159041 23.125009
300.000000 0.330000 0.330000 0.330000 0.000000 0.000000 0.000000 -32640.391652 20.670660
300.000000 0.332000 0.332000 0.332000 0.000000 0.000000 0.000000 -32503.840241 23.750964
300.000000 0.334000 0.334000 0.334000 0.000000 0.000000 0.000000 -32562.666058 12.628182
300.000000 0.336000 0.336000 0.336000 0.000000 0.000000 0.000000 -32667.572521 -1.346039
300.000000 0.338000 0.338000 0.338000 0.000000 0.000000 0.000000 -32656.339200 27.584036
300.000000 0.340000 0.340000 0.340000 0.000000 0.000000 0.000000 -32716.341804 20.528400
300.000000 0.342000 0.342000 0.342000 0.000000 0.000000 0.000000 -32465.404679 -0.988444
300.000000 0.344000 0.344000 0.344000 0.000000 0.000000 0.000000 -32548.249499 4.895769
300.000000 0.346000 0.346000 0.346000 0.000000 0.000000 0.000000 -32561.268987 21.677855
300.000000 0.348000 0.348000 0.348000 0.000000 0.000000 0.000000 -32493.168273 12.459488
300.000000 0.350000 0.350000 0.350000 0.000000 0.000000 0.000000 -32509.253623 10.061449
300.000000 0.352000 0.352000 0.352000 0.000000 0.000000 0.000000 -32625.747429 13.570277
300.000000 0.354000 0.354000 0.354000 0.000000 0.000000 0.000000 -32536.080332 8.314128
300.000000 0.356000 0.356000 0.356000 0.000000 0.000000 0.000000 -32498.621750 9.965437
300.000000 0.358000 0.358000 0.358000 0.000000 0.000000 0.000000 -32515.221678 20.860240
300.000000 0.360000 0.360000 0.360000 0.000000 0.000000 0.000000 -32622.584588 29.361405
300.000000 0.362000 0.362000 0.362000 0.000000 0.000000 0.000000 -32533.078956 8.623051
300.000000 0.364000 0.364000 0.364000 0.000000 0.000000 0.000000 -32603.165765 1.881955
300.000000 0.366000 0.366000 0.366000 0.000000 0.000000 0.000000 -32523.370198 8.557595
300.000000 0.368000 0.368000 0.368000 0.000000 0.000000 0.000000 -32604.859233 6.645423
300.000000 0.370000 0.370000 0.370000 0.000000 0.000000 0.000000 -32571.740818 5.401754
300.000000 0.372000 0.372000 0.372000 0.000000 0.000000 0.000000 -32682.592834 6.940592
300.000000 0.374000 0.374000 0.374000 0.000000 0.000000 0.000000 -32592.011063 -0.669247
300.000000 0.376000 0.376000 0.376000 0.000000 0.000000 0.000000 -32645.574780 17.270354
300.000000 0.378000 0.378000 0.378000 0.000000 0.000000 0.000000 -32713.658690 9.968247
300.000000 0.380000 0.380000 0.380000 0.000000 0.000000 0.000000 -32654.485725 14.786934
300.000000 0.382000 0.382000 0.382000 0.000000 0.000000 0.000000 -32448.342291 7.557546
300.000000 0.384000 0.384000 0.384000 0.000000 0.000000 0.000000 -32580.796657 5.052591
300.000000 0.386000 0.386000 0.386000 0.000000 0.000000 0.000000 -32629.840048 4.997136
300.000000 0.388000 0.388000 0.388000 0.000000 0.000000 0.000000 -32535.000182 0.126585
300.000000 0.390000 0.390000 0.390000 0.000000 0.000000 0.000000 -32479.480676 6.298289
300.000000 0.392000 0.392000 0.392000 0.000000 0.000000 0.000000 -32431.324993 6.386825
300.000000 0.394000 0.394000 0.394000 0.000000 0.000000 0.000000 -32624.547986 12.748734
300.000000 0.396000 0.396000 0.396000 0.000000 0.000000 0.000000 -32565.363190 11.803532
300.000000 0.398000 0.398000 0.398000 0.000000 0.000000 0.000000 -32547.258421 0.330130
300.000000 0.400000 0.400000 0.400000 0.000000 0.000000 0.000000 -32482.991111 8.443416
300.000000 0.402000 0.402000 0.402000 0.000000 0.000000 0.000000 -32588.080986 0.368192
300.000000 0.404000 0.404000 0.404000 0.000000 0.000000 0.000000 -32580.288479 7.828281
300.000000 0.406000 0.406000 0.406000 0.000000 0.000000 0.000000 -32599.346841 9.739114
300.000000 0.408000 0.408000 0.408000 0.000000 0.000000 0.000000 -32577.284177 5.288768
300.000000 0.410000 0.410000 0.410000 0.000000 0.000000 0.000000 -32734.191092 -0.153718
300.000000 0.412000 0.412000 0.412000 0.000000 0.000000 0.000000 -32656.234237 19.184295
300.000000 0.414000 0.414000 0.414000 0.000000 0.000000 0.000000 -32466.376199 3.374483
300.000000 0.416000 0.416000 0.416000 0.000000 0.000000 0.000000 -32522.918590 -6.856317
300.000000 0.418000 0.418000 0.418000 0.000000 0.000000 0.000000 -32570.582763 -2.026866
300.000000 0.420000 0.420000 0.420000 0.000000 0.000000 0.000000 -32467.512601 -2.600608
300.000000 0.422000 0.422000 0.422000 0.000000 0.000000 0.000000 -32529.424791 12.306993
300.000000 0.424000 0.424000 0.424000 0.000000 0.000000 0.000000 -32430.026568 1.870811
300.000000 0.426000 0.426000 0.426000 0.000000 0.000000 0.000000 -32462.868445 0.638350
300.000000 0.428000 0.428000 0.428000 0.000000 0.000000 0.000000 -32534.486508 -3.091200
300.000000 0.430000 0.430000 0.430000 0.000000 0.000000 0.000000 -32487.112694 11.323932
300.000000 0.432000 0.432000 0.432000 0.000000 0.000000 0.000000 -32720.613213 -8.942371
300.000000 0.434000 0.434000 0.434000 0.000000 0.000000 0.000000 -32592.108696 3.693296
300.000000 0.436000 0.436000 0.436000 0.000000 0.000000 0.000000 -32490.110006 14.202136
300.000000 0.438000 0.438000 0.438000 0.000000 0.000000 0.000000 -32511.060064 17.618825
300.000000 0.440000 0.440000 0.440000 0.000000 0.000000 0.000000 -32528.377433 2.840513
300.000000 0.442000 0.442000 0.442000 0.000000 0.000000 0.000000 -32536.985974 0.871506
300.000000 0.444000 0.444000 0.444000 0.000000 0.000000 0.000000 -32607.553901 -6.935178
300.000000 0.446000 0.446000 0.446000 0.000000 0.000000 0.000000 -32756.655504 2.927109
300.000000 0.448000 0.448000 0.448000 0.000000 0.000000 0.000000 -32623.573778 4.357845
300.000000 0.450000 0.450000 0.450000 0.000000 0.000000 0.000000 -32625.524839 -1.587870
300.000000 0.452000 0.452000 0.452000 0.000000 0.000000 0.000000 -32744.356107 -14.651408
300.000000 0.454000 0.454000 0.454000 0.000000 0.000000 0.000000 -32711.388869 0.278783
300.000000 0.456000 0.456000 0.456000 0.000000 0.000000 0.000000 -32617.741993 -2.977845
300.000000 0.458000 0.458000 0.458000 0.000000 0.000000 0.000000 -32787.332866 1.277490
300.000000 0.460000 0.460000 0.460000 0.000000 0.000000 0.000000 -32625.268677 -11.285541
300.000000 0.462000 0.462000 0.462000 0.000000 0.000000 0.000000 -32691.624221 -10.204549
300.000000 0.464000 0.464000 0.464000 0.000000 0.000000 0.000000 -32728.230490 -11.430192
300.000000 0.466000 0.466000 0.466000 0.000000 0.000000 0.000000 -32736.404539 1.267887
300.000000 0.468000 0.468000 0.468000 0.000000 0.000000 0.000000 -32617.670384 -9.713570
300.000000 0.470000 0.470000 0.470000 0.000000 0.000000 0.000000 -32605.090319 4.110960
300.000000 0.472000 0.472000 0.472000 0.000000 0.000000 0.000000 -32627.419910 -3.171770
300.000000 0.474000 0.474000 0.474000 0.000000 0.000000 0.000000 -32678.100122 -8.091264
300.000000 0.476000 0.476000 0.476000 0.000000 0.000000 0.000000 -32670.518450 -7.478978
300.000000 0.478000 0.478000 0.478000 0.000000 0.000000 0.000000 -32697.778107 -5.902157
300.000000 0.480000 0.480000 0.480000 0.000000 0.000000 0.000000 -32702.307729 -7.355517
300.000000 0.482000 0.482000 0.482000 0.000000 0.000000 0.000000 -32692.884724 3.173282
300.000000 0.484000 0.484000 0.484000 0.000000 0.000000 0.000000 -32581.012863 -0.814810
300.000000 0.486000 0.486000 0.486000 0.000000 0.000000 0.000000 -32565.152478 -3.425319
300.000000 0.488000 0.488000 0.488000 0.000000 0.000000 0.000000 -32637.026663 2.135756
300.000000 0.490000 0.490000 0.490000 0.000000 0.000000 0.000000 -32602.643743 5.933359
300.000000 0.492000 0.492000 0.492000 0.000000 0.000000 0.000000 -32554.013183 -3.953939
300.000000 0.494000 0.494000 0.494000 0.000000 0.000000 0.000000 -32637.180907 -0.868553
300.000000 0.496000 0.496000 0.496000 0.000000 0.000000 0.000000 -32482.937422 2.846643
300.000000 0.498000 0.498000 0.498000 0.000000 0.000000 0.000000 -32549.214846 1.475661
