11 300.000000 -1.000000 0.500000 0.500000 0.100000 30.000000 0.000000 -32751.780690 3.773716 7.722329
13 300.000000 -1.000000 0.300000 0.500000 0.100000 50.000000 0.000000 -32759.897931 7.037411 6.409968
13 300.000000 -1.000000 0.300000 0.500000 0.100000 50.000000 0.000000 -32863.854905 10.856541 6.634929
8 300.000000 1.000000 0.300000 0.500000 0.100000 50.000000 0.000000 -32860.792632 6.857100 6.473622
7 300.000000 1.000000 0.200000 0.500000 0.100000 60.000000 0.000000 -32896.947109 27.063126 6.588477
7 300.000000 1.000000 0.200000 0.500000 0.100000 60.000000 0.000000 -32875.296846 6.348508 6.559527
8 300.000000 1.000000 0.300000 0.500000 0.100000 50.000000 0.000000 -32939.766890 0.476393 6.729695
8 300.000000 1.000000 0.300000 0.500000 0.100000 50.000000 0.000000 -32746.566326 8.427684 6.543130
7 300.000000 1.000000 0.200000 0.500000 0.100000 60.000000 0.000000 -32832.440607 14.132100 6.817758
6 300.000000 1.000000 0.100000 0.500000 0.100000 70.000000 0.000000 -32858.541860 39.778908 6.405460
6 300.000000 1.000000 0.100000 0.500000 0.100000 70.000000 0.000000 -32876.827707 34.218624 7.603545
6 300.000000 1.000000 0.100000 0.500000 0.100000 70.000000 0.000000 -32936.428050 12.753927 6.399704
7 300.000000 1.000000 0.200000 0.500000 0.100000 60.000000 0.000000 -32814.988796 10.055998 6.453500
7 300.000000 1.000000 0.200000 0.500000 0.100000 60.000000 0.000000 -32857.584483 14.834733 6.745154
8 300.000000 1.000000 0.300000 0.500000 0.100000 50.000000 0.000000 -32710.765956 17.177109 6.688427
7 300.000000 1.000000 0.200000 0.500000 0.100000 60.000000 0.000000 -32859.580615 6.621595 6.398893
9 300.000000 1.000000 0.400000 0.500000 0.100000 40.000000 0.000000 -32953.738738 9.955120 6.389799
9 300.000000 1.000000 0.400000 0.500000 0.100000 40.000000 0.000000 -32837.639501 -0.296454 7.828748
9 300.000000 1.000000 0.400000 0.500000 0.100000 40.000000 0.000000 -32839.294766 10.571086 6.426741
7 300.000000 1.000000 0.200000 0.500000 0.100000 60.000000 0.000000 -32844.978921 17.160805 6.390269
7 300.000000 1.000000 0.200000 0.500000 0.100000 60.000000 0.000000 -32832.218220 13.596892 6.483096
7 300.000000 1.000000 0.200000 0.500000 0.100000 60.000000 0.000000 -32823.802249 11.982063 6.558328
7 300.000000 1.000000 0.200000 0.500000 0.100000 60.000000 0.000000 -32841.754829 16.864528 7.483217
6 300.000000 1.000000 0.100000 0.500000 0.100000 70.000000 0.000000 -32853.485806 19.845824 6.393400
6 300.000000 1.000000 0.100000 0.500000 0.100000 70.000000 0.000000 -32860.149762 20.410107 6.735867
6 300.000000 1.000000 0.100000 0.500000 0.100000 70.000000 0.000000 -32830.698179 23.774615 6.507355
6 300.000000 1.000000 0.100000 0.500000 0.100000 70.000000 0.000000 -32978.545607 21.631717 6.614228
6 300.000000 1.000000 0.100000 0.500000 0.100000 70.000000 0.000000 -32750.249112 27.442473 6.416742
6 300.000000 1.000000 0.100000 0.500000 0.100000 70.000000 0.000000 -32799.990553 20.815009 6.504555
6 300.000000 1.000000 0.100000 0.500000 0.100000 70.000000 0.000000 -32905.491269 24.523104 6.734843
6 300.000000 1.000000 0.100000 0.500000 0.100000 70.000000 0.000000 -32805.880022 22.974898 7.181880
6 300.000000 1.000000 0.100000 0.500000 0.100000 70.000000 0.000000 -32924.174694 22.611024 6.624762
3 300.000000 1.000000 0.000000 0.300000 0.100000 100.000000 0.000000 -32823.132662 81.425684 6.678933
4 300.000000 1.000000 0.000000 0.400000 0.100000 90.000000 0.000000 -32718.281365 59.916905 0.001650
5 300.000000 1.000000 0.000000 0.500000 0.100000 80.000000 0.000000 -32775.860856 52.244410 1.317347
3 300.000000 1.000000 0.000000 0.300000 0.100000 100.000000 0.000000 -32794.889441 69.780214 2.590913
2 300.000000 1.000000 0.000000 0.200000 0.100000 110.000000 0.000000 -32704.595079 110.397591 7.933739
2 300.000000 1.000000 0.000000 0.200000 0.100000 110.000000 0.000000 -32846.848717 113.180654 7.056746
2 300.000000 1.000000 0.000000 0.200000 0.100000 110.000000 0.000000 -32810.406651 113.126658 6.670279
2 300.000000 1.000000 0.000000 0.200000 0.100000 110.000000 0.000000 -32863.033045 102.780768 6.468998
2 300.000000 1.000000 0.000000 0.200000 0.100000 110.000000 0.000000 -32747.298476 123.702470 7.045322
2 300.000000 1.000000 0.000000 0.200000 0.100000 110.000000 0.000000 -32836.520282 119.625217 6.395984
2 300.000000 1.000000 0.000000 0.200000 0.100000 110.000000 0.000000 -32970.450662 128.437793 6.451274
1 300.000000 1.000000 0.000000 0.100000 0.100000 120.000000 0.000000 -32901.538221 129.445658 6.986203
1 300.000000 1.000000 0.000000 0.100000 0.100000 120.000000 0.000000 -32859.666700 145.919393 6.485215
1 300.000000 1.000000 0.000000 0.100000 0.100000 120.000000 0.000000 -32824.069385 134.901745 6.949524
1 300.000000 1.000000 0.000000 0.100000 0.100000 120.000000 0.000000 -32725.870543 144.011075 6.447996
1 300.000000 1.000000 0.000000 0.100000 0.100000 120.000000 0.000000 -32960.394351 149.121104 6.538153
1 300.000000 1.000000 0.000000 0.100000 0.100000 120.000000 0.000000 -32919.811189 182.445238 7.685667
1 300.000000 1.000000 0.000000 0.100000 0.100000 120.000000 0.000000 -32893.936223 179.049844 7.481997
0 300.000000 1.000000 0.000000 0.000000 0.100000 130.000000 0.000000 -32863.339899 187.829156 7.119881
0 300.000000 1.000000 0.000000 0.000000 0.100000 130.000000 0.000000 -32844.200472 187.474164 6.386944
0 300.000000 1.000000 0.000000 0.000000 0.100000 130.000000 0.000000 -32858.103483 182.423945 7.371823
0 300.000000 1.000000 0.000000 0.000000 0.100000 130.000000 0.000000 -32861.074556 195.577492 2.929813
0 300.000000 1.000000 0.000000 0.000000 0.100000 130.000000 0.000000 -32692.459538 153.111598 0.310287
0 300.000000 1.000000 0.000000 0.000000 0.100000 130.000000 0.000000 -32794.899358 159.299864 5.581330
0 300.000000 1.000000 0.000000 0.000000 0.100000 130.000000 0.000000 -32906.734070 182.242861 8.136590
0 300.000000 1.000000 0.000000 0.000000 0.100000 130.000000 0.000000 -32869.263995 189.575877 8.128905
0 300.000000 1.000000 0.000000 0.000000 0.100000 130.000000 0.000000 -32956.990696 192.846450 7.011485
0 300.000000 1.000000 0.000000 0.000000 0.100000 130.000000 0.000000 -32986.675114 179.758464 7.074820
0 300.000000 1.000000 0.000000 0.000000 0.100000 130.000000 0.000000 -32988.193269 182.610150 7.582540
0 300.000000 1.000000 0.000000 0.000000 0.100000 130.000000 0.000000 -32916.984279 178.807755 7.657290
0 300.000000 1.000000 0.000000 0.000000 0.100000 130.000000 0.000000 -32848.054461 172.469353 7.650357
0 300.000000 1.000000 0.000000 0.000000 0.100000 130.000000 0.000000 -32899.770788 185.541972 5.459886
0 300.000000 1.000000 0.000000 0.000000 0.100000 130.000000 0.000000 -32837.662155 156.598778 7.292732
0 300.000000 1.000000 0.000000 0.000000 0.100000 130.000000 0.000000 -32866.065256 162.522947 7.605421
0 300.000000 1.000000 0.000000 0.000000 0.100000 130.000000 0.000000 -32894.679363 186.095519 7.583667
0 300.000000 1.000000 0.000000 0.000000 0.100000 130.000000 0.000000 -32812.810323 171.032066 7.651183
0 300.000000 1.000000 0.000000 0.000000 0.100000 130.000000 0.000000 -32955.908320 155.260992 7.621803
0 300.000000 1.000000 0.000000 0.000000 0.100000 130.000000 0.000000 -32936.155471 162.493931 7.262356
0 300.000000 1.000000 0.000000 0.000000 0.100000 130.000000 0.000000 -32927.249005 189.801876 3.766115
0 300.000000 1.000000 0.000000 0.000000 0.100000 130.000000 0.000000 -32833.631825 164.921148 7.500467
0 300.000000 1.000000 0.000000 0.000000 0.100000 130.000000 0.000000 -32900.887502 163.217259 6.864005
0 300.000000 1.000000 0.000000 0.000000 0.100000 130.000000 0.000000 -32856.435193 175.301678 7.689832
0 300.000000 1.000000 0.000000 0.000000 0.100000 130.000000 0.000000 -32917.118050 184.888824 7.031802
0 300.000000 1.000000 0.000000 0.000000 0.100000 130.000000 0.000000 -32930.662216 168.477235 6.551473
0 300.000000 1.000000 0.000000 0.000000 0.100000 130.000000 0.000000 -32824.519345 181.352314 5.312341
0 300.000000 1.000000 0.000000 0.000000 0.100000 130.000000 0.000000 -32951.204179 184.942243 3.205835
0 300.000000 1.000000 0.000000 0.000000 0.100000 130.000000 0.000000 -32803.344463 177.086083 5.508678
0 300.000000 1.000000 0.000000 0.000000 0.100000 130.000000 0.000000 -33002.813707 180.522433 5.499337
0 300.000000 1.000000 0.000000 0.000000 0.100000 130.000000 0.000000 -32944.947419 187.693899 7.166555
0 300.000000 1.000000 0.000000 0.000000 0.100000 130.000000 0.000000 -32738.262603 183.123695 0.905086
0 300.000000 1.000000 0.000000 0.000000 0.100000 130.000000 0.000000 -32602.410240 173.161040 7.796095
0 300.000000 1.000000 0.000000 0.000000 0.100000 130.000000 0.000000 -32763.361945 174.688077 6.763762
0 300.000000 1.000000 0.000000 0.000000 0.100000 130.000000 0.000000 -32831.349204 156.145639 5.902649
0 300.000000 1.000000 0.000000 0.000000 0.100000 130.000000 0.000000 -32754.195053 150.541888 7.476502
0 300.000000 1.000000 0.000000 0.000000 0.100000 130.000000 0.000000 -32785.487636 164.843768 7.676449
0 300.000000 1.000000 0.000000 0.000000 0.100000 130.000000 0.000000 -32890.703404 148.033075 7.215309
1 300.000000 1.000000 0.000000 0.100000 0.100000 120.000000 0.000000 -32938.233382 131.728078 7.369356
1 300.000000 1.000000 0.000000 0.100000 0.100000 120.000000 0.000000 -32856.334586 139.892341 7.898258
2 300.000000 1.000000 0.000000 0.200000 0.100000 110.000000 0.000000 -32945.883525 52.678701 6.466219
6 300.000000 1.000000 0.100000 0.500000 0.100000 70.000000 0.000000 -32969.032493 34.054329 6.532424
4 300.000000 1.000000 0.000000 0.400000 0.100000 90.000000 0.000000 -32747.620721 44.827723 7.474278
4 300.000000 1.000000 0.000000 0.400000 0.100000 90.000000 0.000000 -32837.420099 67.549915 7.099649
5 300.000000 1.000000 0.000000 0.500000 0.100000 80.000000 0.000000 -32865.940045 38.870017 6.429778
6 300.000000 1.000000 0.100000 0.500000 0.100000 70.000000 0.000000 -32905.947061 30.651309 6.393851
7 300.000000 1.000000 0.200000 0.500000 0.100000 60.000000 0.000000 -32810.804089 18.609183 6.532719
15 300.000000 -1.000000 0.100000 0.500000 0.100000 70.000000 0.000000 -32973.334643 19.966814 6.699876
14 300.000000 -1.000000 0.200000 0.500000 0.100000 60.000000 0.000000 -32819.387448 18.797320 6.396254
15 300.000000 -1.000000 0.100000 0.500000 0.100000 70.000000 0.000000 -32897.704498 30.562802 6.501724
16 300.000000 -1.000000 0.000000 0.500000 0.100000 80.000000 0.000000 -32994.483338 46.938028 6.434728
17 300.000000 -1.000000 0.000000 0.400000 0.100000 90.000000 0.000000 -32813.521797 77.015146 7.107167
18 300.000000 -1.000000 0.000000 0.300000 0.100000 100.000000 0.000000 -32826.297587 98.607671 7.506020
19 300.000000 -1.000000 0.000000 0.200000 0.100000 110.000000 0.000000 -32925.200280 102.538190 7.386419
19 300.000000 -1.000000 0.000000 0.200000 0.100000 110.000000 0.000000 -32879.103570 71.492605 7.589127
18 300.000000 -1.000000 0.000000 0.300000 0.100000 100.000000 0.000000 -32699.490314 55.641564 6.901956
17 300.000000 -1.000000 0.000000 0.400000 0.100000 90.000000 0.000000 -32862.544004 51.848764 6.669580
18 300.000000 -1.000000 0.000000 0.300000 0.100000 100.000000 0.000000 -32862.502454 75.483771 7.062772
18 300.000000 -1.000000 0.000000 0.300000 0.100000 100.000000 0.000000 -32865.341845 72.327830 6.696893
18 300.000000 -1.000000 0.000000 0.300000 0.100000 100.000000 0.000000 -32953.354672 78.515414 6.523124
18 300.000000 -1.000000 0.000000 0.300000 0.100000 100.000000 0.000000 -32717.314879 69.984794 6.597312
18 300.000000 -1.000000 0.000000 0.300000 0.100000 100.000000 0.000000 -32999.178935 94.934797 6.554175
18 300.000000 -1.000000 0.000000 0.300000 0.100000 100.000000 0.000000 -32753.694271 42.564378 6.476291
17 300.000000 -1.000000 0.000000 0.400000 0.100000 90.000000 0.000000 -32737.313915 58.839274 6.483167
19 300.000000 -1.000000 0.000000 0.200000 0.100000 110.000000 0.000000 -32842.461686 41.220055 6.917370
17 300.000000 -1.000000 0.000000 0.400000 0.100000 90.000000 0.000000 -32657.992642 83.213638 7.660247
17 300.000000 -1.000000 0.000000 0.400000 0.100000 90.000000 0.000000 -32924.109602 47.822570 6.429299
16 300.000000 -1.000000 0.000000 0.500000 0.100000 80.000000 0.000000 -32898.773272 47.515663 6.409462
18 300.000000 -1.000000 0.000000 0.300000 0.100000 100.000000 0.000000 -32838.342742 68.660205 6.410836
18 300.000000 -1.000000 0.000000 0.300000 0.100000 100.000000 0.000000 -32767.073519 66.827610 6.704247
19 300.000000 -1.000000 0.000000 0.200000 0.100000 110.000000 0.000000 -32857.902536 77.065710 7.409473
18 300.000000 -1.000000 0.000000 0.300000 0.100000 100.000000 0.000000 -32848.824360 87.929007 7.246597
19 300.000000 -1.000000 0.000000 0.200000 0.100000 110.000000 0.000000 -32892.375977 76.709863 6.825863
17 300.000000 -1.000000 0.000000 0.400000 0.100000 90.000000 0.000000 -32747.180539 80.964686 7.496840
18 300.000000 -1.000000 0.000000 0.300000 0.100000 100.000000 0.000000 -32989.557114 95.762539 7.150217
19 300.000000 -1.000000 0.000000 0.200000 0.100000 110.000000 0.000000 -32857.861460 53.572507 7.270105
16 300.000000 -1.000000 0.000000 0.500000 0.100000 80.000000 0.000000 -32695.978523 47.486791 6.921621
18 300.000000 -1.000000 0.000000 0.300000 0.100000 100.000000 0.000000 -32785.688411 96.196367 6.390269
18 300.000000 -1.000000 0.000000 0.300000 0.100000 100.000000 0.000000 -32795.263153 71.432873 6.608565
16 300.000000 -1.000000 0.000000 0.500000 0.100000 80.000000 0.000000 -32794.404338 40.879560 8.199009
18 300.000000 -1.000000 0.000000 0.300000 0.100000 100.000000 0.000000 -32717.159858 85.548977 7.037009
18 300.000000 -1.000000 0.000000 0.300000 0.100000 100.000000 0.000000 -32862.031193 54.644739 6.417938
19 300.000000 -1.000000 0.000000 0.200000 0.100000 110.000000 0.000000 -32814.607205 104.915550 6.704514
19 300.000000 -1.000000 0.000000 0.200000 0.100000 110.000000 0.000000 -32942.963289 78.432554 6.449261
19 300.000000 -1.000000 0.000000 0.200000 0.100000 110.000000 0.000000 -32876.963249 80.906325 6.400208
18 300.000000 -1.000000 0.000000 0.300000 0.100000 100.000000 0.000000 -32907.368295 57.164647 6.433303
16 300.000000 -1.000000 0.000000 0.500000 0.100000 80.000000 0.000000 -32880.182714 72.517362 6.520638
17 300.000000 -1.000000 0.000000 0.400000 0.100000 90.000000 0.000000 -32726.893797 54.128990 6.531404
16 300.000000 -1.000000 0.000000 0.500000 0.100000 80.000000 0.000000 -32864.315706 57.246829 6.401317
16 300.000000 -1.000000 0.000000 0.500000 0.100000 80.000000 0.000000 -32818.436734 60.496760 6.589040
18 300.000000 -1.000000 0.000000 0.300000 0.100000 100.000000 0.000000 -32868.498168 71.366131 6.779531
18 300.000000 -1.000000 0.000000 0.300000 0.100000 100.000000 0.000000 -32844.012956 69.345649 6.729027
18 300.000000 -1.000000 0.000000 0.300000 0.100000 100.000000 0.000000 -32804.549668 54.033448 6.941502
16 300.000000 -1.000000 0.000000 0.500000 0.100000 80.000000 0.000000 -32769.103456 37.257200 6.460269
16 300.000000 -1.000000 0.000000 0.500000 0.100000 80.000000 0.000000 -32733.505151 62.109958 6.393492
18 300.000000 -1.000000 0.000000 0.300000 0.100000 100.000000 0.000000 -32714.833711 66.567558 6.393463
18 300.000000 -1.000000 0.000000 0.300000 0.100000 100.000000 0.000000 -32738.270598 64.858185 6.668429
17 300.000000 -1.000000 0.000000 0.400000 0.100000 90.000000 0.000000 -32802.507067 44.086568 6.445763
16 300.000000 -1.000000 0.000000 0.500000 0.100000 80.000000 0.000000 -32894.281370 51.966213 6.420097
17 300.000000 -1.000000 0.000000 0.400000 0.100000 90.000000 0.000000 -32977.666558 55.409176 6.412237
16 300.000000 -1.000000 0.000000 0.500000 0.100000 80.000000 0.000000 -32776.590518 53.732248 6.391157
15 300.000000 -1.000000 0.100000 0.500000 0.100000 70.000000 0.000000 -32877.902765 57.763691 6.490254
17 300.000000 -1.000000 0.000000 0.400000 0.100000 90.000000 0.000000 -32886.944749 29.003578 6.393806
16 300.000000 -1.000000 0.000000 0.500000 0.100000 80.000000 0.000000 -33056.281804 34.282696 6.432381
17 300.000000 -1.000000 0.000000 0.400000 0.100000 90.000000 0.000000 -32717.689333 77.447117 6.990552
18 300.000000 -1.000000 0.000000 0.300000 0.100000 100.000000 0.000000 -32797.878150 63.223126 6.945280
16 300.000000 -1.000000 0.000000 0.500000 0.100000 80.000000 0.000000 -32718.375084 73.326942 6.519628
16 300.000000 -1.000000 0.000000 0.500000 0.100000 80.000000 0.000000 -32904.232576 29.999700 6.404161
15 300.000000 -1.000000 0.100000 0.500000 0.100000 70.000000 0.000000 -32859.313180 16.639937 6.392348
15 300.000000 -1.000000 0.100000 0.500000 0.100000 70.000000 0.000000 -32909.082003 34.186055 6.454705
16 300.000000 -1.000000 0.000000 0.500000 0.100000 80.000000 0.000000 -33058.902696 62.670812 6.491636
17 300.000000 -1.000000 0.000000 0.400000 0.100000 90.000000 0.000000 -32854.457197 65.449723 6.473900
18 300.000000 -1.000000 0.000000 0.300000 0.100000 100.000000 0.000000 -32943.011821 80.652980 7.189533
19 300.000000 -1.000000 0.000000 0.200000 0.100000 110.000000 0.000000 -32747.635136 80.443750 6.458095
18 300.000000 -1.000000 0.000000 0.300000 0.100000 100.000000 0.000000 -32841.414326 88.320952 6.451946
18 300.000000 -1.000000 0.000000 0.300000 0.100000 100.000000 0.000000 -32927.390443 82.123581 6.391490
18 300.000000 -1.000000 0.000000 0.300000 0.100000 100.000000 0.000000 -32727.671586 67.655949 6.506789
18 300.000000 -1.000000 0.000000 0.300000 0.100000 100.000000 0.000000 -32900.034045 80.845631 6.825344
17 300.000000 -1.000000 0.000000 0.400000 0.100000 90.000000 0.000000 -32883.720486 48.701713 6.408905
17 300.000000 -1.000000 0.000000 0.400000 0.100000 90.000000 0.000000 -32912.481184 49.162248 6.399064
16 300.000000 -1.000000 0.000000 0.500000 0.100000 80.000000 0.000000 -32801.595678 28.135830 6.432551
15 300.000000 -1.000000 0.100000 0.500000 0.100000 70.000000 0.000000 -32826.737458 23.482921 7.513823
15 300.000000 -1.000000 0.100000 0.500000 0.100000 70.000000 0.000000 -32794.645300 29.140449 6.395100
15 300.000000 -1.000000 0.100000 0.500000 0.100000 70.000000 0.000000 -33000.137717 32.549574 6.440959
16 300.000000 -1.000000 0.000000 0.500000 0.100000 80.000000 0.000000 -32788.833556 48.464252 6.389751
17 300.000000 -1.000000 0.000000 0.400000 0.100000 90.000000 0.000000 -32971.849790 60.667480 6.571288
16 300.000000 -1.000000 0.000000 0.500000 0.100000 80.000000 0.000000 -32833.129329 42.893363 6.591829
18 300.000000 -1.000000 0.000000 0.300000 0.100000 100.000000 0.000000 -32858.470371 58.156260 6.755479
19 300.000000 -1.000000 0.000000 0.200000 0.100000 110.000000 0.000000 -32732.986847 63.062790 6.660814
19 300.000000 -1.000000 0.000000 0.200000 0.100000 110.000000 0.000000 -32882.355168 96.554673 6.408276
19 300.000000 -1.000000 0.000000 0.200000 0.100000 110.000000 0.000000 -32689.310638 52.625065 7.899883
17 300.000000 -1.000000 0.000000 0.400000 0.100000 90.000000 0.000000 -32802.768623 61.653478 6.482412
16 300.000000 -1.000000 0.000000 0.500000 0.100000 80.000000 0.000000 -32863.150160 64.422159 6.746022
17 300.000000 -1.000000 0.000000 0.400000 0.100000 90.000000 0.000000 -32742.076503 74.924570 7.126463
17 300.000000 -1.000000 0.000000 0.400000 0.100000 90.000000 0.000000 -32759.842203 48.464438 6.495261
16 300.000000 -1.000000 0.000000 0.500000 0.100000 80.000000 0.000000 -32770.676409 53.146183 7.033114
18 300.000000 -1.000000 0.000000 0.300000 0.100000 100.000000 0.000000 -32878.448495 76.043125 6.481339
18 300.000000 -1.000000 0.000000 0.300000 0.100000 100.000000 0.000000 -32738.384072 83.964797 6.417161
18 300.000000 -1.000000 0.000000 0.300000 0.100000 100.000000 0.000000 -32927.033650 91.099449 6.416820
18 300.000000 -1.000000 0.000000 0.300000 0.100000 100.000000 0.000000 -32900.550138 62.401309 6.437814
17 300.000000 -1.000000 0.000000 0.400000 0.100000 90.000000 0.000000 -32791.219332 70.335271 6.404026
18 300.000000 -1.000000 0.000000 0.300000 0.100000 100.000000 0.000000 -32889.658649 64.297552 6.446411
17 300.000000 -1.000000 0.000000 0.400000 0.100000 90.000000 0.000000 -32714.321712 59.143757 6.444521
17 300.000000 -1.000000 0.000000 0.400000 0.100000 90.000000 0.000000 -32708.685626 46.450796 6.452243
16 300.000000 -1.000000 0.000000 0.500000 0.100000 80.000000 0.000000 -32834.201470 53.980577 7.112648
18 300.000000 -1.000000 0.000000 0.300000 0.100000 100.000000 0.000000 -32847.135270 88.843412 6.417536
19 300.000000 -1.000000 0.000000 0.200000 0.100000 110.000000 0.000000 -32909.783486 69.225917 6.408869
18 300.000000 -1.000000 0.000000 0.300000 0.100000 100.000000 0.000000 -32864.811152 58.018571 6.717139
16 300.000000 -1.000000 0.000000 0.500000 0.100000 80.000000 0.000000 -32723.288194 54.236426 8.103389
16 300.000000 -1.000000 0.000000 0.500000 0.100000 80.000000 0.000000 -32827.056691 48.886458 7.111135
16 300.000000 -1.000000 0.000000 0.500000 0.100000 80.000000 0.000000 -32786.105397 53.462317 6.561358
18 300.000000 -1.000000 0.000000 0.300000 0.100000 100.000000 0.000000 -32706.782170 63.144384 7.326124
17 300.000000 -1.000000 0.000000 0.400000 0.100000 90.000000 0.000000 -32848.301889 70.459259 7.326203
17 300.000000 -1.000000 0.000000 0.400000 0.100000 90.000000 0.000000 -32742.900341 72.927217 6.550249
18 300.000000 -1.000000 0.000000 0.300000 0.100000 100.000000 0.000000 -32843.161716 52.855477 6.410798
16 300.000000 -1.000000 0.000000 0.500000 0.100000 80.000000 0.000000 -32828.909825 43.564011 6.480351
17 300.000000 -1.000000 0.000000 0.400000 0.100000 90.000000 0.000000 -32862.497223 57.300855 6.904569
17 300.000000 -1.000000 0.000000 0.400000 0.100000 90.000000 0.000000 -32693.963793 69.800237 6.647767
17 300.000000 -1.000000 0.000000 0.400000 0.100000 90.000000 0.000000 -32770.023547 38.092574 6.395599
18 300.000000 -1.000000 0.000000 0.300000 0.100000 100.000000 0.000000 -32829.959525 65.169298 6.509771
19 300.000000 -1.000000 0.000000 0.200000 0.100000 110.000000 0.000000 -32806.014401 86.965918 8.265202
19 300.000000 -1.000000 0.000000 0.200000 0.100000 110.000000 0.000000 -32781.973192 118.337332 6.486805
19 300.000000 -1.000000 0.000000 0.200000 0.100000 110.000000 0.000000 -32783.520020 105.916674 6.398132
19 300.000000 -1.000000 0.000000 0.200000 0.100000 110.000000 0.000000 -32883.503824 124.843188 6.715031
19 300.000000 -1.000000 0.000000 0.200000 0.100000 110.000000 0.000000 -32935.379870 89.998168 6.431075
18 300.000000 -1.000000 0.000000 0.300000 0.100000 100.000000 0.000000 -32889.646331 35.324027 6.637133
16 300.000000 -1.000000 0.000000 0.500000 0.100000 80.000000 0.000000 -32711.570266 42.722652 7.682906
19 300.000000 -1.000000 0.000000 0.200000 0.100000 110.000000 0.000000 -32717.406174 48.516916 6.406354
18 300.000000 -1.000000 0.000000 0.300000 0.100000 100.000000 0.000000 -32738.470570 63.564963 7.007275
18 300.000000 -1.000000 0.000000 0.300000 0.100000 100.000000 0.000000 -32893.920208 63.634928 6.416861
18 300.000000 -1.000000 0.000000 0.300000 0.100000 100.000000 0.000000 -32900.072682 55.791870 6.411161
18 300.000000 -1.000000 0.000000 0.300000 0.100000 100.000000 0.000000 -32855.396881 89.402241 6.398733
18 300.000000 -1.000000 0.000000 0.300000 0.100000 100.000000 0.000000 -32957.633865 49.999820 6.392273
16 300.000000 -1.000000 0.000000 0.500000 0.100000 80.000000 0.000000 -32888.623170 41.301070 6.616861
17 300.000000 -1.000000 0.000000 0.400000 0.100000 90.000000 0.000000 -32794.739936 43.510290 6.550289
18 300.000000 -1.000000 0.000000 0.300000 0.100000 100.000000 0.000000 -32826.626474 68.632900 6.402797
18 300.000000 -1.000000 0.000000 0.300000 0.100000 100.000000 0.000000 -32889.136260 58.867577 6.557699
17 300.000000 -1.000000 0.000000 0.400000 0.100000 90.000000 0.000000 -32850.163586 77.192229 7.041239
19 300.000000 -1.000000 0.000000 0.200000 0.100000 110.000000 0.000000 -32724.423162 126.241332 6.393003
19 300.000000 -1.000000 0.000000 0.200000 0.100000 110.000000 0.000000 -32795.071288 79.645299 6.588791
17 300.000000 -1.000000 0.000000 0.400000 0.100000 90.000000 0.000000 -32832.449288 40.784694 6.409681
16 300.000000 -1.000000 0.000000 0.500000 0.100000 80.000000 0.000000 -32799.269319 49.649289 6.674144
19 300.000000 -1.000000 0.000000 0.200000 0.100000 110.000000 0.000000 -32770.782794 118.108816 7.059119
19 300.000000 -1.000000 0.000000 0.200000 0.100000 110.000000 0.000000 -32790.164993 123.936469 7.581253
19 300.000000 -1.000000 0.000000 0.200000 0.100000 110.000000 0.000000 -32804.720998 113.547857 6.414898
19 300.000000 -1.000000 0.000000 0.200000 0.100000 110.000000 0.000000 -32775.046716 97.136948 6.537185
19 300.000000 -1.000000 0.000000 0.200000 0.100000 110.000000 0.000000 -32839.497362 130.685871 7.912196
19 300.000000 -1.000000 0.000000 0.200000 0.100000 110.000000 0.000000 -32962.119938 74.539100 6.872136
18 300.000000 -1.000000 0.000000 0.300000 0.100000 100.000000 0.000000 -32773.023450 101.744744 6.500592
19 300.000000 -1.000000 0.000000 0.200000 0.100000 110.000000 0.000000 -32945.923127 114.130195 6.572186
19 300.000000 -1.000000 0.000000 0.200000 0.100000 110.000000 0.000000 -32939.080962 31.832352 6.442006
17 300.000000 -1.000000 0.000000 0.400000 0.100000 90.000000 0.000000 -32880.017957 58.455768 6.929946
16 300.000000 -1.000000 0.000000 0.500000 0.100000 80.000000 0.000000 -32796.550782 57.613857 8.277307
17 300.000000 -1.000000 0.000000 0.400000 0.100000 90.000000 0.000000 -32763.403888 39.195304 7.256435
16 300.000000 -1.000000 0.000000 0.500000 0.100000 80.000000 0.000000 -32877.625996 69.203059 6.714058
17 300.000000 -1.000000 0.000000 0.400000 0.100000 90.000000 0.000000 -32725.730356 51.395269 7.521717
18 300.000000 -1.000000 0.000000 0.300000 0.100000 100.000000 0.000000 -32857.520439 59.536420 6.465435
16 300.000000 -1.000000 0.000000 0.500000 0.100000 80.000000 0.000000 -32788.369910 30.415557 6.857746
16 300.000000 -1.000000 0.000000 0.500000 0.100000 80.000000 0.000000 -32838.616874 65.546846 6.555544
16 300.000000 -1.000000 0.000000 0.500000 0.100000 80.000000 0.000000 -32907.151078 61.879655 6.773493
17 300.000000 -1.000000 0.000000 0.400000 0.100000 90.000000 0.000000 -32749.150339 64.126560 7.487715
19 300.000000 -1.000000 0.000000 0.200000 0.100000 110.000000 0.000000 -32891.637409 110.069646 7.014318
19 300.000000 -1.000000 0.000000 0.200000 0.100000 110.000000 0.000000 -32977.359335 50.041144 7.568871
16 300.000000 -1.000000 0.000000 0.500000 0.100000 80.000000 0.000000 -32905.338256 59.509586 7.338083
17 300.000000 -1.000000 0.000000 0.400000 0.100000 90.000000 0.000000 -32721.816927 77.093071 7.753479
18 300.000000 -1.000000 0.000000 0.300000 0.100000 100.000000 0.000000 -32865.365316 91.548617 6.483309
18 300.000000 -1.000000 0.000000 0.300000 0.100000 100.000000 0.000000 -32890.751883 51.146259 6.565430
16 300.000000 -1.000000 0.000000 0.500000 0.100000 80.000000 0.000000 -32781.511440 39.388134 6.477073
18 300.000000 -1.000000 0.000000 0.300000 0.100000 100.000000 0.000000 -32851.465255 88.108821 8.112752
19 300.000000 -1.000000 0.000000 0.200000 0.100000 110.000000 0.000000 -32848.301602 113.334854 6.538327
19 300.000000 -1.000000 0.000000 0.200000 0.100000 110.000000 0.000000 -32993.504273 95.177936 6.911299
19 300.000000 -1.000000 0.000000 0.200000 0.100000 110.000000 0.000000 -33041.732956 88.390044 6.956303
17 300.000000 -1.000000 0.000000 0.400000 0.100000 90.000000 0.000000 -32852.334113 40.989089 6.433261
16 300.000000 -1.000000 0.000000 0.500000 0.100000 80.000000 0.000000 -32759.140910 57.157005 8.245296
17 300.000000 -1.000000 0.000000 0.400000 0.100000 90.000000 0.000000 -32784.062855 62.831405 6.506887
16 300.000000 -1.000000 0.000000 0.500000 0.100000 80.000000 0.000000 -32837.092177 37.935350 6.453258
15 300.000000 -1.000000 0.100000 0.500000 0.100000 70.000000 0.000000 -32663.559367 35.100356 7.332908
15 300.000000 -1.000000 0.100000 0.500000 0.100000 70.000000 0.000000 -32807.380130 31.501077 6.521614
16 300.000000 -1.000000 0.000000 0.500000 0.100000 80.000000 0.000000 -32697.084694 47.072786 7.932077
17 300.000000 -1.000000 0.000000 0.400000 0.100000 90.000000 0.000000 -32802.066871 33.775834 6.517388
18 300.000000 -1.000000 0.000000 0.300000 0.100000 100.000000 0.000000 -32892.601099 59.980507 7.373307
18 300.000000 -1.000000 0.000000 0.300000 0.100000 100.000000 0.000000 -32884.228097 41.425326 6.404309
17 300.000000 -1.000000 0.000000 0.400000 0.100000 90.000000 0.000000 -32706.774362 66.931490 6.498835
17 300.000000 -1.000000 0.000000 0.400000 0.100000 90.000000 0.000000 -32888.570112 65.462566 8.115120
16 300.000000 -1.000000 0.000000 0.500000 0.100000 80.000000 0.000000 -32768.264016 15.492030 6.969548
17 300.000000 -1.000000 0.000000 0.400000 0.100000 90.000000 0.000000 -32837.335384 65.949782 6.480150
17 300.000000 -1.000000 0.000000 0.400000 0.100000 90.000000 0.000000 -32690.689638 46.559433 6.499834
19 300.000000 -1.000000 0.000000 0.200000 0.100000 110.000000 0.000000 -32593.321120 74.636947 6.650853
18 300.000000 -1.000000 0.000000 0.300000 0.100000 100.000000 0.000000 -32907.396514 78.027895 6.442069
17 300.000000 -1.000000 0.000000 0.400000 0.100000 90.000000 0.000000 -32844.642990 75.096060 6.488483
16 300.000000 -1.000000 0.000000 0.500000 0.100000 80.000000 0.000000 -32919.338580 38.425035 6.390376
16 300.000000 -1.000000 0.000000 0.500000 0.100000 80.000000 0.000000 -32819.851313 45.410546 6.547968
16 300.000000 -1.000000 0.000000 0.500000 0.100000 80.000000 0.000000 -32763.952405 70.352985 6.830595
16 300.000000 -1.000000 0.000000 0.500000 0.100000 80.000000 0.000000 -32901.683704 35.836194 6.428176
16 300.000000 -1.000000 0.000000 0.500000 0.100000 80.000000 0.000000 -32918.706811 35.074724 6.852662
15 300.000000 -1.000000 0.100000 0.500000 0.100000 70.000000 0.000000 -32959.766856 13.011476 6.934755
13 300.000000 -1.000000 0.300000 0.500000 0.100000 50.000000 0.000000 -32817.143993 7.054422 8.052452
14 300.000000 -1.000000 0.200000 0.500000 0.100000 60.000000 0.000000 -33027.668041 12.627594 6.810801
14 300.000000 -1.000000 0.200000 0.500000 0.100000 60.000000 0.000000 -32756.271181 11.327187 6.560040
14 300.000000 -1.000000 0.200000 0.500000 0.100000 60.000000 0.000000 -32855.371563 7.560780 8.135016
14 300.000000 -1.000000 0.200000 0.500000 0.100000 60.000000 0.000000 -32892.957495 16.689667 7.247341
13 300.000000 -1.000000 0.300000 0.500000 0.100000 50.000000 0.000000 -32802.069501 6.194816 8.283333
11 300.000000 -1.000000 0.500000 0.500000 0.100000 30.000000 0.000000 -32856.373957 8.076223 8.227815
13 300.000000 -1.000000 0.300000 0.500000 0.100000 50.000000 0.000000 -32833.736386 2.835175 8.260630
10 300.000000 1.000000 0.500000 0.500000 0.100000 30.000000 0.000000 -32872.321499 7.725686 8.230533
8 300.000000 1.000000 0.300000 0.500000 0.100000 50.000000 0.000000 -32891.681969 9.214647 8.182824
8 300.000000 1.000000 0.300000 0.500000 0.100000 50.000000 0.000000 -32872.880498 3.319855 7.010787
13 300.000000 -1.000000 0.300000 0.500000 0.100000 50.000000 0.000000 -32884.281382 11.004966 6.970011
12 300.000000 -1.000000 0.400000 0.500000 0.100000 40.000000 0.000000 -32997.794129 3.751238 7.896613
12 300.000000 -1.000000 0.400000 0.500000 0.100000 40.000000 0.000000 -32932.373312 7.043129 7.591117
12 300.000000 -1.000000 0.400000 0.500000 0.100000 40.000000 0.000000 -32851.931571 6.379490 8.187193
14 300.000000 -1.000000 0.200000 0.500000 0.100000 60.000000 0.000000 -32799.872388 8.931661 6.750078
13 300.000000 -1.000000 0.300000 0.500000 0.100000 50.000000 0.000000 -32966.168918 5.899116 6.729639
13 300.000000 -1.000000 0.300000 0.500000 0.100000 50.000000 0.000000 -32961.016569 14.261197 7.881258
14 300.000000 -1.000000 0.200000 0.500000 0.100000 60.000000 0.000000 -32875.947697 17.476620 6.564848
15 300.000000 -1.000000 0.100000 0.500000 0.100000 70.000000 0.000000 -32689.505709 24.257510 7.459229
16 300.000000 -1.000000 0.000000 0.500000 0.100000 80.000000 0.000000 -32774.675791 40.418786 7.010596
15 300.000000 -1.000000 0.100000 0.500000 0.100000 70.000000 0.000000 -32897.973907 38.344758 6.419882
15 300.000000 -1.000000 0.100000 0.500000 0.100000 70.000000 0.000000 -32725.236562 23.139955 7.202303
15 300.000000 -1.000000 0.100000 0.500000 0.100000 70.000000 0.000000 -32839.269934 32.403795 8.263532
16 300.000000 -1.000000 0.000000 0.500000 0.100000 80.000000 0.000000 -33035.022658 50.563086 6.814729
16 300.000000 -1.000000 0.000000 0.500000 0.100000 80.000000 0.000000 -32799.567567 42.773441 7.199142
15 300.000000 -1.000000 0.100000 0.500000 0.100000 70.000000 0.000000 -32888.458281 11.460959 6.580722
14 300.000000 -1.000000 0.200000 0.500000 0.100000 60.000000 0.000000 -32815.780686 10.627408 7.346642
14 300.000000 -1.000000 0.200000 0.500000 0.100000 60.000000 0.000000 -32938.044483 12.884563 7.070097
15 300.000000 -1.000000 0.100000 0.500000 0.100000 70.000000 0.000000 -32783.290936 7.376501 6.536606
12 300.000000 -1.000000 0.400000 0.500000 0.100000 40.000000 0.000000 -32678.108193 0.587996 6.434390
13 300.000000 -1.000000 0.300000 0.500000 0.100000 50.000000 0.000000 -32842.109522 11.619881 7.368659
13 300.000000 -1.000000 0.300000 0.500000 0.100000 50.000000 0.000000 -32847.217295 13.828982 7.884960
12 300.000000 -1.000000 0.400000 0.500000 0.100000 40.000000 0.000000 -32803.697967 -0.152088 8.276594
11 300.000000 -1.000000 0.500000 0.500000 0.100000 30.000000 0.000000 -32856.729875 5.618721 6.478679
11 300.000000 -1.000000 0.500000 0.500000 0.100000 30.000000 0.000000 -32948.730007 0.292615 6.465510
12 300.000000 -1.000000 0.400000 0.500000 0.100000 40.000000 0.000000 -32757.245324 5.076974 6.389767
14 300.000000 -1.000000 0.200000 0.500000 0.100000 60.000000 0.000000 -32782.597354 1.937599 7.026344
11 300.000000 -1.000000 0.500000 0.500000 0.100000 30.000000 0.000000 -32903.812134 0.569738 6.434472
10 300.000000 1.000000 0.500000 0.500000 0.100000 30.000000 0.000000 -32888.286182 -4.036661 6.734692
10 300.000000 1.000000 0.500000 0.500000 0.100000 30.000000 0.000000 -32827.654940 3.284227 6.590470
8 300.000000 1.000000 0.300000 0.500000 0.100000 50.000000 0.000000 -32910.138494 10.745244 6.402013
9 300.000000 1.000000 0.400000 0.500000 0.100000 40.000000 0.000000 -32826.398200 4.408824 6.430094
8 300.000000 1.000000 0.300000 0.500000 0.100000 50.000000 0.000000 -32787.216461 4.210032 7.085755
10 300.000000 1.000000 0.500000 0.500000 0.100000 30.000000 0.000000 -33052.962796 6.762341 7.813436
9 300.000000 1.000000 0.400000 0.500000 0.100000 40.000000 0.000000 -32838.238275 0.282993 7.545719
13 300.000000 -1.000000 0.300000 0.500000 0.100000 50.000000 0.000000 -32857.585719 9.880250 7.393250
14 300.000000 -1.000000 0.200000 0.500000 0.100000 60.000000 0.000000 -32786.209165 18.394160 6.413410
15 300.000000 -1.000000 0.100000 0.500000 0.100000 70.000000 0.000000 -32848.010716 29.079775 6.882839
15 300.000000 -1.000000 0.100000 0.500000 0.100000 70.000000 0.000000 -32849.812431 12.846044 6.396490
14 300.000000 -1.000000 0.200000 0.500000 0.100000 60.000000 0.000000 -32937.014458 19.050136 6.389789
14 300.000000 -1.000000 0.200000 0.500000 0.100000 60.000000 0.000000 -32805.800041 6.905475 7.056601
14 300.000000 -1.000000 0.200000 0.500000 0.100000 60.000000 0.000000 -32571.384811 10.394573 7.209635
14 300.000000 -1.000000 0.200000 0.500000 0.100000 60.000000 0.000000 -32842.132763 14.114172 8.007216
15 300.000000 -1.000000 0.100000 0.500000 0.100000 70.000000 0.000000 -32910.410383 17.173477 6.395413
14 300.000000 -1.000000 0.200000 0.500000 0.100000 60.000000 0.000000 -32924.195503 14.344684 7.960060
14 300.000000 -1.000000 0.200000 0.500000 0.100000 60.000000 0.000000 -32905.676035 22.795689 6.559031
15 300.000000 -1.000000 0.100000 0.500000 0.100000 70.000000 0.000000 -32808.802382 14.633420 6.648338
15 300.000000 -1.000000 0.100000 0.500000 0.100000 70.000000 0.000000 -32824.617536 21.326626 8.125329
14 300.000000 -1.000000 0.200000 0.500000 0.100000 60.000000 0.000000 -32844.455643 19.837427 6.905425
15 300.000000 -1.000000 0.100000 0.500000 0.100000 70.000000 0.000000 -32970.615312 18.706000 7.175076
15 300.000000 -1.000000 0.100000 0.500000 0.100000 70.000000 0.000000 -32913.581659 19.225324 6.879875
15 300.000000 -1.000000 0.100000 0.500000 0.100000 70.000000 0.000000 -32880.215766 6.604228 6.817875
12 300.000000 -1.000000 0.400000 0.500000 0.100000 40.000000 0.000000 -32879.843655 4.385971 7.753994
9 300.000000 1.000000 0.400000 0.500000 0.100000 40.000000 0.000000 -32625.430485 -4.868539 6.427776
14 300.000000 -1.000000 0.200000 0.500000 0.100000 60.000000 0.000000 -32831.683273 1.579102 7.236015
10 300.000000 1.000000 0.500000 0.500000 0.100000 30.000000 0.000000 -32770.749781 -1.752544 7.277175
11 300.000000 -1.000000 0.500000 0.500000 0.100000 30.000000 0.000000 -32824.578841 0.411006 6.407111
13 300.000000 -1.000000 0.300000 0.500000 0.100000 50.000000 0.000000 -32918.045653 8.003391 6.753476
13 300.000000 -1.000000 0.300000 0.500000 0.100000 50.000000 0.000000 -32958.490617 3.182894 7.472250
13 300.000000 -1.000000 0.300000 0.500000 0.100000 50.000000 0.000000 -32801.803250 2.676452 7.568720
13 300.000000 -1.000000 0.300000 0.500000 0.100000 50.000000 0.000000 -32848.522044 5.104265 8.096637
13 300.000000 -1.000000 0.300000 0.500000 0.100000 50.000000 0.000000 -32861.429073 19.609727 6.656818
15 300.000000 -1.000000 0.100000 0.500000 0.100000 70.000000 0.000000 -32810.219472 20.132221 6.438495
15 300.000000 -1.000000 0.100000 0.500000 0.100000 70.000000 0.000000 -32729.126509 20.714773 6.751689
14 300.000000 -1.000000 0.200000 0.500000 0.100000 60.000000 0.000000 -32727.637422 13.421822 6.947216
14 300.000000 -1.000000 0.200000 0.500000 0.100000 60.000000 0.000000 -32877.832890 15.043480 6.643895
15 300.000000 -1.000000 0.100000 0.500000 0.100000 70.000000 0.000000 -32863.531816 25.541601 7.426210
15 300.000000 -1.000000 0.100000 0.500000 0.100000 70.000000 0.000000 -32739.677433 15.055505 6.413491
15 300.000000 -1.000000 0.100000 0.500000 0.100000 70.000000 0.000000 -32840.538403 28.668099 6.903411
15 300.000000 -1.000000 0.100000 0.500000 0.100000 70.000000 0.000000 -32865.978059 17.880360 6.661890
15 300.000000 -1.000000 0.100000 0.500000 0.100000 70.000000 0.000000 -32838.474422 28.039877 8.015101
15 300.000000 -1.000000 0.100000 0.500000 0.100000 70.000000 0.000000 -32856.420789 12.591284 7.585361
14 300.000000 -1.000000 0.200000 0.500000 0.100000 60.000000 0.000000 -32741.805853 16.464605 7.754291
14 300.000000 -1.000000 0.200000 0.500000 0.100000 60.000000 0.000000 -32821.420120 12.943379 7.904730
14 300.000000 -1.000000 0.200000 0.500000 0.100000 60.000000 0.000000 -32794.624633 24.251957 7.133471
16 300.000000 -1.000000 0.000000 0.500000 0.100000 80.000000 0.000000 -32799.036671 37.816139 6.473006
16 300.000000 -1.000000 0.000000 0.500000 0.100000 80.000000 0.000000 -32867.346159 49.435398 6.931183
18 300.000000 -1.000000 0.000000 0.300000 0.100000 100.000000 0.000000 -32819.749200 80.838874 6.637167
18 300.000000 -1.000000 0.000000 0.300000 0.100000 100.000000 0.000000 -32956.923145 72.855481 7.114564
17 300.000000 -1.000000 0.000000 0.400000 0.100000 90.000000 0.000000 -32841.038267 82.571794 6.869256
18 300.000000 -1.000000 0.000000 0.300000 0.100000 100.000000 0.000000 -32790.829775 53.740433 7.069748
16 300.000000 -1.000000 0.000000 0.500000 0.100000 80.000000 0.000000 -32821.036036 50.408878 7.549870
16 300.000000 -1.000000 0.000000 0.500000 0.100000 80.000000 0.000000 -32900.278116 47.922541 6.473562
18 300.000000 -1.000000 0.000000 0.300000 0.100000 100.000000 0.000000 -32891.258899 61.988232 6.855214
18 300.000000 -1.000000 0.000000 0.300000 0.100000 100.000000 0.000000 -32794.673900 55.583158 6.793290
16 300.000000 -1.000000 0.000000 0.500000 0.100000 80.000000 0.000000 -32835.444578 53.845631 6.855493
16 300.000000 -1.000000 0.000000 0.500000 0.100000 80.000000 0.000000 -32891.930261 37.746860 6.623162
16 300.000000 -1.000000 0.000000 0.500000 0.100000 80.000000 0.000000 -32784.793939 64.040531 6.884007
17 300.000000 -1.000000 0.000000 0.400000 0.100000 90.000000 0.000000 -33048.081527 52.499566 7.045073
17 300.000000 -1.000000 0.000000 0.400000 0.100000 90.000000 0.000000 -32943.510647 33.684784 8.143598
17 300.000000 -1.000000 0.000000 0.400000 0.100000 90.000000 0.000000 -32707.932409 50.978785 6.394749
17 300.000000 -1.000000 0.000000 0.400000 0.100000 90.000000 0.000000 -32788.534644 72.250310 5.531573
19 300.000000 -1.000000 0.000000 0.200000 0.100000 110.000000 0.000000 -32980.194260 75.890779 4.654918
19 300.000000 -1.000000 0.000000 0.200000 0.100000 110.000000 0.000000 -32924.662077 109.788814 0.225943
19 300.000000 -1.000000 0.000000 0.200000 0.100000 110.000000 0.000000 -32800.404450 124.248840 0.007289
19 300.000000 -1.000000 0.000000 0.200000 0.100000 110.000000 0.000000 -32989.093720 83.333096 8.012280
17 300.000000 -1.000000 0.000000 0.400000 0.100000 90.000000 0.000000 -32818.882840 47.148029 7.148259
16 300.000000 -1.000000 0.000000 0.500000 0.100000 80.000000 0.000000 -32972.428326 55.437894 6.784703
16 300.000000 -1.000000 0.000000 0.500000 0.100000 80.000000 0.000000 -32838.972019 54.314909 6.390078
17 300.000000 -1.000000 0.000000 0.400000 0.100000 90.000000 0.000000 -32749.002109 49.368099 6.467281
18 300.000000 -1.000000 0.000000 0.300000 0.100000 100.000000 0.000000 -33015.151944 81.777156 6.555426
19 300.000000 -1.000000 0.000000 0.200000 0.100000 110.000000 0.000000 -32900.245815 50.156256 6.887323
16 300.000000 -1.000000 0.000000 0.500000 0.100000 80.000000 0.000000 -32784.857136 55.255792 6.398229
17 300.000000 -1.000000 0.000000 0.400000 0.100000 90.000000 0.000000 -32558.343854 61.174517 7.738093
16 300.000000 -1.000000 0.000000 0.500000 0.100000 80.000000 0.000000 -32767.453881 37.320570 8.251666
18 300.000000 -1.000000 0.000000 0.300000 0.100000 100.000000 0.000000 -32837.865900 85.205703 6.581311
18 300.000000 -1.000000 0.000000 0.300000 0.100000 100.000000 0.000000 -32970.843656 89.892850 8.137382
18 300.000000 -1.000000 0.000000 0.300000 0.100000 100.000000 0.000000 -32907.221570 92.190449 6.835766
19 300.000000 -1.000000 0.000000 0.200000 0.100000 110.000000 0.000000 -32950.805164 74.598940 7.225377
18 300.000000 -1.000000 0.000000 0.300000 0.100000 100.000000 0.000000 -32852.357184 47.167487 6.665019
17 300.000000 -1.000000 0.000000 0.400000 0.100000 90.000000 0.000000 -32887.535061 47.314111 7.905507
17 300.000000 -1.000000 0.000000 0.400000 0.100000 90.000000 0.000000 -32835.009583 55.178421 6.453210
17 300.000000 -1.000000 0.000000 0.400000 0.100000 90.000000 0.000000 -32835.156369 53.660539 6.426472
16 300.000000 -1.000000 0.000000 0.500000 0.100000 80.000000 0.000000 -32850.666256 46.148542 6.438006
17 300.000000 -1.000000 0.000000 0.400000 0.100000 90.000000 0.000000 -32926.258804 50.443372 6.453317
19 300.000000 -1.000000 0.000000 0.200000 0.100000 110.000000 0.000000 -32827.662262 85.036772 6.750510
18 300.000000 -1.000000 0.000000 0.300000 0.100000 100.000000 0.000000 -32815.120155 76.794320 6.853882
18 300.000000 -1.000000 0.000000 0.300000 0.100000 100.000000 0.000000 -32831.676501 91.994500 6.950883
19 300.000000 -1.000000 0.000000 0.200000 0.100000 110.000000 0.000000 -32729.175132 105.384394 7.761040
19 300.000000 -1.000000 0.000000 0.200000 0.100000 110.000000 0.000000 -32796.511516 136.457891 6.604568
20 300.000000 -1.000000 0.000000 0.100000 0.100000 120.000000 0.000000 -32951.295707 139.439237 6.649001
20 300.000000 -1.000000 0.000000 0.100000 0.100000 120.000000 0.000000 -32762.988588 135.588267 6.573484
20 300.000000 -1.000000 0.000000 0.100000 0.100000 120.000000 0.000000 -32910.850806 135.164553 6.390405
20 300.000000 -1.000000 0.000000 0.100000 0.100000 120.000000 0.000000 -32976.348125 125.497119 7.257353
20 300.000000 -1.000000 0.000000 0.100000 0.100000 120.000000 0.000000 -32858.985899 129.143537 6.317608
20 300.000000 -1.000000 0.000000 0.100000 0.100000 120.000000 0.000000 -32848.581289 135.927580 6.555955
20 300.000000 -1.000000 0.000000 0.100000 0.100000 120.000000 0.000000 -32719.030802 136.132834 6.395992
20 300.000000 -1.000000 0.000000 0.100000 0.100000 120.000000 0.000000 -32827.256660 126.887696 6.389771
20 300.000000 -1.000000 0.000000 0.100000 0.100000 120.000000 0.000000 -32796.355088 138.571548 6.550654
20 300.000000 -1.000000 0.000000 0.100000 0.100000 120.000000 0.000000 -32787.204929 145.034861 6.539573
20 300.000000 -1.000000 0.000000 0.100000 0.100000 120.000000 0.000000 -32859.912903 145.270214 6.395322
20 300.000000 -1.000000 0.000000 0.100000 0.100000 120.000000 0.000000 -32948.996086 131.684190 6.392425
19 300.000000 -1.000000 0.000000 0.200000 0.100000 110.000000 0.000000 -32929.180344 98.669159 6.592146
19 300.000000 -1.000000 0.000000 0.200000 0.100000 110.000000 0.000000 -32815.471578 83.937916 6.693558
