50.000000 0.500000 0.500000 0.500000 0.000000 0.000000 0.000000 -41766.850836 -1.553537
75.000000 0.500000 0.500000 0.500000 0.000000 0.000000 0.000000 -41469.255945 4.795053
100.000000 0.500000 0.500000 0.500000 0.000000 0.000000 0.000000 -41013.985101 1.897108
125.000000 0.500000 0.500000 0.500000 0.000000 0.000000 0.000000 -40523.280111 4.869742
150.000000 0.500000 0.500000 0.500000 0.000000 0.000000 0.000000 -39975.725015 -6.707098
175.000000 0.500000 0.500000 0.500000 0.000000 0.000000 0.000000 -39407.466267 -18.089747
200.000000 0.500000 0.500000 0.500000 0.000000 0.000000 0.000000 -38799.980818 -3.868905
225.000000 0.500000 0.500000 0.500000 0.000000 0.000000 0.000000 -37861.308503 -4.496295
250.000000 0.500000 0.500000 0.500000 0.000000 0.000000 0.000000 -36640.624765 -8.619144
275.000000 0.500000 0.500000 0.500000 0.000000 0.000000 0.000000 -35537.894253 -4.003346
300.000000 0.500000 0.500000 0.500000 0.000000 0.000000 0.000000 -34812.949266 -4.511233
300.000000 0.500000 0.500000 0.500000 0.000000 0.000000 0.000000 -34981.111599 -12.204230
300.000000 0.500000 0.500000 0.500000 0.000000 0.000000 0.000000 -34967.907679 2.479685
300.000000 0.500000 0.500000 0.500000 0.000000 0.000000 0.000000 -35067.335978 -17.163599
300.000000 0.500000 0.500000 0.500000 0.000000 0.000000 0.000000 -34973.695842 -5.258126
300.000000 0.500000 0.500000 0.500000 0.000000 0.000000 0.000000 -35099.719858 -0.717017
300.000000 0.500000 0.500000 0.500000 0.000000 0.000000 0.000000 -35033.573680 -6.901291
300.000000 0.500000 0.500000 0.500000 0.000000 0.000000 0.000000 -35150.922052 -0.627390
300.000000 0.500000 0.500000 0.500000 0.000000 0.000000 0.000000 -35185.932706 -7.842376
300.000000 0.500000 0.500000 0.500000 0.000000 0.000000 0.000000 -35068.400910 -6.587596
