300.000000 0.500000 0.500000 0.500000 0.000000 0.000000 0.000000 -35139.795427 0.224068
300.000000 0.500000 0.500000 0.500000 0.000000 0.000000 0.000000 -35113.044072 -2.345244
300.000000 0.500000 0.500000 0.500000 0.000000 0.000000 0.000000 -35076.547149 -2.718690
300.000000 0.500000 0.500000 0.500000 0.000000 0.000000 0.000000 -35004.962947 3.704589
300.000000 0.500000 0.500000 0.500000 0.000000 0.000000 0.000000 -34969.995637 -8.873088
300.000000 0.500000 0.500000 0.500000 0.000000 0.000000 0.000000 -35134.610459 1.553537
300.000000 0.500000 0.500000 0.500000 0.000000 0.000000 0.000000 -35045.035619 -7.767686
300.000000 0.500000 0.500000 0.500000 0.000000 0.000000 0.000000 -35236.996058 -4.182600
300.000000 0.500000 0.500000 0.500000 0.000000 0.000000 0.000000 -35116.609143 7.319551
300.000000 0.500000 0.500000 0.500000 0.000000 0.000000 0.000000 -35151.786545 12.488050
300.000000 0.500000 0.500000 0.500000 0.000000 0.000000 0.000000 -35199.372698 -10.127868
300.000000 0.500000 0.500000 0.500000 0.000000 0.000000 0.000000 -35182.295006 7.827438
300.000000 0.500000 0.500000 0.500000 0.000000 0.000000 0.000000 -35231.665139 -3.585086
300.000000 0.500000 0.500000 0.500000 0.000000 0.000000 0.000000 -35055.912598 7.229924
300.000000 0.500000 0.500000 0.500000 0.000000 0.000000 0.000000 -35262.253366 -10.755258
300.000000 0.500000 0.500000 0.500000 0.000000 0.000000 0.000000 -35089.453663 -11.532027
300.000000 0.500000 0.500000 0.500000 0.000000 0.000000 0.000000 -35070.522830 -8.066444
300.000000 0.500000 0.500000 0.500000 0.000000 0.000000 0.000000 -35036.152408 -3.674713
300.000000 0.500000 0.500000 0.500000 0.000000 0.000000 0.000000 -35202.777217 -12.637428
300.000000 0.500000 0.500000 0.500000 0.000000 0.000000 0.000000 -35092.284445 2.345244
300.000000 0.500000 0.500000 0.500000 0.000000 0.000000 0.000000 -35105.070975 -0.507887
300.000000 0.500000 0.500000 0.500000 0.000000 0.000000 0.000000 -35068.327388 -5.063934
300.000000 0.500000 0.500000 0.500000 0.000000 0.000000 0.000000 -35157.013483 -15.669814
300.000000 0.500000 0.500000 0.500000 0.000000 0.000000 0.000000 -35080.733206 -0.418260
300.000000 0.500000 0.500000 0.500000 0.000000 0.000000 0.000000 -35119.122321 -2.180927
300.000000 0.500000 0.500000 0.500000 0.000000 0.000000 0.000000 -35140.657257 -12.966061
300.000000 0.500000 0.500000 0.500000 0.000000 0.000000 0.000000 -35036.667005 2.614125
300.000000 0.500000 0.500000 0.500000 0.000000 0.000000 0.000000 -35171.918957 -3.047323
300.000000 0.500000 0.500000 0.500000 0.000000 0.000000 0.000000 -35132.260985 -23.347873
300.000000 0.500000 0.500000 0.500000 0.000000 0.000000 0.000000 -35160.780376 -11.636592
