300.000000 0.000000 0.000000 0.000000 0.000000 0.000000 0.000000 -34606.155322 841.316465
300.000000 0.002000 0.002000 0.002000 0.000000 0.000000 0.000000 -34616.135546 874.238809
300.000000 0.004000 0.004000 0.004000 0.000000 0.000000 0.000000 -34636.265335 941.820578
300.000000 0.006000 0.006000 0.006000 0.000000 0.000000 0.000000 -34644.245915 854.412588
300.000000 0.008000 0.008000 0.008000 0.000000 0.000000 0.000000 -34500.243583 957.025078
300.000000 0.010000 0.010000 0.010000 0.000000 0.000000 0.000000 -34513.579014 802.229708
300.000000 0.012000 0.012000 0.012000 0.000000 0.000000 0.000000 -34488.557304 777.645463
300.000000 0.014000 0.014000 0.014000 0.000000 0.000000 0.000000 -34477.298386 744.239973
300.000000 0.016000 0.016000 0.016000 0.000000 0.000000 0.000000 -34428.089486 809.674473
300.000000 0.018000 0.018000 0.018000 0.000000 0.000000 0.000000 -34461.640024 944.668530
300.000000 0.020000 0.020000 0.020000 0.000000 0.000000 0.000000 -34501.363906 987.564201
300.000000 0.022000 0.022000 0.022000 0.000000 0.000000 0.000000 -34519.317294 867.187873
300.000000 0.024000 0.024000 0.024000 0.000000 0.000000 0.000000 -34551.426153 898.809271
300.000000 0.026000 0.026000 0.026000 0.000000 0.000000 0.000000 -34478.048773 738.595384
300.000000 0.028000 0.028000 0.028000 0.000000 0.000000 0.000000 -34471.805024 641.025556
300.000000 0.030000 0.030000 0.030000 0.000000 0.000000 0.000000 -34306.603677 180.895714
300.000000 0.032000 0.032000 0.032000 0.000000 0.000000 0.000000 -34406.488048 173.622351
300.000000 0.034000 0.034000 0.034000 0.000000 0.000000 0.000000 -34366.828919 190.150019
300.000000 0.036000 0.036000 0.036000 0.000000 0.000000 0.000000 -34355.157849 244.896583
300.000000 0.038000 0.038000 0.038000 0.000000 0.000000 0.000000 -34489.246582 118.586259
300.000000 0.040000 0.040000 0.040000 0.000000 0.000000 0.000000 -34494.662070 182.153303
300.000000 0.042000 0.042000 0.042000 0.000000 0.000000 0.000000 -34492.355717 94.947113
300.000000 0.044000 0.044000 0.044000 0.000000 0.000000 0.000000 -34423.612545 153.543899
300.000000 0.046000 0.046000 0.046000 0.000000 0.000000 0.000000 -34336.756792 65.063749
300.000000 0.048000 0.048000 0.048000 0.000000 0.000000 0.000000 -34513.443220 124.873423
300.000000 0.050000 0.050000 0.050000 0.000000 0.000000 0.000000 -34425.225826 135.890135
300.000000 0.052000 0.052000 0.052000 0.000000 0.000000 0.000000 -34471.299630 125.371530
300.000000 0.054000 0.054000 0.054000 0.000000 0.000000 0.000000 -34596.565183 170.415948
300.000000 0.056000 0.056000 0.056000 0.000000 0.000000 0.000000 -34551.893778 100.037962
300.000000 0.058000 0.058000 0.058000 0.000000 0.000000 0.000000 -34630.116309 131.667661
300.000000 0.060000 0.060000 0.060000 0.000000 0.000000 0.000000 -34493.525480 117.833312
300.000000 0.062000 0.062000 0.062000 0.000000 0.000000 0.000000 -34484.985328 101.705609
300.000000 0.064000 0.064000 0.064000 0.000000 0.000000 0.000000 -34465.986877 99.616204
300.000000 0.066000 0.066000 0.066000 0.000000 0.000000 0.000000 -34528.014826 135.992261
300.000000 0.068000 0.068000 0.068000 0.000000 0.000000 0.000000 -34596.649488 157.570636
300.000000 0.070000 0.070000 0.070000 0.000000 0.000000 0.000000 -34500.619902 116.084913
300.000000 0.072000 0.072000 0.072000 0.000000 0.000000 0.000000 -34490.834074 67.554669
300.000000 0.074000 0.074000 0.074000 0.000000 0.000000 0.000000 -34495.150871 73.102012
300.000000 0.076000 0.076000 0.076000 0.000000 0.000000 0.000000 -34502.115289 124.773335
300.000000 0.078000 0.078000 0.078000 0.000000 0.000000 0.000000 -34421.963666 124.763469
300.000000 0.080000 0.080000 0.080000 0.000000 0.000000 0.000000 -34456.977629 103.646478
300.000000 0.082000 0.082000 0.082000 0.000000 0.000000 0.000000 -34552.818168 77.501811
300.000000 0.084000 0.084000 0.084000 0.000000 0.000000 0.000000 -34392.150221 105.685190
300.000000 0.086000 0.086000 0.086000 0.000000 0.000000 0.000000 -34540.262337 96.063836
300.000000 0.088000 0.088000 0.088000 0.000000 0.000000 0.000000 -34433.037110 94.667340
300.000000 0.090000 0.090000 0.090000 0.000000 0.000000 0.000000 -34523.553100 114.182648
300.000000 0.092000 0.092000 0.092000 0.000000 0.000000 0.000000 -34633.408133 124.097572
300.000000 0.094000 0.094000 0.094000 0.000000 0.000000 0.000000 -34556.071621 105.671771
300.000000 0.096000 0.096000 0.096000 0.000000 0.000000 0.000000 -34518.094167 88.870372
300.000000 0.098000 0.098000 0.098000 0.000000 0.000000 0.000000 -34389.229820 62.776812
300.000000 0.100000 0.100000 0.100000 0.000000 0.000000 0.000000 -34533.837987 66.023191
300.000000 0.102000 0.102000 0.102000 0.000000 0.000000 0.000000 -34504.948477 73.296168
300.000000 0.104000 0.104000 0.104000 0.000000 0.000000 0.000000 -34365.613105 94.797832
300.000000 0.106000 0.106000 0.106000 0.000000 0.000000 0.000000 -34472.465652 70.109228
300.000000 0.108000 0.108000 0.108000 0.000000 0.000000 0.000000 -34452.924186 98.531729
300.000000 0.110000 0.110000 0.110000 0.000000 0.000000 0.000000 -34403.004339 93.609784
300.000000 0.112000 0.112000 0.112000 0.000000 0.000000 0.000000 -34344.291008 48.605954
300.000000 0.114000 0.114000 0.114000 0.000000 0.000000 0.000000 -34290.582618 45.133594
300.000000 0.116000 0.116000 0.116000 0.000000 0.000000 0.000000 -34375.070153 72.708214
300.000000 0.118000 0.118000 0.118000 0.000000 0.000000 0.000000 -34479.330336 44.629524
300.000000 0.120000 0.120000 0.120000 0.000000 0.000000 0.000000 -34525.285649 26.895761
300.000000 0.122000 0.122000 0.122000 0.000000 0.000000 0.000000 -34408.379043 32.955060
300.000000 0.124000 0.124000 0.124000 0.000000 0.000000 0.000000 -34502.565343 80.393045
300.000000 0.126000 0.126000 0.126000 0.000000 0.000000 0.000000 -34410.730665 60.954603
300.000000 0.128000 0.128000 0.128000 0.000000 0.000000 0.000000 -34426.105585 82.772643
300.000000 0.130000 0.130000 0.130000 0.000000 0.000000 0.000000 -34500.136717 91.626104
300.000000 0.132000 0.132000 0.132000 0.000000 0.000000 0.000000 -34522.653501 84.226295
300.000000 0.134000 0.134000 0.134000 0.000000 0.000000 0.000000 -34458.469858 70.710877
300.000000 0.136000 0.136000 0.136000 0.000000 0.000000 0.000000 -34440.421742 59.657936
300.000000 0.138000 0.138000 0.138000 0.000000 0.000000 0.000000 -34491.405411 61.456912
300.000000 0.140000 0.140000 0.140000 0.000000 0.000000 0.000000 -34394.745005 55.361303
300.000000 0.142000 0.142000 0.142000 0.000000 0.000000 0.000000 -34498.242093 40.652031
300.000000 0.144000 0.144000 0.144000 0.000000 0.000000 0.000000 -34448.614142 48.223199
300.000000 0.146000 0.146000 0.146000 0.000000 0.000000 0.000000 -34379.208537 60.105256
300.000000 0.148000 0.148000 0.148000 0.000000 0.000000 0.000000 -34285.814882 80.314364
300.000000 0.150000 0.150000 0.150000 0.000000 0.000000 0.000000 -34310.637775 55.420024
300.000000 0.152000 0.152000 0.152000 0.000000 0.000000 0.000000 -34243.237042 43.389513
300.000000 0.154000 0.154000 0.154000 0.000000 0.000000 0.000000 -34334.249988 62.570922
300.000000 0.156000 0.156000 0.156000 0.000000 0.000000 0.000000 -34406.683799 39.311066
300.000000 0.158000 0.158000 0.158000 0.000000 0.000000 0.000000 -34299.176561 43.737326
300.000000 0.160000 0.160000 0.160000 0.000000 0.000000 0.000000 -34331.221320 36.012582
300.000000 0.162000 0.162000 0.162000 0.000000 0.000000 0.000000 -34403.552741 52.082739
300.000000 0.164000 0.164000 0.164000 0.000000 0.000000 0.000000 -34286.919352 32.368770
300.000000 0.166000 0.166000 0.166000 0.000000 0.000000 0.000000 -34277.710832 64.725022
300.000000 0.168000 0.168000 0.168000 0.000000 0.000000 0.000000 -34351.646303 31.944231
300.000000 0.170000 0.170000 0.170000 0.000000 0.000000 0.000000 -34289.881869 49.339139
300.000000 0.172000 0.172000 0.172000 0.000000 0.000000 0.000000 -34497.992951 36.066952
300.000000 0.174000 0.174000 0.174000 0.000000 0.000000 0.000000 -34456.713295 38.223949
300.000000 0.176000 0.176000 0.176000 0.000000 0.000000 0.000000 -34447.061629 45.254667
300.000000 0.178000 0.178000 0.178000 0.000000 0.000000 0.000000 -34447.854502 43.906683
300.000000 0.180000 0.180000 0.180000 0.000000 0.000000 0.000000 -34551.659185 56.799808
300.000000 0.182000 0.182000 0.182000 0.000000 0.000000 0.000000 -34464.575232 25.466033
300.000000 0.184000 0.184000 0.184000 0.000000 0.000000 0.000000 -34524.080833 31.355999
300.000000 0.186000 0.186000 0.186000 0.000000 0.000000 0.000000 -34396.980186 56.053184
300.000000 0.188000 0.188000 0.188000 0.000000 0.000000 0.000000 -34358.833608 24.584962
300.000000 0.190000 0.190000 0.190000 0.000000 0.000000 0.000000 -34391.063487 45.743465
300.000000 0.192000 0.192000 0.192000 0.000000 0.000000 0.000000 -34488.237433 56.744926
300.000000 0.194000 0.194000 0.194000 0.000000 0.000000 0.000000 -34495.512649 40.353140
300.000000 0.196000 0.196000 0.196000 0.000000 0.000000 0.000000 -34432.399243 41.801803
300.000000 0.198000 0.198000 0.198000 0.000000 0.000000 0.000000 -34482.466930 57.207743
300.000000 0.200000 0.200000 0.200000 0.000000 0.000000 0.000000 -34523.435862 39.293761
300.000000 0.202000 0.202000 0.202000 0.000000 0.000000 0.000000 -34429.887581 41.689452
300.000000 0.204000 0.204000 0.204000 0.000000 0.000000 0.000000 -34390.104650 27.528737
300.000000 0.206000 0.206000 0.206000 0.000000 0.000000 0.000000 -34367.394795 38.613231
300.000000 0.208000 0.208000 0.208000 0.000000 0.000000 0.000000 -34443.507580 49.634625
300.000000 0.210000 0.210000 0.210000 0.000000 0.000000 0.000000 -34519.973477 51.157823
300.000000 0.212000 0.212000 0.212000 0.000000 0.000000 0.000000 -34521.189650 47.826050
300.000000 0.214000 0.214000 0.214000 0.000000 0.000000 0.000000 -34410.154532 40.810954
300.000000 0.216000 0.216000 0.216000 0.000000 0.000000 0.000000 -34534.307591 45.362303
300.000000 0.218000 0.218000 0.218000 0.000000 0.000000 0.000000 -34584.429519 42.334254
300.000000 0.220000 0.220000 0.220000 0.000000 0.000000 0.000000 -34547.074833 21.335613
300.000000 0.222000 0.222000 0.222000 0.000000 0.000000 0.000000 -34442.236167 28.510115
300.000000 0.224000 0.224000 0.224000 0.000000 0.000000 0.000000 -34488.817407 37.635099
300.000000 0.226000 0.226000 0.226000 0.000000 0.000000 0.000000 -34567.493906 44.231539
300.000000 0.228000 0.228000 0.228000 0.000000 0.000000 0.000000 -34426.885500 52.815284
300.000000 0.230000 0.230000 0.230000 0.000000 0.000000 0.000000 -34512.236932 40.922011
300.000000 0.232000 0.232000 0.232000 0.000000 0.000000 0.000000 -34326.420080 39.444466
300.000000 0.234000 0.234000 0.234000 0.000000 0.000000 0.000000 -34323.249566 24.780956
300.000000 0.236000 0.236000 0.236000 0.000000 0.000000 0.000000 -34340.711038 43.278476
300.000000 0.238000 0.238000 0.238000 0.000000 0.000000 0.000000 -34397.231761 37.077437
300.000000 0.240000 0.240000 0.240000 0.000000 0.000000 0.000000 -34312.294295 28.151539
300.000000 0.242000 0.242000 0.242000 0.000000 0.000000 0.000000 -34475.986968 16.634500
300.000000 0.244000 0.244000 0.244000 0.000000 0.000000 0.000000 -34567.214184 42.450063
300.000000 0.246000 0.246000 0.246000 0.000000 0.000000 0.000000 -34572.370617 23.724150
300.000000 0.248000 0.248000 0.248000 0.000000 0.000000 0.000000 -34489.060408 37.095911
300.000000 0.250000 0.250000 0.250000 0.000000 0.000000 0.000000 -34517.538916 26.381351
300.000000 0.252000 0.252000 0.252000 0.000000 0.000000 0.000000 -34382.221300 55.537437
300.000000 0.254000 0.254000 0.254000 0.000000 0.000000 0.000000 -34476.113864 38.990611
300.000000 0.256000 0.256000 0.256000 0.000000 0.000000 0.000000 -34413.376790 49.965300
300.000000 0.258000 0.258000 0.258000 0.000000 0.000000 0.000000 -34586.860749 48.875643
300.000000 0.260000 0.260000 0.260000 0.000000 0.000000 0.000000 -34503.573433 23.519592
300.000000 0.262000 0.262000 0.262000 0.000000 0.000000 0.000000 -34427.036234 29.611391
300.000000 0.264000 0.264000 0.264000 0.000000 0.000000 0.000000 -34499.630043 25.557460
300.000000 0.266000 0.266000 0.266000 0.000000 0.000000 0.000000 -34529.580464 23.369829
300.000000 0.268000 0.268000 0.268000 0.000000 0.000000 0.000000 -34501.344723 20.269256
300.000000 0.270000 0.270000 0.270000 0.000000 0.000000 0.000000 -34466.479273 35.924553
300.000000 0.272000 0.272000 0.272000 0.000000 0.000000 0.000000 -34451.622842 37.950222
300.000000 0.274000 0.274000 0.274000 0.000000 0.000000 0.000000 -34450.076622 21.375371
300.000000 0.276000 0.276000 0.276000 0.000000 0.000000 0.000000 -34542.609363 41.969381
300.000000 0.278000 0.278000 0.278000 0.000000 0.000000 0.000000 -34522.509001 33.039787
300.000000 0.280000 0.280000 0.280000 0.000000 0.000000 0.000000 -34480.057086 30.362922
300.000000 0.282000 0.282000 0.282000 0.000000 0.000000 0.000000 -34485.629821 15.808709
300.000000 0.284000 0.284000 0.284000 0.000000 0.000000 0.000000 -34442.380454 19.761413
300.000000 0.286000 0.286000 0.286000 0.000000 0.000000 0.000000 -34542.353675 42.607359
300.000000 0.288000 0.288000 0.288000 0.000000 0.000000 0.000000 -34514.907429 44.341362
300.000000 0.290000 0.290000 0.290000 0.000000 0.000000 0.000000 -34567.015117 35.721135
300.000000 0.292000 0.292000 0.292000 0.000000 0.000000 0.000000 -34452.835908 22.855063
300.000000 0.294000 0.294000 0.294000 0.000000 0.000000 0.000000 -34477.063085 24.697039
300.000000 0.296000 0.296000 0.296000 0.000000 0.000000 0.000000 -34404.752536 8.964633
300.000000 0.298000 0.298000 0.298000 0.000000 0.000000 0.000000 -34426.914036 25.122539
300.000000 0.300000 0.300000 0.300000 0.000000 0.000000 0.000000 -34475.288930 16.959562
300.000000 0.302000 0.302000 0.302000 0.000000 0.000000 0.000000 -34463.075247 7.743286
300.000000 0.304000 0.304000 0.304000 0.000000 0.000000 0.000000 -34571.300546 21.571195
300.000000 0.306000 0.306000 0.306000 0.000000 0.000000 0.000000 -34477.323546 13.826886
300.000000 0.308000 0.308000 0.308000 0.000000 0.000000 0.000000 -34515.187815 37.146578
300.000000 0.310000 0.310000 0.310000 0.000000 0.000000 0.000000 -34628.707201 22.672701
300.000000 0.312000 0.312000 0.312000 0.000000 0.000000 0.000000 -34579.422556 3.347513
300.000000 0.314000 0.314000 0.314000 0.000000 0.000000 0.000000 -34453.638265 -1.659696
300.000000 0.316000 0.316000 0.316000 0.000000 0.000000 0.000000 -34453.267078 9.858441
300.000000 0.318000 0.318000 0.318000 0.000000 0.000000 0.000000 -34470.159219 18.507621
300.000000 0.320000 0.320000 0.320000 0.000000 0.000000 0.000000 -34391.181635 5.053364
300.000000 0.322000 0.322000 0.322000 0.000000 0.000000 0.000000 -34281.468712 19.595968
300.000000 0.324000 0.324000 0.324000 0.000000 0.000000 0.000000 -34419.854691 16.383391
300.000000 0.326000 0.326000 0.326000 0.000000 0.000000 0.000000 -34387.447728 1.889407
300.000000 0.328000 0.328000 0.328000 0.000000 0.000000 0.000000 -34418.572381 22.371462
300.000000 0.330000 0.330000 0.330000 0.000000 0.000000 0.000000 -34467.963066 11.462021
300.000000 0.332000 0.332000 0.332000 0.000000 0.000000 0.000000 -34394.362274 17.164129
300.000000 0.334000 0.334000 0.334000 0.000000 0.000000 0.000000 -34385.938839 14.547431
300.000000 0.336000 0.336000 0.336000 0.000000 0.000000 0.000000 -34314.703407 9.993944
300.000000 0.338000 0.338000 0.338000 0.000000 0.000000 0.000000 -34400.337023 12.124700
300.000000 0.340000 0.340000 0.340000 0.000000 0.000000 0.000000 -34459.128983 2.737105
300.000000 0.342000 0.342000 0.342000 0.000000 0.000000 0.000000 -34304.314543 21.515516
300.000000 0.344000 0.344000 0.344000 0.000000 0.000000 0.000000 -34193.330542 12.911821
300.000000 0.346000 0.346000 0.346000 0.000000 0.000000 0.000000 -34505.652380 5.654443
300.000000 0.348000 0.348000 0.348000 0.000000 0.000000 0.000000 -34438.142938 10.910800
300.000000 0.350000 0.350000 0.350000 0.000000 0.000000 0.000000 -34520.127992 21.175885
300.000000 0.352000 0.352000 0.352000 0.000000 0.000000 0.000000 -34448.934647 8.103615
300.000000 0.354000 0.354000 0.354000 0.000000 0.000000 0.000000 -34335.374878 18.519048
300.000000 0.356000 0.356000 0.356000 0.000000 0.000000 0.000000 -34458.597316 11.063391
300.000000 0.358000 0.358000 0.358000 0.000000 0.000000 0.000000 -34455.934451 -1.925283
300.000000 0.360000 0.360000 0.360000 0.000000 0.000000 0.000000 -34485.626447 11.348536
300.000000 0.362000 0.362000 0.362000 0.000000 0.000000 0.000000 -34428.103425 3.740039
300.000000 0.364000 0.364000 0.364000 0.000000 0.000000 0.000000 -34486.511670 20.339089
300.000000 0.366000 0.366000 0.366000 0.000000 0.000000 0.000000 -34375.300141 6.933684
300.000000 0.368000 0.368000 0.368000 0.000000 0.000000 0.000000 -34361.195577 5.749191
300.000000 0.370000 0.370000 0.370000 0.000000 0.000000 0.000000 -34351.965093 27.502387
300.000000 0.372000 0.372000 0.372000 0.000000 0.000000 0.000000 -34289.588277 21.216411
300.000000 0.374000 0.374000 0.374000 0.000000 0.000000 0.000000 -34450.756286 9.495739
300.000000 0.376000 0.376000 0.376000 0.000000 0.000000 0.000000 -34284.373586 20.827915
300.000000 0.378000 0.378000 0.378000 0.000000 0.000000 0.000000 -34494.473979 23.929964
300.000000 0.380000 0.380000 0.380000 0.000000 0.000000 0.000000 -34437.875778 19.361073
300.000000 0.382000 0.382000 0.382000 0.000000 0.000000 0.000000 -34643.879669 4.106364
300.000000 0.384000 0.384000 0.384000 0.000000 0.000000 0.000000 -34542.663519 18.814931
300.000000 0.386000 0.386000 0.386000 0.000000 0.000000 0.000000 -34483.662328 18.201038
300.000000 0.388000 0.388000 0.388000 0.000000 0.000000 0.000000 -34616.486879 12.927664
300.000000 0.390000 0.390000 0.390000 0.000000 0.000000 0.000000 -34502.171428 -2.591037
300.000000 0.392000 0.392000 0.392000 0.000000 0.000000 0.000000 -34556.528935 13.017934
300.000000 0.394000 0.394000 0.394000 0.000000 0.000000 0.000000 -34564.840194 21.963669
300.000000 0.396000 0.396000 0.396000 0.000000 0.000000 0.000000 -34571.738937 6.288426
300.000000 0.398000 0.398000 0.398000 0.000000 0.000000 0.000000 -34597.291668 12.294984
300.000000 0.400000 0.400000 0.400000 0.000000 0.000000 0.000000 -34558.609105 19.426958
300.000000 0.402000 0.402000 0.402000 0.000000 0.000000 0.000000 -34637.637893 16.341915
300.000000 0.404000 0.404000 0.404000 0.000000 0.000000 0.000000 -34601.692685 8.990071
300.000000 0.406000 0.406000 0.406000 0.000000 0.000000 0.000000 -34478.187020 -1.224529
300.000000 0.408000 0.408000 0.408000 0.000000 0.000000 0.000000 -34526.464965 6.929572
300.000000 0.410000 0.410000 0.410000 0.000000 0.000000 0.000000 -34475.181168 -12.779565
300.000000 0.412000 0.412000 0.412000 0.000000 0.000000 0.000000 -34639.446132 9.386604
300.000000 0.414000 0.414000 0.414000 0.000000 0.000000 0.000000 -34660.414247 2.710186
300.000000 0.416000 0.416000 0.416000 0.000000 0.000000 0.000000 -34455.563757 13.146640
300.000000 0.418000 0.418000 0.418000 0.000000 0.000000 0.000000 -34366.182801 13.727017
300.000000 0.420000 0.420000 0.420000 0.000000 0.000000 0.000000 -34390.033732 18.519225
300.000000 0.422000 0.422000 0.422000 0.000000 0.000000 0.000000 -34412.928778 5.584410
300.000000 0.424000 0.424000 0.424000 0.000000 0.000000 0.000000 -34433.390053 -4.250598
300.000000 0.426000 0.426000 0.426000 0.000000 0.000000 0.000000 -34434.480469 2.695941
300.000000 0.428000 0.428000 0.428000 0.000000 0.000000 0.000000 -34453.561630 9.073166
300.000000 0.430000 0.430000 0.430000 0.000000 0.000000 0.000000 -34611.699536 7.035546
300.000000 0.432000 0.432000 0.432000 0.000000 0.000000 0.000000 -34520.089940 11.652940
300.000000 0.434000 0.434000 0.434000 0.000000 0.000000 0.000000 -34493.301263 14.064024
300.000000 0.436000 0.436000 0.436000 0.000000 0.000000 0.000000 -34557.025285 -3.181720
300.000000 0.438000 0.438000 0.438000 0.000000 0.000000 0.000000 -34525.792960 -1.673019
300.000000 0.440000 0.440000 0.440000 0.000000 0.000000 0.000000 -34438.908093 -0.456255
300.000000 0.442000 0.442000 0.442000 0.000000 0.000000 0.000000 -34421.525201 5.148770
300.000000 0.444000 0.444000 0.444000 0.000000 0.000000 0.000000 -34463.016324 13.862693
300.000000 0.446000 0.446000 0.446000 0.000000 0.000000 0.000000 -34627.093183 5.797011
300.000000 0.448000 0.448000 0.448000 0.000000 0.000000 0.000000 -34491.923835 4.432667
300.000000 0.450000 0.450000 0.450000 0.000000 0.000000 0.000000 -34509.333380 12.740537
300.000000 0.452000 0.452000 0.452000 0.000000 0.000000 0.000000 -34481.860456 -0.297883
300.000000 0.454000 0.454000 0.454000 0.000000 0.000000 0.000000 -34467.829045 10.723920
300.000000 0.456000 0.456000 0.456000 0.000000 0.000000 0.000000 -34408.168989 4.351923
300.000000 0.458000 0.458000 0.458000 0.000000 0.000000 0.000000 -34463.572045 5.217486
300.000000 0.460000 0.460000 0.460000 0.000000 0.000000 0.000000 -34462.455697 3.794904
300.000000 0.462000 0.462000 0.462000 0.000000 0.000000 0.000000 -34587.454540 -7.098555
300.000000 0.464000 0.464000 0.464000 0.000000 0.000000 0.000000 -34541.872334 4.181419
300.000000 0.466000 0.466000 0.466000 0.000000 0.000000 0.000000 -34579.074324 3.433387
300.000000 0.468000 0.468000 0.468000 0.000000 0.000000 0.000000 -34666.680563 17.430236
300.000000 0.470000 0.470000 0.470000 0.000000 0.000000 0.000000 -34519.314727 3.991874
300.000000 0.472000 0.472000 0.472000 0.000000 0.000000 0.000000 -34527.843538 -2.015013
300.000000 0.474000 0.474000 0.474000 0.000000 0.000000 0.000000 -34463.999068 10.180988
300.000000 0.476000 0.476000 0.476000 0.000000 0.000000 0.000000 -34380.362083 -0.204259
300.000000 0.478000 0.478000 0.478000 0.000000 0.000000 0.000000 -34390.101157 -4.258200
300.000000 0.480000 0.480000 0.480000 0.000000 0.000000 0.000000 -34245.273103 -13.426307
300.000000 0.482000 0.482000 0.482000 0.000000 0.000000 0.000000 -34366.051437 14.041894
300.000000 0.484000 0.484000 0.484000 0.000000 0.000000 0.000000 -34369.873426 6.236653
300.000000 0.486000 0.486000 0.486000 0.000000 0.000000 0.000000 -34331.377890 14.520761
300.000000 0.488000 0.488000 0.488000 0.000000 0.000000 0.000000 -34419.804001 10.677773
300.000000 0.490000 0.490000 0.490000 0.000000 0.000000 0.000000 -34389.472107 -6.981691
300.000000 0.492000 0.492000 0.492000 0.000000 0.000000 0.000000 -34409.897002 -12.616063
300.000000 0.494000 0.494000 0.494000 0.000000 0.000000 0.000000 -34482.875327 -29.519786
300.000000 0.496000 0.496000 0.496000 0.000000 0.000000 0.000000 -34431.407994 -0.407671
300.000000 0.498000 0.498000 0.498000 0.000000 0.000000 0.000000 -34447.991668 -6.376048
