10 300.000000 1.000000 0.500000 0.500000 0.100000 30.000000 0.000000 -32968.718562 3.684349 6.762120
10 300.000000 1.000000 0.500000 0.500000 0.100000 30.000000 0.000000 -32811.451785 4.483740 6.595976
10 300.000000 1.000000 0.500000 0.500000 0.100000 30.000000 0.000000 -32783.488203 8.962699 6.390819
13 300.000000 -1.000000 0.300000 0.500000 0.100000 50.000000 0.000000 -32970.813081 5.744338 6.525799
13 300.000000 -1.000000 0.300000 0.500000 0.100000 50.000000 0.000000 -32700.655644 8.466230 6.545878
14 300.000000 -1.000000 0.200000 0.500000 0.100000 60.000000 0.000000 -32633.065672 5.119607 7.153993
14 300.000000 -1.000000 0.200000 0.500000 0.100000 60.000000 0.000000 -32757.908843 11.436609 6.659329
15 300.000000 -1.000000 0.100000 0.500000 0.100000 70.000000 0.000000 -32695.405236 23.920014 6.572936
15 300.000000 -1.000000 0.100000 0.500000 0.100000 70.000000 0.000000 -32723.012810 21.331429 6.725804
15 300.000000 -1.000000 0.100000 0.500000 0.100000 70.000000 0.000000 -32937.968268 16.063211 6.642132
14 300.000000 -1.000000 0.200000 0.500000 0.100000 60.000000 0.000000 -32914.184037 8.419893 6.640111
14 300.000000 -1.000000 0.200000 0.500000 0.100000 60.000000 0.000000 -32812.603763 19.910308 7.053526
14 300.000000 -1.000000 0.200000 0.500000 0.100000 60.000000 0.000000 -32859.853640 20.745469 7.795249
15 300.000000 -1.000000 0.100000 0.500000 0.100000 70.000000 0.000000 -32662.253665 22.386170 6.390182
17 300.000000 -1.000000 0.000000 0.400000 0.100000 90.000000 0.000000 -32814.654926 70.412674 7.133359
17 300.000000 -1.000000 0.000000 0.400000 0.100000 90.000000 0.000000 -32853.224948 46.696056 6.528404
16 300.000000 -1.000000 0.000000 0.500000 0.100000 80.000000 0.000000 -32873.748291 32.089834 6.400397
16 300.000000 -1.000000 0.000000 0.500000 0.100000 80.000000 0.000000 -32779.035792 13.854870 6.427658
14 300.000000 -1.000000 0.200000 0.500000 0.100000 60.000000 0.000000 -32844.717203 5.874375 7.657396
15 300.000000 -1.000000 0.100000 0.500000 0.100000 70.000000 0.000000 -32722.136916 27.222813 6.474694
15 300.000000 -1.000000 0.100000 0.500000 0.100000 70.000000 0.000000 -32823.235174 19.228627 6.545205
14 300.000000 -1.000000 0.200000 0.500000 0.100000 60.000000 0.000000 -32940.666112 19.604647 6.650095
15 300.000000 -1.000000 0.100000 0.500000 0.100000 70.000000 0.000000 -32959.186986 35.587722 6.867804
15 300.000000 -1.000000 0.100000 0.500000 0.100000 70.000000 0.000000 -32833.614086 19.453927 6.399602
13 300.000000 -1.000000 0.300000 0.500000 0.100000 50.000000 0.000000 -32929.775208 11.115211 6.476906
14 300.000000 -1.000000 0.200000 0.500000 0.100000 60.000000 0.000000 -32734.840567 7.184323 6.435094
14 300.000000 -1.000000 0.200000 0.500000 0.100000 60.000000 0.000000 -32782.517707 9.389689 6.789002
15 300.000000 -1.000000 0.100000 0.500000 0.100000 70.000000 0.000000 -32748.403735 24.794823 6.393496
15 300.000000 -1.000000 0.100000 0.500000 0.100000 70.000000 0.000000 -32831.852801 28.881390 8.282042
15 300.000000 -1.000000 0.100000 0.500000 0.100000 70.000000 0.000000 -32840.236641 44.156227 6.674566
18 300.000000 -1.000000 0.000000 0.300000 0.100000 100.000000 0.000000 -32818.479369 69.356890 6.398941
16 300.000000 -1.000000 0.000000 0.500000 0.100000 80.000000 0.000000 -32873.914716 50.511678 6.863811
20 300.000000 -1.000000 0.000000 0.100000 0.100000 120.000000 0.000000 -32664.950496 134.700494 6.454926
20 300.000000 -1.000000 0.000000 0.100000 0.100000 120.000000 0.000000 -32914.199114 135.068456 7.858681
19 300.000000 -1.000000 0.000000 0.200000 0.100000 110.000000 0.000000 -32976.122165 76.178997 6.410828
19 300.000000 -1.000000 0.000000 0.200000 0.100000 110.000000 0.000000 -32881.831154 114.376695 6.884285
20 300.000000 -1.000000 0.000000 0.100000 0.100000 120.000000 0.000000 -32856.937362 147.385924 6.438775
20 300.000000 -1.000000 0.000000 0.100000 0.100000 120.000000 0.000000 -32798.626806 137.881973 6.390909
20 300.000000 -1.000000 0.000000 0.100000 0.100000 120.000000 0.000000 -32865.362709 141.183852 6.654754
20 300.000000 -1.000000 0.000000 0.100000 0.100000 120.000000 0.000000 -32885.003634 125.973957 6.391353
20 300.000000 -1.000000 0.000000 0.100000 0.100000 120.000000 0.000000 -32819.992704 134.875376 6.424402
20 300.000000 -1.000000 0.000000 0.100000 0.100000 120.000000 0.000000 -32765.761063 144.402769 6.398912
20 300.000000 -1.000000 0.000000 0.100000 0.100000 120.000000 0.000000 -32755.276984 138.018331 6.647687
20 300.000000 -1.000000 0.000000 0.100000 0.100000 120.000000 0.000000 -32948.132807 135.608331 6.533141
20 300.000000 -1.000000 0.000000 0.100000 0.100000 120.000000 0.000000 -33000.248371 147.405542 6.456497
20 300.000000 -1.000000 0.000000 0.100000 0.100000 120.000000 0.000000 -32785.704447 131.189430 6.422089
20 300.000000 -1.000000 0.000000 0.100000 0.100000 120.000000 0.000000 -32756.900335 140.601757 6.420096
20 300.000000 -1.000000 0.000000 0.100000 0.100000 120.000000 0.000000 -32872.915867 151.041234 7.239381
20 300.000000 -1.000000 0.000000 0.100000 0.100000 120.000000 0.000000 -32776.871930 145.799104 6.151248
20 300.000000 -1.000000 0.000000 0.100000 0.100000 120.000000 0.000000 -32884.448427 165.465521 8.215039
20 300.000000 -1.000000 0.000000 0.100000 0.100000 120.000000 0.000000 -32851.926093 141.170778 8.280266
20 300.000000 -1.000000 0.000000 0.100000 0.100000 120.000000 0.000000 -32915.978353 130.756003 6.483784
20 300.000000 -1.000000 0.000000 0.100000 0.100000 120.000000 0.000000 -32845.914324 138.030112 6.398542
20 300.000000 -1.000000 0.000000 0.100000 0.100000 120.000000 0.000000 -32974.122551 123.895888 6.488700
20 300.000000 -1.000000 0.000000 0.100000 0.100000 120.000000 0.000000 -33026.163908 118.766407 6.414268
20 300.000000 -1.000000 0.000000 0.100000 0.100000 120.000000 0.000000 -32772.400476 125.335461 6.445797
20 300.000000 -1.000000 0.000000 0.100000 0.100000 120.000000 0.000000 -33002.749669 145.100111 6.422040
20 300.000000 -1.000000 0.000000 0.100000 0.100000 120.000000 0.000000 -32818.792242 136.204253 6.466772
20 300.000000 -1.000000 0.000000 0.100000 0.100000 120.000000 0.000000 -32836.888758 126.033071 6.493945
21 300.000000 -1.000000 0.000000 0.000000 0.100000 130.000000 0.000000 -32776.638926 196.648475 6.820240
21 300.000000 -1.000000 0.000000 0.000000 0.100000 130.000000 0.000000 -32814.143055 181.878882 6.993506
21 300.000000 -1.000000 0.000000 0.000000 0.100000 130.000000 0.000000 -32916.374470 179.673250 6.389842
21 300.000000 -1.000000 0.000000 0.000000 0.100000 130.000000 0.000000 -32960.756945 163.625254 7.779430
21 300.000000 -1.000000 0.000000 0.000000 0.100000 130.000000 0.000000 -32887.235827 158.640932 6.042470
21 300.000000 -1.000000 0.000000 0.000000 0.100000 130.000000 0.000000 -32945.947921 163.468656 5.833667
21 300.000000 -1.000000 0.000000 0.000000 0.100000 130.000000 0.000000 -32935.443230 184.068164 4.334368
21 300.000000 -1.000000 0.000000 0.000000 0.100000 130.000000 0.000000 -32699.559159 155.394637 0.900133
21 300.000000 -1.000000 0.000000 0.000000 0.100000 130.000000 0.000000 -32910.942878 153.209117 0.011455
21 300.000000 -1.000000 0.000000 0.000000 0.100000 130.000000 0.000000 -32828.293113 184.953970 6.628686
21 300.000000 -1.000000 0.000000 0.000000 0.100000 130.000000 0.000000 -32917.653915 186.119047 6.840425
21 300.000000 -1.000000 0.000000 0.000000 0.100000 130.000000 0.000000 -32910.323972 155.943000 7.526738
21 300.000000 -1.000000 0.000000 0.000000 0.100000 130.000000 0.000000 -32877.276220 151.629612 7.647319
20 300.000000 -1.000000 0.000000 0.100000 0.100000 120.000000 0.000000 -32783.837103 78.286000 6.529838
18 300.000000 -1.000000 0.000000 0.300000 0.100000 100.000000 0.000000 -32846.560170 41.037597 7.114925
18 300.000000 -1.000000 0.000000 0.300000 0.100000 100.000000 0.000000 -32870.236657 35.726249 6.407018
17 300.000000 -1.000000 0.000000 0.400000 0.100000 90.000000 0.000000 -32862.296567 55.213337 7.131434
17 300.000000 -1.000000 0.000000 0.400000 0.100000 90.000000 0.000000 -32776.023500 42.165418 6.785773
17 300.000000 -1.000000 0.000000 0.400000 0.100000 90.000000 0.000000 -32891.201537 53.467102 6.753936
18 300.000000 -1.000000 0.000000 0.300000 0.100000 100.000000 0.000000 -32687.362925 62.345703 8.282622
16 300.000000 -1.000000 0.000000 0.500000 0.100000 80.000000 0.000000 -32777.834662 58.727436 6.390510
16 300.000000 -1.000000 0.000000 0.500000 0.100000 80.000000 0.000000 -32803.138779 47.788226 6.633234
17 300.000000 -1.000000 0.000000 0.400000 0.100000 90.000000 0.000000 -32832.830892 58.046496 6.396163
16 300.000000 -1.000000 0.000000 0.500000 0.100000 80.000000 0.000000 -32771.044990 46.501432 6.710893
18 300.000000 -1.000000 0.000000 0.300000 0.100000 100.000000 0.000000 -32786.339126 90.208824 6.812704
18 300.000000 -1.000000 0.000000 0.300000 0.100000 100.000000 0.000000 -32986.500834 86.496307 6.595171
18 300.000000 -1.000000 0.000000 0.300000 0.100000 100.000000 0.000000 -32905.975652 83.345246 6.727035
18 300.000000 -1.000000 0.000000 0.300000 0.100000 100.000000 0.000000 -32720.704555 46.289082 7.197653
18 300.000000 -1.000000 0.000000 0.300000 0.100000 100.000000 0.000000 -32874.374415 58.385369 6.527314
18 300.000000 -1.000000 0.000000 0.300000 0.100000 100.000000 0.000000 -32777.305405 80.167207 6.412859
18 300.000000 -1.000000 0.000000 0.300000 0.100000 100.000000 0.000000 -32895.449256 57.441811 7.774552
17 300.000000 -1.000000 0.000000 0.400000 0.100000 90.000000 0.000000 -32889.964725 35.082397 6.574303
19 300.000000 -1.000000 0.000000 0.200000 0.100000 110.000000 0.000000 -32895.164847 70.754872 6.687552
18 300.000000 -1.000000 0.000000 0.300000 0.100000 100.000000 0.000000 -32880.644418 45.116920 6.461515
16 300.000000 -1.000000 0.000000 0.500000 0.100000 80.000000 0.000000 -32910.441830 40.741552 6.425929
16 300.000000 -1.000000 0.000000 0.500000 0.100000 80.000000 0.000000 -32806.614789 69.496759 6.571612
18 300.000000 -1.000000 0.000000 0.300000 0.100000 100.000000 0.000000 -32906.924726 64.011786 7.814445
18 300.000000 -1.000000 0.000000 0.300000 0.100000 100.000000 0.000000 -32726.508175 44.369800 7.277136
18 300.000000 -1.000000 0.000000 0.300000 0.100000 100.000000 0.000000 -32857.639727 84.970485 6.592353
18 300.000000 -1.000000 0.000000 0.300000 0.100000 100.000000 0.000000 -32872.277585 66.491438 7.202389
18 300.000000 -1.000000 0.000000 0.300000 0.100000 100.000000 0.000000 -32722.738919 66.270870 6.429948
17 300.000000 -1.000000 0.000000 0.400000 0.100000 90.000000 0.000000 -32749.372775 57.150475 6.409555
18 300.000000 -1.000000 0.000000 0.300000 0.100000 100.000000 0.000000 -32764.757180 54.966872 6.426918
16 300.000000 -1.000000 0.000000 0.500000 0.100000 80.000000 0.000000 -32854.742481 73.904245 7.260366
18 300.000000 -1.000000 0.000000 0.300000 0.100000 100.000000 0.000000 -32724.746029 47.965257 6.437736
16 300.000000 -1.000000 0.000000 0.500000 0.100000 80.000000 0.000000 -32807.431167 42.275801 6.637493
16 300.000000 -1.000000 0.000000 0.500000 0.100000 80.000000 0.000000 -32865.944964 60.649278 7.217953
18 300.000000 -1.000000 0.000000 0.300000 0.100000 100.000000 0.000000 -32967.093853 55.608386 6.780806
19 300.000000 -1.000000 0.000000 0.200000 0.100000 110.000000 0.000000 -32898.068169 120.096645 1.146155
19 300.000000 -1.000000 0.000000 0.200000 0.100000 110.000000 0.000000 -32790.318339 67.504139 1.578401
19 300.000000 -1.000000 0.000000 0.200000 0.100000 110.000000 0.000000 -32782.081318 108.850651 4.804114
19 300.000000 -1.000000 0.000000 0.200000 0.100000 110.000000 0.000000 -32745.079942 113.742013 5.378953
19 300.000000 -1.000000 0.000000 0.200000 0.100000 110.000000 0.000000 -32926.086667 141.141129 7.176314
20 300.000000 -1.000000 0.000000 0.100000 0.100000 120.000000 0.000000 -32809.209565 131.400120 6.885085
19 300.000000 -1.000000 0.000000 0.200000 0.100000 110.000000 0.000000 -32706.177708 90.951930 6.929699
17 300.000000 -1.000000 0.000000 0.400000 0.100000 90.000000 0.000000 -32698.743390 81.035806 4.362534
18 300.000000 -1.000000 0.000000 0.300000 0.100000 100.000000 0.000000 -32804.346242 76.919657 5.504777
18 300.000000 -1.000000 0.000000 0.300000 0.100000 100.000000 0.000000 -32816.265398 125.413801 5.981906
19 300.000000 -1.000000 0.000000 0.200000 0.100000 110.000000 0.000000 -32781.534785 106.968375 4.782757
19 300.000000 -1.000000 0.000000 0.200000 0.100000 110.000000 0.000000 -32843.548959 138.927497 7.472146
20 300.000000 -1.000000 0.000000 0.100000 0.100000 120.000000 0.000000 -33048.261172 136.281519 6.432440
20 300.000000 -1.000000 0.000000 0.100000 0.100000 120.000000 0.000000 -32867.742802 133.416625 6.486982
20 300.000000 -1.000000 0.000000 0.100000 0.100000 120.000000 0.000000 -32834.871227 179.431674 5.413398
21 300.000000 -1.000000 0.000000 0.000000 0.100000 130.000000 0.000000 -32846.357056 183.488249 0.752377
21 300.000000 -1.000000 0.000000 0.000000 0.100000 130.000000 0.000000 -32969.227602 171.413659 0.637338
21 300.000000 -1.000000 0.000000 0.000000 0.100000 130.000000 0.000000 -32842.431177 140.713475 8.239045
21 300.000000 -1.000000 0.000000 0.000000 0.100000 130.000000 0.000000 -32926.664379 182.568288 7.916594
21 300.000000 -1.000000 0.000000 0.000000 0.100000 130.000000 0.000000 -32885.156793 182.677749 3.155040
21 300.000000 -1.000000 0.000000 0.000000 0.100000 130.000000 0.000000 -32899.838447 177.404746 3.859578
21 300.000000 -1.000000 0.000000 0.000000 0.100000 130.000000 0.000000 -33015.706998 176.464886 5.735666
21 300.000000 -1.000000 0.000000 0.000000 0.100000 130.000000 0.000000 -32843.739098 161.692915 7.389718
21 300.000000 -1.000000 0.000000 0.000000 0.100000 130.000000 0.000000 -32947.074303 159.962130 6.389733
21 300.000000 -1.000000 0.000000 0.000000 0.100000 130.000000 0.000000 -33037.481056 187.311594 8.252187
21 300.000000 -1.000000 0.000000 0.000000 0.100000 130.000000 0.000000 -32684.279704 163.231374 6.768774
21 300.000000 -1.000000 0.000000 0.000000 0.100000 130.000000 0.000000 -32972.721549 184.777610 8.026067
21 300.000000 -1.000000 0.000000 0.000000 0.100000 130.000000 0.000000 -32923.790983 179.084780 8.270804
21 300.000000 -1.000000 0.000000 0.000000 0.100000 130.000000 0.000000 -32892.726422 176.250160 6.398880
20 300.000000 -1.000000 0.000000 0.100000 0.100000 120.000000 0.000000 -32810.460914 135.631217 8.132245
20 300.000000 -1.000000 0.000000 0.100000 0.100000 120.000000 0.000000 -32734.324608 176.012987 4.529310
20 300.000000 -1.000000 0.000000 0.100000 0.100000 120.000000 0.000000 -32909.252419 146.431149 7.258390
20 300.000000 -1.000000 0.000000 0.100000 0.100000 120.000000 0.000000 -32949.034468 151.437504 6.661622
20 300.000000 -1.000000 0.000000 0.100000 0.100000 120.000000 0.000000 -32831.703709 141.573265 6.861360
20 300.000000 -1.000000 0.000000 0.100000 0.100000 120.000000 0.000000 -32812.060415 147.686901 6.396601
20 300.000000 -1.000000 0.000000 0.100000 0.100000 120.000000 0.000000 -32916.513495 133.717225 0.247790
20 300.000000 -1.000000 0.000000 0.100000 0.100000 120.000000 0.000000 -32756.273125 182.888903 5.869933
21 300.000000 -1.000000 0.000000 0.000000 0.100000 130.000000 0.000000 -32885.797274 146.743719 8.277148
20 300.000000 -1.000000 0.000000 0.100000 0.100000 120.000000 0.000000 -32809.486292 146.080646 8.196135
20 300.000000 -1.000000 0.000000 0.100000 0.100000 120.000000 0.000000 -32832.116264 154.885711 7.390341
20 300.000000 -1.000000 0.000000 0.100000 0.100000 120.000000 0.000000 -32915.988009 135.784132 7.740333
20 300.000000 -1.000000 0.000000 0.100000 0.100000 120.000000 0.000000 -32878.040701 136.581855 6.139489
20 300.000000 -1.000000 0.000000 0.100000 0.100000 120.000000 0.000000 -32947.231563 150.765115 6.550148
19 300.000000 -1.000000 0.000000 0.200000 0.100000 110.000000 0.000000 -32781.096147 120.080792 6.847285
19 300.000000 -1.000000 0.000000 0.200000 0.100000 110.000000 0.000000 -32744.104570 130.012396 6.757535
19 300.000000 -1.000000 0.000000 0.200000 0.100000 110.000000 0.000000 -32766.365118 76.122748 6.424849
18 300.000000 -1.000000 0.000000 0.300000 0.100000 100.000000 0.000000 -32771.514814 77.580703 7.500093
18 300.000000 -1.000000 0.000000 0.300000 0.100000 100.000000 0.000000 -32972.608777 65.343549 6.609180
17 300.000000 -1.000000 0.000000 0.400000 0.100000 90.000000 0.000000 -32754.964979 64.116267 6.526924
18 300.000000 -1.000000 0.000000 0.300000 0.100000 100.000000 0.000000 -32912.537615 75.835515 6.498305
17 300.000000 -1.000000 0.000000 0.400000 0.100000 90.000000 0.000000 -32764.304342 40.592956 6.400748
18 300.000000 -1.000000 0.000000 0.300000 0.100000 100.000000 0.000000 -32729.246952 77.124787 6.699342
18 300.000000 -1.000000 0.000000 0.300000 0.100000 100.000000 0.000000 -32852.184042 82.869383 7.407791
18 300.000000 -1.000000 0.000000 0.300000 0.100000 100.000000 0.000000 -32729.980788 96.642649 6.916480
19 300.000000 -1.000000 0.000000 0.200000 0.100000 110.000000 0.000000 -32803.842679 122.761459 6.448819
19 300.000000 -1.000000 0.000000 0.200000 0.100000 110.000000 0.000000 -32710.688943 129.365724 6.807992
20 300.000000 -1.000000 0.000000 0.100000 0.100000 120.000000 0.000000 -32836.366813 137.737152 6.392229
20 300.000000 -1.000000 0.000000 0.100000 0.100000 120.000000 0.000000 -32994.554945 128.797887 6.775214
20 300.000000 -1.000000 0.000000 0.100000 0.100000 120.000000 0.000000 -32949.341357 141.176266 6.655260
20 300.000000 -1.000000 0.000000 0.100000 0.100000 120.000000 0.000000 -32874.159167 147.294421 6.708610
20 300.000000 -1.000000 0.000000 0.100000 0.100000 120.000000 0.000000 -32817.806650 140.900549 6.393266
19 300.000000 -1.000000 0.000000 0.200000 0.100000 110.000000 0.000000 -32951.458039 121.136089 6.494009
19 300.000000 -1.000000 0.000000 0.200000 0.100000 110.000000 0.000000 -32691.268776 135.821540 8.189729
20 300.000000 -1.000000 0.000000 0.100000 0.100000 120.000000 0.000000 -32817.155724 136.844832 7.741814
20 300.000000 -1.000000 0.000000 0.100000 0.100000 120.000000 0.000000 -32746.267283 132.973985 6.511639
20 300.000000 -1.000000 0.000000 0.100000 0.100000 120.000000 0.000000 -32829.748068 144.134285 6.521630
20 300.000000 -1.000000 0.000000 0.100000 0.100000 120.000000 0.000000 -32930.827281 138.311669 7.853744
20 300.000000 -1.000000 0.000000 0.100000 0.100000 120.000000 0.000000 -32812.830144 161.040413 8.263283
20 300.000000 -1.000000 0.000000 0.100000 0.100000 120.000000 0.000000 -32844.618869 173.736105 0.413945
21 300.000000 -1.000000 0.000000 0.000000 0.100000 130.000000 0.000000 -32854.768804 181.621942 3.572000
21 300.000000 -1.000000 0.000000 0.000000 0.100000 130.000000 0.000000 -32763.226010 165.567311 7.967851
21 300.000000 -1.000000 0.000000 0.000000 0.100000 130.000000 0.000000 -32850.592423 167.708992 5.320434
21 300.000000 -1.000000 0.000000 0.000000 0.100000 130.000000 0.000000 -32845.297276 190.755091 6.285264
21 300.000000 -1.000000 0.000000 0.000000 0.100000 130.000000 0.000000 -33139.664556 173.131698 8.282214
20 300.000000 -1.000000 0.000000 0.100000 0.100000 120.000000 0.000000 -32816.196661 121.441635 7.886016
20 300.000000 -1.000000 0.000000 0.100000 0.100000 120.000000 0.000000 -32882.557559 148.906756 7.743121
20 300.000000 -1.000000 0.000000 0.100000 0.100000 120.000000 0.000000 -32812.420222 143.372987 6.739044
20 300.000000 -1.000000 0.000000 0.100000 0.100000 120.000000 0.000000 -32859.350769 138.565665 7.196498
20 300.000000 -1.000000 0.000000 0.100000 0.100000 120.000000 0.000000 -32794.602326 144.638292 8.266479
20 300.000000 -1.000000 0.000000 0.100000 0.100000 120.000000 0.000000 -32844.003529 173.894506 7.285579
20 300.000000 -1.000000 0.000000 0.100000 0.100000 120.000000 0.000000 -32765.169448 139.652045 7.005397
19 300.000000 -1.000000 0.000000 0.200000 0.100000 110.000000 0.000000 -32693.688712 110.466899 7.838813
19 300.000000 -1.000000 0.000000 0.200000 0.100000 110.000000 0.000000 -32742.211882 100.314690 6.958917
19 300.000000 -1.000000 0.000000 0.200000 0.100000 110.000000 0.000000 -32777.151950 119.986423 8.224658
19 300.000000 -1.000000 0.000000 0.200000 0.100000 110.000000 0.000000 -32958.768047 121.633229 7.074140
19 300.000000 -1.000000 0.000000 0.200000 0.100000 110.000000 0.000000 -32984.199857 145.301264 7.042078
19 300.000000 -1.000000 0.000000 0.200000 0.100000 110.000000 0.000000 -32834.411237 67.783744 6.581725
19 300.000000 -1.000000 0.000000 0.200000 0.100000 110.000000 0.000000 -32740.002145 74.156146 7.063785
19 300.000000 -1.000000 0.000000 0.200000 0.100000 110.000000 0.000000 -32932.675376 73.836640 7.830889
17 300.000000 -1.000000 0.000000 0.400000 0.100000 90.000000 0.000000 -32786.137802 81.828450 7.665194
19 300.000000 -1.000000 0.000000 0.200000 0.100000 110.000000 0.000000 -32846.672939 67.702300 6.507602
19 300.000000 -1.000000 0.000000 0.200000 0.100000 110.000000 0.000000 -32916.428916 73.623661 8.283345
19 300.000000 -1.000000 0.000000 0.200000 0.100000 110.000000 0.000000 -32664.858727 119.855317 7.553444
19 300.000000 -1.000000 0.000000 0.200000 0.100000 110.000000 0.000000 -32865.984823 116.246028 6.665849
19 300.000000 -1.000000 0.000000 0.200000 0.100000 110.000000 0.000000 -32798.361231 124.805505 7.757934
19 300.000000 -1.000000 0.000000 0.200000 0.100000 110.000000 0.000000 -32842.172469 127.439206 6.436818
20 300.000000 -1.000000 0.000000 0.100000 0.100000 120.000000 0.000000 -32849.732177 129.667471 8.114988
20 300.000000 -1.000000 0.000000 0.100000 0.100000 120.000000 0.000000 -32851.675552 155.244924 6.932796
20 300.000000 -1.000000 0.000000 0.100000 0.100000 120.000000 0.000000 -32807.233803 153.718516 7.908915
20 300.000000 -1.000000 0.000000 0.100000 0.100000 120.000000 0.000000 -32868.797622 140.791251 8.239685
20 300.000000 -1.000000 0.000000 0.100000 0.100000 120.000000 0.000000 -32964.596801 140.817157 6.550617
20 300.000000 -1.000000 0.000000 0.100000 0.100000 120.000000 0.000000 -32876.437327 142.857639 7.065499
20 300.000000 -1.000000 0.000000 0.100000 0.100000 120.000000 0.000000 -32976.054017 164.978409 7.175741
20 300.000000 -1.000000 0.000000 0.100000 0.100000 120.000000 0.000000 -32887.732237 139.938601 7.380688
20 300.000000 -1.000000 0.000000 0.100000 0.100000 120.000000 0.000000 -32903.942655 133.913739 6.724833
20 300.000000 -1.000000 0.000000 0.100000 0.100000 120.000000 0.000000 -32859.528742 154.266465 7.278589
20 300.000000 -1.000000 0.000000 0.100000 0.100000 120.000000 0.000000 -32816.468355 141.203168 6.905219
20 300.000000 -1.000000 0.000000 0.100000 0.100000 120.000000 0.000000 -33000.492711 141.068109 8.029366
20 300.000000 -1.000000 0.000000 0.100000 0.100000 120.000000 0.000000 -32920.670875 142.034715 6.910310
20 300.000000 -1.000000 0.000000 0.100000 0.100000 120.000000 0.000000 -32975.386140 136.896639 7.182709
20 300.000000 -1.000000 0.000000 0.100000 0.100000 120.000000 0.000000 -32779.854331 140.304868 8.037609
20 300.000000 -1.000000 0.000000 0.100000 0.100000 120.000000 0.000000 -32732.601091 143.931733 8.016762
20 300.000000 -1.000000 0.000000 0.100000 0.100000 120.000000 0.000000 -32818.320306 152.010427 8.199324
20 300.000000 -1.000000 0.000000 0.100000 0.100000 120.000000 0.000000 -33004.478558 147.384959 7.713631
20 300.000000 -1.000000 0.000000 0.100000 0.100000 120.000000 0.000000 -32976.309754 141.003583 6.955672
20 300.000000 -1.000000 0.000000 0.100000 0.100000 120.000000 0.000000 -32852.658896 128.260558 7.261692
19 300.000000 -1.000000 0.000000 0.200000 0.100000 110.000000 0.000000 -32751.327365 67.165073 8.133865
16 300.000000 -1.000000 0.000000 0.500000 0.100000 80.000000 0.000000 -32749.793118 67.621570 6.515945
16 300.000000 -1.000000 0.000000 0.500000 0.100000 80.000000 0.000000 -32780.552679 44.864033 7.883257
17 300.000000 -1.000000 0.000000 0.400000 0.100000 90.000000 0.000000 -32713.320281 56.228215 7.089493
16 300.000000 -1.000000 0.000000 0.500000 0.100000 80.000000 0.000000 -32703.215498 51.955296 6.620357
16 300.000000 -1.000000 0.000000 0.500000 0.100000 80.000000 0.000000 -32842.610816 40.152369 6.392356
15 300.000000 -1.000000 0.100000 0.500000 0.100000 70.000000 0.000000 -32837.841059 36.592425 7.008480
15 300.000000 -1.000000 0.100000 0.500000 0.100000 70.000000 0.000000 -32819.117310 5.013115 6.424689
13 300.000000 -1.000000 0.300000 0.500000 0.100000 50.000000 0.000000 -32796.121897 6.012055 6.495757
13 300.000000 -1.000000 0.300000 0.500000 0.100000 50.000000 0.000000 -32869.469956 -0.745474 8.026688
9 300.000000 1.000000 0.400000 0.500000 0.100000 40.000000 0.000000 -32884.400176 7.803444 5.212516
8 300.000000 1.000000 0.300000 0.500000 0.100000 50.000000 0.000000 -32873.696843 10.407813 6.400211
8 300.000000 1.000000 0.300000 0.500000 0.100000 50.000000 0.000000 -32794.781176 12.581469 6.547180
9 300.000000 1.000000 0.400000 0.500000 0.100000 40.000000 0.000000 -32869.907393 5.232129 6.436152
8 300.000000 1.000000 0.300000 0.500000 0.100000 50.000000 0.000000 -32855.025897 4.339793 6.898930
14 300.000000 -1.000000 0.200000 0.500000 0.100000 60.000000 0.000000 -32794.432099 13.589545 7.462214
13 300.000000 -1.000000 0.300000 0.500000 0.100000 50.000000 0.000000 -32852.058714 8.378239 7.471339
14 300.000000 -1.000000 0.200000 0.500000 0.100000 60.000000 0.000000 -32726.144305 27.033907 8.251165
15 300.000000 -1.000000 0.100000 0.500000 0.100000 70.000000 0.000000 -32795.114193 11.829984 6.792432
15 300.000000 -1.000000 0.100000 0.500000 0.100000 70.000000 0.000000 -32737.821050 21.422462 6.408695
15 300.000000 -1.000000 0.100000 0.500000 0.100000 70.000000 0.000000 -32792.956902 30.233699 7.137344
17 300.000000 -1.000000 0.000000 0.400000 0.100000 90.000000 0.000000 -32952.769713 32.672752 6.713505
16 300.000000 -1.000000 0.000000 0.500000 0.100000 80.000000 0.000000 -32893.358973 28.767211 7.643015
15 300.000000 -1.000000 0.100000 0.500000 0.100000 70.000000 0.000000 -32767.399098 28.940568 6.892705
17 300.000000 -1.000000 0.000000 0.400000 0.100000 90.000000 0.000000 -32896.494049 70.578625 6.432053
19 300.000000 -1.000000 0.000000 0.200000 0.100000 110.000000 0.000000 -32786.939781 64.709504 6.664095
17 300.000000 -1.000000 0.000000 0.400000 0.100000 90.000000 0.000000 -32904.246756 49.459063 7.261122
18 300.000000 -1.000000 0.000000 0.300000 0.100000 100.000000 0.000000 -32848.511036 80.717572 7.365275
18 300.000000 -1.000000 0.000000 0.300000 0.100000 100.000000 0.000000 -32953.154043 44.410401 6.736177
18 300.000000 -1.000000 0.000000 0.300000 0.100000 100.000000 0.000000 -32776.144805 67.510542 6.678079
18 300.000000 -1.000000 0.000000 0.300000 0.100000 100.000000 0.000000 -32810.639439 92.088694 8.282269
19 300.000000 -1.000000 0.000000 0.200000 0.100000 110.000000 0.000000 -32989.464548 116.597726 6.399825
19 300.000000 -1.000000 0.000000 0.200000 0.100000 110.000000 0.000000 -32924.990602 117.295716 5.517213
19 300.000000 -1.000000 0.000000 0.200000 0.100000 110.000000 0.000000 -32813.141774 112.624936 8.175766
19 300.000000 -1.000000 0.000000 0.200000 0.100000 110.000000 0.000000 -32763.510152 63.175845 7.874714
17 300.000000 -1.000000 0.000000 0.400000 0.100000 90.000000 0.000000 -32877.909914 25.075369 6.442076
17 300.000000 -1.000000 0.000000 0.400000 0.100000 90.000000 0.000000 -32882.801284 61.827872 7.523314
17 300.000000 -1.000000 0.000000 0.400000 0.100000 90.000000 0.000000 -32845.645812 62.973014 3.440443
18 300.000000 -1.000000 0.000000 0.300000 0.100000 100.000000 0.000000 -32794.575347 90.057644 0.160840
19 300.000000 -1.000000 0.000000 0.200000 0.100000 110.000000 0.000000 -32787.769991 123.091119 0.492397
19 300.000000 -1.000000 0.000000 0.200000 0.100000 110.000000 0.000000 -32943.315339 76.124710 4.875390
19 300.000000 -1.000000 0.000000 0.200000 0.100000 110.000000 0.000000 -32968.147050 114.515844 4.172689
19 300.000000 -1.000000 0.000000 0.200000 0.100000 110.000000 0.000000 -32861.694259 102.551030 0.877437
19 300.000000 -1.000000 0.000000 0.200000 0.100000 110.000000 0.000000 -32839.201007 68.314741 5.549186
18 300.000000 -1.000000 0.000000 0.300000 0.100000 100.000000 0.000000 -32757.762223 68.069843 0.418603
19 300.000000 -1.000000 0.000000 0.200000 0.100000 110.000000 0.000000 -32916.406652 125.567555 1.657945
19 300.000000 -1.000000 0.000000 0.200000 0.100000 110.000000 0.000000 -32882.930604 110.061498 4.862585
19 300.000000 -1.000000 0.000000 0.200000 0.100000 110.000000 0.000000 -32896.084795 123.577075 6.011727
20 300.000000 -1.000000 0.000000 0.100000 0.100000 120.000000 0.000000 -32969.427737 129.418242 1.854959
19 300.000000 -1.000000 0.000000 0.200000 0.100000 110.000000 0.000000 -32750.848307 125.874091 8.140235
20 300.000000 -1.000000 0.000000 0.100000 0.100000 120.000000 0.000000 -32805.581267 133.664452 6.725108
20 300.000000 -1.000000 0.000000 0.100000 0.100000 120.000000 0.000000 -32779.062256 128.226168 8.229352
20 300.000000 -1.000000 0.000000 0.100000 0.100000 120.000000 0.000000 -32944.004629 137.281640 7.974286
20 300.000000 -1.000000 0.000000 0.100000 0.100000 120.000000 0.000000 -32769.621809 127.504022 6.908902
20 300.000000 -1.000000 0.000000 0.100000 0.100000 120.000000 0.000000 -32897.174307 145.262311 7.161683
20 300.000000 -1.000000 0.000000 0.100000 0.100000 120.000000 0.000000 -32807.604807 134.111879 2.838220
20 300.000000 -1.000000 0.000000 0.100000 0.100000 120.000000 0.000000 -32752.707840 123.452053 3.796765
20 300.000000 -1.000000 0.000000 0.100000 0.100000 120.000000 0.000000 -32787.817303 120.077549 2.972665
20 300.000000 -1.000000 0.000000 0.100000 0.100000 120.000000 0.000000 -32901.170800 145.182159 6.639369
20 300.000000 -1.000000 0.000000 0.100000 0.100000 120.000000 0.000000 -33009.349269 136.784874 6.512544
20 300.000000 -1.000000 0.000000 0.100000 0.100000 120.000000 0.000000 -32751.313514 123.340539 6.394181
20 300.000000 -1.000000 0.000000 0.100000 0.100000 120.000000 0.000000 -32892.619839 86.594290 6.390888
19 300.000000 -1.000000 0.000000 0.200000 0.100000 110.000000 0.000000 -32703.244807 92.800612 4.886159
19 300.000000 -1.000000 0.000000 0.200000 0.100000 110.000000 0.000000 -32666.611693 43.806736 1.108702
16 300.000000 -1.000000 0.000000 0.500000 0.100000 80.000000 0.000000 -32964.315863 53.411590 1.462163
16 300.000000 -1.000000 0.000000 0.500000 0.100000 80.000000 0.000000 -32845.845697 50.433867 6.421813
19 300.000000 -1.000000 0.000000 0.200000 0.100000 110.000000 0.000000 -32784.572308 91.464349 6.400494
19 300.000000 -1.000000 0.000000 0.200000 0.100000 110.000000 0.000000 -32878.412687 123.364563 6.409411
19 300.000000 -1.000000 0.000000 0.200000 0.100000 110.000000 0.000000 -32854.891409 108.511552 7.039924
20 300.000000 -1.000000 0.000000 0.100000 0.100000 120.000000 0.000000 -32860.572743 139.274796 6.841275
20 300.000000 -1.000000 0.000000 0.100000 0.100000 120.000000 0.000000 -32743.869880 145.858995 7.808469
20 300.000000 -1.000000 0.000000 0.100000 0.100000 120.000000 0.000000 -32814.357068 145.845845 8.157316
21 300.000000 -1.000000 0.000000 0.000000 0.100000 130.000000 0.000000 -32834.156309 160.576089 6.451069
21 300.000000 -1.000000 0.000000 0.000000 0.100000 130.000000 0.000000 -32897.179485 183.446051 7.697264
21 300.000000 -1.000000 0.000000 0.000000 0.100000 130.000000 0.000000 -32875.753902 173.292689 7.283888
21 300.000000 -1.000000 0.000000 0.000000 0.100000 130.000000 0.000000 -32983.682111 176.209583 8.218308
21 300.000000 -1.000000 0.000000 0.000000 0.100000 130.000000 0.000000 -32969.436244 176.488134 7.581125
21 300.000000 -1.000000 0.000000 0.000000 0.100000 130.000000 0.000000 -32703.522122 180.367273 7.217352
21 300.000000 -1.000000 0.000000 0.000000 0.100000 130.000000 0.000000 -32912.422224 174.702533 8.229538
21 300.000000 -1.000000 0.000000 0.000000 0.100000 130.000000 0.000000 -32748.118700 173.172020 1.659851
21 300.000000 -1.000000 0.000000 0.000000 0.100000 130.000000 0.000000 -32914.176708 186.670251 7.356214
21 300.000000 -1.000000 0.000000 0.000000 0.100000 130.000000 0.000000 -32912.257139 162.824027 8.060516
21 300.000000 -1.000000 0.000000 0.000000 0.100000 130.000000 0.000000 -32891.898421 156.079119 8.273770
21 300.000000 -1.000000 0.000000 0.000000 0.100000 130.000000 0.000000 -32925.770855 196.773033 6.921442
21 300.000000 -1.000000 0.000000 0.000000 0.100000 130.000000 0.000000 -33037.435627 179.495907 7.945217
21 300.000000 -1.000000 0.000000 0.000000 0.100000 130.000000 0.000000 -32807.156243 153.495963 7.193067
20 300.000000 -1.000000 0.000000 0.100000 0.100000 120.000000 0.000000 -33011.662683 142.273179 7.007916
19 300.000000 -1.000000 0.000000 0.200000 0.100000 110.000000 0.000000 -32897.503184 88.118375 8.269343
19 300.000000 -1.000000 0.000000 0.200000 0.100000 110.000000 0.000000 -32804.196445 89.245850 7.583653
17 300.000000 -1.000000 0.000000 0.400000 0.100000 90.000000 0.000000 -32788.246976 59.829059 7.422256
16 300.000000 -1.000000 0.000000 0.500000 0.100000 80.000000 0.000000 -32700.309377 56.411494 6.992117
19 300.000000 -1.000000 0.000000 0.200000 0.100000 110.000000 0.000000 -32879.691047 55.746273 6.398629
16 300.000000 -1.000000 0.000000 0.500000 0.100000 80.000000 0.000000 -32895.497205 46.660503 6.558665
19 300.000000 -1.000000 0.000000 0.200000 0.100000 110.000000 0.000000 -33032.214714 94.430352 6.881351
19 300.000000 -1.000000 0.000000 0.200000 0.100000 110.000000 0.000000 -32833.172986 58.415022 7.465445
17 300.000000 -1.000000 0.000000 0.400000 0.100000 90.000000 0.000000 -32775.802613 54.574588 6.872266
16 300.000000 -1.000000 0.000000 0.500000 0.100000 80.000000 0.000000 -32794.989786 43.946247 6.406769
16 300.000000 -1.000000 0.000000 0.500000 0.100000 80.000000 0.000000 -32830.610082 67.278206 7.053587
18 300.000000 -1.000000 0.000000 0.300000 0.100000 100.000000 0.000000 -32816.551366 77.574675 6.978944
18 300.000000 -1.000000 0.000000 0.300000 0.100000 100.000000 0.000000 -32661.842074 63.168356 6.750067
16 300.000000 -1.000000 0.000000 0.500000 0.100000 80.000000 0.000000 -32664.648511 53.868574 6.479452
17 300.000000 -1.000000 0.000000 0.400000 0.100000 90.000000 0.000000 -32833.674202 72.078632 6.723381
18 300.000000 -1.000000 0.000000 0.300000 0.100000 100.000000 0.000000 -32875.133865 79.239206 7.034013
19 300.000000 -1.000000 0.000000 0.200000 0.100000 110.000000 0.000000 -32875.265900 82.409723 7.623255
18 300.000000 -1.000000 0.000000 0.300000 0.100000 100.000000 0.000000 -32746.088071 50.176409 8.281713
19 300.000000 -1.000000 0.000000 0.200000 0.100000 110.000000 0.000000 -32975.933233 96.664263 6.563582
18 300.000000 -1.000000 0.000000 0.300000 0.100000 100.000000 0.000000 -32643.879355 91.332578 6.389731
18 300.000000 -1.000000 0.000000 0.300000 0.100000 100.000000 0.000000 -32809.979081 45.216195 6.745587
17 300.000000 -1.000000 0.000000 0.400000 0.100000 90.000000 0.000000 -32705.235920 89.214721 6.395439
19 300.000000 -1.000000 0.000000 0.200000 0.100000 110.000000 0.000000 -32840.043185 108.643011 6.934561
19 300.000000 -1.000000 0.000000 0.200000 0.100000 110.000000 0.000000 -32993.256570 84.401592 6.436896
19 300.000000 -1.000000 0.000000 0.200000 0.100000 110.000000 0.000000 -32917.998799 121.676440 6.737341
19 300.000000 -1.000000 0.000000 0.200000 0.100000 110.000000 0.000000 -32829.260075 117.338908 7.673817
19 300.000000 -1.000000 0.000000 0.200000 0.100000 110.000000 0.000000 -32871.141026 91.155552 6.498608
18 300.000000 -1.000000 0.000000 0.300000 0.100000 100.000000 0.000000 -32921.827291 82.875794 6.943404
17 300.000000 -1.000000 0.000000 0.400000 0.100000 90.000000 0.000000 -32934.469846 79.097487 6.926141
18 300.000000 -1.000000 0.000000 0.300000 0.100000 100.000000 0.000000 -32634.794248 95.293330 6.396259
19 300.000000 -1.000000 0.000000 0.200000 0.100000 110.000000 0.000000 -32895.153325 127.974679 6.736013
19 300.000000 -1.000000 0.000000 0.200000 0.100000 110.000000 0.000000 -32908.496894 106.337793 7.439970
19 300.000000 -1.000000 0.000000 0.200000 0.100000 110.000000 0.000000 -32895.087787 61.705704 7.080327
19 300.000000 -1.000000 0.000000 0.200000 0.100000 110.000000 0.000000 -32864.484135 88.678329 6.929943
18 300.000000 -1.000000 0.000000 0.300000 0.100000 100.000000 0.000000 -32852.592556 99.721815 7.478483
18 300.000000 -1.000000 0.000000 0.300000 0.100000 100.000000 0.000000 -32858.915587 83.207386 6.778900
19 300.000000 -1.000000 0.000000 0.200000 0.100000 110.000000 0.000000 -32722.022707 51.532465 6.876901
17 300.000000 -1.000000 0.000000 0.400000 0.100000 90.000000 0.000000 -32880.162986 55.044466 8.254503
16 300.000000 -1.000000 0.000000 0.500000 0.100000 80.000000 0.000000 -32703.633910 59.670366 6.566007
17 300.000000 -1.000000 0.000000 0.400000 0.100000 90.000000 0.000000 -33089.406053 55.747947 7.897914
18 300.000000 -1.000000 0.000000 0.300000 0.100000 100.000000 0.000000 -32895.358795 62.970258 7.112081
17 300.000000 -1.000000 0.000000 0.400000 0.100000 90.000000 0.000000 -32842.361458 65.957257 8.074136
17 300.000000 -1.000000 0.000000 0.400000 0.100000 90.000000 0.000000 -32870.650504 29.315299 7.634019
18 300.000000 -1.000000 0.000000 0.300000 0.100000 100.000000 0.000000 -32857.393440 74.953712 6.965790
19 300.000000 -1.000000 0.000000 0.200000 0.100000 110.000000 0.000000 -32834.993069 127.859943 7.797566
19 300.000000 -1.000000 0.000000 0.200000 0.100000 110.000000 0.000000 -32827.629669 127.845674 8.264885
19 300.000000 -1.000000 0.000000 0.200000 0.100000 110.000000 0.000000 -32898.903456 94.064718 7.640991
18 300.000000 -1.000000 0.000000 0.300000 0.100000 100.000000 0.000000 -32737.898895 77.345344 8.016116
18 300.000000 -1.000000 0.000000 0.300000 0.100000 100.000000 0.000000 -32765.798158 97.205403 8.229633
18 300.000000 -1.000000 0.000000 0.300000 0.100000 100.000000 0.000000 -32889.171676 72.917009 8.024659
19 300.000000 -1.000000 0.000000 0.200000 0.100000 110.000000 0.000000 -32830.617583 125.145369 7.556609
19 300.000000 -1.000000 0.000000 0.200000 0.100000 110.000000 0.000000 -32804.518301 128.680227 8.274746
19 300.000000 -1.000000 0.000000 0.200000 0.100000 110.000000 0.000000 -32710.567780 125.309529 8.278628
20 300.000000 -1.000000 0.000000 0.100000 0.100000 120.000000 0.000000 -32822.705952 151.076691 7.379779
20 300.000000 -1.000000 0.000000 0.100000 0.100000 120.000000 0.000000 -32854.984820 137.769513 7.265311
20 300.000000 -1.000000 0.000000 0.100000 0.100000 120.000000 0.000000 -32862.200196 154.701254 3.664674
20 300.000000 -1.000000 0.000000 0.100000 0.100000 120.000000 0.000000 -32857.623169 138.573822 5.835740
20 300.000000 -1.000000 0.000000 0.100000 0.100000 120.000000 0.000000 -32854.749578 148.907709 5.673309
20 300.000000 -1.000000 0.000000 0.100000 0.100000 120.000000 0.000000 -32959.620869 131.156411 7.656637
20 300.000000 -1.000000 0.000000 0.100000 0.100000 120.000000 0.000000 -32739.062383 144.937650 7.488987
21 300.000000 -1.000000 0.000000 0.000000 0.100000 130.000000 0.000000 -32791.079864 176.470404 8.049137
21 300.000000 -1.000000 0.000000 0.000000 0.100000 130.000000 0.000000 -32893.910893 160.119573 7.886310
21 300.000000 -1.000000 0.000000 0.000000 0.100000 130.000000 0.000000 -32778.407519 156.116403 7.466902
21 300.000000 -1.000000 0.000000 0.000000 0.100000 130.000000 0.000000 -32792.827538 162.283577 5.601252
21 300.000000 -1.000000 0.000000 0.000000 0.100000 130.000000 0.000000 -32944.817608 176.049667 4.498571
21 300.000000 -1.000000 0.000000 0.000000 0.100000 130.000000 0.000000 -32903.274125 161.604434 8.244998
21 300.000000 -1.000000 0.000000 0.000000 0.100000 130.000000 0.000000 -32893.314764 186.265348 1.922121
21 300.000000 -1.000000 0.000000 0.000000 0.100000 130.000000 0.000000 -32783.413825 179.195349 2.805097
21 300.000000 -1.000000 0.000000 0.000000 0.100000 130.000000 0.000000 -32841.424991 168.840693 7.658921
21 300.000000 -1.000000 0.000000 0.000000 0.100000 130.000000 0.000000 -32928.274211 162.484328 3.195160
21 300.000000 -1.000000 0.000000 0.000000 0.100000 130.000000 0.000000 -32799.308763 173.567978 7.636236
21 300.000000 -1.000000 0.000000 0.000000 0.100000 130.000000 0.000000 -32809.433079 144.587897 4.856658
20 300.000000 -1.000000 0.000000 0.100000 0.100000 120.000000 0.000000 -32904.538255 150.433195 8.281073
20 300.000000 -1.000000 0.000000 0.100000 0.100000 120.000000 0.000000 -32831.319614 135.484817 7.999541
20 300.000000 -1.000000 0.000000 0.100000 0.100000 120.000000 0.000000 -32856.652761 139.390369 1.993979
20 300.000000 -1.000000 0.000000 0.100000 0.100000 120.000000 0.000000 -32869.054684 136.755968 3.612533
20 300.000000 -1.000000 0.000000 0.100000 0.100000 120.000000 0.000000 -32820.885051 130.446772 7.727555
19 300.000000 -1.000000 0.000000 0.200000 0.100000 110.000000 0.000000 -32729.711544 85.028581 6.523649
18 300.000000 -1.000000 0.000000 0.300000 0.100000 100.000000 0.000000 -32803.572514 43.414455 7.360688
16 300.000000 -1.000000 0.000000 0.500000 0.100000 80.000000 0.000000 -32749.553327 36.283341 6.972152
15 300.000000 -1.000000 0.100000 0.500000 0.100000 70.000000 0.000000 -32859.812197 14.199137 6.575209
15 300.000000 -1.000000 0.100000 0.500000 0.100000 70.000000 0.000000 -32899.447678 22.156843 6.389856
15 300.000000 -1.000000 0.100000 0.500000 0.100000 70.000000 0.000000 -32878.980670 20.769545 6.525718
15 300.000000 -1.000000 0.100000 0.500000 0.100000 70.000000 0.000000 -32764.534580 18.318652 8.258761
15 300.000000 -1.000000 0.100000 0.500000 0.100000 70.000000 0.000000 -32881.330872 31.440035 6.501877
15 300.000000 -1.000000 0.100000 0.500000 0.100000 70.000000 0.000000 -32762.205842 15.668211 6.426388
15 300.000000 -1.000000 0.100000 0.500000 0.100000 70.000000 0.000000 -32945.988255 42.732181 6.590838
17 300.000000 -1.000000 0.000000 0.400000 0.100000 90.000000 0.000000 -32768.161755 31.752992 6.510297
14 300.000000 -1.000000 0.200000 0.500000 0.100000 60.000000 0.000000 -32965.695006 12.427182 7.441646
12 300.000000 -1.000000 0.400000 0.500000 0.100000 40.000000 0.000000 -32943.935186 3.049471 6.926069
11 300.000000 -1.000000 0.500000 0.500000 0.100000 30.000000 0.000000 -32821.799372 1.289274 7.647970
10 300.000000 1.000000 0.500000 0.500000 0.100000 30.000000 0.000000 -32821.631299 3.395997 7.133961
8 300.000000 1.000000 0.300000 0.500000 0.100000 50.000000 0.000000 -32915.922597 5.336332 6.555561
9 300.000000 1.000000 0.400000 0.500000 0.100000 40.000000 0.000000 -32796.803040 6.217854 7.609990
8 300.000000 1.000000 0.300000 0.500000 0.100000 50.000000 0.000000 -32782.498142 -1.340014 6.394256
10 300.000000 1.000000 0.500000 0.500000 0.100000 30.000000 0.000000 -32782.950403 -3.228896 7.610261
10 300.000000 1.000000 0.500000 0.500000 0.100000 30.000000 0.000000 -32951.146491 6.109343 7.047709
12 300.000000 -1.000000 0.400000 0.500000 0.100000 40.000000 0.000000 -32892.870575 2.609784 8.283454
12 300.000000 -1.000000 0.400000 0.500000 0.100000 40.000000 0.000000 -32893.410689 1.922024 8.250050
13 300.000000 -1.000000 0.300000 0.500000 0.100000 50.000000 0.000000 -32754.904054 13.691949 7.037154
14 300.000000 -1.000000 0.200000 0.500000 0.100000 60.000000 0.000000 -32923.071952 10.108208 7.121766
14 300.000000 -1.000000 0.200000 0.500000 0.100000 60.000000 0.000000 -32777.890237 3.600549 7.219872
11 300.000000 -1.000000 0.500000 0.500000 0.100000 30.000000 0.000000 -32864.985234 4.984070 7.236329
13 300.000000 -1.000000 0.300000 0.500000 0.100000 50.000000 0.000000 -32899.420264 4.451294 6.735627
13 300.000000 -1.000000 0.300000 0.500000 0.100000 50.000000 0.000000 -32880.997678 9.694146 7.433691
14 300.000000 -1.000000 0.200000 0.500000 0.100000 60.000000 0.000000 -33034.282373 21.963152 7.241169
14 300.000000 -1.000000 0.200000 0.500000 0.100000 60.000000 0.000000 -32913.010624 14.615148 6.527113
15 300.000000 -1.000000 0.100000 0.500000 0.100000 70.000000 0.000000 -32852.525416 34.365470 6.645414
16 300.000000 -1.000000 0.000000 0.500000 0.100000 80.000000 0.000000 -32834.152273 42.528048 6.399887
17 300.000000 -1.000000 0.000000 0.400000 0.100000 90.000000 0.000000 -32779.056618 78.842625 6.810347
19 300.000000 -1.000000 0.000000 0.200000 0.100000 110.000000 0.000000 -32824.139122 92.179556 6.431189
18 300.000000 -1.000000 0.000000 0.300000 0.100000 100.000000 0.000000 -33014.307962 86.757660 6.390667
18 300.000000 -1.000000 0.000000 0.300000 0.100000 100.000000 0.000000 -32772.269899 49.170038 7.612491
18 300.000000 -1.000000 0.000000 0.300000 0.100000 100.000000 0.000000 -32954.214643 49.860708 7.033064
17 300.000000 -1.000000 0.000000 0.400000 0.100000 90.000000 0.000000 -32804.555425 70.140697 7.136463
17 300.000000 -1.000000 0.000000 0.400000 0.100000 90.000000 0.000000 -32788.110709 52.820990 6.402068
17 300.000000 -1.000000 0.000000 0.400000 0.100000 90.000000 0.000000 -32703.634338 53.419135 6.800579
17 300.000000 -1.000000 0.000000 0.400000 0.100000 90.000000 0.000000 -32804.175571 61.710489 6.391241
16 300.000000 -1.000000 0.000000 0.500000 0.100000 80.000000 0.000000 -32874.011128 57.631453 7.049823
16 300.000000 -1.000000 0.000000 0.500000 0.100000 80.000000 0.000000 -32998.891481 52.208154 6.449070
16 300.000000 -1.000000 0.000000 0.500000 0.100000 80.000000 0.000000 -32933.592770 54.365702 8.125554
