300.000000 0.000000 0.000000 0.000000 0.000000 0.000000 0.000000 -35598.613997 832.631521
300.000000 0.002000 0.002000 0.002000 0.000000 0.000000 0.000000 -35649.331849 865.706701
300.000000 0.004000 0.004000 0.004000 0.000000 0.000000 0.000000 -35622.306672 921.527467
300.000000 0.006000 0.006000 0.006000 0.000000 0.000000 0.000000 -35621.911020 900.488759
300.000000 0.008000 0.008000 0.008000 0.000000 0.000000 0.000000 -35503.215635 925.122497
300.000000 0.010000 0.010000 0.010000 0.000000 0.000000 0.000000 -35537.964129 783.983623
300.000000 0.012000 0.012000 0.012000 0.000000 0.000000 0.000000 -35596.543437 771.407560
300.000000 0.014000 0.014000 0.014000 0.000000 0.000000 0.000000 -35541.563863 826.390882
300.000000 0.016000 0.016000 0.016000 0.000000 0.000000 0.000000 -35732.983631 863.256036
300.000000 0.018000 0.018000 0.018000 0.000000 0.000000 0.000000 -35745.905652 702.401832
300.000000 0.020000 0.020000 0.020000 0.000000 0.000000 0.000000 -35742.525635 780.137243
300.000000 0.022000 0.022000 0.022000 0.000000 0.000000 0.000000 -35786.754451 672.399708
300.000000 0.024000 0.024000 0.024000 0.000000 0.000000 0.000000 -35734.748701 765.212230
300.000000 0.026000 0.026000 0.026000 0.000000 0.000000 0.000000 -35757.060104 762.488021
300.000000 0.028000 0.028000 0.028000 0.000000 0.000000 0.000000 -35718.195047 706.667357
300.000000 0.030000 0.030000 0.030000 0.000000 0.000000 0.000000 -35751.944634 680.221331
300.000000 0.032000 0.032000 0.032000 0.000000 0.000000 0.000000 -35830.221945 644.155968
300.000000 0.034000 0.034000 0.034000 0.000000 0.000000 0.000000 -35691.473251 122.506161
300.000000 0.036000 0.036000 0.036000 0.000000 0.000000 0.000000 -35630.840946 195.900296
300.000000 0.038000 0.038000 0.038000 0.000000 0.000000 0.000000 -35583.572145 124.528109
300.000000 0.040000 0.040000 0.040000 0.000000 0.000000 0.000000 -35642.059781 73.485399
300.000000 0.042000 0.042000 0.042000 0.000000 0.000000 0.000000 -35521.233432 91.042095
300.000000 0.044000 0.044000 0.044000 0.000000 0.000000 0.000000 -35557.273037 164.172087
300.000000 0.046000 0.046000 0.046000 0.000000 0.000000 0.000000 -35778.643915 71.543422
300.000000 0.048000 0.048000 0.048000 0.000000 0.000000 0.000000 -35820.994651 110.020016
300.000000 0.050000 0.050000 0.050000 0.000000 0.000000 0.000000 -35696.910395 38.209436
300.000000 0.052000 0.052000 0.052000 0.000000 0.000000 0.000000 -35766.474283 67.834550
300.000000 0.054000 0.054000 0.054000 0.000000 0.000000 0.000000 -35748.113320 92.893399
300.000000 0.056000 0.056000 0.056000 0.000000 0.000000 0.000000 -35791.886228 119.177236
300.000000 0.058000 0.058000 0.058000 0.000000 0.000000 0.000000 -35863.192461 108.880286
300.000000 0.060000 0.060000 0.060000 0.000000 0.000000 0.000000 -35749.203905 53.152358
300.000000 0.062000 0.062000 0.062000 0.000000 0.000000 0.000000 -35793.203313 128.191205
300.000000 0.064000 0.064000 0.064000 0.000000 0.000000 0.000000 -35885.360420 53.769932
300.000000 0.066000 0.066000 0.066000 0.000000 0.000000 0.000000 -35769.829899 62.558599
300.000000 0.068000 0.068000 0.068000 0.000000 0.000000 0.000000 -35660.260176 94.847450
300.000000 0.070000 0.070000 0.070000 0.000000 0.000000 0.000000 -35858.791225 52.306853
300.000000 0.072000 0.072000 0.072000 0.000000 0.000000 0.000000 -35823.387328 87.638718
300.000000 0.074000 0.074000 0.074000 0.000000 0.000000 0.000000 -35819.188662 55.622439
300.000000 0.076000 0.076000 0.076000 0.000000 0.000000 0.000000 -35690.783329 50.618282
300.000000 0.078000 0.078000 0.078000 0.000000 0.000000 0.000000 -35669.201501 76.889611
300.000000 0.080000 0.080000 0.080000 0.000000 0.000000 0.000000 -35726.855408 42.149738
300.000000 0.082000 0.082000 0.082000 0.000000 0.000000 0.000000 -35780.087475 57.697469
300.000000 0.084000 0.084000 0.084000 0.000000 0.000000 0.000000 -35543.992527 28.151446
300.000000 0.086000 0.086000 0.086000 0.000000 0.000000 0.000000 -35664.668447 33.319070
300.000000 0.088000 0.088000 0.088000 0.000000 0.000000 0.000000 -35833.489345 35.562291
300.000000 0.090000 0.090000 0.090000 0.000000 0.000000 0.000000 -35763.035587 52.281108
300.000000 0.092000 0.092000 0.092000 0.000000 0.000000 0.000000 -35737.573052 58.966929
300.000000 0.094000 0.094000 0.094000 0.000000 0.000000 0.000000 -35668.310209 92.027625
300.000000 0.096000 0.096000 0.096000 0.000000 0.000000 0.000000 -35638.693983 56.254465
300.000000 0.098000 0.098000 0.098000 0.000000 0.000000 0.000000 -35717.703887 27.422072
300.000000 0.100000 0.100000 0.100000 0.000000 0.000000 0.000000 -35607.754549 33.650498
300.000000 0.102000 0.102000 0.102000 0.000000 0.000000 0.000000 -35614.754755 26.551681
300.000000 0.104000 0.104000 0.104000 0.000000 0.000000 0.000000 -35536.359794 49.917138
300.000000 0.106000 0.106000 0.106000 0.000000 0.000000 0.000000 -35738.631208 56.666425
300.000000 0.108000 0.108000 0.108000 0.000000 0.000000 0.000000 -35720.788100 67.421696
300.000000 0.110000 0.110000 0.110000 0.000000 0.000000 0.000000 -35756.987559 65.684451
300.000000 0.112000 0.112000 0.112000 0.000000 0.000000 0.000000 -35686.919042 34.869856
300.000000 0.114000 0.114000 0.114000 0.000000 0.000000 0.000000 -35713.638178 27.909511
300.000000 0.116000 0.116000 0.116000 0.000000 0.000000 0.000000 -35690.859863 53.970670
300.000000 0.118000 0.118000 0.118000 0.000000 0.000000 0.000000 -35698.605787 37.740886
300.000000 0.120000 0.120000 0.120000 0.000000 0.000000 0.000000 -35725.819564 43.130851
300.000000 0.122000 0.122000 0.122000 0.000000 0.000000 0.000000 -35635.764145 36.900573
300.000000 0.124000 0.124000 0.124000 0.000000 0.000000 0.000000 -35662.400682 15.851366
300.000000 0.126000 0.126000 0.126000 0.000000 0.000000 0.000000 -35769.065011 26.570173
300.000000 0.128000 0.128000 0.128000 0.000000 0.000000 0.000000 -35773.353348 26.360651
300.000000 0.130000 0.130000 0.130000 0.000000 0.000000 0.000000 -35802.041573 35.397529
300.000000 0.132000 0.132000 0.132000 0.000000 0.000000 0.000000 -35766.724117 63.186681
300.000000 0.134000 0.134000 0.134000 0.000000 0.000000 0.000000 -35822.010107 29.360664
300.000000 0.136000 0.136000 0.136000 0.000000 0.000000 0.000000 -35791.206669 27.060676
300.000000 0.138000 0.138000 0.138000 0.000000 0.000000 0.000000 -35722.688200 14.747800
300.000000 0.140000 0.140000 0.140000 0.000000 0.000000 0.000000 -35795.912053 19.816548
300.000000 0.142000 0.142000 0.142000 0.000000 0.000000 0.000000 -35792.404251 22.309738
300.000000 0.144000 0.144000 0.144000 0.000000 0.000000 0.000000 -35810.594473 18.830964
300.000000 0.146000 0.146000 0.146000 0.000000 0.000000 0.000000 -35749.645282 27.879524
300.000000 0.148000 0.148000 0.148000 0.000000 0.000000 0.000000 -35730.898890 25.906666
300.000000 0.150000 0.150000 0.150000 0.000000 0.000000 0.000000 -35727.195145 20.557579
300.000000 0.152000 0.152000 0.152000 0.000000 0.000000 0.000000 -35571.007217 22.930277
300.000000 0.154000 0.154000 0.154000 0.000000 0.000000 0.000000 -35795.171360 39.585010
300.000000 0.156000 0.156000 0.156000 0.000000 0.000000 0.000000 -35630.261622 15.543051
300.000000 0.158000 0.158000 0.158000 0.000000 0.000000 0.000000 -35568.481412 28.689741
300.000000 0.160000 0.160000 0.160000 0.000000 0.000000 0.000000 -35624.295919 35.750996
300.000000 0.162000 0.162000 0.162000 0.000000 0.000000 0.000000 -35729.897409 22.384950
300.000000 0.164000 0.164000 0.164000 0.000000 0.000000 0.000000 -35753.720755 23.629297
300.000000 0.166000 0.166000 0.166000 0.000000 0.000000 0.000000 -35650.712750 21.354063
300.000000 0.168000 0.168000 0.168000 0.000000 0.000000 0.000000 -35720.770678 21.189380
300.000000 0.170000 0.170000 0.170000 0.000000 0.000000 0.000000 -35593.787099 42.777818
300.000000 0.172000 0.172000 0.172000 0.000000 0.000000 0.000000 -35666.577790 15.586468
300.000000 0.174000 0.174000 0.174000 0.000000 0.000000 0.000000 -35493.195923 34.975179
300.000000 0.176000 0.176000 0.176000 0.000000 0.000000 0.000000 -35539.519099 21.490048
300.000000 0.178000 0.178000 0.178000 0.000000 0.000000 0.000000 -35551.176691 13.429959
300.000000 0.180000 0.180000 0.180000 0.000000 0.000000 0.000000 -35541.664671 9.320611
300.000000 0.182000 0.182000 0.182000 0.000000 0.000000 0.000000 -35498.692707 20.687856
300.000000 0.184000 0.184000 0.184000 0.000000 0.000000 0.000000 -35537.110697 7.725591
300.000000 0.186000 0.186000 0.186000 0.000000 0.000000 0.000000 -35701.644888 34.370851
300.000000 0.188000 0.188000 0.188000 0.000000 0.000000 0.000000 -35687.566128 11.413522
300.000000 0.190000 0.190000 0.190000 0.000000 0.000000 0.000000 -35740.314810 21.036048
300.000000 0.192000 0.192000 0.192000 0.000000 0.000000 0.000000 -35764.466927 -0.164812
300.000000 0.194000 0.194000 0.194000 0.000000 0.000000 0.000000 -35732.643731 18.532627
300.000000 0.196000 0.196000 0.196000 0.000000 0.000000 0.000000 -35747.776007 19.794217
300.000000 0.198000 0.198000 0.198000 0.000000 0.000000 0.000000 -35653.995619 17.966830
300.000000 0.200000 0.200000 0.200000 0.000000 0.000000 0.000000 -35732.049790 16.250998
300.000000 0.202000 0.202000 0.202000 0.000000 0.000000 0.000000 -35803.865588 15.160599
300.000000 0.204000 0.204000 0.204000 0.000000 0.000000 0.000000 -35684.573335 6.405346
300.000000 0.206000 0.206000 0.206000 0.000000 0.000000 0.000000 -35771.575473 19.067377
300.000000 0.208000 0.208000 0.208000 0.000000 0.000000 0.000000 -35731.193441 10.711414
300.000000 0.210000 0.210000 0.210000 0.000000 0.000000 0.000000 -35639.122705 21.719078
300.000000 0.212000 0.212000 0.212000 0.000000 0.000000 0.000000 -35700.919276 17.406512
300.000000 0.214000 0.214000 0.214000 0.000000 0.000000 0.000000 -35724.858726 16.523506
300.000000 0.216000 0.216000 0.216000 0.000000 0.000000 0.000000 -35833.141423 23.465398
300.000000 0.218000 0.218000 0.218000 0.000000 0.000000 0.000000 -35717.551405 22.989325
300.000000 0.220000 0.220000 0.220000 0.000000 0.000000 0.000000 -35795.910619 9.590339
300.000000 0.222000 0.222000 0.222000 0.000000 0.000000 0.000000 -35693.799941 6.740540
300.000000 0.224000 0.224000 0.224000 0.000000 0.000000 0.000000 -35774.376272 7.327112
300.000000 0.226000 0.226000 0.226000 0.000000 0.000000 0.000000 -35773.657375 13.453198
300.000000 0.228000 0.228000 0.228000 0.000000 0.000000 0.000000 -35736.589681 11.543499
300.000000 0.230000 0.230000 0.230000 0.000000 0.000000 0.000000 -35701.133213 4.160495
300.000000 0.232000 0.232000 0.232000 0.000000 0.000000 0.000000 -35679.283931 19.290890
300.000000 0.234000 0.234000 0.234000 0.000000 0.000000 0.000000 -35679.980298 8.915773
300.000000 0.236000 0.236000 0.236000 0.000000 0.000000 0.000000 -35676.995280 4.369648
300.000000 0.238000 0.238000 0.238000 0.000000 0.000000 0.000000 -35773.654424 15.127148
300.000000 0.240000 0.240000 0.240000 0.000000 0.000000 0.000000 -35722.678213 -0.439328
300.000000 0.242000 0.242000 0.242000 0.000000 0.000000 0.000000 -35676.917258 11.525532
300.000000 0.244000 0.244000 0.244000 0.000000 0.000000 0.000000 -35679.950727 10.733383
300.000000 0.246000 0.246000 0.246000 0.000000 0.000000 0.000000 -35721.475707 12.661832
300.000000 0.248000 0.248000 0.248000 0.000000 0.000000 0.000000 -35724.430128 9.529099
300.000000 0.250000 0.250000 0.250000 0.000000 0.000000 0.000000 -35767.439085 13.705461
300.000000 0.252000 0.252000 0.252000 0.000000 0.000000 0.000000 -35737.286507 15.590382
300.000000 0.254000 0.254000 0.254000 0.000000 0.000000 0.000000 -35712.402641 20.632843
300.000000 0.256000 0.256000 0.256000 0.000000 0.000000 0.000000 -35711.189682 6.021645
300.000000 0.258000 0.258000 0.258000 0.000000 0.000000 0.000000 -35785.909612 14.973245
300.000000 0.260000 0.260000 0.260000 0.000000 0.000000 0.000000 -35643.154689 10.815351
300.000000 0.262000 0.262000 0.262000 0.000000 0.000000 0.000000 -35695.194500 26.557842
300.000000 0.264000 0.264000 0.264000 0.000000 0.000000 0.000000 -35639.900728 5.661748
300.000000 0.266000 0.266000 0.266000 0.000000 0.000000 0.000000 -35798.688823 12.938683
300.000000 0.268000 0.268000 0.268000 0.000000 0.000000 0.000000 -35763.810760 11.791995
300.000000 0.270000 0.270000 0.270000 0.000000 0.000000 0.000000 -35824.803662 7.774267
300.000000 0.272000 0.272000 0.272000 0.000000 0.000000 0.000000 -35801.265326 13.493124
300.000000 0.274000 0.274000 0.274000 0.000000 0.000000 0.000000 -35699.257455 2.624435
300.000000 0.276000 0.276000 0.276000 0.000000 0.000000 0.000000 -35817.632565 24.218231
300.000000 0.278000 0.278000 0.278000 0.000000 0.000000 0.000000 -35813.669872 9.522249
300.000000 0.280000 0.280000 0.280000 0.000000 0.000000 0.000000 -35681.194902 16.720276
300.000000 0.282000 0.282000 0.282000 0.000000 0.000000 0.000000 -35697.014336 0.089961
300.000000 0.284000 0.284000 0.284000 0.000000 0.000000 0.000000 -35567.752429 4.319309
300.000000 0.286000 0.286000 0.286000 0.000000 0.000000 0.000000 -35601.514582 10.975547
300.000000 0.288000 0.288000 0.288000 0.000000 0.000000 0.000000 -35607.122658 13.749158
300.000000 0.290000 0.290000 0.290000 0.000000 0.000000 0.000000 -35580.451633 1.203730
300.000000 0.292000 0.292000 0.292000 0.000000 0.000000 0.000000 -35605.688285 8.754169
300.000000 0.294000 0.294000 0.294000 0.000000 0.000000 0.000000 -35639.706259 15.669943
300.000000 0.296000 0.296000 0.296000 0.000000 0.000000 0.000000 -35684.949208 16.024571
300.000000 0.298000 0.298000 0.298000 0.000000 0.000000 0.000000 -35766.716754 20.912000
300.000000 0.300000 0.300000 0.300000 0.000000 0.000000 0.000000 -35691.969443 6.148818
300.000000 0.302000 0.302000 0.302000 0.000000 0.000000 0.000000 -35735.947903 11.388554
300.000000 0.304000 0.304000 0.304000 0.000000 0.000000 0.000000 -35745.532840 15.148771
300.000000 0.306000 0.306000 0.306000 0.000000 0.000000 0.000000 -35699.645040 -2.099223
300.000000 0.308000 0.308000 0.308000 0.000000 0.000000 0.000000 -35765.333651 1.828177
300.000000 0.310000 0.310000 0.310000 0.000000 0.000000 0.000000 -35692.858634 12.367370
300.000000 0.312000 0.312000 0.312000 0.000000 0.000000 0.000000 -35689.658615 11.125420
300.000000 0.314000 0.314000 0.314000 0.000000 0.000000 0.000000 -35525.024698 7.601482
300.000000 0.316000 0.316000 0.316000 0.000000 0.000000 0.000000 -35558.411990 1.421505
300.000000 0.318000 0.318000 0.318000 0.000000 0.000000 0.000000 -35573.004002 16.928546
300.000000 0.320000 0.320000 0.320000 0.000000 0.000000 0.000000 -35673.772596 16.206806
300.000000 0.322000 0.322000 0.322000 0.000000 0.000000 0.000000 -35643.762097 5.787140
300.000000 0.324000 0.324000 0.324000 0.000000 0.000000 0.000000 -35703.063538 4.993279
300.000000 0.326000 0.326000 0.326000 0.000000 0.000000 0.000000 -35682.565782 1.075851
300.000000 0.328000 0.328000 0.328000 0.000000 0.000000 0.000000 -35613.867967 7.649411
300.000000 0.330000 0.330000 0.330000 0.000000 0.000000 0.000000 -35568.314928 16.037435
300.000000 0.332000 0.332000 0.332000 0.000000 0.000000 0.000000 -35500.478087 13.286991
300.000000 0.334000 0.334000 0.334000 0.000000 0.000000 0.000000 -35606.372361 9.073944
300.000000 0.336000 0.336000 0.336000 0.000000 0.000000 0.000000 -35668.187477 8.316219
300.000000 0.338000 0.338000 0.338000 0.000000 0.000000 0.000000 -35707.155652 2.628402
300.000000 0.340000 0.340000 0.340000 0.000000 0.000000 0.000000 -35639.027222 0.447321
300.000000 0.342000 0.342000 0.342000 0.000000 0.000000 0.000000 -35713.007130 10.629729
300.000000 0.344000 0.344000 0.344000 0.000000 0.000000 0.000000 -35719.181139 13.633855
300.000000 0.346000 0.346000 0.346000 0.000000 0.000000 0.000000 -35800.162923 2.950186
300.000000 0.348000 0.348000 0.348000 0.000000 0.000000 0.000000 -35634.769109 14.113787
300.000000 0.350000 0.350000 0.350000 0.000000 0.000000 0.000000 -35634.967457 1.318333
300.000000 0.352000 0.352000 0.352000 0.000000 0.000000 0.000000 -35673.875784 16.920785
300.000000 0.354000 0.354000 0.354000 0.000000 0.000000 0.000000 -35660.373407 9.102163
300.000000 0.356000 0.356000 0.356000 0.000000 0.000000 0.000000 -35591.044615 6.058154
300.000000 0.358000 0.358000 0.358000 0.000000 0.000000 0.000000 -35614.917744 -0.677753
300.000000 0.360000 0.360000 0.360000 0.000000 0.000000 0.000000 -35588.863937 15.306619
300.000000 0.362000 0.362000 0.362000 0.000000 0.000000 0.000000 -35677.010126 -1.018425
300.000000 0.364000 0.364000 0.364000 0.000000 0.000000 0.000000 -35634.515944 8.717911
300.000000 0.366000 0.366000 0.366000 0.000000 0.000000 0.000000 -35749.293339 4.738947
300.000000 0.368000 0.368000 0.368000 0.000000 0.000000 0.000000 -35696.066124 3.373908
300.000000 0.370000 0.370000 0.370000 0.000000 0.000000 0.000000 -35799.070388 3.257492
300.000000 0.372000 0.372000 0.372000 0.000000 0.000000 0.000000 -35753.784925 12.024733
300.000000 0.374000 0.374000 0.374000 0.000000 0.000000 0.000000 -35749.449093 3.619658
300.000000 0.376000 0.376000 0.376000 0.000000 0.000000 0.000000 -35677.902012 6.007515
300.000000 0.378000 0.378000 0.378000 0.000000 0.000000 0.000000 -35765.053157 6.224205
300.000000 0.380000 0.380000 0.380000 0.000000 0.000000 0.000000 -35859.803228 11.359132
300.000000 0.382000 0.382000 0.382000 0.000000 0.000000 0.000000 -35738.314702 4.858987
300.000000 0.384000 0.384000 0.384000 0.000000 0.000000 0.000000 -35697.364472 10.173302
300.000000 0.386000 0.386000 0.386000 0.000000 0.000000 0.000000 -35727.232384 3.953376
300.000000 0.388000 0.388000 0.388000 0.000000 0.000000 0.000000 -35723.558406 21.618392
300.000000 0.390000 0.390000 0.390000 0.000000 0.000000 0.000000 -35790.131888 2.815816
300.000000 0.392000 0.392000 0.392000 0.000000 0.000000 0.000000 -35633.028562 7.970773
300.000000 0.394000 0.394000 0.394000 0.000000 0.000000 0.000000 -35727.285899 -1.049727
300.000000 0.396000 0.396000 0.396000 0.000000 0.000000 0.000000 -35717.706971 13.199667
300.000000 0.398000 0.398000 0.398000 0.000000 0.000000 0.000000 -35720.194405 2.221283
300.000000 0.400000 0.400000 0.400000 0.000000 0.000000 0.000000 -35715.131514 1.874056
300.000000 0.402000 0.402000 0.402000 0.000000 0.000000 0.000000 -35597.056809 1.632561
300.000000 0.404000 0.404000 0.404000 0.000000 0.000000 0.000000 -35599.650937 -0.743633
300.000000 0.406000 0.406000 0.406000 0.000000 0.000000 0.000000 -35531.913824 -2.276185
300.000000 0.408000 0.408000 0.408000 0.000000 0.000000 0.000000 -35584.360603 2.851513
300.000000 0.410000 0.410000 0.410000 0.000000 0.000000 0.000000 -35636.119217 0.398839
300.000000 0.412000 0.412000 0.412000 0.000000 0.000000 0.000000 -35566.319429 -1.762098
300.000000 0.414000 0.414000 0.414000 0.000000 0.000000 0.000000 -35643.572215 -0.932422
300.000000 0.416000 0.416000 0.416000 0.000000 0.000000 0.000000 -35607.501344 2.730533
300.000000 0.418000 0.418000 0.418000 0.000000 0.000000 0.000000 -35579.761039 1.406212
300.000000 0.420000 0.420000 0.420000 0.000000 0.000000 0.000000 -35739.226502 -5.453184
300.000000 0.422000 0.422000 0.422000 0.000000 0.000000 0.000000 -35813.026172 -1.480171
300.000000 0.424000 0.424000 0.424000 0.000000 0.000000 0.000000 -35725.284447 8.103185
300.000000 0.426000 0.426000 0.426000 0.000000 0.000000 0.000000 -35675.119700 2.359227
300.000000 0.428000 0.428000 0.428000 0.000000 0.000000 0.000000 -35718.349778 -1.304602
300.000000 0.430000 0.430000 0.430000 0.000000 0.000000 0.000000 -35573.378852 7.864750
300.000000 0.432000 0.432000 0.432000 0.000000 0.000000 0.000000 -35772.322880 2.466907
300.000000 0.434000 0.434000 0.434000 0.000000 0.000000 0.000000 -35657.172683 -1.910174
300.000000 0.436000 0.436000 0.436000 0.000000 0.000000 0.000000 -35630.871473 0.977963
300.000000 0.438000 0.438000 0.438000 0.000000 0.000000 0.000000 -35671.187776 5.133722
300.000000 0.440000 0.440000 0.440000 0.000000 0.000000 0.000000 -35734.214748 -1.337213
300.000000 0.442000 0.442000 0.442000 0.000000 0.000000 0.000000 -35716.937598 6.898565
300.000000 0.444000 0.444000 0.444000 0.000000 0.000000 0.000000 -35841.189071 1.352614
300.000000 0.446000 0.446000 0.446000 0.000000 0.000000 0.000000 -35690.298251 -1.806233
300.000000 0.448000 0.448000 0.448000 0.000000 0.000000 0.000000 -35643.464481 8.059483
300.000000 0.450000 0.450000 0.450000 0.000000 0.000000 0.000000 -35519.775525 10.481440
300.000000 0.452000 0.452000 0.452000 0.000000 0.000000 0.000000 -35504.501552 0.099289
300.000000 0.454000 0.454000 0.454000 0.000000 0.000000 0.000000 -35537.160814 7.832559
300.000000 0.456000 0.456000 0.456000 0.000000 0.000000 0.000000 -35577.254740 -8.835120
300.000000 0.458000 0.458000 0.458000 0.000000 0.000000 0.000000 -35622.284901 0.161658
300.000000 0.460000 0.460000 0.460000 0.000000 0.000000 0.000000 -35549.893509 1.382254
300.000000 0.462000 0.462000 0.462000 0.000000 0.000000 0.000000 -35699.845337 2.962247
300.000000 0.464000 0.464000 0.464000 0.000000 0.000000 0.000000 -35579.985311 -5.929159
300.000000 0.466000 0.466000 0.466000 0.000000 0.000000 0.000000 -35666.740457 -1.370176
300.000000 0.468000 0.468000 0.468000 0.000000 0.000000 0.000000 -35723.432716 3.849428
300.000000 0.470000 0.470000 0.470000 0.000000 0.000000 0.000000 -35712.074471 0.538918
300.000000 0.472000 0.472000 0.472000 0.000000 0.000000 0.000000 -35835.530487 5.739844
300.000000 0.474000 0.474000 0.474000 0.000000 0.000000 0.000000 -35764.344666 -0.001978
300.000000 0.476000 0.476000 0.476000 0.000000 0.000000 0.000000 -35789.125388 4.714092
300.000000 0.478000 0.478000 0.478000 0.000000 0.000000 0.000000 -35805.780307 -0.981853
300.000000 0.480000 0.480000 0.480000 0.000000 0.000000 0.000000 -35578.343301 8.683218
300.000000 0.482000 0.482000 0.482000 0.000000 0.000000 0.000000 -35769.622343 7.203419
300.000000 0.484000 0.484000 0.484000 0.000000 0.000000 0.000000 -35636.921908 -3.607415
300.000000 0.486000 0.486000 0.486000 0.000000 0.000000 0.000000 -35803.791099 4.299302
300.000000 0.488000 0.488000 0.488000 0.000000 0.000000 0.000000 -35715.654577 -2.005691
300.000000 0.490000 0.490000 0.490000 0.000000 0.000000 0.000000 -35854.573200 -2.373669
300.000000 0.492000 0.492000 0.492000 0.000000 0.000000 0.000000 -35691.981663 6.031863
300.000000 0.494000 0.494000 0.494000 0.000000 0.000000 0.000000 -35632.512317 0.578464
300.000000 0.496000 0.496000 0.496000 0.000000 0.000000 0.000000 -35770.837853 6.355939
300.000000 0.498000 0.498000 0.498000 0.000000 0.000000 0.000000 -35756.059680 1.327772
