300.000000 0.000000 0.000000 0.000000 0.000000 0.000000 0.000000 -34932.566251 869.514458
300.000000 0.002000 0.002000 0.002000 0.000000 0.000000 0.000000 -34949.841016 718.993136
300.000000 0.004000 0.004000 0.004000 0.000000 0.000000 0.000000 -34840.254730 716.683770
300.000000 0.006000 0.006000 0.006000 0.000000 0.000000 0.000000 -34996.077969 866.087474
300.000000 0.008000 0.008000 0.008000 0.000000 0.000000 0.000000 -35010.799596 740.050123
300.000000 0.010000 0.010000 0.010000 0.000000 0.000000 0.000000 -34855.025816 919.614320
300.000000 0.012000 0.012000 0.012000 0.000000 0.000000 0.000000 -34830.517208 810.583862
300.000000 0.014000 0.014000 0.014000 0.000000 0.000000 0.000000 -34864.392854 831.036543
300.000000 0.016000 0.016000 0.016000 0.000000 0.000000 0.000000 -34787.151903 733.745959
300.000000 0.018000 0.018000 0.018000 0.000000 0.000000 0.000000 -34912.403992 810.519961
300.000000 0.020000 0.020000 0.020000 0.000000 0.000000 0.000000 -34924.570076 666.945650
300.000000 0.022000 0.022000 0.022000 0.000000 0.000000 0.000000 -34984.111722 45.689435
300.000000 0.024000 0.024000 0.024000 0.000000 0.000000 0.000000 -34952.617688 86.230670
300.000000 0.026000 0.026000 0.026000 0.000000 0.000000 0.000000 -34948.210382 55.223629
300.000000 0.028000 0.028000 0.028000 0.000000 0.000000 0.000000 -35178.834244 30.928249
300.000000 0.030000 0.030000 0.030000 0.000000 0.000000 0.000000 -35131.169789 41.709455
300.000000 0.032000 0.032000 0.032000 0.000000 0.000000 0.000000 -35021.241930 106.443176
300.000000 0.034000 0.034000 0.034000 0.000000 0.000000 0.000000 -35036.636029 39.596634
300.000000 0.036000 0.036000 0.036000 0.000000 0.000000 0.000000 -35014.631579 70.939214
300.000000 0.038000 0.038000 0.038000 0.000000 0.000000 0.000000 -35004.087700 78.714556
300.000000 0.040000 0.040000 0.040000 0.000000 0.000000 0.000000 -35001.490896 31.386892
300.000000 0.042000 0.042000 0.042000 0.000000 0.000000 0.000000 -34921.909168 44.808313
300.000000 0.044000 0.044000 0.044000 0.000000 0.000000 0.000000 -34905.926371 87.119239
300.000000 0.046000 0.046000 0.046000 0.000000 0.000000 0.000000 -34933.906455 89.002333
300.000000 0.048000 0.048000 0.048000 0.000000 0.000000 0.000000 -34965.720316 27.541889
300.000000 0.050000 0.050000 0.050000 0.000000 0.000000 0.000000 -34921.120570 65.523884
300.000000 0.052000 0.052000 0.052000 0.000000 0.000000 0.000000 -34923.775497 40.678024
300.000000 0.054000 0.054000 0.054000 0.000000 0.000000 0.000000 -34875.314003 47.063503
300.000000 0.056000 0.056000 0.056000 0.000000 0.000000 0.000000 -35050.460832 36.630502
300.000000 0.058000 0.058000 0.058000 0.000000 0.000000 0.000000 -35006.671657 16.303083
300.000000 0.060000 0.060000 0.060000 0.000000 0.000000 0.000000 -34974.840207 26.688499
300.000000 0.062000 0.062000 0.062000 0.000000 0.000000 0.000000 -34874.495703 30.575983
300.000000 0.064000 0.064000 0.064000 0.000000 0.000000 0.000000 -34884.292844 17.816600
300.000000 0.066000 0.066000 0.066000 0.000000 0.000000 0.000000 -35062.231619 32.616649
300.000000 0.068000 0.068000 0.068000 0.000000 0.000000 0.000000 -34970.057183 25.346937
300.000000 0.070000 0.070000 0.070000 0.000000 0.000000 0.000000 -35172.069005 32.224883
300.000000 0.072000 0.072000 0.072000 0.000000 0.000000 0.000000 -35002.898273 32.926747
300.000000 0.074000 0.074000 0.074000 0.000000 0.000000 0.000000 -34917.569490 26.522939
300.000000 0.076000 0.076000 0.076000 0.000000 0.000000 0.000000 -34914.038524 33.713210
300.000000 0.078000 0.078000 0.078000 0.000000 0.000000 0.000000 -34893.893290 17.853025
300.000000 0.080000 0.080000 0.080000 0.000000 0.000000 0.000000 -34930.161597 17.008776
300.000000 0.082000 0.082000 0.082000 0.000000 0.000000 0.000000 -34950.263269 15.575462
300.000000 0.084000 0.084000 0.084000 0.000000 0.000000 0.000000 -34878.448185 59.924420
300.000000 0.086000 0.086000 0.086000 0.000000 0.000000 0.000000 -34836.606319 38.949083
300.000000 0.088000 0.088000 0.088000 0.000000 0.000000 0.000000 -34822.639294 14.348683
300.000000 0.090000 0.090000 0.090000 0.000000 0.000000 0.000000 -34820.049076 24.397162
300.000000 0.092000 0.092000 0.092000 0.000000 0.000000 0.000000 -34850.320966 21.023210
300.000000 0.094000 0.094000 0.094000 0.000000 0.000000 0.000000 -34896.392375 47.564986
300.000000 0.096000 0.096000 0.096000 0.000000 0.000000 0.000000 -34896.197790 32.124136
300.000000 0.098000 0.098000 0.098000 0.000000 0.000000 0.000000 -34946.104191 26.788573
300.000000 0.100000 0.100000 0.100000 0.000000 0.000000 0.000000 -35014.293336 36.083344
300.000000 0.102000 0.102000 0.102000 0.000000 0.000000 0.000000 -34973.367802 12.991934
300.000000 0.104000 0.104000 0.104000 0.000000 0.000000 0.000000 -34968.197795 16.163318
300.000000 0.106000 0.106000 0.106000 0.000000 0.000000 0.000000 -34926.991366 10.947745
300.000000 0.108000 0.108000 0.108000 0.000000 0.000000 0.000000 -34999.215741 15.695180
300.000000 0.110000 0.110000 0.110000 0.000000 0.000000 0.000000 -34918.340214 38.801758
300.000000 0.112000 0.112000 0.112000 0.000000 0.000000 0.000000 -34783.257028 25.980272
300.000000 0.114000 0.114000 0.114000 0.000000 0.000000 0.000000 -34924.600535 11.442736
300.000000 0.116000 0.116000 0.116000 0.000000 0.000000 0.000000 -35000.279837 32.143282
300.000000 0.118000 0.118000 0.118000 0.000000 0.000000 0.000000 -34904.827836 8.792754
300.000000 0.120000 0.120000 0.120000 0.000000 0.000000 0.000000 -35008.725737 14.576900
300.000000 0.122000 0.122000 0.122000 0.000000 0.000000 0.000000 -34896.616498 4.426330
300.000000 0.124000 0.124000 0.124000 0.000000 0.000000 0.000000 -34862.708364 8.842090
300.000000 0.126000 0.126000 0.126000 0.000000 0.000000 0.000000 -34861.843529 19.912408
300.000000 0.128000 0.128000 0.128000 0.000000 0.000000 0.000000 -34826.660132 18.491595
300.000000 0.130000 0.130000 0.130000 0.000000 0.000000 0.000000 -34905.308651 14.724952
300.000000 0.132000 0.132000 0.132000 0.000000 0.000000 0.000000 -34962.958941 25.757873
300.000000 0.134000 0.134000 0.134000 0.000000 0.000000 0.000000 -34970.266788 12.558252
300.000000 0.136000 0.136000 0.136000 0.000000 0.000000 0.000000 -35079.378964 13.795756
300.000000 0.138000 0.138000 0.138000 0.000000 0.000000 0.000000 -35068.899958 24.652226
300.000000 0.140000 0.140000 0.140000 0.000000 0.000000 0.000000 -35007.772939 30.830880
300.000000 0.142000 0.142000 0.142000 0.000000 0.000000 0.000000 -34919.923792 13.779401
300.000000 0.144000 0.144000 0.144000 0.000000 0.000000 0.000000 -34961.613139 13.161965
300.000000 0.146000 0.146000 0.146000 0.000000 0.000000 0.000000 -34834.308579 22.112599
300.000000 0.148000 0.148000 0.148000 0.000000 0.000000 0.000000 -34854.297738 11.193287
300.000000 0.150000 0.150000 0.150000 0.000000 0.000000 0.000000 -34976.779730 27.005535
300.000000 0.152000 0.152000 0.152000 0.000000 0.000000 0.000000 -34966.431281 3.145044
300.000000 0.154000 0.154000 0.154000 0.000000 0.000000 0.000000 -34990.333179 14.809819
300.000000 0.156000 0.156000 0.156000 0.000000 0.000000 0.000000 -34915.724429 21.075997
300.000000 0.158000 0.158000 0.158000 0.000000 0.000000 0.000000 -34981.313716 16.559033
300.000000 0.160000 0.160000 0.160000 0.000000 0.000000 0.000000 -34943.712805 11.428997
300.000000 0.162000 0.162000 0.162000 0.000000 0.000000 0.000000 -34908.906221 17.049668
300.000000 0.164000 0.164000 0.164000 0.000000 0.000000 0.000000 -34970.818314 27.345915
300.000000 0.166000 0.166000 0.166000 0.000000 0.000000 0.000000 -34937.525348 10.476861
300.000000 0.168000 0.168000 0.168000 0.000000 0.000000 0.000000 -34901.281008 8.371572
300.000000 0.170000 0.170000 0.170000 0.000000 0.000000 0.000000 -35129.203041 9.172104
300.000000 0.172000 0.172000 0.172000 0.000000 0.000000 0.000000 -34971.749100 15.356241
300.000000 0.174000 0.174000 0.174000 0.000000 0.000000 0.000000 -35000.127879 6.032141
300.000000 0.176000 0.176000 0.176000 0.000000 0.000000 0.000000 -35015.548373 9.694962
300.000000 0.178000 0.178000 0.178000 0.000000 0.000000 0.000000 -34999.578463 9.327484
300.000000 0.180000 0.180000 0.180000 0.000000 0.000000 0.000000 -35079.421204 2.641750
300.000000 0.182000 0.182000 0.182000 0.000000 0.000000 0.000000 -34978.444748 7.658889
300.000000 0.184000 0.184000 0.184000 0.000000 0.000000 0.000000 -35015.383257 15.684088
300.000000 0.186000 0.186000 0.186000 0.000000 0.000000 0.000000 -35031.780749 -5.348439
300.000000 0.188000 0.188000 0.188000 0.000000 0.000000 0.000000 -35062.144451 3.195594
300.000000 0.190000 0.190000 0.190000 0.000000 0.000000 0.000000 -35117.179533 0.820701
300.000000 0.192000 0.192000 0.192000 0.000000 0.000000 0.000000 -35150.614006 8.910947
300.000000 0.194000 0.194000 0.194000 0.000000 0.000000 0.000000 -34992.680642 1.387929
300.000000 0.196000 0.196000 0.196000 0.000000 0.000000 0.000000 -34886.959654 23.406986
300.000000 0.198000 0.198000 0.198000 0.000000 0.000000 0.000000 -34930.331665 21.321373
300.000000 0.200000 0.200000 0.200000 0.000000 0.000000 0.000000 -34861.123886 9.463644
300.000000 0.202000 0.202000 0.202000 0.000000 0.000000 0.000000 -35007.134501 4.766583
300.000000 0.204000 0.204000 0.204000 0.000000 0.000000 0.000000 -35056.209718 2.907218
300.000000 0.206000 0.206000 0.206000 0.000000 0.000000 0.000000 -34959.092501 14.420620
300.000000 0.208000 0.208000 0.208000 0.000000 0.000000 0.000000 -34929.988461 19.697596
300.000000 0.210000 0.210000 0.210000 0.000000 0.000000 0.000000 -34941.905523 8.639438
300.000000 0.212000 0.212000 0.212000 0.000000 0.000000 0.000000 -34970.849599 7.756254
300.000000 0.214000 0.214000 0.214000 0.000000 0.000000 0.000000 -34947.148328 26.027735
300.000000 0.216000 0.216000 0.216000 0.000000 0.000000 0.000000 -34910.186078 13.728241
300.000000 0.218000 0.218000 0.218000 0.000000 0.000000 0.000000 -34750.736558 9.658633
300.000000 0.220000 0.220000 0.220000 0.000000 0.000000 0.000000 -34805.051579 22.833998
300.000000 0.222000 0.222000 0.222000 0.000000 0.000000 0.000000 -34785.291769 8.687364
300.000000 0.224000 0.224000 0.224000 0.000000 0.000000 0.000000 -34860.148571 10.402762
300.000000 0.226000 0.226000 0.226000 0.000000 0.000000 0.000000 -34878.457187 15.236940
300.000000 0.228000 0.228000 0.228000 0.000000 0.000000 0.000000 -34910.909974 16.539864
300.000000 0.230000 0.230000 0.230000 0.000000 0.000000 0.000000 -34867.191000 14.278260
300.000000 0.232000 0.232000 0.232000 0.000000 0.000000 0.000000 -34862.146193 13.138307
300.000000 0.234000 0.234000 0.234000 0.000000 0.000000 0.000000 -35007.689623 16.152213
300.000000 0.236000 0.236000 0.236000 0.000000 0.000000 0.000000 -34923.334791 6.437855
300.000000 0.238000 0.238000 0.238000 0.000000 0.000000 0.000000 -34821.594041 8.948088
300.000000 0.240000 0.240000 0.240000 0.000000 0.000000 0.000000 -34891.902004 1.432868
300.000000 0.242000 0.242000 0.242000 0.000000 0.000000 0.000000 -34933.770687 6.409300
300.000000 0.244000 0.244000 0.244000 0.000000 0.000000 0.000000 -34977.345935 6.380104
300.000000 0.246000 0.246000 0.246000 0.000000 0.000000 0.000000 -35017.430186 15.350977
300.000000 0.248000 0.248000 0.248000 0.000000 0.000000 0.000000 -34944.992208 0.410715
300.000000 0.250000 0.250000 0.250000 0.000000 0.000000 0.000000 -34866.336080 2.040906
300.000000 0.252000 0.252000 0.252000 0.000000 0.000000 0.000000 -34910.805385 20.722793
300.000000 0.254000 0.254000 0.254000 0.000000 0.000000 0.000000 -34834.941687 7.139058
300.000000 0.256000 0.256000 0.256000 0.000000 0.000000 0.000000 -34946.458828 12.100168
300.000000 0.258000 0.258000 0.258000 0.000000 0.000000 0.000000 -34935.211073 2.644509
300.000000 0.260000 0.260000 0.260000 0.000000 0.000000 0.000000 -34844.115383 0.394745
300.000000 0.262000 0.262000 0.262000 0.000000 0.000000 0.000000 -34863.822349 -1.370737
300.000000 0.264000 0.264000 0.264000 0.000000 0.000000 0.000000 -34822.254272 7.122360
300.000000 0.266000 0.266000 0.266000 0.000000 0.000000 0.000000 -34871.327468 9.675879
300.000000 0.268000 0.268000 0.268000 0.000000 0.000000 0.000000 -34866.083107 7.919853
300.000000 0.270000 0.270000 0.270000 0.000000 0.000000 0.000000 -34814.799747 1.149187
300.000000 0.272000 0.272000 0.272000 0.000000 0.000000 0.000000 -34923.427583 0.330031
300.000000 0.274000 0.274000 0.274000 0.000000 0.000000 0.000000 -35000.255442 8.560604
300.000000 0.276000 0.276000 0.276000 0.000000 0.000000 0.000000 -34934.207537 5.366137
300.000000 0.278000 0.278000 0.278000 0.000000 0.000000 0.000000 -35004.129770 5.801559
300.000000 0.280000 0.280000 0.280000 0.000000 0.000000 0.000000 -34942.239456 10.868086
300.000000 0.282000 0.282000 0.282000 0.000000 0.000000 0.000000 -35033.723676 13.195278
300.000000 0.284000 0.284000 0.284000 0.000000 0.000000 0.000000 -34918.247333 -6.228332
300.000000 0.286000 0.286000 0.286000 0.000000 0.000000 0.000000 -34940.629605 9.740880
300.000000 0.288000 0.288000 0.288000 0.000000 0.000000 0.000000 -34971.948523 14.002886
300.000000 0.290000 0.290000 0.290000 0.000000 0.000000 0.000000 -35075.084038 6.081784
300.000000 0.292000 0.292000 0.292000 0.000000 0.000000 0.000000 -34888.935322 9.504193
300.000000 0.294000 0.294000 0.294000 0.000000 0.000000 0.000000 -35011.248268 4.185677
300.000000 0.296000 0.296000 0.296000 0.000000 0.000000 0.000000 -35016.154164 -4.094263
300.000000 0.298000 0.298000 0.298000 0.000000 0.000000 0.000000 -34901.455111 21.510186
300.000000 0.300000 0.300000 0.300000 0.000000 0.000000 0.000000 -34973.439442 6.255755
300.000000 0.302000 0.302000 0.302000 0.000000 0.000000 0.000000 -34965.019292 1.784295
300.000000 0.304000 0.304000 0.304000 0.000000 0.000000 0.000000 -35009.861792 2.919632
300.000000 0.306000 0.306000 0.306000 0.000000 0.000000 0.000000 -34925.349603 0.837541
300.000000 0.308000 0.308000 0.308000 0.000000 0.000000 0.000000 -34953.972851 2.943099
300.000000 0.310000 0.310000 0.310000 0.000000 0.000000 0.000000 -34992.095322 2.755344
300.000000 0.312000 0.312000 0.312000 0.000000 0.000000 0.000000 -34839.349660 5.509573
300.000000 0.314000 0.314000 0.314000 0.000000 0.000000 0.000000 -35024.203204 17.226353
300.000000 0.316000 0.316000 0.316000 0.000000 0.000000 0.000000 -34780.984580 12.109622
300.000000 0.318000 0.318000 0.318000 0.000000 0.000000 0.000000 -34938.701579 12.582088
300.000000 0.320000 0.320000 0.320000 0.000000 0.000000 0.000000 -35019.379085 8.813503
300.000000 0.322000 0.322000 0.322000 0.000000 0.000000 0.000000 -35067.879039 13.788825
300.000000 0.324000 0.324000 0.324000 0.000000 0.000000 0.000000 -34938.196728 1.082459
300.000000 0.326000 0.326000 0.326000 0.000000 0.000000 0.000000 -34912.364298 0.232376
300.000000 0.328000 0.328000 0.328000 0.000000 0.000000 0.000000 -34847.293122 3.492841
300.000000 0.330000 0.330000 0.330000 0.000000 0.000000 0.000000 -34973.093613 -0.210995
300.000000 0.332000 0.332000 0.332000 0.000000 0.000000 0.000000 -34939.972674 2.643795
300.000000 0.334000 0.334000 0.334000 0.000000 0.000000 0.000000 -34977.361041 5.616473
300.000000 0.336000 0.336000 0.336000 0.000000 0.000000 0.000000 -34823.925292 5.213722
300.000000 0.338000 0.338000 0.338000 0.000000 0.000000 0.000000 -34853.808215 5.674117
300.000000 0.340000 0.340000 0.340000 0.000000 0.000000 0.000000 -34964.221516 5.363664
300.000000 0.342000 0.342000 0.342000 0.000000 0.000000 0.000000 -35003.197790 6.389979
300.000000 0.344000 0.344000 0.344000 0.000000 0.000000 0.000000 -35038.729473 1.310160
300.000000 0.346000 0.346000 0.346000 0.000000 0.000000 0.000000 -35092.785637 2.483398
300.000000 0.348000 0.348000 0.348000 0.000000 0.000000 0.000000 -34976.370037 1.914516
300.000000 0.350000 0.350000 0.350000 0.000000 0.000000 0.000000 -34882.912045 11.395880
300.000000 0.352000 0.352000 0.352000 0.000000 0.000000 0.000000 -34829.779229 2.402100
300.000000 0.354000 0.354000 0.354000 0.000000 0.000000 0.000000 -34866.286924 1.078433
300.000000 0.356000 0.356000 0.356000 0.000000 0.000000 0.000000 -34825.052305 17.245675
300.000000 0.358000 0.358000 0.358000 0.000000 0.000000 0.000000 -34905.773813 5.463540
300.000000 0.360000 0.360000 0.360000 0.000000 0.000000 0.000000 -34847.825346 7.282819
300.000000 0.362000 0.362000 0.362000 0.000000 0.000000 0.000000 -34776.480369 -1.982061
300.000000 0.364000 0.364000 0.364000 0.000000 0.000000 0.000000 -34882.031782 -1.822984
300.000000 0.366000 0.366000 0.366000 0.000000 0.000000 0.000000 -34910.360704 12.657738
300.000000 0.368000 0.368000 0.368000 0.000000 0.000000 0.000000 -35066.174031 6.941680
300.000000 0.370000 0.370000 0.370000 0.000000 0.000000 0.000000 -35143.546625 9.656278
300.000000 0.372000 0.372000 0.372000 0.000000 0.000000 0.000000 -35053.466149 -1.265272
300.000000 0.374000 0.374000 0.374000 0.000000 0.000000 0.000000 -34918.300682 4.069600
300.000000 0.376000 0.376000 0.376000 0.000000 0.000000 0.000000 -34944.829007 0.468348
300.000000 0.378000 0.378000 0.378000 0.000000 0.000000 0.000000 -34904.564730 0.119465
300.000000 0.380000 0.380000 0.380000 0.000000 0.000000 0.000000 -34887.210434 0.271101
300.000000 0.382000 0.382000 0.382000 0.000000 0.000000 0.000000 -34878.647676 -11.343555
300.000000 0.384000 0.384000 0.384000 0.000000 0.000000 0.000000 -34993.510935 7.411323
300.000000 0.386000 0.386000 0.386000 0.000000 0.000000 0.000000 -34931.447014 3.032584
300.000000 0.388000 0.388000 0.388000 0.000000 0.000000 0.000000 -34986.415393 -0.410528
300.000000 0.390000 0.390000 0.390000 0.000000 0.000000 0.000000 -35020.750748 -0.530164
300.000000 0.392000 0.392000 0.392000 0.000000 0.000000 0.000000 -35086.388384 2.036023
300.000000 0.394000 0.394000 0.394000 0.000000 0.000000 0.000000 -34970.703354 -12.054318
300.000000 0.396000 0.396000 0.396000 0.000000 0.000000 0.000000 -35033.375101 6.503984
300.000000 0.398000 0.398000 0.398000 0.000000 0.000000 0.000000 -35106.513404 2.094632
300.000000 0.400000 0.400000 0.400000 0.000000 0.000000 0.000000 -35096.627640 0.988925
300.000000 0.402000 0.402000 0.402000 0.000000 0.000000 0.000000 -35024.905920 -1.200414
300.000000 0.404000 0.404000 0.404000 0.000000 0.000000 0.000000 -35019.884331 -3.143500
300.000000 0.406000 0.406000 0.406000 0.000000 0.000000 0.000000 -34804.193454 0.158756
300.000000 0.408000 0.408000 0.408000 0.000000 0.000000 0.000000 -34954.403803 -1.240250
300.000000 0.410000 0.410000 0.410000 0.000000 0.000000 0.000000 -35003.208696 -1.849177
300.000000 0.412000 0.412000 0.412000 0.000000 0.000000 0.000000 -34844.788513 -10.297555
300.000000 0.414000 0.414000 0.414000 0.000000 0.000000 0.000000 -34916.306371 -0.871031
300.000000 0.416000 0.416000 0.416000 0.000000 0.000000 0.000000 -34849.639210 -1.232240
300.000000 0.418000 0.418000 0.418000 0.000000 0.000000 0.000000 -34866.800928 -4.739432
300.000000 0.420000 0.420000 0.420000 0.000000 0.000000 0.000000 -34968.982912 3.765634
300.000000 0.422000 0.422000 0.422000 0.000000 0.000000 0.000000 -34960.031280 -3.267173
300.000000 0.424000 0.424000 0.424000 0.000000 0.000000 0.000000 -34957.790058 3.853165
300.000000 0.426000 0.426000 0.426000 0.000000 0.000000 0.000000 -34774.321765 -5.977662
300.000000 0.428000 0.428000 0.428000 0.000000 0.000000 0.000000 -34790.155871 -3.695705
300.000000 0.430000 0.430000 0.430000 0.000000 0.000000 0.000000 -34902.638380 1.958292
300.000000 0.432000 0.432000 0.432000 0.000000 0.000000 0.000000 -34933.913826 5.651078
300.000000 0.434000 0.434000 0.434000 0.000000 0.000000 0.000000 -34969.642289 5.948737
300.000000 0.436000 0.436000 0.436000 0.000000 0.000000 0.000000 -35061.078469 4.237632
300.000000 0.438000 0.438000 0.438000 0.000000 0.000000 0.000000 -34925.389457 -0.456705
300.000000 0.440000 0.440000 0.440000 0.000000 0.000000 0.000000 -34949.356190 1.719322
300.000000 0.442000 0.442000 0.442000 0.000000 0.000000 0.000000 -35017.937265 -8.599693
300.000000 0.444000 0.444000 0.444000 0.000000 0.000000 0.000000 -35083.058953 4.396468
300.000000 0.446000 0.446000 0.446000 0.000000 0.000000 0.000000 -35014.756172 -1.354394
300.000000 0.448000 0.448000 0.448000 0.000000 0.000000 0.000000 -34968.482568 -3.415120
300.000000 0.450000 0.450000 0.450000 0.000000 0.000000 0.000000 -34902.923991 6.302602
300.000000 0.452000 0.452000 0.452000 0.000000 0.000000 0.000000 -34828.054390 5.709985
300.000000 0.454000 0.454000 0.454000 0.000000 0.000000 0.000000 -34985.003433 2.345181
300.000000 0.456000 0.456000 0.456000 0.000000 0.000000 0.000000 -34928.125005 0.827173
300.000000 0.458000 0.458000 0.458000 0.000000 0.000000 0.000000 -34922.248556 12.072244
300.000000 0.460000 0.460000 0.460000 0.000000 0.000000 0.000000 -35017.579054 0.456652
300.000000 0.462000 0.462000 0.462000 0.000000 0.000000 0.000000 -34918.875713 -1.036132
300.000000 0.464000 0.464000 0.464000 0.000000 0.000000 0.000000 -35036.400558 0.586292
300.000000 0.466000 0.466000 0.466000 0.000000 0.000000 0.000000 -34944.486143 0.392090
300.000000 0.468000 0.468000 0.468000 0.000000 0.000000 0.000000 -34976.695740 -5.644652
300.000000 0.470000 0.470000 0.470000 0.000000 0.000000 0.000000 -34991.283162 -7.023503
300.000000 0.472000 0.472000 0.472000 0.000000 0.000000 0.000000 -34956.976059 -0.141495
300.000000 0.474000 0.474000 0.474000 0.000000 0.000000 0.000000 -34909.796152 -5.112874
300.000000 0.476000 0.476000 0.476000 0.000000 0.000000 0.000000 -34931.368149 -6.917041
300.000000 0.478000 0.478000 0.478000 0.000000 0.000000 0.000000 -34926.326619 9.688036
300.000000 0.480000 0.480000 0.480000 0.000000 0.000000 0.000000 -34930.853511 -0.161496
300.000000 0.482000 0.482000 0.482000 0.000000 0.000000 0.000000 -35005.733896 -3.773694
300.000000 0.484000 0.484000 0.484000 0.000000 0.000000 0.000000 -35073.599012 2.730354
300.000000 0.486000 0.486000 0.486000 0.000000 0.000000 0.000000 -35045.950120 -2.520314
300.000000 0.488000 0.488000 0.488000 0.000000 0.000000 0.000000 -34963.819621 1.815652
300.000000 0.490000 0.490000 0.490000 0.000000 0.000000 0.000000 -35027.465542 7.688747
300.000000 0.492000 0.492000 0.492000 0.000000 0.000000 0.000000 -34956.959672 -4.962867
300.000000 0.494000 0.494000 0.494000 0.000000 0.000000 0.000000 -34959.826239 0.143863
300.000000 0.496000 0.496000 0.496000 0.000000 0.000000 0.000000 -34946.005632 -4.054863
300.000000 0.498000 0.498000 0.498000 0.000000 0.000000 0.000000 -34979.775343 -5.578330
