300.000000 0.000000 0.000000 0.000000 0.000000 0.000000 0.000000 -30578.224655 854.737570
300.000000 0.002000 0.002000 0.002000 0.000000 0.000000 0.000000 -30619.166597 947.352239
300.000000 0.004000 0.004000 0.004000 0.000000 0.000000 0.000000 -30629.664241 922.956742
300.000000 0.006000 0.006000 0.006000 0.000000 0.000000 0.000000 -30609.744783 981.318381
300.000000 0.008000 0.008000 0.008000 0.000000 0.000000 0.000000 -30668.613941 918.337825
300.000000 0.010000 0.010000 0.010000 0.000000 0.000000 0.000000 -30688.661245 937.207456
300.000000 0.012000 0.012000 0.012000 0.000000 0.000000 0.000000 -30684.437921 840.510641
300.000000 0.014000 0.014000 0.014000 0.000000 0.000000 0.000000 -30506.098059 916.340181
300.000000 0.016000 0.016000 0.016000 0.000000 0.000000 0.000000 -30655.240584 877.842055
300.000000 0.018000 0.018000 0.018000 0.000000 0.000000 0.000000 -30527.646839 797.475327
300.000000 0.020000 0.020000 0.020000 0.000000 0.000000 0.000000 -30591.308165 929.428475
300.000000 0.022000 0.022000 0.022000 0.000000 0.000000 0.000000 -30655.927902 608.104281
300.000000 0.024000 0.024000 0.024000 0.000000 0.000000 0.000000 -30698.099124 78.821506
300.000000 0.026000 0.026000 0.026000 0.000000 0.000000 0.000000 -30674.302602 77.166795
300.000000 0.028000 0.028000 0.028000 0.000000 0.000000 0.000000 -30663.975057 108.384335
300.000000 0.030000 0.030000 0.030000 0.000000 0.000000 0.000000 -30689.902577 53.990969
300.000000 0.032000 0.032000 0.032000 0.000000 0.000000 0.000000 -30608.335066 70.198734
300.000000 0.034000 0.034000 0.034000 0.000000 0.000000 0.000000 -30605.888204 154.376912
300.000000 0.036000 0.036000 0.036000 0.000000 0.000000 0.000000 -30599.837920 41.158543
300.000000 0.038000 0.038000 0.038000 0.000000 0.000000 0.000000 -30669.328178 118.626007
300.000000 0.040000 0.040000 0.040000 0.000000 0.000000 0.000000 -30498.922716 36.507793
300.000000 0.042000 0.042000 0.042000 0.000000 0.000000 0.000000 -30579.579407 48.165285
300.000000 0.044000 0.044000 0.044000 0.000000 0.000000 0.000000 -30619.883718 93.791656
300.000000 0.046000 0.046000 0.046000 0.000000 0.000000 0.000000 -30586.421097 95.597107
300.000000 0.048000 0.048000 0.048000 0.000000 0.000000 0.000000 -30621.273716 38.996656
300.000000 0.050000 0.050000 0.050000 0.000000 0.000000 0.000000 -30648.402488 32.722876
300.000000 0.052000 0.052000 0.052000 0.000000 0.000000 0.000000 -30615.345257 61.444487
300.000000 0.054000 0.054000 0.054000 0.000000 0.000000 0.000000 -30661.908805 21.413329
300.000000 0.056000 0.056000 0.056000 0.000000 0.000000 0.000000 -30618.274055 46.693052
300.000000 0.058000 0.058000 0.058000 0.000000 0.000000 0.000000 -30678.169061 59.364019
300.000000 0.060000 0.060000 0.060000 0.000000 0.000000 0.000000 -30636.294876 21.263792
300.000000 0.062000 0.062000 0.062000 0.000000 0.000000 0.000000 -30708.530733 35.371742
300.000000 0.064000 0.064000 0.064000 0.000000 0.000000 0.000000 -30723.457484 51.495190
300.000000 0.066000 0.066000 0.066000 0.000000 0.000000 0.000000 -30746.833432 44.969450
300.000000 0.068000 0.068000 0.068000 0.000000 0.000000 0.000000 -30601.302623 39.896749
300.000000 0.070000 0.070000 0.070000 0.000000 0.000000 0.000000 -30617.041996 48.122139
300.000000 0.072000 0.072000 0.072000 0.000000 0.000000 0.000000 -30629.800421 26.950213
300.000000 0.074000 0.074000 0.074000 0.000000 0.000000 0.000000 -30621.041668 36.739493
300.000000 0.076000 0.076000 0.076000 0.000000 0.000000 0.000000 -30733.129189 68.919023
300.000000 0.078000 0.078000 0.078000 0.000000 0.000000 0.000000 -30676.100453 28.650797
300.000000 0.080000 0.080000 0.080000 0.000000 0.000000 0.000000 -30579.680980 23.152438
300.000000 0.082000 0.082000 0.082000 0.000000 0.000000 0.000000 -30650.897881 48.792086
300.000000 0.084000 0.084000 0.084000 0.000000 0.000000 0.000000 -30565.476603 28.363830
300.000000 0.086000 0.086000 0.086000 0.000000 0.000000 0.000000 -30572.413256 54.608538
300.000000 0.088000 0.088000 0.088000 0.000000 0.000000 0.000000 -30563.732190 25.744247
300.000000 0.090000 0.090000 0.090000 0.000000 0.000000 0.000000 -30552.183072 27.815968
300.000000 0.092000 0.092000 0.092000 0.000000 0.000000 0.000000 -30647.512428 27.246432
300.000000 0.094000 0.094000 0.094000 0.000000 0.000000 0.000000 -30616.277188 24.030523
300.000000 0.096000 0.096000 0.096000 0.000000 0.000000 0.000000 -30634.399209 30.334256
300.000000 0.098000 0.098000 0.098000 0.000000 0.000000 0.000000 -30652.588547 29.310246
300.000000 0.100000 0.100000 0.100000 0.000000 0.000000 0.000000 -30683.790845 56.572609
300.000000 0.102000 0.102000 0.102000 0.000000 0.000000 0.000000 -30608.417984 14.762715
300.000000 0.104000 0.104000 0.104000 0.000000 0.000000 0.000000 -30577.530005 32.780504
300.000000 0.106000 0.106000 0.106000 0.000000 0.000000 0.000000 -30565.064409 45.294660
300.000000 0.108000 0.108000 0.108000 0.000000 0.000000 0.000000 -30690.940533 28.372730
300.000000 0.110000 0.110000 0.110000 0.000000 0.000000 0.000000 -30644.166435 30.967892
300.000000 0.112000 0.112000 0.112000 0.000000 0.000000 0.000000 -30598.122556 38.482152
300.000000 0.114000 0.114000 0.114000 0.000000 0.000000 0.000000 -30581.965587 11.775550
300.000000 0.116000 0.116000 0.116000 0.000000 0.000000 0.000000 -30643.847751 26.852164
300.000000 0.118000 0.118000 0.118000 0.000000 0.000000 0.000000 -30672.795323 42.532342
300.000000 0.120000 0.120000 0.120000 0.000000 0.000000 0.000000 -30591.120432 25.098475
300.000000 0.122000 0.122000 0.122000 0.000000 0.000000 0.000000 -30567.599855 30.069426
300.000000 0.124000 0.124000 0.124000 0.000000 0.000000 0.000000 -30586.034753 14.940136
300.000000 0.126000 0.126000 0.126000 0.000000 0.000000 0.000000 -30594.229352 14.440081
300.000000 0.128000 0.128000 0.128000 0.000000 0.000000 0.000000 -30600.455598 36.513031
300.000000 0.130000 0.130000 0.130000 0.000000 0.000000 0.000000 -30692.155127 8.132335
300.000000 0.132000 0.132000 0.132000 0.000000 0.000000 0.000000 -30633.902357 27.712648
300.000000 0.134000 0.134000 0.134000 0.000000 0.000000 0.000000 -30649.257755 21.161340
300.000000 0.136000 0.136000 0.136000 0.000000 0.000000 0.000000 -30654.792560 17.065427
300.000000 0.138000 0.138000 0.138000 0.000000 0.000000 0.000000 -30534.580918 21.734556
300.000000 0.140000 0.140000 0.140000 0.000000 0.000000 0.000000 -30856.270910 16.831603
300.000000 0.142000 0.142000 0.142000 0.000000 0.000000 0.000000 -30627.928548 25.861065
300.000000 0.144000 0.144000 0.144000 0.000000 0.000000 0.000000 -30676.450879 12.588986
300.000000 0.146000 0.146000 0.146000 0.000000 0.000000 0.000000 -30644.617783 25.715951
300.000000 0.148000 0.148000 0.148000 0.000000 0.000000 0.000000 -30727.689803 16.627134
300.000000 0.150000 0.150000 0.150000 0.000000 0.000000 0.000000 -30635.021001 10.933220
300.000000 0.152000 0.152000 0.152000 0.000000 0.000000 0.000000 -30584.719925 21.651558
300.000000 0.154000 0.154000 0.154000 0.000000 0.000000 0.000000 -30697.096733 17.695029
300.000000 0.156000 0.156000 0.156000 0.000000 0.000000 0.000000 -30658.672593 28.126732
300.000000 0.158000 0.158000 0.158000 0.000000 0.000000 0.000000 -30586.884758 7.144620
300.000000 0.160000 0.160000 0.160000 0.000000 0.000000 0.000000 -30608.852763 29.836018
300.000000 0.162000 0.162000 0.162000 0.000000 0.000000 0.000000 -30630.510650 23.636346
300.000000 0.164000 0.164000 0.164000 0.000000 0.000000 0.000000 -30677.755006 16.533864
300.000000 0.166000 0.166000 0.166000 0.000000 0.000000 0.000000 -30774.658194 13.265912
300.000000 0.168000 0.168000 0.168000 0.000000 0.000000 0.000000 -30673.348491 22.601348
300.000000 0.170000 0.170000 0.170000 0.000000 0.000000 0.000000 -30614.157117 25.521456
300.000000 0.172000 0.172000 0.172000 0.000000 0.000000 0.000000 -30634.363161 19.456165
300.000000 0.174000 0.174000 0.174000 0.000000 0.000000 0.000000 -30584.295118 5.675253
300.000000 0.176000 0.176000 0.176000 0.000000 0.000000 0.000000 -30513.051704 26.423769
300.000000 0.178000 0.178000 0.178000 0.000000 0.000000 0.000000 -30569.025921 14.269712
300.000000 0.180000 0.180000 0.180000 0.000000 0.000000 0.000000 -30654.854701 8.160384
300.000000 0.182000 0.182000 0.182000 0.000000 0.000000 0.000000 -30602.177627 17.232658
300.000000 0.184000 0.184000 0.184000 0.000000 0.000000 0.000000 -30659.869177 19.095096
300.000000 0.186000 0.186000 0.186000 0.000000 0.000000 0.000000 -30614.031246 11.784954
300.000000 0.188000 0.188000 0.188000 0.000000 0.000000 0.000000 -30494.641087 4.998796
300.000000 0.190000 0.190000 0.190000 0.000000 0.000000 0.000000 -30602.743543 18.721690
300.000000 0.192000 0.192000 0.192000 0.000000 0.000000 0.000000 -30547.678961 9.161151
300.000000 0.194000 0.194000 0.194000 0.000000 0.000000 0.000000 -30479.791076 9.781138
300.000000 0.196000 0.196000 0.196000 0.000000 0.000000 0.000000 -30444.790537 22.960231
300.000000 0.198000 0.198000 0.198000 0.000000 0.000000 0.000000 -30586.455048 8.581560
300.000000 0.200000 0.200000 0.200000 0.000000 0.000000 0.000000 -30683.027479 9.055597
300.000000 0.202000 0.202000 0.202000 0.000000 0.000000 0.000000 -30727.780626 5.133094
300.000000 0.204000 0.204000 0.204000 0.000000 0.000000 0.000000 -30728.567125 15.697905
300.000000 0.206000 0.206000 0.206000 0.000000 0.000000 0.000000 -30694.724050 18.638851
300.000000 0.208000 0.208000 0.208000 0.000000 0.000000 0.000000 -30669.465174 12.688538
300.000000 0.210000 0.210000 0.210000 0.000000 0.000000 0.000000 -30592.425993 12.661589
300.000000 0.212000 0.212000 0.212000 0.000000 0.000000 0.000000 -30530.876049 8.735225
300.000000 0.214000 0.214000 0.214000 0.000000 0.000000 0.000000 -30575.219623 7.866586
300.000000 0.216000 0.216000 0.216000 0.000000 0.000000 0.000000 -30560.809611 12.407617
300.000000 0.218000 0.218000 0.218000 0.000000 0.000000 0.000000 -30467.551469 24.190703
300.000000 0.220000 0.220000 0.220000 0.000000 0.000000 0.000000 -30610.548214 9.007268
300.000000 0.222000 0.222000 0.222000 0.000000 0.000000 0.000000 -30588.325197 4.372099
300.000000 0.224000 0.224000 0.224000 0.000000 0.000000 0.000000 -30575.637796 17.151000
300.000000 0.226000 0.226000 0.226000 0.000000 0.000000 0.000000 -30671.486701 12.662133
300.000000 0.228000 0.228000 0.228000 0.000000 0.000000 0.000000 -30671.619309 3.258858
300.000000 0.230000 0.230000 0.230000 0.000000 0.000000 0.000000 -30729.706526 11.051230
300.000000 0.232000 0.232000 0.232000 0.000000 0.000000 0.000000 -30745.888705 4.255980
300.000000 0.234000 0.234000 0.234000 0.000000 0.000000 0.000000 -30690.923250 12.102127
300.000000 0.236000 0.236000 0.236000 0.000000 0.000000 0.000000 -30563.600011 16.601296
300.000000 0.238000 0.238000 0.238000 0.000000 0.000000 0.000000 -30570.222867 16.549523
300.000000 0.240000 0.240000 0.240000 0.000000 0.000000 0.000000 -30636.322395 20.316747
300.000000 0.242000 0.242000 0.242000 0.000000 0.000000 0.000000 -30636.966090 10.381400
300.000000 0.244000 0.244000 0.244000 0.000000 0.000000 0.000000 -30769.300368 20.702102
300.000000 0.246000 0.246000 0.246000 0.000000 0.000000 0.000000 -30629.911071 7.501690
300.000000 0.248000 0.248000 0.248000 0.000000 0.000000 0.000000 -30733.898738 22.152969
300.000000 0.250000 0.250000 0.250000 0.000000 0.000000 0.000000 -30679.918081 9.550763
300.000000 0.252000 0.252000 0.252000 0.000000 0.000000 0.000000 -30658.989785 -0.095063
300.000000 0.254000 0.254000 0.254000 0.000000 0.000000 0.000000 -30642.333844 5.149964
300.000000 0.256000 0.256000 0.256000 0.000000 0.000000 0.000000 -30690.989712 9.151716
300.000000 0.258000 0.258000 0.258000 0.000000 0.000000 0.000000 -30716.913488 15.181934
300.000000 0.260000 0.260000 0.260000 0.000000 0.000000 0.000000 -30713.092015 9.391970
300.000000 0.262000 0.262000 0.262000 0.000000 0.000000 0.000000 -30693.336874 12.402712
300.000000 0.264000 0.264000 0.264000 0.000000 0.000000 0.000000 -30522.091220 15.636444
300.000000 0.266000 0.266000 0.266000 0.000000 0.000000 0.000000 -30517.049135 6.237478
300.000000 0.268000 0.268000 0.268000 0.000000 0.000000 0.000000 -30652.660913 8.806876
300.000000 0.270000 0.270000 0.270000 0.000000 0.000000 0.000000 -30652.309809 6.020985
300.000000 0.272000 0.272000 0.272000 0.000000 0.000000 0.000000 -30650.236284 10.750389
300.000000 0.274000 0.274000 0.274000 0.000000 0.000000 0.000000 -30750.938266 14.715417
300.000000 0.276000 0.276000 0.276000 0.000000 0.000000 0.000000 -30764.509354 -3.203849
300.000000 0.278000 0.278000 0.278000 0.000000 0.000000 0.000000 -30705.324367 6.358091
300.000000 0.280000 0.280000 0.280000 0.000000 0.000000 0.000000 -30610.225594 8.767232
300.000000 0.282000 0.282000 0.282000 0.000000 0.000000 0.000000 -30645.777599 5.686490
300.000000 0.284000 0.284000 0.284000 0.000000 0.000000 0.000000 -30646.885577 16.438686
300.000000 0.286000 0.286000 0.286000 0.000000 0.000000 0.000000 -30684.107680 9.289432
300.000000 0.288000 0.288000 0.288000 0.000000 0.000000 0.000000 -30645.604193 16.700086
300.000000 0.290000 0.290000 0.290000 0.000000 0.000000 0.000000 -30453.733124 4.074420
300.000000 0.292000 0.292000 0.292000 0.000000 0.000000 0.000000 -30581.901589 7.427098
300.000000 0.294000 0.294000 0.294000 0.000000 0.000000 0.000000 -30651.458832 8.368357
300.000000 0.296000 0.296000 0.296000 0.000000 0.000000 0.000000 -30758.438145 7.545848
300.000000 0.298000 0.298000 0.298000 0.000000 0.000000 0.000000 -30558.360646 6.842708
300.000000 0.300000 0.300000 0.300000 0.000000 0.000000 0.000000 -30534.258760 7.907729
300.000000 0.302000 0.302000 0.302000 0.000000 0.000000 0.000000 -30627.232264 9.562921
300.000000 0.304000 0.304000 0.304000 0.000000 0.000000 0.000000 -30625.952867 3.590376
300.000000 0.306000 0.306000 0.306000 0.000000 0.000000 0.000000 -30560.909976 2.137529
300.000000 0.308000 0.308000 0.308000 0.000000 0.000000 0.000000 -30684.431753 4.261899
300.000000 0.310000 0.310000 0.310000 0.000000 0.000000 0.000000 -30702.571234 14.629887
300.000000 0.312000 0.312000 0.312000 0.000000 0.000000 0.000000 -30711.523081 11.488988
300.000000 0.314000 0.314000 0.314000 0.000000 0.000000 0.000000 -30688.978682 5.683388
300.000000 0.316000 0.316000 0.316000 0.000000 0.000000 0.000000 -30633.946798 12.540494
300.000000 0.318000 0.318000 0.318000 0.000000 0.000000 0.000000 -30638.464145 7.638399
300.000000 0.320000 0.320000 0.320000 0.000000 0.000000 0.000000 -30757.425521 -0.859411
300.000000 0.322000 0.322000 0.322000 0.000000 0.000000 0.000000 -30569.514746 6.738284
300.000000 0.324000 0.324000 0.324000 0.000000 0.000000 0.000000 -30695.245454 6.782555
300.000000 0.326000 0.326000 0.326000 0.000000 0.000000 0.000000 -30582.512875 5.303560
300.000000 0.328000 0.328000 0.328000 0.000000 0.000000 0.000000 -30479.918055 4.796652
300.000000 0.330000 0.330000 0.330000 0.000000 0.000000 0.000000 -30450.195687 4.264174
300.000000 0.332000 0.332000 0.332000 0.000000 0.000000 0.000000 -30587.362521 9.958991
300.000000 0.334000 0.334000 0.334000 0.000000 0.000000 0.000000 -30603.268588 -0.813000
300.000000 0.336000 0.336000 0.336000 0.000000 0.000000 0.000000 -30609.290016 16.294205
300.000000 0.338000 0.338000 0.338000 0.000000 0.000000 0.000000 -30557.759095 4.422918
300.000000 0.340000 0.340000 0.340000 0.000000 0.000000 0.000000 -30562.223135 8.862665
300.000000 0.342000 0.342000 0.342000 0.000000 0.000000 0.000000 -30633.185892 8.712672
300.000000 0.344000 0.344000 0.344000 0.000000 0.000000 0.000000 -30648.153738 15.018028
300.000000 0.346000 0.346000 0.346000 0.000000 0.000000 0.000000 -30699.569490 7.938037
300.000000 0.348000 0.348000 0.348000 0.000000 0.000000 0.000000 -30606.483471 2.084330
300.000000 0.350000 0.350000 0.350000 0.000000 0.000000 0.000000 -30561.358609 5.784083
300.000000 0.352000 0.352000 0.352000 0.000000 0.000000 0.000000 -30504.350189 7.386991
300.000000 0.354000 0.354000 0.354000 0.000000 0.000000 0.000000 -30595.115454 10.639767
300.000000 0.356000 0.356000 0.356000 0.000000 0.000000 0.000000 -30600.712740 3.912130
300.000000 0.358000 0.358000 0.358000 0.000000 0.000000 0.000000 -30529.653144 7.081665
300.000000 0.360000 0.360000 0.360000 0.000000 0.000000 0.000000 -30542.518309 7.571915
300.000000 0.362000 0.362000 0.362000 0.000000 0.000000 0.000000 -30561.824759 12.704833
300.000000 0.364000 0.364000 0.364000 0.000000 0.000000 0.000000 -30685.992017 1.130164
300.000000 0.366000 0.366000 0.366000 0.000000 0.000000 0.000000 -30728.216163 4.427988
300.000000 0.368000 0.368000 0.368000 0.000000 0.000000 0.000000 -30646.738129 2.486944
300.000000 0.370000 0.370000 0.370000 0.000000 0.000000 0.000000 -30596.618543 6.825223
300.000000 0.372000 0.372000 0.372000 0.000000 0.000000 0.000000 -30619.438621 14.160143
300.000000 0.374000 0.374000 0.374000 0.000000 0.000000 0.000000 -30692.540923 1.231646
300.000000 0.376000 0.376000 0.376000 0.000000 0.000000 0.000000 -30632.280247 8.616438
300.000000 0.378000 0.378000 0.378000 0.000000 0.000000 0.000000 -30650.765050 6.368066
300.000000 0.380000 0.380000 0.380000 0.000000 0.000000 0.000000 -30725.625510 4.877517
300.000000 0.382000 0.382000 0.382000 0.000000 0.000000 0.000000 -30719.614218 -2.492197
300.000000 0.384000 0.384000 0.384000 0.000000 0.000000 0.000000 -30638.883921 6.468782
300.000000 0.386000 0.386000 0.386000 0.000000 0.000000 0.000000 -30723.662080 7.758475
300.000000 0.388000 0.388000 0.388000 0.000000 0.000000 0.000000 -30762.623805 17.320590
300.000000 0.390000 0.390000 0.390000 0.000000 0.000000 0.000000 -30778.340372 6.467137
300.000000 0.392000 0.392000 0.392000 0.000000 0.000000 0.000000 -30622.066039 0.301800
300.000000 0.394000 0.394000 0.394000 0.000000 0.000000 0.000000 -30684.151421 11.320827
300.000000 0.396000 0.396000 0.396000 0.000000 0.000000 0.000000 -30640.343079 -4.272759
300.000000 0.398000 0.398000 0.398000 0.000000 0.000000 0.000000 -30566.253470 0.291967
300.000000 0.400000 0.400000 0.400000 0.000000 0.000000 0.000000 -30537.426523 3.317134
300.000000 0.402000 0.402000 0.402000 0.000000 0.000000 0.000000 -30642.958229 2.649062
300.000000 0.404000 0.404000 0.404000 0.000000 0.000000 0.000000 -30589.726131 -0.543367
300.000000 0.406000 0.406000 0.406000 0.000000 0.000000 0.000000 -30608.606638 12.074141
300.000000 0.408000 0.408000 0.408000 0.000000 0.000000 0.000000 -30732.589523 0.191957
300.000000 0.410000 0.410000 0.410000 0.000000 0.000000 0.000000 -30603.963528 8.974139
300.000000 0.412000 0.412000 0.412000 0.000000 0.000000 0.000000 -30616.770215 11.963224
300.000000 0.414000 0.414000 0.414000 0.000000 0.000000 0.000000 -30707.998646 5.796080
300.000000 0.416000 0.416000 0.416000 0.000000 0.000000 0.000000 -30622.774629 4.319202
300.000000 0.418000 0.418000 0.418000 0.000000 0.000000 0.000000 -30646.058576 9.592793
300.000000 0.420000 0.420000 0.420000 0.000000 0.000000 0.000000 -30688.235068 4.656593
300.000000 0.422000 0.422000 0.422000 0.000000 0.000000 0.000000 -30613.654737 -1.070227
300.000000 0.424000 0.424000 0.424000 0.000000 0.000000 0.000000 -30569.484659 -0.055033
300.000000 0.426000 0.426000 0.426000 0.000000 0.000000 0.000000 -30659.660712 2.066389
300.000000 0.428000 0.428000 0.428000 0.000000 0.000000 0.000000 -30614.200439 0.037073
300.000000 0.430000 0.430000 0.430000 0.000000 0.000000 0.000000 -30566.117860 5.393482
300.000000 0.432000 0.432000 0.432000 0.000000 0.000000 0.000000 -30610.264522 -4.863943
300.000000 0.434000 0.434000 0.434000 0.000000 0.000000 0.000000 -30439.197129 -0.323910
300.000000 0.436000 0.436000 0.436000 0.000000 0.000000 0.000000 -30464.330962 2.426207
300.000000 0.438000 0.438000 0.438000 0.000000 0.000000 0.000000 -30582.467975 2.241380
300.000000 0.440000 0.440000 0.440000 0.000000 0.000000 0.000000 -30500.104102 6.475257
300.000000 0.442000 0.442000 0.442000 0.000000 0.000000 0.000000 -30479.875903 0.701758
300.000000 0.444000 0.444000 0.444000 0.000000 0.000000 0.000000 -30463.978511 2.251034
300.000000 0.446000 0.446000 0.446000 0.000000 0.000000 0.000000 -30566.621149 0.862387
300.000000 0.448000 0.448000 0.448000 0.000000 0.000000 0.000000 -30684.930549 5.338001
300.000000 0.450000 0.450000 0.450000 0.000000 0.000000 0.000000 -30617.470661 5.402139
300.000000 0.452000 0.452000 0.452000 0.000000 0.000000 0.000000 -30544.170181 -3.331850
300.000000 0.454000 0.454000 0.454000 0.000000 0.000000 0.000000 -30590.354008 -7.411888
300.000000 0.456000 0.456000 0.456000 0.000000 0.000000 0.000000 -30631.617194 -3.473854
300.000000 0.458000 0.458000 0.458000 0.000000 0.000000 0.000000 -30572.702122 -0.108058
300.000000 0.460000 0.460000 0.460000 0.000000 0.000000 0.000000 -30546.960523 11.674693
300.000000 0.462000 0.462000 0.462000 0.000000 0.000000 0.000000 -30596.633716 4.687260
300.000000 0.464000 0.464000 0.464000 0.000000 0.000000 0.000000 -30593.233336 6.466015
300.000000 0.466000 0.466000 0.466000 0.000000 0.000000 0.000000 -30510.190531 1.249474
300.000000 0.468000 0.468000 0.468000 0.000000 0.000000 0.000000 -30567.074447 9.748659
300.000000 0.470000 0.470000 0.470000 0.000000 0.000000 0.000000 -30661.794620 -3.268564
300.000000 0.472000 0.472000 0.472000 0.000000 0.000000 0.000000 -30530.433680 3.177515
300.000000 0.474000 0.474000 0.474000 0.000000 0.000000 0.000000 -30622.385336 3.936197
300.000000 0.476000 0.476000 0.476000 0.000000 0.000000 0.000000 -30562.146051 -0.906960
300.000000 0.478000 0.478000 0.478000 0.000000 0.000000 0.000000 -30571.782641 1.300647
300.000000 0.480000 0.480000 0.480000 0.000000 0.000000 0.000000 -30546.265382 0.471479
300.000000 0.482000 0.482000 0.482000 0.000000 0.000000 0.000000 -30497.954792 5.058972
300.000000 0.484000 0.484000 0.484000 0.000000 0.000000 0.000000 -30571.693774 5.505931
300.000000 0.486000 0.486000 0.486000 0.000000 0.000000 0.000000 -30536.950817 -5.463379
300.000000 0.488000 0.488000 0.488000 0.000000 0.000000 0.000000 -30455.828350 2.645756
300.000000 0.490000 0.490000 0.490000 0.000000 0.000000 0.000000 -30556.712927 -2.858812
300.000000 0.492000 0.492000 0.492000 0.000000 0.000000 0.000000 -30532.381548 10.679407
300.000000 0.494000 0.494000 0.494000 0.000000 0.000000 0.000000 -30525.599561 2.041068
300.000000 0.496000 0.496000 0.496000 0.000000 0.000000 0.000000 -30557.509084 6.300332
300.000000 0.498000 0.498000 0.498000 0.000000 0.000000 0.000000 -30398.175292 1.488522
