300.000000 0.000000 0.000000 0.000000 0.000000 0.000000 0.000000 -30714.229231 887.843999
300.000000 0.002000 0.002000 0.002000 0.000000 0.000000 0.000000 -30583.989828 938.248007
300.000000 0.004000 0.004000 0.004000 0.000000 0.000000 0.000000 -30592.776939 811.205060
300.000000 0.006000 0.006000 0.006000 0.000000 0.000000 0.000000 -30607.545806 874.331916
300.000000 0.008000 0.008000 0.008000 0.000000 0.000000 0.000000 -30657.961169 789.278622
300.000000 0.010000 0.010000 0.010000 0.000000 0.000000 0.000000 -30582.749106 786.469538
300.000000 0.012000 0.012000 0.012000 0.000000 0.000000 0.000000 -30446.047326 720.025707
300.000000 0.014000 0.014000 0.014000 0.000000 0.000000 0.000000 -30636.205180 697.316358
300.000000 0.016000 0.016000 0.016000 0.000000 0.000000 0.000000 -30578.702483 737.317303
300.000000 0.018000 0.018000 0.018000 0.000000 0.000000 0.000000 -30501.938540 849.260566
300.000000 0.020000 0.020000 0.020000 0.000000 0.000000 0.000000 -30534.752110 942.356847
300.000000 0.022000 0.022000 0.022000 0.000000 0.000000 0.000000 -30543.997150 635.120343
300.000000 0.024000 0.024000 0.024000 0.000000 0.000000 0.000000 -30670.355396 669.617314
300.000000 0.026000 0.026000 0.026000 0.000000 0.000000 0.000000 -30611.123926 762.815103
300.000000 0.028000 0.028000 0.028000 0.000000 0.000000 0.000000 -30651.722950 127.912277
300.000000 0.030000 0.030000 0.030000 0.000000 0.000000 0.000000 -30746.105394 172.354595
300.000000 0.032000 0.032000 0.032000 0.000000 0.000000 0.000000 -30526.887595 77.477394
300.000000 0.034000 0.034000 0.034000 0.000000 0.000000 0.000000 -30544.240390 131.225291
300.000000 0.036000 0.036000 0.036000 0.000000 0.000000 0.000000 -30604.639445 175.976312
300.000000 0.038000 0.038000 0.038000 0.000000 0.000000 0.000000 -30655.180343 91.670208
300.000000 0.040000 0.040000 0.040000 0.000000 0.000000 0.000000 -30698.055048 55.478642
300.000000 0.042000 0.042000 0.042000 0.000000 0.000000 0.000000 -30550.985316 66.204754
300.000000 0.044000 0.044000 0.044000 0.000000 0.000000 0.000000 -30641.985154 27.338813
300.000000 0.046000 0.046000 0.046000 0.000000 0.000000 0.000000 -30583.318435 72.446203
300.000000 0.048000 0.048000 0.048000 0.000000 0.000000 0.000000 -30498.109928 106.083109
300.000000 0.050000 0.050000 0.050000 0.000000 0.000000 0.000000 -30604.088916 120.065006
300.000000 0.052000 0.052000 0.052000 0.000000 0.000000 0.000000 -30541.256808 86.228245
300.000000 0.054000 0.054000 0.054000 0.000000 0.000000 0.000000 -30560.403215 64.148306
300.000000 0.056000 0.056000 0.056000 0.000000 0.000000 0.000000 -30634.580349 82.448669
300.000000 0.058000 0.058000 0.058000 0.000000 0.000000 0.000000 -30655.208216 103.315344
300.000000 0.060000 0.060000 0.060000 0.000000 0.000000 0.000000 -30707.297278 57.751170
300.000000 0.062000 0.062000 0.062000 0.000000 0.000000 0.000000 -30655.629614 48.995325
300.000000 0.064000 0.064000 0.064000 0.000000 0.000000 0.000000 -30730.384990 80.440658
300.000000 0.066000 0.066000 0.066000 0.000000 0.000000 0.000000 -30816.630883 114.197595
300.000000 0.068000 0.068000 0.068000 0.000000 0.000000 0.000000 -30693.680557 66.977631
300.000000 0.070000 0.070000 0.070000 0.000000 0.000000 0.000000 -30650.517318 43.073067
300.000000 0.072000 0.072000 0.072000 0.000000 0.000000 0.000000 -30745.335380 74.148155
300.000000 0.074000 0.074000 0.074000 0.000000 0.000000 0.000000 -30771.178469 44.045867
300.000000 0.076000 0.076000 0.076000 0.000000 0.000000 0.000000 -30761.821021 55.436439
300.000000 0.078000 0.078000 0.078000 0.000000 0.000000 0.000000 -30752.377206 100.753105
300.000000 0.080000 0.080000 0.080000 0.000000 0.000000 0.000000 -30656.696973 62.991525
300.000000 0.082000 0.082000 0.082000 0.000000 0.000000 0.000000 -30745.618044 64.597362
300.000000 0.084000 0.084000 0.084000 0.000000 0.000000 0.000000 -30585.911352 58.361888
300.000000 0.086000 0.086000 0.086000 0.000000 0.000000 0.000000 -30836.509295 56.832070
300.000000 0.088000 0.088000 0.088000 0.000000 0.000000 0.000000 -30781.992229 71.146134
300.000000 0.090000 0.090000 0.090000 0.000000 0.000000 0.000000 -30913.477729 42.972151
300.000000 0.092000 0.092000 0.092000 0.000000 0.000000 0.000000 -30712.891155 40.313078
300.000000 0.094000 0.094000 0.094000 0.000000 0.000000 0.000000 -30450.911486 89.814247
300.000000 0.096000 0.096000 0.096000 0.000000 0.000000 0.000000 -30635.084454 35.506772
300.000000 0.098000 0.098000 0.098000 0.000000 0.000000 0.000000 -30598.322576 46.146184
300.000000 0.100000 0.100000 0.100000 0.000000 0.000000 0.000000 -30529.978381 56.902639
300.000000 0.102000 0.102000 0.102000 0.000000 0.000000 0.000000 -30573.025967 75.398772
300.000000 0.104000 0.104000 0.104000 0.000000 0.000000 0.000000 -30599.001316 53.131870
300.000000 0.106000 0.106000 0.106000 0.000000 0.000000 0.000000 -30521.917087 48.925282
300.000000 0.108000 0.108000 0.108000 0.000000 0.000000 0.000000 -30421.768615 36.447636
300.000000 0.110000 0.110000 0.110000 0.000000 0.000000 0.000000 -30478.596645 60.533922
300.000000 0.112000 0.112000 0.112000 0.000000 0.000000 0.000000 -30554.659333 47.891820
300.000000 0.114000 0.114000 0.114000 0.000000 0.000000 0.000000 -30532.522921 36.065521
300.000000 0.116000 0.116000 0.116000 0.000000 0.000000 0.000000 -30529.409116 43.749703
300.000000 0.118000 0.118000 0.118000 0.000000 0.000000 0.000000 -30555.439510 34.556404
300.000000 0.120000 0.120000 0.120000 0.000000 0.000000 0.000000 -30607.342645 39.205204
300.000000 0.122000 0.122000 0.122000 0.000000 0.000000 0.000000 -30658.415278 26.889868
300.000000 0.124000 0.124000 0.124000 0.000000 0.000000 0.000000 -30570.669090 39.364522
300.000000 0.126000 0.126000 0.126000 0.000000 0.000000 0.000000 -30517.366119 43.017555
300.000000 0.128000 0.128000 0.128000 0.000000 0.000000 0.000000 -30639.190801 31.447147
300.000000 0.130000 0.130000 0.130000 0.000000 0.000000 0.000000 -30549.922072 56.583188
300.000000 0.132000 0.132000 0.132000 0.000000 0.000000 0.000000 -30613.353483 36.518710
300.000000 0.134000 0.134000 0.134000 0.000000 0.000000 0.000000 -30643.910431 33.491830
300.000000 0.136000 0.136000 0.136000 0.000000 0.000000 0.000000 -30564.665378 37.271061
300.000000 0.138000 0.138000 0.138000 0.000000 0.000000 0.000000 -30562.176671 31.948893
300.000000 0.140000 0.140000 0.140000 0.000000 0.000000 0.000000 -30613.423295 18.183052
300.000000 0.142000 0.142000 0.142000 0.000000 0.000000 0.000000 -30618.731089 44.379422
300.000000 0.144000 0.144000 0.144000 0.000000 0.000000 0.000000 -30671.296553 26.939267
300.000000 0.146000 0.146000 0.146000 0.000000 0.000000 0.000000 -30623.705400 38.084287
300.000000 0.148000 0.148000 0.148000 0.000000 0.000000 0.000000 -30602.448759 34.499208
300.000000 0.150000 0.150000 0.150000 0.000000 0.000000 0.000000 -30692.395509 32.145143
300.000000 0.152000 0.152000 0.152000 0.000000 0.000000 0.000000 -30551.724352 52.802860
300.000000 0.154000 0.154000 0.154000 0.000000 0.000000 0.000000 -30610.816262 46.558828
300.000000 0.156000 0.156000 0.156000 0.000000 0.000000 0.000000 -30570.405051 31.016479
300.000000 0.158000 0.158000 0.158000 0.000000 0.000000 0.000000 -30641.101845 30.169819
300.000000 0.160000 0.160000 0.160000 0.000000 0.000000 0.000000 -30613.797225 36.802327
300.000000 0.162000 0.162000 0.162000 0.000000 0.000000 0.000000 -30560.135150 32.700616
300.000000 0.164000 0.164000 0.164000 0.000000 0.000000 0.000000 -30566.505140 35.868194
300.000000 0.166000 0.166000 0.166000 0.000000 0.000000 0.000000 -30704.430162 31.999888
300.000000 0.168000 0.168000 0.168000 0.000000 0.000000 0.000000 -30727.355629 23.911642
300.000000 0.170000 0.170000 0.170000 0.000000 0.000000 0.000000 -30799.968293 27.302120
300.000000 0.172000 0.172000 0.172000 0.000000 0.000000 0.000000 -30695.218469 32.431687
300.000000 0.174000 0.174000 0.174000 0.000000 0.000000 0.000000 -30655.117645 35.480292
300.000000 0.176000 0.176000 0.176000 0.000000 0.000000 0.000000 -30718.348609 17.908612
300.000000 0.178000 0.178000 0.178000 0.000000 0.000000 0.000000 -30605.095096 15.446922
300.000000 0.180000 0.180000 0.180000 0.000000 0.000000 0.000000 -30562.971179 12.592566
300.000000 0.182000 0.182000 0.182000 0.000000 0.000000 0.000000 -30507.459776 11.193671
300.000000 0.184000 0.184000 0.184000 0.000000 0.000000 0.000000 -30762.457341 12.244978
300.000000 0.186000 0.186000 0.186000 0.000000 0.000000 0.000000 -30634.963359 21.432356
300.000000 0.188000 0.188000 0.188000 0.000000 0.000000 0.000000 -30594.698517 12.959355
300.000000 0.190000 0.190000 0.190000 0.000000 0.000000 0.000000 -30521.441704 29.276909
300.000000 0.192000 0.192000 0.192000 0.000000 0.000000 0.000000 -30580.204338 41.416319
300.000000 0.194000 0.194000 0.194000 0.000000 0.000000 0.000000 -30565.822964 10.597640
300.000000 0.196000 0.196000 0.196000 0.000000 0.000000 0.000000 -30669.782993 9.637756
300.000000 0.198000 0.198000 0.198000 0.000000 0.000000 0.000000 -30591.391075 5.404160
300.000000 0.200000 0.200000 0.200000 0.000000 0.000000 0.000000 -30561.058171 19.679937
300.000000 0.202000 0.202000 0.202000 0.000000 0.000000 0.000000 -30697.788448 6.019287
300.000000 0.204000 0.204000 0.204000 0.000000 0.000000 0.000000 -30633.686132 23.237480
300.000000 0.206000 0.206000 0.206000 0.000000 0.000000 0.000000 -30656.748654 43.047780
300.000000 0.208000 0.208000 0.208000 0.000000 0.000000 0.000000 -30635.207038 8.333599
300.000000 0.210000 0.210000 0.210000 0.000000 0.000000 0.000000 -30563.913295 34.436535
300.000000 0.212000 0.212000 0.212000 0.000000 0.000000 0.000000 -30586.770021 24.447992
300.000000 0.214000 0.214000 0.214000 0.000000 0.000000 0.000000 -30577.234268 26.069567
300.000000 0.216000 0.216000 0.216000 0.000000 0.000000 0.000000 -30695.938063 28.362010
300.000000 0.218000 0.218000 0.218000 0.000000 0.000000 0.000000 -30600.368185 31.976453
300.000000 0.220000 0.220000 0.220000 0.000000 0.000000 0.000000 -30627.142836 21.165638
300.000000 0.222000 0.222000 0.222000 0.000000 0.000000 0.000000 -30590.312276 16.616307
300.000000 0.224000 0.224000 0.224000 0.000000 0.000000 0.000000 -30571.685358 12.657353
300.000000 0.226000 0.226000 0.226000 0.000000 0.000000 0.000000 -30566.241654 27.643994
300.000000 0.228000 0.228000 0.228000 0.000000 0.000000 0.000000 -30570.476130 24.841748
300.000000 0.230000 0.230000 0.230000 0.000000 0.000000 0.000000 -30558.888929 20.948403
300.000000 0.232000 0.232000 0.232000 0.000000 0.000000 0.000000 -30592.182569 9.153262
300.000000 0.234000 0.234000 0.234000 0.000000 0.000000 0.000000 -30530.162296 18.562334
300.000000 0.236000 0.236000 0.236000 0.000000 0.000000 0.000000 -30687.503770 15.409511
300.000000 0.238000 0.238000 0.238000 0.000000 0.000000 0.000000 -30734.589476 30.843433
300.000000 0.240000 0.240000 0.240000 0.000000 0.000000 0.000000 -30636.531612 15.462589
300.000000 0.242000 0.242000 0.242000 0.000000 0.000000 0.000000 -30695.077799 18.862907
300.000000 0.244000 0.244000 0.244000 0.000000 0.000000 0.000000 -30805.988947 30.039817
300.000000 0.246000 0.246000 0.246000 0.000000 0.000000 0.000000 -30701.322698 10.087841
300.000000 0.248000 0.248000 0.248000 0.000000 0.000000 0.000000 -30793.902127 29.277330
300.000000 0.250000 0.250000 0.250000 0.000000 0.000000 0.000000 -30714.974332 3.416058
300.000000 0.252000 0.252000 0.252000 0.000000 0.000000 0.000000 -30618.444915 19.027430
300.000000 0.254000 0.254000 0.254000 0.000000 0.000000 0.000000 -30524.351834 28.817010
300.000000 0.256000 0.256000 0.256000 0.000000 0.000000 0.000000 -30647.124774 17.308664
300.000000 0.258000 0.258000 0.258000 0.000000 0.000000 0.000000 -30612.504986 25.244096
300.000000 0.260000 0.260000 0.260000 0.000000 0.000000 0.000000 -30722.496895 24.506717
300.000000 0.262000 0.262000 0.262000 0.000000 0.000000 0.000000 -30569.651762 20.203199
300.000000 0.264000 0.264000 0.264000 0.000000 0.000000 0.000000 -30573.092170 21.541673
300.000000 0.266000 0.266000 0.266000 0.000000 0.000000 0.000000 -30574.081113 18.541737
300.000000 0.268000 0.268000 0.268000 0.000000 0.000000 0.000000 -30546.859644 16.642818
300.000000 0.270000 0.270000 0.270000 0.000000 0.000000 0.000000 -30536.757099 11.685330
300.000000 0.272000 0.272000 0.272000 0.000000 0.000000 0.000000 -30440.196913 25.008952
300.000000 0.274000 0.274000 0.274000 0.000000 0.000000 0.000000 -30526.148339 11.056758
300.000000 0.276000 0.276000 0.276000 0.000000 0.000000 0.000000 -30580.291056 2.693179
300.000000 0.278000 0.278000 0.278000 0.000000 0.000000 0.000000 -30655.487756 11.434725
300.000000 0.280000 0.280000 0.280000 0.000000 0.000000 0.000000 -30557.155144 21.400901
300.000000 0.282000 0.282000 0.282000 0.000000 0.000000 0.000000 -30562.577381 20.228364
300.000000 0.284000 0.284000 0.284000 0.000000 0.000000 0.000000 -30624.880348 3.652747
300.000000 0.286000 0.286000 0.286000 0.000000 0.000000 0.000000 -30660.653666 9.181404
300.000000 0.288000 0.288000 0.288000 0.000000 0.000000 0.000000 -30597.662026 12.173735
300.000000 0.290000 0.290000 0.290000 0.000000 0.000000 0.000000 -30584.386013 7.147813
300.000000 0.292000 0.292000 0.292000 0.000000 0.000000 0.000000 -30618.152439 12.447609
300.000000 0.294000 0.294000 0.294000 0.000000 0.000000 0.000000 -30491.203860 11.901329
300.000000 0.296000 0.296000 0.296000 0.000000 0.000000 0.000000 -30608.328499 3.037006
300.000000 0.298000 0.298000 0.298000 0.000000 0.000000 0.000000 -30641.942621 5.583933
300.000000 0.300000 0.300000 0.300000 0.000000 0.000000 0.000000 -30605.827637 9.454236
300.000000 0.302000 0.302000 0.302000 0.000000 0.000000 0.000000 -30636.550409 7.915866
300.000000 0.304000 0.304000 0.304000 0.000000 0.000000 0.000000 -30618.474246 14.111396
300.000000 0.306000 0.306000 0.306000 0.000000 0.000000 0.000000 -30607.306603 10.616700
300.000000 0.308000 0.308000 0.308000 0.000000 0.000000 0.000000 -30452.015575 10.984847
300.000000 0.310000 0.310000 0.310000 0.000000 0.000000 0.000000 -30729.329179 9.382396
300.000000 0.312000 0.312000 0.312000 0.000000 0.000000 0.000000 -30655.323014 4.485241
300.000000 0.314000 0.314000 0.314000 0.000000 0.000000 0.000000 -30560.296719 12.749285
300.000000 0.316000 0.316000 0.316000 0.000000 0.000000 0.000000 -30705.551638 8.475825
300.000000 0.318000 0.318000 0.318000 0.000000 0.000000 0.000000 -30656.851926 23.357474
300.000000 0.320000 0.320000 0.320000 0.000000 0.000000 0.000000 -30720.427166 8.812646
300.000000 0.322000 0.322000 0.322000 0.000000 0.000000 0.000000 -30641.735661 13.077160
300.000000 0.324000 0.324000 0.324000 0.000000 0.000000 0.000000 -30755.193193 6.682700
300.000000 0.326000 0.326000 0.326000 0.000000 0.000000 0.000000 -30628.486023 3.074151
300.000000 0.328000 0.328000 0.328000 0.000000 0.000000 0.000000 -30514.422626 2.944610
300.000000 0.330000 0.330000 0.330000 0.000000 0.000000 0.000000 -30612.980064 -0.928669
300.000000 0.332000 0.332000 0.332000 0.000000 0.000000 0.000000 -30566.445912 18.897581
300.000000 0.334000 0.334000 0.334000 0.000000 0.000000 0.000000 -30510.227772 2.917690
300.000000 0.336000 0.336000 0.336000 0.000000 0.000000 0.000000 -30533.816528 1.350858
300.000000 0.338000 0.338000 0.338000 0.000000 0.000000 0.000000 -30599.340142 8.689312
300.000000 0.340000 0.340000 0.340000 0.000000 0.000000 0.000000 -30563.328592 12.801536
300.000000 0.342000 0.342000 0.342000 0.000000 0.000000 0.000000 -30577.796856 7.330119
300.000000 0.344000 0.344000 0.344000 0.000000 0.000000 0.000000 -30584.643970 1.956921
300.000000 0.346000 0.346000 0.346000 0.000000 0.000000 0.000000 -30584.113285 10.228208
300.000000 0.348000 0.348000 0.348000 0.000000 0.000000 0.000000 -30698.042671 -1.616677
300.000000 0.350000 0.350000 0.350000 0.000000 0.000000 0.000000 -30671.496506 11.136946
300.000000 0.352000 0.352000 0.352000 0.000000 0.000000 0.000000 -30552.770582 15.845729
300.000000 0.354000 0.354000 0.354000 0.000000 0.000000 0.000000 -30556.783357 6.560342
300.000000 0.356000 0.356000 0.356000 0.000000 0.000000 0.000000 -30568.454475 9.228674
300.000000 0.358000 0.358000 0.358000 0.000000 0.000000 0.000000 -30661.826566 5.609389
300.000000 0.360000 0.360000 0.360000 0.000000 0.000000 0.000000 -30643.451745 8.119384
300.000000 0.362000 0.362000 0.362000 0.000000 0.000000 0.000000 -30627.681972 -2.115812
300.000000 0.364000 0.364000 0.364000 0.000000 0.000000 0.000000 -30631.067763 -6.781801
300.000000 0.366000 0.366000 0.366000 0.000000 0.000000 0.000000 -30623.303293 6.066372
300.000000 0.368000 0.368000 0.368000 0.000000 0.000000 0.000000 -30500.257719 10.100157
300.000000 0.370000 0.370000 0.370000 0.000000 0.000000 0.000000 -30658.081050 2.756623
300.000000 0.372000 0.372000 0.372000 0.000000 0.000000 0.000000 -30632.190164 3.261732
300.000000 0.374000 0.374000 0.374000 0.000000 0.000000 0.000000 -30602.955673 18.058991
300.000000 0.376000 0.376000 0.376000 0.000000 0.000000 0.000000 -30595.864322 5.277540
300.000000 0.378000 0.378000 0.378000 0.000000 0.000000 0.000000 -30627.363914 -6.155343
300.000000 0.380000 0.380000 0.380000 0.000000 0.000000 0.000000 -30624.441584 8.709460
300.000000 0.382000 0.382000 0.382000 0.000000 0.000000 0.000000 -30584.966406 -1.213929
300.000000 0.384000 0.384000 0.384000 0.000000 0.000000 0.000000 -30577.058643 10.986556
300.000000 0.386000 0.386000 0.386000 0.000000 0.000000 0.000000 -30549.525206 3.027823
300.000000 0.388000 0.388000 0.388000 0.000000 0.000000 0.000000 -30761.271016 -3.112429
300.000000 0.390000 0.390000 0.390000 0.000000 0.000000 0.000000 -30711.769873 8.938027
300.000000 0.392000 0.392000 0.392000 0.000000 0.000000 0.000000 -30683.176085 -5.606203
300.000000 0.394000 0.394000 0.394000 0.000000 0.000000 0.000000 -30687.614397 7.610399
300.000000 0.396000 0.396000 0.396000 0.000000 0.000000 0.000000 -30659.144883 4.116586
300.000000 0.398000 0.398000 0.398000 0.000000 0.000000 0.000000 -30611.755162 4.650088
300.000000 0.400000 0.400000 0.400000 0.000000 0.000000 0.000000 -30713.412434 16.902345
300.000000 0.402000 0.402000 0.402000 0.000000 0.000000 0.000000 -30570.709447 12.625433
300.000000 0.404000 0.404000 0.404000 0.000000 0.000000 0.000000 -30648.424941 15.044718
300.000000 0.406000 0.406000 0.406000 0.000000 0.000000 0.000000 -30697.896876 12.088083
300.000000 0.408000 0.408000 0.408000 0.000000 0.000000 0.000000 -30571.057490 17.358049
300.000000 0.410000 0.410000 0.410000 0.000000 0.000000 0.000000 -30591.824030 -5.887700
300.000000 0.412000 0.412000 0.412000 0.000000 0.000000 0.000000 -30524.759874 0.310817
300.000000 0.414000 0.414000 0.414000 0.000000 0.000000 0.000000 -30561.055981 9.426216
300.000000 0.416000 0.416000 0.416000 0.000000 0.000000 0.000000 -30529.423411 5.868390
300.000000 0.418000 0.418000 0.418000 0.000000 0.000000 0.000000 -30547.648623 7.884923
300.000000 0.420000 0.420000 0.420000 0.000000 0.000000 0.000000 -30601.693542 -1.346277
300.000000 0.422000 0.422000 0.422000 0.000000 0.000000 0.000000 -30657.442544 -3.629434
300.000000 0.424000 0.424000 0.424000 0.000000 0.000000 0.000000 -30637.758629 0.817752
300.000000 0.426000 0.426000 0.426000 0.000000 0.000000 0.000000 -30597.961137 11.255696
300.000000 0.428000 0.428000 0.428000 0.000000 0.000000 0.000000 -30483.889092 2.859290
300.000000 0.430000 0.430000 0.430000 0.000000 0.000000 0.000000 -30551.982653 1.824499
300.000000 0.432000 0.432000 0.432000 0.000000 0.000000 0.000000 -30543.444959 7.787273
300.000000 0.434000 0.434000 0.434000 0.000000 0.000000 0.000000 -30619.573200 1.843020
300.000000 0.436000 0.436000 0.436000 0.000000 0.000000 0.000000 -30653.817459 7.580483
300.000000 0.438000 0.438000 0.438000 0.000000 0.000000 0.000000 -30562.149324 11.169898
300.000000 0.440000 0.440000 0.440000 0.000000 0.000000 0.000000 -30701.039904 3.284965
300.000000 0.442000 0.442000 0.442000 0.000000 0.000000 0.000000 -30621.561197 -0.225157
300.000000 0.444000 0.444000 0.444000 0.000000 0.000000 0.000000 -30636.823169 -5.058446
300.000000 0.446000 0.446000 0.446000 0.000000 0.000000 0.000000 -30556.621173 -1.335861
300.000000 0.448000 0.448000 0.448000 0.000000 0.000000 0.000000 -30649.174718 6.547201
300.000000 0.450000 0.450000 0.450000 0.000000 0.000000 0.000000 -30595.432458 -0.514019
300.000000 0.452000 0.452000 0.452000 0.000000 0.000000 0.000000 -30494.818391 -0.080019
300.000000 0.454000 0.454000 0.454000 0.000000 0.000000 0.000000 -30470.785255 -5.171632
300.000000 0.456000 0.456000 0.456000 0.000000 0.000000 0.000000 -30600.714628 9.684039
300.000000 0.458000 0.458000 0.458000 0.000000 0.000000 0.000000 -30480.285671 3.996331
300.000000 0.460000 0.460000 0.460000 0.000000 0.000000 0.000000 -30525.765742 -1.435828
300.000000 0.462000 0.462000 0.462000 0.000000 0.000000 0.000000 -30571.346201 6.222961
300.000000 0.464000 0.464000 0.464000 0.000000 0.000000 0.000000 -30643.037131 -1.711417
300.000000 0.466000 0.466000 0.466000 0.000000 0.000000 0.000000 -30516.270378 -6.055196
300.000000 0.468000 0.468000 0.468000 0.000000 0.000000 0.000000 -30600.880319 -5.776294
300.000000 0.470000 0.470000 0.470000 0.000000 0.000000 0.000000 -30460.413825 2.318170
300.000000 0.472000 0.472000 0.472000 0.000000 0.000000 0.000000 -30492.431160 7.256879
300.000000 0.474000 0.474000 0.474000 0.000000 0.000000 0.000000 -30572.972391 -2.710409
300.000000 0.476000 0.476000 0.476000 0.000000 0.000000 0.000000 -30547.455480 8.722766
300.000000 0.478000 0.478000 0.478000 0.000000 0.000000 0.000000 -30458.021434 5.411028
300.000000 0.480000 0.480000 0.480000 0.000000 0.000000 0.000000 -30599.550060 3.202250
300.000000 0.482000 0.482000 0.482000 0.000000 0.000000 0.000000 -30552.333620 1.436965
300.000000 0.484000 0.484000 0.484000 0.000000 0.000000 0.000000 -30651.141151 8.129584
300.000000 0.486000 0.486000 0.486000 0.000000 0.000000 0.000000 -30642.974273 -2.910750
300.000000 0.488000 0.488000 0.488000 0.000000 0.000000 0.000000 -30650.038571 0.855402
300.000000 0.490000 0.490000 0.490000 0.000000 0.000000 0.000000 -30637.877151 -2.102125
300.000000 0.492000 0.492000 0.492000 0.000000 0.000000 0.000000 -30735.459677 -1.400358
300.000000 0.494000 0.494000 0.494000 0.000000 0.000000 0.000000 -30612.585106 -12.595797
300.000000 0.496000 0.496000 0.496000 0.000000 0.000000 0.000000 -30622.749188 -1.682111
300.000000 0.498000 0.498000 0.498000 0.000000 0.000000 0.000000 -30648.455531 -2.400614
