300.000000 0.000000 0.000000 0.000000 0.000000 0.000000 0.000000 -35170.570736 927.971827
300.000000 0.002000 0.002000 0.002000 0.000000 0.000000 0.000000 -35171.766456 860.318106
300.000000 0.004000 0.004000 0.004000 0.000000 0.000000 0.000000 -35224.943878 913.252064
300.000000 0.006000 0.006000 0.006000 0.000000 0.000000 0.000000 -35161.163052 811.419150
300.000000 0.008000 0.008000 0.008000 0.000000 0.000000 0.000000 -35125.006582 797.317347
300.000000 0.010000 0.010000 0.010000 0.000000 0.000000 0.000000 -35195.470448 916.524196
300.000000 0.012000 0.012000 0.012000 0.000000 0.000000 0.000000 -35325.924384 740.204701
300.000000 0.014000 0.014000 0.014000 0.000000 0.000000 0.000000 -35209.188308 719.567886
300.000000 0.016000 0.016000 0.016000 0.000000 0.000000 0.000000 -35329.124299 765.837833
300.000000 0.018000 0.018000 0.018000 0.000000 0.000000 0.000000 -35195.281303 726.486016
300.000000 0.020000 0.020000 0.020000 0.000000 0.000000 0.000000 -35288.537933 655.256879
300.000000 0.022000 0.022000 0.022000 0.000000 0.000000 0.000000 -35326.782907 691.675835
300.000000 0.024000 0.024000 0.024000 0.000000 0.000000 0.000000 -35216.993567 616.343793
300.000000 0.026000 0.026000 0.026000 0.000000 0.000000 0.000000 -35263.229671 688.000465
300.000000 0.028000 0.028000 0.028000 0.000000 0.000000 0.000000 -35393.830731 717.518826
300.000000 0.030000 0.030000 0.030000 0.000000 0.000000 0.000000 -35129.261231 152.699926
300.000000 0.032000 0.032000 0.032000 0.000000 0.000000 0.000000 -35172.204555 200.721972
300.000000 0.034000 0.034000 0.034000 0.000000 0.000000 0.000000 -35285.848115 152.241435
300.000000 0.036000 0.036000 0.036000 0.000000 0.000000 0.000000 -35225.377089 169.359976
300.000000 0.038000 0.038000 0.038000 0.000000 0.000000 0.000000 -35233.342721 96.033813
300.000000 0.040000 0.040000 0.040000 0.000000 0.000000 0.000000 -35323.578842 132.600227
300.000000 0.042000 0.042000 0.042000 0.000000 0.000000 0.000000 -35052.773109 114.509099
300.000000 0.044000 0.044000 0.044000 0.000000 0.000000 0.000000 -35085.708724 168.322476
300.000000 0.046000 0.046000 0.046000 0.000000 0.000000 0.000000 -35187.486383 110.542500
300.000000 0.048000 0.048000 0.048000 0.000000 0.000000 0.000000 -35189.127324 101.565400
300.000000 0.050000 0.050000 0.050000 0.000000 0.000000 0.000000 -35117.707969 125.818850
300.000000 0.052000 0.052000 0.052000 0.000000 0.000000 0.000000 -35229.224710 110.608668
300.000000 0.054000 0.054000 0.054000 0.000000 0.000000 0.000000 -35272.818034 134.672419
300.000000 0.056000 0.056000 0.056000 0.000000 0.000000 0.000000 -35220.453475 114.399079
300.000000 0.058000 0.058000 0.058000 0.000000 0.000000 0.000000 -35203.591186 126.495443
300.000000 0.060000 0.060000 0.060000 0.000000 0.000000 0.000000 -35100.761065 90.440361
300.000000 0.062000 0.062000 0.062000 0.000000 0.000000 0.000000 -35225.107150 99.981308
300.000000 0.064000 0.064000 0.064000 0.000000 0.000000 0.000000 -35235.473605 90.745516
300.000000 0.066000 0.066000 0.066000 0.000000 0.000000 0.000000 -35301.681363 113.631732
300.000000 0.068000 0.068000 0.068000 0.000000 0.000000 0.000000 -35352.013557 110.450963
300.000000 0.070000 0.070000 0.070000 0.000000 0.000000 0.000000 -35371.399932 70.022382
300.000000 0.072000 0.072000 0.072000 0.000000 0.000000 0.000000 -35394.859120 65.032729
300.000000 0.074000 0.074000 0.074000 0.000000 0.000000 0.000000 -35425.667098 79.847707
300.000000 0.076000 0.076000 0.076000 0.000000 0.000000 0.000000 -35294.139432 70.377327
300.000000 0.078000 0.078000 0.078000 0.000000 0.000000 0.000000 -35313.863161 107.084764
300.000000 0.080000 0.080000 0.080000 0.000000 0.000000 0.000000 -35353.812604 96.613691
300.000000 0.082000 0.082000 0.082000 0.000000 0.000000 0.000000 -35303.435942 68.631806
300.000000 0.084000 0.084000 0.084000 0.000000 0.000000 0.000000 -35214.002620 79.766600
300.000000 0.086000 0.086000 0.086000 0.000000 0.000000 0.000000 -35316.398536 67.280068
300.000000 0.088000 0.088000 0.088000 0.000000 0.000000 0.000000 -35379.537625 91.755469
300.000000 0.090000 0.090000 0.090000 0.000000 0.000000 0.000000 -35360.215489 66.495785
300.000000 0.092000 0.092000 0.092000 0.000000 0.000000 0.000000 -35310.372306 80.855369
300.000000 0.094000 0.094000 0.094000 0.000000 0.000000 0.000000 -35263.777789 79.599805
300.000000 0.096000 0.096000 0.096000 0.000000 0.000000 0.000000 -35295.749965 60.705416
300.000000 0.098000 0.098000 0.098000 0.000000 0.000000 0.000000 -35261.344551 76.156481
300.000000 0.100000 0.100000 0.100000 0.000000 0.000000 0.000000 -35238.397063 75.120456
300.000000 0.102000 0.102000 0.102000 0.000000 0.000000 0.000000 -35204.779664 108.632996
300.000000 0.104000 0.104000 0.104000 0.000000 0.000000 0.000000 -35300.785112 88.362974
300.000000 0.106000 0.106000 0.106000 0.000000 0.000000 0.000000 -35336.930133 59.028215
300.000000 0.108000 0.108000 0.108000 0.000000 0.000000 0.000000 -35369.488473 70.206708
300.000000 0.110000 0.110000 0.110000 0.000000 0.000000 0.000000 -35471.769906 51.825179
300.000000 0.112000 0.112000 0.112000 0.000000 0.000000 0.000000 -35257.345767 75.542784
300.000000 0.114000 0.114000 0.114000 0.000000 0.000000 0.000000 -35276.845938 49.756971
300.000000 0.116000 0.116000 0.116000 0.000000 0.000000 0.000000 -35271.721160 47.921029
300.000000 0.118000 0.118000 0.118000 0.000000 0.000000 0.000000 -35363.832148 63.795052
300.000000 0.120000 0.120000 0.120000 0.000000 0.000000 0.000000 -35281.261768 36.323898
300.000000 0.122000 0.122000 0.122000 0.000000 0.000000 0.000000 -35170.662460 49.416704
300.000000 0.124000 0.124000 0.124000 0.000000 0.000000 0.000000 -35250.775126 60.512488
300.000000 0.126000 0.126000 0.126000 0.000000 0.000000 0.000000 -35287.795204 56.403441
300.000000 0.128000 0.128000 0.128000 0.000000 0.000000 0.000000 -35335.607259 79.823440
300.000000 0.130000 0.130000 0.130000 0.000000 0.000000 0.000000 -35259.443015 49.923655
300.000000 0.132000 0.132000 0.132000 0.000000 0.000000 0.000000 -35362.540059 79.661918
300.000000 0.134000 0.134000 0.134000 0.000000 0.000000 0.000000 -35347.183488 55.877102
300.000000 0.136000 0.136000 0.136000 0.000000 0.000000 0.000000 -35124.923203 65.082624
300.000000 0.138000 0.138000 0.138000 0.000000 0.000000 0.000000 -35119.749677 50.966275
300.000000 0.140000 0.140000 0.140000 0.000000 0.000000 0.000000 -35155.365167 65.822586
300.000000 0.142000 0.142000 0.142000 0.000000 0.000000 0.000000 -35091.617408 60.578703
300.000000 0.144000 0.144000 0.144000 0.000000 0.000000 0.000000 -35070.360351 78.259555
300.000000 0.146000 0.146000 0.146000 0.000000 0.000000 0.000000 -35116.905499 66.265489
300.000000 0.148000 0.148000 0.148000 0.000000 0.000000 0.000000 -35174.953824 46.439451
300.000000 0.150000 0.150000 0.150000 0.000000 0.000000 0.000000 -35249.716639 69.869087
300.000000 0.152000 0.152000 0.152000 0.000000 0.000000 0.000000 -35151.346144 65.079148
300.000000 0.154000 0.154000 0.154000 0.000000 0.000000 0.000000 -35340.026733 72.047245
300.000000 0.156000 0.156000 0.156000 0.000000 0.000000 0.000000 -35505.676281 55.015200
300.000000 0.158000 0.158000 0.158000 0.000000 0.000000 0.000000 -35372.597383 51.473698
300.000000 0.160000 0.160000 0.160000 0.000000 0.000000 0.000000 -35352.495327 44.756091
300.000000 0.162000 0.162000 0.162000 0.000000 0.000000 0.000000 -35253.013624 40.606068
300.000000 0.164000 0.164000 0.164000 0.000000 0.000000 0.000000 -35261.094887 47.291268
300.000000 0.166000 0.166000 0.166000 0.000000 0.000000 0.000000 -35432.752371 60.625397
300.000000 0.168000 0.168000 0.168000 0.000000 0.000000 0.000000 -35339.755012 72.246619
300.000000 0.170000 0.170000 0.170000 0.000000 0.000000 0.000000 -35370.410643 57.892920
300.000000 0.172000 0.172000 0.172000 0.000000 0.000000 0.000000 -35300.338031 41.787962
300.000000 0.174000 0.174000 0.174000 0.000000 0.000000 0.000000 -35379.456803 51.465085
300.000000 0.176000 0.176000 0.176000 0.000000 0.000000 0.000000 -35345.289525 52.513074
300.000000 0.178000 0.178000 0.178000 0.000000 0.000000 0.000000 -35311.373735 40.776206
300.000000 0.180000 0.180000 0.180000 0.000000 0.000000 0.000000 -35312.926841 31.142431
300.000000 0.182000 0.182000 0.182000 0.000000 0.000000 0.000000 -35314.925437 43.705723
300.000000 0.184000 0.184000 0.184000 0.000000 0.000000 0.000000 -35433.695384 63.024236
300.000000 0.186000 0.186000 0.186000 0.000000 0.000000 0.000000 -35299.622641 42.430395
300.000000 0.188000 0.188000 0.188000 0.000000 0.000000 0.000000 -35368.748718 46.568652
300.000000 0.190000 0.190000 0.190000 0.000000 0.000000 0.000000 -35334.525789 49.098293
300.000000 0.192000 0.192000 0.192000 0.000000 0.000000 0.000000 -35228.644037 38.969383
300.000000 0.194000 0.194000 0.194000 0.000000 0.000000 0.000000 -35195.030614 47.110140
300.000000 0.196000 0.196000 0.196000 0.000000 0.000000 0.000000 -35165.308816 50.242842
300.000000 0.198000 0.198000 0.198000 0.000000 0.000000 0.000000 -35281.430724 45.967545
300.000000 0.200000 0.200000 0.200000 0.000000 0.000000 0.000000 -35233.644084 65.649539
300.000000 0.202000 0.202000 0.202000 0.000000 0.000000 0.000000 -35388.141001 36.935627
300.000000 0.204000 0.204000 0.204000 0.000000 0.000000 0.000000 -35186.385460 51.644245
300.000000 0.206000 0.206000 0.206000 0.000000 0.000000 0.000000 -35143.699762 34.930827
300.000000 0.208000 0.208000 0.208000 0.000000 0.000000 0.000000 -35074.228059 35.060770
300.000000 0.210000 0.210000 0.210000 0.000000 0.000000 0.000000 -35110.796711 24.293736
300.000000 0.212000 0.212000 0.212000 0.000000 0.000000 0.000000 -34989.900759 45.340706
300.000000 0.214000 0.214000 0.214000 0.000000 0.000000 0.000000 -35251.963638 35.892378
300.000000 0.216000 0.216000 0.216000 0.000000 0.000000 0.000000 -35236.013306 48.902074
300.000000 0.218000 0.218000 0.218000 0.000000 0.000000 0.000000 -35214.394505 49.782811
300.000000 0.220000 0.220000 0.220000 0.000000 0.000000 0.000000 -35345.095955 34.435287
300.000000 0.222000 0.222000 0.222000 0.000000 0.000000 0.000000 -35288.486576 41.969582
300.000000 0.224000 0.224000 0.224000 0.000000 0.000000 0.000000 -35309.048991 56.181143
300.000000 0.226000 0.226000 0.226000 0.000000 0.000000 0.000000 -35318.895358 46.128445
300.000000 0.228000 0.228000 0.228000 0.000000 0.000000 0.000000 -35321.493970 39.367496
300.000000 0.230000 0.230000 0.230000 0.000000 0.000000 0.000000 -35406.570995 28.319533
300.000000 0.232000 0.232000 0.232000 0.000000 0.000000 0.000000 -35380.312359 48.188161
300.000000 0.234000 0.234000 0.234000 0.000000 0.000000 0.000000 -35316.840379 40.042748
300.000000 0.236000 0.236000 0.236000 0.000000 0.000000 0.000000 -35252.586435 31.036558
300.000000 0.238000 0.238000 0.238000 0.000000 0.000000 0.000000 -35423.327883 32.610977
300.000000 0.240000 0.240000 0.240000 0.000000 0.000000 0.000000 -35349.300274 27.223329
300.000000 0.242000 0.242000 0.242000 0.000000 0.000000 0.000000 -35430.770696 37.156266
300.000000 0.244000 0.244000 0.244000 0.000000 0.000000 0.000000 -35322.153537 16.893601
300.000000 0.246000 0.246000 0.246000 0.000000 0.000000 0.000000 -35317.057694 48.729631
300.000000 0.248000 0.248000 0.248000 0.000000 0.000000 0.000000 -35269.211692 28.902570
300.000000 0.250000 0.250000 0.250000 0.000000 0.000000 0.000000 -35272.330287 30.259106
300.000000 0.252000 0.252000 0.252000 0.000000 0.000000 0.000000 -35204.501410 39.850816
300.000000 0.254000 0.254000 0.254000 0.000000 0.000000 0.000000 -35189.099992 35.797432
300.000000 0.256000 0.256000 0.256000 0.000000 0.000000 0.000000 -35208.694721 31.110353
300.000000 0.258000 0.258000 0.258000 0.000000 0.000000 0.000000 -35145.793651 31.508085
300.000000 0.260000 0.260000 0.260000 0.000000 0.000000 0.000000 -35134.302134 27.276302
300.000000 0.262000 0.262000 0.262000 0.000000 0.000000 0.000000 -35151.878317 36.260590
300.000000 0.264000 0.264000 0.264000 0.000000 0.000000 0.000000 -35026.801140 29.674261
300.000000 0.266000 0.266000 0.266000 0.000000 0.000000 0.000000 -35112.150592 23.170083
300.000000 0.268000 0.268000 0.268000 0.000000 0.000000 0.000000 -35158.647452 34.276884
300.000000 0.270000 0.270000 0.270000 0.000000 0.000000 0.000000 -35249.614860 39.794343
300.000000 0.272000 0.272000 0.272000 0.000000 0.000000 0.000000 -35227.517939 28.228996
300.000000 0.274000 0.274000 0.274000 0.000000 0.000000 0.000000 -35255.141451 15.792527
300.000000 0.276000 0.276000 0.276000 0.000000 0.000000 0.000000 -35349.043379 24.358209
300.000000 0.278000 0.278000 0.278000 0.000000 0.000000 0.000000 -35320.365982 27.859821
300.000000 0.280000 0.280000 0.280000 0.000000 0.000000 0.000000 -35353.485915 12.011768
300.000000 0.282000 0.282000 0.282000 0.000000 0.000000 0.000000 -35302.423721 20.963129
300.000000 0.284000 0.284000 0.284000 0.000000 0.000000 0.000000 -35344.794135 18.748941
300.000000 0.286000 0.286000 0.286000 0.000000 0.000000 0.000000 -35476.474648 31.034819
300.000000 0.288000 0.288000 0.288000 0.000000 0.000000 0.000000 -35308.750639 20.256429
300.000000 0.290000 0.290000 0.290000 0.000000 0.000000 0.000000 -35319.942918 16.526095
300.000000 0.292000 0.292000 0.292000 0.000000 0.000000 0.000000 -35131.123010 26.221968
300.000000 0.294000 0.294000 0.294000 0.000000 0.000000 0.000000 -35264.457385 28.422622
300.000000 0.296000 0.296000 0.296000 0.000000 0.000000 0.000000 -35223.046171 21.764812
300.000000 0.298000 0.298000 0.298000 0.000000 0.000000 0.000000 -35249.700256 25.257644
300.000000 0.300000 0.300000 0.300000 0.000000 0.000000 0.000000 -35349.698143 14.653588
300.000000 0.302000 0.302000 0.302000 0.000000 0.000000 0.000000 -35395.400307 25.397780
300.000000 0.304000 0.304000 0.304000 0.000000 0.000000 0.000000 -35193.055799 41.805642
300.000000 0.306000 0.306000 0.306000 0.000000 0.000000 0.000000 -35179.546298 28.184871
300.000000 0.308000 0.308000 0.308000 0.000000 0.000000 0.000000 -35280.889323 24.163277
300.000000 0.310000 0.310000 0.310000 0.000000 0.000000 0.000000 -35223.032515 29.650953
300.000000 0.312000 0.312000 0.312000 0.000000 0.000000 0.000000 -35238.504884 14.536973
300.000000 0.314000 0.314000 0.314000 0.000000 0.000000 0.000000 -35220.008790 12.903470
300.000000 0.316000 0.316000 0.316000 0.000000 0.000000 0.000000 -35234.908468 28.992384
300.000000 0.318000 0.318000 0.318000 0.000000 0.000000 0.000000 -35186.173599 19.685351
300.000000 0.320000 0.320000 0.320000 0.000000 0.000000 0.000000 -35149.336734 61.005989
300.000000 0.322000 0.322000 0.322000 0.000000 0.000000 0.000000 -35230.970974 18.823404
300.000000 0.324000 0.324000 0.324000 0.000000 0.000000 0.000000 -35240.781093 39.134096
300.000000 0.326000 0.326000 0.326000 0.000000 0.000000 0.000000 -35227.579101 20.989807
300.000000 0.328000 0.328000 0.328000 0.000000 0.000000 0.000000 -35163.695622 28.493034
300.000000 0.330000 0.330000 0.330000 0.000000 0.000000 0.000000 -35185.468782 7.460291
300.000000 0.332000 0.332000 0.332000 0.000000 0.000000 0.000000 -35153.639301 19.671341
300.000000 0.334000 0.334000 0.334000 0.000000 0.000000 0.000000 -35201.620644 19.591420
300.000000 0.336000 0.336000 0.336000 0.000000 0.000000 0.000000 -35205.843338 9.428637
300.000000 0.338000 0.338000 0.338000 0.000000 0.000000 0.000000 -35125.345232 15.137596
300.000000 0.340000 0.340000 0.340000 0.000000 0.000000 0.000000 -35303.770699 30.001023
300.000000 0.342000 0.342000 0.342000 0.000000 0.000000 0.000000 -35340.126685 37.161193
300.000000 0.344000 0.344000 0.344000 0.000000 0.000000 0.000000 -35225.987699 14.306731
300.000000 0.346000 0.346000 0.346000 0.000000 0.000000 0.000000 -35376.882048 13.974954
300.000000 0.348000 0.348000 0.348000 0.000000 0.000000 0.000000 -35300.292213 17.264829
300.000000 0.350000 0.350000 0.350000 0.000000 0.000000 0.000000 -35127.051669 25.508477
300.000000 0.352000 0.352000 0.352000 0.000000 0.000000 0.000000 -35152.332753 3.226674
300.000000 0.354000 0.354000 0.354000 0.000000 0.000000 0.000000 -35292.877364 23.711354
300.000000 0.356000 0.356000 0.356000 0.000000 0.000000 0.000000 -35303.490989 11.745459
300.000000 0.358000 0.358000 0.358000 0.000000 0.000000 0.000000 -35356.912210 11.181471
300.000000 0.360000 0.360000 0.360000 0.000000 0.000000 0.000000 -35216.440533 13.837072
300.000000 0.362000 0.362000 0.362000 0.000000 0.000000 0.000000 -35329.388155 18.489168
300.000000 0.364000 0.364000 0.364000 0.000000 0.000000 0.000000 -35385.634976 15.377085
300.000000 0.366000 0.366000 0.366000 0.000000 0.000000 0.000000 -35336.633238 21.518383
300.000000 0.368000 0.368000 0.368000 0.000000 0.000000 0.000000 -35287.405625 9.850814
300.000000 0.370000 0.370000 0.370000 0.000000 0.000000 0.000000 -35356.531837 -2.302081
300.000000 0.372000 0.372000 0.372000 0.000000 0.000000 0.000000 -35311.334164 26.090975
300.000000 0.374000 0.374000 0.374000 0.000000 0.000000 0.000000 -35248.035554 23.500636
300.000000 0.376000 0.376000 0.376000 0.000000 0.000000 0.000000 -35452.796738 21.676872
300.000000 0.378000 0.378000 0.378000 0.000000 0.000000 0.000000 -35505.068371 10.061076
300.000000 0.380000 0.380000 0.380000 0.000000 0.000000 0.000000 -35371.801224 9.434746
300.000000 0.382000 0.382000 0.382000 0.000000 0.000000 0.000000 -35369.357308 23.818011
300.000000 0.384000 0.384000 0.384000 0.000000 0.000000 0.000000 -35299.994346 11.504262
300.000000 0.386000 0.386000 0.386000 0.000000 0.000000 0.000000 -35269.690270 15.712028
300.000000 0.388000 0.388000 0.388000 0.000000 0.000000 0.000000 -35334.797070 13.181980
300.000000 0.390000 0.390000 0.390000 0.000000 0.000000 0.000000 -35205.123982 8.533296
300.000000 0.392000 0.392000 0.392000 0.000000 0.000000 0.000000 -35304.258422 17.159526
300.000000 0.394000 0.394000 0.394000 0.000000 0.000000 0.000000 -35275.350773 -6.970136
300.000000 0.396000 0.396000 0.396000 0.000000 0.000000 0.000000 -35226.894116 22.349642
300.000000 0.398000 0.398000 0.398000 0.000000 0.000000 0.000000 -35286.930380 0.686884
300.000000 0.400000 0.400000 0.400000 0.000000 0.000000 0.000000 -35202.350051 20.110711
300.000000 0.402000 0.402000 0.402000 0.000000 0.000000 0.000000 -35390.184569 8.041716
300.000000 0.404000 0.404000 0.404000 0.000000 0.000000 0.000000 -35288.431912 12.012519
300.000000 0.406000 0.406000 0.406000 0.000000 0.000000 0.000000 -35232.905454 13.906526
300.000000 0.408000 0.408000 0.408000 0.000000 0.000000 0.000000 -35229.077824 0.748531
300.000000 0.410000 0.410000 0.410000 0.000000 0.000000 0.000000 -35162.117135 13.930403
300.000000 0.412000 0.412000 0.412000 0.000000 0.000000 0.000000 -35268.292127 2.511063
300.000000 0.414000 0.414000 0.414000 0.000000 0.000000 0.000000 -35326.424881 13.390634
300.000000 0.416000 0.416000 0.416000 0.000000 0.000000 0.000000 -35385.435560 15.483849
300.000000 0.418000 0.418000 0.418000 0.000000 0.000000 0.000000 -35379.246971 7.578897
300.000000 0.420000 0.420000 0.420000 0.000000 0.000000 0.000000 -35320.703650 -0.606234
300.000000 0.422000 0.422000 0.422000 0.000000 0.000000 0.000000 -35254.789588 0.407289
300.000000 0.424000 0.424000 0.424000 0.000000 0.000000 0.000000 -35333.099686 3.857867
300.000000 0.426000 0.426000 0.426000 0.000000 0.000000 0.000000 -35280.988409 2.561398
300.000000 0.428000 0.428000 0.428000 0.000000 0.000000 0.000000 -35519.232734 7.802126
300.000000 0.430000 0.430000 0.430000 0.000000 0.000000 0.000000 -35318.823690 18.266258
300.000000 0.432000 0.432000 0.432000 0.000000 0.000000 0.000000 -35320.769471 4.991405
300.000000 0.434000 0.434000 0.434000 0.000000 0.000000 0.000000 -35347.407087 14.450344
300.000000 0.436000 0.436000 0.436000 0.000000 0.000000 0.000000 -35296.330744 17.080797
300.000000 0.438000 0.438000 0.438000 0.000000 0.000000 0.000000 -35228.476882 -8.604785
300.000000 0.440000 0.440000 0.440000 0.000000 0.000000 0.000000 -35209.938626 25.831385
300.000000 0.442000 0.442000 0.442000 0.000000 0.000000 0.000000 -35241.753681 20.079920
300.000000 0.444000 0.444000 0.444000 0.000000 0.000000 0.000000 -35256.612882 0.257671
300.000000 0.446000 0.446000 0.446000 0.000000 0.000000 0.000000 -35170.768228 16.876061
300.000000 0.448000 0.448000 0.448000 0.000000 0.000000 0.000000 -35122.177763 18.507475
300.000000 0.450000 0.450000 0.450000 0.000000 0.000000 0.000000 -35141.305141 6.761292
300.000000 0.452000 0.452000 0.452000 0.000000 0.000000 0.000000 -35244.281532 1.646121
300.000000 0.454000 0.454000 0.454000 0.000000 0.000000 0.000000 -35266.610548 0.904133
300.000000 0.456000 0.456000 0.456000 0.000000 0.000000 0.000000 -35311.704060 5.996929
300.000000 0.458000 0.458000 0.458000 0.000000 0.000000 0.000000 -35242.708064 9.741672
300.000000 0.460000 0.460000 0.460000 0.000000 0.000000 0.000000 -35289.116383 -6.144136
300.000000 0.462000 0.462000 0.462000 0.000000 0.000000 0.000000 -35192.443764 0.981233
300.000000 0.464000 0.464000 0.464000 0.000000 0.000000 0.000000 -35181.842312 1.779894
300.000000 0.466000 0.466000 0.466000 0.000000 0.000000 0.000000 -35216.242467 7.029723
300.000000 0.468000 0.468000 0.468000 0.000000 0.000000 0.000000 -35310.088223 11.147991
300.000000 0.470000 0.470000 0.470000 0.000000 0.000000 0.000000 -35108.455205 5.196166
300.000000 0.472000 0.472000 0.472000 0.000000 0.000000 0.000000 -35227.404914 1.835986
300.000000 0.474000 0.474000 0.474000 0.000000 0.000000 0.000000 -35230.225995 4.046590
300.000000 0.476000 0.476000 0.476000 0.000000 0.000000 0.000000 -35281.213525 0.332870
300.000000 0.478000 0.478000 0.478000 0.000000 0.000000 0.000000 -35313.001475 -17.321918
300.000000 0.480000 0.480000 0.480000 0.000000 0.000000 0.000000 -35236.904524 14.720814
300.000000 0.482000 0.482000 0.482000 0.000000 0.000000 0.000000 -35251.331031 -5.251023
300.000000 0.484000 0.484000 0.484000 0.000000 0.000000 0.000000 -35198.119627 4.594842
300.000000 0.486000 0.486000 0.486000 0.000000 0.000000 0.000000 -35273.577717 10.394803
300.000000 0.488000 0.488000 0.488000 0.000000 0.000000 0.000000 -35270.524922 11.101010
300.000000 0.490000 0.490000 0.490000 0.000000 0.000000 0.000000 -35203.911549 -17.802533
300.000000 0.492000 0.492000 0.492000 0.000000 0.000000 0.000000 -35113.300954 11.511501
300.000000 0.494000 0.494000 0.494000 0.000000 0.000000 0.000000 -35219.227085 -1.673356
300.000000 0.496000 0.496000 0.496000 0.000000 0.000000 0.000000 -35251.871426 -4.497681
300.000000 0.498000 0.498000 0.498000 0.000000 0.000000 0.000000 -35253.339328 2.153842
