300.000000 0.500000 0.500000 0.500000 0.000000 0.000000 0.000000 -32289.879413 7.513743
300.000000 0.500000 0.500000 0.500000 0.000000 0.000000 0.000000 -32236.114019 0.298757
300.000000 0.500000 0.500000 0.500000 0.000000 0.000000 0.000000 -32337.546557 -13.832457
300.000000 0.500000 0.500000 0.500000 0.000000 0.000000 0.000000 -32297.027820 -2.718690
300.000000 0.500000 0.500000 0.500000 0.000000 0.000000 0.000000 -32184.033249 26.081501
300.000000 0.500000 0.500000 0.500000 0.000000 0.000000 0.000000 -32253.863711 20.031668
300.000000 0.500000 0.500000 0.500000 0.000000 0.000000 0.000000 -32322.179819 12.249044
300.000000 0.500000 0.500000 0.500000 0.000000 0.000000 0.000000 -32174.969003 -21.361138
300.000000 0.500000 0.500000 0.500000 0.000000 0.000000 0.000000 -32348.418080 -7.409178
300.000000 0.500000 0.500000 0.500000 0.000000 0.000000 0.000000 -32212.846627 -7.678059
300.000000 0.500000 0.500000 0.500000 0.000000 0.000000 0.000000 -32359.557171 -3.898781
300.000000 0.500000 0.500000 0.500000 0.000000 0.000000 0.000000 -32351.444819 -10.441563
300.000000 0.500000 0.500000 0.500000 0.000000 0.000000 0.000000 -32197.880964 1.195029
300.000000 0.500000 0.500000 0.500000 0.000000 0.000000 0.000000 -32231.875913 -3.136950
300.000000 0.500000 0.500000 0.500000 0.000000 0.000000 0.000000 -32410.072894 19.688098
300.000000 0.500000 0.500000 0.500000 0.000000 0.000000 0.000000 -32419.954521 -6.497968
300.000000 0.500000 0.500000 0.500000 0.000000 0.000000 0.000000 -32123.427512 0.896272
300.000000 0.500000 0.500000 0.500000 0.000000 0.000000 0.000000 -32209.345275 21.615081
300.000000 0.500000 0.500000 0.500000 0.000000 0.000000 0.000000 -32299.172745 -5.407505
300.000000 0.500000 0.500000 0.500000 0.000000 0.000000 0.000000 -32286.495871 10.874761
300.000000 0.500000 0.500000 0.500000 0.000000 0.000000 0.000000 -32306.252385 -5.601697
300.000000 0.500000 0.500000 0.500000 0.000000 0.000000 0.000000 -32294.295636 30.204350
300.000000 0.500000 0.500000 0.500000 0.000000 0.000000 0.000000 -32297.419924 7.692997
300.000000 0.500000 0.500000 0.500000 0.000000 0.000000 0.000000 -32279.297034 -3.943595
300.000000 0.500000 0.500000 0.500000 0.000000 0.000000 0.000000 -32304.654385 0.896272
300.000000 0.500000 0.500000 0.500000 0.000000 0.000000 0.000000 -32291.751693 -3.450645
300.000000 0.500000 0.500000 0.500000 0.000000 0.000000 0.000000 -32235.862016 6.483031
300.000000 0.500000 0.500000 0.500000 0.000000 0.000000 0.000000 -32276.462590 -3.226577
300.000000 0.500000 0.500000 0.500000 0.000000 0.000000 0.000000 -32274.556175 -1.209967
300.000000 0.500000 0.500000 0.500000 0.000000 0.000000 0.000000 -32272.353410 13.712954
