50.000000 0.500000 0.500000 0.500000 0.000000 0.000000 0.000000 -38135.044981 1.643164
58.333333 0.500000 0.500000 0.500000 0.000000 0.000000 0.000000 -38137.621835 -2.404995
66.666667 0.500000 0.500000 0.500000 0.000000 0.000000 0.000000 -38140.741448 7.200048
75.000000 0.500000 0.500000 0.500000 0.000000 0.000000 0.000000 -38043.849195 11.278083
83.333333 0.500000 0.500000 0.500000 0.000000 0.000000 0.000000 -38016.275666 6.273901
91.666667 0.500000 0.500000 0.500000 0.000000 0.000000 0.000000 -37875.350143 16.073136
100.000000 0.500000 0.500000 0.500000 0.000000 0.000000 0.000000 -37818.239166 -0.717017
108.333333 0.500000 0.500000 0.500000 0.000000 0.000000 0.000000 -37646.423538 0.552701
116.666667 0.500000 0.500000 0.500000 0.000000 0.000000 0.000000 -37526.151530 -0.253944
125.000000 0.500000 0.500000 0.500000 0.000000 0.000000 0.000000 -37378.337438 0.403322
133.333333 0.500000 0.500000 0.500000 0.000000 0.000000 0.000000 -37298.777047 1.344407
141.666667 0.500000 0.500000 0.500000 0.000000 0.000000 0.000000 -37143.857333 4.227414
150.000000 0.500000 0.500000 0.500000 0.000000 0.000000 0.000000 -36936.185097 2.255617
158.333333 0.500000 0.500000 0.500000 0.000000 0.000000 0.000000 -36806.278551 16.790153
166.666667 0.500000 0.500000 0.500000 0.000000 0.000000 0.000000 -36622.091881 16.566085
175.000000 0.500000 0.500000 0.500000 0.000000 0.000000 0.000000 -36467.941949 5.721200
183.333333 0.500000 0.500000 0.500000 0.000000 0.000000 0.000000 -36289.672305 2.614125
191.666667 0.500000 0.500000 0.500000 0.000000 0.000000 0.000000 -36009.607254 -4.570985
200.000000 0.500000 0.500000 0.500000 0.000000 0.000000 0.000000 -35831.914994 -10.755258
208.333333 0.500000 0.500000 0.500000 0.000000 0.000000 0.000000 -35549.689715 2.449809
216.666667 0.500000 0.500000 0.500000 0.000000 0.000000 0.000000 -35333.212997 -0.448136
225.000000 0.500000 0.500000 0.500000 0.000000 0.000000 0.000000 -35088.303321 1.732792
233.333333 0.500000 0.500000 0.500000 0.000000 0.000000 0.000000 -34793.938319 1.867232
241.666667 0.500000 0.500000 0.500000 0.000000 0.000000 0.000000 -34430.193980 4.869742
250.000000 0.500000 0.500000 0.500000 0.000000 0.000000 0.000000 -34066.737882 2.255617
258.333333 0.500000 0.500000 0.500000 0.000000 0.000000 0.000000 -33683.576267 9.769359
266.666667 0.500000 0.500000 0.500000 0.000000 0.000000 0.000000 -33369.318575 7.812500
275.000000 0.500000 0.500000 0.500000 0.000000 0.000000 0.000000 -32937.653150 -7.513743
283.333333 0.500000 0.500000 0.500000 0.000000 0.000000 0.000000 -32295.355810 -3.779278
291.666667 0.500000 0.500000 0.500000 0.000000 0.000000 0.000000 -32036.148094 -5.556883
300.000000 0.500000 0.500000 0.500000 0.000000 0.000000 0.000000 -31962.761125 8.365201
300.000000 0.500000 0.500000 0.500000 0.000000 0.000000 0.000000 -32058.131997 10.366874
300.000000 0.500000 0.500000 0.500000 0.000000 0.000000 0.000000 -32203.305545 -5.870578
300.000000 0.500000 0.500000 0.500000 0.000000 0.000000 0.000000 -32191.011710 -6.154398
300.000000 0.500000 0.500000 0.500000 0.000000 0.000000 0.000000 -32300.875123 13.444073
300.000000 0.500000 0.500000 0.500000 0.000000 0.000000 0.000000 -32347.039033 -1.150215
300.000000 0.500000 0.500000 0.500000 0.000000 0.000000 0.000000 -32290.266510 -9.141969
300.000000 0.500000 0.500000 0.500000 0.000000 0.000000 0.000000 -32216.120240 14.534536
300.000000 0.500000 0.500000 0.500000 0.000000 0.000000 0.000000 -32296.272817 -4.660612
300.000000 0.500000 0.500000 0.500000 0.000000 0.000000 0.000000 -32399.622627 -11.412524
300.000000 0.500000 0.500000 0.500000 0.000000 0.000000 0.000000 -32519.884331 4.331979
300.000000 0.500000 0.500000 0.500000 0.000000 0.000000 0.000000 -32353.884911 -11.576840
300.000000 0.500000 0.500000 0.500000 0.000000 0.000000 0.000000 -32414.957990 -2.673877
300.000000 0.500000 0.500000 0.500000 0.000000 0.000000 0.000000 -32297.457723 -4.720363
300.000000 0.500000 0.500000 0.500000 0.000000 0.000000 0.000000 -32271.786985 16.267328
300.000000 0.500000 0.500000 0.500000 0.000000 0.000000 0.000000 -32290.085260 19.927103
300.000000 0.500000 0.500000 0.500000 0.000000 0.000000 0.000000 -32365.636512 -1.015774
300.000000 0.500000 0.500000 0.500000 0.000000 0.000000 0.000000 -32214.502016 8.813337
300.000000 0.500000 0.500000 0.500000 0.000000 0.000000 0.000000 -32252.875315 10.710445
300.000000 0.500000 0.500000 0.500000 0.000000 0.000000 0.000000 -32248.055317 -4.421606
300.000000 0.500000 0.500000 0.500000 0.000000 0.000000 0.000000 -32324.715555 14.474785
300.000000 0.500000 0.500000 0.500000 0.000000 0.000000 0.000000 -32379.221470 -12.562739
300.000000 0.500000 0.500000 0.500000 0.000000 0.000000 0.000000 -32317.858684 -0.328633
300.000000 0.500000 0.500000 0.500000 0.000000 0.000000 0.000000 -32193.321291 4.242352
300.000000 0.500000 0.500000 0.500000 0.000000 0.000000 0.000000 -32344.216691 18.702199
300.000000 0.500000 0.500000 0.500000 0.000000 0.000000 0.000000 -32282.758102 -13.145315
300.000000 0.500000 0.500000 0.500000 0.000000 0.000000 0.000000 -32176.799453 9.709608
300.000000 0.500000 0.500000 0.500000 0.000000 0.000000 0.000000 -32294.690678 -2.390057
300.000000 0.500000 0.500000 0.500000 0.000000 0.000000 0.000000 -32300.393548 -3.734465
300.000000 0.500000 0.500000 0.500000 0.000000 0.000000 0.000000 -32383.006633 0.478011
