300.000000 0.000000 0.000000 0.000000 0.000000 0.000000 0.000000 -33907.546326 968.896312
300.000000 0.002000 0.002000 0.002000 0.000000 0.000000 0.000000 -33799.863644 898.776119
300.000000 0.004000 0.004000 0.004000 0.000000 0.000000 0.000000 -33842.044165 895.276027
300.000000 0.006000 0.006000 0.006000 0.000000 0.000000 0.000000 -33868.470424 884.988076
300.000000 0.008000 0.008000 0.008000 0.000000 0.000000 0.000000 -33965.593505 736.704107
300.000000 0.010000 0.010000 0.010000 0.000000 0.000000 0.000000 -33917.372873 778.965081
300.000000 0.012000 0.012000 0.012000 0.000000 0.000000 0.000000 -33865.166887 731.696302
300.000000 0.014000 0.014000 0.014000 0.000000 0.000000 0.000000 -33924.948695 768.506618
300.000000 0.016000 0.016000 0.016000 0.000000 0.000000 0.000000 -33917.955531 327.715458
300.000000 0.018000 0.018000 0.018000 0.000000 0.000000 0.000000 -33935.927719 231.811245
300.000000 0.020000 0.020000 0.020000 0.000000 0.000000 0.000000 -33831.430474 150.075721
300.000000 0.022000 0.022000 0.022000 0.000000 0.000000 0.000000 -33768.355513 209.251989
300.000000 0.024000 0.024000 0.024000 0.000000 0.000000 0.000000 -33955.693043 271.935908
300.000000 0.026000 0.026000 0.026000 0.000000 0.000000 0.000000 -33958.240690 91.416842
300.000000 0.028000 0.028000 0.028000 0.000000 0.000000 0.000000 -33991.801093 152.440727
300.000000 0.030000 0.030000 0.030000 0.000000 0.000000 0.000000 -33962.433228 176.570832
300.000000 0.032000 0.032000 0.032000 0.000000 0.000000 0.000000 -33892.999026 94.320587
300.000000 0.034000 0.034000 0.034000 0.000000 0.000000 0.000000 -33981.245237 119.123663
300.000000 0.036000 0.036000 0.036000 0.000000 0.000000 0.000000 -33802.885924 150.744460
300.000000 0.038000 0.038000 0.038000 0.000000 0.000000 0.000000 -33987.531181 158.415095
300.000000 0.040000 0.040000 0.040000 0.000000 0.000000 0.000000 -33891.731318 121.211375
300.000000 0.042000 0.042000 0.042000 0.000000 0.000000 0.000000 -33872.363910 98.433577
300.000000 0.044000 0.044000 0.044000 0.000000 0.000000 0.000000 -34028.230794 132.163776
300.000000 0.046000 0.046000 0.046000 0.000000 0.000000 0.000000 -33970.994727 136.975175
300.000000 0.048000 0.048000 0.048000 0.000000 0.000000 0.000000 -33949.309136 106.632050
300.000000 0.050000 0.050000 0.050000 0.000000 0.000000 0.000000 -33976.073198 84.194577
300.000000 0.052000 0.052000 0.052000 0.000000 0.000000 0.000000 -34052.543185 75.575258
300.000000 0.054000 0.054000 0.054000 0.000000 0.000000 0.000000 -33956.324972 75.984283
300.000000 0.056000 0.056000 0.056000 0.000000 0.000000 0.000000 -33820.904519 101.125810
300.000000 0.058000 0.058000 0.058000 0.000000 0.000000 0.000000 -33809.865177 54.399081
300.000000 0.060000 0.060000 0.060000 0.000000 0.000000 0.000000 -33980.901714 91.684481
300.000000 0.062000 0.062000 0.062000 0.000000 0.000000 0.000000 -33935.968375 115.654765
300.000000 0.064000 0.064000 0.064000 0.000000 0.000000 0.000000 -33952.315232 121.702584
300.000000 0.066000 0.066000 0.066000 0.000000 0.000000 0.000000 -33956.917741 146.074160
300.000000 0.068000 0.068000 0.068000 0.000000 0.000000 0.000000 -34018.679222 62.609710
300.000000 0.070000 0.070000 0.070000 0.000000 0.000000 0.000000 -33966.004463 62.979386
300.000000 0.072000 0.072000 0.072000 0.000000 0.000000 0.000000 -34031.771785 92.188756
300.000000 0.074000 0.074000 0.074000 0.000000 0.000000 0.000000 -33985.922899 72.709162
300.000000 0.076000 0.076000 0.076000 0.000000 0.000000 0.000000 -33957.746145 91.006976
300.000000 0.078000 0.078000 0.078000 0.000000 0.000000 0.000000 -33987.238135 60.855480
300.000000 0.080000 0.080000 0.080000 0.000000 0.000000 0.000000 -33835.624250 70.565012
300.000000 0.082000 0.082000 0.082000 0.000000 0.000000 0.000000 -33910.677479 63.097499
300.000000 0.084000 0.084000 0.084000 0.000000 0.000000 0.000000 -33918.330077 68.331149
300.000000 0.086000 0.086000 0.086000 0.000000 0.000000 0.000000 -33994.380725 68.959848
300.000000 0.088000 0.088000 0.088000 0.000000 0.000000 0.000000 -33842.183321 65.739879
300.000000 0.090000 0.090000 0.090000 0.000000 0.000000 0.000000 -33835.770403 53.266011
300.000000 0.092000 0.092000 0.092000 0.000000 0.000000 0.000000 -33865.594949 63.818325
300.000000 0.094000 0.094000 0.094000 0.000000 0.000000 0.000000 -33883.813884 45.813334
300.000000 0.096000 0.096000 0.096000 0.000000 0.000000 0.000000 -33827.907462 51.498399
300.000000 0.098000 0.098000 0.098000 0.000000 0.000000 0.000000 -33959.164922 48.593037
300.000000 0.100000 0.100000 0.100000 0.000000 0.000000 0.000000 -33943.225156 48.491791
300.000000 0.102000 0.102000 0.102000 0.000000 0.000000 0.000000 -33865.146376 55.554579
300.000000 0.104000 0.104000 0.104000 0.000000 0.000000 0.000000 -33844.858982 75.006836
300.000000 0.106000 0.106000 0.106000 0.000000 0.000000 0.000000 -33927.059975 67.322060
300.000000 0.108000 0.108000 0.108000 0.000000 0.000000 0.000000 -33896.310342 47.647279
300.000000 0.110000 0.110000 0.110000 0.000000 0.000000 0.000000 -33845.862679 50.526504
300.000000 0.112000 0.112000 0.112000 0.000000 0.000000 0.000000 -33791.019938 67.816312
300.000000 0.114000 0.114000 0.114000 0.000000 0.000000 0.000000 -33791.000595 72.377477
300.000000 0.116000 0.116000 0.116000 0.000000 0.000000 0.000000 -33773.722591 61.638156
300.000000 0.118000 0.118000 0.118000 0.000000 0.000000 0.000000 -33896.077568 66.237565
300.000000 0.120000 0.120000 0.120000 0.000000 0.000000 0.000000 -33820.688582 59.246021
300.000000 0.122000 0.122000 0.122000 0.000000 0.000000 0.000000 -33772.744097 50.809082
300.000000 0.124000 0.124000 0.124000 0.000000 0.000000 0.000000 -33802.342355 55.628064
300.000000 0.126000 0.126000 0.126000 0.000000 0.000000 0.000000 -33815.510146 57.447404
300.000000 0.128000 0.128000 0.128000 0.000000 0.000000 0.000000 -33835.111435 70.057783
300.000000 0.130000 0.130000 0.130000 0.000000 0.000000 0.000000 -33818.550899 37.939982
300.000000 0.132000 0.132000 0.132000 0.000000 0.000000 0.000000 -33797.298941 29.270463
300.000000 0.134000 0.134000 0.134000 0.000000 0.000000 0.000000 -33806.246686 42.898982
300.000000 0.136000 0.136000 0.136000 0.000000 0.000000 0.000000 -33850.801345 31.941582
300.000000 0.138000 0.138000 0.138000 0.000000 0.000000 0.000000 -33872.911067 37.161458
300.000000 0.140000 0.140000 0.140000 0.000000 0.000000 0.000000 -33952.931790 30.833326
300.000000 0.142000 0.142000 0.142000 0.000000 0.000000 0.000000 -33848.379075 21.309093
300.000000 0.144000 0.144000 0.144000 0.000000 0.000000 0.000000 -33996.434600 37.094412
300.000000 0.146000 0.146000 0.146000 0.000000 0.000000 0.000000 -33887.472059 48.839499
300.000000 0.148000 0.148000 0.148000 0.000000 0.000000 0.000000 -33861.536538 32.265606
300.000000 0.150000 0.150000 0.150000 0.000000 0.000000 0.000000 -33882.835909 57.163851
300.000000 0.152000 0.152000 0.152000 0.000000 0.000000 0.000000 -33977.779204 33.663056
300.000000 0.154000 0.154000 0.154000 0.000000 0.000000 0.000000 -34046.101625 47.635459
300.000000 0.156000 0.156000 0.156000 0.000000 0.000000 0.000000 -33903.412812 27.924333
300.000000 0.158000 0.158000 0.158000 0.000000 0.000000 0.000000 -33846.798419 36.030703
300.000000 0.160000 0.160000 0.160000 0.000000 0.000000 0.000000 -33994.323631 36.444226
300.000000 0.162000 0.162000 0.162000 0.000000 0.000000 0.000000 -33956.936751 45.282010
300.000000 0.164000 0.164000 0.164000 0.000000 0.000000 0.000000 -34047.467203 20.537937
300.000000 0.166000 0.166000 0.166000 0.000000 0.000000 0.000000 -33953.309642 30.590950
300.000000 0.168000 0.168000 0.168000 0.000000 0.000000 0.000000 -33846.115693 32.158192
300.000000 0.170000 0.170000 0.170000 0.000000 0.000000 0.000000 -33901.267547 24.377015
300.000000 0.172000 0.172000 0.172000 0.000000 0.000000 0.000000 -33724.882417 54.498291
300.000000 0.174000 0.174000 0.174000 0.000000 0.000000 0.000000 -33938.098815 47.887331
300.000000 0.176000 0.176000 0.176000 0.000000 0.000000 0.000000 -33921.583664 40.671710
300.000000 0.178000 0.178000 0.178000 0.000000 0.000000 0.000000 -33661.357679 22.648032
300.000000 0.180000 0.180000 0.180000 0.000000 0.000000 0.000000 -33657.832142 47.072756
300.000000 0.182000 0.182000 0.182000 0.000000 0.000000 0.000000 -33762.014867 58.588738
300.000000 0.184000 0.184000 0.184000 0.000000 0.000000 0.000000 -33670.786079 25.317124
300.000000 0.186000 0.186000 0.186000 0.000000 0.000000 0.000000 -33828.052842 31.915397
300.000000 0.188000 0.188000 0.188000 0.000000 0.000000 0.000000 -33841.498172 29.846113
300.000000 0.190000 0.190000 0.190000 0.000000 0.000000 0.000000 -33709.954291 35.932405
300.000000 0.192000 0.192000 0.192000 0.000000 0.000000 0.000000 -33838.725038 25.903750
300.000000 0.194000 0.194000 0.194000 0.000000 0.000000 0.000000 -33790.779863 23.194196
300.000000 0.196000 0.196000 0.196000 0.000000 0.000000 0.000000 -33797.317129 40.395416
300.000000 0.198000 0.198000 0.198000 0.000000 0.000000 0.000000 -33752.069146 12.575737
300.000000 0.200000 0.200000 0.200000 0.000000 0.000000 0.000000 -33850.575658 30.438103
300.000000 0.202000 0.202000 0.202000 0.000000 0.000000 0.000000 -33819.376333 30.205838
300.000000 0.204000 0.204000 0.204000 0.000000 0.000000 0.000000 -33861.876590 65.369635
300.000000 0.206000 0.206000 0.206000 0.000000 0.000000 0.000000 -33837.635336 14.218442
300.000000 0.208000 0.208000 0.208000 0.000000 0.000000 0.000000 -33797.115183 34.024745
300.000000 0.210000 0.210000 0.210000 0.000000 0.000000 0.000000 -33909.858392 25.814056
300.000000 0.212000 0.212000 0.212000 0.000000 0.000000 0.000000 -33907.241485 35.469644
300.000000 0.214000 0.214000 0.214000 0.000000 0.000000 0.000000 -34021.759284 39.926918
300.000000 0.216000 0.216000 0.216000 0.000000 0.000000 0.000000 -33999.990368 42.990392
300.000000 0.218000 0.218000 0.218000 0.000000 0.000000 0.000000 -33970.390003 27.067201
300.000000 0.220000 0.220000 0.220000 0.000000 0.000000 0.000000 -33873.577169 22.715539
300.000000 0.222000 0.222000 0.222000 0.000000 0.000000 0.000000 -33820.796841 18.785806
300.000000 0.224000 0.224000 0.224000 0.000000 0.000000 0.000000 -33935.519962 25.898482
300.000000 0.226000 0.226000 0.226000 0.000000 0.000000 0.000000 -33978.006696 24.955799
300.000000 0.228000 0.228000 0.228000 0.000000 0.000000 0.000000 -33872.642040 37.398207
300.000000 0.230000 0.230000 0.230000 0.000000 0.000000 0.000000 -33949.027394 15.301344
300.000000 0.232000 0.232000 0.232000 0.000000 0.000000 0.000000 -33880.723495 21.795428
300.000000 0.234000 0.234000 0.234000 0.000000 0.000000 0.000000 -33813.408701 35.256192
300.000000 0.236000 0.236000 0.236000 0.000000 0.000000 0.000000 -33812.467151 31.748929
300.000000 0.238000 0.238000 0.238000 0.000000 0.000000 0.000000 -33705.237444 25.047676
300.000000 0.240000 0.240000 0.240000 0.000000 0.000000 0.000000 -33665.888147 22.593279
300.000000 0.242000 0.242000 0.242000 0.000000 0.000000 0.000000 -33692.392422 32.451317
300.000000 0.244000 0.244000 0.244000 0.000000 0.000000 0.000000 -33789.820193 17.538031
300.000000 0.246000 0.246000 0.246000 0.000000 0.000000 0.000000 -33825.086876 23.368695
300.000000 0.248000 0.248000 0.248000 0.000000 0.000000 0.000000 -33780.332419 6.499115
300.000000 0.250000 0.250000 0.250000 0.000000 0.000000 0.000000 -33906.431911 27.662357
300.000000 0.252000 0.252000 0.252000 0.000000 0.000000 0.000000 -33959.043915 20.330187
300.000000 0.254000 0.254000 0.254000 0.000000 0.000000 0.000000 -33746.617704 23.503076
300.000000 0.256000 0.256000 0.256000 0.000000 0.000000 0.000000 -33848.065701 11.405809
300.000000 0.258000 0.258000 0.258000 0.000000 0.000000 0.000000 -33760.080625 18.600134
300.000000 0.260000 0.260000 0.260000 0.000000 0.000000 0.000000 -33898.681968 16.070132
300.000000 0.262000 0.262000 0.262000 0.000000 0.000000 0.000000 -33916.617912 31.177668
300.000000 0.264000 0.264000 0.264000 0.000000 0.000000 0.000000 -33830.986560 27.767886
300.000000 0.266000 0.266000 0.266000 0.000000 0.000000 0.000000 -33921.004394 18.799564
300.000000 0.268000 0.268000 0.268000 0.000000 0.000000 0.000000 -33986.090560 19.054793
300.000000 0.270000 0.270000 0.270000 0.000000 0.000000 0.000000 -33924.072656 21.278288
300.000000 0.272000 0.272000 0.272000 0.000000 0.000000 0.000000 -33982.190010 11.736263
300.000000 0.274000 0.274000 0.274000 0.000000 0.000000 0.000000 -33945.661979 30.654928
300.000000 0.276000 0.276000 0.276000 0.000000 0.000000 0.000000 -33917.211064 12.581029
300.000000 0.278000 0.278000 0.278000 0.000000 0.000000 0.000000 -33780.547856 16.224581
300.000000 0.280000 0.280000 0.280000 0.000000 0.000000 0.000000 -33835.794747 38.832935
300.000000 0.282000 0.282000 0.282000 0.000000 0.000000 0.000000 -33931.762214 23.081076
300.000000 0.284000 0.284000 0.284000 0.000000 0.000000 0.000000 -33837.575274 38.962034
300.000000 0.286000 0.286000 0.286000 0.000000 0.000000 0.000000 -33927.984679 9.441232
300.000000 0.288000 0.288000 0.288000 0.000000 0.000000 0.000000 -33949.644623 28.502130
300.000000 0.290000 0.290000 0.290000 0.000000 0.000000 0.000000 -33902.873647 19.023228
300.000000 0.292000 0.292000 0.292000 0.000000 0.000000 0.000000 -34051.590575 20.553819
300.000000 0.294000 0.294000 0.294000 0.000000 0.000000 0.000000 -33948.281762 26.385174
300.000000 0.296000 0.296000 0.296000 0.000000 0.000000 0.000000 -34010.331899 9.403239
300.000000 0.298000 0.298000 0.298000 0.000000 0.000000 0.000000 -33937.485116 2.821891
300.000000 0.300000 0.300000 0.300000 0.000000 0.000000 0.000000 -34064.718076 11.649008
300.000000 0.302000 0.302000 0.302000 0.000000 0.000000 0.000000 -33952.998045 -1.693937
300.000000 0.304000 0.304000 0.304000 0.000000 0.000000 0.000000 -33781.439489 14.539525
300.000000 0.306000 0.306000 0.306000 0.000000 0.000000 0.000000 -33971.486539 23.976400
300.000000 0.308000 0.308000 0.308000 0.000000 0.000000 0.000000 -34063.761064 7.706128
300.000000 0.310000 0.310000 0.310000 0.000000 0.000000 0.000000 -34065.596651 19.627259
300.000000 0.312000 0.312000 0.312000 0.000000 0.000000 0.000000 -33920.023858 8.842356
300.000000 0.314000 0.314000 0.314000 0.000000 0.000000 0.000000 -33899.990443 7.540439
300.000000 0.316000 0.316000 0.316000 0.000000 0.000000 0.000000 -33828.067782 14.002955
300.000000 0.318000 0.318000 0.318000 0.000000 0.000000 0.000000 -33812.464984 26.882598
300.000000 0.320000 0.320000 0.320000 0.000000 0.000000 0.000000 -33844.834327 31.489039
300.000000 0.322000 0.322000 0.322000 0.000000 0.000000 0.000000 -34039.649195 12.973366
300.000000 0.324000 0.324000 0.324000 0.000000 0.000000 0.000000 -33883.985870 6.411849
300.000000 0.326000 0.326000 0.326000 0.000000 0.000000 0.000000 -33891.607740 2.116296
300.000000 0.328000 0.328000 0.328000 0.000000 0.000000 0.000000 -33968.833575 27.099776
300.000000 0.330000 0.330000 0.330000 0.000000 0.000000 0.000000 -34085.730500 13.603664
300.000000 0.332000 0.332000 0.332000 0.000000 0.000000 0.000000 -33880.197771 28.324440
300.000000 0.334000 0.334000 0.334000 0.000000 0.000000 0.000000 -33945.992214 16.537052
300.000000 0.336000 0.336000 0.336000 0.000000 0.000000 0.000000 -34032.490222 10.923632
300.000000 0.338000 0.338000 0.338000 0.000000 0.000000 0.000000 -34069.304573 11.859823
300.000000 0.340000 0.340000 0.340000 0.000000 0.000000 0.000000 -34038.858955 11.696804
300.000000 0.342000 0.342000 0.342000 0.000000 0.000000 0.000000 -33953.412548 16.958028
300.000000 0.344000 0.344000 0.344000 0.000000 0.000000 0.000000 -33902.502533 3.377077
300.000000 0.346000 0.346000 0.346000 0.000000 0.000000 0.000000 -33887.974194 2.499375
300.000000 0.348000 0.348000 0.348000 0.000000 0.000000 0.000000 -33855.393346 -11.151825
300.000000 0.350000 0.350000 0.350000 0.000000 0.000000 0.000000 -33881.255423 -8.295370
300.000000 0.352000 0.352000 0.352000 0.000000 0.000000 0.000000 -33857.118723 13.563666
300.000000 0.354000 0.354000 0.354000 0.000000 0.000000 0.000000 -33840.641039 -0.541951
300.000000 0.356000 0.356000 0.356000 0.000000 0.000000 0.000000 -33868.424365 24.095661
300.000000 0.358000 0.358000 0.358000 0.000000 0.000000 0.000000 -33898.770088 7.942001
300.000000 0.360000 0.360000 0.360000 0.000000 0.000000 0.000000 -33798.635490 8.848464
300.000000 0.362000 0.362000 0.362000 0.000000 0.000000 0.000000 -33881.819254 14.576735
300.000000 0.364000 0.364000 0.364000 0.000000 0.000000 0.000000 -33911.022670 5.239955
300.000000 0.366000 0.366000 0.366000 0.000000 0.000000 0.000000 -34109.596273 19.857243
300.000000 0.368000 0.368000 0.368000 0.000000 0.000000 0.000000 -34076.100955 -10.297197
300.000000 0.370000 0.370000 0.370000 0.000000 0.000000 0.000000 -34092.230166 0.193940
300.000000 0.372000 0.372000 0.372000 0.000000 0.000000 0.000000 -34009.552715 10.658144
300.000000 0.374000 0.374000 0.374000 0.000000 0.000000 0.000000 -33889.193252 -7.512622
300.000000 0.376000 0.376000 0.376000 0.000000 0.000000 0.000000 -33916.615109 18.111622
300.000000 0.378000 0.378000 0.378000 0.000000 0.000000 0.000000 -34005.681735 6.502638
300.000000 0.380000 0.380000 0.380000 0.000000 0.000000 0.000000 -34010.754297 -5.043723
300.000000 0.382000 0.382000 0.382000 0.000000 0.000000 0.000000 -34097.602373 8.472977
300.000000 0.384000 0.384000 0.384000 0.000000 0.000000 0.000000 -33989.642911 16.429145
300.000000 0.386000 0.386000 0.386000 0.000000 0.000000 0.000000 -33915.222249 22.750768
300.000000 0.388000 0.388000 0.388000 0.000000 0.000000 0.000000 -33903.225454 6.353423
300.000000 0.390000 0.390000 0.390000 0.000000 0.000000 0.000000 -33889.264549 0.329174
300.000000 0.392000 0.392000 0.392000 0.000000 0.000000 0.000000 -33868.840418 -5.676016
300.000000 0.394000 0.394000 0.394000 0.000000 0.000000 0.000000 -33869.815708 1.341829
300.000000 0.396000 0.396000 0.396000 0.000000 0.000000 0.000000 -33953.188478 7.697313
300.000000 0.398000 0.398000 0.398000 0.000000 0.000000 0.000000 -33972.992416 5.972882
300.000000 0.400000 0.400000 0.400000 0.000000 0.000000 0.000000 -33976.076895 10.379863
300.000000 0.402000 0.402000 0.402000 0.000000 0.000000 0.000000 -33935.970143 -4.775802
300.000000 0.404000 0.404000 0.404000 0.000000 0.000000 0.000000 -33944.482113 19.745061
300.000000 0.406000 0.406000 0.406000 0.000000 0.000000 0.000000 -33922.055215 9.646850
300.000000 0.408000 0.408000 0.408000 0.000000 0.000000 0.000000 -33908.060082 9.140954
300.000000 0.410000 0.410000 0.410000 0.000000 0.000000 0.000000 -33928.718710 13.604228
300.000000 0.412000 0.412000 0.412000 0.000000 0.000000 0.000000 -33804.300950 13.103006
300.000000 0.414000 0.414000 0.414000 0.000000 0.000000 0.000000 -33935.084457 6.074510
300.000000 0.416000 0.416000 0.416000 0.000000 0.000000 0.000000 -33967.272751 4.097975
300.000000 0.418000 0.418000 0.418000 0.000000 0.000000 0.000000 -33839.232492 9.484177
300.000000 0.420000 0.420000 0.420000 0.000000 0.000000 0.000000 -33835.712990 17.219583
300.000000 0.422000 0.422000 0.422000 0.000000 0.000000 0.000000 -33945.944872 -0.931445
300.000000 0.424000 0.424000 0.424000 0.000000 0.000000 0.000000 -33980.212743 -7.878232
300.000000 0.426000 0.426000 0.426000 0.000000 0.000000 0.000000 -33906.776949 -3.107273
300.000000 0.428000 0.428000 0.428000 0.000000 0.000000 0.000000 -33906.437645 -13.398301
300.000000 0.430000 0.430000 0.430000 0.000000 0.000000 0.000000 -33925.209502 -0.904958
300.000000 0.432000 0.432000 0.432000 0.000000 0.000000 0.000000 -33835.135156 2.451375
300.000000 0.434000 0.434000 0.434000 0.000000 0.000000 0.000000 -33966.110985 -6.500804
300.000000 0.436000 0.436000 0.436000 0.000000 0.000000 0.000000 -33892.309677 -5.444590
300.000000 0.438000 0.438000 0.438000 0.000000 0.000000 0.000000 -33866.925589 -3.463624
300.000000 0.440000 0.440000 0.440000 0.000000 0.000000 0.000000 -33916.253836 -0.403479
300.000000 0.442000 0.442000 0.442000 0.000000 0.000000 0.000000 -33909.188849 -7.638947
300.000000 0.444000 0.444000 0.444000 0.000000 0.000000 0.000000 -33805.983746 5.905187
300.000000 0.446000 0.446000 0.446000 0.000000 0.000000 0.000000 -33830.500974 -8.071595
300.000000 0.448000 0.448000 0.448000 0.000000 0.000000 0.000000 -33861.317843 4.832160
300.000000 0.450000 0.450000 0.450000 0.000000 0.000000 0.000000 -34049.901390 9.963038
300.000000 0.452000 0.452000 0.452000 0.000000 0.000000 0.000000 -34026.726022 12.595864
300.000000 0.454000 0.454000 0.454000 0.000000 0.000000 0.000000 -33983.991016 1.104149
300.000000 0.456000 0.456000 0.456000 0.000000 0.000000 0.000000 -34038.586519 13.425338
300.000000 0.458000 0.458000 0.458000 0.000000 0.000000 0.000000 -33974.138950 -1.787322
300.000000 0.460000 0.460000 0.460000 0.000000 0.000000 0.000000 -33864.118532 12.490769
300.000000 0.462000 0.462000 0.462000 0.000000 0.000000 0.000000 -33943.310324 -3.841689
300.000000 0.464000 0.464000 0.464000 0.000000 0.000000 0.000000 -33927.199157 11.733919
300.000000 0.466000 0.466000 0.466000 0.000000 0.000000 0.000000 -33997.092054 1.241484
300.000000 0.468000 0.468000 0.468000 0.000000 0.000000 0.000000 -33957.173786 0.914828
300.000000 0.470000 0.470000 0.470000 0.000000 0.000000 0.000000 -33975.894067 0.532035
300.000000 0.472000 0.472000 0.472000 0.000000 0.000000 0.000000 -33896.651211 10.578685
300.000000 0.474000 0.474000 0.474000 0.000000 0.000000 0.000000 -33798.252874 -4.403601
300.000000 0.476000 0.476000 0.476000 0.000000 0.000000 0.000000 -33901.056145 -4.063694
300.000000 0.478000 0.478000 0.478000 0.000000 0.000000 0.000000 -34015.641690 9.222925
300.000000 0.480000 0.480000 0.480000 0.000000 0.000000 0.000000 -33853.502592 -7.714643
300.000000 0.482000 0.482000 0.482000 0.000000 0.000000 0.000000 -33912.555998 -3.515683
300.000000 0.484000 0.484000 0.484000 0.000000 0.000000 0.000000 -33939.828445 2.405704
300.000000 0.486000 0.486000 0.486000 0.000000 0.000000 0.000000 -33880.044167 -0.125576
300.000000 0.488000 0.488000 0.488000 0.000000 0.000000 0.000000 -33926.569943 2.733160
300.000000 0.490000 0.490000 0.490000 0.000000 0.000000 0.000000 -33859.377570 -7.346435
300.000000 0.492000 0.492000 0.492000 0.000000 0.000000 0.000000 -33869.104673 5.613947
300.000000 0.494000 0.494000 0.494000 0.000000 0.000000 0.000000 -33855.687142 -14.094147
300.000000 0.496000 0.496000 0.496000 0.000000 0.000000 0.000000 -33821.483326 -3.301232
300.000000 0.498000 0.498000 0.498000 0.000000 0.000000 0.000000 -33866.980272 1.339433
