300.000000 0.500000 0.500000 0.500000 0.000000 0.000000 0.000000 -30727.423858 -1.628227
300.000000 0.500000 0.500000 0.500000 0.000000 0.000000 0.000000 -30786.593154 -7.588432
300.000000 0.500000 0.500000 0.500000 0.000000 0.000000 0.000000 -30737.402713 17.372729
300.000000 0.500000 0.500000 0.500000 0.000000 0.000000 0.000000 -30731.322231 -6.975980
300.000000 0.500000 0.500000 0.500000 0.000000 0.000000 0.000000 -30788.750420 9.052342
300.000000 0.500000 0.500000 0.500000 0.000000 0.000000 0.000000 -30743.727466 0.731955
300.000000 0.500000 0.500000 0.500000 0.000000 0.000000 0.000000 -30727.630377 -1.478848
300.000000 0.500000 0.500000 0.500000 0.000000 0.000000 0.000000 -30726.614326 2.957696
300.000000 0.500000 0.500000 0.500000 0.000000 0.000000 0.000000 -30556.920414 10.889699
300.000000 0.500000 0.500000 0.500000 0.000000 0.000000 0.000000 -30727.249097 10.665631
300.000000 0.500000 0.500000 0.500000 0.000000 0.000000 0.000000 -30658.951501 9.978489
300.000000 0.500000 0.500000 0.500000 0.000000 0.000000 0.000000 -30694.869115 -3.450645
300.000000 0.500000 0.500000 0.500000 0.000000 0.000000 0.000000 -30715.400356 -7.513743
300.000000 0.500000 0.500000 0.500000 0.000000 0.000000 0.000000 -30662.879516 17.566922
300.000000 0.500000 0.500000 0.500000 0.000000 0.000000 0.000000 -30601.417843 5.631573
300.000000 0.500000 0.500000 0.500000 0.000000 0.000000 0.000000 -30726.358734 -14.713791
300.000000 0.500000 0.500000 0.500000 0.000000 0.000000 0.000000 -30867.855731 4.078035
300.000000 0.500000 0.500000 0.500000 0.000000 0.000000 0.000000 -30822.213323 5.990081
300.000000 0.500000 0.500000 0.500000 0.000000 0.000000 0.000000 -30712.535861 -4.496295
300.000000 0.500000 0.500000 0.500000 0.000000 0.000000 0.000000 -30655.394905 -5.078872
300.000000 0.500000 0.500000 0.500000 0.000000 0.000000 0.000000 -30789.835209 -9.455664
300.000000 0.500000 0.500000 0.500000 0.000000 0.000000 0.000000 -30791.034424 1.583413
300.000000 0.500000 0.500000 0.500000 0.000000 0.000000 0.000000 -30676.497212 8.604207
300.000000 0.500000 0.500000 0.500000 0.000000 0.000000 0.000000 -30722.330122 18.254063
300.000000 0.500000 0.500000 0.500000 0.000000 0.000000 0.000000 -30672.932184 -0.492949
300.000000 0.500000 0.500000 0.500000 0.000000 0.000000 0.000000 -30716.631256 -9.127032
300.000000 0.500000 0.500000 0.500000 0.000000 0.000000 0.000000 -30776.220328 1.224904
300.000000 0.500000 0.500000 0.500000 0.000000 0.000000 0.000000 -30584.066266 -1.135277
300.000000 0.500000 0.500000 0.500000 0.000000 0.000000 0.000000 -30648.443418 -0.791707
300.000000 0.500000 0.500000 0.500000 0.000000 0.000000 0.000000 -30679.473333 -10.620817
