50.000000 0.500000 0.500000 0.500000 0.000000 0.000000 0.000000 -36090.089736 2.658939
58.333333 0.500000 0.500000 0.500000 0.000000 0.000000 0.000000 -36105.114279 -10.366874
66.666667 0.500000 0.500000 0.500000 0.000000 0.000000 0.000000 -36069.562854 -17.477294
75.000000 0.500000 0.500000 0.500000 0.000000 0.000000 0.000000 -36052.222809 -8.126195
83.333333 0.500000 0.500000 0.500000 0.000000 0.000000 0.000000 -35972.919840 -9.246534
91.666667 0.500000 0.500000 0.500000 0.000000 0.000000 0.000000 -35890.328778 -4.959369
100.000000 0.500000 0.500000 0.500000 0.000000 0.000000 0.000000 -35769.750778 -7.961879
108.333333 0.500000 0.500000 0.500000 0.000000 0.000000 0.000000 -35645.578006 -19.568595
116.666667 0.500000 0.500000 0.500000 0.000000 0.000000 0.000000 -35531.792070 -2.644001
125.000000 0.500000 0.500000 0.500000 0.000000 0.000000 0.000000 -35419.038073 -2.688815
133.333333 0.500000 0.500000 0.500000 0.000000 0.000000 0.000000 -35204.601715 -5.063934
141.666667 0.500000 0.500000 0.500000 0.000000 0.000000 0.000000 -35115.059735 3.017447
150.000000 0.500000 0.500000 0.500000 0.000000 0.000000 0.000000 -34921.267920 -10.561066
158.333333 0.500000 0.500000 0.500000 0.000000 0.000000 0.000000 -34810.238837 1.747729
166.666667 0.500000 0.500000 0.500000 0.000000 0.000000 0.000000 -34624.112733 -5.347753
175.000000 0.500000 0.500000 0.500000 0.000000 0.000000 0.000000 -34416.102594 -7.409178
183.333333 0.500000 0.500000 0.500000 0.000000 0.000000 0.000000 -34215.095867 -12.353609
191.666667 0.500000 0.500000 0.500000 0.000000 0.000000 0.000000 -34047.145570 -4.406668
200.000000 0.500000 0.500000 0.500000 0.000000 0.000000 0.000000 -33834.536212 0.119503
208.333333 0.500000 0.500000 0.500000 0.000000 0.000000 0.000000 -33581.832591 3.644837
216.666667 0.500000 0.500000 0.500000 0.000000 0.000000 0.000000 -33390.100596 -7.409178
225.000000 0.500000 0.500000 0.500000 0.000000 0.000000 0.000000 -33011.776500 12.368547
233.333333 0.500000 0.500000 0.500000 0.000000 0.000000 0.000000 -32715.212948 9.186783
241.666667 0.500000 0.500000 0.500000 0.000000 0.000000 0.000000 -32411.285266 3.375956
250.000000 0.500000 0.500000 0.500000 0.000000 0.000000 0.000000 -31942.350818 12.189293
258.333333 0.500000 0.500000 0.500000 0.000000 0.000000 0.000000 -31606.260526 -7.155234
266.666667 0.500000 0.500000 0.500000 0.000000 0.000000 0.000000 -31348.211077 -7.812500
275.000000 0.500000 0.500000 0.500000 0.000000 0.000000 0.000000 -30932.928750 14.818356
283.333333 0.500000 0.500000 0.500000 0.000000 0.000000 0.000000 -30665.096608 4.690488
291.666667 0.500000 0.500000 0.500000 0.000000 0.000000 0.000000 -30360.474943 10.546128
300.000000 0.500000 0.500000 0.500000 0.000000 0.000000 0.000000 -30208.146136 6.497968
300.000000 0.500000 0.500000 0.500000 0.000000 0.000000 0.000000 -30209.697631 -10.695507
300.000000 0.500000 0.500000 0.500000 0.000000 0.000000 0.000000 -30429.623574 -6.602533
300.000000 0.500000 0.500000 0.500000 0.000000 0.000000 0.000000 -30575.436752 11.532027
300.000000 0.500000 0.500000 0.500000 0.000000 0.000000 0.000000 -30730.695986 10.187620
300.000000 0.500000 0.500000 0.500000 0.000000 0.000000 0.000000 -30614.183730 -7.618308
300.000000 0.500000 0.500000 0.500000 0.000000 0.000000 0.000000 -30688.225906 4.645674
300.000000 0.500000 0.500000 0.500000 0.000000 0.000000 0.000000 -30713.654025 -2.599187
300.000000 0.500000 0.500000 0.500000 0.000000 0.000000 0.000000 -30789.865551 -32.176147
300.000000 0.500000 0.500000 0.500000 0.000000 0.000000 0.000000 -30453.942579 -13.966898
300.000000 0.500000 0.500000 0.500000 0.000000 0.000000 0.000000 -30545.011114 -18.537882
300.000000 0.500000 0.500000 0.500000 0.000000 0.000000 0.000000 -30656.155304 7.648184
300.000000 0.500000 0.500000 0.500000 0.000000 0.000000 0.000000 -30697.167062 -2.210803
300.000000 0.500000 0.500000 0.500000 0.000000 0.000000 0.000000 -30700.358171 10.844885
300.000000 0.500000 0.500000 0.500000 0.000000 0.000000 0.000000 -30599.596996 1.493786
300.000000 0.500000 0.500000 0.500000 0.000000 0.000000 0.000000 -30562.759749 -8.439890
300.000000 0.500000 0.500000 0.500000 0.000000 0.000000 0.000000 -30673.316721 -27.963671
300.000000 0.500000 0.500000 0.500000 0.000000 0.000000 0.000000 -30703.870928 -8.305449
300.000000 0.500000 0.500000 0.500000 0.000000 0.000000 0.000000 -30748.978664 -2.957696
300.000000 0.500000 0.500000 0.500000 0.000000 0.000000 0.000000 -30687.701763 -14.101338
300.000000 0.500000 0.500000 0.500000 0.000000 0.000000 0.000000 -30692.680483 -8.350263
300.000000 0.500000 0.500000 0.500000 0.000000 0.000000 0.000000 -30626.796997 1.269718
300.000000 0.500000 0.500000 0.500000 0.000000 0.000000 0.000000 -30686.718683 -9.201721
300.000000 0.500000 0.500000 0.500000 0.000000 0.000000 0.000000 -30735.278840 -23.123805
300.000000 0.500000 0.500000 0.500000 0.000000 0.000000 0.000000 -30674.626104 -0.418260
300.000000 0.500000 0.500000 0.500000 0.000000 0.000000 0.000000 -30713.818082 -27.620100
300.000000 0.500000 0.500000 0.500000 0.000000 0.000000 0.000000 -30610.802570 -4.152725
300.000000 0.500000 0.500000 0.500000 0.000000 0.000000 0.000000 -30673.606220 0.253944
300.000000 0.500000 0.500000 0.500000 0.000000 0.000000 0.000000 -30622.931826 0.179254
300.000000 0.500000 0.500000 0.500000 0.000000 0.000000 0.000000 -30843.114757 -14.280593
