300.000000 0.000000 0.000000 0.000000 0.000000 0.000000 0.000000 -32504.525243 735.574174
300.000000 0.002000 0.002000 0.002000 0.000000 0.000000 0.000000 -32587.782605 713.199509
300.000000 0.004000 0.004000 0.004000 0.000000 0.000000 0.000000 -32425.343796 680.192322
300.000000 0.006000 0.006000 0.006000 0.000000 0.000000 0.000000 -32449.115297 672.792548
300.000000 0.008000 0.008000 0.008000 0.000000 0.000000 0.000000 -32427.412235 665.638092
300.000000 0.010000 0.010000 0.010000 0.000000 0.000000 0.000000 -32401.331152 700.109236
300.000000 0.012000 0.012000 0.012000 0.000000 0.000000 0.000000 -32488.161979 820.119936
300.000000 0.014000 0.014000 0.014000 0.000000 0.000000 0.000000 -32330.409190 809.423494
300.000000 0.016000 0.016000 0.016000 0.000000 0.000000 0.000000 -32355.920862 872.913249
300.000000 0.018000 0.018000 0.018000 0.000000 0.000000 0.000000 -32412.872868 696.681892
300.000000 0.020000 0.020000 0.020000 0.000000 0.000000 0.000000 -32465.404593 660.599425
300.000000 0.022000 0.022000 0.022000 0.000000 0.000000 0.000000 -32344.556081 683.239944
300.000000 0.024000 0.024000 0.024000 0.000000 0.000000 0.000000 -32434.831364 656.385370
300.000000 0.026000 0.026000 0.026000 0.000000 0.000000 0.000000 -32270.844759 209.571927
300.000000 0.028000 0.028000 0.028000 0.000000 0.000000 0.000000 -32315.565161 227.725274
300.000000 0.030000 0.030000 0.030000 0.000000 0.000000 0.000000 -32427.538263 74.604834
300.000000 0.032000 0.032000 0.032000 0.000000 0.000000 0.000000 -32489.062209 136.012587
300.000000 0.034000 0.034000 0.034000 0.000000 0.000000 0.000000 -32420.190912 107.579780
300.000000 0.036000 0.036000 0.036000 0.000000 0.000000 0.000000 -32547.636473 85.067117
300.000000 0.038000 0.038000 0.038000 0.000000 0.000000 0.000000 -32425.695046 154.387311
300.000000 0.040000 0.040000 0.040000 0.000000 0.000000 0.000000 -32421.520633 90.723071
300.000000 0.042000 0.042000 0.042000 0.000000 0.000000 0.000000 -32358.883430 95.989884
300.000000 0.044000 0.044000 0.044000 0.000000 0.000000 0.000000 -32266.327261 59.665642
300.000000 0.046000 0.046000 0.046000 0.000000 0.000000 0.000000 -32328.823940 50.456247
300.000000 0.048000 0.048000 0.048000 0.000000 0.000000 0.000000 -32350.995191 76.964901
300.000000 0.050000 0.050000 0.050000 0.000000 0.000000 0.000000 -32491.800829 79.236515
300.000000 0.052000 0.052000 0.052000 0.000000 0.000000 0.000000 -32570.677590 60.753061
300.000000 0.054000 0.054000 0.054000 0.000000 0.000000 0.000000 -32335.977531 83.097068
300.000000 0.056000 0.056000 0.056000 0.000000 0.000000 0.000000 -32285.118161 91.969818
300.000000 0.058000 0.058000 0.058000 0.000000 0.000000 0.000000 -32372.733165 73.128268
300.000000 0.060000 0.060000 0.060000 0.000000 0.000000 0.000000 -32257.976060 112.502944
300.000000 0.062000 0.062000 0.062000 0.000000 0.000000 0.000000 -32351.976521 58.009786
300.000000 0.064000 0.064000 0.064000 0.000000 0.000000 0.000000 -32388.454503 107.841839
300.000000 0.066000 0.066000 0.066000 0.000000 0.000000 0.000000 -32354.589942 44.568491
300.000000 0.068000 0.068000 0.068000 0.000000 0.000000 0.000000 -32577.585651 62.296593
300.000000 0.070000 0.070000 0.070000 0.000000 0.000000 0.000000 -32531.997490 74.279542
300.000000 0.072000 0.072000 0.072000 0.000000 0.000000 0.000000 -32504.132525 56.593705
300.000000 0.074000 0.074000 0.074000 0.000000 0.000000 0.000000 -32565.001000 86.749676
300.000000 0.076000 0.076000 0.076000 0.000000 0.000000 0.000000 -32470.081745 76.211784
300.000000 0.078000 0.078000 0.078000 0.000000 0.000000 0.000000 -32437.963828 87.049268
300.000000 0.080000 0.080000 0.080000 0.000000 0.000000 0.000000 -32451.320480 49.990015
300.000000 0.082000 0.082000 0.082000 0.000000 0.000000 0.000000 -32433.701743 85.411552
300.000000 0.084000 0.084000 0.084000 0.000000 0.000000 0.000000 -32380.997756 37.842745
300.000000 0.086000 0.086000 0.086000 0.000000 0.000000 0.000000 -32474.229527 47.076985
300.000000 0.088000 0.088000 0.088000 0.000000 0.000000 0.000000 -32622.750104 67.734443
300.000000 0.090000 0.090000 0.090000 0.000000 0.000000 0.000000 -32588.034680 62.757904
300.000000 0.092000 0.092000 0.092000 0.000000 0.000000 0.000000 -32662.726354 43.568675
300.000000 0.094000 0.094000 0.094000 0.000000 0.000000 0.000000 -32740.810291 65.429494
300.000000 0.096000 0.096000 0.096000 0.000000 0.000000 0.000000 -32782.758448 52.448622
300.000000 0.098000 0.098000 0.098000 0.000000 0.000000 0.000000 -32552.436282 65.436633
300.000000 0.100000 0.100000 0.100000 0.000000 0.000000 0.000000 -32555.380373 42.988886
300.000000 0.102000 0.102000 0.102000 0.000000 0.000000 0.000000 -32443.055171 53.959177
300.000000 0.104000 0.104000 0.104000 0.000000 0.000000 0.000000 -32468.833457 58.393102
300.000000 0.106000 0.106000 0.106000 0.000000 0.000000 0.000000 -32450.461490 17.371550
300.000000 0.108000 0.108000 0.108000 0.000000 0.000000 0.000000 -32305.637907 50.215879
300.000000 0.110000 0.110000 0.110000 0.000000 0.000000 0.000000 -32427.706165 29.808102
300.000000 0.112000 0.112000 0.112000 0.000000 0.000000 0.000000 -32535.793371 53.419742
300.000000 0.114000 0.114000 0.114000 0.000000 0.000000 0.000000 -32410.901338 46.784798
300.000000 0.116000 0.116000 0.116000 0.000000 0.000000 0.000000 -32389.973963 32.092499
300.000000 0.118000 0.118000 0.118000 0.000000 0.000000 0.000000 -32294.747205 32.452237
300.000000 0.120000 0.120000 0.120000 0.000000 0.000000 0.000000 -32344.925396 45.355863
300.000000 0.122000 0.122000 0.122000 0.000000 0.000000 0.000000 -32424.356963 31.996878
300.000000 0.124000 0.124000 0.124000 0.000000 0.000000 0.000000 -32410.599271 28.926156
300.000000 0.126000 0.126000 0.126000 0.000000 0.000000 0.000000 -32572.312991 31.408764
300.000000 0.128000 0.128000 0.128000 0.000000 0.000000 0.000000 -32517.182699 41.692348
300.000000 0.130000 0.130000 0.130000 0.000000 0.000000 0.000000 -32552.919310 31.715718
300.000000 0.132000 0.132000 0.132000 0.000000 0.000000 0.000000 -32544.300557 28.950707
300.000000 0.134000 0.134000 0.134000 0.000000 0.000000 0.000000 -32622.474581 38.828078
300.000000 0.136000 0.136000 0.136000 0.000000 0.000000 0.000000 -32532.462878 58.128210
300.000000 0.138000 0.138000 0.138000 0.000000 0.000000 0.000000 -32620.504042 49.491040
300.000000 0.140000 0.140000 0.140000 0.000000 0.000000 0.000000 -32503.662186 41.474912
300.000000 0.142000 0.142000 0.142000 0.000000 0.000000 0.000000 -32311.955871 30.885979
300.000000 0.144000 0.144000 0.144000 0.000000 0.000000 0.000000 -32475.908074 28.288685
300.000000 0.146000 0.146000 0.146000 0.000000 0.000000 0.000000 -32413.515404 17.574251
300.000000 0.148000 0.148000 0.148000 0.000000 0.000000 0.000000 -32419.099823 44.741818
300.000000 0.150000 0.150000 0.150000 0.000000 0.000000 0.000000 -32460.291836 36.301937
300.000000 0.152000 0.152000 0.152000 0.000000 0.000000 0.000000 -32504.466649 40.748977
300.000000 0.154000 0.154000 0.154000 0.000000 0.000000 0.000000 -32443.293302 24.131181
300.000000 0.156000 0.156000 0.156000 0.000000 0.000000 0.000000 -32472.673647 47.255906
300.000000 0.158000 0.158000 0.158000 0.000000 0.000000 0.000000 -32430.689810 31.541112
300.000000 0.160000 0.160000 0.160000 0.000000 0.000000 0.000000 -32310.729463 37.523805
300.000000 0.162000 0.162000 0.162000 0.000000 0.000000 0.000000 -32413.836453 30.749505
300.000000 0.164000 0.164000 0.164000 0.000000 0.000000 0.000000 -32525.698940 27.686367
300.000000 0.166000 0.166000 0.166000 0.000000 0.000000 0.000000 -32467.745214 37.693018
300.000000 0.168000 0.168000 0.168000 0.000000 0.000000 0.000000 -32441.971044 25.442892
300.000000 0.170000 0.170000 0.170000 0.000000 0.000000 0.000000 -32515.416813 24.570608
300.000000 0.172000 0.172000 0.172000 0.000000 0.000000 0.000000 -32355.455121 23.638205
300.000000 0.174000 0.174000 0.174000 0.000000 0.000000 0.000000 -32482.671947 29.352405
300.000000 0.176000 0.176000 0.176000 0.000000 0.000000 0.000000 -32513.689570 23.365353
300.000000 0.178000 0.178000 0.178000 0.000000 0.000000 0.000000 -32477.618481 17.682200
300.000000 0.180000 0.180000 0.180000 0.000000 0.000000 0.000000 -32537.138515 11.768483
300.000000 0.182000 0.182000 0.182000 0.000000 0.000000 0.000000 -32409.797630 38.865728
300.000000 0.184000 0.184000 0.184000 0.000000 0.000000 0.000000 -32453.246215 20.159278
300.000000 0.186000 0.186000 0.186000 0.000000 0.000000 0.000000 -32537.404498 14.474111
300.000000 0.188000 0.188000 0.188000 0.000000 0.000000 0.000000 -32471.916790 20.833584
300.000000 0.190000 0.190000 0.190000 0.000000 0.000000 0.000000 -32374.468004 24.796458
300.000000 0.192000 0.192000 0.192000 0.000000 0.000000 0.000000 -32380.403478 7.315405
300.000000 0.194000 0.194000 0.194000 0.000000 0.000000 0.000000 -32361.164655 5.217894
300.000000 0.196000 0.196000 0.196000 0.000000 0.000000 0.000000 -32442.465599 30.756272
300.000000 0.198000 0.198000 0.198000 0.000000 0.000000 0.000000 -32408.485073 26.491921
300.000000 0.200000 0.200000 0.200000 0.000000 0.000000 0.000000 -32399.836674 8.821848
300.000000 0.202000 0.202000 0.202000 0.000000 0.000000 0.000000 -32296.640175 10.336575
300.000000 0.204000 0.204000 0.204000 0.000000 0.000000 0.000000 -32257.988343 10.070546
300.000000 0.206000 0.206000 0.206000 0.000000 0.000000 0.000000 -32323.637347 11.320808
300.000000 0.208000 0.208000 0.208000 0.000000 0.000000 0.000000 -32399.784463 7.114462
300.000000 0.210000 0.210000 0.210000 0.000000 0.000000 0.000000 -32446.084454 25.160506
300.000000 0.212000 0.212000 0.212000 0.000000 0.000000 0.000000 -32457.749371 14.950939
300.000000 0.214000 0.214000 0.214000 0.000000 0.000000 0.000000 -32528.613981 14.877299
300.000000 0.216000 0.216000 0.216000 0.000000 0.000000 0.000000 -32514.636633 24.224527
300.000000 0.218000 0.218000 0.218000 0.000000 0.000000 0.000000 -32482.342845 17.037709
300.000000 0.220000 0.220000 0.220000 0.000000 0.000000 0.000000 -32467.049588 22.092906
300.000000 0.222000 0.222000 0.222000 0.000000 0.000000 0.000000 -32489.655976 15.453388
300.000000 0.224000 0.224000 0.224000 0.000000 0.000000 0.000000 -32377.285730 18.729044
300.000000 0.226000 0.226000 0.226000 0.000000 0.000000 0.000000 -32381.944882 17.508625
300.000000 0.228000 0.228000 0.228000 0.000000 0.000000 0.000000 -32261.938046 11.100164
300.000000 0.230000 0.230000 0.230000 0.000000 0.000000 0.000000 -32288.865742 12.760548
300.000000 0.232000 0.232000 0.232000 0.000000 0.000000 0.000000 -32387.042938 19.138003
300.000000 0.234000 0.234000 0.234000 0.000000 0.000000 0.000000 -32457.086817 18.229107
300.000000 0.236000 0.236000 0.236000 0.000000 0.000000 0.000000 -32287.401279 21.011220
300.000000 0.238000 0.238000 0.238000 0.000000 0.000000 0.000000 -32305.010698 7.102038
300.000000 0.240000 0.240000 0.240000 0.000000 0.000000 0.000000 -32381.852655 13.851766
300.000000 0.242000 0.242000 0.242000 0.000000 0.000000 0.000000 -32479.493837 29.322836
300.000000 0.244000 0.244000 0.244000 0.000000 0.000000 0.000000 -32402.965141 21.591786
300.000000 0.246000 0.246000 0.246000 0.000000 0.000000 0.000000 -32383.851589 14.566851
300.000000 0.248000 0.248000 0.248000 0.000000 0.000000 0.000000 -32401.096178 9.179283
300.000000 0.250000 0.250000 0.250000 0.000000 0.000000 0.000000 -32422.898802 18.397375
300.000000 0.252000 0.252000 0.252000 0.000000 0.000000 0.000000 -32496.916879 6.419523
300.000000 0.254000 0.254000 0.254000 0.000000 0.000000 0.000000 -32587.119649 9.253519
300.000000 0.256000 0.256000 0.256000 0.000000 0.000000 0.000000 -32551.835155 7.417051
300.000000 0.258000 0.258000 0.258000 0.000000 0.000000 0.000000 -32440.153722 17.713447
300.000000 0.260000 0.260000 0.260000 0.000000 0.000000 0.000000 -32487.550323 19.863298
300.000000 0.262000 0.262000 0.262000 0.000000 0.000000 0.000000 -32484.240210 15.594008
300.000000 0.264000 0.264000 0.264000 0.000000 0.000000 0.000000 -32464.687407 8.153108
300.000000 0.266000 0.266000 0.266000 0.000000 0.000000 0.000000 -32368.026494 14.476672
300.000000 0.268000 0.268000 0.268000 0.000000 0.000000 0.000000 -32488.267778 16.007135
300.000000 0.270000 0.270000 0.270000 0.000000 0.000000 0.000000 -32410.443974 5.221216
300.000000 0.272000 0.272000 0.272000 0.000000 0.000000 0.000000 -32316.865194 7.778896
300.000000 0.274000 0.274000 0.274000 0.000000 0.000000 0.000000 -32422.596425 16.082505
300.000000 0.276000 0.276000 0.276000 0.000000 0.000000 0.000000 -32393.156717 14.856761
300.000000 0.278000 0.278000 0.278000 0.000000 0.000000 0.000000 -32453.299672 17.053030
300.000000 0.280000 0.280000 0.280000 0.000000 0.000000 0.000000 -32451.734709 23.802593
300.000000 0.282000 0.282000 0.282000 0.000000 0.000000 0.000000 -32533.174498 8.191395
300.000000 0.284000 0.284000 0.284000 0.000000 0.000000 0.000000 -32365.697099 12.733106
300.000000 0.286000 0.286000 0.286000 0.000000 0.000000 0.000000 -32574.172938 10.783106
300.000000 0.288000 0.288000 0.288000 0.000000 0.000000 0.000000 -32443.758049 14.828879
300.000000 0.290000 0.290000 0.290000 0.000000 0.000000 0.000000 -32363.716529 10.971522
300.000000 0.292000 0.292000 0.292000 0.000000 0.000000 0.000000 -32304.963562 15.529529
300.000000 0.294000 0.294000 0.294000 0.000000 0.000000 0.000000 -32410.333475 18.028170
300.000000 0.296000 0.296000 0.296000 0.000000 0.000000 0.000000 -32473.102481 1.842454
300.000000 0.298000 0.298000 0.298000 0.000000 0.000000 0.000000 -32364.104466 7.286388
300.000000 0.300000 0.300000 0.300000 0.000000 0.000000 0.000000 -32434.036607 16.990564
300.000000 0.302000 0.302000 0.302000 0.000000 0.000000 0.000000 -32532.601721 13.323356
300.000000 0.304000 0.304000 0.304000 0.000000 0.000000 0.000000 -32457.342401 9.733298
300.000000 0.306000 0.306000 0.306000 0.000000 0.000000 0.000000 -32390.961033 3.626433
300.000000 0.308000 0.308000 0.308000 0.000000 0.000000 0.000000 -32412.761943 10.227484
300.000000 0.310000 0.310000 0.310000 0.000000 0.000000 0.000000 -32507.171711 4.707007
300.000000 0.312000 0.312000 0.312000 0.000000 0.000000 0.000000 -32448.226137 9.575394
300.000000 0.314000 0.314000 0.314000 0.000000 0.000000 0.000000 -32361.758875 10.167185
300.000000 0.316000 0.316000 0.316000 0.000000 0.000000 0.000000 -32583.131322 4.164114
300.000000 0.318000 0.318000 0.318000 0.000000 0.000000 0.000000 -32390.442818 12.335375
300.000000 0.320000 0.320000 0.320000 0.000000 0.000000 0.000000 -32445.747860 7.146851
300.000000 0.322000 0.322000 0.322000 0.000000 0.000000 0.000000 -32477.886421 11.703224
300.000000 0.324000 0.324000 0.324000 0.000000 0.000000 0.000000 -32409.583365 12.463454
300.000000 0.326000 0.326000 0.326000 0.000000 0.000000 0.000000 -32400.298758 16.326800
300.000000 0.328000 0.328000 0.328000 0.000000 0.000000 0.000000 -32379.856763 14.344720
300.000000 0.330000 0.330000 0.330000 0.000000 0.000000 0.000000 -32336.399743 3.717647
300.000000 0.332000 0.332000 0.332000 0.000000 0.000000 0.000000 -32264.926551 6.949661
300.000000 0.334000 0.334000 0.334000 0.000000 0.000000 0.000000 -32377.115443 4.270355
300.000000 0.336000 0.336000 0.336000 0.000000 0.000000 0.000000 -32287.092160 11.349220
300.000000 0.338000 0.338000 0.338000 0.000000 0.000000 0.000000 -32437.115866 11.465196
300.000000 0.340000 0.340000 0.340000 0.000000 0.000000 0.000000 -32321.939038 15.702408
300.000000 0.342000 0.342000 0.342000 0.000000 0.000000 0.000000 -32519.746359 7.495676
300.000000 0.344000 0.344000 0.344000 0.000000 0.000000 0.000000 -32429.435960 2.787144
300.000000 0.346000 0.346000 0.346000 0.000000 0.000000 0.000000 -32388.546703 -3.309615
300.000000 0.348000 0.348000 0.348000 0.000000 0.000000 0.000000 -32422.756453 13.097643
300.000000 0.350000 0.350000 0.350000 0.000000 0.000000 0.000000 -32350.142841 3.333769
300.000000 0.352000 0.352000 0.352000 0.000000 0.000000 0.000000 -32395.489250 14.644957
300.000000 0.354000 0.354000 0.354000 0.000000 0.000000 0.000000 -32245.002852 5.688658
300.000000 0.356000 0.356000 0.356000 0.000000 0.000000 0.000000 -32428.276847 -0.032053
300.000000 0.358000 0.358000 0.358000 0.000000 0.000000 0.000000 -32310.560975 9.414540
300.000000 0.360000 0.360000 0.360000 0.000000 0.000000 0.000000 -32356.655214 11.237865
300.000000 0.362000 0.362000 0.362000 0.000000 0.000000 0.000000 -32418.357090 17.624890
300.000000 0.364000 0.364000 0.364000 0.000000 0.000000 0.000000 -32311.583617 13.423363
300.000000 0.366000 0.366000 0.366000 0.000000 0.000000 0.000000 -32312.893556 6.918834
300.000000 0.368000 0.368000 0.368000 0.000000 0.000000 0.000000 -32334.976682 10.128765
300.000000 0.370000 0.370000 0.370000 0.000000 0.000000 0.000000 -32359.636126 2.440794
300.000000 0.372000 0.372000 0.372000 0.000000 0.000000 0.000000 -32530.552511 1.586696
300.000000 0.374000 0.374000 0.374000 0.000000 0.000000 0.000000 -32474.042140 9.882408
300.000000 0.376000 0.376000 0.376000 0.000000 0.000000 0.000000 -32342.932266 11.905473
300.000000 0.378000 0.378000 0.378000 0.000000 0.000000 0.000000 -32516.373664 8.881177
300.000000 0.380000 0.380000 0.380000 0.000000 0.000000 0.000000 -32409.339167 -0.563441
300.000000 0.382000 0.382000 0.382000 0.000000 0.000000 0.000000 -32402.161756 4.562355
300.000000 0.384000 0.384000 0.384000 0.000000 0.000000 0.000000 -32449.571878 4.662054
300.000000 0.386000 0.386000 0.386000 0.000000 0.000000 0.000000 -32529.292204 1.206153
300.000000 0.388000 0.388000 0.388000 0.000000 0.000000 0.000000 -32550.304499 2.929921
300.000000 0.390000 0.390000 0.390000 0.000000 0.000000 0.000000 -32467.454252 2.352231
300.000000 0.392000 0.392000 0.392000 0.000000 0.000000 0.000000 -32471.319716 2.381824
300.000000 0.394000 0.394000 0.394000 0.000000 0.000000 0.000000 -32378.735998 10.223400
300.000000 0.396000 0.396000 0.396000 0.000000 0.000000 0.000000 -32309.865161 12.861905
300.000000 0.398000 0.398000 0.398000 0.000000 0.000000 0.000000 -32328.502407 3.346334
300.000000 0.400000 0.400000 0.400000 0.000000 0.000000 0.000000 -32519.825623 4.659627
300.000000 0.402000 0.402000 0.402000 0.000000 0.000000 0.000000 -32485.710138 2.501087
300.000000 0.404000 0.404000 0.404000 0.000000 0.000000 0.000000 -32470.814067 11.319271
300.000000 0.406000 0.406000 0.406000 0.000000 0.000000 0.000000 -32488.937134 1.926446
300.000000 0.408000 0.408000 0.408000 0.000000 0.000000 0.000000 -32467.254959 2.371402
300.000000 0.410000 0.410000 0.410000 0.000000 0.000000 0.000000 -32460.327306 6.267374
300.000000 0.412000 0.412000 0.412000 0.000000 0.000000 0.000000 -32435.360805 9.758661
300.000000 0.414000 0.414000 0.414000 0.000000 0.000000 0.000000 -32520.258200 9.614878
300.000000 0.416000 0.416000 0.416000 0.000000 0.000000 0.000000 -32494.180235 -3.728528
300.000000 0.418000 0.418000 0.418000 0.000000 0.000000 0.000000 -32359.079429 2.866597
300.000000 0.420000 0.420000 0.420000 0.000000 0.000000 0.000000 -32490.461147 -4.211471
300.000000 0.422000 0.422000 0.422000 0.000000 0.000000 0.000000 -32495.230962 -1.926254
300.000000 0.424000 0.424000 0.424000 0.000000 0.000000 0.000000 -32600.752113 6.214344
300.000000 0.426000 0.426000 0.426000 0.000000 0.000000 0.000000 -32501.397184 3.616852
300.000000 0.428000 0.428000 0.428000 0.000000 0.000000 0.000000 -32480.283529 -0.906452
300.000000 0.430000 0.430000 0.430000 0.000000 0.000000 0.000000 -32484.687464 9.999087
300.000000 0.432000 0.432000 0.432000 0.000000 0.000000 0.000000 -32419.115163 5.136386
300.000000 0.434000 0.434000 0.434000 0.000000 0.000000 0.000000 -32455.945861 -3.280181
300.000000 0.436000 0.436000 0.436000 0.000000 0.000000 0.000000 -32492.823014 8.667179
300.000000 0.438000 0.438000 0.438000 0.000000 0.000000 0.000000 -32501.771464 -2.242964
300.000000 0.440000 0.440000 0.440000 0.000000 0.000000 0.000000 -32443.515391 1.870450
300.000000 0.442000 0.442000 0.442000 0.000000 0.000000 0.000000 -32451.386968 -3.508978
300.000000 0.444000 0.444000 0.444000 0.000000 0.000000 0.000000 -32419.834674 5.199375
300.000000 0.446000 0.446000 0.446000 0.000000 0.000000 0.000000 -32499.893332 8.133165
300.000000 0.448000 0.448000 0.448000 0.000000 0.000000 0.000000 -32468.766487 -3.375073
300.000000 0.450000 0.450000 0.450000 0.000000 0.000000 0.000000 -32423.644066 0.120576
300.000000 0.452000 0.452000 0.452000 0.000000 0.000000 0.000000 -32480.448648 -2.693267
300.000000 0.454000 0.454000 0.454000 0.000000 0.000000 0.000000 -32542.579712 -3.380973
300.000000 0.456000 0.456000 0.456000 0.000000 0.000000 0.000000 -32509.635110 -4.013719
300.000000 0.458000 0.458000 0.458000 0.000000 0.000000 0.000000 -32479.501156 5.943668
300.000000 0.460000 0.460000 0.460000 0.000000 0.000000 0.000000 -32425.952484 -1.883568
300.000000 0.462000 0.462000 0.462000 0.000000 0.000000 0.000000 -32391.681761 -0.867469
300.000000 0.464000 0.464000 0.464000 0.000000 0.000000 0.000000 -32563.999312 4.893210
300.000000 0.466000 0.466000 0.466000 0.000000 0.000000 0.000000 -32543.316223 3.607543
300.000000 0.468000 0.468000 0.468000 0.000000 0.000000 0.000000 -32510.114197 9.888946
300.000000 0.470000 0.470000 0.470000 0.000000 0.000000 0.000000 -32546.699790 3.645475
300.000000 0.472000 0.472000 0.472000 0.000000 0.000000 0.000000 -32439.129220 3.517847
300.000000 0.474000 0.474000 0.474000 0.000000 0.000000 0.000000 -32452.618068 8.300117
300.000000 0.476000 0.476000 0.476000 0.000000 0.000000 0.000000 -32359.765206 -3.233031
300.000000 0.478000 0.478000 0.478000 0.000000 0.000000 0.000000 -32521.032630 -3.232455
300.000000 0.480000 0.480000 0.480000 0.000000 0.000000 0.000000 -32462.229635 9.290397
300.000000 0.482000 0.482000 0.482000 0.000000 0.000000 0.000000 -32479.559731 -6.527912
300.000000 0.484000 0.484000 0.484000 0.000000 0.000000 0.000000 -32406.813486 -0.386103
300.000000 0.486000 0.486000 0.486000 0.000000 0.000000 0.000000 -32398.272106 -4.139567
300.000000 0.488000 0.488000 0.488000 0.000000 0.000000 0.000000 -32302.734404 -9.482782
300.000000 0.490000 0.490000 0.490000 0.000000 0.000000 0.000000 -32288.360650 -8.343199
300.000000 0.492000 0.492000 0.492000 0.000000 0.000000 0.000000 -32331.295572 -6.253148
300.000000 0.494000 0.494000 0.494000 0.000000 0.000000 0.000000 -32424.965886 3.056250
300.000000 0.496000 0.496000 0.496000 0.000000 0.000000 0.000000 -32455.433852 -1.388709
300.000000 0.498000 0.498000 0.498000 0.000000 0.000000 0.000000 -32318.587434 -1.981416
