300.000000 0.000000 0.000000 0.000000 0.000000 0.000000 0.000000 -31856.702490 854.710395
300.000000 0.002000 0.002000 0.002000 0.000000 0.000000 0.000000 -31930.974863 985.305652
300.000000 0.004000 0.004000 0.004000 0.000000 0.000000 0.000000 -31838.651389 817.963826
300.000000 0.006000 0.006000 0.006000 0.000000 0.000000 0.000000 -31873.633047 784.729213
300.000000 0.008000 0.008000 0.008000 0.000000 0.000000 0.000000 -31881.127964 874.061069
300.000000 0.010000 0.010000 0.010000 0.000000 0.000000 0.000000 -31992.532334 764.558881
300.000000 0.012000 0.012000 0.012000 0.000000 0.000000 0.000000 -31887.685101 917.372664
300.000000 0.014000 0.014000 0.014000 0.000000 0.000000 0.000000 -31922.841044 769.349531
300.000000 0.016000 0.016000 0.016000 0.000000 0.000000 0.000000 -31845.507820 885.456795
300.000000 0.018000 0.018000 0.018000 0.000000 0.000000 0.000000 -31842.858575 911.914065
300.000000 0.020000 0.020000 0.020000 0.000000 0.000000 0.000000 -31774.078801 801.776360
300.000000 0.022000 0.022000 0.022000 0.000000 0.000000 0.000000 -31792.356857 669.925685
300.000000 0.024000 0.024000 0.024000 0.000000 0.000000 0.000000 -31851.004720 688.648794
300.000000 0.026000 0.026000 0.026000 0.000000 0.000000 0.000000 -31904.977143 706.926750
300.000000 0.028000 0.028000 0.028000 0.000000 0.000000 0.000000 -31858.553010 803.605197
300.000000 0.030000 0.030000 0.030000 0.000000 0.000000 0.000000 -31809.404653 730.322714
300.000000 0.032000 0.032000 0.032000 0.000000 0.000000 0.000000 -31772.696131 878.149721
300.000000 0.034000 0.034000 0.034000 0.000000 0.000000 0.000000 -31929.024979 719.110846
300.000000 0.036000 0.036000 0.036000 0.000000 0.000000 0.000000 -31889.441008 658.486241
300.000000 0.038000 0.038000 0.038000 0.000000 0.000000 0.000000 -31917.436617 679.006027
300.000000 0.040000 0.040000 0.040000 0.000000 0.000000 0.000000 -31883.435700 613.249129
300.000000 0.042000 0.042000 0.042000 0.000000 0.000000 0.000000 -31865.026568 72.281140
300.000000 0.044000 0.044000 0.044000 0.000000 0.000000 0.000000 -31865.384193 79.090869
300.000000 0.046000 0.046000 0.046000 0.000000 0.000000 0.000000 -31935.581253 80.882394
300.000000 0.048000 0.048000 0.048000 0.000000 0.000000 0.000000 -31768.805886 66.330951
300.000000 0.050000 0.050000 0.050000 0.000000 0.000000 0.000000 -31849.226796 81.359593
300.000000 0.052000 0.052000 0.052000 0.000000 0.000000 0.000000 -31942.187789 81.585148
300.000000 0.054000 0.054000 0.054000 0.000000 0.000000 0.000000 -31899.880648 81.180397
300.000000 0.056000 0.056000 0.056000 0.000000 0.000000 0.000000 -31801.318252 20.173397
300.000000 0.058000 0.058000 0.058000 0.000000 0.000000 0.000000 -31836.555729 61.257564
300.000000 0.060000 0.060000 0.060000 0.000000 0.000000 0.000000 -31899.992833 51.387730
300.000000 0.062000 0.062000 0.062000 0.000000 0.000000 0.000000 -31736.146209 86.534948
300.000000 0.064000 0.064000 0.064000 0.000000 0.000000 0.000000 -31787.194478 54.319994
300.000000 0.066000 0.066000 0.066000 0.000000 0.000000 0.000000 -31902.387994 78.668244
300.000000 0.068000 0.068000 0.068000 0.000000 0.000000 0.000000 -31779.595751 111.504502
300.000000 0.070000 0.070000 0.070000 0.000000 0.000000 0.000000 -31821.832474 40.332556
300.000000 0.072000 0.072000 0.072000 0.000000 0.000000 0.000000 -31797.050401 75.922165
300.000000 0.074000 0.074000 0.074000 0.000000 0.000000 0.000000 -31932.591462 50.290910
300.000000 0.076000 0.076000 0.076000 0.000000 0.000000 0.000000 -31968.781308 56.244547
300.000000 0.078000 0.078000 0.078000 0.000000 0.000000 0.000000 -31823.853168 70.129104
300.000000 0.080000 0.080000 0.080000 0.000000 0.000000 0.000000 -31758.300517 44.640857
300.000000 0.082000 0.082000 0.082000 0.000000 0.000000 0.000000 -31691.242070 40.878045
300.000000 0.084000 0.084000 0.084000 0.000000 0.000000 0.000000 -31824.625440 44.978538
300.000000 0.086000 0.086000 0.086000 0.000000 0.000000 0.000000 -31846.298747 47.393908
300.000000 0.088000 0.088000 0.088000 0.000000 0.000000 0.000000 -31705.740284 63.535400
300.000000 0.090000 0.090000 0.090000 0.000000 0.000000 0.000000 -31841.686793 31.555421
300.000000 0.092000 0.092000 0.092000 0.000000 0.000000 0.000000 -31804.471664 22.137686
300.000000 0.094000 0.094000 0.094000 0.000000 0.000000 0.000000 -31779.555095 24.743502
300.000000 0.096000 0.096000 0.096000 0.000000 0.000000 0.000000 -31749.510821 41.026723
300.000000 0.098000 0.098000 0.098000 0.000000 0.000000 0.000000 -31869.398527 41.010402
300.000000 0.100000 0.100000 0.100000 0.000000 0.000000 0.000000 -31970.766306 44.148158
300.000000 0.102000 0.102000 0.102000 0.000000 0.000000 0.000000 -31889.592134 39.487457
300.000000 0.104000 0.104000 0.104000 0.000000 0.000000 0.000000 -31847.421337 61.068748
300.000000 0.106000 0.106000 0.106000 0.000000 0.000000 0.000000 -31754.725934 57.807476
300.000000 0.108000 0.108000 0.108000 0.000000 0.000000 0.000000 -31850.540715 36.709933
300.000000 0.110000 0.110000 0.110000 0.000000 0.000000 0.000000 -31965.823214 28.030133
300.000000 0.112000 0.112000 0.112000 0.000000 0.000000 0.000000 -31853.014157 61.407032
300.000000 0.114000 0.114000 0.114000 0.000000 0.000000 0.000000 -31788.642871 30.064867
300.000000 0.116000 0.116000 0.116000 0.000000 0.000000 0.000000 -31810.044784 43.844428
300.000000 0.118000 0.118000 0.118000 0.000000 0.000000 0.000000 -31845.167662 53.173481
300.000000 0.120000 0.120000 0.120000 0.000000 0.000000 0.000000 -31818.751890 47.184403
300.000000 0.122000 0.122000 0.122000 0.000000 0.000000 0.000000 -31901.693036 48.737739
300.000000 0.124000 0.124000 0.124000 0.000000 0.000000 0.000000 -31848.652173 31.384004
300.000000 0.126000 0.126000 0.126000 0.000000 0.000000 0.000000 -31780.174805 46.007006
300.000000 0.128000 0.128000 0.128000 0.000000 0.000000 0.000000 -31720.767879 38.705836
300.000000 0.130000 0.130000 0.130000 0.000000 0.000000 0.000000 -31896.612600 44.502747
300.000000 0.132000 0.132000 0.132000 0.000000 0.000000 0.000000 -31875.340538 41.186080
300.000000 0.134000 0.134000 0.134000 0.000000 0.000000 0.000000 -31904.439530 40.986296
300.000000 0.136000 0.136000 0.136000 0.000000 0.000000 0.000000 -31698.440211 13.237274
300.000000 0.138000 0.138000 0.138000 0.000000 0.000000 0.000000 -31802.511490 15.655974
300.000000 0.140000 0.140000 0.140000 0.000000 0.000000 0.000000 -31659.951732 37.503548
300.000000 0.142000 0.142000 0.142000 0.000000 0.000000 0.000000 -31832.801803 39.916005
300.000000 0.144000 0.144000 0.144000 0.000000 0.000000 0.000000 -31729.099932 27.032576
300.000000 0.146000 0.146000 0.146000 0.000000 0.000000 0.000000 -31835.417759 16.627309
300.000000 0.148000 0.148000 0.148000 0.000000 0.000000 0.000000 -31884.225517 38.562490
300.000000 0.150000 0.150000 0.150000 0.000000 0.000000 0.000000 -31917.805248 27.610423
300.000000 0.152000 0.152000 0.152000 0.000000 0.000000 0.000000 -31937.956192 44.856359
300.000000 0.154000 0.154000 0.154000 0.000000 0.000000 0.000000 -31873.644318 31.010620
300.000000 0.156000 0.156000 0.156000 0.000000 0.000000 0.000000 -31918.246561 56.619924
300.000000 0.158000 0.158000 0.158000 0.000000 0.000000 0.000000 -31776.473642 35.818088
300.000000 0.160000 0.160000 0.160000 0.000000 0.000000 0.000000 -31877.673458 22.362345
300.000000 0.162000 0.162000 0.162000 0.000000 0.000000 0.000000 -32027.000346 30.654717
300.000000 0.164000 0.164000 0.164000 0.000000 0.000000 0.000000 -31899.462690 18.150630
300.000000 0.166000 0.166000 0.166000 0.000000 0.000000 0.000000 -31853.124343 29.245065
300.000000 0.168000 0.168000 0.168000 0.000000 0.000000 0.000000 -31972.090309 9.963321
300.000000 0.170000 0.170000 0.170000 0.000000 0.000000 0.000000 -31959.415062 27.272632
300.000000 0.172000 0.172000 0.172000 0.000000 0.000000 0.000000 -31867.801788 11.158739
300.000000 0.174000 0.174000 0.174000 0.000000 0.000000 0.000000 -31992.335813 18.578947
300.000000 0.176000 0.176000 0.176000 0.000000 0.000000 0.000000 -31901.777675 18.577049
300.000000 0.178000 0.178000 0.178000 0.000000 0.000000 0.000000 -31932.877487 2.370110
300.000000 0.180000 0.180000 0.180000 0.000000 0.000000 0.000000 -31870.629078 14.850512
300.000000 0.182000 0.182000 0.182000 0.000000 0.000000 0.000000 -31950.626267 15.859286
300.000000 0.184000 0.184000 0.184000 0.000000 0.000000 0.000000 -31982.381463 24.053200
300.000000 0.186000 0.186000 0.186000 0.000000 0.000000 0.000000 -32060.344703 25.492758
300.000000 0.188000 0.188000 0.188000 0.000000 0.000000 0.000000 -31874.828684 10.114316
300.000000 0.190000 0.190000 0.190000 0.000000 0.000000 0.000000 -31768.538633 7.512913
300.000000 0.192000 0.192000 0.192000 0.000000 0.000000 0.000000 -31838.149004 23.576296
300.000000 0.194000 0.194000 0.194000 0.000000 0.000000 0.000000 -31917.285304 8.912565
300.000000 0.196000 0.196000 0.196000 0.000000 0.000000 0.000000 -31867.704919 34.040461
300.000000 0.198000 0.198000 0.198000 0.000000 0.000000 0.000000 -31893.491753 16.738823
300.000000 0.200000 0.200000 0.200000 0.000000 0.000000 0.000000 -31954.865988 10.888519
300.000000 0.202000 0.202000 0.202000 0.000000 0.000000 0.000000 -31961.192848 10.697490
300.000000 0.204000 0.204000 0.204000 0.000000 0.000000 0.000000 -31929.842068 18.785184
300.000000 0.206000 0.206000 0.206000 0.000000 0.000000 0.000000 -31978.728156 28.781888
300.000000 0.208000 0.208000 0.208000 0.000000 0.000000 0.000000 -32014.410203 25.524625
300.000000 0.210000 0.210000 0.210000 0.000000 0.000000 0.000000 -31989.509079 20.279293
300.000000 0.212000 0.212000 0.212000 0.000000 0.000000 0.000000 -31854.104212 24.661499
300.000000 0.214000 0.214000 0.214000 0.000000 0.000000 0.000000 -31909.479530 9.361496
300.000000 0.216000 0.216000 0.216000 0.000000 0.000000 0.000000 -31917.739835 21.266261
300.000000 0.218000 0.218000 0.218000 0.000000 0.000000 0.000000 -31870.716781 14.737568
300.000000 0.220000 0.220000 0.220000 0.000000 0.000000 0.000000 -31862.044119 6.348139
300.000000 0.222000 0.222000 0.222000 0.000000 0.000000 0.000000 -31792.381904 28.938200
300.000000 0.224000 0.224000 0.224000 0.000000 0.000000 0.000000 -31859.528550 24.712875
300.000000 0.226000 0.226000 0.226000 0.000000 0.000000 0.000000 -31820.731288 10.405391
300.000000 0.228000 0.228000 0.228000 0.000000 0.000000 0.000000 -31905.258707 9.411468
300.000000 0.230000 0.230000 0.230000 0.000000 0.000000 0.000000 -31868.974167 16.521813
300.000000 0.232000 0.232000 0.232000 0.000000 0.000000 0.000000 -31985.430036 14.940539
300.000000 0.234000 0.234000 0.234000 0.000000 0.000000 0.000000 -31895.569927 30.124476
300.000000 0.236000 0.236000 0.236000 0.000000 0.000000 0.000000 -31884.144136 12.856395
300.000000 0.238000 0.238000 0.238000 0.000000 0.000000 0.000000 -31857.200166 18.797926
300.000000 0.240000 0.240000 0.240000 0.000000 0.000000 0.000000 -31758.772621 21.701752
300.000000 0.242000 0.242000 0.242000 0.000000 0.000000 0.000000 -31846.084830 22.330150
300.000000 0.244000 0.244000 0.244000 0.000000 0.000000 0.000000 -31770.017621 12.168702
300.000000 0.246000 0.246000 0.246000 0.000000 0.000000 0.000000 -31770.028138 32.680218
300.000000 0.248000 0.248000 0.248000 0.000000 0.000000 0.000000 -31834.891764 12.399547
300.000000 0.250000 0.250000 0.250000 0.000000 0.000000 0.000000 -31795.135235 8.335461
300.000000 0.252000 0.252000 0.252000 0.000000 0.000000 0.000000 -31904.423631 18.772576
300.000000 0.254000 0.254000 0.254000 0.000000 0.000000 0.000000 -31900.742966 10.237041
300.000000 0.256000 0.256000 0.256000 0.000000 0.000000 0.000000 -31875.891887 17.712737
300.000000 0.258000 0.258000 0.258000 0.000000 0.000000 0.000000 -31882.146808 17.903340
300.000000 0.260000 0.260000 0.260000 0.000000 0.000000 0.000000 -31847.486590 8.390451
300.000000 0.262000 0.262000 0.262000 0.000000 0.000000 0.000000 -31958.606130 31.920608
300.000000 0.264000 0.264000 0.264000 0.000000 0.000000 0.000000 -32029.423071 6.063706
300.000000 0.266000 0.266000 0.266000 0.000000 0.000000 0.000000 -31931.829840 14.017969
300.000000 0.268000 0.268000 0.268000 0.000000 0.000000 0.000000 -31915.081964 14.546964
300.000000 0.270000 0.270000 0.270000 0.000000 0.000000 0.000000 -31670.699890 28.812651
300.000000 0.272000 0.272000 0.272000 0.000000 0.000000 0.000000 -31748.195725 11.708187
300.000000 0.274000 0.274000 0.274000 0.000000 0.000000 0.000000 -31814.422846 2.309482
300.000000 0.276000 0.276000 0.276000 0.000000 0.000000 0.000000 -31939.844372 9.751863
300.000000 0.278000 0.278000 0.278000 0.000000 0.000000 0.000000 -31924.510026 1.983698
300.000000 0.280000 0.280000 0.280000 0.000000 0.000000 0.000000 -31834.091598 15.062286
300.000000 0.282000 0.282000 0.282000 0.000000 0.000000 0.000000 -31861.272935 14.109609
300.000000 0.284000 0.284000 0.284000 0.000000 0.000000 0.000000 -31917.415168 6.505784
300.000000 0.286000 0.286000 0.286000 0.000000 0.000000 0.000000 -31820.649482 3.888056
300.000000 0.288000 0.288000 0.288000 0.000000 0.000000 0.000000 -31900.396101 14.953149
300.000000 0.290000 0.290000 0.290000 0.000000 0.000000 0.000000 -31898.591722 14.446634
300.000000 0.292000 0.292000 0.292000 0.000000 0.000000 0.000000 -32039.541189 -0.265542
300.000000 0.294000 0.294000 0.294000 0.000000 0.000000 0.000000 -31949.838164 11.599812
300.000000 0.296000 0.296000 0.296000 0.000000 0.000000 0.000000 -31888.344123 11.532903
300.000000 0.298000 0.298000 0.298000 0.000000 0.000000 0.000000 -31886.888270 17.574260
300.000000 0.300000 0.300000 0.300000 0.000000 0.000000 0.000000 -31869.692678 7.819366
300.000000 0.302000 0.302000 0.302000 0.000000 0.000000 0.000000 -31914.262143 6.747527
300.000000 0.304000 0.304000 0.304000 0.000000 0.000000 0.000000 -31917.192769 18.066996
300.000000 0.306000 0.306000 0.306000 0.000000 0.000000 0.000000 -31936.019418 19.965143
300.000000 0.308000 0.308000 0.308000 0.000000 0.000000 0.000000 -31812.528012 8.014289
300.000000 0.310000 0.310000 0.310000 0.000000 0.000000 0.000000 -31825.109472 16.388392
300.000000 0.312000 0.312000 0.312000 0.000000 0.000000 0.000000 -31942.004160 4.542716
300.000000 0.314000 0.314000 0.314000 0.000000 0.000000 0.000000 -31858.930300 17.994201
300.000000 0.316000 0.316000 0.316000 0.000000 0.000000 0.000000 -31749.534975 10.811167
300.000000 0.318000 0.318000 0.318000 0.000000 0.000000 0.000000 -31789.620276 6.341470
300.000000 0.320000 0.320000 0.320000 0.000000 0.000000 0.000000 -31740.955771 22.785943
300.000000 0.322000 0.322000 0.322000 0.000000 0.000000 0.000000 -31954.330865 12.947297
300.000000 0.324000 0.324000 0.324000 0.000000 0.000000 0.000000 -31872.157339 -2.770001
300.000000 0.326000 0.326000 0.326000 0.000000 0.000000 0.000000 -31782.213758 10.689571
300.000000 0.328000 0.328000 0.328000 0.000000 0.000000 0.000000 -31782.985125 9.350269
300.000000 0.330000 0.330000 0.330000 0.000000 0.000000 0.000000 -31743.494776 3.532150
300.000000 0.332000 0.332000 0.332000 0.000000 0.000000 0.000000 -31811.526176 5.484289
300.000000 0.334000 0.334000 0.334000 0.000000 0.000000 0.000000 -31722.652417 1.338350
300.000000 0.336000 0.336000 0.336000 0.000000 0.000000 0.000000 -31757.727366 11.551481
300.000000 0.338000 0.338000 0.338000 0.000000 0.000000 0.000000 -31891.352670 1.039686
300.000000 0.340000 0.340000 0.340000 0.000000 0.000000 0.000000 -31910.617003 3.371334
300.000000 0.342000 0.342000 0.342000 0.000000 0.000000 0.000000 -31905.982708 13.427888
300.000000 0.344000 0.344000 0.344000 0.000000 0.000000 0.000000 -31833.372621 10.028526
300.000000 0.346000 0.346000 0.346000 0.000000 0.000000 0.000000 -31762.672614 4.369155
300.000000 0.348000 0.348000 0.348000 0.000000 0.000000 0.000000 -31874.684868 -1.011226
300.000000 0.350000 0.350000 0.350000 0.000000 0.000000 0.000000 -31891.856463 4.755408
300.000000 0.352000 0.352000 0.352000 0.000000 0.000000 0.000000 -31814.869454 2.434191
300.000000 0.354000 0.354000 0.354000 0.000000 0.000000 0.000000 -31786.521147 2.116075
300.000000 0.356000 0.356000 0.356000 0.000000 0.000000 0.000000 -31782.195456 9.160114
300.000000 0.358000 0.358000 0.358000 0.000000 0.000000 0.000000 -31901.700105 9.221293
300.000000 0.360000 0.360000 0.360000 0.000000 0.000000 0.000000 -31896.812899 0.255229
300.000000 0.362000 0.362000 0.362000 0.000000 0.000000 0.000000 -31871.499578 -1.024625
300.000000 0.364000 0.364000 0.364000 0.000000 0.000000 0.000000 -31996.246608 5.238844
300.000000 0.366000 0.366000 0.366000 0.000000 0.000000 0.000000 -31924.452317 8.036058
300.000000 0.368000 0.368000 0.368000 0.000000 0.000000 0.000000 -31952.552527 2.518181
300.000000 0.370000 0.370000 0.370000 0.000000 0.000000 0.000000 -31840.756479 5.089834
300.000000 0.372000 0.372000 0.372000 0.000000 0.000000 0.000000 -31804.554897 1.360415
300.000000 0.374000 0.374000 0.374000 0.000000 0.000000 0.000000 -31827.575837 2.933424
300.000000 0.376000 0.376000 0.376000 0.000000 0.000000 0.000000 -31804.910408 -4.406098
300.000000 0.378000 0.378000 0.378000 0.000000 0.000000 0.000000 -31769.167308 -9.424807
300.000000 0.380000 0.380000 0.380000 0.000000 0.000000 0.000000 -31790.112157 -0.984335
300.000000 0.382000 0.382000 0.382000 0.000000 0.000000 0.000000 -31737.620655 18.129470
300.000000 0.384000 0.384000 0.384000 0.000000 0.000000 0.000000 -31755.037776 11.499674
300.000000 0.386000 0.386000 0.386000 0.000000 0.000000 0.000000 -31822.039958 11.874270
300.000000 0.388000 0.388000 0.388000 0.000000 0.000000 0.000000 -31729.273795 15.184114
300.000000 0.390000 0.390000 0.390000 0.000000 0.000000 0.000000 -31713.945995 2.959336
300.000000 0.392000 0.392000 0.392000 0.000000 0.000000 0.000000 -31921.675023 0.159558
300.000000 0.394000 0.394000 0.394000 0.000000 0.000000 0.000000 -31772.124103 28.059726
300.000000 0.396000 0.396000 0.396000 0.000000 0.000000 0.000000 -31876.061077 0.763329
300.000000 0.398000 0.398000 0.398000 0.000000 0.000000 0.000000 -31947.499826 6.416676
300.000000 0.400000 0.400000 0.400000 0.000000 0.000000 0.000000 -31886.951676 -1.704331
300.000000 0.402000 0.402000 0.402000 0.000000 0.000000 0.000000 -32022.384000 -9.315699
300.000000 0.404000 0.404000 0.404000 0.000000 0.000000 0.000000 -31884.826511 -0.627766
300.000000 0.406000 0.406000 0.406000 0.000000 0.000000 0.000000 -31921.152213 -4.269884
300.000000 0.408000 0.408000 0.408000 0.000000 0.000000 0.000000 -31886.848855 5.659369
300.000000 0.410000 0.410000 0.410000 0.000000 0.000000 0.000000 -31807.845570 -4.692159
300.000000 0.412000 0.412000 0.412000 0.000000 0.000000 0.000000 -31914.555065 -10.871917
300.000000 0.414000 0.414000 0.414000 0.000000 0.000000 0.000000 -31856.343591 1.840015
300.000000 0.416000 0.416000 0.416000 0.000000 0.000000 0.000000 -31837.674654 -11.275979
300.000000 0.418000 0.418000 0.418000 0.000000 0.000000 0.000000 -31879.597940 1.840583
300.000000 0.420000 0.420000 0.420000 0.000000 0.000000 0.000000 -31897.239745 5.159051
300.000000 0.422000 0.422000 0.422000 0.000000 0.000000 0.000000 -31990.110121 5.434885
300.000000 0.424000 0.424000 0.424000 0.000000 0.000000 0.000000 -31835.776751 -4.119734
300.000000 0.426000 0.426000 0.426000 0.000000 0.000000 0.000000 -31824.022741 7.208790
300.000000 0.428000 0.428000 0.428000 0.000000 0.000000 0.000000 -31856.376925 4.422086
300.000000 0.430000 0.430000 0.430000 0.000000 0.000000 0.000000 -31789.844834 2.481827
300.000000 0.432000 0.432000 0.432000 0.000000 0.000000 0.000000 -31743.358951 6.003258
300.000000 0.434000 0.434000 0.434000 0.000000 0.000000 0.000000 -31778.752723 -1.034296
300.000000 0.436000 0.436000 0.436000 0.000000 0.000000 0.000000 -31847.532339 -5.883506
300.000000 0.438000 0.438000 0.438000 0.000000 0.000000 0.000000 -31944.947978 -7.891809
300.000000 0.440000 0.440000 0.440000 0.000000 0.000000 0.000000 -31944.872485 -3.966156
300.000000 0.442000 0.442000 0.442000 0.000000 0.000000 0.000000 -31956.075467 -5.788553
300.000000 0.444000 0.444000 0.444000 0.000000 0.000000 0.000000 -31975.304980 -10.691244
300.000000 0.446000 0.446000 0.446000 0.000000 0.000000 0.000000 -31906.209995 -3.884982
300.000000 0.448000 0.448000 0.448000 0.000000 0.000000 0.000000 -31913.125190 -1.741432
300.000000 0.450000 0.450000 0.450000 0.000000 0.000000 0.000000 -31911.917618 1.892375
300.000000 0.452000 0.452000 0.452000 0.000000 0.000000 0.000000 -31779.300373 4.679363
300.000000 0.454000 0.454000 0.454000 0.000000 0.000000 0.000000 -31732.169833 -6.735470
300.000000 0.456000 0.456000 0.456000 0.000000 0.000000 0.000000 -31815.464758 -18.885492
300.000000 0.458000 0.458000 0.458000 0.000000 0.000000 0.000000 -31801.201714 -3.699625
300.000000 0.460000 0.460000 0.460000 0.000000 0.000000 0.000000 -31861.108187 0.755466
300.000000 0.462000 0.462000 0.462000 0.000000 0.000000 0.000000 -31847.221145 2.860905
300.000000 0.464000 0.464000 0.464000 0.000000 0.000000 0.000000 -31770.868240 -4.244422
300.000000 0.466000 0.466000 0.466000 0.000000 0.000000 0.000000 -31905.702893 -7.760866
300.000000 0.468000 0.468000 0.468000 0.000000 0.000000 0.000000 -31936.907988 -4.321036
300.000000 0.470000 0.470000 0.470000 0.000000 0.000000 0.000000 -31817.657336 0.574236
300.000000 0.472000 0.472000 0.472000 0.000000 0.000000 0.000000 -31823.941234 2.742641
300.000000 0.474000 0.474000 0.474000 0.000000 0.000000 0.000000 -31701.813187 -4.041277
300.000000 0.476000 0.476000 0.476000 0.000000 0.000000 0.000000 -31848.419372 -7.464075
300.000000 0.478000 0.478000 0.478000 0.000000 0.000000 0.000000 -31801.712578 -9.347660
300.000000 0.480000 0.480000 0.480000 0.000000 0.000000 0.000000 -31838.716423 -10.255262
300.000000 0.482000 0.482000 0.482000 0.000000 0.000000 0.000000 -31848.313349 -1.426027
300.000000 0.484000 0.484000 0.484000 0.000000 0.000000 0.000000 -31778.387165 -1.410749
300.000000 0.486000 0.486000 0.486000 0.000000 0.000000 0.000000 -31785.931325 0.320797
300.000000 0.488000 0.488000 0.488000 0.000000 0.000000 0.000000 -31834.645673 -13.954055
300.000000 0.490000 0.490000 0.490000 0.000000 0.000000 0.000000 -31920.564671 -6.567074
300.000000 0.492000 0.492000 0.492000 0.000000 0.000000 0.000000 -31793.797271 -6.978415
300.000000 0.494000 0.494000 0.494000 0.000000 0.000000 0.000000 -31828.509873 -5.295494
300.000000 0.496000 0.496000 0.496000 0.000000 0.000000 0.000000 -31829.133755 0.001075
300.000000 0.498000 0.498000 0.498000 0.000000 0.000000 0.000000 -31844.760787 -3.093597
