20 300.000000 -1.000000 0.000000 0.100000 0.100000 120.000000 0.000000 -32883.201054 149.021988 6.512864
20 300.000000 -1.000000 0.000000 0.100000 0.100000 120.000000 0.000000 -32933.088241 179.592934 6.298163
20 300.000000 -1.000000 0.000000 0.100000 0.100000 120.000000 0.000000 -32716.184958 135.325585 0.812372
20 300.000000 -1.000000 0.000000 0.100000 0.100000 120.000000 0.000000 -32921.981671 141.884319 8.043869
20 300.000000 -1.000000 0.000000 0.100000 0.100000 120.000000 0.000000 -32799.733457 121.314974 6.424186
19 300.000000 -1.000000 0.000000 0.200000 0.100000 110.000000 0.000000 -32712.226304 108.821977 6.868538
19 300.000000 -1.000000 0.000000 0.200000 0.100000 110.000000 0.000000 -32787.472983 48.583194 6.654593
16 300.000000 -1.000000 0.000000 0.500000 0.100000 80.000000 0.000000 -32823.968384 51.062209 6.469413
17 300.000000 -1.000000 0.000000 0.400000 0.100000 90.000000 0.000000 -32727.420346 27.051150 6.780271
19 300.000000 -1.000000 0.000000 0.200000 0.100000 110.000000 0.000000 -32866.599651 100.262596 6.535316
19 300.000000 -1.000000 0.000000 0.200000 0.100000 110.000000 0.000000 -32779.018695 95.627658 6.711201
19 300.000000 -1.000000 0.000000 0.200000 0.100000 110.000000 0.000000 -32843.892605 127.730682 6.517791
19 300.000000 -1.000000 0.000000 0.200000 0.100000 110.000000 0.000000 -32943.304566 62.370133 6.576886
17 300.000000 -1.000000 0.000000 0.400000 0.100000 90.000000 0.000000 -32837.615579 49.847527 6.498031
18 300.000000 -1.000000 0.000000 0.300000 0.100000 100.000000 0.000000 -32914.583297 82.876623 7.307749
18 300.000000 -1.000000 0.000000 0.300000 0.100000 100.000000 0.000000 -32914.922840 49.448245 6.401041
16 300.000000 -1.000000 0.000000 0.500000 0.100000 80.000000 0.000000 -32610.881845 57.469154 8.217164
19 300.000000 -1.000000 0.000000 0.200000 0.100000 110.000000 0.000000 -32935.894393 78.346898 6.501150
18 300.000000 -1.000000 0.000000 0.300000 0.100000 100.000000 0.000000 -32692.882478 74.058449 6.456594
19 300.000000 -1.000000 0.000000 0.200000 0.100000 110.000000 0.000000 -32796.300686 99.480282 6.485277
18 300.000000 -1.000000 0.000000 0.300000 0.100000 100.000000 0.000000 -32724.860932 68.532703 7.158192
17 300.000000 -1.000000 0.000000 0.400000 0.100000 90.000000 0.000000 -32881.009910 44.105691 8.112056
16 300.000000 -1.000000 0.000000 0.500000 0.100000 80.000000 0.000000 -32681.019054 61.477452 7.267223
17 300.000000 -1.000000 0.000000 0.400000 0.100000 90.000000 0.000000 -32771.447142 28.618256 6.600867
14 300.000000 -1.000000 0.200000 0.500000 0.100000 60.000000 0.000000 -32834.527235 6.586750 6.675855
15 300.000000 -1.000000 0.100000 0.500000 0.100000 70.000000 0.000000 -32818.617077 32.857308 6.537989
15 300.000000 -1.000000 0.100000 0.500000 0.100000 70.000000 0.000000 -32971.954260 8.038667 6.795333
8 300.000000 1.000000 0.300000 0.500000 0.100000 50.000000 0.000000 -32750.860372 -4.226366 6.391278
11 300.000000 -1.000000 0.500000 0.500000 0.100000 30.000000 0.000000 -32742.315037 -9.902563 6.392227
10 300.000000 1.000000 0.500000 0.500000 0.100000 30.000000 0.000000 -32847.854536 5.021950 6.658763
8 300.000000 1.000000 0.300000 0.500000 0.100000 50.000000 0.000000 -32862.601959 8.115944 6.781437
9 300.000000 1.000000 0.400000 0.500000 0.100000 40.000000 0.000000 -32689.701418 -4.851202 7.568496
11 300.000000 -1.000000 0.500000 0.500000 0.100000 30.000000 0.000000 -32806.494828 -1.839236 7.502080
11 300.000000 -1.000000 0.500000 0.500000 0.100000 30.000000 0.000000 -32948.424478 9.926762 6.963242
14 300.000000 -1.000000 0.200000 0.500000 0.100000 60.000000 0.000000 -32869.083991 12.163428 6.416221
13 300.000000 -1.000000 0.300000 0.500000 0.100000 50.000000 0.000000 -32937.143178 -3.602140 6.743371
8 300.000000 1.000000 0.300000 0.500000 0.100000 50.000000 0.000000 -32813.643145 3.476116 6.396258
8 300.000000 1.000000 0.300000 0.500000 0.100000 50.000000 0.000000 -32901.161769 6.936775 6.389727
9 300.000000 1.000000 0.400000 0.500000 0.100000 40.000000 0.000000 -32770.917476 2.351907 6.428652
7 300.000000 1.000000 0.200000 0.500000 0.100000 60.000000 0.000000 -32892.954867 20.608731 6.682847
7 300.000000 1.000000 0.200000 0.500000 0.100000 60.000000 0.000000 -32783.264286 14.147219 6.551635
7 300.000000 1.000000 0.200000 0.500000 0.100000 60.000000 0.000000 -32875.125418 19.573694 7.428368
7 300.000000 1.000000 0.200000 0.500000 0.100000 60.000000 0.000000 -32773.877832 16.122574 6.725904
8 300.000000 1.000000 0.300000 0.500000 0.100000 50.000000 0.000000 -32753.639223 1.888781 6.641626
9 300.000000 1.000000 0.400000 0.500000 0.100000 40.000000 0.000000 -32964.793523 -7.098200 6.609386
12 300.000000 -1.000000 0.400000 0.500000 0.100000 40.000000 0.000000 -32928.992754 0.959074 6.432597
9 300.000000 1.000000 0.400000 0.500000 0.100000 40.000000 0.000000 -32870.180016 1.588795 6.593812
9 300.000000 1.000000 0.400000 0.500000 0.100000 40.000000 0.000000 -32811.307171 3.308104 6.925099
7 300.000000 1.000000 0.200000 0.500000 0.100000 60.000000 0.000000 -32801.225275 9.041044 7.375011
7 300.000000 1.000000 0.200000 0.500000 0.100000 60.000000 0.000000 -32909.483887 13.305120 6.413176
7 300.000000 1.000000 0.200000 0.500000 0.100000 60.000000 0.000000 -32934.664089 20.352756 7.605549
6 300.000000 1.000000 0.100000 0.500000 0.100000 70.000000 0.000000 -32789.840042 23.096453 6.502908
6 300.000000 1.000000 0.100000 0.500000 0.100000 70.000000 0.000000 -32937.779875 21.451257 6.399229
6 300.000000 1.000000 0.100000 0.500000 0.100000 70.000000 0.000000 -32917.023818 13.933516 7.864522
6 300.000000 1.000000 0.100000 0.500000 0.100000 70.000000 0.000000 -32894.866062 20.130841 6.564836
6 300.000000 1.000000 0.100000 0.500000 0.100000 70.000000 0.000000 -32883.595521 11.709561 7.192071
9 300.000000 1.000000 0.400000 0.500000 0.100000 40.000000 0.000000 -32978.122242 13.513982 8.004359
7 300.000000 1.000000 0.200000 0.500000 0.100000 60.000000 0.000000 -32734.139901 6.840040 7.585252
9 300.000000 1.000000 0.400000 0.500000 0.100000 40.000000 0.000000 -32905.898366 2.165040 7.828570
10 300.000000 1.000000 0.500000 0.500000 0.100000 30.000000 0.000000 -32780.798281 1.189224 7.699978
11 300.000000 -1.000000 0.500000 0.500000 0.100000 30.000000 0.000000 -32894.590633 -6.265102 6.532525
11 300.000000 -1.000000 0.500000 0.500000 0.100000 30.000000 0.000000 -32925.613945 1.499355 7.905984
12 300.000000 -1.000000 0.400000 0.500000 0.100000 40.000000 0.000000 -32855.860792 7.228628 6.390496
12 300.000000 -1.000000 0.400000 0.500000 0.100000 40.000000 0.000000 -32809.059623 3.120392 6.926894
11 300.000000 -1.000000 0.500000 0.500000 0.100000 30.000000 0.000000 -32899.274159 5.311507 8.134365
14 300.000000 -1.000000 0.200000 0.500000 0.100000 60.000000 0.000000 -32800.875298 9.329482 6.582327
12 300.000000 -1.000000 0.400000 0.500000 0.100000 40.000000 0.000000 -32792.874905 -5.233316 8.196381
10 300.000000 1.000000 0.500000 0.500000 0.100000 30.000000 0.000000 -32901.858226 6.705859 6.582321
10 300.000000 1.000000 0.500000 0.500000 0.100000 30.000000 0.000000 -32738.931438 -4.308705 7.700651
9 300.000000 1.000000 0.400000 0.500000 0.100000 40.000000 0.000000 -32879.714277 5.902260 7.766208
9 300.000000 1.000000 0.400000 0.500000 0.100000 40.000000 0.000000 -32868.435146 3.470233 6.425684
7 300.000000 1.000000 0.200000 0.500000 0.100000 60.000000 0.000000 -32766.266675 18.762330 6.443000
6 300.000000 1.000000 0.100000 0.500000 0.100000 70.000000 0.000000 -32905.234588 32.820366 5.404329
6 300.000000 1.000000 0.100000 0.500000 0.100000 70.000000 0.000000 -32806.393983 24.487883 7.174594
6 300.000000 1.000000 0.100000 0.500000 0.100000 70.000000 0.000000 -32737.281320 36.960537 6.547763
6 300.000000 1.000000 0.100000 0.500000 0.100000 70.000000 0.000000 -32853.024532 15.202548 8.259146
6 300.000000 1.000000 0.100000 0.500000 0.100000 70.000000 0.000000 -32931.297248 16.821040 6.431991
6 300.000000 1.000000 0.100000 0.500000 0.100000 70.000000 0.000000 -32756.173764 52.119521 6.545402
2 300.000000 1.000000 0.000000 0.200000 0.100000 110.000000 0.000000 -32842.299802 116.430193 6.633379
2 300.000000 1.000000 0.000000 0.200000 0.100000 110.000000 0.000000 -32822.292997 48.943506 6.389737
6 300.000000 1.000000 0.100000 0.500000 0.100000 70.000000 0.000000 -32902.416528 30.486878 7.626523
6 300.000000 1.000000 0.100000 0.500000 0.100000 70.000000 0.000000 -32997.683934 13.798584 7.075469
6 300.000000 1.000000 0.100000 0.500000 0.100000 70.000000 0.000000 -32813.998780 47.896847 6.673303
6 300.000000 1.000000 0.100000 0.500000 0.100000 70.000000 0.000000 -32732.743904 16.512740 6.840756
6 300.000000 1.000000 0.100000 0.500000 0.100000 70.000000 0.000000 -32904.801894 32.164792 8.105523
6 300.000000 1.000000 0.100000 0.500000 0.100000 70.000000 0.000000 -32833.922912 29.081775 6.671044
6 300.000000 1.000000 0.100000 0.500000 0.100000 70.000000 0.000000 -32708.384172 16.802714 6.687725
7 300.000000 1.000000 0.200000 0.500000 0.100000 60.000000 0.000000 -32928.331729 15.009882 6.439347
6 300.000000 1.000000 0.100000 0.500000 0.100000 70.000000 0.000000 -32984.328200 6.728616 7.345599
7 300.000000 1.000000 0.200000 0.500000 0.100000 60.000000 0.000000 -32882.348734 11.363538 6.401489
7 300.000000 1.000000 0.200000 0.500000 0.100000 60.000000 0.000000 -32849.882136 16.643241 6.390206
8 300.000000 1.000000 0.300000 0.500000 0.100000 50.000000 0.000000 -32856.881954 -1.319752 6.775177
10 300.000000 1.000000 0.500000 0.500000 0.100000 30.000000 0.000000 -32981.805506 2.573401 6.401700
11 300.000000 -1.000000 0.500000 0.500000 0.100000 30.000000 0.000000 -32714.436046 1.864117 7.063925
12 300.000000 -1.000000 0.400000 0.500000 0.100000 40.000000 0.000000 -32898.197598 6.861599 6.844068
12 300.000000 -1.000000 0.400000 0.500000 0.100000 40.000000 0.000000 -32849.926601 2.951154 6.822883
11 300.000000 -1.000000 0.500000 0.500000 0.100000 30.000000 0.000000 -32813.088776 -3.519046 6.389711
12 300.000000 -1.000000 0.400000 0.500000 0.100000 40.000000 0.000000 -32823.195403 3.860063 7.904027
11 300.000000 -1.000000 0.500000 0.500000 0.100000 30.000000 0.000000 -32817.565162 -0.365444 6.419151
12 300.000000 -1.000000 0.400000 0.500000 0.100000 40.000000 0.000000 -32924.582376 -2.777447 6.392774
11 300.000000 -1.000000 0.500000 0.500000 0.100000 30.000000 0.000000 -32802.931621 0.191876 6.490513
8 300.000000 1.000000 0.300000 0.500000 0.100000 50.000000 0.000000 -32881.527882 -0.191444 8.283386
8 300.000000 1.000000 0.300000 0.500000 0.100000 50.000000 0.000000 -32851.874910 -2.879346 7.905837
10 300.000000 1.000000 0.500000 0.500000 0.100000 30.000000 0.000000 -32841.770695 -3.787512 8.249232
9 300.000000 1.000000 0.400000 0.500000 0.100000 40.000000 0.000000 -32863.933929 3.349560 6.733892
10 300.000000 1.000000 0.500000 0.500000 0.100000 30.000000 0.000000 -32904.719175 -1.204343 7.848680
9 300.000000 1.000000 0.400000 0.500000 0.100000 40.000000 0.000000 -32911.722744 -1.385410 8.249633
10 300.000000 1.000000 0.500000 0.500000 0.100000 30.000000 0.000000 -32864.608101 3.210563 7.233087
9 300.000000 1.000000 0.400000 0.500000 0.100000 40.000000 0.000000 -32876.325972 6.495255 6.434027
8 300.000000 1.000000 0.300000 0.500000 0.100000 50.000000 0.000000 -32898.118667 2.529989 8.182699
8 300.000000 1.000000 0.300000 0.500000 0.100000 50.000000 0.000000 -32914.981948 20.394535 6.800875
6 300.000000 1.000000 0.100000 0.500000 0.100000 70.000000 0.000000 -32722.493167 31.687787 4.252388
6 300.000000 1.000000 0.100000 0.500000 0.100000 70.000000 0.000000 -32787.092660 10.846070 7.992367
7 300.000000 1.000000 0.200000 0.500000 0.100000 60.000000 0.000000 -32807.598504 19.691924 6.448452
6 300.000000 1.000000 0.100000 0.500000 0.100000 70.000000 0.000000 -32865.996582 30.437018 6.558663
6 300.000000 1.000000 0.100000 0.500000 0.100000 70.000000 0.000000 -32763.154878 25.074596 6.849313
6 300.000000 1.000000 0.100000 0.500000 0.100000 70.000000 0.000000 -32882.680131 22.601701 6.475288
6 300.000000 1.000000 0.100000 0.500000 0.100000 70.000000 0.000000 -32866.256580 18.443909 6.414341
6 300.000000 1.000000 0.100000 0.500000 0.100000 70.000000 0.000000 -32771.811876 22.980284 6.916405
7 300.000000 1.000000 0.200000 0.500000 0.100000 60.000000 0.000000 -32869.563135 14.624114 6.410835
7 300.000000 1.000000 0.200000 0.500000 0.100000 60.000000 0.000000 -32890.706125 15.702432 8.019615
7 300.000000 1.000000 0.200000 0.500000 0.100000 60.000000 0.000000 -32787.102755 19.480304 6.525150
7 300.000000 1.000000 0.200000 0.500000 0.100000 60.000000 0.000000 -32928.372338 9.161901 7.511479
6 300.000000 1.000000 0.100000 0.500000 0.100000 70.000000 0.000000 -32869.197514 21.601979 6.548217
6 300.000000 1.000000 0.100000 0.500000 0.100000 70.000000 0.000000 -32879.804680 21.595433 7.826786
6 300.000000 1.000000 0.100000 0.500000 0.100000 70.000000 0.000000 -32828.626333 22.245568 6.547900
5 300.000000 1.000000 0.000000 0.500000 0.100000 80.000000 0.000000 -32994.343464 57.463325 7.139316
5 300.000000 1.000000 0.000000 0.500000 0.100000 80.000000 0.000000 -32898.054017 50.984197 7.460935
2 300.000000 1.000000 0.000000 0.200000 0.100000 110.000000 0.000000 -32829.367489 63.971868 7.465564
5 300.000000 1.000000 0.000000 0.500000 0.100000 80.000000 0.000000 -32886.799064 51.960534 8.277192
5 300.000000 1.000000 0.000000 0.500000 0.100000 80.000000 0.000000 -32849.940129 59.456561 6.573007
2 300.000000 1.000000 0.000000 0.200000 0.100000 110.000000 0.000000 -32810.937288 108.119014 6.454530
2 300.000000 1.000000 0.000000 0.200000 0.100000 110.000000 0.000000 -32796.178743 62.781446 6.404886
4 300.000000 1.000000 0.000000 0.400000 0.100000 90.000000 0.000000 -32908.647815 67.267636 6.393245
3 300.000000 1.000000 0.000000 0.300000 0.100000 100.000000 0.000000 -32708.754116 33.311321 6.764820
6 300.000000 1.000000 0.100000 0.500000 0.100000 70.000000 0.000000 -32931.217821 30.568699 7.844370
6 300.000000 1.000000 0.100000 0.500000 0.100000 70.000000 0.000000 -32736.555660 20.837176 7.285990
7 300.000000 1.000000 0.200000 0.500000 0.100000 60.000000 0.000000 -32922.229012 8.641103 6.572479
7 300.000000 1.000000 0.200000 0.500000 0.100000 60.000000 0.000000 -32862.418670 18.884238 7.568718
7 300.000000 1.000000 0.200000 0.500000 0.100000 60.000000 0.000000 -32877.075856 15.143691 8.205311
8 300.000000 1.000000 0.300000 0.500000 0.100000 50.000000 0.000000 -32927.478274 4.445653 8.187020
12 300.000000 -1.000000 0.400000 0.500000 0.100000 40.000000 0.000000 -32828.095244 7.530726 6.973705
14 300.000000 -1.000000 0.200000 0.500000 0.100000 60.000000 0.000000 -32904.057621 10.843527 7.022950
10 300.000000 1.000000 0.500000 0.500000 0.100000 30.000000 0.000000 -32862.942196 -2.464735 7.372587
12 300.000000 -1.000000 0.400000 0.500000 0.100000 40.000000 0.000000 -32897.528896 2.095656 7.473833
11 300.000000 -1.000000 0.500000 0.500000 0.100000 30.000000 0.000000 -32926.588863 4.319774 7.601312
10 300.000000 1.000000 0.500000 0.500000 0.100000 30.000000 0.000000 -32811.208375 1.977454 6.806689
10 300.000000 1.000000 0.500000 0.500000 0.100000 30.000000 0.000000 -32754.105623 -0.763258 6.782358
13 300.000000 -1.000000 0.300000 0.500000 0.100000 50.000000 0.000000 -32924.634092 9.687845 7.100665
14 300.000000 -1.000000 0.200000 0.500000 0.100000 60.000000 0.000000 -32792.369687 21.707042 6.434271
15 300.000000 -1.000000 0.100000 0.500000 0.100000 70.000000 0.000000 -32828.388740 4.150043 6.572467
12 300.000000 -1.000000 0.400000 0.500000 0.100000 40.000000 0.000000 -32866.728053 1.802118 8.123246
12 300.000000 -1.000000 0.400000 0.500000 0.100000 40.000000 0.000000 -32835.489529 6.185578 7.524206
12 300.000000 -1.000000 0.400000 0.500000 0.100000 40.000000 0.000000 -32828.596313 2.130583 6.418782
11 300.000000 -1.000000 0.500000 0.500000 0.100000 30.000000 0.000000 -32903.962598 3.910324 7.683977
12 300.000000 -1.000000 0.400000 0.500000 0.100000 40.000000 0.000000 -32792.310843 5.160340 7.065010
12 300.000000 -1.000000 0.400000 0.500000 0.100000 40.000000 0.000000 -32814.640340 6.823368 7.214738
14 300.000000 -1.000000 0.200000 0.500000 0.100000 60.000000 0.000000 -32951.699475 3.765725 6.519677
12 300.000000 -1.000000 0.400000 0.500000 0.100000 40.000000 0.000000 -32881.579172 0.723474 8.140292
12 300.000000 -1.000000 0.400000 0.500000 0.100000 40.000000 0.000000 -32956.762252 7.353139 4.539605
11 300.000000 -1.000000 0.500000 0.500000 0.100000 30.000000 0.000000 -32776.581341 -11.228835 8.279270
10 300.000000 1.000000 0.500000 0.500000 0.100000 30.000000 0.000000 -32949.645305 2.625055 6.408240
11 300.000000 -1.000000 0.500000 0.500000 0.100000 30.000000 0.000000 -32832.765314 2.432235 6.568364
13 300.000000 -1.000000 0.300000 0.500000 0.100000 50.000000 0.000000 -32724.527503 2.860863 7.471222
10 300.000000 1.000000 0.500000 0.500000 0.100000 30.000000 0.000000 -32807.935311 -1.037409 7.616120
10 300.000000 1.000000 0.500000 0.500000 0.100000 30.000000 0.000000 -32805.827120 -1.270976 7.125989
12 300.000000 -1.000000 0.400000 0.500000 0.100000 40.000000 0.000000 -32803.721787 -4.793861 6.836218
10 300.000000 1.000000 0.500000 0.500000 0.100000 30.000000 0.000000 -32900.892574 0.406817 6.991582
12 300.000000 -1.000000 0.400000 0.500000 0.100000 40.000000 0.000000 -32836.905970 1.902469 6.717924
11 300.000000 -1.000000 0.500000 0.500000 0.100000 30.000000 0.000000 -32953.951862 0.900272 6.682437
12 300.000000 -1.000000 0.400000 0.500000 0.100000 40.000000 0.000000 -32844.950589 0.478840 6.047586
10 300.000000 1.000000 0.500000 0.500000 0.100000 30.000000 0.000000 -32851.200241 -3.595254 8.283368
10 300.000000 1.000000 0.500000 0.500000 0.100000 30.000000 0.000000 -32766.166875 8.257060 7.328353
14 300.000000 -1.000000 0.200000 0.500000 0.100000 60.000000 0.000000 -32876.907470 14.606047 7.386614
14 300.000000 -1.000000 0.200000 0.500000 0.100000 60.000000 0.000000 -32859.713366 9.964386 6.703569
15 300.000000 -1.000000 0.100000 0.500000 0.100000 70.000000 0.000000 -32974.079276 10.571333 7.158370
14 300.000000 -1.000000 0.200000 0.500000 0.100000 60.000000 0.000000 -32605.621900 17.852348 6.819778
15 300.000000 -1.000000 0.100000 0.500000 0.100000 70.000000 0.000000 -32854.533157 14.017266 7.710034
14 300.000000 -1.000000 0.200000 0.500000 0.100000 60.000000 0.000000 -32915.231092 11.967362 8.248548
13 300.000000 -1.000000 0.300000 0.500000 0.100000 50.000000 0.000000 -32924.925914 8.255461 7.854661
14 300.000000 -1.000000 0.200000 0.500000 0.100000 60.000000 0.000000 -32989.377230 2.272202 7.691140
13 300.000000 -1.000000 0.300000 0.500000 0.100000 50.000000 0.000000 -32722.111173 -3.353326 7.028497
10 300.000000 1.000000 0.500000 0.500000 0.100000 30.000000 0.000000 -32783.822135 7.267147 6.678453
13 300.000000 -1.000000 0.300000 0.500000 0.100000 50.000000 0.000000 -32787.826350 2.009612 6.543625
10 300.000000 1.000000 0.500000 0.500000 0.100000 30.000000 0.000000 -32980.865340 0.293426 7.562476
10 300.000000 1.000000 0.500000 0.500000 0.100000 30.000000 0.000000 -32989.913036 -0.689644 6.617680
10 300.000000 1.000000 0.500000 0.500000 0.100000 30.000000 0.000000 -32791.398161 -6.952422 6.494384
12 300.000000 -1.000000 0.400000 0.500000 0.100000 40.000000 0.000000 -32866.017132 -1.947388 6.654960
12 300.000000 -1.000000 0.400000 0.500000 0.100000 40.000000 0.000000 -32843.428274 -1.470864 7.534789
12 300.000000 -1.000000 0.400000 0.500000 0.100000 40.000000 0.000000 -33028.637043 6.800369 6.730224
12 300.000000 -1.000000 0.400000 0.500000 0.100000 40.000000 0.000000 -32870.052074 3.323273 7.043847
11 300.000000 -1.000000 0.500000 0.500000 0.100000 30.000000 0.000000 -32928.514993 -4.471644 7.811727
12 300.000000 -1.000000 0.400000 0.500000 0.100000 40.000000 0.000000 -32837.739065 5.815975 7.030190
14 300.000000 -1.000000 0.200000 0.500000 0.100000 60.000000 0.000000 -32778.009416 18.199912 6.851568
14 300.000000 -1.000000 0.200000 0.500000 0.100000 60.000000 0.000000 -32881.705983 0.328778 7.144683
11 300.000000 -1.000000 0.500000 0.500000 0.100000 30.000000 0.000000 -32777.791597 0.873776 6.958318
13 300.000000 -1.000000 0.300000 0.500000 0.100000 50.000000 0.000000 -32760.462136 12.245352 6.646581
14 300.000000 -1.000000 0.200000 0.500000 0.100000 60.000000 0.000000 -32856.316017 12.281456 6.435135
13 300.000000 -1.000000 0.300000 0.500000 0.100000 50.000000 0.000000 -32768.750391 8.125868 7.142803
13 300.000000 -1.000000 0.300000 0.500000 0.100000 50.000000 0.000000 -32802.450650 10.965565 7.042395
13 300.000000 -1.000000 0.300000 0.500000 0.100000 50.000000 0.000000 -32837.561110 3.311417 6.397296
12 300.000000 -1.000000 0.400000 0.500000 0.100000 40.000000 0.000000 -32759.390900 4.614905 7.363091
12 300.000000 -1.000000 0.400000 0.500000 0.100000 40.000000 0.000000 -32909.414264 8.628054 7.301554
12 300.000000 -1.000000 0.400000 0.500000 0.100000 40.000000 0.000000 -32805.799253 3.084187 7.017287
12 300.000000 -1.000000 0.400000 0.500000 0.100000 40.000000 0.000000 -32844.484708 2.896303 7.185752
12 300.000000 -1.000000 0.400000 0.500000 0.100000 40.000000 0.000000 -32939.492504 3.786553 8.248826
13 300.000000 -1.000000 0.300000 0.500000 0.100000 50.000000 0.000000 -32927.694686 5.962179 6.822939
9 300.000000 1.000000 0.400000 0.500000 0.100000 40.000000 0.000000 -32795.130383 9.058254 6.561552
7 300.000000 1.000000 0.200000 0.500000 0.100000 60.000000 0.000000 -32682.836321 14.849039 7.665811
7 300.000000 1.000000 0.200000 0.500000 0.100000 60.000000 0.000000 -32800.546143 9.340167 8.208736
8 300.000000 1.000000 0.300000 0.500000 0.100000 50.000000 0.000000 -32762.160639 6.232938 6.571130
9 300.000000 1.000000 0.400000 0.500000 0.100000 40.000000 0.000000 -32996.061528 -0.984030 6.755943
12 300.000000 -1.000000 0.400000 0.500000 0.100000 40.000000 0.000000 -32913.405400 5.122334 7.921540
13 300.000000 -1.000000 0.300000 0.500000 0.100000 50.000000 0.000000 -32923.404941 13.024669 7.331441
14 300.000000 -1.000000 0.200000 0.500000 0.100000 60.000000 0.000000 -32917.099291 19.081247 6.831653
14 300.000000 -1.000000 0.200000 0.500000 0.100000 60.000000 0.000000 -32983.725068 5.391164 8.063472
14 300.000000 -1.000000 0.200000 0.500000 0.100000 60.000000 0.000000 -32838.950223 13.375628 7.484647
14 300.000000 -1.000000 0.200000 0.500000 0.100000 60.000000 0.000000 -32856.950399 3.283858 7.764837
12 300.000000 -1.000000 0.400000 0.500000 0.100000 40.000000 0.000000 -32691.284989 3.229414 7.044086
11 300.000000 -1.000000 0.500000 0.500000 0.100000 30.000000 0.000000 -32798.293872 7.221594 6.653524
13 300.000000 -1.000000 0.300000 0.500000 0.100000 50.000000 0.000000 -32860.344137 3.538580 6.863135
12 300.000000 -1.000000 0.400000 0.500000 0.100000 40.000000 0.000000 -32792.151440 2.250222 6.397514
14 300.000000 -1.000000 0.200000 0.500000 0.100000 60.000000 0.000000 -32768.029794 13.118594 7.452760
14 300.000000 -1.000000 0.200000 0.500000 0.100000 60.000000 0.000000 -32940.876525 10.278570 7.084928
14 300.000000 -1.000000 0.200000 0.500000 0.100000 60.000000 0.000000 -32821.101152 8.200837 7.988923
11 300.000000 -1.000000 0.500000 0.500000 0.100000 30.000000 0.000000 -32803.447616 5.392299 7.347065
9 300.000000 1.000000 0.400000 0.500000 0.100000 40.000000 0.000000 -32833.872645 -4.995667 6.453799
11 300.000000 -1.000000 0.500000 0.500000 0.100000 30.000000 0.000000 -32856.569222 -4.399803 6.392153
10 300.000000 1.000000 0.500000 0.500000 0.100000 30.000000 0.000000 -32780.116389 2.104996 6.667712
8 300.000000 1.000000 0.300000 0.500000 0.100000 50.000000 0.000000 -32953.849666 15.091878 6.954250
6 300.000000 1.000000 0.100000 0.500000 0.100000 70.000000 0.000000 -32763.812251 27.961000 6.418606
6 300.000000 1.000000 0.100000 0.500000 0.100000 70.000000 0.000000 -32845.367713 33.066142 6.537721
5 300.000000 1.000000 0.000000 0.500000 0.100000 80.000000 0.000000 -32790.060053 68.483337 6.879061
2 300.000000 1.000000 0.000000 0.200000 0.100000 110.000000 0.000000 -32849.145953 112.464929 6.618608
2 300.000000 1.000000 0.000000 0.200000 0.100000 110.000000 0.000000 -32849.338257 55.311369 6.721415
5 300.000000 1.000000 0.000000 0.500000 0.100000 80.000000 0.000000 -32855.012919 50.925476 6.432631
5 300.000000 1.000000 0.000000 0.500000 0.100000 80.000000 0.000000 -32743.544544 51.823970 7.698049
5 300.000000 1.000000 0.000000 0.500000 0.100000 80.000000 0.000000 -32722.763557 36.249675 6.396112
6 300.000000 1.000000 0.100000 0.500000 0.100000 70.000000 0.000000 -32851.689140 8.792927 6.623694
9 300.000000 1.000000 0.400000 0.500000 0.100000 40.000000 0.000000 -32896.818025 4.569117 7.505218
7 300.000000 1.000000 0.200000 0.500000 0.100000 60.000000 0.000000 -32766.561141 12.057028 7.590339
6 300.000000 1.000000 0.100000 0.500000 0.100000 70.000000 0.000000 -32807.095637 22.094015 8.245147
7 300.000000 1.000000 0.200000 0.500000 0.100000 60.000000 0.000000 -32926.334246 13.006531 8.283474
7 300.000000 1.000000 0.200000 0.500000 0.100000 60.000000 0.000000 -32819.508524 3.034855 8.265415
8 300.000000 1.000000 0.300000 0.500000 0.100000 50.000000 0.000000 -32887.978249 9.867005 7.185250
10 300.000000 1.000000 0.500000 0.500000 0.100000 30.000000 0.000000 -33039.619068 1.744555 6.650490
12 300.000000 -1.000000 0.400000 0.500000 0.100000 40.000000 0.000000 -32850.886706 -3.906977 7.202143
12 300.000000 -1.000000 0.400000 0.500000 0.100000 40.000000 0.000000 -32666.998786 7.306430 6.534135
8 300.000000 1.000000 0.300000 0.500000 0.100000 50.000000 0.000000 -32972.464466 7.628601 7.004669
8 300.000000 1.000000 0.300000 0.500000 0.100000 50.000000 0.000000 -32732.252383 21.822035 7.095599
7 300.000000 1.000000 0.200000 0.500000 0.100000 60.000000 0.000000 -32892.316697 6.635058 8.229015
14 300.000000 -1.000000 0.200000 0.500000 0.100000 60.000000 0.000000 -32838.498141 19.122309 6.650670
14 300.000000 -1.000000 0.200000 0.500000 0.100000 60.000000 0.000000 -32956.816899 16.227246 7.894718
14 300.000000 -1.000000 0.200000 0.500000 0.100000 60.000000 0.000000 -32846.431074 16.648410 7.168608
14 300.000000 -1.000000 0.200000 0.500000 0.100000 60.000000 0.000000 -32831.443528 22.143856 7.346949
15 300.000000 -1.000000 0.100000 0.500000 0.100000 70.000000 0.000000 -32730.155754 19.053967 8.276053
15 300.000000 -1.000000 0.100000 0.500000 0.100000 70.000000 0.000000 -32973.754066 19.742220 7.919266
15 300.000000 -1.000000 0.100000 0.500000 0.100000 70.000000 0.000000 -32845.405569 14.280031 7.323193
14 300.000000 -1.000000 0.200000 0.500000 0.100000 60.000000 0.000000 -32757.836084 9.669488 7.208017
13 300.000000 -1.000000 0.300000 0.500000 0.100000 50.000000 0.000000 -32849.055321 -1.777718 6.894178
13 300.000000 -1.000000 0.300000 0.500000 0.100000 50.000000 0.000000 -32807.698416 12.940628 6.672397
13 300.000000 -1.000000 0.300000 0.500000 0.100000 50.000000 0.000000 -32713.297073 5.934161 6.455032
11 300.000000 -1.000000 0.500000 0.500000 0.100000 30.000000 0.000000 -32879.615713 -3.125431 6.447616
12 300.000000 -1.000000 0.400000 0.500000 0.100000 40.000000 0.000000 -32848.847366 6.571441 6.592542
12 300.000000 -1.000000 0.400000 0.500000 0.100000 40.000000 0.000000 -32655.510105 1.431679 6.424604
13 300.000000 -1.000000 0.300000 0.500000 0.100000 50.000000 0.000000 -32811.754539 7.114665 6.541682
13 300.000000 -1.000000 0.300000 0.500000 0.100000 50.000000 0.000000 -32926.914733 6.180921 7.100377
14 300.000000 -1.000000 0.200000 0.500000 0.100000 60.000000 0.000000 -32988.738472 14.262866 7.130063
13 300.000000 -1.000000 0.300000 0.500000 0.100000 50.000000 0.000000 -32902.509639 7.509239 6.593149
12 300.000000 -1.000000 0.400000 0.500000 0.100000 40.000000 0.000000 -32746.425292 -4.368641 7.041325
12 300.000000 -1.000000 0.400000 0.500000 0.100000 40.000000 0.000000 -32672.961691 6.590442 7.635350
8 300.000000 1.000000 0.300000 0.500000 0.100000 50.000000 0.000000 -32907.761401 -0.863963 6.489117
9 300.000000 1.000000 0.400000 0.500000 0.100000 40.000000 0.000000 -32791.371205 -0.896672 6.907908
8 300.000000 1.000000 0.300000 0.500000 0.100000 50.000000 0.000000 -32845.920243 6.219208 6.661292
7 300.000000 1.000000 0.200000 0.500000 0.100000 60.000000 0.000000 -32820.428569 15.039098 7.231478
8 300.000000 1.000000 0.300000 0.500000 0.100000 50.000000 0.000000 -32811.476342 9.455809 7.048593
7 300.000000 1.000000 0.200000 0.500000 0.100000 60.000000 0.000000 -32890.765798 3.023079 8.243231
9 300.000000 1.000000 0.400000 0.500000 0.100000 40.000000 0.000000 -32837.622660 1.623480 7.236788
13 300.000000 -1.000000 0.300000 0.500000 0.100000 50.000000 0.000000 -32889.438438 11.296460 8.272294
12 300.000000 -1.000000 0.400000 0.500000 0.100000 40.000000 0.000000 -32818.494116 -0.360132 7.550248
11 300.000000 -1.000000 0.500000 0.500000 0.100000 30.000000 0.000000 -33008.489380 8.189079 7.188606
14 300.000000 -1.000000 0.200000 0.500000 0.100000 60.000000 0.000000 -32731.996199 13.936745 7.134110
15 300.000000 -1.000000 0.100000 0.500000 0.100000 70.000000 0.000000 -32855.360989 24.982462 7.371378
15 300.000000 -1.000000 0.100000 0.500000 0.100000 70.000000 0.000000 -32789.979998 21.577425 7.437145
14 300.000000 -1.000000 0.200000 0.500000 0.100000 60.000000 0.000000 -32867.537122 16.601419 7.140758
14 300.000000 -1.000000 0.200000 0.500000 0.100000 60.000000 0.000000 -32746.352997 14.943151 7.012688
14 300.000000 -1.000000 0.200000 0.500000 0.100000 60.000000 0.000000 -32731.659549 2.419612 6.856733
13 300.000000 -1.000000 0.300000 0.500000 0.100000 50.000000 0.000000 -32827.248797 2.201537 7.273381
11 300.000000 -1.000000 0.500000 0.500000 0.100000 30.000000 0.000000 -32737.359315 -0.577548 8.139181
12 300.000000 -1.000000 0.400000 0.500000 0.100000 40.000000 0.000000 -32975.206678 3.913378 6.635550
9 300.000000 1.000000 0.400000 0.500000 0.100000 40.000000 0.000000 -32872.792857 3.588843 7.345005
12 300.000000 -1.000000 0.400000 0.500000 0.100000 40.000000 0.000000 -32906.953009 3.724416 7.390024
12 300.000000 -1.000000 0.400000 0.500000 0.100000 40.000000 0.000000 -32922.137590 -5.262603 6.696473
11 300.000000 -1.000000 0.500000 0.500000 0.100000 30.000000 0.000000 -32874.727394 6.209351 6.484969
11 300.000000 -1.000000 0.500000 0.500000 0.100000 30.000000 0.000000 -32859.903880 -0.422792 7.398504
13 300.000000 -1.000000 0.300000 0.500000 0.100000 50.000000 0.000000 -32711.471405 3.309520 6.943687
9 300.000000 1.000000 0.400000 0.500000 0.100000 40.000000 0.000000 -32858.562241 13.447808 7.424219
8 300.000000 1.000000 0.300000 0.500000 0.100000 50.000000 0.000000 -33059.503888 0.567728 6.655974
11 300.000000 -1.000000 0.500000 0.500000 0.100000 30.000000 0.000000 -32924.016927 4.213506 6.824183
9 300.000000 1.000000 0.400000 0.500000 0.100000 40.000000 0.000000 -32767.889121 4.179176 7.411543
10 300.000000 1.000000 0.500000 0.500000 0.100000 30.000000 0.000000 -32856.277497 3.899154 7.437227
9 300.000000 1.000000 0.400000 0.500000 0.100000 40.000000 0.000000 -32905.155360 5.609526 8.183873
10 300.000000 1.000000 0.500000 0.500000 0.100000 30.000000 0.000000 -32908.140795 -5.138056 6.398980
11 300.000000 -1.000000 0.500000 0.500000 0.100000 30.000000 0.000000 -32787.705677 4.617771 7.972930
12 300.000000 -1.000000 0.400000 0.500000 0.100000 40.000000 0.000000 -32842.071260 0.344110 7.671948
11 300.000000 -1.000000 0.500000 0.500000 0.100000 30.000000 0.000000 -32820.668692 -4.423301 6.805264
9 300.000000 1.000000 0.400000 0.500000 0.100000 40.000000 0.000000 -32867.591082 -4.113064 7.619062
12 300.000000 -1.000000 0.400000 0.500000 0.100000 40.000000 0.000000 -32945.025753 18.033329 7.440992
14 300.000000 -1.000000 0.200000 0.500000 0.100000 60.000000 0.000000 -32697.826455 9.311160 7.943697
14 300.000000 -1.000000 0.200000 0.500000 0.100000 60.000000 0.000000 -32869.565758 15.145287 6.467727
13 300.000000 -1.000000 0.300000 0.500000 0.100000 50.000000 0.000000 -32652.276679 1.566176 8.233224
11 300.000000 -1.000000 0.500000 0.500000 0.100000 30.000000 0.000000 -32739.818685 1.887432 7.956773
11 300.000000 -1.000000 0.500000 0.500000 0.100000 30.000000 0.000000 -33001.335220 2.071241 7.455621
12 300.000000 -1.000000 0.400000 0.500000 0.100000 40.000000 0.000000 -32995.174382 3.841615 7.880559
9 300.000000 1.000000 0.400000 0.500000 0.100000 40.000000 0.000000 -33031.050060 -1.869492 7.874147
9 300.000000 1.000000 0.400000 0.500000 0.100000 40.000000 0.000000 -32958.575845 12.220889 6.890646
7 300.000000 1.000000 0.200000 0.500000 0.100000 60.000000 0.000000 -32926.146897 12.192176 6.645812
7 300.000000 1.000000 0.200000 0.500000 0.100000 60.000000 0.000000 -32673.141954 19.041797 6.801987
7 300.000000 1.000000 0.200000 0.500000 0.100000 60.000000 0.000000 -32902.854513 16.257696 6.495154
8 300.000000 1.000000 0.300000 0.500000 0.100000 50.000000 0.000000 -32823.323809 13.574469 6.587181
8 300.000000 1.000000 0.300000 0.500000 0.100000 50.000000 0.000000 -32806.142117 2.418247 6.416676
8 300.000000 1.000000 0.300000 0.500000 0.100000 50.000000 0.000000 -32795.861479 3.859370 7.601774
9 300.000000 1.000000 0.400000 0.500000 0.100000 40.000000 0.000000 -32882.002585 5.133578 7.442442
13 300.000000 -1.000000 0.300000 0.500000 0.100000 50.000000 0.000000 -32878.476961 3.349187 6.659454
13 300.000000 -1.000000 0.300000 0.500000 0.100000 50.000000 0.000000 -32810.055051 8.866779 6.445186
13 300.000000 -1.000000 0.300000 0.500000 0.100000 50.000000 0.000000 -32744.944976 9.318304 6.588406
13 300.000000 -1.000000 0.300000 0.500000 0.100000 50.000000 0.000000 -32809.355539 5.132281 6.479071
10 300.000000 1.000000 0.500000 0.500000 0.100000 30.000000 0.000000 -32992.046025 -0.506796 7.423326
10 300.000000 1.000000 0.500000 0.500000 0.100000 30.000000 0.000000 -32834.463153 1.470627 7.131075
13 300.000000 -1.000000 0.300000 0.500000 0.100000 50.000000 0.000000 -32935.615934 11.158843 7.600763
13 300.000000 -1.000000 0.300000 0.500000 0.100000 50.000000 0.000000 -32843.323889 3.505418 6.631691
9 300.000000 1.000000 0.400000 0.500000 0.100000 40.000000 0.000000 -32825.983634 7.596857 7.437637
13 300.000000 -1.000000 0.300000 0.500000 0.100000 50.000000 0.000000 -32753.402477 6.116877 7.945409
8 300.000000 1.000000 0.300000 0.500000 0.100000 50.000000 0.000000 -32734.553589 4.373220 6.887847
8 300.000000 1.000000 0.300000 0.500000 0.100000 50.000000 0.000000 -32763.648548 -0.104528 7.012590
10 300.000000 1.000000 0.500000 0.500000 0.100000 30.000000 0.000000 -33040.997985 0.253159 6.471338
10 300.000000 1.000000 0.500000 0.500000 0.100000 30.000000 0.000000 -32914.462437 -0.182983 6.399849
8 300.000000 1.000000 0.300000 0.500000 0.100000 50.000000 0.000000 -32921.154967 -0.460780 6.390112
9 300.000000 1.000000 0.400000 0.500000 0.100000 40.000000 0.000000 -32801.907313 -0.575435 6.489989
10 300.000000 1.000000 0.500000 0.500000 0.100000 30.000000 0.000000 -32844.975094 -5.425805 7.221556
11 300.000000 -1.000000 0.500000 0.500000 0.100000 30.000000 0.000000 -32860.076466 -5.896156 6.811536
10 300.000000 1.000000 0.500000 0.500000 0.100000 30.000000 0.000000 -32665.440251 0.599134 6.418145
10 300.000000 1.000000 0.500000 0.500000 0.100000 30.000000 0.000000 -33005.344043 0.004726 6.580969
11 300.000000 -1.000000 0.500000 0.500000 0.100000 30.000000 0.000000 -32853.367084 -5.671658 6.562916
10 300.000000 1.000000 0.500000 0.500000 0.100000 30.000000 0.000000 -32859.447530 -6.254907 7.259618
9 300.000000 1.000000 0.400000 0.500000 0.100000 40.000000 0.000000 -32791.047208 4.791211 7.078455
8 300.000000 1.000000 0.300000 0.500000 0.100000 50.000000 0.000000 -32776.075149 3.681800 6.646395
9 300.000000 1.000000 0.400000 0.500000 0.100000 40.000000 0.000000 -32992.332979 3.975053 6.441974
10 300.000000 1.000000 0.500000 0.500000 0.100000 30.000000 0.000000 -33049.849138 2.772471 6.760146
10 300.000000 1.000000 0.500000 0.500000 0.100000 30.000000 0.000000 -32887.684981 0.779175 6.392464
13 300.000000 -1.000000 0.300000 0.500000 0.100000 50.000000 0.000000 -32792.402134 5.251112 6.588078
12 300.000000 -1.000000 0.400000 0.500000 0.100000 40.000000 0.000000 -33050.796187 -1.593880 6.406899
10 300.000000 1.000000 0.500000 0.500000 0.100000 30.000000 0.000000 -32962.895966 -0.461322 8.263374
12 300.000000 -1.000000 0.400000 0.500000 0.100000 40.000000 0.000000 -32965.683209 2.114488 7.674854
10 300.000000 1.000000 0.500000 0.500000 0.100000 30.000000 0.000000 -32799.569160 1.131787 6.586605
12 300.000000 -1.000000 0.400000 0.500000 0.100000 40.000000 0.000000 -32772.052737 2.199870 7.687280
12 300.000000 -1.000000 0.400000 0.500000 0.100000 40.000000 0.000000 -32915.070083 -2.751972 6.393973
13 300.000000 -1.000000 0.300000 0.500000 0.100000 50.000000 0.000000 -32882.396051 5.833056 8.276458
13 300.000000 -1.000000 0.300000 0.500000 0.100000 50.000000 0.000000 -32844.689493 2.572613 6.999246
9 300.000000 1.000000 0.400000 0.500000 0.100000 40.000000 0.000000 -32911.282182 8.417585 8.283260
8 300.000000 1.000000 0.300000 0.500000 0.100000 50.000000 0.000000 -32899.360542 5.676571 7.655678
9 300.000000 1.000000 0.400000 0.500000 0.100000 40.000000 0.000000 -32896.461379 -7.001290 7.130345
9 300.000000 1.000000 0.400000 0.500000 0.100000 40.000000 0.000000 -32935.029098 1.323903 7.804326
12 300.000000 -1.000000 0.400000 0.500000 0.100000 40.000000 0.000000 -32787.986949 0.554832 8.273232
9 300.000000 1.000000 0.400000 0.500000 0.100000 40.000000 0.000000 -32846.337627 0.913522 6.993002
11 300.000000 -1.000000 0.500000 0.500000 0.100000 30.000000 0.000000 -32872.820455 -5.394618 8.070632
11 300.000000 -1.000000 0.500000 0.500000 0.100000 30.000000 0.000000 -32822.140206 4.292190 7.152474
12 300.000000 -1.000000 0.400000 0.500000 0.100000 40.000000 0.000000 -32684.664248 2.466302 6.704466
12 300.000000 -1.000000 0.400000 0.500000 0.100000 40.000000 0.000000 -32965.486296 -0.724536 8.123660
12 300.000000 -1.000000 0.400000 0.500000 0.100000 40.000000 0.000000 -32970.887707 -5.876961 7.007490
10 300.000000 1.000000 0.500000 0.500000 0.100000 30.000000 0.000000 -32807.453586 -1.793020 7.362288
12 300.000000 -1.000000 0.400000 0.500000 0.100000 40.000000 0.000000 -32934.865649 4.093866 7.698311
13 300.000000 -1.000000 0.300000 0.500000 0.100000 50.000000 0.000000 -32803.366511 5.803457 6.481939
12 300.000000 -1.000000 0.400000 0.500000 0.100000 40.000000 0.000000 -33015.878509 18.412726 6.527752
14 300.000000 -1.000000 0.200000 0.500000 0.100000 60.000000 0.000000 -32842.765398 22.065021 6.501049
14 300.000000 -1.000000 0.200000 0.500000 0.100000 60.000000 0.000000 -32870.226883 15.294874 6.666405
14 300.000000 -1.000000 0.200000 0.500000 0.100000 60.000000 0.000000 -32874.603449 5.905282 6.670422
14 300.000000 -1.000000 0.200000 0.500000 0.100000 60.000000 0.000000 -32885.758647 17.546627 6.720824
17 300.000000 -1.000000 0.000000 0.400000 0.100000 90.000000 0.000000 -32799.982878 66.069057 7.710585
17 300.000000 -1.000000 0.000000 0.400000 0.100000 90.000000 0.000000 -32925.867659 61.807999 7.951276
18 300.000000 -1.000000 0.000000 0.300000 0.100000 100.000000 0.000000 -32747.261174 43.074431 7.327572
16 300.000000 -1.000000 0.000000 0.500000 0.100000 80.000000 0.000000 -32711.385429 38.117346 6.390436
16 300.000000 -1.000000 0.000000 0.500000 0.100000 80.000000 0.000000 -32804.567520 44.436431 7.321370
17 300.000000 -1.000000 0.000000 0.400000 0.100000 90.000000 0.000000 -32650.160910 34.990206 7.144699
15 300.000000 -1.000000 0.100000 0.500000 0.100000 70.000000 0.000000 -32840.883630 26.129028 7.172410
15 300.000000 -1.000000 0.100000 0.500000 0.100000 70.000000 0.000000 -32730.166824 32.266912 7.449325
15 300.000000 -1.000000 0.100000 0.500000 0.100000 70.000000 0.000000 -32860.264800 32.107503 7.973609
14 300.000000 -1.000000 0.200000 0.500000 0.100000 60.000000 0.000000 -32871.159402 21.138472 6.474531
15 300.000000 -1.000000 0.100000 0.500000 0.100000 70.000000 0.000000 -32741.304314 30.110452 6.701548
18 300.000000 -1.000000 0.000000 0.300000 0.100000 100.000000 0.000000 -32812.825208 67.264671 7.248759
18 300.000000 -1.000000 0.000000 0.300000 0.100000 100.000000 0.000000 -32881.492151 72.418014 6.448533
19 300.000000 -1.000000 0.000000 0.200000 0.100000 110.000000 0.000000 -32833.926710 107.074374 6.649037
19 300.000000 -1.000000 0.000000 0.200000 0.100000 110.000000 0.000000 -32957.298532 91.097959 6.880578
18 300.000000 -1.000000 0.000000 0.300000 0.100000 100.000000 0.000000 -32839.423054 82.163022 6.757557
19 300.000000 -1.000000 0.000000 0.200000 0.100000 110.000000 0.000000 -32729.645148 70.409856 6.466290
17 300.000000 -1.000000 0.000000 0.400000 0.100000 90.000000 0.000000 -32800.414727 51.844752 6.951645
17 300.000000 -1.000000 0.000000 0.400000 0.100000 90.000000 0.000000 -32725.156190 40.564558 7.425427
16 300.000000 -1.000000 0.000000 0.500000 0.100000 80.000000 0.000000 -32770.242077 63.099053 6.498187
16 300.000000 -1.000000 0.000000 0.500000 0.100000 80.000000 0.000000 -32851.214026 51.928140 8.053514
16 300.000000 -1.000000 0.000000 0.500000 0.100000 80.000000 0.000000 -32833.287091 30.425996 7.349870
15 300.000000 -1.000000 0.100000 0.500000 0.100000 70.000000 0.000000 -32934.012785 13.534401 8.188710
13 300.000000 -1.000000 0.300000 0.500000 0.100000 50.000000 0.000000 -32851.406613 0.412241 7.191142
14 300.000000 -1.000000 0.200000 0.500000 0.100000 60.000000 0.000000 -32770.791382 10.925357 7.459545
13 300.000000 -1.000000 0.300000 0.500000 0.100000 50.000000 0.000000 -32873.840305 13.784229 7.157789
13 300.000000 -1.000000 0.300000 0.500000 0.100000 50.000000 0.000000 -32836.174789 -0.591789 7.186491
12 300.000000 -1.000000 0.400000 0.500000 0.100000 40.000000 0.000000 -32909.479221 9.588908 7.456186
8 300.000000 1.000000 0.300000 0.500000 0.100000 50.000000 0.000000 -32814.512791 12.339855 7.883833
9 300.000000 1.000000 0.400000 0.500000 0.100000 40.000000 0.000000 -32790.769399 4.299539 6.423637
9 300.000000 1.000000 0.400000 0.500000 0.100000 40.000000 0.000000 -32785.089704 0.142229 6.389714
13 300.000000 -1.000000 0.300000 0.500000 0.100000 50.000000 0.000000 -32741.842527 8.600589 6.680307
15 300.000000 -1.000000 0.100000 0.500000 0.100000 70.000000 0.000000 -32923.046237 31.876596 6.392311
16 300.000000 -1.000000 0.000000 0.500000 0.100000 80.000000 0.000000 -32862.986147 37.125224 6.960601
17 300.000000 -1.000000 0.000000 0.400000 0.100000 90.000000 0.000000 -32715.124428 80.370432 6.543555
18 300.000000 -1.000000 0.000000 0.300000 0.100000 100.000000 0.000000 -32910.022924 41.395770 7.870559
16 300.000000 -1.000000 0.000000 0.500000 0.100000 80.000000 0.000000 -32900.453005 46.160702 7.074217
15 300.000000 -1.000000 0.100000 0.500000 0.100000 70.000000 0.000000 -32630.053778 11.766735 6.570758
14 300.000000 -1.000000 0.200000 0.500000 0.100000 60.000000 0.000000 -32851.880725 20.332363 6.569535
14 300.000000 -1.000000 0.200000 0.500000 0.100000 60.000000 0.000000 -32770.568523 6.203791 6.706096
13 300.000000 -1.000000 0.300000 0.500000 0.100000 50.000000 0.000000 -32916.853912 5.463280 6.544640
12 300.000000 -1.000000 0.400000 0.500000 0.100000 40.000000 0.000000 -32764.282328 -1.519667 8.098998
10 300.000000 1.000000 0.500000 0.500000 0.100000 30.000000 0.000000 -32816.334280 0.558368 6.707293
9 300.000000 1.000000 0.400000 0.500000 0.100000 40.000000 0.000000 -32869.548864 1.554102 6.487055
10 300.000000 1.000000 0.500000 0.500000 0.100000 30.000000 0.000000 -32777.479128 -0.212089 8.071095
10 300.000000 1.000000 0.500000 0.500000 0.100000 30.000000 0.000000 -32824.737361 2.225282 6.848900
9 300.000000 1.000000 0.400000 0.500000 0.100000 40.000000 0.000000 -32686.771512 0.395110 6.818596
11 300.000000 -1.000000 0.500000 0.500000 0.100000 30.000000 0.000000 -32921.431699 -2.154199 6.402578
9 300.000000 1.000000 0.400000 0.500000 0.100000 40.000000 0.000000 -32858.181977 4.448785 6.429545
8 300.000000 1.000000 0.300000 0.500000 0.100000 50.000000 0.000000 -32853.592607 10.445143 6.604386
9 300.000000 1.000000 0.400000 0.500000 0.100000 40.000000 0.000000 -32870.316816 1.547466 8.069316
8 300.000000 1.000000 0.300000 0.500000 0.100000 50.000000 0.000000 -32930.341495 4.721674 7.371158
