17 300.000000 -1.000000 0.000000 0.400000 0.100000 90.000000 0.000000 -32870.491626 65.025670 7.043464
18 300.000000 -1.000000 0.000000 0.300000 0.100000 100.000000 0.000000 -32830.128811 70.239851 4.488122
18 300.000000 -1.000000 0.000000 0.300000 0.100000 100.000000 0.000000 -32779.873239 39.624476 6.411690
16 300.000000 -1.000000 0.000000 0.500000 0.100000 80.000000 0.000000 -32760.454855 56.260795 6.449519
18 300.000000 -1.000000 0.000000 0.300000 0.100000 100.000000 0.000000 -32833.731430 62.590060 6.471745
16 300.000000 -1.000000 0.000000 0.500000 0.100000 80.000000 0.000000 -32882.069619 68.967249 6.461432
18 300.000000 -1.000000 0.000000 0.300000 0.100000 100.000000 0.000000 -32903.083553 69.347675 7.281204
18 300.000000 -1.000000 0.000000 0.300000 0.100000 100.000000 0.000000 -32857.132236 58.146122 7.055464
16 300.000000 -1.000000 0.000000 0.500000 0.100000 80.000000 0.000000 -33010.043812 15.758057 6.456221
16 300.000000 -1.000000 0.000000 0.500000 0.100000 80.000000 0.000000 -32685.207012 52.648295 7.719207
18 300.000000 -1.000000 0.000000 0.300000 0.100000 100.000000 0.000000 -32828.470140 88.660693 7.007096
18 300.000000 -1.000000 0.000000 0.300000 0.100000 100.000000 0.000000 -32795.594493 42.326887 6.391359
15 300.000000 -1.000000 0.100000 0.500000 0.100000 70.000000 0.000000 -32832.668823 11.399036 7.534096
11 300.000000 -1.000000 0.500000 0.500000 0.100000 30.000000 0.000000 -32831.752104 -1.309123 6.673987
11 300.000000 -1.000000 0.500000 0.500000 0.100000 30.000000 0.000000 -32973.376316 -5.678821 7.144533
10 300.000000 1.000000 0.500000 0.500000 0.100000 30.000000 0.000000 -32848.310190 -3.674276 7.322907
11 300.000000 -1.000000 0.500000 0.500000 0.100000 30.000000 0.000000 -32986.231473 -2.440442 6.784765
10 300.000000 1.000000 0.500000 0.500000 0.100000 30.000000 0.000000 -32749.784678 -2.371340 6.712054
11 300.000000 -1.000000 0.500000 0.500000 0.100000 30.000000 0.000000 -32788.228381 -4.650900 6.810000
10 300.000000 1.000000 0.500000 0.500000 0.100000 30.000000 0.000000 -32744.066148 3.834061 7.000550
9 300.000000 1.000000 0.400000 0.500000 0.100000 40.000000 0.000000 -32771.976731 15.120302 6.440288
8 300.000000 1.000000 0.300000 0.500000 0.100000 50.000000 0.000000 -32875.463628 9.002039 6.507850
9 300.000000 1.000000 0.400000 0.500000 0.100000 40.000000 0.000000 -32920.018276 2.652387 7.637723
12 300.000000 -1.000000 0.400000 0.500000 0.100000 40.000000 0.000000 -32807.411051 16.654349 8.277349
14 300.000000 -1.000000 0.200000 0.500000 0.100000 60.000000 0.000000 -32685.473198 28.077495 6.785322
17 300.000000 -1.000000 0.000000 0.400000 0.100000 90.000000 0.000000 -32757.652687 68.932811 6.394991
19 300.000000 -1.000000 0.000000 0.200000 0.100000 110.000000 0.000000 -32699.862395 127.403904 3.049008
19 300.000000 -1.000000 0.000000 0.200000 0.100000 110.000000 0.000000 -32808.548132 98.885267 6.460328
19 300.000000 -1.000000 0.000000 0.200000 0.100000 110.000000 0.000000 -32729.717324 85.068211 7.804820
18 300.000000 -1.000000 0.000000 0.300000 0.100000 100.000000 0.000000 -32837.676228 62.882602 0.661193
18 300.000000 -1.000000 0.000000 0.300000 0.100000 100.000000 0.000000 -32811.398535 81.095241 6.340219
18 300.000000 -1.000000 0.000000 0.300000 0.100000 100.000000 0.000000 -32839.755400 97.983832 0.511488
18 300.000000 -1.000000 0.000000 0.300000 0.100000 100.000000 0.000000 -32931.476742 81.157297 7.298714
18 300.000000 -1.000000 0.000000 0.300000 0.100000 100.000000 0.000000 -32983.429030 68.045223 8.104061
17 300.000000 -1.000000 0.000000 0.400000 0.100000 90.000000 0.000000 -32980.779174 65.529003 7.018289
17 300.000000 -1.000000 0.000000 0.400000 0.100000 90.000000 0.000000 -32821.878888 49.649205 6.620847
17 300.000000 -1.000000 0.000000 0.400000 0.100000 90.000000 0.000000 -32838.670057 57.286648 8.024566
16 300.000000 -1.000000 0.000000 0.500000 0.100000 80.000000 0.000000 -32852.250973 25.211809 6.999890
18 300.000000 -1.000000 0.000000 0.300000 0.100000 100.000000 0.000000 -32930.774503 76.210749 8.280472
17 300.000000 -1.000000 0.000000 0.400000 0.100000 90.000000 0.000000 -33068.019336 52.310320 6.442221
16 300.000000 -1.000000 0.000000 0.500000 0.100000 80.000000 0.000000 -32826.635452 25.570657 6.790289
15 300.000000 -1.000000 0.100000 0.500000 0.100000 70.000000 0.000000 -32890.420191 32.559441 6.818403
15 300.000000 -1.000000 0.100000 0.500000 0.100000 70.000000 0.000000 -32666.444104 12.067701 7.268073
14 300.000000 -1.000000 0.200000 0.500000 0.100000 60.000000 0.000000 -32731.044434 16.723575 8.238874
14 300.000000 -1.000000 0.200000 0.500000 0.100000 60.000000 0.000000 -32658.886276 7.945438 6.453423
14 300.000000 -1.000000 0.200000 0.500000 0.100000 60.000000 0.000000 -32660.453098 9.887644 6.553326
13 300.000000 -1.000000 0.300000 0.500000 0.100000 50.000000 0.000000 -32711.614303 10.690302 6.959995
12 300.000000 -1.000000 0.400000 0.500000 0.100000 40.000000 0.000000 -32859.592615 -2.801087 7.609868
10 300.000000 1.000000 0.500000 0.500000 0.100000 30.000000 0.000000 -32756.143990 0.656019 8.151991
10 300.000000 1.000000 0.500000 0.500000 0.100000 30.000000 0.000000 -32650.225532 6.563201 7.056564
14 300.000000 -1.000000 0.200000 0.500000 0.100000 60.000000 0.000000 -32815.809236 7.427938 6.401282
13 300.000000 -1.000000 0.300000 0.500000 0.100000 50.000000 0.000000 -32720.341493 12.331450 6.826018
14 300.000000 -1.000000 0.200000 0.500000 0.100000 60.000000 0.000000 -32944.951793 6.235577 6.857839
14 300.000000 -1.000000 0.200000 0.500000 0.100000 60.000000 0.000000 -32833.788938 9.613805 6.456755
13 300.000000 -1.000000 0.300000 0.500000 0.100000 50.000000 0.000000 -32821.428819 6.561247 6.465559
12 300.000000 -1.000000 0.400000 0.500000 0.100000 40.000000 0.000000 -32847.230955 1.885040 6.525693
9 300.000000 1.000000 0.400000 0.500000 0.100000 40.000000 0.000000 -32922.820483 1.888176 6.423356
8 300.000000 1.000000 0.300000 0.500000 0.100000 50.000000 0.000000 -32713.534689 8.016531 7.368165
9 300.000000 1.000000 0.400000 0.500000 0.100000 40.000000 0.000000 -32743.961956 11.314289 7.471732
7 300.000000 1.000000 0.200000 0.500000 0.100000 60.000000 0.000000 -32856.134146 1.098528 6.628373
10 300.000000 1.000000 0.500000 0.500000 0.100000 30.000000 0.000000 -32817.623636 0.687413 6.927530
10 300.000000 1.000000 0.500000 0.500000 0.100000 30.000000 0.000000 -32760.470983 -0.823153 7.259912
11 300.000000 -1.000000 0.500000 0.500000 0.100000 30.000000 0.000000 -32774.946859 3.356727 6.808244
11 300.000000 -1.000000 0.500000 0.500000 0.100000 30.000000 0.000000 -32890.573758 -5.873653 6.821541
10 300.000000 1.000000 0.500000 0.500000 0.100000 30.000000 0.000000 -32792.471338 -3.879864 7.385117
10 300.000000 1.000000 0.500000 0.500000 0.100000 30.000000 0.000000 -32819.850969 -4.464725 8.245260
12 300.000000 -1.000000 0.400000 0.500000 0.100000 40.000000 0.000000 -32895.437348 5.025177 8.211150
13 300.000000 -1.000000 0.300000 0.500000 0.100000 50.000000 0.000000 -32993.981734 12.103773 5.325801
14 300.000000 -1.000000 0.200000 0.500000 0.100000 60.000000 0.000000 -32809.313589 9.278389 7.543983
14 300.000000 -1.000000 0.200000 0.500000 0.100000 60.000000 0.000000 -32878.242817 16.039668 2.888146
13 300.000000 -1.000000 0.300000 0.500000 0.100000 50.000000 0.000000 -32893.712370 6.741036 6.454367
13 300.000000 -1.000000 0.300000 0.500000 0.100000 50.000000 0.000000 -32848.991128 9.266276 6.400331
13 300.000000 -1.000000 0.300000 0.500000 0.100000 50.000000 0.000000 -32904.440197 13.205493 6.389753
13 300.000000 -1.000000 0.300000 0.500000 0.100000 50.000000 0.000000 -32929.622892 16.294619 8.229383
15 300.000000 -1.000000 0.100000 0.500000 0.100000 70.000000 0.000000 -32853.971273 34.769256 7.677876
15 300.000000 -1.000000 0.100000 0.500000 0.100000 70.000000 0.000000 -32824.692559 22.176290 3.509135
15 300.000000 -1.000000 0.100000 0.500000 0.100000 70.000000 0.000000 -32785.045174 25.256438 8.282282
14 300.000000 -1.000000 0.200000 0.500000 0.100000 60.000000 0.000000 -32801.107855 25.749534 0.183544
18 300.000000 -1.000000 0.000000 0.300000 0.100000 100.000000 0.000000 -32776.959538 87.775679 2.506753
18 300.000000 -1.000000 0.000000 0.300000 0.100000 100.000000 0.000000 -32845.015203 75.778611 1.390528
18 300.000000 -1.000000 0.000000 0.300000 0.100000 100.000000 0.000000 -32796.520218 88.180608 3.699994
19 300.000000 -1.000000 0.000000 0.200000 0.100000 110.000000 0.000000 -32878.333407 68.659497 2.510797
18 300.000000 -1.000000 0.000000 0.300000 0.100000 100.000000 0.000000 -32687.099835 89.292523 0.899018
19 300.000000 -1.000000 0.000000 0.200000 0.100000 110.000000 0.000000 -32951.945392 112.666856 5.754796
19 300.000000 -1.000000 0.000000 0.200000 0.100000 110.000000 0.000000 -32757.810304 107.222240 7.422599
19 300.000000 -1.000000 0.000000 0.200000 0.100000 110.000000 0.000000 -32883.153372 124.353347 7.260988
19 300.000000 -1.000000 0.000000 0.200000 0.100000 110.000000 0.000000 -32753.563779 130.840614 0.497910
19 300.000000 -1.000000 0.000000 0.200000 0.100000 110.000000 0.000000 -32959.868297 93.737017 2.375290
19 300.000000 -1.000000 0.000000 0.200000 0.100000 110.000000 0.000000 -32898.474487 118.339307 7.670335
20 300.000000 -1.000000 0.000000 0.100000 0.100000 120.000000 0.000000 -32720.577719 125.149541 2.381578
19 300.000000 -1.000000 0.000000 0.200000 0.100000 110.000000 0.000000 -32680.090150 120.391308 7.104482
19 300.000000 -1.000000 0.000000 0.200000 0.100000 110.000000 0.000000 -32880.302111 140.035414 6.843700
19 300.000000 -1.000000 0.000000 0.200000 0.100000 110.000000 0.000000 -32860.593953 122.785934 6.333687
19 300.000000 -1.000000 0.000000 0.200000 0.100000 110.000000 0.000000 -32867.424852 148.524242 0.270139
20 300.000000 -1.000000 0.000000 0.100000 0.100000 120.000000 0.000000 -32770.349789 173.688044 1.154660
21 300.000000 -1.000000 0.000000 0.000000 0.100000 130.000000 0.000000 -32813.113830 158.824277 7.803773
20 300.000000 -1.000000 0.000000 0.100000 0.100000 120.000000 0.000000 -32914.591239 146.478736 5.300122
20 300.000000 -1.000000 0.000000 0.100000 0.100000 120.000000 0.000000 -32936.982493 150.450529 5.075378
20 300.000000 -1.000000 0.000000 0.100000 0.100000 120.000000 0.000000 -32805.873398 146.157216 1.566272
20 300.000000 -1.000000 0.000000 0.100000 0.100000 120.000000 0.000000 -32838.967874 184.440128 6.293618
21 300.000000 -1.000000 0.000000 0.000000 0.100000 130.000000 0.000000 -33004.403408 167.128735 1.869214
20 300.000000 -1.000000 0.000000 0.100000 0.100000 120.000000 0.000000 -32831.016767 124.925712 3.474781
20 300.000000 -1.000000 0.000000 0.100000 0.100000 120.000000 0.000000 -32834.899198 156.597942 4.399106
20 300.000000 -1.000000 0.000000 0.100000 0.100000 120.000000 0.000000 -32956.791254 153.886974 5.139010
20 300.000000 -1.000000 0.000000 0.100000 0.100000 120.000000 0.000000 -32889.402948 146.208453 5.821080
20 300.000000 -1.000000 0.000000 0.100000 0.100000 120.000000 0.000000 -32944.159302 172.076755 3.769419
21 300.000000 -1.000000 0.000000 0.000000 0.100000 130.000000 0.000000 -32760.584470 177.673971 3.838838
21 300.000000 -1.000000 0.000000 0.000000 0.100000 130.000000 0.000000 -32839.394777 175.453165 5.477025
21 300.000000 -1.000000 0.000000 0.000000 0.100000 130.000000 0.000000 -32910.123030 183.319556 5.983264
21 300.000000 -1.000000 0.000000 0.000000 0.100000 130.000000 0.000000 -33007.395626 177.718763 6.890768
21 300.000000 -1.000000 0.000000 0.000000 0.100000 130.000000 0.000000 -32928.885014 177.593924 6.798658
21 300.000000 -1.000000 0.000000 0.000000 0.100000 130.000000 0.000000 -32880.006830 140.844521 7.478370
21 300.000000 -1.000000 0.000000 0.000000 0.100000 130.000000 0.000000 -32893.531825 181.131924 8.004867
21 300.000000 -1.000000 0.000000 0.000000 0.100000 130.000000 0.000000 -32944.637713 189.997443 0.668770
21 300.000000 -1.000000 0.000000 0.000000 0.100000 130.000000 0.000000 -33001.682909 174.309375 7.815268
21 300.000000 -1.000000 0.000000 0.000000 0.100000 130.000000 0.000000 -33005.220367 156.945310 7.191559
21 300.000000 -1.000000 0.000000 0.000000 0.100000 130.000000 0.000000 -32871.473428 156.864417 7.837118
21 300.000000 -1.000000 0.000000 0.000000 0.100000 130.000000 0.000000 -32975.944849 159.166236 7.904520
21 300.000000 -1.000000 0.000000 0.000000 0.100000 130.000000 0.000000 -32829.875915 183.658903 6.841685
21 300.000000 -1.000000 0.000000 0.000000 0.100000 130.000000 0.000000 -33017.878671 199.329118 7.900390
21 300.000000 -1.000000 0.000000 0.000000 0.100000 130.000000 0.000000 -33034.359247 181.615786 7.725947
21 300.000000 -1.000000 0.000000 0.000000 0.100000 130.000000 0.000000 -32831.019650 141.080575 4.143367
20 300.000000 -1.000000 0.000000 0.100000 0.100000 120.000000 0.000000 -32776.123307 165.057889 4.617597
20 300.000000 -1.000000 0.000000 0.100000 0.100000 120.000000 0.000000 -32964.851661 140.586089 2.333708
20 300.000000 -1.000000 0.000000 0.100000 0.100000 120.000000 0.000000 -32852.927470 131.726020 4.200540
20 300.000000 -1.000000 0.000000 0.100000 0.100000 120.000000 0.000000 -32930.259374 138.956844 0.646560
20 300.000000 -1.000000 0.000000 0.100000 0.100000 120.000000 0.000000 -32983.603989 152.973319 6.042277
20 300.000000 -1.000000 0.000000 0.100000 0.100000 120.000000 0.000000 -32998.580182 133.374791 3.316169
20 300.000000 -1.000000 0.000000 0.100000 0.100000 120.000000 0.000000 -32889.605029 128.900581 1.196622
20 300.000000 -1.000000 0.000000 0.100000 0.100000 120.000000 0.000000 -32943.093890 140.570366 5.166863
20 300.000000 -1.000000 0.000000 0.100000 0.100000 120.000000 0.000000 -32815.881156 133.551801 6.832755
20 300.000000 -1.000000 0.000000 0.100000 0.100000 120.000000 0.000000 -32911.536501 137.100493 6.268174
20 300.000000 -1.000000 0.000000 0.100000 0.100000 120.000000 0.000000 -32692.394361 142.236256 1.094454
20 300.000000 -1.000000 0.000000 0.100000 0.100000 120.000000 0.000000 -32792.593874 153.220834 6.390629
20 300.000000 -1.000000 0.000000 0.100000 0.100000 120.000000 0.000000 -32943.732230 167.452877 5.910620
20 300.000000 -1.000000 0.000000 0.100000 0.100000 120.000000 0.000000 -32871.311139 193.481156 5.285385
21 300.000000 -1.000000 0.000000 0.000000 0.100000 130.000000 0.000000 -32837.484763 193.131875 7.424259
21 300.000000 -1.000000 0.000000 0.000000 0.100000 130.000000 0.000000 -32902.046720 180.000667 5.931358
21 300.000000 -1.000000 0.000000 0.000000 0.100000 130.000000 0.000000 -32696.254953 171.506231 6.751409
21 300.000000 -1.000000 0.000000 0.000000 0.100000 130.000000 0.000000 -33025.106921 180.537657 7.425568
21 300.000000 -1.000000 0.000000 0.000000 0.100000 130.000000 0.000000 -32984.682306 181.129633 4.987600
21 300.000000 -1.000000 0.000000 0.000000 0.100000 130.000000 0.000000 -32721.905957 171.523213 6.944990
21 300.000000 -1.000000 0.000000 0.000000 0.100000 130.000000 0.000000 -32832.389761 163.422008 7.477668
20 300.000000 -1.000000 0.000000 0.100000 0.100000 120.000000 0.000000 -33019.904122 141.903928 7.454994
20 300.000000 -1.000000 0.000000 0.100000 0.100000 120.000000 0.000000 -32887.231059 183.285398 7.444530
21 300.000000 -1.000000 0.000000 0.000000 0.100000 130.000000 0.000000 -32850.966709 178.994534 6.194230
21 300.000000 -1.000000 0.000000 0.000000 0.100000 130.000000 0.000000 -33005.731373 173.148168 7.468183
21 300.000000 -1.000000 0.000000 0.000000 0.100000 130.000000 0.000000 -32904.306883 159.223743 6.663092
21 300.000000 -1.000000 0.000000 0.000000 0.100000 130.000000 0.000000 -32710.204551 191.023443 5.928086
21 300.000000 -1.000000 0.000000 0.000000 0.100000 130.000000 0.000000 -32988.088142 195.605650 5.697842
21 300.000000 -1.000000 0.000000 0.000000 0.100000 130.000000 0.000000 -32760.229813 177.441575 7.475125
20 300.000000 -1.000000 0.000000 0.100000 0.100000 120.000000 0.000000 -32880.254025 150.943114 5.802909
20 300.000000 -1.000000 0.000000 0.100000 0.100000 120.000000 0.000000 -32802.218585 178.909235 6.700783
21 300.000000 -1.000000 0.000000 0.000000 0.100000 130.000000 0.000000 -32784.842668 188.457455 4.763727
21 300.000000 -1.000000 0.000000 0.000000 0.100000 130.000000 0.000000 -32932.775130 177.957997 5.206411
20 300.000000 -1.000000 0.000000 0.100000 0.100000 120.000000 0.000000 -32799.827159 169.089290 7.181049
21 300.000000 -1.000000 0.000000 0.000000 0.100000 130.000000 0.000000 -32851.804589 174.264942 4.869297
21 300.000000 -1.000000 0.000000 0.000000 0.100000 130.000000 0.000000 -32935.176907 181.345132 4.751280
21 300.000000 -1.000000 0.000000 0.000000 0.100000 130.000000 0.000000 -32851.233064 181.346985 7.130968
21 300.000000 -1.000000 0.000000 0.000000 0.100000 130.000000 0.000000 -32969.685352 177.466220 4.906937
21 300.000000 -1.000000 0.000000 0.000000 0.100000 130.000000 0.000000 -32820.750850 169.237709 7.417977
21 300.000000 -1.000000 0.000000 0.000000 0.100000 130.000000 0.000000 -32847.782501 154.068174 7.261269
21 300.000000 -1.000000 0.000000 0.000000 0.100000 130.000000 0.000000 -32752.548445 169.042125 7.386868
21 300.000000 -1.000000 0.000000 0.000000 0.100000 130.000000 0.000000 -32804.621852 170.251679 7.473489
21 300.000000 -1.000000 0.000000 0.000000 0.100000 130.000000 0.000000 -32869.937743 196.729581 5.983140
21 300.000000 -1.000000 0.000000 0.000000 0.100000 130.000000 0.000000 -33058.384416 186.225566 5.530844
21 300.000000 -1.000000 0.000000 0.000000 0.100000 130.000000 0.000000 -32938.105716 166.040416 7.440254
21 300.000000 -1.000000 0.000000 0.000000 0.100000 130.000000 0.000000 -32916.722900 188.950644 7.018787
21 300.000000 -1.000000 0.000000 0.000000 0.100000 130.000000 0.000000 -32730.332534 167.228504 7.066970
21 300.000000 -1.000000 0.000000 0.000000 0.100000 130.000000 0.000000 -32829.451293 163.496177 7.342612
21 300.000000 -1.000000 0.000000 0.000000 0.100000 130.000000 0.000000 -32840.985398 174.497818 7.251870
21 300.000000 -1.000000 0.000000 0.000000 0.100000 130.000000 0.000000 -32889.637390 192.310613 5.308907
21 300.000000 -1.000000 0.000000 0.000000 0.100000 130.000000 0.000000 -32949.689472 170.443071 7.000101
21 300.000000 -1.000000 0.000000 0.000000 0.100000 130.000000 0.000000 -32853.452968 173.454891 7.046477
21 300.000000 -1.000000 0.000000 0.000000 0.100000 130.000000 0.000000 -32834.723929 166.867959 7.262043
21 300.000000 -1.000000 0.000000 0.000000 0.100000 130.000000 0.000000 -32871.376599 166.066422 5.716895
20 300.000000 -1.000000 0.000000 0.100000 0.100000 120.000000 0.000000 -32786.511787 151.123073 7.441886
20 300.000000 -1.000000 0.000000 0.100000 0.100000 120.000000 0.000000 -32856.207005 148.038280 4.995323
20 300.000000 -1.000000 0.000000 0.100000 0.100000 120.000000 0.000000 -32861.041732 160.124634 5.154127
20 300.000000 -1.000000 0.000000 0.100000 0.100000 120.000000 0.000000 -32773.133231 151.585861 7.337182
20 300.000000 -1.000000 0.000000 0.100000 0.100000 120.000000 0.000000 -32830.446906 174.660740 5.306326
21 300.000000 -1.000000 0.000000 0.000000 0.100000 130.000000 0.000000 -32898.660482 183.136345 4.744484
21 300.000000 -1.000000 0.000000 0.000000 0.100000 130.000000 0.000000 -32962.592071 188.962329 4.899621
21 300.000000 -1.000000 0.000000 0.000000 0.100000 130.000000 0.000000 -32915.959973 191.470476 5.339778
21 300.000000 -1.000000 0.000000 0.000000 0.100000 130.000000 0.000000 -32904.658869 177.281264 4.890507
21 300.000000 -1.000000 0.000000 0.000000 0.100000 130.000000 0.000000 -32914.012360 177.205073 5.839674
21 300.000000 -1.000000 0.000000 0.000000 0.100000 130.000000 0.000000 -32950.269296 182.938787 5.980246
21 300.000000 -1.000000 0.000000 0.000000 0.100000 130.000000 0.000000 -32993.649205 195.003636 6.675468
21 300.000000 -1.000000 0.000000 0.000000 0.100000 130.000000 0.000000 -32794.488123 178.653687 6.625188
21 300.000000 -1.000000 0.000000 0.000000 0.100000 130.000000 0.000000 -32988.370508 191.784810 7.464872
21 300.000000 -1.000000 0.000000 0.000000 0.100000 130.000000 0.000000 -32868.323454 158.337231 6.696760
21 300.000000 -1.000000 0.000000 0.000000 0.100000 130.000000 0.000000 -32857.708063 182.373671 6.493163
21 300.000000 -1.000000 0.000000 0.000000 0.100000 130.000000 0.000000 -32813.622440 180.965944 6.639233
21 300.000000 -1.000000 0.000000 0.000000 0.100000 130.000000 0.000000 -32840.730462 193.448789 7.372564
21 300.000000 -1.000000 0.000000 0.000000 0.100000 130.000000 0.000000 -32848.811598 184.851966 6.064729
21 300.000000 -1.000000 0.000000 0.000000 0.100000 130.000000 0.000000 -32899.213815 174.332615 5.574255
21 300.000000 -1.000000 0.000000 0.000000 0.100000 130.000000 0.000000 -32881.195589 183.692410 7.474333
21 300.000000 -1.000000 0.000000 0.000000 0.100000 130.000000 0.000000 -32802.202470 183.870549 7.218233
21 300.000000 -1.000000 0.000000 0.000000 0.100000 130.000000 0.000000 -32948.000008 186.129902 6.588733
21 300.000000 -1.000000 0.000000 0.000000 0.100000 130.000000 0.000000 -32883.622545 171.185140 6.087271
21 300.000000 -1.000000 0.000000 0.000000 0.100000 130.000000 0.000000 -32818.825656 172.608461 5.547688
21 300.000000 -1.000000 0.000000 0.000000 0.100000 130.000000 0.000000 -32872.386181 184.993205 5.385613
21 300.000000 -1.000000 0.000000 0.000000 0.100000 130.000000 0.000000 -32927.122548 156.287190 4.744214
21 300.000000 -1.000000 0.000000 0.000000 0.100000 130.000000 0.000000 -32778.216059 161.230825 6.309756
21 300.000000 -1.000000 0.000000 0.000000 0.100000 130.000000 0.000000 -33017.584068 167.505531 5.486618
21 300.000000 -1.000000 0.000000 0.000000 0.100000 130.000000 0.000000 -32660.889737 179.174006 7.343174
21 300.000000 -1.000000 0.000000 0.000000 0.100000 130.000000 0.000000 -32760.172573 181.062773 5.158639
21 300.000000 -1.000000 0.000000 0.000000 0.100000 130.000000 0.000000 -32731.430326 171.161628 5.689386
21 300.000000 -1.000000 0.000000 0.000000 0.100000 130.000000 0.000000 -32840.044694 163.626379 5.854165
20 300.000000 -1.000000 0.000000 0.100000 0.100000 120.000000 0.000000 -32910.265884 160.375192 4.744572
21 300.000000 -1.000000 0.000000 0.000000 0.100000 130.000000 0.000000 -32909.909074 188.303566 5.557600
21 300.000000 -1.000000 0.000000 0.000000 0.100000 130.000000 0.000000 -32834.921952 167.413861 6.075177
21 300.000000 -1.000000 0.000000 0.000000 0.100000 130.000000 0.000000 -32762.379644 175.458684 4.774914
21 300.000000 -1.000000 0.000000 0.000000 0.100000 130.000000 0.000000 -32896.107689 186.003165 7.315902
21 300.000000 -1.000000 0.000000 0.000000 0.100000 130.000000 0.000000 -32906.664946 164.743866 4.915884
21 300.000000 -1.000000 0.000000 0.000000 0.100000 130.000000 0.000000 -32907.449137 196.966312 4.924644
21 300.000000 -1.000000 0.000000 0.000000 0.100000 130.000000 0.000000 -32791.785418 152.832724 4.753921
21 300.000000 -1.000000 0.000000 0.000000 0.100000 130.000000 0.000000 -32726.444693 189.856947 7.180585
21 300.000000 -1.000000 0.000000 0.000000 0.100000 130.000000 0.000000 -32873.436364 173.081426 6.534125
21 300.000000 -1.000000 0.000000 0.000000 0.100000 130.000000 0.000000 -32907.102674 180.041442 7.177405
21 300.000000 -1.000000 0.000000 0.000000 0.100000 130.000000 0.000000 -32893.088438 165.107582 6.511640
21 300.000000 -1.000000 0.000000 0.000000 0.100000 130.000000 0.000000 -32817.131357 176.889486 4.777901
21 300.000000 -1.000000 0.000000 0.000000 0.100000 130.000000 0.000000 -32815.960626 159.011400 7.482173
20 300.000000 -1.000000 0.000000 0.100000 0.100000 120.000000 0.000000 -32824.143435 182.496014 7.342867
21 300.000000 -1.000000 0.000000 0.000000 0.100000 130.000000 0.000000 -32800.399814 175.279242 7.481455
20 300.000000 -1.000000 0.000000 0.100000 0.100000 120.000000 0.000000 -32783.007784 163.446440 5.921118
20 300.000000 -1.000000 0.000000 0.100000 0.100000 120.000000 0.000000 -33027.218187 171.537155 6.651745
20 300.000000 -1.000000 0.000000 0.100000 0.100000 120.000000 0.000000 -32867.753869 158.271334 7.477825
20 300.000000 -1.000000 0.000000 0.100000 0.100000 120.000000 0.000000 -32736.392671 168.259875 7.481660
20 300.000000 -1.000000 0.000000 0.100000 0.100000 120.000000 0.000000 -32942.189612 149.498274 7.402170
20 300.000000 -1.000000 0.000000 0.100000 0.100000 120.000000 0.000000 -32790.770803 141.740640 7.047587
20 300.000000 -1.000000 0.000000 0.100000 0.100000 120.000000 0.000000 -32800.568710 145.092494 6.971489
21 300.000000 -1.000000 0.000000 0.000000 0.100000 130.000000 0.000000 -32876.916317 174.410293 7.089886
21 300.000000 -1.000000 0.000000 0.000000 0.100000 130.000000 0.000000 -32768.105574 138.108660 6.342963
20 300.000000 -1.000000 0.000000 0.100000 0.100000 120.000000 0.000000 -32769.364340 165.970544 7.310843
21 300.000000 -1.000000 0.000000 0.000000 0.100000 130.000000 0.000000 -32813.820215 167.968385 7.237281
21 300.000000 -1.000000 0.000000 0.000000 0.100000 130.000000 0.000000 -32957.161199 171.481993 7.421530
21 300.000000 -1.000000 0.000000 0.000000 0.100000 130.000000 0.000000 -32849.025444 180.676279 7.482145
21 300.000000 -1.000000 0.000000 0.000000 0.100000 130.000000 0.000000 -32760.829284 175.230365 5.285516
21 300.000000 -1.000000 0.000000 0.000000 0.100000 130.000000 0.000000 -32952.531202 174.302390 7.155223
21 300.000000 -1.000000 0.000000 0.000000 0.100000 130.000000 0.000000 -32958.313446 180.316392 6.368726
21 300.000000 -1.000000 0.000000 0.000000 0.100000 130.000000 0.000000 -32959.481211 163.449897 7.466733
21 300.000000 -1.000000 0.000000 0.000000 0.100000 130.000000 0.000000 -32977.023081 159.897965 7.463641
21 300.000000 -1.000000 0.000000 0.000000 0.100000 130.000000 0.000000 -32795.954319 155.125895 6.798049
21 300.000000 -1.000000 0.000000 0.000000 0.100000 130.000000 0.000000 -32867.530111 160.615285 5.116467
21 300.000000 -1.000000 0.000000 0.000000 0.100000 130.000000 0.000000 -32827.118668 195.953906 6.681791
21 300.000000 -1.000000 0.000000 0.000000 0.100000 130.000000 0.000000 -32765.444387 160.134964 5.837634
20 300.000000 -1.000000 0.000000 0.100000 0.100000 120.000000 0.000000 -32814.343965 176.638100 7.478539
21 300.000000 -1.000000 0.000000 0.000000 0.100000 130.000000 0.000000 -32767.438054 195.705090 7.436516
21 300.000000 -1.000000 0.000000 0.000000 0.100000 130.000000 0.000000 -32810.557508 184.580769 6.662639
21 300.000000 -1.000000 0.000000 0.000000 0.100000 130.000000 0.000000 -33000.024379 188.107327 4.668911
21 300.000000 -1.000000 0.000000 0.000000 0.100000 130.000000 0.000000 -32832.140388 183.740708 0.091662
21 300.000000 -1.000000 0.000000 0.000000 0.100000 130.000000 0.000000 -32835.887090 183.553068 4.107011
21 300.000000 -1.000000 0.000000 0.000000 0.100000 130.000000 0.000000 -33035.196999 187.306462 0.021508
21 300.000000 -1.000000 0.000000 0.000000 0.100000 130.000000 0.000000 -32865.952699 174.456611 1.151295
21 300.000000 -1.000000 0.000000 0.000000 0.100000 130.000000 0.000000 -32982.448016 184.695045 6.114538
21 300.000000 -1.000000 0.000000 0.000000 0.100000 130.000000 0.000000 -32866.340291 179.533747 4.731306
21 300.000000 -1.000000 0.000000 0.000000 0.100000 130.000000 0.000000 -32858.249075 184.626215 1.326471
21 300.000000 -1.000000 0.000000 0.000000 0.100000 130.000000 0.000000 -32821.341252 187.764635 0.799237
21 300.000000 -1.000000 0.000000 0.000000 0.100000 130.000000 0.000000 -32768.556328 163.553036 7.754954
21 300.000000 -1.000000 0.000000 0.000000 0.100000 130.000000 0.000000 -32894.957156 145.204680 4.089104
21 300.000000 -1.000000 0.000000 0.000000 0.100000 130.000000 0.000000 -32847.058689 160.977515 4.477642
21 300.000000 -1.000000 0.000000 0.000000 0.100000 130.000000 0.000000 -32858.625078 195.383363 3.596564
21 300.000000 -1.000000 0.000000 0.000000 0.100000 130.000000 0.000000 -32866.873432 185.655341 5.007662
21 300.000000 -1.000000 0.000000 0.000000 0.100000 130.000000 0.000000 -32822.663020 150.922544 1.382393
21 300.000000 -1.000000 0.000000 0.000000 0.100000 130.000000 0.000000 -32906.670113 172.825010 8.235524
21 300.000000 -1.000000 0.000000 0.000000 0.100000 130.000000 0.000000 -33029.609862 182.935167 7.734369
21 300.000000 -1.000000 0.000000 0.000000 0.100000 130.000000 0.000000 -32923.796719 186.473504 8.108799
21 300.000000 -1.000000 0.000000 0.000000 0.100000 130.000000 0.000000 -32868.193864 194.236932 3.544369
21 300.000000 -1.000000 0.000000 0.000000 0.100000 130.000000 0.000000 -32923.143430 163.238038 5.184910
21 300.000000 -1.000000 0.000000 0.000000 0.100000 130.000000 0.000000 -32927.352147 162.236225 6.634111
21 300.000000 -1.000000 0.000000 0.000000 0.100000 130.000000 0.000000 -32838.768372 167.968874 2.760502
21 300.000000 -1.000000 0.000000 0.000000 0.100000 130.000000 0.000000 -33020.320024 155.177774 6.131347
21 300.000000 -1.000000 0.000000 0.000000 0.100000 130.000000 0.000000 -32801.707383 163.764102 8.078592
21 300.000000 -1.000000 0.000000 0.000000 0.100000 130.000000 0.000000 -32973.897088 179.988368 6.202787
21 300.000000 -1.000000 0.000000 0.000000 0.100000 130.000000 0.000000 -32879.077092 177.524776 2.411689
21 300.000000 -1.000000 0.000000 0.000000 0.100000 130.000000 0.000000 -32804.748511 157.047380 8.226535
20 300.000000 -1.000000 0.000000 0.100000 0.100000 120.000000 0.000000 -32949.430633 162.681190 1.541634
21 300.000000 -1.000000 0.000000 0.000000 0.100000 130.000000 0.000000 -32992.951647 178.826234 7.720729
21 300.000000 -1.000000 0.000000 0.000000 0.100000 130.000000 0.000000 -32912.327323 179.489798 5.959745
21 300.000000 -1.000000 0.000000 0.000000 0.100000 130.000000 0.000000 -32826.293754 160.202764 5.500939
21 300.000000 -1.000000 0.000000 0.000000 0.100000 130.000000 0.000000 -32910.464231 156.990995 2.233355
21 300.000000 -1.000000 0.000000 0.000000 0.100000 130.000000 0.000000 -32898.301500 174.998576 6.028468
21 300.000000 -1.000000 0.000000 0.000000 0.100000 130.000000 0.000000 -32955.752156 147.013543 8.281299
21 300.000000 -1.000000 0.000000 0.000000 0.100000 130.000000 0.000000 -32960.863758 170.384944 5.730329
21 300.000000 -1.000000 0.000000 0.000000 0.100000 130.000000 0.000000 -32810.961896 167.587375 7.458093
21 300.000000 -1.000000 0.000000 0.000000 0.100000 130.000000 0.000000 -32829.622019 157.540555 0.665397
20 300.000000 -1.000000 0.000000 0.100000 0.100000 120.000000 0.000000 -32928.491596 152.070787 3.172779
20 300.000000 -1.000000 0.000000 0.100000 0.100000 120.000000 0.000000 -32843.163714 143.139237 8.242417
20 300.000000 -1.000000 0.000000 0.100000 0.100000 120.000000 0.000000 -32942.385900 124.777763 7.743567
19 300.000000 -1.000000 0.000000 0.200000 0.100000 110.000000 0.000000 -32862.914128 123.480267 8.266417
19 300.000000 -1.000000 0.000000 0.200000 0.100000 110.000000 0.000000 -32823.495314 117.201191 6.408705
19 300.000000 -1.000000 0.000000 0.200000 0.100000 110.000000 0.000000 -32889.064544 92.740645 6.500266
19 300.000000 -1.000000 0.000000 0.200000 0.100000 110.000000 0.000000 -32863.752954 106.912968 6.839099
19 300.000000 -1.000000 0.000000 0.200000 0.100000 110.000000 0.000000 -32863.021434 85.510155 7.366194
19 300.000000 -1.000000 0.000000 0.200000 0.100000 110.000000 0.000000 -32786.382244 103.103901 6.457856
19 300.000000 -1.000000 0.000000 0.200000 0.100000 110.000000 0.000000 -32667.428198 92.573890 6.397815
19 300.000000 -1.000000 0.000000 0.200000 0.100000 110.000000 0.000000 -32941.705434 119.864573 8.267555
19 300.000000 -1.000000 0.000000 0.200000 0.100000 110.000000 0.000000 -32821.866393 86.785111 7.034557
18 300.000000 -1.000000 0.000000 0.300000 0.100000 100.000000 0.000000 -32874.371689 101.515430 8.241688
18 300.000000 -1.000000 0.000000 0.300000 0.100000 100.000000 0.000000 -32774.656961 91.324566 7.457708
18 300.000000 -1.000000 0.000000 0.300000 0.100000 100.000000 0.000000 -33006.643713 71.125079 6.423699
18 300.000000 -1.000000 0.000000 0.300000 0.100000 100.000000 0.000000 -32833.634869 45.653036 7.885050
15 300.000000 -1.000000 0.100000 0.500000 0.100000 70.000000 0.000000 -32895.408561 21.187335 7.088035
16 300.000000 -1.000000 0.000000 0.500000 0.100000 80.000000 0.000000 -33061.175001 49.974000 1.666202
16 300.000000 -1.000000 0.000000 0.500000 0.100000 80.000000 0.000000 -32904.763619 23.596318 7.568140
15 300.000000 -1.000000 0.100000 0.500000 0.100000 70.000000 0.000000 -32864.812859 12.786474 6.703809
15 300.000000 -1.000000 0.100000 0.500000 0.100000 70.000000 0.000000 -32764.203411 10.723551 6.389740
13 300.000000 -1.000000 0.300000 0.500000 0.100000 50.000000 0.000000 -32812.451760 2.989862 6.783905
11 300.000000 -1.000000 0.500000 0.500000 0.100000 30.000000 0.000000 -32806.833646 4.760308 6.133558
7 300.000000 1.000000 0.200000 0.500000 0.100000 60.000000 0.000000 -32813.996545 21.553208 7.700224
7 300.000000 1.000000 0.200000 0.500000 0.100000 60.000000 0.000000 -32731.383398 11.062346 6.688334
7 300.000000 1.000000 0.200000 0.500000 0.100000 60.000000 0.000000 -32786.075192 22.224031 7.917110
7 300.000000 1.000000 0.200000 0.500000 0.100000 60.000000 0.000000 -32645.862373 7.717076 6.999662
7 300.000000 1.000000 0.200000 0.500000 0.100000 60.000000 0.000000 -32920.079678 9.504408 7.536337
6 300.000000 1.000000 0.100000 0.500000 0.100000 70.000000 0.000000 -33017.299444 32.182907 6.628444
6 300.000000 1.000000 0.100000 0.500000 0.100000 70.000000 0.000000 -32847.693518 18.669794 8.225905
4 300.000000 1.000000 0.000000 0.400000 0.100000 90.000000 0.000000 -32620.977541 72.230565 3.228876
4 300.000000 1.000000 0.000000 0.400000 0.100000 90.000000 0.000000 -33013.941866 69.287857 0.001701
3 300.000000 1.000000 0.000000 0.300000 0.100000 100.000000 0.000000 -32891.547794 64.956905 0.012395
5 300.000000 1.000000 0.000000 0.500000 0.100000 80.000000 0.000000 -32977.814715 41.868501 1.890169
5 300.000000 1.000000 0.000000 0.500000 0.100000 80.000000 0.000000 -32785.057210 44.738774 1.929303
4 300.000000 1.000000 0.000000 0.400000 0.100000 90.000000 0.000000 -32765.713432 73.287673 6.635337
3 300.000000 1.000000 0.000000 0.300000 0.100000 100.000000 0.000000 -32881.164840 70.376566 6.757781
3 300.000000 1.000000 0.000000 0.300000 0.100000 100.000000 0.000000 -32825.974936 74.609442 6.400125
3 300.000000 1.000000 0.000000 0.300000 0.100000 100.000000 0.000000 -32671.435741 84.463107 6.621461
3 300.000000 1.000000 0.000000 0.300000 0.100000 100.000000 0.000000 -32721.933068 69.000919 6.469161
4 300.000000 1.000000 0.000000 0.400000 0.100000 90.000000 0.000000 -32825.998383 71.931488 6.570974
4 300.000000 1.000000 0.000000 0.400000 0.100000 90.000000 0.000000 -32735.275325 46.924327 7.057595
3 300.000000 1.000000 0.000000 0.300000 0.100000 100.000000 0.000000 -32841.216290 44.967614 6.578177
5 300.000000 1.000000 0.000000 0.500000 0.100000 80.000000 0.000000 -32700.445219 55.922230 6.778066
4 300.000000 1.000000 0.000000 0.400000 0.100000 90.000000 0.000000 -32689.060650 57.005659 6.809805
5 300.000000 1.000000 0.000000 0.500000 0.100000 80.000000 0.000000 -32766.895798 47.536031 7.171308
5 300.000000 1.000000 0.000000 0.500000 0.100000 80.000000 0.000000 -32919.698127 62.790540 6.443028
3 300.000000 1.000000 0.000000 0.300000 0.100000 100.000000 0.000000 -32777.646962 49.571507 6.583921
4 300.000000 1.000000 0.000000 0.400000 0.100000 90.000000 0.000000 -32828.788472 47.340068 7.590651
4 300.000000 1.000000 0.000000 0.400000 0.100000 90.000000 0.000000 -32760.779975 53.292469 6.680929
5 300.000000 1.000000 0.000000 0.500000 0.100000 80.000000 0.000000 -32749.832496 51.507431 6.936011
6 300.000000 1.000000 0.100000 0.500000 0.100000 70.000000 0.000000 -32877.828908 17.839083 6.528529
6 300.000000 1.000000 0.100000 0.500000 0.100000 70.000000 0.000000 -32880.774781 41.526486 7.819596
6 300.000000 1.000000 0.100000 0.500000 0.100000 70.000000 0.000000 -32833.833291 33.774927 6.721827
7 300.000000 1.000000 0.200000 0.500000 0.100000 60.000000 0.000000 -32882.735416 15.248266 6.523757
8 300.000000 1.000000 0.300000 0.500000 0.100000 50.000000 0.000000 -32892.312973 3.594371 6.405404
9 300.000000 1.000000 0.400000 0.500000 0.100000 40.000000 0.000000 -32866.657397 1.886289 6.493526
8 300.000000 1.000000 0.300000 0.500000 0.100000 50.000000 0.000000 -32866.437726 7.809506 6.544836
7 300.000000 1.000000 0.200000 0.500000 0.100000 60.000000 0.000000 -32839.599834 22.651134 6.614866
6 300.000000 1.000000 0.100000 0.500000 0.100000 70.000000 0.000000 -32741.814970 29.488977 6.435301
5 300.000000 1.000000 0.000000 0.500000 0.100000 80.000000 0.000000 -32819.571954 31.705245 6.647253
5 300.000000 1.000000 0.000000 0.500000 0.100000 80.000000 0.000000 -32652.621936 45.438323 6.529450
5 300.000000 1.000000 0.000000 0.500000 0.100000 80.000000 0.000000 -32728.901186 40.297387 7.058512
6 300.000000 1.000000 0.100000 0.500000 0.100000 70.000000 0.000000 -32826.437751 43.829841 7.492971
5 300.000000 1.000000 0.000000 0.500000 0.100000 80.000000 0.000000 -32694.492588 56.826220 6.390583
3 300.000000 1.000000 0.000000 0.300000 0.100000 100.000000 0.000000 -32707.847001 70.867289 6.403093
3 300.000000 1.000000 0.000000 0.300000 0.100000 100.000000 0.000000 -32825.950429 21.070731 6.607810
6 300.000000 1.000000 0.100000 0.500000 0.100000 70.000000 0.000000 -32848.770890 38.050079 6.396446
6 300.000000 1.000000 0.100000 0.500000 0.100000 70.000000 0.000000 -32785.009682 34.851555 6.515284
5 300.000000 1.000000 0.000000 0.500000 0.100000 80.000000 0.000000 -32888.812244 44.824346 6.422027
3 300.000000 1.000000 0.000000 0.300000 0.100000 100.000000 0.000000 -32853.345988 64.035972 6.543378
5 300.000000 1.000000 0.000000 0.500000 0.100000 80.000000 0.000000 -32776.579343 34.834171 6.419075
5 300.000000 1.000000 0.000000 0.500000 0.100000 80.000000 0.000000 -32740.255801 57.309868 6.418155
5 300.000000 1.000000 0.000000 0.500000 0.100000 80.000000 0.000000 -32785.308918 57.793852 6.393815
5 300.000000 1.000000 0.000000 0.500000 0.100000 80.000000 0.000000 -32732.267479 63.319492 6.671944
5 300.000000 1.000000 0.000000 0.500000 0.100000 80.000000 0.000000 -32770.656253 47.575844 7.155605
5 300.000000 1.000000 0.000000 0.500000 0.100000 80.000000 0.000000 -32700.212617 19.783353 6.514792
6 300.000000 1.000000 0.100000 0.500000 0.100000 70.000000 0.000000 -32796.904674 18.834375 6.402013
7 300.000000 1.000000 0.200000 0.500000 0.100000 60.000000 0.000000 -32693.066626 0.700167 6.391275
8 300.000000 1.000000 0.300000 0.500000 0.100000 50.000000 0.000000 -32902.692958 3.843348 6.406503
8 300.000000 1.000000 0.300000 0.500000 0.100000 50.000000 0.000000 -32926.019037 14.336318 7.265585
7 300.000000 1.000000 0.200000 0.500000 0.100000 60.000000 0.000000 -32833.978794 4.416698 8.112987
8 300.000000 1.000000 0.300000 0.500000 0.100000 50.000000 0.000000 -32940.413117 0.880300 7.056440
11 300.000000 -1.000000 0.500000 0.500000 0.100000 30.000000 0.000000 -32803.231842 -0.755203 7.406443
8 300.000000 1.000000 0.300000 0.500000 0.100000 50.000000 0.000000 -33033.875238 4.288113 7.504183
7 300.000000 1.000000 0.200000 0.500000 0.100000 60.000000 0.000000 -32981.024492 12.229822 7.053894
8 300.000000 1.000000 0.300000 0.500000 0.100000 50.000000 0.000000 -32819.841515 7.972261 6.531076
8 300.000000 1.000000 0.300000 0.500000 0.100000 50.000000 0.000000 -32897.794974 3.661686 8.263047
12 300.000000 -1.000000 0.400000 0.500000 0.100000 40.000000 0.000000 -32857.681380 -3.697319 8.154612
11 300.000000 -1.000000 0.500000 0.500000 0.100000 30.000000 0.000000 -32955.900354 -2.423986 7.524810
11 300.000000 -1.000000 0.500000 0.500000 0.100000 30.000000 0.000000 -32909.183968 1.385896 8.020660
11 300.000000 -1.000000 0.500000 0.500000 0.100000 30.000000 0.000000 -32951.152745 4.969795 6.760266
9 300.000000 1.000000 0.400000 0.500000 0.100000 40.000000 0.000000 -32871.126028 1.904822 7.295616
10 300.000000 1.000000 0.500000 0.500000 0.100000 30.000000 0.000000 -32872.159379 -0.895296 6.648470
9 300.000000 1.000000 0.400000 0.500000 0.100000 40.000000 0.000000 -32931.457915 9.539490 6.585594
8 300.000000 1.000000 0.300000 0.500000 0.100000 50.000000 0.000000 -32900.774207 2.000189 6.624520
10 300.000000 1.000000 0.500000 0.500000 0.100000 30.000000 0.000000 -32905.680906 -6.099766 6.690801
10 300.000000 1.000000 0.500000 0.500000 0.100000 30.000000 0.000000 -33007.464943 -5.612223 7.778921
10 300.000000 1.000000 0.500000 0.500000 0.100000 30.000000 0.000000 -32953.984752 0.127473 8.251427
13 300.000000 -1.000000 0.300000 0.500000 0.100000 50.000000 0.000000 -33039.282236 0.730806 6.671216
12 300.000000 -1.000000 0.400000 0.500000 0.100000 40.000000 0.000000 -32867.084350 5.952593 7.703269
9 300.000000 1.000000 0.400000 0.500000 0.100000 40.000000 0.000000 -32978.152012 8.620467 6.968594
6 300.000000 1.000000 0.100000 0.500000 0.100000 70.000000 0.000000 -32847.060720 23.280308 6.403870
7 300.000000 1.000000 0.200000 0.500000 0.100000 60.000000 0.000000 -33071.623478 22.345136 6.536542
7 300.000000 1.000000 0.200000 0.500000 0.100000 60.000000 0.000000 -32825.434919 19.620948 6.445263
7 300.000000 1.000000 0.200000 0.500000 0.100000 60.000000 0.000000 -32830.156320 20.236492 6.389753
7 300.000000 1.000000 0.200000 0.500000 0.100000 60.000000 0.000000 -32870.119370 38.382950 6.398652
6 300.000000 1.000000 0.100000 0.500000 0.100000 70.000000 0.000000 -32821.252735 33.664393 6.669466
4 300.000000 1.000000 0.000000 0.400000 0.100000 90.000000 0.000000 -32866.902984 59.091050 6.399851
4 300.000000 1.000000 0.000000 0.400000 0.100000 90.000000 0.000000 -32891.863074 79.584809 6.772934
3 300.000000 1.000000 0.000000 0.300000 0.100000 100.000000 0.000000 -32881.057956 84.986688 6.476006
3 300.000000 1.000000 0.000000 0.300000 0.100000 100.000000 0.000000 -32929.047834 72.672426 6.883900
3 300.000000 1.000000 0.000000 0.300000 0.100000 100.000000 0.000000 -32878.375452 78.034536 8.266170
2 300.000000 1.000000 0.000000 0.200000 0.100000 110.000000 0.000000 -32866.993703 116.255453 6.461557
2 300.000000 1.000000 0.000000 0.200000 0.100000 110.000000 0.000000 -32780.589523 131.700841 7.587899
2 300.000000 1.000000 0.000000 0.200000 0.100000 110.000000 0.000000 -32906.680119 59.159143 7.723142
2 300.000000 1.000000 0.000000 0.200000 0.100000 110.000000 0.000000 -32846.292071 99.806528 6.630530
3 300.000000 1.000000 0.000000 0.300000 0.100000 100.000000 0.000000 -32837.168940 67.929753 7.986175
3 300.000000 1.000000 0.000000 0.300000 0.100000 100.000000 0.000000 -32885.849533 77.592635 6.585230
2 300.000000 1.000000 0.000000 0.200000 0.100000 110.000000 0.000000 -32845.125049 130.260074 7.018223
2 300.000000 1.000000 0.000000 0.200000 0.100000 110.000000 0.000000 -32948.242516 87.192220 7.897761
3 300.000000 1.000000 0.000000 0.300000 0.100000 100.000000 0.000000 -33023.219797 73.270195 6.556663
4 300.000000 1.000000 0.000000 0.400000 0.100000 90.000000 0.000000 -32663.166203 54.132550 6.413445
2 300.000000 1.000000 0.000000 0.200000 0.100000 110.000000 0.000000 -32897.347810 53.484189 6.416053
4 300.000000 1.000000 0.000000 0.400000 0.100000 90.000000 0.000000 -32984.415787 67.566229 7.700847
3 300.000000 1.000000 0.000000 0.300000 0.100000 100.000000 0.000000 -32737.682919 78.400982 6.407380
3 300.000000 1.000000 0.000000 0.300000 0.100000 100.000000 0.000000 -32848.187806 65.500978 6.441611
3 300.000000 1.000000 0.000000 0.300000 0.100000 100.000000 0.000000 -32890.855631 53.876821 6.756010
3 300.000000 1.000000 0.000000 0.300000 0.100000 100.000000 0.000000 -32851.291184 72.013740 6.403883
4 300.000000 1.000000 0.000000 0.400000 0.100000 90.000000 0.000000 -32777.025502 47.891049 7.210308
4 300.000000 1.000000 0.000000 0.400000 0.100000 90.000000 0.000000 -32742.023494 75.051011 6.397612
3 300.000000 1.000000 0.000000 0.300000 0.100000 100.000000 0.000000 -32789.220877 63.591829 1.707442
3 300.000000 1.000000 0.000000 0.300000 0.100000 100.000000 0.000000 -32958.486272 93.310196 6.477681
3 300.000000 1.000000 0.000000 0.300000 0.100000 100.000000 0.000000 -32739.779270 70.174366 6.576833
4 300.000000 1.000000 0.000000 0.400000 0.100000 90.000000 0.000000 -32876.969176 51.745488 6.403830
4 300.000000 1.000000 0.000000 0.400000 0.100000 90.000000 0.000000 -32881.905618 58.997925 3.734624
4 300.000000 1.000000 0.000000 0.400000 0.100000 90.000000 0.000000 -32929.455655 48.219377 6.460150
3 300.000000 1.000000 0.000000 0.300000 0.100000 100.000000 0.000000 -32730.743218 68.347350 6.460365
4 300.000000 1.000000 0.000000 0.400000 0.100000 90.000000 0.000000 -32773.404064 45.424260 7.069127
5 300.000000 1.000000 0.000000 0.500000 0.100000 80.000000 0.000000 -32895.661951 55.000304 6.395004
5 300.000000 1.000000 0.000000 0.500000 0.100000 80.000000 0.000000 -32870.882025 38.179673 6.570311
5 300.000000 1.000000 0.000000 0.500000 0.100000 80.000000 0.000000 -33002.340487 56.460086 6.492475
2 300.000000 1.000000 0.000000 0.200000 0.100000 110.000000 0.000000 -32770.487172 109.370484 6.431826
2 300.000000 1.000000 0.000000 0.200000 0.100000 110.000000 0.000000 -32772.975017 123.237595 6.391742
