50.000000 0.500000 0.500000 0.500000 0.000000 0.000000 0.000000 -39839.665879 8.544455
58.333333 0.500000 0.500000 0.500000 0.000000 0.000000 0.000000 -39799.992014 16.043260
66.666667 0.500000 0.500000 0.500000 0.000000 0.000000 0.000000 -39781.286424 4.705425
75.000000 0.500000 0.500000 0.500000 0.000000 0.000000 0.000000 -39767.216018 1.389221
83.333333 0.500000 0.500000 0.500000 0.000000 0.000000 0.000000 -39695.998414 -3.794216
91.666667 0.500000 0.500000 0.500000 0.000000 0.000000 0.000000 -39595.894033 5.437380
100.000000 0.500000 0.500000 0.500000 0.000000 0.000000 0.000000 -39407.754374 7.648184
108.333333 0.500000 0.500000 0.500000 0.000000 0.000000 0.000000 -39274.710046 9.037404
116.666667 0.500000 0.500000 0.500000 0.000000 0.000000 0.000000 -39133.193574 6.049833
125.000000 0.500000 0.500000 0.500000 0.000000 0.000000 0.000000 -39039.368527 13.832457
133.333333 0.500000 0.500000 0.500000 0.000000 0.000000 0.000000 -38828.656393 12.771869
141.666667 0.500000 0.500000 0.500000 0.000000 0.000000 0.000000 -38727.727126 12.234106
150.000000 0.500000 0.500000 0.500000 0.000000 0.000000 0.000000 -38454.086790 20.016730
158.333333 0.500000 0.500000 0.500000 0.000000 0.000000 0.000000 -38285.826708 20.569431
166.666667 0.500000 0.500000 0.500000 0.000000 0.000000 0.000000 -38143.602847 3.839030
175.000000 0.500000 0.500000 0.500000 0.000000 0.000000 0.000000 -37924.534411 3.495459
183.333333 0.500000 0.500000 0.500000 0.000000 0.000000 0.000000 -37738.110929 6.094646
191.666667 0.500000 0.500000 0.500000 0.000000 0.000000 0.000000 -37529.463195 -6.617471
200.000000 0.500000 0.500000 0.500000 0.000000 0.000000 0.000000 -37309.063043 0.507887
208.333333 0.500000 0.500000 0.500000 0.000000 0.000000 0.000000 -37016.093987 -1.882170
216.666667 0.500000 0.500000 0.500000 0.000000 0.000000 0.000000 -36713.572826 -1.000837
225.000000 0.500000 0.500000 0.500000 0.000000 0.000000 0.000000 -36424.128842 2.897945
233.333333 0.500000 0.500000 0.500000 0.000000 0.000000 0.000000 -35899.648172 3.540272
241.666667 0.500000 0.500000 0.500000 0.000000 0.000000 0.000000 -35542.270294 -0.119503
250.000000 0.500000 0.500000 0.500000 0.000000 0.000000 0.000000 -35133.413243 6.468093
258.333333 0.500000 0.500000 0.500000 0.000000 0.000000 0.000000 -34653.233127 3.256453
266.666667 0.500000 0.500000 0.500000 0.000000 0.000000 0.000000 -34241.035452 2.897945
275.000000 0.500000 0.500000 0.500000 0.000000 0.000000 0.000000 -33990.081486 1.434034
283.333333 0.500000 0.500000 0.500000 0.000000 0.000000 0.000000 -33465.216531 9.769359
291.666667 0.500000 0.500000 0.500000 0.000000 0.000000 0.000000 -33189.609963 17.985182
300.000000 0.500000 0.500000 0.500000 0.000000 0.000000 0.000000 -33286.264973 12.039914
300.000000 0.500000 0.500000 0.500000 0.000000 0.000000 0.000000 -33397.983092 9.814173
300.000000 0.500000 0.500000 0.500000 0.000000 0.000000 0.000000 -33565.063536 -5.512070
300.000000 0.500000 0.500000 0.500000 0.000000 0.000000 0.000000 -33504.141093 19.225024
300.000000 0.500000 0.500000 0.500000 0.000000 0.000000 0.000000 -33732.353844 -3.719527
300.000000 0.500000 0.500000 0.500000 0.000000 0.000000 0.000000 -33651.383633 30.234226
300.000000 0.500000 0.500000 0.500000 0.000000 0.000000 0.000000 -33726.524353 7.364364
300.000000 0.500000 0.500000 0.500000 0.000000 0.000000 0.000000 -33724.306755 -9.112094
300.000000 0.500000 0.500000 0.500000 0.000000 0.000000 0.000000 -33815.287667 11.561902
300.000000 0.500000 0.500000 0.500000 0.000000 0.000000 0.000000 -33698.629667 -2.673877
300.000000 0.500000 0.500000 0.500000 0.000000 0.000000 0.000000 -33777.709595 -1.209967
300.000000 0.500000 0.500000 0.500000 0.000000 0.000000 0.000000 -33722.809657 6.916228
300.000000 0.500000 0.500000 0.500000 0.000000 0.000000 0.000000 -33770.367222 -4.421606
300.000000 0.500000 0.500000 0.500000 0.000000 0.000000 0.000000 -33771.281536 -5.168499
300.000000 0.500000 0.500000 0.500000 0.000000 0.000000 0.000000 -33788.959055 0.179254
300.000000 0.500000 0.500000 0.500000 0.000000 0.000000 0.000000 -33809.843313 -22.361974
300.000000 0.500000 0.500000 0.500000 0.000000 0.000000 0.000000 -33806.844466 -18.493069
300.000000 0.500000 0.500000 0.500000 0.000000 0.000000 0.000000 -33684.837088 -3.883843
300.000000 0.500000 0.500000 0.500000 0.000000 0.000000 0.000000 -33735.153106 -6.468093
300.000000 0.500000 0.500000 0.500000 0.000000 0.000000 0.000000 -33714.432912 21.181883
300.000000 0.500000 0.500000 0.500000 0.000000 0.000000 0.000000 -33694.368129 10.859823
300.000000 0.500000 0.500000 0.500000 0.000000 0.000000 0.000000 -33707.425759 -6.617471
300.000000 0.500000 0.500000 0.500000 0.000000 0.000000 0.000000 -33647.348276 24.796845
300.000000 0.500000 0.500000 0.500000 0.000000 0.000000 0.000000 -33793.921520 -24.393523
300.000000 0.500000 0.500000 0.500000 0.000000 0.000000 0.000000 -33838.232381 9.515416
300.000000 0.500000 0.500000 0.500000 0.000000 0.000000 0.000000 -33728.456730 -5.138623
300.000000 0.500000 0.500000 0.500000 0.000000 0.000000 0.000000 -33723.837407 2.031549
300.000000 0.500000 0.500000 0.500000 0.000000 0.000000 0.000000 -33901.994360 2.300430
300.000000 0.500000 0.500000 0.500000 0.000000 0.000000 0.000000 -33922.847609 -18.537882
300.000000 0.500000 0.500000 0.500000 0.000000 0.000000 0.000000 -33852.449865 -7.065607
