300.000000 0.500000 0.500000 0.500000 0.000000 0.000000 0.000000 -33739.665036 -8.604207
300.000000 0.500000 0.500000 0.500000 0.000000 0.000000 0.000000 -33872.674880 -12.219168
300.000000 0.500000 0.500000 0.500000 0.000000 0.000000 0.000000 -33889.544682 16.013384
300.000000 0.500000 0.500000 0.500000 0.000000 0.000000 0.000000 -33773.352840 -4.944431
300.000000 0.500000 0.500000 0.500000 0.000000 0.000000 0.000000 -33681.341773 2.524498
300.000000 0.500000 0.500000 0.500000 0.000000 0.000000 0.000000 -33651.496340 -5.616635
300.000000 0.500000 0.500000 0.500000 0.000000 0.000000 0.000000 -33591.478723 -13.025813
300.000000 0.500000 0.500000 0.500000 0.000000 0.000000 0.000000 -33592.147819 1.314532
300.000000 0.500000 0.500000 0.500000 0.000000 0.000000 0.000000 -33661.134220 5.347753
300.000000 0.500000 0.500000 0.500000 0.000000 0.000000 0.000000 -33688.857470 0.522825
300.000000 0.500000 0.500000 0.500000 0.000000 0.000000 0.000000 -33622.239494 -5.556883
300.000000 0.500000 0.500000 0.500000 0.000000 0.000000 0.000000 -33718.776732 4.839866
300.000000 0.500000 0.500000 0.500000 0.000000 0.000000 0.000000 -33584.869406 -18.791826
300.000000 0.500000 0.500000 0.500000 0.000000 0.000000 0.000000 -33751.333532 1.882170
300.000000 0.500000 0.500000 0.500000 0.000000 0.000000 0.000000 -33784.171438 -8.424952
300.000000 0.500000 0.500000 0.500000 0.000000 0.000000 0.000000 -33725.075942 19.060707
300.000000 0.500000 0.500000 0.500000 0.000000 0.000000 0.000000 -33650.093115 18.164436
300.000000 0.500000 0.500000 0.500000 0.000000 0.000000 0.000000 -33771.698413 6.273901
300.000000 0.500000 0.500000 0.500000 0.000000 0.000000 0.000000 -33763.680372 16.028322
300.000000 0.500000 0.500000 0.500000 0.000000 0.000000 0.000000 -33824.386618 -13.055688
300.000000 0.500000 0.500000 0.500000 0.000000 0.000000 0.000000 -33826.976819 -0.791707
300.000000 0.500000 0.500000 0.500000 0.000000 0.000000 0.000000 -33775.817732 -11.845722
300.000000 0.500000 0.500000 0.500000 0.000000 0.000000 0.000000 -33916.939401 -4.003346
300.000000 0.500000 0.500000 0.500000 0.000000 0.000000 0.000000 -33857.016955 9.873924
300.000000 0.500000 0.500000 0.500000 0.000000 0.000000 0.000000 -33926.940312 7.319551
300.000000 0.500000 0.500000 0.500000 0.000000 0.000000 0.000000 -33811.184265 -7.857314
300.000000 0.500000 0.500000 0.500000 0.000000 0.000000 0.000000 -33807.353229 8.126195
300.000000 0.500000 0.500000 0.500000 0.000000 0.000000 0.000000 -33734.105790 -12.458174
300.000000 0.500000 0.500000 0.500000 0.000000 0.000000 0.000000 -33824.864892 -8.902964
300.000000 0.500000 0.500000 0.500000 0.000000 0.000000 0.000000 -33708.482198 8.798399
