300.000000 0.000000 0.000000 0.000000 0.000000 0.000000 0.000000 -37674.351564 846.243866
300.000000 0.002000 0.002000 0.002000 0.000000 0.000000 0.000000 -37607.780738 911.398205
300.000000 0.004000 0.004000 0.004000 0.000000 0.000000 0.000000 -37533.648007 936.619386
300.000000 0.006000 0.006000 0.006000 0.000000 0.000000 0.000000 -37572.716929 902.918146
300.000000 0.008000 0.008000 0.008000 0.000000 0.000000 0.000000 -37636.341935 907.176547
300.000000 0.010000 0.010000 0.010000 0.000000 0.000000 0.000000 -37687.472262 921.038024
300.000000 0.012000 0.012000 0.012000 0.000000 0.000000 0.000000 -37698.516555 791.139698
300.000000 0.014000 0.014000 0.014000 0.000000 0.000000 0.000000 -37705.608847 907.933203
300.000000 0.016000 0.016000 0.016000 0.000000 0.000000 0.000000 -37787.227779 661.943611
300.000000 0.018000 0.018000 0.018000 0.000000 0.000000 0.000000 -37624.316241 704.386398
300.000000 0.020000 0.020000 0.020000 0.000000 0.000000 0.000000 -37706.851990 102.522797
300.000000 0.022000 0.022000 0.022000 0.000000 0.000000 0.000000 -37660.479112 140.774043
300.000000 0.024000 0.024000 0.024000 0.000000 0.000000 0.000000 -37600.350203 231.375092
300.000000 0.026000 0.026000 0.026000 0.000000 0.000000 0.000000 -37578.594477 138.396697
300.000000 0.028000 0.028000 0.028000 0.000000 0.000000 0.000000 -37574.346937 168.183400
300.000000 0.030000 0.030000 0.030000 0.000000 0.000000 0.000000 -37608.870449 109.105925
300.000000 0.032000 0.032000 0.032000 0.000000 0.000000 0.000000 -37702.751981 180.853092
300.000000 0.034000 0.034000 0.034000 0.000000 0.000000 0.000000 -37647.130437 129.915120
300.000000 0.036000 0.036000 0.036000 0.000000 0.000000 0.000000 -37586.086486 129.830683
300.000000 0.038000 0.038000 0.038000 0.000000 0.000000 0.000000 -37675.747505 113.036398
300.000000 0.040000 0.040000 0.040000 0.000000 0.000000 0.000000 -37511.231310 95.169194
300.000000 0.042000 0.042000 0.042000 0.000000 0.000000 0.000000 -37480.457582 116.809804
300.000000 0.044000 0.044000 0.044000 0.000000 0.000000 0.000000 -37592.633989 166.694831
300.000000 0.046000 0.046000 0.046000 0.000000 0.000000 0.000000 -37603.985278 101.285292
300.000000 0.048000 0.048000 0.048000 0.000000 0.000000 0.000000 -37637.861220 83.165461
300.000000 0.050000 0.050000 0.050000 0.000000 0.000000 0.000000 -37640.164417 73.134040
300.000000 0.052000 0.052000 0.052000 0.000000 0.000000 0.000000 -37872.850995 117.305927
300.000000 0.054000 0.054000 0.054000 0.000000 0.000000 0.000000 -37766.358049 79.960109
300.000000 0.056000 0.056000 0.056000 0.000000 0.000000 0.000000 -37739.281601 60.076108
300.000000 0.058000 0.058000 0.058000 0.000000 0.000000 0.000000 -37611.231583 61.810609
300.000000 0.060000 0.060000 0.060000 0.000000 0.000000 0.000000 -37620.765576 94.819817
300.000000 0.062000 0.062000 0.062000 0.000000 0.000000 0.000000 -37697.399479 80.660589
300.000000 0.064000 0.064000 0.064000 0.000000 0.000000 0.000000 -37532.927834 77.476076
300.000000 0.066000 0.066000 0.066000 0.000000 0.000000 0.000000 -37597.748991 63.520241
300.000000 0.068000 0.068000 0.068000 0.000000 0.000000 0.000000 -37598.187877 82.296852
300.000000 0.070000 0.070000 0.070000 0.000000 0.000000 0.000000 -37558.836209 86.149176
300.000000 0.072000 0.072000 0.072000 0.000000 0.000000 0.000000 -37645.942126 61.653152
300.000000 0.074000 0.074000 0.074000 0.000000 0.000000 0.000000 -37557.950412 90.746533
300.000000 0.076000 0.076000 0.076000 0.000000 0.000000 0.000000 -37554.191136 56.888845
300.000000 0.078000 0.078000 0.078000 0.000000 0.000000 0.000000 -37536.472064 80.378891
300.000000 0.080000 0.080000 0.080000 0.000000 0.000000 0.000000 -37514.140385 54.413348
300.000000 0.082000 0.082000 0.082000 0.000000 0.000000 0.000000 -37720.184989 82.879370
300.000000 0.084000 0.084000 0.084000 0.000000 0.000000 0.000000 -37708.427087 68.776018
300.000000 0.086000 0.086000 0.086000 0.000000 0.000000 0.000000 -37690.384084 85.655161
300.000000 0.088000 0.088000 0.088000 0.000000 0.000000 0.000000 -37687.850082 59.175552
300.000000 0.090000 0.090000 0.090000 0.000000 0.000000 0.000000 -37807.484164 40.554296
300.000000 0.092000 0.092000 0.092000 0.000000 0.000000 0.000000 -37760.923778 90.368296
300.000000 0.094000 0.094000 0.094000 0.000000 0.000000 0.000000 -37864.868322 60.994698
300.000000 0.096000 0.096000 0.096000 0.000000 0.000000 0.000000 -37732.178995 44.493246
300.000000 0.098000 0.098000 0.098000 0.000000 0.000000 0.000000 -37828.723383 47.941549
300.000000 0.100000 0.100000 0.100000 0.000000 0.000000 0.000000 -37699.478978 43.087941
300.000000 0.102000 0.102000 0.102000 0.000000 0.000000 0.000000 -37685.429864 46.966921
300.000000 0.104000 0.104000 0.104000 0.000000 0.000000 0.000000 -37847.268513 42.257751
300.000000 0.106000 0.106000 0.106000 0.000000 0.000000 0.000000 -37688.237061 36.880912
300.000000 0.108000 0.108000 0.108000 0.000000 0.000000 0.000000 -37704.692281 39.315408
300.000000 0.110000 0.110000 0.110000 0.000000 0.000000 0.000000 -37823.428623 32.899332
300.000000 0.112000 0.112000 0.112000 0.000000 0.000000 0.000000 -37854.105943 42.705694
300.000000 0.114000 0.114000 0.114000 0.000000 0.000000 0.000000 -37738.048467 31.879123
300.000000 0.116000 0.116000 0.116000 0.000000 0.000000 0.000000 -37712.006736 32.588533
300.000000 0.118000 0.118000 0.118000 0.000000 0.000000 0.000000 -37740.544321 53.625268
300.000000 0.120000 0.120000 0.120000 0.000000 0.000000 0.000000 -37705.181540 40.661524
300.000000 0.122000 0.122000 0.122000 0.000000 0.000000 0.000000 -37696.506876 45.697013
300.000000 0.124000 0.124000 0.124000 0.000000 0.000000 0.000000 -37934.124290 39.511590
300.000000 0.126000 0.126000 0.126000 0.000000 0.000000 0.000000 -37849.189223 48.185718
300.000000 0.128000 0.128000 0.128000 0.000000 0.000000 0.000000 -37810.849496 25.860768
300.000000 0.130000 0.130000 0.130000 0.000000 0.000000 0.000000 -37676.930932 10.916538
300.000000 0.132000 0.132000 0.132000 0.000000 0.000000 0.000000 -37665.311299 40.958128
300.000000 0.134000 0.134000 0.134000 0.000000 0.000000 0.000000 -37523.335935 52.252338
300.000000 0.136000 0.136000 0.136000 0.000000 0.000000 0.000000 -37699.079293 40.248220
300.000000 0.138000 0.138000 0.138000 0.000000 0.000000 0.000000 -37411.130392 41.027496
300.000000 0.140000 0.140000 0.140000 0.000000 0.000000 0.000000 -37468.132873 58.613795
300.000000 0.142000 0.142000 0.142000 0.000000 0.000000 0.000000 -37490.821679 56.061779
300.000000 0.144000 0.144000 0.144000 0.000000 0.000000 0.000000 -37453.874497 30.712546
300.000000 0.146000 0.146000 0.146000 0.000000 0.000000 0.000000 -37522.359843 24.788824
300.000000 0.148000 0.148000 0.148000 0.000000 0.000000 0.000000 -37651.753065 32.850993
300.000000 0.150000 0.150000 0.150000 0.000000 0.000000 0.000000 -37753.364909 50.020399
300.000000 0.152000 0.152000 0.152000 0.000000 0.000000 0.000000 -37713.150909 36.710272
300.000000 0.154000 0.154000 0.154000 0.000000 0.000000 0.000000 -37655.621917 26.254394
300.000000 0.156000 0.156000 0.156000 0.000000 0.000000 0.000000 -37722.026370 29.298609
300.000000 0.158000 0.158000 0.158000 0.000000 0.000000 0.000000 -37676.205093 42.142189
300.000000 0.160000 0.160000 0.160000 0.000000 0.000000 0.000000 -37652.236808 27.470040
300.000000 0.162000 0.162000 0.162000 0.000000 0.000000 0.000000 -37587.381455 41.479226
300.000000 0.164000 0.164000 0.164000 0.000000 0.000000 0.000000 -37528.896174 41.961980
300.000000 0.166000 0.166000 0.166000 0.000000 0.000000 0.000000 -37584.059516 19.475516
300.000000 0.168000 0.168000 0.168000 0.000000 0.000000 0.000000 -37730.024697 23.810361
300.000000 0.170000 0.170000 0.170000 0.000000 0.000000 0.000000 -37792.875908 22.411730
300.000000 0.172000 0.172000 0.172000 0.000000 0.000000 0.000000 -37718.589805 51.775274
300.000000 0.174000 0.174000 0.174000 0.000000 0.000000 0.000000 -37600.425137 35.338451
300.000000 0.176000 0.176000 0.176000 0.000000 0.000000 0.000000 -37735.742476 31.216779
300.000000 0.178000 0.178000 0.178000 0.000000 0.000000 0.000000 -37678.805713 25.914863
300.000000 0.180000 0.180000 0.180000 0.000000 0.000000 0.000000 -37706.384131 28.428759
300.000000 0.182000 0.182000 0.182000 0.000000 0.000000 0.000000 -37614.975581 19.467668
300.000000 0.184000 0.184000 0.184000 0.000000 0.000000 0.000000 -37397.181255 25.947577
300.000000 0.186000 0.186000 0.186000 0.000000 0.000000 0.000000 -37511.780370 29.927953
300.000000 0.188000 0.188000 0.188000 0.000000 0.000000 0.000000 -37556.284032 22.164751
300.000000 0.190000 0.190000 0.190000 0.000000 0.000000 0.000000 -37555.757866 36.335176
300.000000 0.192000 0.192000 0.192000 0.000000 0.000000 0.000000 -37660.021245 59.045965
300.000000 0.194000 0.194000 0.194000 0.000000 0.000000 0.000000 -37582.859283 28.235845
300.000000 0.196000 0.196000 0.196000 0.000000 0.000000 0.000000 -37589.470523 25.606573
300.000000 0.198000 0.198000 0.198000 0.000000 0.000000 0.000000 -37766.580919 40.289997
300.000000 0.200000 0.200000 0.200000 0.000000 0.000000 0.000000 -37651.752203 24.682549
300.000000 0.202000 0.202000 0.202000 0.000000 0.000000 0.000000 -37701.323518 35.055639
300.000000 0.204000 0.204000 0.204000 0.000000 0.000000 0.000000 -37640.745731 32.322774
300.000000 0.206000 0.206000 0.206000 0.000000 0.000000 0.000000 -37677.701688 26.966390
300.000000 0.208000 0.208000 0.208000 0.000000 0.000000 0.000000 -37689.904467 14.844959
300.000000 0.210000 0.210000 0.210000 0.000000 0.000000 0.000000 -37766.728151 20.429295
300.000000 0.212000 0.212000 0.212000 0.000000 0.000000 0.000000 -37616.725521 9.625832
300.000000 0.214000 0.214000 0.214000 0.000000 0.000000 0.000000 -37670.745021 24.004242
300.000000 0.216000 0.216000 0.216000 0.000000 0.000000 0.000000 -37533.222319 23.229699
300.000000 0.218000 0.218000 0.218000 0.000000 0.000000 0.000000 -37488.215990 25.328746
300.000000 0.220000 0.220000 0.220000 0.000000 0.000000 0.000000 -37539.039455 18.628286
300.000000 0.222000 0.222000 0.222000 0.000000 0.000000 0.000000 -37698.715400 24.727202
300.000000 0.224000 0.224000 0.224000 0.000000 0.000000 0.000000 -37662.223185 28.705021
300.000000 0.226000 0.226000 0.226000 0.000000 0.000000 0.000000 -37652.882400 20.644928
300.000000 0.228000 0.228000 0.228000 0.000000 0.000000 0.000000 -37655.788601 14.546988
300.000000 0.230000 0.230000 0.230000 0.000000 0.000000 0.000000 -37657.546490 24.394091
300.000000 0.232000 0.232000 0.232000 0.000000 0.000000 0.000000 -37657.830321 1.538842
300.000000 0.234000 0.234000 0.234000 0.000000 0.000000 0.000000 -37707.199165 26.720625
300.000000 0.236000 0.236000 0.236000 0.000000 0.000000 0.000000 -37679.109105 24.267298
300.000000 0.238000 0.238000 0.238000 0.000000 0.000000 0.000000 -37597.015179 6.824261
300.000000 0.240000 0.240000 0.240000 0.000000 0.000000 0.000000 -37646.394056 13.593012
300.000000 0.242000 0.242000 0.242000 0.000000 0.000000 0.000000 -37529.433487 38.877612
300.000000 0.244000 0.244000 0.244000 0.000000 0.000000 0.000000 -37482.037607 18.213418
300.000000 0.246000 0.246000 0.246000 0.000000 0.000000 0.000000 -37403.848658 26.748603
300.000000 0.248000 0.248000 0.248000 0.000000 0.000000 0.000000 -37450.712695 9.033518
300.000000 0.250000 0.250000 0.250000 0.000000 0.000000 0.000000 -37495.527168 16.365942
300.000000 0.252000 0.252000 0.252000 0.000000 0.000000 0.000000 -37528.410054 23.253455
300.000000 0.254000 0.254000 0.254000 0.000000 0.000000 0.000000 -37555.108226 28.370841
300.000000 0.256000 0.256000 0.256000 0.000000 0.000000 0.000000 -37574.032073 22.614154
300.000000 0.258000 0.258000 0.258000 0.000000 0.000000 0.000000 -37527.294826 18.695605
300.000000 0.260000 0.260000 0.260000 0.000000 0.000000 0.000000 -37539.439054 12.134980
300.000000 0.262000 0.262000 0.262000 0.000000 0.000000 0.000000 -37498.471519 36.050246
300.000000 0.264000 0.264000 0.264000 0.000000 0.000000 0.000000 -37491.534000 22.548244
300.000000 0.266000 0.266000 0.266000 0.000000 0.000000 0.000000 -37503.412840 30.831344
300.000000 0.268000 0.268000 0.268000 0.000000 0.000000 0.000000 -37637.479915 27.635353
300.000000 0.270000 0.270000 0.270000 0.000000 0.000000 0.000000 -37818.529424 24.405979
300.000000 0.272000 0.272000 0.272000 0.000000 0.000000 0.000000 -37640.391078 26.529847
300.000000 0.274000 0.274000 0.274000 0.000000 0.000000 0.000000 -37601.647657 26.170476
300.000000 0.276000 0.276000 0.276000 0.000000 0.000000 0.000000 -37704.721375 13.916453
300.000000 0.278000 0.278000 0.278000 0.000000 0.000000 0.000000 -37573.835857 8.864388
300.000000 0.280000 0.280000 0.280000 0.000000 0.000000 0.000000 -37714.718221 14.240532
300.000000 0.282000 0.282000 0.282000 0.000000 0.000000 0.000000 -37590.222692 -1.751351
300.000000 0.284000 0.284000 0.284000 0.000000 0.000000 0.000000 -37693.302661 18.110236
300.000000 0.286000 0.286000 0.286000 0.000000 0.000000 0.000000 -37707.625036 3.628839
300.000000 0.288000 0.288000 0.288000 0.000000 0.000000 0.000000 -37633.852263 13.069645
300.000000 0.290000 0.290000 0.290000 0.000000 0.000000 0.000000 -37518.285437 14.835036
300.000000 0.292000 0.292000 0.292000 0.000000 0.000000 0.000000 -37778.501435 -1.173655
300.000000 0.294000 0.294000 0.294000 0.000000 0.000000 0.000000 -37657.189896 18.105043
300.000000 0.296000 0.296000 0.296000 0.000000 0.000000 0.000000 -37514.435037 32.897835
300.000000 0.298000 0.298000 0.298000 0.000000 0.000000 0.000000 -37497.755515 36.081172
300.000000 0.300000 0.300000 0.300000 0.000000 0.000000 0.000000 -37453.636162 10.288054
300.000000 0.302000 0.302000 0.302000 0.000000 0.000000 0.000000 -37599.608130 20.590377
300.000000 0.304000 0.304000 0.304000 0.000000 0.000000 0.000000 -37528.952975 23.642787
300.000000 0.306000 0.306000 0.306000 0.000000 0.000000 0.000000 -37443.811477 12.130170
300.000000 0.308000 0.308000 0.308000 0.000000 0.000000 0.000000 -37446.672683 18.666482
300.000000 0.310000 0.310000 0.310000 0.000000 0.000000 0.000000 -37501.694441 18.061176
300.000000 0.312000 0.312000 0.312000 0.000000 0.000000 0.000000 -37590.202301 -5.123467
300.000000 0.314000 0.314000 0.314000 0.000000 0.000000 0.000000 -37674.481829 15.092041
300.000000 0.316000 0.316000 0.316000 0.000000 0.000000 0.000000 -37609.418477 18.564220
300.000000 0.318000 0.318000 0.318000 0.000000 0.000000 0.000000 -37618.625769 11.697024
300.000000 0.320000 0.320000 0.320000 0.000000 0.000000 0.000000 -37602.284952 15.057287
300.000000 0.322000 0.322000 0.322000 0.000000 0.000000 0.000000 -37672.456045 8.118311
300.000000 0.324000 0.324000 0.324000 0.000000 0.000000 0.000000 -37644.822651 5.755530
300.000000 0.326000 0.326000 0.326000 0.000000 0.000000 0.000000 -37589.737655 17.238847
300.000000 0.328000 0.328000 0.328000 0.000000 0.000000 0.000000 -37526.714737 22.191972
300.000000 0.330000 0.330000 0.330000 0.000000 0.000000 0.000000 -37608.936947 13.801339
300.000000 0.332000 0.332000 0.332000 0.000000 0.000000 0.000000 -37652.548450 7.037644
300.000000 0.334000 0.334000 0.334000 0.000000 0.000000 0.000000 -37691.031153 3.821982
300.000000 0.336000 0.336000 0.336000 0.000000 0.000000 0.000000 -37649.134189 2.924526
300.000000 0.338000 0.338000 0.338000 0.000000 0.000000 0.000000 -37688.088146 17.013268
300.000000 0.340000 0.340000 0.340000 0.000000 0.000000 0.000000 -37643.605592 13.728682
300.000000 0.342000 0.342000 0.342000 0.000000 0.000000 0.000000 -37683.096907 -1.686655
300.000000 0.344000 0.344000 0.344000 0.000000 0.000000 0.000000 -37803.215008 7.251823
300.000000 0.346000 0.346000 0.346000 0.000000 0.000000 0.000000 -37608.458421 6.858953
300.000000 0.348000 0.348000 0.348000 0.000000 0.000000 0.000000 -37543.875302 1.645753
300.000000 0.350000 0.350000 0.350000 0.000000 0.000000 0.000000 -37750.598742 11.853318
300.000000 0.352000 0.352000 0.352000 0.000000 0.000000 0.000000 -37713.609676 5.216325
300.000000 0.354000 0.354000 0.354000 0.000000 0.000000 0.000000 -37779.854119 19.074685
300.000000 0.356000 0.356000 0.356000 0.000000 0.000000 0.000000 -37641.092842 29.142387
300.000000 0.358000 0.358000 0.358000 0.000000 0.000000 0.000000 -37653.665270 4.450029
300.000000 0.360000 0.360000 0.360000 0.000000 0.000000 0.000000 -37593.081166 26.165662
300.000000 0.362000 0.362000 0.362000 0.000000 0.000000 0.000000 -37597.382922 5.671668
300.000000 0.364000 0.364000 0.364000 0.000000 0.000000 0.000000 -37753.173863 1.544470
300.000000 0.366000 0.366000 0.366000 0.000000 0.000000 0.000000 -37814.617030 11.214644
300.000000 0.368000 0.368000 0.368000 0.000000 0.000000 0.000000 -37823.326364 -0.671324
300.000000 0.370000 0.370000 0.370000 0.000000 0.000000 0.000000 -37755.450514 3.330882
300.000000 0.372000 0.372000 0.372000 0.000000 0.000000 0.000000 -37669.782603 -2.154200
300.000000 0.374000 0.374000 0.374000 0.000000 0.000000 0.000000 -37651.309508 5.874904
300.000000 0.376000 0.376000 0.376000 0.000000 0.000000 0.000000 -37554.534454 5.725177
300.000000 0.378000 0.378000 0.378000 0.000000 0.000000 0.000000 -37501.257726 12.251854
300.000000 0.380000 0.380000 0.380000 0.000000 0.000000 0.000000 -37480.574014 0.434008
300.000000 0.382000 0.382000 0.382000 0.000000 0.000000 0.000000 -37683.934820 10.035665
300.000000 0.384000 0.384000 0.384000 0.000000 0.000000 0.000000 -37636.079664 -0.666334
300.000000 0.386000 0.386000 0.386000 0.000000 0.000000 0.000000 -37629.971915 10.308135
300.000000 0.388000 0.388000 0.388000 0.000000 0.000000 0.000000 -37574.690302 10.990761
300.000000 0.390000 0.390000 0.390000 0.000000 0.000000 0.000000 -37577.652432 15.267096
300.000000 0.392000 0.392000 0.392000 0.000000 0.000000 0.000000 -37630.347735 1.417419
300.000000 0.394000 0.394000 0.394000 0.000000 0.000000 0.000000 -37645.570505 -0.170362
300.000000 0.396000 0.396000 0.396000 0.000000 0.000000 0.000000 -37809.953626 -3.989030
300.000000 0.398000 0.398000 0.398000 0.000000 0.000000 0.000000 -37802.370006 1.661638
300.000000 0.400000 0.400000 0.400000 0.000000 0.000000 0.000000 -37591.527064 26.065248
300.000000 0.402000 0.402000 0.402000 0.000000 0.000000 0.000000 -37687.807618 0.439359
300.000000 0.404000 0.404000 0.404000 0.000000 0.000000 0.000000 -37702.934691 6.364434
300.000000 0.406000 0.406000 0.406000 0.000000 0.000000 0.000000 -37868.818930 5.405348
300.000000 0.408000 0.408000 0.408000 0.000000 0.000000 0.000000 -37726.022191 13.494378
300.000000 0.410000 0.410000 0.410000 0.000000 0.000000 0.000000 -37849.873012 0.210850
300.000000 0.412000 0.412000 0.412000 0.000000 0.000000 0.000000 -37701.285631 7.485053
300.000000 0.414000 0.414000 0.414000 0.000000 0.000000 0.000000 -37730.614009 -1.933169
300.000000 0.416000 0.416000 0.416000 0.000000 0.000000 0.000000 -37609.860410 2.984730
300.000000 0.418000 0.418000 0.418000 0.000000 0.000000 0.000000 -37686.390909 -5.197636
300.000000 0.420000 0.420000 0.420000 0.000000 0.000000 0.000000 -37735.301559 -2.736638
300.000000 0.422000 0.422000 0.422000 0.000000 0.000000 0.000000 -37757.232977 6.940394
300.000000 0.424000 0.424000 0.424000 0.000000 0.000000 0.000000 -37860.550155 13.307357
300.000000 0.426000 0.426000 0.426000 0.000000 0.000000 0.000000 -37607.626926 13.162317
300.000000 0.428000 0.428000 0.428000 0.000000 0.000000 0.000000 -37667.793616 3.124594
300.000000 0.430000 0.430000 0.430000 0.000000 0.000000 0.000000 -37618.928970 -0.128268
300.000000 0.432000 0.432000 0.432000 0.000000 0.000000 0.000000 -37627.767655 3.913033
300.000000 0.434000 0.434000 0.434000 0.000000 0.000000 0.000000 -37829.821522 4.047219
300.000000 0.436000 0.436000 0.436000 0.000000 0.000000 0.000000 -37694.252753 4.946366
300.000000 0.438000 0.438000 0.438000 0.000000 0.000000 0.000000 -37749.741511 11.962971
300.000000 0.440000 0.440000 0.440000 0.000000 0.000000 0.000000 -37650.914410 2.654284
300.000000 0.442000 0.442000 0.442000 0.000000 0.000000 0.000000 -37716.998052 -4.980081
300.000000 0.444000 0.444000 0.444000 0.000000 0.000000 0.000000 -37624.651647 -0.768997
300.000000 0.446000 0.446000 0.446000 0.000000 0.000000 0.000000 -37596.044773 3.993128
300.000000 0.448000 0.448000 0.448000 0.000000 0.000000 0.000000 -37717.838257 3.303404
300.000000 0.450000 0.450000 0.450000 0.000000 0.000000 0.000000 -37725.465607 3.232886
300.000000 0.452000 0.452000 0.452000 0.000000 0.000000 0.000000 -37705.832671 4.147902
300.000000 0.454000 0.454000 0.454000 0.000000 0.000000 0.000000 -37653.063522 11.661254
300.000000 0.456000 0.456000 0.456000 0.000000 0.000000 0.000000 -37643.816715 4.508273
300.000000 0.458000 0.458000 0.458000 0.000000 0.000000 0.000000 -37763.271075 0.429289
300.000000 0.460000 0.460000 0.460000 0.000000 0.000000 0.000000 -37663.583243 0.752765
300.000000 0.462000 0.462000 0.462000 0.000000 0.000000 0.000000 -37667.207712 10.842286
300.000000 0.464000 0.464000 0.464000 0.000000 0.000000 0.000000 -37682.904654 5.238957
300.000000 0.466000 0.466000 0.466000 0.000000 0.000000 0.000000 -37714.922095 -0.253146
300.000000 0.468000 0.468000 0.468000 0.000000 0.000000 0.000000 -37723.188158 1.687636
300.000000 0.470000 0.470000 0.470000 0.000000 0.000000 0.000000 -37758.573568 8.305060
300.000000 0.472000 0.472000 0.472000 0.000000 0.000000 0.000000 -37744.592162 -3.499072
300.000000 0.474000 0.474000 0.474000 0.000000 0.000000 0.000000 -37711.489322 -11.972883
300.000000 0.476000 0.476000 0.476000 0.000000 0.000000 0.000000 -37681.209138 -13.282118
300.000000 0.478000 0.478000 0.478000 0.000000 0.000000 0.000000 -37708.715088 -11.636235
300.000000 0.480000 0.480000 0.480000 0.000000 0.000000 0.000000 -37657.089732 1.164804
300.000000 0.482000 0.482000 0.482000 0.000000 0.000000 0.000000 -37586.202107 3.899637
300.000000 0.484000 0.484000 0.484000 0.000000 0.000000 0.000000 -37560.701638 3.218127
300.000000 0.486000 0.486000 0.486000 0.000000 0.000000 0.000000 -37489.985531 1.961950
300.000000 0.488000 0.488000 0.488000 0.000000 0.000000 0.000000 -37515.183930 -6.250188
300.000000 0.490000 0.490000 0.490000 0.000000 0.000000 0.000000 -37423.486034 3.143448
300.000000 0.492000 0.492000 0.492000 0.000000 0.000000 0.000000 -37618.262347 -7.940946
300.000000 0.494000 0.494000 0.494000 0.000000 0.000000 0.000000 -37658.929772 2.090741
300.000000 0.496000 0.496000 0.496000 0.000000 0.000000 0.000000 -37642.162048 6.351881
300.000000 0.498000 0.498000 0.498000 0.000000 0.000000 0.000000 -37628.541508 0.029407
