300.000000 0.000000 0.000000 0.000000 0.000000 0.000000 0.000000 -33134.711871 846.431886
300.000000 0.002000 0.002000 0.002000 0.000000 0.000000 0.000000 -33252.838757 859.311299
300.000000 0.004000 0.004000 0.004000 0.000000 0.000000 0.000000 -33212.659762 952.807831
300.000000 0.006000 0.006000 0.006000 0.000000 0.000000 0.000000 -33144.037953 898.938699
300.000000 0.008000 0.008000 0.008000 0.000000 0.000000 0.000000 -33144.766512 876.372808
300.000000 0.010000 0.010000 0.010000 0.000000 0.000000 0.000000 -33232.940466 839.882919
300.000000 0.012000 0.012000 0.012000 0.000000 0.000000 0.000000 -33125.359257 863.160693
300.000000 0.014000 0.014000 0.014000 0.000000 0.000000 0.000000 -33125.440788 694.954923
300.000000 0.016000 0.016000 0.016000 0.000000 0.000000 0.000000 -33144.827927 822.978240
300.000000 0.018000 0.018000 0.018000 0.000000 0.000000 0.000000 -33267.798840 240.604589
300.000000 0.020000 0.020000 0.020000 0.000000 0.000000 0.000000 -33233.359252 211.567193
300.000000 0.022000 0.022000 0.022000 0.000000 0.000000 0.000000 -33123.927126 329.901766
300.000000 0.024000 0.024000 0.024000 0.000000 0.000000 0.000000 -33058.884417 146.556916
300.000000 0.026000 0.026000 0.026000 0.000000 0.000000 0.000000 -33141.649623 125.198822
300.000000 0.028000 0.028000 0.028000 0.000000 0.000000 0.000000 -33115.327919 275.612252
300.000000 0.030000 0.030000 0.030000 0.000000 0.000000 0.000000 -33128.511631 284.705202
300.000000 0.032000 0.032000 0.032000 0.000000 0.000000 0.000000 -33152.918179 217.699950
300.000000 0.034000 0.034000 0.034000 0.000000 0.000000 0.000000 -33116.548695 126.420930
300.000000 0.036000 0.036000 0.036000 0.000000 0.000000 0.000000 -33151.575652 162.296417
300.000000 0.038000 0.038000 0.038000 0.000000 0.000000 0.000000 -33086.306346 127.667789
300.000000 0.040000 0.040000 0.040000 0.000000 0.000000 0.000000 -33080.101011 128.575631
300.000000 0.042000 0.042000 0.042000 0.000000 0.000000 0.000000 -33116.354575 162.688782
300.000000 0.044000 0.044000 0.044000 0.000000 0.000000 0.000000 -33271.754773 87.627098
300.000000 0.046000 0.046000 0.046000 0.000000 0.000000 0.000000 -33253.133741 116.042668
300.000000 0.048000 0.048000 0.048000 0.000000 0.000000 0.000000 -33275.242682 115.693545
300.000000 0.050000 0.050000 0.050000 0.000000 0.000000 0.000000 -33310.786723 112.424186
300.000000 0.052000 0.052000 0.052000 0.000000 0.000000 0.000000 -33308.806925 127.631823
300.000000 0.054000 0.054000 0.054000 0.000000 0.000000 0.000000 -33275.122838 82.888627
300.000000 0.056000 0.056000 0.056000 0.000000 0.000000 0.000000 -33197.666979 95.971368
300.000000 0.058000 0.058000 0.058000 0.000000 0.000000 0.000000 -33091.153135 109.432662
300.000000 0.060000 0.060000 0.060000 0.000000 0.000000 0.000000 -33189.472283 116.406868
300.000000 0.062000 0.062000 0.062000 0.000000 0.000000 0.000000 -33310.294947 74.746089
300.000000 0.064000 0.064000 0.064000 0.000000 0.000000 0.000000 -33279.169338 67.048543
300.000000 0.066000 0.066000 0.066000 0.000000 0.000000 0.000000 -33276.948789 129.073487
300.000000 0.068000 0.068000 0.068000 0.000000 0.000000 0.000000 -33240.047247 80.967646
300.000000 0.070000 0.070000 0.070000 0.000000 0.000000 0.000000 -33366.231932 96.552214
300.000000 0.072000 0.072000 0.072000 0.000000 0.000000 0.000000 -33293.403431 105.279766
300.000000 0.074000 0.074000 0.074000 0.000000 0.000000 0.000000 -33314.075743 86.289045
300.000000 0.076000 0.076000 0.076000 0.000000 0.000000 0.000000 -33312.889919 64.877100
300.000000 0.078000 0.078000 0.078000 0.000000 0.000000 0.000000 -33141.490424 64.252409
300.000000 0.080000 0.080000 0.080000 0.000000 0.000000 0.000000 -33258.053933 75.224966
300.000000 0.082000 0.082000 0.082000 0.000000 0.000000 0.000000 -33384.370361 89.317576
300.000000 0.084000 0.084000 0.084000 0.000000 0.000000 0.000000 -33292.462551 95.967449
300.000000 0.086000 0.086000 0.086000 0.000000 0.000000 0.000000 -33302.595412 86.316561
300.000000 0.088000 0.088000 0.088000 0.000000 0.000000 0.000000 -33235.368015 67.638164
300.000000 0.090000 0.090000 0.090000 0.000000 0.000000 0.000000 -33332.582965 85.430126
300.000000 0.092000 0.092000 0.092000 0.000000 0.000000 0.000000 -33307.918186 81.558285
300.000000 0.094000 0.094000 0.094000 0.000000 0.000000 0.000000 -33212.894825 65.310429
300.000000 0.096000 0.096000 0.096000 0.000000 0.000000 0.000000 -33249.011965 62.112178
300.000000 0.098000 0.098000 0.098000 0.000000 0.000000 0.000000 -33187.789812 99.923613
300.000000 0.100000 0.100000 0.100000 0.000000 0.000000 0.000000 -33144.323067 86.527666
300.000000 0.102000 0.102000 0.102000 0.000000 0.000000 0.000000 -33205.124913 44.581532
300.000000 0.104000 0.104000 0.104000 0.000000 0.000000 0.000000 -33150.176536 117.352104
300.000000 0.106000 0.106000 0.106000 0.000000 0.000000 0.000000 -33133.939612 108.800725
300.000000 0.108000 0.108000 0.108000 0.000000 0.000000 0.000000 -33087.376626 73.840228
300.000000 0.110000 0.110000 0.110000 0.000000 0.000000 0.000000 -32995.138073 71.685521
300.000000 0.112000 0.112000 0.112000 0.000000 0.000000 0.000000 -33117.737903 54.025649
300.000000 0.114000 0.114000 0.114000 0.000000 0.000000 0.000000 -33130.366007 68.109624
300.000000 0.116000 0.116000 0.116000 0.000000 0.000000 0.000000 -33133.567761 78.752696
300.000000 0.118000 0.118000 0.118000 0.000000 0.000000 0.000000 -33172.448862 50.772288
300.000000 0.120000 0.120000 0.120000 0.000000 0.000000 0.000000 -33153.629336 89.183432
300.000000 0.122000 0.122000 0.122000 0.000000 0.000000 0.000000 -33131.642380 82.494868
300.000000 0.124000 0.124000 0.124000 0.000000 0.000000 0.000000 -33277.676285 56.311747
300.000000 0.126000 0.126000 0.126000 0.000000 0.000000 0.000000 -33183.618374 71.291525
300.000000 0.128000 0.128000 0.128000 0.000000 0.000000 0.000000 -33126.593122 63.989277
300.000000 0.130000 0.130000 0.130000 0.000000 0.000000 0.000000 -33067.106144 53.774845
300.000000 0.132000 0.132000 0.132000 0.000000 0.000000 0.000000 -33097.572532 55.454920
300.000000 0.134000 0.134000 0.134000 0.000000 0.000000 0.000000 -33130.725741 28.435140
300.000000 0.136000 0.136000 0.136000 0.000000 0.000000 0.000000 -33124.627547 57.516060
300.000000 0.138000 0.138000 0.138000 0.000000 0.000000 0.000000 -33054.296578 80.713162
300.000000 0.140000 0.140000 0.140000 0.000000 0.000000 0.000000 -33116.887230 70.253136
300.000000 0.142000 0.142000 0.142000 0.000000 0.000000 0.000000 -33096.273089 80.208106
300.000000 0.144000 0.144000 0.144000 0.000000 0.000000 0.000000 -33009.776572 68.800996
300.000000 0.146000 0.146000 0.146000 0.000000 0.000000 0.000000 -33223.222743 73.369776
300.000000 0.148000 0.148000 0.148000 0.000000 0.000000 0.000000 -33262.833350 62.507016
300.000000 0.150000 0.150000 0.150000 0.000000 0.000000 0.000000 -33187.161115 70.282418
300.000000 0.152000 0.152000 0.152000 0.000000 0.000000 0.000000 -33176.193599 78.405205
300.000000 0.154000 0.154000 0.154000 0.000000 0.000000 0.000000 -33216.411537 70.096532
300.000000 0.156000 0.156000 0.156000 0.000000 0.000000 0.000000 -33194.319488 56.456034
300.000000 0.158000 0.158000 0.158000 0.000000 0.000000 0.000000 -33178.009836 39.637600
300.000000 0.160000 0.160000 0.160000 0.000000 0.000000 0.000000 -33147.978671 56.030250
300.000000 0.162000 0.162000 0.162000 0.000000 0.000000 0.000000 -33146.412292 58.950982
300.000000 0.164000 0.164000 0.164000 0.000000 0.000000 0.000000 -33159.801191 62.185658
300.000000 0.166000 0.166000 0.166000 0.000000 0.000000 0.000000 -33084.860420 43.138360
300.000000 0.168000 0.168000 0.168000 0.000000 0.000000 0.000000 -33171.113856 61.314400
300.000000 0.170000 0.170000 0.170000 0.000000 0.000000 0.000000 -33184.813058 53.236604
300.000000 0.172000 0.172000 0.172000 0.000000 0.000000 0.000000 -33158.817228 57.258874
300.000000 0.174000 0.174000 0.174000 0.000000 0.000000 0.000000 -33175.796852 51.290729
300.000000 0.176000 0.176000 0.176000 0.000000 0.000000 0.000000 -33265.703334 54.773184
300.000000 0.178000 0.178000 0.178000 0.000000 0.000000 0.000000 -33262.026607 75.080626
300.000000 0.180000 0.180000 0.180000 0.000000 0.000000 0.000000 -33401.935279 34.505181
300.000000 0.182000 0.182000 0.182000 0.000000 0.000000 0.000000 -33328.436002 41.841428
300.000000 0.184000 0.184000 0.184000 0.000000 0.000000 0.000000 -33312.499634 34.478768
300.000000 0.186000 0.186000 0.186000 0.000000 0.000000 0.000000 -33245.760642 36.864438
300.000000 0.188000 0.188000 0.188000 0.000000 0.000000 0.000000 -33235.054299 38.760122
300.000000 0.190000 0.190000 0.190000 0.000000 0.000000 0.000000 -33252.280014 59.926891
300.000000 0.192000 0.192000 0.192000 0.000000 0.000000 0.000000 -33198.945595 47.062691
300.000000 0.194000 0.194000 0.194000 0.000000 0.000000 0.000000 -33220.413338 52.716479
300.000000 0.196000 0.196000 0.196000 0.000000 0.000000 0.000000 -33215.895690 61.140731
300.000000 0.198000 0.198000 0.198000 0.000000 0.000000 0.000000 -33198.635268 36.899667
300.000000 0.200000 0.200000 0.200000 0.000000 0.000000 0.000000 -33079.714505 52.784265
300.000000 0.202000 0.202000 0.202000 0.000000 0.000000 0.000000 -32986.291087 54.264317
300.000000 0.204000 0.204000 0.204000 0.000000 0.000000 0.000000 -33076.978864 27.100167
300.000000 0.206000 0.206000 0.206000 0.000000 0.000000 0.000000 -33031.705306 63.084981
300.000000 0.208000 0.208000 0.208000 0.000000 0.000000 0.000000 -33176.168689 44.471021
300.000000 0.210000 0.210000 0.210000 0.000000 0.000000 0.000000 -33117.449582 38.363977
300.000000 0.212000 0.212000 0.212000 0.000000 0.000000 0.000000 -33205.930342 59.959803
300.000000 0.214000 0.214000 0.214000 0.000000 0.000000 0.000000 -33210.249021 33.063658
300.000000 0.216000 0.216000 0.216000 0.000000 0.000000 0.000000 -33234.546085 47.862970
300.000000 0.218000 0.218000 0.218000 0.000000 0.000000 0.000000 -33146.553261 33.898696
300.000000 0.220000 0.220000 0.220000 0.000000 0.000000 0.000000 -33200.748970 58.620554
300.000000 0.222000 0.222000 0.222000 0.000000 0.000000 0.000000 -33159.066903 57.240687
300.000000 0.224000 0.224000 0.224000 0.000000 0.000000 0.000000 -33221.505707 37.345471
300.000000 0.226000 0.226000 0.226000 0.000000 0.000000 0.000000 -33162.113088 42.849128
300.000000 0.228000 0.228000 0.228000 0.000000 0.000000 0.000000 -33031.219024 40.377910
300.000000 0.230000 0.230000 0.230000 0.000000 0.000000 0.000000 -33048.832532 46.692328
300.000000 0.232000 0.232000 0.232000 0.000000 0.000000 0.000000 -33171.765977 42.240716
300.000000 0.234000 0.234000 0.234000 0.000000 0.000000 0.000000 -33116.417137 43.496924
300.000000 0.236000 0.236000 0.236000 0.000000 0.000000 0.000000 -33223.858401 15.623250
300.000000 0.238000 0.238000 0.238000 0.000000 0.000000 0.000000 -33284.960688 42.675470
300.000000 0.240000 0.240000 0.240000 0.000000 0.000000 0.000000 -33224.072878 36.449191
300.000000 0.242000 0.242000 0.242000 0.000000 0.000000 0.000000 -33290.901120 34.815361
300.000000 0.244000 0.244000 0.244000 0.000000 0.000000 0.000000 -33243.189981 58.470718
300.000000 0.246000 0.246000 0.246000 0.000000 0.000000 0.000000 -33141.787942 30.068289
300.000000 0.248000 0.248000 0.248000 0.000000 0.000000 0.000000 -33179.916683 35.505594
300.000000 0.250000 0.250000 0.250000 0.000000 0.000000 0.000000 -33175.868704 28.286955
300.000000 0.252000 0.252000 0.252000 0.000000 0.000000 0.000000 -33279.135777 45.986876
300.000000 0.254000 0.254000 0.254000 0.000000 0.000000 0.000000 -33157.702768 33.029371
300.000000 0.256000 0.256000 0.256000 0.000000 0.000000 0.000000 -33218.439489 27.594008
300.000000 0.258000 0.258000 0.258000 0.000000 0.000000 0.000000 -33181.970399 28.423505
300.000000 0.260000 0.260000 0.260000 0.000000 0.000000 0.000000 -33060.717469 33.999442
300.000000 0.262000 0.262000 0.262000 0.000000 0.000000 0.000000 -33004.853731 30.137634
300.000000 0.264000 0.264000 0.264000 0.000000 0.000000 0.000000 -33102.934660 29.426803
300.000000 0.266000 0.266000 0.266000 0.000000 0.000000 0.000000 -33167.364183 30.700508
300.000000 0.268000 0.268000 0.268000 0.000000 0.000000 0.000000 -33103.516100 18.000528
300.000000 0.270000 0.270000 0.270000 0.000000 0.000000 0.000000 -33161.488742 33.404957
300.000000 0.272000 0.272000 0.272000 0.000000 0.000000 0.000000 -33147.615629 44.580890
300.000000 0.274000 0.274000 0.274000 0.000000 0.000000 0.000000 -33127.873714 37.384036
300.000000 0.276000 0.276000 0.276000 0.000000 0.000000 0.000000 -33096.620777 24.846922
300.000000 0.278000 0.278000 0.278000 0.000000 0.000000 0.000000 -33083.517098 25.585302
300.000000 0.280000 0.280000 0.280000 0.000000 0.000000 0.000000 -33038.438759 34.153414
300.000000 0.282000 0.282000 0.282000 0.000000 0.000000 0.000000 -33193.196878 29.393650
300.000000 0.284000 0.284000 0.284000 0.000000 0.000000 0.000000 -33155.524659 13.363882
300.000000 0.286000 0.286000 0.286000 0.000000 0.000000 0.000000 -32968.428299 24.941910
300.000000 0.288000 0.288000 0.288000 0.000000 0.000000 0.000000 -33113.679594 30.272237
300.000000 0.290000 0.290000 0.290000 0.000000 0.000000 0.000000 -33079.784352 39.928022
300.000000 0.292000 0.292000 0.292000 0.000000 0.000000 0.000000 -33171.928367 36.313104
300.000000 0.294000 0.294000 0.294000 0.000000 0.000000 0.000000 -33117.418627 26.346681
300.000000 0.296000 0.296000 0.296000 0.000000 0.000000 0.000000 -33305.588386 26.996564
300.000000 0.298000 0.298000 0.298000 0.000000 0.000000 0.000000 -33388.648403 17.641028
300.000000 0.300000 0.300000 0.300000 0.000000 0.000000 0.000000 -33355.902915 22.204339
300.000000 0.302000 0.302000 0.302000 0.000000 0.000000 0.000000 -33251.902666 29.842984
300.000000 0.304000 0.304000 0.304000 0.000000 0.000000 0.000000 -33351.852404 23.624941
300.000000 0.306000 0.306000 0.306000 0.000000 0.000000 0.000000 -33280.271771 23.793517
300.000000 0.308000 0.308000 0.308000 0.000000 0.000000 0.000000 -33247.274643 15.865333
300.000000 0.310000 0.310000 0.310000 0.000000 0.000000 0.000000 -33089.418741 14.750262
300.000000 0.312000 0.312000 0.312000 0.000000 0.000000 0.000000 -33102.823591 23.323650
300.000000 0.314000 0.314000 0.314000 0.000000 0.000000 0.000000 -33117.138446 21.051122
300.000000 0.316000 0.316000 0.316000 0.000000 0.000000 0.000000 -33138.114736 12.228588
300.000000 0.318000 0.318000 0.318000 0.000000 0.000000 0.000000 -33247.411316 18.092768
300.000000 0.320000 0.320000 0.320000 0.000000 0.000000 0.000000 -33170.102036 27.422926
300.000000 0.322000 0.322000 0.322000 0.000000 0.000000 0.000000 -33220.277883 25.401551
300.000000 0.324000 0.324000 0.324000 0.000000 0.000000 0.000000 -33154.929633 21.178166
300.000000 0.326000 0.326000 0.326000 0.000000 0.000000 0.000000 -33191.381488 11.439150
300.000000 0.328000 0.328000 0.328000 0.000000 0.000000 0.000000 -33205.409926 22.086199
300.000000 0.330000 0.330000 0.330000 0.000000 0.000000 0.000000 -33308.847783 33.706996
300.000000 0.332000 0.332000 0.332000 0.000000 0.000000 0.000000 -33210.261490 19.970091
300.000000 0.334000 0.334000 0.334000 0.000000 0.000000 0.000000 -33326.935063 18.433503
300.000000 0.336000 0.336000 0.336000 0.000000 0.000000 0.000000 -33176.955310 13.691551
300.000000 0.338000 0.338000 0.338000 0.000000 0.000000 0.000000 -33240.012350 9.776554
300.000000 0.340000 0.340000 0.340000 0.000000 0.000000 0.000000 -33221.752551 20.967064
300.000000 0.342000 0.342000 0.342000 0.000000 0.000000 0.000000 -33280.876282 18.928938
300.000000 0.344000 0.344000 0.344000 0.000000 0.000000 0.000000 -33252.407091 -1.957273
300.000000 0.346000 0.346000 0.346000 0.000000 0.000000 0.000000 -33320.468657 3.744158
300.000000 0.348000 0.348000 0.348000 0.000000 0.000000 0.000000 -33230.730145 24.232093
300.000000 0.350000 0.350000 0.350000 0.000000 0.000000 0.000000 -33106.620458 14.663819
300.000000 0.352000 0.352000 0.352000 0.000000 0.000000 0.000000 -33263.421678 37.105926
300.000000 0.354000 0.354000 0.354000 0.000000 0.000000 0.000000 -33214.998811 12.581357
300.000000 0.356000 0.356000 0.356000 0.000000 0.000000 0.000000 -33134.631422 17.888105
300.000000 0.358000 0.358000 0.358000 0.000000 0.000000 0.000000 -33262.299682 14.068656
300.000000 0.360000 0.360000 0.360000 0.000000 0.000000 0.000000 -33300.504543 27.725671
300.000000 0.362000 0.362000 0.362000 0.000000 0.000000 0.000000 -33229.455421 16.657677
300.000000 0.364000 0.364000 0.364000 0.000000 0.000000 0.000000 -33175.868945 13.082347
300.000000 0.366000 0.366000 0.366000 0.000000 0.000000 0.000000 -33179.786935 19.299768
300.000000 0.368000 0.368000 0.368000 0.000000 0.000000 0.000000 -33306.728545 21.478518
300.000000 0.370000 0.370000 0.370000 0.000000 0.000000 0.000000 -33295.766117 24.083979
300.000000 0.372000 0.372000 0.372000 0.000000 0.000000 0.000000 -33357.916341 21.767183
300.000000 0.374000 0.374000 0.374000 0.000000 0.000000 0.000000 -33324.496885 10.710385
300.000000 0.376000 0.376000 0.376000 0.000000 0.000000 0.000000 -33348.066088 31.190446
300.000000 0.378000 0.378000 0.378000 0.000000 0.000000 0.000000 -33312.600827 23.434435
300.000000 0.380000 0.380000 0.380000 0.000000 0.000000 0.000000 -33222.320419 21.150868
300.000000 0.382000 0.382000 0.382000 0.000000 0.000000 0.000000 -33129.762091 11.337882
300.000000 0.384000 0.384000 0.384000 0.000000 0.000000 0.000000 -33240.905345 26.037864
300.000000 0.386000 0.386000 0.386000 0.000000 0.000000 0.000000 -33221.022473 20.943997
300.000000 0.388000 0.388000 0.388000 0.000000 0.000000 0.000000 -33160.401156 1.812607
300.000000 0.390000 0.390000 0.390000 0.000000 0.000000 0.000000 -33203.122269 17.399997
300.000000 0.392000 0.392000 0.392000 0.000000 0.000000 0.000000 -33335.134579 14.630426
300.000000 0.394000 0.394000 0.394000 0.000000 0.000000 0.000000 -33336.943310 2.296834
300.000000 0.396000 0.396000 0.396000 0.000000 0.000000 0.000000 -33316.480349 2.379060
300.000000 0.398000 0.398000 0.398000 0.000000 0.000000 0.000000 -33204.882095 4.758204
300.000000 0.400000 0.400000 0.400000 0.000000 0.000000 0.000000 -33140.785531 -5.335537
300.000000 0.402000 0.402000 0.402000 0.000000 0.000000 0.000000 -33405.164588 6.631817
300.000000 0.404000 0.404000 0.404000 0.000000 0.000000 0.000000 -33218.345680 6.491420
300.000000 0.406000 0.406000 0.406000 0.000000 0.000000 0.000000 -33272.693064 10.205387
300.000000 0.408000 0.408000 0.408000 0.000000 0.000000 0.000000 -33230.216736 10.680678
300.000000 0.410000 0.410000 0.410000 0.000000 0.000000 0.000000 -33312.135634 13.575343
300.000000 0.412000 0.412000 0.412000 0.000000 0.000000 0.000000 -33344.080909 -0.311928
300.000000 0.414000 0.414000 0.414000 0.000000 0.000000 0.000000 -33168.554966 18.563220
300.000000 0.416000 0.416000 0.416000 0.000000 0.000000 0.000000 -33228.859970 -0.420661
300.000000 0.418000 0.418000 0.418000 0.000000 0.000000 0.000000 -33183.616506 18.943510
300.000000 0.420000 0.420000 0.420000 0.000000 0.000000 0.000000 -33159.709537 16.057521
300.000000 0.422000 0.422000 0.422000 0.000000 0.000000 0.000000 -33210.985122 -7.141153
300.000000 0.424000 0.424000 0.424000 0.000000 0.000000 0.000000 -33232.161529 11.287327
300.000000 0.426000 0.426000 0.426000 0.000000 0.000000 0.000000 -33185.826765 -3.321788
300.000000 0.428000 0.428000 0.428000 0.000000 0.000000 0.000000 -33165.089441 6.791560
300.000000 0.430000 0.430000 0.430000 0.000000 0.000000 0.000000 -33204.141777 2.989037
300.000000 0.432000 0.432000 0.432000 0.000000 0.000000 0.000000 -33250.115516 16.145698
300.000000 0.434000 0.434000 0.434000 0.000000 0.000000 0.000000 -33219.335558 1.212164
300.000000 0.436000 0.436000 0.436000 0.000000 0.000000 0.000000 -33215.064667 2.125413
300.000000 0.438000 0.438000 0.438000 0.000000 0.000000 0.000000 -33251.530456 1.398356
300.000000 0.440000 0.440000 0.440000 0.000000 0.000000 0.000000 -33219.925004 0.622478
300.000000 0.442000 0.442000 0.442000 0.000000 0.000000 0.000000 -33152.268719 0.609675
300.000000 0.444000 0.444000 0.444000 0.000000 0.000000 0.000000 -33177.922310 0.399013
300.000000 0.446000 0.446000 0.446000 0.000000 0.000000 0.000000 -33244.824704 3.304699
300.000000 0.448000 0.448000 0.448000 0.000000 0.000000 0.000000 -33171.610209 7.516076
300.000000 0.450000 0.450000 0.450000 0.000000 0.000000 0.000000 -33316.050357 5.120850
300.000000 0.452000 0.452000 0.452000 0.000000 0.000000 0.000000 -33223.449272 14.900905
300.000000 0.454000 0.454000 0.454000 0.000000 0.000000 0.000000 -33303.839294 0.211703
300.000000 0.456000 0.456000 0.456000 0.000000 0.000000 0.000000 -33208.685971 -0.422899
300.000000 0.458000 0.458000 0.458000 0.000000 0.000000 0.000000 -33228.232497 19.286472
300.000000 0.460000 0.460000 0.460000 0.000000 0.000000 0.000000 -33203.551124 12.345547
300.000000 0.462000 0.462000 0.462000 0.000000 0.000000 0.000000 -33178.095516 8.281541
300.000000 0.464000 0.464000 0.464000 0.000000 0.000000 0.000000 -33124.668322 11.680563
300.000000 0.466000 0.466000 0.466000 0.000000 0.000000 0.000000 -33288.598887 -7.496780
300.000000 0.468000 0.468000 0.468000 0.000000 0.000000 0.000000 -33232.891229 12.112773
300.000000 0.470000 0.470000 0.470000 0.000000 0.000000 0.000000 -33341.238629 8.057657
300.000000 0.472000 0.472000 0.472000 0.000000 0.000000 0.000000 -33215.562230 -0.431779
300.000000 0.474000 0.474000 0.474000 0.000000 0.000000 0.000000 -33173.375736 4.304427
300.000000 0.476000 0.476000 0.476000 0.000000 0.000000 0.000000 -33234.377982 -2.265747
300.000000 0.478000 0.478000 0.478000 0.000000 0.000000 0.000000 -33323.839721 9.552761
300.000000 0.480000 0.480000 0.480000 0.000000 0.000000 0.000000 -33348.663530 4.855271
300.000000 0.482000 0.482000 0.482000 0.000000 0.000000 0.000000 -33227.368561 -6.122347
300.000000 0.484000 0.484000 0.484000 0.000000 0.000000 0.000000 -33274.849519 7.219665
300.000000 0.486000 0.486000 0.486000 0.000000 0.000000 0.000000 -33346.582383 4.616709
300.000000 0.488000 0.488000 0.488000 0.000000 0.000000 0.000000 -33316.842676 -1.367655
300.000000 0.490000 0.490000 0.490000 0.000000 0.000000 0.000000 -33351.195171 -1.762335
300.000000 0.492000 0.492000 0.492000 0.000000 0.000000 0.000000 -33308.794375 3.556300
300.000000 0.494000 0.494000 0.494000 0.000000 0.000000 0.000000 -33304.217438 -12.765790
300.000000 0.496000 0.496000 0.496000 0.000000 0.000000 0.000000 -33217.202413 -19.739194
300.000000 0.498000 0.498000 0.498000 0.000000 0.000000 0.000000 -33064.434153 -6.421665
