300.000000 0.000000 0.000000 0.000000 0.000000 0.000000 0.000000 -37090.886554 763.165881
300.000000 0.002000 0.002000 0.002000 0.000000 0.000000 0.000000 -36982.919220 913.042193
300.000000 0.004000 0.004000 0.004000 0.000000 0.000000 0.000000 -36997.657779 860.959465
300.000000 0.006000 0.006000 0.006000 0.000000 0.000000 0.000000 -37008.178398 865.192114
300.000000 0.008000 0.008000 0.008000 0.000000 0.000000 0.000000 -36973.955644 857.266719
300.000000 0.010000 0.010000 0.010000 0.000000 0.000000 0.000000 -37025.614832 812.577458
300.000000 0.012000 0.012000 0.012000 0.000000 0.000000 0.000000 -37093.619342 921.376524
300.000000 0.014000 0.014000 0.014000 0.000000 0.000000 0.000000 -36985.602530 951.013258
300.000000 0.016000 0.016000 0.016000 0.000000 0.000000 0.000000 -37007.125183 905.550320
300.000000 0.018000 0.018000 0.018000 0.000000 0.000000 0.000000 -36925.179259 943.947040
300.000000 0.020000 0.020000 0.020000 0.000000 0.000000 0.000000 -36965.869005 975.691961
300.000000 0.022000 0.022000 0.022000 0.000000 0.000000 0.000000 -36957.014120 882.470124
300.000000 0.024000 0.024000 0.024000 0.000000 0.000000 0.000000 -37033.399839 912.914840
300.000000 0.026000 0.026000 0.026000 0.000000 0.000000 0.000000 -36987.561653 924.917833
300.000000 0.028000 0.028000 0.028000 0.000000 0.000000 0.000000 -36971.995385 927.335588
300.000000 0.030000 0.030000 0.030000 0.000000 0.000000 0.000000 -37014.910193 935.557511
300.000000 0.032000 0.032000 0.032000 0.000000 0.000000 0.000000 -36965.221120 878.435041
300.000000 0.034000 0.034000 0.034000 0.000000 0.000000 0.000000 -37173.198719 904.072210
300.000000 0.036000 0.036000 0.036000 0.000000 0.000000 0.000000 -37138.273726 917.887294
300.000000 0.038000 0.038000 0.038000 0.000000 0.000000 0.000000 -37141.856397 867.736705
300.000000 0.040000 0.040000 0.040000 0.000000 0.000000 0.000000 -37103.621178 882.339873
300.000000 0.042000 0.042000 0.042000 0.000000 0.000000 0.000000 -37284.057728 888.852615
300.000000 0.044000 0.044000 0.044000 0.000000 0.000000 0.000000 -37034.874638 846.995042
300.000000 0.046000 0.046000 0.046000 0.000000 0.000000 0.000000 -36929.387790 955.578973
300.000000 0.048000 0.048000 0.048000 0.000000 0.000000 0.000000 -36933.039377 961.177771
300.000000 0.050000 0.050000 0.050000 0.000000 0.000000 0.000000 -36980.820783 922.042357
300.000000 0.052000 0.052000 0.052000 0.000000 0.000000 0.000000 -37003.978715 974.354507
300.000000 0.054000 0.054000 0.054000 0.000000 0.000000 0.000000 -37026.230214 927.273517
300.000000 0.056000 0.056000 0.056000 0.000000 0.000000 0.000000 -37020.234241 910.811051
300.000000 0.058000 0.058000 0.058000 0.000000 0.000000 0.000000 -36827.835744 894.588791
300.000000 0.060000 0.060000 0.060000 0.000000 0.000000 0.000000 -36933.302843 919.635519
300.000000 0.062000 0.062000 0.062000 0.000000 0.000000 0.000000 -36977.119270 933.031819
300.000000 0.064000 0.064000 0.064000 0.000000 0.000000 0.000000 -37032.414042 950.877102
300.000000 0.066000 0.066000 0.066000 0.000000 0.000000 0.000000 -36924.592989 963.339240
300.000000 0.068000 0.068000 0.068000 0.000000 0.000000 0.000000 -36957.723732 897.652390
300.000000 0.070000 0.070000 0.070000 0.000000 0.000000 0.000000 -36938.767777 888.180934
300.000000 0.072000 0.072000 0.072000 0.000000 0.000000 0.000000 -36932.654375 971.260232
300.000000 0.074000 0.074000 0.074000 0.000000 0.000000 0.000000 -37033.510138 992.894281
300.000000 0.076000 0.076000 0.076000 0.000000 0.000000 0.000000 -36913.809062 929.757457
300.000000 0.078000 0.078000 0.078000 0.000000 0.000000 0.000000 -36745.437777 934.219828
300.000000 0.080000 0.080000 0.080000 0.000000 0.000000 0.000000 -36977.287814 920.236046
300.000000 0.082000 0.082000 0.082000 0.000000 0.000000 0.000000 -36914.528859 921.552002
300.000000 0.084000 0.084000 0.084000 0.000000 0.000000 0.000000 -36757.795938 772.506731
300.000000 0.086000 0.086000 0.086000 0.000000 0.000000 0.000000 -36848.834530 677.175926
300.000000 0.088000 0.088000 0.088000 0.000000 0.000000 0.000000 -36915.349670 657.597716
300.000000 0.090000 0.090000 0.090000 0.000000 0.000000 0.000000 -37041.455911 666.480879
300.000000 0.092000 0.092000 0.092000 0.000000 0.000000 0.000000 -37095.730007 80.761971
300.000000 0.094000 0.094000 0.094000 0.000000 0.000000 0.000000 -36885.889974 35.814641
300.000000 0.096000 0.096000 0.096000 0.000000 0.000000 0.000000 -36997.501160 32.000550
300.000000 0.098000 0.098000 0.098000 0.000000 0.000000 0.000000 -37022.645649 41.414539
300.000000 0.100000 0.100000 0.100000 0.000000 0.000000 0.000000 -37077.578848 35.401595
300.000000 0.102000 0.102000 0.102000 0.000000 0.000000 0.000000 -36916.499212 58.079577
300.000000 0.104000 0.104000 0.104000 0.000000 0.000000 0.000000 -37021.968031 48.931472
300.000000 0.106000 0.106000 0.106000 0.000000 0.000000 0.000000 -37105.364946 46.459290
300.000000 0.108000 0.108000 0.108000 0.000000 0.000000 0.000000 -37056.112160 37.881997
300.000000 0.110000 0.110000 0.110000 0.000000 0.000000 0.000000 -36953.353574 33.159954
300.000000 0.112000 0.112000 0.112000 0.000000 0.000000 0.000000 -36947.627625 58.910875
300.000000 0.114000 0.114000 0.114000 0.000000 0.000000 0.000000 -36960.350991 64.856853
300.000000 0.116000 0.116000 0.116000 0.000000 0.000000 0.000000 -36960.860740 23.756266
300.000000 0.118000 0.118000 0.118000 0.000000 0.000000 0.000000 -36989.993455 11.154312
300.000000 0.120000 0.120000 0.120000 0.000000 0.000000 0.000000 -36817.128666 29.607596
300.000000 0.122000 0.122000 0.122000 0.000000 0.000000 0.000000 -36975.550310 53.235704
300.000000 0.124000 0.124000 0.124000 0.000000 0.000000 0.000000 -36843.784788 50.989467
300.000000 0.126000 0.126000 0.126000 0.000000 0.000000 0.000000 -36883.169645 44.535239
300.000000 0.128000 0.128000 0.128000 0.000000 0.000000 0.000000 -37113.815226 38.876287
300.000000 0.130000 0.130000 0.130000 0.000000 0.000000 0.000000 -37131.055779 27.223308
300.000000 0.132000 0.132000 0.132000 0.000000 0.000000 0.000000 -37191.268148 28.476318
300.000000 0.134000 0.134000 0.134000 0.000000 0.000000 0.000000 -37072.387180 18.846917
300.000000 0.136000 0.136000 0.136000 0.000000 0.000000 0.000000 -37084.489514 30.045794
300.000000 0.138000 0.138000 0.138000 0.000000 0.000000 0.000000 -37163.958583 44.945765
300.000000 0.140000 0.140000 0.140000 0.000000 0.000000 0.000000 -37174.895127 16.644715
300.000000 0.142000 0.142000 0.142000 0.000000 0.000000 0.000000 -37048.688714 14.095670
300.000000 0.144000 0.144000 0.144000 0.000000 0.000000 0.000000 -36935.958608 22.529846
300.000000 0.146000 0.146000 0.146000 0.000000 0.000000 0.000000 -37103.951373 30.138564
300.000000 0.148000 0.148000 0.148000 0.000000 0.000000 0.000000 -37194.345704 27.188116
300.000000 0.150000 0.150000 0.150000 0.000000 0.000000 0.000000 -37183.279102 19.865370
300.000000 0.152000 0.152000 0.152000 0.000000 0.000000 0.000000 -37102.949444 19.629785
300.000000 0.154000 0.154000 0.154000 0.000000 0.000000 0.000000 -37075.683019 36.180077
300.000000 0.156000 0.156000 0.156000 0.000000 0.000000 0.000000 -37062.318776 8.313379
300.000000 0.158000 0.158000 0.158000 0.000000 0.000000 0.000000 -36984.255952 32.296785
300.000000 0.160000 0.160000 0.160000 0.000000 0.000000 0.000000 -37019.407291 0.935336
300.000000 0.162000 0.162000 0.162000 0.000000 0.000000 0.000000 -37059.177152 12.457839
300.000000 0.164000 0.164000 0.164000 0.000000 0.000000 0.000000 -37023.485807 20.271795
300.000000 0.166000 0.166000 0.166000 0.000000 0.000000 0.000000 -36907.185853 19.652749
300.000000 0.168000 0.168000 0.168000 0.000000 0.000000 0.000000 -37094.882165 3.503164
300.000000 0.170000 0.170000 0.170000 0.000000 0.000000 0.000000 -37134.946445 9.307976
300.000000 0.172000 0.172000 0.172000 0.000000 0.000000 0.000000 -36963.273314 24.204247
300.000000 0.174000 0.174000 0.174000 0.000000 0.000000 0.000000 -36845.944117 12.094850
300.000000 0.176000 0.176000 0.176000 0.000000 0.000000 0.000000 -36883.125186 33.192176
300.000000 0.178000 0.178000 0.178000 0.000000 0.000000 0.000000 -36905.822237 16.487073
300.000000 0.180000 0.180000 0.180000 0.000000 0.000000 0.000000 -36977.926037 16.682508
300.000000 0.182000 0.182000 0.182000 0.000000 0.000000 0.000000 -36974.715318 17.225160
300.000000 0.184000 0.184000 0.184000 0.000000 0.000000 0.000000 -36986.403035 19.741513
300.000000 0.186000 0.186000 0.186000 0.000000 0.000000 0.000000 -37008.575319 27.590390
300.000000 0.188000 0.188000 0.188000 0.000000 0.000000 0.000000 -36936.626339 20.430106
300.000000 0.190000 0.190000 0.190000 0.000000 0.000000 0.000000 -36992.031987 14.432084
300.000000 0.192000 0.192000 0.192000 0.000000 0.000000 0.000000 -37040.920975 11.098752
300.000000 0.194000 0.194000 0.194000 0.000000 0.000000 0.000000 -36995.234561 6.096862
300.000000 0.196000 0.196000 0.196000 0.000000 0.000000 0.000000 -37033.006086 11.700583
300.000000 0.198000 0.198000 0.198000 0.000000 0.000000 0.000000 -36978.900078 28.167281
300.000000 0.200000 0.200000 0.200000 0.000000 0.000000 0.000000 -37032.386146 25.465722
300.000000 0.202000 0.202000 0.202000 0.000000 0.000000 0.000000 -37116.594859 32.004821
300.000000 0.204000 0.204000 0.204000 0.000000 0.000000 0.000000 -37101.750671 29.831637
300.000000 0.206000 0.206000 0.206000 0.000000 0.000000 0.000000 -37079.773905 18.587552
300.000000 0.208000 0.208000 0.208000 0.000000 0.000000 0.000000 -37120.768024 5.682623
300.000000 0.210000 0.210000 0.210000 0.000000 0.000000 0.000000 -37079.357320 48.238497
300.000000 0.212000 0.212000 0.212000 0.000000 0.000000 0.000000 -37031.003638 9.026366
300.000000 0.214000 0.214000 0.214000 0.000000 0.000000 0.000000 -37083.542031 12.804691
300.000000 0.216000 0.216000 0.216000 0.000000 0.000000 0.000000 -37025.959609 22.994703
300.000000 0.218000 0.218000 0.218000 0.000000 0.000000 0.000000 -36894.827525 13.254532
300.000000 0.220000 0.220000 0.220000 0.000000 0.000000 0.000000 -37007.568631 9.212733
300.000000 0.222000 0.222000 0.222000 0.000000 0.000000 0.000000 -36983.627258 12.829407
300.000000 0.224000 0.224000 0.224000 0.000000 0.000000 0.000000 -36938.032959 10.023918
300.000000 0.226000 0.226000 0.226000 0.000000 0.000000 0.000000 -36995.673204 26.334408
300.000000 0.228000 0.228000 0.228000 0.000000 0.000000 0.000000 -37020.928343 15.588401
300.000000 0.230000 0.230000 0.230000 0.000000 0.000000 0.000000 -37144.534896 30.695429
300.000000 0.232000 0.232000 0.232000 0.000000 0.000000 0.000000 -36988.756877 25.549482
300.000000 0.234000 0.234000 0.234000 0.000000 0.000000 0.000000 -37048.244946 14.366606
300.000000 0.236000 0.236000 0.236000 0.000000 0.000000 0.000000 -37017.598584 5.228820
300.000000 0.238000 0.238000 0.238000 0.000000 0.000000 0.000000 -37104.224007 5.575534
300.000000 0.240000 0.240000 0.240000 0.000000 0.000000 0.000000 -37084.887238 14.102803
300.000000 0.242000 0.242000 0.242000 0.000000 0.000000 0.000000 -37038.975423 10.736620
300.000000 0.244000 0.244000 0.244000 0.000000 0.000000 0.000000 -36983.150367 20.072951
300.000000 0.246000 0.246000 0.246000 0.000000 0.000000 0.000000 -37064.799425 9.306624
300.000000 0.248000 0.248000 0.248000 0.000000 0.000000 0.000000 -37007.472815 8.484967
300.000000 0.250000 0.250000 0.250000 0.000000 0.000000 0.000000 -36929.461187 10.809698
300.000000 0.252000 0.252000 0.252000 0.000000 0.000000 0.000000 -37105.894813 8.449988
300.000000 0.254000 0.254000 0.254000 0.000000 0.000000 0.000000 -37053.797676 9.064705
300.000000 0.256000 0.256000 0.256000 0.000000 0.000000 0.000000 -36989.487089 4.271215
300.000000 0.258000 0.258000 0.258000 0.000000 0.000000 0.000000 -37031.679300 23.946508
300.000000 0.260000 0.260000 0.260000 0.000000 0.000000 0.000000 -36925.869882 13.715514
300.000000 0.262000 0.262000 0.262000 0.000000 0.000000 0.000000 -36971.047396 18.294833
300.000000 0.264000 0.264000 0.264000 0.000000 0.000000 0.000000 -36964.374015 3.984365
300.000000 0.266000 0.266000 0.266000 0.000000 0.000000 0.000000 -37200.953337 12.860092
300.000000 0.268000 0.268000 0.268000 0.000000 0.000000 0.000000 -37099.797077 26.338424
300.000000 0.270000 0.270000 0.270000 0.000000 0.000000 0.000000 -36985.368901 23.778502
300.000000 0.272000 0.272000 0.272000 0.000000 0.000000 0.000000 -36925.786426 13.936085
300.000000 0.274000 0.274000 0.274000 0.000000 0.000000 0.000000 -37021.371735 9.314818
300.000000 0.276000 0.276000 0.276000 0.000000 0.000000 0.000000 -36990.967992 16.120077
300.000000 0.278000 0.278000 0.278000 0.000000 0.000000 0.000000 -37076.598361 10.848505
300.000000 0.280000 0.280000 0.280000 0.000000 0.000000 0.000000 -36988.331151 16.175846
300.000000 0.282000 0.282000 0.282000 0.000000 0.000000 0.000000 -36925.205842 5.066144
300.000000 0.284000 0.284000 0.284000 0.000000 0.000000 0.000000 -36960.840582 31.185024
300.000000 0.286000 0.286000 0.286000 0.000000 0.000000 0.000000 -36978.716409 1.665802
300.000000 0.288000 0.288000 0.288000 0.000000 0.000000 0.000000 -36890.945354 21.148131
300.000000 0.290000 0.290000 0.290000 0.000000 0.000000 0.000000 -36816.458787 6.156081
300.000000 0.292000 0.292000 0.292000 0.000000 0.000000 0.000000 -36852.524943 8.928525
300.000000 0.294000 0.294000 0.294000 0.000000 0.000000 0.000000 -36959.572917 11.125150
300.000000 0.296000 0.296000 0.296000 0.000000 0.000000 0.000000 -37035.131470 14.838304
300.000000 0.298000 0.298000 0.298000 0.000000 0.000000 0.000000 -37034.559360 1.088226
300.000000 0.300000 0.300000 0.300000 0.000000 0.000000 0.000000 -37087.655883 9.083340
300.000000 0.302000 0.302000 0.302000 0.000000 0.000000 0.000000 -37092.716163 11.052660
300.000000 0.304000 0.304000 0.304000 0.000000 0.000000 0.000000 -37085.595034 10.697575
300.000000 0.306000 0.306000 0.306000 0.000000 0.000000 0.000000 -37126.815510 10.093956
300.000000 0.308000 0.308000 0.308000 0.000000 0.000000 0.000000 -37049.496757 4.138608
300.000000 0.310000 0.310000 0.310000 0.000000 0.000000 0.000000 -37185.598843 4.150617
300.000000 0.312000 0.312000 0.312000 0.000000 0.000000 0.000000 -37137.653056 4.073139
300.000000 0.314000 0.314000 0.314000 0.000000 0.000000 0.000000 -37082.809498 6.569782
300.000000 0.316000 0.316000 0.316000 0.000000 0.000000 0.000000 -36987.511091 7.284633
300.000000 0.318000 0.318000 0.318000 0.000000 0.000000 0.000000 -37128.480196 9.535032
300.000000 0.320000 0.320000 0.320000 0.000000 0.000000 0.000000 -36977.175746 -2.496792
300.000000 0.322000 0.322000 0.322000 0.000000 0.000000 0.000000 -37022.133642 4.160528
300.000000 0.324000 0.324000 0.324000 0.000000 0.000000 0.000000 -36958.870790 -2.087080
300.000000 0.326000 0.326000 0.326000 0.000000 0.000000 0.000000 -36941.644495 8.935039
300.000000 0.328000 0.328000 0.328000 0.000000 0.000000 0.000000 -37055.357242 14.212439
300.000000 0.330000 0.330000 0.330000 0.000000 0.000000 0.000000 -37045.350162 3.076240
300.000000 0.332000 0.332000 0.332000 0.000000 0.000000 0.000000 -36991.214520 0.827515
300.000000 0.334000 0.334000 0.334000 0.000000 0.000000 0.000000 -36885.644581 -4.259656
300.000000 0.336000 0.336000 0.336000 0.000000 0.000000 0.000000 -37072.264656 0.941744
300.000000 0.338000 0.338000 0.338000 0.000000 0.000000 0.000000 -37044.506945 -2.370969
300.000000 0.340000 0.340000 0.340000 0.000000 0.000000 0.000000 -37089.233492 4.695920
300.000000 0.342000 0.342000 0.342000 0.000000 0.000000 0.000000 -37036.421175 -2.020651
300.000000 0.344000 0.344000 0.344000 0.000000 0.000000 0.000000 -36984.374802 10.429302
300.000000 0.346000 0.346000 0.346000 0.000000 0.000000 0.000000 -37168.952221 16.968306
300.000000 0.348000 0.348000 0.348000 0.000000 0.000000 0.000000 -37100.197095 2.339401
300.000000 0.350000 0.350000 0.350000 0.000000 0.000000 0.000000 -37200.286955 5.206800
300.000000 0.352000 0.352000 0.352000 0.000000 0.000000 0.000000 -37063.502964 -0.756507
300.000000 0.354000 0.354000 0.354000 0.000000 0.000000 0.000000 -37140.289044 -6.342053
300.000000 0.356000 0.356000 0.356000 0.000000 0.000000 0.000000 -37173.949343 3.026895
300.000000 0.358000 0.358000 0.358000 0.000000 0.000000 0.000000 -37148.288043 6.901615
300.000000 0.360000 0.360000 0.360000 0.000000 0.000000 0.000000 -37098.744647 -4.584762
300.000000 0.362000 0.362000 0.362000 0.000000 0.000000 0.000000 -37186.587383 0.077842
300.000000 0.364000 0.364000 0.364000 0.000000 0.000000 0.000000 -37216.309108 12.393898
300.000000 0.366000 0.366000 0.366000 0.000000 0.000000 0.000000 -37157.384199 2.436766
300.000000 0.368000 0.368000 0.368000 0.000000 0.000000 0.000000 -37171.987423 10.676097
300.000000 0.370000 0.370000 0.370000 0.000000 0.000000 0.000000 -37016.911979 9.197074
300.000000 0.372000 0.372000 0.372000 0.000000 0.000000 0.000000 -37004.690947 15.329304
300.000000 0.374000 0.374000 0.374000 0.000000 0.000000 0.000000 -37011.901930 11.920977
300.000000 0.376000 0.376000 0.376000 0.000000 0.000000 0.000000 -37089.173022 13.871211
300.000000 0.378000 0.378000 0.378000 0.000000 0.000000 0.000000 -36986.124968 -0.619707
300.000000 0.380000 0.380000 0.380000 0.000000 0.000000 0.000000 -36992.896857 -6.021556
300.000000 0.382000 0.382000 0.382000 0.000000 0.000000 0.000000 -36906.053098 2.716541
300.000000 0.384000 0.384000 0.384000 0.000000 0.000000 0.000000 -37025.364513 9.860990
300.000000 0.386000 0.386000 0.386000 0.000000 0.000000 0.000000 -36923.604640 -7.948608
300.000000 0.388000 0.388000 0.388000 0.000000 0.000000 0.000000 -37039.612993 -8.031994
300.000000 0.390000 0.390000 0.390000 0.000000 0.000000 0.000000 -37042.991909 6.181167
300.000000 0.392000 0.392000 0.392000 0.000000 0.000000 0.000000 -37064.425163 1.279747
300.000000 0.394000 0.394000 0.394000 0.000000 0.000000 0.000000 -37093.359529 10.821274
300.000000 0.396000 0.396000 0.396000 0.000000 0.000000 0.000000 -37115.771480 3.391566
300.000000 0.398000 0.398000 0.398000 0.000000 0.000000 0.000000 -37059.837940 12.385835
300.000000 0.400000 0.400000 0.400000 0.000000 0.000000 0.000000 -37158.739680 7.125476
300.000000 0.402000 0.402000 0.402000 0.000000 0.000000 0.000000 -37161.948576 -1.873941
300.000000 0.404000 0.404000 0.404000 0.000000 0.000000 0.000000 -37056.038054 4.840268
300.000000 0.406000 0.406000 0.406000 0.000000 0.000000 0.000000 -37152.192922 -7.550759
300.000000 0.408000 0.408000 0.408000 0.000000 0.000000 0.000000 -37190.089650 -0.959560
300.000000 0.410000 0.410000 0.410000 0.000000 0.000000 0.000000 -37067.331549 -2.464843
300.000000 0.412000 0.412000 0.412000 0.000000 0.000000 0.000000 -37088.465762 -1.541883
300.000000 0.414000 0.414000 0.414000 0.000000 0.000000 0.000000 -36974.225080 2.901893
300.000000 0.416000 0.416000 0.416000 0.000000 0.000000 0.000000 -36980.405954 -1.232229
300.000000 0.418000 0.418000 0.418000 0.000000 0.000000 0.000000 -36886.466123 0.630781
300.000000 0.420000 0.420000 0.420000 0.000000 0.000000 0.000000 -36981.534253 -3.954598
300.000000 0.422000 0.422000 0.422000 0.000000 0.000000 0.000000 -37052.423104 2.999795
300.000000 0.424000 0.424000 0.424000 0.000000 0.000000 0.000000 -36932.062057 8.663155
300.000000 0.426000 0.426000 0.426000 0.000000 0.000000 0.000000 -36977.467149 -0.343591
300.000000 0.428000 0.428000 0.428000 0.000000 0.000000 0.000000 -36813.695983 -0.904876
300.000000 0.430000 0.430000 0.430000 0.000000 0.000000 0.000000 -36887.901278 -1.123137
300.000000 0.432000 0.432000 0.432000 0.000000 0.000000 0.000000 -36953.612327 3.356185
300.000000 0.434000 0.434000 0.434000 0.000000 0.000000 0.000000 -37048.216877 1.584566
300.000000 0.436000 0.436000 0.436000 0.000000 0.000000 0.000000 -36870.765817 2.650751
300.000000 0.438000 0.438000 0.438000 0.000000 0.000000 0.000000 -36812.627815 0.786146
300.000000 0.440000 0.440000 0.440000 0.000000 0.000000 0.000000 -37019.500103 7.113515
300.000000 0.442000 0.442000 0.442000 0.000000 0.000000 0.000000 -37038.624546 6.518845
300.000000 0.444000 0.444000 0.444000 0.000000 0.000000 0.000000 -36958.070711 -3.994096
300.000000 0.446000 0.446000 0.446000 0.000000 0.000000 0.000000 -37005.891712 2.675543
300.000000 0.448000 0.448000 0.448000 0.000000 0.000000 0.000000 -37112.931543 6.710041
300.000000 0.450000 0.450000 0.450000 0.000000 0.000000 0.000000 -36997.602697 3.316987
300.000000 0.452000 0.452000 0.452000 0.000000 0.000000 0.000000 -37032.787917 -5.883568
300.000000 0.454000 0.454000 0.454000 0.000000 0.000000 0.000000 -36772.845928 -0.471151
300.000000 0.456000 0.456000 0.456000 0.000000 0.000000 0.000000 -36825.773491 6.764902
300.000000 0.458000 0.458000 0.458000 0.000000 0.000000 0.000000 -36923.204554 2.670071
300.000000 0.460000 0.460000 0.460000 0.000000 0.000000 0.000000 -36898.789500 0.805582
300.000000 0.462000 0.462000 0.462000 0.000000 0.000000 0.000000 -36917.215423 -8.585668
300.000000 0.464000 0.464000 0.464000 0.000000 0.000000 0.000000 -36902.297893 -5.094801
300.000000 0.466000 0.466000 0.466000 0.000000 0.000000 0.000000 -36989.894325 -0.520119
300.000000 0.468000 0.468000 0.468000 0.000000 0.000000 0.000000 -36995.490569 8.783258
300.000000 0.470000 0.470000 0.470000 0.000000 0.000000 0.000000 -37078.661371 -4.950774
300.000000 0.472000 0.472000 0.472000 0.000000 0.000000 0.000000 -36991.838433 -0.575522
300.000000 0.474000 0.474000 0.474000 0.000000 0.000000 0.000000 -36997.042953 -0.625202
300.000000 0.476000 0.476000 0.476000 0.000000 0.000000 0.000000 -36903.408754 -6.862789
300.000000 0.478000 0.478000 0.478000 0.000000 0.000000 0.000000 -37070.795133 -5.772959
300.000000 0.480000 0.480000 0.480000 0.000000 0.000000 0.000000 -37018.100713 -4.677446
300.000000 0.482000 0.482000 0.482000 0.000000 0.000000 0.000000 -36973.172100 -3.168442
300.000000 0.484000 0.484000 0.484000 0.000000 0.000000 0.000000 -36921.329949 -2.994387
300.000000 0.486000 0.486000 0.486000 0.000000 0.000000 0.000000 -36921.112841 6.597437
300.000000 0.488000 0.488000 0.488000 0.000000 0.000000 0.000000 -37058.744072 1.471558
300.000000 0.490000 0.490000 0.490000 0.000000 0.000000 0.000000 -37160.433886 1.424998
300.000000 0.492000 0.492000 0.492000 0.000000 0.000000 0.000000 -36924.474681 2.074602
300.000000 0.494000 0.494000 0.494000 0.000000 0.000000 0.000000 -37101.006844 -6.571315
300.000000 0.496000 0.496000 0.496000 0.000000 0.000000 0.000000 -37101.660709 0.750863
300.000000 0.498000 0.498000 0.498000 0.000000 0.000000 0.000000 -37120.120368 -8.039192
