300.000000 0.000000 0.000000 0.000000 0.000000 0.000000 0.000000 -31542.092643 876.060749
300.000000 0.002000 0.002000 0.002000 0.000000 0.000000 0.000000 -31569.014252 826.010857
300.000000 0.004000 0.004000 0.004000 0.000000 0.000000 0.000000 -31580.170207 794.185817
300.000000 0.006000 0.006000 0.006000 0.000000 0.000000 0.000000 -31630.336611 805.970263
300.000000 0.008000 0.008000 0.008000 0.000000 0.000000 0.000000 -31643.065822 854.605799
300.000000 0.010000 0.010000 0.010000 0.000000 0.000000 0.000000 -31652.783501 818.064073
300.000000 0.012000 0.012000 0.012000 0.000000 0.000000 0.000000 -31589.300571 749.241472
300.000000 0.014000 0.014000 0.014000 0.000000 0.000000 0.000000 -31595.455435 615.993167
300.000000 0.016000 0.016000 0.016000 0.000000 0.000000 0.000000 -31647.695455 743.285631
300.000000 0.018000 0.018000 0.018000 0.000000 0.000000 0.000000 -31519.699807 744.407018
300.000000 0.020000 0.020000 0.020000 0.000000 0.000000 0.000000 -31640.690288 766.596909
300.000000 0.022000 0.022000 0.022000 0.000000 0.000000 0.000000 -31529.396715 637.478687
300.000000 0.024000 0.024000 0.024000 0.000000 0.000000 0.000000 -31516.134192 618.728939
300.000000 0.026000 0.026000 0.026000 0.000000 0.000000 0.000000 -31563.444161 338.651761
300.000000 0.028000 0.028000 0.028000 0.000000 0.000000 0.000000 -31552.957944 203.708687
300.000000 0.030000 0.030000 0.030000 0.000000 0.000000 0.000000 -31489.763135 134.794573
300.000000 0.032000 0.032000 0.032000 0.000000 0.000000 0.000000 -31555.572293 100.472919
300.000000 0.034000 0.034000 0.034000 0.000000 0.000000 0.000000 -31744.349968 162.555207
300.000000 0.036000 0.036000 0.036000 0.000000 0.000000 0.000000 -31650.031477 77.585048
300.000000 0.038000 0.038000 0.038000 0.000000 0.000000 0.000000 -31580.782282 131.564533
300.000000 0.040000 0.040000 0.040000 0.000000 0.000000 0.000000 -31615.236787 95.680623
300.000000 0.042000 0.042000 0.042000 0.000000 0.000000 0.000000 -31528.896281 109.245410
300.000000 0.044000 0.044000 0.044000 0.000000 0.000000 0.000000 -31574.274349 127.940379
300.000000 0.046000 0.046000 0.046000 0.000000 0.000000 0.000000 -31575.810613 149.996355
300.000000 0.048000 0.048000 0.048000 0.000000 0.000000 0.000000 -31621.075284 72.521369
300.000000 0.050000 0.050000 0.050000 0.000000 0.000000 0.000000 -31657.040439 80.713418
300.000000 0.052000 0.052000 0.052000 0.000000 0.000000 0.000000 -31719.713335 102.827538
300.000000 0.054000 0.054000 0.054000 0.000000 0.000000 0.000000 -31724.364804 48.956110
300.000000 0.056000 0.056000 0.056000 0.000000 0.000000 0.000000 -31612.440574 113.362002
300.000000 0.058000 0.058000 0.058000 0.000000 0.000000 0.000000 -31633.131978 106.783277
300.000000 0.060000 0.060000 0.060000 0.000000 0.000000 0.000000 -31544.034425 74.129002
300.000000 0.062000 0.062000 0.062000 0.000000 0.000000 0.000000 -31628.731440 97.625736
300.000000 0.064000 0.064000 0.064000 0.000000 0.000000 0.000000 -31585.338701 89.441943
300.000000 0.066000 0.066000 0.066000 0.000000 0.000000 0.000000 -31630.568880 61.488681
300.000000 0.068000 0.068000 0.068000 0.000000 0.000000 0.000000 -31603.265289 67.616650
300.000000 0.070000 0.070000 0.070000 0.000000 0.000000 0.000000 -31745.777428 41.954384
300.000000 0.072000 0.072000 0.072000 0.000000 0.000000 0.000000 -31632.490740 49.777245
300.000000 0.074000 0.074000 0.074000 0.000000 0.000000 0.000000 -31712.960542 50.628855
300.000000 0.076000 0.076000 0.076000 0.000000 0.000000 0.000000 -31664.786759 24.604512
300.000000 0.078000 0.078000 0.078000 0.000000 0.000000 0.000000 -31691.780900 65.551698
300.000000 0.080000 0.080000 0.080000 0.000000 0.000000 0.000000 -31604.841092 68.149279
300.000000 0.082000 0.082000 0.082000 0.000000 0.000000 0.000000 -31641.762760 53.456424
300.000000 0.084000 0.084000 0.084000 0.000000 0.000000 0.000000 -31653.332562 81.062310
300.000000 0.086000 0.086000 0.086000 0.000000 0.000000 0.000000 -31641.275221 71.635666
300.000000 0.088000 0.088000 0.088000 0.000000 0.000000 0.000000 -31738.868027 71.202038
300.000000 0.090000 0.090000 0.090000 0.000000 0.000000 0.000000 -31643.855609 35.238569
300.000000 0.092000 0.092000 0.092000 0.000000 0.000000 0.000000 -31580.267076 47.721467
300.000000 0.094000 0.094000 0.094000 0.000000 0.000000 0.000000 -31499.339968 53.437550
300.000000 0.096000 0.096000 0.096000 0.000000 0.000000 0.000000 -31554.202217 48.655751
300.000000 0.098000 0.098000 0.098000 0.000000 0.000000 0.000000 -31653.053083 60.244343
300.000000 0.100000 0.100000 0.100000 0.000000 0.000000 0.000000 -31699.650229 59.237613
300.000000 0.102000 0.102000 0.102000 0.000000 0.000000 0.000000 -31741.703600 47.773278
300.000000 0.104000 0.104000 0.104000 0.000000 0.000000 0.000000 -31739.517715 24.511899
300.000000 0.106000 0.106000 0.106000 0.000000 0.000000 0.000000 -31692.694868 46.001687
300.000000 0.108000 0.108000 0.108000 0.000000 0.000000 0.000000 -31619.615988 59.850200
300.000000 0.110000 0.110000 0.110000 0.000000 0.000000 0.000000 -31697.769278 64.145781
300.000000 0.112000 0.112000 0.112000 0.000000 0.000000 0.000000 -31537.994561 58.627300
300.000000 0.114000 0.114000 0.114000 0.000000 0.000000 0.000000 -31657.629292 64.831012
300.000000 0.116000 0.116000 0.116000 0.000000 0.000000 0.000000 -31740.441880 30.152848
300.000000 0.118000 0.118000 0.118000 0.000000 0.000000 0.000000 -31699.696668 46.229870
300.000000 0.120000 0.120000 0.120000 0.000000 0.000000 0.000000 -31606.580050 67.895277
300.000000 0.122000 0.122000 0.122000 0.000000 0.000000 0.000000 -31686.385700 20.200507
300.000000 0.124000 0.124000 0.124000 0.000000 0.000000 0.000000 -31618.511936 44.079673
300.000000 0.126000 0.126000 0.126000 0.000000 0.000000 0.000000 -31620.904836 42.703723
300.000000 0.128000 0.128000 0.128000 0.000000 0.000000 0.000000 -31665.311049 26.311087
300.000000 0.130000 0.130000 0.130000 0.000000 0.000000 0.000000 -31524.049593 32.132715
300.000000 0.132000 0.132000 0.132000 0.000000 0.000000 0.000000 -31540.203671 37.801278
300.000000 0.134000 0.134000 0.134000 0.000000 0.000000 0.000000 -31538.700621 39.186048
300.000000 0.136000 0.136000 0.136000 0.000000 0.000000 0.000000 -31560.229441 43.970022
300.000000 0.138000 0.138000 0.138000 0.000000 0.000000 0.000000 -31579.690952 45.189686
300.000000 0.140000 0.140000 0.140000 0.000000 0.000000 0.000000 -31445.455635 19.973565
300.000000 0.142000 0.142000 0.142000 0.000000 0.000000 0.000000 -31518.193148 46.647005
300.000000 0.144000 0.144000 0.144000 0.000000 0.000000 0.000000 -31534.694922 24.784118
300.000000 0.146000 0.146000 0.146000 0.000000 0.000000 0.000000 -31462.404366 16.905927
300.000000 0.148000 0.148000 0.148000 0.000000 0.000000 0.000000 -31520.648032 14.467249
300.000000 0.150000 0.150000 0.150000 0.000000 0.000000 0.000000 -31512.917276 27.035856
300.000000 0.152000 0.152000 0.152000 0.000000 0.000000 0.000000 -31618.922880 16.444498
300.000000 0.154000 0.154000 0.154000 0.000000 0.000000 0.000000 -31638.608911 40.868737
300.000000 0.156000 0.156000 0.156000 0.000000 0.000000 0.000000 -31673.853029 26.689597
300.000000 0.158000 0.158000 0.158000 0.000000 0.000000 0.000000 -31457.481696 29.000727
300.000000 0.160000 0.160000 0.160000 0.000000 0.000000 0.000000 -31681.865839 28.783107
300.000000 0.162000 0.162000 0.162000 0.000000 0.000000 0.000000 -31534.150265 23.703906
300.000000 0.164000 0.164000 0.164000 0.000000 0.000000 0.000000 -31483.248277 18.977004
300.000000 0.166000 0.166000 0.166000 0.000000 0.000000 0.000000 -31653.328948 31.956070
300.000000 0.168000 0.168000 0.168000 0.000000 0.000000 0.000000 -31576.243040 36.121806
300.000000 0.170000 0.170000 0.170000 0.000000 0.000000 0.000000 -31581.556178 25.175128
300.000000 0.172000 0.172000 0.172000 0.000000 0.000000 0.000000 -31524.304411 32.140583
300.000000 0.174000 0.174000 0.174000 0.000000 0.000000 0.000000 -31535.827972 27.207865
300.000000 0.176000 0.176000 0.176000 0.000000 0.000000 0.000000 -31530.628477 4.134691
300.000000 0.178000 0.178000 0.178000 0.000000 0.000000 0.000000 -31462.574052 39.604944
300.000000 0.180000 0.180000 0.180000 0.000000 0.000000 0.000000 -31447.991583 21.137064
300.000000 0.182000 0.182000 0.182000 0.000000 0.000000 0.000000 -31524.851225 36.007072
300.000000 0.184000 0.184000 0.184000 0.000000 0.000000 0.000000 -31534.963045 27.006524
300.000000 0.186000 0.186000 0.186000 0.000000 0.000000 0.000000 -31584.665781 19.137066
300.000000 0.188000 0.188000 0.188000 0.000000 0.000000 0.000000 -31541.191588 13.679837
300.000000 0.190000 0.190000 0.190000 0.000000 0.000000 0.000000 -31544.538481 21.290855
300.000000 0.192000 0.192000 0.192000 0.000000 0.000000 0.000000 -31554.984613 14.008817
300.000000 0.194000 0.194000 0.194000 0.000000 0.000000 0.000000 -31578.681721 23.190168
300.000000 0.196000 0.196000 0.196000 0.000000 0.000000 0.000000 -31543.847551 25.642147
300.000000 0.198000 0.198000 0.198000 0.000000 0.000000 0.000000 -31489.561870 13.228988
300.000000 0.200000 0.200000 0.200000 0.000000 0.000000 0.000000 -31501.191146 16.979461
300.000000 0.202000 0.202000 0.202000 0.000000 0.000000 0.000000 -31437.813390 26.330342
300.000000 0.204000 0.204000 0.204000 0.000000 0.000000 0.000000 -31634.676711 26.327074
300.000000 0.206000 0.206000 0.206000 0.000000 0.000000 0.000000 -31595.468962 3.196206
300.000000 0.208000 0.208000 0.208000 0.000000 0.000000 0.000000 -31641.542398 25.833361
300.000000 0.210000 0.210000 0.210000 0.000000 0.000000 0.000000 -31648.173924 21.873737
300.000000 0.212000 0.212000 0.212000 0.000000 0.000000 0.000000 -31571.790674 4.353747
300.000000 0.214000 0.214000 0.214000 0.000000 0.000000 0.000000 -31521.168780 21.134647
300.000000 0.216000 0.216000 0.216000 0.000000 0.000000 0.000000 -31603.752523 11.224921
300.000000 0.218000 0.218000 0.218000 0.000000 0.000000 0.000000 -31448.461756 15.827107
300.000000 0.220000 0.220000 0.220000 0.000000 0.000000 0.000000 -31597.929446 35.940096
300.000000 0.222000 0.222000 0.222000 0.000000 0.000000 0.000000 -31687.779691 17.923542
300.000000 0.224000 0.224000 0.224000 0.000000 0.000000 0.000000 -31611.990131 23.399819
300.000000 0.226000 0.226000 0.226000 0.000000 0.000000 0.000000 -31615.048925 29.255060
300.000000 0.228000 0.228000 0.228000 0.000000 0.000000 0.000000 -31465.581648 11.160880
300.000000 0.230000 0.230000 0.230000 0.000000 0.000000 0.000000 -31668.747631 23.012623
300.000000 0.232000 0.232000 0.232000 0.000000 0.000000 0.000000 -31620.373891 11.435027
300.000000 0.234000 0.234000 0.234000 0.000000 0.000000 0.000000 -31540.730079 18.421831
300.000000 0.236000 0.236000 0.236000 0.000000 0.000000 0.000000 -31605.840734 31.587725
300.000000 0.238000 0.238000 0.238000 0.000000 0.000000 0.000000 -31551.462448 19.434978
300.000000 0.240000 0.240000 0.240000 0.000000 0.000000 0.000000 -31456.267038 17.212204
300.000000 0.242000 0.242000 0.242000 0.000000 0.000000 0.000000 -31581.294047 13.724271
300.000000 0.244000 0.244000 0.244000 0.000000 0.000000 0.000000 -31514.624506 10.793490
300.000000 0.246000 0.246000 0.246000 0.000000 0.000000 0.000000 -31506.176876 12.604911
300.000000 0.248000 0.248000 0.248000 0.000000 0.000000 0.000000 -31607.115684 14.530878
300.000000 0.250000 0.250000 0.250000 0.000000 0.000000 0.000000 -31677.792982 21.469214
300.000000 0.252000 0.252000 0.252000 0.000000 0.000000 0.000000 -31676.505053 22.032183
300.000000 0.254000 0.254000 0.254000 0.000000 0.000000 0.000000 -31674.807318 11.725747
300.000000 0.256000 0.256000 0.256000 0.000000 0.000000 0.000000 -31597.244599 16.414034
300.000000 0.258000 0.258000 0.258000 0.000000 0.000000 0.000000 -31638.617078 8.844459
300.000000 0.260000 0.260000 0.260000 0.000000 0.000000 0.000000 -31636.760963 9.210666
300.000000 0.262000 0.262000 0.262000 0.000000 0.000000 0.000000 -31597.082375 26.952795
300.000000 0.264000 0.264000 0.264000 0.000000 0.000000 0.000000 -31703.177562 13.507798
300.000000 0.266000 0.266000 0.266000 0.000000 0.000000 0.000000 -31670.618320 10.142493
300.000000 0.268000 0.268000 0.268000 0.000000 0.000000 0.000000 -31664.783196 17.785570
300.000000 0.270000 0.270000 0.270000 0.000000 0.000000 0.000000 -31707.695403 7.442918
300.000000 0.272000 0.272000 0.272000 0.000000 0.000000 0.000000 -31624.255974 17.875237
300.000000 0.274000 0.274000 0.274000 0.000000 0.000000 0.000000 -31615.250143 20.537010
300.000000 0.276000 0.276000 0.276000 0.000000 0.000000 0.000000 -31601.106980 15.866022
300.000000 0.278000 0.278000 0.278000 0.000000 0.000000 0.000000 -31578.615901 11.873546
300.000000 0.280000 0.280000 0.280000 0.000000 0.000000 0.000000 -31564.316324 14.352479
300.000000 0.282000 0.282000 0.282000 0.000000 0.000000 0.000000 -31647.728050 9.821499
300.000000 0.284000 0.284000 0.284000 0.000000 0.000000 0.000000 -31614.787623 10.893455
300.000000 0.286000 0.286000 0.286000 0.000000 0.000000 0.000000 -31593.392615 19.431568
300.000000 0.288000 0.288000 0.288000 0.000000 0.000000 0.000000 -31665.599644 31.818052
300.000000 0.290000 0.290000 0.290000 0.000000 0.000000 0.000000 -31690.453561 -0.755776
300.000000 0.292000 0.292000 0.292000 0.000000 0.000000 0.000000 -31607.408336 13.551673
300.000000 0.294000 0.294000 0.294000 0.000000 0.000000 0.000000 -31672.366971 14.361449
300.000000 0.296000 0.296000 0.296000 0.000000 0.000000 0.000000 -31725.896316 13.598602
300.000000 0.298000 0.298000 0.298000 0.000000 0.000000 0.000000 -31616.041753 4.157551
300.000000 0.300000 0.300000 0.300000 0.000000 0.000000 0.000000 -31476.770554 4.916577
300.000000 0.302000 0.302000 0.302000 0.000000 0.000000 0.000000 -31500.236208 11.619985
300.000000 0.304000 0.304000 0.304000 0.000000 0.000000 0.000000 -31626.667986 1.786950
300.000000 0.306000 0.306000 0.306000 0.000000 0.000000 0.000000 -31578.896127 19.693984
300.000000 0.308000 0.308000 0.308000 0.000000 0.000000 0.000000 -31469.070312 10.339770
300.000000 0.310000 0.310000 0.310000 0.000000 0.000000 0.000000 -31595.976914 24.032127
300.000000 0.312000 0.312000 0.312000 0.000000 0.000000 0.000000 -31512.417966 14.640670
300.000000 0.314000 0.314000 0.314000 0.000000 0.000000 0.000000 -31482.205840 9.409232
300.000000 0.316000 0.316000 0.316000 0.000000 0.000000 0.000000 -31642.087092 3.120413
300.000000 0.318000 0.318000 0.318000 0.000000 0.000000 0.000000 -31488.046806 27.281331
300.000000 0.320000 0.320000 0.320000 0.000000 0.000000 0.000000 -31560.181570 16.367618
300.000000 0.322000 0.322000 0.322000 0.000000 0.000000 0.000000 -31432.819565 3.054721
300.000000 0.324000 0.324000 0.324000 0.000000 0.000000 0.000000 -31614.124057 10.651342
300.000000 0.326000 0.326000 0.326000 0.000000 0.000000 0.000000 -31533.703221 15.423373
300.000000 0.328000 0.328000 0.328000 0.000000 0.000000 0.000000 -31511.088453 -10.167205
300.000000 0.330000 0.330000 0.330000 0.000000 0.000000 0.000000 -31502.454899 2.080129
300.000000 0.332000 0.332000 0.332000 0.000000 0.000000 0.000000 -31609.858271 1.363327
300.000000 0.334000 0.334000 0.334000 0.000000 0.000000 0.000000 -31637.716276 4.515042
300.000000 0.336000 0.336000 0.336000 0.000000 0.000000 0.000000 -31550.251117 13.335486
300.000000 0.338000 0.338000 0.338000 0.000000 0.000000 0.000000 -31564.152705 9.459124
300.000000 0.340000 0.340000 0.340000 0.000000 0.000000 0.000000 -31449.849845 -8.471146
300.000000 0.342000 0.342000 0.342000 0.000000 0.000000 0.000000 -31517.723776 19.683324
300.000000 0.344000 0.344000 0.344000 0.000000 0.000000 0.000000 -31509.472319 8.029093
300.000000 0.346000 0.346000 0.346000 0.000000 0.000000 0.000000 -31550.876623 10.150430
300.000000 0.348000 0.348000 0.348000 0.000000 0.000000 0.000000 -31644.408249 4.560196
300.000000 0.350000 0.350000 0.350000 0.000000 0.000000 0.000000 -31698.532387 10.770925
300.000000 0.352000 0.352000 0.352000 0.000000 0.000000 0.000000 -31694.479218 -6.030301
300.000000 0.354000 0.354000 0.354000 0.000000 0.000000 0.000000 -31549.535631 7.192987
300.000000 0.356000 0.356000 0.356000 0.000000 0.000000 0.000000 -31539.000163 6.135171
300.000000 0.358000 0.358000 0.358000 0.000000 0.000000 0.000000 -31599.914574 9.765666
300.000000 0.360000 0.360000 0.360000 0.000000 0.000000 0.000000 -31599.175131 4.483989
300.000000 0.362000 0.362000 0.362000 0.000000 0.000000 0.000000 -31452.753802 1.536786
300.000000 0.364000 0.364000 0.364000 0.000000 0.000000 0.000000 -31459.460282 16.814542
300.000000 0.366000 0.366000 0.366000 0.000000 0.000000 0.000000 -31539.250738 1.533447
300.000000 0.368000 0.368000 0.368000 0.000000 0.000000 0.000000 -31429.737692 -4.085751
300.000000 0.370000 0.370000 0.370000 0.000000 0.000000 0.000000 -31606.888297 3.721165
300.000000 0.372000 0.372000 0.372000 0.000000 0.000000 0.000000 -31492.048497 6.500093
300.000000 0.374000 0.374000 0.374000 0.000000 0.000000 0.000000 -31592.523078 10.135543
300.000000 0.376000 0.376000 0.376000 0.000000 0.000000 0.000000 -31613.503848 1.990885
300.000000 0.378000 0.378000 0.378000 0.000000 0.000000 0.000000 -31658.302477 8.146436
300.000000 0.380000 0.380000 0.380000 0.000000 0.000000 0.000000 -31607.253566 8.305229
300.000000 0.382000 0.382000 0.382000 0.000000 0.000000 0.000000 -31574.183081 4.318347
300.000000 0.384000 0.384000 0.384000 0.000000 0.000000 0.000000 -31547.766836 0.070082
300.000000 0.386000 0.386000 0.386000 0.000000 0.000000 0.000000 -31628.904105 4.709557
300.000000 0.388000 0.388000 0.388000 0.000000 0.000000 0.000000 -31603.755956 11.506310
300.000000 0.390000 0.390000 0.390000 0.000000 0.000000 0.000000 -31735.713149 1.852702
300.000000 0.392000 0.392000 0.392000 0.000000 0.000000 0.000000 -31850.894111 7.692129
300.000000 0.394000 0.394000 0.394000 0.000000 0.000000 0.000000 -31601.250046 -8.917102
300.000000 0.396000 0.396000 0.396000 0.000000 0.000000 0.000000 -31535.471542 3.029952
300.000000 0.398000 0.398000 0.398000 0.000000 0.000000 0.000000 -31632.370277 15.382394
300.000000 0.400000 0.400000 0.400000 0.000000 0.000000 0.000000 -31560.921303 9.199664
300.000000 0.402000 0.402000 0.402000 0.000000 0.000000 0.000000 -31575.792919 8.243322
300.000000 0.404000 0.404000 0.404000 0.000000 0.000000 0.000000 -31636.667979 12.257511
300.000000 0.406000 0.406000 0.406000 0.000000 0.000000 0.000000 -31608.451775 -1.763680
300.000000 0.408000 0.408000 0.408000 0.000000 0.000000 0.000000 -31666.859822 -4.572928
300.000000 0.410000 0.410000 0.410000 0.000000 0.000000 0.000000 -31710.008341 9.822013
300.000000 0.412000 0.412000 0.412000 0.000000 0.000000 0.000000 -31482.476572 3.459349
300.000000 0.414000 0.414000 0.414000 0.000000 0.000000 0.000000 -31666.611751 19.035229
300.000000 0.416000 0.416000 0.416000 0.000000 0.000000 0.000000 -31488.730216 5.233291
300.000000 0.418000 0.418000 0.418000 0.000000 0.000000 0.000000 -31558.270432 -2.382092
300.000000 0.420000 0.420000 0.420000 0.000000 0.000000 0.000000 -31592.454719 2.413323
300.000000 0.422000 0.422000 0.422000 0.000000 0.000000 0.000000 -31682.802632 -5.260210
300.000000 0.424000 0.424000 0.424000 0.000000 0.000000 0.000000 -31741.557339 -7.092710
300.000000 0.426000 0.426000 0.426000 0.000000 0.000000 0.000000 -31472.532292 -3.800628
300.000000 0.428000 0.428000 0.428000 0.000000 0.000000 0.000000 -31394.938272 1.125823
300.000000 0.430000 0.430000 0.430000 0.000000 0.000000 0.000000 -31534.783958 -11.073168
300.000000 0.432000 0.432000 0.432000 0.000000 0.000000 0.000000 -31575.628562 4.208222
300.000000 0.434000 0.434000 0.434000 0.000000 0.000000 0.000000 -31493.162694 3.696634
300.000000 0.436000 0.436000 0.436000 0.000000 0.000000 0.000000 -31538.527826 5.308770
300.000000 0.438000 0.438000 0.438000 0.000000 0.000000 0.000000 -31523.196204 1.649599
300.000000 0.440000 0.440000 0.440000 0.000000 0.000000 0.000000 -31512.555484 -2.847178
300.000000 0.442000 0.442000 0.442000 0.000000 0.000000 0.000000 -31612.118681 -0.147620
300.000000 0.444000 0.444000 0.444000 0.000000 0.000000 0.000000 -31632.944057 0.223049
300.000000 0.446000 0.446000 0.446000 0.000000 0.000000 0.000000 -31588.800067 11.661064
300.000000 0.448000 0.448000 0.448000 0.000000 0.000000 0.000000 -31650.621427 4.181424
300.000000 0.450000 0.450000 0.450000 0.000000 0.000000 0.000000 -31584.692679 4.983607
300.000000 0.452000 0.452000 0.452000 0.000000 0.000000 0.000000 -31701.194461 0.151750
300.000000 0.454000 0.454000 0.454000 0.000000 0.000000 0.000000 -31674.454535 -5.703284
300.000000 0.456000 0.456000 0.456000 0.000000 0.000000 0.000000 -31571.084103 -1.088361
300.000000 0.458000 0.458000 0.458000 0.000000 0.000000 0.000000 -31616.230147 -4.767695
300.000000 0.460000 0.460000 0.460000 0.000000 0.000000 0.000000 -31569.993996 -1.017828
300.000000 0.462000 0.462000 0.462000 0.000000 0.000000 0.000000 -31628.427321 2.463494
300.000000 0.464000 0.464000 0.464000 0.000000 0.000000 0.000000 -31593.187190 -8.595953
300.000000 0.466000 0.466000 0.466000 0.000000 0.000000 0.000000 -31666.498680 -3.743399
300.000000 0.468000 0.468000 0.468000 0.000000 0.000000 0.000000 -31570.495731 -2.870239
300.000000 0.470000 0.470000 0.470000 0.000000 0.000000 0.000000 -31606.072487 -1.999463
300.000000 0.472000 0.472000 0.472000 0.000000 0.000000 0.000000 -31489.935910 -4.858316
300.000000 0.474000 0.474000 0.474000 0.000000 0.000000 0.000000 -31503.952435 -1.939604
300.000000 0.476000 0.476000 0.476000 0.000000 0.000000 0.000000 -31480.275180 1.530902
300.000000 0.478000 0.478000 0.478000 0.000000 0.000000 0.000000 -31565.101088 1.882273
300.000000 0.480000 0.480000 0.480000 0.000000 0.000000 0.000000 -31477.860001 -3.891426
300.000000 0.482000 0.482000 0.482000 0.000000 0.000000 0.000000 -31429.986626 5.401718
300.000000 0.484000 0.484000 0.484000 0.000000 0.000000 0.000000 -31454.835918 -3.653590
300.000000 0.486000 0.486000 0.486000 0.000000 0.000000 0.000000 -31496.187835 0.198250
300.000000 0.488000 0.488000 0.488000 0.000000 0.000000 0.000000 -31512.098686 8.496423
300.000000 0.490000 0.490000 0.490000 0.000000 0.000000 0.000000 -31560.562689 3.910227
300.000000 0.492000 0.492000 0.492000 0.000000 0.000000 0.000000 -31590.471313 1.780785
300.000000 0.494000 0.494000 0.494000 0.000000 0.000000 0.000000 -31526.726755 -3.137764
300.000000 0.496000 0.496000 0.496000 0.000000 0.000000 0.000000 -31560.942275 -6.676069
300.000000 0.498000 0.498000 0.498000 0.000000 0.000000 0.000000 -31671.991123 0.037030
