300.000000 0.000000 0.000000 0.000000 0.000000 0.000000 0.000000 -35165.597718 727.355470
300.000000 0.002000 0.002000 0.002000 0.000000 0.000000 0.000000 -35197.043277 781.141100
300.000000 0.004000 0.004000 0.004000 0.000000 0.000000 0.000000 -35244.514836 869.702712
300.000000 0.006000 0.006000 0.006000 0.000000 0.000000 0.000000 -35253.555609 816.137678
300.000000 0.008000 0.008000 0.008000 0.000000 0.000000 0.000000 -35263.667306 597.345680
300.000000 0.010000 0.010000 0.010000 0.000000 0.000000 0.000000 -35344.548992 772.084095
300.000000 0.012000 0.012000 0.012000 0.000000 0.000000 0.000000 -35369.461669 657.276778
300.000000 0.014000 0.014000 0.014000 0.000000 0.000000 0.000000 -35349.349338 651.862780
300.000000 0.016000 0.016000 0.016000 0.000000 0.000000 0.000000 -35281.869511 164.348130
300.000000 0.018000 0.018000 0.018000 0.000000 0.000000 0.000000 -35087.903880 83.450473
300.000000 0.020000 0.020000 0.020000 0.000000 0.000000 0.000000 -35274.973426 66.400303
300.000000 0.022000 0.022000 0.022000 0.000000 0.000000 0.000000 -35276.032558 108.327617
300.000000 0.024000 0.024000 0.024000 0.000000 0.000000 0.000000 -35206.394387 57.860422
300.000000 0.026000 0.026000 0.026000 0.000000 0.000000 0.000000 -35186.564638 95.724480
300.000000 0.028000 0.028000 0.028000 0.000000 0.000000 0.000000 -35312.600851 91.281180
300.000000 0.030000 0.030000 0.030000 0.000000 0.000000 0.000000 -35255.844274 74.575875
300.000000 0.032000 0.032000 0.032000 0.000000 0.000000 0.000000 -35153.412271 110.491415
300.000000 0.034000 0.034000 0.034000 0.000000 0.000000 0.000000 -35161.580501 53.261720
300.000000 0.036000 0.036000 0.036000 0.000000 0.000000 0.000000 -35221.633970 58.911392
300.000000 0.038000 0.038000 0.038000 0.000000 0.000000 0.000000 -35418.502302 34.139218
300.000000 0.040000 0.040000 0.040000 0.000000 0.000000 0.000000 -35296.810331 63.284407
300.000000 0.042000 0.042000 0.042000 0.000000 0.000000 0.000000 -35216.183805 76.626481
300.000000 0.044000 0.044000 0.044000 0.000000 0.000000 0.000000 -35266.520079 51.716765
300.000000 0.046000 0.046000 0.046000 0.000000 0.000000 0.000000 -35207.133935 34.299676
300.000000 0.048000 0.048000 0.048000 0.000000 0.000000 0.000000 -35235.120375 58.350164
300.000000 0.050000 0.050000 0.050000 0.000000 0.000000 0.000000 -35132.290702 51.045106
300.000000 0.052000 0.052000 0.052000 0.000000 0.000000 0.000000 -35107.926454 66.417490
300.000000 0.054000 0.054000 0.054000 0.000000 0.000000 0.000000 -35209.071468 46.633672
300.000000 0.056000 0.056000 0.056000 0.000000 0.000000 0.000000 -35210.466701 74.889291
300.000000 0.058000 0.058000 0.058000 0.000000 0.000000 0.000000 -35266.840257 53.459783
300.000000 0.060000 0.060000 0.060000 0.000000 0.000000 0.000000 -35229.184227 49.181431
300.000000 0.062000 0.062000 0.062000 0.000000 0.000000 0.000000 -35344.940896 77.755072
300.000000 0.064000 0.064000 0.064000 0.000000 0.000000 0.000000 -35208.864148 43.911970
300.000000 0.066000 0.066000 0.066000 0.000000 0.000000 0.000000 -35219.043534 35.815371
300.000000 0.068000 0.068000 0.068000 0.000000 0.000000 0.000000 -35197.496184 37.014948
300.000000 0.070000 0.070000 0.070000 0.000000 0.000000 0.000000 -35244.008541 63.860156
300.000000 0.072000 0.072000 0.072000 0.000000 0.000000 0.000000 -35272.486449 47.766043
300.000000 0.074000 0.074000 0.074000 0.000000 0.000000 0.000000 -35211.033351 41.587082
300.000000 0.076000 0.076000 0.076000 0.000000 0.000000 0.000000 -35313.236245 30.905242
300.000000 0.078000 0.078000 0.078000 0.000000 0.000000 0.000000 -35340.779995 30.808224
300.000000 0.080000 0.080000 0.080000 0.000000 0.000000 0.000000 -35252.054747 29.633552
300.000000 0.082000 0.082000 0.082000 0.000000 0.000000 0.000000 -35297.356884 32.082995
300.000000 0.084000 0.084000 0.084000 0.000000 0.000000 0.000000 -35291.194581 16.004755
300.000000 0.086000 0.086000 0.086000 0.000000 0.000000 0.000000 -35267.550380 36.330829
300.000000 0.088000 0.088000 0.088000 0.000000 0.000000 0.000000 -35437.460818 45.252599
300.000000 0.090000 0.090000 0.090000 0.000000 0.000000 0.000000 -35263.623070 32.057503
300.000000 0.092000 0.092000 0.092000 0.000000 0.000000 0.000000 -35286.221667 35.720603
300.000000 0.094000 0.094000 0.094000 0.000000 0.000000 0.000000 -35291.103660 52.516963
300.000000 0.096000 0.096000 0.096000 0.000000 0.000000 0.000000 -35277.046671 34.960338
300.000000 0.098000 0.098000 0.098000 0.000000 0.000000 0.000000 -35237.095492 33.190686
300.000000 0.100000 0.100000 0.100000 0.000000 0.000000 0.000000 -35421.395065 27.994008
300.000000 0.102000 0.102000 0.102000 0.000000 0.000000 0.000000 -35381.399449 16.979078
300.000000 0.104000 0.104000 0.104000 0.000000 0.000000 0.000000 -35255.952206 48.043099
300.000000 0.106000 0.106000 0.106000 0.000000 0.000000 0.000000 -35227.131669 18.731847
300.000000 0.108000 0.108000 0.108000 0.000000 0.000000 0.000000 -35161.032610 23.400519
300.000000 0.110000 0.110000 0.110000 0.000000 0.000000 0.000000 -35115.571697 20.320922
300.000000 0.112000 0.112000 0.112000 0.000000 0.000000 0.000000 -35078.136056 20.111159
300.000000 0.114000 0.114000 0.114000 0.000000 0.000000 0.000000 -35207.016589 25.583066
300.000000 0.116000 0.116000 0.116000 0.000000 0.000000 0.000000 -35209.461804 36.699440
300.000000 0.118000 0.118000 0.118000 0.000000 0.000000 0.000000 -35202.005234 15.971453
300.000000 0.120000 0.120000 0.120000 0.000000 0.000000 0.000000 -35319.935710 22.762718
300.000000 0.122000 0.122000 0.122000 0.000000 0.000000 0.000000 -35203.965455 23.026775
300.000000 0.124000 0.124000 0.124000 0.000000 0.000000 0.000000 -35304.683379 21.255829
300.000000 0.126000 0.126000 0.126000 0.000000 0.000000 0.000000 -35361.943862 28.345997
300.000000 0.128000 0.128000 0.128000 0.000000 0.000000 0.000000 -35331.317635 29.324184
300.000000 0.130000 0.130000 0.130000 0.000000 0.000000 0.000000 -35275.923142 14.223201
300.000000 0.132000 0.132000 0.132000 0.000000 0.000000 0.000000 -35311.599326 27.215341
300.000000 0.134000 0.134000 0.134000 0.000000 0.000000 0.000000 -35217.744869 24.337153
300.000000 0.136000 0.136000 0.136000 0.000000 0.000000 0.000000 -35141.711047 35.032555
300.000000 0.138000 0.138000 0.138000 0.000000 0.000000 0.000000 -35151.080164 37.544759
300.000000 0.140000 0.140000 0.140000 0.000000 0.000000 0.000000 -35216.662137 36.610579
300.000000 0.142000 0.142000 0.142000 0.000000 0.000000 0.000000 -35208.123482 12.100254
300.000000 0.144000 0.144000 0.144000 0.000000 0.000000 0.000000 -35226.542143 38.856928
300.000000 0.146000 0.146000 0.146000 0.000000 0.000000 0.000000 -35339.548178 26.779654
300.000000 0.148000 0.148000 0.148000 0.000000 0.000000 0.000000 -35334.078021 14.431996
300.000000 0.150000 0.150000 0.150000 0.000000 0.000000 0.000000 -35249.148603 10.682648
300.000000 0.152000 0.152000 0.152000 0.000000 0.000000 0.000000 -35176.604132 29.673002
300.000000 0.154000 0.154000 0.154000 0.000000 0.000000 0.000000 -35282.721823 18.148934
300.000000 0.156000 0.156000 0.156000 0.000000 0.000000 0.000000 -35262.712004 17.224957
300.000000 0.158000 0.158000 0.158000 0.000000 0.000000 0.000000 -35090.234244 18.078834
300.000000 0.160000 0.160000 0.160000 0.000000 0.000000 0.000000 -35221.629339 11.900862
300.000000 0.162000 0.162000 0.162000 0.000000 0.000000 0.000000 -35199.709526 8.480179
300.000000 0.164000 0.164000 0.164000 0.000000 0.000000 0.000000 -35281.784237 23.155957
300.000000 0.166000 0.166000 0.166000 0.000000 0.000000 0.000000 -35323.723360 10.610077
300.000000 0.168000 0.168000 0.168000 0.000000 0.000000 0.000000 -35172.626580 10.957127
300.000000 0.170000 0.170000 0.170000 0.000000 0.000000 0.000000 -35244.617406 18.188202
300.000000 0.172000 0.172000 0.172000 0.000000 0.000000 0.000000 -35093.188976 18.418287
300.000000 0.174000 0.174000 0.174000 0.000000 0.000000 0.000000 -35209.759156 15.418322
300.000000 0.176000 0.176000 0.176000 0.000000 0.000000 0.000000 -35126.066326 31.481245
300.000000 0.178000 0.178000 0.178000 0.000000 0.000000 0.000000 -35254.625076 14.051054
300.000000 0.180000 0.180000 0.180000 0.000000 0.000000 0.000000 -35161.722609 20.191428
300.000000 0.182000 0.182000 0.182000 0.000000 0.000000 0.000000 -35266.844832 23.597019
300.000000 0.184000 0.184000 0.184000 0.000000 0.000000 0.000000 -35159.033592 21.129295
300.000000 0.186000 0.186000 0.186000 0.000000 0.000000 0.000000 -35096.639656 5.936805
300.000000 0.188000 0.188000 0.188000 0.000000 0.000000 0.000000 -35268.836422 20.551706
300.000000 0.190000 0.190000 0.190000 0.000000 0.000000 0.000000 -35352.736437 5.785116
300.000000 0.192000 0.192000 0.192000 0.000000 0.000000 0.000000 -35189.901014 16.542902
300.000000 0.194000 0.194000 0.194000 0.000000 0.000000 0.000000 -35136.107060 4.921552
300.000000 0.196000 0.196000 0.196000 0.000000 0.000000 0.000000 -35076.406758 7.908747
300.000000 0.198000 0.198000 0.198000 0.000000 0.000000 0.000000 -35115.403886 28.281729
300.000000 0.200000 0.200000 0.200000 0.000000 0.000000 0.000000 -35183.548738 9.991021
300.000000 0.202000 0.202000 0.202000 0.000000 0.000000 0.000000 -35241.694853 2.535167
300.000000 0.204000 0.204000 0.204000 0.000000 0.000000 0.000000 -35409.526290 21.502122
300.000000 0.206000 0.206000 0.206000 0.000000 0.000000 0.000000 -35397.597071 14.792910
300.000000 0.208000 0.208000 0.208000 0.000000 0.000000 0.000000 -35226.556986 5.980755
300.000000 0.210000 0.210000 0.210000 0.000000 0.000000 0.000000 -35267.412304 10.165392
300.000000 0.212000 0.212000 0.212000 0.000000 0.000000 0.000000 -35252.647045 7.075057
300.000000 0.214000 0.214000 0.214000 0.000000 0.000000 0.000000 -35330.641531 12.858288
300.000000 0.216000 0.216000 0.216000 0.000000 0.000000 0.000000 -35222.371060 6.527992
300.000000 0.218000 0.218000 0.218000 0.000000 0.000000 0.000000 -35356.332200 15.916427
300.000000 0.220000 0.220000 0.220000 0.000000 0.000000 0.000000 -35316.652846 11.962625
300.000000 0.222000 0.222000 0.222000 0.000000 0.000000 0.000000 -35288.824693 10.038461
300.000000 0.224000 0.224000 0.224000 0.000000 0.000000 0.000000 -35376.210533 18.708397
300.000000 0.226000 0.226000 0.226000 0.000000 0.000000 0.000000 -35334.102047 8.148553
300.000000 0.228000 0.228000 0.228000 0.000000 0.000000 0.000000 -35309.801376 14.235588
300.000000 0.230000 0.230000 0.230000 0.000000 0.000000 0.000000 -35202.921170 16.192794
300.000000 0.232000 0.232000 0.232000 0.000000 0.000000 0.000000 -35158.030191 7.074227
300.000000 0.234000 0.234000 0.234000 0.000000 0.000000 0.000000 -35160.318196 9.505073
300.000000 0.236000 0.236000 0.236000 0.000000 0.000000 0.000000 -35162.583867 8.858641
300.000000 0.238000 0.238000 0.238000 0.000000 0.000000 0.000000 -35186.845789 17.151975
300.000000 0.240000 0.240000 0.240000 0.000000 0.000000 0.000000 -35263.750311 11.045454
300.000000 0.242000 0.242000 0.242000 0.000000 0.000000 0.000000 -35275.573164 5.518765
300.000000 0.244000 0.244000 0.244000 0.000000 0.000000 0.000000 -35371.827802 6.125617
300.000000 0.246000 0.246000 0.246000 0.000000 0.000000 0.000000 -35239.734415 20.207947
300.000000 0.248000 0.248000 0.248000 0.000000 0.000000 0.000000 -35137.379806 9.226804
300.000000 0.250000 0.250000 0.250000 0.000000 0.000000 0.000000 -35129.267435 7.262611
300.000000 0.252000 0.252000 0.252000 0.000000 0.000000 0.000000 -35093.745665 11.490478
300.000000 0.254000 0.254000 0.254000 0.000000 0.000000 0.000000 -35141.597154 14.804377
300.000000 0.256000 0.256000 0.256000 0.000000 0.000000 0.000000 -35021.916000 12.783653
300.000000 0.258000 0.258000 0.258000 0.000000 0.000000 0.000000 -35123.822581 9.187947
300.000000 0.260000 0.260000 0.260000 0.000000 0.000000 0.000000 -35107.024549 12.263028
300.000000 0.262000 0.262000 0.262000 0.000000 0.000000 0.000000 -35135.279379 19.453714
300.000000 0.264000 0.264000 0.264000 0.000000 0.000000 0.000000 -35134.518417 14.869862
300.000000 0.266000 0.266000 0.266000 0.000000 0.000000 0.000000 -35129.138942 1.548330
300.000000 0.268000 0.268000 0.268000 0.000000 0.000000 0.000000 -35172.852968 4.573442
300.000000 0.270000 0.270000 0.270000 0.000000 0.000000 0.000000 -35172.764322 9.818117
300.000000 0.272000 0.272000 0.272000 0.000000 0.000000 0.000000 -35206.785425 16.090751
300.000000 0.274000 0.274000 0.274000 0.000000 0.000000 0.000000 -35261.834802 8.366383
300.000000 0.276000 0.276000 0.276000 0.000000 0.000000 0.000000 -35194.576583 23.374031
300.000000 0.278000 0.278000 0.278000 0.000000 0.000000 0.000000 -35228.498997 19.522564
300.000000 0.280000 0.280000 0.280000 0.000000 0.000000 0.000000 -35269.112940 17.174210
300.000000 0.282000 0.282000 0.282000 0.000000 0.000000 0.000000 -35172.283929 -0.848556
300.000000 0.284000 0.284000 0.284000 0.000000 0.000000 0.000000 -35185.870790 4.495845
300.000000 0.286000 0.286000 0.286000 0.000000 0.000000 0.000000 -35173.491951 15.490194
300.000000 0.288000 0.288000 0.288000 0.000000 0.000000 0.000000 -35189.969119 7.333652
300.000000 0.290000 0.290000 0.290000 0.000000 0.000000 0.000000 -35073.898944 11.507668
300.000000 0.292000 0.292000 0.292000 0.000000 0.000000 0.000000 -35084.312810 6.043230
300.000000 0.294000 0.294000 0.294000 0.000000 0.000000 0.000000 -34918.885261 11.855475
300.000000 0.296000 0.296000 0.296000 0.000000 0.000000 0.000000 -35097.406612 6.276769
300.000000 0.298000 0.298000 0.298000 0.000000 0.000000 0.000000 -35037.550547 5.678990
300.000000 0.300000 0.300000 0.300000 0.000000 0.000000 0.000000 -35181.349865 12.530506
300.000000 0.302000 0.302000 0.302000 0.000000 0.000000 0.000000 -35187.408208 11.852962
300.000000 0.304000 0.304000 0.304000 0.000000 0.000000 0.000000 -35092.520058 17.845254
300.000000 0.306000 0.306000 0.306000 0.000000 0.000000 0.000000 -35309.671411 11.950325
300.000000 0.308000 0.308000 0.308000 0.000000 0.000000 0.000000 -35273.918528 -0.451998
300.000000 0.310000 0.310000 0.310000 0.000000 0.000000 0.000000 -35212.947625 4.699923
300.000000 0.312000 0.312000 0.312000 0.000000 0.000000 0.000000 -35227.049528 -0.662978
300.000000 0.314000 0.314000 0.314000 0.000000 0.000000 0.000000 -35273.732640 7.886016
300.000000 0.316000 0.316000 0.316000 0.000000 0.000000 0.000000 -35151.792656 7.230854
300.000000 0.318000 0.318000 0.318000 0.000000 0.000000 0.000000 -35238.078299 6.684970
300.000000 0.320000 0.320000 0.320000 0.000000 0.000000 0.000000 -35148.039586 7.173599
300.000000 0.322000 0.322000 0.322000 0.000000 0.000000 0.000000 -35155.844473 16.341749
300.000000 0.324000 0.324000 0.324000 0.000000 0.000000 0.000000 -35174.689657 12.940111
300.000000 0.326000 0.326000 0.326000 0.000000 0.000000 0.000000 -35251.532799 6.657129
300.000000 0.328000 0.328000 0.328000 0.000000 0.000000 0.000000 -35259.163548 4.553989
300.000000 0.330000 0.330000 0.330000 0.000000 0.000000 0.000000 -35169.486965 13.907303
300.000000 0.332000 0.332000 0.332000 0.000000 0.000000 0.000000 -35306.008665 5.821205
300.000000 0.334000 0.334000 0.334000 0.000000 0.000000 0.000000 -35174.330363 2.486234
300.000000 0.336000 0.336000 0.336000 0.000000 0.000000 0.000000 -35210.890206 3.539594
300.000000 0.338000 0.338000 0.338000 0.000000 0.000000 0.000000 -35235.347216 4.303333
300.000000 0.340000 0.340000 0.340000 0.000000 0.000000 0.000000 -35058.737589 9.347764
300.000000 0.342000 0.342000 0.342000 0.000000 0.000000 0.000000 -35063.015706 1.639019
300.000000 0.344000 0.344000 0.344000 0.000000 0.000000 0.000000 -35218.272194 11.848851
300.000000 0.346000 0.346000 0.346000 0.000000 0.000000 0.000000 -35070.800066 19.280983
300.000000 0.348000 0.348000 0.348000 0.000000 0.000000 0.000000 -35189.379593 2.209788
300.000000 0.350000 0.350000 0.350000 0.000000 0.000000 0.000000 -35189.284801 6.858318
300.000000 0.352000 0.352000 0.352000 0.000000 0.000000 0.000000 -35199.398121 2.572986
300.000000 0.354000 0.354000 0.354000 0.000000 0.000000 0.000000 -35281.188837 11.790494
300.000000 0.356000 0.356000 0.356000 0.000000 0.000000 0.000000 -35319.374694 9.626631
300.000000 0.358000 0.358000 0.358000 0.000000 0.000000 0.000000 -35290.267039 7.933218
300.000000 0.360000 0.360000 0.360000 0.000000 0.000000 0.000000 -35208.515854 6.513166
300.000000 0.362000 0.362000 0.362000 0.000000 0.000000 0.000000 -35082.812507 -6.807979
300.000000 0.364000 0.364000 0.364000 0.000000 0.000000 0.000000 -35234.081944 5.496079
300.000000 0.366000 0.366000 0.366000 0.000000 0.000000 0.000000 -35178.885016 10.019181
300.000000 0.368000 0.368000 0.368000 0.000000 0.000000 0.000000 -35081.549447 3.852511
300.000000 0.370000 0.370000 0.370000 0.000000 0.000000 0.000000 -35182.551182 11.577006
300.000000 0.372000 0.372000 0.372000 0.000000 0.000000 0.000000 -35289.058361 3.590312
300.000000 0.374000 0.374000 0.374000 0.000000 0.000000 0.000000 -35231.037105 9.934921
300.000000 0.376000 0.376000 0.376000 0.000000 0.000000 0.000000 -35205.189047 -1.621275
300.000000 0.378000 0.378000 0.378000 0.000000 0.000000 0.000000 -34985.433946 2.462338
300.000000 0.380000 0.380000 0.380000 0.000000 0.000000 0.000000 -35077.468008 0.945508
300.000000 0.382000 0.382000 0.382000 0.000000 0.000000 0.000000 -35152.608351 3.617402
300.000000 0.384000 0.384000 0.384000 0.000000 0.000000 0.000000 -35251.041354 7.964912
300.000000 0.386000 0.386000 0.386000 0.000000 0.000000 0.000000 -35067.271469 4.053833
300.000000 0.388000 0.388000 0.388000 0.000000 0.000000 0.000000 -35155.234458 6.657686
300.000000 0.390000 0.390000 0.390000 0.000000 0.000000 0.000000 -35165.590675 5.090833
300.000000 0.392000 0.392000 0.392000 0.000000 0.000000 0.000000 -35040.387588 1.508280
300.000000 0.394000 0.394000 0.394000 0.000000 0.000000 0.000000 -35125.343193 7.637712
300.000000 0.396000 0.396000 0.396000 0.000000 0.000000 0.000000 -34986.888340 -1.408187
300.000000 0.398000 0.398000 0.398000 0.000000 0.000000 0.000000 -35184.435015 5.892237
300.000000 0.400000 0.400000 0.400000 0.000000 0.000000 0.000000 -35058.815880 -1.011673
300.000000 0.402000 0.402000 0.402000 0.000000 0.000000 0.000000 -35026.205041 -1.324021
300.000000 0.404000 0.404000 0.404000 0.000000 0.000000 0.000000 -35154.696882 5.553410
300.000000 0.406000 0.406000 0.406000 0.000000 0.000000 0.000000 -35264.526375 1.773616
300.000000 0.408000 0.408000 0.408000 0.000000 0.000000 0.000000 -35201.327261 4.461386
300.000000 0.410000 0.410000 0.410000 0.000000 0.000000 0.000000 -35158.216260 4.318027
300.000000 0.412000 0.412000 0.412000 0.000000 0.000000 0.000000 -35266.357912 0.757686
300.000000 0.414000 0.414000 0.414000 0.000000 0.000000 0.000000 -35117.398336 -2.517475
300.000000 0.416000 0.416000 0.416000 0.000000 0.000000 0.000000 -35217.832053 13.565998
300.000000 0.418000 0.418000 0.418000 0.000000 0.000000 0.000000 -35279.639637 6.072571
300.000000 0.420000 0.420000 0.420000 0.000000 0.000000 0.000000 -35307.559228 4.644264
300.000000 0.422000 0.422000 0.422000 0.000000 0.000000 0.000000 -35170.032872 4.049071
300.000000 0.424000 0.424000 0.424000 0.000000 0.000000 0.000000 -35182.710618 1.694005
300.000000 0.426000 0.426000 0.426000 0.000000 0.000000 0.000000 -35229.105845 -2.787365
300.000000 0.428000 0.428000 0.428000 0.000000 0.000000 0.000000 -35134.151131 0.196196
300.000000 0.430000 0.430000 0.430000 0.000000 0.000000 0.000000 -35117.277087 0.298891
300.000000 0.432000 0.432000 0.432000 0.000000 0.000000 0.000000 -35171.217181 -2.186002
300.000000 0.434000 0.434000 0.434000 0.000000 0.000000 0.000000 -35186.271493 14.077443
300.000000 0.436000 0.436000 0.436000 0.000000 0.000000 0.000000 -35069.309692 -3.188987
300.000000 0.438000 0.438000 0.438000 0.000000 0.000000 0.000000 -35176.161080 -3.087059
300.000000 0.440000 0.440000 0.440000 0.000000 0.000000 0.000000 -35177.890931 -10.587908
300.000000 0.442000 0.442000 0.442000 0.000000 0.000000 0.000000 -35228.760025 8.436960
300.000000 0.444000 0.444000 0.444000 0.000000 0.000000 0.000000 -35202.684803 -0.168956
300.000000 0.446000 0.446000 0.446000 0.000000 0.000000 0.000000 -35238.939896 3.457070
300.000000 0.448000 0.448000 0.448000 0.000000 0.000000 0.000000 -35228.237910 0.353849
300.000000 0.450000 0.450000 0.450000 0.000000 0.000000 0.000000 -35150.920509 7.097819
300.000000 0.452000 0.452000 0.452000 0.000000 0.000000 0.000000 -35243.845071 -7.028498
300.000000 0.454000 0.454000 0.454000 0.000000 0.000000 0.000000 -35228.774560 6.157636
300.000000 0.456000 0.456000 0.456000 0.000000 0.000000 0.000000 -35177.461881 -7.028981
300.000000 0.458000 0.458000 0.458000 0.000000 0.000000 0.000000 -35238.332221 1.776303
300.000000 0.460000 0.460000 0.460000 0.000000 0.000000 0.000000 -35165.403450 -0.902199
300.000000 0.462000 0.462000 0.462000 0.000000 0.000000 0.000000 -35212.108574 5.181454
300.000000 0.464000 0.464000 0.464000 0.000000 0.000000 0.000000 -35166.533815 -0.778645
300.000000 0.466000 0.466000 0.466000 0.000000 0.000000 0.000000 -35275.313457 -4.260573
300.000000 0.468000 0.468000 0.468000 0.000000 0.000000 0.000000 -35274.675280 -3.011970
300.000000 0.470000 0.470000 0.470000 0.000000 0.000000 0.000000 -35193.138129 9.156435
300.000000 0.472000 0.472000 0.472000 0.000000 0.000000 0.000000 -35197.287450 -10.152798
300.000000 0.474000 0.474000 0.474000 0.000000 0.000000 0.000000 -35249.534731 -5.667484
300.000000 0.476000 0.476000 0.476000 0.000000 0.000000 0.000000 -35229.860795 -3.662840
300.000000 0.478000 0.478000 0.478000 0.000000 0.000000 0.000000 -35207.396354 -2.006146
300.000000 0.480000 0.480000 0.480000 0.000000 0.000000 0.000000 -35263.263454 0.474914
300.000000 0.482000 0.482000 0.482000 0.000000 0.000000 0.000000 -35321.190954 4.056985
300.000000 0.484000 0.484000 0.484000 0.000000 0.000000 0.000000 -35247.226505 1.907886
300.000000 0.486000 0.486000 0.486000 0.000000 0.000000 0.000000 -35201.875448 2.113971
300.000000 0.488000 0.488000 0.488000 0.000000 0.000000 0.000000 -35219.824210 -0.301103
300.000000 0.490000 0.490000 0.490000 0.000000 0.000000 0.000000 -35324.028619 -2.479166
300.000000 0.492000 0.492000 0.492000 0.000000 0.000000 0.000000 -35357.462682 8.430396
300.000000 0.494000 0.494000 0.494000 0.000000 0.000000 0.000000 -35209.246397 -2.466813
300.000000 0.496000 0.496000 0.496000 0.000000 0.000000 0.000000 -35269.891615 1.643044
300.000000 0.498000 0.498000 0.498000 0.000000 0.000000 0.000000 -35135.223593 0.088338
