50.000000 0.500000 0.500000 0.500000 0.000000 0.000000 0.000000 -40087.999797 0.104565
75.000000 0.500000 0.500000 0.500000 0.000000 0.000000 0.000000 -39805.261883 2.390057
100.000000 0.500000 0.500000 0.500000 0.000000 0.000000 0.000000 -39439.700443 -6.109584
125.000000 0.500000 0.500000 0.500000 0.000000 0.000000 0.000000 -39075.770607 -4.690488
150.000000 0.500000 0.500000 0.500000 0.000000 0.000000 0.000000 -38560.550928 -9.873924
175.000000 0.500000 0.500000 0.500000 0.000000 0.000000 0.000000 -37927.401918 -12.039914
200.000000 0.500000 0.500000 0.500000 0.000000 0.000000 0.000000 -37234.598117 -7.528681
225.000000 0.500000 0.500000 0.500000 0.000000 0.000000 0.000000 -36422.774916 -5.183437
250.000000 0.500000 0.500000 0.500000 0.000000 0.000000 0.000000 -35282.114541 -13.279756
275.000000 0.500000 0.500000 0.500000 0.000000 0.000000 0.000000 -34012.212747 0.403322
300.000000 0.500000 0.500000 0.500000 0.000000 0.000000 0.000000 -33472.052748 -4.585923
300.000000 0.500000 0.500000 0.500000 0.000000 0.000000 0.000000 -33796.728826 -5.123685
300.000000 0.500000 0.500000 0.500000 0.000000 0.000000 0.000000 -33804.146821 -8.260636
300.000000 0.500000 0.500000 0.500000 0.000000 0.000000 0.000000 -33781.234831 -10.456501
300.000000 0.500000 0.500000 0.500000 0.000000 0.000000 0.000000 -33866.020876 -10.501315
300.000000 0.500000 0.500000 0.500000 0.000000 0.000000 0.000000 -33775.239637 -6.258963
300.000000 0.500000 0.500000 0.500000 0.000000 0.000000 0.000000 -33872.365699 -5.586759
300.000000 0.500000 0.500000 0.500000 0.000000 0.000000 0.000000 -33766.434557 -22.376912
300.000000 0.500000 0.500000 0.500000 0.000000 0.000000 0.000000 -33807.594199 9.829111
300.000000 0.500000 0.500000 0.500000 0.000000 0.000000 0.000000 -33828.314283 3.241515
