300.000000 0.500000 0.500000 0.500000 0.000000 0.000000 0.000000 -33925.137660 3.973470
300.000000 0.500000 0.500000 0.500000 0.000000 0.000000 0.000000 -34033.446149 0.911209
300.000000 0.500000 0.500000 0.500000 0.000000 0.000000 0.000000 -33832.789659 -5.467256
300.000000 0.500000 0.500000 0.500000 0.000000 0.000000 0.000000 -33798.989531 0.268881
300.000000 0.500000 0.500000 0.500000 0.000000 0.000000 0.000000 -33712.359798 2.853131
300.000000 0.500000 0.500000 0.500000 0.000000 0.000000 0.000000 -33847.103016 -0.149379
300.000000 0.500000 0.500000 0.500000 0.000000 0.000000 0.000000 -33867.841082 -12.936185
300.000000 0.500000 0.500000 0.500000 0.000000 0.000000 0.000000 -33859.408748 -14.489723
300.000000 0.500000 0.500000 0.500000 0.000000 0.000000 0.000000 -33844.679772 5.288002
300.000000 0.500000 0.500000 0.500000 0.000000 0.000000 0.000000 -33843.296328 -2.434871
300.000000 0.500000 0.500000 0.500000 0.000000 0.000000 0.000000 -33824.562167 7.020793
300.000000 0.500000 0.500000 0.500000 0.000000 0.000000 0.000000 -33892.821295 2.673877
300.000000 0.500000 0.500000 0.500000 0.000000 0.000000 0.000000 -33886.262700 -0.298757
300.000000 0.500000 0.500000 0.500000 0.000000 0.000000 0.000000 -33806.530130 8.156071
300.000000 0.500000 0.500000 0.500000 0.000000 0.000000 0.000000 -33991.176999 3.062261
300.000000 0.500000 0.500000 0.500000 0.000000 0.000000 0.000000 -33803.309314 -6.423279
300.000000 0.500000 0.500000 0.500000 0.000000 0.000000 0.000000 -33728.887021 -11.009202
300.000000 0.500000 0.500000 0.500000 0.000000 0.000000 0.000000 -33732.932439 2.509560
300.000000 0.500000 0.500000 0.500000 0.000000 0.000000 0.000000 -33720.713518 1.090464
300.000000 0.500000 0.500000 0.500000 0.000000 0.000000 0.000000 -33779.091763 -1.553537
300.000000 0.500000 0.500000 0.500000 0.000000 0.000000 0.000000 -33856.764572 0.806644
300.000000 0.500000 0.500000 0.500000 0.000000 0.000000 0.000000 -33907.060181 -23.571941
300.000000 0.500000 0.500000 0.500000 0.000000 0.000000 0.000000 -33802.732179 3.226577
300.000000 0.500000 0.500000 0.500000 0.000000 0.000000 0.000000 -33878.346335 1.493786
300.000000 0.500000 0.500000 0.500000 0.000000 0.000000 0.000000 -33839.701103 -8.454828
300.000000 0.500000 0.500000 0.500000 0.000000 0.000000 0.000000 -33728.082857 -5.541946
300.000000 0.500000 0.500000 0.500000 0.000000 0.000000 0.000000 -33691.377329 -1.717854
300.000000 0.500000 0.500000 0.500000 0.000000 0.000000 0.000000 -33742.068339 -9.530354
300.000000 0.500000 0.500000 0.500000 0.000000 0.000000 0.000000 -33748.517074 3.286329
300.000000 0.500000 0.500000 0.500000 0.000000 0.000000 0.000000 -33786.333007 -10.516252
