300.000000 0.000000 0.000000 0.000000 0.000000 0.000000 0.000000 -37267.509107 852.499472
300.000000 0.002000 0.002000 0.002000 0.000000 0.000000 0.000000 -37258.457069 958.309415
300.000000 0.004000 0.004000 0.004000 0.000000 0.000000 0.000000 -37262.424943 919.563892
300.000000 0.006000 0.006000 0.006000 0.000000 0.000000 0.000000 -37398.287848 973.278948
300.000000 0.008000 0.008000 0.008000 0.000000 0.000000 0.000000 -37330.003022 817.965807
300.000000 0.010000 0.010000 0.010000 0.000000 0.000000 0.000000 -37411.623785 825.232100
300.000000 0.012000 0.012000 0.012000 0.000000 0.000000 0.000000 -37362.441754 683.810108
300.000000 0.014000 0.014000 0.014000 0.000000 0.000000 0.000000 -37343.220725 845.226431
300.000000 0.016000 0.016000 0.016000 0.000000 0.000000 0.000000 -37295.073945 785.018191
300.000000 0.018000 0.018000 0.018000 0.000000 0.000000 0.000000 -37372.009307 702.990899
300.000000 0.020000 0.020000 0.020000 0.000000 0.000000 0.000000 -37313.582694 749.609126
300.000000 0.022000 0.022000 0.022000 0.000000 0.000000 0.000000 -37360.368814 736.877685
300.000000 0.024000 0.024000 0.024000 0.000000 0.000000 0.000000 -37348.820128 77.254466
300.000000 0.026000 0.026000 0.026000 0.000000 0.000000 0.000000 -37493.308392 194.063570
300.000000 0.028000 0.028000 0.028000 0.000000 0.000000 0.000000 -37360.563327 104.824459
300.000000 0.030000 0.030000 0.030000 0.000000 0.000000 0.000000 -37222.671539 98.097389
300.000000 0.032000 0.032000 0.032000 0.000000 0.000000 0.000000 -37282.722195 102.091678
300.000000 0.034000 0.034000 0.034000 0.000000 0.000000 0.000000 -37221.432209 225.594456
300.000000 0.036000 0.036000 0.036000 0.000000 0.000000 0.000000 -37195.404865 99.527471
300.000000 0.038000 0.038000 0.038000 0.000000 0.000000 0.000000 -37169.342849 94.098867
300.000000 0.040000 0.040000 0.040000 0.000000 0.000000 0.000000 -37184.585252 70.389560
300.000000 0.042000 0.042000 0.042000 0.000000 0.000000 0.000000 -37237.460472 79.011239
300.000000 0.044000 0.044000 0.044000 0.000000 0.000000 0.000000 -37282.017319 47.753920
300.000000 0.046000 0.046000 0.046000 0.000000 0.000000 0.000000 -37249.750392 70.328382
300.000000 0.048000 0.048000 0.048000 0.000000 0.000000 0.000000 -37394.980216 59.870662
300.000000 0.050000 0.050000 0.050000 0.000000 0.000000 0.000000 -37320.883183 121.312369
300.000000 0.052000 0.052000 0.052000 0.000000 0.000000 0.000000 -37359.543564 108.010770
300.000000 0.054000 0.054000 0.054000 0.000000 0.000000 0.000000 -37434.952408 53.670891
300.000000 0.056000 0.056000 0.056000 0.000000 0.000000 0.000000 -37301.937540 58.662179
300.000000 0.058000 0.058000 0.058000 0.000000 0.000000 0.000000 -37313.531034 56.328687
300.000000 0.060000 0.060000 0.060000 0.000000 0.000000 0.000000 -37385.852283 114.335725
300.000000 0.062000 0.062000 0.062000 0.000000 0.000000 0.000000 -37422.094277 63.693332
300.000000 0.064000 0.064000 0.064000 0.000000 0.000000 0.000000 -37348.951497 69.070867
300.000000 0.066000 0.066000 0.066000 0.000000 0.000000 0.000000 -37418.010544 113.902625
300.000000 0.068000 0.068000 0.068000 0.000000 0.000000 0.000000 -37396.635819 60.244123
300.000000 0.070000 0.070000 0.070000 0.000000 0.000000 0.000000 -37339.072928 63.485000
300.000000 0.072000 0.072000 0.072000 0.000000 0.000000 0.000000 -37237.633826 51.341990
300.000000 0.074000 0.074000 0.074000 0.000000 0.000000 0.000000 -37141.426963 45.281562
300.000000 0.076000 0.076000 0.076000 0.000000 0.000000 0.000000 -37202.632376 58.905222
300.000000 0.078000 0.078000 0.078000 0.000000 0.000000 0.000000 -37221.416746 67.117709
300.000000 0.080000 0.080000 0.080000 0.000000 0.000000 0.000000 -37204.145118 37.682042
300.000000 0.082000 0.082000 0.082000 0.000000 0.000000 0.000000 -37306.820783 71.927025
300.000000 0.084000 0.084000 0.084000 0.000000 0.000000 0.000000 -37200.158849 55.463924
300.000000 0.086000 0.086000 0.086000 0.000000 0.000000 0.000000 -37372.215777 70.125697
300.000000 0.088000 0.088000 0.088000 0.000000 0.000000 0.000000 -37266.940714 37.598924
300.000000 0.090000 0.090000 0.090000 0.000000 0.000000 0.000000 -37253.265384 38.445980
300.000000 0.092000 0.092000 0.092000 0.000000 0.000000 0.000000 -37367.919662 35.468143
300.000000 0.094000 0.094000 0.094000 0.000000 0.000000 0.000000 -37305.624876 68.377503
300.000000 0.096000 0.096000 0.096000 0.000000 0.000000 0.000000 -37143.604441 41.329171
300.000000 0.098000 0.098000 0.098000 0.000000 0.000000 0.000000 -37118.297948 66.927967
300.000000 0.100000 0.100000 0.100000 0.000000 0.000000 0.000000 -37248.934202 64.087733
300.000000 0.102000 0.102000 0.102000 0.000000 0.000000 0.000000 -37168.874041 30.507047
300.000000 0.104000 0.104000 0.104000 0.000000 0.000000 0.000000 -37055.687811 32.981131
300.000000 0.106000 0.106000 0.106000 0.000000 0.000000 0.000000 -37083.076314 30.286087
300.000000 0.108000 0.108000 0.108000 0.000000 0.000000 0.000000 -37140.499287 49.462183
300.000000 0.110000 0.110000 0.110000 0.000000 0.000000 0.000000 -37160.140753 59.012739
300.000000 0.112000 0.112000 0.112000 0.000000 0.000000 0.000000 -37104.121898 49.404642
300.000000 0.114000 0.114000 0.114000 0.000000 0.000000 0.000000 -37182.301363 26.664703
300.000000 0.116000 0.116000 0.116000 0.000000 0.000000 0.000000 -37084.080941 31.659657
300.000000 0.118000 0.118000 0.118000 0.000000 0.000000 0.000000 -37302.186705 24.856425
300.000000 0.120000 0.120000 0.120000 0.000000 0.000000 0.000000 -37255.680451 19.635097
300.000000 0.122000 0.122000 0.122000 0.000000 0.000000 0.000000 -37193.784411 34.708574
300.000000 0.124000 0.124000 0.124000 0.000000 0.000000 0.000000 -37157.200717 44.482182
300.000000 0.126000 0.126000 0.126000 0.000000 0.000000 0.000000 -37100.866797 55.508642
300.000000 0.128000 0.128000 0.128000 0.000000 0.000000 0.000000 -37141.393125 17.333402
300.000000 0.130000 0.130000 0.130000 0.000000 0.000000 0.000000 -37139.179463 45.906373
300.000000 0.132000 0.132000 0.132000 0.000000 0.000000 0.000000 -37314.167699 39.683130
300.000000 0.134000 0.134000 0.134000 0.000000 0.000000 0.000000 -37274.012993 31.415140
300.000000 0.136000 0.136000 0.136000 0.000000 0.000000 0.000000 -37235.767087 49.458254
300.000000 0.138000 0.138000 0.138000 0.000000 0.000000 0.000000 -37302.214250 27.602544
300.000000 0.140000 0.140000 0.140000 0.000000 0.000000 0.000000 -37308.157983 52.844116
300.000000 0.142000 0.142000 0.142000 0.000000 0.000000 0.000000 -37314.018653 15.800279
300.000000 0.144000 0.144000 0.144000 0.000000 0.000000 0.000000 -37325.236674 21.293816
300.000000 0.146000 0.146000 0.146000 0.000000 0.000000 0.000000 -37194.187905 38.752457
300.000000 0.148000 0.148000 0.148000 0.000000 0.000000 0.000000 -37041.397359 39.239207
300.000000 0.150000 0.150000 0.150000 0.000000 0.000000 0.000000 -37344.397547 46.106460
300.000000 0.152000 0.152000 0.152000 0.000000 0.000000 0.000000 -37179.133977 16.699759
300.000000 0.154000 0.154000 0.154000 0.000000 0.000000 0.000000 -37234.947949 47.247594
300.000000 0.156000 0.156000 0.156000 0.000000 0.000000 0.000000 -37211.294622 41.942017
300.000000 0.158000 0.158000 0.158000 0.000000 0.000000 0.000000 -37019.410847 38.576584
300.000000 0.160000 0.160000 0.160000 0.000000 0.000000 0.000000 -37160.767326 36.254345
300.000000 0.162000 0.162000 0.162000 0.000000 0.000000 0.000000 -37116.560740 25.106364
300.000000 0.164000 0.164000 0.164000 0.000000 0.000000 0.000000 -37202.518346 21.580171
300.000000 0.166000 0.166000 0.166000 0.000000 0.000000 0.000000 -37217.889040 38.179661
300.000000 0.168000 0.168000 0.168000 0.000000 0.000000 0.000000 -37303.804935 16.293267
300.000000 0.170000 0.170000 0.170000 0.000000 0.000000 0.000000 -37312.112695 22.110468
300.000000 0.172000 0.172000 0.172000 0.000000 0.000000 0.000000 -37290.986034 25.473369
300.000000 0.174000 0.174000 0.174000 0.000000 0.000000 0.000000 -37326.889815 17.210340
300.000000 0.176000 0.176000 0.176000 0.000000 0.000000 0.000000 -37283.260384 27.816430
300.000000 0.178000 0.178000 0.178000 0.000000 0.000000 0.000000 -37304.670653 25.303201
300.000000 0.180000 0.180000 0.180000 0.000000 0.000000 0.000000 -37387.713958 30.593981
300.000000 0.182000 0.182000 0.182000 0.000000 0.000000 0.000000 -37221.746082 47.557794
300.000000 0.184000 0.184000 0.184000 0.000000 0.000000 0.000000 -37123.740027 33.530838
300.000000 0.186000 0.186000 0.186000 0.000000 0.000000 0.000000 -37177.123457 28.282450
300.000000 0.188000 0.188000 0.188000 0.000000 0.000000 0.000000 -37212.467781 20.560588
300.000000 0.190000 0.190000 0.190000 0.000000 0.000000 0.000000 -37253.082447 24.794905
300.000000 0.192000 0.192000 0.192000 0.000000 0.000000 0.000000 -37264.834447 25.171047
300.000000 0.194000 0.194000 0.194000 0.000000 0.000000 0.000000 -37198.067966 20.867190
300.000000 0.196000 0.196000 0.196000 0.000000 0.000000 0.000000 -37284.880255 24.357549
300.000000 0.198000 0.198000 0.198000 0.000000 0.000000 0.000000 -37222.242218 25.728678
300.000000 0.200000 0.200000 0.200000 0.000000 0.000000 0.000000 -37184.149998 40.605356
300.000000 0.202000 0.202000 0.202000 0.000000 0.000000 0.000000 -37260.312162 19.931164
300.000000 0.204000 0.204000 0.204000 0.000000 0.000000 0.000000 -37136.477793 14.229627
300.000000 0.206000 0.206000 0.206000 0.000000 0.000000 0.000000 -37190.100589 9.098379
300.000000 0.208000 0.208000 0.208000 0.000000 0.000000 0.000000 -37231.462881 26.918934
300.000000 0.210000 0.210000 0.210000 0.000000 0.000000 0.000000 -37084.045964 25.922593
300.000000 0.212000 0.212000 0.212000 0.000000 0.000000 0.000000 -37108.004225 30.198294
300.000000 0.214000 0.214000 0.214000 0.000000 0.000000 0.000000 -37067.112647 32.986822
300.000000 0.216000 0.216000 0.216000 0.000000 0.000000 0.000000 -37138.006956 28.117480
300.000000 0.218000 0.218000 0.218000 0.000000 0.000000 0.000000 -37229.324518 37.481756
300.000000 0.220000 0.220000 0.220000 0.000000 0.000000 0.000000 -37106.184630 34.919598
300.000000 0.222000 0.222000 0.222000 0.000000 0.000000 0.000000 -37188.235675 23.224620
300.000000 0.224000 0.224000 0.224000 0.000000 0.000000 0.000000 -37269.135870 33.286972
300.000000 0.226000 0.226000 0.226000 0.000000 0.000000 0.000000 -37281.737049 30.361549
300.000000 0.228000 0.228000 0.228000 0.000000 0.000000 0.000000 -37289.641431 9.431395
300.000000 0.230000 0.230000 0.230000 0.000000 0.000000 0.000000 -37212.014961 21.392586
300.000000 0.232000 0.232000 0.232000 0.000000 0.000000 0.000000 -37296.181147 26.878080
300.000000 0.234000 0.234000 0.234000 0.000000 0.000000 0.000000 -37349.390974 33.695098
300.000000 0.236000 0.236000 0.236000 0.000000 0.000000 0.000000 -37269.569584 17.328500
300.000000 0.238000 0.238000 0.238000 0.000000 0.000000 0.000000 -37362.263827 24.475754
300.000000 0.240000 0.240000 0.240000 0.000000 0.000000 0.000000 -37328.040601 0.896730
300.000000 0.242000 0.242000 0.242000 0.000000 0.000000 0.000000 -37334.579311 23.658621
300.000000 0.244000 0.244000 0.244000 0.000000 0.000000 0.000000 -37243.729074 20.202196
300.000000 0.246000 0.246000 0.246000 0.000000 0.000000 0.000000 -37252.672168 18.893931
300.000000 0.248000 0.248000 0.248000 0.000000 0.000000 0.000000 -37248.176782 15.556604
300.000000 0.250000 0.250000 0.250000 0.000000 0.000000 0.000000 -37287.374318 5.335267
300.000000 0.252000 0.252000 0.252000 0.000000 0.000000 0.000000 -37253.408065 16.593324
300.000000 0.254000 0.254000 0.254000 0.000000 0.000000 0.000000 -37308.481119 10.777359
300.000000 0.256000 0.256000 0.256000 0.000000 0.000000 0.000000 -37196.679513 27.377200
300.000000 0.258000 0.258000 0.258000 0.000000 0.000000 0.000000 -37199.371931 23.363247
300.000000 0.260000 0.260000 0.260000 0.000000 0.000000 0.000000 -37130.520700 11.601190
300.000000 0.262000 0.262000 0.262000 0.000000 0.000000 0.000000 -37026.768017 26.625673
300.000000 0.264000 0.264000 0.264000 0.000000 0.000000 0.000000 -37054.271074 30.902789
300.000000 0.266000 0.266000 0.266000 0.000000 0.000000 0.000000 -37076.061401 28.638915
300.000000 0.268000 0.268000 0.268000 0.000000 0.000000 0.000000 -37183.876744 16.915455
300.000000 0.270000 0.270000 0.270000 0.000000 0.000000 0.000000 -37365.525204 6.472765
300.000000 0.272000 0.272000 0.272000 0.000000 0.000000 0.000000 -37312.748191 21.947540
300.000000 0.274000 0.274000 0.274000 0.000000 0.000000 0.000000 -37171.866400 19.926347
300.000000 0.276000 0.276000 0.276000 0.000000 0.000000 0.000000 -37106.520834 20.841839
300.000000 0.278000 0.278000 0.278000 0.000000 0.000000 0.000000 -37239.479230 15.162152
300.000000 0.280000 0.280000 0.280000 0.000000 0.000000 0.000000 -37262.937247 15.072275
300.000000 0.282000 0.282000 0.282000 0.000000 0.000000 0.000000 -37107.744259 23.781641
300.000000 0.284000 0.284000 0.284000 0.000000 0.000000 0.000000 -37246.371121 7.990794
300.000000 0.286000 0.286000 0.286000 0.000000 0.000000 0.000000 -37216.192528 16.552236
300.000000 0.288000 0.288000 0.288000 0.000000 0.000000 0.000000 -37270.546430 12.242393
300.000000 0.290000 0.290000 0.290000 0.000000 0.000000 0.000000 -37209.248489 18.812141
300.000000 0.292000 0.292000 0.292000 0.000000 0.000000 0.000000 -37231.645383 1.715367
300.000000 0.294000 0.294000 0.294000 0.000000 0.000000 0.000000 -37201.597465 17.752503
300.000000 0.296000 0.296000 0.296000 0.000000 0.000000 0.000000 -37230.545039 11.825617
300.000000 0.298000 0.298000 0.298000 0.000000 0.000000 0.000000 -37343.691287 2.176921
300.000000 0.300000 0.300000 0.300000 0.000000 0.000000 0.000000 -37213.237349 19.943732
300.000000 0.302000 0.302000 0.302000 0.000000 0.000000 0.000000 -37217.868648 12.413147
300.000000 0.304000 0.304000 0.304000 0.000000 0.000000 0.000000 -37297.360447 6.343585
300.000000 0.306000 0.306000 0.306000 0.000000 0.000000 0.000000 -37277.125663 15.821459
300.000000 0.308000 0.308000 0.308000 0.000000 0.000000 0.000000 -37206.016530 5.464225
300.000000 0.310000 0.310000 0.310000 0.000000 0.000000 0.000000 -37154.729704 25.355830
300.000000 0.312000 0.312000 0.312000 0.000000 0.000000 0.000000 -37038.406569 25.327273
300.000000 0.314000 0.314000 0.314000 0.000000 0.000000 0.000000 -37065.514323 13.801036
300.000000 0.316000 0.316000 0.316000 0.000000 0.000000 0.000000 -37202.912476 20.498862
300.000000 0.318000 0.318000 0.318000 0.000000 0.000000 0.000000 -37176.787243 16.687766
300.000000 0.320000 0.320000 0.320000 0.000000 0.000000 0.000000 -37218.749436 14.489397
300.000000 0.322000 0.322000 0.322000 0.000000 0.000000 0.000000 -37271.684370 9.773900
300.000000 0.324000 0.324000 0.324000 0.000000 0.000000 0.000000 -37296.013773 13.559758
300.000000 0.326000 0.326000 0.326000 0.000000 0.000000 0.000000 -37316.074754 16.930933
300.000000 0.328000 0.328000 0.328000 0.000000 0.000000 0.000000 -37290.174056 15.959915
300.000000 0.330000 0.330000 0.330000 0.000000 0.000000 0.000000 -37269.636733 21.350066
300.000000 0.332000 0.332000 0.332000 0.000000 0.000000 0.000000 -37208.673782 14.398486
300.000000 0.334000 0.334000 0.334000 0.000000 0.000000 0.000000 -37288.566049 18.728366
300.000000 0.336000 0.336000 0.336000 0.000000 0.000000 0.000000 -37370.494746 4.787987
300.000000 0.338000 0.338000 0.338000 0.000000 0.000000 0.000000 -37297.329670 11.408167
300.000000 0.340000 0.340000 0.340000 0.000000 0.000000 0.000000 -37311.824523 9.773986
300.000000 0.342000 0.342000 0.342000 0.000000 0.000000 0.000000 -37287.806607 10.652735
300.000000 0.344000 0.344000 0.344000 0.000000 0.000000 0.000000 -37207.495267 9.071877
300.000000 0.346000 0.346000 0.346000 0.000000 0.000000 0.000000 -37342.125658 -1.387546
300.000000 0.348000 0.348000 0.348000 0.000000 0.000000 0.000000 -37361.134751 -6.347038
300.000000 0.350000 0.350000 0.350000 0.000000 0.000000 0.000000 -37334.698651 14.726562
300.000000 0.352000 0.352000 0.352000 0.000000 0.000000 0.000000 -37236.172192 8.658877
300.000000 0.354000 0.354000 0.354000 0.000000 0.000000 0.000000 -37481.408161 12.562004
300.000000 0.356000 0.356000 0.356000 0.000000 0.000000 0.000000 -37409.475636 2.193249
300.000000 0.358000 0.358000 0.358000 0.000000 0.000000 0.000000 -37338.745475 17.759148
300.000000 0.360000 0.360000 0.360000 0.000000 0.000000 0.000000 -37333.255881 0.628157
300.000000 0.362000 0.362000 0.362000 0.000000 0.000000 0.000000 -37235.367229 6.245767
300.000000 0.364000 0.364000 0.364000 0.000000 0.000000 0.000000 -37207.704249 11.544600
300.000000 0.366000 0.366000 0.366000 0.000000 0.000000 0.000000 -37215.037777 8.674985
300.000000 0.368000 0.368000 0.368000 0.000000 0.000000 0.000000 -37213.528455 23.960462
300.000000 0.370000 0.370000 0.370000 0.000000 0.000000 0.000000 -37231.732254 7.230143
300.000000 0.372000 0.372000 0.372000 0.000000 0.000000 0.000000 -37282.704011 21.929489
300.000000 0.374000 0.374000 0.374000 0.000000 0.000000 0.000000 -37246.414759 -1.863632
300.000000 0.376000 0.376000 0.376000 0.000000 0.000000 0.000000 -37235.743867 15.733837
300.000000 0.378000 0.378000 0.378000 0.000000 0.000000 0.000000 -37181.302213 10.682942
300.000000 0.380000 0.380000 0.380000 0.000000 0.000000 0.000000 -37391.536812 8.936620
300.000000 0.382000 0.382000 0.382000 0.000000 0.000000 0.000000 -37306.121201 9.274294
300.000000 0.384000 0.384000 0.384000 0.000000 0.000000 0.000000 -37275.833241 22.278080
300.000000 0.386000 0.386000 0.386000 0.000000 0.000000 0.000000 -37271.060459 0.505359
300.000000 0.388000 0.388000 0.388000 0.000000 0.000000 0.000000 -37235.096577 13.029289
300.000000 0.390000 0.390000 0.390000 0.000000 0.000000 0.000000 -37261.902161 1.027934
300.000000 0.392000 0.392000 0.392000 0.000000 0.000000 0.000000 -37315.933585 9.033178
300.000000 0.394000 0.394000 0.394000 0.000000 0.000000 0.000000 -37339.869836 -5.843756
300.000000 0.396000 0.396000 0.396000 0.000000 0.000000 0.000000 -37150.727071 1.014653
300.000000 0.398000 0.398000 0.398000 0.000000 0.000000 0.000000 -37280.633380 21.558591
300.000000 0.400000 0.400000 0.400000 0.000000 0.000000 0.000000 -37280.839131 6.571813
300.000000 0.402000 0.402000 0.402000 0.000000 0.000000 0.000000 -37174.748007 13.829490
300.000000 0.404000 0.404000 0.404000 0.000000 0.000000 0.000000 -37223.346033 0.544133
300.000000 0.406000 0.406000 0.406000 0.000000 0.000000 0.000000 -37198.580427 17.579406
300.000000 0.408000 0.408000 0.408000 0.000000 0.000000 0.000000 -37194.043874 12.950258
300.000000 0.410000 0.410000 0.410000 0.000000 0.000000 0.000000 -37232.544974 -5.128554
300.000000 0.412000 0.412000 0.412000 0.000000 0.000000 0.000000 -37129.976871 8.068434
300.000000 0.414000 0.414000 0.414000 0.000000 0.000000 0.000000 -37201.414854 -2.492529
300.000000 0.416000 0.416000 0.416000 0.000000 0.000000 0.000000 -37226.088930 14.921856
300.000000 0.418000 0.418000 0.418000 0.000000 0.000000 0.000000 -37370.826965 0.468166
300.000000 0.420000 0.420000 0.420000 0.000000 0.000000 0.000000 -37303.229642 6.644220
300.000000 0.422000 0.422000 0.422000 0.000000 0.000000 0.000000 -37286.191697 7.634627
300.000000 0.424000 0.424000 0.424000 0.000000 0.000000 0.000000 -37178.437763 10.420126
300.000000 0.426000 0.426000 0.426000 0.000000 0.000000 0.000000 -37121.058987 1.548151
300.000000 0.428000 0.428000 0.428000 0.000000 0.000000 0.000000 -37185.770993 -2.794820
300.000000 0.430000 0.430000 0.430000 0.000000 0.000000 0.000000 -37157.741132 4.520434
300.000000 0.432000 0.432000 0.432000 0.000000 0.000000 0.000000 -37287.711084 11.817260
300.000000 0.434000 0.434000 0.434000 0.000000 0.000000 0.000000 -37293.252991 15.737403
300.000000 0.436000 0.436000 0.436000 0.000000 0.000000 0.000000 -37243.530462 3.495240
300.000000 0.438000 0.438000 0.438000 0.000000 0.000000 0.000000 -37233.473811 10.324024
300.000000 0.440000 0.440000 0.440000 0.000000 0.000000 0.000000 -37338.063096 0.747240
300.000000 0.442000 0.442000 0.442000 0.000000 0.000000 0.000000 -37343.380685 7.369427
300.000000 0.444000 0.444000 0.444000 0.000000 0.000000 0.000000 -37271.452845 7.035582
300.000000 0.446000 0.446000 0.446000 0.000000 0.000000 0.000000 -37278.778950 0.008380
300.000000 0.448000 0.448000 0.448000 0.000000 0.000000 0.000000 -37347.637266 -2.654967
300.000000 0.450000 0.450000 0.450000 0.000000 0.000000 0.000000 -37293.081689 9.644891
300.000000 0.452000 0.452000 0.452000 0.000000 0.000000 0.000000 -37182.357220 3.018693
300.000000 0.454000 0.454000 0.454000 0.000000 0.000000 0.000000 -37149.313798 -0.008631
300.000000 0.456000 0.456000 0.456000 0.000000 0.000000 0.000000 -37314.556536 8.224735
300.000000 0.458000 0.458000 0.458000 0.000000 0.000000 0.000000 -37268.323524 -8.218837
300.000000 0.460000 0.460000 0.460000 0.000000 0.000000 0.000000 -37140.993688 2.517589
300.000000 0.462000 0.462000 0.462000 0.000000 0.000000 0.000000 -37168.370268 0.647193
300.000000 0.464000 0.464000 0.464000 0.000000 0.000000 0.000000 -37192.047346 1.779625
300.000000 0.466000 0.466000 0.466000 0.000000 0.000000 0.000000 -37183.017983 -1.692358
300.000000 0.468000 0.468000 0.468000 0.000000 0.000000 0.000000 -37355.497344 6.836718
300.000000 0.470000 0.470000 0.470000 0.000000 0.000000 0.000000 -37154.978562 -1.313818
300.000000 0.472000 0.472000 0.472000 0.000000 0.000000 0.000000 -37157.391495 -1.886122
300.000000 0.474000 0.474000 0.474000 0.000000 0.000000 0.000000 -37131.897133 -5.609739
300.000000 0.476000 0.476000 0.476000 0.000000 0.000000 0.000000 -37217.754630 -4.554753
300.000000 0.478000 0.478000 0.478000 0.000000 0.000000 0.000000 -37032.437667 0.789162
300.000000 0.480000 0.480000 0.480000 0.000000 0.000000 0.000000 -37132.707063 -8.731049
300.000000 0.482000 0.482000 0.482000 0.000000 0.000000 0.000000 -37112.214726 -9.120338
300.000000 0.484000 0.484000 0.484000 0.000000 0.000000 0.000000 -37204.232516 1.001762
300.000000 0.486000 0.486000 0.486000 0.000000 0.000000 0.000000 -37297.334995 -4.534345
300.000000 0.488000 0.488000 0.488000 0.000000 0.000000 0.000000 -37205.388640 8.283751
300.000000 0.490000 0.490000 0.490000 0.000000 0.000000 0.000000 -37238.640988 -3.055185
300.000000 0.492000 0.492000 0.492000 0.000000 0.000000 0.000000 -37197.709774 0.607280
300.000000 0.494000 0.494000 0.494000 0.000000 0.000000 0.000000 -37248.758882 -1.107773
300.000000 0.496000 0.496000 0.496000 0.000000 0.000000 0.000000 -37209.988958 -3.617209
300.000000 0.498000 0.498000 0.498000 0.000000 0.000000 0.000000 -37156.478460 9.379294
