300.000000 0.000000 0.000000 0.000000 0.000000 0.000000 0.000000 -31871.062467 821.103752
300.000000 0.002000 0.002000 0.002000 0.000000 0.000000 0.000000 -31907.099626 871.598752
300.000000 0.004000 0.004000 0.004000 0.000000 0.000000 0.000000 -31851.532096 923.451041
300.000000 0.006000 0.006000 0.006000 0.000000 0.000000 0.000000 -31833.612155 886.827941
300.000000 0.008000 0.008000 0.008000 0.000000 0.000000 0.000000 -31785.863669 933.214372
300.000000 0.010000 0.010000 0.010000 0.000000 0.000000 0.000000 -31835.315550 916.742992
300.000000 0.012000 0.012000 0.012000 0.000000 0.000000 0.000000 -31780.489225 874.889467
300.000000 0.014000 0.014000 0.014000 0.000000 0.000000 0.000000 -31783.867910 920.772447
300.000000 0.016000 0.016000 0.016000 0.000000 0.000000 0.000000 -31751.823586 785.451709
300.000000 0.018000 0.018000 0.018000 0.000000 0.000000 0.000000 -31811.944415 729.718356
300.000000 0.020000 0.020000 0.020000 0.000000 0.000000 0.000000 -31836.554641 723.678818
300.000000 0.022000 0.022000 0.022000 0.000000 0.000000 0.000000 -31907.280715 746.120322
300.000000 0.024000 0.024000 0.024000 0.000000 0.000000 0.000000 -31708.017577 811.761135
300.000000 0.026000 0.026000 0.026000 0.000000 0.000000 0.000000 -31805.929824 866.583500
300.000000 0.028000 0.028000 0.028000 0.000000 0.000000 0.000000 -31846.481826 889.772724
300.000000 0.030000 0.030000 0.030000 0.000000 0.000000 0.000000 -31772.278728 771.626859
300.000000 0.032000 0.032000 0.032000 0.000000 0.000000 0.000000 -31752.439713 629.316327
300.000000 0.034000 0.034000 0.034000 0.000000 0.000000 0.000000 -31778.057454 638.239386
300.000000 0.036000 0.036000 0.036000 0.000000 0.000000 0.000000 -31798.826018 753.870724
300.000000 0.038000 0.038000 0.038000 0.000000 0.000000 0.000000 -31901.415740 680.964816
300.000000 0.040000 0.040000 0.040000 0.000000 0.000000 0.000000 -31792.465332 717.272132
300.000000 0.042000 0.042000 0.042000 0.000000 0.000000 0.000000 -31839.869747 126.792334
300.000000 0.044000 0.044000 0.044000 0.000000 0.000000 0.000000 -31828.836115 101.500014
300.000000 0.046000 0.046000 0.046000 0.000000 0.000000 0.000000 -32076.886148 79.169938
300.000000 0.048000 0.048000 0.048000 0.000000 0.000000 0.000000 -31916.214984 85.171264
300.000000 0.050000 0.050000 0.050000 0.000000 0.000000 0.000000 -32067.864309 116.543525
300.000000 0.052000 0.052000 0.052000 0.000000 0.000000 0.000000 -32075.331838 110.407210
300.000000 0.054000 0.054000 0.054000 0.000000 0.000000 0.000000 -32032.908541 59.746191
300.000000 0.056000 0.056000 0.056000 0.000000 0.000000 0.000000 -32019.325856 56.622544
300.000000 0.058000 0.058000 0.058000 0.000000 0.000000 0.000000 -32051.589250 35.281306
300.000000 0.060000 0.060000 0.060000 0.000000 0.000000 0.000000 -31970.920367 76.741066
300.000000 0.062000 0.062000 0.062000 0.000000 0.000000 0.000000 -31937.306376 65.802079
300.000000 0.064000 0.064000 0.064000 0.000000 0.000000 0.000000 -31966.251083 50.360443
300.000000 0.066000 0.066000 0.066000 0.000000 0.000000 0.000000 -32061.823851 48.748169
300.000000 0.068000 0.068000 0.068000 0.000000 0.000000 0.000000 -31931.034285 46.137346
300.000000 0.070000 0.070000 0.070000 0.000000 0.000000 0.000000 -31906.223433 86.552513
300.000000 0.072000 0.072000 0.072000 0.000000 0.000000 0.000000 -31992.238224 75.401169
300.000000 0.074000 0.074000 0.074000 0.000000 0.000000 0.000000 -31896.006605 77.342250
300.000000 0.076000 0.076000 0.076000 0.000000 0.000000 0.000000 -31799.427917 50.213261
300.000000 0.078000 0.078000 0.078000 0.000000 0.000000 0.000000 -31879.589930 30.506354
300.000000 0.080000 0.080000 0.080000 0.000000 0.000000 0.000000 -31977.410733 36.007447
300.000000 0.082000 0.082000 0.082000 0.000000 0.000000 0.000000 -31899.145536 13.501898
300.000000 0.084000 0.084000 0.084000 0.000000 0.000000 0.000000 -31876.084057 26.975325
300.000000 0.086000 0.086000 0.086000 0.000000 0.000000 0.000000 -31905.091240 41.498940
300.000000 0.088000 0.088000 0.088000 0.000000 0.000000 0.000000 -31852.223884 57.949154
300.000000 0.090000 0.090000 0.090000 0.000000 0.000000 0.000000 -31870.825126 17.453035
300.000000 0.092000 0.092000 0.092000 0.000000 0.000000 0.000000 -31838.600413 38.432797
300.000000 0.094000 0.094000 0.094000 0.000000 0.000000 0.000000 -31779.295059 35.245992
300.000000 0.096000 0.096000 0.096000 0.000000 0.000000 0.000000 -31791.587118 34.426219
300.000000 0.098000 0.098000 0.098000 0.000000 0.000000 0.000000 -31930.711246 25.681785
300.000000 0.100000 0.100000 0.100000 0.000000 0.000000 0.000000 -31888.788347 21.051558
300.000000 0.102000 0.102000 0.102000 0.000000 0.000000 0.000000 -32030.100112 50.714923
300.000000 0.104000 0.104000 0.104000 0.000000 0.000000 0.000000 -32023.480683 26.255463
300.000000 0.106000 0.106000 0.106000 0.000000 0.000000 0.000000 -31862.870613 32.374046
300.000000 0.108000 0.108000 0.108000 0.000000 0.000000 0.000000 -31868.303285 25.801132
300.000000 0.110000 0.110000 0.110000 0.000000 0.000000 0.000000 -31832.030492 42.346297
300.000000 0.112000 0.112000 0.112000 0.000000 0.000000 0.000000 -31834.992529 47.545544
300.000000 0.114000 0.114000 0.114000 0.000000 0.000000 0.000000 -31924.503105 23.226571
300.000000 0.116000 0.116000 0.116000 0.000000 0.000000 0.000000 -31951.034276 30.131264
300.000000 0.118000 0.118000 0.118000 0.000000 0.000000 0.000000 -31832.273879 38.549504
300.000000 0.120000 0.120000 0.120000 0.000000 0.000000 0.000000 -31887.647516 29.483844
300.000000 0.122000 0.122000 0.122000 0.000000 0.000000 0.000000 -31889.405082 12.363409
300.000000 0.124000 0.124000 0.124000 0.000000 0.000000 0.000000 -31961.266607 74.410463
300.000000 0.126000 0.126000 0.126000 0.000000 0.000000 0.000000 -31917.348903 31.273102
300.000000 0.128000 0.128000 0.128000 0.000000 0.000000 0.000000 -31866.030589 13.562008
300.000000 0.130000 0.130000 0.130000 0.000000 0.000000 0.000000 -31893.016033 29.939687
300.000000 0.132000 0.132000 0.132000 0.000000 0.000000 0.000000 -31875.552835 24.296643
300.000000 0.134000 0.134000 0.134000 0.000000 0.000000 0.000000 -31975.822568 26.705766
300.000000 0.136000 0.136000 0.136000 0.000000 0.000000 0.000000 -32073.739841 33.480781
300.000000 0.138000 0.138000 0.138000 0.000000 0.000000 0.000000 -31914.009069 21.593914
300.000000 0.140000 0.140000 0.140000 0.000000 0.000000 0.000000 -31893.312950 29.060850
300.000000 0.142000 0.142000 0.142000 0.000000 0.000000 0.000000 -31816.351635 50.956108
300.000000 0.144000 0.144000 0.144000 0.000000 0.000000 0.000000 -31794.422051 14.382218
300.000000 0.146000 0.146000 0.146000 0.000000 0.000000 0.000000 -31956.143733 25.899997
300.000000 0.148000 0.148000 0.148000 0.000000 0.000000 0.000000 -31899.315184 25.194490
300.000000 0.150000 0.150000 0.150000 0.000000 0.000000 0.000000 -31946.480907 35.501977
300.000000 0.152000 0.152000 0.152000 0.000000 0.000000 0.000000 -31785.476915 30.062222
300.000000 0.154000 0.154000 0.154000 0.000000 0.000000 0.000000 -31914.685404 31.036889
300.000000 0.156000 0.156000 0.156000 0.000000 0.000000 0.000000 -31803.892922 21.318813
300.000000 0.158000 0.158000 0.158000 0.000000 0.000000 0.000000 -31954.912853 31.501579
300.000000 0.160000 0.160000 0.160000 0.000000 0.000000 0.000000 -31968.234557 26.774290
300.000000 0.162000 0.162000 0.162000 0.000000 0.000000 0.000000 -31981.433325 21.388530
300.000000 0.164000 0.164000 0.164000 0.000000 0.000000 0.000000 -31874.121900 19.265431
300.000000 0.166000 0.166000 0.166000 0.000000 0.000000 0.000000 -31941.547626 28.938521
300.000000 0.168000 0.168000 0.168000 0.000000 0.000000 0.000000 -31927.670904 18.951885
300.000000 0.170000 0.170000 0.170000 0.000000 0.000000 0.000000 -31898.796171 21.014427
300.000000 0.172000 0.172000 0.172000 0.000000 0.000000 0.000000 -32003.858049 23.740406
300.000000 0.174000 0.174000 0.174000 0.000000 0.000000 0.000000 -31890.311019 21.671400
300.000000 0.176000 0.176000 0.176000 0.000000 0.000000 0.000000 -32017.563871 26.586486
300.000000 0.178000 0.178000 0.178000 0.000000 0.000000 0.000000 -32107.412178 15.797064
300.000000 0.180000 0.180000 0.180000 0.000000 0.000000 0.000000 -31982.123032 15.019781
300.000000 0.182000 0.182000 0.182000 0.000000 0.000000 0.000000 -31955.466206 21.292586
300.000000 0.184000 0.184000 0.184000 0.000000 0.000000 0.000000 -32135.532244 19.326615
300.000000 0.186000 0.186000 0.186000 0.000000 0.000000 0.000000 -32010.439895 11.816412
300.000000 0.188000 0.188000 0.188000 0.000000 0.000000 0.000000 -32092.801245 16.651164
300.000000 0.190000 0.190000 0.190000 0.000000 0.000000 0.000000 -32116.765771 10.402566
300.000000 0.192000 0.192000 0.192000 0.000000 0.000000 0.000000 -32139.083544 13.131314
300.000000 0.194000 0.194000 0.194000 0.000000 0.000000 0.000000 -32035.955148 8.308726
300.000000 0.196000 0.196000 0.196000 0.000000 0.000000 0.000000 -32036.757147 32.466236
300.000000 0.198000 0.198000 0.198000 0.000000 0.000000 0.000000 -32031.289550 32.002107
300.000000 0.200000 0.200000 0.200000 0.000000 0.000000 0.000000 -31992.583914 4.816356
300.000000 0.202000 0.202000 0.202000 0.000000 0.000000 0.000000 -31911.100241 13.254886
300.000000 0.204000 0.204000 0.204000 0.000000 0.000000 0.000000 -31967.713344 16.050176
300.000000 0.206000 0.206000 0.206000 0.000000 0.000000 0.000000 -31964.276640 12.583079
300.000000 0.208000 0.208000 0.208000 0.000000 0.000000 0.000000 -31823.195590 10.351834
300.000000 0.210000 0.210000 0.210000 0.000000 0.000000 0.000000 -32023.160987 19.674891
300.000000 0.212000 0.212000 0.212000 0.000000 0.000000 0.000000 -31890.778720 25.426070
300.000000 0.214000 0.214000 0.214000 0.000000 0.000000 0.000000 -31857.539214 14.682010
300.000000 0.216000 0.216000 0.216000 0.000000 0.000000 0.000000 -31952.155761 37.078748
300.000000 0.218000 0.218000 0.218000 0.000000 0.000000 0.000000 -31949.561084 17.770683
300.000000 0.220000 0.220000 0.220000 0.000000 0.000000 0.000000 -31855.589836 18.163670
300.000000 0.222000 0.222000 0.222000 0.000000 0.000000 0.000000 -31916.528122 9.221391
300.000000 0.224000 0.224000 0.224000 0.000000 0.000000 0.000000 -31888.532551 12.412108
300.000000 0.226000 0.226000 0.226000 0.000000 0.000000 0.000000 -31865.650793 2.198129
300.000000 0.228000 0.228000 0.228000 0.000000 0.000000 0.000000 -31930.984084 16.281512
300.000000 0.230000 0.230000 0.230000 0.000000 0.000000 0.000000 -31876.781638 24.756227
300.000000 0.232000 0.232000 0.232000 0.000000 0.000000 0.000000 -31974.242855 20.627241
300.000000 0.234000 0.234000 0.234000 0.000000 0.000000 0.000000 -31802.403344 12.603338
300.000000 0.236000 0.236000 0.236000 0.000000 0.000000 0.000000 -31871.700944 14.840426
300.000000 0.238000 0.238000 0.238000 0.000000 0.000000 0.000000 -31905.543185 20.909721
300.000000 0.240000 0.240000 0.240000 0.000000 0.000000 0.000000 -31987.234983 9.148397
300.000000 0.242000 0.242000 0.242000 0.000000 0.000000 0.000000 -31960.230815 18.204143
300.000000 0.244000 0.244000 0.244000 0.000000 0.000000 0.000000 -31925.663619 9.317353
300.000000 0.246000 0.246000 0.246000 0.000000 0.000000 0.000000 -31980.913707 27.419860
300.000000 0.248000 0.248000 0.248000 0.000000 0.000000 0.000000 -31803.659885 14.687693
300.000000 0.250000 0.250000 0.250000 0.000000 0.000000 0.000000 -32063.267112 16.218354
300.000000 0.252000 0.252000 0.252000 0.000000 0.000000 0.000000 -31888.464414 28.033415
300.000000 0.254000 0.254000 0.254000 0.000000 0.000000 0.000000 -31899.708275 5.391468
300.000000 0.256000 0.256000 0.256000 0.000000 0.000000 0.000000 -32001.123546 21.886895
300.000000 0.258000 0.258000 0.258000 0.000000 0.000000 0.000000 -31957.557854 22.659174
300.000000 0.260000 0.260000 0.260000 0.000000 0.000000 0.000000 -31832.182473 3.512912
300.000000 0.262000 0.262000 0.262000 0.000000 0.000000 0.000000 -31994.503977 11.665754
300.000000 0.264000 0.264000 0.264000 0.000000 0.000000 0.000000 -31966.558483 8.455538
300.000000 0.266000 0.266000 0.266000 0.000000 0.000000 0.000000 -31966.096891 17.209298
300.000000 0.268000 0.268000 0.268000 0.000000 0.000000 0.000000 -32055.374700 21.070130
300.000000 0.270000 0.270000 0.270000 0.000000 0.000000 0.000000 -31891.033062 16.176851
300.000000 0.272000 0.272000 0.272000 0.000000 0.000000 0.000000 -32041.733362 15.655735
300.000000 0.274000 0.274000 0.274000 0.000000 0.000000 0.000000 -32067.871282 9.010413
300.000000 0.276000 0.276000 0.276000 0.000000 0.000000 0.000000 -32024.922198 15.941478
300.000000 0.278000 0.278000 0.278000 0.000000 0.000000 0.000000 -31931.150584 11.111151
300.000000 0.280000 0.280000 0.280000 0.000000 0.000000 0.000000 -31964.937168 8.161188
300.000000 0.282000 0.282000 0.282000 0.000000 0.000000 0.000000 -32073.338179 26.472068
300.000000 0.284000 0.284000 0.284000 0.000000 0.000000 0.000000 -32041.714194 17.612392
300.000000 0.286000 0.286000 0.286000 0.000000 0.000000 0.000000 -31862.371151 30.319660
300.000000 0.288000 0.288000 0.288000 0.000000 0.000000 0.000000 -31871.388813 15.832029
300.000000 0.290000 0.290000 0.290000 0.000000 0.000000 0.000000 -31972.017001 9.978726
300.000000 0.292000 0.292000 0.292000 0.000000 0.000000 0.000000 -31975.896956 12.169241
300.000000 0.294000 0.294000 0.294000 0.000000 0.000000 0.000000 -31978.102511 9.344898
300.000000 0.296000 0.296000 0.296000 0.000000 0.000000 0.000000 -32039.264429 8.258841
300.000000 0.298000 0.298000 0.298000 0.000000 0.000000 0.000000 -32019.124302 20.212747
300.000000 0.300000 0.300000 0.300000 0.000000 0.000000 0.000000 -31965.644204 8.920882
300.000000 0.302000 0.302000 0.302000 0.000000 0.000000 0.000000 -31857.116660 17.746001
300.000000 0.304000 0.304000 0.304000 0.000000 0.000000 0.000000 -31925.314495 9.110940
300.000000 0.306000 0.306000 0.306000 0.000000 0.000000 0.000000 -31959.110056 9.493063
300.000000 0.308000 0.308000 0.308000 0.000000 0.000000 0.000000 -31885.914428 12.309161
300.000000 0.310000 0.310000 0.310000 0.000000 0.000000 0.000000 -31898.355061 11.089276
300.000000 0.312000 0.312000 0.312000 0.000000 0.000000 0.000000 -31966.629335 9.919111
300.000000 0.314000 0.314000 0.314000 0.000000 0.000000 0.000000 -31899.814461 15.329266
300.000000 0.316000 0.316000 0.316000 0.000000 0.000000 0.000000 -31929.262791 7.069873
300.000000 0.318000 0.318000 0.318000 0.000000 0.000000 0.000000 -31858.543349 11.570608
300.000000 0.320000 0.320000 0.320000 0.000000 0.000000 0.000000 -31885.994651 4.840163
300.000000 0.322000 0.322000 0.322000 0.000000 0.000000 0.000000 -31800.805149 3.738385
300.000000 0.324000 0.324000 0.324000 0.000000 0.000000 0.000000 -31911.463685 5.465550
300.000000 0.326000 0.326000 0.326000 0.000000 0.000000 0.000000 -31806.927082 10.905693
300.000000 0.328000 0.328000 0.328000 0.000000 0.000000 0.000000 -31888.134077 7.303076
300.000000 0.330000 0.330000 0.330000 0.000000 0.000000 0.000000 -31993.300089 4.593736
300.000000 0.332000 0.332000 0.332000 0.000000 0.000000 0.000000 -31809.942297 4.036708
300.000000 0.334000 0.334000 0.334000 0.000000 0.000000 0.000000 -31798.957379 3.507210
300.000000 0.336000 0.336000 0.336000 0.000000 0.000000 0.000000 -31800.998727 11.235912
300.000000 0.338000 0.338000 0.338000 0.000000 0.000000 0.000000 -31929.139245 9.162590
300.000000 0.340000 0.340000 0.340000 0.000000 0.000000 0.000000 -31891.021807 9.570150
300.000000 0.342000 0.342000 0.342000 0.000000 0.000000 0.000000 -31909.650530 15.756476
300.000000 0.344000 0.344000 0.344000 0.000000 0.000000 0.000000 -32002.054359 11.389731
300.000000 0.346000 0.346000 0.346000 0.000000 0.000000 0.000000 -31979.316026 7.141072
300.000000 0.348000 0.348000 0.348000 0.000000 0.000000 0.000000 -31939.460816 4.068220
300.000000 0.350000 0.350000 0.350000 0.000000 0.000000 0.000000 -31985.921908 9.954252
300.000000 0.352000 0.352000 0.352000 0.000000 0.000000 0.000000 -32096.868398 1.504589
300.000000 0.354000 0.354000 0.354000 0.000000 0.000000 0.000000 -32161.258778 8.100218
300.000000 0.356000 0.356000 0.356000 0.000000 0.000000 0.000000 -32160.365188 0.844711
300.000000 0.358000 0.358000 0.358000 0.000000 0.000000 0.000000 -31971.166184 10.757301
300.000000 0.360000 0.360000 0.360000 0.000000 0.000000 0.000000 -32126.008433 5.844938
300.000000 0.362000 0.362000 0.362000 0.000000 0.000000 0.000000 -31951.417313 7.614779
300.000000 0.364000 0.364000 0.364000 0.000000 0.000000 0.000000 -32005.222710 6.011330
300.000000 0.366000 0.366000 0.366000 0.000000 0.000000 0.000000 -31970.515812 6.895107
300.000000 0.368000 0.368000 0.368000 0.000000 0.000000 0.000000 -32007.847129 -2.540098
300.000000 0.370000 0.370000 0.370000 0.000000 0.000000 0.000000 -32008.086893 8.988856
300.000000 0.372000 0.372000 0.372000 0.000000 0.000000 0.000000 -32019.387693 10.337300
300.000000 0.374000 0.374000 0.374000 0.000000 0.000000 0.000000 -32049.783418 0.325114
300.000000 0.376000 0.376000 0.376000 0.000000 0.000000 0.000000 -31868.031586 13.908493
300.000000 0.378000 0.378000 0.378000 0.000000 0.000000 0.000000 -31862.560525 5.453136
300.000000 0.380000 0.380000 0.380000 0.000000 0.000000 0.000000 -31973.465207 -3.386553
300.000000 0.382000 0.382000 0.382000 0.000000 0.000000 0.000000 -31968.645075 13.663118
300.000000 0.384000 0.384000 0.384000 0.000000 0.000000 0.000000 -31958.145353 6.590619
300.000000 0.386000 0.386000 0.386000 0.000000 0.000000 0.000000 -31930.974297 3.567207
300.000000 0.388000 0.388000 0.388000 0.000000 0.000000 0.000000 -31863.745810 0.302328
300.000000 0.390000 0.390000 0.390000 0.000000 0.000000 0.000000 -31949.853223 7.735004
300.000000 0.392000 0.392000 0.392000 0.000000 0.000000 0.000000 -31901.871280 14.522989
300.000000 0.394000 0.394000 0.394000 0.000000 0.000000 0.000000 -31939.682477 12.291537
300.000000 0.396000 0.396000 0.396000 0.000000 0.000000 0.000000 -31889.841939 1.906807
300.000000 0.398000 0.398000 0.398000 0.000000 0.000000 0.000000 -31876.098876 2.714110
300.000000 0.400000 0.400000 0.400000 0.000000 0.000000 0.000000 -31904.545660 5.259563
300.000000 0.402000 0.402000 0.402000 0.000000 0.000000 0.000000 -32085.658359 9.391558
300.000000 0.404000 0.404000 0.404000 0.000000 0.000000 0.000000 -31992.004204 2.117228
300.000000 0.406000 0.406000 0.406000 0.000000 0.000000 0.000000 -32003.637914 10.736230
300.000000 0.408000 0.408000 0.408000 0.000000 0.000000 0.000000 -32054.718450 -1.597698
300.000000 0.410000 0.410000 0.410000 0.000000 0.000000 0.000000 -31868.155895 5.656191
300.000000 0.412000 0.412000 0.412000 0.000000 0.000000 0.000000 -32007.194415 0.486916
300.000000 0.414000 0.414000 0.414000 0.000000 0.000000 0.000000 -31976.432874 1.579502
300.000000 0.416000 0.416000 0.416000 0.000000 0.000000 0.000000 -31898.553546 -5.791533
300.000000 0.418000 0.418000 0.418000 0.000000 0.000000 0.000000 -31808.724795 0.685741
300.000000 0.420000 0.420000 0.420000 0.000000 0.000000 0.000000 -31932.865451 9.533013
300.000000 0.422000 0.422000 0.422000 0.000000 0.000000 0.000000 -32026.267395 7.519473
300.000000 0.424000 0.424000 0.424000 0.000000 0.000000 0.000000 -31992.477607 5.768782
300.000000 0.426000 0.426000 0.426000 0.000000 0.000000 0.000000 -31855.202587 -3.055672
300.000000 0.428000 0.428000 0.428000 0.000000 0.000000 0.000000 -31791.086786 5.478911
300.000000 0.430000 0.430000 0.430000 0.000000 0.000000 0.000000 -32087.355556 0.877436
300.000000 0.432000 0.432000 0.432000 0.000000 0.000000 0.000000 -32002.457569 -2.828989
300.000000 0.434000 0.434000 0.434000 0.000000 0.000000 0.000000 -31929.357231 4.574347
300.000000 0.436000 0.436000 0.436000 0.000000 0.000000 0.000000 -31934.127226 -2.816460
300.000000 0.438000 0.438000 0.438000 0.000000 0.000000 0.000000 -31846.923855 3.368811
300.000000 0.440000 0.440000 0.440000 0.000000 0.000000 0.000000 -31774.600507 -2.392934
300.000000 0.442000 0.442000 0.442000 0.000000 0.000000 0.000000 -31766.957512 1.190486
300.000000 0.444000 0.444000 0.444000 0.000000 0.000000 0.000000 -31831.433033 -10.183256
300.000000 0.446000 0.446000 0.446000 0.000000 0.000000 0.000000 -31841.958147 3.786766
300.000000 0.448000 0.448000 0.448000 0.000000 0.000000 0.000000 -31880.041722 1.457641
300.000000 0.450000 0.450000 0.450000 0.000000 0.000000 0.000000 -31977.020889 -0.332751
300.000000 0.452000 0.452000 0.452000 0.000000 0.000000 0.000000 -31929.979727 4.308578
300.000000 0.454000 0.454000 0.454000 0.000000 0.000000 0.000000 -31853.767700 0.981903
300.000000 0.456000 0.456000 0.456000 0.000000 0.000000 0.000000 -31909.901651 -7.100630
300.000000 0.458000 0.458000 0.458000 0.000000 0.000000 0.000000 -31980.069948 -2.089555
300.000000 0.460000 0.460000 0.460000 0.000000 0.000000 0.000000 -32036.786379 0.019513
300.000000 0.462000 0.462000 0.462000 0.000000 0.000000 0.000000 -32070.224718 10.599612
300.000000 0.464000 0.464000 0.464000 0.000000 0.000000 0.000000 -31955.487879 2.884979
300.000000 0.466000 0.466000 0.466000 0.000000 0.000000 0.000000 -32034.036219 4.536934
300.000000 0.468000 0.468000 0.468000 0.000000 0.000000 0.000000 -31912.101618 1.732058
300.000000 0.470000 0.470000 0.470000 0.000000 0.000000 0.000000 -31918.878025 1.212709
300.000000 0.472000 0.472000 0.472000 0.000000 0.000000 0.000000 -31923.748480 -6.736301
300.000000 0.474000 0.474000 0.474000 0.000000 0.000000 0.000000 -31995.463244 4.107875
300.000000 0.476000 0.476000 0.476000 0.000000 0.000000 0.000000 -31848.160754 5.923853
300.000000 0.478000 0.478000 0.478000 0.000000 0.000000 0.000000 -31906.323827 10.728533
300.000000 0.480000 0.480000 0.480000 0.000000 0.000000 0.000000 -31815.680768 -6.846449
300.000000 0.482000 0.482000 0.482000 0.000000 0.000000 0.000000 -31898.554867 -1.493790
300.000000 0.484000 0.484000 0.484000 0.000000 0.000000 0.000000 -31857.262297 0.898186
300.000000 0.486000 0.486000 0.486000 0.000000 0.000000 0.000000 -31895.883931 10.580800
300.000000 0.488000 0.488000 0.488000 0.000000 0.000000 0.000000 -31839.827679 -4.380814
300.000000 0.490000 0.490000 0.490000 0.000000 0.000000 0.000000 -31801.467800 -0.357460
300.000000 0.492000 0.492000 0.492000 0.000000 0.000000 0.000000 -31861.303206 4.547200
300.000000 0.494000 0.494000 0.494000 0.000000 0.000000 0.000000 -31786.027887 2.004756
300.000000 0.496000 0.496000 0.496000 0.000000 0.000000 0.000000 -31775.769224 1.439401
300.000000 0.498000 0.498000 0.498000 0.000000 0.000000 0.000000 -31811.605032 -1.626143
